status file for recon-all
Mon Mar  9 18:28:01 CET 2026
#@# Tessellate lh Mon Mar  9 18:28:01 CET 2026
#@# Smooth1 lh Mon Mar  9 18:28:04 CET 2026
#@# Inflation1 lh Mon Mar  9 18:28:06 CET 2026
#@# QSphere lh Mon Mar  9 18:28:18 CET 2026
#@# Fix Topology lh Mon Mar  9 18:29:30 CET 2026
#@# Smooth2 lh Mon Mar  9 18:34:32 CET 2026
#@# Inflation2 lh Mon Mar  9 18:34:35 CET 2026
#@# Curv .H and .K lh Mon Mar  9 18:34:48 CET 2026
#@# Sphere lh Mon Mar  9 18:35:29 CET 2026
#@# Surf Reg lh Mon Mar  9 18:38:40 CET 2026
#@# Jacobian white lh Mon Mar  9 18:42:26 CET 2026
#@# AvgCurv lh Mon Mar  9 18:42:27 CET 2026
#@# Cortical Parc lh Mon Mar  9 18:42:28 CET 2026
#@# white curv lh Mon Mar  9 18:47:50 CET 2026
#@# white area lh Mon Mar  9 18:47:51 CET 2026
#@# pial curv lh Mon Mar  9 18:47:52 CET 2026
#@# pial area lh Mon Mar  9 18:47:53 CET 2026
#@# thickness lh Mon Mar  9 18:47:54 CET 2026
#@# area and vertex vol lh Mon Mar  9 18:48:20 CET 2026
#@# Curvature Stats lh Mon Mar  9 18:48:22 CET 2026
#@# Cortical Parc 2 lh Mon Mar  9 18:48:24 CET 2026
#@# Cortical Parc 3 lh Mon Mar  9 18:48:36 CET 2026
#@# WM/GM Contrast lh Mon Mar  9 18:48:45 CET 2026
recon-all -s sub-v1s22x0050531_ses-1 finished without error at Mon Mar  9 18:48:51 CET 2026



#New# invocation of recon-all 



status file for recon-all
Mon Mar  9 19:14:23 CET 2026
#@# white curv lh Mon Mar  9 19:14:23 CET 2026
#@# white area lh Mon Mar  9 19:14:23 CET 2026
#@# pial curv lh Mon Mar  9 19:14:23 CET 2026
#@# pial area lh Mon Mar  9 19:14:23 CET 2026
#@# thickness lh Mon Mar  9 19:14:23 CET 2026
#@# area and vertex vol lh Mon Mar  9 19:14:23 CET 2026
#@# Parcellation Stats lh Mon Mar  9 19:14:23 CET 2026
#@# Parcellation Stats 2 lh Mon Mar  9 19:14:38 CET 2026
#@# Parcellation Stats 3 lh Mon Mar  9 19:14:46 CET 2026
#@# BA_exvivo Labels lh Mon Mar  9 19:14:53 CET 2026
recon-all -s sub-v1s22x0050531_ses-1 finished without error at Mon Mar  9 19:17:11 CET 2026
