status file for recon-all
Thu Mar 12 17:21:45 CET 2026
#@# Tessellate lh Thu Mar 12 17:21:45 CET 2026
#@# Smooth1 lh Thu Mar 12 17:21:48 CET 2026
#@# Inflation1 lh Thu Mar 12 17:21:50 CET 2026
#@# QSphere lh Thu Mar 12 17:22:05 CET 2026
#@# Fix Topology lh Thu Mar 12 17:23:21 CET 2026
#@# Smooth2 lh Thu Mar 12 17:29:18 CET 2026
#@# Inflation2 lh Thu Mar 12 17:29:20 CET 2026
#@# Curv .H and .K lh Thu Mar 12 17:29:36 CET 2026
#@# Sphere lh Thu Mar 12 17:30:15 CET 2026
#@# Surf Reg lh Thu Mar 12 17:32:25 CET 2026
#@# Jacobian white lh Thu Mar 12 17:36:52 CET 2026
#@# AvgCurv lh Thu Mar 12 17:36:53 CET 2026
#@# Cortical Parc lh Thu Mar 12 17:36:54 CET 2026
#@# white curv lh Thu Mar 12 17:43:23 CET 2026
#@# white area lh Thu Mar 12 17:43:24 CET 2026
#@# pial curv lh Thu Mar 12 17:43:25 CET 2026
#@# pial area lh Thu Mar 12 17:43:27 CET 2026
#@# thickness lh Thu Mar 12 17:43:27 CET 2026
#@# area and vertex vol lh Thu Mar 12 17:43:47 CET 2026
#@# Curvature Stats lh Thu Mar 12 17:43:48 CET 2026
#@# Cortical Parc 2 lh Thu Mar 12 17:43:50 CET 2026
#@# Cortical Parc 3 lh Thu Mar 12 17:44:01 CET 2026
#@# WM/GM Contrast lh Thu Mar 12 17:44:09 CET 2026
recon-all -s sub-v1s22x0050442_ses-1 finished without error at Thu Mar 12 17:44:14 CET 2026



#New# invocation of recon-all 



status file for recon-all
Thu Mar 12 18:08:24 CET 2026
#@# white curv lh Thu Mar 12 18:08:24 CET 2026
#@# white area lh Thu Mar 12 18:08:24 CET 2026
#@# pial curv lh Thu Mar 12 18:08:24 CET 2026
#@# pial area lh Thu Mar 12 18:08:24 CET 2026
#@# thickness lh Thu Mar 12 18:08:24 CET 2026
#@# area and vertex vol lh Thu Mar 12 18:08:24 CET 2026
#@# Parcellation Stats lh Thu Mar 12 18:08:24 CET 2026
#@# Parcellation Stats 2 lh Thu Mar 12 18:08:40 CET 2026
#@# Parcellation Stats 3 lh Thu Mar 12 18:08:48 CET 2026
#@# BA_exvivo Labels lh Thu Mar 12 18:08:56 CET 2026
recon-all -s sub-v1s22x0050442_ses-1 finished without error at Thu Mar 12 18:11:06 CET 2026
