status file for recon-all
Thu Mar 12 15:54:59 CET 2026
#@# MotionCor Thu Mar 12 15:55:05 CET 2026
#@# Talairach Thu Mar 12 15:55:13 CET 2026
#@# Talairach Failure Detection Thu Mar 12 15:58:03 CET 2026
#@# Nu Intensity Correction Thu Mar 12 15:58:03 CET 2026
#@# Intensity Normalization Thu Mar 12 16:00:49 CET 2026
recon-all -s sub-v1s22x0050442_ses-1 finished without error at Thu Mar 12 16:01:54 CET 2026



#New# invocation of recon-all 



status file for recon-all
Thu Mar 12 16:11:16 CET 2026
#@# EM Registration Thu Mar 12 16:11:16 CET 2026
recon-all -s sub-v1s22x0050442_ses-1 finished without error at Thu Mar 12 16:13:26 CET 2026



#New# invocation of recon-all 



status file for recon-all
Thu Mar 12 16:13:30 CET 2026
#@# CA Normalize Thu Mar 12 16:13:30 CET 2026
#@# CA Reg Thu Mar 12 16:14:24 CET 2026
#@# SubCort Seg Thu Mar 12 16:56:34 CET 2026
#@# CC Seg Thu Mar 12 17:17:30 CET 2026
#@# Merge ASeg Thu Mar 12 17:17:54 CET 2026
#@# Intensity Normalization2 Thu Mar 12 17:17:54 CET 2026
#@# Mask BFS Thu Mar 12 17:19:27 CET 2026
#@# WM Segmentation Thu Mar 12 17:19:28 CET 2026
#@# Fill Thu Mar 12 17:21:02 CET 2026
recon-all -s sub-v1s22x0050442_ses-1 finished without error at Thu Mar 12 17:21:40 CET 2026



#New# invocation of recon-all 



status file for recon-all
Thu Mar 12 18:03:34 CET 2026
#@# white curv lh Thu Mar 12 18:03:34 CET 2026
#@# white area lh Thu Mar 12 18:03:34 CET 2026
#@# pial curv lh Thu Mar 12 18:03:34 CET 2026
#@# pial area lh Thu Mar 12 18:03:34 CET 2026
#@# thickness lh Thu Mar 12 18:03:34 CET 2026
#@# area and vertex vol lh Thu Mar 12 18:03:34 CET 2026
#@# white curv rh Thu Mar 12 18:03:34 CET 2026
#@# white area rh Thu Mar 12 18:03:34 CET 2026
#@# pial curv rh Thu Mar 12 18:03:34 CET 2026
#@# pial area rh Thu Mar 12 18:03:34 CET 2026
#@# thickness rh Thu Mar 12 18:03:34 CET 2026
#@# area and vertex vol rh Thu Mar 12 18:03:34 CET 2026
#@# Cortical ribbon mask Thu Mar 12 18:03:34 CET 2026
recon-all -s sub-v1s22x0050442_ses-1 finished without error at Thu Mar 12 18:08:20 CET 2026



#New# invocation of recon-all 



status file for recon-all
Thu Mar 12 18:14:00 CET 2026
#@# white curv lh Thu Mar 12 18:14:00 CET 2026
#@# white area lh Thu Mar 12 18:14:00 CET 2026
#@# pial curv lh Thu Mar 12 18:14:00 CET 2026
#@# pial area lh Thu Mar 12 18:14:00 CET 2026
#@# thickness lh Thu Mar 12 18:14:00 CET 2026
#@# area and vertex vol lh Thu Mar 12 18:14:00 CET 2026
#@# white curv rh Thu Mar 12 18:14:00 CET 2026
#@# white area rh Thu Mar 12 18:14:00 CET 2026
#@# pial curv rh Thu Mar 12 18:14:00 CET 2026
#@# pial area rh Thu Mar 12 18:14:00 CET 2026
#@# thickness rh Thu Mar 12 18:14:00 CET 2026
#@# area and vertex vol rh Thu Mar 12 18:14:00 CET 2026
#@# Curvature Stats lh Thu Mar 12 18:14:00 CET 2026
#@# Curvature Stats rh Thu Mar 12 18:14:02 CET 2026
#@# Relabel Hypointensities Thu Mar 12 18:14:04 CET 2026
#@# APas-to-ASeg Thu Mar 12 18:14:16 CET 2026
#@# AParc-to-ASeg aparc Thu Mar 12 18:14:23 CET 2026
#@# AParc-to-ASeg aparc.a2009s Thu Mar 12 18:14:42 CET 2026
#@# AParc-to-ASeg aparc.DKTatlas Thu Mar 12 18:15:00 CET 2026
#@# WMParc Thu Mar 12 18:15:22 CET 2026
#@# ASeg Stats Thu Mar 12 18:17:20 CET 2026
recon-all -s sub-v1s22x0050442_ses-1 finished without error at Thu Mar 12 18:17:40 CET 2026
