status file for recon-all
Mon Mar  9 13:36:53 CET 2026
#@# MotionCor Mon Mar  9 13:37:00 CET 2026
#@# Talairach Mon Mar  9 13:37:21 CET 2026
#@# Talairach Failure Detection Mon Mar  9 13:41:55 CET 2026
#@# Nu Intensity Correction Mon Mar  9 13:41:55 CET 2026
#@# Intensity Normalization Mon Mar  9 13:45:13 CET 2026
recon-all -s sub-v1s22x0050473_ses-1 finished without error at Mon Mar  9 13:46:52 CET 2026



#New# invocation of recon-all 



status file for recon-all
Mon Mar  9 13:58:47 CET 2026
#@# EM Registration Mon Mar  9 13:58:47 CET 2026
recon-all -s sub-v1s22x0050473_ses-1 finished without error at Mon Mar  9 14:00:47 CET 2026



#New# invocation of recon-all 



status file for recon-all
Mon Mar  9 14:00:49 CET 2026
#@# CA Normalize Mon Mar  9 14:00:49 CET 2026
#@# CA Reg Mon Mar  9 14:02:12 CET 2026
#@# SubCort Seg Mon Mar  9 14:54:32 CET 2026
#@# CC Seg Mon Mar  9 15:27:34 CET 2026
#@# Merge ASeg Mon Mar  9 15:28:06 CET 2026
#@# Intensity Normalization2 Mon Mar  9 15:28:06 CET 2026
#@# Mask BFS Mon Mar  9 15:30:32 CET 2026
#@# WM Segmentation Mon Mar  9 15:30:33 CET 2026
#@# Fill Mon Mar  9 15:32:30 CET 2026
recon-all -s sub-v1s22x0050473_ses-1 finished without error at Mon Mar  9 15:33:36 CET 2026



#New# invocation of recon-all 



status file for recon-all
Mon Mar  9 16:35:25 CET 2026
#@# white curv lh Mon Mar  9 16:35:25 CET 2026
#@# white area lh Mon Mar  9 16:35:25 CET 2026
#@# pial curv lh Mon Mar  9 16:35:25 CET 2026
#@# pial area lh Mon Mar  9 16:35:25 CET 2026
#@# thickness lh Mon Mar  9 16:35:25 CET 2026
#@# area and vertex vol lh Mon Mar  9 16:35:25 CET 2026
#@# white curv rh Mon Mar  9 16:35:25 CET 2026
#@# white area rh Mon Mar  9 16:35:25 CET 2026
#@# pial curv rh Mon Mar  9 16:35:25 CET 2026
#@# pial area rh Mon Mar  9 16:35:25 CET 2026
#@# thickness rh Mon Mar  9 16:35:25 CET 2026
#@# area and vertex vol rh Mon Mar  9 16:35:25 CET 2026
#@# Cortical ribbon mask Mon Mar  9 16:35:25 CET 2026
recon-all -s sub-v1s22x0050473_ses-1 finished without error at Mon Mar  9 16:41:20 CET 2026



#New# invocation of recon-all 



status file for recon-all
Mon Mar  9 16:49:27 CET 2026
#@# white curv lh Mon Mar  9 16:49:27 CET 2026
#@# white area lh Mon Mar  9 16:49:27 CET 2026
#@# pial curv lh Mon Mar  9 16:49:27 CET 2026
#@# pial area lh Mon Mar  9 16:49:27 CET 2026
#@# thickness lh Mon Mar  9 16:49:27 CET 2026
#@# area and vertex vol lh Mon Mar  9 16:49:27 CET 2026
#@# white curv rh Mon Mar  9 16:49:27 CET 2026
#@# white area rh Mon Mar  9 16:49:27 CET 2026
#@# pial curv rh Mon Mar  9 16:49:27 CET 2026
#@# pial area rh Mon Mar  9 16:49:27 CET 2026
#@# thickness rh Mon Mar  9 16:49:27 CET 2026
#@# area and vertex vol rh Mon Mar  9 16:49:27 CET 2026
#@# Curvature Stats lh Mon Mar  9 16:49:27 CET 2026
#@# Curvature Stats rh Mon Mar  9 16:49:30 CET 2026
#@# Relabel Hypointensities Mon Mar  9 16:49:33 CET 2026
#@# APas-to-ASeg Mon Mar  9 16:49:50 CET 2026
#@# AParc-to-ASeg aparc Mon Mar  9 16:50:00 CET 2026
#@# AParc-to-ASeg aparc.a2009s Mon Mar  9 16:50:30 CET 2026
#@# AParc-to-ASeg aparc.DKTatlas Mon Mar  9 16:51:00 CET 2026
#@# WMParc Mon Mar  9 16:51:30 CET 2026
#@# ASeg Stats Mon Mar  9 16:55:47 CET 2026
recon-all -s sub-v1s22x0050473_ses-1 finished without error at Mon Mar  9 16:56:30 CET 2026
