status file for recon-all
Mon Mar  9 11:56:25 CET 2026
#@# MotionCor Mon Mar  9 11:56:30 CET 2026
#@# Talairach Mon Mar  9 11:56:39 CET 2026
#@# Talairach Failure Detection Mon Mar  9 11:59:29 CET 2026
#@# Nu Intensity Correction Mon Mar  9 11:59:29 CET 2026
#@# Intensity Normalization Mon Mar  9 12:02:16 CET 2026
recon-all -s sub-v1s22x0050439_ses-1 finished without error at Mon Mar  9 12:03:16 CET 2026



#New# invocation of recon-all 



status file for recon-all
Mon Mar  9 12:12:24 CET 2026
#@# EM Registration Mon Mar  9 12:12:24 CET 2026
recon-all -s sub-v1s22x0050439_ses-1 finished without error at Mon Mar  9 12:13:29 CET 2026



#New# invocation of recon-all 



status file for recon-all
Mon Mar  9 12:13:31 CET 2026
#@# CA Normalize Mon Mar  9 12:13:31 CET 2026
#@# CA Reg Mon Mar  9 12:14:24 CET 2026
#@# SubCort Seg Mon Mar  9 12:47:39 CET 2026
#@# CC Seg Mon Mar  9 13:09:20 CET 2026
#@# Merge ASeg Mon Mar  9 13:09:39 CET 2026
#@# Intensity Normalization2 Mon Mar  9 13:09:39 CET 2026
#@# Mask BFS Mon Mar  9 13:11:03 CET 2026
#@# WM Segmentation Mon Mar  9 13:11:04 CET 2026
#@# Fill Mon Mar  9 13:12:35 CET 2026
recon-all -s sub-v1s22x0050439_ses-1 finished without error at Mon Mar  9 13:13:13 CET 2026



#New# invocation of recon-all 



status file for recon-all
Mon Mar  9 13:49:17 CET 2026
#@# white curv lh Mon Mar  9 13:49:17 CET 2026
#@# white area lh Mon Mar  9 13:49:17 CET 2026
#@# pial curv lh Mon Mar  9 13:49:17 CET 2026
#@# pial area lh Mon Mar  9 13:49:17 CET 2026
#@# thickness lh Mon Mar  9 13:49:17 CET 2026
#@# area and vertex vol lh Mon Mar  9 13:49:17 CET 2026
#@# white curv rh Mon Mar  9 13:49:17 CET 2026
#@# white area rh Mon Mar  9 13:49:17 CET 2026
#@# pial curv rh Mon Mar  9 13:49:17 CET 2026
#@# pial area rh Mon Mar  9 13:49:17 CET 2026
#@# thickness rh Mon Mar  9 13:49:17 CET 2026
#@# area and vertex vol rh Mon Mar  9 13:49:17 CET 2026
#@# Cortical ribbon mask Mon Mar  9 13:49:17 CET 2026
recon-all -s sub-v1s22x0050439_ses-1 finished without error at Mon Mar  9 13:55:09 CET 2026



#New# invocation of recon-all 



status file for recon-all
Mon Mar  9 14:00:25 CET 2026
#@# white curv lh Mon Mar  9 14:00:25 CET 2026
#@# white area lh Mon Mar  9 14:00:25 CET 2026
#@# pial curv lh Mon Mar  9 14:00:25 CET 2026
#@# pial area lh Mon Mar  9 14:00:25 CET 2026
#@# thickness lh Mon Mar  9 14:00:25 CET 2026
#@# area and vertex vol lh Mon Mar  9 14:00:25 CET 2026
#@# white curv rh Mon Mar  9 14:00:25 CET 2026
#@# white area rh Mon Mar  9 14:00:25 CET 2026
#@# pial curv rh Mon Mar  9 14:00:25 CET 2026
#@# pial area rh Mon Mar  9 14:00:25 CET 2026
#@# thickness rh Mon Mar  9 14:00:25 CET 2026
#@# area and vertex vol rh Mon Mar  9 14:00:25 CET 2026
#@# Curvature Stats lh Mon Mar  9 14:00:25 CET 2026
#@# Curvature Stats rh Mon Mar  9 14:00:27 CET 2026
#@# Relabel Hypointensities Mon Mar  9 14:00:29 CET 2026
#@# APas-to-ASeg Mon Mar  9 14:00:39 CET 2026
#@# AParc-to-ASeg aparc Mon Mar  9 14:00:45 CET 2026
#@# AParc-to-ASeg aparc.a2009s Mon Mar  9 14:01:07 CET 2026
#@# AParc-to-ASeg aparc.DKTatlas Mon Mar  9 14:01:29 CET 2026
#@# WMParc Mon Mar  9 14:01:50 CET 2026
#@# ASeg Stats Mon Mar  9 14:03:45 CET 2026
recon-all -s sub-v1s22x0050439_ses-1 finished without error at Mon Mar  9 14:04:03 CET 2026
