status file for recon-all
Mon Mar  9 17:07:20 CET 2026
#@# Tessellate lh Mon Mar  9 17:07:20 CET 2026
#@# Smooth1 lh Mon Mar  9 17:07:22 CET 2026
#@# Inflation1 lh Mon Mar  9 17:07:24 CET 2026
#@# QSphere lh Mon Mar  9 17:07:33 CET 2026
#@# Fix Topology lh Mon Mar  9 17:08:19 CET 2026
#@# Smooth2 lh Mon Mar  9 17:12:54 CET 2026
#@# Inflation2 lh Mon Mar  9 17:12:56 CET 2026
#@# Curv .H and .K lh Mon Mar  9 17:13:05 CET 2026
#@# Sphere lh Mon Mar  9 17:13:46 CET 2026
#@# Surf Reg lh Mon Mar  9 17:15:16 CET 2026
#@# Jacobian white lh Mon Mar  9 17:18:10 CET 2026
#@# AvgCurv lh Mon Mar  9 17:18:10 CET 2026
#@# Cortical Parc lh Mon Mar  9 17:18:11 CET 2026
#@# white curv lh Mon Mar  9 17:24:00 CET 2026
#@# white area lh Mon Mar  9 17:24:01 CET 2026
#@# pial curv lh Mon Mar  9 17:24:01 CET 2026
#@# pial area lh Mon Mar  9 17:24:03 CET 2026
#@# thickness lh Mon Mar  9 17:24:03 CET 2026
#@# area and vertex vol lh Mon Mar  9 17:24:24 CET 2026
#@# Curvature Stats lh Mon Mar  9 17:24:25 CET 2026
#@# Cortical Parc 2 lh Mon Mar  9 17:24:27 CET 2026
#@# Cortical Parc 3 lh Mon Mar  9 17:24:38 CET 2026
#@# WM/GM Contrast lh Mon Mar  9 17:24:46 CET 2026
recon-all -s sub-v1s22x0050505_ses-1 finished without error at Mon Mar  9 17:24:50 CET 2026



#New# invocation of recon-all 



status file for recon-all
Mon Mar  9 17:47:35 CET 2026
#@# white curv lh Mon Mar  9 17:47:35 CET 2026
#@# white area lh Mon Mar  9 17:47:35 CET 2026
#@# pial curv lh Mon Mar  9 17:47:35 CET 2026
#@# pial area lh Mon Mar  9 17:47:35 CET 2026
#@# thickness lh Mon Mar  9 17:47:35 CET 2026
#@# area and vertex vol lh Mon Mar  9 17:47:35 CET 2026
#@# Parcellation Stats lh Mon Mar  9 17:47:35 CET 2026
#@# Parcellation Stats 2 lh Mon Mar  9 17:47:52 CET 2026
#@# Parcellation Stats 3 lh Mon Mar  9 17:48:01 CET 2026
#@# BA_exvivo Labels lh Mon Mar  9 17:48:09 CET 2026
recon-all -s sub-v1s22x0050505_ses-1 finished without error at Mon Mar  9 17:50:10 CET 2026
