status file for recon-all
Mon Mar  9 15:51:20 CET 2026
#@# MotionCor Mon Mar  9 15:51:26 CET 2026
#@# Talairach Mon Mar  9 15:51:35 CET 2026
#@# Talairach Failure Detection Mon Mar  9 15:54:24 CET 2026
#@# Nu Intensity Correction Mon Mar  9 15:54:24 CET 2026
#@# Intensity Normalization Mon Mar  9 15:57:09 CET 2026
recon-all -s sub-v1s22x0050505_ses-1 finished without error at Mon Mar  9 15:58:12 CET 2026



#New# invocation of recon-all 



status file for recon-all
Mon Mar  9 16:07:14 CET 2026
#@# EM Registration Mon Mar  9 16:07:14 CET 2026
recon-all -s sub-v1s22x0050505_ses-1 finished without error at Mon Mar  9 16:08:24 CET 2026



#New# invocation of recon-all 



status file for recon-all
Mon Mar  9 16:08:28 CET 2026
#@# CA Normalize Mon Mar  9 16:08:28 CET 2026
#@# CA Reg Mon Mar  9 16:09:21 CET 2026
#@# SubCort Seg Mon Mar  9 16:40:28 CET 2026
#@# CC Seg Mon Mar  9 17:03:08 CET 2026
#@# Merge ASeg Mon Mar  9 17:03:32 CET 2026
#@# Intensity Normalization2 Mon Mar  9 17:03:32 CET 2026
#@# Mask BFS Mon Mar  9 17:04:59 CET 2026
#@# WM Segmentation Mon Mar  9 17:05:00 CET 2026
#@# Fill Mon Mar  9 17:06:37 CET 2026
recon-all -s sub-v1s22x0050505_ses-1 finished without error at Mon Mar  9 17:07:15 CET 2026



#New# invocation of recon-all 



status file for recon-all
Mon Mar  9 17:42:47 CET 2026
#@# white curv lh Mon Mar  9 17:42:47 CET 2026
#@# white area lh Mon Mar  9 17:42:47 CET 2026
#@# pial curv lh Mon Mar  9 17:42:47 CET 2026
#@# pial area lh Mon Mar  9 17:42:47 CET 2026
#@# thickness lh Mon Mar  9 17:42:47 CET 2026
#@# area and vertex vol lh Mon Mar  9 17:42:47 CET 2026
#@# white curv rh Mon Mar  9 17:42:47 CET 2026
#@# white area rh Mon Mar  9 17:42:47 CET 2026
#@# pial curv rh Mon Mar  9 17:42:47 CET 2026
#@# pial area rh Mon Mar  9 17:42:47 CET 2026
#@# thickness rh Mon Mar  9 17:42:47 CET 2026
#@# area and vertex vol rh Mon Mar  9 17:42:47 CET 2026
#@# Cortical ribbon mask Mon Mar  9 17:42:47 CET 2026
recon-all -s sub-v1s22x0050505_ses-1 finished without error at Mon Mar  9 17:47:31 CET 2026



#New# invocation of recon-all 



status file for recon-all
Mon Mar  9 17:52:53 CET 2026
#@# white curv lh Mon Mar  9 17:52:53 CET 2026
#@# white area lh Mon Mar  9 17:52:53 CET 2026
#@# pial curv lh Mon Mar  9 17:52:53 CET 2026
#@# pial area lh Mon Mar  9 17:52:53 CET 2026
#@# thickness lh Mon Mar  9 17:52:53 CET 2026
#@# area and vertex vol lh Mon Mar  9 17:52:53 CET 2026
#@# white curv rh Mon Mar  9 17:52:53 CET 2026
#@# white area rh Mon Mar  9 17:52:53 CET 2026
#@# pial curv rh Mon Mar  9 17:52:53 CET 2026
#@# pial area rh Mon Mar  9 17:52:53 CET 2026
#@# thickness rh Mon Mar  9 17:52:53 CET 2026
#@# area and vertex vol rh Mon Mar  9 17:52:53 CET 2026
#@# Curvature Stats lh Mon Mar  9 17:52:53 CET 2026
#@# Curvature Stats rh Mon Mar  9 17:52:55 CET 2026
#@# Relabel Hypointensities Mon Mar  9 17:52:57 CET 2026
#@# APas-to-ASeg Mon Mar  9 17:53:08 CET 2026
#@# AParc-to-ASeg aparc Mon Mar  9 17:53:14 CET 2026
#@# AParc-to-ASeg aparc.a2009s Mon Mar  9 17:53:33 CET 2026
#@# AParc-to-ASeg aparc.DKTatlas Mon Mar  9 17:53:52 CET 2026
#@# WMParc Mon Mar  9 17:54:13 CET 2026
#@# ASeg Stats Mon Mar  9 17:56:02 CET 2026
recon-all -s sub-v1s22x0050505_ses-1 finished without error at Mon Mar  9 17:56:20 CET 2026
