status file for recon-all
Mon Mar  9 18:15:56 CET 2026
#@# Tessellate rh Mon Mar  9 18:15:56 CET 2026
#@# Smooth1 rh Mon Mar  9 18:15:59 CET 2026
#@# Inflation1 rh Mon Mar  9 18:16:01 CET 2026
#@# QSphere rh Mon Mar  9 18:16:12 CET 2026
#@# Fix Topology rh Mon Mar  9 18:17:15 CET 2026
#@# Smooth2 rh Mon Mar  9 18:22:01 CET 2026
#@# Inflation2 rh Mon Mar  9 18:22:04 CET 2026
#@# Curv .H and .K rh Mon Mar  9 18:22:15 CET 2026
#@# Sphere rh Mon Mar  9 18:23:02 CET 2026
#@# Surf Reg rh Mon Mar  9 18:24:43 CET 2026
#@# Jacobian white rh Mon Mar  9 18:28:03 CET 2026
#@# AvgCurv rh Mon Mar  9 18:28:04 CET 2026
#@# Cortical Parc rh Mon Mar  9 18:28:04 CET 2026
#@# white curv rh Mon Mar  9 18:34:17 CET 2026
#@# white area rh Mon Mar  9 18:34:19 CET 2026
#@# pial curv rh Mon Mar  9 18:34:19 CET 2026
#@# pial area rh Mon Mar  9 18:34:21 CET 2026
#@# thickness rh Mon Mar  9 18:34:21 CET 2026
#@# area and vertex vol rh Mon Mar  9 18:34:52 CET 2026
#@# Curvature Stats rh Mon Mar  9 18:34:54 CET 2026
#@# Cortical Parc 2 rh Mon Mar  9 18:34:56 CET 2026
#@# Cortical Parc 3 rh Mon Mar  9 18:35:09 CET 2026
#@# WM/GM Contrast rh Mon Mar  9 18:35:19 CET 2026
recon-all -s sub-v1s22x0050520_ses-1 finished without error at Mon Mar  9 18:35:23 CET 2026



#New# invocation of recon-all 



status file for recon-all
Mon Mar  9 18:43:29 CET 2026
#@# white curv rh Mon Mar  9 18:43:29 CET 2026
#@# white area rh Mon Mar  9 18:43:29 CET 2026
#@# pial curv rh Mon Mar  9 18:43:29 CET 2026
#@# pial area rh Mon Mar  9 18:43:29 CET 2026
#@# thickness rh Mon Mar  9 18:43:29 CET 2026
#@# area and vertex vol rh Mon Mar  9 18:43:29 CET 2026
#@# Parcellation Stats rh Mon Mar  9 18:43:29 CET 2026
#@# Parcellation Stats 2 rh Mon Mar  9 18:43:48 CET 2026
#@# Parcellation Stats 3 rh Mon Mar  9 18:43:58 CET 2026
#@# BA_exvivo Labels rh Mon Mar  9 18:44:07 CET 2026
recon-all -s sub-v1s22x0050520_ses-1 finished without error at Mon Mar  9 18:46:28 CET 2026
