status file for recon-all
Mon Mar  9 17:54:57 CET 2026
#@# Tessellate lh Mon Mar  9 17:54:57 CET 2026
#@# Smooth1 lh Mon Mar  9 17:55:01 CET 2026
#@# Inflation1 lh Mon Mar  9 17:55:03 CET 2026
#@# QSphere lh Mon Mar  9 17:55:13 CET 2026
#@# Fix Topology lh Mon Mar  9 17:56:08 CET 2026
#@# Smooth2 lh Mon Mar  9 18:02:21 CET 2026
#@# Inflation2 lh Mon Mar  9 18:02:23 CET 2026
#@# Curv .H and .K lh Mon Mar  9 18:02:34 CET 2026
#@# Sphere lh Mon Mar  9 18:03:22 CET 2026
#@# Surf Reg lh Mon Mar  9 18:05:46 CET 2026
#@# Jacobian white lh Mon Mar  9 18:09:02 CET 2026
#@# AvgCurv lh Mon Mar  9 18:09:03 CET 2026
#@# Cortical Parc lh Mon Mar  9 18:09:03 CET 2026
#@# white curv lh Mon Mar  9 18:14:48 CET 2026
#@# white area lh Mon Mar  9 18:14:49 CET 2026
#@# pial curv lh Mon Mar  9 18:14:50 CET 2026
#@# pial area lh Mon Mar  9 18:14:52 CET 2026
#@# thickness lh Mon Mar  9 18:14:52 CET 2026
#@# area and vertex vol lh Mon Mar  9 18:15:23 CET 2026
#@# Curvature Stats lh Mon Mar  9 18:15:24 CET 2026
#@# Cortical Parc 2 lh Mon Mar  9 18:15:27 CET 2026
#@# Cortical Parc 3 lh Mon Mar  9 18:15:40 CET 2026
#@# WM/GM Contrast lh Mon Mar  9 18:15:50 CET 2026
recon-all -s sub-v1s22x0050520_ses-1 finished without error at Mon Mar  9 18:15:54 CET 2026



#New# invocation of recon-all 



status file for recon-all
Mon Mar  9 18:40:26 CET 2026
#@# white curv lh Mon Mar  9 18:40:26 CET 2026
#@# white area lh Mon Mar  9 18:40:26 CET 2026
#@# pial curv lh Mon Mar  9 18:40:26 CET 2026
#@# pial area lh Mon Mar  9 18:40:26 CET 2026
#@# thickness lh Mon Mar  9 18:40:26 CET 2026
#@# area and vertex vol lh Mon Mar  9 18:40:26 CET 2026
#@# Parcellation Stats lh Mon Mar  9 18:40:26 CET 2026
#@# Parcellation Stats 2 lh Mon Mar  9 18:40:45 CET 2026
#@# Parcellation Stats 3 lh Mon Mar  9 18:40:55 CET 2026
#@# BA_exvivo Labels lh Mon Mar  9 18:41:04 CET 2026
recon-all -s sub-v1s22x0050520_ses-1 finished without error at Mon Mar  9 18:43:26 CET 2026
