status file for recon-all
Mon Mar  9 15:58:29 CET 2026
#@# MotionCor Mon Mar  9 15:58:36 CET 2026
#@# Talairach Mon Mar  9 15:58:55 CET 2026
#@# Talairach Failure Detection Mon Mar  9 16:03:18 CET 2026
#@# Nu Intensity Correction Mon Mar  9 16:03:19 CET 2026
#@# Intensity Normalization Mon Mar  9 16:06:35 CET 2026
recon-all -s sub-v1s22x0050511_ses-1 finished without error at Mon Mar  9 16:08:04 CET 2026



#New# invocation of recon-all 



status file for recon-all
Mon Mar  9 16:19:24 CET 2026
#@# EM Registration Mon Mar  9 16:19:24 CET 2026
recon-all -s sub-v1s22x0050511_ses-1 finished without error at Mon Mar  9 16:20:45 CET 2026



#New# invocation of recon-all 



status file for recon-all
Mon Mar  9 16:20:48 CET 2026
#@# CA Normalize Mon Mar  9 16:20:48 CET 2026
#@# CA Reg Mon Mar  9 16:22:10 CET 2026
#@# SubCort Seg Mon Mar  9 17:00:35 CET 2026
#@# CC Seg Mon Mar  9 17:32:39 CET 2026
#@# Merge ASeg Mon Mar  9 17:33:26 CET 2026
#@# Intensity Normalization2 Mon Mar  9 17:33:26 CET 2026
#@# Mask BFS Mon Mar  9 17:35:43 CET 2026
#@# WM Segmentation Mon Mar  9 17:35:44 CET 2026
#@# Fill Mon Mar  9 17:37:44 CET 2026
recon-all -s sub-v1s22x0050511_ses-1 finished without error at Mon Mar  9 17:38:44 CET 2026



#New# invocation of recon-all 



status file for recon-all
Mon Mar  9 18:27:49 CET 2026
#@# white curv lh Mon Mar  9 18:27:49 CET 2026
#@# white area lh Mon Mar  9 18:27:49 CET 2026
#@# pial curv lh Mon Mar  9 18:27:49 CET 2026
#@# pial area lh Mon Mar  9 18:27:49 CET 2026
#@# thickness lh Mon Mar  9 18:27:49 CET 2026
#@# area and vertex vol lh Mon Mar  9 18:27:49 CET 2026
#@# white curv rh Mon Mar  9 18:27:49 CET 2026
#@# white area rh Mon Mar  9 18:27:49 CET 2026
#@# pial curv rh Mon Mar  9 18:27:49 CET 2026
#@# pial area rh Mon Mar  9 18:27:49 CET 2026
#@# thickness rh Mon Mar  9 18:27:49 CET 2026
#@# area and vertex vol rh Mon Mar  9 18:27:49 CET 2026
#@# Cortical ribbon mask Mon Mar  9 18:27:49 CET 2026
recon-all -s sub-v1s22x0050511_ses-1 finished without error at Mon Mar  9 18:33:07 CET 2026



#New# invocation of recon-all 



status file for recon-all
Mon Mar  9 18:39:59 CET 2026
#@# white curv lh Mon Mar  9 18:39:59 CET 2026
#@# white area lh Mon Mar  9 18:39:59 CET 2026
#@# pial curv lh Mon Mar  9 18:39:59 CET 2026
#@# pial area lh Mon Mar  9 18:39:59 CET 2026
#@# thickness lh Mon Mar  9 18:39:59 CET 2026
#@# area and vertex vol lh Mon Mar  9 18:39:59 CET 2026
#@# white curv rh Mon Mar  9 18:39:59 CET 2026
#@# white area rh Mon Mar  9 18:39:59 CET 2026
#@# pial curv rh Mon Mar  9 18:39:59 CET 2026
#@# pial area rh Mon Mar  9 18:39:59 CET 2026
#@# thickness rh Mon Mar  9 18:39:59 CET 2026
#@# area and vertex vol rh Mon Mar  9 18:39:59 CET 2026
#@# Curvature Stats lh Mon Mar  9 18:39:59 CET 2026
#@# Curvature Stats rh Mon Mar  9 18:40:02 CET 2026
#@# Relabel Hypointensities Mon Mar  9 18:40:04 CET 2026
#@# APas-to-ASeg Mon Mar  9 18:40:20 CET 2026
#@# AParc-to-ASeg aparc Mon Mar  9 18:40:27 CET 2026
#@# AParc-to-ASeg aparc.a2009s Mon Mar  9 18:40:59 CET 2026
#@# AParc-to-ASeg aparc.DKTatlas Mon Mar  9 18:41:29 CET 2026
#@# WMParc Mon Mar  9 18:41:59 CET 2026
#@# ASeg Stats Mon Mar  9 18:45:35 CET 2026
recon-all -s sub-v1s22x0050511_ses-1 finished without error at Mon Mar  9 18:46:07 CET 2026
