status file for recon-all
Mon Mar  9 13:29:49 CET 2026
#@# Tessellate lh Mon Mar  9 13:29:49 CET 2026
#@# Smooth1 lh Mon Mar  9 13:29:51 CET 2026
#@# Inflation1 lh Mon Mar  9 13:29:54 CET 2026
#@# QSphere lh Mon Mar  9 13:30:03 CET 2026
#@# Fix Topology lh Mon Mar  9 13:30:53 CET 2026
#@# Smooth2 lh Mon Mar  9 13:36:39 CET 2026
#@# Inflation2 lh Mon Mar  9 13:36:41 CET 2026
#@# Curv .H and .K lh Mon Mar  9 13:36:51 CET 2026
#@# Sphere lh Mon Mar  9 13:37:36 CET 2026
#@# Surf Reg lh Mon Mar  9 13:39:38 CET 2026
#@# Jacobian white lh Mon Mar  9 13:43:45 CET 2026
#@# AvgCurv lh Mon Mar  9 13:43:46 CET 2026
#@# Cortical Parc lh Mon Mar  9 13:43:46 CET 2026
#@# white curv lh Mon Mar  9 13:50:13 CET 2026
#@# white area lh Mon Mar  9 13:50:14 CET 2026
#@# pial curv lh Mon Mar  9 13:50:15 CET 2026
#@# pial area lh Mon Mar  9 13:50:16 CET 2026
#@# thickness lh Mon Mar  9 13:50:17 CET 2026
#@# area and vertex vol lh Mon Mar  9 13:50:40 CET 2026
#@# Curvature Stats lh Mon Mar  9 13:50:41 CET 2026
#@# Cortical Parc 2 lh Mon Mar  9 13:50:43 CET 2026
#@# Cortical Parc 3 lh Mon Mar  9 13:50:55 CET 2026
#@# WM/GM Contrast lh Mon Mar  9 13:51:03 CET 2026
recon-all -s sub-v1s22x0050447_ses-1 finished without error at Mon Mar  9 13:51:07 CET 2026



#New# invocation of recon-all 



status file for recon-all
Mon Mar  9 14:16:02 CET 2026
#@# white curv lh Mon Mar  9 14:16:02 CET 2026
#@# white area lh Mon Mar  9 14:16:02 CET 2026
#@# pial curv lh Mon Mar  9 14:16:02 CET 2026
#@# pial area lh Mon Mar  9 14:16:02 CET 2026
#@# thickness lh Mon Mar  9 14:16:02 CET 2026
#@# area and vertex vol lh Mon Mar  9 14:16:02 CET 2026
#@# Parcellation Stats lh Mon Mar  9 14:16:02 CET 2026
#@# Parcellation Stats 2 lh Mon Mar  9 14:16:21 CET 2026
#@# Parcellation Stats 3 lh Mon Mar  9 14:16:31 CET 2026
#@# BA_exvivo Labels lh Mon Mar  9 14:16:41 CET 2026
recon-all -s sub-v1s22x0050447_ses-1 finished without error at Mon Mar  9 14:18:45 CET 2026
