status file for recon-all
Mon Mar  9 17:04:17 CET 2026
#@# Tessellate lh Mon Mar  9 17:04:17 CET 2026
#@# Smooth1 lh Mon Mar  9 17:04:21 CET 2026
#@# Inflation1 lh Mon Mar  9 17:04:23 CET 2026
#@# QSphere lh Mon Mar  9 17:04:33 CET 2026
#@# Fix Topology lh Mon Mar  9 17:05:32 CET 2026
#@# Smooth2 lh Mon Mar  9 17:10:51 CET 2026
#@# Inflation2 lh Mon Mar  9 17:10:54 CET 2026
#@# Curv .H and .K lh Mon Mar  9 17:11:04 CET 2026
#@# Sphere lh Mon Mar  9 17:11:55 CET 2026
#@# Surf Reg lh Mon Mar  9 17:13:47 CET 2026
#@# Jacobian white lh Mon Mar  9 17:16:59 CET 2026
#@# AvgCurv lh Mon Mar  9 17:17:00 CET 2026
#@# Cortical Parc lh Mon Mar  9 17:17:00 CET 2026
#@# white curv lh Mon Mar  9 17:23:16 CET 2026
#@# white area lh Mon Mar  9 17:23:18 CET 2026
#@# pial curv lh Mon Mar  9 17:23:18 CET 2026
#@# pial area lh Mon Mar  9 17:23:20 CET 2026
#@# thickness lh Mon Mar  9 17:23:21 CET 2026
#@# area and vertex vol lh Mon Mar  9 17:23:52 CET 2026
#@# Curvature Stats lh Mon Mar  9 17:23:53 CET 2026
#@# Cortical Parc 2 lh Mon Mar  9 17:23:56 CET 2026
#@# Cortical Parc 3 lh Mon Mar  9 17:24:09 CET 2026
#@# WM/GM Contrast lh Mon Mar  9 17:24:20 CET 2026
recon-all -s sub-v1s22x0050492_ses-1 finished without error at Mon Mar  9 17:24:25 CET 2026



#New# invocation of recon-all 



status file for recon-all
Mon Mar  9 17:49:00 CET 2026
#@# white curv lh Mon Mar  9 17:49:00 CET 2026
#@# white area lh Mon Mar  9 17:49:00 CET 2026
#@# pial curv lh Mon Mar  9 17:49:00 CET 2026
#@# pial area lh Mon Mar  9 17:49:00 CET 2026
#@# thickness lh Mon Mar  9 17:49:00 CET 2026
#@# area and vertex vol lh Mon Mar  9 17:49:00 CET 2026
#@# Parcellation Stats lh Mon Mar  9 17:49:00 CET 2026
#@# Parcellation Stats 2 lh Mon Mar  9 17:49:20 CET 2026
#@# Parcellation Stats 3 lh Mon Mar  9 17:49:31 CET 2026
#@# BA_exvivo Labels lh Mon Mar  9 17:49:40 CET 2026
recon-all -s sub-v1s22x0050492_ses-1 finished without error at Mon Mar  9 17:52:10 CET 2026
