/out/sourcedata/freesurfer/sub-v1s22x0050451_ses-1/mri
/opt/freesurfer/bin/talairach_avi
--i orig_nu.mgz --xfm transforms/talairach.auto.xfm
talairach_avi 7.3.2
Linux dna013 5.14.0-427.37.1.el9_4.x86_64 #1 SMP PREEMPT_DYNAMIC Fri Sep 13 12:41:50 EDT 2024 x86_64 x86_64 x86_64 GNU/Linux
Mon Mar  9 12:20:10 CET 2026
mri_convert orig_nu.mgz talsrcimg.img 
reading from orig_nu.mgz...
TR=0.00, TE=0.00, TI=0.00, flip angle=0.00
i_ras = (-1, 0, 0)
j_ras = (0, 0, -1)
k_ras = (0, 1, 0)
writing to talsrcimg.img...
Analyze Output Matrix
-1.00000   0.00000   0.00000   126.49991;
 0.00000   0.00000   1.00000  -82.16840;
 0.00000  -1.00000   0.00000   114.73341;
 0.00000   0.00000   0.00000   1.00000;
--------------------
INFO: set hdr.hist.orient to -1
mpr2mni305 talsrcimg
Mon Mar  9 12:20:11 CET 2026
/opt/freesurfer/bin/mpr2mni305 talsrcimg
mpr2mni305 7.3.2
target=711-2C_as_mni_average_305

---------------------------------------------------------------------
analyzeto4dfp talsrcimg -O0 -y
---------------------------------------------------------------------

freesurfer ifh2hdr.c
Mon Mar  9 12:20:11 2026
Writing: talsrcimg.4dfp.hdr
freesurfer analyzeto4dfp.c
Reading: talsrcimg.hdr
header size 348 bytes
hdr.dime.datatype	offset=70	value=2
hdr.dime.bitpix		offset=72	value=8
hdr.hist.orient		offset=252	value=-1
dimensionality     4
dimensions       256       256       256         1
Reading: talsrcimg.img
Writing: talsrcimg.4dfp.img
Writing: talsrcimg.4dfp.ifh
ifh2hdr talsrcimg -r0to201
ori=2

---------------------------------------------------------------------
gauss_4dfp talsrcimg 1.1
---------------------------------------------------------------------

freesurfer gauss_4dfp.c
Reading: talsrcimg.4dfp.img
Writing: talsrcimg_g11.4dfp.img
image dimensions 256 256 256 padded to 288 288 288
processing volume 1freesurfer ifh2hdr.c
Mon Mar  9 12:20:13 2026
Writing: talsrcimg_g11.4dfp.hdr

Writing: talsrcimg_g11.4dfp.ifh
including: talsrcimg.4dfp.img.rec in talsrcimg_g11.4dfp.img.rec

---------------------------------------------------------------------
imgreg_4dfp /opt/freesurfer/average/711-2C_as_mni_average_305 none talsrcimg_g11 none talsrcimg_to_711-2C_as_mni_average_305_t4 4355
---------------------------------------------------------------------

freesurfer imgreg_4dfp.c
/opt/freesurfer/average/711-2C_as_mni_average_305.4dfp.img
       256       256       256         1
  1.000000  1.000000  1.000000
orientation T byte_order littleendian
Reading image: /opt/freesurfer/average/711-2C_as_mni_average_305.4dfp.img
dimensions:      256       256       256
mmppix:       1.0000   -1.0000   -1.0000
center:     128.0000 -129.0000 -129.0000
talsrcimg_g11.4dfp.img
       256       256       256         1
  1.000000  1.000000  1.000000
orientation T byte_order littleendian
Reading image: talsrcimg_g11.4dfp.img
dimensions:      256       256       256
mmppix:       1.0000   -1.0000   -1.0000
center:     128.0000 -129.0000 -129.0000
t4_read: open error in t4_sub.f l:  41 t4_file(1:l)talsrcimg_to_711-2C_as_mni_average_305_t4 
t4_read: transform initialized to I4
rotation matrix determinant  1.000000
image alignment mode   4355 decimal     1103 hex
   -7.5000  -45.0000  -45.0000 6208.0107   20.8259
    0.0000  -45.0000  -45.0000 6501.3276   20.8473
    7.5000  -45.0000  -45.0000 6267.3545   20.8377
   -7.5000  -37.5000  -45.0000 6760.9219   20.2084
    0.0000  -37.5000  -45.0000 7105.6899   20.2164
    7.5000  -37.5000  -45.0000 6816.0762   20.2086
   -7.5000  -30.0000  -45.0000 7670.0547   19.8319
    0.0000  -30.0000  -45.0000 8074.2144   19.8345
    7.5000  -30.0000  -45.0000 7719.9038   19.8185
   -7.5000  -22.5000  -45.0000 8666.0225   19.7123
    0.0000  -22.5000  -45.0000 9127.9053   19.7203
    7.5000  -22.5000  -45.0000 8710.5459   19.6933
   -7.5000  -15.0000  -45.0000 9680.3594   19.6809
    0.0000  -15.0000  -45.000010182.4170   19.6983
    7.5000  -15.0000  -45.0000 9718.3154   19.6689
   -7.5000   -7.5000  -45.000010666.8643   19.6737
    0.0000   -7.5000  -45.000011191.3438   19.6968
    7.5000   -7.5000  -45.000010698.6123   19.6759
   -7.5000    0.0000  -45.000011482.1641   19.6811
    0.0000    0.0000  -45.000012028.0410   19.7002
    7.5000    0.0000  -45.000011511.0850   19.6899
   -7.5000    7.5000  -45.000011400.4277   19.6972
    0.0000    7.5000  -45.000011949.6758   19.7050
    7.5000    7.5000  -45.000011424.4922   19.6966
   -7.5000   15.0000  -45.000011229.4053   19.7080
    0.0000   15.0000  -45.000011745.7861   19.7102
    7.5000   15.0000  -45.000011239.5703   19.6937
   -7.5000   22.5000  -45.000010999.1924   19.6964
    0.0000   22.5000  -45.000011488.5488   19.7042
    7.5000   22.5000  -45.000011007.1172   19.6772
   -7.5000   30.0000  -45.000010730.0459   19.4187
    0.0000   30.0000  -45.000011233.9414   19.4358
    7.5000   30.0000  -45.000010731.4111   19.4068
   -7.5000   37.5000  -45.000010666.7832   19.4115
    0.0000   37.5000  -45.000011170.6475   19.4344
    7.5000   37.5000  -45.000010638.0146   19.4137
   -7.5000   45.0000  -45.000010220.2383   18.9257
    0.0000   45.0000  -45.000010721.2334   18.9441
    7.5000   45.0000  -45.000010177.4600   18.9342
   -7.5000  -45.0000  -37.5000 6548.5928   20.8166
    0.0000  -45.0000  -37.5000 6881.6060   20.8392
    7.5000  -45.0000  -37.5000 6589.6050   20.8227
   -7.5000  -37.5000  -37.5000 7163.6914   20.1984
    0.0000  -37.5000  -37.5000 7529.0093   20.2107
    7.5000  -37.5000  -37.5000 7187.6514   20.1948
   -7.5000  -30.0000  -37.5000 8133.7803   19.8258
    0.0000  -30.0000  -37.5000 8559.6035   19.8344
    7.5000  -30.0000  -37.5000 8164.0459   19.8141
   -7.5000  -22.5000  -37.5000 9189.6357   19.7115
    0.0000  -22.5000  -37.5000 9659.6807   19.7252
    7.5000  -22.5000  -37.5000 9210.8994   19.6984
   -7.5000  -15.0000  -37.500010254.2568   19.6826
    0.0000  -15.0000  -37.500010766.1514   19.7034
    7.5000  -15.0000  -37.500010281.1172   19.6756
   -7.5000   -7.5000  -37.500011317.2842   19.6717
    0.0000   -7.5000  -37.500011850.6602   19.6956
    7.5000   -7.5000  -37.500011316.6650   19.6729
   -7.5000    0.0000  -37.500012179.4668   19.6741
    0.0000    0.0000  -37.500012709.2734   19.6944
    7.5000    0.0000  -37.500012159.9268   19.6772
   -7.5000    7.5000  -37.500012081.4404   19.6890
    0.0000    7.5000  -37.500012619.0283   19.7008
    7.5000    7.5000  -37.500012068.1953   19.6845
   -7.5000   15.0000  -37.500011894.4727   19.7023
    0.0000   15.0000  -37.500012415.2500   19.7105
    7.5000   15.0000  -37.500011860.2607   19.6897
   -7.5000   22.5000  -37.500011626.0068   19.6956
    0.0000   22.5000  -37.500012136.3535   19.7091
    7.5000   22.5000  -37.500011611.4990   19.6823
   -7.5000   30.0000  -37.500011328.6611   19.4203
    0.0000   30.0000  -37.500011840.2822   19.4408
    7.5000   30.0000  -37.500011299.8945   19.4134
   -7.5000   37.5000  -37.500011224.7217   19.4096
    0.0000   37.5000  -37.500011731.9219   19.4332
    7.5000   37.5000  -37.500011179.6680   19.4107
   -7.5000   45.0000  -37.500010736.4619   18.9190
    0.0000   45.0000  -37.500011249.4551   18.9385
    7.5000   45.0000  -37.500010702.4092   18.9220
   -7.5000  -45.0000  -30.0000 7003.8140   21.6883
    0.0000  -45.0000  -30.0000 7361.1489   21.7110
    7.5000  -45.0000  -30.0000 7039.4541   21.6891
   -7.5000  -37.5000  -30.0000 7667.3159   21.0353
    0.0000  -37.5000  -30.0000 8068.2012   21.0484
    7.5000  -37.5000  -30.0000 7700.5239   21.0296
   -7.5000  -30.0000  -30.0000 8715.8086   20.6442
    0.0000  -30.0000  -30.0000 9173.2148   20.6561
    7.5000  -30.0000  -30.0000 8738.8438   20.6350
   -7.5000  -22.5000  -30.0000 9846.1416   20.5328
    0.0000  -22.5000  -30.000010344.1406   20.5513
    7.5000  -22.5000  -30.0000 9863.5098   20.5233
   -7.5000  -15.0000  -30.000010981.2275   20.5127
    0.0000  -15.0000  -30.000011511.0215   20.5376
    7.5000  -15.0000  -30.000010981.9951   20.5064
   -7.5000   -7.5000  -30.000012110.5898   20.5032
    0.0000   -7.5000  -30.000012682.5332   20.5288
    7.5000   -7.5000  -30.000012110.4463   20.5014
   -7.5000    0.0000  -30.000013044.7852   20.5000
    0.0000    0.0000  -30.000013610.5596   20.5202
    7.5000    0.0000  -30.000013019.9395   20.4982
   -7.5000    7.5000  -30.000012931.7021   20.5065
    0.0000    7.5000  -30.000013500.8330   20.5190
    7.5000    7.5000  -30.000012884.8008   20.4998
   -7.5000   15.0000  -30.000012719.1084   20.5162
    0.0000   15.0000  -30.000013272.7627   20.5275
    7.5000   15.0000  -30.000012654.8428   20.5059
   -7.5000   22.5000  -30.000012450.4121   20.5142
    0.0000   22.5000  -30.000013010.1035   20.5325
    7.5000   22.5000  -30.000012391.5371   20.5044
   -7.5000   30.0000  -30.000012127.7920   20.2413
    0.0000   30.0000  -30.000012676.3926   20.2658
    7.5000   30.0000  -30.000012072.7783   20.2351
   -7.5000   37.5000  -30.000011978.8359   20.2319
    0.0000   37.5000  -30.000012525.0186   20.2572
    7.5000   37.5000  -30.000011923.2930   20.2302
   -7.5000   45.0000  -30.000011439.0117   19.7277
    0.0000   45.0000  -30.000011936.6270   19.7472
    7.5000   45.0000  -30.000011369.8418   19.7260
   -7.5000  -45.0000  -22.5000 7462.8501   22.4425
    0.0000  -45.0000  -22.5000 7831.1797   22.4631
    7.5000  -45.0000  -22.5000 7496.2246   22.4436
   -7.5000  -37.5000  -22.5000 8193.6221   21.7583
    0.0000  -37.5000  -22.5000 8601.1455   21.7670
    7.5000  -37.5000  -22.5000 8214.0576   21.7540
   -7.5000  -30.0000  -22.5000 9302.2588   21.3461
    0.0000  -30.0000  -22.5000 9762.6777   21.3541
    7.5000  -30.0000  -22.5000 9321.5723   21.3369
   -7.5000  -22.5000  -22.500010491.0469   21.2325
    0.0000  -22.5000  -22.500010985.4453   21.2495
    7.5000  -22.5000  -22.500010506.9590   21.2197
   -7.5000  -15.0000  -22.500011702.0088   21.2191
    0.0000  -15.0000  -22.500012230.1260   21.2444
    7.5000  -15.0000  -22.500011711.6807   21.2081
   -7.5000   -7.5000  -22.500012920.4561   21.2158
    0.0000   -7.5000  -22.500013517.3838   21.2419
    7.5000   -7.5000  -22.500012921.0137   21.2122
   -7.5000    0.0000  -22.500013941.8896   21.2126
    0.0000    0.0000  -22.500014544.7070   21.2311
    7.5000    0.0000  -22.500013910.9375   21.2119
   -7.5000    7.5000  -22.500013796.2842   21.2111
    0.0000    7.5000  -22.500014399.9512   21.2194
    7.5000    7.5000  -22.500013734.8135   21.2059
   -7.5000   15.0000  -22.500013537.6123   21.2137
    0.0000   15.0000  -22.500014132.0107   21.2211
    7.5000   15.0000  -22.500013448.1455   21.2032
   -7.5000   22.5000  -22.500013270.0225   21.2119
    0.0000   22.5000  -22.500013877.8867   21.2286
    7.5000   22.5000  -22.500013200.2803   21.1987
   -7.5000   30.0000  -22.500012951.3555   20.9415
    0.0000   30.0000  -22.500013540.7051   20.9665
    7.5000   30.0000  -22.500012872.9912   20.9307
   -7.5000   37.5000  -22.500012774.4912   20.9383
    0.0000   37.5000  -22.500013319.1348   20.9641
    7.5000   37.5000  -22.500012676.2979   20.9347
   -7.5000   45.0000  -22.500012155.4961   20.4288
    0.0000   45.0000  -22.500012640.6436   20.4466
    7.5000   45.0000  -22.500012061.7197   20.4281
   -7.5000  -45.0000  -15.0000 7915.4912   22.9957
    0.0000  -45.0000  -15.0000 8301.2578   23.0159
    7.5000  -45.0000  -15.0000 7955.5898   23.0033
   -7.5000  -37.5000  -15.0000 8697.2520   22.2954
    0.0000  -37.5000  -15.0000 9112.7256   22.3000
    7.5000  -37.5000  -15.0000 8710.9219   22.2953
   -7.5000  -30.0000  -15.0000 9870.0312   21.8682
    0.0000  -30.0000  -15.000010326.0186   21.8694
    7.5000  -30.0000  -15.0000 9885.2207   21.8563
   -7.5000  -22.5000  -15.000011128.6328   21.7454
    0.0000  -22.5000  -15.000011633.1328   21.7560
    7.5000  -22.5000  -15.000011136.6914   21.7249
   -7.5000  -15.0000  -15.000012393.2324   21.7284
    0.0000  -15.0000  -15.000012956.3301   21.7503
    7.5000  -15.0000  -15.000012419.4541   21.7113
   -7.5000   -7.5000  -15.000013746.8145   21.7299
    0.0000   -7.5000  -15.000014380.0957   21.7558
    7.5000   -7.5000  -15.000013759.4834   21.7275
   -7.5000    0.0000  -15.000014929.7812   21.7332
    0.0000    0.0000  -15.000015594.7939   21.7513
    7.5000    0.0000  -15.000014873.6094   21.7392
   -7.5000    7.5000  -15.000014795.4541   21.7329
    0.0000    7.5000  -15.000015424.0879   21.7374
    7.5000    7.5000  -15.000014685.4355   21.7319
   -7.5000   15.0000  -15.000014459.8115   21.7321
    0.0000   15.0000  -15.000015093.9180   21.7327
    7.5000   15.0000  -15.000014314.4922   21.7188
   -7.5000   22.5000  -15.000014133.2051   21.7233
    0.0000   22.5000  -15.000014789.9629   21.7336
    7.5000   22.5000  -15.000014011.4307   21.7023
   -7.5000   30.0000  -15.000013754.9287   21.4472
    0.0000   30.0000  -15.000014400.7197   21.4688
    7.5000   30.0000  -15.000013657.6006   21.4303
   -7.5000   37.5000  -15.000013565.3994   21.4486
    0.0000   37.5000  -15.000014124.9863   21.4742
    7.5000   37.5000  -15.000013434.6406   21.4463
   -7.5000   45.0000  -15.000012874.9111   20.9428
    0.0000   45.0000  -15.000013358.4033   20.9603
    7.5000   45.0000  -15.000012727.7900   20.9486
   -7.5000  -45.0000   -7.5000 8338.9199   23.2661
    0.0000  -45.0000   -7.5000 8733.7041   23.2882
    7.5000  -45.0000   -7.5000 8363.2842   23.2799
   -7.5000  -37.5000   -7.5000 9165.7012   22.5673
    0.0000  -37.5000   -7.5000 9607.4775   22.5724
    7.5000  -37.5000   -7.5000 9183.6328   22.5699
   -7.5000  -30.0000   -7.500010417.9648   22.1389
    0.0000  -30.0000   -7.500010899.9424   22.1379
    7.5000  -30.0000   -7.500010425.5244   22.1247
   -7.5000  -22.5000   -7.500011715.8545   22.0069
    0.0000  -22.5000   -7.500012277.5488   22.0136
    7.5000  -22.5000   -7.500011752.0361   21.9827
   -7.5000  -15.0000   -7.500013029.3008   21.9793
    0.0000  -15.0000   -7.500013661.7812   21.9981
    7.5000  -15.0000   -7.500013061.7607   21.9610
   -7.5000   -7.5000   -7.500014504.6758   21.9780
    0.0000   -7.5000   -7.500015216.4922   22.0037
    7.5000   -7.5000   -7.500014513.7188   21.9787
   -7.5000    0.0000   -7.500015978.8457   21.9869
    0.0000    0.0000   -7.500016795.8477   22.0067
    7.5000    0.0000   -7.500015902.0898   21.9982
   -7.5000    7.5000   -7.500015969.4238   21.9964
    0.0000    7.5000   -7.500016849.9961   22.0014
    7.5000    7.5000   -7.500015830.2568   21.9981
   -7.5000   15.0000   -7.500015566.8467   22.0006
    0.0000   15.0000   -7.500016348.1270   21.9992
    7.5000   15.0000   -7.500015379.3301   21.9852
   -7.5000   22.5000   -7.500015123.0908   21.9821
    0.0000   22.5000   -7.500015892.4209   21.9885
    7.5000   22.5000   -7.500014977.1299   21.9575
   -7.5000   30.0000   -7.500014688.8535   21.6942
    0.0000   30.0000   -7.500015440.1318   21.7129
    7.5000   30.0000   -7.500014572.8018   21.6762
   -7.5000   37.5000   -7.500014460.3037   21.6930
    0.0000   37.5000   -7.500015188.5322   21.7183
    7.5000   37.5000   -7.500014356.6064   21.6937
   -7.5000   45.0000   -7.500013688.0732   21.1912
    0.0000   45.0000   -7.500014331.7979   21.2103
    7.5000   45.0000   -7.500013560.7881   21.2021
   -7.5000  -45.0000    0.0000 8665.4668   23.3036
    0.0000  -45.0000    0.0000 9114.4883   23.3275
    7.5000  -45.0000    0.0000 8718.3613   23.3168
   -7.5000  -37.5000    0.0000 9533.7119   22.6126
    0.0000  -37.5000    0.000010013.9727   22.6216
    7.5000  -37.5000    0.0000 9575.1543   22.6129
   -7.5000  -30.0000    0.000010806.1025   22.1913
    0.0000  -30.0000    0.000011344.2520   22.1942
    7.5000  -30.0000    0.000010853.0303   22.1764
   -7.5000  -22.5000    0.000012138.6484   22.0574
    0.0000  -22.5000    0.000012769.9424   22.0664
    7.5000  -22.5000    0.000012204.0117   22.0362
   -7.5000  -15.0000    0.000013480.2812   22.0224
    0.0000  -15.0000    0.000014206.5488   22.0418
    7.5000  -15.0000    0.000013517.2646   22.0089
   -7.5000   -7.5000    0.000015028.2930   22.0142
    0.0000   -7.5000    0.000015943.6797   22.0401
    7.5000   -7.5000    0.000015022.5039   22.0167
   -7.5000    0.0000    0.000016728.1816   22.0225
    0.0000    0.0000    0.000018005.5156   22.0440
    7.5000    0.0000    0.000016605.7266   22.0324
   -7.5000    7.5000    0.000017004.4766   22.0406
    0.0000    7.5000    0.000018230.2344   22.0493
    7.5000    7.5000    0.000016818.1855   22.0399
   -7.5000   15.0000    0.000016507.0312   22.0527
    0.0000   15.0000    0.000017392.4629   22.0551
    7.5000   15.0000    0.000016359.0918   22.0367
   -7.5000   22.5000    0.000015937.7344   22.0326
    0.0000   22.5000    0.000016789.9707   22.0413
    7.5000   22.5000    0.000015870.9268   22.0110
   -7.5000   30.0000    0.000015438.1191   21.7374
    0.0000   30.0000    0.000016367.8965   21.7565
    7.5000   30.0000    0.000015411.2275   21.7240
   -7.5000   37.5000    0.000015196.1641   21.7293
    0.0000   37.5000    0.000016139.3301   21.7549
    7.5000   37.5000    0.000015149.3633   21.7318
   -7.5000   45.0000    0.000014308.0479   21.2272
    0.0000   45.0000    0.000015161.6641   21.2478
    7.5000   45.0000    0.000014202.0010   21.2367
   -7.5000  -45.0000    7.5000 8277.0107   23.2943
    0.0000  -45.0000    7.5000 8762.6113   23.3196
    7.5000  -45.0000    7.5000 8355.6865   23.3011
   -7.5000  -37.5000    7.5000 9141.3428   22.6025
    0.0000  -37.5000    7.5000 9630.0527   22.6163
    7.5000  -37.5000    7.5000 9208.0820   22.5985
   -7.5000  -30.0000    7.500010409.7334   22.1856
    0.0000  -30.0000    7.500010929.8672   22.1952
    7.5000  -30.0000    7.500010481.8564   22.1725
   -7.5000  -22.5000    7.500011687.8984   22.0576
    0.0000  -22.5000    7.500012291.9570   22.0730
    7.5000  -22.5000    7.500011763.5947   22.0431
   -7.5000  -15.0000    7.500012921.8506   22.0254
    0.0000  -15.0000    7.500013631.4795   22.0486
    7.5000  -15.0000    7.500013006.2832   22.0176
   -7.5000   -7.5000    7.500014318.4131   22.0132
    0.0000   -7.5000    7.500015300.6230   22.0399
    7.5000   -7.5000    7.500014360.5615   22.0145
   -7.5000    0.0000    7.500015795.7578   22.0159
    0.0000    0.0000    7.500017288.4863   22.0385
    7.5000    0.0000    7.500015815.0879   22.0193
   -7.5000    7.5000    7.500016054.2080   22.0325
    0.0000    7.5000    7.500017519.2148   22.0457
    7.5000    7.5000    7.500016104.2373   22.0275
   -7.5000   15.0000    7.500015751.6973   22.0474
    0.0000   15.0000    7.500017026.5020   22.0566
    7.5000   15.0000    7.500015841.6465   22.0333
   -7.5000   22.5000    7.500015345.4189   22.0328
    0.0000   22.5000    7.500016586.5234   22.0479
    7.5000   22.5000    7.500015444.1895   22.0179
   -7.5000   30.0000    7.500014888.3574   21.7403
    0.0000   30.0000    7.500016085.0293   21.7633
    7.5000   30.0000    7.500014926.2725   21.7326
   -7.5000   37.5000    7.500014594.4512   21.7283
    0.0000   37.5000    7.500015644.4795   21.7547
    7.5000   37.5000    7.500014563.1748   21.7296
   -7.5000   45.0000    7.500013670.2695   21.2208
    0.0000   45.0000    7.500014512.1670   21.2426
    7.5000   45.0000    7.500013567.5557   21.2241
   -7.5000  -45.0000   15.0000 7819.9805   23.2928
    0.0000  -45.0000   15.0000 8265.2588   23.3172
    7.5000  -45.0000   15.0000 7889.3696   23.2936
   -7.5000  -37.5000   15.0000 8615.8965   22.5913
    0.0000  -37.5000   15.0000 9073.3750   22.6055
    7.5000  -37.5000   15.0000 8675.4014   22.5852
   -7.5000  -30.0000   15.0000 9778.0059   22.1713
    0.0000  -30.0000   15.000010283.5869   22.1841
    7.5000  -30.0000   15.0000 9853.8535   22.1614
   -7.5000  -22.5000   15.000010961.9062   22.0516
    0.0000  -22.5000   15.000011550.4238   22.0716
    7.5000  -22.5000   15.000011077.2168   22.0414
   -7.5000  -15.0000   15.000012138.1094   22.0301
    0.0000  -15.0000   15.000012841.0596   22.0568
    7.5000  -15.0000   15.000012279.6621   22.0233
   -7.5000   -7.5000   15.000013470.6777   22.0198
    0.0000   -7.5000   15.000014445.0615   22.0474
    7.5000   -7.5000   15.000013627.9160   22.0179
   -7.5000    0.0000   15.000014781.7578   22.0165
    0.0000    0.0000   15.000016107.4805   22.0382
    7.5000    0.0000   15.000014973.2559   22.0144
   -7.5000    7.5000   15.000014811.0273   22.0234
    0.0000    7.5000   15.000016064.2061   22.0369
    7.5000    7.5000   15.000014993.6006   22.0161
   -7.5000   15.0000   15.000014555.3887   22.0338
    0.0000   15.0000   15.000015651.9717   22.0460
    7.5000   15.0000   15.000014689.3447   22.0227
   -7.5000   22.5000   15.000014283.5029   22.0268
    0.0000   22.5000   15.000015423.6709   22.0465
    7.5000   22.5000   15.000014368.0820   22.0162
   -7.5000   30.0000   15.000013944.0244   21.7450
    0.0000   30.0000   15.000015029.3662   21.7714
    7.5000   30.0000   15.000013975.0166   21.7383
   -7.5000   37.5000   15.000013699.1768   21.7349
    0.0000   37.5000   15.000014669.3232   21.7620
    7.5000   37.5000   15.000013683.0195   21.7330
   -7.5000   45.0000   15.000012790.6084   21.2213
    0.0000   45.0000   15.000013591.6787   21.2423
    7.5000   45.0000   15.000012742.1865   21.2194
   -7.5000  -45.0000   22.5000 7257.9463   23.4157
    0.0000  -45.0000   22.5000 7708.5098   23.4373
    7.5000  -45.0000   22.5000 7338.0044   23.4165
   -7.5000  -37.5000   22.5000 7999.7832   22.6988
    0.0000  -37.5000   22.5000 8456.8496   22.7079
    7.5000  -37.5000   22.5000 8070.2305   22.6940
   -7.5000  -30.0000   22.5000 9106.4336   22.2666
    0.0000  -30.0000   22.5000 9579.8965   22.2750
    7.5000  -30.0000   22.5000 9174.1855   22.2567
   -7.5000  -22.5000   22.500010257.9795   22.1470
    0.0000  -22.5000   22.500010749.5508   22.1648
    7.5000  -22.5000   22.500010326.9678   22.1333
   -7.5000  -15.0000   22.500011381.1943   22.1324
    0.0000  -15.0000   22.500011950.6816   22.1590
    7.5000  -15.0000   22.500011464.3223   22.1207
   -7.5000   -7.5000   22.500012590.3135   22.1291
    0.0000   -7.5000   22.500013325.1260   22.1565
    7.5000   -7.5000   22.500012687.4316   22.1251
   -7.5000    0.0000   22.500013699.5547   22.1263
    0.0000    0.0000   22.500014575.7412   22.1456
    7.5000    0.0000   22.500013797.9512   22.1253
   -7.5000    7.5000   22.500013602.8467   22.1252
    0.0000    7.5000   22.500014391.3066   22.1339
    7.5000    7.5000   22.500013693.3340   22.1194
   -7.5000   15.0000   22.500013312.7744   22.1278
    0.0000   15.0000   22.500014080.2822   22.1356
    7.5000   15.0000   22.500013395.5498   22.1166
   -7.5000   22.5000   22.500013094.3145   22.1220
    0.0000   22.5000   22.500013872.3008   22.1396
    7.5000   22.5000   22.500013135.4561   22.1079
   -7.5000   30.0000   22.500012855.6182   21.8459
    0.0000   30.0000   22.500013622.6738   21.8722
    7.5000   30.0000   22.500012844.4375   21.8345
   -7.5000   37.5000   22.500012728.6094   21.8427
    0.0000   37.5000   22.500013433.3184   21.8698
    7.5000   37.5000   22.500012687.9922   21.8388
   -7.5000   45.0000   22.500011908.1982   21.3272
    0.0000   45.0000   22.500012545.0010   21.3458
    7.5000   45.0000   22.500011850.6133   21.3263
   -7.5000  -45.0000   30.0000 6766.1177   23.8647
    0.0000  -45.0000   30.0000 7166.2446   23.8873
    7.5000  -45.0000   30.0000 6801.5581   23.8739
   -7.5000  -37.5000   30.0000 7469.7124   23.1236
    0.0000  -37.5000   30.0000 7850.7661   23.1296
    7.5000  -37.5000   30.0000 7488.0015   23.1245
   -7.5000  -30.0000   30.0000 8495.4648   22.6701
    0.0000  -30.0000   30.0000 8870.0977   22.6724
    7.5000  -30.0000   30.0000 8503.7100   22.6586
   -7.5000  -22.5000   30.0000 9566.0850   22.5386
    0.0000  -22.5000   30.0000 9953.4775   22.5507
    7.5000  -22.5000   30.0000 9567.4326   22.5180
   -7.5000  -15.0000   30.000010604.9629   22.5199
    0.0000  -15.0000   30.000011045.2578   22.5440
    7.5000  -15.0000   30.000010593.6377   22.5031
   -7.5000   -7.5000   30.000011702.3330   22.5221
    0.0000   -7.5000   30.000012234.2266   22.5505
    7.5000   -7.5000   30.000011707.0410   22.5209
   -7.5000    0.0000   30.000012666.7090   22.5271
    0.0000    0.0000   30.000013254.8369   22.5473
    7.5000    0.0000   30.000012706.4492   22.5346
   -7.5000    7.5000   30.000012545.5332   22.5274
    0.0000    7.5000   30.000013129.2129   22.5332
    7.5000    7.5000   30.000012617.3535   22.5273
   -7.5000   15.0000   30.000012302.9004   22.5258
    0.0000   15.0000   30.000012916.4434   22.5275
    7.5000   15.0000   30.000012372.1221   22.5129
   -7.5000   22.5000   30.000012085.9434   22.5129
    0.0000   22.5000   30.000012727.9355   22.5247
    7.5000   22.5000   30.000012108.3906   22.4919
   -7.5000   30.0000   30.000011846.1172   22.2285
    0.0000   30.0000   30.000012455.3936   22.2522
    7.5000   30.0000   30.000011823.3398   22.2118
   -7.5000   37.5000   30.000011794.8418   22.2306
    0.0000   37.5000   30.000012356.5938   22.2587
    7.5000   37.5000   30.000011733.7354   22.2294
   -7.5000   45.0000   30.000011044.2070   21.7135
    0.0000   45.0000   30.000011548.3965   21.7330
    7.5000   45.0000   30.000010964.2324   21.7207
   -7.5000  -45.0000   37.5000 6545.4087   24.4931
    0.0000  -45.0000   37.5000 6895.3530   24.5188
    7.5000  -45.0000   37.5000 6536.5786   24.5096
   -7.5000  -37.5000   37.5000 7226.3066   23.7319
    0.0000  -37.5000   37.5000 7554.9097   23.7386
    7.5000  -37.5000   37.5000 7210.2373   23.7354
   -7.5000  -30.0000   37.5000 8216.7627   23.2658
    0.0000  -30.0000   37.5000 8549.5723   23.2658
    7.5000  -30.0000   37.5000 8187.9966   23.2508
   -7.5000  -22.5000   37.5000 9237.9824   23.1181
    0.0000  -22.5000   37.5000 9598.4697   23.1267
    7.5000  -22.5000   37.5000 9233.8564   23.0928
   -7.5000  -15.0000   37.500010235.8809   23.0868
    0.0000  -15.0000   37.500010634.0732   23.1090
    7.5000  -15.0000   37.500010224.0947   23.0687
   -7.5000   -7.5000   37.500011284.1650   23.0874
    0.0000   -7.5000   37.500011725.1289   23.1172
    7.5000   -7.5000   37.500011267.8643   23.0900
   -7.5000    0.0000   37.500012188.3809   23.0998
    0.0000    0.0000   37.500012649.6611   23.1228
    7.5000    0.0000   37.500012186.6396   23.1135
   -7.5000    7.5000   37.500012093.8281   23.1108
    0.0000    7.5000   37.500012587.4326   23.1174
    7.5000    7.5000   37.500012127.7881   23.1134
   -7.5000   15.0000   37.500011870.6484   23.1136
    0.0000   15.0000   37.500012383.2061   23.1132
    7.5000   15.0000   37.500011906.5742   23.0974
   -7.5000   22.5000   37.500011635.3711   23.0913
    0.0000   22.5000   37.500012157.5234   23.0996
    7.5000   22.5000   37.500011645.5664   23.0656
   -7.5000   30.0000   37.500011372.8066   22.7880
    0.0000   30.0000   37.500011886.9756   22.8100
    7.5000   30.0000   37.500011349.6123   22.7702
   -7.5000   37.5000   37.500011326.1514   22.7886
    0.0000   37.5000   37.500011851.2051   22.8180
    7.5000   37.5000   37.500011270.8564   22.7912
   -7.5000   45.0000   37.500010616.0010   22.2655
    0.0000   45.0000   37.500011095.1992   22.2877
    7.5000   45.0000   37.500010544.9189   22.2787
   -7.5000  -45.0000   45.0000 6053.9653   25.2172
    0.0000  -45.0000   45.0000 6358.0288   25.2452
    7.5000  -45.0000   45.0000 6030.7002   25.2357
   -7.5000  -37.5000   45.0000 6675.5571   24.4260
    0.0000  -37.5000   45.0000 6983.6255   24.4358
    7.5000  -37.5000   45.0000 6652.1963   24.4272
   -7.5000  -30.0000   45.0000 7602.5098   23.9457
    0.0000  -30.0000   45.0000 7923.8979   23.9483
    7.5000  -30.0000   45.0000 7563.9536   23.9282
   -7.5000  -22.5000   45.0000 8544.7744   23.7857
    0.0000  -22.5000   45.0000 8902.0215   23.7958
    7.5000  -22.5000   45.0000 8535.4102   23.7621
   -7.5000  -15.0000   45.0000 9479.3066   23.7438
    0.0000  -15.0000   45.0000 9860.2705   23.7666
    7.5000  -15.0000   45.0000 9464.3105   23.7309
   -7.5000   -7.5000   45.000010429.1113   23.7368
    0.0000   -7.5000   45.000010835.7520   23.7673
    7.5000   -7.5000   45.000010393.6221   23.7434
   -7.5000    0.0000   45.000011238.2832   23.7504
    0.0000    0.0000   45.000011643.2969   23.7753
    7.5000    0.0000   45.000011198.4199   23.7648
   -7.5000    7.5000   45.000011143.7861   23.7729
    0.0000    7.5000   45.000011582.0361   23.7825
    7.5000    7.5000   45.000011133.2207   23.7732
   -7.5000   15.0000   45.000010931.1475   23.7840
    0.0000   15.0000   45.000011394.3135   23.7862
    7.5000   15.0000   45.000010935.0449   23.7654
   -7.5000   22.5000   45.000010701.6914   23.7575
    0.0000   22.5000   45.000011154.3633   23.7673
    7.5000   22.5000   45.000010691.8740   23.7335
   -7.5000   30.0000   45.000010444.6143   23.4344
    0.0000   30.0000   45.000010895.3516   23.4570
    7.5000   30.0000   45.000010402.9014   23.4218
   -7.5000   37.5000   45.000010414.2197   23.4275
    0.0000   37.5000   45.000010895.3984   23.4577
    7.5000   37.5000   45.000010377.0977   23.4341
   -7.5000   45.0000   45.0000 9761.9307   22.9031
    0.0000   45.0000   45.000010216.2998   22.9271
    7.5000   45.0000   45.0000 9713.2676   22.9169

---------------------------------------------------------------------
imgreg_4dfp /opt/freesurfer/average/711-2C_as_mni_average_305 /opt/freesurfer/average/711-2B_as_mni_average_305_mask talsrcimg_g11 none talsrcimg_to_711-2C_as_mni_average_305_t4 4355
---------------------------------------------------------------------

freesurfer imgreg_4dfp.c
/opt/freesurfer/average/711-2C_as_mni_average_305.4dfp.img
       256       256       256         1
  1.000000  1.000000  1.000000
orientation T byte_order littleendian
Reading image: /opt/freesurfer/average/711-2C_as_mni_average_305.4dfp.img
dimensions:      256       256       256
mmppix:       1.0000   -1.0000   -1.0000
center:     128.0000 -129.0000 -129.0000
/opt/freesurfer/average/711-2B_as_mni_average_305_mask.4dfp.img
       256       256       256         1
  1.000000  1.000000  1.000000
orientation T byte_order littleendian
Reading mask: /opt/freesurfer/average/711-2B_as_mni_average_305_mask.4dfp.img (2306576 pixels)
talsrcimg_g11.4dfp.img
       256       256       256         1
  1.000000  1.000000  1.000000
orientation T byte_order littleendian
Reading image: talsrcimg_g11.4dfp.img
dimensions:      256       256       256
mmppix:       1.0000   -1.0000   -1.0000
center:     128.0000 -129.0000 -129.0000
rotation matrix determinant  1.000000
image alignment mode   4355 decimal     1103 hex
   -7.5000  -37.5000  -45.0000 1924.2598   30.2462
    0.0000  -37.5000  -45.0000 1936.7207   30.2229
    7.5000  -37.5000  -45.0000 1933.5272   30.2938
   -7.5000  -30.0000  -45.0000 2047.4772   26.7172
    0.0000  -30.0000  -45.0000 2064.1577   26.6986
    7.5000  -30.0000  -45.0000 2057.1609   26.6947
   -7.5000  -22.5000  -45.0000 2170.5818   24.0484
    0.0000  -22.5000  -45.0000 2187.3633   24.0014
    7.5000  -22.5000  -45.0000 2177.4465   23.9895
   -7.5000  -15.0000  -45.0000 2274.0085   22.0089
    0.0000  -15.0000  -45.0000 2291.4456   21.9643
    7.5000  -15.0000  -45.0000 2277.9507   21.9762
   -7.5000   -7.5000  -45.0000 2341.6125   20.4606
    0.0000   -7.5000  -45.0000 2360.4033   20.3996
    7.5000   -7.5000  -45.0000 2345.3313   20.4214
   -7.5000    0.0000  -45.0000 2372.8921   19.3965
    0.0000    0.0000  -45.0000 2395.1311   19.3018
    7.5000    0.0000  -45.0000 2376.4666   19.3485
   -7.5000    7.5000  -45.0000 2399.8867   18.7179
    0.0000    7.5000  -45.0000 2417.1848   18.5777
    7.5000    7.5000  -45.0000 2400.9753   18.6485
   -7.5000   15.0000  -45.0000 2413.4241   18.4288
    0.0000   15.0000  -45.0000 2425.9082   18.2792
    7.5000   15.0000  -45.0000 2411.2666   18.3559
   -7.5000   22.5000  -45.0000 2401.0483   18.5085
    0.0000   22.5000  -45.0000 2417.0933   18.4060
    7.5000   22.5000  -45.0000 2405.1245   18.4302
   -7.5000   30.0000  -45.0000 2382.8748   18.9411
    0.0000   30.0000  -45.0000 2407.1304   18.8577
    7.5000   30.0000  -45.0000 2385.3306   18.8272
   -7.5000   37.5000  -45.0000 2349.7515   19.7444
    0.0000   37.5000  -45.0000 2367.9790   19.7076
    7.5000   37.5000  -45.0000 2348.3359   19.6896
   -7.5000   45.0000  -45.0000 2289.9697   20.9631
    0.0000   45.0000  -45.0000 2303.5029   20.8909
    7.5000   45.0000  -45.0000 2283.3445   20.9007
   -7.5000   52.5000  -45.0000 2185.5496   22.3874
    0.0000   52.5000  -45.0000 2196.4436   22.2790
    7.5000   52.5000  -45.0000 2178.8337   22.3862
   -7.5000  -37.5000  -37.5000 1984.4886   28.3549
    0.0000  -37.5000  -37.5000 1999.5134   28.4225
    7.5000  -37.5000  -37.5000 1989.2738   28.2858
   -7.5000  -30.0000  -37.5000 2117.7681   25.1133
    0.0000  -30.0000  -37.5000 2136.7563   25.1239
    7.5000  -30.0000  -37.5000 2123.7473   25.0630
   -7.5000  -22.5000  -37.5000 2244.4968   22.6595
    0.0000  -22.5000  -37.5000 2263.6853   22.6166
    7.5000  -22.5000  -37.5000 2249.6475   22.6092
   -7.5000  -15.0000  -37.5000 2346.1025   20.6624
    0.0000  -15.0000  -37.5000 2369.6238   20.5633
    7.5000  -15.0000  -37.5000 2355.1548   20.5943
   -7.5000   -7.5000  -37.5000 2423.5608   19.1498
    0.0000   -7.5000  -37.5000 2441.4021   19.0006
    7.5000   -7.5000  -37.5000 2426.9233   19.0917
   -7.5000    0.0000  -37.5000 2461.0972   18.0926
    0.0000    0.0000  -37.5000 2480.5725   17.9348
    7.5000    0.0000  -37.5000 2461.3037   18.0399
   -7.5000    7.5000  -37.5000 2492.3201   17.3937
    0.0000    7.5000  -37.5000 2509.7910   17.2436
    7.5000    7.5000  -37.5000 2490.4983   17.3657
   -7.5000   15.0000  -37.5000 2516.1887   17.1176
    0.0000   15.0000  -37.5000 2528.6936   16.9395
    7.5000   15.0000  -37.5000 2511.8379   17.0581
   -7.5000   22.5000  -37.5000 2506.6118   17.1867
    0.0000   22.5000  -37.5000 2524.8469   17.0717
    7.5000   22.5000  -37.5000 2508.1409   17.1531
   -7.5000   30.0000  -37.5000 2485.7500   17.5941
    0.0000   30.0000  -37.5000 2511.6794   17.5179
    7.5000   30.0000  -37.5000 2484.8025   17.5687
   -7.5000   37.5000  -37.5000 2443.0906   18.3544
    0.0000   37.5000  -37.5000 2470.0549   18.3129
    7.5000   37.5000  -37.5000 2444.6746   18.3455
   -7.5000   45.0000  -37.5000 2374.9258   19.4355
    0.0000   45.0000  -37.5000 2399.9463   19.3901
    7.5000   45.0000  -37.5000 2375.2910   19.4335
   -7.5000   52.5000  -37.5000 2264.8809   20.7264
    0.0000   52.5000  -37.5000 2286.3586   20.6565
    7.5000   52.5000  -37.5000 2263.5562   20.7383
   -7.5000  -37.5000  -30.0000 2066.4683   27.7880
    0.0000  -37.5000  -30.0000 2086.3909   27.6817
    7.5000  -37.5000  -30.0000 2077.6831   27.6497
   -7.5000  -30.0000  -30.0000 2212.1804   24.5806
    0.0000  -30.0000  -30.0000 2233.3203   24.4672
    7.5000  -30.0000  -30.0000 2220.0747   24.4869
   -7.5000  -22.5000  -30.0000 2340.1792   22.0675
    0.0000  -22.5000  -30.0000 2366.8069   21.9611
    7.5000  -22.5000  -30.0000 2347.7839   21.9836
   -7.5000  -15.0000  -30.0000 2446.3132   20.0690
    0.0000  -15.0000  -30.0000 2472.5037   19.9746
    7.5000  -15.0000  -30.0000 2454.7109   19.9840
   -7.5000   -7.5000  -30.0000 2534.4895   18.6147
    0.0000   -7.5000  -30.0000 2556.3745   18.4586
    7.5000   -7.5000  -30.0000 2541.5544   18.5004
   -7.5000    0.0000  -30.0000 2583.7708   17.5108
    0.0000    0.0000  -30.0000 2603.8950   17.3228
    7.5000    0.0000  -30.0000 2588.5029   17.4750
   -7.5000    7.5000  -30.0000 2621.2039   16.7752
    0.0000    7.5000  -30.0000 2641.0525   16.5953
    7.5000    7.5000  -30.0000 2618.5969   16.7564
   -7.5000   15.0000  -30.0000 2649.5742   16.4366
    0.0000   15.0000  -30.0000 2662.9575   16.2639
    7.5000   15.0000  -30.0000 2647.3230   16.4168
   -7.5000   22.5000  -30.0000 2646.0312   16.5131
    0.0000   22.5000  -30.0000 2663.0044   16.3827
    7.5000   22.5000  -30.0000 2644.0762   16.4977
   -7.5000   30.0000  -30.0000 2624.8137   16.9679
    0.0000   30.0000  -30.0000 2649.0093   16.8485
    7.5000   30.0000  -30.0000 2625.1838   16.9428
   -7.5000   37.5000  -30.0000 2577.5449   17.7066
    0.0000   37.5000  -30.0000 2607.8733   17.6124
    7.5000   37.5000  -30.0000 2579.0718   17.6648
   -7.5000   45.0000  -30.0000 2499.8516   18.7342
    0.0000   45.0000  -30.0000 2529.7520   18.6543
    7.5000   45.0000  -30.0000 2499.8105   18.7133
   -7.5000   52.5000  -30.0000 2387.4204   19.9868
    0.0000   52.5000  -30.0000 2413.6057   19.8922
    7.5000   52.5000  -30.0000 2384.9502   19.9347
   -7.5000  -37.5000  -22.5000 2131.0889   27.2177
    0.0000  -37.5000  -22.5000 2146.8623   27.0556
    7.5000  -37.5000  -22.5000 2139.6172   27.0616
   -7.5000  -30.0000  -22.5000 2273.5417   23.9893
    0.0000  -30.0000  -22.5000 2301.2405   23.8181
    7.5000  -30.0000  -22.5000 2285.2559   23.8849
   -7.5000  -22.5000  -22.5000 2401.5085   21.5069
    0.0000  -22.5000  -22.5000 2426.6255   21.3039
    7.5000  -22.5000  -22.5000 2411.3792   21.3882
   -7.5000  -15.0000  -22.5000 2514.1296   19.5394
    0.0000  -15.0000  -22.5000 2534.8591   19.3719
    7.5000  -15.0000  -22.5000 2524.3733   19.4465
   -7.5000   -7.5000  -22.5000 2611.2166   17.9986
    0.0000   -7.5000  -22.5000 2632.4468   17.8534
    7.5000   -7.5000  -22.5000 2621.1221   17.9028
   -7.5000    0.0000  -22.5000 2678.7271   16.9196
    0.0000    0.0000  -22.5000 2697.5466   16.7330
    7.5000    0.0000  -22.5000 2684.0337   16.8306
   -7.5000    7.5000  -22.5000 2711.0247   16.1189
    0.0000    7.5000  -22.5000 2734.8699   15.9344
    7.5000    7.5000  -22.5000 2715.6870   16.0809
   -7.5000   15.0000  -22.5000 2741.2112   15.7083
    0.0000   15.0000  -22.5000 2761.3337   15.5251
    7.5000   15.0000  -22.5000 2743.5330   15.6547
   -7.5000   22.5000  -22.5000 2746.6272   15.8074
    0.0000   22.5000  -22.5000 2764.9873   15.6292
    7.5000   22.5000  -22.5000 2751.0491   15.7303
   -7.5000   30.0000  -22.5000 2734.3672   16.2619
    0.0000   30.0000  -22.5000 2755.1807   16.0896
    7.5000   30.0000  -22.5000 2734.5916   16.1763
   -7.5000   37.5000  -22.5000 2686.5693   16.9494
    0.0000   37.5000  -22.5000 2707.7021   16.8008
    7.5000   37.5000  -22.5000 2684.2561   16.9074
   -7.5000   45.0000  -22.5000 2605.5554   17.9541
    0.0000   45.0000  -22.5000 2621.7744   17.8014
    7.5000   45.0000  -22.5000 2604.0562   17.9248
   -7.5000   52.5000  -22.5000 2479.5327   19.1772
    0.0000   52.5000  -22.5000 2503.3252   19.0358
    7.5000   52.5000  -22.5000 2478.8555   19.1403
   -7.5000  -37.5000  -15.0000 2159.6716   26.8643
    0.0000  -37.5000  -15.0000 2177.0984   26.6475
    7.5000  -37.5000  -15.0000 2171.8171   26.7742
   -7.5000  -30.0000  -15.0000 2299.6553   23.5918
    0.0000  -30.0000  -15.0000 2322.9788   23.4000
    7.5000  -30.0000  -15.0000 2314.7639   23.5074
   -7.5000  -22.5000  -15.0000 2427.2800   21.1316
    0.0000  -22.5000  -15.0000 2451.6125   20.8941
    7.5000  -22.5000  -15.0000 2441.9016   20.9790
   -7.5000  -15.0000  -15.0000 2540.2527   19.1636
    0.0000  -15.0000  -15.0000 2566.4375   18.9433
    7.5000  -15.0000  -15.0000 2557.3606   18.9987
   -7.5000   -7.5000  -15.0000 2652.3240   17.6236
    0.0000   -7.5000  -15.0000 2677.1799   17.4069
    7.5000   -7.5000  -15.0000 2672.2778   17.4804
   -7.5000    0.0000  -15.0000 2737.7007   16.5492
    0.0000    0.0000  -15.0000 2756.5503   16.3039
    7.5000    0.0000  -15.0000 2745.2834   16.3737
   -7.5000    7.5000  -15.0000 2784.0239   15.6881
    0.0000    7.5000  -15.0000 2798.8154   15.4185
    7.5000    7.5000  -15.0000 2784.6782   15.5545
   -7.5000   15.0000  -15.0000 2811.3401   15.1698
    0.0000   15.0000  -15.0000 2825.0747   14.9127
    7.5000   15.0000  -15.0000 2808.8372   15.0656
   -7.5000   22.5000  -15.0000 2823.6509   15.2077
    0.0000   22.5000  -15.0000 2835.4487   14.9736
    7.5000   22.5000  -15.0000 2824.8896   15.0654
   -7.5000   30.0000  -15.0000 2801.0527   15.6163
    0.0000   30.0000  -15.0000 2821.3267   15.4044
    7.5000   30.0000  -15.0000 2807.5618   15.4721
   -7.5000   37.5000  -15.0000 2752.8896   16.3113
    0.0000   37.5000  -15.0000 2765.0635   16.1020
    7.5000   37.5000  -15.0000 2755.1416   16.2336
   -7.5000   45.0000  -15.0000 2672.4087   17.3201
    0.0000   45.0000  -15.0000 2682.2031   17.0919
    7.5000   45.0000  -15.0000 2673.0295   17.2768
   -7.5000   52.5000  -15.0000 2539.6460   18.5901
    0.0000   52.5000  -15.0000 2557.0627   18.3437
    7.5000   52.5000  -15.0000 2539.8376   18.5782
   -7.5000  -37.5000   -7.5000 2170.1062   26.6878
    0.0000  -37.5000   -7.5000 2186.7827   26.3814
    7.5000  -37.5000   -7.5000 2179.0857   26.5042
   -7.5000  -30.0000   -7.5000 2319.6765   23.4170
    0.0000  -30.0000   -7.5000 2333.0015   23.1240
    7.5000  -30.0000   -7.5000 2325.4551   23.2037
   -7.5000  -22.5000   -7.5000 2447.7959   20.8796
    0.0000  -22.5000   -7.5000 2467.2915   20.6137
    7.5000  -22.5000   -7.5000 2459.3521   20.6706
   -7.5000  -15.0000   -7.5000 2562.1460   18.9043
    0.0000  -15.0000   -7.5000 2582.2214   18.6710
    7.5000  -15.0000   -7.5000 2577.1816   18.6894
   -7.5000   -7.5000   -7.5000 2677.5088   17.3946
    0.0000   -7.5000   -7.5000 2697.5354   17.1578
    7.5000   -7.5000   -7.5000 2690.5859   17.1506
   -7.5000    0.0000   -7.5000 2776.9299   16.3207
    0.0000    0.0000   -7.5000 2792.0801   16.0591
    7.5000    0.0000   -7.5000 2782.7058   16.0689
   -7.5000    7.5000   -7.5000 2846.9138   15.4832
    0.0000    7.5000   -7.5000 2856.6252   15.1575
    7.5000    7.5000   -7.5000 2844.3960   15.2554
   -7.5000   15.0000   -7.5000 2868.6277   14.8214
    0.0000   15.0000   -7.5000 2872.1152   14.4996
    7.5000   15.0000   -7.5000 2862.5461   14.6689
   -7.5000   22.5000   -7.5000 2874.0129   14.7703
    0.0000   22.5000   -7.5000 2881.8274   14.4792
    7.5000   22.5000   -7.5000 2872.5579   14.5774
   -7.5000   30.0000   -7.5000 2849.7283   15.1572
    0.0000   30.0000   -7.5000 2856.9590   14.8906
    7.5000   30.0000   -7.5000 2851.0237   15.0220
   -7.5000   37.5000   -7.5000 2798.2666   15.8612
    0.0000   37.5000   -7.5000 2806.3149   15.5444
    7.5000   37.5000   -7.5000 2803.5737   15.7686
   -7.5000   45.0000   -7.5000 2717.4519   16.9213
    0.0000   45.0000   -7.5000 2724.5178   16.6024
    7.5000   45.0000   -7.5000 2719.4114   16.8965
   -7.5000   52.5000   -7.5000 2587.2539   18.2350
    0.0000   52.5000   -7.5000 2601.4146   17.9345
    7.5000   52.5000   -7.5000 2585.5454   18.2173
   -7.5000  -37.5000    0.0000 2165.9150   26.6873
    0.0000  -37.5000    0.0000 2183.8325   26.3566
    7.5000  -37.5000    0.0000 2176.8601   26.4809
   -7.5000  -30.0000    0.0000 2309.1689   23.2876
    0.0000  -30.0000    0.0000 2324.8921   22.9851
    7.5000  -30.0000    0.0000 2317.2861   23.0870
   -7.5000  -22.5000    0.0000 2439.5154   20.7369
    0.0000  -22.5000    0.0000 2458.9917   20.4810
    7.5000  -22.5000    0.0000 2448.3188   20.4979
   -7.5000  -15.0000    0.0000 2557.4468   18.7357
    0.0000  -15.0000    0.0000 2576.1846   18.5580
    7.5000  -15.0000    0.0000 2560.2783   18.4964
   -7.5000   -7.5000    0.0000 2680.8865   17.2530
    0.0000   -7.5000    0.0000 2701.6614   17.0923
    7.5000   -7.5000    0.0000 2678.4712   16.9946
   -7.5000    0.0000    0.0000 2786.3015   16.2049
    0.0000    0.0000    0.0000 2808.0308   16.0900
    7.5000    0.0000    0.0000 2780.1111   15.9176
   -7.5000    7.5000    0.0000 2872.2817   15.4631
    0.0000    7.5000    0.0000 2902.8596   15.3303
    7.5000    7.5000    0.0000 2863.4827   15.1762
   -7.5000   15.0000    0.0000 2904.5405   14.7907
    0.0000   15.0000    0.0000 2919.1333   14.4997
    7.5000   15.0000    0.0000 2895.1008   14.6374
   -7.5000   22.5000    0.0000 2900.5571   14.5514
    0.0000   22.5000    0.0000 2915.6777   14.2385
    7.5000   22.5000    0.0000 2899.6978   14.4828
   -7.5000   30.0000    0.0000 2860.8950   14.9432
    0.0000   30.0000    0.0000 2875.9856   14.6703
    7.5000   30.0000    0.0000 2864.0508   14.8891
   -7.5000   37.5000    0.0000 2806.7439   15.6467
    0.0000   37.5000    0.0000 2825.8528   15.4304
    7.5000   37.5000    0.0000 2810.4175   15.5846
   -7.5000   45.0000    0.0000 2727.5254   16.7097
    0.0000   45.0000    0.0000 2743.2568   16.4941
    7.5000   45.0000    0.0000 2724.7734   16.6305
   -7.5000   52.5000    0.0000 2601.8792   18.0222
    0.0000   52.5000    0.0000 2618.8904   17.8098
    7.5000   52.5000    0.0000 2599.8704   17.9358
   -7.5000  -37.5000    7.5000 2145.4600   26.8718
    0.0000  -37.5000    7.5000 2167.7317   26.6758
    7.5000  -37.5000    7.5000 2163.8389   26.8391
   -7.5000  -30.0000    7.5000 2297.1909   23.4720
    0.0000  -30.0000    7.5000 2310.2871   23.1724
    7.5000  -30.0000    7.5000 2308.1353   23.3703
   -7.5000  -22.5000    7.5000 2426.1536   20.8791
    0.0000  -22.5000    7.5000 2442.6245   20.6124
    7.5000  -22.5000    7.5000 2432.6338   20.6959
   -7.5000  -15.0000    7.5000 2543.8367   18.8501
    0.0000  -15.0000    7.5000 2558.9592   18.6683
    7.5000  -15.0000    7.5000 2545.3098   18.6423
   -7.5000   -7.5000    7.5000 2665.1587   17.3047
    0.0000   -7.5000    7.5000 2685.2598   17.2332
    7.5000   -7.5000    7.5000 2658.4526   17.1216
   -7.5000    0.0000    7.5000 2769.0996   16.2327
    0.0000    0.0000    7.5000 2806.7915   16.3341
    7.5000    0.0000    7.5000 2762.8950   16.0780
   -7.5000    7.5000    7.5000 2859.0002   15.4902
    0.0000    7.5000    7.5000 2926.3792   15.6898
    7.5000    7.5000    7.5000 2858.4705   15.4137
   -7.5000   15.0000    7.5000 2898.0188   14.9118
    0.0000   15.0000    7.5000 2952.6218   14.8843
    7.5000   15.0000    7.5000 2890.0620   14.8897
   -7.5000   22.5000    7.5000 2901.6440   14.7223
    0.0000   22.5000    7.5000 2945.0583   14.6329
    7.5000   22.5000    7.5000 2904.4351   14.7387
   -7.5000   30.0000    7.5000 2864.8225   15.0478
    0.0000   30.0000    7.5000 2893.8528   15.0031
    7.5000   30.0000    7.5000 2869.6970   15.0476
   -7.5000   37.5000    7.5000 2808.6785   15.7583
    0.0000   37.5000    7.5000 2820.4783   15.6139
    7.5000   37.5000    7.5000 2807.9045   15.6980
   -7.5000   45.0000    7.5000 2721.9954   16.8123
    0.0000   45.0000    7.5000 2726.2954   16.5679
    7.5000   45.0000    7.5000 2720.1128   16.6924
   -7.5000   52.5000    7.5000 2601.6643   18.0799
    0.0000   52.5000    7.5000 2610.4539   17.8155
    7.5000   52.5000    7.5000 2596.9412   17.9648
   -7.5000  -37.5000   15.0000 2115.7551   27.3652
    0.0000  -37.5000   15.0000 2134.6223   27.1136
    7.5000  -37.5000   15.0000 2128.3708   27.3761
   -7.5000  -30.0000   15.0000 2269.4739   23.8940
    0.0000  -30.0000   15.0000 2284.9497   23.6407
    7.5000  -30.0000   15.0000 2277.2456   23.8772
   -7.5000  -22.5000   15.0000 2399.4297   21.2296
    0.0000  -22.5000   15.0000 2417.9985   21.0623
    7.5000  -22.5000   15.0000 2407.7285   21.2500
   -7.5000  -15.0000   15.0000 2512.4988   19.2313
    0.0000  -15.0000   15.0000 2533.2273   19.2020
    7.5000  -15.0000   15.0000 2521.5471   19.3196
   -7.5000   -7.5000   15.0000 2639.2954   17.7543
    0.0000   -7.5000   15.0000 2665.6091   17.8462
    7.5000   -7.5000   15.0000 2645.4285   17.8568
   -7.5000    0.0000   15.0000 2748.1624   16.7016
    0.0000    0.0000   15.0000 2785.0603   16.9140
    7.5000    0.0000   15.0000 2754.8125   16.8009
   -7.5000    7.5000   15.0000 2827.6223   15.8819
    0.0000    7.5000   15.0000 2881.8794   16.0475
    7.5000    7.5000   15.0000 2833.6045   15.9942
   -7.5000   15.0000   15.0000 2873.4341   15.2977
    0.0000   15.0000   15.0000 2904.5884   15.2505
    7.5000   15.0000   15.0000 2873.6267   15.4002
   -7.5000   22.5000   15.0000 2884.4648   15.1852
    0.0000   22.5000   15.0000 2932.9314   15.2124
    7.5000   22.5000   15.0000 2885.7698   15.2066
   -7.5000   30.0000   15.0000 2856.0449   15.5875
    0.0000   30.0000   15.0000 2896.8992   15.6353
    7.5000   30.0000   15.0000 2857.2578   15.5698
   -7.5000   37.5000   15.0000 2786.0923   16.3124
    0.0000   37.5000   15.0000 2811.4036   16.3026
    7.5000   37.5000   15.0000 2784.3562   16.2785
   -7.5000   45.0000   15.0000 2690.6809   17.2609
    0.0000   45.0000   15.0000 2699.9971   17.1335
    7.5000   45.0000   15.0000 2688.3108   17.2100
   -7.5000   52.5000   15.0000 2568.5879   18.4279
    0.0000   52.5000   15.0000 2577.7927   18.2400
    7.5000   52.5000   15.0000 2565.2820   18.3515
   -7.5000  -37.5000   22.5000 2085.5291   28.2551
    0.0000  -37.5000   22.5000 2106.0405   28.0663
    7.5000  -37.5000   22.5000 2094.3540   28.3826
   -7.5000  -30.0000   22.5000 2243.3376   24.7234
    0.0000  -30.0000   22.5000 2261.3452   24.5434
    7.5000  -30.0000   22.5000 2247.7971   24.8384
   -7.5000  -22.5000   22.5000 2378.6912   22.0341
    0.0000  -22.5000   22.5000 2395.6289   21.8960
    7.5000  -22.5000   22.5000 2385.5457   22.1728
   -7.5000  -15.0000   22.5000 2496.9104   20.0458
    0.0000  -15.0000   22.5000 2513.5408   19.9568
    7.5000  -15.0000   22.5000 2503.9734   20.2079
   -7.5000   -7.5000   22.5000 2617.5032   18.5098
    0.0000   -7.5000   22.5000 2635.5403   18.4707
    7.5000   -7.5000   22.5000 2625.0059   18.6302
   -7.5000    0.0000   22.5000 2717.1790   17.3431
    0.0000    0.0000   22.5000 2741.3462   17.3556
    7.5000    0.0000   22.5000 2722.0798   17.4308
   -7.5000    7.5000   22.5000 2787.3787   16.4226
    0.0000    7.5000   22.5000 2814.9888   16.2902
    7.5000    7.5000   22.5000 2795.8223   16.5446
   -7.5000   15.0000   22.5000 2834.2056   15.8066
    0.0000   15.0000   22.5000 2860.4907   15.6877
    7.5000   15.0000   22.5000 2836.3027   15.9331
   -7.5000   22.5000   22.5000 2849.9324   15.7623
    0.0000   22.5000   22.5000 2885.8232   15.7255
    7.5000   22.5000   22.5000 2849.9595   15.8320
   -7.5000   30.0000   22.5000 2822.3958   16.2389
    0.0000   30.0000   22.5000 2857.1646   16.2011
    7.5000   30.0000   22.5000 2820.4875   16.2276
   -7.5000   37.5000   22.5000 2755.8560   17.0104
    0.0000   37.5000   22.5000 2775.1431   16.9083
    7.5000   37.5000   22.5000 2751.6624   16.9436
   -7.5000   45.0000   22.5000 2663.7393   18.0413
    0.0000   45.0000   22.5000 2676.6365   17.9119
    7.5000   45.0000   22.5000 2659.2727   17.9658
   -7.5000   52.5000   22.5000 2535.1133   19.1510
    0.0000   52.5000   22.5000 2548.3994   19.0185
    7.5000   52.5000   22.5000 2533.3123   19.0662
   -7.5000  -37.5000   30.0000 2052.4731   29.5234
    0.0000  -37.5000   30.0000 2065.1304   29.2051
    7.5000  -37.5000   30.0000 2054.1658   29.7069
   -7.5000  -30.0000   30.0000 2208.7058   25.8388
    0.0000  -30.0000   30.0000 2216.7795   25.4720
    7.5000  -30.0000   30.0000 2206.6951   25.9061
   -7.5000  -22.5000   30.0000 2347.5461   23.0515
    0.0000  -22.5000   30.0000 2354.9468   22.6768
    7.5000  -22.5000   30.0000 2349.9478   23.1092
   -7.5000  -15.0000   30.0000 2465.5173   20.9280
    0.0000  -15.0000   30.0000 2472.6394   20.6365
    7.5000  -15.0000   30.0000 2466.0437   21.0035
   -7.5000   -7.5000   30.0000 2577.8015   19.2919
    0.0000   -7.5000   30.0000 2587.2812   19.1277
    7.5000   -7.5000   30.0000 2580.2886   19.3882
   -7.5000    0.0000   30.0000 2670.2561   18.0372
    0.0000    0.0000   30.0000 2679.9504   17.8260
    7.5000    0.0000   30.0000 2676.6687   18.1509
   -7.5000    7.5000   30.0000 2734.3384   17.0710
    0.0000    7.5000   30.0000 2751.8135   16.8578
    7.5000    7.5000   30.0000 2741.9841   17.2224
   -7.5000   15.0000   30.0000 2779.6963   16.5377
    0.0000   15.0000   30.0000 2797.1460   16.3787
    7.5000   15.0000   30.0000 2782.5723   16.6690
   -7.5000   22.5000   30.0000 2790.6521   16.5294
    0.0000   22.5000   30.0000 2820.4324   16.4094
    7.5000   22.5000   30.0000 2790.9153   16.5750
   -7.5000   30.0000   30.0000 2759.9451   17.0017
    0.0000   30.0000   30.0000 2784.3354   16.8517
    7.5000   30.0000   30.0000 2756.5200   16.9866
   -7.5000   37.5000   30.0000 2703.4878   17.7729
    0.0000   37.5000   30.0000 2714.2664   17.5923
    7.5000   37.5000   30.0000 2696.3479   17.7022
   -7.5000   45.0000   30.0000 2612.6987   18.7721
    0.0000   45.0000   30.0000 2621.1736   18.6183
    7.5000   45.0000   30.0000 2606.3044   18.7286
   -7.5000   52.5000   30.0000 2489.6458   19.9367
    0.0000   52.5000   30.0000 2501.5149   19.7726
    7.5000   52.5000   30.0000 2484.1860   19.9019
   -7.5000  -37.5000   37.5000 2013.4071   30.9367
    0.0000  -37.5000   37.5000 2017.6715   30.3922
    7.5000  -37.5000   37.5000 2007.5403   30.9674
   -7.5000  -30.0000   37.5000 2167.6001   27.0267
    0.0000  -30.0000   37.5000 2170.6443   26.4240
    7.5000  -30.0000   37.5000 2159.6973   27.0208
   -7.5000  -22.5000   37.5000 2302.9507   24.0809
    0.0000  -22.5000   37.5000 2305.1462   23.5590
    7.5000  -22.5000   37.5000 2300.8225   24.0991
   -7.5000  -15.0000   37.5000 2419.7144   21.8888
    0.0000  -15.0000   37.5000 2418.5361   21.4711
    7.5000  -15.0000   37.5000 2414.1482   21.9503
   -7.5000   -7.5000   37.5000 2525.6389   20.2130
    0.0000   -7.5000   37.5000 2523.2437   19.9029
    7.5000   -7.5000   37.5000 2521.8567   20.3347
   -7.5000    0.0000   37.5000 2603.8833   18.9127
    0.0000    0.0000   37.5000 2605.5400   18.5832
    7.5000    0.0000   37.5000 2607.2917   19.0745
   -7.5000    7.5000   37.5000 2673.1455   17.9473
    0.0000    7.5000   37.5000 2682.6567   17.7298
    7.5000    7.5000   37.5000 2675.4321   18.1296
   -7.5000   15.0000   37.5000 2712.2241   17.5051
    0.0000   15.0000   37.5000 2720.7734   17.3216
    7.5000   15.0000   37.5000 2712.1477   17.6291
   -7.5000   22.5000   37.5000 2715.9824   17.4676
    0.0000   22.5000   37.5000 2734.6987   17.3118
    7.5000   22.5000   37.5000 2720.4270   17.5032
   -7.5000   30.0000   37.5000 2688.9385   17.8907
    0.0000   30.0000   37.5000 2705.4600   17.7004
    7.5000   30.0000   37.5000 2689.8845   17.8897
   -7.5000   37.5000   37.5000 2640.7249   18.5922
    0.0000   37.5000   37.5000 2654.9055   18.3693
    7.5000   37.5000   37.5000 2637.0283   18.5681
   -7.5000   45.0000   37.5000 2553.0862   19.6352
    0.0000   45.0000   37.5000 2564.8389   19.4056
    7.5000   45.0000   37.5000 2548.6272   19.6112
   -7.5000   52.5000   37.5000 2430.6038   20.8755
    0.0000   52.5000   37.5000 2436.7971   20.6739
    7.5000   52.5000   37.5000 2425.4534   20.8290
   -7.5000  -37.5000   45.0000 1957.6991   32.5738
    0.0000  -37.5000   45.0000 1962.8915   31.9005
    7.5000  -37.5000   45.0000 1957.2382   32.4501
   -7.5000  -30.0000   45.0000 2110.9209   28.5636
    0.0000  -30.0000   45.0000 2117.0349   27.8482
    7.5000  -30.0000   45.0000 2104.2188   28.3804
   -7.5000  -22.5000   45.0000 2244.5566   25.4681
    0.0000  -22.5000   45.0000 2248.5798   24.8711
    7.5000  -22.5000   45.0000 2239.1956   25.4114
   -7.5000  -15.0000   45.0000 2353.4480   23.1299
    0.0000  -15.0000   45.0000 2354.1904   22.6747
    7.5000  -15.0000   45.0000 2347.3333   23.1981
   -7.5000   -7.5000   45.0000 2451.4124   21.3991
    0.0000   -7.5000   45.0000 2451.2349   20.9944
    7.5000   -7.5000   45.0000 2447.9878   21.5102
   -7.5000    0.0000   45.0000 2524.2734   20.0637
    0.0000    0.0000   45.0000 2525.6458   19.7275
    7.5000    0.0000   45.0000 2522.3977   20.2250
   -7.5000    7.5000   45.0000 2586.7444   19.0903
    0.0000    7.5000   45.0000 2592.2292   18.9124
    7.5000    7.5000   45.0000 2584.9995   19.2543
   -7.5000   15.0000   45.0000 2617.8689   18.6739
    0.0000   15.0000   45.0000 2629.7766   18.4885
    7.5000   15.0000   45.0000 2619.1294   18.7638
   -7.5000   22.5000   45.0000 2621.8933   18.6245
    0.0000   22.5000   45.0000 2634.7437   18.4944
    7.5000   22.5000   45.0000 2626.0608   18.6875
   -7.5000   30.0000   45.0000 2595.8237   19.0169
    0.0000   30.0000   45.0000 2610.9939   18.8561
    7.5000   30.0000   45.0000 2593.0508   19.0321
   -7.5000   37.5000   45.0000 2552.2673   19.6760
    0.0000   37.5000   45.0000 2572.7966   19.4693
    7.5000   37.5000   45.0000 2553.4651   19.6453
   -7.5000   45.0000   45.0000 2476.4924   20.7184
    0.0000   45.0000   45.0000 2489.8765   20.5092
    7.5000   45.0000   45.0000 2475.9592   20.7153
   -7.5000   52.5000   45.0000 2349.3538   21.9533
    0.0000   52.5000   45.0000 2365.7278   21.7907
    7.5000   52.5000   45.0000 2353.4094   21.9120

---------------------------------------------------------------------
imgreg_4dfp /opt/freesurfer/average/711-2C_as_mni_average_305 /opt/freesurfer/average/711-2B_as_mni_average_305_mask talsrcimg_g11 none talsrcimg_to_711-2C_as_mni_average_305_t4 1283
---------------------------------------------------------------------

freesurfer imgreg_4dfp.c
/opt/freesurfer/average/711-2C_as_mni_average_305.4dfp.img
       256       256       256         1
  1.000000  1.000000  1.000000
orientation T byte_order littleendian
Reading image: /opt/freesurfer/average/711-2C_as_mni_average_305.4dfp.img
dimensions:      256       256       256
mmppix:       1.0000   -1.0000   -1.0000
center:     128.0000 -129.0000 -129.0000
/opt/freesurfer/average/711-2B_as_mni_average_305_mask.4dfp.img
       256       256       256         1
  1.000000  1.000000  1.000000
orientation T byte_order littleendian
Reading mask: /opt/freesurfer/average/711-2B_as_mni_average_305_mask.4dfp.img (2306576 pixels)
talsrcimg_g11.4dfp.img
       256       256       256         1
  1.000000  1.000000  1.000000
orientation T byte_order littleendian
Reading image: talsrcimg_g11.4dfp.img
dimensions:      256       256       256
mmppix:       1.0000   -1.0000   -1.0000
center:     128.0000 -129.0000 -129.0000
rotation matrix determinant  1.000000
fimgreg.f
image alignment mode   1283 decimal      503 hex
parameters
    0.0000   15.0000    7.5000    0.0000    0.0000    0.0000
eta,q 0.92676 14.94157
niter,ni,del,rscale     5    3   12.0000    1.2000
parameters
   -0.4020   15.1896    6.1584    1.7032   -0.1955    2.3399
eta,q 0.92674 14.63661
  0.0858  0.0790  0.0788  0.0790  0.0789  0.0804
  0.0792  0.0763  0.0752  0.0798  0.0758  0.0778
  0.0764  0.0763  0.0742  0.0774  0.0740  0.0754
  0.0758  0.0753  0.0749  0.0744  0.0738  0.0738
  0.0770  0.0753  0.0770  0.0740  0.0739  0.0733
  0.0813  0.0777  0.0800  0.0757  0.0756  0.0736
  0.0892  0.0778  0.0832  0.0773  0.0803  0.0749
niter,ni,del,rscale     4    3   12.0000    1.2000
parameters
   -0.3257   14.3700    6.6262    2.4291   -0.3713    1.8752
eta,q 0.92714 14.74255
  0.0863  0.0791  0.0813  0.0789  0.0787  0.0764
  0.0796  0.0753  0.0763  0.0782  0.0748  0.0744
  0.0738  0.0731  0.0736  0.0747  0.0726  0.0732
  0.0733  0.0733  0.0729  0.0729  0.0729  0.0728
  0.0746  0.0765  0.0731  0.0735  0.0731  0.0734
  0.0785  0.0789  0.0749  0.0753  0.0751  0.0750
  0.0857  0.0810  0.0788  0.0775  0.0795  0.0780
niter,ni,del,rscale     3    3   12.0000    1.2000
parameters
   -0.1924   13.8783    6.7268    3.3817   -0.4910    1.5428
eta,q 0.92762 14.79198
  0.0861  0.0799  0.0795  0.0783  0.0782  0.0764
  0.0794  0.0751  0.0752  0.0775  0.0744  0.0741
  0.0738  0.0728  0.0733  0.0744  0.0722  0.0728
  0.0729  0.0729  0.0727  0.0726  0.0725  0.0724
  0.0739  0.0759  0.0725  0.0727  0.0729  0.0732
  0.0778  0.0786  0.0748  0.0745  0.0746  0.0747
  0.0854  0.0800  0.0793  0.0764  0.0786  0.0774
niter,ni,del,rscale     2    3   12.0000    1.2000
parameters
   -0.1051   13.2957    6.8328    4.3468   -0.4796    1.3949
eta,q 0.92840 14.84921
  0.0862  0.0802  0.0792  0.0777  0.0777  0.0763
  0.0793  0.0741  0.0751  0.0766  0.0740  0.0737
  0.0736  0.0718  0.0729  0.0736  0.0716  0.0722
  0.0724  0.0724  0.0718  0.0717  0.0716  0.0716
  0.0734  0.0760  0.0717  0.0719  0.0721  0.0725
  0.0778  0.0787  0.0745  0.0736  0.0737  0.0742
  0.0860  0.0802  0.0791  0.0756  0.0777  0.0766
niter,ni,del,rscale     1    3   12.0000    1.2000
parameters
   -0.1393   12.7750    6.8600    5.0455   -0.3455    1.4164
eta,q 0.92911 14.88205
  0.0859  0.0808  0.0792  0.0773  0.0774  0.0763
  0.0786  0.0739  0.0749  0.0756  0.0737  0.0735
  0.0729  0.0709  0.0724  0.0726  0.0713  0.0716
  0.0716  0.0716  0.0710  0.0710  0.0709  0.0709
  0.0732  0.0757  0.0715  0.0712  0.0713  0.0718
  0.0782  0.0789  0.0749  0.0732  0.0730  0.0735
  0.0866  0.0805  0.0793  0.0756  0.0770  0.0761
registration optimization eta report
parameter search radius
    6.0000    6.0000    6.0000    6.0000    6.0000    6.0000
100000*second partial in parameter space
       41.       24.       23.       15.       18.       14.
  0.0859  0.0808  0.0792  0.0773  0.0774  0.0763
  0.0786  0.0739  0.0749  0.0756  0.0737  0.0735
  0.0729  0.0709  0.0724  0.0726  0.0713  0.0716
  0.0716  0.0716  0.0710  0.0710  0.0709  0.0709
  0.0732  0.0757  0.0715  0.0712  0.0713  0.0718
  0.0782  0.0789  0.0749  0.0732  0.0730  0.0735
  0.0866  0.0805  0.0793  0.0756  0.0770  0.0761
   -0.1393   12.7750    6.8600    5.0455   -0.3455    1.4164
eta,q 0.92911 14.88205

---------------------------------------------------------------------
imgreg_4dfp /opt/freesurfer/average/711-2C_as_mni_average_305 /opt/freesurfer/average/711-2B_as_mni_average_305_mask talsrcimg_g11 none talsrcimg_to_711-2C_as_mni_average_305_t4 3335
---------------------------------------------------------------------

freesurfer imgreg_4dfp.c
/opt/freesurfer/average/711-2C_as_mni_average_305.4dfp.img
       256       256       256         1
  1.000000  1.000000  1.000000
orientation T byte_order littleendian
Reading image: /opt/freesurfer/average/711-2C_as_mni_average_305.4dfp.img
dimensions:      256       256       256
mmppix:       1.0000   -1.0000   -1.0000
center:     128.0000 -129.0000 -129.0000
/opt/freesurfer/average/711-2B_as_mni_average_305_mask.4dfp.img
       256       256       256         1
  1.000000  1.000000  1.000000
orientation T byte_order littleendian
Reading mask: /opt/freesurfer/average/711-2B_as_mni_average_305_mask.4dfp.img (2306576 pixels)
talsrcimg_g11.4dfp.img
       256       256       256         1
  1.000000  1.000000  1.000000
orientation T byte_order littleendian
Reading image: talsrcimg_g11.4dfp.img
dimensions:      256       256       256
mmppix:       1.0000   -1.0000   -1.0000
center:     128.0000 -129.0000 -129.0000
fimgreg.f
image alignment mode   3335 decimal      D07 hex
parameters
   -0.1393   12.7750    6.8600   -0.0324   -0.4166   -0.3893
   -2.4093    0.8179    2.4718   -8.7771   -0.6030    8.7944
eta,q 0.92929 14.99139
niter,ni,del,rscale     5    3    5.0000    1.2000
parameter  4  2.255369 ->  0.500000 qaram    1.1500
parameter  5  7.066026 ->  0.500000 qaram    1.1500
parameter  6  0.959588 ->  0.500000 qaram    1.1500
parameters
   -0.1461   12.1640    6.7643   -4.1724   -4.5566   -4.5293
   -2.6413    0.3310    1.8686   -8.1097   -1.8271    6.3019
eta,q 0.95550 15.26707
  0.0743  0.0712  0.0727  0.0571  0.0445  0.0431  0.0485  0.0511  0.0468  0.0497  0.0461  0.0453
  0.0724  0.0706  0.0715  0.0594  0.0482  0.0444  0.0464  0.0473  0.0456  0.0472  0.0451  0.0447
  0.0711  0.0705  0.0708  0.0638  0.0536  0.0461  0.0451  0.0452  0.0449  0.0454  0.0447  0.0445
  0.0707  0.0707  0.0706  0.0706  0.0604  0.0496  0.0448  0.0448  0.0448  0.0447  0.0447  0.0447
  0.0712  0.0710  0.0709  0.0786  0.0667  0.0558  0.0454  0.0459  0.0452  0.0450  0.0452  0.0453
  0.0724  0.0713  0.0718  0.0863  0.0725  0.0647  0.0468  0.0488  0.0461  0.0462  0.0461  0.0466
  0.0743  0.0719  0.0731  0.0926  0.0783  0.0719  0.0490  0.0529  0.0477  0.0481  0.0474  0.0486
niter,ni,del,rscale     7    3    5.0000    1.2000
parameter  2 -0.518661 -> -0.500000 qaram    1.1500
parameter  3  1.788572 ->  0.500000 qaram    1.1500
parameter  4  0.585533 ->  0.500000 qaram    1.3225
parameter  5  1.104047 ->  0.500000 qaram    1.3225
parameters
    0.1110   13.5440    5.3843   -8.9334   -9.3176   -8.1806
   -2.2354    0.7878    2.5267   -5.3964   -3.5817    6.5931
eta,q 0.96662 14.79423
  0.0490  0.0497  0.0404  0.0395  0.0339  0.0342  0.0368  0.0369  0.0357  0.0379  0.0337  0.0342
  0.0468  0.0474  0.0411  0.0394  0.0342  0.0337  0.0353  0.0351  0.0348  0.0359  0.0334  0.0338
  0.0452  0.0456  0.0422  0.0398  0.0358  0.0340  0.0342  0.0342  0.0341  0.0346  0.0334  0.0335
  0.0445  0.0444  0.0437  0.0413  0.0394  0.0345  0.0338  0.0338  0.0338  0.0338  0.0334  0.0334
  0.0446  0.0438  0.0455  0.0455  0.0451  0.0359  0.0341  0.0340  0.0339  0.0334  0.0335  0.0334
  0.0456  0.0438  0.0475  0.0531  0.0507  0.0400  0.0349  0.0347  0.0343  0.0336  0.0338  0.0336
  0.0475  0.0443  0.0496  0.0618  0.0561  0.0481  0.0362  0.0362  0.0352  0.0343  0.0342  0.0341
niter,ni,del,rscale     7    3    5.0000    1.2000
parameter  2 -1.213773 -> -0.500000 qaram    1.3225
parameter  3  0.844540 ->  0.500000 qaram    1.3225
parameter  5  0.510586 ->  0.500000 qaram    1.5209
parameter 10 -0.661488 -> -0.500000 qaram    1.1500
parameter 12  0.788608 ->  0.500000 qaram    1.1500
parameters
    0.5423   15.1310    3.7973  -11.0416  -14.7928  -10.4698
   -3.0641    0.7894    2.1205   -1.2564   -2.1641    2.4531
eta,q 0.97241 14.24603
  0.0362  0.0413  0.0296  0.0318  0.0297  0.0298  0.0303  0.0315  0.0299  0.0328  0.0287  0.0276
  0.0349  0.0382  0.0297  0.0307  0.0290  0.0290  0.0293  0.0300  0.0292  0.0311  0.0283  0.0276
  0.0339  0.0355  0.0301  0.0301  0.0289  0.0287  0.0288  0.0291  0.0288  0.0297  0.0280  0.0277
  0.0334  0.0333  0.0307  0.0298  0.0299  0.0289  0.0287  0.0287  0.0287  0.0287  0.0280  0.0279
  0.0333  0.0316  0.0318  0.0301  0.0327  0.0291  0.0292  0.0291  0.0289  0.0281  0.0279  0.0282
  0.0338  0.0305  0.0332  0.0322  0.0381  0.0307  0.0300  0.0301  0.0294  0.0279  0.0280  0.0286
  0.0348  0.0300  0.0350  0.0383  0.0438  0.0350  0.0312  0.0315  0.0302  0.0282  0.0282  0.0292
niter,ni,del,rscale     7    3    5.0000    1.2000
parameter  2 -1.355353 -> -0.500000 qaram    1.5209
parameter 12  0.659276 ->  0.500000 qaram    1.3225
parameters
    0.6072   16.9561    3.4096  -10.0336  -16.2054   -9.2471
   -3.2546    0.9770    1.8028    1.3273   -2.9690   -2.3079
eta,q 0.97721 14.27871
  0.0302  0.0388  0.0253  0.0267  0.0285  0.0270  0.0258  0.0272  0.0253  0.0291  0.0238  0.0230
  0.0288  0.0348  0.0243  0.0252  0.0262  0.0255  0.0246  0.0252  0.0244  0.0267  0.0235  0.0228
  0.0279  0.0309  0.0237  0.0241  0.0244  0.0244  0.0239  0.0240  0.0238  0.0248  0.0233  0.0229
  0.0276  0.0276  0.0236  0.0236  0.0235  0.0237  0.0236  0.0236  0.0236  0.0236  0.0233  0.0233
  0.0278  0.0250  0.0241  0.0235  0.0242  0.0236  0.0239  0.0240  0.0239  0.0233  0.0234  0.0239
  0.0286  0.0232  0.0250  0.0238  0.0274  0.0238  0.0248  0.0251  0.0246  0.0237  0.0237  0.0246
  0.0299  0.0225  0.0265  0.0260  0.0340  0.0259  0.0261  0.0267  0.0257  0.0250  0.0241  0.0254
niter,ni,del,rscale     7    3    5.0000    1.2000
parameter  2 -0.529542 -> -0.500000 qaram    1.7490
parameters
    0.6305   19.0549    2.8946  -10.7821  -16.8763   -9.1213
   -3.1919    1.0075    1.9629    3.3645   -3.7111   -4.7503
eta,q 0.97898 14.21277
  0.0257  0.0343  0.0228  0.0241  0.0275  0.0248  0.0240  0.0252  0.0234  0.0270  0.0219  0.0221
  0.0242  0.0295  0.0218  0.0226  0.0249  0.0232  0.0226  0.0230  0.0223  0.0244  0.0214  0.0213
  0.0232  0.0256  0.0212  0.0216  0.0226  0.0220  0.0217  0.0217  0.0216  0.0224  0.0212  0.0210
  0.0228  0.0228  0.0212  0.0212  0.0212  0.0214  0.0214  0.0214  0.0214  0.0214  0.0212  0.0212
  0.0231  0.0214  0.0217  0.0212  0.0214  0.0211  0.0216  0.0219  0.0215  0.0213  0.0213  0.0218
  0.0241  0.0213  0.0228  0.0224  0.0246  0.0219  0.0225  0.0231  0.0222  0.0220  0.0217  0.0226
  0.0256  0.0226  0.0245  0.0265  0.0312  0.0256  0.0239  0.0249  0.0233  0.0233  0.0222  0.0236
niter,ni,del,rscale     7    3    5.0000    1.2000
parameters
    0.6563   19.2386    2.6699  -10.5684  -16.8248   -8.9143
   -3.3116    1.1424    2.1809    4.1022   -3.5448   -4.9734
eta,q 0.97905 14.26035
  0.0241  0.0291  0.0231  0.0246  0.0278  0.0247  0.0235  0.0251  0.0230  0.0254  0.0219  0.0229
  0.0224  0.0248  0.0219  0.0228  0.0250  0.0230  0.0221  0.0226  0.0219  0.0230  0.0214  0.0218
  0.0214  0.0220  0.0212  0.0216  0.0226  0.0218  0.0212  0.0213  0.0212  0.0215  0.0211  0.0211
  0.0210  0.0210  0.0210  0.0210  0.0210  0.0210  0.0209  0.0209  0.0209  0.0209  0.0210  0.0210
  0.0213  0.0218  0.0214  0.0209  0.0208  0.0205  0.0213  0.0215  0.0211  0.0213  0.0210  0.0213
  0.0223  0.0241  0.0223  0.0218  0.0232  0.0214  0.0222  0.0227  0.0218  0.0223  0.0213  0.0220
  0.0240  0.0276  0.0238  0.0250  0.0294  0.0255  0.0237  0.0245  0.0228  0.0239  0.0218  0.0229
niter,ni,del,rscale     6    3    5.0000    1.2000
parameters
    0.6736   19.3208    2.5767  -10.5222  -16.8190   -8.9672
   -3.3574    1.1727    2.2055    4.2945   -3.5646   -5.0472
eta,q 0.97903 14.26560
  0.0240  0.0286  0.0232  0.0244  0.0277  0.0245  0.0236  0.0249  0.0229  0.0248  0.0219  0.0230
  0.0224  0.0244  0.0220  0.0227  0.0249  0.0229  0.0221  0.0225  0.0218  0.0226  0.0214  0.0218
  0.0213  0.0218  0.0212  0.0216  0.0225  0.0217  0.0213  0.0213  0.0212  0.0213  0.0211  0.0211
  0.0209  0.0209  0.0210  0.0210  0.0210  0.0209  0.0210  0.0210  0.0210  0.0210  0.0210  0.0210
  0.0213  0.0218  0.0213  0.0209  0.0208  0.0204  0.0212  0.0215  0.0212  0.0215  0.0211  0.0213
  0.0223  0.0242  0.0221  0.0217  0.0231  0.0215  0.0222  0.0227  0.0218  0.0226  0.0214  0.0220
  0.0239  0.0278  0.0236  0.0252  0.0295  0.0261  0.0237  0.0246  0.0229  0.0242  0.0219  0.0229
niter,ni,del,rscale     5    3    5.0000    1.2000
parameters
    0.6810   19.3544    2.5527  -10.5165  -16.8273   -8.9656
   -3.3636    1.1863    2.2261    4.3580   -3.5711   -5.0763
eta,q 0.97903 14.26706
  0.0239  0.0284  0.0233  0.0244  0.0277  0.0246  0.0236  0.0249  0.0229  0.0247  0.0219  0.0230
  0.0223  0.0242  0.0221  0.0227  0.0249  0.0229  0.0222  0.0225  0.0218  0.0225  0.0214  0.0219
  0.0213  0.0217  0.0213  0.0216  0.0225  0.0217  0.0213  0.0213  0.0212  0.0213  0.0211  0.0211
  0.0210  0.0210  0.0210  0.0210  0.0210  0.0210  0.0210  0.0210  0.0210  0.0210  0.0210  0.0210
  0.0213  0.0219  0.0212  0.0209  0.0208  0.0204  0.0212  0.0215  0.0212  0.0215  0.0211  0.0213
  0.0223  0.0243  0.0220  0.0218  0.0232  0.0215  0.0222  0.0227  0.0218  0.0227  0.0214  0.0220
  0.0239  0.0279  0.0235  0.0253  0.0295  0.0260  0.0236  0.0246  0.0229  0.0243  0.0219  0.0229
registration optimization eta report
parameter search radius
    2.4000    4.1976    3.1740    9.5220   10.9503    8.2800
    7.2000    7.2000    7.2000    8.2800    7.2000    9.5220
100000*second partial in parameter space
       51.       41.       24.        4.        6.        7.
        5.        7.        4.        5.        2.        2.
  0.0239  0.0284  0.0233  0.0244  0.0277  0.0246  0.0236  0.0249  0.0229  0.0247  0.0219  0.0230
  0.0223  0.0242  0.0221  0.0227  0.0249  0.0229  0.0222  0.0225  0.0218  0.0225  0.0214  0.0219
  0.0213  0.0217  0.0213  0.0216  0.0225  0.0217  0.0213  0.0213  0.0212  0.0213  0.0211  0.0211
  0.0210  0.0210  0.0210  0.0210  0.0210  0.0210  0.0210  0.0210  0.0210  0.0210  0.0210  0.0210
  0.0213  0.0219  0.0212  0.0209  0.0208  0.0204  0.0212  0.0215  0.0212  0.0215  0.0211  0.0213
  0.0223  0.0243  0.0220  0.0218  0.0232  0.0215  0.0222  0.0227  0.0218  0.0227  0.0214  0.0220
  0.0239  0.0279  0.0235  0.0253  0.0295  0.0260  0.0236  0.0246  0.0229  0.0243  0.0219  0.0229
    0.6810   19.3544    2.5527  -10.5165  -16.8273   -8.9656
   -3.3636    1.1863    2.2261    4.3580   -3.5711   -5.0763
eta,q 0.97903 14.26706

---------------------------------------------------------------------
imgreg_4dfp /opt/freesurfer/average/711-2C_as_mni_average_305 /opt/freesurfer/average/711-2B_as_mni_average_305_mask talsrcimg_g11 none talsrcimg_to_711-2C_as_mni_average_305_t4 2311
---------------------------------------------------------------------

freesurfer imgreg_4dfp.c
/opt/freesurfer/average/711-2C_as_mni_average_305.4dfp.img
       256       256       256         1
  1.000000  1.000000  1.000000
orientation T byte_order littleendian
Reading image: /opt/freesurfer/average/711-2C_as_mni_average_305.4dfp.img
dimensions:      256       256       256
mmppix:       1.0000   -1.0000   -1.0000
center:     128.0000 -129.0000 -129.0000
/opt/freesurfer/average/711-2B_as_mni_average_305_mask.4dfp.img
       256       256       256         1
  1.000000  1.000000  1.000000
orientation T byte_order littleendian
Reading mask: /opt/freesurfer/average/711-2B_as_mni_average_305_mask.4dfp.img (2306576 pixels)
talsrcimg_g11.4dfp.img
       256       256       256         1
  1.000000  1.000000  1.000000
orientation T byte_order littleendian
Reading image: talsrcimg_g11.4dfp.img
dimensions:      256       256       256
mmppix:       1.0000   -1.0000   -1.0000
center:     128.0000 -129.0000 -129.0000
fimgreg.f
image alignment mode   2311 decimal      907 hex
parameters
    0.6810   19.3544    2.5527  -10.5165  -16.8273   -8.9656
   -3.3636    1.1863    2.2261    4.3580   -3.5711   -5.0763
eta,q 0.97903 14.26706
niter,ni,del,rscale     5    3    5.0000    0.8000
parameter  6 -0.596962 -> -0.500000 qaram    1.1500
parameters
    0.6899   19.2681    2.5939   -8.6176  -14.9174   -6.2056
   -3.5660    1.5448    2.1097    4.8786   -2.7975   -5.0995
eta,q 0.98015 14.66401
  0.0223  0.0220  0.0216  0.0221  0.0231  0.0223  0.0213  0.0230  0.0209  0.0215  0.0208  0.0205
  0.0216  0.0214  0.0213  0.0216  0.0221  0.0216  0.0204  0.0211  0.0203  0.0206  0.0203  0.0202
  0.0211  0.0211  0.0210  0.0212  0.0214  0.0210  0.0200  0.0202  0.0200  0.0201  0.0200  0.0199
  0.0210  0.0210  0.0210  0.0210  0.0208  0.0206  0.0199  0.0199  0.0199  0.0199  0.0199  0.0199
  0.0211  0.0211  0.0210  0.0208  0.0206  0.0201  0.0201  0.0201  0.0200  0.0199  0.0199  0.0199
  0.0216  0.0215  0.0212  0.0209  0.0206  0.0198  0.0206  0.0208  0.0204  0.0202  0.0200  0.0202
  0.0223  0.0222  0.0216  0.0211  0.0212  0.0205  0.0215  0.0220  0.0210  0.0210  0.0203  0.0205
niter,ni,del,rscale     5    3    5.0000    0.8000
parameters
    0.5428   18.8769    2.2151   -8.7699  -14.6271   -7.4278
   -3.1156    1.3503    2.0290    4.6663   -2.3818   -4.5728
eta,q 0.98002 14.62678
  0.0211  0.0205  0.0204  0.0207  0.0215  0.0215  0.0217  0.0219  0.0209  0.0211  0.0206  0.0208
  0.0203  0.0200  0.0199  0.0203  0.0206  0.0209  0.0208  0.0207  0.0204  0.0204  0.0203  0.0204
  0.0199  0.0198  0.0197  0.0199  0.0200  0.0202  0.0202  0.0201  0.0201  0.0201  0.0201  0.0201
  0.0198  0.0198  0.0198  0.0197  0.0197  0.0197  0.0200  0.0200  0.0200  0.0200  0.0200  0.0200
  0.0201  0.0202  0.0201  0.0196  0.0197  0.0201  0.0201  0.0202  0.0201  0.0201  0.0200  0.0200
  0.0207  0.0208  0.0206  0.0201  0.0201  0.0223  0.0205  0.0209  0.0204  0.0206  0.0202  0.0202
  0.0217  0.0217  0.0214  0.0212  0.0213  0.0269  0.0212  0.0222  0.0210  0.0214  0.0204  0.0205
niter,ni,del,rscale     4    3    5.0000    0.7000
parameters
    0.5420   18.8940    2.1532   -8.3709  -14.5137   -7.3598
   -3.1741    1.3647    1.9476    4.7690   -2.2806   -4.4836
eta,q 0.98010 14.66400
  0.0211  0.0210  0.0206  0.0208  0.0212  0.0217  0.0210  0.0216  0.0207  0.0209  0.0204  0.0204
  0.0205  0.0204  0.0202  0.0204  0.0206  0.0211  0.0204  0.0206  0.0202  0.0203  0.0201  0.0201
  0.0201  0.0201  0.0200  0.0202  0.0202  0.0206  0.0200  0.0201  0.0200  0.0200  0.0199  0.0200
  0.0200  0.0200  0.0200  0.0200  0.0199  0.0199  0.0199  0.0199  0.0199  0.0199  0.0199  0.0199
  0.0201  0.0201  0.0201  0.0199  0.0200  0.0196  0.0200  0.0200  0.0200  0.0200  0.0200  0.0200
  0.0205  0.0204  0.0203  0.0201  0.0203  0.0203  0.0204  0.0206  0.0203  0.0203  0.0201  0.0201
  0.0211  0.0209  0.0207  0.0206  0.0213  0.0224  0.0211  0.0216  0.0207  0.0208  0.0203  0.0204
niter,ni,del,rscale     3    3    5.0000    0.6000
parameters
    0.5312   18.8601    2.1158   -8.1484  -14.3496   -6.9986
   -3.1707    1.3364    1.9058    4.8686   -2.2936   -4.4281
eta,q 0.98025 14.70475
  0.0207  0.0206  0.0204  0.0205  0.0209  0.0214  0.0206  0.0211  0.0203  0.0205  0.0201  0.0202
  0.0203  0.0202  0.0201  0.0202  0.0204  0.0210  0.0201  0.0203  0.0200  0.0201  0.0199  0.0199
  0.0200  0.0200  0.0199  0.0200  0.0201  0.0204  0.0198  0.0199  0.0198  0.0199  0.0198  0.0198
  0.0199  0.0199  0.0199  0.0199  0.0199  0.0199  0.0197  0.0197  0.0197  0.0198  0.0197  0.0197
  0.0200  0.0200  0.0200  0.0199  0.0199  0.0196  0.0198  0.0199  0.0198  0.0198  0.0198  0.0198
  0.0203  0.0202  0.0202  0.0200  0.0202  0.0200  0.0201  0.0203  0.0200  0.0200  0.0199  0.0199
  0.0208  0.0207  0.0204  0.0205  0.0208  0.0215  0.0206  0.0211  0.0203  0.0205  0.0201  0.0201
niter,ni,del,rscale     2    3    5.0000    0.5000
parameters
    0.5121   18.8153    2.0931   -8.0007  -14.2112   -6.7248
   -3.1943    1.3081    1.8887    4.9009   -2.3439   -4.4035
eta,q 0.98036 14.73267
  0.0203  0.0202  0.0201  0.0202  0.0204  0.0211  0.0203  0.0206  0.0201  0.0202  0.0199  0.0199
  0.0200  0.0199  0.0199  0.0200  0.0201  0.0207  0.0199  0.0201  0.0198  0.0199  0.0198  0.0198
  0.0198  0.0198  0.0198  0.0198  0.0199  0.0202  0.0197  0.0197  0.0197  0.0197  0.0197  0.0197
  0.0197  0.0197  0.0197  0.0197  0.0197  0.0197  0.0196  0.0196  0.0196  0.0196  0.0196  0.0196
  0.0198  0.0198  0.0198  0.0197  0.0197  0.0196  0.0197  0.0197  0.0197  0.0197  0.0197  0.0197
  0.0200  0.0200  0.0199  0.0199  0.0199  0.0200  0.0199  0.0201  0.0198  0.0199  0.0198  0.0198
  0.0204  0.0203  0.0202  0.0202  0.0204  0.0211  0.0203  0.0207  0.0201  0.0202  0.0199  0.0199
niter,ni,del,rscale     1    3    5.0000    0.4000
parameters
    0.4980   18.7822    2.0986   -7.9006  -14.1244   -6.4814
   -3.2406    1.2904    1.8714    4.9309   -2.4083   -4.3929
eta,q 0.98042 14.75207
  0.0200  0.0199  0.0199  0.0200  0.0201  0.0207  0.0200  0.0203  0.0198  0.0200  0.0198  0.0198
  0.0198  0.0198  0.0198  0.0198  0.0199  0.0204  0.0197  0.0199  0.0197  0.0198  0.0197  0.0197
  0.0197  0.0197  0.0197  0.0197  0.0197  0.0200  0.0196  0.0196  0.0196  0.0196  0.0196  0.0196
  0.0196  0.0196  0.0196  0.0196  0.0196  0.0196  0.0196  0.0196  0.0196  0.0196  0.0196  0.0196
  0.0197  0.0197  0.0197  0.0196  0.0197  0.0195  0.0196  0.0197  0.0196  0.0196  0.0196  0.0196
  0.0198  0.0198  0.0198  0.0197  0.0198  0.0199  0.0198  0.0199  0.0197  0.0197  0.0197  0.0197
  0.0201  0.0200  0.0199  0.0200  0.0201  0.0206  0.0200  0.0203  0.0199  0.0200  0.0198  0.0198
registration optimization eta report
parameter search radius
    0.8000    0.8000    0.8000    2.4000    2.4000    2.7600
    2.4000    2.4000    2.4000    2.4000    2.4000    2.4000
100000*second partial in parameter space
       64.       51.       44.        6.        8.       14.
        7.       12.        5.        7.        4.        3.
  0.0200  0.0199  0.0199  0.0200  0.0201  0.0207  0.0200  0.0203  0.0198  0.0200  0.0198  0.0198
  0.0198  0.0198  0.0198  0.0198  0.0199  0.0204  0.0197  0.0199  0.0197  0.0198  0.0197  0.0197
  0.0197  0.0197  0.0197  0.0197  0.0197  0.0200  0.0196  0.0196  0.0196  0.0196  0.0196  0.0196
  0.0196  0.0196  0.0196  0.0196  0.0196  0.0196  0.0196  0.0196  0.0196  0.0196  0.0196  0.0196
  0.0197  0.0197  0.0197  0.0196  0.0197  0.0195  0.0196  0.0197  0.0196  0.0196  0.0196  0.0196
  0.0198  0.0198  0.0198  0.0197  0.0198  0.0199  0.0198  0.0199  0.0197  0.0197  0.0197  0.0197
  0.0201  0.0200  0.0199  0.0200  0.0201  0.0206  0.0200  0.0203  0.0199  0.0200  0.0198  0.0198
    0.4980   18.7822    2.0986   -7.9006  -14.1244   -6.4814
   -3.2406    1.2904    1.8714    4.9309   -2.4083   -4.3929
eta,q 0.98042 14.75207

---------------------------------------------------------------------
imgreg_4dfp /opt/freesurfer/average/711-2C_as_mni_average_305 /opt/freesurfer/average/711-2B_as_mni_average_305_mask talsrcimg_g11 none talsrcimg_to_711-2C_as_mni_average_305_t4 2311
---------------------------------------------------------------------

freesurfer imgreg_4dfp.c
/opt/freesurfer/average/711-2C_as_mni_average_305.4dfp.img
       256       256       256         1
  1.000000  1.000000  1.000000
orientation T byte_order littleendian
Reading image: /opt/freesurfer/average/711-2C_as_mni_average_305.4dfp.img
dimensions:      256       256       256
mmppix:       1.0000   -1.0000   -1.0000
center:     128.0000 -129.0000 -129.0000
/opt/freesurfer/average/711-2B_as_mni_average_305_mask.4dfp.img
       256       256       256         1
  1.000000  1.000000  1.000000
orientation T byte_order littleendian
Reading mask: /opt/freesurfer/average/711-2B_as_mni_average_305_mask.4dfp.img (2306576 pixels)
talsrcimg_g11.4dfp.img
       256       256       256         1
  1.000000  1.000000  1.000000
orientation T byte_order littleendian
Reading image: talsrcimg_g11.4dfp.img
dimensions:      256       256       256
mmppix:       1.0000   -1.0000   -1.0000
center:     128.0000 -129.0000 -129.0000
fimgreg.f
image alignment mode   2311 decimal      907 hex
parameters
    0.4980   18.7822    2.0986   -7.9006  -14.1244   -6.4815
   -3.2406    1.2904    1.8714    4.9309   -2.4083   -4.3929
eta,q 0.98042 14.75206
niter,ni,del,rscale     5    3    5.0000    0.8000
parameters
    0.4856   18.7677    2.1801   -8.6762  -14.4868   -7.1941
   -3.0429    1.2618    1.9819    4.5710   -2.3325   -4.4103
eta,q 0.98012 14.65245
  0.0212  0.0209  0.0209  0.0205  0.0211  0.0214  0.0214  0.0220  0.0209  0.0210  0.0205  0.0205
  0.0203  0.0202  0.0202  0.0201  0.0204  0.0209  0.0206  0.0207  0.0203  0.0203  0.0201  0.0202
  0.0198  0.0197  0.0197  0.0198  0.0199  0.0202  0.0201  0.0201  0.0200  0.0200  0.0199  0.0199
  0.0196  0.0196  0.0196  0.0196  0.0196  0.0197  0.0199  0.0199  0.0199  0.0199  0.0199  0.0199
  0.0198  0.0197  0.0197  0.0197  0.0198  0.0198  0.0200  0.0201  0.0200  0.0201  0.0200  0.0200
  0.0203  0.0202  0.0201  0.0204  0.0205  0.0213  0.0204  0.0208  0.0203  0.0206  0.0201  0.0202
  0.0213  0.0210  0.0206  0.0219  0.0220  0.0242  0.0212  0.0221  0.0208  0.0215  0.0204  0.0205
niter,ni,del,rscale     4    3    5.0000    0.7000
parameters
    0.5220   18.8414    2.1474   -8.4332  -14.4718   -7.0114
   -3.1601    1.3026    1.9380    4.7367   -2.3340   -4.4663
eta,q 0.98022 14.67869
  0.0211  0.0210  0.0205  0.0207  0.0211  0.0214  0.0209  0.0216  0.0206  0.0209  0.0203  0.0203
  0.0204  0.0204  0.0201  0.0203  0.0205  0.0209  0.0202  0.0205  0.0201  0.0203  0.0200  0.0200
  0.0200  0.0200  0.0199  0.0201  0.0201  0.0204  0.0199  0.0200  0.0199  0.0199  0.0198  0.0198
  0.0199  0.0199  0.0199  0.0199  0.0199  0.0199  0.0198  0.0198  0.0198  0.0198  0.0198  0.0198
  0.0200  0.0200  0.0200  0.0198  0.0199  0.0196  0.0199  0.0199  0.0199  0.0198  0.0199  0.0198
  0.0203  0.0202  0.0202  0.0200  0.0203  0.0201  0.0203  0.0205  0.0201  0.0202  0.0200  0.0200
  0.0210  0.0207  0.0206  0.0207  0.0213  0.0217  0.0210  0.0215  0.0206  0.0207  0.0203  0.0203
niter,ni,del,rscale     3    3    5.0000    0.6000
parameters
    0.5203   18.8346    2.1186   -8.1945  -14.3419   -6.7544
   -3.1793    1.3075    1.9127    4.8395   -2.3302   -4.4476
eta,q 0.98033 14.71209
  0.0206  0.0205  0.0203  0.0204  0.0208  0.0211  0.0205  0.0211  0.0203  0.0205  0.0201  0.0201
  0.0202  0.0201  0.0200  0.0201  0.0203  0.0207  0.0200  0.0203  0.0199  0.0201  0.0198  0.0199
  0.0199  0.0199  0.0198  0.0199  0.0199  0.0202  0.0198  0.0198  0.0197  0.0198  0.0197  0.0197
  0.0198  0.0198  0.0198  0.0198  0.0198  0.0198  0.0197  0.0197  0.0197  0.0197  0.0197  0.0197
  0.0199  0.0199  0.0199  0.0197  0.0198  0.0196  0.0198  0.0198  0.0197  0.0197  0.0197  0.0197
  0.0202  0.0201  0.0201  0.0199  0.0201  0.0200  0.0201  0.0203  0.0199  0.0200  0.0199  0.0199
  0.0206  0.0205  0.0204  0.0204  0.0207  0.0212  0.0205  0.0211  0.0203  0.0204  0.0201  0.0201
niter,ni,del,rscale     2    3    5.0000    0.5000
parameters
    0.5051   18.8045    2.1123   -8.0553  -14.2219   -6.5408
   -3.2017    1.2866    1.8973    4.8743   -2.3841   -4.4262
eta,q 0.98039 14.73517
  0.0203  0.0202  0.0201  0.0202  0.0204  0.0208  0.0202  0.0206  0.0200  0.0202  0.0199  0.0199
  0.0199  0.0199  0.0198  0.0199  0.0200  0.0204  0.0199  0.0200  0.0198  0.0199  0.0197  0.0197
  0.0197  0.0197  0.0197  0.0198  0.0198  0.0200  0.0197  0.0197  0.0197  0.0197  0.0196  0.0196
  0.0197  0.0197  0.0197  0.0197  0.0197  0.0197  0.0196  0.0196  0.0196  0.0196  0.0196  0.0196
  0.0197  0.0197  0.0197  0.0197  0.0197  0.0196  0.0197  0.0197  0.0197  0.0197  0.0197  0.0196
  0.0200  0.0199  0.0199  0.0198  0.0199  0.0199  0.0199  0.0200  0.0198  0.0198  0.0198  0.0197
  0.0203  0.0202  0.0201  0.0202  0.0203  0.0208  0.0202  0.0207  0.0200  0.0202  0.0199  0.0199
niter,ni,del,rscale     1    3    5.0000    0.4000
parameters
    0.4951   18.7743    2.1211   -7.9405  -14.1338   -6.3462
   -3.2462    1.2750    1.8763    4.8953   -2.4293   -4.4383
eta,q 0.98044 14.75300
  0.0200  0.0199  0.0199  0.0199  0.0201  0.0205  0.0200  0.0202  0.0198  0.0199  0.0198  0.0198
  0.0198  0.0197  0.0197  0.0198  0.0198  0.0202  0.0197  0.0199  0.0197  0.0197  0.0196  0.0196
  0.0196  0.0196  0.0196  0.0197  0.0197  0.0198  0.0196  0.0196  0.0196  0.0196  0.0196  0.0196
  0.0196  0.0196  0.0196  0.0196  0.0196  0.0196  0.0196  0.0196  0.0196  0.0196  0.0196  0.0196
  0.0196  0.0196  0.0196  0.0196  0.0196  0.0195  0.0196  0.0196  0.0196  0.0196  0.0196  0.0196
  0.0198  0.0198  0.0197  0.0197  0.0197  0.0198  0.0198  0.0199  0.0197  0.0197  0.0197  0.0196
  0.0200  0.0200  0.0199  0.0199  0.0200  0.0204  0.0200  0.0203  0.0198  0.0199  0.0198  0.0198
registration optimization eta report
parameter search radius
    0.8000    0.8000    0.8000    2.4000    2.4000    2.4000
    2.4000    2.4000    2.4000    2.4000    2.4000    2.4000
100000*second partial in parameter space
       64.       52.       46.        6.        8.       15.
        7.       12.        5.        7.        4.        4.
  0.0200  0.0199  0.0199  0.0199  0.0201  0.0205  0.0200  0.0202  0.0198  0.0199  0.0198  0.0198
  0.0198  0.0197  0.0197  0.0198  0.0198  0.0202  0.0197  0.0199  0.0197  0.0197  0.0196  0.0196
  0.0196  0.0196  0.0196  0.0197  0.0197  0.0198  0.0196  0.0196  0.0196  0.0196  0.0196  0.0196
  0.0196  0.0196  0.0196  0.0196  0.0196  0.0196  0.0196  0.0196  0.0196  0.0196  0.0196  0.0196
  0.0196  0.0196  0.0196  0.0196  0.0196  0.0195  0.0196  0.0196  0.0196  0.0196  0.0196  0.0196
  0.0198  0.0198  0.0197  0.0197  0.0197  0.0198  0.0198  0.0199  0.0197  0.0197  0.0197  0.0196
  0.0200  0.0200  0.0199  0.0199  0.0200  0.0204  0.0200  0.0203  0.0198  0.0199  0.0198  0.0198
    0.4951   18.7743    2.1211   -7.9405  -14.1338   -6.3462
   -3.2462    1.2750    1.8763    4.8953   -2.4293   -4.4383
eta,q 0.98044 14.75300

---------------------------------------------------------------------
compute_vox2vox talsrcimg talsrcimg_to_711-2C_as_mni_average_305_t4 /opt/freesurfer/average/711-2C_as_mni_average_305
---------------------------------------------------------------------

freesurfer compute_vox2vox.c
Reading: talsrcimg.4dfp.ifh
Reading: talsrcimg_to_711-2C_as_mni_average_305_t4
Reading: /opt/freesurfer/average/711-2C_as_mni_average_305.4dfp.ifh
Writing: talsrcimg_to_711-2C_as_mni_average_305_t4_vox2vox.txt

start time Mon Mar 9 12:20:11 CET 2026
end		time Mon Mar 9 12:21:36 CET 2026

mpr2mni305 success

avi2talxfm orig_nu.mgz /opt/freesurfer/average/mni305.cor.mgz talsrcimg_to_711-2C_as_mni_average_305_t4_vox2vox.txt transforms/talairach.auto.xfm
avi2talxfm done
mv -f /out/sourcedata/freesurfer/sub-v1s22x0050451_ses-1/mri/talsrcimg_to_711-2C_as_mni_average_305_t4_vox2vox.txt /out/sourcedata/freesurfer/sub-v1s22x0050451_ses-1/mri/transforms/talsrcimg_to_711-2C_as_mni_average_305_t4_vox2vox.txt
lta_convert --src orig_nu.mgz --trg /opt/freesurfer/average/mni305.cor.mgz --inxfm transforms/talairach.auto.xfm --outlta transforms/talairach.auto.xfm.lta --subject fsaverage
7.3.2

--src: orig_nu.mgz src image (geometry).
--trg: /opt/freesurfer/average/mni305.cor.mgz trg image (geometry).
--inmni: transforms/talairach.auto.xfm input MNI/XFM transform.
--outlta: transforms/talairach.auto.xfm.lta output LTA.
--s: fsaverage subject name
 LTA read, type : 1
 1.08499  -0.01687   0.04015   2.80333;
 0.02695   1.06447   0.05604  -52.24256;
-0.02524  -0.06032   1.16053  -2.38963;
 0.00000   0.00000   0.00000   1.00000;
setting subject to fsaverage
Writing  LTA to file transforms/talairach.auto.xfm.lta...
lta_convert successful.
 
 
Started at Mon Mar 9 12:20:10 CET 2026
Ended   at Mon Mar  9 12:21:36 CET 2026
talairach_avi done
