status file for recon-all
Mon Mar  9 17:35:57 CET 2026
#@# Tessellate rh Mon Mar  9 17:35:57 CET 2026
#@# Smooth1 rh Mon Mar  9 17:36:00 CET 2026
#@# Inflation1 rh Mon Mar  9 17:36:02 CET 2026
#@# QSphere rh Mon Mar  9 17:36:16 CET 2026
#@# Fix Topology rh Mon Mar  9 17:37:35 CET 2026
#@# Smooth2 rh Mon Mar  9 17:42:12 CET 2026
#@# Inflation2 rh Mon Mar  9 17:42:14 CET 2026
#@# Curv .H and .K rh Mon Mar  9 17:42:27 CET 2026
#@# Sphere rh Mon Mar  9 17:43:06 CET 2026
#@# Surf Reg rh Mon Mar  9 17:46:19 CET 2026
#@# Jacobian white rh Mon Mar  9 17:50:19 CET 2026
#@# AvgCurv rh Mon Mar  9 17:50:20 CET 2026
#@# Cortical Parc rh Mon Mar  9 17:50:21 CET 2026
#@# white curv rh Mon Mar  9 17:56:33 CET 2026
#@# white area rh Mon Mar  9 17:56:34 CET 2026
#@# pial curv rh Mon Mar  9 17:56:35 CET 2026
#@# pial area rh Mon Mar  9 17:56:37 CET 2026
#@# thickness rh Mon Mar  9 17:56:37 CET 2026
#@# area and vertex vol rh Mon Mar  9 17:56:57 CET 2026
#@# Curvature Stats rh Mon Mar  9 17:56:59 CET 2026
#@# Cortical Parc 2 rh Mon Mar  9 17:57:01 CET 2026
#@# Cortical Parc 3 rh Mon Mar  9 17:57:11 CET 2026
#@# WM/GM Contrast rh Mon Mar  9 17:57:19 CET 2026
recon-all -s sub-v1s22x0050501_ses-1 finished without error at Mon Mar  9 17:57:24 CET 2026



#New# invocation of recon-all 



status file for recon-all
Mon Mar  9 18:05:27 CET 2026
#@# white curv rh Mon Mar  9 18:05:27 CET 2026
#@# white area rh Mon Mar  9 18:05:27 CET 2026
#@# pial curv rh Mon Mar  9 18:05:27 CET 2026
#@# pial area rh Mon Mar  9 18:05:27 CET 2026
#@# thickness rh Mon Mar  9 18:05:27 CET 2026
#@# area and vertex vol rh Mon Mar  9 18:05:27 CET 2026
#@# Parcellation Stats rh Mon Mar  9 18:05:27 CET 2026
#@# Parcellation Stats 2 rh Mon Mar  9 18:05:44 CET 2026
#@# Parcellation Stats 3 rh Mon Mar  9 18:05:52 CET 2026
#@# BA_exvivo Labels rh Mon Mar  9 18:06:00 CET 2026
recon-all -s sub-v1s22x0050501_ses-1 finished without error at Mon Mar  9 18:08:12 CET 2026
