status file for recon-all
Mon Mar  9 16:07:22 CET 2026
#@# MotionCor Mon Mar  9 16:07:28 CET 2026
#@# Talairach Mon Mar  9 16:07:37 CET 2026
#@# Talairach Failure Detection Mon Mar  9 16:10:26 CET 2026
#@# Nu Intensity Correction Mon Mar  9 16:10:26 CET 2026
#@# Intensity Normalization Mon Mar  9 16:13:11 CET 2026
recon-all -s sub-v1s22x0050516_ses-1 finished without error at Mon Mar  9 16:14:12 CET 2026



#New# invocation of recon-all 



status file for recon-all
Mon Mar  9 16:23:14 CET 2026
#@# EM Registration Mon Mar  9 16:23:14 CET 2026
recon-all -s sub-v1s22x0050516_ses-1 finished without error at Mon Mar  9 16:24:39 CET 2026



#New# invocation of recon-all 



status file for recon-all
Mon Mar  9 16:24:42 CET 2026
#@# CA Normalize Mon Mar  9 16:24:42 CET 2026
#@# CA Reg Mon Mar  9 16:25:38 CET 2026
#@# SubCort Seg Mon Mar  9 16:57:54 CET 2026
#@# CC Seg Mon Mar  9 17:18:33 CET 2026
#@# Merge ASeg Mon Mar  9 17:18:56 CET 2026
#@# Intensity Normalization2 Mon Mar  9 17:18:56 CET 2026
#@# Mask BFS Mon Mar  9 17:20:30 CET 2026
#@# WM Segmentation Mon Mar  9 17:20:30 CET 2026
#@# Fill Mon Mar  9 17:22:00 CET 2026
recon-all -s sub-v1s22x0050516_ses-1 finished without error at Mon Mar  9 17:22:38 CET 2026



#New# invocation of recon-all 



status file for recon-all
Mon Mar  9 17:56:31 CET 2026
#@# white curv lh Mon Mar  9 17:56:31 CET 2026
#@# white area lh Mon Mar  9 17:56:31 CET 2026
#@# pial curv lh Mon Mar  9 17:56:31 CET 2026
#@# pial area lh Mon Mar  9 17:56:31 CET 2026
#@# thickness lh Mon Mar  9 17:56:31 CET 2026
#@# area and vertex vol lh Mon Mar  9 17:56:31 CET 2026
#@# white curv rh Mon Mar  9 17:56:31 CET 2026
#@# white area rh Mon Mar  9 17:56:31 CET 2026
#@# pial curv rh Mon Mar  9 17:56:31 CET 2026
#@# pial area rh Mon Mar  9 17:56:31 CET 2026
#@# thickness rh Mon Mar  9 17:56:31 CET 2026
#@# area and vertex vol rh Mon Mar  9 17:56:31 CET 2026
#@# Cortical ribbon mask Mon Mar  9 17:56:31 CET 2026
recon-all -s sub-v1s22x0050516_ses-1 finished without error at Mon Mar  9 18:00:52 CET 2026



#New# invocation of recon-all 



status file for recon-all
Mon Mar  9 18:05:55 CET 2026
#@# white curv lh Mon Mar  9 18:05:55 CET 2026
#@# white area lh Mon Mar  9 18:05:55 CET 2026
#@# pial curv lh Mon Mar  9 18:05:55 CET 2026
#@# pial area lh Mon Mar  9 18:05:55 CET 2026
#@# thickness lh Mon Mar  9 18:05:55 CET 2026
#@# area and vertex vol lh Mon Mar  9 18:05:55 CET 2026
#@# white curv rh Mon Mar  9 18:05:55 CET 2026
#@# white area rh Mon Mar  9 18:05:55 CET 2026
#@# pial curv rh Mon Mar  9 18:05:55 CET 2026
#@# pial area rh Mon Mar  9 18:05:55 CET 2026
#@# thickness rh Mon Mar  9 18:05:56 CET 2026
#@# area and vertex vol rh Mon Mar  9 18:05:56 CET 2026
#@# Curvature Stats lh Mon Mar  9 18:05:56 CET 2026
#@# Curvature Stats rh Mon Mar  9 18:05:57 CET 2026
#@# Relabel Hypointensities Mon Mar  9 18:05:59 CET 2026
#@# APas-to-ASeg Mon Mar  9 18:06:09 CET 2026
#@# AParc-to-ASeg aparc Mon Mar  9 18:06:15 CET 2026
#@# AParc-to-ASeg aparc.a2009s Mon Mar  9 18:06:42 CET 2026
#@# AParc-to-ASeg aparc.DKTatlas Mon Mar  9 18:07:07 CET 2026
#@# WMParc Mon Mar  9 18:07:33 CET 2026
#@# ASeg Stats Mon Mar  9 18:09:23 CET 2026
recon-all -s sub-v1s22x0050516_ses-1 finished without error at Mon Mar  9 18:09:40 CET 2026
