status file for recon-all
Mon Mar  9 17:22:44 CET 2026
#@# Tessellate lh Mon Mar  9 17:22:44 CET 2026
#@# Smooth1 lh Mon Mar  9 17:22:47 CET 2026
#@# Inflation1 lh Mon Mar  9 17:22:49 CET 2026
#@# QSphere lh Mon Mar  9 17:22:58 CET 2026
#@# Fix Topology lh Mon Mar  9 17:23:48 CET 2026
#@# Smooth2 lh Mon Mar  9 17:28:21 CET 2026
#@# Inflation2 lh Mon Mar  9 17:28:23 CET 2026
#@# Curv .H and .K lh Mon Mar  9 17:28:32 CET 2026
#@# Sphere lh Mon Mar  9 17:29:10 CET 2026
#@# Surf Reg lh Mon Mar  9 17:30:50 CET 2026
#@# Jacobian white lh Mon Mar  9 17:33:35 CET 2026
#@# AvgCurv lh Mon Mar  9 17:33:35 CET 2026
#@# Cortical Parc lh Mon Mar  9 17:33:36 CET 2026
#@# white curv lh Mon Mar  9 17:39:32 CET 2026
#@# white area lh Mon Mar  9 17:39:33 CET 2026
#@# pial curv lh Mon Mar  9 17:39:34 CET 2026
#@# pial area lh Mon Mar  9 17:39:35 CET 2026
#@# thickness lh Mon Mar  9 17:39:35 CET 2026
#@# area and vertex vol lh Mon Mar  9 17:39:55 CET 2026
#@# Curvature Stats lh Mon Mar  9 17:39:56 CET 2026
#@# Cortical Parc 2 lh Mon Mar  9 17:39:58 CET 2026
#@# Cortical Parc 3 lh Mon Mar  9 17:40:08 CET 2026
#@# WM/GM Contrast lh Mon Mar  9 17:40:16 CET 2026
recon-all -s sub-v1s22x0050516_ses-1 finished without error at Mon Mar  9 17:40:19 CET 2026



#New# invocation of recon-all 



status file for recon-all
Mon Mar  9 18:00:55 CET 2026
#@# white curv lh Mon Mar  9 18:00:55 CET 2026
#@# white area lh Mon Mar  9 18:00:55 CET 2026
#@# pial curv lh Mon Mar  9 18:00:55 CET 2026
#@# pial area lh Mon Mar  9 18:00:55 CET 2026
#@# thickness lh Mon Mar  9 18:00:55 CET 2026
#@# area and vertex vol lh Mon Mar  9 18:00:55 CET 2026
#@# Parcellation Stats lh Mon Mar  9 18:00:55 CET 2026
#@# Parcellation Stats 2 lh Mon Mar  9 18:01:11 CET 2026
#@# Parcellation Stats 3 lh Mon Mar  9 18:01:19 CET 2026
#@# BA_exvivo Labels lh Mon Mar  9 18:01:26 CET 2026
recon-all -s sub-v1s22x0050516_ses-1 finished without error at Mon Mar  9 18:03:20 CET 2026
