/out/sourcedata/freesurfer/sub-v1s22x0050502_ses-1/mri
/opt/freesurfer/bin/talairach_avi
--i orig_nu.mgz --xfm transforms/talairach.auto.xfm
talairach_avi 7.3.2
Linux dna058 5.14.0-427.37.1.el9_4.x86_64 #1 SMP PREEMPT_DYNAMIC Fri Sep 13 12:41:50 EDT 2024 x86_64 x86_64 x86_64 GNU/Linux
Mon Mar  9 15:50:21 CET 2026
mri_convert orig_nu.mgz talsrcimg.img 
reading from orig_nu.mgz...
TR=0.00, TE=0.00, TI=0.00, flip angle=0.00
i_ras = (-1, 0, -1.86265e-09)
j_ras = (0, 0, -1)
k_ras = (0, 1, 0)
writing to talsrcimg.img...
Analyze Output Matrix
-1.00000   0.00000   0.00000   124.95976;
 0.00000   0.00000   1.00000  -79.06911;
-0.00000  -1.00000   0.00000   113.94701;
 0.00000   0.00000   0.00000   1.00000;
--------------------
INFO: set hdr.hist.orient to -1
mpr2mni305 talsrcimg
Mon Mar  9 15:50:22 CET 2026
/opt/freesurfer/bin/mpr2mni305 talsrcimg
mpr2mni305 7.3.2
target=711-2C_as_mni_average_305

---------------------------------------------------------------------
analyzeto4dfp talsrcimg -O0 -y
---------------------------------------------------------------------

freesurfer ifh2hdr.c
Mon Mar  9 15:50:22 2026
Writing: talsrcimg.4dfp.hdr
freesurfer analyzeto4dfp.c
Reading: talsrcimg.hdr
header size 348 bytes
hdr.dime.datatype	offset=70	value=2
hdr.dime.bitpix		offset=72	value=8
hdr.hist.orient		offset=252	value=-1
dimensionality     4
dimensions       256       256       256         1
Reading: talsrcimg.img
Writing: talsrcimg.4dfp.img
Writing: talsrcimg.4dfp.ifh
ifh2hdr talsrcimg -r0to187
ori=2

---------------------------------------------------------------------
gauss_4dfp talsrcimg 1.1
---------------------------------------------------------------------

freesurfer gauss_4dfp.c
Reading: talsrcimg.4dfp.img
Writing: talsrcimg_g11.4dfp.img
image dimensions 256 256 256 padded to 288 288 288
processing volume 1freesurfer ifh2hdr.c
Mon Mar  9 15:50:23 2026
Writing: talsrcimg_g11.4dfp.hdr

Writing: talsrcimg_g11.4dfp.ifh
including: talsrcimg.4dfp.img.rec in talsrcimg_g11.4dfp.img.rec

---------------------------------------------------------------------
imgreg_4dfp /opt/freesurfer/average/711-2C_as_mni_average_305 none talsrcimg_g11 none talsrcimg_to_711-2C_as_mni_average_305_t4 4355
---------------------------------------------------------------------

freesurfer imgreg_4dfp.c
/opt/freesurfer/average/711-2C_as_mni_average_305.4dfp.img
       256       256       256         1
  1.000000  1.000000  1.000000
orientation T byte_order littleendian
Reading image: /opt/freesurfer/average/711-2C_as_mni_average_305.4dfp.img
dimensions:      256       256       256
mmppix:       1.0000   -1.0000   -1.0000
center:     128.0000 -129.0000 -129.0000
talsrcimg_g11.4dfp.img
       256       256       256         1
  1.000000  1.000000  1.000000
orientation T byte_order littleendian
Reading image: talsrcimg_g11.4dfp.img
dimensions:      256       256       256
mmppix:       1.0000   -1.0000   -1.0000
center:     128.0000 -129.0000 -129.0000
t4_read: open error in t4_sub.f l:  41 t4_file(1:l)talsrcimg_to_711-2C_as_mni_average_305_t4 
t4_read: transform initialized to I4
rotation matrix determinant  1.000000
image alignment mode   4355 decimal     1103 hex
   -7.5000  -45.0000  -45.0000 6552.8364   18.5375
    0.0000  -45.0000  -45.0000 6773.5728   18.5408
    7.5000  -45.0000  -45.0000 6441.6587   18.5420
   -7.5000  -37.5000  -45.0000 7105.1387   17.9179
    0.0000  -37.5000  -45.0000 7364.0249   17.9195
    7.5000  -37.5000  -45.0000 7001.0527   17.9160
   -7.5000  -30.0000  -45.0000 7987.3726   17.4469
    0.0000  -30.0000  -45.0000 8288.2891   17.4506
    7.5000  -30.0000  -45.0000 7864.4839   17.4444
   -7.5000  -22.5000  -45.0000 8909.5117   17.0884
    0.0000  -22.5000  -45.0000 9255.4463   17.0961
    7.5000  -22.5000  -45.0000 8754.5146   17.0903
   -7.5000  -15.0000  -45.0000 9856.4541   16.8569
    0.0000  -15.0000  -45.000010248.3291   16.8661
    7.5000  -15.0000  -45.0000 9688.4756   16.8641
   -7.5000   -7.5000  -45.000010799.7578   16.7752
    0.0000   -7.5000  -45.000011257.5049   16.7808
    7.5000   -7.5000  -45.000010646.9238   16.7808
   -7.5000    0.0000  -45.000011711.8623   16.7601
    0.0000    0.0000  -45.000012202.0928   16.7605
    7.5000    0.0000  -45.000011518.0469   16.7599
   -7.5000    7.5000  -45.000011735.4375   16.7757
    0.0000    7.5000  -45.000012219.3955   16.7760
    7.5000    7.5000  -45.000011534.6875   16.7727
   -7.5000   15.0000  -45.000011671.0381   16.7914
    0.0000   15.0000  -45.000012140.5625   16.7953
    7.5000   15.0000  -45.000011468.3613   16.7893
   -7.5000   22.5000  -45.000011529.0371   16.7902
    0.0000   22.5000  -45.000011983.3604   16.7981
    7.5000   22.5000  -45.000011318.3174   16.7925
   -7.5000   30.0000  -45.000011132.8086   16.5568
    0.0000   30.0000  -45.000011570.2012   16.5662
    7.5000   30.0000  -45.000010930.9746   16.5640
   -7.5000   37.5000  -45.000011033.5654   16.5370
    0.0000   37.5000  -45.000011471.5293   16.5427
    7.5000   37.5000  -45.000010830.4043   16.5426
   -7.5000   45.0000  -45.000010499.0137   16.1169
    0.0000   45.0000  -45.000010949.3760   16.1172
    7.5000   45.0000  -45.000010305.4336   16.1167
   -7.5000  -45.0000  -37.5000 6791.8032   18.3936
    0.0000  -45.0000  -37.5000 7035.9912   18.4042
    7.5000  -45.0000  -37.5000 6683.6011   18.4097
   -7.5000  -37.5000  -37.5000 7389.0547   17.7907
    0.0000  -37.5000  -37.5000 7657.7788   17.7970
    7.5000  -37.5000  -37.5000 7284.1187   17.7964
   -7.5000  -30.0000  -37.5000 8344.0068   17.3401
    0.0000  -30.0000  -37.5000 8658.7412   17.3426
    7.5000  -30.0000  -37.5000 8206.9756   17.3357
   -7.5000  -22.5000  -37.5000 9335.1699   16.9961
    0.0000  -22.5000  -37.5000 9708.7178   16.9988
    7.5000  -22.5000  -37.5000 9172.4727   16.9895
   -7.5000  -15.0000  -37.500010336.6846   16.7673
    0.0000  -15.0000  -37.500010762.8955   16.7733
    7.5000  -15.0000  -37.500010161.9873   16.7682
   -7.5000   -7.5000  -37.500011336.1885   16.6735
    0.0000   -7.5000  -37.500011822.2949   16.6818
    7.5000   -7.5000  -37.500011187.3145   16.6829
   -7.5000    0.0000  -37.500012303.0146   16.6463
    0.0000    0.0000  -37.500012819.2607   16.6537
    7.5000    0.0000  -37.500012118.4424   16.6576
   -7.5000    7.5000  -37.500012346.1426   16.6638
    0.0000    7.5000  -37.500012853.7354   16.6687
    7.5000    7.5000  -37.500012142.9199   16.6687
   -7.5000   15.0000  -37.500012254.4619   16.6909
    0.0000   15.0000  -37.500012721.0264   16.6939
    7.5000   15.0000  -37.500012036.9492   16.6874
   -7.5000   22.5000  -37.500012067.9385   16.7006
    0.0000   22.5000  -37.500012531.9668   16.7037
    7.5000   22.5000  -37.500011866.4268   16.6949
   -7.5000   30.0000  -37.500011635.8906   16.4692
    0.0000   30.0000  -37.500012091.2578   16.4753
    7.5000   30.0000  -37.500011458.1201   16.4702
   -7.5000   37.5000  -37.500011535.7451   16.4369
    0.0000   37.5000  -37.500012000.7266   16.4452
    7.5000   37.5000  -37.500011349.3936   16.4462
   -7.5000   45.0000  -37.500010971.4170   16.0074
    0.0000   45.0000  -37.500011436.6387   16.0145
    7.5000   45.0000  -37.500010808.7939   16.0183
   -7.5000  -45.0000  -30.0000 7157.3521   19.2020
    0.0000  -45.0000  -30.0000 7427.9946   19.2196
    7.5000  -45.0000  -30.0000 7083.7480   19.2192
   -7.5000  -37.5000  -30.0000 7818.3184   18.5745
    0.0000  -37.5000  -30.0000 8114.6270   18.5858
    7.5000  -37.5000  -30.0000 7727.3096   18.5792
   -7.5000  -30.0000  -30.0000 8864.2734   18.1092
    0.0000  -30.0000  -30.0000 9218.1152   18.1104
    7.5000  -30.0000  -30.0000 8729.3516   18.0934
   -7.5000  -22.5000  -30.0000 9955.3232   17.7512
    0.0000  -22.5000  -30.000010374.3965   17.7482
    7.5000  -22.5000  -30.0000 9791.1982   17.7275
   -7.5000  -15.0000  -30.000011029.8789   17.5111
    0.0000  -15.0000  -30.000011497.9727   17.5128
    7.5000  -15.0000  -30.000010855.0439   17.4980
   -7.5000   -7.5000  -30.000012096.7822   17.4082
    0.0000   -7.5000  -30.000012602.4014   17.4181
    7.5000   -7.5000  -30.000011955.3672   17.4136
   -7.5000    0.0000  -30.000013164.9775   17.3753
    0.0000    0.0000  -30.000013684.1133   17.3892
    7.5000    0.0000  -30.000012961.8506   17.3900
   -7.5000    7.5000  -30.000013230.2734   17.3951
    0.0000    7.5000  -30.000013735.4717   17.4047
    7.5000    7.5000  -30.000012978.8252   17.3998
   -7.5000   15.0000  -30.000013113.9932   17.4283
    0.0000   15.0000  -30.000013577.9834   17.4301
    7.5000   15.0000  -30.000012861.3652   17.4147
   -7.5000   22.5000  -30.000012895.9287   17.4398
    0.0000   22.5000  -30.000013378.4619   17.4375
    7.5000   22.5000  -30.000012691.8340   17.4177
   -7.5000   30.0000  -30.000012452.1621   17.2010
    0.0000   30.0000  -30.000012948.3359   17.2029
    7.5000   30.0000  -30.000012266.6025   17.1883
   -7.5000   37.5000  -30.000012342.6670   17.1627
    0.0000   37.5000  -30.000012856.1855   17.1726
    7.5000   37.5000  -30.000012160.9043   17.1681
   -7.5000   45.0000  -30.000011731.8887   16.7207
    0.0000   45.0000  -30.000012232.8691   16.7341
    7.5000   45.0000  -30.000011570.1719   16.7349
   -7.5000  -45.0000  -22.5000 7545.5825   19.9225
    0.0000  -45.0000  -22.5000 7834.0405   19.9397
    7.5000  -45.0000  -22.5000 7492.9980   19.9286
   -7.5000  -37.5000  -22.5000 8274.3994   19.2653
    0.0000  -37.5000  -22.5000 8604.0166   19.2766
    7.5000  -37.5000  -22.5000 8191.0737   19.2601
   -7.5000  -30.0000  -22.5000 9390.7549   18.7716
    0.0000  -30.0000  -22.5000 9779.7041   18.7720
    7.5000  -30.0000  -22.5000 9262.2979   18.7450
   -7.5000  -22.5000  -22.500010564.2363   18.3893
    0.0000  -22.5000  -22.500011006.8496   18.3848
    7.5000  -22.5000  -22.500010391.1113   18.3563
   -7.5000  -15.0000  -22.500011726.1963   18.1382
    0.0000  -15.0000  -22.500012216.3877   18.1387
    7.5000  -15.0000  -22.500011552.2148   18.1177
   -7.5000   -7.5000  -22.500012885.6523   18.0413
    0.0000   -7.5000  -22.500013426.7090   18.0503
    7.5000   -7.5000  -22.500012716.9717   18.0393
   -7.5000    0.0000  -22.500014056.1777   18.0177
    0.0000    0.0000  -22.500014621.9609   18.0309
    7.5000    0.0000  -22.500013816.3848   18.0238
   -7.5000    7.5000  -22.500014127.1006   18.0383
    0.0000    7.5000  -22.500014669.4346   18.0478
    7.5000    7.5000  -22.500013842.6602   18.0339
   -7.5000   15.0000  -22.500014006.4883   18.0647
    0.0000   15.0000  -22.500014504.9482   18.0656
    7.5000   15.0000  -22.500013722.1504   18.0413
   -7.5000   22.5000  -22.500013815.4150   18.0652
    0.0000   22.5000  -22.500014308.2920   18.0615
    7.5000   22.5000  -22.500013542.1162   18.0341
   -7.5000   30.0000  -22.500013366.4014   17.8195
    0.0000   30.0000  -22.500013884.3818   17.8203
    7.5000   30.0000  -22.500013121.9570   17.7996
   -7.5000   37.5000  -22.500013235.5010   17.7895
    0.0000   37.5000  -22.500013784.6211   17.7985
    7.5000   37.5000  -22.500013019.6611   17.7877
   -7.5000   45.0000  -22.500012546.9072   17.3520
    0.0000   45.0000  -22.500013085.9922   17.3646
    7.5000   45.0000  -22.500012359.5605   17.3578
   -7.5000  -45.0000  -15.0000 7926.9238   20.4184
    0.0000  -45.0000  -15.0000 8238.9355   20.4299
    7.5000  -45.0000  -15.0000 7872.3413   20.4147
   -7.5000  -37.5000  -15.0000 8714.2520   19.7367
    0.0000  -37.5000  -15.0000 9056.9980   19.7447
    7.5000  -37.5000  -15.0000 8622.4375   19.7261
   -7.5000  -30.0000  -15.0000 9867.0811   19.2149
    0.0000  -30.0000  -15.000010275.1055   19.2172
    7.5000  -30.0000  -15.0000 9738.5000   19.1916
   -7.5000  -22.5000  -15.000011080.9600   18.8120
    0.0000  -22.5000  -15.000011548.6396   18.8122
    7.5000  -22.5000  -15.000010909.8271   18.7874
   -7.5000  -15.0000  -15.000012332.4629   18.5544
    0.0000  -15.0000  -15.000012836.8760   18.5580
    7.5000  -15.0000  -15.000012153.7432   18.5401
   -7.5000   -7.5000  -15.000013609.1104   18.4697
    0.0000   -7.5000  -15.000014183.9824   18.4767
    7.5000   -7.5000  -15.000013418.9111   18.4649
   -7.5000    0.0000  -15.000014872.1504   18.4599
    0.0000    0.0000  -15.000015505.0742   18.4673
    7.5000    0.0000  -15.000014638.3604   18.4561
   -7.5000    7.5000  -15.000015009.5869   18.4793
    0.0000    7.5000  -15.000015613.1895   18.4854
    7.5000    7.5000  -15.000014714.0312   18.4689
   -7.5000   15.0000  -15.000014903.0088   18.4931
    0.0000   15.0000  -15.000015466.7148   18.4956
    7.5000   15.0000  -15.000014577.6113   18.4725
   -7.5000   22.5000  -15.000014717.9072   18.4804
    0.0000   22.5000  -15.000015270.4111   18.4811
    7.5000   22.5000  -15.000014375.6816   18.4572
   -7.5000   30.0000  -15.000014275.4600   18.2311
    0.0000   30.0000  -15.000014844.2510   18.2350
    7.5000   30.0000  -15.000013966.6514   18.2174
   -7.5000   37.5000  -15.000014166.5801   18.2146
    0.0000   37.5000  -15.000014758.7686   18.2216
    7.5000   37.5000  -15.000013865.3398   18.2098
   -7.5000   45.0000  -15.000013460.8877   17.7885
    0.0000   45.0000  -15.000014018.3047   17.7957
    7.5000   45.0000  -15.000013186.2002   17.7848
   -7.5000  -45.0000   -7.5000 8285.4297   20.6069
    0.0000  -45.0000   -7.5000 8614.4561   20.6119
    7.5000  -45.0000   -7.5000 8185.9917   20.6043
   -7.5000  -37.5000   -7.5000 9104.2988   19.9171
    0.0000  -37.5000   -7.5000 9481.1641   19.9207
    7.5000  -37.5000   -7.5000 8997.4971   19.9098
   -7.5000  -30.0000   -7.500010305.8672   19.3864
    0.0000  -30.0000   -7.500010756.6270   19.3911
    7.5000  -30.0000   -7.500010190.2734   19.3769
   -7.5000  -22.5000   -7.500011561.8037   18.9802
    0.0000  -22.5000   -7.500012081.8076   18.9876
    7.5000  -22.5000   -7.500011431.4922   18.9745
   -7.5000  -15.0000   -7.500012870.4082   18.7227
    0.0000  -15.0000   -7.500013423.5625   18.7316
    7.5000  -15.0000   -7.500012722.9678   18.7232
   -7.5000   -7.5000   -7.500014231.7715   18.6416
    0.0000   -7.5000   -7.500014846.2188   18.6474
    7.5000   -7.5000   -7.500014050.3066   18.6414
   -7.5000    0.0000   -7.500015650.0020   18.6348
    0.0000    0.0000   -7.500016384.0605   18.6362
    7.5000    0.0000   -7.500015390.7266   18.6292
   -7.5000    7.5000   -7.500015957.7939   18.6521
    0.0000    7.5000   -7.500016698.6465   18.6540
    7.5000    7.5000   -7.500015570.2236   18.6439
   -7.5000   15.0000   -7.500015972.6318   18.6615
    0.0000   15.0000   -7.500016725.3457   18.6663
    7.5000   15.0000   -7.500015492.3164   18.6530
   -7.5000   22.5000   -7.500015825.5742   18.6448
    0.0000   22.5000   -7.500016525.4082   18.6523
    7.5000   22.5000   -7.500015319.5098   18.6397
   -7.5000   30.0000   -7.500015363.7334   18.3964
    0.0000   30.0000   -7.500016029.8916   18.4054
    7.5000   30.0000   -7.500014867.8330   18.3971
   -7.5000   37.5000   -7.500015263.1123   18.3836
    0.0000   37.5000   -7.500015945.9727   18.3895
    7.5000   37.5000   -7.500014751.7334   18.3835
   -7.5000   45.0000   -7.500014482.7012   17.9604
    0.0000   45.0000   -7.500015157.4697   17.9618
    7.5000   45.0000   -7.500014002.1201   17.9550
   -7.5000  -45.0000    0.0000 8509.9062   20.5859
    0.0000  -45.0000    0.0000 8850.0625   20.5902
    7.5000  -45.0000    0.0000 8384.2998   20.5931
   -7.5000  -37.5000    0.0000 9363.2129   19.9031
    0.0000  -37.5000    0.0000 9778.2578   19.9054
    7.5000  -37.5000    0.0000 9271.7520   19.9030
   -7.5000  -30.0000    0.000010615.7002   19.3838
    0.0000  -30.0000    0.000011110.0264   19.3883
    7.5000  -30.0000    0.000010539.5947   19.3826
   -7.5000  -22.5000    0.000011977.2041   18.9883
    0.0000  -22.5000    0.000012523.9863   18.9971
    7.5000  -22.5000    0.000011859.0508   18.9915
   -7.5000  -15.0000    0.000013346.8604   18.7327
    0.0000  -15.0000    0.000013942.6152   18.7433
    7.5000  -15.0000    0.000013193.6338   18.7418
   -7.5000   -7.5000    0.000014775.0635   18.6424
    0.0000   -7.5000    0.000015433.9844   18.6491
    7.5000   -7.5000    0.000014554.9307   18.6500
   -7.5000    0.0000    0.000016286.4824   18.6257
    0.0000    0.0000    0.000017060.8281   18.6267
    7.5000    0.0000    0.000015986.6475   18.6273
   -7.5000    7.5000    0.000016766.0039   18.6430
    0.0000    7.5000    0.000017673.3926   18.6439
    7.5000    7.5000    0.000016268.4697   18.6415
   -7.5000   15.0000    0.000017128.2773   18.6605
    0.0000   15.0000    0.000018209.1348   18.6653
    7.5000   15.0000    0.000016389.9863   18.6596
   -7.5000   22.5000    0.000017128.8828   18.6532
    0.0000   22.5000    0.000018219.1914   18.6622
    7.5000   22.5000    0.000016350.6328   18.6568
   -7.5000   30.0000    0.000016500.2188   18.4070
    0.0000   30.0000    0.000017457.7832   18.4177
    7.5000   30.0000    0.000015762.7656   18.4160
   -7.5000   37.5000    0.000016217.8672   18.3850
    0.0000   37.5000    0.000017117.2949   18.3917
    7.5000   37.5000    0.000015499.9014   18.3926
   -7.5000   45.0000    0.000015253.8760   17.9530
    0.0000   45.0000    0.000016067.3154   17.9540
    7.5000   45.0000    0.000014621.5264   17.9545
   -7.5000  -45.0000    7.5000 8100.0425   20.5746
    0.0000  -45.0000    7.5000 8440.6543   20.5866
    7.5000  -45.0000    7.5000 7925.2578   20.5929
   -7.5000  -37.5000    7.5000 8950.1680   19.9005
    0.0000  -37.5000    7.5000 9346.4014   19.9076
    7.5000  -37.5000    7.5000 8804.7783   19.9071
   -7.5000  -30.0000    7.500010186.8555   19.3967
    0.0000  -30.0000    7.500010645.6680   19.3996
    7.5000  -30.0000    7.500010035.8477   19.3921
   -7.5000  -22.5000    7.500011508.0020   19.0121
    0.0000  -22.5000    7.500012019.4707   19.0153
    7.5000  -22.5000    7.500011314.6670   19.0051
   -7.5000  -15.0000    7.500012841.5996   18.7564
    0.0000  -15.0000    7.500013424.3428   18.7632
    7.5000  -15.0000    7.500012607.0918   18.7577
   -7.5000   -7.5000    7.500014281.0508   18.6514
    0.0000   -7.5000    7.500014938.2217   18.6607
    7.5000   -7.5000    7.500013971.2217   18.6622
   -7.5000    0.0000    7.500015704.8564   18.6209
    0.0000    0.0000    7.500016463.9609   18.6292
    7.5000    0.0000    7.500015338.5527   18.6338
   -7.5000    7.5000    7.500016136.2168   18.6404
    0.0000    7.5000    7.500016989.2324   18.6460
    7.5000    7.5000    7.500015635.2305   18.6462
   -7.5000   15.0000    7.500016470.4102   18.6708
    0.0000   15.0000    7.500017532.1777   18.6742
    7.5000   15.0000    7.500015763.2695   18.6672
   -7.5000   22.5000    7.500016526.5645   18.6757
    0.0000   22.5000    7.500017608.7715   18.6793
    7.5000   22.5000    7.500015763.8232   18.6696
   -7.5000   30.0000    7.500015855.7002   18.4301
    0.0000   30.0000    7.500016717.9473   18.4370
    7.5000   30.0000    7.500015159.7637   18.4314
   -7.5000   37.5000    7.500015475.0361   18.3939
    0.0000   37.5000    7.500016269.3389   18.4032
    7.5000   37.5000    7.500014831.8252   18.4046
   -7.5000   45.0000    7.500014514.7754   17.9484
    0.0000   45.0000    7.500015256.5615   17.9564
    7.5000   45.0000    7.500013971.6064   17.9608
   -7.5000  -45.0000   15.0000 7587.8882   20.6343
    0.0000  -45.0000   15.0000 7913.9917   20.6532
    7.5000  -45.0000   15.0000 7383.1602   20.6528
   -7.5000  -37.5000   15.0000 8451.9238   19.9607
    0.0000  -37.5000   15.0000 8827.0303   19.9728
    7.5000  -37.5000   15.0000 8231.0664   19.9657
   -7.5000  -30.0000   15.0000 9685.8486   19.4612
    0.0000  -30.0000   15.000010134.2744   19.4624
    7.5000  -30.0000   15.0000 9438.6475   19.4442
   -7.5000  -22.5000   15.000010937.8828   19.0763
    0.0000  -22.5000   15.000011417.6885   19.0730
    7.5000  -22.5000   15.000010674.0898   19.0508
   -7.5000  -15.0000   15.000012212.2793   18.8181
    0.0000  -15.0000   15.000012736.2617   18.8199
    7.5000  -15.0000   15.000011920.8848   18.8040
   -7.5000   -7.5000   15.000013515.0693   18.7075
    0.0000   -7.5000   15.000014100.0488   18.7181
    7.5000   -7.5000   15.000013204.4512   18.7133
   -7.5000    0.0000   15.000014749.2803   18.6722
    0.0000    0.0000   15.000015382.4766   18.6870
    7.5000    0.0000   15.000014415.8975   18.6880
   -7.5000    7.5000   15.000015020.9902   18.6934
    0.0000    7.5000   15.000015732.8516   18.7037
    7.5000    7.5000   15.000014639.1650   18.6985
   -7.5000   15.0000   15.000015155.6582   18.7291
    0.0000   15.0000   15.000015975.0801   18.7309
    7.5000   15.0000   15.000014724.9531   18.7145
   -7.5000   22.5000   15.000015075.5176   18.7373
    0.0000   22.5000   15.000015779.6436   18.7347
    7.5000   22.5000   15.000014642.5508   18.7135
   -7.5000   30.0000   15.000014489.3174   18.4902
    0.0000   30.0000   15.000015061.2480   18.4923
    7.5000   30.0000   15.000014082.5176   18.4766
   -7.5000   37.5000   15.000014296.0029   18.4491
    0.0000   37.5000   15.000014915.4873   18.4597
    7.5000   37.5000   15.000013899.2744   18.4549
   -7.5000   45.0000   15.000013539.1201   17.9978
    0.0000   45.0000   15.000014198.7314   18.0121
    7.5000   45.0000   15.000013193.1777   18.0131
   -7.5000  -45.0000   22.5000 6998.8945   20.9350
    0.0000  -45.0000   22.5000 7315.2646   20.9527
    7.5000  -45.0000   22.5000 6850.6406   20.9408
   -7.5000  -37.5000   22.5000 7844.8667   20.2428
    0.0000  -37.5000   22.5000 8197.7393   20.2547
    7.5000  -37.5000   22.5000 7659.5386   20.2373
   -7.5000  -30.0000   22.5000 9012.6934   19.7242
    0.0000  -30.0000   22.5000 9414.9150   19.7247
    7.5000  -30.0000   22.5000 8799.1162   19.6964
   -7.5000  -22.5000   22.500010181.3965   19.3203
    0.0000  -22.5000   22.500010607.6826   19.3154
    7.5000  -22.5000   22.5000 9942.9316   19.2856
   -7.5000  -15.0000   22.500011330.8672   19.0537
    0.0000  -15.0000   22.500011802.0801   19.0540
    7.5000  -15.0000   22.500011090.7363   19.0320
   -7.5000   -7.5000   22.500012471.2344   18.9510
    0.0000   -7.5000   22.500012998.4092   18.9602
    7.5000   -7.5000   22.500012266.5459   18.9487
   -7.5000    0.0000   22.500013590.5459   18.9260
    0.0000    0.0000   22.500014177.3477   18.9397
    7.5000    0.0000   22.500013394.0811   18.9322
   -7.5000    7.5000   22.500013823.9160   18.9474
    0.0000    7.5000   22.500014462.4932   18.9575
    7.5000    7.5000   22.500013632.8184   18.9429
   -7.5000   15.0000   22.500013907.5537   18.9751
    0.0000   15.0000   22.500014579.1602   18.9761
    7.5000   15.0000   22.500013711.7656   18.9507
   -7.5000   22.5000   22.500013734.8633   18.9730
    0.0000   22.5000   22.500014304.2627   18.9689
    7.5000   22.5000   22.500013546.1631   18.9403
   -7.5000   30.0000   22.500013282.1963   18.7206
    0.0000   30.0000   22.500013776.6309   18.7211
    7.5000   30.0000   22.500013098.5059   18.6995
   -7.5000   37.5000   22.500013244.7725   18.6890
    0.0000   37.5000   22.500013799.1055   18.6982
    7.5000   37.5000   22.500013027.6387   18.6868
   -7.5000   45.0000   22.500012640.8770   18.2424
    0.0000   45.0000   22.500013192.3203   18.2557
    7.5000   45.0000   22.500012406.5078   18.2484
   -7.5000  -45.0000   30.0000 6398.2646   21.4742
    0.0000  -45.0000   30.0000 6695.1670   21.4859
    7.5000  -45.0000   30.0000 6328.7515   21.4701
   -7.5000  -37.5000   30.0000 7172.5571   20.7454
    0.0000  -37.5000   30.0000 7505.9951   20.7538
    7.5000  -37.5000   30.0000 7070.0718   20.7345
   -7.5000  -30.0000   30.0000 8266.0166   20.1908
    0.0000  -30.0000   30.0000 8638.8877   20.1931
    7.5000  -30.0000   30.0000 8142.5112   20.1661
   -7.5000  -22.5000   30.0000 9349.5000   19.7589
    0.0000  -22.5000   30.0000 9756.4775   19.7585
    7.5000  -22.5000   30.0000 9219.1230   19.7319
   -7.5000  -15.0000   30.000010406.3457   19.4791
    0.0000  -15.0000   30.000010844.4492   19.4819
    7.5000  -15.0000   30.000010280.5244   19.4626
   -7.5000   -7.5000   30.000011460.3799   19.3867
    0.0000   -7.5000   30.000011946.8779   19.3933
    7.5000   -7.5000   30.000011367.8477   19.3810
   -7.5000    0.0000   30.000012505.3369   19.3756
    0.0000    0.0000   30.000013057.4531   19.3832
    7.5000    0.0000   30.000012463.9258   19.3718
   -7.5000    7.5000   30.000012741.1934   19.3964
    0.0000    7.5000   30.000013328.2588   19.4030
    7.5000    7.5000   30.000012709.1963   19.3861
   -7.5000   15.0000   30.000012786.4600   19.4115
    0.0000   15.0000   30.000013358.5527   19.4142
    7.5000   15.0000   30.000012728.7100   19.3899
   -7.5000   22.5000   30.000012585.2031   19.3965
    0.0000   22.5000   30.000013077.6035   19.3966
    7.5000   22.5000   30.000012503.7324   19.3710
   -7.5000   30.0000   30.000012238.4521   19.1366
    0.0000   30.0000   30.000012725.1406   19.1397
    7.5000   30.0000   30.000012140.6738   19.1207
   -7.5000   37.5000   30.000012271.8105   19.1182
    0.0000   37.5000   30.000012784.3682   19.1250
    7.5000   37.5000   30.000012136.6045   19.1127
   -7.5000   45.0000   30.000011751.3506   18.6758
    0.0000   45.0000   30.000012226.7715   18.6832
    7.5000   45.0000   30.000011576.5986   18.6722
   -7.5000  -45.0000   37.5000 6129.9731   22.1868
    0.0000  -45.0000   37.5000 6411.4956   22.1894
    7.5000  -45.0000   37.5000 6096.0249   22.1787
   -7.5000  -37.5000   37.5000 6866.0894   21.4111
    0.0000  -37.5000   37.5000 7199.0688   21.4130
    7.5000  -37.5000   37.5000 6821.0879   21.3988
   -7.5000  -30.0000   37.5000 7911.2529   20.8199
    0.0000  -30.0000   37.5000 8286.7334   20.8233
    7.5000  -30.0000   37.5000 7866.2241   20.8053
   -7.5000  -22.5000   37.5000 8955.8643   20.3647
    0.0000  -22.5000   37.5000 9360.4600   20.3708
    7.5000  -22.5000   37.5000 8918.2744   20.3542
   -7.5000  -15.0000   37.5000 9979.1602   20.0710
    0.0000  -15.0000   37.500010403.5967   20.0784
    7.5000  -15.0000   37.5000 9946.2188   20.0673
   -7.5000   -7.5000   37.500011013.0049   19.9792
    0.0000   -7.5000   37.500011487.3408   19.9832
    7.5000   -7.5000   37.500011006.1611   19.9750
   -7.5000    0.0000   37.500012063.8604   19.9709
    0.0000    0.0000   37.500012594.6816   19.9705
    7.5000    0.0000   37.500012083.1104   19.9611
   -7.5000    7.5000   37.500012279.5820   19.9891
    0.0000    7.5000   37.500012828.4922   19.9898
    7.5000    7.5000   37.500012298.3105   19.9767
   -7.5000   15.0000   37.500012273.2070   19.9987
    0.0000   15.0000   37.500012807.3564   20.0025
    7.5000   15.0000   37.500012262.3711   19.9859
   -7.5000   22.5000   37.500012049.4336   19.9807
    0.0000   22.5000   37.500012539.0312   19.9870
    7.5000   22.5000   37.500011999.7725   19.9711
   -7.5000   30.0000   37.500011756.2100   19.7156
    0.0000   30.0000   37.500012249.6123   19.7231
    7.5000   30.0000   37.500011696.7969   19.7121
   -7.5000   37.5000   37.500011830.7666   19.7021
    0.0000   37.5000   37.500012332.5322   19.7062
    7.5000   37.5000   37.500011737.9102   19.6980
   -7.5000   45.0000   37.500011334.1689   19.2497
    0.0000   45.0000   37.500011814.7939   19.2492
    7.5000   45.0000   37.500011219.3877   19.2402
   -7.5000  -45.0000   45.0000 5669.5083   22.9852
    0.0000  -45.0000   45.0000 5935.6001   22.9872
    7.5000  -45.0000   45.0000 5627.7959   22.9888
   -7.5000  -37.5000   45.0000 6346.1543   22.1560
    0.0000  -37.5000   45.0000 6660.1567   22.1564
    7.5000  -37.5000   45.0000 6306.6992   22.1517
   -7.5000  -30.0000   45.0000 7290.6299   21.5305
    0.0000  -30.0000   45.0000 7638.3931   21.5336
    7.5000  -30.0000   45.0000 7266.4849   21.5258
   -7.5000  -22.5000   45.0000 8252.1836   21.0560
    0.0000  -22.5000   45.0000 8631.2529   21.0643
    7.5000  -22.5000   45.0000 8230.6025   21.0578
   -7.5000  -15.0000   45.0000 9206.8906   20.7463
    0.0000  -15.0000   45.0000 9604.6348   20.7568
    7.5000  -15.0000   45.0000 9180.4912   20.7555
   -7.5000   -7.5000   45.000010184.7578   20.6429
    0.0000   -7.5000   45.000010618.5752   20.6488
    7.5000   -7.5000   45.000010181.0527   20.6496
   -7.5000    0.0000   45.000011183.9121   20.6251
    0.0000    0.0000   45.000011672.6240   20.6244
    7.5000    0.0000   45.000011188.3682   20.6237
   -7.5000    7.5000   45.000011347.3418   20.6407
    0.0000    7.5000   45.000011865.8994   20.6402
    7.5000    7.5000   45.000011357.8506   20.6357
   -7.5000   15.0000   45.000011316.0068   20.6542
    0.0000   15.0000   45.000011805.8232   20.6580
    7.5000   15.0000   45.000011283.9033   20.6505
   -7.5000   22.5000   45.000011112.6377   20.6439
    0.0000   22.5000   45.000011593.5645   20.6525
    7.5000   22.5000   45.000011063.8271   20.6463
   -7.5000   30.0000   45.000010852.1514   20.3733
    0.0000   30.0000   45.000011318.1738   20.3839
    7.5000   30.0000   45.000010805.1992   20.3824
   -7.5000   37.5000   45.000010930.4199   20.3541
    0.0000   37.5000   45.000011407.6855   20.3601
    7.5000   37.5000   45.000010863.8184   20.3608
   -7.5000   45.0000   45.000010474.6680   19.8893
    0.0000   45.0000   45.000010943.7744   19.8886
    7.5000   45.0000   45.000010387.4277   19.8879

---------------------------------------------------------------------
imgreg_4dfp /opt/freesurfer/average/711-2C_as_mni_average_305 /opt/freesurfer/average/711-2B_as_mni_average_305_mask talsrcimg_g11 none talsrcimg_to_711-2C_as_mni_average_305_t4 4355
---------------------------------------------------------------------

freesurfer imgreg_4dfp.c
/opt/freesurfer/average/711-2C_as_mni_average_305.4dfp.img
       256       256       256         1
  1.000000  1.000000  1.000000
orientation T byte_order littleendian
Reading image: /opt/freesurfer/average/711-2C_as_mni_average_305.4dfp.img
dimensions:      256       256       256
mmppix:       1.0000   -1.0000   -1.0000
center:     128.0000 -129.0000 -129.0000
/opt/freesurfer/average/711-2B_as_mni_average_305_mask.4dfp.img
       256       256       256         1
  1.000000  1.000000  1.000000
orientation T byte_order littleendian
Reading mask: /opt/freesurfer/average/711-2B_as_mni_average_305_mask.4dfp.img (2306576 pixels)
talsrcimg_g11.4dfp.img
       256       256       256         1
  1.000000  1.000000  1.000000
orientation T byte_order littleendian
Reading image: talsrcimg_g11.4dfp.img
dimensions:      256       256       256
mmppix:       1.0000   -1.0000   -1.0000
center:     128.0000 -129.0000 -129.0000
rotation matrix determinant  1.000000
image alignment mode   4355 decimal     1103 hex
   -7.5000  -22.5000  -45.0000 2244.5745   21.2446
    0.0000  -22.5000  -45.0000 2246.2031   21.2637
    7.5000  -22.5000  -45.0000 2226.8608   21.3139
   -7.5000  -15.0000  -45.0000 2340.6948   19.4405
    0.0000  -15.0000  -45.0000 2343.0850   19.4725
    7.5000  -15.0000  -45.0000 2323.8635   19.5672
   -7.5000   -7.5000  -45.0000 2412.7219   18.1253
    0.0000   -7.5000  -45.0000 2420.9087   18.1517
    7.5000   -7.5000  -45.0000 2401.7966   18.3121
   -7.5000    0.0000  -45.0000 2466.3564   17.2258
    0.0000    0.0000  -45.0000 2469.0625   17.2263
    7.5000    0.0000  -45.0000 2445.6240   17.4177
   -7.5000    7.5000  -45.0000 2492.9956   16.6632
    0.0000    7.5000  -45.0000 2500.2905   16.6773
    7.5000    7.5000  -45.0000 2475.3938   16.8719
   -7.5000   15.0000  -45.0000 2506.1235   16.3890
    0.0000   15.0000  -45.0000 2516.6958   16.3991
    7.5000   15.0000  -45.0000 2495.7268   16.5837
   -7.5000   22.5000  -45.0000 2510.8652   16.3508
    0.0000   22.5000  -45.0000 2519.9905   16.3472
    7.5000   22.5000  -45.0000 2497.6570   16.5651
   -7.5000   30.0000  -45.0000 2499.6887   16.6220
    0.0000   30.0000  -45.0000 2512.6135   16.5750
    7.5000   30.0000  -45.0000 2485.6799   16.8152
   -7.5000   37.5000  -45.0000 2474.0337   17.0957
    0.0000   37.5000  -45.0000 2489.4792   17.1108
    7.5000   37.5000  -45.0000 2461.7976   17.3181
   -7.5000   45.0000  -45.0000 2438.0867   17.9187
    0.0000   45.0000  -45.0000 2456.2351   17.9217
    7.5000   45.0000  -45.0000 2423.8669   18.0949
   -7.5000   52.5000  -45.0000 2351.7988   18.8614
    0.0000   52.5000  -45.0000 2371.6545   18.9014
    7.5000   52.5000  -45.0000 2343.2144   19.0333
   -7.5000   60.0000  -45.0000 2221.7351   19.9608
    0.0000   60.0000  -45.0000 2239.8459   20.0049
    7.5000   60.0000  -45.0000 2212.2783   20.1268
   -7.5000   67.5000  -45.0000 2067.6770   20.9879
    0.0000   67.5000  -45.0000 2083.3228   21.0449
    7.5000   67.5000  -45.0000 2058.2983   21.1653
   -7.5000  -22.5000  -37.5000 2303.2285   20.3317
    0.0000  -22.5000  -37.5000 2306.5605   20.2805
    7.5000  -22.5000  -37.5000 2279.8496   20.3988
   -7.5000  -15.0000  -37.5000 2405.8896   18.5686
    0.0000  -15.0000  -37.5000 2413.8340   18.5405
    7.5000  -15.0000  -37.5000 2384.2664   18.6597
   -7.5000   -7.5000  -37.5000 2486.8926   17.2519
    0.0000   -7.5000  -37.5000 2496.7334   17.2073
    7.5000   -7.5000  -37.5000 2470.3325   17.3684
   -7.5000    0.0000  -37.5000 2540.3696   16.2982
    0.0000    0.0000  -37.5000 2547.9634   16.2470
    7.5000    0.0000  -37.5000 2520.1877   16.3992
   -7.5000    7.5000  -37.5000 2572.8445   15.7188
    0.0000    7.5000  -37.5000 2583.4153   15.6375
    7.5000    7.5000  -37.5000 2558.4639   15.8199
   -7.5000   15.0000  -37.5000 2588.1951   15.3629
    0.0000   15.0000  -37.5000 2597.9697   15.3246
    7.5000   15.0000  -37.5000 2578.5005   15.5136
   -7.5000   22.5000  -37.5000 2591.0605   15.3207
    0.0000   22.5000  -37.5000 2601.6216   15.2806
    7.5000   22.5000  -37.5000 2583.2922   15.5121
   -7.5000   30.0000  -37.5000 2581.5586   15.5458
    0.0000   30.0000  -37.5000 2596.6184   15.4949
    7.5000   30.0000  -37.5000 2573.8828   15.7572
   -7.5000   37.5000  -37.5000 2563.3818   15.9776
    0.0000   37.5000  -37.5000 2577.9788   15.9393
    7.5000   37.5000  -37.5000 2552.8262   16.1898
   -7.5000   45.0000  -37.5000 2524.3125   16.7024
    0.0000   45.0000  -37.5000 2542.2986   16.6548
    7.5000   45.0000  -37.5000 2516.6987   16.8779
   -7.5000   52.5000  -37.5000 2440.8728   17.5771
    0.0000   52.5000  -37.5000 2457.3494   17.5275
    7.5000   52.5000  -37.5000 2438.1956   17.7322
   -7.5000   60.0000  -37.5000 2303.5835   18.5688
    0.0000   60.0000  -37.5000 2320.4368   18.5516
    7.5000   60.0000  -37.5000 2300.1479   18.7210
   -7.5000   67.5000  -37.5000 2138.0469   19.5449
    0.0000   67.5000  -37.5000 2153.9065   19.5270
    7.5000   67.5000  -37.5000 2133.9023   19.6860
   -7.5000  -22.5000  -30.0000 2393.6885   20.2295
    0.0000  -22.5000  -30.0000 2401.1670   20.1827
    7.5000  -22.5000  -30.0000 2373.9111   20.2674
   -7.5000  -15.0000  -30.0000 2500.5825   18.4114
    0.0000  -15.0000  -30.0000 2510.5789   18.3620
    7.5000  -15.0000  -30.0000 2481.3418   18.4967
   -7.5000   -7.5000  -30.0000 2583.6746   16.9874
    0.0000   -7.5000  -30.0000 2592.7397   16.8901
    7.5000   -7.5000  -30.0000 2571.1309   17.1011
   -7.5000    0.0000  -30.0000 2649.0837   15.9692
    0.0000    0.0000  -30.0000 2656.5640   15.8630
    7.5000    0.0000  -30.0000 2632.0867   16.0408
   -7.5000    7.5000  -30.0000 2688.8821   15.3120
    0.0000    7.5000  -30.0000 2698.5488   15.1789
    7.5000    7.5000  -30.0000 2674.2690   15.3746
   -7.5000   15.0000  -30.0000 2709.3171   14.9112
    0.0000   15.0000  -30.0000 2719.4570   14.7939
    7.5000   15.0000  -30.0000 2701.2915   15.0403
   -7.5000   22.5000  -30.0000 2714.8237   14.8880
    0.0000   22.5000  -30.0000 2726.8706   14.8135
    7.5000   22.5000  -30.0000 2714.9146   15.0764
   -7.5000   30.0000  -30.0000 2712.6743   15.1174
    0.0000   30.0000  -30.0000 2729.6602   15.0297
    7.5000   30.0000  -30.0000 2714.2454   15.2950
   -7.5000   37.5000  -30.0000 2699.2324   15.5513
    0.0000   37.5000  -30.0000 2715.5090   15.4649
    7.5000   37.5000  -30.0000 2696.2407   15.7312
   -7.5000   45.0000  -30.0000 2658.2166   16.2418
    0.0000   45.0000  -30.0000 2677.0933   16.1324
    7.5000   45.0000  -30.0000 2658.3208   16.3854
   -7.5000   52.5000  -30.0000 2571.8872   17.0727
    0.0000   52.5000  -30.0000 2587.8149   16.9769
    7.5000   52.5000  -30.0000 2569.8853   17.2064
   -7.5000   60.0000  -30.0000 2428.8931   18.0640
    0.0000   60.0000  -30.0000 2443.4136   17.9539
    7.5000   60.0000  -30.0000 2424.6738   18.1616
   -7.5000   67.5000  -30.0000 2258.7065   19.0342
    0.0000   67.5000  -30.0000 2272.3875   18.9484
    7.5000   67.5000  -30.0000 2254.7554   19.1054
   -7.5000  -22.5000  -22.5000 2441.8167   19.9894
    0.0000  -22.5000  -22.5000 2449.9763   19.9149
    7.5000  -22.5000  -22.5000 2429.6746   20.0795
   -7.5000  -15.0000  -22.5000 2551.1929   18.1068
    0.0000  -15.0000  -22.5000 2561.0981   18.0239
    7.5000  -15.0000  -22.5000 2541.0447   18.2294
   -7.5000   -7.5000  -22.5000 2641.1506   16.6317
    0.0000   -7.5000  -22.5000 2650.4568   16.5362
    7.5000   -7.5000  -22.5000 2634.5439   16.7797
   -7.5000    0.0000  -22.5000 2713.4338   15.5608
    0.0000    0.0000  -22.5000 2724.5884   15.4685
    7.5000    0.0000  -22.5000 2705.3538   15.6798
   -7.5000    7.5000  -22.5000 2761.7759   14.7967
    0.0000    7.5000  -22.5000 2774.4790   14.6925
    7.5000    7.5000  -22.5000 2757.2253   14.9164
   -7.5000   15.0000  -22.5000 2796.8728   14.3815
    0.0000   15.0000  -22.5000 2809.1331   14.2386
    7.5000   15.0000  -22.5000 2792.5901   14.5372
   -7.5000   22.5000  -22.5000 2816.1772   14.3770
    0.0000   22.5000  -22.5000 2824.6814   14.2399
    7.5000   22.5000  -22.5000 2811.9243   14.5267
   -7.5000   30.0000  -22.5000 2819.9197   14.5908
    0.0000   30.0000  -22.5000 2833.5522   14.4662
    7.5000   30.0000  -22.5000 2817.0774   14.7572
   -7.5000   37.5000  -22.5000 2803.4573   15.0432
    0.0000   37.5000  -22.5000 2821.1729   14.9115
    7.5000   37.5000  -22.5000 2807.2637   15.1912
   -7.5000   45.0000  -22.5000 2758.6536   15.7249
    0.0000   45.0000  -22.5000 2778.2012   15.5821
    7.5000   45.0000  -22.5000 2765.6299   15.8627
   -7.5000   52.5000  -22.5000 2675.4949   16.5068
    0.0000   52.5000  -22.5000 2687.8135   16.4124
    7.5000   52.5000  -22.5000 2674.1055   16.6763
   -7.5000   60.0000  -22.5000 2529.0159   17.4514
    0.0000   60.0000  -22.5000 2537.4590   17.3589
    7.5000   60.0000  -22.5000 2524.5649   17.5924
   -7.5000   67.5000  -22.5000 2350.6245   18.3839
    0.0000   67.5000  -22.5000 2365.7332   18.2926
    7.5000   67.5000  -22.5000 2348.7251   18.4947
   -7.5000  -22.5000  -15.0000 2444.4771   19.6732
    0.0000  -22.5000  -15.0000 2451.8225   19.6256
    7.5000  -22.5000  -15.0000 2440.1040   19.9359
   -7.5000  -15.0000  -15.0000 2554.5945   17.7768
    0.0000  -15.0000  -15.0000 2561.2539   17.7124
    7.5000  -15.0000  -15.0000 2555.1951   18.0043
   -7.5000   -7.5000  -15.0000 2652.4170   16.3256
    0.0000   -7.5000  -15.0000 2660.8179   16.2184
    7.5000   -7.5000  -15.0000 2658.1113   16.5049
   -7.5000    0.0000  -15.0000 2733.2446   15.2332
    0.0000    0.0000  -15.0000 2741.0083   15.1484
    7.5000    0.0000  -15.0000 2742.7991   15.4081
   -7.5000    7.5000  -15.0000 2791.9380   14.4220
    0.0000    7.5000  -15.0000 2803.6401   14.3335
    7.5000    7.5000  -15.0000 2803.7720   14.5999
   -7.5000   15.0000  -15.0000 2840.7866   13.9724
    0.0000   15.0000  -15.0000 2851.2742   13.8352
    7.5000   15.0000  -15.0000 2843.0803   14.1445
   -7.5000   22.5000  -15.0000 2874.1599   13.9143
    0.0000   22.5000  -15.0000 2880.2729   13.7558
    7.5000   22.5000  -15.0000 2866.2573   14.1043
   -7.5000   30.0000  -15.0000 2887.5305   14.1220
    0.0000   30.0000  -15.0000 2894.1296   13.9668
    7.5000   30.0000  -15.0000 2879.8623   14.3006
   -7.5000   37.5000  -15.0000 2871.2815   14.6135
    0.0000   37.5000  -15.0000 2885.6472   14.4514
    7.5000   37.5000  -15.0000 2874.1382   14.7358
   -7.5000   45.0000  -15.0000 2830.9446   15.2941
    0.0000   45.0000  -15.0000 2843.1665   15.1435
    7.5000   45.0000  -15.0000 2838.7124   15.4132
   -7.5000   52.5000  -15.0000 2745.2249   16.0295
    0.0000   52.5000  -15.0000 2752.9070   15.9282
    7.5000   52.5000  -15.0000 2744.0898   16.1897
   -7.5000   60.0000  -15.0000 2598.9084   16.9481
    0.0000   60.0000  -15.0000 2603.2571   16.8468
    7.5000   60.0000  -15.0000 2590.1287   17.1066
   -7.5000   67.5000  -15.0000 2413.5930   17.8223
    0.0000   67.5000  -15.0000 2426.6062   17.7122
    7.5000   67.5000  -15.0000 2407.4097   17.9363
   -7.5000  -22.5000   -7.5000 2417.4148   19.5287
    0.0000  -22.5000   -7.5000 2435.9705   19.5086
    7.5000  -22.5000   -7.5000 2429.5854   19.8642
   -7.5000  -15.0000   -7.5000 2530.8691   17.5849
    0.0000  -15.0000   -7.5000 2547.1111   17.5688
    7.5000  -15.0000   -7.5000 2542.2451   17.8984
   -7.5000   -7.5000   -7.5000 2632.9485   16.1153
    0.0000   -7.5000   -7.5000 2651.1467   16.0380
    7.5000   -7.5000   -7.5000 2647.9490   16.3289
   -7.5000    0.0000   -7.5000 2723.1470   15.0521
    0.0000    0.0000   -7.5000 2745.7673   14.9749
    7.5000    0.0000   -7.5000 2744.4324   15.1915
   -7.5000    7.5000   -7.5000 2798.8347   14.3039
    0.0000    7.5000   -7.5000 2821.7427   14.2277
    7.5000    7.5000   -7.5000 2821.1785   14.3843
   -7.5000   15.0000   -7.5000 2863.5579   13.8839
    0.0000   15.0000   -7.5000 2885.5935   13.8203
    7.5000   15.0000   -7.5000 2876.1389   13.9422
   -7.5000   22.5000   -7.5000 2916.3872   13.7289
    0.0000   22.5000   -7.5000 2930.3687   13.6556
    7.5000   22.5000   -7.5000 2907.9458   13.8557
   -7.5000   30.0000   -7.5000 2932.8315   13.8076
    0.0000   30.0000   -7.5000 2944.2090   13.7232
    7.5000   30.0000   -7.5000 2919.3184   13.9709
   -7.5000   37.5000   -7.5000 2915.9277   14.2802
    0.0000   37.5000   -7.5000 2938.9199   14.1715
    7.5000   37.5000   -7.5000 2912.3276   14.3621
   -7.5000   45.0000   -7.5000 2877.1228   14.8965
    0.0000   45.0000   -7.5000 2905.6470   14.8457
    7.5000   45.0000   -7.5000 2876.1050   14.9739
   -7.5000   52.5000   -7.5000 2787.8201   15.6444
    0.0000   52.5000   -7.5000 2810.7324   15.5987
    7.5000   52.5000   -7.5000 2785.5168   15.7280
   -7.5000   60.0000   -7.5000 2634.4683   16.5151
    0.0000   60.0000   -7.5000 2653.8794   16.4583
    7.5000   60.0000   -7.5000 2627.2739   16.5873
   -7.5000   67.5000   -7.5000 2453.1831   17.3727
    0.0000   67.5000   -7.5000 2473.1646   17.3114
    7.5000   67.5000   -7.5000 2444.6094   17.4214
   -7.5000  -22.5000    0.0000 2391.0806   19.7271
    0.0000  -22.5000    0.0000 2408.5408   19.6732
    7.5000  -22.5000    0.0000 2410.5984   20.1081
   -7.5000  -15.0000    0.0000 2501.5391   17.7697
    0.0000  -15.0000    0.0000 2517.9561   17.7120
    7.5000  -15.0000    0.0000 2522.4578   18.0805
   -7.5000   -7.5000    0.0000 2608.7297   16.2541
    0.0000   -7.5000    0.0000 2629.4902   16.1672
    7.5000   -7.5000    0.0000 2632.0386   16.4535
   -7.5000    0.0000    0.0000 2708.4780   15.1840
    0.0000    0.0000    0.0000 2739.7876   15.1495
    7.5000    0.0000    0.0000 2734.8511   15.3048
   -7.5000    7.5000    0.0000 2809.9519   14.4925
    0.0000    7.5000    0.0000 2842.5029   14.4846
    7.5000    7.5000    0.0000 2826.7654   14.5006
   -7.5000   15.0000    0.0000 2902.2729   14.1608
    0.0000   15.0000    0.0000 2939.9385   14.2116
    7.5000   15.0000    0.0000 2905.1382   14.0518
   -7.5000   22.5000    0.0000 2963.7585   13.9963
    0.0000   22.5000    0.0000 3010.4753   14.1025
    7.5000   22.5000    0.0000 2946.9004   13.9178
   -7.5000   30.0000    0.0000 2968.1780   13.8442
    0.0000   30.0000    0.0000 3001.4692   13.8846
    7.5000   30.0000    0.0000 2949.3501   13.9298
   -7.5000   37.5000    0.0000 2949.5664   14.0758
    0.0000   37.5000    0.0000 2984.5359   14.0491
    7.5000   37.5000    0.0000 2936.9824   14.1214
   -7.5000   45.0000    0.0000 2907.2549   14.6146
    0.0000   45.0000    0.0000 2936.3489   14.5769
    7.5000   45.0000    0.0000 2899.0127   14.6459
   -7.5000   52.5000    0.0000 2808.6304   15.3283
    0.0000   52.5000    0.0000 2830.7656   15.2415
    7.5000   52.5000    0.0000 2809.5515   15.3857
   -7.5000   60.0000    0.0000 2654.2073   16.2125
    0.0000   60.0000    0.0000 2678.1184   16.1311
    7.5000   60.0000    0.0000 2654.0037   16.2871
   -7.5000   67.5000    0.0000 2474.0449   17.1130
    0.0000   67.5000    0.0000 2493.6243   17.0426
    7.5000   67.5000    0.0000 2465.8606   17.1923
   -7.5000  -22.5000    7.5000 2361.5930   20.3135
    0.0000  -22.5000    7.5000 2380.5986   20.2458
    7.5000  -22.5000    7.5000 2382.5767   20.6044
   -7.5000  -15.0000    7.5000 2473.9229   18.3278
    0.0000  -15.0000    7.5000 2495.8086   18.3198
    7.5000  -15.0000    7.5000 2493.1262   18.5575
   -7.5000   -7.5000    7.5000 2592.8906   16.8139
    0.0000   -7.5000    7.5000 2619.1819   16.7970
    7.5000   -7.5000    7.5000 2612.3071   16.9747
   -7.5000    0.0000    7.5000 2705.7217   15.6568
    0.0000    0.0000    7.5000 2739.5977   15.6858
    7.5000    0.0000    7.5000 2722.1013   15.7666
   -7.5000    7.5000    7.5000 2824.1987   14.8384
    0.0000    7.5000    7.5000 2856.3125   14.9007
    7.5000    7.5000    7.5000 2822.6465   14.8862
   -7.5000   15.0000    7.5000 2925.8318   14.4055
    0.0000   15.0000    7.5000 2964.4253   14.5092
    7.5000   15.0000    7.5000 2910.7493   14.3481
   -7.5000   22.5000    7.5000 2997.5525   14.1807
    0.0000   22.5000    7.5000 3040.4641   14.2774
    7.5000   22.5000    7.5000 2965.7917   14.0858
   -7.5000   30.0000    7.5000 2996.2791   14.0230
    0.0000   30.0000    7.5000 3027.1670   14.0256
    7.5000   30.0000    7.5000 2967.5215   13.9991
   -7.5000   37.5000    7.5000 2965.0923   14.0496
    0.0000   37.5000    7.5000 2998.0039   13.9702
    7.5000   37.5000    7.5000 2943.8782   14.1008
   -7.5000   45.0000    7.5000 2915.0513   14.4977
    0.0000   45.0000    7.5000 2938.6616   14.3653
    7.5000   45.0000    7.5000 2900.0371   14.5848
   -7.5000   52.5000    7.5000 2808.1987   15.2220
    0.0000   52.5000    7.5000 2829.7788   15.1009
    7.5000   52.5000    7.5000 2807.0999   15.2997
   -7.5000   60.0000    7.5000 2662.9800   16.0904
    0.0000   60.0000    7.5000 2680.3120   16.0111
    7.5000   60.0000    7.5000 2664.1030   16.1711
   -7.5000   67.5000    7.5000 2482.8096   16.9883
    0.0000   67.5000    7.5000 2495.3616   16.9202
    7.5000   67.5000    7.5000 2478.8948   17.0619
   -7.5000  -22.5000   15.0000 2342.5105   21.2436
    0.0000  -22.5000   15.0000 2358.9360   21.2654
    7.5000  -22.5000   15.0000 2349.0813   21.5300
   -7.5000  -15.0000   15.0000 2457.5374   19.1656
    0.0000  -15.0000   15.0000 2477.8110   19.1425
    7.5000  -15.0000   15.0000 2465.5337   19.3515
   -7.5000   -7.5000   15.0000 2574.5564   17.5044
    0.0000   -7.5000   15.0000 2601.2090   17.4910
    7.5000   -7.5000   15.0000 2587.3457   17.6584
   -7.5000    0.0000   15.0000 2682.1819   16.1464
    0.0000    0.0000   15.0000 2705.2104   16.1310
    7.5000    0.0000   15.0000 2695.0303   16.2428
   -7.5000    7.5000   15.0000 2800.4656   15.1617
    0.0000    7.5000   15.0000 2820.8848   15.1732
    7.5000    7.5000   15.0000 2801.4673   15.2306
   -7.5000   15.0000   15.0000 2898.6448   14.5762
    0.0000   15.0000   15.0000 2930.1824   14.5862
    7.5000   15.0000   15.0000 2894.8293   14.5929
   -7.5000   22.5000   15.0000 2972.2551   14.2046
    0.0000   22.5000   15.0000 3009.7583   14.1545
    7.5000   22.5000   15.0000 2951.3438   14.2148
   -7.5000   30.0000   15.0000 2978.0530   14.0058
    0.0000   30.0000   15.0000 3002.1863   13.8138
    7.5000   30.0000   15.0000 2954.5330   14.0587
   -7.5000   37.5000   15.0000 2951.9778   14.1067
    0.0000   37.5000   15.0000 2972.3101   13.9043
    7.5000   37.5000   15.0000 2933.6426   14.1989
   -7.5000   45.0000   15.0000 2903.8655   14.6322
    0.0000   45.0000   15.0000 2934.6816   14.5241
    7.5000   45.0000   15.0000 2898.2397   14.7696
   -7.5000   52.5000   15.0000 2800.1379   15.4434
    0.0000   52.5000   15.0000 2819.1001   15.3477
    7.5000   52.5000   15.0000 2798.3689   15.5562
   -7.5000   60.0000   15.0000 2653.6802   16.3282
    0.0000   60.0000   15.0000 2664.6826   16.2208
    7.5000   60.0000   15.0000 2650.4834   16.3938
   -7.5000   67.5000   15.0000 2472.6682   17.2014
    0.0000   67.5000   15.0000 2485.3616   17.1174
    7.5000   67.5000   15.0000 2468.3308   17.2620
   -7.5000  -22.5000   22.5000 2317.6777   22.2639
    0.0000  -22.5000   22.5000 2329.6575   22.1936
    7.5000  -22.5000   22.5000 2317.0007   22.5391
   -7.5000  -15.0000   22.5000 2430.8879   20.0021
    0.0000  -15.0000   22.5000 2447.7080   19.8835
    7.5000  -15.0000   22.5000 2433.4875   20.2027
   -7.5000   -7.5000   22.5000 2541.8186   18.1628
    0.0000   -7.5000   22.5000 2563.4773   18.0798
    7.5000   -7.5000   22.5000 2556.3589   18.3557
   -7.5000    0.0000   22.5000 2648.2317   16.6778
    0.0000    0.0000   22.5000 2668.6509   16.6052
    7.5000    0.0000   22.5000 2666.0649   16.8400
   -7.5000    7.5000   22.5000 2762.9812   15.6512
    0.0000    7.5000   22.5000 2781.2817   15.5961
    7.5000    7.5000   22.5000 2775.8279   15.7982
   -7.5000   15.0000   22.5000 2856.6936   14.9685
    0.0000   15.0000   22.5000 2878.6521   14.8863
    7.5000   15.0000   22.5000 2862.5908   15.0763
   -7.5000   22.5000   22.5000 2922.4875   14.5106
    0.0000   22.5000   22.5000 2947.9109   14.3873
    7.5000   22.5000   22.5000 2915.9355   14.6307
   -7.5000   30.0000   22.5000 2934.0391   14.2998
    0.0000   30.0000   22.5000 2942.1375   14.0770
    7.5000   30.0000   22.5000 2923.1169   14.4236
   -7.5000   37.5000   22.5000 2917.0208   14.4640
    0.0000   37.5000   22.5000 2938.4460   14.3334
    7.5000   37.5000   22.5000 2906.9409   14.5651
   -7.5000   45.0000   22.5000 2883.1592   15.0610
    0.0000   45.0000   22.5000 2906.0491   14.9502
    7.5000   45.0000   22.5000 2875.2603   15.1795
   -7.5000   52.5000   22.5000 2781.7937   15.9074
    0.0000   52.5000   22.5000 2795.7769   15.7849
    7.5000   52.5000   22.5000 2778.3188   16.0130
   -7.5000   60.0000   22.5000 2631.6394   16.8119
    0.0000   60.0000   22.5000 2643.1682   16.6966
    7.5000   60.0000   22.5000 2626.8396   16.8854
   -7.5000   67.5000   22.5000 2450.7942   17.6073
    0.0000   67.5000   22.5000 2460.9282   17.5151
    7.5000   67.5000   22.5000 2444.7681   17.6773
   -7.5000  -22.5000   30.0000 2273.8333   23.2381
    0.0000  -22.5000   30.0000 2285.4060   23.0815
    7.5000  -22.5000   30.0000 2275.5498   23.6147
   -7.5000  -15.0000   30.0000 2390.7910   20.8056
    0.0000  -15.0000   30.0000 2405.5278   20.6472
    7.5000  -15.0000   30.0000 2397.8574   21.1144
   -7.5000   -7.5000   30.0000 2501.0000   18.9106
    0.0000   -7.5000   30.0000 2516.8950   18.7096
    7.5000   -7.5000   30.0000 2516.8894   19.1718
   -7.5000    0.0000   30.0000 2608.1836   17.3707
    0.0000    0.0000   30.0000 2623.1516   17.2226
    7.5000    0.0000   30.0000 2627.5117   17.6332
   -7.5000    7.5000   30.0000 2714.9978   16.2949
    0.0000    7.5000   30.0000 2727.8528   16.1840
    7.5000    7.5000   30.0000 2733.7126   16.5453
   -7.5000   15.0000   30.0000 2799.8511   15.5686
    0.0000   15.0000   30.0000 2813.6709   15.4035
    7.5000   15.0000   30.0000 2810.7043   15.7221
   -7.5000   22.5000   30.0000 2851.3765   15.0745
    0.0000   22.5000   30.0000 2867.0042   14.8300
    7.5000   22.5000   30.0000 2857.4131   15.2192
   -7.5000   30.0000   30.0000 2869.0845   14.8401
    0.0000   30.0000   30.0000 2884.5342   14.6433
    7.5000   30.0000   30.0000 2869.0413   14.9799
   -7.5000   37.5000   30.0000 2862.3105   15.0902
    0.0000   37.5000   30.0000 2881.5598   14.9751
    7.5000   37.5000   30.0000 2857.0867   15.2125
   -7.5000   45.0000   30.0000 2831.2075   15.7104
    0.0000   45.0000   30.0000 2846.8782   15.6027
    7.5000   45.0000   30.0000 2818.9824   15.8144
   -7.5000   52.5000   30.0000 2733.3762   16.5267
    0.0000   52.5000   30.0000 2746.6904   16.4032
    7.5000   52.5000   30.0000 2727.3132   16.6309
   -7.5000   60.0000   30.0000 2589.4385   17.3864
    0.0000   60.0000   30.0000 2600.0256   17.2849
    7.5000   60.0000   30.0000 2584.8564   17.4881
   -7.5000   67.5000   30.0000 2408.6021   18.2116
    0.0000   67.5000   30.0000 2422.9385   18.1229
    7.5000   67.5000   30.0000 2406.0325   18.2972
   -7.5000  -22.5000   37.5000 2218.2825   24.2843
    0.0000  -22.5000   37.5000 2232.3848   24.0807
    7.5000  -22.5000   37.5000 2229.5010   24.8253
   -7.5000  -15.0000   37.5000 2341.2383   21.7419
    0.0000  -15.0000   37.5000 2354.0847   21.4990
    7.5000  -15.0000   37.5000 2351.2476   22.1632
   -7.5000   -7.5000   37.5000 2456.2568   19.7573
    0.0000   -7.5000   37.5000 2468.5269   19.5156
    7.5000   -7.5000   37.5000 2471.1799   20.1117
   -7.5000    0.0000   37.5000 2564.6392   18.2276
    0.0000    0.0000   37.5000 2580.0793   18.0313
    7.5000    0.0000   37.5000 2578.4844   18.5352
   -7.5000    7.5000   37.5000 2663.3889   17.0958
    0.0000    7.5000   37.5000 2674.2505   16.9100
    7.5000    7.5000   37.5000 2675.1494   17.3572
   -7.5000   15.0000   37.5000 2737.3806   16.2985
    0.0000   15.0000   37.5000 2753.8374   16.0914
    7.5000   15.0000   37.5000 2747.7815   16.4899
   -7.5000   22.5000   37.5000 2778.2473   15.7637
    0.0000   22.5000   37.5000 2795.0037   15.5519
    7.5000   22.5000   37.5000 2785.3215   15.9412
   -7.5000   30.0000   37.5000 2799.4175   15.5859
    0.0000   30.0000   37.5000 2817.4387   15.4391
    7.5000   30.0000   37.5000 2800.9856   15.7743
   -7.5000   37.5000   37.5000 2790.2729   15.8595
    0.0000   37.5000   37.5000 2814.5051   15.7499
    7.5000   37.5000   37.5000 2793.1831   16.0229
   -7.5000   45.0000   37.5000 2757.3174   16.4656
    0.0000   45.0000   37.5000 2778.6765   16.3296
    7.5000   45.0000   37.5000 2752.3589   16.5944
   -7.5000   52.5000   37.5000 2669.9653   17.2467
    0.0000   52.5000   37.5000 2687.6572   17.1153
    7.5000   52.5000   37.5000 2667.2168   17.3705
   -7.5000   60.0000   37.5000 2528.0554   18.0920
    0.0000   60.0000   37.5000 2540.4321   17.9743
    7.5000   60.0000   37.5000 2526.7974   18.1613
   -7.5000   67.5000   37.5000 2355.8955   18.9142
    0.0000   67.5000   37.5000 2371.7178   18.8172
    7.5000   67.5000   37.5000 2358.1216   18.9787
   -7.5000  -22.5000   45.0000 2158.9080   25.5367
    0.0000  -22.5000   45.0000 2174.3479   25.3347
    7.5000  -22.5000   45.0000 2169.2236   26.1295
   -7.5000  -15.0000   45.0000 2286.8479   22.8244
    0.0000  -15.0000   45.0000 2298.4248   22.5981
    7.5000  -15.0000   45.0000 2291.8804   23.2899
   -7.5000   -7.5000   45.0000 2404.4387   20.7944
    0.0000   -7.5000   45.0000 2416.6382   20.5661
    7.5000   -7.5000   45.0000 2413.2427   21.1741
   -7.5000    0.0000   45.0000 2506.1226   19.2678
    0.0000    0.0000   45.0000 2524.8904   19.0684
    7.5000    0.0000   45.0000 2517.1492   19.5903
   -7.5000    7.5000   45.0000 2594.6101   18.1067
    0.0000    7.5000   45.0000 2614.1458   17.8801
    7.5000    7.5000   45.0000 2604.7917   18.3512
   -7.5000   15.0000   45.0000 2658.3794   17.2444
    0.0000   15.0000   45.0000 2680.4556   17.0302
    7.5000   15.0000   45.0000 2666.4241   17.4509
   -7.5000   22.5000   45.0000 2699.0283   16.6949
    0.0000   22.5000   45.0000 2716.5259   16.5607
    7.5000   22.5000   45.0000 2703.8865   16.8925
   -7.5000   30.0000   45.0000 2715.1406   16.5746
    0.0000   30.0000   45.0000 2731.4084   16.4815
    7.5000   30.0000   45.0000 2718.3628   16.7639
   -7.5000   37.5000   45.0000 2702.8752   16.8301
    0.0000   37.5000   45.0000 2728.6135   16.7620
    7.5000   37.5000   45.0000 2708.1309   17.0159
   -7.5000   45.0000   45.0000 2670.4714   17.3760
    0.0000   45.0000   45.0000 2697.3711   17.2450
    7.5000   45.0000   45.0000 2672.6577   17.5203
   -7.5000   52.5000   45.0000 2596.1934   18.1132
    0.0000   52.5000   45.0000 2621.5403   17.9759
    7.5000   52.5000   45.0000 2598.1206   18.2414
   -7.5000   60.0000   45.0000 2458.5376   19.0055
    0.0000   60.0000   45.0000 2478.0159   18.8568
    7.5000   60.0000   45.0000 2457.0415   19.0897
   -7.5000   67.5000   45.0000 2285.9568   19.8349
    0.0000   67.5000   45.0000 2303.1628   19.7356
    7.5000   67.5000   45.0000 2287.8230   19.9154

---------------------------------------------------------------------
imgreg_4dfp /opt/freesurfer/average/711-2C_as_mni_average_305 /opt/freesurfer/average/711-2B_as_mni_average_305_mask talsrcimg_g11 none talsrcimg_to_711-2C_as_mni_average_305_t4 1283
---------------------------------------------------------------------

freesurfer imgreg_4dfp.c
/opt/freesurfer/average/711-2C_as_mni_average_305.4dfp.img
       256       256       256         1
  1.000000  1.000000  1.000000
orientation T byte_order littleendian
Reading image: /opt/freesurfer/average/711-2C_as_mni_average_305.4dfp.img
dimensions:      256       256       256
mmppix:       1.0000   -1.0000   -1.0000
center:     128.0000 -129.0000 -129.0000
/opt/freesurfer/average/711-2B_as_mni_average_305_mask.4dfp.img
       256       256       256         1
  1.000000  1.000000  1.000000
orientation T byte_order littleendian
Reading mask: /opt/freesurfer/average/711-2B_as_mni_average_305_mask.4dfp.img (2306576 pixels)
talsrcimg_g11.4dfp.img
       256       256       256         1
  1.000000  1.000000  1.000000
orientation T byte_order littleendian
Reading image: talsrcimg_g11.4dfp.img
dimensions:      256       256       256
mmppix:       1.0000   -1.0000   -1.0000
center:     128.0000 -129.0000 -129.0000
rotation matrix determinant  1.000000
fimgreg.f
image alignment mode   1283 decimal      503 hex
parameters
    0.0000   22.5000    7.5000    0.0000    0.0000    0.0000
eta,q 0.95430 14.34878
niter,ni,del,rscale     5    3   12.0000    1.2000
parameter  4  2.616765 ->  0.500000 qaram    1.1500
parameters
   -1.2275   24.2229    6.2365   -3.4500   -1.0870   -2.4682
eta,q 0.95913 14.30345
  0.0561  0.0611  0.0488  0.0408  0.0469  0.0433
  0.0503  0.0509  0.0457  0.0412  0.0448  0.0414
  0.0456  0.0456  0.0446  0.0431  0.0426  0.0409
  0.0452  0.0445  0.0454  0.0448  0.0416  0.0418
  0.0512  0.0455  0.0467  0.0465  0.0437  0.0445
  0.0600  0.0466  0.0494  0.0484  0.0483  0.0475
  0.0687  0.0470  0.0539  0.0506  0.0535  0.0508
niter,ni,del,rscale     5    3   12.0000    1.2000
parameter  4  1.723104 ->  0.500000 qaram    1.3225
parameters
   -1.3792   26.2491    5.4641   -7.4175   -0.9869   -3.0148
eta,q 0.96458 14.28001
  0.0576  0.0538  0.0474  0.0357  0.0455  0.0411
  0.0487  0.0472  0.0426  0.0351  0.0414  0.0378
  0.0432  0.0437  0.0402  0.0370  0.0378  0.0358
  0.0409  0.0409  0.0404  0.0400  0.0354  0.0354
  0.0437  0.0404  0.0429  0.0436  0.0368  0.0365
  0.0509  0.0422  0.0463  0.0474  0.0406  0.0395
  0.0586  0.0430  0.0508  0.0488  0.0454  0.0437
niter,ni,del,rscale     5    3   12.0000    1.2000
parameters
   -1.3973   27.9702    4.9925   -9.7001   -1.2251   -3.7964
eta,q 0.96673 14.29284
  0.0563  0.0555  0.0437  0.0395  0.0439  0.0370
  0.0459  0.0459  0.0379  0.0350  0.0386  0.0343
  0.0386  0.0393  0.0352  0.0334  0.0345  0.0333
  0.0354  0.0354  0.0348  0.0346  0.0334  0.0333
  0.0383  0.0350  0.0373  0.0390  0.0355  0.0338
  0.0469  0.0379  0.0410  0.0429  0.0398  0.0361
  0.0561  0.0404  0.0456  0.0474  0.0455  0.0399
niter,ni,del,rscale     4    3   12.0000    1.2000
parameters
   -1.2291   29.2898    4.4087  -10.9580   -1.3781   -3.9718
eta,q 0.96726 14.27767
  0.0553  0.0517  0.0422  0.0406  0.0428  0.0368
  0.0443  0.0416  0.0365  0.0346  0.0372  0.0340
  0.0364  0.0352  0.0338  0.0326  0.0337  0.0328
  0.0333  0.0332  0.0337  0.0334  0.0328  0.0328
  0.0358  0.0342  0.0361  0.0366  0.0344  0.0332
  0.0436  0.0366  0.0400  0.0403  0.0380  0.0345
  0.0524  0.0389  0.0451  0.0442  0.0436  0.0371
niter,ni,del,rscale     3    3   12.0000    1.2000
parameters
   -1.1224   29.8896    4.1469  -11.3540   -1.4143   -3.8955
eta,q 0.96748 14.25747
  0.0534  0.0467  0.0432  0.0427  0.0426  0.0373
  0.0423  0.0376  0.0367  0.0358  0.0371  0.0344
  0.0351  0.0336  0.0334  0.0324  0.0336  0.0328
  0.0327  0.0327  0.0328  0.0327  0.0325  0.0325
  0.0354  0.0339  0.0349  0.0355  0.0340  0.0330
  0.0429  0.0367  0.0389  0.0391  0.0372  0.0344
  0.0508  0.0404  0.0442  0.0426  0.0428  0.0369
niter,ni,del,rscale     2    3   12.0000    1.2000
parameters
   -1.0902   29.9996    4.0773  -11.4475   -1.4383   -3.8771
eta,q 0.96750 14.25338
  0.0525  0.0443  0.0439  0.0436  0.0425  0.0372
  0.0416  0.0364  0.0370  0.0365  0.0370  0.0344
  0.0348  0.0332  0.0334  0.0326  0.0337  0.0328
  0.0325  0.0325  0.0326  0.0325  0.0325  0.0325
  0.0355  0.0343  0.0345  0.0350  0.0339  0.0331
  0.0432  0.0374  0.0383  0.0387  0.0371  0.0345
  0.0507  0.0420  0.0436  0.0421  0.0426  0.0370
niter,ni,del,rscale     1    3   12.0000    1.2000
parameters
   -1.0818   30.0209    4.0611  -11.4707   -1.4449   -3.8734
eta,q 0.96751 14.25276
  0.0523  0.0439  0.0442  0.0438  0.0425  0.0372
  0.0415  0.0362  0.0372  0.0367  0.0370  0.0344
  0.0347  0.0332  0.0335  0.0326  0.0337  0.0328
  0.0325  0.0325  0.0325  0.0325  0.0325  0.0325
  0.0356  0.0344  0.0343  0.0349  0.0339  0.0331
  0.0433  0.0375  0.0381  0.0386  0.0370  0.0346
  0.0507  0.0424  0.0434  0.0419  0.0425  0.0370
registration optimization eta report
parameter search radius
    6.0000    6.0000    6.0000    7.9350    6.0000    6.0000
100000*second partial in parameter space
       52.       29.       31.       16.       27.       13.
  0.0523  0.0439  0.0442  0.0438  0.0425  0.0372
  0.0415  0.0362  0.0372  0.0367  0.0370  0.0344
  0.0347  0.0332  0.0335  0.0326  0.0337  0.0328
  0.0325  0.0325  0.0325  0.0325  0.0325  0.0325
  0.0356  0.0344  0.0343  0.0349  0.0339  0.0331
  0.0433  0.0375  0.0381  0.0386  0.0370  0.0346
  0.0507  0.0424  0.0434  0.0419  0.0425  0.0370
   -1.0818   30.0209    4.0611  -11.4707   -1.4449   -3.8734
eta,q 0.96751 14.25276

---------------------------------------------------------------------
imgreg_4dfp /opt/freesurfer/average/711-2C_as_mni_average_305 /opt/freesurfer/average/711-2B_as_mni_average_305_mask talsrcimg_g11 none talsrcimg_to_711-2C_as_mni_average_305_t4 3335
---------------------------------------------------------------------

freesurfer imgreg_4dfp.c
/opt/freesurfer/average/711-2C_as_mni_average_305.4dfp.img
       256       256       256         1
  1.000000  1.000000  1.000000
orientation T byte_order littleendian
Reading image: /opt/freesurfer/average/711-2C_as_mni_average_305.4dfp.img
dimensions:      256       256       256
mmppix:       1.0000   -1.0000   -1.0000
center:     128.0000 -129.0000 -129.0000
/opt/freesurfer/average/711-2B_as_mni_average_305_mask.4dfp.img
       256       256       256         1
  1.000000  1.000000  1.000000
orientation T byte_order littleendian
Reading mask: /opt/freesurfer/average/711-2B_as_mni_average_305_mask.4dfp.img (2306576 pixels)
talsrcimg_g11.4dfp.img
       256       256       256         1
  1.000000  1.000000  1.000000
orientation T byte_order littleendian
Reading image: talsrcimg_g11.4dfp.img
dimensions:      256       256       256
mmppix:       1.0000   -1.0000   -1.0000
center:     128.0000 -129.0000 -129.0000
fimgreg.f
image alignment mode   3335 decimal      D07 hex
parameters
   -1.0818   30.0209    4.0611   -0.2602   -2.1873   -2.0285
    6.1200    3.8090   -6.7531   19.6743   -2.5216  -19.8803
eta,q 0.97068 14.41400
niter,ni,del,rscale     5    3    5.0000    1.2000
parameter  4  0.958912 ->  0.500000 qaram    1.1500
parameter  5  1.092602 ->  0.500000 qaram    1.1500
parameters
   -0.9017   30.2237    4.1475   -4.4002   -6.3273   -4.0774
    4.8495    3.9858   -5.4354   18.1555   -2.8724  -20.2793
eta,q 0.97768 14.16686
  0.0350  0.0323  0.0317  0.0246  0.0218  0.0240  0.0246  0.0280  0.0256  0.0243  0.0233  0.0235
  0.0321  0.0308  0.0304  0.0249  0.0223  0.0230  0.0232  0.0252  0.0241  0.0230  0.0227  0.0227
  0.0302  0.0298  0.0295  0.0262  0.0232  0.0227  0.0226  0.0234  0.0230  0.0224  0.0224  0.0224
  0.0293  0.0293  0.0293  0.0293  0.0251  0.0225  0.0226  0.0225  0.0225  0.0224  0.0223  0.0223
  0.0297  0.0294  0.0295  0.0343  0.0280  0.0232  0.0233  0.0228  0.0225  0.0232  0.0225  0.0226
  0.0311  0.0302  0.0302  0.0401  0.0312  0.0258  0.0247  0.0246  0.0230  0.0248  0.0229  0.0230
  0.0335  0.0315  0.0313  0.0457  0.0346  0.0306  0.0266  0.0278  0.0239  0.0271  0.0235  0.0236
niter,ni,del,rscale     6    3    5.0000    1.2000
parameters
   -1.0286   30.3679    3.3397   -7.1014   -9.6960   -4.6138
    4.5834    3.7878   -5.8062   18.1500   -4.2794  -22.5783
eta,q 0.97860 13.89121
  0.0259  0.0249  0.0228  0.0238  0.0225  0.0235  0.0238  0.0257  0.0234  0.0243  0.0222  0.0219
  0.0237  0.0235  0.0223  0.0227  0.0217  0.0224  0.0226  0.0234  0.0224  0.0228  0.0218  0.0215
  0.0226  0.0227  0.0221  0.0220  0.0216  0.0217  0.0218  0.0220  0.0217  0.0219  0.0215  0.0214
  0.0223  0.0223  0.0223  0.0221  0.0220  0.0216  0.0216  0.0216  0.0216  0.0216  0.0216  0.0215
  0.0229  0.0224  0.0228  0.0235  0.0231  0.0216  0.0219  0.0221  0.0219  0.0219  0.0218  0.0219
  0.0244  0.0231  0.0235  0.0274  0.0255  0.0224  0.0228  0.0236  0.0226  0.0228  0.0223  0.0225
  0.0266  0.0243  0.0246  0.0330  0.0288  0.0249  0.0242  0.0262  0.0239  0.0243  0.0229  0.0231
niter,ni,del,rscale     5    3    5.0000    1.2000
parameters
   -0.9849   30.4656    3.3990   -7.4045  -10.1689   -4.6106
    4.5606    3.7911   -5.7844   18.3672   -4.6880  -22.5670
eta,q 0.97857 13.85458
  0.0250  0.0240  0.0229  0.0249  0.0241  0.0236  0.0239  0.0256  0.0235  0.0243  0.0223  0.0226
  0.0231  0.0226  0.0221  0.0232  0.0226  0.0224  0.0226  0.0234  0.0224  0.0227  0.0218  0.0219
  0.0219  0.0217  0.0216  0.0220  0.0217  0.0216  0.0217  0.0219  0.0217  0.0217  0.0215  0.0215
  0.0214  0.0214  0.0214  0.0214  0.0214  0.0214  0.0214  0.0214  0.0214  0.0214  0.0214  0.0214
  0.0217  0.0216  0.0215  0.0215  0.0218  0.0215  0.0217  0.0219  0.0216  0.0217  0.0216  0.0216
  0.0229  0.0224  0.0220  0.0228  0.0228  0.0220  0.0226  0.0233  0.0224  0.0226  0.0220  0.0220
  0.0248  0.0235  0.0227  0.0263  0.0250  0.0239  0.0239  0.0256  0.0236  0.0239  0.0225  0.0225
niter,ni,del,rscale     4    3    5.0000    1.2000
parameters
   -0.9731   30.4803    3.4338   -7.3826  -10.1732   -4.5260
    4.5440    3.8332   -5.7369   18.3688   -4.6966  -22.5151
eta,q 0.97857 13.85874
  0.0249  0.0238  0.0228  0.0251  0.0244  0.0236  0.0239  0.0257  0.0236  0.0241  0.0224  0.0226
  0.0230  0.0225  0.0221  0.0234  0.0228  0.0224  0.0226  0.0234  0.0224  0.0226  0.0219  0.0219
  0.0219  0.0217  0.0216  0.0221  0.0218  0.0216  0.0217  0.0219  0.0217  0.0217  0.0216  0.0215
  0.0214  0.0214  0.0214  0.0214  0.0214  0.0214  0.0214  0.0214  0.0214  0.0214  0.0214  0.0214
  0.0218  0.0217  0.0216  0.0215  0.0217  0.0215  0.0217  0.0219  0.0216  0.0218  0.0215  0.0216
  0.0230  0.0225  0.0220  0.0226  0.0226  0.0219  0.0226  0.0233  0.0224  0.0227  0.0219  0.0219
  0.0249  0.0237  0.0228  0.0257  0.0246  0.0238  0.0239  0.0256  0.0235  0.0241  0.0224  0.0225
niter,ni,del,rscale     3    3    5.0000    1.2000
parameters
   -0.9721   30.4758    3.4375   -7.3791  -10.1707   -4.5306
    4.5453    3.8352   -5.7302   18.3568   -4.6996  -22.5124
eta,q 0.97857 13.85840
  0.0249  0.0238  0.0228  0.0250  0.0244  0.0236  0.0239  0.0256  0.0235  0.0241  0.0224  0.0226
  0.0230  0.0225  0.0220  0.0234  0.0228  0.0224  0.0226  0.0234  0.0224  0.0226  0.0219  0.0219
  0.0218  0.0217  0.0216  0.0221  0.0218  0.0216  0.0217  0.0219  0.0217  0.0217  0.0216  0.0215
  0.0214  0.0214  0.0214  0.0214  0.0214  0.0214  0.0214  0.0214  0.0214  0.0214  0.0214  0.0214
  0.0218  0.0218  0.0216  0.0215  0.0217  0.0215  0.0217  0.0219  0.0217  0.0218  0.0215  0.0216
  0.0230  0.0226  0.0220  0.0226  0.0226  0.0220  0.0226  0.0233  0.0224  0.0227  0.0219  0.0220
  0.0249  0.0237  0.0228  0.0258  0.0246  0.0239  0.0239  0.0256  0.0236  0.0241  0.0224  0.0225
registration optimization eta report
parameter search radius
    2.4000    2.4000    2.4000    8.2800    8.2800    7.2000
    7.2000    7.2000    7.2000    7.2000    7.2000    7.2000
100000*second partial in parameter space
       60.       40.       24.        6.        4.        5.
        5.        8.        4.        5.        2.        2.
  0.0249  0.0238  0.0228  0.0250  0.0244  0.0236  0.0239  0.0256  0.0235  0.0241  0.0224  0.0226
  0.0230  0.0225  0.0220  0.0234  0.0228  0.0224  0.0226  0.0234  0.0224  0.0226  0.0219  0.0219
  0.0218  0.0217  0.0216  0.0221  0.0218  0.0216  0.0217  0.0219  0.0217  0.0217  0.0216  0.0215
  0.0214  0.0214  0.0214  0.0214  0.0214  0.0214  0.0214  0.0214  0.0214  0.0214  0.0214  0.0214
  0.0218  0.0218  0.0216  0.0215  0.0217  0.0215  0.0217  0.0219  0.0217  0.0218  0.0215  0.0216
  0.0230  0.0226  0.0220  0.0226  0.0226  0.0220  0.0226  0.0233  0.0224  0.0227  0.0219  0.0220
  0.0249  0.0237  0.0228  0.0258  0.0246  0.0239  0.0239  0.0256  0.0236  0.0241  0.0224  0.0225
   -0.9721   30.4758    3.4375   -7.3791  -10.1707   -4.5306
    4.5453    3.8352   -5.7302   18.3568   -4.6996  -22.5124
eta,q 0.97857 13.85840

---------------------------------------------------------------------
imgreg_4dfp /opt/freesurfer/average/711-2C_as_mni_average_305 /opt/freesurfer/average/711-2B_as_mni_average_305_mask talsrcimg_g11 none talsrcimg_to_711-2C_as_mni_average_305_t4 2311
---------------------------------------------------------------------

freesurfer imgreg_4dfp.c
/opt/freesurfer/average/711-2C_as_mni_average_305.4dfp.img
       256       256       256         1
  1.000000  1.000000  1.000000
orientation T byte_order littleendian
Reading image: /opt/freesurfer/average/711-2C_as_mni_average_305.4dfp.img
dimensions:      256       256       256
mmppix:       1.0000   -1.0000   -1.0000
center:     128.0000 -129.0000 -129.0000
/opt/freesurfer/average/711-2B_as_mni_average_305_mask.4dfp.img
       256       256       256         1
  1.000000  1.000000  1.000000
orientation T byte_order littleendian
Reading mask: /opt/freesurfer/average/711-2B_as_mni_average_305_mask.4dfp.img (2306576 pixels)
talsrcimg_g11.4dfp.img
       256       256       256         1
  1.000000  1.000000  1.000000
orientation T byte_order littleendian
Reading image: talsrcimg_g11.4dfp.img
dimensions:      256       256       256
mmppix:       1.0000   -1.0000   -1.0000
center:     128.0000 -129.0000 -129.0000
fimgreg.f
image alignment mode   2311 decimal      907 hex
parameters
   -0.9721   30.4758    3.4375   -7.3791  -10.1707   -4.5306
    4.5453    3.8352   -5.7302   18.3568   -4.6996  -22.5124
eta,q 0.97857 13.85840
niter,ni,del,rscale     5    3    5.0000    0.8000
parameters
   -0.9637   30.4274    3.4284   -6.3815   -9.9995   -3.9616
    4.6146    3.9668   -5.5203   18.4988   -4.2980  -22.4179
eta,q 0.97864 13.95517
  0.0230  0.0225  0.0220  0.0230  0.0224  0.0223  0.0225  0.0234  0.0224  0.0226  0.0219  0.0219
  0.0222  0.0219  0.0217  0.0223  0.0218  0.0217  0.0219  0.0223  0.0219  0.0219  0.0216  0.0216
  0.0216  0.0215  0.0215  0.0218  0.0215  0.0214  0.0215  0.0216  0.0215  0.0215  0.0214  0.0214
  0.0214  0.0214  0.0214  0.0214  0.0213  0.0213  0.0214  0.0214  0.0214  0.0214  0.0214  0.0214
  0.0216  0.0216  0.0215  0.0214  0.0215  0.0214  0.0215  0.0215  0.0214  0.0215  0.0214  0.0214
  0.0221  0.0220  0.0217  0.0216  0.0217  0.0215  0.0218  0.0221  0.0217  0.0218  0.0215  0.0216
  0.0230  0.0226  0.0220  0.0221  0.0222  0.0219  0.0225  0.0232  0.0222  0.0225  0.0217  0.0218
niter,ni,del,rscale     4    3    5.0000    0.7000
parameters
   -0.9864   30.3739    3.3353   -6.2559   -9.9500   -3.9929
    4.6570    3.9959   -5.5068   18.5390   -4.2317  -22.4885
eta,q 0.97865 13.96716
  0.0225  0.0221  0.0217  0.0223  0.0221  0.0218  0.0222  0.0228  0.0221  0.0223  0.0217  0.0217
  0.0219  0.0217  0.0215  0.0219  0.0217  0.0215  0.0218  0.0220  0.0217  0.0218  0.0215  0.0215
  0.0215  0.0214  0.0214  0.0215  0.0214  0.0213  0.0215  0.0215  0.0214  0.0215  0.0214  0.0214
  0.0214  0.0214  0.0214  0.0214  0.0214  0.0214  0.0214  0.0213  0.0213  0.0213  0.0214  0.0214
  0.0215  0.0215  0.0214  0.0214  0.0214  0.0214  0.0214  0.0215  0.0214  0.0214  0.0214  0.0214
  0.0219  0.0218  0.0216  0.0217  0.0217  0.0215  0.0217  0.0220  0.0217  0.0217  0.0215  0.0215
  0.0226  0.0222  0.0219  0.0223  0.0221  0.0219  0.0222  0.0228  0.0221  0.0222  0.0217  0.0217
niter,ni,del,rscale     3    3    5.0000    0.6000
parameters
   -0.9929   30.3631    3.3075   -6.1497   -9.9573   -3.9139
    4.6880    4.0296   -5.4836   18.6047   -4.1994  -22.5141
eta,q 0.97865 13.97911
  0.0222  0.0220  0.0217  0.0221  0.0219  0.0217  0.0220  0.0224  0.0219  0.0220  0.0216  0.0216
  0.0218  0.0216  0.0215  0.0217  0.0216  0.0214  0.0216  0.0218  0.0216  0.0217  0.0215  0.0214
  0.0214  0.0214  0.0214  0.0215  0.0214  0.0213  0.0214  0.0215  0.0214  0.0214  0.0214  0.0214
  0.0213  0.0213  0.0214  0.0214  0.0213  0.0213  0.0213  0.0213  0.0214  0.0214  0.0213  0.0214
  0.0215  0.0214  0.0214  0.0214  0.0214  0.0213  0.0214  0.0215  0.0214  0.0214  0.0214  0.0214
  0.0218  0.0216  0.0215  0.0216  0.0216  0.0214  0.0216  0.0218  0.0216  0.0216  0.0215  0.0215
  0.0223  0.0220  0.0217  0.0220  0.0219  0.0216  0.0220  0.0224  0.0219  0.0220  0.0216  0.0216
niter,ni,del,rscale     2    3    5.0000    0.5000
parameters
   -1.0009   30.3498    3.2792   -6.0522   -9.9824   -3.8323
    4.7117    4.0767   -5.4491   18.6570   -4.1785  -22.5434
eta,q 0.97866 13.98940
  0.0220  0.0218  0.0216  0.0219  0.0217  0.0215  0.0218  0.0221  0.0217  0.0218  0.0215  0.0215
  0.0216  0.0215  0.0214  0.0216  0.0215  0.0214  0.0215  0.0217  0.0215  0.0216  0.0214  0.0214
  0.0214  0.0214  0.0214  0.0214  0.0214  0.0213  0.0214  0.0214  0.0214  0.0214  0.0214  0.0214
  0.0213  0.0213  0.0213  0.0213  0.0213  0.0213  0.0213  0.0213  0.0213  0.0213  0.0213  0.0213
  0.0214  0.0214  0.0214  0.0214  0.0214  0.0213  0.0214  0.0214  0.0214  0.0214  0.0214  0.0214
  0.0216  0.0216  0.0215  0.0215  0.0215  0.0214  0.0215  0.0217  0.0215  0.0215  0.0214  0.0214
  0.0220  0.0218  0.0216  0.0218  0.0217  0.0215  0.0218  0.0221  0.0217  0.0218  0.0215  0.0215
niter,ni,del,rscale     1    3    5.0000    0.4000
parameters
   -1.0044   30.3399    3.2613   -5.9763  -10.0074   -3.6828
    4.7428    4.1280   -5.4005   18.7594   -4.1544  -22.5335
eta,q 0.97866 14.00256
  0.0217  0.0216  0.0215  0.0217  0.0216  0.0214  0.0216  0.0218  0.0216  0.0217  0.0215  0.0214
  0.0215  0.0215  0.0214  0.0215  0.0214  0.0214  0.0215  0.0216  0.0215  0.0215  0.0214  0.0214
  0.0214  0.0214  0.0214  0.0214  0.0214  0.0213  0.0214  0.0214  0.0214  0.0214  0.0214  0.0214
  0.0213  0.0213  0.0213  0.0213  0.0213  0.0213  0.0213  0.0213  0.0213  0.0213  0.0213  0.0213
  0.0214  0.0214  0.0214  0.0214  0.0214  0.0213  0.0214  0.0214  0.0214  0.0214  0.0213  0.0214
  0.0215  0.0215  0.0214  0.0215  0.0215  0.0213  0.0215  0.0215  0.0214  0.0215  0.0214  0.0214
  0.0217  0.0216  0.0215  0.0217  0.0216  0.0214  0.0216  0.0218  0.0216  0.0216  0.0214  0.0214
registration optimization eta report
parameter search radius
    0.8000    0.8000    0.8000    2.4000    2.4000    2.4000
    2.4000    2.4000    2.4000    2.4000    2.4000    2.4000
100000*second partial in parameter space
       63.       43.       23.        6.        4.        1.
        5.        8.        4.        5.        2.        2.
  0.0217  0.0216  0.0215  0.0217  0.0216  0.0214  0.0216  0.0218  0.0216  0.0217  0.0215  0.0214
  0.0215  0.0215  0.0214  0.0215  0.0214  0.0214  0.0215  0.0216  0.0215  0.0215  0.0214  0.0214
  0.0214  0.0214  0.0214  0.0214  0.0214  0.0213  0.0214  0.0214  0.0214  0.0214  0.0214  0.0214
  0.0213  0.0213  0.0213  0.0213  0.0213  0.0213  0.0213  0.0213  0.0213  0.0213  0.0213  0.0213
  0.0214  0.0214  0.0214  0.0214  0.0214  0.0213  0.0214  0.0214  0.0214  0.0214  0.0213  0.0214
  0.0215  0.0215  0.0214  0.0215  0.0215  0.0213  0.0215  0.0215  0.0214  0.0215  0.0214  0.0214
  0.0217  0.0216  0.0215  0.0217  0.0216  0.0214  0.0216  0.0218  0.0216  0.0216  0.0214  0.0214
   -1.0044   30.3399    3.2613   -5.9763  -10.0074   -3.6828
    4.7428    4.1280   -5.4005   18.7594   -4.1544  -22.5335
eta,q 0.97866 14.00256

---------------------------------------------------------------------
imgreg_4dfp /opt/freesurfer/average/711-2C_as_mni_average_305 /opt/freesurfer/average/711-2B_as_mni_average_305_mask talsrcimg_g11 none talsrcimg_to_711-2C_as_mni_average_305_t4 2311
---------------------------------------------------------------------

freesurfer imgreg_4dfp.c
/opt/freesurfer/average/711-2C_as_mni_average_305.4dfp.img
       256       256       256         1
  1.000000  1.000000  1.000000
orientation T byte_order littleendian
Reading image: /opt/freesurfer/average/711-2C_as_mni_average_305.4dfp.img
dimensions:      256       256       256
mmppix:       1.0000   -1.0000   -1.0000
center:     128.0000 -129.0000 -129.0000
/opt/freesurfer/average/711-2B_as_mni_average_305_mask.4dfp.img
       256       256       256         1
  1.000000  1.000000  1.000000
orientation T byte_order littleendian
Reading mask: /opt/freesurfer/average/711-2B_as_mni_average_305_mask.4dfp.img (2306576 pixels)
talsrcimg_g11.4dfp.img
       256       256       256         1
  1.000000  1.000000  1.000000
orientation T byte_order littleendian
Reading image: talsrcimg_g11.4dfp.img
dimensions:      256       256       256
mmppix:       1.0000   -1.0000   -1.0000
center:     128.0000 -129.0000 -129.0000
fimgreg.f
image alignment mode   2311 decimal      907 hex
parameters
   -1.0044   30.3399    3.2613   -5.9763  -10.0074   -3.6828
    4.7428    4.1280   -5.4005   18.7594   -4.1544  -22.5335
eta,q 0.97866 14.00256
niter,ni,del,rscale     5    3    5.0000    0.8000
parameters
   -1.0089   30.3586    3.2799   -6.3301   -9.8787   -4.1051
    4.6651    3.9816   -5.5469   18.5245   -4.2778  -22.5050
eta,q 0.97865 13.96277
  0.0229  0.0225  0.0219  0.0225  0.0224  0.0220  0.0224  0.0232  0.0222  0.0224  0.0218  0.0219
  0.0220  0.0218  0.0216  0.0219  0.0218  0.0215  0.0218  0.0221  0.0218  0.0218  0.0215  0.0215
  0.0215  0.0215  0.0214  0.0215  0.0215  0.0214  0.0215  0.0215  0.0215  0.0214  0.0214  0.0214
  0.0213  0.0213  0.0213  0.0213  0.0214  0.0214  0.0214  0.0214  0.0214  0.0214  0.0214  0.0214
  0.0215  0.0215  0.0214  0.0215  0.0215  0.0214  0.0215  0.0216  0.0215  0.0215  0.0214  0.0214
  0.0221  0.0218  0.0216  0.0220  0.0218  0.0216  0.0219  0.0223  0.0218  0.0220  0.0216  0.0216
  0.0229  0.0224  0.0219  0.0231  0.0223  0.0225  0.0225  0.0235  0.0224  0.0227  0.0218  0.0218
niter,ni,del,rscale     4    3    5.0000    0.7000
parameters
   -0.9933   30.3793    3.3149   -6.2641   -9.9352   -3.9603
    4.6713    4.0023   -5.5129   18.5669   -4.2261  -22.5027
eta,q 0.97865 13.97051
  0.0226  0.0222  0.0218  0.0223  0.0221  0.0219  0.0222  0.0228  0.0221  0.0223  0.0217  0.0217
  0.0219  0.0217  0.0216  0.0218  0.0216  0.0215  0.0217  0.0220  0.0217  0.0218  0.0215  0.0215
  0.0215  0.0214  0.0214  0.0215  0.0214  0.0214  0.0215  0.0215  0.0214  0.0215  0.0214  0.0214
  0.0214  0.0214  0.0214  0.0214  0.0214  0.0214  0.0214  0.0214  0.0213  0.0213  0.0214  0.0213
  0.0215  0.0214  0.0214  0.0214  0.0214  0.0214  0.0214  0.0215  0.0214  0.0214  0.0214  0.0214
  0.0219  0.0217  0.0215  0.0217  0.0217  0.0214  0.0217  0.0220  0.0217  0.0217  0.0215  0.0215
  0.0226  0.0221  0.0218  0.0224  0.0221  0.0218  0.0222  0.0228  0.0221  0.0222  0.0217  0.0217
niter,ni,del,rscale     3    3    5.0000    0.6000
parameters
   -0.9951   30.3622    3.3009   -6.1360   -9.9593   -3.9144
    4.6933    4.0333   -5.4820   18.6047   -4.1997  -22.5195
eta,q 0.97865 13.97992
  0.0223  0.0219  0.0217  0.0221  0.0219  0.0217  0.0220  0.0224  0.0219  0.0220  0.0216  0.0216
  0.0218  0.0216  0.0215  0.0217  0.0216  0.0214  0.0216  0.0218  0.0216  0.0216  0.0215  0.0214
  0.0214  0.0214  0.0214  0.0215  0.0214  0.0214  0.0214  0.0215  0.0214  0.0214  0.0214  0.0214
  0.0213  0.0213  0.0214  0.0213  0.0213  0.0213  0.0213  0.0213  0.0213  0.0213  0.0213  0.0213
  0.0215  0.0214  0.0214  0.0214  0.0214  0.0213  0.0214  0.0214  0.0214  0.0214  0.0214  0.0214
  0.0218  0.0216  0.0215  0.0216  0.0216  0.0214  0.0216  0.0218  0.0216  0.0216  0.0215  0.0215
  0.0223  0.0220  0.0217  0.0220  0.0219  0.0216  0.0220  0.0224  0.0219  0.0220  0.0216  0.0216
niter,ni,del,rscale     2    3    5.0000    0.5000
parameters
   -1.0012   30.3522    3.2762   -6.0502   -9.9781   -3.8418
    4.7142    4.0752   -5.4448   18.6600   -4.1612  -22.5401
eta,q 0.97865 13.98930
  0.0220  0.0218  0.0216  0.0219  0.0217  0.0215  0.0218  0.0221  0.0217  0.0218  0.0215  0.0215
  0.0216  0.0215  0.0214  0.0216  0.0215  0.0214  0.0216  0.0217  0.0215  0.0216  0.0214  0.0214
  0.0214  0.0214  0.0214  0.0214  0.0214  0.0213  0.0214  0.0214  0.0214  0.0214  0.0214  0.0214
  0.0213  0.0213  0.0213  0.0213  0.0213  0.0213  0.0213  0.0213  0.0213  0.0213  0.0213  0.0213
  0.0214  0.0214  0.0214  0.0214  0.0214  0.0213  0.0214  0.0214  0.0214  0.0214  0.0214  0.0214
  0.0216  0.0215  0.0215  0.0215  0.0215  0.0214  0.0215  0.0217  0.0215  0.0215  0.0214  0.0214
  0.0220  0.0218  0.0216  0.0218  0.0217  0.0215  0.0218  0.0221  0.0217  0.0218  0.0215  0.0215
niter,ni,del,rscale     1    3    5.0000    0.4000
parameters
   -1.0062   30.3402    3.2634   -5.9689  -10.0014   -3.6277
    4.7548    4.1411   -5.4062   18.7805   -4.1566  -22.5216
eta,q 0.97866 14.00638
  0.0217  0.0216  0.0215  0.0217  0.0216  0.0214  0.0216  0.0218  0.0216  0.0217  0.0215  0.0214
  0.0215  0.0215  0.0214  0.0215  0.0214  0.0214  0.0215  0.0216  0.0214  0.0215  0.0214  0.0214
  0.0214  0.0214  0.0214  0.0214  0.0214  0.0213  0.0214  0.0214  0.0214  0.0214  0.0213  0.0213
  0.0213  0.0213  0.0213  0.0213  0.0213  0.0213  0.0213  0.0213  0.0213  0.0213  0.0213  0.0213
  0.0214  0.0214  0.0214  0.0214  0.0214  0.0213  0.0214  0.0214  0.0214  0.0214  0.0214  0.0214
  0.0215  0.0215  0.0214  0.0215  0.0215  0.0213  0.0215  0.0215  0.0214  0.0215  0.0214  0.0214
  0.0218  0.0216  0.0215  0.0216  0.0216  0.0214  0.0216  0.0218  0.0216  0.0216  0.0214  0.0214
registration optimization eta report
parameter search radius
    0.8000    0.8000    0.8000    2.4000    2.4000    2.4000
    2.4000    2.4000    2.4000    2.4000    2.4000    2.4000
100000*second partial in parameter space
       63.       43.       22.        6.        4.        1.
        5.        8.        4.        5.        2.        2.
  0.0217  0.0216  0.0215  0.0217  0.0216  0.0214  0.0216  0.0218  0.0216  0.0217  0.0215  0.0214
  0.0215  0.0215  0.0214  0.0215  0.0214  0.0214  0.0215  0.0216  0.0214  0.0215  0.0214  0.0214
  0.0214  0.0214  0.0214  0.0214  0.0214  0.0213  0.0214  0.0214  0.0214  0.0214  0.0213  0.0213
  0.0213  0.0213  0.0213  0.0213  0.0213  0.0213  0.0213  0.0213  0.0213  0.0213  0.0213  0.0213
  0.0214  0.0214  0.0214  0.0214  0.0214  0.0213  0.0214  0.0214  0.0214  0.0214  0.0214  0.0214
  0.0215  0.0215  0.0214  0.0215  0.0215  0.0213  0.0215  0.0215  0.0214  0.0215  0.0214  0.0214
  0.0218  0.0216  0.0215  0.0216  0.0216  0.0214  0.0216  0.0218  0.0216  0.0216  0.0214  0.0214
   -1.0062   30.3402    3.2634   -5.9689  -10.0014   -3.6277
    4.7548    4.1411   -5.4062   18.7805   -4.1566  -22.5216
eta,q 0.97866 14.00638

---------------------------------------------------------------------
compute_vox2vox talsrcimg talsrcimg_to_711-2C_as_mni_average_305_t4 /opt/freesurfer/average/711-2C_as_mni_average_305
---------------------------------------------------------------------

freesurfer compute_vox2vox.c
Reading: talsrcimg.4dfp.ifh
Reading: talsrcimg_to_711-2C_as_mni_average_305_t4
Reading: /opt/freesurfer/average/711-2C_as_mni_average_305.4dfp.ifh
Writing: talsrcimg_to_711-2C_as_mni_average_305_t4_vox2vox.txt

start time Mon Mar 9 15:50:22 CET 2026
end		time Mon Mar 9 15:51:54 CET 2026

mpr2mni305 success

avi2talxfm orig_nu.mgz /opt/freesurfer/average/mni305.cor.mgz talsrcimg_to_711-2C_as_mni_average_305_t4_vox2vox.txt transforms/talairach.auto.xfm
avi2talxfm done
mv -f /out/sourcedata/freesurfer/sub-v1s22x0050502_ses-1/mri/talsrcimg_to_711-2C_as_mni_average_305_t4_vox2vox.txt /out/sourcedata/freesurfer/sub-v1s22x0050502_ses-1/mri/transforms/talsrcimg_to_711-2C_as_mni_average_305_t4_vox2vox.txt
lta_convert --src orig_nu.mgz --trg /opt/freesurfer/average/mni305.cor.mgz --inxfm transforms/talairach.auto.xfm --outlta transforms/talairach.auto.xfm.lta --subject fsaverage
7.3.2

--src: orig_nu.mgz src image (geometry).
--trg: /opt/freesurfer/average/mni305.cor.mgz trg image (geometry).
--inmni: transforms/talairach.auto.xfm input MNI/XFM transform.
--outlta: transforms/talairach.auto.xfm.lta output LTA.
--s: fsaverage subject name
 LTA read, type : 1
 1.05833  -0.03297  -0.06417   8.04262;
 0.05769   0.98760   0.24409  -55.98725;
 0.05153  -0.20807   1.05634  -5.02840;
 0.00000   0.00000   0.00000   1.00000;
setting subject to fsaverage
Writing  LTA to file transforms/talairach.auto.xfm.lta...
lta_convert successful.
 
 
Started at Mon Mar 9 15:50:21 CET 2026
Ended   at Mon Mar  9 15:51:55 CET 2026
talairach_avi done
