/out/sourcedata/freesurfer/sub-v1s22x0050477_ses-1/mri
/opt/freesurfer/bin/talairach_avi
--i orig_nu.mgz --xfm transforms/talairach.auto.xfm
talairach_avi 7.3.2
Linux dna013 5.14.0-427.37.1.el9_4.x86_64 #1 SMP PREEMPT_DYNAMIC Fri Sep 13 12:41:50 EDT 2024 x86_64 x86_64 x86_64 GNU/Linux
Mon Mar  9 14:05:43 CET 2026
mri_convert orig_nu.mgz talsrcimg.img 
reading from orig_nu.mgz...
TR=0.00, TE=0.00, TI=0.00, flip angle=0.00
i_ras = (-1, 2.53794e-09, 0)
j_ras = (-1.86265e-09, 0, -1)
k_ras = (-6.7439e-10, 1, -2.91038e-11)
writing to talsrcimg.img...
Analyze Output Matrix
-1.00000  -0.00000  -0.00000   132.70204;
 0.00000   0.00000   1.00000  -81.39779;
 0.00000  -1.00000  -0.00000   123.84907;
 0.00000   0.00000   0.00000   1.00000;
--------------------
INFO: set hdr.hist.orient to -1
mpr2mni305 talsrcimg
Mon Mar  9 14:05:43 CET 2026
/opt/freesurfer/bin/mpr2mni305 talsrcimg
mpr2mni305 7.3.2
target=711-2C_as_mni_average_305

---------------------------------------------------------------------
analyzeto4dfp talsrcimg -O0 -y
---------------------------------------------------------------------

freesurfer ifh2hdr.c
Mon Mar  9 14:05:43 2026
Writing: talsrcimg.4dfp.hdr
freesurfer analyzeto4dfp.c
Reading: talsrcimg.hdr
header size 348 bytes
hdr.dime.datatype	offset=70	value=2
hdr.dime.bitpix		offset=72	value=8
hdr.hist.orient		offset=252	value=-1
dimensionality     4
dimensions       256       256       256         1
Reading: talsrcimg.img
Writing: talsrcimg.4dfp.img
Writing: talsrcimg.4dfp.ifh
ifh2hdr talsrcimg -r0to247
ori=2

---------------------------------------------------------------------
gauss_4dfp talsrcimg 1.1
---------------------------------------------------------------------

freesurfer gauss_4dfp.c
Reading: talsrcimg.4dfp.img
Writing: talsrcimg_g11.4dfp.img
image dimensions 256 256 256 padded to 288 288 288
processing volume 1freesurfer ifh2hdr.c
Mon Mar  9 14:05:45 2026
Writing: talsrcimg_g11.4dfp.hdr

Writing: talsrcimg_g11.4dfp.ifh
including: talsrcimg.4dfp.img.rec in talsrcimg_g11.4dfp.img.rec

---------------------------------------------------------------------
imgreg_4dfp /opt/freesurfer/average/711-2C_as_mni_average_305 none talsrcimg_g11 none talsrcimg_to_711-2C_as_mni_average_305_t4 4355
---------------------------------------------------------------------

freesurfer imgreg_4dfp.c
/opt/freesurfer/average/711-2C_as_mni_average_305.4dfp.img
       256       256       256         1
  1.000000  1.000000  1.000000
orientation T byte_order littleendian
Reading image: /opt/freesurfer/average/711-2C_as_mni_average_305.4dfp.img
dimensions:      256       256       256
mmppix:       1.0000   -1.0000   -1.0000
center:     128.0000 -129.0000 -129.0000
talsrcimg_g11.4dfp.img
       256       256       256         1
  1.000000  1.000000  1.000000
orientation T byte_order littleendian
Reading image: talsrcimg_g11.4dfp.img
dimensions:      256       256       256
mmppix:       1.0000   -1.0000   -1.0000
center:     128.0000 -129.0000 -129.0000
t4_read: open error in t4_sub.f l:  41 t4_file(1:l)talsrcimg_to_711-2C_as_mni_average_305_t4 
t4_read: transform initialized to I4
rotation matrix determinant  1.000000
image alignment mode   4355 decimal     1103 hex
   -7.5000  -45.0000  -45.0000 6924.6260   15.1977
    0.0000  -45.0000  -45.0000 7234.6060   15.1550
    7.5000  -45.0000  -45.0000 6974.4399   15.1135
   -7.5000  -37.5000  -45.0000 7560.2314   14.8800
    0.0000  -37.5000  -45.0000 7893.6753   14.8403
    7.5000  -37.5000  -45.0000 7610.7686   14.8033
   -7.5000  -30.0000  -45.0000 8547.6240   14.6866
    0.0000  -30.0000  -45.0000 8936.5010   14.6516
    7.5000  -30.0000  -45.0000 8600.3613   14.6166
   -7.5000  -22.5000  -45.0000 9569.7051   14.6170
    0.0000  -22.5000  -45.0000 9995.5811   14.5848
    7.5000  -22.5000  -45.0000 9600.2402   14.5503
   -7.5000  -15.0000  -45.000010575.6611   14.5602
    0.0000  -15.0000  -45.000011065.7529   14.5284
    7.5000  -15.0000  -45.000010593.4902   14.4939
   -7.5000   -7.5000  -45.000011479.8252   14.5266
    0.0000   -7.5000  -45.000012051.1982   14.4918
    7.5000   -7.5000  -45.000011505.9336   14.4543
   -7.5000    0.0000  -45.000012310.6299   14.5155
    0.0000    0.0000  -45.000012936.1475   14.4775
    7.5000    0.0000  -45.000012350.0791   14.4392
   -7.5000    7.5000  -45.000012208.4814   14.5168
    0.0000    7.5000  -45.000012826.6133   14.4799
    7.5000    7.5000  -45.000012221.8896   14.4446
   -7.5000   15.0000  -45.000012012.3838   14.5289
    0.0000   15.0000  -45.000012585.4199   14.4954
    7.5000   15.0000  -45.000011990.0156   14.4612
   -7.5000   22.5000  -45.000011625.7109   14.5352
    0.0000   22.5000  -45.000012171.9688   14.5039
    7.5000   22.5000  -45.000011598.1611   14.4697
   -7.5000   30.0000  -45.000011162.0527   14.3413
    0.0000   30.0000  -45.000011659.4854   14.3103
    7.5000   30.0000  -45.000011118.2549   14.2763
   -7.5000   37.5000  -45.000011062.9844   14.3316
    0.0000   37.5000  -45.000011556.7139   14.2973
    7.5000   37.5000  -45.000011030.3486   14.2603
   -7.5000   45.0000  -45.000010360.4492   13.9584
    0.0000   45.0000  -45.000010840.2900   13.9218
    7.5000   45.0000  -45.000010327.9795   13.8850
   -7.5000  -45.0000  -37.5000 7286.6138   15.2186
    0.0000  -45.0000  -37.5000 7598.3979   15.1835
    7.5000  -45.0000  -37.5000 7321.4990   15.1443
   -7.5000  -37.5000  -37.5000 7980.6147   14.9021
    0.0000  -37.5000  -37.5000 8343.5723   14.8662
    7.5000  -37.5000  -37.5000 8009.0317   14.8304
   -7.5000  -30.0000  -37.5000 9039.7773   14.7096
    0.0000  -30.0000  -37.5000 9464.1855   14.6768
    7.5000  -30.0000  -37.5000 9080.0322   14.6410
   -7.5000  -22.5000  -37.500010114.8154   14.6407
    0.0000  -22.5000  -37.500010582.6084   14.6133
    7.5000  -22.5000  -37.500010123.9766   14.5771
   -7.5000  -15.0000  -37.500011147.7842   14.5838
    0.0000  -15.0000  -37.500011691.1318   14.5599
    7.5000  -15.0000  -37.500011157.8135   14.5247
   -7.5000   -7.5000  -37.500012105.5049   14.5482
    0.0000   -7.5000  -37.500012703.0156   14.5220
    7.5000   -7.5000  -37.500012120.5762   14.4856
   -7.5000    0.0000  -37.500012948.0791   14.5350
    0.0000    0.0000  -37.500013612.9492   14.5039
    7.5000    0.0000  -37.500012970.3203   14.4679
   -7.5000    7.5000  -37.500012852.0566   14.5370
    0.0000    7.5000  -37.500013516.2256   14.5038
    7.5000    7.5000  -37.500012829.7480   14.4696
   -7.5000   15.0000  -37.500012628.0986   14.5514
    0.0000   15.0000  -37.500013271.6016   14.5200
    7.5000   15.0000  -37.500012571.3164   14.4849
   -7.5000   22.5000  -37.500012206.5059   14.5591
    0.0000   22.5000  -37.500012827.1650   14.5325
    7.5000   22.5000  -37.500012152.2363   14.4967
   -7.5000   30.0000  -37.500011705.1875   14.3648
    0.0000   30.0000  -37.500012267.9141   14.3416
    7.5000   30.0000  -37.500011630.2402   14.3068
   -7.5000   37.5000  -37.500011564.9121   14.3530
    0.0000   37.5000  -37.500012129.0615   14.3271
    7.5000   37.5000  -37.500011504.5371   14.2912
   -7.5000   45.0000  -37.500010848.2939   13.9771
    0.0000   45.0000  -37.500011393.9443   13.9473
    7.5000   45.0000  -37.500010780.3838   13.9126
   -7.5000  -45.0000  -30.0000 7788.1562   15.8830
    0.0000  -45.0000  -30.0000 8132.2466   15.8578
    7.5000  -45.0000  -30.0000 7822.8208   15.8151
   -7.5000  -37.5000  -30.0000 8553.7305   15.5527
    0.0000  -37.5000  -30.0000 8953.4844   15.5226
    7.5000  -37.5000  -30.0000 8590.1455   15.4828
   -7.5000  -30.0000  -30.0000 9695.9902   15.3508
    0.0000  -30.0000  -30.000010156.1318   15.3215
    7.5000  -30.0000  -30.0000 9728.4258   15.2801
   -7.5000  -22.5000  -30.000010829.4658   15.2790
    0.0000  -22.5000  -30.000011348.5088   15.2564
    7.5000  -22.5000  -30.000010847.9824   15.2134
   -7.5000  -15.0000  -30.000011902.2939   15.2208
    0.0000  -15.0000  -30.000012497.7129   15.2047
    7.5000  -15.0000  -30.000011913.7363   15.1629
   -7.5000   -7.5000  -30.000012922.0156   15.1832
    0.0000   -7.5000  -30.000013569.4365   15.1668
    7.5000   -7.5000  -30.000012925.2139   15.1258
   -7.5000    0.0000  -30.000013798.6172   15.1680
    0.0000    0.0000  -30.000014522.7051   15.1461
    7.5000    0.0000  -30.000013798.1406   15.1068
   -7.5000    7.5000  -30.000013680.4092   15.1698
    0.0000    7.5000  -30.000014401.0127   15.1422
    7.5000    7.5000  -30.000013636.0117   15.1042
   -7.5000   15.0000  -30.000013430.2314   15.1843
    0.0000   15.0000  -30.000014135.7451   15.1564
    7.5000   15.0000  -30.000013358.7617   15.1158
   -7.5000   22.5000  -30.000012984.4023   15.1916
    0.0000   22.5000  -30.000013681.4434   15.1699
    7.5000   22.5000  -30.000012920.3467   15.1273
   -7.5000   30.0000  -30.000012409.0889   14.9937
    0.0000   30.0000  -30.000013057.1367   14.9780
    7.5000   30.0000  -30.000012354.4561   14.9368
   -7.5000   37.5000  -30.000012194.3916   14.9808
    0.0000   37.5000  -30.000012844.8281   14.9647
    7.5000   37.5000  -30.000012167.5615   14.9242
   -7.5000   45.0000  -30.000011451.8633   14.5966
    0.0000   45.0000  -30.000012050.0010   14.5755
    7.5000   45.0000  -30.000011407.1387   14.5377
   -7.5000  -45.0000  -22.5000 8291.7344   16.4235
    0.0000  -45.0000  -22.5000 8669.2803   16.4014
    7.5000  -45.0000  -22.5000 8327.5625   16.3532
   -7.5000  -37.5000  -22.5000 9095.0908   16.0804
    0.0000  -37.5000  -22.5000 9524.8535   16.0529
    7.5000  -37.5000  -22.5000 9139.0898   16.0077
   -7.5000  -30.0000  -22.500010291.9199   15.8691
    0.0000  -30.0000  -22.500010792.4014   15.8411
    7.5000  -30.0000  -22.500010342.8428   15.7945
   -7.5000  -22.5000  -22.500011471.5557   15.7936
    0.0000  -22.5000  -22.500012046.3643   15.7705
    7.5000  -22.5000  -22.500011522.4355   15.7217
   -7.5000  -15.0000  -22.500012603.2480   15.7344
    0.0000  -15.0000  -22.500013235.2803   15.7179
    7.5000  -15.0000  -22.500012623.5830   15.6701
   -7.5000   -7.5000  -22.500013687.5781   15.6973
    0.0000   -7.5000  -22.500014395.4102   15.6827
    7.5000   -7.5000  -22.500013725.1221   15.6363
   -7.5000    0.0000  -22.500014602.6436   15.6833
    0.0000    0.0000  -22.500015369.6768   15.6641
    7.5000    0.0000  -22.500014620.5938   15.6198
   -7.5000    7.5000  -22.500014455.3955   15.6840
    0.0000    7.5000  -22.500015209.7363   15.6590
    7.5000    7.5000  -22.500014451.1367   15.6158
   -7.5000   15.0000  -22.500014179.3223   15.6958
    0.0000   15.0000  -22.500014951.1768   15.6692
    7.5000   15.0000  -22.500014158.4033   15.6235
   -7.5000   22.5000  -22.500013759.3984   15.7012
    0.0000   22.5000  -22.500014499.5391   15.6789
    7.5000   22.5000  -22.500013721.8828   15.6306
   -7.5000   30.0000  -22.500013139.3535   15.5015
    0.0000   30.0000  -22.500013851.6816   15.4856
    7.5000   30.0000  -22.500013076.5332   15.4385
   -7.5000   37.5000  -22.500012893.0518   15.4905
    0.0000   37.5000  -22.500013584.0654   15.4761
    7.5000   37.5000  -22.500012842.3086   15.4303
   -7.5000   45.0000  -22.500012097.1797   15.1038
    0.0000   45.0000  -22.500012724.1660   15.0853
    7.5000   45.0000  -22.500012044.7041   15.0426
   -7.5000  -45.0000  -15.0000 8762.8154   16.7929
    0.0000  -45.0000  -15.0000 9178.6104   16.7638
    7.5000  -45.0000  -15.0000 8809.8555   16.7119
   -7.5000  -37.5000  -15.0000 9594.0430   16.4404
    0.0000  -37.5000  -15.000010065.2354   16.4091
    7.5000  -37.5000  -15.0000 9647.3164   16.3616
   -7.5000  -30.0000  -15.000010839.3779   16.2220
    0.0000  -30.0000  -15.000011375.7207   16.1909
    7.5000  -30.0000  -15.000010912.0752   16.1437
   -7.5000  -22.5000  -15.000012094.2373   16.1425
    0.0000  -22.5000  -15.000012688.0488   16.1134
    7.5000  -22.5000  -15.000012162.1465   16.0643
   -7.5000  -15.0000  -15.000013269.7959   16.0819
    0.0000  -15.0000  -15.000013930.2178   16.0571
    7.5000  -15.0000  -15.000013350.2266   16.0080
   -7.5000   -7.5000  -15.000014413.2500   16.0473
    0.0000   -7.5000  -15.000015148.0068   16.0246
    7.5000   -7.5000  -15.000014516.5420   15.9755
   -7.5000    0.0000  -15.000015408.0303   16.0365
    0.0000    0.0000  -15.000016214.7510   16.0109
    7.5000    0.0000  -15.000015468.6533   15.9632
   -7.5000    7.5000  -15.000015217.9102   16.0365
    0.0000    7.5000  -15.000016004.3594   16.0078
    7.5000    7.5000  -15.000015257.7285   15.9624
   -7.5000   15.0000  -15.000014933.0635   16.0450
    0.0000   15.0000  -15.000015682.3066   16.0154
    7.5000   15.0000  -15.000014932.5586   15.9691
   -7.5000   22.5000  -15.000014502.8740   16.0468
    0.0000   22.5000  -15.000015235.2422   16.0188
    7.5000   22.5000  -15.000014475.3350   15.9702
   -7.5000   30.0000  -15.000013840.3232   15.8457
    0.0000   30.0000  -15.000014546.9570   15.8217
    7.5000   30.0000  -15.000013803.2432   15.7732
   -7.5000   37.5000  -15.000013576.2314   15.8381
    0.0000   37.5000  -15.000014264.7031   15.8157
    7.5000   37.5000  -15.000013516.9082   15.7672
   -7.5000   45.0000  -15.000012747.2539   15.4533
    0.0000   45.0000  -15.000013367.3887   15.4286
    7.5000   45.0000  -15.000012664.6816   15.3826
   -7.5000  -45.0000   -7.5000 9224.6387   16.9672
    0.0000  -45.0000   -7.5000 9664.7373   16.9251
    7.5000  -45.0000   -7.5000 9262.4600   16.8743
   -7.5000  -37.5000   -7.500010121.4209   16.6109
    0.0000  -37.5000   -7.500010593.7852   16.5713
    7.5000  -37.5000   -7.500010163.2402   16.5260
   -7.5000  -30.0000   -7.500011430.1426   16.3915
    0.0000  -30.0000   -7.500011962.0273   16.3551
    7.5000  -30.0000   -7.500011501.4463   16.3123
   -7.5000  -22.5000   -7.500012750.2158   16.3116
    0.0000  -22.5000   -7.500013326.7002   16.2765
    7.5000  -22.5000   -7.500012828.2783   16.2330
   -7.5000  -15.0000   -7.500013944.1035   16.2493
    0.0000  -15.0000   -7.500014593.9463   16.2153
    7.5000  -15.0000   -7.500014050.3750   16.1710
   -7.5000   -7.5000   -7.500015150.1553   16.2149
    0.0000   -7.5000   -7.500015897.8418   16.1799
    7.5000   -7.5000   -7.500015281.0713   16.1331
   -7.5000    0.0000   -7.500016246.1328   16.2047
    0.0000    0.0000   -7.500017113.3828   16.1672
    7.5000    0.0000   -7.500016356.6035   16.1205
   -7.5000    7.5000   -7.500016117.3584   16.2049
    0.0000    7.5000   -7.500016935.3789   16.1682
    7.5000    7.5000   -7.500016199.7383   16.1250
   -7.5000   15.0000   -7.500015817.7529   16.2143
    0.0000   15.0000   -7.500016473.1699   16.1796
    7.5000   15.0000   -7.500015816.4893   16.1376
   -7.5000   22.5000   -7.500015340.9766   16.2140
    0.0000   22.5000   -7.500015957.3730   16.1799
    7.5000   22.5000   -7.500015296.9863   16.1370
   -7.5000   30.0000   -7.500014604.8467   16.0105
    0.0000   30.0000   -7.500015205.5342   15.9773
    7.5000   30.0000   -7.500014562.4697   15.9337
   -7.5000   37.5000   -7.500014284.8867   16.0030
    0.0000   37.5000   -7.500014917.4189   15.9685
    7.5000   37.5000   -7.500014245.0117   15.9224
   -7.5000   45.0000   -7.500013423.0742   15.6183
    0.0000   45.0000   -7.500013998.9111   15.5822
    7.5000   45.0000   -7.500013341.2256   15.5371
   -7.5000  -45.0000    0.0000 9636.9482   17.0013
    0.0000  -45.0000    0.000010078.5098   16.9535
    7.5000  -45.0000    0.0000 9670.9580   16.9071
   -7.5000  -37.5000    0.000010554.3604   16.6460
    0.0000  -37.5000    0.000011039.3340   16.6015
    7.5000  -37.5000    0.000010605.8359   16.5601
   -7.5000  -30.0000    0.000011894.6797   16.4297
    0.0000  -30.0000    0.000012441.5254   16.3905
    7.5000  -30.0000    0.000011977.5273   16.3513
   -7.5000  -22.5000    0.000013221.1211   16.3518
    0.0000  -22.5000    0.000013850.2920   16.3156
    7.5000  -22.5000    0.000013347.2812   16.2770
   -7.5000  -15.0000    0.000014480.5498   16.2882
    0.0000  -15.0000    0.000015151.1016   16.2526
    7.5000  -15.0000    0.000014606.5137   16.2140
   -7.5000   -7.5000    0.000015727.3799   16.2507
    0.0000   -7.5000    0.000016495.7109   16.2118
    7.5000   -7.5000    0.000015892.8164   16.1698
   -7.5000    0.0000    0.000016979.7617   16.2384
    0.0000    0.0000    0.000017925.7754   16.1958
    7.5000    0.0000    0.000017194.7852   16.1530
   -7.5000    7.5000    0.000016993.5859   16.2399
    0.0000    7.5000    0.000017785.1621   16.1985
    7.5000    7.5000    0.000017143.1152   16.1590
   -7.5000   15.0000    0.000016691.7266   16.2533
    0.0000   15.0000    0.000017217.9473   16.2158
    7.5000   15.0000    0.000016700.7656   16.1775
   -7.5000   22.5000    0.000016110.2432   16.2550
    0.0000   22.5000    0.000016584.2480   16.2199
    7.5000   22.5000    0.000016034.9189   16.1817
   -7.5000   30.0000    0.000015301.2490   16.0496
    0.0000   30.0000    0.000015870.0791   16.0149
    7.5000   30.0000    0.000015250.8955   15.9768
   -7.5000   37.5000    0.000014904.1689   16.0388
    0.0000   37.5000    0.000015534.9404   16.0005
    7.5000   37.5000    0.000014873.9941   15.9590
   -7.5000   45.0000    0.000013919.8096   15.6520
    0.0000   45.0000    0.000014482.1504   15.6109
    7.5000   45.0000    0.000013872.1846   15.5697
   -7.5000  -45.0000    7.5000 9275.4316   17.0300
    0.0000  -45.0000    7.5000 9714.0752   16.9907
    7.5000  -45.0000    7.5000 9301.8428   16.9468
   -7.5000  -37.5000    7.500010145.4883   16.6758
    0.0000  -37.5000    7.500010641.1719   16.6357
    7.5000  -37.5000    7.500010218.2773   16.5956
   -7.5000  -30.0000    7.500011441.4355   16.4604
    0.0000  -30.0000    7.500011971.5127   16.4237
    7.5000  -30.0000    7.500011548.8418   16.3836
   -7.5000  -22.5000    7.500012726.3623   16.3833
    0.0000  -22.5000    7.500013305.5771   16.3527
    7.5000  -22.5000    7.500012840.8086   16.3122
   -7.5000  -15.0000    7.500013911.8291   16.3197
    0.0000  -15.0000    7.500014539.4717   16.2929
    7.5000  -15.0000    7.500014044.8135   16.2535
   -7.5000   -7.5000    7.500015078.5820   16.2799
    0.0000   -7.5000    7.500015762.2676   16.2505
    7.5000   -7.5000    7.500015266.1016   16.2098
   -7.5000    0.0000    7.500016259.9678   16.2650
    0.0000    0.0000    7.500017103.6406   16.2303
    7.5000    0.0000    7.500016564.6270   16.1899
   -7.5000    7.5000    7.500016279.2217   16.2673
    0.0000    7.5000    7.500017069.8086   16.2301
    7.5000    7.5000    7.500016545.1934   16.1919
   -7.5000   15.0000    7.500015998.2520   16.2834
    0.0000   15.0000    7.500016713.9199   16.2483
    7.5000   15.0000    7.500016169.7891   16.2090
   -7.5000   22.5000    7.500015481.5947   16.2867
    0.0000   22.5000    7.500016147.7266   16.2570
    7.5000   22.5000    7.500015544.3525   16.2169
   -7.5000   30.0000    7.500014707.6758   16.0809
    0.0000   30.0000    7.500015415.9492   16.0548
    7.5000   30.0000    7.500014737.8291   16.0159
   -7.5000   37.5000    7.500014285.7852   16.0676
    0.0000   37.5000    7.500014966.5781   16.0387
    7.5000   37.5000    7.500014317.3848   15.9985
   -7.5000   45.0000    7.500013295.2725   15.6776
    0.0000   45.0000    7.500013886.6621   15.6441
    7.5000   45.0000    7.500013314.5850   15.6052
   -7.5000  -45.0000   15.0000 8782.7588   17.0735
    0.0000  -45.0000   15.0000 9167.6211   17.0465
    7.5000  -45.0000   15.0000 8808.9873   17.0007
   -7.5000  -37.5000   15.0000 9612.8184   16.7187
    0.0000  -37.5000   15.000010049.3018   16.6864
    7.5000  -37.5000   15.0000 9675.9990   16.6437
   -7.5000  -30.0000   15.000010826.4795   16.5014
    0.0000  -30.0000   15.000011323.6279   16.4699
    7.5000  -30.0000   15.000010911.4307   16.4255
   -7.5000  -22.5000   15.000012025.9824   16.4240
    0.0000  -22.5000   15.000012611.2051   16.3998
    7.5000  -22.5000   15.000012135.9121   16.3537
   -7.5000  -15.0000   15.000013181.4883   16.3614
    0.0000  -15.0000   15.000013850.8867   16.3441
    7.5000  -15.0000   15.000013318.7246   16.2993
   -7.5000   -7.5000   15.000014309.8242   16.3209
    0.0000   -7.5000   15.000015053.9150   16.3033
    7.5000   -7.5000   15.000014490.4688   16.2594
   -7.5000    0.0000   15.000015428.9111   16.3047
    0.0000    0.0000   15.000016254.1943   16.2812
    7.5000    0.0000   15.000015641.8701   16.2391
   -7.5000    7.5000   15.000015354.9717   16.3066
    0.0000    7.5000   15.000016112.2988   16.2770
    7.5000    7.5000   15.000015522.5908   16.2363
   -7.5000   15.0000   15.000015053.3926   16.3222
    0.0000   15.0000   15.000015788.9932   16.2922
    7.5000   15.0000   15.000015218.5820   16.2487
   -7.5000   22.5000   15.000014610.2549   16.3264
    0.0000   22.5000   15.000015340.1543   16.3030
    7.5000   22.5000   15.000014746.3857   16.2574
   -7.5000   30.0000   15.000013926.5732   16.1219
    0.0000   30.0000   15.000014659.9307   16.1052
    7.5000   30.0000   15.000014037.1055   16.0609
   -7.5000   37.5000   15.000013537.8213   16.1081
    0.0000   37.5000   15.000014247.7500   16.0908
    7.5000   37.5000   15.000013654.2988   16.0475
   -7.5000   45.0000   15.000012576.0479   15.7159
    0.0000   45.0000   15.000013226.1328   15.6932
    7.5000   45.0000   15.000012672.6953   15.6526
   -7.5000  -45.0000   22.5000 8191.0752   17.1608
    0.0000  -45.0000   22.5000 8557.7959   17.1375
    7.5000  -45.0000   22.5000 8214.4062   17.0868
   -7.5000  -37.5000   22.5000 8981.2070   16.8060
    0.0000  -37.5000   22.5000 9407.8828   16.7771
    7.5000  -37.5000   22.5000 9017.4854   16.7297
   -7.5000  -30.0000   22.500010144.4961   16.5831
    0.0000  -30.0000   22.500010629.3398   16.5536
    7.5000  -30.0000   22.500010174.2822   16.5047
   -7.5000  -22.5000   22.500011286.2100   16.5033
    0.0000  -22.5000   22.500011868.6318   16.4788
    7.5000  -22.5000   22.500011352.9873   16.4275
   -7.5000  -15.0000   22.500012402.5947   16.4411
    0.0000  -15.0000   22.500013046.0977   16.4236
    7.5000  -15.0000   22.500012484.7666   16.3733
   -7.5000   -7.5000   22.500013445.9932   16.4027
    0.0000   -7.5000   22.500014151.2275   16.3872
    7.5000   -7.5000   22.500013591.8711   16.3385
   -7.5000    0.0000   22.500014435.2871   16.3885
    0.0000    0.0000   22.500015178.0566   16.3683
    7.5000    0.0000   22.500014578.5703   16.3217
   -7.5000    7.5000   22.500014303.4668   16.3890
    0.0000    7.5000   22.500014974.8682   16.3627
    7.5000    7.5000   22.500014414.0625   16.3174
   -7.5000   15.0000   22.500013994.1211   16.4008
    0.0000   15.0000   22.500014668.2041   16.3728
    7.5000   15.0000   22.500014149.4629   16.3247
   -7.5000   22.5000   22.500013632.1025   16.4035
    0.0000   22.5000   22.500014264.2881   16.3800
    7.5000   22.5000   22.500013763.1709   16.3292
   -7.5000   30.0000   22.500013051.8613   16.1998
    0.0000   30.0000   22.500013687.7012   16.1830
    7.5000   30.0000   22.500013167.8867   16.1333
   -7.5000   37.5000   22.500012714.6611   16.1888
    0.0000   37.5000   22.500013355.4180   16.1736
    7.5000   37.5000   22.500012831.6982   16.1255
   -7.5000   45.0000   22.500011811.0498   15.7966
    0.0000   45.0000   22.500012406.7119   15.7771
    7.5000   45.0000   22.500011934.0332   15.7323
   -7.5000  -45.0000   30.0000 7562.9312   17.3643
    0.0000  -45.0000   30.0000 7896.6812   17.3334
    7.5000  -45.0000   30.0000 7576.7471   17.2781
   -7.5000  -37.5000   30.0000 8303.5605   17.0050
    0.0000  -37.5000   30.0000 8689.0078   16.9719
    7.5000  -37.5000   30.0000 8336.1074   16.9213
   -7.5000  -30.0000   30.0000 9372.9492   16.7735
    0.0000  -30.0000   30.0000 9831.9844   16.7406
    7.5000  -30.0000   30.0000 9408.1953   16.6903
   -7.5000  -22.5000   30.000010473.4971   16.6893
    0.0000  -22.5000   30.000010992.7373   16.6585
    7.5000  -22.5000   30.000010503.3174   16.6060
   -7.5000  -15.0000   30.000011503.2510   16.6259
    0.0000  -15.0000   30.000012084.3496   16.5997
    7.5000  -15.0000   30.000011538.6963   16.5472
   -7.5000   -7.5000   30.000012474.6240   16.5907
    0.0000   -7.5000   30.000013136.1992   16.5666
    7.5000   -7.5000   30.000012554.3164   16.5143
   -7.5000    0.0000   30.000013363.7998   16.5799
    0.0000    0.0000   30.000014073.7051   16.5528
    7.5000    0.0000   30.000013453.3604   16.5021
   -7.5000    7.5000   30.000013201.1143   16.5791
    0.0000    7.5000   30.000013875.6113   16.5489
    7.5000    7.5000   30.000013300.4736   16.5006
   -7.5000   15.0000   30.000012902.3906   16.5869
    0.0000   15.0000   30.000013541.4766   16.5557
    7.5000   15.0000   30.000013038.5312   16.5064
   -7.5000   22.5000   30.000012562.4961   16.5867
    0.0000   22.5000   30.000013185.5156   16.5571
    7.5000   22.5000   30.000012686.6221   16.5052
   -7.5000   30.0000   30.000012070.0430   16.3812
    0.0000   30.0000   30.000012672.5908   16.3558
    7.5000   30.0000   30.000012193.6240   16.3041
   -7.5000   37.5000   30.000011787.0176   16.3744
    0.0000   37.5000   30.000012398.7520   16.3506
    7.5000   37.5000   30.000011903.4336   16.2990
   -7.5000   45.0000   30.000010969.7266   15.9812
    0.0000   45.0000   30.000011524.2148   15.9550
    7.5000   45.0000   30.000011087.4414   15.9061
   -7.5000  -45.0000   37.5000 7203.9844   17.6792
    0.0000  -45.0000   37.5000 7500.9883   17.6322
    7.5000  -45.0000   37.5000 7196.2739   17.5761
   -7.5000  -37.5000   37.5000 7931.5957   17.3134
    0.0000  -37.5000   37.5000 8287.3604   17.2692
    7.5000  -37.5000   37.5000 7933.7573   17.2189
   -7.5000  -30.0000   37.5000 8948.1748   17.0753
    0.0000  -30.0000   37.5000 9376.5020   17.0348
    7.5000  -30.0000   37.5000 8956.7510   16.9874
   -7.5000  -22.5000   37.5000 9980.9463   16.9877
    0.0000  -22.5000   37.500010494.4668   16.9486
    7.5000  -22.5000   37.5000 9999.6123   16.9006
   -7.5000  -15.0000   37.500010965.6836   16.9204
    0.0000  -15.0000   37.500011540.1934   16.8825
    7.5000  -15.0000   37.500011002.2041   16.8337
   -7.5000   -7.5000   37.500011912.0967   16.8845
    0.0000   -7.5000   37.500012551.1807   16.8455
    7.5000   -7.5000   37.500011960.6045   16.7941
   -7.5000    0.0000   37.500012779.4775   16.8748
    0.0000    0.0000   37.500013456.5840   16.8331
    7.5000    0.0000   37.500012819.2529   16.7816
   -7.5000    7.5000   37.500012621.5635   16.8747
    0.0000    7.5000   37.500013267.6172   16.8339
    7.5000    7.5000   37.500012666.5947   16.7861
   -7.5000   15.0000   37.500012339.0889   16.8834
    0.0000   15.0000   37.500012940.2188   16.8448
    7.5000   15.0000   37.500012414.1113   16.7984
   -7.5000   22.5000   37.500012003.9736   16.8824
    0.0000   22.5000   37.500012589.9180   16.8444
    7.5000   22.5000   37.500012090.9805   16.7970
   -7.5000   30.0000   37.500011549.2012   16.6710
    0.0000   30.0000   37.500012094.5283   16.6341
    7.5000   30.0000   37.500011634.1348   16.5860
   -7.5000   37.5000   37.500011298.4102   16.6643
    0.0000   37.5000   37.500011860.3955   16.6259
    7.5000   37.5000   37.500011398.4482   16.5751
   -7.5000   45.0000   37.500010526.9922   16.2654
    0.0000   45.0000   37.500011025.8945   16.2252
    7.5000   45.0000   37.500010624.0273   16.1755
   -7.5000  -45.0000   45.0000 6540.5195   18.0558
    0.0000  -45.0000   45.0000 6795.1826   18.0027
    7.5000  -45.0000   45.0000 6532.9497   17.9479
   -7.5000  -37.5000   45.0000 7229.2520   17.6803
    0.0000  -37.5000   45.0000 7512.7969   17.6302
    7.5000  -37.5000   45.0000 7212.9438   17.5806
   -7.5000  -30.0000   45.0000 8169.2646   17.4386
    0.0000  -30.0000   45.0000 8510.0176   17.3936
    7.5000  -30.0000   45.0000 8144.5630   17.3455
   -7.5000  -22.5000   45.0000 9113.2920   17.3502
    0.0000  -22.5000   45.0000 9527.7666   17.3083
    7.5000  -22.5000   45.0000 9086.7090   17.2604
   -7.5000  -15.0000   45.000010021.9453   17.2778
    0.0000  -15.0000   45.000010508.9531   17.2371
    7.5000  -15.0000   45.000010001.6484   17.1899
   -7.5000   -7.5000   45.000010895.7793   17.2349
    0.0000   -7.5000   45.000011432.9395   17.1916
    7.5000   -7.5000   45.000010905.2256   17.1418
   -7.5000    0.0000   45.000011678.7236   17.2213
    0.0000    0.0000   45.000012232.6045   17.1742
    7.5000    0.0000   45.000011706.2480   17.1240
   -7.5000    7.5000   45.000011538.4521   17.2235
    0.0000    7.5000   45.000012081.3262   17.1771
    7.5000    7.5000   45.000011582.9209   17.1299
   -7.5000   15.0000   45.000011267.8701   17.2388
    0.0000   15.0000   45.000011789.4521   17.1957
    7.5000   15.0000   45.000011330.4658   17.1488
   -7.5000   22.5000   45.000010954.5420   17.2410
    0.0000   22.5000   45.000011455.4424   17.2003
    7.5000   22.5000   45.000011019.5332   17.1530
   -7.5000   30.0000   45.000010545.9277   17.0211
    0.0000   30.0000   45.000011009.9512   16.9816
    7.5000   30.0000   45.000010600.3994   16.9350
   -7.5000   37.5000   45.000010354.9307   17.0086
    0.0000   37.5000   45.000010840.5977   16.9659
    7.5000   37.5000   45.000010427.1611   16.9168
   -7.5000   45.0000   45.0000 9665.0928   16.6069
    0.0000   45.0000   45.000010108.0332   16.5614
    7.5000   45.0000   45.0000 9713.9023   16.5130

---------------------------------------------------------------------
imgreg_4dfp /opt/freesurfer/average/711-2C_as_mni_average_305 /opt/freesurfer/average/711-2B_as_mni_average_305_mask talsrcimg_g11 none talsrcimg_to_711-2C_as_mni_average_305_t4 4355
---------------------------------------------------------------------

freesurfer imgreg_4dfp.c
/opt/freesurfer/average/711-2C_as_mni_average_305.4dfp.img
       256       256       256         1
  1.000000  1.000000  1.000000
orientation T byte_order littleendian
Reading image: /opt/freesurfer/average/711-2C_as_mni_average_305.4dfp.img
dimensions:      256       256       256
mmppix:       1.0000   -1.0000   -1.0000
center:     128.0000 -129.0000 -129.0000
/opt/freesurfer/average/711-2B_as_mni_average_305_mask.4dfp.img
       256       256       256         1
  1.000000  1.000000  1.000000
orientation T byte_order littleendian
Reading mask: /opt/freesurfer/average/711-2B_as_mni_average_305_mask.4dfp.img (2306576 pixels)
talsrcimg_g11.4dfp.img
       256       256       256         1
  1.000000  1.000000  1.000000
orientation T byte_order littleendian
Reading image: talsrcimg_g11.4dfp.img
dimensions:      256       256       256
mmppix:       1.0000   -1.0000   -1.0000
center:     128.0000 -129.0000 -129.0000
rotation matrix determinant  1.000000
image alignment mode   4355 decimal     1103 hex
   -7.5000  -45.0000  -45.0000 1924.2852   21.3516
    0.0000  -45.0000  -45.0000 1942.3967   21.0913
    7.5000  -45.0000  -45.0000 1935.5099   21.1901
   -7.5000  -37.5000  -45.0000 2047.7859   18.9164
    0.0000  -37.5000  -45.0000 2065.1572   18.6210
    7.5000  -37.5000  -45.0000 2058.5188   18.7065
   -7.5000  -30.0000  -45.0000 2162.1606   17.0089
    0.0000  -30.0000  -45.0000 2186.1006   16.7834
    7.5000  -30.0000  -45.0000 2176.9194   16.7975
   -7.5000  -22.5000  -45.0000 2263.3081   15.4792
    0.0000  -22.5000  -45.0000 2282.8745   15.2860
    7.5000  -22.5000  -45.0000 2277.9136   15.2889
   -7.5000  -15.0000  -45.0000 2344.5176   14.3519
    0.0000  -15.0000  -45.0000 2367.2534   14.2072
    7.5000  -15.0000  -45.0000 2357.2478   14.1734
   -7.5000   -7.5000  -45.0000 2387.3237   13.6043
    0.0000   -7.5000  -45.0000 2413.6450   13.4886
    7.5000   -7.5000  -45.0000 2402.5283   13.4380
   -7.5000    0.0000  -45.0000 2411.4453   13.1419
    0.0000    0.0000  -45.0000 2444.4038   13.0098
    7.5000    0.0000  -45.0000 2431.7444   12.9891
   -7.5000    7.5000  -45.0000 2422.1128   12.8956
    0.0000    7.5000  -45.0000 2453.0659   12.7475
    7.5000    7.5000  -45.0000 2443.3845   12.7488
   -7.5000   15.0000  -45.0000 2423.0806   12.8664
    0.0000   15.0000  -45.0000 2451.1228   12.6855
    7.5000   15.0000  -45.0000 2443.2217   12.6942
   -7.5000   22.5000  -45.0000 2409.0105   13.0648
    0.0000   22.5000  -45.0000 2443.7581   12.8785
    7.5000   22.5000  -45.0000 2428.8779   12.8991
   -7.5000   30.0000  -45.0000 2375.4734   13.5187
    0.0000   30.0000  -45.0000 2408.9714   13.3190
    7.5000   30.0000  -45.0000 2396.4177   13.3297
   -7.5000   37.5000  -45.0000 2327.6057   14.1664
    0.0000   37.5000  -45.0000 2361.3362   13.9358
    7.5000   37.5000  -45.0000 2350.6958   13.9506
   -7.5000   45.0000  -45.0000 2253.7085   15.0422
    0.0000   45.0000  -45.0000 2288.0225   14.7724
    7.5000   45.0000  -45.0000 2275.9646   14.7882
   -7.5000  -45.0000  -37.5000 1970.7997   20.1625
    0.0000  -45.0000  -37.5000 1984.0532   19.9685
    7.5000  -45.0000  -37.5000 1983.4375   20.0670
   -7.5000  -37.5000  -37.5000 2103.9919   17.8417
    0.0000  -37.5000  -37.5000 2120.3125   17.6757
    7.5000  -37.5000  -37.5000 2115.5139   17.7095
   -7.5000  -30.0000  -37.5000 2227.8713   16.0131
    0.0000  -30.0000  -37.5000 2248.7415   15.8901
    7.5000  -30.0000  -37.5000 2242.1470   15.8722
   -7.5000  -22.5000  -37.5000 2335.8909   14.5485
    0.0000  -22.5000  -37.5000 2357.3159   14.4435
    7.5000  -22.5000  -37.5000 2347.5530   14.4291
   -7.5000  -15.0000  -37.5000 2415.2632   13.4420
    0.0000  -15.0000  -37.5000 2443.4814   13.3623
    7.5000  -15.0000  -37.5000 2427.6692   13.3128
   -7.5000   -7.5000  -37.5000 2466.5979   12.6671
    0.0000   -7.5000  -37.5000 2494.5227   12.5841
    7.5000   -7.5000  -37.5000 2481.9409   12.5313
   -7.5000    0.0000  -37.5000 2498.4712   12.2216
    0.0000    0.0000  -37.5000 2530.0557   12.1091
    7.5000    0.0000  -37.5000 2519.5496   12.0782
   -7.5000    7.5000  -37.5000 2518.4927   12.0057
    0.0000    7.5000  -37.5000 2549.2810   11.8935
    7.5000    7.5000  -37.5000 2538.3508   11.8597
   -7.5000   15.0000  -37.5000 2520.5366   11.9999
    0.0000   15.0000  -37.5000 2551.7979   11.8742
    7.5000   15.0000  -37.5000 2538.8992   11.8304
   -7.5000   22.5000  -37.5000 2503.1226   12.1993
    0.0000   22.5000  -37.5000 2540.7888   12.0732
    7.5000   22.5000  -37.5000 2525.7502   12.0431
   -7.5000   30.0000  -37.5000 2473.4690   12.6177
    0.0000   30.0000  -37.5000 2507.9817   12.4666
    7.5000   30.0000  -37.5000 2493.6021   12.4426
   -7.5000   37.5000  -37.5000 2421.1760   13.1977
    0.0000   37.5000  -37.5000 2456.7983   13.0411
    7.5000   37.5000  -37.5000 2443.8906   13.0230
   -7.5000   45.0000  -37.5000 2340.3306   14.0091
    0.0000   45.0000  -37.5000 2375.4634   13.8017
    7.5000   45.0000  -37.5000 2360.2007   13.8035
   -7.5000  -45.0000  -30.0000 2048.7849   19.8232
    0.0000  -45.0000  -30.0000 2065.8210   19.6577
    7.5000  -45.0000  -30.0000 2062.6602   19.7738
   -7.5000  -37.5000  -30.0000 2193.8813   17.5165
    0.0000  -37.5000  -30.0000 2215.0430   17.3744
    7.5000  -37.5000  -30.0000 2209.4600   17.4144
   -7.5000  -30.0000  -30.0000 2325.9861   15.6633
    0.0000  -30.0000  -30.0000 2349.5176   15.5656
    7.5000  -30.0000  -30.0000 2341.2944   15.5475
   -7.5000  -22.5000  -30.0000 2439.8503   14.1761
    0.0000  -22.5000  -30.0000 2463.9800   14.0842
    7.5000  -22.5000  -30.0000 2453.7463   14.0695
   -7.5000  -15.0000  -30.0000 2524.3523   13.0550
    0.0000  -15.0000  -30.0000 2553.2646   12.9802
    7.5000  -15.0000  -30.0000 2537.4653   12.9375
   -7.5000   -7.5000  -30.0000 2588.2561   12.2807
    0.0000   -7.5000  -30.0000 2616.3865   12.1951
    7.5000   -7.5000  -30.0000 2605.4233   12.1369
   -7.5000    0.0000  -30.0000 2625.7837   11.8056
    0.0000    0.0000  -30.0000 2660.7949   11.6908
    7.5000    0.0000  -30.0000 2648.8225   11.6568
   -7.5000    7.5000  -30.0000 2655.3669   11.5659
    0.0000    7.5000  -30.0000 2695.9277   11.4714
    7.5000    7.5000  -30.0000 2677.6152   11.4068
   -7.5000   15.0000  -30.0000 2661.7883   11.5659
    0.0000   15.0000  -30.0000 2701.7371   11.4707
    7.5000   15.0000  -30.0000 2678.5762   11.4170
   -7.5000   22.5000  -30.0000 2651.1428   11.7917
    0.0000   22.5000  -30.0000 2692.8828   11.7087
    7.5000   22.5000  -30.0000 2670.9683   11.6655
   -7.5000   30.0000  -30.0000 2617.4309   12.1923
    0.0000   30.0000  -30.0000 2654.4868   12.1007
    7.5000   30.0000  -30.0000 2639.6279   12.0588
   -7.5000   37.5000  -30.0000 2555.0706   12.7507
    0.0000   37.5000  -30.0000 2598.2229   12.6327
    7.5000   37.5000  -30.0000 2581.7568   12.6137
   -7.5000   45.0000  -30.0000 2469.6858   13.5470
    0.0000   45.0000  -30.0000 2508.3347   13.3788
    7.5000   45.0000  -30.0000 2495.2561   13.3753
   -7.5000  -45.0000  -22.5000 2104.0769   19.3670
    0.0000  -45.0000  -22.5000 2121.9407   19.2334
    7.5000  -45.0000  -22.5000 2115.3420   19.3450
   -7.5000  -37.5000  -22.5000 2250.1040   17.0349
    0.0000  -37.5000  -22.5000 2270.4333   16.9039
    7.5000  -37.5000  -22.5000 2264.3601   16.9809
   -7.5000  -30.0000  -22.5000 2383.1250   15.2010
    0.0000  -30.0000  -22.5000 2410.4585   15.0731
    7.5000  -30.0000  -22.5000 2399.9023   15.1143
   -7.5000  -22.5000  -22.5000 2498.6387   13.7135
    0.0000  -22.5000  -22.5000 2529.9285   13.6083
    7.5000  -22.5000  -22.5000 2518.7114   13.6263
   -7.5000  -15.0000  -22.5000 2594.3569   12.6029
    0.0000  -15.0000  -22.5000 2627.5869   12.4961
    7.5000  -15.0000  -22.5000 2613.8208   12.4841
   -7.5000   -7.5000  -22.5000 2672.3948   11.8027
    0.0000   -7.5000  -22.5000 2705.6619   11.7153
    7.5000   -7.5000  -22.5000 2697.9583   11.6790
   -7.5000    0.0000  -22.5000 2720.7263   11.2949
    0.0000    0.0000  -22.5000 2760.3948   11.2143
    7.5000    0.0000  -22.5000 2748.0027   11.1874
   -7.5000    7.5000  -22.5000 2759.1643   11.0195
    0.0000    7.5000  -22.5000 2804.8677   10.9203
    7.5000    7.5000  -22.5000 2785.9651   10.8909
   -7.5000   15.0000  -22.5000 2772.6143   11.0253
    0.0000   15.0000  -22.5000 2819.3074   10.9399
    7.5000   15.0000  -22.5000 2794.9834   10.9148
   -7.5000   22.5000  -22.5000 2768.2512   11.2836
    0.0000   22.5000  -22.5000 2814.5583   11.2034
    7.5000   22.5000  -22.5000 2792.9846   11.1751
   -7.5000   30.0000  -22.5000 2729.7810   11.6915
    0.0000   30.0000  -22.5000 2773.6104   11.6098
    7.5000   30.0000  -22.5000 2754.1321   11.5736
   -7.5000   37.5000  -22.5000 2665.6287   12.2380
    0.0000   37.5000  -22.5000 2710.6982   12.1293
    7.5000   37.5000  -22.5000 2692.3196   12.1106
   -7.5000   45.0000  -22.5000 2571.4128   13.0109
    0.0000   45.0000  -22.5000 2612.5381   12.8767
    7.5000   45.0000  -22.5000 2596.6875   12.8640
   -7.5000  -45.0000  -15.0000 2130.7959   19.0379
    0.0000  -45.0000  -15.0000 2149.7117   18.8775
    7.5000  -45.0000  -15.0000 2141.6885   18.9880
   -7.5000  -37.5000  -15.0000 2269.9053   16.6674
    0.0000  -37.5000  -15.0000 2293.3660   16.5057
    7.5000  -37.5000  -15.0000 2285.8840   16.6179
   -7.5000  -30.0000  -15.0000 2402.3640   14.8079
    0.0000  -30.0000  -15.0000 2430.8994   14.6523
    7.5000  -30.0000  -15.0000 2420.1758   14.7657
   -7.5000  -22.5000  -15.0000 2522.6675   13.3350
    0.0000  -22.5000  -15.0000 2554.7119   13.1714
    7.5000  -22.5000  -15.0000 2541.4348   13.2565
   -7.5000  -15.0000  -15.0000 2624.9077   12.1962
    0.0000  -15.0000  -15.0000 2656.5320   12.0456
    7.5000  -15.0000  -15.0000 2648.7334   12.1214
   -7.5000   -7.5000  -15.0000 2717.0117   11.4049
    0.0000   -7.5000  -15.0000 2754.0769   11.2764
    7.5000   -7.5000  -15.0000 2751.8333   11.3083
   -7.5000    0.0000  -15.0000 2781.6299   10.8665
    0.0000    0.0000  -15.0000 2827.7739   10.7350
    7.5000    0.0000  -15.0000 2815.0269   10.7654
   -7.5000    7.5000  -15.0000 2831.3228   10.5476
    0.0000    7.5000  -15.0000 2884.4717   10.4145
    7.5000    7.5000  -15.0000 2863.0190   10.4427
   -7.5000   15.0000  -15.0000 2856.4707   10.5424
    0.0000   15.0000  -15.0000 2906.0635   10.3994
    7.5000   15.0000  -15.0000 2879.9426   10.4497
   -7.5000   22.5000  -15.0000 2848.9099   10.7945
    0.0000   22.5000  -15.0000 2899.3218   10.6679
    7.5000   22.5000  -15.0000 2875.1396   10.6810
   -7.5000   30.0000  -15.0000 2806.1641   11.2001
    0.0000   30.0000  -15.0000 2852.5659   11.0800
    7.5000   30.0000  -15.0000 2832.8118   11.0772
   -7.5000   37.5000  -15.0000 2735.6711   11.7654
    0.0000   37.5000  -15.0000 2779.0989   11.6234
    7.5000   37.5000  -15.0000 2762.0613   11.6388
   -7.5000   45.0000  -15.0000 2639.2695   12.5266
    0.0000   45.0000  -15.0000 2673.7966   12.3731
    7.5000   45.0000  -15.0000 2661.0950   12.3823
   -7.5000  -45.0000   -7.5000 2138.5630   18.7719
    0.0000  -45.0000   -7.5000 2161.2544   18.5459
    7.5000  -45.0000   -7.5000 2152.9727   18.7713
   -7.5000  -37.5000   -7.5000 2273.2915   16.4381
    0.0000  -37.5000   -7.5000 2298.6033   16.2046
    7.5000  -37.5000   -7.5000 2289.8970   16.3940
   -7.5000  -30.0000   -7.5000 2404.5596   14.5723
    0.0000  -30.0000   -7.5000 2430.2939   14.3465
    7.5000  -30.0000   -7.5000 2422.9609   14.5363
   -7.5000  -22.5000   -7.5000 2527.2546   13.0825
    0.0000  -22.5000   -7.5000 2553.4304   12.8507
    7.5000  -22.5000   -7.5000 2547.8896   13.0258
   -7.5000  -15.0000   -7.5000 2632.4238   11.9429
    0.0000  -15.0000   -7.5000 2661.7087   11.7071
    7.5000  -15.0000   -7.5000 2656.1006   11.8669
   -7.5000   -7.5000   -7.5000 2737.8904   11.1283
    0.0000   -7.5000   -7.5000 2774.5090   10.8967
    7.5000   -7.5000   -7.5000 2767.0918   11.0183
   -7.5000    0.0000   -7.5000 2821.0923   10.5491
    0.0000    0.0000   -7.5000 2868.3486   10.3438
    7.5000    0.0000   -7.5000 2854.0469   10.4294
   -7.5000    7.5000   -7.5000 2888.6094   10.2438
    0.0000    7.5000   -7.5000 2950.2751   10.0270
    7.5000    7.5000   -7.5000 2926.0708   10.1173
   -7.5000   15.0000   -7.5000 2921.9453   10.2002
    0.0000   15.0000   -7.5000 2976.1128    9.9580
    7.5000   15.0000   -7.5000 2946.1299   10.0831
   -7.5000   22.5000   -7.5000 2910.0239   10.4419
    0.0000   22.5000   -7.5000 2957.0979   10.2253
    7.5000   22.5000   -7.5000 2930.2358   10.3028
   -7.5000   30.0000   -7.5000 2856.8423   10.8543
    0.0000   30.0000   -7.5000 2902.8865   10.6128
    7.5000   30.0000   -7.5000 2879.0830   10.6987
   -7.5000   37.5000   -7.5000 2784.3479   11.4135
    0.0000   37.5000   -7.5000 2824.8994   11.1757
    7.5000   37.5000   -7.5000 2809.6167   11.2478
   -7.5000   45.0000   -7.5000 2681.9590   12.1863
    0.0000   45.0000   -7.5000 2715.0232   11.9404
    7.5000   45.0000   -7.5000 2703.3047   11.9997
   -7.5000  -45.0000    0.0000 2134.1433   18.7901
    0.0000  -45.0000    0.0000 2156.4229   18.4965
    7.5000  -45.0000    0.0000 2149.1350   18.7998
   -7.5000  -37.5000    0.0000 2263.0933   16.3889
    0.0000  -37.5000    0.0000 2287.8337   16.1155
    7.5000  -37.5000    0.0000 2280.4275   16.4040
   -7.5000  -30.0000    0.0000 2391.9556   14.4644
    0.0000  -30.0000    0.0000 2416.9290   14.2186
    7.5000  -30.0000    0.0000 2409.7097   14.4786
   -7.5000  -22.5000    0.0000 2512.0754   12.9613
    0.0000  -22.5000    0.0000 2536.6252   12.7274
    7.5000  -22.5000    0.0000 2530.8118   12.9370
   -7.5000  -15.0000    0.0000 2626.6687   11.8009
    0.0000  -15.0000    0.0000 2654.6121   11.5777
    7.5000  -15.0000    0.0000 2646.9099   11.7655
   -7.5000   -7.5000    0.0000 2741.5847   10.9592
    0.0000   -7.5000    0.0000 2775.4905   10.7179
    7.5000   -7.5000    0.0000 2762.1760   10.8798
   -7.5000    0.0000    0.0000 2842.6870   10.4009
    0.0000    0.0000    0.0000 2884.6309   10.1546
    7.5000    0.0000    0.0000 2868.4111   10.3113
   -7.5000    7.5000    0.0000 2921.9407   10.1388
    0.0000    7.5000    0.0000 2980.4888    9.8749
    7.5000    7.5000    0.0000 2951.8770   10.0213
   -7.5000   15.0000    0.0000 2965.2844   10.1064
    0.0000   15.0000    0.0000 3023.1165    9.7780
    7.5000   15.0000    0.0000 2985.7275    9.9677
   -7.5000   22.5000    0.0000 2949.0371   10.2786
    0.0000   22.5000    0.0000 2997.3225    9.9464
    7.5000   22.5000    0.0000 2960.3762   10.1052
   -7.5000   30.0000    0.0000 2883.0710   10.6555
    0.0000   30.0000    0.0000 2927.5791   10.3838
    7.5000   30.0000    0.0000 2900.2034   10.4914
   -7.5000   37.5000    0.0000 2798.2979   11.2197
    0.0000   37.5000    0.0000 2834.9919   11.0056
    7.5000   37.5000    0.0000 2820.6611   11.0567
   -7.5000   45.0000    0.0000 2693.4749   12.0016
    0.0000   45.0000    0.0000 2723.9192   11.7816
    7.5000   45.0000    0.0000 2714.4490   11.8073
   -7.5000  -45.0000    7.5000 2118.4836   19.0311
    0.0000  -45.0000    7.5000 2138.0767   18.7946
    7.5000  -45.0000    7.5000 2133.1611   19.1595
   -7.5000  -37.5000    7.5000 2243.4651   16.5462
    0.0000  -37.5000    7.5000 2271.2295   16.3234
    7.5000  -37.5000    7.5000 2257.5059   16.6482
   -7.5000  -30.0000    7.5000 2367.5327   14.5784
    0.0000  -30.0000    7.5000 2397.1138   14.3244
    7.5000  -30.0000    7.5000 2385.0024   14.6509
   -7.5000  -22.5000    7.5000 2489.8250   13.0585
    0.0000  -22.5000    7.5000 2516.3921   12.7924
    7.5000  -22.5000    7.5000 2504.2937   13.0524
   -7.5000  -15.0000    7.5000 2606.9614   11.8800
    0.0000  -15.0000    7.5000 2635.8264   11.6296
    7.5000  -15.0000    7.5000 2622.5520   11.8431
   -7.5000   -7.5000    7.5000 2723.9597   11.0146
    0.0000   -7.5000    7.5000 2751.7861   10.7556
    7.5000   -7.5000    7.5000 2740.4810   10.9634
   -7.5000    0.0000    7.5000 2830.1255   10.4703
    0.0000    0.0000    7.5000 2867.5667   10.2132
    7.5000    0.0000    7.5000 2853.1045   10.4168
   -7.5000    7.5000    7.5000 2919.7864   10.1951
    0.0000    7.5000    7.5000 2973.2688    9.9640
    7.5000    7.5000    7.5000 2941.5312   10.1416
   -7.5000   15.0000    7.5000 2964.4465   10.1013
    0.0000   15.0000    7.5000 3020.3569    9.8344
    7.5000   15.0000    7.5000 2978.3926   10.0145
   -7.5000   22.5000    7.5000 2945.0488   10.2480
    0.0000   22.5000    7.5000 2992.7065   10.0093
    7.5000   22.5000    7.5000 2959.5942   10.1061
   -7.5000   30.0000    7.5000 2883.8689   10.6138
    0.0000   30.0000    7.5000 2933.6272   10.4067
    7.5000   30.0000    7.5000 2898.8098   10.4744
   -7.5000   37.5000    7.5000 2792.9004   11.2120
    0.0000   37.5000    7.5000 2828.7695   11.0205
    7.5000   37.5000    7.5000 2813.8867   11.0498
   -7.5000   45.0000    7.5000 2688.1125   12.0113
    0.0000   45.0000    7.5000 2714.2937   11.7912
    7.5000   45.0000    7.5000 2704.4824   11.8064
   -7.5000  -45.0000   15.0000 2085.6077   19.5381
    0.0000  -45.0000   15.0000 2103.6296   19.2772
    7.5000  -45.0000   15.0000 2098.0977   19.7001
   -7.5000  -37.5000   15.0000 2217.5435   16.9074
    0.0000  -37.5000   15.0000 2240.5237   16.6556
    7.5000  -37.5000   15.0000 2226.7463   16.9973
   -7.5000  -30.0000   15.0000 2337.4294   14.9180
    0.0000  -30.0000   15.0000 2362.0542   14.6366
    7.5000  -30.0000   15.0000 2351.7488   14.9747
   -7.5000  -22.5000   15.0000 2458.6768   13.3742
    0.0000  -22.5000   15.0000 2484.4746   13.1303
    7.5000  -22.5000   15.0000 2468.2527   13.3795
   -7.5000  -15.0000   15.0000 2576.7817   12.2014
    0.0000  -15.0000   15.0000 2604.7441   12.0064
    7.5000  -15.0000   15.0000 2586.5825   12.1925
   -7.5000   -7.5000   15.0000 2687.5403   11.3397
    0.0000   -7.5000   15.0000 2715.7795   11.1555
    7.5000   -7.5000   15.0000 2694.4529   11.3236
   -7.5000    0.0000   15.0000 2793.6292   10.7681
    0.0000    0.0000   15.0000 2827.8579   10.5770
    7.5000    0.0000   15.0000 2804.3718   10.7240
   -7.5000    7.5000   15.0000 2878.9592   10.4368
    0.0000    7.5000   15.0000 2925.4919   10.2272
    7.5000    7.5000   15.0000 2895.3508   10.3754
   -7.5000   15.0000   15.0000 2924.2412   10.2926
    0.0000   15.0000   15.0000 2963.1941   10.0743
    7.5000   15.0000   15.0000 2936.7454   10.2109
   -7.5000   22.5000   15.0000 2905.4407   10.4729
    0.0000   22.5000   15.0000 2944.8071   10.3144
    7.5000   22.5000   15.0000 2917.3208   10.3695
   -7.5000   30.0000   15.0000 2850.3452   10.8604
    0.0000   30.0000   15.0000 2891.4287   10.7197
    7.5000   30.0000   15.0000 2857.7061   10.7551
   -7.5000   37.5000   15.0000 2762.3918   11.4348
    0.0000   37.5000   15.0000 2797.4932   11.2968
    7.5000   37.5000   15.0000 2776.9155   11.3120
   -7.5000   45.0000   15.0000 2655.0493   12.2084
    0.0000   45.0000   15.0000 2685.4834   12.0235
    7.5000   45.0000   15.0000 2668.5371   12.0282
   -7.5000  -45.0000   22.5000 2041.3533   20.2992
    0.0000  -45.0000   22.5000 2055.1924   19.9706
    7.5000  -45.0000   22.5000 2049.5911   20.4006
   -7.5000  -37.5000   22.5000 2179.0352   17.5423
    0.0000  -37.5000   22.5000 2196.0901   17.2931
    7.5000  -37.5000   22.5000 2184.3684   17.6444
   -7.5000  -30.0000   22.5000 2307.0991   15.5054
    0.0000  -30.0000   22.5000 2324.8638   15.2948
    7.5000  -30.0000   22.5000 2305.7461   15.5318
   -7.5000  -22.5000   22.5000 2426.5562   13.9302
    0.0000  -22.5000   22.5000 2448.0117   13.7695
    7.5000  -22.5000   22.5000 2421.5146   13.9370
   -7.5000  -15.0000   22.5000 2538.4324   12.7221
    0.0000  -15.0000   22.5000 2562.7104   12.5833
    7.5000  -15.0000   22.5000 2535.5271   12.7132
   -7.5000   -7.5000   22.5000 2646.1753   11.8310
    0.0000   -7.5000   22.5000 2673.5344   11.6689
    7.5000   -7.5000   22.5000 2649.2507   11.8026
   -7.5000    0.0000   22.5000 2745.2815   11.2373
    0.0000    0.0000   22.5000 2779.1472   11.0443
    7.5000    0.0000   22.5000 2751.5906   11.1618
   -7.5000    7.5000   22.5000 2819.7961   10.8490
    0.0000    7.5000   22.5000 2857.2534   10.6291
    7.5000    7.5000   22.5000 2827.6514   10.7602
   -7.5000   15.0000   22.5000 2854.6028   10.6895
    0.0000   15.0000   22.5000 2888.4614   10.5256
    7.5000   15.0000   22.5000 2867.4077   10.6054
   -7.5000   22.5000   22.5000 2843.5400   10.8921
    0.0000   22.5000   22.5000 2871.6362   10.7105
    7.5000   22.5000   22.5000 2852.7881   10.7848
   -7.5000   30.0000   22.5000 2791.2690   11.2884
    0.0000   30.0000   22.5000 2825.0234   11.1310
    7.5000   30.0000   22.5000 2798.9331   11.1780
   -7.5000   37.5000   22.5000 2712.0645   11.8412
    0.0000   37.5000   22.5000 2744.9895   11.6912
    7.5000   37.5000   22.5000 2719.1221   11.7141
   -7.5000   45.0000   22.5000 2609.0820   12.5774
    0.0000   45.0000   22.5000 2639.6584   12.4142
    7.5000   45.0000   22.5000 2623.6423   12.4291
   -7.5000  -45.0000   30.0000 1989.1982   21.2599
    0.0000  -45.0000   30.0000 1997.6400   21.0439
    7.5000  -45.0000   30.0000 1990.4576   21.4384
   -7.5000  -37.5000   30.0000 2133.2483   18.4168
    0.0000  -37.5000   30.0000 2144.8726   18.2408
    7.5000  -37.5000   30.0000 2131.3274   18.5162
   -7.5000  -30.0000   30.0000 2256.0061   16.3211
    0.0000  -30.0000   30.0000 2274.0903   16.1653
    7.5000  -30.0000   30.0000 2253.1514   16.3492
   -7.5000  -22.5000   30.0000 2379.8081   14.6764
    0.0000  -22.5000   30.0000 2397.6504   14.5474
    7.5000  -22.5000   30.0000 2370.9485   14.6534
   -7.5000  -15.0000   30.0000 2491.4407   13.4185
    0.0000  -15.0000   30.0000 2513.8708   13.2766
    7.5000  -15.0000   30.0000 2482.0850   13.3776
   -7.5000   -7.5000   30.0000 2597.4172   12.4772
    0.0000   -7.5000   30.0000 2625.9248   12.3232
    7.5000   -7.5000   30.0000 2590.0522   12.4067
   -7.5000    0.0000   30.0000 2685.9529   11.8239
    0.0000    0.0000   30.0000 2721.4802   11.6411
    7.5000    0.0000   30.0000 2683.6116   11.7403
   -7.5000    7.5000   30.0000 2746.0186   11.4106
    0.0000    7.5000   30.0000 2782.6101   11.2482
    7.5000    7.5000   30.0000 2747.4243   11.3312
   -7.5000   15.0000   30.0000 2770.2905   11.2609
    0.0000   15.0000   30.0000 2797.8611   11.1175
    7.5000   15.0000   30.0000 2774.1897   11.1876
   -7.5000   22.5000   30.0000 2756.8855   11.4288
    0.0000   22.5000   30.0000 2785.4497   11.2681
    7.5000   22.5000   30.0000 2762.9297   11.3385
   -7.5000   30.0000   30.0000 2711.6494   11.7954
    0.0000   30.0000   30.0000 2742.7124   11.6444
    7.5000   30.0000   30.0000 2718.9226   11.7110
   -7.5000   37.5000   30.0000 2639.3806   12.3626
    0.0000   37.5000   30.0000 2672.4785   12.2064
    7.5000   37.5000   30.0000 2643.8042   12.2612
   -7.5000   45.0000   30.0000 2549.0608   13.0949
    0.0000   45.0000   30.0000 2576.8262   12.9309
    7.5000   45.0000   30.0000 2562.2009   12.9675
   -7.5000  -45.0000   37.5000 1931.9344   22.5701
    0.0000  -45.0000   37.5000 1937.8771   22.3553
    7.5000  -45.0000   37.5000 1929.0897   22.7026
   -7.5000  -37.5000   37.5000 2082.7280   19.5681
    0.0000  -37.5000   37.5000 2093.3030   19.4113
    7.5000  -37.5000   37.5000 2077.5537   19.6383
   -7.5000  -30.0000   37.5000 2203.3953   17.3179
    0.0000  -30.0000   37.5000 2221.2246   17.2109
    7.5000  -30.0000   37.5000 2200.5549   17.3370
   -7.5000  -22.5000   37.5000 2323.6768   15.5895
    0.0000  -22.5000   37.5000 2346.7344   15.4901
    7.5000  -22.5000   37.5000 2313.7534   15.5783
   -7.5000  -15.0000   37.5000 2432.0344   14.2779
    0.0000  -15.0000   37.5000 2456.8416   14.1511
    7.5000  -15.0000   37.5000 2420.5925   14.2636
   -7.5000   -7.5000   37.5000 2530.9204   13.2921
    0.0000   -7.5000   37.5000 2561.7795   13.1455
    7.5000   -7.5000   37.5000 2521.2236   13.2441
   -7.5000    0.0000   37.5000 2613.4392   12.6022
    0.0000    0.0000   37.5000 2648.5676   12.4516
    7.5000    0.0000   37.5000 2607.5483   12.5280
   -7.5000    7.5000   37.5000 2666.6394   12.1605
    0.0000    7.5000   37.5000 2697.5100   12.0408
    7.5000    7.5000   37.5000 2661.0503   12.0906
   -7.5000   15.0000   37.5000 2680.4189   12.0130
    0.0000   15.0000   37.5000 2704.9099   11.8871
    7.5000   15.0000   37.5000 2678.4155   11.9322
   -7.5000   22.5000   37.5000 2666.5535   12.1655
    0.0000   22.5000   37.5000 2692.5168   12.0064
    7.5000   22.5000   37.5000 2667.1860   12.0647
   -7.5000   30.0000   37.5000 2627.6555   12.4937
    0.0000   30.0000   37.5000 2652.0667   12.3505
    7.5000   30.0000   37.5000 2630.2842   12.4237
   -7.5000   37.5000   37.5000 2565.7593   13.0180
    0.0000   37.5000   37.5000 2596.6531   12.8614
    7.5000   37.5000   37.5000 2569.9375   12.9279
   -7.5000   45.0000   37.5000 2482.1646   13.7437
    0.0000   45.0000   37.5000 2505.9509   13.5762
    7.5000   45.0000   37.5000 2489.2583   13.6510
   -7.5000  -45.0000   45.0000 1864.3192   24.1768
    0.0000  -45.0000   45.0000 1871.4967   23.9125
    7.5000  -45.0000   45.0000 1863.0863   24.3239
   -7.5000  -37.5000   45.0000 2021.5721   21.0087
    0.0000  -37.5000   45.0000 2031.0510   20.7662
    7.5000  -37.5000   45.0000 2017.2990   21.0652
   -7.5000  -30.0000   45.0000 2143.8062   18.6590
    0.0000  -30.0000   45.0000 2156.7275   18.4622
    7.5000  -30.0000   45.0000 2137.3464   18.6437
   -7.5000  -22.5000   45.0000 2259.1130   16.7881
    0.0000  -22.5000   45.0000 2277.2959   16.6448
    7.5000  -22.5000   45.0000 2246.8555   16.7669
   -7.5000  -15.0000   45.0000 2361.1523   15.3885
    0.0000  -15.0000   45.0000 2387.5774   15.2358
    7.5000  -15.0000   45.0000 2350.6650   15.3596
   -7.5000   -7.5000   45.0000 2455.7961   14.3337
    0.0000   -7.5000   45.0000 2483.6538   14.1738
    7.5000   -7.5000   45.0000 2450.5925   14.3015
   -7.5000    0.0000   45.0000 2527.7896   13.5676
    0.0000    0.0000   45.0000 2552.7112   13.4306
    7.5000    0.0000   45.0000 2525.5378   13.5399
   -7.5000    7.5000   45.0000 2575.5222   13.1165
    0.0000    7.5000   45.0000 2596.6580   12.9971
    7.5000    7.5000   45.0000 2572.4897   13.0857
   -7.5000   15.0000   45.0000 2582.6643   12.9657
    0.0000   15.0000   45.0000 2602.2219   12.8344
    7.5000   15.0000   45.0000 2581.0740   12.9222
   -7.5000   22.5000   45.0000 2569.1680   13.0551
    0.0000   22.5000   45.0000 2587.1221   12.9234
    7.5000   22.5000   45.0000 2566.9885   13.0182
   -7.5000   30.0000   45.0000 2531.6511   13.3797
    0.0000   30.0000   45.0000 2546.8904   13.2511
    7.5000   30.0000   45.0000 2529.8811   13.3453
   -7.5000   37.5000   45.0000 2480.4277   13.8755
    0.0000   37.5000   45.0000 2504.3838   13.7381
    7.5000   37.5000   45.0000 2482.2397   13.8220
   -7.5000   45.0000   45.0000 2408.3044   14.6003
    0.0000   45.0000   45.0000 2428.7095   14.4078
    7.5000   45.0000   45.0000 2409.7461   14.5092

---------------------------------------------------------------------
imgreg_4dfp /opt/freesurfer/average/711-2C_as_mni_average_305 /opt/freesurfer/average/711-2B_as_mni_average_305_mask talsrcimg_g11 none talsrcimg_to_711-2C_as_mni_average_305_t4 1283
---------------------------------------------------------------------

freesurfer imgreg_4dfp.c
/opt/freesurfer/average/711-2C_as_mni_average_305.4dfp.img
       256       256       256         1
  1.000000  1.000000  1.000000
orientation T byte_order littleendian
Reading image: /opt/freesurfer/average/711-2C_as_mni_average_305.4dfp.img
dimensions:      256       256       256
mmppix:       1.0000   -1.0000   -1.0000
center:     128.0000 -129.0000 -129.0000
/opt/freesurfer/average/711-2B_as_mni_average_305_mask.4dfp.img
       256       256       256         1
  1.000000  1.000000  1.000000
orientation T byte_order littleendian
Reading mask: /opt/freesurfer/average/711-2B_as_mni_average_305_mask.4dfp.img (2306576 pixels)
talsrcimg_g11.4dfp.img
       256       256       256         1
  1.000000  1.000000  1.000000
orientation T byte_order littleendian
Reading image: talsrcimg_g11.4dfp.img
dimensions:      256       256       256
mmppix:       1.0000   -1.0000   -1.0000
center:     128.0000 -129.0000 -129.0000
rotation matrix determinant  1.000000
fimgreg.f
image alignment mode   1283 decimal      503 hex
parameters
    0.0000   15.0000    0.0000    0.0000    0.0000    0.0000
eta,q 0.94714  9.75917
niter,ni,del,rscale     5    3   12.0000    1.2000
parameter  3 -0.608705 -> -0.500000 qaram    1.1500
parameter  4  0.816568 ->  0.500000 qaram    1.1500
parameters
    0.9909   14.5435    3.4500   -3.4500    0.1439   -1.5166
eta,q 0.95125  9.80822
  0.0664  0.0610  0.0625  0.0489  0.0540  0.0516
  0.0611  0.0555  0.0585  0.0491  0.0508  0.0495
  0.0570  0.0533  0.0556  0.0493  0.0493  0.0488
  0.0541  0.0537  0.0532  0.0505  0.0491  0.0489
  0.0541  0.0552  0.0513  0.0526  0.0493  0.0503
  0.0567  0.0587  0.0509  0.0550  0.0506  0.0533
  0.0608  0.0621  0.0524  0.0578  0.0534  0.0570
niter,ni,del,rscale     6    3   12.0000    1.2000
parameter  4  1.383225 ->  0.500000 qaram    1.3225
parameters
    0.6695   16.2186    2.6293   -7.4175    0.9269   -2.4059
eta,q 0.95481  9.83866
  0.0571  0.0610  0.0549  0.0455  0.0549  0.0497
  0.0528  0.0543  0.0514  0.0454  0.0513  0.0472
  0.0500  0.0501  0.0492  0.0465  0.0479  0.0455
  0.0487  0.0488  0.0487  0.0487  0.0456  0.0453
  0.0502  0.0487  0.0502  0.0509  0.0456  0.0468
  0.0539  0.0495  0.0535  0.0528  0.0481  0.0499
  0.0595  0.0515  0.0593  0.0555  0.0517  0.0530
niter,ni,del,rscale     6    3   12.0000    1.2000
parameters
    0.2380   18.5753    1.6029  -10.1237    1.0113   -1.9555
eta,q 0.95795  9.86697
  0.0567  0.0616  0.0520  0.0471  0.0508  0.0492
  0.0511  0.0536  0.0470  0.0424  0.0467  0.0462
  0.0462  0.0476  0.0444  0.0422  0.0434  0.0438
  0.0452  0.0449  0.0445  0.0442  0.0422  0.0422
  0.0492  0.0444  0.0469  0.0467  0.0437  0.0423
  0.0538  0.0450  0.0517  0.0514  0.0469  0.0444
  0.0592  0.0464  0.0576  0.0564  0.0499  0.0480
niter,ni,del,rscale     5    3   12.0000    1.2000
parameters
    0.3836   19.6174    1.2076  -10.4338    0.9179   -1.8788
eta,q 0.95839  9.85909
  0.0548  0.0565  0.0529  0.0516  0.0493  0.0479
  0.0499  0.0487  0.0471  0.0453  0.0453  0.0451
  0.0448  0.0440  0.0429  0.0418  0.0425  0.0428
  0.0421  0.0421  0.0420  0.0418  0.0416  0.0416
  0.0447  0.0423  0.0447  0.0441  0.0432  0.0421
  0.0485  0.0443  0.0495  0.0472  0.0462  0.0444
  0.0540  0.0486  0.0547  0.0520  0.0491  0.0482
niter,ni,del,rscale     4    3   12.0000    1.2000
parameters
    0.2887   19.6644    1.1099  -10.4764    0.9320   -1.8768
eta,q 0.95845  9.85914
  0.0527  0.0529  0.0536  0.0522  0.0495  0.0478
  0.0480  0.0461  0.0478  0.0459  0.0455  0.0450
  0.0436  0.0424  0.0433  0.0419  0.0426  0.0426
  0.0416  0.0416  0.0416  0.0416  0.0416  0.0416
  0.0444  0.0428  0.0440  0.0436  0.0429  0.0421
  0.0481  0.0464  0.0486  0.0468  0.0460  0.0444
  0.0535  0.0520  0.0539  0.0514  0.0489  0.0483
niter,ni,del,rscale     3    3   12.0000    1.2000
parameters
    0.2652   19.6635    1.0877  -10.4813    0.9422   -1.8794
eta,q 0.95846  9.85935
  0.0529  0.0528  0.0538  0.0523  0.0494  0.0477
  0.0482  0.0460  0.0480  0.0460  0.0455  0.0450
  0.0437  0.0424  0.0434  0.0420  0.0426  0.0426
  0.0416  0.0415  0.0415  0.0415  0.0415  0.0415
  0.0443  0.0429  0.0439  0.0436  0.0429  0.0421
  0.0479  0.0465  0.0484  0.0467  0.0460  0.0444
  0.0532  0.0523  0.0537  0.0513  0.0489  0.0483
registration optimization eta report
parameter search radius
    6.0000    6.0000    6.9000    7.9350    6.0000    6.0000
100000*second partial in parameter space
       30.       31.       25.       16.       21.       18.
  0.0529  0.0528  0.0538  0.0523  0.0494  0.0477
  0.0482  0.0460  0.0480  0.0460  0.0455  0.0450
  0.0437  0.0424  0.0434  0.0420  0.0426  0.0426
  0.0416  0.0415  0.0415  0.0415  0.0415  0.0415
  0.0443  0.0429  0.0439  0.0436  0.0429  0.0421
  0.0479  0.0465  0.0484  0.0467  0.0460  0.0444
  0.0532  0.0523  0.0537  0.0513  0.0489  0.0483
    0.2652   19.6635    1.0877  -10.4813    0.9422   -1.8794
eta,q 0.95846  9.85935

---------------------------------------------------------------------
imgreg_4dfp /opt/freesurfer/average/711-2C_as_mni_average_305 /opt/freesurfer/average/711-2B_as_mni_average_305_mask talsrcimg_g11 none talsrcimg_to_711-2C_as_mni_average_305_t4 3335
---------------------------------------------------------------------

freesurfer imgreg_4dfp.c
/opt/freesurfer/average/711-2C_as_mni_average_305.4dfp.img
       256       256       256         1
  1.000000  1.000000  1.000000
orientation T byte_order littleendian
Reading image: /opt/freesurfer/average/711-2C_as_mni_average_305.4dfp.img
dimensions:      256       256       256
mmppix:       1.0000   -1.0000   -1.0000
center:     128.0000 -129.0000 -129.0000
/opt/freesurfer/average/711-2B_as_mni_average_305_mask.4dfp.img
       256       256       256         1
  1.000000  1.000000  1.000000
orientation T byte_order littleendian
Reading mask: /opt/freesurfer/average/711-2B_as_mni_average_305_mask.4dfp.img (2306576 pixels)
talsrcimg_g11.4dfp.img
       256       256       256         1
  1.000000  1.000000  1.000000
orientation T byte_order littleendian
Reading image: talsrcimg_g11.4dfp.img
dimensions:      256       256       256
mmppix:       1.0000   -1.0000   -1.0000
center:     128.0000 -129.0000 -129.0000
fimgreg.f
image alignment mode   3335 decimal      D07 hex
parameters
    0.2652   19.6635    1.0877   -0.0673   -1.7313   -1.6819
    3.5238   -1.0194   -3.2791   18.2347    1.6443  -18.1890
eta,q 0.96174  9.76061
niter,ni,del,rscale     5    3    5.0000    1.2000
parameter  4  6.667153 ->  0.500000 qaram    1.1500
parameter  5  2.237553 ->  0.500000 qaram    1.1500
parameter  6  0.666072 ->  0.500000 qaram    1.1500
parameters
    0.1630   19.7262    0.9520   -4.2073   -5.8713   -5.8219
    3.9185   -1.4648   -2.2584   16.7127   -1.0802  -18.5210
eta,q 0.97586  9.49857
  0.0404  0.0404  0.0400  0.0272  0.0250  0.0255  0.0283  0.0299  0.0277  0.0267  0.0249  0.0257
  0.0391  0.0393  0.0390  0.0303  0.0264  0.0247  0.0264  0.0270  0.0262  0.0253  0.0243  0.0248
  0.0384  0.0386  0.0384  0.0343  0.0285  0.0251  0.0252  0.0251  0.0251  0.0245  0.0242  0.0243
  0.0383  0.0382  0.0382  0.0382  0.0314  0.0269  0.0247  0.0246  0.0246  0.0245  0.0244  0.0241
  0.0386  0.0384  0.0385  0.0421  0.0349  0.0301  0.0249  0.0257  0.0246  0.0254  0.0251  0.0244
  0.0394  0.0391  0.0393  0.0465  0.0383  0.0342  0.0259  0.0280  0.0252  0.0274  0.0261  0.0251
  0.0408  0.0403  0.0405  0.0509  0.0416  0.0387  0.0276  0.0312  0.0264  0.0301  0.0274  0.0260
niter,ni,del,rscale     7    3    5.0000    1.2000
parameter  4  0.902384 ->  0.500000 qaram    1.3225
parameter  5  0.679058 ->  0.500000 qaram    1.3225
parameters
    0.1481   19.6167    0.6787   -8.9683  -10.6323   -6.2086
    3.8673   -1.3500   -2.1219   16.8721   -1.9059  -20.2624
eta,q 0.98141  9.29763
  0.0281  0.0268  0.0260  0.0209  0.0190  0.0230  0.0221  0.0248  0.0214  0.0223  0.0200  0.0196
  0.0260  0.0253  0.0249  0.0202  0.0186  0.0212  0.0203  0.0217  0.0200  0.0204  0.0192  0.0189
  0.0246  0.0244  0.0243  0.0212  0.0191  0.0198  0.0191  0.0195  0.0191  0.0191  0.0188  0.0186
  0.0241  0.0241  0.0241  0.0241  0.0203  0.0186  0.0187  0.0187  0.0187  0.0187  0.0187  0.0187
  0.0246  0.0246  0.0246  0.0281  0.0223  0.0190  0.0192  0.0194  0.0190  0.0192  0.0191  0.0192
  0.0260  0.0256  0.0256  0.0321  0.0253  0.0212  0.0204  0.0214  0.0199  0.0203  0.0197  0.0200
  0.0283  0.0273  0.0271  0.0367  0.0287  0.0249  0.0222  0.0245  0.0212  0.0219  0.0207  0.0211
niter,ni,del,rscale     7    3    5.0000    1.2000
parameters
    0.2444   19.7479    0.8740  -10.6422  -11.5639   -5.8711
    3.9694   -1.3658   -1.9806   17.0726   -2.2085  -20.6196
eta,q 0.98150  9.23487
  0.0237  0.0222  0.0212  0.0231  0.0225  0.0233  0.0219  0.0241  0.0212  0.0221  0.0199  0.0200
  0.0210  0.0203  0.0198  0.0209  0.0203  0.0214  0.0201  0.0211  0.0198  0.0202  0.0191  0.0192
  0.0192  0.0190  0.0190  0.0191  0.0189  0.0199  0.0190  0.0191  0.0189  0.0189  0.0186  0.0186
  0.0186  0.0186  0.0186  0.0186  0.0187  0.0186  0.0185  0.0185  0.0185  0.0185  0.0185  0.0185
  0.0190  0.0189  0.0187  0.0202  0.0195  0.0185  0.0189  0.0192  0.0188  0.0189  0.0187  0.0187
  0.0205  0.0199  0.0194  0.0239  0.0214  0.0202  0.0200  0.0212  0.0197  0.0200  0.0193  0.0194
  0.0229  0.0214  0.0204  0.0283  0.0246  0.0234  0.0218  0.0241  0.0210  0.0216  0.0201  0.0203
niter,ni,del,rscale     6    3    5.0000    1.2000
parameters
    0.2924   19.7799    1.0126  -10.8861  -11.7138   -5.7550
    3.9555   -1.3447   -1.9494   17.1250   -2.2782  -20.5913
eta,q 0.98148  9.22541
  0.0232  0.0218  0.0209  0.0243  0.0231  0.0231  0.0218  0.0242  0.0211  0.0220  0.0200  0.0202
  0.0207  0.0200  0.0196  0.0219  0.0208  0.0213  0.0201  0.0212  0.0197  0.0201  0.0192  0.0193
  0.0191  0.0188  0.0188  0.0199  0.0192  0.0198  0.0189  0.0192  0.0189  0.0189  0.0187  0.0187
  0.0185  0.0185  0.0185  0.0185  0.0186  0.0186  0.0185  0.0185  0.0185  0.0185  0.0185  0.0185
  0.0190  0.0189  0.0187  0.0189  0.0192  0.0185  0.0189  0.0192  0.0188  0.0190  0.0187  0.0187
  0.0204  0.0200  0.0193  0.0216  0.0208  0.0204  0.0201  0.0211  0.0197  0.0201  0.0192  0.0193
  0.0228  0.0215  0.0204  0.0259  0.0236  0.0238  0.0219  0.0241  0.0211  0.0218  0.0201  0.0202
niter,ni,del,rscale     5    3    5.0000    1.2000
parameters
    0.3025   19.7884    1.0584  -10.9131  -11.7414   -5.7167
    3.9491   -1.3375   -1.9443   17.1254   -2.3049  -20.5569
eta,q 0.98148  9.22437
  0.0230  0.0218  0.0207  0.0245  0.0232  0.0231  0.0218  0.0242  0.0211  0.0220  0.0200  0.0202
  0.0206  0.0199  0.0195  0.0221  0.0209  0.0213  0.0201  0.0211  0.0197  0.0201  0.0192  0.0193
  0.0191  0.0188  0.0188  0.0200  0.0192  0.0198  0.0189  0.0191  0.0188  0.0188  0.0187  0.0187
  0.0185  0.0185  0.0185  0.0185  0.0185  0.0185  0.0185  0.0185  0.0185  0.0185  0.0185  0.0185
  0.0190  0.0190  0.0188  0.0188  0.0191  0.0186  0.0189  0.0192  0.0188  0.0190  0.0187  0.0187
  0.0205  0.0200  0.0194  0.0213  0.0207  0.0205  0.0201  0.0212  0.0197  0.0202  0.0192  0.0193
  0.0230  0.0216  0.0205  0.0255  0.0234  0.0239  0.0219  0.0241  0.0211  0.0219  0.0200  0.0202
niter,ni,del,rscale     4    3    5.0000    1.2000
parameters
    0.3053   19.7871    1.0726  -10.9202  -11.7441   -5.7066
    3.9494   -1.3325   -1.9433   17.1177   -2.3089  -20.5443
eta,q 0.98148  9.22419
  0.0230  0.0218  0.0207  0.0245  0.0232  0.0231  0.0218  0.0242  0.0211  0.0220  0.0200  0.0202
  0.0206  0.0199  0.0195  0.0221  0.0209  0.0213  0.0201  0.0211  0.0197  0.0201  0.0192  0.0193
  0.0190  0.0188  0.0187  0.0200  0.0192  0.0198  0.0189  0.0191  0.0188  0.0188  0.0187  0.0187
  0.0185  0.0185  0.0185  0.0185  0.0185  0.0185  0.0185  0.0185  0.0185  0.0185  0.0185  0.0185
  0.0190  0.0190  0.0188  0.0187  0.0191  0.0186  0.0189  0.0192  0.0188  0.0190  0.0187  0.0187
  0.0206  0.0200  0.0195  0.0213  0.0206  0.0206  0.0201  0.0212  0.0197  0.0202  0.0192  0.0193
  0.0230  0.0216  0.0206  0.0255  0.0234  0.0239  0.0219  0.0241  0.0211  0.0219  0.0200  0.0202
registration optimization eta report
parameter search radius
    2.4000    2.4000    2.4000    9.5220    9.5220    8.2800
    7.2000    7.2000    7.2000    7.2000    7.2000    7.2000
100000*second partial in parameter space
       77.       55.       36.        7.        5.        7.
        6.       11.        5.        6.        3.        3.
  0.0230  0.0218  0.0207  0.0245  0.0232  0.0231  0.0218  0.0242  0.0211  0.0220  0.0200  0.0202
  0.0206  0.0199  0.0195  0.0221  0.0209  0.0213  0.0201  0.0211  0.0197  0.0201  0.0192  0.0193
  0.0190  0.0188  0.0187  0.0200  0.0192  0.0198  0.0189  0.0191  0.0188  0.0188  0.0187  0.0187
  0.0185  0.0185  0.0185  0.0185  0.0185  0.0185  0.0185  0.0185  0.0185  0.0185  0.0185  0.0185
  0.0190  0.0190  0.0188  0.0187  0.0191  0.0186  0.0189  0.0192  0.0188  0.0190  0.0187  0.0187
  0.0206  0.0200  0.0195  0.0213  0.0206  0.0206  0.0201  0.0212  0.0197  0.0202  0.0192  0.0193
  0.0230  0.0216  0.0206  0.0255  0.0234  0.0239  0.0219  0.0241  0.0211  0.0219  0.0200  0.0202
    0.3053   19.7871    1.0726  -10.9202  -11.7441   -5.7066
    3.9494   -1.3325   -1.9433   17.1177   -2.3089  -20.5443
eta,q 0.98148  9.22419

---------------------------------------------------------------------
imgreg_4dfp /opt/freesurfer/average/711-2C_as_mni_average_305 /opt/freesurfer/average/711-2B_as_mni_average_305_mask talsrcimg_g11 none talsrcimg_to_711-2C_as_mni_average_305_t4 2311
---------------------------------------------------------------------

freesurfer imgreg_4dfp.c
/opt/freesurfer/average/711-2C_as_mni_average_305.4dfp.img
       256       256       256         1
  1.000000  1.000000  1.000000
orientation T byte_order littleendian
Reading image: /opt/freesurfer/average/711-2C_as_mni_average_305.4dfp.img
dimensions:      256       256       256
mmppix:       1.0000   -1.0000   -1.0000
center:     128.0000 -129.0000 -129.0000
/opt/freesurfer/average/711-2B_as_mni_average_305_mask.4dfp.img
       256       256       256         1
  1.000000  1.000000  1.000000
orientation T byte_order littleendian
Reading mask: /opt/freesurfer/average/711-2B_as_mni_average_305_mask.4dfp.img (2306576 pixels)
talsrcimg_g11.4dfp.img
       256       256       256         1
  1.000000  1.000000  1.000000
orientation T byte_order littleendian
Reading image: talsrcimg_g11.4dfp.img
dimensions:      256       256       256
mmppix:       1.0000   -1.0000   -1.0000
center:     128.0000 -129.0000 -129.0000
fimgreg.f
image alignment mode   2311 decimal      907 hex
parameters
    0.3053   19.7871    1.0726  -10.9203  -11.7441   -5.7066
    3.9494   -1.3325   -1.9433   17.1177   -2.3089  -20.5443
eta,q 0.98148  9.22419
niter,ni,del,rscale     5    3    5.0000    0.8000
parameters
    0.3048   19.7415    1.0545   -9.9282  -11.6558   -4.9658
    3.8718   -1.2101   -1.8972   16.9546   -2.0292  -20.4190
eta,q 0.98178  9.27428
  0.0206  0.0199  0.0195  0.0210  0.0198  0.0207  0.0198  0.0213  0.0195  0.0198  0.0191  0.0190
  0.0194  0.0191  0.0189  0.0200  0.0190  0.0198  0.0189  0.0197  0.0188  0.0189  0.0186  0.0186
  0.0187  0.0186  0.0186  0.0191  0.0185  0.0190  0.0184  0.0186  0.0184  0.0183  0.0184  0.0183
  0.0185  0.0185  0.0185  0.0185  0.0184  0.0184  0.0182  0.0182  0.0182  0.0182  0.0182  0.0182
  0.0188  0.0187  0.0186  0.0184  0.0185  0.0182  0.0184  0.0185  0.0184  0.0185  0.0183  0.0183
  0.0194  0.0192  0.0190  0.0188  0.0190  0.0187  0.0190  0.0195  0.0188  0.0191  0.0185  0.0185
  0.0206  0.0200  0.0195  0.0197  0.0197  0.0199  0.0199  0.0210  0.0195  0.0199  0.0189  0.0190
niter,ni,del,rscale     4    3    5.0000    0.7000
parameters
    0.2659   19.7224    1.1619   -9.9339  -11.7555   -4.7698
    3.9063   -1.2503   -1.9260   16.9050   -2.0008  -20.2905
eta,q 0.98181  9.27461
  0.0198  0.0193  0.0191  0.0199  0.0192  0.0200  0.0195  0.0205  0.0191  0.0195  0.0188  0.0188
  0.0189  0.0187  0.0187  0.0191  0.0187  0.0193  0.0188  0.0192  0.0186  0.0187  0.0185  0.0185
  0.0184  0.0183  0.0183  0.0185  0.0183  0.0186  0.0183  0.0184  0.0183  0.0183  0.0183  0.0183
  0.0182  0.0182  0.0182  0.0182  0.0182  0.0182  0.0182  0.0182  0.0182  0.0182  0.0182  0.0182
  0.0184  0.0184  0.0183  0.0184  0.0184  0.0183  0.0183  0.0185  0.0183  0.0184  0.0183  0.0182
  0.0190  0.0188  0.0185  0.0189  0.0187  0.0188  0.0187  0.0193  0.0186  0.0188  0.0185  0.0184
  0.0200  0.0194  0.0189  0.0200  0.0193  0.0199  0.0194  0.0205  0.0192  0.0195  0.0188  0.0187
niter,ni,del,rscale     3    3    5.0000    0.6000
parameters
    0.2598   19.7078    1.2177   -9.8856  -11.7986   -4.6336
    3.8932   -1.2581   -1.9252   16.8413   -1.9840  -20.2125
eta,q 0.98183  9.27661
  0.0194  0.0190  0.0188  0.0195  0.0189  0.0196  0.0191  0.0199  0.0189  0.0191  0.0186  0.0186
  0.0187  0.0185  0.0185  0.0188  0.0185  0.0190  0.0186  0.0189  0.0185  0.0186  0.0184  0.0184
  0.0183  0.0183  0.0183  0.0184  0.0183  0.0185  0.0183  0.0184  0.0183  0.0182  0.0182  0.0182
  0.0182  0.0182  0.0182  0.0182  0.0182  0.0182  0.0182  0.0182  0.0182  0.0182  0.0182  0.0182
  0.0183  0.0183  0.0182  0.0183  0.0183  0.0183  0.0183  0.0184  0.0183  0.0183  0.0182  0.0182
  0.0187  0.0186  0.0184  0.0187  0.0186  0.0187  0.0186  0.0190  0.0185  0.0187  0.0184  0.0183
  0.0194  0.0190  0.0187  0.0195  0.0190  0.0195  0.0191  0.0199  0.0189  0.0192  0.0186  0.0186
niter,ni,del,rscale     2    3    5.0000    0.5000
parameters
    0.2552   19.6974    1.2471   -9.8462  -11.8107   -4.5288
    3.8845   -1.2593   -1.9179   16.7838   -1.9632  -20.1455
eta,q 0.98184  9.27887
  0.0190  0.0188  0.0186  0.0191  0.0187  0.0192  0.0188  0.0194  0.0187  0.0188  0.0185  0.0185
  0.0185  0.0184  0.0184  0.0186  0.0184  0.0187  0.0185  0.0187  0.0184  0.0184  0.0183  0.0183
  0.0183  0.0182  0.0182  0.0183  0.0182  0.0183  0.0182  0.0183  0.0182  0.0182  0.0182  0.0182
  0.0182  0.0182  0.0182  0.0182  0.0182  0.0182  0.0182  0.0182  0.0182  0.0182  0.0182  0.0182
  0.0183  0.0182  0.0182  0.0182  0.0182  0.0182  0.0182  0.0183  0.0182  0.0183  0.0182  0.0182
  0.0186  0.0184  0.0183  0.0186  0.0184  0.0186  0.0185  0.0187  0.0184  0.0185  0.0183  0.0183
  0.0190  0.0188  0.0186  0.0191  0.0187  0.0191  0.0188  0.0194  0.0187  0.0189  0.0185  0.0185
niter,ni,del,rscale     1    3    5.0000    0.4000
parameters
    0.2523   19.6866    1.2691   -9.8101  -11.8308   -4.4532
    3.8711   -1.2656   -1.8965   16.7366   -1.9454  -20.0873
eta,q 0.98184  9.28013
  0.0187  0.0185  0.0184  0.0188  0.0185  0.0189  0.0186  0.0190  0.0185  0.0186  0.0184  0.0184
  0.0184  0.0183  0.0183  0.0185  0.0183  0.0185  0.0183  0.0185  0.0183  0.0183  0.0183  0.0183
  0.0182  0.0182  0.0182  0.0183  0.0182  0.0183  0.0182  0.0182  0.0182  0.0182  0.0182  0.0182
  0.0182  0.0182  0.0182  0.0182  0.0182  0.0182  0.0182  0.0182  0.0182  0.0182  0.0182  0.0182
  0.0182  0.0182  0.0182  0.0182  0.0182  0.0182  0.0182  0.0183  0.0182  0.0182  0.0182  0.0182
  0.0184  0.0183  0.0183  0.0184  0.0183  0.0184  0.0184  0.0185  0.0183  0.0184  0.0183  0.0182
  0.0187  0.0186  0.0184  0.0188  0.0185  0.0188  0.0186  0.0190  0.0185  0.0186  0.0184  0.0183
registration optimization eta report
parameter search radius
    0.8000    0.8000    0.8000    2.4000    2.4000    2.4000
    2.4000    2.4000    2.4000    2.4000    2.4000    2.4000
100000*second partial in parameter space
       86.       60.       42.       10.        6.       12.
        7.       14.        6.        8.        4.        3.
  0.0187  0.0185  0.0184  0.0188  0.0185  0.0189  0.0186  0.0190  0.0185  0.0186  0.0184  0.0184
  0.0184  0.0183  0.0183  0.0185  0.0183  0.0185  0.0183  0.0185  0.0183  0.0183  0.0183  0.0183
  0.0182  0.0182  0.0182  0.0183  0.0182  0.0183  0.0182  0.0182  0.0182  0.0182  0.0182  0.0182
  0.0182  0.0182  0.0182  0.0182  0.0182  0.0182  0.0182  0.0182  0.0182  0.0182  0.0182  0.0182
  0.0182  0.0182  0.0182  0.0182  0.0182  0.0182  0.0182  0.0183  0.0182  0.0182  0.0182  0.0182
  0.0184  0.0183  0.0183  0.0184  0.0183  0.0184  0.0184  0.0185  0.0183  0.0184  0.0183  0.0182
  0.0187  0.0186  0.0184  0.0188  0.0185  0.0188  0.0186  0.0190  0.0185  0.0186  0.0184  0.0183
    0.2523   19.6866    1.2691   -9.8101  -11.8308   -4.4532
    3.8711   -1.2656   -1.8965   16.7366   -1.9454  -20.0873
eta,q 0.98184  9.28013

---------------------------------------------------------------------
imgreg_4dfp /opt/freesurfer/average/711-2C_as_mni_average_305 /opt/freesurfer/average/711-2B_as_mni_average_305_mask talsrcimg_g11 none talsrcimg_to_711-2C_as_mni_average_305_t4 2311
---------------------------------------------------------------------

freesurfer imgreg_4dfp.c
/opt/freesurfer/average/711-2C_as_mni_average_305.4dfp.img
       256       256       256         1
  1.000000  1.000000  1.000000
orientation T byte_order littleendian
Reading image: /opt/freesurfer/average/711-2C_as_mni_average_305.4dfp.img
dimensions:      256       256       256
mmppix:       1.0000   -1.0000   -1.0000
center:     128.0000 -129.0000 -129.0000
/opt/freesurfer/average/711-2B_as_mni_average_305_mask.4dfp.img
       256       256       256         1
  1.000000  1.000000  1.000000
orientation T byte_order littleendian
Reading mask: /opt/freesurfer/average/711-2B_as_mni_average_305_mask.4dfp.img (2306576 pixels)
talsrcimg_g11.4dfp.img
       256       256       256         1
  1.000000  1.000000  1.000000
orientation T byte_order littleendian
Reading image: talsrcimg_g11.4dfp.img
dimensions:      256       256       256
mmppix:       1.0000   -1.0000   -1.0000
center:     128.0000 -129.0000 -129.0000
fimgreg.f
image alignment mode   2311 decimal      907 hex
parameters
    0.2523   19.6866    1.2691   -9.8101  -11.8308   -4.4532
    3.8711   -1.2656   -1.8965   16.7366   -1.9454  -20.0873
eta,q 0.98184  9.28013
niter,ni,del,rscale     5    3    5.0000    0.8000
parameters
    0.2581   19.7081    1.2928  -10.0775  -11.8219   -4.7816
    3.8991   -1.2912   -1.9635   16.8867   -2.0766  -20.1708
eta,q 0.98180  9.26720
  0.0204  0.0197  0.0193  0.0201  0.0195  0.0201  0.0198  0.0211  0.0194  0.0200  0.0189  0.0189
  0.0191  0.0189  0.0187  0.0191  0.0188  0.0192  0.0189  0.0195  0.0188  0.0190  0.0185  0.0185
  0.0184  0.0183  0.0183  0.0184  0.0183  0.0185  0.0184  0.0185  0.0183  0.0184  0.0183  0.0183
  0.0182  0.0182  0.0182  0.0182  0.0182  0.0182  0.0182  0.0182  0.0182  0.0182  0.0182  0.0182
  0.0184  0.0183  0.0183  0.0184  0.0183  0.0184  0.0184  0.0186  0.0183  0.0184  0.0183  0.0183
  0.0191  0.0188  0.0186  0.0193  0.0188  0.0194  0.0189  0.0196  0.0188  0.0189  0.0186  0.0186
  0.0203  0.0196  0.0192  0.0208  0.0195  0.0210  0.0198  0.0211  0.0195  0.0197  0.0190  0.0190
niter,ni,del,rscale     4    3    5.0000    0.7000
parameters
    0.2684   19.7128    1.2368   -9.9671  -11.7722   -4.7388
    3.8919   -1.2569   -1.9386   16.8645   -2.0350  -20.2009
eta,q 0.98182  9.27292
  0.0199  0.0194  0.0189  0.0199  0.0193  0.0199  0.0194  0.0205  0.0192  0.0195  0.0188  0.0188
  0.0189  0.0187  0.0185  0.0191  0.0187  0.0192  0.0187  0.0192  0.0186  0.0188  0.0185  0.0184
  0.0184  0.0183  0.0183  0.0185  0.0183  0.0185  0.0183  0.0184  0.0183  0.0183  0.0183  0.0183
  0.0182  0.0182  0.0182  0.0182  0.0182  0.0182  0.0182  0.0182  0.0182  0.0182  0.0182  0.0182
  0.0184  0.0183  0.0183  0.0183  0.0183  0.0183  0.0183  0.0184  0.0183  0.0184  0.0182  0.0182
  0.0189  0.0187  0.0186  0.0188  0.0187  0.0189  0.0187  0.0192  0.0186  0.0188  0.0184  0.0185
  0.0198  0.0193  0.0191  0.0199  0.0192  0.0201  0.0194  0.0204  0.0192  0.0195  0.0188  0.0188
niter,ni,del,rscale     3    3    5.0000    0.6000
parameters
    0.2626   19.7053    1.2354   -9.8957  -11.7890   -4.6273
    3.8920   -1.2563   -1.9234   16.8234   -1.9946  -20.1775
eta,q 0.98183  9.27642
  0.0194  0.0190  0.0188  0.0195  0.0190  0.0196  0.0191  0.0199  0.0189  0.0191  0.0186  0.0186
  0.0187  0.0185  0.0184  0.0188  0.0185  0.0190  0.0186  0.0190  0.0185  0.0186  0.0184  0.0184
  0.0183  0.0183  0.0182  0.0184  0.0183  0.0184  0.0183  0.0184  0.0183  0.0183  0.0182  0.0182
  0.0182  0.0182  0.0182  0.0182  0.0182  0.0182  0.0182  0.0182  0.0182  0.0182  0.0182  0.0182
  0.0183  0.0183  0.0183  0.0183  0.0183  0.0183  0.0183  0.0184  0.0182  0.0183  0.0182  0.0182
  0.0187  0.0186  0.0184  0.0187  0.0185  0.0187  0.0186  0.0190  0.0185  0.0186  0.0184  0.0184
  0.0194  0.0190  0.0188  0.0195  0.0190  0.0195  0.0191  0.0199  0.0189  0.0191  0.0186  0.0186
niter,ni,del,rscale     2    3    5.0000    0.5000
parameters
    0.2561   19.6946    1.2520   -9.8453  -11.8086   -4.5257
    3.8856   -1.2607   -1.9160   16.7805   -1.9649  -20.1340
eta,q 0.98184  9.27895
  0.0190  0.0188  0.0186  0.0191  0.0187  0.0192  0.0188  0.0194  0.0187  0.0188  0.0185  0.0185
  0.0185  0.0184  0.0184  0.0186  0.0184  0.0187  0.0185  0.0187  0.0184  0.0185  0.0183  0.0183
  0.0183  0.0182  0.0182  0.0183  0.0182  0.0183  0.0182  0.0183  0.0182  0.0182  0.0182  0.0182
  0.0182  0.0182  0.0182  0.0182  0.0182  0.0182  0.0182  0.0182  0.0182  0.0182  0.0182  0.0182
  0.0183  0.0182  0.0182  0.0182  0.0182  0.0182  0.0182  0.0183  0.0182  0.0183  0.0182  0.0182
  0.0186  0.0184  0.0184  0.0185  0.0184  0.0186  0.0185  0.0187  0.0184  0.0185  0.0183  0.0183
  0.0190  0.0188  0.0186  0.0191  0.0187  0.0191  0.0188  0.0194  0.0187  0.0189  0.0185  0.0185
niter,ni,del,rscale     1    3    5.0000    0.4000
parameters
    0.2500   19.6843    1.2714   -9.8071  -11.8277   -4.4512
    3.8738   -1.2679   -1.8960   16.7318   -1.9472  -20.0840
eta,q 0.98184  9.28022
  0.0187  0.0185  0.0184  0.0188  0.0185  0.0189  0.0186  0.0190  0.0185  0.0186  0.0184  0.0184
  0.0184  0.0183  0.0183  0.0185  0.0183  0.0185  0.0183  0.0185  0.0183  0.0183  0.0183  0.0183
  0.0182  0.0182  0.0182  0.0183  0.0182  0.0183  0.0182  0.0182  0.0182  0.0182  0.0182  0.0182
  0.0182  0.0182  0.0182  0.0182  0.0182  0.0182  0.0182  0.0182  0.0182  0.0182  0.0182  0.0182
  0.0182  0.0182  0.0182  0.0182  0.0182  0.0182  0.0182  0.0183  0.0182  0.0182  0.0182  0.0182
  0.0184  0.0183  0.0183  0.0184  0.0183  0.0184  0.0184  0.0185  0.0183  0.0184  0.0182  0.0182
  0.0187  0.0186  0.0184  0.0188  0.0185  0.0188  0.0186  0.0190  0.0185  0.0186  0.0184  0.0183
registration optimization eta report
parameter search radius
    0.8000    0.8000    0.8000    2.4000    2.4000    2.4000
    2.4000    2.4000    2.4000    2.4000    2.4000    2.4000
100000*second partial in parameter space
       86.       60.       41.       10.        6.       12.
        7.       14.        6.        8.        4.        3.
  0.0187  0.0185  0.0184  0.0188  0.0185  0.0189  0.0186  0.0190  0.0185  0.0186  0.0184  0.0184
  0.0184  0.0183  0.0183  0.0185  0.0183  0.0185  0.0183  0.0185  0.0183  0.0183  0.0183  0.0183
  0.0182  0.0182  0.0182  0.0183  0.0182  0.0183  0.0182  0.0182  0.0182  0.0182  0.0182  0.0182
  0.0182  0.0182  0.0182  0.0182  0.0182  0.0182  0.0182  0.0182  0.0182  0.0182  0.0182  0.0182
  0.0182  0.0182  0.0182  0.0182  0.0182  0.0182  0.0182  0.0183  0.0182  0.0182  0.0182  0.0182
  0.0184  0.0183  0.0183  0.0184  0.0183  0.0184  0.0184  0.0185  0.0183  0.0184  0.0182  0.0182
  0.0187  0.0186  0.0184  0.0188  0.0185  0.0188  0.0186  0.0190  0.0185  0.0186  0.0184  0.0183
    0.2500   19.6843    1.2714   -9.8071  -11.8277   -4.4512
    3.8738   -1.2679   -1.8960   16.7318   -1.9472  -20.0840
eta,q 0.98184  9.28022

---------------------------------------------------------------------
compute_vox2vox talsrcimg talsrcimg_to_711-2C_as_mni_average_305_t4 /opt/freesurfer/average/711-2C_as_mni_average_305
---------------------------------------------------------------------

freesurfer compute_vox2vox.c
Reading: talsrcimg.4dfp.ifh
Reading: talsrcimg_to_711-2C_as_mni_average_305_t4
Reading: /opt/freesurfer/average/711-2C_as_mni_average_305.4dfp.ifh
Writing: talsrcimg_to_711-2C_as_mni_average_305_t4_vox2vox.txt

start time Mon Mar 9 14:05:43 CET 2026
end		time Mon Mar 9 14:07:08 CET 2026

mpr2mni305 success

avi2talxfm orig_nu.mgz /opt/freesurfer/average/mni305.cor.mgz talsrcimg_to_711-2C_as_mni_average_305_t4_vox2vox.txt transforms/talairach.auto.xfm
avi2talxfm done
mv -f /out/sourcedata/freesurfer/sub-v1s22x0050477_ses-1/mri/talsrcimg_to_711-2C_as_mni_average_305_t4_vox2vox.txt /out/sourcedata/freesurfer/sub-v1s22x0050477_ses-1/mri/transforms/talsrcimg_to_711-2C_as_mni_average_305_t4_vox2vox.txt
lta_convert --src orig_nu.mgz --trg /opt/freesurfer/average/mni305.cor.mgz --inxfm transforms/talairach.auto.xfm --outlta transforms/talairach.auto.xfm.lta --subject fsaverage
7.3.2

--src: orig_nu.mgz src image (geometry).
--trg: /opt/freesurfer/average/mni305.cor.mgz trg image (geometry).
--inmni: transforms/talairach.auto.xfm input MNI/XFM transform.
--outlta: transforms/talairach.auto.xfm.lta output LTA.
--s: fsaverage subject name
 LTA read, type : 1
 1.10830   0.02234  -0.04360  -4.81595;
 0.02654   1.00698   0.22820  -52.62906;
 0.01880  -0.19061   1.08990  -6.78926;
 0.00000   0.00000   0.00000   1.00000;
setting subject to fsaverage
Writing  LTA to file transforms/talairach.auto.xfm.lta...
lta_convert successful.
 
 
Started at Mon Mar 9 14:05:43 CET 2026
Ended   at Mon Mar  9 14:07:08 CET 2026
talairach_avi done
