status file for recon-all
Mon Mar  9 16:24:44 CET 2026
#@# Tessellate rh Mon Mar  9 16:24:44 CET 2026
#@# Smooth1 rh Mon Mar  9 16:24:47 CET 2026
#@# Inflation1 rh Mon Mar  9 16:24:49 CET 2026
#@# QSphere rh Mon Mar  9 16:25:04 CET 2026
#@# Fix Topology rh Mon Mar  9 16:26:17 CET 2026
#@# Smooth2 rh Mon Mar  9 16:31:26 CET 2026
#@# Inflation2 rh Mon Mar  9 16:31:29 CET 2026
#@# Curv .H and .K rh Mon Mar  9 16:31:43 CET 2026
#@# Sphere rh Mon Mar  9 16:32:26 CET 2026
#@# Surf Reg rh Mon Mar  9 16:34:31 CET 2026
#@# Jacobian white rh Mon Mar  9 16:38:21 CET 2026
#@# AvgCurv rh Mon Mar  9 16:38:22 CET 2026
#@# Cortical Parc rh Mon Mar  9 16:38:23 CET 2026
#@# white curv rh Mon Mar  9 16:44:58 CET 2026
#@# white area rh Mon Mar  9 16:45:00 CET 2026
#@# pial curv rh Mon Mar  9 16:45:00 CET 2026
#@# pial area rh Mon Mar  9 16:45:02 CET 2026
#@# thickness rh Mon Mar  9 16:45:03 CET 2026
#@# area and vertex vol rh Mon Mar  9 16:45:25 CET 2026
#@# Curvature Stats rh Mon Mar  9 16:45:26 CET 2026
#@# Cortical Parc 2 rh Mon Mar  9 16:45:29 CET 2026
#@# Cortical Parc 3 rh Mon Mar  9 16:45:40 CET 2026
#@# WM/GM Contrast rh Mon Mar  9 16:45:49 CET 2026
recon-all -s sub-v1s22x0050485_ses-1 finished without error at Mon Mar  9 16:45:53 CET 2026



#New# invocation of recon-all 



status file for recon-all
Mon Mar  9 16:53:24 CET 2026
#@# white curv rh Mon Mar  9 16:53:24 CET 2026
#@# white area rh Mon Mar  9 16:53:24 CET 2026
#@# pial curv rh Mon Mar  9 16:53:24 CET 2026
#@# pial area rh Mon Mar  9 16:53:24 CET 2026
#@# thickness rh Mon Mar  9 16:53:24 CET 2026
#@# area and vertex vol rh Mon Mar  9 16:53:24 CET 2026
#@# Parcellation Stats rh Mon Mar  9 16:53:24 CET 2026
#@# Parcellation Stats 2 rh Mon Mar  9 16:53:43 CET 2026
#@# Parcellation Stats 3 rh Mon Mar  9 16:53:53 CET 2026
#@# BA_exvivo Labels rh Mon Mar  9 16:54:03 CET 2026
recon-all -s sub-v1s22x0050485_ses-1 finished without error at Mon Mar  9 16:56:27 CET 2026
