status file for recon-all
Mon Mar  9 14:32:02 CET 2026
#@# MotionCor Mon Mar  9 14:32:08 CET 2026
#@# Talairach Mon Mar  9 14:32:19 CET 2026
#@# Talairach Failure Detection Mon Mar  9 14:35:10 CET 2026
#@# Nu Intensity Correction Mon Mar  9 14:35:10 CET 2026
#@# Intensity Normalization Mon Mar  9 14:37:58 CET 2026
recon-all -s sub-v1s22x0050485_ses-1 finished without error at Mon Mar  9 14:39:10 CET 2026



#New# invocation of recon-all 



status file for recon-all
Mon Mar  9 14:48:48 CET 2026
#@# EM Registration Mon Mar  9 14:48:48 CET 2026
recon-all -s sub-v1s22x0050485_ses-1 finished without error at Mon Mar  9 14:51:05 CET 2026



#New# invocation of recon-all 



status file for recon-all
Mon Mar  9 14:51:06 CET 2026
#@# CA Normalize Mon Mar  9 14:51:06 CET 2026
#@# CA Reg Mon Mar  9 14:51:59 CET 2026
#@# SubCort Seg Mon Mar  9 15:34:58 CET 2026
#@# CC Seg Mon Mar  9 15:56:50 CET 2026
#@# Merge ASeg Mon Mar  9 15:57:12 CET 2026
#@# Intensity Normalization2 Mon Mar  9 15:57:12 CET 2026
#@# Mask BFS Mon Mar  9 15:58:45 CET 2026
#@# WM Segmentation Mon Mar  9 15:58:45 CET 2026
#@# Fill Mon Mar  9 16:00:17 CET 2026
recon-all -s sub-v1s22x0050485_ses-1 finished without error at Mon Mar  9 16:00:56 CET 2026



#New# invocation of recon-all 



status file for recon-all
Mon Mar  9 16:45:57 CET 2026
#@# white curv lh Mon Mar  9 16:45:57 CET 2026
#@# white area lh Mon Mar  9 16:45:57 CET 2026
#@# pial curv lh Mon Mar  9 16:45:57 CET 2026
#@# pial area lh Mon Mar  9 16:45:57 CET 2026
#@# thickness lh Mon Mar  9 16:45:57 CET 2026
#@# area and vertex vol lh Mon Mar  9 16:45:57 CET 2026
#@# white curv rh Mon Mar  9 16:45:57 CET 2026
#@# white area rh Mon Mar  9 16:45:57 CET 2026
#@# pial curv rh Mon Mar  9 16:45:57 CET 2026
#@# pial area rh Mon Mar  9 16:45:57 CET 2026
#@# thickness rh Mon Mar  9 16:45:57 CET 2026
#@# area and vertex vol rh Mon Mar  9 16:45:57 CET 2026
#@# Cortical ribbon mask Mon Mar  9 16:45:57 CET 2026
recon-all -s sub-v1s22x0050485_ses-1 finished without error at Mon Mar  9 16:50:13 CET 2026



#New# invocation of recon-all 



status file for recon-all
Mon Mar  9 16:56:31 CET 2026
#@# white curv lh Mon Mar  9 16:56:31 CET 2026
#@# white area lh Mon Mar  9 16:56:31 CET 2026
#@# pial curv lh Mon Mar  9 16:56:31 CET 2026
#@# pial area lh Mon Mar  9 16:56:31 CET 2026
#@# thickness lh Mon Mar  9 16:56:31 CET 2026
#@# area and vertex vol lh Mon Mar  9 16:56:31 CET 2026
#@# white curv rh Mon Mar  9 16:56:31 CET 2026
#@# white area rh Mon Mar  9 16:56:31 CET 2026
#@# pial curv rh Mon Mar  9 16:56:31 CET 2026
#@# pial area rh Mon Mar  9 16:56:31 CET 2026
#@# thickness rh Mon Mar  9 16:56:31 CET 2026
#@# area and vertex vol rh Mon Mar  9 16:56:31 CET 2026
#@# Curvature Stats lh Mon Mar  9 16:56:31 CET 2026
#@# Curvature Stats rh Mon Mar  9 16:56:34 CET 2026
#@# Relabel Hypointensities Mon Mar  9 16:56:36 CET 2026
#@# APas-to-ASeg Mon Mar  9 16:56:47 CET 2026
#@# AParc-to-ASeg aparc Mon Mar  9 16:56:54 CET 2026
#@# AParc-to-ASeg aparc.a2009s Mon Mar  9 16:57:23 CET 2026
#@# AParc-to-ASeg aparc.DKTatlas Mon Mar  9 16:57:44 CET 2026
#@# WMParc Mon Mar  9 16:58:10 CET 2026
#@# ASeg Stats Mon Mar  9 17:00:13 CET 2026
recon-all -s sub-v1s22x0050485_ses-1 finished without error at Mon Mar  9 17:00:31 CET 2026
