/out/sourcedata/freesurfer/sub-v1s22x0050439_ses-1/mri
/opt/freesurfer/bin/talairach_avi
--i orig_nu.mgz --xfm transforms/talairach.auto.xfm
talairach_avi 7.3.2
Linux dna066 5.14.0-427.37.1.el9_4.x86_64 #1 SMP PREEMPT_DYNAMIC Fri Sep 13 12:41:50 EDT 2024 x86_64 x86_64 x86_64 GNU/Linux
Mon Mar  9 11:59:13 CET 2026
mri_convert orig_nu.mgz talsrcimg.img 
reading from orig_nu.mgz...
TR=0.00, TE=0.00, TI=0.00, flip angle=0.00
i_ras = (-1, 0, 0)
j_ras = (0, 0, -1)
k_ras = (0, 1, 0)
writing to talsrcimg.img...
Analyze Output Matrix
-1.00000   0.00000   0.00000   125.72509;
 0.00000   0.00000   1.00000  -91.46622;
 0.00000  -1.00000   0.00000   119.38232;
 0.00000   0.00000   0.00000   1.00000;
--------------------
INFO: set hdr.hist.orient to -1
mpr2mni305 talsrcimg
Mon Mar  9 11:59:13 CET 2026
/opt/freesurfer/bin/mpr2mni305 talsrcimg
mpr2mni305 7.3.2
target=711-2C_as_mni_average_305

---------------------------------------------------------------------
analyzeto4dfp talsrcimg -O0 -y
---------------------------------------------------------------------

freesurfer ifh2hdr.c
Mon Mar  9 11:59:13 2026
Writing: talsrcimg.4dfp.hdr
freesurfer analyzeto4dfp.c
Reading: talsrcimg.hdr
header size 348 bytes
hdr.dime.datatype	offset=70	value=2
hdr.dime.bitpix		offset=72	value=8
hdr.hist.orient		offset=252	value=-1
dimensionality     4
dimensions       256       256       256         1
Reading: talsrcimg.img
Writing: talsrcimg.4dfp.img
Writing: talsrcimg.4dfp.ifh
ifh2hdr talsrcimg -r0to203
ori=2

---------------------------------------------------------------------
gauss_4dfp talsrcimg 1.1
---------------------------------------------------------------------

freesurfer gauss_4dfp.c
Reading: talsrcimg.4dfp.img
Writing: talsrcimg_g11.4dfp.img
image dimensions 256 256 256 padded to 288 288 288
processing volume 1freesurfer ifh2hdr.c
Mon Mar  9 11:59:15 2026
Writing: talsrcimg_g11.4dfp.hdr

Writing: talsrcimg_g11.4dfp.ifh
including: talsrcimg.4dfp.img.rec in talsrcimg_g11.4dfp.img.rec

---------------------------------------------------------------------
imgreg_4dfp /opt/freesurfer/average/711-2C_as_mni_average_305 none talsrcimg_g11 none talsrcimg_to_711-2C_as_mni_average_305_t4 4355
---------------------------------------------------------------------

freesurfer imgreg_4dfp.c
/opt/freesurfer/average/711-2C_as_mni_average_305.4dfp.img
       256       256       256         1
  1.000000  1.000000  1.000000
orientation T byte_order littleendian
Reading image: /opt/freesurfer/average/711-2C_as_mni_average_305.4dfp.img
dimensions:      256       256       256
mmppix:       1.0000   -1.0000   -1.0000
center:     128.0000 -129.0000 -129.0000
talsrcimg_g11.4dfp.img
       256       256       256         1
  1.000000  1.000000  1.000000
orientation T byte_order littleendian
Reading image: talsrcimg_g11.4dfp.img
dimensions:      256       256       256
mmppix:       1.0000   -1.0000   -1.0000
center:     128.0000 -129.0000 -129.0000
t4_read: open error in t4_sub.f l:  41 t4_file(1:l)talsrcimg_to_711-2C_as_mni_average_305_t4 
t4_read: transform initialized to I4
rotation matrix determinant  1.000000
image alignment mode   4355 decimal     1103 hex
   -7.5000  -45.0000  -45.0000 7384.6763   16.6766
    0.0000  -45.0000  -45.0000 7774.8555   16.6878
    7.5000  -45.0000  -45.0000 7411.2637   16.6755
   -7.5000  -37.5000  -45.0000 7923.9111   16.2350
    0.0000  -37.5000  -45.0000 8352.0635   16.2481
    7.5000  -37.5000  -45.0000 7940.4556   16.2300
   -7.5000  -30.0000  -45.0000 8820.7510   15.9397
    0.0000  -30.0000  -45.0000 9293.0098   15.9515
    7.5000  -30.0000  -45.0000 8830.5967   15.9361
   -7.5000  -22.5000  -45.0000 9837.3555   15.8539
    0.0000  -22.5000  -45.000010341.1846   15.8635
    7.5000  -22.5000  -45.0000 9834.8242   15.8565
   -7.5000  -15.0000  -45.000010813.4668   15.8054
    0.0000  -15.0000  -45.000011339.7979   15.8135
    7.5000  -15.0000  -45.000010778.4355   15.8131
   -7.5000   -7.5000  -45.000011734.6768   15.7764
    0.0000   -7.5000  -45.000012279.5078   15.7849
    7.5000   -7.5000  -45.000011690.2715   15.7831
   -7.5000    0.0000  -45.000012574.8623   15.7787
    0.0000    0.0000  -45.000013135.5020   15.7896
    7.5000    0.0000  -45.000012530.8574   15.7799
   -7.5000    7.5000  -45.000012499.9629   15.7742
    0.0000    7.5000  -45.000013028.0674   15.7868
    7.5000    7.5000  -45.000012445.7061   15.7709
   -7.5000   15.0000  -45.000012149.7041   15.7658
    0.0000   15.0000  -45.000012659.4355   15.7775
    7.5000   15.0000  -45.000012077.4189   15.7632
   -7.5000   22.5000  -45.000011643.5967   15.7616
    0.0000   22.5000  -45.000012160.0889   15.7710
    7.5000   22.5000  -45.000011562.8525   15.7644
   -7.5000   30.0000  -45.000011179.1855   15.5580
    0.0000   30.0000  -45.000011681.8848   15.5658
    7.5000   30.0000  -45.000011066.0664   15.5655
   -7.5000   37.5000  -45.000010934.3770   15.5644
    0.0000   37.5000  -45.000011438.9717   15.5727
    7.5000   37.5000  -45.000010814.5508   15.5709
   -7.5000   45.0000  -45.000010154.9023   15.1731
    0.0000   45.0000  -45.000010637.1406   15.1836
    7.5000   45.0000  -45.000010061.7217   15.1743
   -7.5000  -45.0000  -37.5000 7699.8638   16.6084
    0.0000  -45.0000  -37.5000 8117.1362   16.6175
    7.5000  -45.0000  -37.5000 7721.9272   16.6153
   -7.5000  -37.5000  -37.5000 8317.4131   16.1815
    0.0000  -37.5000  -37.5000 8772.4863   16.1918
    7.5000  -37.5000  -37.5000 8317.7178   16.1815
   -7.5000  -30.0000  -37.5000 9293.6201   15.8953
    0.0000  -30.0000  -37.5000 9790.6143   15.9056
    7.5000  -30.0000  -37.5000 9285.6523   15.8924
   -7.5000  -22.5000  -37.500010356.9580   15.8031
    0.0000  -22.5000  -37.500010864.0596   15.8131
    7.5000  -22.5000  -37.500010320.2158   15.8054
   -7.5000  -15.0000  -37.500011391.6885   15.7435
    0.0000  -15.0000  -37.500011907.2852   15.7531
    7.5000  -15.0000  -37.500011336.8477   15.7535
   -7.5000   -7.5000  -37.500012353.8496   15.7107
    0.0000   -7.5000  -37.500012886.8721   15.7195
    7.5000   -7.5000  -37.500012286.2803   15.7231
   -7.5000    0.0000  -37.500013251.6240   15.7178
    0.0000    0.0000  -37.500013828.5830   15.7266
    7.5000    0.0000  -37.500013174.9912   15.7258
   -7.5000    7.5000  -37.500013160.0195   15.7241
    0.0000    7.5000  -37.500013689.6299   15.7340
    7.5000    7.5000  -37.500013062.4883   15.7251
   -7.5000   15.0000  -37.500012769.1143   15.7231
    0.0000   15.0000  -37.500013279.8779   15.7332
    7.5000   15.0000  -37.500012675.2109   15.7210
   -7.5000   22.5000  -37.500012226.1377   15.7122
    0.0000   22.5000  -37.500012716.0352   15.7221
    7.5000   22.5000  -37.500012111.7588   15.7148
   -7.5000   30.0000  -37.500011725.2080   15.4975
    0.0000   30.0000  -37.500012200.5176   15.5068
    7.5000   30.0000  -37.500011595.2568   15.5074
   -7.5000   37.5000  -37.500011502.0225   15.4995
    0.0000   37.5000  -37.500011982.3018   15.5082
    7.5000   37.5000  -37.500011371.2812   15.5118
   -7.5000   45.0000  -37.500010676.8389   15.1145
    0.0000   45.0000  -37.500011130.4307   15.1230
    7.5000   45.0000  -37.500010568.7207   15.1223
   -7.5000  -45.0000  -30.0000 8172.0635   17.3048
    0.0000  -45.0000  -30.0000 8606.3047   17.3163
    7.5000  -45.0000  -30.0000 8170.0923   17.3172
   -7.5000  -37.5000  -30.0000 8856.7861   16.8749
    0.0000  -37.5000  -30.0000 9320.9131   16.8882
    7.5000  -37.5000  -30.0000 8838.2529   16.8780
   -7.5000  -30.0000  -30.0000 9926.2520   16.5865
    0.0000  -30.0000  -30.000010425.5537   16.6008
    7.5000  -30.0000  -30.0000 9892.9668   16.5836
   -7.5000  -22.5000  -30.000011039.9502   16.4839
    0.0000  -22.5000  -30.000011541.2930   16.4976
    7.5000  -22.5000  -30.000010978.3926   16.4856
   -7.5000  -15.0000  -30.000012155.4131   16.4091
    0.0000  -15.0000  -30.000012662.5938   16.4215
    7.5000  -15.0000  -30.000012080.5156   16.4196
   -7.5000   -7.5000  -30.000013201.5068   16.3680
    0.0000   -7.5000  -30.000013741.6768   16.3789
    7.5000   -7.5000  -30.000013104.3242   16.3833
   -7.5000    0.0000  -30.000014170.4326   16.3782
    0.0000    0.0000  -30.000014766.5449   16.3889
    7.5000    0.0000  -30.000014063.9131   16.3907
   -7.5000    7.5000  -30.000014046.2852   16.3977
    0.0000    7.5000  -30.000014608.7920   16.4103
    7.5000    7.5000  -30.000013912.9707   16.4014
   -7.5000   15.0000  -30.000013616.4756   16.4064
    0.0000   15.0000  -30.000014196.7275   16.4205
    7.5000   15.0000  -30.000013498.5850   16.4044
   -7.5000   22.5000  -30.000013045.6582   16.3881
    0.0000   22.5000  -30.000013588.7637   16.4016
    7.5000   22.5000  -30.000012912.8623   16.3901
   -7.5000   30.0000  -30.000012472.2256   16.1549
    0.0000   30.0000  -30.000012980.3203   16.1669
    7.5000   30.0000  -30.000012315.7324   16.1652
   -7.5000   37.5000  -30.000012252.2393   16.1496
    0.0000   37.5000  -30.000012734.7363   16.1603
    7.5000   37.5000  -30.000012091.1172   16.1646
   -7.5000   45.0000  -30.000011373.3838   15.7612
    0.0000   45.0000  -30.000011810.4268   15.7715
    7.5000   45.0000  -30.000011257.0986   15.7732
   -7.5000  -45.0000  -22.5000 8671.6504   17.9193
    0.0000  -45.0000  -22.5000 9103.9990   17.9351
    7.5000  -45.0000  -22.5000 8646.8994   17.9260
   -7.5000  -37.5000  -22.5000 9388.8447   17.4756
    0.0000  -37.5000  -22.5000 9873.1631   17.4952
    7.5000  -37.5000  -22.5000 9368.0977   17.4751
   -7.5000  -30.0000  -22.500010516.9658   17.1776
    0.0000  -30.0000  -22.500011046.7441   17.1982
    7.5000  -30.0000  -22.500010491.5801   17.1743
   -7.5000  -22.5000  -22.500011699.8389   17.0720
    0.0000  -22.5000  -22.500012252.0176   17.0895
    7.5000  -22.5000  -22.500011641.2920   17.0740
   -7.5000  -15.0000  -22.500012878.0918   16.9953
    0.0000  -15.0000  -22.500013438.0791   17.0085
    7.5000  -15.0000  -22.500012784.3877   17.0031
   -7.5000   -7.5000  -22.500014054.1094   16.9517
    0.0000   -7.5000  -22.500014660.1709   16.9635
    7.5000   -7.5000  -22.500013955.2959   16.9613
   -7.5000    0.0000  -22.500015109.3906   16.9603
    0.0000    0.0000  -22.500015768.5273   16.9746
    7.5000    0.0000  -22.500014970.2803   16.9671
   -7.5000    7.5000  -22.500014990.8613   16.9804
    0.0000    7.5000  -22.500015583.5342   16.9990
    7.5000    7.5000  -22.500014805.9697   16.9808
   -7.5000   15.0000  -22.500014549.8281   16.9899
    0.0000   15.0000  -22.500015156.3223   17.0101
    7.5000   15.0000  -22.500014379.6377   16.9876
   -7.5000   22.5000  -22.500013943.1045   16.9713
    0.0000   22.5000  -22.500014531.7061   16.9885
    7.5000   22.5000  -22.500013748.5127   16.9736
   -7.5000   30.0000  -22.500013243.0244   16.7349
    0.0000   30.0000  -22.500013784.0801   16.7478
    7.5000   30.0000  -22.500013047.0801   16.7425
   -7.5000   37.5000  -22.500012989.2500   16.7280
    0.0000   37.5000  -22.500013500.0947   16.7396
    7.5000   37.5000  -22.500012804.6104   16.7375
   -7.5000   45.0000  -22.500012094.2090   16.3336
    0.0000   45.0000  -22.500012532.5400   16.3474
    7.5000   45.0000  -22.500011938.9414   16.3402
   -7.5000  -45.0000  -15.0000 9119.7734   18.3697
    0.0000  -45.0000  -15.0000 9592.3242   18.3879
    7.5000  -45.0000  -15.0000 9091.5020   18.3674
   -7.5000  -37.5000  -15.0000 9876.5645   17.9036
    0.0000  -37.5000  -15.000010385.7520   17.9258
    7.5000  -37.5000  -15.0000 9843.5850   17.8966
   -7.5000  -30.0000  -15.000011058.3574   17.5906
    0.0000  -30.0000  -15.000011601.8125   17.6128
    7.5000  -30.0000  -15.000011008.2178   17.5856
   -7.5000  -22.5000  -15.000012324.2041   17.4889
    0.0000  -22.5000  -15.000012876.1826   17.5067
    7.5000  -22.5000  -15.000012230.9961   17.4914
   -7.5000  -15.0000  -15.000013576.3740   17.4221
    0.0000  -15.0000  -15.000014148.3779   17.4346
    7.5000  -15.0000  -15.000013451.5049   17.4279
   -7.5000   -7.5000  -15.000014857.9922   17.3819
    0.0000   -7.5000  -15.000015467.5938   17.3941
    7.5000   -7.5000  -15.000014728.7939   17.3856
   -7.5000    0.0000  -15.000016069.7256   17.3859
    0.0000    0.0000  -15.000016760.7070   17.4024
    7.5000    0.0000  -15.000015886.1260   17.3849
   -7.5000    7.5000  -15.000015965.4639   17.3954
    0.0000    7.5000  -15.000016621.8320   17.4166
    7.5000    7.5000  -15.000015740.0498   17.3900
   -7.5000   15.0000  -15.000015505.2002   17.3976
    0.0000   15.0000  -15.000016137.9121   17.4194
    7.5000   15.0000  -15.000015254.4014   17.3937
   -7.5000   22.5000  -15.000014851.4385   17.3838
    0.0000   22.5000  -15.000015464.8740   17.4014
    7.5000   22.5000  -15.000014594.2500   17.3867
   -7.5000   30.0000  -15.000014059.2998   17.1572
    0.0000   30.0000  -15.000014648.3770   17.1695
    7.5000   30.0000  -15.000013822.9219   17.1630
   -7.5000   37.5000  -15.000013783.1934   17.1549
    0.0000   37.5000  -15.000014327.9873   17.1669
    7.5000   37.5000  -15.000013553.6982   17.1586
   -7.5000   45.0000  -15.000012858.0605   16.7536
    0.0000   45.0000  -15.000013344.8467   16.7695
    7.5000   45.0000  -15.000012655.5557   16.7526
   -7.5000  -45.0000   -7.5000 9583.3994   18.5800
    0.0000  -45.0000   -7.500010067.7705   18.5966
    7.5000  -45.0000   -7.5000 9550.4463   18.5752
   -7.5000  -37.5000   -7.500010354.6660   18.0949
    0.0000  -37.5000   -7.500010893.0566   18.1144
    7.5000  -37.5000   -7.500010305.3330   18.0862
   -7.5000  -30.0000   -7.500011572.0742   17.7707
    0.0000  -30.0000   -7.500012144.9443   17.7888
    7.5000  -30.0000   -7.500011499.7021   17.7655
   -7.5000  -22.5000   -7.500012893.5576   17.6752
    0.0000  -22.5000   -7.500013481.5645   17.6892
    7.5000  -22.5000   -7.500012791.2490   17.6780
   -7.5000  -15.0000   -7.500014223.5938   17.6190
    0.0000  -15.0000   -7.500014856.6650   17.6295
    7.5000  -15.0000   -7.500014115.5117   17.6256
   -7.5000   -7.5000   -7.500015650.3848   17.5830
    0.0000   -7.5000   -7.500016356.9121   17.5943
    7.5000   -7.5000   -7.500015523.2305   17.5867
   -7.5000    0.0000   -7.500017083.3770   17.5836
    0.0000    0.0000   -7.500017944.1777   17.5991
    7.5000    0.0000   -7.500016888.1895   17.5811
   -7.5000    7.5000   -7.500017154.6406   17.5817
    0.0000    7.5000   -7.500018045.7285   17.6004
    7.5000    7.5000   -7.500016858.6953   17.5750
   -7.5000   15.0000   -7.500016662.6211   17.5762
    0.0000   15.0000   -7.500017498.4258   17.5940
    7.5000   15.0000   -7.500016278.5801   17.5721
   -7.5000   22.5000   -7.500015878.6270   17.5666
    0.0000   22.5000   -7.500016678.4512   17.5803
    7.5000   22.5000   -7.500015503.1816   17.5696
   -7.5000   30.0000   -7.500014955.2285   17.3500
    0.0000   30.0000   -7.500015727.5176   17.3602
    7.5000   30.0000   -7.500014629.5264   17.3565
   -7.5000   37.5000   -7.500014633.7871   17.3530
    0.0000   37.5000   -7.500015368.9541   17.3641
    7.5000   37.5000   -7.500014323.3398   17.3566
   -7.5000   45.0000   -7.500013624.7051   16.9473
    0.0000   45.0000   -7.500014291.4385   16.9622
    7.5000   45.0000   -7.500013365.1973   16.9448
   -7.5000  -45.0000    0.0000 9940.3438   18.5993
    0.0000  -45.0000    0.000010419.9814   18.6117
    7.5000  -45.0000    0.0000 9891.9336   18.5981
   -7.5000  -37.5000    0.000010766.7900   18.1092
    0.0000  -37.5000    0.000011285.6787   18.1238
    7.5000  -37.5000    0.000010724.0420   18.1037
   -7.5000  -30.0000    0.000012039.3711   17.7818
    0.0000  -30.0000    0.000012590.9619   17.7949
    7.5000  -30.0000    0.000012003.7773   17.7780
   -7.5000  -22.5000    0.000013432.1631   17.6864
    0.0000  -22.5000    0.000014025.9941   17.6971
    7.5000  -22.5000    0.000013372.0078   17.6895
   -7.5000  -15.0000    0.000014812.8252   17.6318
    0.0000  -15.0000    0.000015469.6904   17.6407
    7.5000  -15.0000    0.000014742.5938   17.6405
   -7.5000   -7.5000    0.000016326.1650   17.5987
    0.0000   -7.5000    0.000017169.2656   17.6081
    7.5000   -7.5000    0.000016235.0908   17.6061
   -7.5000    0.0000    0.000017958.0879   17.6011
    0.0000    0.0000    0.000019276.4531   17.6132
    7.5000    0.0000    0.000017810.5000   17.6024
   -7.5000    7.5000    0.000018268.5078   17.5968
    0.0000    7.5000    0.000019950.1074   17.6108
    7.5000    7.5000    0.000017985.3574   17.5932
   -7.5000   15.0000    0.000017770.7949   17.5884
    0.0000   15.0000    0.000019268.1465   17.6014
    7.5000   15.0000    0.000017378.3789   17.5857
   -7.5000   22.5000    0.000016755.2441   17.5780
    0.0000   22.5000    0.000017958.1016   17.5885
    7.5000   22.5000    0.000016369.5527   17.5814
   -7.5000   30.0000    0.000015654.6221   17.3627
    0.0000   30.0000    0.000016681.9766   17.3713
    7.5000   30.0000    0.000015309.9736   17.3712
   -7.5000   37.5000    0.000015247.3857   17.3689
    0.0000   37.5000    0.000016174.9531   17.3781
    7.5000   37.5000    0.000014954.3594   17.3762
   -7.5000   45.0000    0.000014213.4980   16.9654
    0.0000   45.0000    0.000015005.6426   16.9771
    7.5000   45.0000    0.000013961.2041   16.9667
   -7.5000  -45.0000    7.5000 9515.5303   18.5845
    0.0000  -45.0000    7.500010003.6250   18.5947
    7.5000  -45.0000    7.5000 9498.2715   18.5922
   -7.5000  -37.5000    7.500010324.0898   18.1069
    0.0000  -37.5000    7.500010863.0957   18.1184
    7.5000  -37.5000    7.500010289.6895   18.1069
   -7.5000  -30.0000    7.500011546.6465   17.7867
    0.0000  -30.0000    7.500012172.5938   17.7982
    7.5000  -30.0000    7.500011521.7510   17.7833
   -7.5000  -22.5000    7.500012900.4844   17.6833
    0.0000  -22.5000    7.500013637.0264   17.6945
    7.5000  -22.5000    7.500012866.6689   17.6859
   -7.5000  -15.0000    7.500014247.6650   17.6165
    0.0000  -15.0000    7.500015076.3398   17.6273
    7.5000  -15.0000    7.500014197.4336   17.6278
   -7.5000   -7.5000    7.500015697.6699   17.5799
    0.0000   -7.5000    7.500016701.3027   17.5897
    7.5000   -7.5000    7.500015591.1113   17.5938
   -7.5000    0.0000    7.500017249.4883   17.5879
    0.0000    0.0000    7.500018699.2051   17.5978
    7.5000    0.0000    7.500017050.2480   17.5970
   -7.5000    7.5000    7.500017427.7988   17.5951
    0.0000    7.5000    7.500019157.9180   17.6062
    7.5000    7.5000    7.500017206.1914   17.5963
   -7.5000   15.0000    7.500016868.7227   17.5939
    0.0000   15.0000    7.500018409.2617   17.6053
    7.5000   15.0000    7.500016649.2227   17.5916
   -7.5000   22.5000    7.500015999.3896   17.5759
    0.0000   22.5000    7.500017288.0645   17.5870
    7.5000   22.5000    7.500015770.1807   17.5788
   -7.5000   30.0000    7.500014993.1201   17.3480
    0.0000   30.0000    7.500016107.9473   17.3585
    7.5000   30.0000    7.500014792.4873   17.3591
   -7.5000   37.5000    7.500014545.0967   17.3503
    0.0000   37.5000    7.500015498.7139   17.3601
    7.5000   37.5000    7.500014378.0547   17.3641
   -7.5000   45.0000    7.500013562.2002   16.9527
    0.0000   45.0000    7.500014376.2969   16.9622
    7.5000   45.0000    7.500013392.8281   16.9614
   -7.5000  -45.0000   15.0000 8954.2783   18.5983
    0.0000  -45.0000   15.0000 9504.3105   18.6106
    7.5000  -45.0000   15.0000 8957.8623   18.6116
   -7.5000  -37.5000   15.0000 9745.1006   18.1367
    0.0000  -37.5000   15.000010306.2236   18.1510
    7.5000  -37.5000   15.0000 9717.2129   18.1400
   -7.5000  -30.0000   15.000010914.2500   17.8265
    0.0000  -30.0000   15.000011523.1982   17.8418
    7.5000  -30.0000   15.000010897.8262   17.8233
   -7.5000  -22.5000   15.000012181.1982   17.7161
    0.0000  -22.5000   15.000012857.7285   17.7308
    7.5000  -22.5000   15.000012154.1885   17.7179
   -7.5000  -15.0000   15.000013382.2197   17.6357
    0.0000  -15.0000   15.000014109.0166   17.6490
    7.5000  -15.0000   15.000013347.6943   17.6469
   -7.5000   -7.5000   15.000014659.2949   17.5915
    0.0000   -7.5000   15.000015486.7197   17.6031
    7.5000   -7.5000   15.000014573.8496   17.6079
   -7.5000    0.0000   15.000016000.2852   17.6025
    0.0000    0.0000   15.000017105.5859   17.6139
    7.5000    0.0000   15.000015887.6689   17.6158
   -7.5000    7.5000   15.000016047.2598   17.6234
    0.0000    7.5000   15.000017196.5918   17.6369
    7.5000    7.5000   15.000015989.2686   17.6273
   -7.5000   15.0000   15.000015581.6602   17.6328
    0.0000   15.0000   15.000016597.1016   17.6479
    7.5000   15.0000   15.000015532.2666   17.6306
   -7.5000   22.5000   15.000014916.4961   17.6092
    0.0000   22.5000   15.000015835.6895   17.6237
    7.5000   22.5000   15.000014826.4648   17.6113
   -7.5000   30.0000   15.000014121.6689   17.3675
    0.0000   30.0000   15.000014995.5820   17.3804
    7.5000   30.0000   15.000014008.2285   17.3785
   -7.5000   37.5000   15.000013702.3418   17.3618
    0.0000   37.5000   15.000014510.2324   17.3733
    7.5000   37.5000   15.000013602.9180   17.3780
   -7.5000   45.0000   15.000012823.2920   16.9668
    0.0000   45.0000   15.000013528.7002   16.9777
    7.5000   45.0000   15.000012699.9648   16.9796
   -7.5000  -45.0000   22.5000 8316.3984   18.8055
    0.0000  -45.0000   22.5000 8826.6250   18.8225
    7.5000  -45.0000   22.5000 8335.2314   18.8134
   -7.5000  -37.5000   22.5000 9042.2930   18.3405
    0.0000  -37.5000   22.5000 9556.5449   18.3614
    7.5000  -37.5000   22.5000 9052.9941   18.3405
   -7.5000  -30.0000   22.500010118.9600   18.0241
    0.0000  -30.0000   22.500010647.5635   18.0459
    7.5000  -30.0000   22.500010111.6729   18.0209
   -7.5000  -22.5000   22.500011261.8867   17.9119
    0.0000  -22.5000   22.500011825.2451   17.9304
    7.5000  -22.5000   22.500011251.0088   17.9143
   -7.5000  -15.0000   22.500012378.0312   17.8308
    0.0000  -15.0000   22.500012966.9727   17.8448
    7.5000  -15.0000   22.500012357.9756   17.8394
   -7.5000   -7.5000   22.500013561.9883   17.7849
    0.0000   -7.5000   22.500014270.8555   17.7975
    7.5000   -7.5000   22.500013530.4141   17.7956
   -7.5000    0.0000   22.500014720.7402   17.7941
    0.0000    0.0000   22.500015650.5908   17.8094
    7.5000    0.0000   22.500014754.6191   17.8020
   -7.5000    7.5000   22.500014714.3711   17.8153
    0.0000    7.5000   22.500015592.1377   17.8351
    7.5000    7.5000   22.500014767.0381   17.8161
   -7.5000   15.0000   22.500014358.7266   17.8250
    0.0000   15.0000   22.500015110.4492   17.8465
    7.5000   15.0000   22.500014370.8574   17.8228
   -7.5000   22.5000   22.500013845.8340   17.8025
    0.0000   22.5000   22.500014577.8848   17.8207
    7.5000   22.5000   22.500013812.2373   17.8051
   -7.5000   30.0000   22.500013171.0586   17.5596
    0.0000   30.0000   22.500013862.1465   17.5733
    7.5000   30.0000   22.500013100.8867   17.5680
   -7.5000   37.5000   22.500012803.1426   17.5526
    0.0000   37.5000   22.500013450.5820   17.5651
    7.5000   37.5000   22.500012737.1865   17.5632
   -7.5000   45.0000   22.500011988.3193   17.1515
    0.0000   45.0000   22.500012593.6230   17.1662
    7.5000   45.0000   22.500011904.4785   17.1591
   -7.5000  -45.0000   30.0000 7626.2500   19.1937
    0.0000  -45.0000   30.0000 8050.8804   19.2122
    7.5000  -45.0000   30.0000 7664.6299   19.1912
   -7.5000  -37.5000   30.0000 8297.7607   18.7030
    0.0000  -37.5000   30.0000 8718.0420   18.7265
    7.5000  -37.5000   30.0000 8312.2871   18.6960
   -7.5000  -30.0000   30.0000 9273.7041   18.3651
    0.0000  -30.0000   30.0000 9707.7920   18.3893
    7.5000  -30.0000   30.0000 9271.0693   18.3609
   -7.5000  -22.5000   30.000010348.7236   18.2552
    0.0000  -22.5000   30.000010805.0859   18.2747
    7.5000  -22.5000   30.000010349.6270   18.2591
   -7.5000  -15.0000   30.000011392.0605   18.1843
    0.0000  -15.0000   30.000011898.6143   18.1975
    7.5000  -15.0000   30.000011402.0684   18.1909
   -7.5000   -7.5000   30.000012518.2568   18.1427
    0.0000   -7.5000   30.000013119.8291   18.1548
    7.5000   -7.5000   30.000012517.6582   18.1464
   -7.5000    0.0000   30.000013530.4443   18.1477
    0.0000    0.0000   30.000014284.7969   18.1644
    7.5000    0.0000   30.000013583.2480   18.1464
   -7.5000    7.5000   30.000013447.3584   18.1568
    0.0000    7.5000   30.000014149.9668   18.1792
    7.5000    7.5000   30.000013508.9248   18.1515
   -7.5000   15.0000   30.000013164.0166   18.1576
    0.0000   15.0000   30.000013798.2871   18.1814
    7.5000   15.0000   30.000013171.3086   18.1546
   -7.5000   22.5000   30.000012759.8477   18.1406
    0.0000   22.5000   30.000013376.4580   18.1598
    7.5000   22.5000   30.000012724.9873   18.1448
   -7.5000   30.0000   30.000012199.7109   17.9066
    0.0000   30.0000   30.000012792.4043   17.9195
    7.5000   30.0000   30.000012130.1621   17.9132
   -7.5000   37.5000   30.000011857.8857   17.9057
    0.0000   37.5000   30.000012434.5830   17.9177
    7.5000   37.5000   30.000011797.9229   17.9094
   -7.5000   45.0000   30.000011105.0811   17.4923
    0.0000   45.0000   30.000011643.8682   17.5084
    7.5000   45.0000   30.000011037.1807   17.4911
   -7.5000  -45.0000   37.5000 7342.3745   19.8919
    0.0000  -45.0000   37.5000 7740.0137   19.9088
    7.5000  -45.0000   37.5000 7378.1016   19.8844
   -7.5000  -37.5000   37.5000 7979.9907   19.3514
    0.0000  -37.5000   37.5000 8360.8301   19.3723
    7.5000  -37.5000   37.5000 8002.4180   19.3402
   -7.5000  -30.0000   37.5000 8935.9932   18.9758
    0.0000  -30.0000   37.5000 9317.7910   18.9960
    7.5000  -30.0000   37.5000 8928.3398   18.9705
   -7.5000  -22.5000   37.5000 9986.2822   18.8655
    0.0000  -22.5000   37.500010402.7266   18.8817
    7.5000  -22.5000   37.5000 9969.5840   18.8706
   -7.5000  -15.0000   37.500011026.9678   18.8062
    0.0000  -15.0000   37.500011479.9229   18.8178
    7.5000  -15.0000   37.500011011.8389   18.8148
   -7.5000   -7.5000   37.500012073.5703   18.7722
    0.0000   -7.5000   37.500012613.1758   18.7836
    7.5000   -7.5000   37.500012078.6680   18.7755
   -7.5000    0.0000   37.500013008.3115   18.7759
    0.0000    0.0000   37.500013650.8643   18.7918
    7.5000    0.0000   37.500013048.5879   18.7712
   -7.5000    7.5000   37.500012887.8721   18.7685
    0.0000    7.5000   37.500013502.3887   18.7885
    7.5000    7.5000   37.500012924.7188   18.7597
   -7.5000   15.0000   37.500012622.7188   18.7546
    0.0000   15.0000   37.500013203.2051   18.7745
    7.5000   15.0000   37.500012617.0693   18.7506
   -7.5000   22.5000   37.500012271.7666   18.7426
    0.0000   22.5000   37.500012834.3691   18.7585
    7.5000   22.5000   37.500012222.1133   18.7480
   -7.5000   30.0000   37.500011771.2676   18.5168
    0.0000   30.0000   37.500012318.5000   18.5280
    7.5000   30.0000   37.500011699.9912   18.5251
   -7.5000   37.5000   37.500011477.1436   18.5269
    0.0000   37.5000   37.500012014.2686   18.5382
    7.5000   37.5000   37.500011413.7676   18.5302
   -7.5000   45.0000   37.500010752.7979   18.0978
    0.0000   45.0000   37.500011246.0859   18.1131
    7.5000   45.0000   37.500010690.8428   18.0932
   -7.5000  -45.0000   45.0000 6743.5635   20.5647
    0.0000  -45.0000   45.0000 7100.0640   20.5803
    7.5000  -45.0000   45.0000 6763.8145   20.5619
   -7.5000  -37.5000   45.0000 7323.6724   19.9795
    0.0000  -37.5000   45.0000 7662.9546   19.9972
    7.5000  -37.5000   45.0000 7335.0557   19.9722
   -7.5000  -30.0000   45.0000 8217.0312   19.5771
    0.0000  -30.0000   45.0000 8573.9951   19.5936
    7.5000  -30.0000   45.0000 8197.3408   19.5735
   -7.5000  -22.5000   45.0000 9190.9414   19.4638
    0.0000  -22.5000   45.0000 9578.2314   19.4784
    7.5000  -22.5000   45.0000 9166.0391   19.4696
   -7.5000  -15.0000   45.000010139.6367   19.4061
    0.0000  -15.0000   45.000010561.9492   19.4189
    7.5000  -15.0000   45.000010116.6641   19.4177
   -7.5000   -7.5000   45.000011084.4160   19.3719
    0.0000   -7.5000   45.000011562.1396   19.3847
    7.5000   -7.5000   45.000011079.3643   19.3804
   -7.5000    0.0000   45.000011911.0205   19.3729
    0.0000    0.0000   45.000012466.5293   19.3880
    7.5000    0.0000   45.000011923.2207   19.3731
   -7.5000    7.5000   45.000011797.0459   19.3585
    0.0000    7.5000   45.000012346.6777   19.3753
    7.5000    7.5000   45.000011801.4902   19.3534
   -7.5000   15.0000   45.000011567.6865   19.3414
    0.0000   15.0000   45.000012099.9658   19.3576
    7.5000   15.0000   45.000011550.0850   19.3391
   -7.5000   22.5000   45.000011266.2852   19.3327
    0.0000   22.5000   45.000011772.4746   19.3470
    7.5000   22.5000   45.000011220.7373   19.3387
   -7.5000   30.0000   45.000010821.9854   19.1034
    0.0000   30.0000   45.000011309.5752   19.1158
    7.5000   30.0000   45.000010741.3262   19.1148
   -7.5000   37.5000   45.000010570.6914   19.1170
    0.0000   37.5000   45.000011073.2822   19.1297
    7.5000   37.5000   45.000010500.4736   19.1254
   -7.5000   45.0000   45.0000 9885.9941   18.6818
    0.0000   45.0000   45.000010372.7744   18.6963
    7.5000   45.0000   45.0000 9821.7861   18.6819

---------------------------------------------------------------------
imgreg_4dfp /opt/freesurfer/average/711-2C_as_mni_average_305 /opt/freesurfer/average/711-2B_as_mni_average_305_mask talsrcimg_g11 none talsrcimg_to_711-2C_as_mni_average_305_t4 4355
---------------------------------------------------------------------

freesurfer imgreg_4dfp.c
/opt/freesurfer/average/711-2C_as_mni_average_305.4dfp.img
       256       256       256         1
  1.000000  1.000000  1.000000
orientation T byte_order littleendian
Reading image: /opt/freesurfer/average/711-2C_as_mni_average_305.4dfp.img
dimensions:      256       256       256
mmppix:       1.0000   -1.0000   -1.0000
center:     128.0000 -129.0000 -129.0000
/opt/freesurfer/average/711-2B_as_mni_average_305_mask.4dfp.img
       256       256       256         1
  1.000000  1.000000  1.000000
orientation T byte_order littleendian
Reading mask: /opt/freesurfer/average/711-2B_as_mni_average_305_mask.4dfp.img (2306576 pixels)
talsrcimg_g11.4dfp.img
       256       256       256         1
  1.000000  1.000000  1.000000
orientation T byte_order littleendian
Reading image: talsrcimg_g11.4dfp.img
dimensions:      256       256       256
mmppix:       1.0000   -1.0000   -1.0000
center:     128.0000 -129.0000 -129.0000
rotation matrix determinant  1.000000
image alignment mode   4355 decimal     1103 hex
   -7.5000  -37.5000  -45.0000 2228.9724   21.1294
    0.0000  -37.5000  -45.0000 2247.0168   21.1889
    7.5000  -37.5000  -45.0000 2229.9617   21.1461
   -7.5000  -30.0000  -45.0000 2331.8374   19.3166
    0.0000  -30.0000  -45.0000 2349.4692   19.3074
    7.5000  -30.0000  -45.0000 2331.0723   19.3078
   -7.5000  -22.5000  -45.0000 2418.4106   17.9311
    0.0000  -22.5000  -45.0000 2434.8782   17.8611
    7.5000  -22.5000  -45.0000 2413.6641   17.9112
   -7.5000  -15.0000  -45.0000 2468.5430   16.9124
    0.0000  -15.0000  -45.0000 2487.2979   16.7866
    7.5000  -15.0000  -45.0000 2461.5747   16.8547
   -7.5000   -7.5000  -45.0000 2501.9302   16.2207
    0.0000   -7.5000  -45.0000 2519.0667   16.0452
    7.5000   -7.5000  -45.0000 2492.2119   16.1965
   -7.5000    0.0000  -45.0000 2510.8086   15.8403
    0.0000    0.0000  -45.0000 2527.4556   15.6618
    7.5000    0.0000  -45.0000 2498.5046   15.8236
   -7.5000    7.5000  -45.0000 2515.7935   15.6582
    0.0000    7.5000  -45.0000 2528.9604   15.4878
    7.5000    7.5000  -45.0000 2504.6804   15.6554
   -7.5000   15.0000  -45.0000 2518.9895   15.7223
    0.0000   15.0000  -45.0000 2528.8396   15.5090
    7.5000   15.0000  -45.0000 2509.4270   15.6960
   -7.5000   22.5000  -45.0000 2501.0288   15.9985
    0.0000   22.5000  -45.0000 2519.9343   15.8520
    7.5000   22.5000  -45.0000 2494.4619   15.9975
   -7.5000   30.0000  -45.0000 2473.4287   16.5107
    0.0000   30.0000  -45.0000 2491.4224   16.3761
    7.5000   30.0000  -45.0000 2464.9407   16.5408
   -7.5000   37.5000  -45.0000 2426.5608   17.2841
    0.0000   37.5000  -45.0000 2445.5696   17.1468
    7.5000   37.5000  -45.0000 2415.0752   17.3145
   -7.5000   45.0000  -45.0000 2352.6511   18.3077
    0.0000   45.0000  -45.0000 2376.1960   18.2081
    7.5000   45.0000  -45.0000 2345.6294   18.3550
   -7.5000   52.5000  -45.0000 2243.1658   19.6079
    0.0000   52.5000  -45.0000 2263.6719   19.5375
    7.5000   52.5000  -45.0000 2235.6274   19.6432
   -7.5000  -37.5000  -37.5000 2290.1536   20.1206
    0.0000  -37.5000  -37.5000 2310.3423   20.1327
    7.5000  -37.5000  -37.5000 2289.2458   20.1552
   -7.5000  -30.0000  -37.5000 2403.3582   18.3686
    0.0000  -30.0000  -37.5000 2423.4060   18.2786
    7.5000  -30.0000  -37.5000 2398.7104   18.3536
   -7.5000  -22.5000  -37.5000 2491.7661   16.9525
    0.0000  -22.5000  -37.5000 2511.1748   16.8214
    7.5000  -22.5000  -37.5000 2485.8767   16.9305
   -7.5000  -15.0000  -37.5000 2551.4890   15.9272
    0.0000  -15.0000  -37.5000 2567.2527   15.7867
    7.5000  -15.0000  -37.5000 2543.2756   15.8732
   -7.5000   -7.5000  -37.5000 2580.6304   15.2301
    0.0000   -7.5000  -37.5000 2594.7170   15.0611
    7.5000   -7.5000  -37.5000 2571.1416   15.1795
   -7.5000    0.0000  -37.5000 2597.7981   14.8233
    0.0000    0.0000  -37.5000 2614.3442   14.6256
    7.5000    0.0000  -37.5000 2589.6069   14.8119
   -7.5000    7.5000  -37.5000 2604.7593   14.6527
    0.0000    7.5000  -37.5000 2614.7280   14.4722
    7.5000    7.5000  -37.5000 2595.5032   14.6749
   -7.5000   15.0000  -37.5000 2605.5110   14.6562
    0.0000   15.0000  -37.5000 2612.8076   14.4783
    7.5000   15.0000  -37.5000 2594.0447   14.6740
   -7.5000   22.5000  -37.5000 2592.0867   14.8722
    0.0000   22.5000  -37.5000 2607.7622   14.7183
    7.5000   22.5000  -37.5000 2583.5183   14.9030
   -7.5000   30.0000  -37.5000 2566.4202   15.3256
    0.0000   30.0000  -37.5000 2579.2759   15.1639
    7.5000   30.0000  -37.5000 2557.9148   15.3519
   -7.5000   37.5000  -37.5000 2517.0640   16.0383
    0.0000   37.5000  -37.5000 2532.6794   15.8826
    7.5000   37.5000  -37.5000 2507.8889   16.0994
   -7.5000   45.0000  -37.5000 2440.7102   17.0132
    0.0000   45.0000  -37.5000 2461.6389   16.8796
    7.5000   45.0000  -37.5000 2433.8936   17.0573
   -7.5000   52.5000  -37.5000 2325.4756   18.2097
    0.0000   52.5000  -37.5000 2345.5417   18.0874
    7.5000   52.5000  -37.5000 2320.4802   18.2459
   -7.5000  -37.5000  -30.0000 2380.2993   19.9617
    0.0000  -37.5000  -30.0000 2393.9558   19.9586
    7.5000  -37.5000  -30.0000 2379.1897   20.0266
   -7.5000  -30.0000  -30.0000 2500.9563   18.1486
    0.0000  -30.0000  -30.0000 2518.4409   18.0632
    7.5000  -30.0000  -30.0000 2499.2490   18.1764
   -7.5000  -22.5000  -30.0000 2591.4998   16.6763
    0.0000  -22.5000  -30.0000 2608.2234   16.4952
    7.5000  -22.5000  -30.0000 2587.6746   16.6595
   -7.5000  -15.0000  -30.0000 2659.6790   15.5769
    0.0000  -15.0000  -30.0000 2669.5967   15.3730
    7.5000  -15.0000  -30.0000 2656.0376   15.5387
   -7.5000   -7.5000  -30.0000 2696.0339   14.8202
    0.0000   -7.5000  -30.0000 2708.9270   14.6585
    7.5000   -7.5000  -30.0000 2693.5652   14.7895
   -7.5000    0.0000  -30.0000 2722.0386   14.3762
    0.0000    0.0000  -30.0000 2736.0564   14.1839
    7.5000    0.0000  -30.0000 2719.8037   14.3797
   -7.5000    7.5000  -30.0000 2733.4929   14.2112
    0.0000    7.5000  -30.0000 2743.0906   14.0131
    7.5000    7.5000  -30.0000 2728.0583   14.2330
   -7.5000   15.0000  -30.0000 2732.5320   14.2142
    0.0000   15.0000  -30.0000 2743.8423   14.0270
    7.5000   15.0000  -30.0000 2727.2070   14.2239
   -7.5000   22.5000  -30.0000 2727.4150   14.4046
    0.0000   22.5000  -30.0000 2739.6938   14.2435
    7.5000   22.5000  -30.0000 2723.4824   14.4305
   -7.5000   30.0000  -30.0000 2701.7620   14.8130
    0.0000   30.0000  -30.0000 2713.4341   14.6440
    7.5000   30.0000  -30.0000 2695.5681   14.8565
   -7.5000   37.5000  -30.0000 2650.6125   15.4825
    0.0000   37.5000  -30.0000 2663.4092   15.3181
    7.5000   37.5000  -30.0000 2641.9854   15.5173
   -7.5000   45.0000  -30.0000 2567.8516   16.4418
    0.0000   45.0000  -30.0000 2583.0391   16.2762
    7.5000   45.0000  -30.0000 2564.9399   16.4619
   -7.5000   52.5000  -30.0000 2443.7976   17.6114
    0.0000   52.5000  -30.0000 2457.4556   17.4570
    7.5000   52.5000  -30.0000 2443.0608   17.6258
   -7.5000  -37.5000  -22.5000 2430.5886   19.6943
    0.0000  -37.5000  -22.5000 2445.7500   19.6847
    7.5000  -37.5000  -22.5000 2434.3157   19.7601
   -7.5000  -30.0000  -22.5000 2551.0845   17.8298
    0.0000  -30.0000  -22.5000 2573.2039   17.7842
    7.5000  -30.0000  -22.5000 2555.9832   17.8647
   -7.5000  -22.5000  -22.5000 2648.1829   16.3093
    0.0000  -22.5000  -22.5000 2666.6851   16.1792
    7.5000  -22.5000  -22.5000 2649.2078   16.3253
   -7.5000  -15.0000  -22.5000 2720.3357   15.1507
    0.0000  -15.0000  -22.5000 2737.9541   14.9991
    7.5000  -15.0000  -22.5000 2721.4756   15.1547
   -7.5000   -7.5000  -22.5000 2777.4727   14.3651
    0.0000   -7.5000  -22.5000 2793.6260   14.2114
    7.5000   -7.5000  -22.5000 2778.0500   14.3551
   -7.5000    0.0000  -22.5000 2810.8093   13.9251
    0.0000    0.0000  -22.5000 2827.4817   13.7567
    7.5000    0.0000  -22.5000 2811.8142   13.9035
   -7.5000    7.5000  -22.5000 2833.9543   13.7338
    0.0000    7.5000  -22.5000 2843.0154   13.5341
    7.5000    7.5000  -22.5000 2829.0977   13.6986
   -7.5000   15.0000  -22.5000 2835.8552   13.6972
    0.0000   15.0000  -22.5000 2848.0010   13.5166
    7.5000   15.0000  -22.5000 2830.1860   13.7030
   -7.5000   22.5000  -22.5000 2834.5945   13.9237
    0.0000   22.5000  -22.5000 2848.0452   13.7385
    7.5000   22.5000  -22.5000 2830.6025   13.9229
   -7.5000   30.0000  -22.5000 2801.9531   14.3343
    0.0000   30.0000  -22.5000 2819.1682   14.1515
    7.5000   30.0000  -22.5000 2804.6650   14.3415
   -7.5000   37.5000  -22.5000 2750.3157   14.9516
    0.0000   37.5000  -22.5000 2766.4385   14.8074
    7.5000   37.5000  -22.5000 2748.7983   14.9810
   -7.5000   45.0000  -22.5000 2668.6807   15.8619
    0.0000   45.0000  -22.5000 2683.2341   15.7169
    7.5000   45.0000  -22.5000 2668.4280   15.8993
   -7.5000   52.5000  -22.5000 2541.2339   17.0256
    0.0000   52.5000  -22.5000 2555.6321   16.8582
    7.5000   52.5000  -22.5000 2543.7498   17.0372
   -7.5000  -37.5000  -15.0000 2437.0806   19.4564
    0.0000  -37.5000  -15.0000 2463.6267   19.3922
    7.5000  -37.5000  -15.0000 2445.0320   19.4850
   -7.5000  -30.0000  -15.0000 2558.6707   17.5919
    0.0000  -30.0000  -15.0000 2585.7068   17.4739
    7.5000  -30.0000  -15.0000 2563.9114   17.5532
   -7.5000  -22.5000  -15.0000 2660.5837   16.0472
    0.0000  -22.5000  -15.0000 2679.4497   15.8667
    7.5000  -22.5000  -15.0000 2660.3298   16.0054
   -7.5000  -15.0000  -15.0000 2746.2539   14.8460
    0.0000  -15.0000  -15.0000 2762.2234   14.6773
    7.5000  -15.0000  -15.0000 2742.4136   14.8072
   -7.5000   -7.5000  -15.0000 2815.1340   14.0378
    0.0000   -7.5000  -15.0000 2828.4836   13.8809
    7.5000   -7.5000  -15.0000 2814.2810   14.0215
   -7.5000    0.0000  -15.0000 2865.0405   13.6143
    0.0000    0.0000  -15.0000 2875.7490   13.4414
    7.5000    0.0000  -15.0000 2860.3330   13.5689
   -7.5000    7.5000  -15.0000 2892.7925   13.3782
    0.0000    7.5000  -15.0000 2905.3896   13.1835
    7.5000    7.5000  -15.0000 2886.1594   13.3470
   -7.5000   15.0000  -15.0000 2897.2693   13.2928
    0.0000   15.0000  -15.0000 2915.0647   13.0782
    7.5000   15.0000  -15.0000 2888.8218   13.3006
   -7.5000   22.5000  -15.0000 2898.5020   13.5209
    0.0000   22.5000  -15.0000 2913.2798   13.3169
    7.5000   22.5000  -15.0000 2894.6389   13.5231
   -7.5000   30.0000  -15.0000 2867.1414   13.9209
    0.0000   30.0000  -15.0000 2887.6851   13.7420
    7.5000   30.0000  -15.0000 2869.3184   13.9368
   -7.5000   37.5000  -15.0000 2812.2803   14.5097
    0.0000   37.5000  -15.0000 2833.3696   14.3469
    7.5000   37.5000  -15.0000 2815.1304   14.5566
   -7.5000   45.0000  -15.0000 2730.3274   15.4015
    0.0000   45.0000  -15.0000 2747.8970   15.2287
    7.5000   45.0000  -15.0000 2731.1316   15.4512
   -7.5000   52.5000  -15.0000 2604.0400   16.5547
    0.0000   52.5000  -15.0000 2621.1489   16.3591
    7.5000   52.5000  -15.0000 2599.6692   16.5648
   -7.5000  -37.5000   -7.5000 2423.4241   19.3039
    0.0000  -37.5000   -7.5000 2445.4485   19.1822
    7.5000  -37.5000   -7.5000 2430.7708   19.2862
   -7.5000  -30.0000   -7.5000 2539.0144   17.3704
    0.0000  -30.0000   -7.5000 2560.5557   17.2604
    7.5000  -30.0000   -7.5000 2543.4941   17.3336
   -7.5000  -22.5000   -7.5000 2644.3340   15.8524
    0.0000  -22.5000   -7.5000 2661.0369   15.6902
    7.5000  -22.5000   -7.5000 2645.1313   15.7734
   -7.5000  -15.0000   -7.5000 2742.4033   14.6658
    0.0000  -15.0000   -7.5000 2757.3843   14.5283
    7.5000  -15.0000   -7.5000 2740.0728   14.6311
   -7.5000   -7.5000   -7.5000 2828.2593   13.8908
    0.0000   -7.5000   -7.5000 2841.1072   13.7654
    7.5000   -7.5000   -7.5000 2826.9087   13.8666
   -7.5000    0.0000   -7.5000 2893.5334   13.4717
    0.0000    0.0000   -7.5000 2904.7039   13.3587
    7.5000    0.0000   -7.5000 2890.1348   13.4217
   -7.5000    7.5000   -7.5000 2937.5652   13.2693
    0.0000    7.5000   -7.5000 2958.2468   13.1738
    7.5000    7.5000   -7.5000 2928.0518   13.2002
   -7.5000   15.0000   -7.5000 2946.5229   13.0764
    0.0000   15.0000   -7.5000 2969.1157   12.9368
    7.5000   15.0000   -7.5000 2931.9426   13.0719
   -7.5000   22.5000   -7.5000 2937.2461   13.1761
    0.0000   22.5000   -7.5000 2963.6218   13.0611
    7.5000   22.5000   -7.5000 2921.3267   13.2002
   -7.5000   30.0000   -7.5000 2899.5120   13.5119
    0.0000   30.0000   -7.5000 2929.9285   13.4276
    7.5000   30.0000   -7.5000 2894.4016   13.5384
   -7.5000   37.5000   -7.5000 2849.9702   14.0908
    0.0000   37.5000   -7.5000 2880.1541   13.9985
    7.5000   37.5000   -7.5000 2849.9214   14.1133
   -7.5000   45.0000   -7.5000 2763.5396   15.0084
    0.0000   45.0000   -7.5000 2790.2029   14.9147
    7.5000   45.0000   -7.5000 2763.6921   15.0216
   -7.5000   52.5000   -7.5000 2639.3770   16.1628
    0.0000   52.5000   -7.5000 2656.3999   16.0496
    7.5000   52.5000   -7.5000 2631.6104   16.1643
   -7.5000  -37.5000    0.0000 2396.1982   19.5561
    0.0000  -37.5000    0.0000 2407.6621   19.3717
    7.5000  -37.5000    0.0000 2402.5740   19.5622
   -7.5000  -30.0000    0.0000 2507.3479   17.5678
    0.0000  -30.0000    0.0000 2516.7966   17.3767
    7.5000  -30.0000    0.0000 2514.6270   17.5923
   -7.5000  -22.5000    0.0000 2618.8994   15.9919
    0.0000  -22.5000    0.0000 2628.2524   15.8148
    7.5000  -22.5000    0.0000 2627.4807   16.0171
   -7.5000  -15.0000    0.0000 2721.7188   14.8016
    0.0000  -15.0000    0.0000 2731.0801   14.6708
    7.5000  -15.0000    0.0000 2724.8916   14.8195
   -7.5000   -7.5000    0.0000 2818.1577   13.9852
    0.0000   -7.5000    0.0000 2842.2031   13.9484
    7.5000   -7.5000    0.0000 2825.5811   13.9919
   -7.5000    0.0000    0.0000 2902.3384   13.5498
    0.0000    0.0000    0.0000 2931.9531   13.6110
    7.5000    0.0000    0.0000 2905.1406   13.5165
   -7.5000    7.5000    0.0000 2967.7603   13.3585
    0.0000    7.5000    0.0000 3017.9409   13.5472
    7.5000    7.5000    0.0000 2961.3530   13.2910
   -7.5000   15.0000    0.0000 2975.0784   13.1490
    0.0000   15.0000    0.0000 3035.0574   13.3222
    7.5000   15.0000    0.0000 2961.1147   13.0771
   -7.5000   22.5000    0.0000 2953.6216   13.0336
    0.0000   22.5000    0.0000 2992.6528   13.0533
    7.5000   22.5000    0.0000 2936.2178   13.0279
   -7.5000   30.0000    0.0000 2918.9353   13.2558
    0.0000   30.0000    0.0000 2945.0535   13.1990
    7.5000   30.0000    0.0000 2905.1226   13.2943
   -7.5000   37.5000    0.0000 2866.4526   13.8729
    0.0000   37.5000    0.0000 2889.0947   13.7670
    7.5000   37.5000    0.0000 2863.6851   13.8812
   -7.5000   45.0000    0.0000 2778.4526   14.8340
    0.0000   45.0000    0.0000 2800.1575   14.7221
    7.5000   45.0000    0.0000 2774.7859   14.8402
   -7.5000   52.5000    0.0000 2653.6895   16.0032
    0.0000   52.5000    0.0000 2669.2722   15.8734
    7.5000   52.5000    0.0000 2648.1113   15.9940
   -7.5000  -37.5000    7.5000 2357.6365   20.1177
    0.0000  -37.5000    7.5000 2379.3792   20.0628
    7.5000  -37.5000    7.5000 2372.4744   20.1920
   -7.5000  -30.0000    7.5000 2466.4038   18.0342
    0.0000  -30.0000    7.5000 2490.1401   17.9990
    7.5000  -30.0000    7.5000 2480.8809   18.1729
   -7.5000  -22.5000    7.5000 2584.0376   16.4073
    0.0000  -22.5000    7.5000 2609.9741   16.4180
    7.5000  -22.5000    7.5000 2595.2195   16.5600
   -7.5000  -15.0000    7.5000 2694.7883   15.1598
    0.0000  -15.0000    7.5000 2721.1243   15.2375
    7.5000  -15.0000    7.5000 2697.7615   15.2791
   -7.5000   -7.5000    7.5000 2805.0256   14.2705
    0.0000   -7.5000    7.5000 2838.4006   14.4038
    7.5000   -7.5000    7.5000 2803.6099   14.3768
   -7.5000    0.0000    7.5000 2899.8132   13.7658
    0.0000    0.0000    7.5000 2938.4797   13.9435
    7.5000    0.0000    7.5000 2894.0042   13.7967
   -7.5000    7.5000    7.5000 2973.1501   13.4819
    0.0000    7.5000    7.5000 3031.8879   13.7410
    7.5000    7.5000    7.5000 2969.5283   13.4652
   -7.5000   15.0000    7.5000 2981.3291   13.1930
    0.0000   15.0000    7.5000 3041.2625   13.3750
    7.5000   15.0000    7.5000 2970.7412   13.1863
   -7.5000   22.5000    7.5000 2960.5920   13.1248
    0.0000   22.5000    7.5000 2994.7744   13.1057
    7.5000   22.5000    7.5000 2942.8972   13.1531
   -7.5000   30.0000    7.5000 2913.8894   13.3796
    0.0000   30.0000    7.5000 2944.1887   13.3289
    7.5000   30.0000    7.5000 2902.3154   13.4261
   -7.5000   37.5000    7.5000 2859.7686   13.9582
    0.0000   37.5000    7.5000 2876.0532   13.8751
    7.5000   37.5000    7.5000 2853.0903   13.9955
   -7.5000   45.0000    7.5000 2777.8904   14.8777
    0.0000   45.0000    7.5000 2791.1506   14.7465
    7.5000   45.0000    7.5000 2769.9915   14.8565
   -7.5000   52.5000    7.5000 2654.8403   16.0082
    0.0000   52.5000    7.5000 2664.2520   15.8533
    7.5000   52.5000    7.5000 2650.3093   15.9551
   -7.5000  -37.5000   15.0000 2322.8413   20.9639
    0.0000  -37.5000   15.0000 2353.3865   21.0651
    7.5000  -37.5000   15.0000 2337.7222   21.2027
   -7.5000  -30.0000   15.0000 2432.3860   18.7455
    0.0000  -30.0000   15.0000 2458.1565   18.7756
    7.5000  -30.0000   15.0000 2442.3340   18.9743
   -7.5000  -22.5000   15.0000 2551.6990   17.0028
    0.0000  -22.5000   15.0000 2576.1667   17.0533
    7.5000  -22.5000   15.0000 2558.1765   17.2118
   -7.5000  -15.0000   15.0000 2657.5984   15.6313
    0.0000  -15.0000   15.0000 2685.5764   15.7302
    7.5000  -15.0000   15.0000 2665.3015   15.8218
   -7.5000   -7.5000   15.0000 2768.3728   14.6375
    0.0000   -7.5000   15.0000 2797.7039   14.7373
    7.5000   -7.5000   15.0000 2770.0173   14.7813
   -7.5000    0.0000   15.0000 2861.9561   14.0262
    0.0000    0.0000   15.0000 2898.8064   14.1379
    7.5000    0.0000   15.0000 2863.0303   14.0911
   -7.5000    7.5000   15.0000 2936.4114   13.5966
    0.0000    7.5000   15.0000 2991.6086   13.7247
    7.5000    7.5000   15.0000 2939.4170   13.6510
   -7.5000   15.0000   15.0000 2953.5601   13.2500
    0.0000   15.0000   15.0000 2998.2668   13.2108
    7.5000   15.0000   15.0000 2952.8672   13.3529
   -7.5000   22.5000   15.0000 2941.1567   13.2952
    0.0000   22.5000   15.0000 2973.7776   13.1533
    7.5000   22.5000   15.0000 2932.8853   13.3839
   -7.5000   30.0000   15.0000 2902.4287   13.7156
    0.0000   30.0000   15.0000 2931.2319   13.6112
    7.5000   30.0000   15.0000 2895.0808   13.7753
   -7.5000   37.5000   15.0000 2832.2058   14.3979
    0.0000   37.5000   15.0000 2848.2935   14.2815
    7.5000   37.5000   15.0000 2831.6697   14.4162
   -7.5000   45.0000   15.0000 2753.7954   15.2929
    0.0000   45.0000   15.0000 2763.4070   15.1577
    7.5000   45.0000   15.0000 2746.8926   15.2851
   -7.5000   52.5000   15.0000 2631.6604   16.3475
    0.0000   52.5000   15.0000 2642.8523   16.1828
    7.5000   52.5000   15.0000 2627.4175   16.3071
   -7.5000  -37.5000   22.5000 2288.5737   21.9416
    0.0000  -37.5000   22.5000 2314.3975   21.9461
    7.5000  -37.5000   22.5000 2299.8547   22.2033
   -7.5000  -30.0000   22.5000 2398.4194   19.5365
    0.0000  -30.0000   22.5000 2421.0032   19.4991
    7.5000  -30.0000   22.5000 2407.4177   19.8185
   -7.5000  -22.5000   22.5000 2514.0518   17.6892
    0.0000  -22.5000   22.5000 2537.7959   17.6410
    7.5000  -22.5000   22.5000 2519.4631   17.9158
   -7.5000  -15.0000   22.5000 2619.5249   16.2020
    0.0000  -15.0000   22.5000 2641.9070   16.1705
    7.5000  -15.0000   22.5000 2628.4802   16.4260
   -7.5000   -7.5000   22.5000 2729.6406   15.1659
    0.0000   -7.5000   22.5000 2748.3071   15.1617
    7.5000   -7.5000   22.5000 2732.5051   15.3356
   -7.5000    0.0000   22.5000 2821.7522   14.4734
    0.0000    0.0000   22.5000 2850.2329   14.5579
    7.5000    0.0000   22.5000 2828.1094   14.6330
   -7.5000    7.5000   22.5000 2890.9807   13.9671
    0.0000    7.5000   22.5000 2930.5076   13.9847
    7.5000    7.5000   22.5000 2898.9116   14.1196
   -7.5000   15.0000   22.5000 2908.0933   13.6468
    0.0000   15.0000   22.5000 2936.2910   13.5370
    7.5000   15.0000   22.5000 2908.9392   13.8016
   -7.5000   22.5000   22.5000 2903.9434   13.7397
    0.0000   22.5000   22.5000 2929.8877   13.6506
    7.5000   22.5000   22.5000 2898.3916   13.8474
   -7.5000   30.0000   22.5000 2865.5620   14.1774
    0.0000   30.0000   22.5000 2891.8633   14.0598
    7.5000   30.0000   22.5000 2863.3408   14.2356
   -7.5000   37.5000   22.5000 2794.4639   14.9135
    0.0000   37.5000   22.5000 2808.0603   14.7476
    7.5000   37.5000   22.5000 2795.2410   14.9222
   -7.5000   45.0000   22.5000 2712.1975   15.8360
    0.0000   45.0000   22.5000 2725.1489   15.6807
    7.5000   45.0000   22.5000 2708.6614   15.8377
   -7.5000   52.5000   22.5000 2592.1230   16.9249
    0.0000   52.5000   22.5000 2606.8740   16.7907
    7.5000   52.5000   22.5000 2586.3223   16.8892
   -7.5000  -37.5000   30.0000 2244.1543   23.0126
    0.0000  -37.5000   30.0000 2257.1819   22.8268
    7.5000  -37.5000   30.0000 2248.3848   23.2887
   -7.5000  -30.0000   30.0000 2353.0588   20.4857
    0.0000  -30.0000   30.0000 2369.4575   20.2511
    7.5000  -30.0000   30.0000 2356.3418   20.7444
   -7.5000  -22.5000   30.0000 2470.7063   18.5079
    0.0000  -22.5000   30.0000 2485.0437   18.3220
    7.5000  -22.5000   30.0000 2473.8447   18.7806
   -7.5000  -15.0000   30.0000 2577.8379   16.9739
    0.0000  -15.0000   30.0000 2592.3611   16.8165
    7.5000  -15.0000   30.0000 2583.7954   17.2303
   -7.5000   -7.5000   30.0000 2685.1006   15.9066
    0.0000   -7.5000   30.0000 2699.3936   15.8128
    7.5000   -7.5000   30.0000 2688.8564   16.0939
   -7.5000    0.0000   30.0000 2764.2043   15.1455
    0.0000    0.0000   30.0000 2788.1902   15.0986
    7.5000    0.0000   30.0000 2772.5168   15.3229
   -7.5000    7.5000   30.0000 2818.4819   14.5590
    0.0000    7.5000   30.0000 2848.7515   14.4487
    7.5000    7.5000   30.0000 2825.8618   14.7617
   -7.5000   15.0000   30.0000 2843.0688   14.2637
    0.0000   15.0000   30.0000 2861.8420   14.1715
    7.5000   15.0000   30.0000 2839.1582   14.4533
   -7.5000   22.5000   30.0000 2839.0630   14.4081
    0.0000   22.5000   30.0000 2858.7727   14.3494
    7.5000   22.5000   30.0000 2831.8247   14.5233
   -7.5000   30.0000   30.0000 2809.2544   14.8469
    0.0000   30.0000   30.0000 2829.8550   14.7466
    7.5000   30.0000   30.0000 2801.0271   14.9380
   -7.5000   37.5000   30.0000 2741.8735   15.5759
    0.0000   37.5000   30.0000 2757.0244   15.4197
    7.5000   37.5000   30.0000 2740.5798   15.6242
   -7.5000   45.0000   30.0000 2663.4465   16.5434
    0.0000   45.0000   30.0000 2675.0498   16.3801
    7.5000   45.0000   30.0000 2659.1226   16.5425
   -7.5000   52.5000   30.0000 2540.2324   17.6483
    0.0000   52.5000   30.0000 2555.9050   17.5054
    7.5000   52.5000   30.0000 2538.3132   17.6058
   -7.5000  -37.5000   37.5000 2185.1453   24.2718
    0.0000  -37.5000   37.5000 2192.6497   23.8759
    7.5000  -37.5000   37.5000 2191.8418   24.5103
   -7.5000  -30.0000   37.5000 2300.6699   21.6496
    0.0000  -30.0000   37.5000 2309.6318   21.1926
    7.5000  -30.0000   37.5000 2302.4043   21.8069
   -7.5000  -22.5000   37.5000 2420.6431   19.5573
    0.0000  -22.5000   37.5000 2426.9998   19.1761
    7.5000  -22.5000   37.5000 2420.5974   19.7773
   -7.5000  -15.0000   37.5000 2530.1145   17.9589
    0.0000  -15.0000   37.5000 2537.1118   17.7059
    7.5000  -15.0000   37.5000 2529.1687   18.1634
   -7.5000   -7.5000   37.5000 2627.0610   16.8003
    0.0000   -7.5000   37.5000 2638.0056   16.6173
    7.5000   -7.5000   37.5000 2629.9609   17.0131
   -7.5000    0.0000   37.5000 2697.3359   15.9639
    0.0000    0.0000   37.5000 2717.8486   15.8178
    7.5000    0.0000   37.5000 2708.7358   16.1573
   -7.5000    7.5000   37.5000 2741.4763   15.3475
    0.0000    7.5000   37.5000 2764.3489   15.2011
    7.5000    7.5000   37.5000 2752.2441   15.5695
   -7.5000   15.0000   37.5000 2761.4607   15.0843
    0.0000   15.0000   37.5000 2776.9688   14.9941
    7.5000   15.0000   37.5000 2762.4458   15.2788
   -7.5000   22.5000   37.5000 2757.8789   15.2684
    0.0000   22.5000   37.5000 2774.0117   15.1709
    7.5000   22.5000   37.5000 2751.5850   15.3693
   -7.5000   30.0000   37.5000 2729.3279   15.7052
    0.0000   30.0000   37.5000 2747.0940   15.5793
    7.5000   30.0000   37.5000 2724.1360   15.7826
   -7.5000   37.5000   37.5000 2673.0032   16.3905
    0.0000   37.5000   37.5000 2687.8064   16.2362
    7.5000   37.5000   37.5000 2671.1946   16.4521
   -7.5000   45.0000   37.5000 2600.9363   17.3464
    0.0000   45.0000   37.5000 2608.9800   17.1736
    7.5000   45.0000   37.5000 2594.7947   17.3676
   -7.5000   52.5000   37.5000 2477.6387   18.4027
    0.0000   52.5000   37.5000 2490.2014   18.2635
    7.5000   52.5000   37.5000 2476.1746   18.4202
   -7.5000  -37.5000   45.0000 2118.6729   25.7384
    0.0000  -37.5000   45.0000 2126.9094   25.2222
    7.5000  -37.5000   45.0000 2126.3152   25.9560
   -7.5000  -30.0000   45.0000 2241.0220   22.9452
    0.0000  -30.0000   45.0000 2247.5198   22.4373
    7.5000  -30.0000   45.0000 2241.8289   23.1524
   -7.5000  -22.5000   45.0000 2358.8967   20.7737
    0.0000  -22.5000   45.0000 2363.7856   20.3549
    7.5000  -22.5000   45.0000 2358.1855   21.0026
   -7.5000  -15.0000   45.0000 2465.2422   19.1143
    0.0000  -15.0000   45.0000 2467.8496   18.8118
    7.5000  -15.0000   45.0000 2462.0083   19.3622
   -7.5000   -7.5000   45.0000 2552.4556   17.8925
    0.0000   -7.5000   45.0000 2562.3540   17.6780
    7.5000   -7.5000   45.0000 2555.1562   18.1069
   -7.5000    0.0000   45.0000 2617.8999   16.9837
    0.0000    0.0000   45.0000 2633.4539   16.7743
    7.5000    0.0000   45.0000 2625.9939   17.2087
   -7.5000    7.5000   45.0000 2658.0752   16.3746
    0.0000    7.5000   45.0000 2675.1990   16.2397
    7.5000    7.5000   45.0000 2665.5410   16.6006
   -7.5000   15.0000   45.0000 2673.8845   16.1183
    0.0000   15.0000   45.0000 2688.0835   16.0350
    7.5000   15.0000   45.0000 2676.1670   16.3085
   -7.5000   22.5000   45.0000 2668.7285   16.3295
    0.0000   22.5000   45.0000 2683.8701   16.2307
    7.5000   22.5000   45.0000 2667.6108   16.4325
   -7.5000   30.0000   45.0000 2641.8340   16.7462
    0.0000   30.0000   45.0000 2658.2007   16.5959
    7.5000   30.0000   45.0000 2637.8281   16.8220
   -7.5000   37.5000   45.0000 2596.0200   17.3763
    0.0000   37.5000   45.0000 2614.8870   17.2047
    7.5000   37.5000   45.0000 2595.2134   17.4055
   -7.5000   45.0000   45.0000 2520.9487   18.3017
    0.0000   45.0000   45.0000 2534.7471   18.1145
    7.5000   45.0000   45.0000 2514.8491   18.3091
   -7.5000   52.5000   45.0000 2402.2944   19.3731
    0.0000   52.5000   45.0000 2413.7297   19.2472
    7.5000   52.5000   45.0000 2401.0029   19.3999

---------------------------------------------------------------------
imgreg_4dfp /opt/freesurfer/average/711-2C_as_mni_average_305 /opt/freesurfer/average/711-2B_as_mni_average_305_mask talsrcimg_g11 none talsrcimg_to_711-2C_as_mni_average_305_t4 1283
---------------------------------------------------------------------

freesurfer imgreg_4dfp.c
/opt/freesurfer/average/711-2C_as_mni_average_305.4dfp.img
       256       256       256         1
  1.000000  1.000000  1.000000
orientation T byte_order littleendian
Reading image: /opt/freesurfer/average/711-2C_as_mni_average_305.4dfp.img
dimensions:      256       256       256
mmppix:       1.0000   -1.0000   -1.0000
center:     128.0000 -129.0000 -129.0000
/opt/freesurfer/average/711-2B_as_mni_average_305_mask.4dfp.img
       256       256       256         1
  1.000000  1.000000  1.000000
orientation T byte_order littleendian
Reading mask: /opt/freesurfer/average/711-2B_as_mni_average_305_mask.4dfp.img (2306576 pixels)
talsrcimg_g11.4dfp.img
       256       256       256         1
  1.000000  1.000000  1.000000
orientation T byte_order littleendian
Reading image: talsrcimg_g11.4dfp.img
dimensions:      256       256       256
mmppix:       1.0000   -1.0000   -1.0000
center:     128.0000 -129.0000 -129.0000
rotation matrix determinant  1.000000
fimgreg.f
image alignment mode   1283 decimal      503 hex
parameters
    0.0000   15.0000    7.5000    0.0000    0.0000    0.0000
eta,q 0.95391 13.44620
niter,ni,del,rscale     5    3   12.0000    1.2000
parameter  4  1.775830 ->  0.500000 qaram    1.1500
parameters
   -0.8466   12.2731    4.7698   -3.4500    0.2125    0.7392
eta,q 0.96232 13.73305
  0.0565  0.0467  0.0439  0.0363  0.0462  0.0448
  0.0501  0.0439  0.0428  0.0374  0.0416  0.0412
  0.0460  0.0434  0.0420  0.0396  0.0386  0.0388
  0.0464  0.0456  0.0430  0.0423  0.0379  0.0378
  0.0502  0.0489  0.0465  0.0450  0.0379  0.0379
  0.0564  0.0540  0.0515  0.0487  0.0407  0.0396
  0.0620  0.0592  0.0572  0.0527  0.0452  0.0419
niter,ni,del,rscale     5    3   12.0000    1.2000
parameter  4  1.582488 ->  0.500000 qaram    1.3225
parameters
   -0.7981   13.6949    4.2046   -7.4175   -0.0704    0.7149
eta,q 0.96739 13.73227
  0.0563  0.0534  0.0428  0.0317  0.0423  0.0388
  0.0468  0.0471  0.0393  0.0322  0.0363  0.0356
  0.0398  0.0413  0.0378  0.0346  0.0330  0.0335
  0.0377  0.0377  0.0369  0.0371  0.0327  0.0326
  0.0410  0.0372  0.0377  0.0409  0.0351  0.0334
  0.0474  0.0399  0.0411  0.0449  0.0386  0.0356
  0.0546  0.0438  0.0460  0.0485  0.0429  0.0391
niter,ni,del,rscale     5    3   12.0000    1.2000
parameters
   -0.6321   14.8382    3.5243  -10.8114   -0.3686    0.8128
eta,q 0.97045 13.73478
  0.0555  0.0500  0.0384  0.0337  0.0393  0.0367
  0.0453  0.0423  0.0337  0.0302  0.0345  0.0328
  0.0364  0.0364  0.0317  0.0295  0.0308  0.0302
  0.0326  0.0327  0.0320  0.0317  0.0295  0.0295
  0.0365  0.0324  0.0336  0.0359  0.0316  0.0309
  0.0443  0.0358  0.0363  0.0401  0.0361  0.0330
  0.0526  0.0408  0.0419  0.0450  0.0411  0.0357
niter,ni,del,rscale     4    3   12.0000    1.2000
parameters
   -0.6738   15.6242    3.0090  -10.9369   -0.3952    0.9495
eta,q 0.97146 13.70466
  0.0525  0.0494  0.0372  0.0403  0.0393  0.0363
  0.0414  0.0399  0.0317  0.0335  0.0341  0.0321
  0.0325  0.0335  0.0288  0.0295  0.0301  0.0293
  0.0295  0.0295  0.0287  0.0285  0.0285  0.0285
  0.0349  0.0291  0.0305  0.0307  0.0299  0.0300
  0.0433  0.0342  0.0342  0.0350  0.0342  0.0322
  0.0514  0.0417  0.0404  0.0400  0.0396  0.0350
niter,ni,del,rscale     3    3   12.0000    1.2000
parameters
   -0.6834   15.7234    3.0111  -11.0204   -0.3883    0.9662
eta,q 0.97152 13.70126
  0.0525  0.0452  0.0390  0.0404  0.0393  0.0359
  0.0413  0.0372  0.0327  0.0335  0.0341  0.0318
  0.0319  0.0316  0.0292  0.0296  0.0302  0.0291
  0.0285  0.0285  0.0285  0.0285  0.0285  0.0285
  0.0338  0.0303  0.0299  0.0307  0.0298  0.0301
  0.0426  0.0366  0.0330  0.0349  0.0340  0.0323
  0.0512  0.0444  0.0386  0.0399  0.0394  0.0352
niter,ni,del,rscale     2    3   12.0000    1.2000
parameters
   -0.6885   15.7464    2.9943  -11.0525   -0.3841    0.9704
eta,q 0.97154 13.70007
  0.0525  0.0449  0.0389  0.0405  0.0393  0.0359
  0.0413  0.0369  0.0326  0.0337  0.0341  0.0318
  0.0319  0.0315  0.0292  0.0296  0.0301  0.0290
  0.0285  0.0285  0.0285  0.0285  0.0285  0.0285
  0.0337  0.0305  0.0299  0.0306  0.0298  0.0300
  0.0425  0.0369  0.0330  0.0348  0.0340  0.0323
  0.0512  0.0448  0.0386  0.0398  0.0394  0.0352
registration optimization eta report
parameter search radius
    6.0000    6.0000    6.0000    7.9350    6.0000    6.0000
100000*second partial in parameter space
       62.       44.       29.       18.       30.       19.
  0.0525  0.0449  0.0389  0.0405  0.0393  0.0359
  0.0413  0.0369  0.0326  0.0337  0.0341  0.0318
  0.0319  0.0315  0.0292  0.0296  0.0301  0.0290
  0.0285  0.0285  0.0285  0.0285  0.0285  0.0285
  0.0337  0.0305  0.0299  0.0306  0.0298  0.0300
  0.0425  0.0369  0.0330  0.0348  0.0340  0.0323
  0.0512  0.0448  0.0386  0.0398  0.0394  0.0352
   -0.6885   15.7464    2.9943  -11.0525   -0.3841    0.9704
eta,q 0.97154 13.70007

---------------------------------------------------------------------
imgreg_4dfp /opt/freesurfer/average/711-2C_as_mni_average_305 /opt/freesurfer/average/711-2B_as_mni_average_305_mask talsrcimg_g11 none talsrcimg_to_711-2C_as_mni_average_305_t4 3335
---------------------------------------------------------------------

freesurfer imgreg_4dfp.c
/opt/freesurfer/average/711-2C_as_mni_average_305.4dfp.img
       256       256       256         1
  1.000000  1.000000  1.000000
orientation T byte_order littleendian
Reading image: /opt/freesurfer/average/711-2C_as_mni_average_305.4dfp.img
dimensions:      256       256       256
mmppix:       1.0000   -1.0000   -1.0000
center:     128.0000 -129.0000 -129.0000
/opt/freesurfer/average/711-2B_as_mni_average_305_mask.4dfp.img
       256       256       256         1
  1.000000  1.000000  1.000000
orientation T byte_order littleendian
Reading mask: /opt/freesurfer/average/711-2B_as_mni_average_305_mask.4dfp.img (2306576 pixels)
talsrcimg_g11.4dfp.img
       256       256       256         1
  1.000000  1.000000  1.000000
orientation T byte_order littleendian
Reading image: talsrcimg_g11.4dfp.img
dimensions:      256       256       256
mmppix:       1.0000   -1.0000   -1.0000
center:     128.0000 -129.0000 -129.0000
fimgreg.f
image alignment mode   3335 decimal      D07 hex
parameters
   -0.6885   15.7464    2.9943   -0.0166   -1.8710   -1.8570
   -1.7907    0.3332    1.6936   19.1791   -0.6704  -19.1703
eta,q 0.97183 13.74049
niter,ni,del,rscale     5    3    5.0000    1.2000
parameter  4  0.668376 ->  0.500000 qaram    1.1500
parameter  5  0.765493 ->  0.500000 qaram    1.1500
parameter 12  0.712814 ->  0.500000 qaram    1.1500
parameters
   -0.5516   16.0717    2.9129   -4.1566   -6.0110   -2.4150
   -1.6942    0.1676    2.6778   16.5433    0.4169  -23.3103
eta,q 0.97743 13.52114
  0.0332  0.0324  0.0297  0.0259  0.0238  0.0265  0.0266  0.0285  0.0262  0.0246  0.0239  0.0227
  0.0305  0.0303  0.0287  0.0258  0.0234  0.0252  0.0250  0.0256  0.0250  0.0235  0.0235  0.0226
  0.0288  0.0289  0.0282  0.0263  0.0240  0.0241  0.0239  0.0241  0.0241  0.0230  0.0232  0.0227
  0.0282  0.0282  0.0281  0.0281  0.0258  0.0235  0.0236  0.0236  0.0236  0.0235  0.0231  0.0230
  0.0285  0.0282  0.0283  0.0314  0.0290  0.0234  0.0239  0.0241  0.0236  0.0250  0.0231  0.0236
  0.0299  0.0291  0.0289  0.0365  0.0331  0.0251  0.0248  0.0259  0.0241  0.0271  0.0232  0.0244
  0.0321  0.0306  0.0299  0.0428  0.0371  0.0288  0.0265  0.0290  0.0252  0.0300  0.0235  0.0254
niter,ni,del,rscale     7    3    5.0000    1.2000
parameters
   -0.4122   16.6597    2.9117   -5.9500   -7.9100   -1.5497
   -2.0540   -0.1657    2.8857   17.4170   -0.1051  -25.9522
eta,q 0.97794 13.42319
  0.0267  0.0273  0.0236  0.0246  0.0253  0.0255  0.0249  0.0264  0.0246  0.0259  0.0226  0.0226
  0.0246  0.0251  0.0229  0.0235  0.0236  0.0242  0.0234  0.0240  0.0234  0.0242  0.0223  0.0221
  0.0232  0.0235  0.0225  0.0227  0.0226  0.0232  0.0225  0.0227  0.0226  0.0229  0.0222  0.0221
  0.0226  0.0225  0.0223  0.0223  0.0225  0.0225  0.0223  0.0223  0.0223  0.0223  0.0222  0.0222
  0.0228  0.0224  0.0225  0.0230  0.0238  0.0220  0.0227  0.0228  0.0225  0.0223  0.0222  0.0226
  0.0239  0.0229  0.0229  0.0253  0.0266  0.0223  0.0238  0.0245  0.0232  0.0230  0.0224  0.0232
  0.0259  0.0242  0.0236  0.0299  0.0306  0.0250  0.0254  0.0274  0.0244  0.0246  0.0229  0.0242
niter,ni,del,rscale     6    3    5.0000    1.2000
parameters
   -0.3306   16.9906    2.7904   -5.8616   -8.6821   -1.7950
   -2.0444   -0.1206    2.9814   18.0814   -0.5499  -26.5176
eta,q 0.97793 13.40107
  0.0258  0.0259  0.0231  0.0254  0.0258  0.0247  0.0250  0.0267  0.0243  0.0254  0.0225  0.0233
  0.0238  0.0240  0.0223  0.0239  0.0239  0.0236  0.0235  0.0241  0.0232  0.0237  0.0222  0.0224
  0.0226  0.0227  0.0220  0.0228  0.0226  0.0227  0.0225  0.0226  0.0224  0.0226  0.0221  0.0221
  0.0221  0.0220  0.0220  0.0220  0.0220  0.0221  0.0221  0.0221  0.0221  0.0221  0.0221  0.0221
  0.0224  0.0221  0.0222  0.0218  0.0225  0.0215  0.0225  0.0226  0.0224  0.0222  0.0221  0.0223
  0.0234  0.0229  0.0226  0.0230  0.0247  0.0228  0.0234  0.0240  0.0231  0.0230  0.0223  0.0228
  0.0254  0.0242  0.0232  0.0261  0.0284  0.0264  0.0250  0.0266  0.0242  0.0244  0.0227  0.0235
niter,ni,del,rscale     5    3    5.0000    1.2000
parameters
   -0.3431   17.1464    2.6940   -5.7129   -8.8643   -1.8681
   -2.0146   -0.0909    3.0437   18.3296   -0.5606  -26.7557
eta,q 0.97794 13.40401
  0.0255  0.0253  0.0231  0.0255  0.0263  0.0248  0.0250  0.0268  0.0242  0.0250  0.0226  0.0235
  0.0236  0.0236  0.0224  0.0240  0.0243  0.0237  0.0234  0.0240  0.0231  0.0233  0.0222  0.0224
  0.0225  0.0225  0.0221  0.0229  0.0228  0.0228  0.0224  0.0225  0.0223  0.0224  0.0221  0.0220
  0.0221  0.0221  0.0221  0.0221  0.0220  0.0221  0.0221  0.0221  0.0221  0.0221  0.0221  0.0221
  0.0224  0.0223  0.0222  0.0218  0.0222  0.0215  0.0224  0.0225  0.0223  0.0223  0.0221  0.0223
  0.0236  0.0231  0.0226  0.0230  0.0240  0.0226  0.0234  0.0240  0.0230  0.0231  0.0222  0.0228
  0.0256  0.0245  0.0232  0.0261  0.0274  0.0262  0.0250  0.0266  0.0242  0.0246  0.0226  0.0234
niter,ni,del,rscale     4    3    5.0000    1.2000
parameters
   -0.3551   17.1899    2.6395   -5.6843   -8.9201   -1.9057
   -1.9988   -0.1026    3.0733   18.4336   -0.5714  -26.8457
eta,q 0.97794 13.40428
  0.0255  0.0249  0.0232  0.0254  0.0264  0.0249  0.0250  0.0267  0.0242  0.0249  0.0227  0.0236
  0.0236  0.0233  0.0224  0.0240  0.0244  0.0237  0.0234  0.0239  0.0230  0.0232  0.0222  0.0225
  0.0225  0.0224  0.0221  0.0229  0.0229  0.0228  0.0224  0.0225  0.0223  0.0224  0.0221  0.0220
  0.0221  0.0221  0.0221  0.0221  0.0220  0.0221  0.0221  0.0221  0.0221  0.0221  0.0221  0.0221
  0.0224  0.0224  0.0222  0.0218  0.0222  0.0215  0.0224  0.0225  0.0223  0.0223  0.0221  0.0223
  0.0236  0.0233  0.0226  0.0231  0.0239  0.0226  0.0234  0.0240  0.0230  0.0231  0.0222  0.0227
  0.0256  0.0247  0.0232  0.0263  0.0272  0.0262  0.0250  0.0267  0.0242  0.0247  0.0227  0.0234
niter,ni,del,rscale     3    3    5.0000    1.2000
parameters
   -0.3601   17.2055    2.6170   -5.6767   -8.9377   -1.9222
   -2.0024   -0.1093    3.0857   18.4723   -0.5826  -26.8684
eta,q 0.97793 13.40429
  0.0255  0.0249  0.0232  0.0254  0.0265  0.0249  0.0250  0.0267  0.0242  0.0248  0.0227  0.0236
  0.0237  0.0233  0.0225  0.0240  0.0245  0.0237  0.0234  0.0239  0.0230  0.0232  0.0222  0.0225
  0.0225  0.0223  0.0221  0.0229  0.0229  0.0228  0.0224  0.0225  0.0223  0.0223  0.0221  0.0220
  0.0221  0.0221  0.0221  0.0221  0.0221  0.0221  0.0221  0.0221  0.0221  0.0221  0.0221  0.0221
  0.0224  0.0224  0.0222  0.0218  0.0222  0.0215  0.0224  0.0225  0.0223  0.0223  0.0221  0.0223
  0.0236  0.0233  0.0226  0.0231  0.0238  0.0226  0.0234  0.0240  0.0230  0.0232  0.0222  0.0227
  0.0256  0.0247  0.0232  0.0264  0.0272  0.0261  0.0250  0.0267  0.0242  0.0247  0.0227  0.0234
registration optimization eta report
parameter search radius
    2.4000    2.4000    2.4000    8.2800    8.2800    7.2000
    7.2000    7.2000    7.2000    7.2000    7.2000    8.2800
100000*second partial in parameter space
       61.       48.       20.        6.        7.        7.
        6.        9.        4.        5.        1.        2.
  0.0255  0.0249  0.0232  0.0254  0.0265  0.0249  0.0250  0.0267  0.0242  0.0248  0.0227  0.0236
  0.0237  0.0233  0.0225  0.0240  0.0245  0.0237  0.0234  0.0239  0.0230  0.0232  0.0222  0.0225
  0.0225  0.0223  0.0221  0.0229  0.0229  0.0228  0.0224  0.0225  0.0223  0.0223  0.0221  0.0220
  0.0221  0.0221  0.0221  0.0221  0.0221  0.0221  0.0221  0.0221  0.0221  0.0221  0.0221  0.0221
  0.0224  0.0224  0.0222  0.0218  0.0222  0.0215  0.0224  0.0225  0.0223  0.0223  0.0221  0.0223
  0.0236  0.0233  0.0226  0.0231  0.0238  0.0226  0.0234  0.0240  0.0230  0.0232  0.0222  0.0227
  0.0256  0.0247  0.0232  0.0264  0.0272  0.0261  0.0250  0.0267  0.0242  0.0247  0.0227  0.0234
   -0.3601   17.2055    2.6170   -5.6767   -8.9377   -1.9222
   -2.0024   -0.1093    3.0857   18.4723   -0.5826  -26.8684
eta,q 0.97793 13.40429

---------------------------------------------------------------------
imgreg_4dfp /opt/freesurfer/average/711-2C_as_mni_average_305 /opt/freesurfer/average/711-2B_as_mni_average_305_mask talsrcimg_g11 none talsrcimg_to_711-2C_as_mni_average_305_t4 2311
---------------------------------------------------------------------

freesurfer imgreg_4dfp.c
/opt/freesurfer/average/711-2C_as_mni_average_305.4dfp.img
       256       256       256         1
  1.000000  1.000000  1.000000
orientation T byte_order littleendian
Reading image: /opt/freesurfer/average/711-2C_as_mni_average_305.4dfp.img
dimensions:      256       256       256
mmppix:       1.0000   -1.0000   -1.0000
center:     128.0000 -129.0000 -129.0000
/opt/freesurfer/average/711-2B_as_mni_average_305_mask.4dfp.img
       256       256       256         1
  1.000000  1.000000  1.000000
orientation T byte_order littleendian
Reading mask: /opt/freesurfer/average/711-2B_as_mni_average_305_mask.4dfp.img (2306576 pixels)
talsrcimg_g11.4dfp.img
       256       256       256         1
  1.000000  1.000000  1.000000
orientation T byte_order littleendian
Reading image: talsrcimg_g11.4dfp.img
dimensions:      256       256       256
mmppix:       1.0000   -1.0000   -1.0000
center:     128.0000 -129.0000 -129.0000
fimgreg.f
image alignment mode   2311 decimal      907 hex
parameters
   -0.3601   17.2055    2.6170   -5.6767   -8.9377   -1.9222
   -2.0024   -0.1093    3.0857   18.4723   -0.5826  -26.8684
eta,q 0.97793 13.40429
niter,ni,del,rscale     5    3    5.0000    0.8000
parameters
   -0.3407   17.1886    2.5057   -4.2281   -8.4429   -0.8112
   -2.0050    0.0062    2.9799   18.8750   -0.5252  -27.2405
eta,q 0.97861 13.54274
  0.0237  0.0233  0.0225  0.0237  0.0237  0.0236  0.0230  0.0243  0.0225  0.0231  0.0219  0.0220
  0.0228  0.0226  0.0222  0.0231  0.0228  0.0229  0.0221  0.0227  0.0219  0.0222  0.0216  0.0216
  0.0223  0.0222  0.0221  0.0225  0.0222  0.0223  0.0216  0.0217  0.0215  0.0217  0.0215  0.0214
  0.0221  0.0221  0.0221  0.0221  0.0218  0.0217  0.0214  0.0214  0.0214  0.0214  0.0214  0.0214
  0.0222  0.0222  0.0222  0.0218  0.0218  0.0213  0.0216  0.0217  0.0216  0.0215  0.0214  0.0215
  0.0227  0.0226  0.0223  0.0219  0.0222  0.0214  0.0221  0.0226  0.0220  0.0219  0.0216  0.0218
  0.0236  0.0233  0.0226  0.0226  0.0232  0.0228  0.0230  0.0240  0.0226  0.0226  0.0219  0.0221
niter,ni,del,rscale     4    3    5.0000    0.7000
parameters
   -0.3644   17.0396    2.4635   -4.4790   -8.3044   -0.7987
   -1.8899   -0.0888    2.9691   18.8837   -0.3577  -27.3170
eta,q 0.97863 13.54053
  0.0227  0.0222  0.0219  0.0225  0.0229  0.0229  0.0226  0.0234  0.0222  0.0225  0.0218  0.0219
  0.0220  0.0217  0.0216  0.0220  0.0222  0.0223  0.0220  0.0222  0.0217  0.0219  0.0216  0.0215
  0.0215  0.0214  0.0214  0.0216  0.0217  0.0218  0.0215  0.0215  0.0215  0.0215  0.0214  0.0214
  0.0214  0.0214  0.0214  0.0214  0.0214  0.0214  0.0214  0.0214  0.0214  0.0214  0.0214  0.0214
  0.0215  0.0216  0.0215  0.0215  0.0214  0.0212  0.0215  0.0217  0.0215  0.0215  0.0214  0.0215
  0.0220  0.0220  0.0217  0.0220  0.0219  0.0218  0.0219  0.0224  0.0218  0.0219  0.0215  0.0216
  0.0229  0.0226  0.0219  0.0231  0.0228  0.0234  0.0225  0.0235  0.0222  0.0226  0.0217  0.0219
niter,ni,del,rscale     3    3    5.0000    0.6000
parameters
   -0.3535   17.0288    2.4282   -4.3696   -8.2409   -0.5806
   -1.8951   -0.1306    2.9210   18.9679   -0.2740  -27.3553
eta,q 0.97871 13.55433
  0.0224  0.0221  0.0218  0.0224  0.0224  0.0226  0.0222  0.0229  0.0219  0.0222  0.0216  0.0217
  0.0218  0.0217  0.0215  0.0220  0.0219  0.0222  0.0217  0.0220  0.0216  0.0217  0.0214  0.0214
  0.0215  0.0214  0.0214  0.0216  0.0215  0.0217  0.0214  0.0214  0.0214  0.0214  0.0213  0.0213
  0.0214  0.0214  0.0214  0.0214  0.0214  0.0214  0.0213  0.0213  0.0213  0.0213  0.0213  0.0213
  0.0215  0.0215  0.0214  0.0214  0.0214  0.0212  0.0214  0.0215  0.0214  0.0214  0.0213  0.0214
  0.0218  0.0217  0.0216  0.0217  0.0218  0.0216  0.0217  0.0220  0.0216  0.0216  0.0214  0.0215
  0.0224  0.0222  0.0218  0.0224  0.0225  0.0227  0.0222  0.0229  0.0220  0.0222  0.0216  0.0217
niter,ni,del,rscale     2    3    5.0000    0.5000
parameters
   -0.3517   17.0093    2.4507   -4.2879   -8.1884   -0.3548
   -1.8796   -0.1730    2.8668   19.0184   -0.1878  -27.3811
eta,q 0.97877 13.56555
  0.0220  0.0218  0.0216  0.0220  0.0221  0.0223  0.0219  0.0224  0.0217  0.0219  0.0215  0.0215
  0.0216  0.0215  0.0214  0.0217  0.0217  0.0219  0.0215  0.0217  0.0214  0.0216  0.0214  0.0213
  0.0214  0.0213  0.0213  0.0214  0.0214  0.0216  0.0213  0.0213  0.0213  0.0213  0.0213  0.0212
  0.0213  0.0213  0.0213  0.0213  0.0213  0.0213  0.0212  0.0212  0.0212  0.0212  0.0212  0.0212
  0.0214  0.0214  0.0213  0.0213  0.0213  0.0212  0.0213  0.0214  0.0213  0.0213  0.0212  0.0213
  0.0216  0.0216  0.0214  0.0216  0.0216  0.0215  0.0215  0.0218  0.0215  0.0215  0.0213  0.0214
  0.0220  0.0219  0.0216  0.0221  0.0221  0.0223  0.0219  0.0224  0.0217  0.0219  0.0215  0.0215
niter,ni,del,rscale     1    3    5.0000    0.4000
parameters
   -0.3497   16.9950    2.4966   -4.2187   -8.1508   -0.1317
   -1.8595   -0.2203    2.8112   19.0380   -0.1168  -27.3393
eta,q 0.97881 13.57445
  0.0217  0.0216  0.0215  0.0217  0.0217  0.0220  0.0216  0.0220  0.0215  0.0216  0.0214  0.0214
  0.0214  0.0214  0.0213  0.0215  0.0215  0.0217  0.0214  0.0215  0.0213  0.0214  0.0213  0.0213
  0.0213  0.0213  0.0213  0.0213  0.0213  0.0214  0.0212  0.0213  0.0212  0.0213  0.0212  0.0212
  0.0212  0.0212  0.0212  0.0212  0.0212  0.0212  0.0212  0.0212  0.0212  0.0212  0.0212  0.0212
  0.0213  0.0213  0.0213  0.0212  0.0213  0.0212  0.0212  0.0213  0.0212  0.0212  0.0212  0.0212
  0.0214  0.0214  0.0213  0.0214  0.0214  0.0214  0.0214  0.0216  0.0213  0.0214  0.0212  0.0213
  0.0217  0.0216  0.0214  0.0217  0.0217  0.0219  0.0216  0.0220  0.0215  0.0216  0.0214  0.0214
registration optimization eta report
parameter search radius
    0.8000    0.8000    0.8000    2.4000    2.4000    2.4000
    2.4000    2.4000    2.4000    2.4000    2.4000    2.4000
100000*second partial in parameter space
       75.       57.       33.        9.        9.       12.
        7.       14.        5.        8.        3.        3.
  0.0217  0.0216  0.0215  0.0217  0.0217  0.0220  0.0216  0.0220  0.0215  0.0216  0.0214  0.0214
  0.0214  0.0214  0.0213  0.0215  0.0215  0.0217  0.0214  0.0215  0.0213  0.0214  0.0213  0.0213
  0.0213  0.0213  0.0213  0.0213  0.0213  0.0214  0.0212  0.0213  0.0212  0.0213  0.0212  0.0212
  0.0212  0.0212  0.0212  0.0212  0.0212  0.0212  0.0212  0.0212  0.0212  0.0212  0.0212  0.0212
  0.0213  0.0213  0.0213  0.0212  0.0213  0.0212  0.0212  0.0213  0.0212  0.0212  0.0212  0.0212
  0.0214  0.0214  0.0213  0.0214  0.0214  0.0214  0.0214  0.0216  0.0213  0.0214  0.0212  0.0213
  0.0217  0.0216  0.0214  0.0217  0.0217  0.0219  0.0216  0.0220  0.0215  0.0216  0.0214  0.0214
   -0.3497   16.9950    2.4966   -4.2187   -8.1508   -0.1317
   -1.8595   -0.2203    2.8112   19.0380   -0.1168  -27.3393
eta,q 0.97881 13.57445

---------------------------------------------------------------------
imgreg_4dfp /opt/freesurfer/average/711-2C_as_mni_average_305 /opt/freesurfer/average/711-2B_as_mni_average_305_mask talsrcimg_g11 none talsrcimg_to_711-2C_as_mni_average_305_t4 2311
---------------------------------------------------------------------

freesurfer imgreg_4dfp.c
/opt/freesurfer/average/711-2C_as_mni_average_305.4dfp.img
       256       256       256         1
  1.000000  1.000000  1.000000
orientation T byte_order littleendian
Reading image: /opt/freesurfer/average/711-2C_as_mni_average_305.4dfp.img
dimensions:      256       256       256
mmppix:       1.0000   -1.0000   -1.0000
center:     128.0000 -129.0000 -129.0000
/opt/freesurfer/average/711-2B_as_mni_average_305_mask.4dfp.img
       256       256       256         1
  1.000000  1.000000  1.000000
orientation T byte_order littleendian
Reading mask: /opt/freesurfer/average/711-2B_as_mni_average_305_mask.4dfp.img (2306576 pixels)
talsrcimg_g11.4dfp.img
       256       256       256         1
  1.000000  1.000000  1.000000
orientation T byte_order littleendian
Reading image: talsrcimg_g11.4dfp.img
dimensions:      256       256       256
mmppix:       1.0000   -1.0000   -1.0000
center:     128.0000 -129.0000 -129.0000
fimgreg.f
image alignment mode   2311 decimal      907 hex
parameters
   -0.3497   16.9950    2.4966   -4.2187   -8.1508   -0.1318
   -1.8595   -0.2203    2.8112   19.0380   -0.1168  -27.3393
eta,q 0.97881 13.57444
niter,ni,del,rscale     5    3    5.0000    0.8000
parameters
   -0.3750   16.9906    2.6223   -4.8251   -8.4165   -0.8081
   -1.8544   -0.1945    2.9794   18.7405   -0.3714  -27.1790
eta,q 0.97855 13.51894
  0.0231  0.0226  0.0223  0.0226  0.0229  0.0230  0.0229  0.0240  0.0226  0.0227  0.0218  0.0221
  0.0220  0.0218  0.0217  0.0219  0.0221  0.0223  0.0221  0.0225  0.0220  0.0220  0.0216  0.0217
  0.0214  0.0213  0.0213  0.0214  0.0215  0.0217  0.0216  0.0217  0.0216  0.0216  0.0215  0.0215
  0.0212  0.0212  0.0212  0.0212  0.0212  0.0213  0.0214  0.0214  0.0214  0.0214  0.0214  0.0214
  0.0214  0.0214  0.0213  0.0214  0.0214  0.0214  0.0216  0.0217  0.0215  0.0216  0.0215  0.0215
  0.0221  0.0219  0.0215  0.0223  0.0222  0.0228  0.0221  0.0225  0.0219  0.0222  0.0216  0.0217
  0.0232  0.0226  0.0220  0.0239  0.0236  0.0253  0.0229  0.0239  0.0224  0.0231  0.0219  0.0220
niter,ni,del,rscale     4    3    5.0000    0.7000
parameters
   -0.3514   17.0440    2.4560   -4.5273   -8.3224   -0.7775
   -1.9267   -0.1150    2.9730   18.8690   -0.3727  -27.3196
eta,q 0.97863 13.53785
  0.0228  0.0226  0.0218  0.0228  0.0228  0.0229  0.0225  0.0236  0.0222  0.0226  0.0217  0.0219
  0.0221  0.0220  0.0216  0.0222  0.0221  0.0223  0.0219  0.0223  0.0218  0.0220  0.0215  0.0215
  0.0216  0.0216  0.0214  0.0218  0.0217  0.0218  0.0215  0.0216  0.0215  0.0216  0.0214  0.0214
  0.0214  0.0214  0.0214  0.0214  0.0214  0.0214  0.0214  0.0214  0.0214  0.0214  0.0214  0.0214
  0.0216  0.0215  0.0216  0.0214  0.0214  0.0212  0.0215  0.0216  0.0215  0.0215  0.0214  0.0215
  0.0220  0.0219  0.0218  0.0218  0.0219  0.0218  0.0219  0.0223  0.0218  0.0218  0.0215  0.0216
  0.0228  0.0224  0.0220  0.0227  0.0228  0.0234  0.0226  0.0234  0.0222  0.0225  0.0218  0.0219
niter,ni,del,rscale     3    3    5.0000    0.6000
parameters
   -0.3516   17.0286    2.4358   -4.3745   -8.2419   -0.5791
   -1.9023   -0.1262    2.9206   18.9643   -0.2751  -27.3567
eta,q 0.97871 13.55413
  0.0224  0.0221  0.0218  0.0224  0.0224  0.0226  0.0222  0.0229  0.0219  0.0222  0.0216  0.0217
  0.0218  0.0217  0.0215  0.0220  0.0219  0.0221  0.0217  0.0220  0.0216  0.0217  0.0215  0.0214
  0.0215  0.0214  0.0214  0.0216  0.0215  0.0217  0.0214  0.0214  0.0214  0.0214  0.0213  0.0213
  0.0214  0.0214  0.0214  0.0214  0.0214  0.0213  0.0213  0.0213  0.0213  0.0213  0.0213  0.0213
  0.0215  0.0215  0.0214  0.0214  0.0214  0.0212  0.0214  0.0215  0.0214  0.0214  0.0213  0.0214
  0.0218  0.0217  0.0216  0.0217  0.0217  0.0216  0.0217  0.0220  0.0216  0.0216  0.0214  0.0215
  0.0224  0.0222  0.0218  0.0224  0.0224  0.0227  0.0222  0.0229  0.0219  0.0222  0.0216  0.0217
niter,ni,del,rscale     2    3    5.0000    0.5000
parameters
   -0.3513   17.0095    2.4526   -4.2838   -8.1869   -0.3560
   -1.8797   -0.1741    2.8673   19.0194   -0.1982  -27.3764
eta,q 0.97877 13.56577
  0.0220  0.0218  0.0216  0.0220  0.0221  0.0223  0.0219  0.0224  0.0217  0.0219  0.0215  0.0215
  0.0216  0.0215  0.0214  0.0217  0.0217  0.0219  0.0215  0.0217  0.0214  0.0216  0.0214  0.0213
  0.0214  0.0213  0.0213  0.0214  0.0214  0.0216  0.0213  0.0213  0.0213  0.0213  0.0213  0.0213
  0.0213  0.0213  0.0213  0.0213  0.0213  0.0213  0.0212  0.0212  0.0212  0.0212  0.0212  0.0212
  0.0214  0.0214  0.0213  0.0213  0.0213  0.0212  0.0213  0.0214  0.0213  0.0213  0.0212  0.0213
  0.0216  0.0216  0.0214  0.0215  0.0216  0.0215  0.0215  0.0218  0.0215  0.0215  0.0213  0.0214
  0.0220  0.0219  0.0216  0.0221  0.0221  0.0223  0.0219  0.0224  0.0217  0.0219  0.0215  0.0215
niter,ni,del,rscale     1    3    5.0000    0.4000
parameters
   -0.3520   16.9945    2.4936   -4.2213   -8.1486   -0.1321
   -1.8529   -0.2212    2.8170   19.0403   -0.0985  -27.3600
eta,q 0.97881 13.57440
  0.0217  0.0216  0.0215  0.0217  0.0217  0.0220  0.0216  0.0220  0.0215  0.0216  0.0214  0.0214
  0.0214  0.0214  0.0213  0.0215  0.0215  0.0217  0.0214  0.0215  0.0213  0.0214  0.0213  0.0213
  0.0213  0.0213  0.0213  0.0213  0.0213  0.0214  0.0212  0.0213  0.0212  0.0213  0.0212  0.0212
  0.0212  0.0212  0.0212  0.0212  0.0212  0.0212  0.0212  0.0212  0.0212  0.0212  0.0212  0.0212
  0.0213  0.0213  0.0213  0.0212  0.0213  0.0212  0.0212  0.0213  0.0212  0.0212  0.0212  0.0212
  0.0214  0.0214  0.0213  0.0214  0.0214  0.0214  0.0214  0.0216  0.0213  0.0214  0.0212  0.0213
  0.0217  0.0216  0.0214  0.0217  0.0217  0.0219  0.0216  0.0220  0.0215  0.0216  0.0214  0.0214
registration optimization eta report
parameter search radius
    0.8000    0.8000    0.8000    2.4000    2.4000    2.4000
    2.4000    2.4000    2.4000    2.4000    2.4000    2.4000
100000*second partial in parameter space
       76.       58.       34.        9.        9.       12.
        7.       14.        5.        8.        3.        3.
  0.0217  0.0216  0.0215  0.0217  0.0217  0.0220  0.0216  0.0220  0.0215  0.0216  0.0214  0.0214
  0.0214  0.0214  0.0213  0.0215  0.0215  0.0217  0.0214  0.0215  0.0213  0.0214  0.0213  0.0213
  0.0213  0.0213  0.0213  0.0213  0.0213  0.0214  0.0212  0.0213  0.0212  0.0213  0.0212  0.0212
  0.0212  0.0212  0.0212  0.0212  0.0212  0.0212  0.0212  0.0212  0.0212  0.0212  0.0212  0.0212
  0.0213  0.0213  0.0213  0.0212  0.0213  0.0212  0.0212  0.0213  0.0212  0.0212  0.0212  0.0212
  0.0214  0.0214  0.0213  0.0214  0.0214  0.0214  0.0214  0.0216  0.0213  0.0214  0.0212  0.0213
  0.0217  0.0216  0.0214  0.0217  0.0217  0.0219  0.0216  0.0220  0.0215  0.0216  0.0214  0.0214
   -0.3520   16.9945    2.4936   -4.2213   -8.1486   -0.1321
   -1.8529   -0.2212    2.8170   19.0403   -0.0985  -27.3600
eta,q 0.97881 13.57440

---------------------------------------------------------------------
compute_vox2vox talsrcimg talsrcimg_to_711-2C_as_mni_average_305_t4 /opt/freesurfer/average/711-2C_as_mni_average_305
---------------------------------------------------------------------

freesurfer compute_vox2vox.c
Reading: talsrcimg.4dfp.ifh
Reading: talsrcimg_to_711-2C_as_mni_average_305_t4
Reading: /opt/freesurfer/average/711-2C_as_mni_average_305.4dfp.ifh
Writing: talsrcimg_to_711-2C_as_mni_average_305_t4_vox2vox.txt

start time Mon Mar 9 11:59:13 CET 2026
end		time Mon Mar 9 11:59:27 CET 2026

mpr2mni305 success

avi2talxfm orig_nu.mgz /opt/freesurfer/average/mni305.cor.mgz talsrcimg_to_711-2C_as_mni_average_305_t4_vox2vox.txt transforms/talairach.auto.xfm
avi2talxfm done
mv -f /out/sourcedata/freesurfer/sub-v1s22x0050439_ses-1/mri/talsrcimg_to_711-2C_as_mni_average_305_t4_vox2vox.txt /out/sourcedata/freesurfer/sub-v1s22x0050439_ses-1/mri/transforms/talsrcimg_to_711-2C_as_mni_average_305_t4_vox2vox.txt
lta_convert --src orig_nu.mgz --trg /opt/freesurfer/average/mni305.cor.mgz --inxfm transforms/talairach.auto.xfm --outlta transforms/talairach.auto.xfm.lta --subject fsaverage
7.3.2

--src: orig_nu.mgz src image (geometry).
--trg: /opt/freesurfer/average/mni305.cor.mgz trg image (geometry).
--inmni: transforms/talairach.auto.xfm input MNI/XFM transform.
--outlta: transforms/talairach.auto.xfm.lta output LTA.
--s: fsaverage subject name
 LTA read, type : 1
 1.04347  -0.00161   0.02057   3.69571;
-0.00732   0.94752   0.28209  -40.08691;
-0.03048  -0.19637   1.02961  -0.04211;
 0.00000   0.00000   0.00000   1.00000;
setting subject to fsaverage
Writing  LTA to file transforms/talairach.auto.xfm.lta...
lta_convert successful.
 
 
Started at Mon Mar 9 11:59:13 CET 2026
Ended   at Mon Mar  9 11:59:27 CET 2026
talairach_avi done
