status file for recon-all
Mon Mar  9 14:03:34 CET 2026
#@# Tessellate rh Mon Mar  9 14:03:34 CET 2026
#@# Smooth1 rh Mon Mar  9 14:03:37 CET 2026
#@# Inflation1 rh Mon Mar  9 14:03:39 CET 2026
#@# QSphere rh Mon Mar  9 14:03:53 CET 2026
#@# Fix Topology rh Mon Mar  9 14:05:39 CET 2026
#@# Smooth2 rh Mon Mar  9 14:12:43 CET 2026
#@# Inflation2 rh Mon Mar  9 14:12:46 CET 2026
#@# Curv .H and .K rh Mon Mar  9 14:13:00 CET 2026
#@# Sphere rh Mon Mar  9 14:13:40 CET 2026
#@# Surf Reg rh Mon Mar  9 14:22:08 CET 2026
#@# Jacobian white rh Mon Mar  9 14:26:32 CET 2026
#@# AvgCurv rh Mon Mar  9 14:26:33 CET 2026
#@# Cortical Parc rh Mon Mar  9 14:26:34 CET 2026
#@# white curv rh Mon Mar  9 14:33:04 CET 2026
#@# white area rh Mon Mar  9 14:33:06 CET 2026
#@# pial curv rh Mon Mar  9 14:33:06 CET 2026
#@# pial area rh Mon Mar  9 14:33:08 CET 2026
#@# thickness rh Mon Mar  9 14:33:09 CET 2026
#@# area and vertex vol rh Mon Mar  9 14:33:29 CET 2026
#@# Curvature Stats rh Mon Mar  9 14:33:30 CET 2026
#@# Cortical Parc 2 rh Mon Mar  9 14:33:32 CET 2026
#@# Cortical Parc 3 rh Mon Mar  9 14:33:42 CET 2026
#@# WM/GM Contrast rh Mon Mar  9 14:33:50 CET 2026
recon-all -s sub-v1s22x0050441_ses-1 finished without error at Mon Mar  9 14:33:55 CET 2026



#New# invocation of recon-all 



status file for recon-all
Mon Mar  9 14:41:48 CET 2026
#@# white curv rh Mon Mar  9 14:41:48 CET 2026
#@# white area rh Mon Mar  9 14:41:48 CET 2026
#@# pial curv rh Mon Mar  9 14:41:48 CET 2026
#@# pial area rh Mon Mar  9 14:41:48 CET 2026
#@# thickness rh Mon Mar  9 14:41:48 CET 2026
#@# area and vertex vol rh Mon Mar  9 14:41:48 CET 2026
#@# Parcellation Stats rh Mon Mar  9 14:41:48 CET 2026
#@# Parcellation Stats 2 rh Mon Mar  9 14:42:05 CET 2026
#@# Parcellation Stats 3 rh Mon Mar  9 14:42:14 CET 2026
#@# BA_exvivo Labels rh Mon Mar  9 14:42:22 CET 2026
recon-all -s sub-v1s22x0050441_ses-1 finished without error at Mon Mar  9 14:44:35 CET 2026
