status file for recon-all
Mon Mar  9 13:38:00 CET 2026
#@# Tessellate lh Mon Mar  9 13:38:00 CET 2026
#@# Smooth1 lh Mon Mar  9 13:38:03 CET 2026
#@# Inflation1 lh Mon Mar  9 13:38:05 CET 2026
#@# QSphere lh Mon Mar  9 13:38:19 CET 2026
#@# Fix Topology lh Mon Mar  9 13:39:55 CET 2026
#@# Smooth2 lh Mon Mar  9 13:44:48 CET 2026
#@# Inflation2 lh Mon Mar  9 13:44:50 CET 2026
#@# Curv .H and .K lh Mon Mar  9 13:45:08 CET 2026
#@# Sphere lh Mon Mar  9 13:45:47 CET 2026
#@# Surf Reg lh Mon Mar  9 13:50:13 CET 2026
#@# Jacobian white lh Mon Mar  9 13:56:15 CET 2026
#@# AvgCurv lh Mon Mar  9 13:56:15 CET 2026
#@# Cortical Parc lh Mon Mar  9 13:56:16 CET 2026
#@# white curv lh Mon Mar  9 14:02:39 CET 2026
#@# white area lh Mon Mar  9 14:02:40 CET 2026
#@# pial curv lh Mon Mar  9 14:02:41 CET 2026
#@# pial area lh Mon Mar  9 14:02:43 CET 2026
#@# thickness lh Mon Mar  9 14:02:43 CET 2026
#@# area and vertex vol lh Mon Mar  9 14:03:03 CET 2026
#@# Curvature Stats lh Mon Mar  9 14:03:05 CET 2026
#@# Cortical Parc 2 lh Mon Mar  9 14:03:07 CET 2026
#@# Cortical Parc 3 lh Mon Mar  9 14:03:19 CET 2026
#@# WM/GM Contrast lh Mon Mar  9 14:03:27 CET 2026
recon-all -s sub-v1s22x0050441_ses-1 finished without error at Mon Mar  9 14:03:31 CET 2026



#New# invocation of recon-all 



status file for recon-all
Mon Mar  9 14:39:00 CET 2026
#@# white curv lh Mon Mar  9 14:39:00 CET 2026
#@# white area lh Mon Mar  9 14:39:00 CET 2026
#@# pial curv lh Mon Mar  9 14:39:00 CET 2026
#@# pial area lh Mon Mar  9 14:39:00 CET 2026
#@# thickness lh Mon Mar  9 14:39:00 CET 2026
#@# area and vertex vol lh Mon Mar  9 14:39:00 CET 2026
#@# Parcellation Stats lh Mon Mar  9 14:39:00 CET 2026
#@# Parcellation Stats 2 lh Mon Mar  9 14:39:17 CET 2026
#@# Parcellation Stats 3 lh Mon Mar  9 14:39:25 CET 2026
#@# BA_exvivo Labels lh Mon Mar  9 14:39:34 CET 2026
recon-all -s sub-v1s22x0050441_ses-1 finished without error at Mon Mar  9 14:41:44 CET 2026
