0202cb79-a298-42ea-a31a-6bb998da05ec git@0cf3a9a26dcd:/data/repos/abide-fmriprep/v1s22.git timestamp=1773052603.535239698s
0424b1e3-4c4f-433f-bc6c-d87045a497fb oesteban@dna079:/tmp/59428022/oesteban/bootstrap-fmriprep/59428022_391/project/derivatives/v1s22 timestamp=1773054500.011914782s
0ac6b690-6d35-4a62-847c-55df37641552 oesteban@dna030:/tmp/59431395/oesteban/bootstrap-fmriprep/59431395_423/project/derivatives/v1s22 timestamp=1773062415.026973193s
0b182c11-959f-4171-9e89-1f83b02b3a20 oesteban@dna056:/tmp/59427787/oesteban/bootstrap-fmriprep/59427787_376/project/derivatives/v1s22 timestamp=1773052601.622241393s
10d0ccca-2b7b-44f2-9e9b-b5d8b0351298 oesteban@dna065:/tmp/59432920/oesteban/bootstrap-fmriprep/59432920_458/project/derivatives/v1s22 timestamp=1773068702.786060969s
123de3d4-d665-43ad-b7e9-7932fc81fe97 oesteban@dna009:/tmp/59432842/oesteban/bootstrap-fmriprep/59432842_446/project/derivatives/v1s22 timestamp=1773067771.135632443s
1b395983-a5a3-494b-9bde-e907a1e2e626 oesteban@dna050:/tmp/59427857/oesteban/bootstrap-fmriprep/59427857_379/project/derivatives/v1s22 timestamp=1773053092.039019415s
1c4b22fe-f2f3-422d-9c93-67d3f0cfb804 oesteban@dna078:/tmp/59427957/oesteban/bootstrap-fmriprep/59427957_384/project/derivatives/v1s22 timestamp=1773053552.271001666s
1c59a985-1b19-4d31-9f44-4c68e7c9db9d oesteban@dna006:/tmp/59428303/oesteban/bootstrap-fmriprep/59428303_409/project/derivatives/v1s22 timestamp=1773056822.195409197s
1e032a39-29ca-46b0-8e45-bcba960e89b1 oesteban@dna079:/tmp/59431148/oesteban/bootstrap-fmriprep/59431148_419/project/derivatives/v1s22 timestamp=1773061404.251600953s
201a625e-da51-4104-80f3-ad49ce308a24 oesteban@dna009:/tmp/59428386/oesteban/bootstrap-fmriprep/59428386_410/project/derivatives/v1s22 timestamp=1773057846.431975216s
2050b672-ebc9-4584-bff6-f36071a71820 oesteban@dna063:/tmp/59427908/oesteban/bootstrap-fmriprep/59427908_381/project/derivatives/v1s22 timestamp=1773053360.6046553s
22e068eb-b891-45c5-8700-40077c01a5ad oesteban@dna070:/tmp/59432667/oesteban/bootstrap-fmriprep/59432667_439/project/derivatives/v1s22 timestamp=1773067081.881391388s
23835145-a048-4cb6-afbe-c3f36a68612a oesteban@dna077:/tmp/59432548/oesteban/bootstrap-fmriprep/59432548_437/project/derivatives/v1s22 timestamp=1773066569.316891822s
357a1c60-ef5a-4554-99ef-45fcf2ca150f oesteban@dna066:/tmp/59432366/oesteban/bootstrap-fmriprep/59432366_429/project/derivatives/v1s22 timestamp=1773065670.276214685s
35baab46-a412-4e7f-8847-5d1ff5ad258f oesteban@dna078:/tmp/59431221/oesteban/bootstrap-fmriprep/59431221_420/project/derivatives/v1s22 timestamp=1773061533.879917357s
36fd33d4-c94f-4672-8455-69e733f5c212 oesteban@dna078:/tmp/59432838/oesteban/bootstrap-fmriprep/59432838_445/project/derivatives/v1s22 timestamp=1773067681.584885967s
37719e65-c8aa-4fb8-8054-98e80693e068 oesteban@dna010:/tmp/59429326/oesteban/bootstrap-fmriprep/59429326_412/project/derivatives/v1s22 timestamp=1773059372.807677691s
37746c11-9c2e-4076-a433-f10bb95b9799 oesteban@dna079:/tmp/59432859/oesteban/bootstrap-fmriprep/59432859_451/project/derivatives/v1s22 timestamp=1773068072.089214398s
3c2f36ab-35be-4103-abb4-ca81e296a1f1 oesteban@dna071:/tmp/59427894/oesteban/bootstrap-fmriprep/59427894_380/project/derivatives/v1s22 timestamp=1773053305.337446858s
3d309d48-4018-45a2-bd49-4005d8c08f78 oesteban@dna006:/tmp/59429342/oesteban/bootstrap-fmriprep/59429342_413/project/derivatives/v1s22 timestamp=1773059492.639030101s
4345e9fc-d3a6-4e5e-98b2-eb746eb459ae oesteban@dna077:/tmp/59430800/oesteban/bootstrap-fmriprep/59430800_414/project/derivatives/v1s22 timestamp=1773060172.77292049s
48633a8a-2c2d-423a-95d1-80843f5751a9 oesteban@dna075:/tmp/59431483/oesteban/bootstrap-fmriprep/59431483_424/project/derivatives/v1s22 timestamp=1773062825.600096705s
4875ff8e-ef4d-476e-81ba-500d2a67024f oesteban@dna063:/tmp/59431327/oesteban/bootstrap-fmriprep/59431327_422/project/derivatives/v1s22 timestamp=1773061886.145593661s
48bfaca3-3a1c-4903-9688-d140a85dc1c8 oesteban@dna076:/tmp/59427977/oesteban/bootstrap-fmriprep/59427977_385/project/derivatives/v1s22 timestamp=1773053880.21171558s
4ea943e6-3ab1-4a62-8e91-d9f5ad19f245 oesteban@dna065:/tmp/59428293/oesteban/bootstrap-fmriprep/59428293_408/project/derivatives/v1s22 timestamp=1773056589.963067271s
5451d066-d947-4fa0-b392-d0ef9aa817a3 oesteban@dna078:/tmp/59432699/oesteban/bootstrap-fmriprep/59432699_440/project/derivatives/v1s22 timestamp=1773067231.456075458s
57698987-d27b-43b2-9818-c48cc507c94e oesteban@dna007:/tmp/59431655/oesteban/bootstrap-fmriprep/59431655_427/project/derivatives/v1s22 timestamp=1773063567.531700651s
587238a6-c4c3-4146-985e-b06a7276ea1b oesteban@dna067:/tmp/59433042/oesteban/bootstrap-fmriprep/59433042_460/project/derivatives/v1s22 timestamp=1773069002.866218154s
59fcc8f3-e2dc-4a8f-a319-a5bcf9a4814f oesteban@dna010:/tmp/59428292/oesteban/bootstrap-fmriprep/59428292_407/project/derivatives/v1s22 timestamp=1773056575.849413146s
5a44005e-21e0-4788-86d9-dfe518022fdc oesteban@curnagl:/scratch/oesteban/abide_fmriprep/derivatives/v1s22 timestamp=1772982581.059809484s
638c6046-7bb4-4eb8-9205-6517ead4b55b oesteban@dna007:/tmp/59428036/oesteban/bootstrap-fmriprep/59428036_393/project/derivatives/v1s22 timestamp=1773054700.918851286s
70d923c8-8611-4561-9e55-fadf59ea5498 oesteban@dna018:/tmp/59432546/oesteban/bootstrap-fmriprep/59432546_436/project/derivatives/v1s22 timestamp=1773066540.53370698s
751e1d49-a7b0-4812-9514-bcc92c51dcd1 oesteban@dna056:/tmp/59428065/oesteban/bootstrap-fmriprep/59428065_395/project/derivatives/v1s22 timestamp=1773055092.056603065s
79ccc53a-20e1-4738-9706-5a99add16183 oesteban@dna050:/tmp/59431112/oesteban/bootstrap-fmriprep/59431112_418/project/derivatives/v1s22 timestamp=1773061037.028076794s
7d00387a-7f0c-4fbf-a053-f107fa08717c oesteban@dna074:/tmp/59428432/oesteban/bootstrap-fmriprep/59428432_411/project/derivatives/v1s22 timestamp=1773058871.812454176s
7e23456d-5aef-48db-b8b0-52b605d33821 oesteban@dna074:/tmp/59432505/oesteban/bootstrap-fmriprep/59432505_433/project/derivatives/v1s22 timestamp=1773066270.839862848s
7f6caf2d-d184-486c-ac8f-2ae6d131c444 oesteban@dna029:/tmp/59428286/oesteban/bootstrap-fmriprep/59428286_404/project/derivatives/v1s22 timestamp=1773056434.083432644s
82032c1e-c093-45ad-ae4a-62f4ad584b18 oesteban@dna075:/tmp/59428258/oesteban/bootstrap-fmriprep/59428258_399/project/derivatives/v1s22 timestamp=1773055821.41414855s
873538a6-ee4d-48b2-834e-8f8f8a86354d oesteban@dna078:/tmp/59427986/oesteban/bootstrap-fmriprep/59427986_386/project/derivatives/v1s22 timestamp=1773053921.726116663s
8d3d3bd5-9b9b-4c19-b489-702f2b50a446 oesteban@dna079:/tmp/59427916/oesteban/bootstrap-fmriprep/59427916_382/project/derivatives/v1s22 timestamp=1773053429.596686289s
8dd92889-efab-4082-b955-d8ba6592b329 oesteban@dna007:/tmp/59432705/oesteban/bootstrap-fmriprep/59432705_442/project/derivatives/v1s22 timestamp=1773067350.85073229s
8e2a4632-d3f5-411c-8229-919d6f2a15f1 oesteban@Mac:~/workspace/abide_preproc/derivatives/v1s22 timestamp=1772959745s
951c1fe2-6920-40bb-b69c-5b2c53019a79 oesteban@dna058:/tmp/59427791/oesteban/bootstrap-fmriprep/59427791_377/project/derivatives/v1s22 timestamp=1773052686.163489136s
99a2fb7b-54ee-4016-99ae-9911cb251645 oesteban@dna067:/tmp/59428274/oesteban/bootstrap-fmriprep/59428274_403/project/derivatives/v1s22 timestamp=1773056134.082266253s
9e4b5a7b-54cd-4f89-b955-6d051f098131 oesteban@dna070:/tmp/59431596/oesteban/bootstrap-fmriprep/59431596_426/project/derivatives/v1s22 timestamp=1773063269.518034304s
a939b6b3-d034-4c9c-abb1-b6d0f2007f1e oesteban@dna070:/tmp/59428003/oesteban/bootstrap-fmriprep/59428003_389/project/derivatives/v1s22 timestamp=1773054300.567615975s
ab17cd4c-8dd8-44c2-a97e-f37e64988304 oesteban@dna076:/tmp/59428259/oesteban/bootstrap-fmriprep/59428259_400/project/derivatives/v1s22 timestamp=1773055821.496597368s
acfc39c9-5aec-460e-9526-871d59311776 oesteban@dna076:/tmp/59432915/oesteban/bootstrap-fmriprep/59432915_455/project/derivatives/v1s22 timestamp=1773068552.722597356s
af26d168-4517-49ec-80ff-0b4eec904016 oesteban@dna060:/tmp/59430879/oesteban/bootstrap-fmriprep/59430879_415/project/derivatives/v1s22 timestamp=1773060377.687310028s
bdaabb92-fea9-45eb-9f18-89f502374a8c oesteban@dna008:/tmp/59431008/oesteban/bootstrap-fmriprep/59431008_416/project/derivatives/v1s22 timestamp=1773060738.659894269s
beb57835-c4e4-475d-b429-3baa149642e5 oesteban@dna060:/tmp/59428288/oesteban/bootstrap-fmriprep/59428288_405/project/derivatives/v1s22 timestamp=1773056534.249217474s
bf0d4e3a-fc6c-415f-bc78-9d2ecad054d4 oesteban@dna013:/tmp/59431108/oesteban/bootstrap-fmriprep/59431108_417/project/derivatives/v1s22 timestamp=1773061014.410203709s
c11e1db3-1f51-4392-a894-f6fd65e440ea oesteban@dna013:/tmp/59428067/oesteban/bootstrap-fmriprep/59428067_396/project/derivatives/v1s22 timestamp=1773055127.925342297s
c6ad915e-9852-42ee-a0af-2109b5747cbe oesteban@dna048:/tmp/59432474/oesteban/bootstrap-fmriprep/59432474_431/project/derivatives/v1s22 timestamp=1773066095.936725756s
c902a8e6-6738-4802-a3e8-0ebe1db6b0f8 oesteban@dna030:/tmp/59428267/oesteban/bootstrap-fmriprep/59428267_402/project/derivatives/v1s22 timestamp=1773055993.995769317s
cb0f543f-3093-4a31-84f0-4c614be404ef oesteban@dna061:/tmp/59428002/oesteban/bootstrap-fmriprep/59428002_388/project/derivatives/v1s22 timestamp=1773054286.984772091s
cb7b5c90-2cfd-49f3-8ff3-ad0c12323805 oesteban@dna076:/tmp/59432916/oesteban/bootstrap-fmriprep/59432916_456/project/derivatives/v1s22 timestamp=1773068582.256382406s
cd4e0e5d-6128-404a-8204-97d743a3830d oesteban@dna020:/tmp/59428262/oesteban/bootstrap-fmriprep/59428262_401/project/derivatives/v1s22 timestamp=1773055874.802766661s
d1e9671f-99aa-4ee3-85be-0969fcd33ab7 oesteban@dna030:/tmp/59428170/oesteban/bootstrap-fmriprep/59428170_397/project/derivatives/v1s22 timestamp=1773055196.895331995s
dae6b2cb-28a1-4f72-9426-bb9dd4801664 oesteban@dna010:/tmp/59427850/oesteban/bootstrap-fmriprep/59427850_378/project/derivatives/v1s22 timestamp=1773052951.769747329s
dcc383ea-2650-4c27-b42b-9495832ac83f oesteban@dna013:/tmp/59428034/oesteban/bootstrap-fmriprep/59428034_392/project/derivatives/v1s22 timestamp=1773054663.431300433s
df3cf460-1972-4140-8841-22c503c4ca65 oesteban@dna020:/tmp/59428291/oesteban/bootstrap-fmriprep/59428291_406/project/derivatives/v1s22 timestamp=1773056554.207483172s
e253d1ab-acce-4ee3-b02d-7adb46cc4f47 oesteban@dna075:/tmp/59432726/oesteban/bootstrap-fmriprep/59432726_444/project/derivatives/v1s22 timestamp=1773067591.934781066s
e330aaa2-261b-494a-971b-1c7713cea9ad oesteban@dna029:/tmp/59428059/oesteban/bootstrap-fmriprep/59428059_394/project/derivatives/v1s22 timestamp=1773054904.178078361s
e5d7d929-0137-48ee-84e7-acc8cc653051 oesteban@dna062:/tmp/59428007/oesteban/bootstrap-fmriprep/59428007_390/project/derivatives/v1s22 timestamp=1773054401.826424091s
e83e054b-89eb-4293-92e8-49a4b00c74ea oesteban@dna066:/tmp/59427922/oesteban/bootstrap-fmriprep/59427922_383/project/derivatives/v1s22 timestamp=1773053498.222375073s
ea7de3a2-485e-4041-8231-2ff663360e22 oesteban@dna067:/tmp/59431304/oesteban/bootstrap-fmriprep/59431304_421/project/derivatives/v1s22 timestamp=1773061706.439263342s
eb72f81a-f64c-404a-aa4f-6afde4d716a1 oesteban@dna080:/tmp/59428196/oesteban/bootstrap-fmriprep/59428196_398/project/derivatives/v1s22 timestamp=1773055390.663167176s
eba85a26-73e5-4a19-8dd5-0b17abd08a86 oesteban@dna062:/tmp/59431531/oesteban/bootstrap-fmriprep/59431531_425/project/derivatives/v1s22 timestamp=1773062997.768193361s
f02bbc42-3c2c-4207-8fc3-d0dbe248f31b oesteban@dna079:/tmp/59432526/oesteban/bootstrap-fmriprep/59432526_435/project/derivatives/v1s22 timestamp=1773066420.955638348s
f2d6b34c-435a-4449-b52f-1b48aa90818b oesteban@dna061:/tmp/59432466/oesteban/bootstrap-fmriprep/59432466_430/project/derivatives/v1s22 timestamp=1773065909.795527845s
f39de39e-6cdc-49cc-9f79-aeefdc78d493 oesteban@dna063:/tmp/59427998/oesteban/bootstrap-fmriprep/59427998_387/project/derivatives/v1s22 timestamp=1773054199.192275083s
f6cdcd5c-84bb-4ad3-a376-249ef5783544 oesteban@dna020:/tmp/59432483/oesteban/bootstrap-fmriprep/59432483_432/project/derivatives/v1s22 timestamp=1773066179.914517838s
fc4327fe-41f5-45dd-aa3c-90e587c4d320 oesteban@dna040:/tmp/59431671/oesteban/bootstrap-fmriprep/59431671_428/project/derivatives/v1s22 timestamp=1773063627.47509189s
