status file for recon-all
Thu Mar 12 17:59:29 CET 2026
#@# Tessellate rh Thu Mar 12 17:59:29 CET 2026
#@# Smooth1 rh Thu Mar 12 17:59:33 CET 2026
#@# Inflation1 rh Thu Mar 12 17:59:36 CET 2026
#@# QSphere rh Thu Mar 12 17:59:47 CET 2026
#@# Fix Topology rh Thu Mar 12 18:00:53 CET 2026
#@# Smooth2 rh Thu Mar 12 18:06:42 CET 2026
#@# Inflation2 rh Thu Mar 12 18:06:45 CET 2026
#@# Curv .H and .K rh Thu Mar 12 18:06:58 CET 2026
#@# Sphere rh Thu Mar 12 18:07:51 CET 2026
#@# Surf Reg rh Thu Mar 12 18:09:51 CET 2026
#@# Jacobian white rh Thu Mar 12 18:13:34 CET 2026
#@# AvgCurv rh Thu Mar 12 18:13:35 CET 2026
#@# Cortical Parc rh Thu Mar 12 18:13:36 CET 2026
#@# white curv rh Thu Mar 12 18:20:10 CET 2026
#@# white area rh Thu Mar 12 18:20:12 CET 2026
#@# pial curv rh Thu Mar 12 18:20:13 CET 2026
#@# pial area rh Thu Mar 12 18:20:15 CET 2026
#@# thickness rh Thu Mar 12 18:20:15 CET 2026
#@# area and vertex vol rh Thu Mar 12 18:20:49 CET 2026
#@# Curvature Stats rh Thu Mar 12 18:20:50 CET 2026
#@# Cortical Parc 2 rh Thu Mar 12 18:20:53 CET 2026
#@# Cortical Parc 3 rh Thu Mar 12 18:21:07 CET 2026
#@# WM/GM Contrast rh Thu Mar 12 18:21:18 CET 2026
recon-all -s sub-v1s22x0050449_ses-1 finished without error at Thu Mar 12 18:21:23 CET 2026



#New# invocation of recon-all 



status file for recon-all
Thu Mar 12 18:32:05 CET 2026
#@# white curv rh Thu Mar 12 18:32:05 CET 2026
#@# white area rh Thu Mar 12 18:32:05 CET 2026
#@# pial curv rh Thu Mar 12 18:32:05 CET 2026
#@# pial area rh Thu Mar 12 18:32:05 CET 2026
#@# thickness rh Thu Mar 12 18:32:05 CET 2026
#@# area and vertex vol rh Thu Mar 12 18:32:05 CET 2026
#@# Parcellation Stats rh Thu Mar 12 18:32:05 CET 2026
#@# Parcellation Stats 2 rh Thu Mar 12 18:32:26 CET 2026
#@# Parcellation Stats 3 rh Thu Mar 12 18:32:37 CET 2026
#@# BA_exvivo Labels rh Thu Mar 12 18:32:48 CET 2026
recon-all -s sub-v1s22x0050449_ses-1 finished without error at Thu Mar 12 18:35:35 CET 2026
