status file for recon-all
Mon Mar  9 11:43:27 CET 2026
#@# MotionCor Mon Mar  9 11:43:34 CET 2026
#@# Talairach Mon Mar  9 11:43:54 CET 2026
#@# Talairach Failure Detection Mon Mar  9 11:48:25 CET 2026
#@# Nu Intensity Correction Mon Mar  9 11:48:25 CET 2026
#@# Intensity Normalization Mon Mar  9 11:51:40 CET 2026
recon-all -s sub-v1s22x0050433_ses-1 finished without error at Mon Mar  9 11:53:14 CET 2026



#New# invocation of recon-all 



status file for recon-all
Mon Mar  9 12:04:08 CET 2026
#@# EM Registration Mon Mar  9 12:04:08 CET 2026
recon-all -s sub-v1s22x0050433_ses-1 finished without error at Mon Mar  9 12:05:29 CET 2026



#New# invocation of recon-all 



status file for recon-all
Mon Mar  9 12:05:32 CET 2026
#@# CA Normalize Mon Mar  9 12:05:32 CET 2026
#@# CA Reg Mon Mar  9 12:06:54 CET 2026
#@# SubCort Seg Mon Mar  9 12:50:24 CET 2026
#@# CC Seg Mon Mar  9 13:17:25 CET 2026
#@# Merge ASeg Mon Mar  9 13:18:06 CET 2026
#@# Intensity Normalization2 Mon Mar  9 13:18:06 CET 2026
#@# Mask BFS Mon Mar  9 13:20:28 CET 2026
#@# WM Segmentation Mon Mar  9 13:20:28 CET 2026
#@# Fill Mon Mar  9 13:22:26 CET 2026
recon-all -s sub-v1s22x0050433_ses-1 finished without error at Mon Mar  9 13:23:30 CET 2026



#New# invocation of recon-all 



status file for recon-all
Mon Mar  9 14:03:47 CET 2026
#@# white curv lh Mon Mar  9 14:03:47 CET 2026
#@# white area lh Mon Mar  9 14:03:47 CET 2026
#@# pial curv lh Mon Mar  9 14:03:47 CET 2026
#@# pial area lh Mon Mar  9 14:03:47 CET 2026
#@# thickness lh Mon Mar  9 14:03:47 CET 2026
#@# area and vertex vol lh Mon Mar  9 14:03:47 CET 2026
#@# white curv rh Mon Mar  9 14:03:47 CET 2026
#@# white area rh Mon Mar  9 14:03:47 CET 2026
#@# pial curv rh Mon Mar  9 14:03:47 CET 2026
#@# pial area rh Mon Mar  9 14:03:47 CET 2026
#@# thickness rh Mon Mar  9 14:03:47 CET 2026
#@# area and vertex vol rh Mon Mar  9 14:03:47 CET 2026
#@# Cortical ribbon mask Mon Mar  9 14:03:47 CET 2026
recon-all -s sub-v1s22x0050433_ses-1 finished without error at Mon Mar  9 14:09:54 CET 2026



#New# invocation of recon-all 



status file for recon-all
Mon Mar  9 14:16:16 CET 2026
#@# white curv lh Mon Mar  9 14:16:16 CET 2026
#@# white area lh Mon Mar  9 14:16:16 CET 2026
#@# pial curv lh Mon Mar  9 14:16:16 CET 2026
#@# pial area lh Mon Mar  9 14:16:16 CET 2026
#@# thickness lh Mon Mar  9 14:16:16 CET 2026
#@# area and vertex vol lh Mon Mar  9 14:16:16 CET 2026
#@# white curv rh Mon Mar  9 14:16:16 CET 2026
#@# white area rh Mon Mar  9 14:16:16 CET 2026
#@# pial curv rh Mon Mar  9 14:16:16 CET 2026
#@# pial area rh Mon Mar  9 14:16:16 CET 2026
#@# thickness rh Mon Mar  9 14:16:16 CET 2026
#@# area and vertex vol rh Mon Mar  9 14:16:16 CET 2026
#@# Curvature Stats lh Mon Mar  9 14:16:16 CET 2026
#@# Curvature Stats rh Mon Mar  9 14:16:18 CET 2026
#@# Relabel Hypointensities Mon Mar  9 14:16:21 CET 2026
#@# APas-to-ASeg Mon Mar  9 14:16:37 CET 2026
#@# AParc-to-ASeg aparc Mon Mar  9 14:16:44 CET 2026
#@# AParc-to-ASeg aparc.a2009s Mon Mar  9 14:17:17 CET 2026
#@# AParc-to-ASeg aparc.DKTatlas Mon Mar  9 14:17:50 CET 2026
#@# WMParc Mon Mar  9 14:18:23 CET 2026
#@# ASeg Stats Mon Mar  9 14:22:13 CET 2026
recon-all -s sub-v1s22x0050433_ses-1 finished without error at Mon Mar  9 14:22:47 CET 2026
