status file for recon-all
Mon Mar  9 13:23:36 CET 2026
#@# Tessellate lh Mon Mar  9 13:23:36 CET 2026
#@# Smooth1 lh Mon Mar  9 13:23:40 CET 2026
#@# Inflation1 lh Mon Mar  9 13:23:43 CET 2026
#@# QSphere lh Mon Mar  9 13:23:53 CET 2026
#@# Fix Topology lh Mon Mar  9 13:24:56 CET 2026
#@# Smooth2 lh Mon Mar  9 13:30:09 CET 2026
#@# Inflation2 lh Mon Mar  9 13:30:12 CET 2026
#@# Curv .H and .K lh Mon Mar  9 13:30:23 CET 2026
#@# Sphere lh Mon Mar  9 13:31:11 CET 2026
#@# Surf Reg lh Mon Mar  9 13:33:32 CET 2026
#@# Jacobian white lh Mon Mar  9 13:36:57 CET 2026
#@# AvgCurv lh Mon Mar  9 13:36:58 CET 2026
#@# Cortical Parc lh Mon Mar  9 13:36:58 CET 2026
#@# white curv lh Mon Mar  9 13:42:35 CET 2026
#@# white area lh Mon Mar  9 13:42:37 CET 2026
#@# pial curv lh Mon Mar  9 13:42:38 CET 2026
#@# pial area lh Mon Mar  9 13:42:39 CET 2026
#@# thickness lh Mon Mar  9 13:42:40 CET 2026
#@# area and vertex vol lh Mon Mar  9 13:43:11 CET 2026
#@# Curvature Stats lh Mon Mar  9 13:43:12 CET 2026
#@# Cortical Parc 2 lh Mon Mar  9 13:43:15 CET 2026
#@# Cortical Parc 3 lh Mon Mar  9 13:43:28 CET 2026
#@# WM/GM Contrast lh Mon Mar  9 13:43:38 CET 2026
recon-all -s sub-v1s22x0050433_ses-1 finished without error at Mon Mar  9 13:43:43 CET 2026



#New# invocation of recon-all 



status file for recon-all
Mon Mar  9 14:09:57 CET 2026
#@# white curv lh Mon Mar  9 14:09:57 CET 2026
#@# white area lh Mon Mar  9 14:09:57 CET 2026
#@# pial curv lh Mon Mar  9 14:09:57 CET 2026
#@# pial area lh Mon Mar  9 14:09:57 CET 2026
#@# thickness lh Mon Mar  9 14:09:57 CET 2026
#@# area and vertex vol lh Mon Mar  9 14:09:57 CET 2026
#@# Parcellation Stats lh Mon Mar  9 14:09:57 CET 2026
#@# Parcellation Stats 2 lh Mon Mar  9 14:10:17 CET 2026
#@# Parcellation Stats 3 lh Mon Mar  9 14:10:26 CET 2026
#@# BA_exvivo Labels lh Mon Mar  9 14:10:36 CET 2026
recon-all -s sub-v1s22x0050433_ses-1 finished without error at Mon Mar  9 14:13:01 CET 2026
