/out/sourcedata/freesurfer/sub-v1s22x0050507_ses-1/mri
/opt/freesurfer/bin/talairach_avi
--i orig_nu.mgz --xfm transforms/talairach.auto.xfm
talairach_avi 7.3.2
Linux dna009 5.14.0-427.37.1.el9_4.x86_64 #1 SMP PREEMPT_DYNAMIC Fri Sep 13 12:41:50 EDT 2024 x86_64 x86_64 x86_64 GNU/Linux
Mon Mar  9 15:58:06 CET 2026
mri_convert orig_nu.mgz talsrcimg.img 
reading from orig_nu.mgz...
TR=0.00, TE=0.00, TI=0.00, flip angle=0.00
i_ras = (-1, 0, 1.86265e-09)
j_ras = (1.86265e-09, 0, -1)
k_ras = (0, 1, 0)
writing to talsrcimg.img...
Analyze Output Matrix
-1.00000   0.00000   0.00000   128.81198;
 0.00000   0.00000   1.00000  -96.88993;
 0.00000  -1.00000   0.00000   137.21765;
 0.00000   0.00000   0.00000   1.00000;
--------------------
INFO: set hdr.hist.orient to -1
mpr2mni305 talsrcimg
Mon Mar  9 15:58:07 CET 2026
/opt/freesurfer/bin/mpr2mni305 talsrcimg
mpr2mni305 7.3.2
target=711-2C_as_mni_average_305

---------------------------------------------------------------------
analyzeto4dfp talsrcimg -O0 -y
---------------------------------------------------------------------

freesurfer ifh2hdr.c
Mon Mar  9 15:58:07 2026
Writing: talsrcimg.4dfp.hdr
freesurfer analyzeto4dfp.c
Reading: talsrcimg.hdr
header size 348 bytes
hdr.dime.datatype	offset=70	value=2
hdr.dime.bitpix		offset=72	value=8
hdr.hist.orient		offset=252	value=-1
dimensionality     4
dimensions       256       256       256         1
Reading: talsrcimg.img
Writing: talsrcimg.4dfp.img
Writing: talsrcimg.4dfp.ifh
ifh2hdr talsrcimg -r0to180
ori=2

---------------------------------------------------------------------
gauss_4dfp talsrcimg 1.1
---------------------------------------------------------------------

freesurfer gauss_4dfp.c
Reading: talsrcimg.4dfp.img
Writing: talsrcimg_g11.4dfp.img
image dimensions 256 256 256 padded to 288 288 288
processing volume 1freesurfer ifh2hdr.c
Mon Mar  9 15:58:09 2026
Writing: talsrcimg_g11.4dfp.hdr

Writing: talsrcimg_g11.4dfp.ifh
including: talsrcimg.4dfp.img.rec in talsrcimg_g11.4dfp.img.rec

---------------------------------------------------------------------
imgreg_4dfp /opt/freesurfer/average/711-2C_as_mni_average_305 none talsrcimg_g11 none talsrcimg_to_711-2C_as_mni_average_305_t4 4355
---------------------------------------------------------------------

freesurfer imgreg_4dfp.c
/opt/freesurfer/average/711-2C_as_mni_average_305.4dfp.img
       256       256       256         1
  1.000000  1.000000  1.000000
orientation T byte_order littleendian
Reading image: /opt/freesurfer/average/711-2C_as_mni_average_305.4dfp.img
dimensions:      256       256       256
mmppix:       1.0000   -1.0000   -1.0000
center:     128.0000 -129.0000 -129.0000
talsrcimg_g11.4dfp.img
       256       256       256         1
  1.000000  1.000000  1.000000
orientation T byte_order littleendian
Reading image: talsrcimg_g11.4dfp.img
dimensions:      256       256       256
mmppix:       1.0000   -1.0000   -1.0000
center:     128.0000 -129.0000 -129.0000
t4_read: open error in t4_sub.f l:  41 t4_file(1:l)talsrcimg_to_711-2C_as_mni_average_305_t4 
t4_read: transform initialized to I4
rotation matrix determinant  1.000000
image alignment mode   4355 decimal     1103 hex
   -7.5000  -45.0000  -45.0000 5816.8184   24.4891
    0.0000  -45.0000  -45.0000 6053.3008   24.5381
    7.5000  -45.0000  -45.0000 5760.7432   24.5965
   -7.5000  -37.5000  -45.0000 6439.2495   23.9132
    0.0000  -37.5000  -45.0000 6693.6392   23.9624
    7.5000  -37.5000  -45.0000 6377.2725   24.0101
   -7.5000  -30.0000  -45.0000 7383.4634   23.6123
    0.0000  -30.0000  -45.0000 7672.4355   23.6652
    7.5000  -30.0000  -45.0000 7291.2446   23.7016
   -7.5000  -22.5000  -45.0000 8354.3311   23.5155
    0.0000  -22.5000  -45.0000 8690.2812   23.5650
    7.5000  -22.5000  -45.0000 8250.4795   23.5971
   -7.5000  -15.0000  -45.0000 9353.1074   23.4757
    0.0000  -15.0000  -45.0000 9733.1689   23.5223
    7.5000  -15.0000  -45.0000 9216.2031   23.5594
   -7.5000   -7.5000  -45.000010346.8945   23.4879
    0.0000   -7.5000  -45.000010759.2754   23.5343
    7.5000   -7.5000  -45.000010202.0889   23.5809
   -7.5000    0.0000  -45.000011209.3457   23.5186
    0.0000    0.0000  -45.000011630.6973   23.5639
    7.5000    0.0000  -45.000011008.0439   23.6138
   -7.5000    7.5000  -45.000011142.9639   23.5350
    0.0000    7.5000  -45.000011567.8281   23.5840
    7.5000    7.5000  -45.000010893.1846   23.6279
   -7.5000   15.0000  -45.000010947.2598   23.5232
    0.0000   15.0000  -45.000011346.2979   23.5764
    7.5000   15.0000  -45.000010691.9531   23.6115
   -7.5000   22.5000  -45.000010652.3721   23.4903
    0.0000   22.5000  -45.000011016.4385   23.5400
    7.5000   22.5000  -45.000010418.3174   23.5717
   -7.5000   30.0000  -45.000010364.6230   23.1619
    0.0000   30.0000  -45.000010672.7871   23.2079
    7.5000   30.0000  -45.000010082.1992   23.2445
   -7.5000   37.5000  -45.000010433.2725   23.1749
    0.0000   37.5000  -45.000010728.7031   23.2207
    7.5000   37.5000  -45.000010145.5449   23.2667
   -7.5000   45.0000  -45.000010036.9268   22.6159
    0.0000   45.0000  -45.000010320.1387   22.6595
    7.5000   45.0000  -45.0000 9765.0537   22.7075
   -7.5000  -45.0000  -37.5000 6239.7163   24.3916
    0.0000  -45.0000  -37.5000 6492.3667   24.4446
    7.5000  -45.0000  -37.5000 6162.0244   24.4978
   -7.5000  -37.5000  -37.5000 6901.6523   23.8115
    0.0000  -37.5000  -37.5000 7177.1094   23.8614
    7.5000  -37.5000  -37.5000 6814.7485   23.9026
   -7.5000  -30.0000  -37.5000 7909.2627   23.4946
    0.0000  -30.0000  -37.5000 8226.5957   23.5427
    7.5000  -30.0000  -37.5000 7807.6167   23.5739
   -7.5000  -22.5000  -37.5000 8972.1670   23.3883
    0.0000  -22.5000  -37.5000 9328.4824   23.4321
    7.5000  -22.5000  -37.5000 8846.2891   23.4622
   -7.5000  -15.0000  -37.500010028.4482   23.3535
    0.0000  -15.0000  -37.500010413.7725   23.3978
    7.5000  -15.0000  -37.5000 9867.3174   23.4358
   -7.5000   -7.5000  -37.500011049.5781   23.3840
    0.0000   -7.5000  -37.500011479.7021   23.4320
    7.5000   -7.5000  -37.500010870.3545   23.4776
   -7.5000    0.0000  -37.500011925.2676   23.4274
    0.0000    0.0000  -37.500012379.3076   23.4763
    7.5000    0.0000  -37.500011699.2832   23.5212
   -7.5000    7.5000  -37.500011803.6260   23.4362
    0.0000    7.5000  -37.500012278.0117   23.4860
    7.5000    7.5000  -37.500011542.9287   23.5234
   -7.5000   15.0000  -37.500011605.7637   23.4064
    0.0000   15.0000  -37.500012042.8555   23.4549
    7.5000   15.0000  -37.500011324.1143   23.4848
   -7.5000   22.5000  -37.500011305.8096   23.3629
    0.0000   22.5000  -37.500011734.1152   23.4069
    7.5000   22.5000  -37.500011024.7139   23.4367
   -7.5000   30.0000  -37.500010979.0898   23.0412
    0.0000   30.0000  -37.500011355.2246   23.0850
    7.5000   30.0000  -37.500010663.6719   23.1225
   -7.5000   37.5000  -37.500011020.2686   23.0724
    0.0000   37.5000  -37.500011369.5840   23.1197
    7.5000   37.5000  -37.500010678.5566   23.1648
   -7.5000   45.0000  -37.500010577.1455   22.5283
    0.0000   45.0000  -37.500010868.8721   22.5752
    7.5000   45.0000  -37.500010249.4404   22.6185
   -7.5000  -45.0000  -30.0000 6741.4561   25.3724
    0.0000  -45.0000  -30.0000 7015.3179   25.4278
    7.5000  -45.0000  -30.0000 6660.6548   25.4880
   -7.5000  -37.5000  -30.0000 7481.7046   24.7713
    0.0000  -37.5000  -30.0000 7781.9727   24.8195
    7.5000  -37.5000  -30.0000 7380.9990   24.8649
   -7.5000  -30.0000  -30.0000 8574.0518   24.4417
    0.0000  -30.0000  -30.0000 8909.1309   24.4857
    7.5000  -30.0000  -30.0000 8450.0654   24.5183
   -7.5000  -22.5000  -30.0000 9726.1602   24.3318
    0.0000  -22.5000  -30.000010086.5713   24.3739
    7.5000  -22.5000  -30.0000 9562.0508   24.4058
   -7.5000  -15.0000  -30.000010829.7285   24.2952
    0.0000  -15.0000  -30.000011246.1143   24.3420
    7.5000  -15.0000  -30.000010651.7334   24.3846
   -7.5000   -7.5000  -30.000011900.5127   24.3277
    0.0000   -7.5000  -30.000012374.3340   24.3787
    7.5000   -7.5000  -30.000011703.0654   24.4307
   -7.5000    0.0000  -30.000012808.9355   24.3722
    0.0000    0.0000  -30.000013313.2236   24.4228
    7.5000    0.0000  -30.000012569.3916   24.4740
   -7.5000    7.5000  -30.000012701.8926   24.3809
    0.0000    7.5000  -30.000013208.8633   24.4292
    7.5000    7.5000  -30.000012416.6367   24.4706
   -7.5000   15.0000  -30.000012465.9629   24.3504
    0.0000   15.0000  -30.000012955.9072   24.3947
    7.5000   15.0000  -30.000012154.3486   24.4260
   -7.5000   22.5000  -30.000012111.3447   24.3024
    0.0000   22.5000  -30.000012594.7744   24.3448
    7.5000   22.5000  -30.000011810.7822   24.3763
   -7.5000   30.0000  -30.000011718.8672   23.9727
    0.0000   30.0000  -30.000012180.3398   24.0189
    7.5000   30.0000  -30.000011414.0713   24.0609
   -7.5000   37.5000  -30.000011760.1484   24.0058
    0.0000   37.5000  -30.000012160.5420   24.0561
    7.5000   37.5000  -30.000011398.2910   24.1074
   -7.5000   45.0000  -30.000011281.4922   23.4540
    0.0000   45.0000  -30.000011614.2754   23.5027
    7.5000   45.0000  -30.000010903.1221   23.5520
   -7.5000  -45.0000  -22.5000 7258.3779   26.2486
    0.0000  -45.0000  -22.5000 7560.8252   26.3005
    7.5000  -45.0000  -22.5000 7182.8213   26.3747
   -7.5000  -37.5000  -22.5000 8087.5737   25.6421
    0.0000  -37.5000  -22.5000 8408.3301   25.6867
    7.5000  -37.5000  -22.5000 7984.1694   25.7433
   -7.5000  -30.0000  -22.5000 9229.5635   25.3230
    0.0000  -30.0000  -22.5000 9587.6104   25.3670
    7.5000  -30.0000  -22.5000 9101.5146   25.4059
   -7.5000  -22.5000  -22.500010415.8770   25.2197
    0.0000  -22.5000  -22.500010808.5762   25.2659
    7.5000  -22.5000  -22.500010264.2275   25.3015
   -7.5000  -15.0000  -22.500011598.4736   25.1729
    0.0000  -15.0000  -22.500012064.9102   25.2244
    7.5000  -15.0000  -22.500011447.5791   25.2712
   -7.5000   -7.5000  -22.500012725.2178   25.1841
    0.0000   -7.5000  -22.500013262.8730   25.2360
    7.5000   -7.5000  -22.500012543.7705   25.2969
   -7.5000    0.0000  -22.500013673.9473   25.2163
    0.0000    0.0000  -22.500014233.6152   25.2635
    7.5000    0.0000  -22.500013453.3115   25.3275
   -7.5000    7.5000  -22.500013565.9658   25.2375
    0.0000    7.5000  -22.500014128.4854   25.2823
    7.5000    7.5000  -22.500013280.8164   25.3345
   -7.5000   15.0000  -22.500013269.1924   25.2283
    0.0000   15.0000  -22.500013827.9375   25.2727
    7.5000   15.0000  -22.500012965.3018   25.3102
   -7.5000   22.5000  -22.500012856.4912   25.1873
    0.0000   22.5000  -22.500013429.1885   25.2337
    7.5000   22.5000  -22.500012594.6582   25.2688
   -7.5000   30.0000  -22.500012425.4248   24.8427
    0.0000   30.0000  -22.500012972.4355   24.8936
    7.5000   30.0000  -22.500012162.8672   24.9397
   -7.5000   37.5000  -22.500012486.4883   24.8547
    0.0000   37.5000  -22.500012948.5801   24.9059
    7.5000   37.5000  -22.500012119.8662   24.9660
   -7.5000   45.0000  -22.500011987.5205   24.2845
    0.0000   45.0000  -22.500012370.3291   24.3300
    7.5000   45.0000  -22.500011572.8320   24.3916
   -7.5000  -45.0000  -15.0000 7793.2783   26.8848
    0.0000  -45.0000  -15.0000 8115.9419   26.9348
    7.5000  -45.0000  -15.0000 7704.8281   27.0185
   -7.5000  -37.5000  -15.0000 8673.1855   26.2784
    0.0000  -37.5000  -15.0000 9014.9111   26.3231
    7.5000  -37.5000  -15.0000 8567.9658   26.3884
   -7.5000  -30.0000  -15.0000 9866.7607   25.9727
    0.0000  -30.0000  -15.000010238.5010   26.0214
    7.5000  -30.0000  -15.0000 9732.3145   26.0665
   -7.5000  -22.5000  -15.000011095.4072   25.8745
    0.0000  -22.5000  -15.000011520.2441   25.9272
    7.5000  -22.5000  -15.000010946.9971   25.9664
   -7.5000  -15.0000  -15.000012299.3740   25.8169
    0.0000  -15.0000  -15.000012795.1191   25.8726
    7.5000  -15.0000  -15.000012158.0811   25.9220
   -7.5000   -7.5000  -15.000013525.6162   25.8070
    0.0000   -7.5000  -15.000014101.2891   25.8597
    7.5000   -7.5000  -15.000013362.2764   25.9261
   -7.5000    0.0000  -15.000014544.7705   25.8288
    0.0000    0.0000  -15.000015167.2822   25.8743
    7.5000    0.0000  -15.000014347.5713   25.9473
   -7.5000    7.5000  -15.000014372.1738   25.8638
    0.0000    7.5000  -15.000015032.3096   25.9086
    7.5000    7.5000  -15.000014128.4287   25.9692
   -7.5000   15.0000  -15.000013988.5000   25.8755
    0.0000   15.0000  -15.000014605.5098   25.9245
    7.5000   15.0000  -15.000013751.8252   25.9681
   -7.5000   22.5000  -15.000013570.7227   25.8404
    0.0000   22.5000  -15.000014219.8271   25.8934
    7.5000   22.5000  -15.000013367.0234   25.9321
   -7.5000   30.0000  -15.000013138.1943   25.4819
    0.0000   30.0000  -15.000013751.0879   25.5370
    7.5000   30.0000  -15.000012924.1973   25.5856
   -7.5000   37.5000  -15.000013186.1904   25.4730
    0.0000   37.5000  -15.000013709.0791   25.5250
    7.5000   37.5000  -15.000012855.8857   25.5906
   -7.5000   45.0000  -15.000012630.1895   24.8894
    0.0000   45.0000  -15.000013073.2012   24.9333
    7.5000   45.0000  -15.000012220.5977   25.0036
   -7.5000  -45.0000   -7.5000 8316.0068   27.1942
    0.0000  -45.0000   -7.5000 8656.2197   27.2451
    7.5000  -45.0000   -7.5000 8217.7930   27.3221
   -7.5000  -37.5000   -7.5000 9218.3896   26.5767
    0.0000  -37.5000   -7.5000 9586.9980   26.6258
    7.5000  -37.5000   -7.5000 9107.4902   26.6879
   -7.5000  -30.0000   -7.500010476.6592   26.2662
    0.0000  -30.0000   -7.500010852.0537   26.3212
    7.5000  -30.0000   -7.500010335.7637   26.3666
   -7.5000  -22.5000   -7.500011752.6445   26.1667
    0.0000  -22.5000   -7.500012147.6094   26.2227
    7.5000  -22.5000   -7.500011608.8506   26.2610
   -7.5000  -15.0000   -7.500012966.2432   26.1107
    0.0000  -15.0000   -7.500013428.9902   26.1656
    7.5000  -15.0000   -7.500012845.2959   26.2105
   -7.5000   -7.5000   -7.500014314.6816   26.1023
    0.0000   -7.5000   -7.500014857.1797   26.1541
    7.5000   -7.5000   -7.500014149.0273   26.2139
   -7.5000    0.0000   -7.500015579.9463   26.1250
    0.0000    0.0000   -7.500016264.5264   26.1718
    7.5000    0.0000   -7.500015338.0918   26.2384
   -7.5000    7.5000   -7.500015340.1357   26.1581
    0.0000    7.5000   -7.500016042.0967   26.2071
    7.5000    7.5000   -7.500015121.5732   26.2646
   -7.5000   15.0000   -7.500014796.0244   26.1677
    0.0000   15.0000   -7.500015465.8359   26.2230
    7.5000   15.0000   -7.500014659.9355   26.2668
   -7.5000   22.5000   -7.500014348.6260   26.1301
    0.0000   22.5000   -7.500015026.2500   26.1863
    7.5000   22.5000   -7.500014192.0283   26.2242
   -7.5000   30.0000   -7.500013909.3252   25.7711
    0.0000   30.0000   -7.500014520.2578   25.8254
    7.5000   30.0000   -7.500013704.7842   25.8697
   -7.5000   37.5000   -7.500013868.4229   25.7638
    0.0000   37.5000   -7.500014433.9551   25.8149
    7.5000   37.5000   -7.500013621.2939   25.8739
   -7.5000   45.0000   -7.500013244.7646   25.1796
    0.0000   45.0000   -7.500013729.4023   25.2247
    7.5000   45.0000   -7.500012921.3320   25.2889
   -7.5000  -45.0000    0.0000 8723.5957   27.2410
    0.0000  -45.0000    0.0000 9038.7344   27.2947
    7.5000  -45.0000    0.0000 8599.8604   27.3578
   -7.5000  -37.5000    0.0000 9670.1504   26.6045
    0.0000  -37.5000    0.000010004.8291   26.6584
    7.5000  -37.5000    0.0000 9541.6475   26.7096
   -7.5000  -30.0000    0.000011026.5732   26.2718
    0.0000  -30.0000    0.000011368.9844   26.3296
    7.5000  -30.0000    0.000010858.2256   26.3684
   -7.5000  -22.5000    0.000012366.1602   26.1644
    0.0000  -22.5000    0.000012732.1562   26.2185
    7.5000  -22.5000    0.000012182.7256   26.2525
   -7.5000  -15.0000    0.000013602.0459   26.1201
    0.0000  -15.0000    0.000014016.1484   26.1710
    7.5000  -15.0000    0.000013434.9092   26.2106
   -7.5000   -7.5000    0.000015048.0527   26.1334
    0.0000   -7.5000    0.000015552.3604   26.1842
    7.5000   -7.5000    0.000014754.3916   26.2343
   -7.5000    0.0000    0.000016572.1699   26.1676
    0.0000    0.0000    0.000017194.3906   26.2172
    7.5000    0.0000    0.000016107.9678   26.2710
   -7.5000    7.5000    0.000016269.8262   26.1862
    0.0000    7.5000    0.000016841.1035   26.2398
    7.5000    7.5000    0.000016097.3809   26.2869
   -7.5000   15.0000    0.000015543.1738   26.1732
    0.0000   15.0000    0.000016113.1953   26.2314
    7.5000   15.0000    0.000015587.7490   26.2688
   -7.5000   22.5000    0.000015057.0488   26.1281
    0.0000   22.5000    0.000015646.6152   26.1824
    7.5000   22.5000    0.000015006.0059   26.2160
   -7.5000   30.0000    0.000014619.8770   25.7809
    0.0000   30.0000    0.000015205.8018   25.8313
    7.5000   30.0000    0.000014466.1680   25.8703
   -7.5000   37.5000    0.000014578.5967   25.7952
    0.0000   37.5000    0.000015150.4883   25.8454
    7.5000   37.5000    0.000014378.5264   25.8948
   -7.5000   45.0000    0.000013873.2588   25.2225
    0.0000   45.0000    0.000014371.1973   25.2704
    7.5000   45.0000    0.000013557.4688   25.3222
   -7.5000  -45.0000    7.5000 8417.5479   27.2329
    0.0000  -45.0000    7.5000 8742.4756   27.2920
    7.5000  -45.0000    7.5000 8288.9814   27.3503
   -7.5000  -37.5000    7.5000 9337.7607   26.5862
    0.0000  -37.5000    7.5000 9667.6289   26.6417
    7.5000  -37.5000    7.5000 9194.2500   26.6868
   -7.5000  -30.0000    7.500010657.5820   26.2326
    0.0000  -30.0000    7.500011016.3730   26.2862
    7.5000  -30.0000    7.500010460.4492   26.3201
   -7.5000  -22.5000    7.500011949.6719   26.1143
    0.0000  -22.5000    7.500012350.2012   26.1630
    7.5000  -22.5000    7.500011752.8379   26.1956
   -7.5000  -15.0000    7.500013173.0234   26.0760
    0.0000  -15.0000    7.500013600.9707   26.1252
    7.5000  -15.0000    7.500013015.6543   26.1667
   -7.5000   -7.5000    7.500014524.6943   26.1104
    0.0000   -7.5000    7.500014963.4209   26.1638
    7.5000   -7.5000    7.500014285.7227   26.2138
   -7.5000    0.0000    7.500015802.6260   26.1588
    0.0000    0.0000    7.500016242.3672   26.2132
    7.5000    0.0000    7.500015481.3213   26.2624
   -7.5000    7.5000    7.500015614.7598   26.1681
    0.0000    7.5000    7.500015993.5508   26.2234
    7.5000    7.5000    7.500015465.9209   26.2644
   -7.5000   15.0000    7.500015141.9443   26.1345
    0.0000   15.0000    7.500015529.9580   26.1884
    7.5000   15.0000    7.500015108.8516   26.2209
   -7.5000   22.5000    7.500014695.1387   26.0776
    0.0000   22.5000    7.500015180.6865   26.1265
    7.5000   22.5000    7.500014607.1221   26.1587
   -7.5000   30.0000    7.500014225.0332   25.7373
    0.0000   30.0000    7.500014773.6484   25.7860
    7.5000   30.0000    7.500014086.1719   25.8269
   -7.5000   37.5000    7.500014150.9072   25.7725
    0.0000   37.5000    7.500014696.7559   25.8252
    7.5000   37.5000    7.500013959.1807   25.8745
   -7.5000   45.0000    7.500013386.9131   25.2141
    0.0000   45.0000    7.500013884.5908   25.2665
    7.5000   45.0000    7.500013111.7422   25.3140
   -7.5000  -45.0000   15.0000 8034.7427   27.2455
    0.0000  -45.0000   15.0000 8363.4717   27.3049
    7.5000  -45.0000   15.0000 7897.7734   27.3695
   -7.5000  -37.5000   15.0000 8901.6855   26.6008
    0.0000  -37.5000   15.0000 9238.0918   26.6526
    7.5000  -37.5000   15.0000 8753.1455   26.7013
   -7.5000  -30.0000   15.000010140.6719   26.2475
    0.0000  -30.0000   15.000010510.1621   26.2947
    7.5000  -30.0000   15.0000 9951.8389   26.3296
   -7.5000  -22.5000   15.000011338.0244   26.1290
    0.0000  -22.5000   15.000011765.0654   26.1743
    7.5000  -22.5000   15.000011159.8799   26.2084
   -7.5000  -15.0000   15.000012485.9961   26.0888
    0.0000  -15.0000   15.000012968.8740   26.1391
    7.5000  -15.0000   15.000012328.5166   26.1848
   -7.5000   -7.5000   15.000013705.1348   26.1232
    0.0000   -7.5000   15.000014282.5615   26.1781
    7.5000   -7.5000   15.000013510.1973   26.2338
   -7.5000    0.0000   15.000014836.9316   26.1714
    0.0000    0.0000   15.000015390.6230   26.2258
    7.5000    0.0000   15.000014550.4121   26.2807
   -7.5000    7.5000   15.000014722.3574   26.1816
    0.0000    7.5000   15.000015231.5898   26.2335
    7.5000    7.5000   15.000014478.8369   26.2779
   -7.5000   15.0000   15.000014447.9102   26.1494
    0.0000   15.0000   15.000014904.6201   26.1970
    7.5000   15.0000   15.000014153.5156   26.2305
   -7.5000   22.5000   15.000014089.9795   26.0917
    0.0000   22.5000   15.000014562.3994   26.1372
    7.5000   22.5000   15.000013758.5850   26.1709
   -7.5000   30.0000   15.000013583.2139   25.7501
    0.0000   30.0000   15.000014060.9570   25.7997
    7.5000   30.0000   15.000013311.0977   25.8448
   -7.5000   37.5000   15.000013441.7021   25.7852
    0.0000   37.5000   15.000013930.9053   25.8393
    7.5000   37.5000   15.000013217.9990   25.8943
   -7.5000   45.0000   15.000012656.0410   25.2262
    0.0000   45.0000   15.000013118.2441   25.2786
    7.5000   45.0000   15.000012408.8506   25.3315
   -7.5000  -45.0000   22.5000 7544.2495   27.3361
    0.0000  -45.0000   22.5000 7849.2222   27.3896
    7.5000  -45.0000   22.5000 7432.7881   27.4668
   -7.5000  -37.5000   22.5000 8346.8984   26.7020
    0.0000  -37.5000   22.5000 8674.2969   26.7478
    7.5000  -37.5000   22.5000 8204.4326   26.8067
   -7.5000  -30.0000   22.5000 9489.3086   26.3685
    0.0000  -30.0000   22.5000 9878.8926   26.4137
    7.5000  -30.0000   22.5000 9326.2871   26.4541
   -7.5000  -22.5000   22.500010641.0117   26.2609
    0.0000  -22.5000   22.500011087.4658   26.3085
    7.5000  -22.5000   22.500010478.8008   26.3453
   -7.5000  -15.0000   22.500011737.5605   26.2125
    0.0000  -15.0000   22.500012239.5938   26.2657
    7.5000  -15.0000   22.500011578.2695   26.3143
   -7.5000   -7.5000   22.500012843.1807   26.2244
    0.0000   -7.5000   22.500013375.1660   26.2779
    7.5000   -7.5000   22.500012679.5430   26.3413
   -7.5000    0.0000   22.500013841.0527   26.2577
    0.0000    0.0000   22.500014326.1875   26.3063
    7.5000    0.0000   22.500013632.9854   26.3729
   -7.5000    7.5000   22.500013668.1133   26.2794
    0.0000    7.5000   22.500014160.7139   26.3254
    7.5000    7.5000   22.500013531.4668   26.3797
   -7.5000   15.0000   22.500013387.6641   26.2696
    0.0000   15.0000   22.500013827.1670   26.3152
    7.5000   15.0000   22.500013231.1006   26.3541
   -7.5000   22.5000   22.500013022.5205   26.2231
    0.0000   22.5000   22.500013476.8145   26.2709
    7.5000   22.5000   22.500012875.7393   26.3073
   -7.5000   30.0000   22.500012584.3086   25.8723
    0.0000   30.0000   22.500013051.1895   25.9248
    7.5000   30.0000   22.500012473.1465   25.9727
   -7.5000   37.5000   22.500012523.5957   25.8850
    0.0000   37.5000   22.500012989.8838   25.9378
    7.5000   37.5000   22.500012402.0615   26.0004
   -7.5000   45.0000   22.500011801.4316   25.3094
    0.0000   45.0000   22.500012243.8398   25.3563
    7.5000   45.0000   22.500011649.4346   25.4205
   -7.5000  -45.0000   30.0000 7017.1548   27.5603
    0.0000  -45.0000   30.0000 7278.2979   27.6107
    7.5000  -45.0000   30.0000 6930.2461   27.6963
   -7.5000  -37.5000   30.0000 7772.5225   26.9308
    0.0000  -37.5000   30.0000 8058.2764   26.9759
    7.5000  -37.5000   30.0000 7641.9746   27.0427
   -7.5000  -30.0000   30.0000 8829.5449   26.6134
    0.0000  -30.0000   30.0000 9172.3779   26.6628
    7.5000  -30.0000   30.0000 8684.5498   26.7088
   -7.5000  -22.5000   30.0000 9899.1182   26.5120
    0.0000  -22.5000   30.000010271.9395   26.5656
    7.5000  -22.5000   30.0000 9757.9570   26.6053
   -7.5000  -15.0000   30.000010912.1064   26.4534
    0.0000  -15.0000   30.000011327.7021   26.5097
    7.5000  -15.0000   30.000010788.8535   26.5599
   -7.5000   -7.5000   30.000011887.0615   26.4437
    0.0000   -7.5000   30.000012325.2363   26.4969
    7.5000   -7.5000   30.000011778.8887   26.5646
   -7.5000    0.0000   30.000012779.2666   26.4660
    0.0000    0.0000   30.000013209.2383   26.5119
    7.5000    0.0000   30.000012655.8896   26.5863
   -7.5000    7.5000   30.000012596.5117   26.5013
    0.0000    7.5000   30.000013035.0586   26.5465
    7.5000    7.5000   30.000012527.9727   26.6084
   -7.5000   15.0000   30.000012306.5977   26.5127
    0.0000   15.0000   30.000012721.1650   26.5624
    7.5000   15.0000   30.000012234.1143   26.6069
   -7.5000   22.5000   30.000011967.3555   26.4740
    0.0000   22.5000   30.000012400.4863   26.5278
    7.5000   22.5000   30.000011912.1113   26.5671
   -7.5000   30.0000   30.000011589.3281   26.1101
    0.0000   30.0000   30.000012021.9326   26.1658
    7.5000   30.0000   30.000011560.1221   26.2152
   -7.5000   37.5000   30.000011570.6748   26.1014
    0.0000   37.5000   30.000012017.8896   26.1540
    7.5000   37.5000   30.000011534.5059   26.2208
   -7.5000   45.0000   30.000010911.8574   25.5102
    0.0000   45.0000   30.000011336.1309   25.5544
    7.5000   45.0000   30.000010836.8906   25.6262
   -7.5000  -45.0000   37.5000 6804.8877   28.1337
    0.0000  -45.0000   37.5000 7053.9468   28.1869
    7.5000  -45.0000   37.5000 6731.4443   28.2683
   -7.5000  -37.5000   37.5000 7523.1558   27.4751
    0.0000  -37.5000   37.5000 7815.3555   27.5262
    7.5000  -37.5000   37.5000 7409.1650   27.5921
   -7.5000  -30.0000   37.5000 8549.1738   27.1455
    0.0000  -30.0000   37.5000 8884.0459   27.2029
    7.5000  -30.0000   37.5000 8414.3066   27.2506
   -7.5000  -22.5000   37.5000 9591.2363   27.0404
    0.0000  -22.5000   37.5000 9955.2021   27.0992
    7.5000  -22.5000   37.5000 9442.0410   27.1388
   -7.5000  -15.0000   37.500010552.3359   26.9804
    0.0000  -15.0000   37.500010957.1270   27.0382
    7.5000  -15.0000   37.500010421.3115   27.0845
   -7.5000   -7.5000   37.500011482.9189   26.9703
    0.0000   -7.5000   37.500011915.5996   27.0246
    7.5000   -7.5000   37.500011343.6260   27.0871
   -7.5000    0.0000   37.500012301.2988   26.9934
    0.0000    0.0000   37.500012742.6455   27.0422
    7.5000    0.0000   37.500012163.0850   27.1125
   -7.5000    7.5000   37.500012123.7227   27.0289
    0.0000    7.5000   37.500012554.4629   27.0798
    7.5000    7.5000   37.500012029.6133   27.1408
   -7.5000   15.0000   37.500011819.5205   27.0405
    0.0000   15.0000   37.500012233.0195   27.0982
    7.5000   15.0000   37.500011759.5703   27.1443
   -7.5000   22.5000   37.500011505.9326   27.0018
    0.0000   22.5000   37.500011918.3613   27.0608
    7.5000   22.5000   37.500011445.0527   27.0999
   -7.5000   30.0000   37.500011157.6025   26.6303
    0.0000   30.0000   37.500011575.9160   26.6873
    7.5000   30.0000   37.500011113.0215   26.7330
   -7.5000   37.5000   37.500011165.4990   26.6212
    0.0000   37.5000   37.500011605.3594   26.6749
    7.5000   37.5000   37.500011101.4199   26.7365
   -7.5000   45.0000   37.500010528.5381   26.0186
    0.0000   45.0000   37.500010925.2959   26.0656
    7.5000   45.0000   37.500010435.9102   26.1333
   -7.5000  -45.0000   45.0000 6303.8906   28.6991
    0.0000  -45.0000   45.0000 6523.0083   28.7559
    7.5000  -45.0000   45.0000 6232.9766   28.8269
   -7.5000  -37.5000   45.0000 6950.3018   27.9971
    0.0000  -37.5000   45.0000 7215.3447   28.0537
    7.5000  -37.5000   45.0000 6836.3174   28.1106
   -7.5000  -30.0000   45.0000 7909.6113   27.6296
    0.0000  -30.0000   45.0000 8217.0400   27.6902
    7.5000  -30.0000   45.0000 7775.1987   27.7317
   -7.5000  -22.5000   45.0000 8861.0391   27.5134
    0.0000  -22.5000   45.0000 9209.8105   27.5701
    7.5000  -22.5000   45.0000 8723.2744   27.6053
   -7.5000  -15.0000   45.0000 9754.8076   27.4657
    0.0000  -15.0000   45.000010130.8916   27.5192
    7.5000  -15.0000   45.0000 9603.4150   27.5616
   -7.5000   -7.5000   45.000010595.7080   27.4788
    0.0000   -7.5000   45.000011000.9775   27.5326
    7.5000   -7.5000   45.000010460.6133   27.5882
   -7.5000    0.0000   45.000011339.0547   27.5144
    0.0000    0.0000   45.000011747.2529   27.5669
    7.5000    0.0000   45.000011197.8525   27.6273
   -7.5000    7.5000   45.000011143.2305   27.5336
    0.0000    7.5000   45.000011541.1387   27.5899
    7.5000    7.5000   45.000011013.2227   27.6421
   -7.5000   15.0000   45.000010837.9160   27.5200
    0.0000   15.0000   45.000011230.7285   27.5809
    7.5000   15.0000   45.000010747.2842   27.6208
   -7.5000   22.5000   45.000010562.9219   27.4737
    0.0000   22.5000   45.000010936.7158   27.5306
    7.5000   22.5000   45.000010479.0850   27.5653
   -7.5000   30.0000   45.000010283.6084   27.1067
    0.0000   30.0000   45.000010667.4463   27.1596
    7.5000   30.0000   45.000010205.2959   27.2013
   -7.5000   37.5000   45.000010301.0234   27.1208
    0.0000   37.5000   45.000010695.0752   27.1739
    7.5000   37.5000   45.000010213.7432   27.2288
   -7.5000   45.0000   45.0000 9686.6826   26.5328
    0.0000   45.0000   45.000010042.6738   26.5833
    7.5000   45.0000   45.0000 9598.3096   26.6416

---------------------------------------------------------------------
imgreg_4dfp /opt/freesurfer/average/711-2C_as_mni_average_305 /opt/freesurfer/average/711-2B_as_mni_average_305_mask talsrcimg_g11 none talsrcimg_to_711-2C_as_mni_average_305_t4 4355
---------------------------------------------------------------------

freesurfer imgreg_4dfp.c
/opt/freesurfer/average/711-2C_as_mni_average_305.4dfp.img
       256       256       256         1
  1.000000  1.000000  1.000000
orientation T byte_order littleendian
Reading image: /opt/freesurfer/average/711-2C_as_mni_average_305.4dfp.img
dimensions:      256       256       256
mmppix:       1.0000   -1.0000   -1.0000
center:     128.0000 -129.0000 -129.0000
/opt/freesurfer/average/711-2B_as_mni_average_305_mask.4dfp.img
       256       256       256         1
  1.000000  1.000000  1.000000
orientation T byte_order littleendian
Reading mask: /opt/freesurfer/average/711-2B_as_mni_average_305_mask.4dfp.img (2306576 pixels)
talsrcimg_g11.4dfp.img
       256       256       256         1
  1.000000  1.000000  1.000000
orientation T byte_order littleendian
Reading image: talsrcimg_g11.4dfp.img
dimensions:      256       256       256
mmppix:       1.0000   -1.0000   -1.0000
center:     128.0000 -129.0000 -129.0000
rotation matrix determinant  1.000000
image alignment mode   4355 decimal     1103 hex
   -7.5000  -45.0000  -45.0000 1610.8168   42.3930
    0.0000  -45.0000  -45.0000 1605.3821   42.6322
    7.5000  -45.0000  -45.0000 1586.2268   43.3668
   -7.5000  -37.5000  -45.0000 1743.9604   36.1123
    0.0000  -37.5000  -45.0000 1742.8660   36.2287
    7.5000  -37.5000  -45.0000 1725.1450   36.7848
   -7.5000  -30.0000  -45.0000 1869.3071   31.2837
    0.0000  -30.0000  -45.0000 1868.3452   31.3571
    7.5000  -30.0000  -45.0000 1854.1959   31.8612
   -7.5000  -22.5000  -45.0000 1989.4552   27.7165
    0.0000  -22.5000  -45.0000 1991.6624   27.7423
    7.5000  -22.5000  -45.0000 1973.6724   28.1859
   -7.5000  -15.0000  -45.0000 2098.3706   25.2118
    0.0000  -15.0000  -45.0000 2104.9451   25.1974
    7.5000  -15.0000  -45.0000 2082.1909   25.6297
   -7.5000   -7.5000  -45.0000 2192.7034   23.5046
    0.0000   -7.5000  -45.0000 2199.7810   23.4741
    7.5000   -7.5000  -45.0000 2169.7402   23.7277
   -7.5000    0.0000  -45.0000 2249.6013   22.1649
    0.0000    0.0000  -45.0000 2252.0293   22.1014
    7.5000    0.0000  -45.0000 2227.4834   22.3526
   -7.5000    7.5000  -45.0000 2289.6628   21.1904
    0.0000    7.5000  -45.0000 2288.8159   21.0962
    7.5000    7.5000  -45.0000 2261.3220   21.4217
   -7.5000   15.0000  -45.0000 2307.9082   20.7343
    0.0000   15.0000  -45.0000 2305.0454   20.6332
    7.5000   15.0000  -45.0000 2278.1951   20.9057
   -7.5000   22.5000  -45.0000 2307.9712   20.6035
    0.0000   22.5000  -45.0000 2297.9722   20.4405
    7.5000   22.5000  -45.0000 2283.3997   20.7562
   -7.5000   30.0000  -45.0000 2288.5408   20.9255
    0.0000   30.0000  -45.0000 2276.0696   20.7189
    7.5000   30.0000  -45.0000 2256.8394   21.1141
   -7.5000   37.5000  -45.0000 2245.4758   21.6735
    0.0000   37.5000  -45.0000 2237.8333   21.4760
    7.5000   37.5000  -45.0000 2221.2432   21.8777
   -7.5000   45.0000  -45.0000 2182.1379   22.9951
    0.0000   45.0000  -45.0000 2179.7805   22.7865
    7.5000   45.0000  -45.0000 2156.7856   23.2486
   -7.5000  -45.0000  -37.5000 1665.8618   39.0653
    0.0000  -45.0000  -37.5000 1664.2343   39.2733
    7.5000  -45.0000  -37.5000 1641.8273   39.9487
   -7.5000  -37.5000  -37.5000 1806.7854   33.2639
    0.0000  -37.5000  -37.5000 1808.5774   33.3598
    7.5000  -37.5000  -37.5000 1786.6284   33.8615
   -7.5000  -30.0000  -37.5000 1941.2705   28.8119
    0.0000  -30.0000  -37.5000 1941.7626   28.9401
    7.5000  -30.0000  -37.5000 1922.3473   29.3457
   -7.5000  -22.5000  -37.5000 2070.6030   25.6427
    0.0000  -22.5000  -37.5000 2073.0022   25.7461
    7.5000  -22.5000  -37.5000 2051.4661   26.0307
   -7.5000  -15.0000  -37.5000 2183.7607   23.2062
    0.0000  -15.0000  -37.5000 2188.5254   23.3000
    7.5000  -15.0000  -37.5000 2160.3704   23.5921
   -7.5000   -7.5000  -37.5000 2276.7537   21.5429
    0.0000   -7.5000  -37.5000 2281.4236   21.5715
    7.5000   -7.5000  -37.5000 2253.1272   21.8555
   -7.5000    0.0000  -37.5000 2337.6174   20.3968
    0.0000    0.0000  -37.5000 2338.6116   20.3721
    7.5000    0.0000  -37.5000 2309.3667   20.5672
   -7.5000    7.5000  -37.5000 2374.9839   19.4757
    0.0000    7.5000  -37.5000 2376.8147   19.4590
    7.5000    7.5000  -37.5000 2343.1497   19.6787
   -7.5000   15.0000  -37.5000 2403.4380   19.0445
    0.0000   15.0000  -37.5000 2400.8293   18.9989
    7.5000   15.0000  -37.5000 2371.8062   19.2572
   -7.5000   22.5000  -37.5000 2409.7122   18.9776
    0.0000   22.5000  -37.5000 2404.4170   18.8987
    7.5000   22.5000  -37.5000 2380.7483   19.1736
   -7.5000   30.0000  -37.5000 2391.7305   19.3577
    0.0000   30.0000  -37.5000 2382.8335   19.2376
    7.5000   30.0000  -37.5000 2352.8774   19.5172
   -7.5000   37.5000  -37.5000 2350.3892   20.0977
    0.0000   37.5000  -37.5000 2343.4504   19.9681
    7.5000   37.5000  -37.5000 2313.4773   20.2738
   -7.5000   45.0000  -37.5000 2284.1653   21.3943
    0.0000   45.0000  -37.5000 2274.8826   21.2523
    7.5000   45.0000  -37.5000 2247.0259   21.5785
   -7.5000  -45.0000  -30.0000 1740.3428   37.4399
    0.0000  -45.0000  -30.0000 1743.5526   37.6968
    7.5000  -45.0000  -30.0000 1717.9794   38.4193
   -7.5000  -37.5000  -30.0000 1894.2605   31.8600
    0.0000  -37.5000  -30.0000 1895.9427   31.9874
    7.5000  -37.5000  -30.0000 1871.4990   32.6476
   -7.5000  -30.0000  -30.0000 2034.6891   27.6868
    0.0000  -30.0000  -30.0000 2039.0234   27.7762
    7.5000  -30.0000  -30.0000 2017.3578   28.2433
   -7.5000  -22.5000  -30.0000 2175.8684   24.5704
    0.0000  -22.5000  -30.0000 2176.1580   24.6282
    7.5000  -22.5000  -30.0000 2154.0085   24.9749
   -7.5000  -15.0000  -30.0000 2293.8999   22.2232
    0.0000  -15.0000  -30.0000 2295.0168   22.3419
    7.5000  -15.0000  -30.0000 2267.2056   22.6401
   -7.5000   -7.5000  -30.0000 2392.4844   20.5296
    0.0000   -7.5000  -30.0000 2394.0281   20.6134
    7.5000   -7.5000  -30.0000 2365.3135   20.9113
   -7.5000    0.0000  -30.0000 2465.6030   19.3839
    0.0000    0.0000  -30.0000 2463.8345   19.4459
    7.5000    0.0000  -30.0000 2428.9229   19.6681
   -7.5000    7.5000  -30.0000 2510.5979   18.5873
    0.0000    7.5000  -30.0000 2510.9551   18.6018
    7.5000    7.5000  -30.0000 2475.9741   18.8341
   -7.5000   15.0000  -30.0000 2548.6077   18.2106
    0.0000   15.0000  -30.0000 2543.6914   18.1774
    7.5000   15.0000  -30.0000 2510.3152   18.4307
   -7.5000   22.5000  -30.0000 2553.3230   18.1692
    0.0000   22.5000  -30.0000 2551.5300   18.1611
    7.5000   22.5000  -30.0000 2516.8000   18.3832
   -7.5000   30.0000  -30.0000 2534.0073   18.5682
    0.0000   30.0000  -30.0000 2530.5325   18.5056
    7.5000   30.0000  -30.0000 2496.5024   18.7481
   -7.5000   37.5000  -30.0000 2489.1516   19.3362
    0.0000   37.5000  -30.0000 2486.4094   19.2684
    7.5000   37.5000  -30.0000 2450.3481   19.5436
   -7.5000   45.0000  -30.0000 2419.2715   20.6310
    0.0000   45.0000  -30.0000 2413.2583   20.4800
    7.5000   45.0000  -30.0000 2375.0977   20.7647
   -7.5000  -45.0000  -22.5000 1799.1368   36.0224
    0.0000  -45.0000  -22.5000 1808.7629   36.1018
    7.5000  -45.0000  -22.5000 1784.3328   36.9491
   -7.5000  -37.5000  -22.5000 1960.3134   30.6206
    0.0000  -37.5000  -22.5000 1968.1210   30.6325
    7.5000  -37.5000  -22.5000 1943.6150   31.3978
   -7.5000  -30.0000  -22.5000 2106.2634   26.5698
    0.0000  -30.0000  -22.5000 2112.9041   26.5361
    7.5000  -30.0000  -22.5000 2093.5110   27.1848
   -7.5000  -22.5000  -22.5000 2247.4529   23.4074
    0.0000  -22.5000  -22.5000 2251.3264   23.4725
    7.5000  -22.5000  -22.5000 2232.5781   23.9605
   -7.5000  -15.0000  -22.5000 2375.3245   21.1386
    0.0000  -15.0000  -22.5000 2382.1028   21.2040
    7.5000  -15.0000  -22.5000 2358.9866   21.6306
   -7.5000   -7.5000  -22.5000 2484.7900   19.5125
    0.0000   -7.5000  -22.5000 2487.0745   19.5848
    7.5000   -7.5000  -22.5000 2455.4290   19.9444
   -7.5000    0.0000  -22.5000 2564.5132   18.3701
    0.0000    0.0000  -22.5000 2568.2317   18.4316
    7.5000    0.0000  -22.5000 2529.3250   18.7867
   -7.5000    7.5000  -22.5000 2626.8770   17.6622
    0.0000    7.5000  -22.5000 2626.4717   17.7071
    7.5000    7.5000  -22.5000 2586.3313   17.9588
   -7.5000   15.0000  -22.5000 2662.6917   17.3210
    0.0000   15.0000  -22.5000 2663.5930   17.3492
    7.5000   15.0000  -22.5000 2622.0596   17.5881
   -7.5000   22.5000  -22.5000 2667.2166   17.3128
    0.0000   22.5000  -22.5000 2676.2761   17.3404
    7.5000   22.5000  -22.5000 2635.1616   17.5465
   -7.5000   30.0000  -22.5000 2644.6189   17.6818
    0.0000   30.0000  -22.5000 2652.4565   17.7116
    7.5000   30.0000  -22.5000 2613.5791   17.9484
   -7.5000   37.5000  -22.5000 2597.4402   18.5051
    0.0000   37.5000  -22.5000 2601.4082   18.4656
    7.5000   37.5000  -22.5000 2564.5784   18.7400
   -7.5000   45.0000  -22.5000 2520.6824   19.7678
    0.0000   45.0000  -22.5000 2520.7788   19.6480
    7.5000   45.0000  -22.5000 2479.8840   19.9417
   -7.5000  -45.0000  -15.0000 1840.4329   34.7483
    0.0000  -45.0000  -15.0000 1849.4412   34.7264
    7.5000  -45.0000  -15.0000 1820.3683   35.5986
   -7.5000  -37.5000  -15.0000 2005.2800   29.5963
    0.0000  -37.5000  -15.0000 2015.0819   29.5395
    7.5000  -37.5000  -15.0000 1989.4761   30.2700
   -7.5000  -30.0000  -15.0000 2150.8059   25.5401
    0.0000  -30.0000  -15.0000 2158.3994   25.4725
    7.5000  -30.0000  -15.0000 2139.2683   26.1780
   -7.5000  -22.5000  -15.0000 2293.5354   22.4415
    0.0000  -22.5000  -15.0000 2302.0298   22.4372
    7.5000  -22.5000  -15.0000 2284.2522   23.0897
   -7.5000  -15.0000  -15.0000 2427.6267   20.2210
    0.0000  -15.0000  -15.0000 2439.5486   20.2340
    7.5000  -15.0000  -15.0000 2413.9272   20.8074
   -7.5000   -7.5000  -15.0000 2550.6621   18.6986
    0.0000   -7.5000  -15.0000 2559.4109   18.7357
    7.5000   -7.5000  -15.0000 2521.0813   19.1534
   -7.5000    0.0000  -15.0000 2641.6814   17.6028
    0.0000    0.0000  -15.0000 2648.9617   17.6463
    7.5000    0.0000  -15.0000 2605.7822   18.0403
   -7.5000    7.5000  -15.0000 2707.0420   16.8312
    0.0000    7.5000  -15.0000 2712.2322   16.8940
    7.5000    7.5000  -15.0000 2664.7979   17.2312
   -7.5000   15.0000  -15.0000 2745.6162   16.5129
    0.0000   15.0000  -15.0000 2747.8345   16.5596
    7.5000   15.0000  -15.0000 2705.2068   16.8480
   -7.5000   22.5000  -15.0000 2754.0132   16.5531
    0.0000   22.5000  -15.0000 2765.9658   16.5770
    7.5000   22.5000  -15.0000 2719.8857   16.8328
   -7.5000   30.0000  -15.0000 2725.6533   16.9712
    0.0000   30.0000  -15.0000 2738.2764   16.9779
    7.5000   30.0000  -15.0000 2697.6658   17.2524
   -7.5000   37.5000  -15.0000 2673.4890   17.7738
    0.0000   37.5000  -15.0000 2678.9739   17.7036
    7.5000   37.5000  -15.0000 2643.4546   17.9699
   -7.5000   45.0000  -15.0000 2583.1973   19.0349
    0.0000   45.0000  -15.0000 2583.2410   18.9159
    7.5000   45.0000  -15.0000 2543.9758   19.2032
   -7.5000  -45.0000   -7.5000 1863.5615   33.8926
    0.0000  -45.0000   -7.5000 1869.8428   33.6891
    7.5000  -45.0000   -7.5000 1841.6226   34.5843
   -7.5000  -37.5000   -7.5000 2030.9683   28.6319
    0.0000  -37.5000   -7.5000 2037.5400   28.4382
    7.5000  -37.5000   -7.5000 2010.2913   29.3365
   -7.5000  -30.0000   -7.5000 2181.3481   24.6291
    0.0000  -30.0000   -7.5000 2186.9380   24.5156
    7.5000  -30.0000   -7.5000 2163.1743   25.3173
   -7.5000  -22.5000   -7.5000 2329.5891   21.6462
    0.0000  -22.5000   -7.5000 2333.6157   21.5535
    7.5000  -22.5000   -7.5000 2314.0481   22.2926
   -7.5000  -15.0000   -7.5000 2466.5884   19.5081
    0.0000  -15.0000   -7.5000 2471.7231   19.4749
    7.5000  -15.0000   -7.5000 2446.2258   20.0817
   -7.5000   -7.5000   -7.5000 2595.5603   18.0283
    0.0000   -7.5000   -7.5000 2603.5649   18.0055
    7.5000   -7.5000   -7.5000 2567.2266   18.4963
   -7.5000    0.0000   -7.5000 2701.5132   17.0791
    0.0000    0.0000   -7.5000 2711.1125   17.0781
    7.5000    0.0000   -7.5000 2663.5623   17.4866
   -7.5000    7.5000   -7.5000 2777.5312   16.2629
    0.0000    7.5000   -7.5000 2782.9814   16.3132
    7.5000    7.5000   -7.5000 2728.9521   16.7867
   -7.5000   15.0000   -7.5000 2816.5847   15.8030
    0.0000   15.0000   -7.5000 2818.0979   15.8245
    7.5000   15.0000   -7.5000 2768.2400   16.3077
   -7.5000   22.5000   -7.5000 2821.4575   15.8785
    0.0000   22.5000   -7.5000 2834.3374   15.8660
    7.5000   22.5000   -7.5000 2782.6458   16.2445
   -7.5000   30.0000   -7.5000 2792.5132   16.3707
    0.0000   30.0000   -7.5000 2801.3960   16.3102
    7.5000   30.0000   -7.5000 2756.5674   16.6345
   -7.5000   37.5000   -7.5000 2718.9714   17.1759
    0.0000   37.5000   -7.5000 2725.9517   17.1071
    7.5000   37.5000   -7.5000 2692.0806   17.4243
   -7.5000   45.0000   -7.5000 2617.8484   18.4163
    0.0000   45.0000   -7.5000 2617.5886   18.3105
    7.5000   45.0000   -7.5000 2585.7290   18.6450
   -7.5000  -45.0000    0.0000 1875.0966   33.4226
    0.0000  -45.0000    0.0000 1879.1354   32.9469
    7.5000  -45.0000    0.0000 1854.2823   34.2095
   -7.5000  -37.5000    0.0000 2045.1309   28.2082
    0.0000  -37.5000    0.0000 2050.2830   27.7956
    7.5000  -37.5000    0.0000 2026.2373   28.9641
   -7.5000  -30.0000    0.0000 2204.2358   24.2537
    0.0000  -30.0000    0.0000 2207.2158   23.9314
    7.5000  -30.0000    0.0000 2182.8184   24.9164
   -7.5000  -22.5000    0.0000 2358.4714   21.3075
    0.0000  -22.5000    0.0000 2356.8452   21.0870
    7.5000  -22.5000    0.0000 2330.4482   21.9868
   -7.5000  -15.0000    0.0000 2497.8777   19.1746
    0.0000  -15.0000    0.0000 2494.9714   19.0031
    7.5000  -15.0000    0.0000 2462.7517   19.7708
   -7.5000   -7.5000    0.0000 2628.0173   17.7047
    0.0000   -7.5000    0.0000 2628.2002   17.5664
    7.5000   -7.5000    0.0000 2588.4729   18.1528
   -7.5000    0.0000    0.0000 2741.3247   16.8002
    0.0000    0.0000    0.0000 2743.9578   16.6810
    7.5000    0.0000    0.0000 2694.7900   17.1575
   -7.5000    7.5000    0.0000 2828.8887   16.1343
    0.0000    7.5000    0.0000 2834.8132   16.0902
    7.5000    7.5000    0.0000 2767.6008   16.5581
   -7.5000   15.0000    0.0000 2862.5681   15.4053
    0.0000   15.0000    0.0000 2862.7109   15.3405
    7.5000   15.0000    0.0000 2810.5183   16.1439
   -7.5000   22.5000    0.0000 2866.9011   15.4430
    0.0000   22.5000    0.0000 2868.5000   15.3372
    7.5000   22.5000    0.0000 2814.0471   16.0188
   -7.5000   30.0000    0.0000 2827.0723   16.0371
    0.0000   30.0000    0.0000 2835.6870   15.9436
    7.5000   30.0000    0.0000 2785.2520   16.4058
   -7.5000   37.5000    0.0000 2748.6399   16.9457
    0.0000   37.5000    0.0000 2755.0349   16.8462
    7.5000   37.5000    0.0000 2717.9309   17.2234
   -7.5000   45.0000    0.0000 2637.0210   18.1490
    0.0000   45.0000    0.0000 2637.2947   18.0258
    7.5000   45.0000    0.0000 2603.0071   18.3806
   -7.5000  -45.0000    7.5000 1881.1348   33.1380
    0.0000  -45.0000    7.5000 1884.0527   32.7511
    7.5000  -45.0000    7.5000 1857.1060   33.9257
   -7.5000  -37.5000    7.5000 2052.2642   28.0233
    0.0000  -37.5000    7.5000 2055.3865   27.6455
    7.5000  -37.5000    7.5000 2034.0006   28.7402
   -7.5000  -30.0000    7.5000 2215.6448   24.1617
    0.0000  -30.0000    7.5000 2219.0129   23.8439
    7.5000  -30.0000    7.5000 2191.4910   24.8140
   -7.5000  -22.5000    7.5000 2373.4827   21.2722
    0.0000  -22.5000    7.5000 2373.5574   21.0511
    7.5000  -22.5000    7.5000 2337.2305   21.9102
   -7.5000  -15.0000    7.5000 2520.3296   19.1538
    0.0000  -15.0000    7.5000 2518.3567   18.9541
    7.5000  -15.0000    7.5000 2476.6423   19.7484
   -7.5000   -7.5000    7.5000 2653.8176   17.6606
    0.0000   -7.5000    7.5000 2648.9419   17.4327
    7.5000   -7.5000    7.5000 2607.7944   18.1731
   -7.5000    0.0000    7.5000 2752.8049   16.7106
    0.0000    0.0000    7.5000 2750.5337   16.4911
    7.5000    0.0000    7.5000 2709.6018   17.1291
   -7.5000    7.5000    7.5000 2836.8721   15.9940
    0.0000    7.5000    7.5000 2839.1885   15.8403
    7.5000    7.5000    7.5000 2785.6968   16.4678
   -7.5000   15.0000    7.5000 2886.9548   15.5449
    0.0000   15.0000    7.5000 2875.7805   15.3733
    7.5000   15.0000    7.5000 2826.3218   16.0952
   -7.5000   22.5000    7.5000 2877.6487   15.5755
    0.0000   22.5000    7.5000 2879.4185   15.5122
    7.5000   22.5000    7.5000 2822.9438   16.0460
   -7.5000   30.0000    7.5000 2826.4402   16.0703
    0.0000   30.0000    7.5000 2836.7979   16.0213
    7.5000   30.0000    7.5000 2790.9094   16.4145
   -7.5000   37.5000    7.5000 2744.7976   16.9196
    0.0000   37.5000    7.5000 2756.5754   16.8598
    7.5000   37.5000    7.5000 2719.3479   17.2001
   -7.5000   45.0000    7.5000 2629.7544   18.0897
    0.0000   45.0000    7.5000 2638.7957   18.0291
    7.5000   45.0000    7.5000 2603.3093   18.3319
   -7.5000  -45.0000   15.0000 1878.8414   33.2818
    0.0000  -45.0000   15.0000 1880.6641   33.0102
    7.5000  -45.0000   15.0000 1855.3246   34.0868
   -7.5000  -37.5000   15.0000 2052.2405   28.2543
    0.0000  -37.5000   15.0000 2052.4934   27.9776
    7.5000  -37.5000   15.0000 2028.1255   29.0033
   -7.5000  -30.0000   15.0000 2221.3691   24.3756
    0.0000  -30.0000   15.0000 2221.1560   24.1553
    7.5000  -30.0000   15.0000 2190.2429   25.0385
   -7.5000  -22.5000   15.0000 2377.1709   21.4470
    0.0000  -22.5000   15.0000 2379.3706   21.2892
    7.5000  -22.5000   15.0000 2343.1824   22.0976
   -7.5000  -15.0000   15.0000 2521.4070   19.3722
    0.0000  -15.0000   15.0000 2523.4939   19.2073
    7.5000  -15.0000   15.0000 2480.6309   19.9561
   -7.5000   -7.5000   15.0000 2649.6423   17.9440
    0.0000   -7.5000   15.0000 2655.1938   17.8177
    7.5000   -7.5000   15.0000 2606.3230   18.4335
   -7.5000    0.0000   15.0000 2745.3435   16.9861
    0.0000    0.0000   15.0000 2750.0532   16.9049
    7.5000    0.0000   15.0000 2700.7266   17.4111
   -7.5000    7.5000   15.0000 2823.4026   16.2449
    0.0000    7.5000   15.0000 2827.9814   16.1873
    7.5000    7.5000   15.0000 2772.2715   16.7666
   -7.5000   15.0000   15.0000 2867.6907   15.9471
    0.0000   15.0000   15.0000 2858.1555   15.9326
    7.5000   15.0000   15.0000 2802.6917   16.3489
   -7.5000   22.5000   15.0000 2851.3772   16.1013
    0.0000   22.5000   15.0000 2854.5762   16.0732
    7.5000   22.5000   15.0000 2800.7537   16.3586
   -7.5000   30.0000   15.0000 2796.5308   16.5291
    0.0000   30.0000   15.0000 2802.2852   16.4968
    7.5000   30.0000   15.0000 2761.8147   16.7273
   -7.5000   37.5000   15.0000 2712.9373   17.3031
    0.0000   37.5000   15.0000 2716.0085   17.2801
    7.5000   37.5000   15.0000 2687.1609   17.5447
   -7.5000   45.0000   15.0000 2598.7466   18.3719
    0.0000   45.0000   15.0000 2603.6216   18.3223
    7.5000   45.0000   15.0000 2571.3079   18.6339
   -7.5000  -45.0000   22.5000 1874.8239   33.6583
    0.0000  -45.0000   22.5000 1872.0941   33.4066
    7.5000  -45.0000   22.5000 1850.5618   34.4506
   -7.5000  -37.5000   22.5000 2047.8816   28.6814
    0.0000  -37.5000   22.5000 2048.3538   28.5059
    7.5000  -37.5000   22.5000 2021.0697   29.4144
   -7.5000  -30.0000   22.5000 2214.2878   24.9166
    0.0000  -30.0000   22.5000 2215.0764   24.7773
    7.5000  -30.0000   22.5000 2180.3394   25.5905
   -7.5000  -22.5000   22.5000 2371.4568   22.1037
    0.0000  -22.5000   22.5000 2367.4070   22.0181
    7.5000  -22.5000   22.5000 2328.8289   22.7129
   -7.5000  -15.0000   22.5000 2509.5234   20.0249
    0.0000  -15.0000   22.5000 2511.2009   19.9373
    7.5000  -15.0000   22.5000 2463.6130   20.5748
   -7.5000   -7.5000   22.5000 2632.1370   18.5884
    0.0000   -7.5000   22.5000 2632.5801   18.4800
    7.5000   -7.5000   22.5000 2583.9622   19.0504
   -7.5000    0.0000   22.5000 2724.0781   17.5580
    0.0000    0.0000   22.5000 2722.9478   17.3689
    7.5000    0.0000   22.5000 2675.4231   17.9904
   -7.5000    7.5000   22.5000 2785.4497   16.8026
    0.0000    7.5000   22.5000 2790.7878   16.7088
    7.5000    7.5000   22.5000 2741.4229   17.2824
   -7.5000   15.0000   22.5000 2817.2361   16.5291
    0.0000   15.0000   22.5000 2811.8789   16.4562
    7.5000   15.0000   22.5000 2765.5120   16.9178
   -7.5000   22.5000   22.5000 2796.0400   16.6244
    0.0000   22.5000   22.5000 2805.3589   16.5831
    7.5000   22.5000   22.5000 2757.3867   16.9135
   -7.5000   30.0000   22.5000 2739.6917   17.0461
    0.0000   30.0000   22.5000 2752.1321   17.0093
    7.5000   30.0000   22.5000 2714.2102   17.2533
   -7.5000   37.5000   22.5000 2660.6716   17.8489
    0.0000   37.5000   22.5000 2672.1335   17.8240
    7.5000   37.5000   22.5000 2638.2966   18.0571
   -7.5000   45.0000   22.5000 2551.8228   19.0268
    0.0000   45.0000   22.5000 2560.2041   18.9185
    7.5000   45.0000   22.5000 2530.8206   19.1780
   -7.5000  -45.0000   30.0000 1865.0486   34.2560
    0.0000  -45.0000   30.0000 1859.8004   33.9949
    7.5000  -45.0000   30.0000 1840.1334   35.0076
   -7.5000  -37.5000   30.0000 2036.9648   29.4226
    0.0000  -37.5000   30.0000 2037.1532   29.2239
    7.5000  -37.5000   30.0000 2006.9490   30.0824
   -7.5000  -30.0000   30.0000 2195.7317   25.7582
    0.0000  -30.0000   30.0000 2198.1008   25.6077
    7.5000  -30.0000   30.0000 2161.7097   26.3616
   -7.5000  -22.5000   30.0000 2346.5859   22.9242
    0.0000  -22.5000   30.0000 2345.8901   22.8352
    7.5000  -22.5000   30.0000 2305.9873   23.4897
   -7.5000  -15.0000   30.0000 2478.9282   20.8223
    0.0000  -15.0000   30.0000 2480.4961   20.7499
    7.5000  -15.0000   30.0000 2436.0618   21.3514
   -7.5000   -7.5000   30.0000 2594.7854   19.3167
    0.0000   -7.5000   30.0000 2594.0193   19.1726
    7.5000   -7.5000   30.0000 2549.0935   19.7637
   -7.5000    0.0000   30.0000 2683.3218   18.2483
    0.0000    0.0000   30.0000 2687.4407   18.0637
    7.5000    0.0000   30.0000 2636.4583   18.7089
   -7.5000    7.5000   30.0000 2734.6169   17.5557
    0.0000    7.5000   30.0000 2738.5022   17.4466
    7.5000    7.5000   30.0000 2693.6641   18.0280
   -7.5000   15.0000   30.0000 2749.7031   17.2604
    0.0000   15.0000   30.0000 2749.6194   17.1550
    7.5000   15.0000   30.0000 2706.7935   17.7106
   -7.5000   22.5000   30.0000 2724.9336   17.3189
    0.0000   22.5000   30.0000 2734.4771   17.2343
    7.5000   22.5000   30.0000 2690.7080   17.6356
   -7.5000   30.0000   30.0000 2670.5959   17.7610
    0.0000   30.0000   30.0000 2679.1611   17.6770
    7.5000   30.0000   30.0000 2646.6899   17.9746
   -7.5000   37.5000   30.0000 2596.4219   18.5857
    0.0000   37.5000   30.0000 2605.2166   18.5368
    7.5000   37.5000   30.0000 2574.2214   18.7869
   -7.5000   45.0000   30.0000 2496.1333   19.7944
    0.0000   45.0000   30.0000 2503.7424   19.7321
    7.5000   45.0000   30.0000 2470.6357   20.0138
   -7.5000  -45.0000   37.5000 1851.6708   35.3195
    0.0000  -45.0000   37.5000 1845.8885   35.1082
    7.5000  -45.0000   37.5000 1822.4696   35.9703
   -7.5000  -37.5000   37.5000 2020.3110   30.5305
    0.0000  -37.5000   37.5000 2021.3323   30.3473
    7.5000  -37.5000   37.5000 1986.1964   31.1262
   -7.5000  -30.0000   37.5000 2174.6094   26.8258
    0.0000  -30.0000   37.5000 2178.4595   26.7616
    7.5000  -30.0000   37.5000 2132.8735   27.4136
   -7.5000  -22.5000   37.5000 2319.7136   23.9313
    0.0000  -22.5000   37.5000 2322.2598   23.8749
    7.5000  -22.5000   37.5000 2273.0923   24.4986
   -7.5000  -15.0000   37.5000 2440.0403   21.7844
    0.0000  -15.0000   37.5000 2444.2395   21.7365
    7.5000  -15.0000   37.5000 2396.1306   22.3202
   -7.5000   -7.5000   37.5000 2545.7107   20.2545
    0.0000   -7.5000   37.5000 2548.8132   20.1065
    7.5000   -7.5000   37.5000 2498.5100   20.7038
   -7.5000    0.0000   37.5000 2627.6724   19.1768
    0.0000    0.0000   37.5000 2631.0027   19.0405
    7.5000    0.0000   37.5000 2579.2278   19.6188
   -7.5000    7.5000   37.5000 2666.8689   18.4994
    0.0000    7.5000   37.5000 2667.5857   18.4205
    7.5000    7.5000   37.5000 2626.7415   18.9531
   -7.5000   15.0000   37.5000 2671.9448   18.1731
    0.0000   15.0000   37.5000 2677.2551   18.0731
    7.5000   15.0000   37.5000 2639.9695   18.6516
   -7.5000   22.5000   37.5000 2652.1665   18.1990
    0.0000   22.5000   37.5000 2659.5854   18.0905
    7.5000   22.5000   37.5000 2620.1440   18.5574
   -7.5000   30.0000   37.5000 2597.0408   18.6411
    0.0000   30.0000   37.5000 2606.6045   18.5278
    7.5000   30.0000   37.5000 2575.4004   18.8822
   -7.5000   37.5000   37.5000 2527.8235   19.5045
    0.0000   37.5000   37.5000 2538.6377   19.4469
    7.5000   37.5000   37.5000 2506.7937   19.7074
   -7.5000   45.0000   37.5000 2433.0269   20.7929
    0.0000   45.0000   37.5000 2438.0620   20.7182
    7.5000   45.0000   37.5000 2407.9111   21.0125
   -7.5000  -45.0000   45.0000 1822.3956   36.7357
    0.0000  -45.0000   45.0000 1816.2770   36.4690
    7.5000  -45.0000   45.0000 1797.1185   37.5552
   -7.5000  -37.5000   45.0000 1988.2628   31.9161
    0.0000  -37.5000   45.0000 1990.5000   31.7336
    7.5000  -37.5000   45.0000 1953.8523   32.5521
   -7.5000  -30.0000   45.0000 2143.3457   28.2099
    0.0000  -30.0000   45.0000 2147.4744   28.1175
    7.5000  -30.0000   45.0000 2100.6306   28.7868
   -7.5000  -22.5000   45.0000 2278.4873   25.3071
    0.0000  -22.5000   45.0000 2283.2195   25.2490
    7.5000  -22.5000   45.0000 2233.9678   25.8120
   -7.5000  -15.0000   45.0000 2387.6824   23.0600
    0.0000  -15.0000   45.0000 2390.8792   22.9960
    7.5000  -15.0000   45.0000 2343.7295   23.5788
   -7.5000   -7.5000   45.0000 2479.5093   21.4994
    0.0000   -7.5000   45.0000 2484.7686   21.3694
    7.5000   -7.5000   45.0000 2437.2446   21.9411
   -7.5000    0.0000   45.0000 2549.7058   20.3950
    0.0000    0.0000   45.0000 2551.7922   20.2999
    7.5000    0.0000   45.0000 2507.9680   20.8100
   -7.5000    7.5000   45.0000 2579.3450   19.6740
    0.0000    7.5000   45.0000 2578.8792   19.5870
    7.5000    7.5000   45.0000 2546.3804   20.1127
   -7.5000   15.0000   45.0000 2574.8428   19.2999
    0.0000   15.0000   45.0000 2582.0300   19.2235
    7.5000   15.0000   45.0000 2551.1807   19.7635
   -7.5000   22.5000   45.0000 2565.2305   19.2818
    0.0000   22.5000   45.0000 2570.4968   19.1677
    7.5000   22.5000   45.0000 2537.9133   19.6639
   -7.5000   30.0000   45.0000 2518.9895   19.7565
    0.0000   30.0000   45.0000 2527.8455   19.6462
    7.5000   30.0000   45.0000 2497.3474   20.0112
   -7.5000   37.5000   45.0000 2447.1733   20.6872
    0.0000   37.5000   45.0000 2456.6912   20.6437
    7.5000   37.5000   45.0000 2429.6223   20.9342
   -7.5000   45.0000   45.0000 2355.5872   22.0345
    0.0000   45.0000   45.0000 2358.7673   21.9253
    7.5000   45.0000   45.0000 2333.8362   22.2328

---------------------------------------------------------------------
imgreg_4dfp /opt/freesurfer/average/711-2C_as_mni_average_305 /opt/freesurfer/average/711-2B_as_mni_average_305_mask talsrcimg_g11 none talsrcimg_to_711-2C_as_mni_average_305_t4 1283
---------------------------------------------------------------------

freesurfer imgreg_4dfp.c
/opt/freesurfer/average/711-2C_as_mni_average_305.4dfp.img
       256       256       256         1
  1.000000  1.000000  1.000000
orientation T byte_order littleendian
Reading image: /opt/freesurfer/average/711-2C_as_mni_average_305.4dfp.img
dimensions:      256       256       256
mmppix:       1.0000   -1.0000   -1.0000
center:     128.0000 -129.0000 -129.0000
/opt/freesurfer/average/711-2B_as_mni_average_305_mask.4dfp.img
       256       256       256         1
  1.000000  1.000000  1.000000
orientation T byte_order littleendian
Reading mask: /opt/freesurfer/average/711-2B_as_mni_average_305_mask.4dfp.img (2306576 pixels)
talsrcimg_g11.4dfp.img
       256       256       256         1
  1.000000  1.000000  1.000000
orientation T byte_order littleendian
Reading image: talsrcimg_g11.4dfp.img
dimensions:      256       256       256
mmppix:       1.0000   -1.0000   -1.0000
center:     128.0000 -129.0000 -129.0000
rotation matrix determinant  1.000000
fimgreg.f
image alignment mode   1283 decimal      503 hex
parameters
   -7.5000   15.0000    7.5000    0.0000    0.0000    0.0000
eta,q 0.90718 15.53610
niter,ni,del,rscale     5    3   12.0000    1.2000
parameter  4 -2.087991 -> -0.500000 qaram    1.1500
parameter  6 -0.642609 -> -0.500000 qaram    1.1500
parameters
   -5.0719   16.1474    9.5089    3.4500    0.1544    3.4500
eta,q 0.91277 15.38092
  0.1178  0.1017  0.0977  0.1009  0.0940  0.0954
  0.1069  0.0967  0.0964  0.0982  0.0913  0.0929
  0.0973  0.0945  0.0954  0.0955  0.0902  0.0906
  0.0932  0.0938  0.0940  0.0920  0.0890  0.0889
  0.0932  0.0948  0.0920  0.0899  0.0884  0.0873
  0.0934  0.0954  0.0922  0.0887  0.0908  0.0873
  0.0954  0.0964  0.0954  0.0871  0.0941  0.0881
niter,ni,del,rscale     6    3   12.0000    1.2000
parameter  4 -0.936260 -> -0.500000 qaram    1.3225
parameters
   -3.4802   15.8779    7.9877    7.4175    1.2788    4.0742
eta,q 0.91676 15.34255
  0.1019  0.0947  0.0897  0.1002  0.0926  0.0885
  0.0944  0.0894  0.0884  0.0951  0.0890  0.0866
  0.0899  0.0861  0.0868  0.0896  0.0854  0.0848
  0.0872  0.0865  0.0863  0.0865  0.0834  0.0834
  0.0866  0.0884  0.0883  0.0843  0.0838  0.0834
  0.0880  0.0912  0.0927  0.0834  0.0855  0.0850
  0.0916  0.0951  0.0965  0.0822  0.0878  0.0875
niter,ni,del,rscale     6    3   12.0000    1.2000
parameters
   -3.6827   15.6003    7.4216   11.1180    1.8056    3.8868
eta,q 0.91807 15.15865
  0.0929  0.0896  0.0870  0.0927  0.0860  0.0869
  0.0879  0.0872  0.0867  0.0875  0.0831  0.0850
  0.0834  0.0844  0.0848  0.0851  0.0825  0.0831
  0.0832  0.0830  0.0831  0.0833  0.0819  0.0819
  0.0863  0.0843  0.0839  0.0829  0.0819  0.0818
  0.0896  0.0875  0.0866  0.0816  0.0826  0.0843
  0.0927  0.0915  0.0904  0.0836  0.0846  0.0888
niter,ni,del,rscale     5    3   12.0000    1.2000
parameters
   -4.1626   15.7605    7.2478   11.0003    1.9272    3.7417
eta,q 0.91854 15.09685
  0.0878  0.0899  0.0831  0.0865  0.0853  0.0872
  0.0834  0.0870  0.0846  0.0842  0.0829  0.0850
  0.0806  0.0843  0.0841  0.0831  0.0824  0.0829
  0.0819  0.0813  0.0811  0.0813  0.0814  0.0814
  0.0839  0.0820  0.0803  0.0821  0.0815  0.0815
  0.0851  0.0861  0.0822  0.0848  0.0827  0.0843
  0.0889  0.0899  0.0866  0.0869  0.0853  0.0890
niter,ni,del,rscale     4    3   12.0000    1.2000
parameters
   -4.0609   15.8439    7.0206   10.8704    1.9349    3.7587
eta,q 0.91814 15.09142
  0.0891  0.0899  0.0831  0.0867  0.0850  0.0877
  0.0843  0.0869  0.0844  0.0844  0.0831  0.0855
  0.0811  0.0845  0.0842  0.0835  0.0828  0.0833
  0.0815  0.0816  0.0815  0.0818  0.0819  0.0819
  0.0835  0.0826  0.0805  0.0824  0.0818  0.0818
  0.0843  0.0866  0.0822  0.0851  0.0829  0.0844
  0.0876  0.0902  0.0865  0.0870  0.0855  0.0888
niter,ni,del,rscale     3    3   12.0000    1.2000
parameters
   -3.9798   15.9363    6.9329   10.7264    1.9669    3.7671
eta,q 0.91794 15.09435
  0.0889  0.0901  0.0831  0.0868  0.0851  0.0878
  0.0844  0.0871  0.0842  0.0846  0.0832  0.0857
  0.0815  0.0849  0.0844  0.0836  0.0830  0.0835
  0.0819  0.0819  0.0819  0.0820  0.0821  0.0821
  0.0835  0.0829  0.0806  0.0827  0.0820  0.0821
  0.0843  0.0868  0.0820  0.0854  0.0830  0.0847
  0.0878  0.0903  0.0860  0.0871  0.0854  0.0890
niter,ni,del,rscale     2    3   12.0000    1.2000
parameters
   -3.9198   16.0194    6.9179   10.6287    1.9396    3.7740
eta,q 0.91786 15.09942
  0.0890  0.0902  0.0832  0.0869  0.0850  0.0878
  0.0845  0.0872  0.0841  0.0848  0.0832  0.0858
  0.0817  0.0850  0.0844  0.0836  0.0830  0.0836
  0.0821  0.0821  0.0820  0.0820  0.0821  0.0821
  0.0835  0.0830  0.0807  0.0827  0.0820  0.0822
  0.0844  0.0869  0.0820  0.0855  0.0832  0.0847
  0.0880  0.0904  0.0859  0.0872  0.0854  0.0889
niter,ni,del,rscale     1    3   12.0000    1.2000
parameters
   -3.8768   16.0741    6.9315   10.5739    1.9192    3.7773
eta,q 0.91784 15.10501
  0.0890  0.0901  0.0833  0.0871  0.0850  0.0878
  0.0846  0.0871  0.0841  0.0849  0.0832  0.0858
  0.0818  0.0851  0.0844  0.0837  0.0830  0.0836
  0.0821  0.0822  0.0821  0.0821  0.0822  0.0822
  0.0835  0.0831  0.0808  0.0828  0.0821  0.0822
  0.0844  0.0870  0.0820  0.0855  0.0832  0.0848
  0.0882  0.0904  0.0859  0.0872  0.0854  0.0889
registration optimization eta report
parameter search radius
    6.0000    6.0000    6.0000    7.9350    6.0000    6.9000
100000*second partial in parameter space
       18.       21.        7.        7.        8.       13.
  0.0890  0.0901  0.0833  0.0871  0.0850  0.0878
  0.0846  0.0871  0.0841  0.0849  0.0832  0.0858
  0.0818  0.0851  0.0844  0.0837  0.0830  0.0836
  0.0821  0.0822  0.0821  0.0821  0.0822  0.0822
  0.0835  0.0831  0.0808  0.0828  0.0821  0.0822
  0.0844  0.0870  0.0820  0.0855  0.0832  0.0848
  0.0882  0.0904  0.0859  0.0872  0.0854  0.0889
   -3.8768   16.0741    6.9315   10.5739    1.9192    3.7773
eta,q 0.91784 15.10501

---------------------------------------------------------------------
imgreg_4dfp /opt/freesurfer/average/711-2C_as_mni_average_305 /opt/freesurfer/average/711-2B_as_mni_average_305_mask talsrcimg_g11 none talsrcimg_to_711-2C_as_mni_average_305_t4 3335
---------------------------------------------------------------------

freesurfer imgreg_4dfp.c
/opt/freesurfer/average/711-2C_as_mni_average_305.4dfp.img
       256       256       256         1
  1.000000  1.000000  1.000000
orientation T byte_order littleendian
Reading image: /opt/freesurfer/average/711-2C_as_mni_average_305.4dfp.img
dimensions:      256       256       256
mmppix:       1.0000   -1.0000   -1.0000
center:     128.0000 -129.0000 -129.0000
/opt/freesurfer/average/711-2B_as_mni_average_305_mask.4dfp.img
       256       256       256         1
  1.000000  1.000000  1.000000
orientation T byte_order littleendian
Reading mask: /opt/freesurfer/average/711-2B_as_mni_average_305_mask.4dfp.img (2306576 pixels)
talsrcimg_g11.4dfp.img
       256       256       256         1
  1.000000  1.000000  1.000000
orientation T byte_order littleendian
Reading image: talsrcimg_g11.4dfp.img
dimensions:      256       256       256
mmppix:       1.0000   -1.0000   -1.0000
center:     128.0000 -129.0000 -129.0000
fimgreg.f
image alignment mode   3335 decimal      D07 hex
parameters
   -3.8768   16.0741    6.9315   -0.2732   -1.9521   -1.7532
   -7.0891   -2.0761    6.5841  -18.5273    3.3490   18.3400
eta,q 0.92025 15.00240
niter,ni,del,rscale     5    3    5.0000    1.2000
parameter  3 -0.623097 -> -0.500000 qaram    1.1500
parameter  4 -7.720056 ->  0.500000 qaram    1.1500
parameter  5  8.031896 ->  0.500000 qaram    1.1500
parameter  6  1.634505 ->  0.500000 qaram    1.1500
parameter  7 -0.505293 -> -0.500000 qaram    1.1500
parameter 12  1.103113 ->  0.500000 qaram    1.1500
parameters
   -2.7226   16.0319    8.3115   -4.4132   -6.0921   -5.8932
   -2.9491    0.9109    6.1650  -15.9285    2.0010   14.2000
eta,q 0.94171 14.52609
  0.0810  0.0808  0.0814  0.0661  0.0608  0.0585  0.0636  0.0681  0.0605  0.0643  0.0601  0.0581
  0.0806  0.0801  0.0806  0.0708  0.0647  0.0604  0.0625  0.0656  0.0599  0.0623  0.0593  0.0582
  0.0802  0.0796  0.0799  0.0750  0.0682  0.0627  0.0616  0.0631  0.0597  0.0608  0.0589  0.0585
  0.0797  0.0793  0.0793  0.0789  0.0720  0.0656  0.0610  0.0607  0.0596  0.0596  0.0589  0.0588
  0.0794  0.0795  0.0790  0.0833  0.0760  0.0699  0.0607  0.0596  0.0597  0.0589  0.0594  0.0593
  0.0794  0.0800  0.0789  0.0872  0.0800  0.0754  0.0607  0.0601  0.0601  0.0593  0.0602  0.0599
  0.0799  0.0811  0.0792  0.0906  0.0847  0.0798  0.0610  0.0620  0.0608  0.0605  0.0614  0.0607
niter,ni,del,rscale     7    3    5.0000    1.2000
parameter  3  1.182758 ->  0.500000 qaram    1.3225
parameter  4  3.438499 ->  0.500000 qaram    1.3225
parameter  5 11.322960 ->  0.500000 qaram    1.3225
parameter 12  0.588942 ->  0.500000 qaram    1.3225
parameters
   -3.6959   14.8377    6.7245   -9.1742  -10.8531   -8.6774
   -3.6715   -0.1026    6.2646  -16.8337    2.2165    9.4390
eta,q 0.96274 14.23441
  0.0590  0.0578  0.0550  0.0434  0.0332  0.0399  0.0418  0.0422  0.0406  0.0414  0.0396  0.0377
  0.0580  0.0574  0.0552  0.0463  0.0370  0.0387  0.0397  0.0396  0.0392  0.0391  0.0387  0.0373
  0.0578  0.0574  0.0560  0.0506  0.0420  0.0381  0.0385  0.0382  0.0384  0.0380  0.0381  0.0373
  0.0583  0.0578  0.0573  0.0554  0.0474  0.0383  0.0381  0.0381  0.0380  0.0380  0.0379  0.0379
  0.0595  0.0585  0.0590  0.0613  0.0528  0.0397  0.0388  0.0392  0.0383  0.0390  0.0380  0.0389
  0.0613  0.0596  0.0609  0.0667  0.0578  0.0438  0.0407  0.0417  0.0391  0.0407  0.0385  0.0401
  0.0634  0.0611  0.0630  0.0720  0.0629  0.0504  0.0434  0.0455  0.0406  0.0435  0.0395  0.0416
niter,ni,del,rscale     7    3    5.0000    1.2000
parameter  4  0.664338 ->  0.500000 qaram    1.5209
parameter  5  0.831532 ->  0.500000 qaram    1.5209
parameters
   -3.6649   15.0792    6.2408  -14.6493  -16.3282   -5.6554
   -4.2495   -0.6264    6.8378  -18.0946    0.6555   12.8446
eta,q 0.97137 14.08641
  0.0414  0.0414  0.0393  0.0351  0.0301  0.0343  0.0329  0.0340  0.0320  0.0322  0.0296  0.0325
  0.0392  0.0393  0.0380  0.0339  0.0299  0.0326  0.0307  0.0309  0.0305  0.0299  0.0291  0.0309
  0.0378  0.0379  0.0373  0.0340  0.0307  0.0310  0.0294  0.0295  0.0296  0.0289  0.0289  0.0297
  0.0373  0.0373  0.0372  0.0372  0.0337  0.0300  0.0293  0.0292  0.0292  0.0292  0.0289  0.0289
  0.0376  0.0374  0.0378  0.0417  0.0387  0.0293  0.0300  0.0300  0.0293  0.0303  0.0292  0.0286
  0.0390  0.0383  0.0392  0.0474  0.0445  0.0290  0.0316  0.0320  0.0300  0.0323  0.0298  0.0288
  0.0413  0.0401  0.0413  0.0538  0.0502  0.0310  0.0340  0.0357  0.0313  0.0349  0.0306  0.0295
niter,ni,del,rscale     7    3    5.0000    1.2000
parameters
   -3.6276   15.9873    6.1044  -15.7696  -20.5116   -6.9624
   -4.5708   -0.4917    7.2810  -17.9871    0.6182   14.1929
eta,q 0.97155 13.66956
  0.0330  0.0345  0.0311  0.0349  0.0305  0.0312  0.0318  0.0334  0.0304  0.0320  0.0295  0.0313
  0.0306  0.0320  0.0292  0.0319  0.0289  0.0297  0.0299  0.0304  0.0294  0.0301  0.0290  0.0300
  0.0291  0.0300  0.0282  0.0297  0.0282  0.0288  0.0289  0.0289  0.0288  0.0290  0.0286  0.0290
  0.0286  0.0286  0.0280  0.0280  0.0285  0.0282  0.0285  0.0285  0.0285  0.0285  0.0285  0.0285
  0.0290  0.0280  0.0285  0.0286  0.0315  0.0284  0.0290  0.0290  0.0286  0.0289  0.0286  0.0285
  0.0304  0.0283  0.0297  0.0336  0.0376  0.0310  0.0303  0.0304  0.0291  0.0300  0.0289  0.0291
  0.0327  0.0296  0.0316  0.0401  0.0443  0.0356  0.0323  0.0328  0.0301  0.0318  0.0296  0.0301
niter,ni,del,rscale     6    3    5.0000    1.2000
parameters
   -3.5422   16.3406    6.3250  -15.3786  -21.8020   -7.3837
   -4.7150   -0.3995    7.1905  -17.5758    0.5261   14.4243
eta,q 0.97154 13.57031
  0.0322  0.0321  0.0315  0.0352  0.0327  0.0316  0.0319  0.0332  0.0300  0.0319  0.0296  0.0309
  0.0302  0.0302  0.0299  0.0322  0.0305  0.0300  0.0300  0.0303  0.0292  0.0301  0.0289  0.0296
  0.0289  0.0290  0.0288  0.0300  0.0290  0.0289  0.0289  0.0288  0.0287  0.0290  0.0286  0.0288
  0.0285  0.0284  0.0284  0.0284  0.0282  0.0284  0.0285  0.0285  0.0285  0.0285  0.0285  0.0285
  0.0287  0.0285  0.0286  0.0277  0.0285  0.0281  0.0289  0.0290  0.0286  0.0287  0.0286  0.0287
  0.0298  0.0292  0.0293  0.0306  0.0316  0.0296  0.0302  0.0304  0.0292  0.0297  0.0290  0.0294
  0.0317  0.0304  0.0308  0.0354  0.0373  0.0335  0.0322  0.0328  0.0301  0.0312  0.0296  0.0307
niter,ni,del,rscale     5    3    5.0000    1.2000
parameters
   -3.5341   16.4373    6.4044  -15.3606  -21.9925   -7.4059
   -4.7142   -0.3986    7.2097  -17.4538    0.4649   14.3642
eta,q 0.97151 13.55256
  0.0320  0.0313  0.0313  0.0348  0.0335  0.0318  0.0320  0.0330  0.0300  0.0316  0.0296  0.0308
  0.0300  0.0297  0.0298  0.0319  0.0312  0.0302  0.0301  0.0302  0.0292  0.0299  0.0290  0.0295
  0.0289  0.0288  0.0288  0.0299  0.0294  0.0290  0.0289  0.0288  0.0287  0.0289  0.0286  0.0287
  0.0285  0.0285  0.0285  0.0285  0.0284  0.0285  0.0285  0.0285  0.0285  0.0285  0.0285  0.0285
  0.0288  0.0288  0.0287  0.0281  0.0283  0.0282  0.0289  0.0290  0.0286  0.0288  0.0286  0.0288
  0.0300  0.0295  0.0295  0.0312  0.0302  0.0293  0.0301  0.0305  0.0292  0.0298  0.0290  0.0295
  0.0320  0.0307  0.0311  0.0358  0.0352  0.0328  0.0320  0.0328  0.0300  0.0314  0.0296  0.0309
niter,ni,del,rscale     4    3    5.0000    1.2000
parameters
   -3.5389   16.4607    6.4050  -15.3714  -21.9968   -7.3958
   -4.7031   -0.4036    7.2339  -17.4028    0.4429   14.3259
eta,q 0.97151 13.55125
  0.0320  0.0311  0.0312  0.0347  0.0337  0.0318  0.0320  0.0330  0.0300  0.0315  0.0296  0.0308
  0.0300  0.0296  0.0297  0.0319  0.0313  0.0302  0.0301  0.0302  0.0292  0.0299  0.0290  0.0296
  0.0289  0.0287  0.0288  0.0299  0.0295  0.0290  0.0289  0.0288  0.0287  0.0289  0.0286  0.0288
  0.0285  0.0285  0.0285  0.0285  0.0285  0.0285  0.0285  0.0285  0.0285  0.0285  0.0285  0.0285
  0.0288  0.0288  0.0287  0.0281  0.0283  0.0282  0.0289  0.0290  0.0286  0.0288  0.0286  0.0288
  0.0300  0.0296  0.0296  0.0312  0.0300  0.0293  0.0301  0.0305  0.0292  0.0299  0.0290  0.0295
  0.0320  0.0309  0.0313  0.0358  0.0349  0.0327  0.0320  0.0328  0.0300  0.0314  0.0296  0.0308
registration optimization eta report
parameter search radius
    2.4000    2.4000    3.1740   10.9503   10.9503    8.2800
    8.2800    7.2000    7.2000    7.2000    7.2000    9.5220
100000*second partial in parameter space
       61.       43.       27.        6.        5.        6.
        5.        9.        3.        6.        2.        3.
  0.0320  0.0311  0.0312  0.0347  0.0337  0.0318  0.0320  0.0330  0.0300  0.0315  0.0296  0.0308
  0.0300  0.0296  0.0297  0.0319  0.0313  0.0302  0.0301  0.0302  0.0292  0.0299  0.0290  0.0296
  0.0289  0.0287  0.0288  0.0299  0.0295  0.0290  0.0289  0.0288  0.0287  0.0289  0.0286  0.0288
  0.0285  0.0285  0.0285  0.0285  0.0285  0.0285  0.0285  0.0285  0.0285  0.0285  0.0285  0.0285
  0.0288  0.0288  0.0287  0.0281  0.0283  0.0282  0.0289  0.0290  0.0286  0.0288  0.0286  0.0288
  0.0300  0.0296  0.0296  0.0312  0.0300  0.0293  0.0301  0.0305  0.0292  0.0299  0.0290  0.0295
  0.0320  0.0309  0.0313  0.0358  0.0349  0.0327  0.0320  0.0328  0.0300  0.0314  0.0296  0.0308
   -3.5389   16.4607    6.4050  -15.3714  -21.9968   -7.3958
   -4.7031   -0.4036    7.2339  -17.4028    0.4429   14.3259
eta,q 0.97151 13.55125

---------------------------------------------------------------------
imgreg_4dfp /opt/freesurfer/average/711-2C_as_mni_average_305 /opt/freesurfer/average/711-2B_as_mni_average_305_mask talsrcimg_g11 none talsrcimg_to_711-2C_as_mni_average_305_t4 2311
---------------------------------------------------------------------

freesurfer imgreg_4dfp.c
/opt/freesurfer/average/711-2C_as_mni_average_305.4dfp.img
       256       256       256         1
  1.000000  1.000000  1.000000
orientation T byte_order littleendian
Reading image: /opt/freesurfer/average/711-2C_as_mni_average_305.4dfp.img
dimensions:      256       256       256
mmppix:       1.0000   -1.0000   -1.0000
center:     128.0000 -129.0000 -129.0000
/opt/freesurfer/average/711-2B_as_mni_average_305_mask.4dfp.img
       256       256       256         1
  1.000000  1.000000  1.000000
orientation T byte_order littleendian
Reading mask: /opt/freesurfer/average/711-2B_as_mni_average_305_mask.4dfp.img (2306576 pixels)
talsrcimg_g11.4dfp.img
       256       256       256         1
  1.000000  1.000000  1.000000
orientation T byte_order littleendian
Reading image: talsrcimg_g11.4dfp.img
dimensions:      256       256       256
mmppix:       1.0000   -1.0000   -1.0000
center:     128.0000 -129.0000 -129.0000
fimgreg.f
image alignment mode   2311 decimal      907 hex
parameters
   -3.5389   16.4607    6.4050  -15.3714  -21.9968   -7.3958
   -4.7031   -0.4036    7.2339  -17.4028    0.4429   14.3259
eta,q 0.97151 13.55126
niter,ni,del,rscale     5    3    5.0000    0.8000
parameters
   -3.5231   16.4125    6.4910  -13.1823  -19.6184   -5.8115
   -4.7585   -0.0835    7.0044  -17.9680    1.0095   13.1948
eta,q 0.97267 13.92930
  0.0300  0.0296  0.0292  0.0304  0.0295  0.0291  0.0291  0.0307  0.0283  0.0286  0.0281  0.0277
  0.0292  0.0289  0.0288  0.0297  0.0288  0.0284  0.0281  0.0288  0.0278  0.0278  0.0277  0.0274
  0.0287  0.0286  0.0286  0.0291  0.0283  0.0279  0.0275  0.0277  0.0275  0.0274  0.0274  0.0273
  0.0285  0.0285  0.0285  0.0285  0.0279  0.0276  0.0274  0.0274  0.0274  0.0274  0.0274  0.0274
  0.0286  0.0287  0.0285  0.0280  0.0277  0.0274  0.0276  0.0276  0.0275  0.0277  0.0274  0.0275
  0.0291  0.0291  0.0287  0.0280  0.0276  0.0273  0.0282  0.0284  0.0279  0.0284  0.0275  0.0278
  0.0300  0.0297  0.0291  0.0287  0.0279  0.0280  0.0291  0.0298  0.0285  0.0294  0.0278  0.0283
niter,ni,del,rscale     4    3    5.0000    0.7000
parameters
   -3.5481   16.1461    6.1452  -13.4191  -19.5576   -5.6414
   -4.6948   -0.2093    6.8746  -18.1473    1.3765   13.4393
eta,q 0.97278 13.94289
  0.0289  0.0280  0.0276  0.0289  0.0282  0.0283  0.0285  0.0293  0.0279  0.0284  0.0277  0.0277
  0.0280  0.0275  0.0273  0.0282  0.0278  0.0279  0.0278  0.0280  0.0275  0.0277  0.0274  0.0274
  0.0275  0.0273  0.0272  0.0276  0.0275  0.0276  0.0274  0.0274  0.0273  0.0273  0.0273  0.0273
  0.0273  0.0273  0.0273  0.0272  0.0273  0.0273  0.0272  0.0272  0.0272  0.0272  0.0272  0.0272
  0.0275  0.0276  0.0274  0.0274  0.0273  0.0271  0.0274  0.0275  0.0273  0.0274  0.0272  0.0272
  0.0281  0.0281  0.0277  0.0282  0.0276  0.0274  0.0277  0.0283  0.0276  0.0279  0.0274  0.0274
  0.0290  0.0288  0.0281  0.0297  0.0284  0.0286  0.0284  0.0295  0.0280  0.0286  0.0276  0.0276
niter,ni,del,rscale     3    3    5.0000    0.6000
parameters
   -3.5630   16.1858    6.0866  -13.2737  -19.4495   -5.4370
   -4.6941   -0.2291    6.7332  -18.1419    1.5724   13.2818
eta,q 0.97286 13.96488
  0.0284  0.0281  0.0276  0.0287  0.0279  0.0281  0.0281  0.0288  0.0277  0.0281  0.0275  0.0274
  0.0277  0.0276  0.0274  0.0281  0.0276  0.0278  0.0275  0.0278  0.0274  0.0276  0.0273  0.0273
  0.0273  0.0273  0.0272  0.0276  0.0273  0.0275  0.0272  0.0273  0.0272  0.0272  0.0272  0.0272
  0.0272  0.0272  0.0272  0.0272  0.0272  0.0272  0.0271  0.0271  0.0271  0.0271  0.0271  0.0271
  0.0274  0.0273  0.0273  0.0272  0.0272  0.0270  0.0272  0.0273  0.0272  0.0272  0.0271  0.0272
  0.0278  0.0275  0.0275  0.0277  0.0274  0.0273  0.0275  0.0279  0.0274  0.0276  0.0272  0.0273
  0.0284  0.0280  0.0277  0.0287  0.0280  0.0282  0.0280  0.0288  0.0278  0.0281  0.0274  0.0275
niter,ni,del,rscale     2    3    5.0000    0.5000
parameters
   -3.5754   16.1933    6.0503  -13.1140  -19.2553   -5.1543
   -4.6757   -0.2406    6.6700  -18.1167    1.6764   13.0549
eta,q 0.97296 13.99418
  0.0280  0.0277  0.0275  0.0283  0.0277  0.0279  0.0277  0.0283  0.0274  0.0278  0.0273  0.0272
  0.0275  0.0274  0.0273  0.0278  0.0274  0.0276  0.0273  0.0276  0.0272  0.0274  0.0272  0.0271
  0.0272  0.0272  0.0272  0.0274  0.0272  0.0274  0.0271  0.0272  0.0271  0.0271  0.0271  0.0271
  0.0271  0.0271  0.0271  0.0271  0.0271  0.0271  0.0270  0.0270  0.0270  0.0270  0.0270  0.0270
  0.0272  0.0272  0.0272  0.0271  0.0271  0.0270  0.0271  0.0272  0.0271  0.0271  0.0271  0.0271
  0.0275  0.0274  0.0273  0.0275  0.0272  0.0272  0.0273  0.0276  0.0272  0.0274  0.0271  0.0272
  0.0280  0.0277  0.0275  0.0282  0.0276  0.0279  0.0277  0.0283  0.0275  0.0277  0.0273  0.0273
niter,ni,del,rscale     1    3    5.0000    0.4000
parameters
   -3.5905   16.1917    6.0339  -13.0018  -19.0763   -4.9101
   -4.6661   -0.2514    6.6406  -18.0959    1.7604   12.8411
eta,q 0.97302 14.01746
  0.0276  0.0274  0.0273  0.0279  0.0274  0.0277  0.0274  0.0278  0.0273  0.0275  0.0272  0.0271
  0.0273  0.0272  0.0271  0.0275  0.0272  0.0274  0.0272  0.0273  0.0271  0.0272  0.0271  0.0270
  0.0271  0.0271  0.0271  0.0272  0.0271  0.0272  0.0270  0.0271  0.0270  0.0270  0.0270  0.0270
  0.0270  0.0270  0.0270  0.0270  0.0270  0.0270  0.0270  0.0270  0.0270  0.0270  0.0270  0.0270
  0.0271  0.0271  0.0271  0.0271  0.0270  0.0270  0.0270  0.0271  0.0270  0.0270  0.0270  0.0270
  0.0273  0.0272  0.0271  0.0273  0.0271  0.0271  0.0272  0.0273  0.0271  0.0272  0.0270  0.0271
  0.0276  0.0274  0.0273  0.0278  0.0273  0.0276  0.0274  0.0278  0.0273  0.0274  0.0271  0.0272
registration optimization eta report
parameter search radius
    0.8000    0.8000    0.8000    2.4000    2.4000    2.4000
    2.4000    2.4000    2.4000    2.4000    2.4000    2.4000
100000*second partial in parameter space
       89.       57.       36.       14.        6.       11.
        8.       15.        5.        8.        3.        3.
  0.0276  0.0274  0.0273  0.0279  0.0274  0.0277  0.0274  0.0278  0.0273  0.0275  0.0272  0.0271
  0.0273  0.0272  0.0271  0.0275  0.0272  0.0274  0.0272  0.0273  0.0271  0.0272  0.0271  0.0270
  0.0271  0.0271  0.0271  0.0272  0.0271  0.0272  0.0270  0.0271  0.0270  0.0270  0.0270  0.0270
  0.0270  0.0270  0.0270  0.0270  0.0270  0.0270  0.0270  0.0270  0.0270  0.0270  0.0270  0.0270
  0.0271  0.0271  0.0271  0.0271  0.0270  0.0270  0.0270  0.0271  0.0270  0.0270  0.0270  0.0270
  0.0273  0.0272  0.0271  0.0273  0.0271  0.0271  0.0272  0.0273  0.0271  0.0272  0.0270  0.0271
  0.0276  0.0274  0.0273  0.0278  0.0273  0.0276  0.0274  0.0278  0.0273  0.0274  0.0271  0.0272
   -3.5905   16.1917    6.0339  -13.0018  -19.0763   -4.9101
   -4.6661   -0.2514    6.6406  -18.0959    1.7604   12.8411
eta,q 0.97302 14.01746

---------------------------------------------------------------------
imgreg_4dfp /opt/freesurfer/average/711-2C_as_mni_average_305 /opt/freesurfer/average/711-2B_as_mni_average_305_mask talsrcimg_g11 none talsrcimg_to_711-2C_as_mni_average_305_t4 2311
---------------------------------------------------------------------

freesurfer imgreg_4dfp.c
/opt/freesurfer/average/711-2C_as_mni_average_305.4dfp.img
       256       256       256         1
  1.000000  1.000000  1.000000
orientation T byte_order littleendian
Reading image: /opt/freesurfer/average/711-2C_as_mni_average_305.4dfp.img
dimensions:      256       256       256
mmppix:       1.0000   -1.0000   -1.0000
center:     128.0000 -129.0000 -129.0000
/opt/freesurfer/average/711-2B_as_mni_average_305_mask.4dfp.img
       256       256       256         1
  1.000000  1.000000  1.000000
orientation T byte_order littleendian
Reading mask: /opt/freesurfer/average/711-2B_as_mni_average_305_mask.4dfp.img (2306576 pixels)
talsrcimg_g11.4dfp.img
       256       256       256         1
  1.000000  1.000000  1.000000
orientation T byte_order littleendian
Reading image: talsrcimg_g11.4dfp.img
dimensions:      256       256       256
mmppix:       1.0000   -1.0000   -1.0000
center:     128.0000 -129.0000 -129.0000
fimgreg.f
image alignment mode   2311 decimal      907 hex
parameters
   -3.5905   16.1917    6.0339  -13.0018  -19.0763   -4.9101
   -4.6661   -0.2514    6.6406  -18.0959    1.7604   12.8411
eta,q 0.97302 14.01746
niter,ni,del,rscale     5    3    5.0000    0.8000
parameters
   -3.5895   16.1781    6.0907  -13.5903  -19.6819   -5.7382
   -4.6277   -0.3571    6.6377  -18.0383    1.4781   13.4758
eta,q 0.97272 13.92184
  0.0293  0.0284  0.0281  0.0290  0.0281  0.0284  0.0289  0.0300  0.0283  0.0290  0.0278  0.0280
  0.0280  0.0276  0.0275  0.0282  0.0276  0.0279  0.0280  0.0283  0.0277  0.0280  0.0275  0.0276
  0.0272  0.0271  0.0271  0.0274  0.0273  0.0275  0.0275  0.0275  0.0274  0.0275  0.0273  0.0274
  0.0270  0.0270  0.0270  0.0270  0.0271  0.0271  0.0273  0.0273  0.0273  0.0273  0.0273  0.0273
  0.0273  0.0271  0.0271  0.0273  0.0272  0.0273  0.0275  0.0276  0.0274  0.0275  0.0274  0.0273
  0.0280  0.0277  0.0274  0.0287  0.0278  0.0285  0.0280  0.0285  0.0277  0.0280  0.0275  0.0274
  0.0293  0.0285  0.0279  0.0308  0.0292  0.0305  0.0288  0.0301  0.0283  0.0289  0.0279  0.0277
niter,ni,del,rscale     4    3    5.0000    0.7000
parameters
   -3.5738   16.2271    6.1011  -13.4394  -19.6467   -5.7277
   -4.6698   -0.2936    6.7083  -18.0797    1.4600   13.4582
eta,q 0.97276 13.93134
  0.0289  0.0284  0.0279  0.0290  0.0282  0.0283  0.0284  0.0295  0.0280  0.0285  0.0276  0.0277
  0.0280  0.0278  0.0275  0.0284  0.0278  0.0279  0.0277  0.0281  0.0276  0.0278  0.0274  0.0274
  0.0275  0.0274  0.0273  0.0278  0.0274  0.0276  0.0274  0.0274  0.0273  0.0274  0.0273  0.0273
  0.0273  0.0273  0.0273  0.0273  0.0272  0.0272  0.0272  0.0272  0.0272  0.0272  0.0272  0.0272
  0.0275  0.0274  0.0274  0.0272  0.0272  0.0271  0.0274  0.0275  0.0273  0.0274  0.0273  0.0273
  0.0280  0.0277  0.0275  0.0279  0.0275  0.0275  0.0278  0.0281  0.0276  0.0278  0.0274  0.0274
  0.0288  0.0282  0.0279  0.0292  0.0283  0.0287  0.0285  0.0293  0.0280  0.0285  0.0277  0.0277
niter,ni,del,rscale     3    3    5.0000    0.6000
parameters
   -3.5717   16.2096    6.0936  -13.2632  -19.4595   -5.4312
   -4.6721   -0.2558    6.7094  -18.1222    1.5848   13.2696
eta,q 0.97287 13.96432
  0.0284  0.0280  0.0277  0.0287  0.0279  0.0281  0.0281  0.0288  0.0277  0.0281  0.0275  0.0274
  0.0278  0.0276  0.0274  0.0281  0.0276  0.0278  0.0275  0.0278  0.0274  0.0275  0.0273  0.0273
  0.0274  0.0273  0.0273  0.0276  0.0274  0.0275  0.0272  0.0273  0.0272  0.0272  0.0272  0.0272
  0.0272  0.0272  0.0272  0.0272  0.0272  0.0272  0.0271  0.0271  0.0271  0.0271  0.0271  0.0271
  0.0274  0.0273  0.0273  0.0272  0.0272  0.0270  0.0272  0.0273  0.0272  0.0273  0.0272  0.0272
  0.0278  0.0276  0.0275  0.0277  0.0274  0.0273  0.0275  0.0278  0.0274  0.0276  0.0272  0.0273
  0.0284  0.0280  0.0277  0.0287  0.0279  0.0281  0.0280  0.0287  0.0277  0.0281  0.0274  0.0275
niter,ni,del,rscale     2    3    5.0000    0.5000
parameters
   -3.5822   16.1926    6.0504  -13.1118  -19.2594   -5.1550
   -4.6635   -0.2494    6.6593  -18.1179    1.6981   13.0543
eta,q 0.97296 13.99392
  0.0280  0.0277  0.0274  0.0283  0.0276  0.0279  0.0277  0.0283  0.0274  0.0278  0.0273  0.0272
  0.0275  0.0274  0.0273  0.0278  0.0274  0.0276  0.0273  0.0276  0.0272  0.0273  0.0272  0.0271
  0.0272  0.0272  0.0272  0.0274  0.0272  0.0274  0.0271  0.0272  0.0271  0.0271  0.0271  0.0271
  0.0271  0.0271  0.0271  0.0271  0.0271  0.0271  0.0270  0.0270  0.0270  0.0270  0.0270  0.0270
  0.0272  0.0272  0.0272  0.0271  0.0271  0.0270  0.0271  0.0272  0.0271  0.0271  0.0271  0.0271
  0.0275  0.0274  0.0273  0.0275  0.0272  0.0272  0.0273  0.0276  0.0272  0.0274  0.0271  0.0272
  0.0280  0.0277  0.0275  0.0282  0.0276  0.0279  0.0277  0.0283  0.0275  0.0277  0.0273  0.0273
niter,ni,del,rscale     1    3    5.0000    0.4000
parameters
   -3.5939   16.1908    6.0328  -12.9968  -19.0757   -4.9110
   -4.6607   -0.2539    6.6464  -18.1014    1.7628   12.8482
eta,q 0.97303 14.01775
  0.0276  0.0274  0.0273  0.0279  0.0274  0.0277  0.0274  0.0278  0.0273  0.0275  0.0272  0.0271
  0.0273  0.0272  0.0271  0.0275  0.0272  0.0275  0.0272  0.0273  0.0271  0.0272  0.0271  0.0270
  0.0271  0.0271  0.0271  0.0272  0.0271  0.0272  0.0270  0.0271  0.0270  0.0270  0.0270  0.0270
  0.0270  0.0270  0.0270  0.0270  0.0270  0.0270  0.0270  0.0270  0.0270  0.0270  0.0270  0.0270
  0.0271  0.0271  0.0271  0.0271  0.0270  0.0270  0.0270  0.0271  0.0270  0.0270  0.0270  0.0270
  0.0273  0.0272  0.0271  0.0273  0.0271  0.0271  0.0272  0.0273  0.0271  0.0272  0.0271  0.0271
  0.0276  0.0274  0.0273  0.0278  0.0273  0.0276  0.0274  0.0278  0.0273  0.0274  0.0271  0.0272
registration optimization eta report
parameter search radius
    0.8000    0.8000    0.8000    2.4000    2.4000    2.4000
    2.4000    2.4000    2.4000    2.4000    2.4000    2.4000
100000*second partial in parameter space
       89.       57.       37.       14.        6.       11.
        8.       15.        5.        8.        3.        3.
  0.0276  0.0274  0.0273  0.0279  0.0274  0.0277  0.0274  0.0278  0.0273  0.0275  0.0272  0.0271
  0.0273  0.0272  0.0271  0.0275  0.0272  0.0275  0.0272  0.0273  0.0271  0.0272  0.0271  0.0270
  0.0271  0.0271  0.0271  0.0272  0.0271  0.0272  0.0270  0.0271  0.0270  0.0270  0.0270  0.0270
  0.0270  0.0270  0.0270  0.0270  0.0270  0.0270  0.0270  0.0270  0.0270  0.0270  0.0270  0.0270
  0.0271  0.0271  0.0271  0.0271  0.0270  0.0270  0.0270  0.0271  0.0270  0.0270  0.0270  0.0270
  0.0273  0.0272  0.0271  0.0273  0.0271  0.0271  0.0272  0.0273  0.0271  0.0272  0.0271  0.0271
  0.0276  0.0274  0.0273  0.0278  0.0273  0.0276  0.0274  0.0278  0.0273  0.0274  0.0271  0.0272
   -3.5939   16.1908    6.0328  -12.9968  -19.0757   -4.9110
   -4.6607   -0.2539    6.6464  -18.1014    1.7628   12.8482
eta,q 0.97303 14.01775

---------------------------------------------------------------------
compute_vox2vox talsrcimg talsrcimg_to_711-2C_as_mni_average_305_t4 /opt/freesurfer/average/711-2C_as_mni_average_305
---------------------------------------------------------------------

freesurfer compute_vox2vox.c
Reading: talsrcimg.4dfp.ifh
Reading: talsrcimg_to_711-2C_as_mni_average_305_t4
Reading: /opt/freesurfer/average/711-2C_as_mni_average_305.4dfp.ifh
Writing: talsrcimg_to_711-2C_as_mni_average_305_t4_vox2vox.txt

start time Mon Mar 9 15:58:07 CET 2026
end		time Mon Mar 9 15:59:32 CET 2026

mpr2mni305 success

avi2talxfm orig_nu.mgz /opt/freesurfer/average/mni305.cor.mgz talsrcimg_to_711-2C_as_mni_average_305_t4_vox2vox.txt transforms/talairach.auto.xfm
avi2talxfm done
mv -f /out/sourcedata/freesurfer/sub-v1s22x0050507_ses-1/mri/talsrcimg_to_711-2C_as_mni_average_305_t4_vox2vox.txt /out/sourcedata/freesurfer/sub-v1s22x0050507_ses-1/mri/transforms/talsrcimg_to_711-2C_as_mni_average_305_t4_vox2vox.txt
lta_convert --src orig_nu.mgz --trg /opt/freesurfer/average/mni305.cor.mgz --inxfm transforms/talairach.auto.xfm --outlta transforms/talairach.auto.xfm.lta --subject fsaverage
7.3.2

--src: orig_nu.mgz src image (geometry).
--trg: /opt/freesurfer/average/mni305.cor.mgz trg image (geometry).
--inmni: transforms/talairach.auto.xfm input MNI/XFM transform.
--outlta: transforms/talairach.auto.xfm.lta output LTA.
--s: fsaverage subject name
 LTA read, type : 1
 1.14423   0.01514   0.06350   2.21515;
-0.00826   1.02068  -0.16253  -34.97528;
-0.09583   0.22707   1.19415  -37.94376;
 0.00000   0.00000   0.00000   1.00000;
setting subject to fsaverage
Writing  LTA to file transforms/talairach.auto.xfm.lta...
lta_convert successful.
 
 
Started at Mon Mar 9 15:58:06 CET 2026
Ended   at Mon Mar  9 15:59:33 CET 2026
talairach_avi done
