status file for recon-all
Mon Mar  9 17:38:22 CET 2026
#@# Tessellate rh Mon Mar  9 17:38:22 CET 2026
#@# Smooth1 rh Mon Mar  9 17:38:25 CET 2026
#@# Inflation1 rh Mon Mar  9 17:38:27 CET 2026
#@# QSphere rh Mon Mar  9 17:38:35 CET 2026
#@# Fix Topology rh Mon Mar  9 17:39:23 CET 2026
#@# Smooth2 rh Mon Mar  9 17:43:10 CET 2026
#@# Inflation2 rh Mon Mar  9 17:43:12 CET 2026
#@# Curv .H and .K rh Mon Mar  9 17:43:21 CET 2026
#@# Sphere rh Mon Mar  9 17:43:59 CET 2026
#@# Surf Reg rh Mon Mar  9 17:45:32 CET 2026
#@# Jacobian white rh Mon Mar  9 17:48:37 CET 2026
#@# AvgCurv rh Mon Mar  9 17:48:38 CET 2026
#@# Cortical Parc rh Mon Mar  9 17:48:38 CET 2026
#@# white curv rh Mon Mar  9 17:53:24 CET 2026
#@# white area rh Mon Mar  9 17:53:25 CET 2026
#@# pial curv rh Mon Mar  9 17:53:25 CET 2026
#@# pial area rh Mon Mar  9 17:53:27 CET 2026
#@# thickness rh Mon Mar  9 17:53:27 CET 2026
#@# area and vertex vol rh Mon Mar  9 17:53:50 CET 2026
#@# Curvature Stats rh Mon Mar  9 17:53:51 CET 2026
#@# Cortical Parc 2 rh Mon Mar  9 17:53:53 CET 2026
#@# Cortical Parc 3 rh Mon Mar  9 17:54:03 CET 2026
#@# WM/GM Contrast rh Mon Mar  9 17:54:11 CET 2026
recon-all -s sub-v1s22x0050503_ses-1 finished without error at Mon Mar  9 17:54:15 CET 2026



#New# invocation of recon-all 



status file for recon-all
Mon Mar  9 18:01:08 CET 2026
#@# white curv rh Mon Mar  9 18:01:08 CET 2026
#@# white area rh Mon Mar  9 18:01:08 CET 2026
#@# pial curv rh Mon Mar  9 18:01:08 CET 2026
#@# pial area rh Mon Mar  9 18:01:08 CET 2026
#@# thickness rh Mon Mar  9 18:01:08 CET 2026
#@# area and vertex vol rh Mon Mar  9 18:01:08 CET 2026
#@# Parcellation Stats rh Mon Mar  9 18:01:08 CET 2026
#@# Parcellation Stats 2 rh Mon Mar  9 18:01:21 CET 2026
#@# Parcellation Stats 3 rh Mon Mar  9 18:01:27 CET 2026
#@# BA_exvivo Labels rh Mon Mar  9 18:01:34 CET 2026
recon-all -s sub-v1s22x0050503_ses-1 finished without error at Mon Mar  9 18:03:30 CET 2026
