status file for recon-all
Mon Mar  9 18:49:52 CET 2026
#@# Tessellate rh Mon Mar  9 18:49:52 CET 2026
#@# Smooth1 rh Mon Mar  9 18:49:56 CET 2026
#@# Inflation1 rh Mon Mar  9 18:49:58 CET 2026
#@# QSphere rh Mon Mar  9 18:50:12 CET 2026
#@# Fix Topology rh Mon Mar  9 18:51:26 CET 2026
#@# Smooth2 rh Mon Mar  9 18:56:58 CET 2026
#@# Inflation2 rh Mon Mar  9 18:57:01 CET 2026
#@# Curv .H and .K rh Mon Mar  9 18:57:16 CET 2026
#@# Sphere rh Mon Mar  9 18:58:02 CET 2026
#@# Surf Reg rh Mon Mar  9 19:00:45 CET 2026
#@# Jacobian white rh Mon Mar  9 19:05:09 CET 2026
#@# AvgCurv rh Mon Mar  9 19:05:10 CET 2026
#@# Cortical Parc rh Mon Mar  9 19:05:11 CET 2026
#@# white curv rh Mon Mar  9 19:11:53 CET 2026
#@# white area rh Mon Mar  9 19:11:55 CET 2026
#@# pial curv rh Mon Mar  9 19:11:55 CET 2026
#@# pial area rh Mon Mar  9 19:11:58 CET 2026
#@# thickness rh Mon Mar  9 19:11:59 CET 2026
#@# area and vertex vol rh Mon Mar  9 19:12:29 CET 2026
#@# Curvature Stats rh Mon Mar  9 19:12:30 CET 2026
#@# Cortical Parc 2 rh Mon Mar  9 19:12:33 CET 2026
#@# Cortical Parc 3 rh Mon Mar  9 19:12:48 CET 2026
#@# WM/GM Contrast rh Mon Mar  9 19:12:57 CET 2026
recon-all -s sub-v1s22x0050524_ses-1 finished without error at Mon Mar  9 19:13:03 CET 2026



#New# invocation of recon-all 



status file for recon-all
Mon Mar  9 19:21:35 CET 2026
#@# white curv rh Mon Mar  9 19:21:35 CET 2026
#@# white area rh Mon Mar  9 19:21:35 CET 2026
#@# pial curv rh Mon Mar  9 19:21:35 CET 2026
#@# pial area rh Mon Mar  9 19:21:35 CET 2026
#@# thickness rh Mon Mar  9 19:21:35 CET 2026
#@# area and vertex vol rh Mon Mar  9 19:21:35 CET 2026
#@# Parcellation Stats rh Mon Mar  9 19:21:35 CET 2026
#@# Parcellation Stats 2 rh Mon Mar  9 19:21:53 CET 2026
#@# Parcellation Stats 3 rh Mon Mar  9 19:22:03 CET 2026
#@# BA_exvivo Labels rh Mon Mar  9 19:22:13 CET 2026
recon-all -s sub-v1s22x0050524_ses-1 finished without error at Mon Mar  9 19:25:05 CET 2026
