status file for recon-all
Mon Mar  9 12:03:22 CET 2026
#@# MotionCor Mon Mar  9 12:03:28 CET 2026
#@# Talairach Mon Mar  9 12:03:38 CET 2026
#@# Talairach Failure Detection Mon Mar  9 12:06:29 CET 2026
#@# Nu Intensity Correction Mon Mar  9 12:06:29 CET 2026
#@# Intensity Normalization Mon Mar  9 12:09:16 CET 2026
recon-all -s sub-v1s22x0050443_ses-1 finished without error at Mon Mar  9 12:10:20 CET 2026



#New# invocation of recon-all 



status file for recon-all
Mon Mar  9 12:19:51 CET 2026
#@# EM Registration Mon Mar  9 12:19:51 CET 2026
recon-all -s sub-v1s22x0050443_ses-1 finished without error at Mon Mar  9 12:21:27 CET 2026



#New# invocation of recon-all 



status file for recon-all
Mon Mar  9 12:21:30 CET 2026
#@# CA Normalize Mon Mar  9 12:21:30 CET 2026
#@# CA Reg Mon Mar  9 12:22:23 CET 2026
#@# SubCort Seg Mon Mar  9 13:04:05 CET 2026
#@# CC Seg Mon Mar  9 13:26:45 CET 2026
#@# Merge ASeg Mon Mar  9 13:27:05 CET 2026
#@# Intensity Normalization2 Mon Mar  9 13:27:05 CET 2026
#@# Mask BFS Mon Mar  9 13:28:34 CET 2026
#@# WM Segmentation Mon Mar  9 13:28:34 CET 2026
#@# Fill Mon Mar  9 13:30:13 CET 2026
recon-all -s sub-v1s22x0050443_ses-1 finished without error at Mon Mar  9 13:30:54 CET 2026



#New# invocation of recon-all 



status file for recon-all
Mon Mar  9 14:17:47 CET 2026
#@# white curv lh Mon Mar  9 14:17:47 CET 2026
#@# white area lh Mon Mar  9 14:17:47 CET 2026
#@# pial curv lh Mon Mar  9 14:17:47 CET 2026
#@# pial area lh Mon Mar  9 14:17:47 CET 2026
#@# thickness lh Mon Mar  9 14:17:47 CET 2026
#@# area and vertex vol lh Mon Mar  9 14:17:47 CET 2026
#@# white curv rh Mon Mar  9 14:17:47 CET 2026
#@# white area rh Mon Mar  9 14:17:47 CET 2026
#@# pial curv rh Mon Mar  9 14:17:47 CET 2026
#@# pial area rh Mon Mar  9 14:17:47 CET 2026
#@# thickness rh Mon Mar  9 14:17:47 CET 2026
#@# area and vertex vol rh Mon Mar  9 14:17:47 CET 2026
#@# Cortical ribbon mask Mon Mar  9 14:17:47 CET 2026
recon-all -s sub-v1s22x0050443_ses-1 finished without error at Mon Mar  9 14:22:24 CET 2026



#New# invocation of recon-all 



status file for recon-all
Mon Mar  9 14:28:33 CET 2026
#@# white curv lh Mon Mar  9 14:28:33 CET 2026
#@# white area lh Mon Mar  9 14:28:33 CET 2026
#@# pial curv lh Mon Mar  9 14:28:33 CET 2026
#@# pial area lh Mon Mar  9 14:28:33 CET 2026
#@# thickness lh Mon Mar  9 14:28:33 CET 2026
#@# area and vertex vol lh Mon Mar  9 14:28:33 CET 2026
#@# white curv rh Mon Mar  9 14:28:33 CET 2026
#@# white area rh Mon Mar  9 14:28:33 CET 2026
#@# pial curv rh Mon Mar  9 14:28:33 CET 2026
#@# pial area rh Mon Mar  9 14:28:33 CET 2026
#@# thickness rh Mon Mar  9 14:28:33 CET 2026
#@# area and vertex vol rh Mon Mar  9 14:28:33 CET 2026
#@# Curvature Stats lh Mon Mar  9 14:28:33 CET 2026
#@# Curvature Stats rh Mon Mar  9 14:28:35 CET 2026
#@# Relabel Hypointensities Mon Mar  9 14:28:37 CET 2026
#@# APas-to-ASeg Mon Mar  9 14:28:49 CET 2026
#@# AParc-to-ASeg aparc Mon Mar  9 14:28:57 CET 2026
#@# AParc-to-ASeg aparc.a2009s Mon Mar  9 14:29:27 CET 2026
#@# AParc-to-ASeg aparc.DKTatlas Mon Mar  9 14:29:55 CET 2026
#@# WMParc Mon Mar  9 14:30:25 CET 2026
#@# ASeg Stats Mon Mar  9 14:32:17 CET 2026
recon-all -s sub-v1s22x0050443_ses-1 finished without error at Mon Mar  9 14:32:36 CET 2026
