status file for recon-all
Mon Mar  9 13:30:57 CET 2026
#@# Tessellate lh Mon Mar  9 13:30:57 CET 2026
#@# Smooth1 lh Mon Mar  9 13:31:00 CET 2026
#@# Inflation1 lh Mon Mar  9 13:31:02 CET 2026
#@# QSphere lh Mon Mar  9 13:31:16 CET 2026
#@# Fix Topology lh Mon Mar  9 13:32:17 CET 2026
#@# Smooth2 lh Mon Mar  9 13:37:19 CET 2026
#@# Inflation2 lh Mon Mar  9 13:37:22 CET 2026
#@# Curv .H and .K lh Mon Mar  9 13:37:37 CET 2026
#@# Sphere lh Mon Mar  9 13:38:20 CET 2026
#@# Surf Reg lh Mon Mar  9 13:41:43 CET 2026
#@# Jacobian white lh Mon Mar  9 13:46:07 CET 2026
#@# AvgCurv lh Mon Mar  9 13:46:07 CET 2026
#@# Cortical Parc lh Mon Mar  9 13:46:08 CET 2026
#@# white curv lh Mon Mar  9 13:52:58 CET 2026
#@# white area lh Mon Mar  9 13:53:00 CET 2026
#@# pial curv lh Mon Mar  9 13:53:00 CET 2026
#@# pial area lh Mon Mar  9 13:53:02 CET 2026
#@# thickness lh Mon Mar  9 13:53:03 CET 2026
#@# area and vertex vol lh Mon Mar  9 13:53:25 CET 2026
#@# Curvature Stats lh Mon Mar  9 13:53:26 CET 2026
#@# Cortical Parc 2 lh Mon Mar  9 13:53:28 CET 2026
#@# Cortical Parc 3 lh Mon Mar  9 13:53:40 CET 2026
#@# WM/GM Contrast lh Mon Mar  9 13:53:48 CET 2026
recon-all -s sub-v1s22x0050443_ses-1 finished without error at Mon Mar  9 13:53:52 CET 2026



#New# invocation of recon-all 



status file for recon-all
Mon Mar  9 14:22:29 CET 2026
#@# white curv lh Mon Mar  9 14:22:29 CET 2026
#@# white area lh Mon Mar  9 14:22:29 CET 2026
#@# pial curv lh Mon Mar  9 14:22:29 CET 2026
#@# pial area lh Mon Mar  9 14:22:29 CET 2026
#@# thickness lh Mon Mar  9 14:22:29 CET 2026
#@# area and vertex vol lh Mon Mar  9 14:22:29 CET 2026
#@# Parcellation Stats lh Mon Mar  9 14:22:29 CET 2026
#@# Parcellation Stats 2 lh Mon Mar  9 14:22:48 CET 2026
#@# Parcellation Stats 3 lh Mon Mar  9 14:22:58 CET 2026
#@# BA_exvivo Labels lh Mon Mar  9 14:23:07 CET 2026
recon-all -s sub-v1s22x0050443_ses-1 finished without error at Mon Mar  9 14:25:28 CET 2026
