status file for recon-all
Mon Mar  9 14:17:31 CET 2026
#@# Tessellate lh Mon Mar  9 14:17:31 CET 2026
#@# Smooth1 lh Mon Mar  9 14:17:35 CET 2026
#@# Inflation1 lh Mon Mar  9 14:17:38 CET 2026
#@# QSphere lh Mon Mar  9 14:17:48 CET 2026
#@# Fix Topology lh Mon Mar  9 14:18:54 CET 2026
#@# Smooth2 lh Mon Mar  9 14:24:14 CET 2026
#@# Inflation2 lh Mon Mar  9 14:24:16 CET 2026
#@# Curv .H and .K lh Mon Mar  9 14:24:27 CET 2026
#@# Sphere lh Mon Mar  9 14:25:16 CET 2026
#@# Surf Reg lh Mon Mar  9 14:26:53 CET 2026
#@# Jacobian white lh Mon Mar  9 14:29:52 CET 2026
#@# AvgCurv lh Mon Mar  9 14:29:52 CET 2026
#@# Cortical Parc lh Mon Mar  9 14:29:53 CET 2026
#@# white curv lh Mon Mar  9 14:35:57 CET 2026
#@# white area lh Mon Mar  9 14:35:58 CET 2026
#@# pial curv lh Mon Mar  9 14:35:59 CET 2026
#@# pial area lh Mon Mar  9 14:36:01 CET 2026
#@# thickness lh Mon Mar  9 14:36:01 CET 2026
#@# area and vertex vol lh Mon Mar  9 14:36:32 CET 2026
#@# Curvature Stats lh Mon Mar  9 14:36:33 CET 2026
#@# Cortical Parc 2 lh Mon Mar  9 14:36:36 CET 2026
#@# Cortical Parc 3 lh Mon Mar  9 14:36:49 CET 2026
#@# WM/GM Contrast lh Mon Mar  9 14:36:59 CET 2026
recon-all -s sub-v1s22x0050462_ses-1 finished without error at Mon Mar  9 14:37:04 CET 2026



#New# invocation of recon-all 



status file for recon-all
Mon Mar  9 15:05:08 CET 2026
#@# white curv lh Mon Mar  9 15:05:08 CET 2026
#@# white area lh Mon Mar  9 15:05:08 CET 2026
#@# pial curv lh Mon Mar  9 15:05:08 CET 2026
#@# pial area lh Mon Mar  9 15:05:08 CET 2026
#@# thickness lh Mon Mar  9 15:05:08 CET 2026
#@# area and vertex vol lh Mon Mar  9 15:05:08 CET 2026
#@# Parcellation Stats lh Mon Mar  9 15:05:08 CET 2026
#@# Parcellation Stats 2 lh Mon Mar  9 15:05:27 CET 2026
#@# Parcellation Stats 3 lh Mon Mar  9 15:05:37 CET 2026
#@# BA_exvivo Labels lh Mon Mar  9 15:05:47 CET 2026
recon-all -s sub-v1s22x0050462_ses-1 finished without error at Mon Mar  9 15:08:15 CET 2026
