status file for recon-all
Mon Mar  9 19:06:33 CET 2026
#@# Tessellate rh Mon Mar  9 19:06:33 CET 2026
#@# Smooth1 rh Mon Mar  9 19:06:36 CET 2026
#@# Inflation1 rh Mon Mar  9 19:06:39 CET 2026
#@# QSphere rh Mon Mar  9 19:06:51 CET 2026
#@# Fix Topology rh Mon Mar  9 19:07:57 CET 2026
#@# Smooth2 rh Mon Mar  9 19:13:26 CET 2026
#@# Inflation2 rh Mon Mar  9 19:13:29 CET 2026
#@# Curv .H and .K rh Mon Mar  9 19:13:42 CET 2026
#@# Sphere rh Mon Mar  9 19:14:25 CET 2026
#@# Surf Reg rh Mon Mar  9 19:17:08 CET 2026
#@# Jacobian white rh Mon Mar  9 19:21:35 CET 2026
#@# AvgCurv rh Mon Mar  9 19:21:36 CET 2026
#@# Cortical Parc rh Mon Mar  9 19:21:36 CET 2026
#@# white curv rh Mon Mar  9 19:27:43 CET 2026
#@# white area rh Mon Mar  9 19:27:45 CET 2026
#@# pial curv rh Mon Mar  9 19:27:46 CET 2026
#@# pial area rh Mon Mar  9 19:27:47 CET 2026
#@# thickness rh Mon Mar  9 19:27:48 CET 2026
#@# area and vertex vol rh Mon Mar  9 19:28:14 CET 2026
#@# Curvature Stats rh Mon Mar  9 19:28:15 CET 2026
#@# Cortical Parc 2 rh Mon Mar  9 19:28:18 CET 2026
#@# Cortical Parc 3 rh Mon Mar  9 19:28:30 CET 2026
#@# WM/GM Contrast rh Mon Mar  9 19:28:39 CET 2026
recon-all -s sub-v1s22x0050532_ses-1 finished without error at Mon Mar  9 19:28:44 CET 2026



#New# invocation of recon-all 



status file for recon-all
Mon Mar  9 19:36:05 CET 2026
#@# white curv rh Mon Mar  9 19:36:05 CET 2026
#@# white area rh Mon Mar  9 19:36:05 CET 2026
#@# pial curv rh Mon Mar  9 19:36:05 CET 2026
#@# pial area rh Mon Mar  9 19:36:05 CET 2026
#@# thickness rh Mon Mar  9 19:36:05 CET 2026
#@# area and vertex vol rh Mon Mar  9 19:36:05 CET 2026
#@# Parcellation Stats rh Mon Mar  9 19:36:05 CET 2026
#@# Parcellation Stats 2 rh Mon Mar  9 19:36:22 CET 2026
#@# Parcellation Stats 3 rh Mon Mar  9 19:36:30 CET 2026
#@# BA_exvivo Labels rh Mon Mar  9 19:36:38 CET 2026
recon-all -s sub-v1s22x0050532_ses-1 finished without error at Mon Mar  9 19:39:02 CET 2026
