/out/sourcedata/freesurfer/sub-v1s22x0050467_ses-1/mri
/opt/freesurfer/bin/talairach_avi
--i orig_nu.mgz --xfm transforms/talairach.auto.xfm
talairach_avi 7.3.2
Linux dna010 5.14.0-427.37.1.el9_4.x86_64 #1 SMP PREEMPT_DYNAMIC Fri Sep 13 12:41:50 EDT 2024 x86_64 x86_64 x86_64 GNU/Linux
Mon Mar  9 12:51:50 CET 2026
mri_convert orig_nu.mgz talsrcimg.img 
reading from orig_nu.mgz...
TR=0.00, TE=0.00, TI=0.00, flip angle=0.00
i_ras = (-1, -1.86265e-09, 0)
j_ras = (0, 0, -1)
k_ras = (-1.86265e-09, 1, 0)
writing to talsrcimg.img...
Analyze Output Matrix
-1.00000   0.00000  -0.00000   131.15918;
-0.00000   0.00000   1.00000  -81.97266;
 0.00000  -1.00000   0.00000   105.30968;
 0.00000   0.00000   0.00000   1.00000;
--------------------
INFO: set hdr.hist.orient to -1
mpr2mni305 talsrcimg
Mon Mar  9 12:51:51 CET 2026
/opt/freesurfer/bin/mpr2mni305 talsrcimg
mpr2mni305 7.3.2
target=711-2C_as_mni_average_305

---------------------------------------------------------------------
analyzeto4dfp talsrcimg -O0 -y
---------------------------------------------------------------------

freesurfer ifh2hdr.c
Mon Mar  9 12:51:51 2026
Writing: talsrcimg.4dfp.hdr
freesurfer analyzeto4dfp.c
Reading: talsrcimg.hdr
header size 348 bytes
hdr.dime.datatype	offset=70	value=2
hdr.dime.bitpix		offset=72	value=8
hdr.hist.orient		offset=252	value=-1
dimensionality     4
dimensions       256       256       256         1
Reading: talsrcimg.img
Writing: talsrcimg.4dfp.img
Writing: talsrcimg.4dfp.ifh
ifh2hdr talsrcimg -r0to225
ori=2

---------------------------------------------------------------------
gauss_4dfp talsrcimg 1.1
---------------------------------------------------------------------

freesurfer gauss_4dfp.c
Reading: talsrcimg.4dfp.img
Writing: talsrcimg_g11.4dfp.img
image dimensions 256 256 256 padded to 288 288 288
processing volume 1freesurfer ifh2hdr.c
Mon Mar  9 12:51:52 2026
Writing: talsrcimg_g11.4dfp.hdr

Writing: talsrcimg_g11.4dfp.ifh
including: talsrcimg.4dfp.img.rec in talsrcimg_g11.4dfp.img.rec

---------------------------------------------------------------------
imgreg_4dfp /opt/freesurfer/average/711-2C_as_mni_average_305 none talsrcimg_g11 none talsrcimg_to_711-2C_as_mni_average_305_t4 4355
---------------------------------------------------------------------

freesurfer imgreg_4dfp.c
/opt/freesurfer/average/711-2C_as_mni_average_305.4dfp.img
       256       256       256         1
  1.000000  1.000000  1.000000
orientation T byte_order littleendian
Reading image: /opt/freesurfer/average/711-2C_as_mni_average_305.4dfp.img
dimensions:      256       256       256
mmppix:       1.0000   -1.0000   -1.0000
center:     128.0000 -129.0000 -129.0000
talsrcimg_g11.4dfp.img
       256       256       256         1
  1.000000  1.000000  1.000000
orientation T byte_order littleendian
Reading image: talsrcimg_g11.4dfp.img
dimensions:      256       256       256
mmppix:       1.0000   -1.0000   -1.0000
center:     128.0000 -129.0000 -129.0000
t4_read: open error in t4_sub.f l:  41 t4_file(1:l)talsrcimg_to_711-2C_as_mni_average_305_t4 
t4_read: transform initialized to I4
rotation matrix determinant  1.000000
image alignment mode   4355 decimal     1103 hex
   -7.5000  -45.0000  -45.0000 7062.2329   16.7550
    0.0000  -45.0000  -45.0000 7372.1694   16.7629
    7.5000  -45.0000  -45.0000 7086.7480   16.7541
   -7.5000  -37.5000  -45.0000 7728.0015   16.4188
    0.0000  -37.5000  -45.0000 8070.2090   16.4235
    7.5000  -37.5000  -45.0000 7727.1338   16.4088
   -7.5000  -30.0000  -45.0000 8741.5703   16.2031
    0.0000  -30.0000  -45.0000 9159.0645   16.2040
    7.5000  -30.0000  -45.0000 8749.2871   16.1835
   -7.5000  -22.5000  -45.0000 9773.0977   16.1081
    0.0000  -22.5000  -45.000010248.0146   16.1113
    7.5000  -22.5000  -45.0000 9778.0537   16.0936
   -7.5000  -15.0000  -45.000010781.1289   16.0821
    0.0000  -15.0000  -45.000011312.3848   16.0905
    7.5000  -15.0000  -45.000010768.0176   16.0808
   -7.5000   -7.5000  -45.000011743.1377   16.1027
    0.0000   -7.5000  -45.000012321.0244   16.1126
    7.5000   -7.5000  -45.000011691.7783   16.1075
   -7.5000    0.0000  -45.000012513.6475   16.1172
    0.0000    0.0000  -45.000013141.2725   16.1259
    7.5000    0.0000  -45.000012464.7842   16.1197
   -7.5000    7.5000  -45.000012371.0840   16.1083
    0.0000    7.5000  -45.000013003.7559   16.1137
    7.5000    7.5000  -45.000012314.0732   16.1008
   -7.5000   15.0000  -45.000012133.7080   16.0879
    0.0000   15.0000  -45.000012750.5820   16.0896
    7.5000   15.0000  -45.000012072.1709   16.0699
   -7.5000   22.5000  -45.000011801.7881   16.0734
    0.0000   22.5000  -45.000012394.5469   16.0769
    7.5000   22.5000  -45.000011749.6592   16.0593
   -7.5000   30.0000  -45.000011291.3281   15.8672
    0.0000   30.0000  -45.000011872.9756   15.8755
    7.5000   30.0000  -45.000011241.9072   15.8659
   -7.5000   37.5000  -45.000011216.1025   15.8881
    0.0000   37.5000  -45.000011784.5342   15.8979
    7.5000   37.5000  -45.000011141.7236   15.8929
   -7.5000   45.0000  -45.000010603.2705   15.4986
    0.0000   45.0000  -45.000011126.3369   15.5070
    7.5000   45.0000  -45.000010521.3857   15.5010
   -7.5000  -45.0000  -37.5000 7411.6587   16.7473
    0.0000  -45.0000  -37.5000 7753.9502   16.7504
    7.5000  -45.0000  -37.5000 7419.4819   16.7438
   -7.5000  -37.5000  -37.5000 8142.0645   16.4118
    0.0000  -37.5000  -37.5000 8541.8740   16.4133
    7.5000  -37.5000  -37.5000 8153.8115   16.4020
   -7.5000  -30.0000  -37.5000 9240.4805   16.1950
    0.0000  -30.0000  -37.5000 9699.5010   16.1969
    7.5000  -30.0000  -37.5000 9237.8887   16.1825
   -7.5000  -22.5000  -37.500010304.4180   16.0986
    0.0000  -22.5000  -37.500010807.7764   16.1044
    7.5000  -22.5000  -37.500010297.7803   16.0944
   -7.5000  -15.0000  -37.500011342.7744   16.0722
    0.0000  -15.0000  -37.500011907.5654   16.0811
    7.5000  -15.0000  -37.500011327.6182   16.0779
   -7.5000   -7.5000  -37.500012339.4805   16.0934
    0.0000   -7.5000  -37.500012970.3477   16.1006
    7.5000   -7.5000  -37.500012309.9805   16.0994
   -7.5000    0.0000  -37.500013177.2715   16.1095
    0.0000    0.0000  -37.500013828.9844   16.1137
    7.5000    0.0000  -37.500013122.7627   16.1098
   -7.5000    7.5000  -37.500013019.4229   16.1013
    0.0000    7.5000  -37.500013721.4629   16.1037
    7.5000    7.5000  -37.500012973.7754   16.0941
   -7.5000   15.0000  -37.500012780.1250   16.0798
    0.0000   15.0000  -37.500013462.6367   16.0825
    7.5000   15.0000  -37.500012717.4990   16.0689
   -7.5000   22.5000  -37.500012427.7246   16.0639
    0.0000   22.5000  -37.500013117.9121   16.0700
    7.5000   22.5000  -37.500012373.8770   16.0602
   -7.5000   30.0000  -37.500011865.2227   15.8574
    0.0000   30.0000  -37.500012531.4268   15.8662
    7.5000   30.0000  -37.500011826.8320   15.8631
   -7.5000   37.5000  -37.500011747.4258   15.8790
    0.0000   37.5000  -37.500012374.2363   15.8860
    7.5000   37.5000  -37.500011689.9834   15.8849
   -7.5000   45.0000  -37.500011100.2764   15.4912
    0.0000   45.0000  -37.500011686.7109   15.4952
    7.5000   45.0000  -37.500011024.0049   15.4915
   -7.5000  -45.0000  -30.0000 7918.5874   17.4579
    0.0000  -45.0000  -30.0000 8287.0088   17.4601
    7.5000  -45.0000  -30.0000 7923.8525   17.4551
   -7.5000  -37.5000  -30.0000 8717.0186   17.1155
    0.0000  -37.5000  -30.0000 9147.7783   17.1148
    7.5000  -37.5000  -30.0000 8731.2695   17.1049
   -7.5000  -30.0000  -30.0000 9866.2607   16.8863
    0.0000  -30.0000  -30.000010356.2188   16.8875
    7.5000  -30.0000  -30.0000 9870.8672   16.8787
   -7.5000  -22.5000  -30.000010991.7334   16.7765
    0.0000  -22.5000  -30.000011542.5400   16.7842
    7.5000  -22.5000  -30.000010993.9150   16.7833
   -7.5000  -15.0000  -30.000012083.2539   16.7421
    0.0000  -15.0000  -30.000012716.5361   16.7537
    7.5000  -15.0000  -30.000012092.6650   16.7598
   -7.5000   -7.5000  -30.000013139.6680   16.7675
    0.0000   -7.5000  -30.000013818.1680   16.7761
    7.5000   -7.5000  -30.000013114.2617   16.7808
   -7.5000    0.0000  -30.000014019.8369   16.7946
    0.0000    0.0000  -30.000014742.2578   16.7979
    7.5000    0.0000  -30.000013984.3398   16.7955
   -7.5000    7.5000  -30.000013852.2129   16.7921
    0.0000    7.5000  -30.000014612.0332   16.7925
    7.5000    7.5000  -30.000013814.7168   16.7843
   -7.5000   15.0000  -30.000013596.5771   16.7665
    0.0000   15.0000  -30.000014358.6152   16.7687
    7.5000   15.0000  -30.000013545.2773   16.7605
   -7.5000   22.5000  -30.000013256.7891   16.7388
    0.0000   22.5000  -30.000014016.5830   16.7469
    7.5000   22.5000  -30.000013207.2471   16.7461
   -7.5000   30.0000  -30.000012642.5205   16.5199
    0.0000   30.0000  -30.000013394.0029   16.5314
    7.5000   30.0000  -30.000012622.7832   16.5374
   -7.5000   37.5000  -30.000012440.1553   16.5457
    0.0000   37.5000  -30.000013154.5205   16.5541
    7.5000   37.5000  -30.000012404.7051   16.5587
   -7.5000   45.0000  -30.000011742.8359   16.1619
    0.0000   45.0000  -30.000012386.9346   16.1650
    7.5000   45.0000  -30.000011685.1533   16.1628
   -7.5000  -45.0000  -22.5000 8415.2871   18.0617
    0.0000  -45.0000  -22.5000 8794.3633   18.0662
    7.5000  -45.0000  -22.5000 8409.7793   18.0585
   -7.5000  -37.5000  -22.5000 9250.2686   17.7152
    0.0000  -37.5000  -22.5000 9697.2285   17.7143
    7.5000  -37.5000  -22.5000 9242.0000   17.7004
   -7.5000  -30.0000  -22.500010461.9219   17.4748
    0.0000  -30.0000  -22.500010965.7637   17.4736
    7.5000  -30.0000  -22.500010451.6250   17.4628
   -7.5000  -22.5000  -22.500011649.5518   17.3518
    0.0000  -22.5000  -22.500012240.5771   17.3579
    7.5000  -22.5000  -22.500011651.2471   17.3575
   -7.5000  -15.0000  -22.500012812.4229   17.3090
    0.0000  -15.0000  -22.500013467.6602   17.3222
    7.5000  -15.0000  -22.500012810.0430   17.3299
   -7.5000   -7.5000  -22.500013923.8779   17.3396
    0.0000   -7.5000  -22.500014634.5264   17.3514
    7.5000   -7.5000  -22.500013918.3154   17.3562
   -7.5000    0.0000  -22.500014852.1680   17.3783
    0.0000    0.0000  -22.500015638.5430   17.3837
    7.5000    0.0000  -22.500014869.4326   17.3788
   -7.5000    7.5000  -22.500014664.8291   17.3813
    0.0000    7.5000  -22.500015468.9551   17.3816
    7.5000    7.5000  -22.500014678.5820   17.3697
   -7.5000   15.0000  -22.500014366.6611   17.3515
    0.0000   15.0000  -22.500015183.0078   17.3514
    7.5000   15.0000  -22.500014378.7188   17.3413
   -7.5000   22.5000  -22.500014017.1660   17.3118
    0.0000   22.5000  -22.500014830.1455   17.3184
    7.5000   22.5000  -22.500014024.2520   17.3180
   -7.5000   30.0000  -22.500013383.5039   17.0819
    0.0000   30.0000  -22.500014181.2490   17.0950
    7.5000   30.0000  -22.500013410.1367   17.1026
   -7.5000   37.5000  -22.500013133.0264   17.1128
    0.0000   37.5000  -22.500013895.5000   17.1244
    7.5000   37.5000  -22.500013127.9268   17.1292
   -7.5000   45.0000  -22.500012376.2695   16.7362
    0.0000   45.0000  -22.500013080.1309   16.7413
    7.5000   45.0000  -22.500012355.5469   16.7366
   -7.5000  -45.0000  -15.0000 8877.5322   18.4900
    0.0000  -45.0000  -15.0000 9292.4414   18.4986
    7.5000  -45.0000  -15.0000 8870.1279   18.4875
   -7.5000  -37.5000  -15.0000 9749.0410   18.1362
    0.0000  -37.5000  -15.000010210.8291   18.1377
    7.5000  -37.5000  -15.0000 9731.4736   18.1193
   -7.5000  -30.0000  -15.000011019.4941   17.8909
    0.0000  -30.0000  -15.000011540.8896   17.8887
    7.5000  -30.0000  -15.000011003.7305   17.8711
   -7.5000  -22.5000  -15.000012282.5312   17.7657
    0.0000  -22.5000  -15.000012887.8828   17.7692
    7.5000  -22.5000  -15.000012292.7666   17.7608
   -7.5000  -15.0000  -15.000013545.0000   17.7217
    0.0000  -15.0000  -15.000014201.7354   17.7344
    7.5000  -15.0000  -15.000013543.2588   17.7352
   -7.5000   -7.5000  -15.000014740.4639   17.7528
    0.0000   -7.5000  -15.000015474.7930   17.7670
    7.5000   -7.5000  -15.000014761.8271   17.7672
   -7.5000    0.0000  -15.000015739.2090   17.7919
    0.0000    0.0000  -15.000016571.5176   17.8011
    7.5000    0.0000  -15.000015814.0059   17.7926
   -7.5000    7.5000  -15.000015483.7539   17.7947
    0.0000    7.5000  -15.000016324.4668   17.7973
    7.5000    7.5000  -15.000015584.8125   17.7812
   -7.5000   15.0000  -15.000015129.6807   17.7650
    0.0000   15.0000  -15.000015948.2305   17.7638
    7.5000   15.0000  -15.000015244.1328   17.7471
   -7.5000   22.5000  -15.000014777.0869   17.7240
    0.0000   22.5000  -15.000015598.6465   17.7279
    7.5000   22.5000  -15.000014875.4043   17.7196
   -7.5000   30.0000  -15.000014127.5000   17.4916
    0.0000   30.0000  -15.000014917.8848   17.5043
    7.5000   30.0000  -15.000014210.0059   17.5050
   -7.5000   37.5000  -15.000013839.1719   17.5231
    0.0000   37.5000  -15.000014638.9805   17.5371
    7.5000   37.5000  -15.000013899.3867   17.5373
   -7.5000   45.0000  -15.000013034.8926   17.1448
    0.0000   45.0000  -15.000013771.2090   17.1537
    7.5000   45.0000  -15.000013038.1680   17.1455
   -7.5000  -45.0000   -7.5000 9318.5264   18.7004
    0.0000  -45.0000   -7.5000 9755.7910   18.7121
    7.5000  -45.0000   -7.5000 9335.7793   18.7010
   -7.5000  -37.5000   -7.500010214.2246   18.3336
    0.0000  -37.5000   -7.500010720.1738   18.3392
    7.5000  -37.5000   -7.500010243.8223   18.3203
   -7.5000  -30.0000   -7.500011535.5244   18.0904
    0.0000  -30.0000   -7.500012108.0508   18.0898
    7.5000  -30.0000   -7.500011571.8887   18.0666
   -7.5000  -22.5000   -7.500012871.3721   17.9755
    0.0000  -22.5000   -7.500013518.5811   17.9781
    7.5000  -22.5000   -7.500012926.7803   17.9603
   -7.5000  -15.0000   -7.500014212.8750   17.9391
    0.0000  -15.0000   -7.500014898.8994   17.9504
    7.5000  -15.0000   -7.500014250.8867   17.9423
   -7.5000   -7.5000   -7.500015564.4795   17.9656
    0.0000   -7.5000   -7.500016319.1094   17.9801
    7.5000   -7.5000   -7.500015580.9980   17.9757
   -7.5000    0.0000   -7.500016769.6621   17.9921
    0.0000    0.0000   -7.500017636.0664   18.0043
    7.5000    0.0000   -7.500016805.6797   17.9959
   -7.5000    7.5000   -7.500016520.3379   17.9879
    0.0000    7.5000   -7.500017369.1074   17.9944
    7.5000    7.5000   -7.500016679.9180   17.9777
   -7.5000   15.0000   -7.500016091.9609   17.9626
    0.0000   15.0000   -7.500016859.3477   17.9629
    7.5000   15.0000   -7.500016283.1895   17.9407
   -7.5000   22.5000   -7.500015702.5859   17.9312
    0.0000   22.5000   -7.500016511.8223   17.9342
    7.5000   22.5000   -7.500015882.9102   17.9165
   -7.5000   30.0000   -7.500014989.7979   17.7058
    0.0000   30.0000   -7.500015824.6055   17.7169
    7.5000   30.0000   -7.500015128.6094   17.7089
   -7.5000   37.5000   -7.500014653.0410   17.7326
    0.0000   37.5000   -7.500015500.2920   17.7469
    7.5000   37.5000   -7.500014738.2617   17.7426
   -7.5000   45.0000   -7.500013738.7832   17.3410
    0.0000   45.0000   -7.500014523.4531   17.3528
    7.5000   45.0000   -7.500013734.5420   17.3446
   -7.5000  -45.0000    0.0000 9639.9023   18.7376
    0.0000  -45.0000    0.000010145.8623   18.7465
    7.5000  -45.0000    0.0000 9694.2959   18.7365
   -7.5000  -37.5000    0.000010610.3916   18.3615
    0.0000  -37.5000    0.000011180.8340   18.3668
    7.5000  -37.5000    0.000010685.3945   18.3503
   -7.5000  -30.0000    0.000011980.3984   18.1203
    0.0000  -30.0000    0.000012586.7695   18.1214
    7.5000  -30.0000    0.000012068.4932   18.0983
   -7.5000  -22.5000    0.000013347.6826   18.0143
    0.0000  -22.5000    0.000013986.4902   18.0179
    7.5000  -22.5000    0.000013435.8711   17.9981
   -7.5000  -15.0000    0.000014699.7607   17.9856
    0.0000  -15.0000    0.000015368.9434   17.9951
    7.5000  -15.0000    0.000014773.6035   17.9841
   -7.5000   -7.5000    0.000016091.7002   18.0087
    0.0000   -7.5000    0.000016930.0332   18.0199
    7.5000   -7.5000    0.000016147.1318   18.0141
   -7.5000    0.0000    0.000017471.7539   18.0248
    0.0000    0.0000    0.000018545.8320   18.0345
    7.5000    0.0000    0.000017504.4805   18.0275
   -7.5000    7.5000    0.000017421.5996   18.0145
    0.0000    7.5000    0.000018368.4199   18.0206
    7.5000    7.5000    0.000017459.1797   18.0060
   -7.5000   15.0000    0.000016997.5176   17.9915
    0.0000   15.0000    0.000017869.8887   17.9936
    7.5000   15.0000    0.000017063.9688   17.9715
   -7.5000   22.5000    0.000016495.1211   17.9697
    0.0000   22.5000    0.000017404.1328   17.9737
    7.5000   22.5000    0.000016601.1895   17.9540
   -7.5000   30.0000    0.000015725.6387   17.7521
    0.0000   30.0000    0.000016605.0000   17.7615
    7.5000   30.0000    0.000015816.4375   17.7507
   -7.5000   37.5000    0.000015291.5029   17.7756
    0.0000   37.5000    0.000016116.1914   17.7866
    7.5000   37.5000    0.000015366.0723   17.7809
   -7.5000   45.0000    0.000014254.5049   17.3738
    0.0000   45.0000    0.000014992.4404   17.3832
    7.5000   45.0000    0.000014268.8926   17.3764
   -7.5000  -45.0000    7.5000 9202.9473   18.7407
    0.0000  -45.0000    7.5000 9710.0322   18.7441
    7.5000  -45.0000    7.5000 9286.8428   18.7368
   -7.5000  -37.5000    7.500010122.4053   18.3652
    0.0000  -37.5000    7.500010685.4707   18.3669
    7.5000  -37.5000    7.500010229.5381   18.3543
   -7.5000  -30.0000    7.500011431.4180   18.1227
    0.0000  -30.0000    7.500012054.6836   18.1247
    7.5000  -30.0000    7.500011545.1289   18.1087
   -7.5000  -22.5000    7.500012729.5977   18.0148
    0.0000  -22.5000    7.500013413.8408   18.0212
    7.5000  -22.5000    7.500012834.9141   18.0101
   -7.5000  -15.0000    7.500013999.5664   17.9852
    0.0000  -15.0000    7.500014753.3652   17.9952
    7.5000  -15.0000    7.500014096.0322   17.9916
   -7.5000   -7.5000    7.500015306.0195   18.0090
    0.0000   -7.5000    7.500016233.7061   18.0169
    7.5000   -7.5000    7.500015408.0830   18.0157
   -7.5000    0.0000    7.500016590.1680   18.0270
    0.0000    0.0000    7.500017577.7617   18.0316
    7.5000    0.0000    7.500016615.1523   18.0273
   -7.5000    7.5000    7.500016482.9375   18.0178
    0.0000    7.5000    7.500017341.7617   18.0205
    7.5000    7.5000    7.500016444.7324   18.0097
   -7.5000   15.0000    7.500016130.6641   17.9937
    0.0000   15.0000    7.500016935.3496   17.9967
    7.5000   15.0000    7.500016111.2861   17.9816
   -7.5000   22.5000    7.500015703.3740   17.9701
    0.0000   22.5000    7.500016542.5664   17.9770
    7.5000   22.5000    7.500015715.7812   17.9660
   -7.5000   30.0000    7.500015015.7412   17.7518
    0.0000   30.0000    7.500015819.6699   17.7616
    7.5000   30.0000    7.500015045.1836   17.7581
   -7.5000   37.5000    7.500014589.1162   17.7759
    0.0000   37.5000    7.500015341.0127   17.7838
    7.5000   37.5000    7.500014628.1172   17.7826
   -7.5000   45.0000    7.500013557.6094   17.3759
    0.0000   45.0000    7.500014248.0557   17.3804
    7.5000   45.0000    7.500013579.0811   17.3762
   -7.5000  -45.0000   15.0000 8629.1611   18.7826
    0.0000  -45.0000   15.0000 9144.6367   18.7846
    7.5000  -45.0000   15.0000 8733.8467   18.7795
   -7.5000  -37.5000   15.0000 9511.0586   18.4136
    0.0000  -37.5000   15.000010079.1406   18.4126
    7.5000  -37.5000   15.0000 9619.9033   18.4023
   -7.5000  -30.0000   15.000010762.6367   18.1667
    0.0000  -30.0000   15.000011396.5371   18.1678
    7.5000  -30.0000   15.000010876.7715   18.1586
   -7.5000  -22.5000   15.000011990.7227   18.0482
    0.0000  -22.5000   15.000012682.0566   18.0563
    7.5000  -22.5000   15.000012083.3096   18.0557
   -7.5000  -15.0000   15.000013152.4736   18.0108
    0.0000  -15.0000   15.000013913.0684   18.0232
    7.5000  -15.0000   15.000013279.7363   18.0301
   -7.5000   -7.5000   15.000014363.4434   18.0383
    0.0000   -7.5000   15.000015159.5088   18.0472
    7.5000   -7.5000   15.000014476.3438   18.0526
   -7.5000    0.0000   15.000015461.1328   18.0677
    0.0000    0.0000   15.000016222.1982   18.0709
    7.5000    0.0000   15.000015525.2549   18.0686
   -7.5000    7.5000   15.000015301.2627   18.0651
    0.0000    7.5000   15.000015984.9609   18.0653
    7.5000    7.5000   15.000015341.2490   18.0568
   -7.5000   15.0000   15.000014999.2227   18.0376
    0.0000   15.0000   15.000015672.8486   18.0397
    7.5000   15.0000   15.000015044.1533   18.0313
   -7.5000   22.5000   15.000014635.0107   18.0036
    0.0000   22.5000   15.000015311.5723   18.0121
    7.5000   22.5000   15.000014680.0889   18.0116
   -7.5000   30.0000   15.000014072.4873   17.7771
    0.0000   30.0000   15.000014746.7461   17.7892
    7.5000   30.0000   15.000014104.8955   17.7961
   -7.5000   37.5000   15.000013726.3457   17.8049
    0.0000   37.5000   15.000014397.0068   17.8137
    7.5000   37.5000   15.000013767.0205   17.8190
   -7.5000   45.0000   15.000012778.3779   17.4152
    0.0000   45.0000   15.000013388.3203   17.4182
    7.5000   45.0000   15.000012782.0469   17.4161
   -7.5000  -45.0000   22.5000 8059.7695   19.0438
    0.0000  -45.0000   22.5000 8507.8379   19.0484
    7.5000  -45.0000   22.5000 8161.1362   19.0418
   -7.5000  -37.5000   22.5000 8889.2207   18.6763
    0.0000  -37.5000   22.5000 9378.3389   18.6752
    7.5000  -37.5000   22.5000 8979.8174   18.6619
   -7.5000  -30.0000   22.500010073.8037   18.4179
    0.0000  -30.0000   22.500010594.4736   18.4168
    7.5000  -30.0000   22.500010128.9492   18.4069
   -7.5000  -22.5000   22.500011213.2119   18.2855
    0.0000  -22.5000   22.500011806.7129   18.2920
    7.5000  -22.5000   22.500011287.0771   18.2933
   -7.5000  -15.0000   22.500012286.9414   18.2397
    0.0000  -15.0000   22.500012962.5703   18.2538
    7.5000  -15.0000   22.500012400.9746   18.2637
   -7.5000   -7.5000   22.500013387.6484   18.2735
    0.0000   -7.5000   22.500014098.9648   18.2859
    7.5000   -7.5000   22.500013514.4365   18.2926
   -7.5000    0.0000   22.500014396.0791   18.3158
    0.0000    0.0000   22.500015043.7031   18.3214
    7.5000    0.0000   22.500014446.2676   18.3176
   -7.5000    7.5000   22.500014212.3838   18.3189
    0.0000    7.5000   22.500014825.2744   18.3191
    7.5000    7.5000   22.500014258.6895   18.3080
   -7.5000   15.0000   22.500013944.7910   18.2860
    0.0000   15.0000   22.500014530.7852   18.2860
    7.5000   15.0000   22.500013974.1865   18.2768
   -7.5000   22.5000   22.500013628.3262   18.2400
    0.0000   22.5000   22.500014184.6426   18.2471
    7.5000   22.5000   22.500013634.1650   18.2483
   -7.5000   30.0000   22.500013145.7764   18.0030
    0.0000   30.0000   22.500013690.3896   18.0169
    7.5000   30.0000   22.500013148.4893   18.0266
   -7.5000   37.5000   22.500012877.6162   18.0370
    0.0000   37.5000   22.500013430.3770   18.0493
    7.5000   37.5000   22.500012880.5859   18.0559
   -7.5000   45.0000   22.500011958.6084   17.6543
    0.0000   45.0000   22.500012523.0967   17.6597
    7.5000   45.0000   22.500011983.4570   17.6561
   -7.5000  -45.0000   30.0000 7466.5405   19.4184
    0.0000  -45.0000   30.0000 7815.1860   19.4277
    7.5000  -45.0000   30.0000 7532.7544   19.4191
   -7.5000  -37.5000   30.0000 8226.6953   19.0417
    0.0000  -37.5000   30.0000 8617.4678   19.0440
    7.5000  -37.5000   30.0000 8281.3613   19.0276
   -7.5000  -30.0000   30.0000 9304.3027   18.7745
    0.0000  -30.0000   30.0000 9761.4502   18.7734
    7.5000  -30.0000   30.0000 9348.6748   18.7582
   -7.5000  -22.5000   30.000010370.9844   18.6385
    0.0000  -22.5000   30.000010917.3975   18.6439
    7.5000  -22.5000   30.000010454.5312   18.6386
   -7.5000  -15.0000   30.000011389.0254   18.5921
    0.0000  -15.0000   30.000011976.1357   18.6071
    7.5000  -15.0000   30.000011474.8125   18.6114
   -7.5000   -7.5000   30.000012404.6963   18.6277
    0.0000   -7.5000   30.000013039.6016   18.6435
    7.5000   -7.5000   30.000012477.3916   18.6470
   -7.5000    0.0000   30.000013301.9766   18.6705
    0.0000    0.0000   30.000013904.8027   18.6805
    7.5000    0.0000   30.000013332.1660   18.6747
   -7.5000    7.5000   30.000013110.4111   18.6718
    0.0000    7.5000   30.000013708.5566   18.6752
    7.5000    7.5000   30.000013142.4385   18.6613
   -7.5000   15.0000   30.000012865.1602   18.6378
    0.0000   15.0000   30.000013419.0449   18.6378
    7.5000   15.0000   30.000012884.6074   18.6234
   -7.5000   22.5000   30.000012560.8369   18.5915
    0.0000   22.5000   30.000013076.9688   18.5973
    7.5000   22.5000   30.000012560.9736   18.5920
   -7.5000   30.0000   30.000012147.0908   18.3508
    0.0000   30.0000   30.000012642.6465   18.3656
    7.5000   30.0000   30.000012144.7617   18.3698
   -7.5000   37.5000   30.000011938.4775   18.3866
    0.0000   37.5000   30.000012448.9297   18.4022
    7.5000   37.5000   30.000011934.9297   18.4056
   -7.5000   45.0000   30.000011086.8477   17.9962
    0.0000   45.0000   30.000011582.3057   18.0059
    7.5000   45.0000   30.000011099.2705   18.0003
   -7.5000  -45.0000   37.5000 7138.7041   19.9448
    0.0000  -45.0000   37.5000 7455.6367   19.9618
    7.5000  -45.0000   37.5000 7207.1216   19.9562
   -7.5000  -37.5000   37.5000 7881.5996   19.5446
    0.0000  -37.5000   37.5000 8235.5918   19.5550
    7.5000  -37.5000   37.5000 7924.1548   19.5411
   -7.5000  -30.0000   37.5000 8898.5127   19.2679
    0.0000  -30.0000   37.5000 9343.6387   19.2717
    7.5000  -30.0000   37.5000 8951.6660   19.2532
   -7.5000  -22.5000   37.5000 9928.1104   19.1351
    0.0000  -22.5000   37.500010440.9229   19.1425
    7.5000  -22.5000   37.5000 9996.6777   19.1299
   -7.5000  -15.0000   37.500010909.4277   19.0949
    0.0000  -15.0000   37.500011476.9561   19.1119
    7.5000  -15.0000   37.500010992.0430   19.1097
   -7.5000   -7.5000   37.500011884.2568   19.1294
    0.0000   -7.5000   37.500012483.4580   19.1496
    7.5000   -7.5000   37.500011933.2676   19.1513
   -7.5000    0.0000   37.500012735.2930   19.1628
    0.0000    0.0000   37.500013331.9746   19.1802
    7.5000    0.0000   37.500012758.7393   19.1775
   -7.5000    7.5000   37.500012563.9746   19.1564
    0.0000    7.5000   37.500013138.5986   19.1676
    7.5000    7.5000   37.500012580.2197   19.1561
   -7.5000   15.0000   37.500012280.2100   19.1233
    0.0000   15.0000   37.500012820.1826   19.1280
    7.5000   15.0000   37.500012281.2998   19.1106
   -7.5000   22.5000   37.500011960.1934   19.0855
    0.0000   22.5000   37.500012468.2715   19.0934
    7.5000   22.5000   37.500011967.8389   19.0809
   -7.5000   30.0000   37.500011594.6416   18.8471
    0.0000   30.0000   37.500012086.4492   18.8639
    7.5000   30.0000   37.500011603.6836   18.8616
   -7.5000   37.5000   37.500011418.4609   18.8819
    0.0000   37.5000   37.500011949.6045   18.9018
    7.5000   37.5000   37.500011448.1025   18.9034
   -7.5000   45.0000   37.500010620.7041   18.4707
    0.0000   45.0000   37.500011106.1328   18.4875
    7.5000   45.0000   37.500010637.8037   18.4849
   -7.5000  -45.0000   45.0000 6526.3301   20.5264
    0.0000  -45.0000   45.0000 6807.2202   20.5441
    7.5000  -45.0000   45.0000 6577.8613   20.5450
   -7.5000  -37.5000   45.0000 7201.2144   20.0923
    0.0000  -37.5000   45.0000 7526.8906   20.1060
    7.5000  -37.5000   45.0000 7251.8057   20.0995
   -7.5000  -30.0000   45.0000 8140.6621   19.8071
    0.0000  -30.0000   45.0000 8542.9639   19.8151
    7.5000  -30.0000   45.0000 8199.4307   19.8013
   -7.5000  -22.5000   45.0000 9088.0361   19.6829
    0.0000  -22.5000   45.0000 9550.5771   19.6929
    7.5000  -22.5000   45.0000 9142.9434   19.6828
   -7.5000  -15.0000   45.0000 9997.0400   19.6542
    0.0000  -15.0000   45.000010523.8750   19.6709
    7.5000  -15.0000   45.000010068.6611   19.6706
   -7.5000   -7.5000   45.000010874.6748   19.6852
    0.0000   -7.5000   45.000011445.3926   19.7044
    7.5000   -7.5000   45.000010933.3887   19.7098
   -7.5000    0.0000   45.000011635.6611   19.7011
    0.0000    0.0000   45.000012204.5684   19.7196
    7.5000    0.0000   45.000011686.8896   19.7234
   -7.5000    7.5000   45.000011473.7549   19.6824
    0.0000    7.5000   45.000012027.0918   19.6968
    7.5000    7.5000   45.000011530.6367   19.6923
   -7.5000   15.0000   45.000011206.9521   19.6523
    0.0000   15.0000   45.000011740.1963   19.6614
    7.5000   15.0000   45.000011256.5996   19.6485
   -7.5000   22.5000   45.000010912.2510   19.6302
    0.0000   22.5000   45.000011398.9902   19.6406
    7.5000   22.5000   45.000010948.8311   19.6305
   -7.5000   30.0000   45.000010584.2607   19.3973
    0.0000   30.0000   45.000011056.6953   19.4138
    7.5000   30.0000   45.000010621.4355   19.4136
   -7.5000   37.5000   45.000010454.8711   19.4287
    0.0000   37.5000   45.000010943.8252   19.4477
    7.5000   37.5000   45.000010503.9395   19.4530
   -7.5000   45.0000   45.0000 9720.0293   18.9982
    0.0000   45.0000   45.000010182.7510   19.0160
    7.5000   45.0000   45.0000 9767.7031   19.0197

---------------------------------------------------------------------
imgreg_4dfp /opt/freesurfer/average/711-2C_as_mni_average_305 /opt/freesurfer/average/711-2B_as_mni_average_305_mask talsrcimg_g11 none talsrcimg_to_711-2C_as_mni_average_305_t4 4355
---------------------------------------------------------------------

freesurfer imgreg_4dfp.c
/opt/freesurfer/average/711-2C_as_mni_average_305.4dfp.img
       256       256       256         1
  1.000000  1.000000  1.000000
orientation T byte_order littleendian
Reading image: /opt/freesurfer/average/711-2C_as_mni_average_305.4dfp.img
dimensions:      256       256       256
mmppix:       1.0000   -1.0000   -1.0000
center:     128.0000 -129.0000 -129.0000
/opt/freesurfer/average/711-2B_as_mni_average_305_mask.4dfp.img
       256       256       256         1
  1.000000  1.000000  1.000000
orientation T byte_order littleendian
Reading mask: /opt/freesurfer/average/711-2B_as_mni_average_305_mask.4dfp.img (2306576 pixels)
talsrcimg_g11.4dfp.img
       256       256       256         1
  1.000000  1.000000  1.000000
orientation T byte_order littleendian
Reading image: talsrcimg_g11.4dfp.img
dimensions:      256       256       256
mmppix:       1.0000   -1.0000   -1.0000
center:     128.0000 -129.0000 -129.0000
rotation matrix determinant  1.000000
image alignment mode   4355 decimal     1103 hex
   -7.5000  -45.0000  -45.0000 1943.2039   24.3489
    0.0000  -45.0000  -45.0000 1958.2947   24.3340
    7.5000  -45.0000  -45.0000 1959.1703   24.3330
   -7.5000  -37.5000  -45.0000 2081.4209   21.3600
    0.0000  -37.5000  -45.0000 2101.2490   21.3934
    7.5000  -37.5000  -45.0000 2092.2500   21.3137
   -7.5000  -30.0000  -45.0000 2213.7422   19.0604
    0.0000  -30.0000  -45.0000 2234.8623   19.0972
    7.5000  -30.0000  -45.0000 2223.7368   19.0273
   -7.5000  -22.5000  -45.0000 2324.9004   17.2981
    0.0000  -22.5000  -45.0000 2346.2878   17.3561
    7.5000  -22.5000  -45.0000 2334.1228   17.2490
   -7.5000  -15.0000  -45.0000 2413.9556   15.9806
    0.0000  -15.0000  -45.0000 2435.0442   16.0274
    7.5000  -15.0000  -45.0000 2422.1729   15.9345
   -7.5000   -7.5000  -45.0000 2475.3750   15.1263
    0.0000   -7.5000  -45.0000 2496.9011   15.1389
    7.5000   -7.5000  -45.0000 2478.2771   15.0765
   -7.5000    0.0000  -45.0000 2506.3142   14.5775
    0.0000    0.0000  -45.0000 2530.2217   14.5737
    7.5000    0.0000  -45.0000 2513.1174   14.5271
   -7.5000    7.5000  -45.0000 2526.3823   14.2945
    0.0000    7.5000  -45.0000 2549.5183   14.2558
    7.5000    7.5000  -45.0000 2532.6624   14.2381
   -7.5000   15.0000  -45.0000 2523.3809   14.2776
    0.0000   15.0000  -45.0000 2544.0024   14.2494
    7.5000   15.0000  -45.0000 2525.4070   14.2300
   -7.5000   22.5000  -45.0000 2503.9648   14.4813
    0.0000   22.5000  -45.0000 2522.3879   14.4573
    7.5000   22.5000  -45.0000 2503.9167   14.4558
   -7.5000   30.0000  -45.0000 2462.2703   15.0321
    0.0000   30.0000  -45.0000 2485.1736   14.9827
    7.5000   30.0000  -45.0000 2463.3904   15.0042
   -7.5000   37.5000  -45.0000 2409.1780   15.8253
    0.0000   37.5000  -45.0000 2429.4392   15.7651
    7.5000   37.5000  -45.0000 2406.0913   15.7868
   -7.5000   45.0000  -45.0000 2329.9192   16.9003
    0.0000   45.0000  -45.0000 2352.2871   16.8371
    7.5000   45.0000  -45.0000 2325.7090   16.8764
   -7.5000  -45.0000  -37.5000 1977.8531   22.9693
    0.0000  -45.0000  -37.5000 1997.8518   22.9809
    7.5000  -45.0000  -37.5000 1996.7295   22.9572
   -7.5000  -37.5000  -37.5000 2126.6367   20.1832
    0.0000  -37.5000  -37.5000 2151.2573   20.1942
    7.5000  -37.5000  -37.5000 2143.4563   20.1509
   -7.5000  -30.0000  -37.5000 2267.5481   17.9707
    0.0000  -30.0000  -37.5000 2293.7544   18.0297
    7.5000  -30.0000  -37.5000 2277.8967   17.9745
   -7.5000  -22.5000  -37.5000 2381.5105   16.2542
    0.0000  -22.5000  -37.5000 2403.8132   16.2686
    7.5000  -22.5000  -37.5000 2390.3401   16.2424
   -7.5000  -15.0000  -37.5000 2472.9094   14.9748
    0.0000  -15.0000  -37.5000 2496.2720   14.9883
    7.5000  -15.0000  -37.5000 2482.2837   14.9354
   -7.5000   -7.5000  -37.5000 2543.7495   14.0974
    0.0000   -7.5000  -37.5000 2568.0586   14.0968
    7.5000   -7.5000  -37.5000 2551.6992   14.0571
   -7.5000    0.0000  -37.5000 2585.4905   13.5475
    0.0000    0.0000  -37.5000 2605.6445   13.5730
    7.5000    0.0000  -37.5000 2591.8784   13.5492
   -7.5000    7.5000  -37.5000 2611.8149   13.2980
    0.0000    7.5000  -37.5000 2635.6775   13.2907
    7.5000    7.5000  -37.5000 2618.8826   13.2774
   -7.5000   15.0000  -37.5000 2616.1167   13.2899
    0.0000   15.0000  -37.5000 2639.7305   13.2462
    7.5000   15.0000  -37.5000 2619.5571   13.2559
   -7.5000   22.5000  -37.5000 2597.8628   13.5018
    0.0000   22.5000  -37.5000 2625.0088   13.4716
    7.5000   22.5000  -37.5000 2599.8171   13.4795
   -7.5000   30.0000  -37.5000 2554.1301   14.0006
    0.0000   30.0000  -37.5000 2585.0403   13.9679
    7.5000   30.0000  -37.5000 2558.8091   13.9607
   -7.5000   37.5000  -37.5000 2493.4956   14.7354
    0.0000   37.5000  -37.5000 2522.3081   14.6850
    7.5000   37.5000  -37.5000 2495.7163   14.6818
   -7.5000   45.0000  -37.5000 2408.4490   15.7423
    0.0000   45.0000  -37.5000 2434.8384   15.6456
    7.5000   45.0000  -37.5000 2408.4883   15.6920
   -7.5000  -45.0000  -30.0000 2050.8462   22.7315
    0.0000  -45.0000  -30.0000 2074.4077   22.6756
    7.5000  -45.0000  -30.0000 2072.5564   22.6789
   -7.5000  -37.5000  -30.0000 2210.0415   19.9119
    0.0000  -37.5000  -30.0000 2234.2319   19.8946
    7.5000  -37.5000  -30.0000 2227.2988   19.9027
   -7.5000  -30.0000  -30.0000 2350.0754   17.6698
    0.0000  -30.0000  -30.0000 2374.3584   17.6538
    7.5000  -30.0000  -30.0000 2362.0095   17.6721
   -7.5000  -22.5000  -30.0000 2466.2722   15.8923
    0.0000  -22.5000  -30.0000 2492.4817   15.8807
    7.5000  -22.5000  -30.0000 2478.7478   15.9136
   -7.5000  -15.0000  -30.0000 2566.7817   14.5709
    0.0000  -15.0000  -30.0000 2598.1177   14.5720
    7.5000  -15.0000  -30.0000 2580.2986   14.5884
   -7.5000   -7.5000  -30.0000 2650.4824   13.6467
    0.0000   -7.5000  -30.0000 2678.5381   13.6507
    7.5000   -7.5000  -30.0000 2663.4526   13.6754
   -7.5000    0.0000  -30.0000 2703.2192   13.0916
    0.0000    0.0000  -30.0000 2726.5498   13.1053
    7.5000    0.0000  -30.0000 2711.7937   13.1293
   -7.5000    7.5000  -30.0000 2738.2927   12.7920
    0.0000    7.5000  -30.0000 2764.4719   12.8195
    7.5000    7.5000  -30.0000 2745.1914   12.8311
   -7.5000   15.0000  -30.0000 2750.3799   12.7748
    0.0000   15.0000  -30.0000 2781.8953   12.7576
    7.5000   15.0000  -30.0000 2755.5005   12.7818
   -7.5000   22.5000  -30.0000 2736.9866   13.0480
    0.0000   22.5000  -30.0000 2769.4143   13.0152
    7.5000   22.5000  -30.0000 2741.1072   13.0426
   -7.5000   30.0000  -30.0000 2695.1921   13.5424
    0.0000   30.0000  -30.0000 2726.9646   13.4814
    7.5000   30.0000  -30.0000 2697.5862   13.5234
   -7.5000   37.5000  -30.0000 2627.1975   14.2433
    0.0000   37.5000  -30.0000 2658.0085   14.1682
    7.5000   37.5000  -30.0000 2631.7781   14.2019
   -7.5000   45.0000  -30.0000 2534.0735   15.2314
    0.0000   45.0000  -30.0000 2557.8081   15.1356
    7.5000   45.0000  -30.0000 2535.3984   15.1645
   -7.5000  -45.0000  -22.5000 2100.8450   22.3639
    0.0000  -45.0000  -22.5000 2121.3132   22.3117
    7.5000  -45.0000  -22.5000 2119.2332   22.4343
   -7.5000  -37.5000  -22.5000 2257.7947   19.5227
    0.0000  -37.5000  -22.5000 2282.6023   19.4703
    7.5000  -37.5000  -22.5000 2274.4092   19.5679
   -7.5000  -30.0000  -22.5000 2395.8613   17.2690
    0.0000  -30.0000  -22.5000 2420.8340   17.2156
    7.5000  -30.0000  -22.5000 2410.0103   17.2817
   -7.5000  -22.5000  -22.5000 2513.9595   15.5152
    0.0000  -22.5000  -22.5000 2540.7100   15.4576
    7.5000  -22.5000  -22.5000 2530.4226   15.5501
   -7.5000  -15.0000  -22.5000 2622.7964   14.1539
    0.0000  -15.0000  -22.5000 2654.5020   14.1428
    7.5000  -15.0000  -22.5000 2639.8840   14.2219
   -7.5000   -7.5000  -22.5000 2722.7502   13.1855
    0.0000   -7.5000  -22.5000 2753.3818   13.1937
    7.5000   -7.5000  -22.5000 2735.7097   13.2649
   -7.5000    0.0000  -22.5000 2788.5447   12.5918
    0.0000    0.0000  -22.5000 2821.9260   12.5919
    7.5000    0.0000  -22.5000 2802.6980   12.6814
   -7.5000    7.5000  -22.5000 2834.3457   12.2515
    0.0000    7.5000  -22.5000 2863.6582   12.2490
    7.5000    7.5000  -22.5000 2840.9338   12.3370
   -7.5000   15.0000  -22.5000 2856.2063   12.1969
    0.0000   15.0000  -22.5000 2888.2061   12.1644
    7.5000   15.0000  -22.5000 2864.8723   12.2489
   -7.5000   22.5000  -22.5000 2844.5435   12.5021
    0.0000   22.5000  -22.5000 2880.2507   12.4644
    7.5000   22.5000  -22.5000 2853.9673   12.5274
   -7.5000   30.0000  -22.5000 2798.7812   12.9817
    0.0000   30.0000  -22.5000 2828.7891   12.9447
    7.5000   30.0000  -22.5000 2804.1631   13.0082
   -7.5000   37.5000  -22.5000 2730.4304   13.7001
    0.0000   37.5000  -22.5000 2757.2869   13.6219
    7.5000   37.5000  -22.5000 2732.8201   13.7012
   -7.5000   45.0000  -22.5000 2633.3323   14.7031
    0.0000   45.0000  -22.5000 2652.7434   14.6105
    7.5000   45.0000  -22.5000 2629.8364   14.6738
   -7.5000  -45.0000  -15.0000 2117.4956   22.0541
    0.0000  -45.0000  -15.0000 2142.2466   22.0317
    7.5000  -45.0000  -15.0000 2139.9548   22.1843
   -7.5000  -37.5000  -15.0000 2269.4541   19.2267
    0.0000  -37.5000  -15.0000 2295.5991   19.1313
    7.5000  -37.5000  -15.0000 2289.0911   19.2921
   -7.5000  -30.0000  -15.0000 2404.3831   16.9831
    0.0000  -30.0000  -15.0000 2430.3623   16.8674
    7.5000  -30.0000  -15.0000 2422.5266   17.0178
   -7.5000  -22.5000  -15.0000 2525.9482   15.2351
    0.0000  -22.5000  -15.0000 2555.9294   15.1224
    7.5000  -22.5000  -15.0000 2549.9683   15.2709
   -7.5000  -15.0000  -15.0000 2642.8877   13.9024
    0.0000  -15.0000  -15.0000 2672.9133   13.7816
    7.5000  -15.0000  -15.0000 2666.5593   13.9292
   -7.5000   -7.5000  -15.0000 2750.7319   12.9103
    0.0000   -7.5000  -15.0000 2781.2734   12.8221
    7.5000   -7.5000  -15.0000 2773.8154   12.9730
   -7.5000    0.0000  -15.0000 2834.3120   12.2272
    0.0000    0.0000  -15.0000 2874.0369   12.1741
    7.5000    0.0000  -15.0000 2859.1753   12.3259
   -7.5000    7.5000  -15.0000 2897.6382   11.8199
    0.0000    7.5000  -15.0000 2934.2078   11.7477
    7.5000    7.5000  -15.0000 2907.8516   11.9290
   -7.5000   15.0000  -15.0000 2929.1482   11.7263
    0.0000   15.0000  -15.0000 2962.7830   11.6430
    7.5000   15.0000  -15.0000 2940.7446   11.8130
   -7.5000   22.5000  -15.0000 2916.3496   12.0604
    0.0000   22.5000  -15.0000 2950.7786   11.9600
    7.5000   22.5000  -15.0000 2927.7937   12.1140
   -7.5000   30.0000  -15.0000 2866.1135   12.5456
    0.0000   30.0000  -15.0000 2893.7446   12.4420
    7.5000   30.0000  -15.0000 2873.3774   12.6063
   -7.5000   37.5000  -15.0000 2787.1892   13.2797
    0.0000   37.5000  -15.0000 2815.6724   13.1579
    7.5000   37.5000  -15.0000 2796.1047   13.3290
   -7.5000   45.0000  -15.0000 2686.7485   14.3080
    0.0000   45.0000  -15.0000 2707.1899   14.1811
    7.5000   45.0000  -15.0000 2688.4180   14.3270
   -7.5000  -45.0000   -7.5000 2114.5183   22.0051
    0.0000  -45.0000   -7.5000 2139.9180   21.8154
    7.5000  -45.0000   -7.5000 2145.6262   22.0195
   -7.5000  -37.5000   -7.5000 2258.9426   19.1110
    0.0000  -37.5000   -7.5000 2285.3323   18.9023
    7.5000  -37.5000   -7.5000 2287.7112   19.0988
   -7.5000  -30.0000   -7.5000 2390.9468   16.8273
    0.0000  -30.0000   -7.5000 2416.7229   16.6069
    7.5000  -30.0000   -7.5000 2418.6528   16.8277
   -7.5000  -22.5000   -7.5000 2516.3796   15.0615
    0.0000  -22.5000   -7.5000 2542.8909   14.8523
    7.5000  -22.5000   -7.5000 2544.4873   15.0255
   -7.5000  -15.0000   -7.5000 2638.5117   13.7163
    0.0000  -15.0000   -7.5000 2664.0796   13.5149
    7.5000  -15.0000   -7.5000 2668.5974   13.6946
   -7.5000   -7.5000   -7.5000 2753.8008   12.7485
    0.0000   -7.5000   -7.5000 2782.5791   12.5578
    7.5000   -7.5000   -7.5000 2785.6858   12.7212
   -7.5000    0.0000   -7.5000 2854.7649   12.0762
    0.0000    0.0000   -7.5000 2890.0232   11.8966
    7.5000    0.0000   -7.5000 2884.4131   12.0745
   -7.5000    7.5000   -7.5000 2938.3953   11.6259
    0.0000    7.5000   -7.5000 2981.8730   11.4527
    7.5000    7.5000   -7.5000 2956.7454   11.6801
   -7.5000   15.0000   -7.5000 2978.1826   11.4387
    0.0000   15.0000   -7.5000 3017.9453   11.2554
    7.5000   15.0000   -7.5000 2992.3667   11.5512
   -7.5000   22.5000   -7.5000 2962.4033   11.7554
    0.0000   22.5000   -7.5000 3001.8269   11.5912
    7.5000   22.5000   -7.5000 2979.9678   11.8077
   -7.5000   30.0000   -7.5000 2898.2725   12.2636
    0.0000   30.0000   -7.5000 2932.3438   12.1257
    7.5000   30.0000   -7.5000 2910.5693   12.3017
   -7.5000   37.5000   -7.5000 2817.1428   13.0087
    0.0000   37.5000   -7.5000 2846.2017   12.8736
    7.5000   37.5000   -7.5000 2826.6589   13.0135
   -7.5000   45.0000   -7.5000 2710.8477   14.0498
    0.0000   45.0000   -7.5000 2730.8928   13.9237
    7.5000   45.0000   -7.5000 2710.8115   14.0280
   -7.5000  -45.0000    0.0000 2097.6917   22.2119
    0.0000  -45.0000    0.0000 2121.5940   21.9418
    7.5000  -45.0000    0.0000 2126.5999   22.1744
   -7.5000  -37.5000    0.0000 2241.0090   19.2391
    0.0000  -37.5000    0.0000 2267.9927   18.9898
    7.5000  -37.5000    0.0000 2270.5879   19.2155
   -7.5000  -30.0000    0.0000 2372.2600   16.8801
    0.0000  -30.0000    0.0000 2395.7009   16.5978
    7.5000  -30.0000    0.0000 2399.2524   16.8551
   -7.5000  -22.5000    0.0000 2496.1270   15.0892
    0.0000  -22.5000    0.0000 2516.8750   14.7579
    7.5000  -22.5000    0.0000 2521.0796   14.9797
   -7.5000  -15.0000    0.0000 2621.8135   13.7084
    0.0000  -15.0000    0.0000 2642.6147   13.4070
    7.5000  -15.0000    0.0000 2646.4470   13.6126
   -7.5000   -7.5000    0.0000 2742.1655   12.7147
    0.0000   -7.5000    0.0000 2765.8538   12.4501
    7.5000   -7.5000    0.0000 2772.1897   12.6310
   -7.5000    0.0000    0.0000 2847.1101   12.0664
    0.0000    0.0000    0.0000 2888.6868   11.8723
    7.5000    0.0000    0.0000 2880.6428   11.9937
   -7.5000    7.5000    0.0000 2943.7141   11.6261
    0.0000    7.5000    0.0000 2997.0796   11.4686
    7.5000    7.5000    0.0000 2965.0955   11.5872
   -7.5000   15.0000    0.0000 2999.4521   11.4320
    0.0000   15.0000    0.0000 3054.1123   11.2361
    7.5000   15.0000    0.0000 3012.4348   11.4468
   -7.5000   22.5000    0.0000 2980.1079   11.6381
    0.0000   22.5000    0.0000 3030.5229   11.4306
    7.5000   22.5000    0.0000 2997.9922   11.6280
   -7.5000   30.0000    0.0000 2908.4849   12.1483
    0.0000   30.0000    0.0000 2948.4814   11.9897
    7.5000   30.0000    0.0000 2926.2725   12.1373
   -7.5000   37.5000    0.0000 2819.9797   12.9028
    0.0000   37.5000    0.0000 2844.6663   12.7697
    7.5000   37.5000    0.0000 2831.3220   12.8869
   -7.5000   45.0000    0.0000 2713.3340   13.9295
    0.0000   45.0000    0.0000 2730.8655   13.7888
    7.5000   45.0000    0.0000 2715.7991   13.8809
   -7.5000  -45.0000    7.5000 2072.3914   22.5925
    0.0000  -45.0000    7.5000 2094.6470   22.3903
    7.5000  -45.0000    7.5000 2100.1553   22.6184
   -7.5000  -37.5000    7.5000 2220.1226   19.5057
    0.0000  -37.5000    7.5000 2244.6230   19.2241
    7.5000  -37.5000    7.5000 2246.6711   19.4720
   -7.5000  -30.0000    7.5000 2350.2583   17.0939
    0.0000  -30.0000    7.5000 2373.0884   16.7610
    7.5000  -30.0000    7.5000 2374.4414   17.0002
   -7.5000  -22.5000    7.5000 2474.5063   15.2711
    0.0000  -22.5000    7.5000 2497.0452   14.9765
    7.5000  -22.5000    7.5000 2494.0552   15.1597
   -7.5000  -15.0000    7.5000 2596.6775   13.9129
    0.0000  -15.0000    7.5000 2616.9485   13.6466
    7.5000  -15.0000    7.5000 2614.7585   13.8117
   -7.5000   -7.5000    7.5000 2718.4138   12.9154
    0.0000   -7.5000    7.5000 2741.6021   12.7092
    7.5000   -7.5000    7.5000 2736.3308   12.8391
   -7.5000    0.0000    7.5000 2829.6833   12.2253
    0.0000    0.0000    7.5000 2862.9277   12.0560
    7.5000    0.0000    7.5000 2848.9883   12.1542
   -7.5000    7.5000    7.5000 2925.8467   11.7521
    0.0000    7.5000    7.5000 2973.2124   11.5485
    7.5000    7.5000    7.5000 2940.1284   11.6697
   -7.5000   15.0000    7.5000 2972.3657   11.5854
    0.0000   15.0000    7.5000 3021.0322   11.3091
    7.5000   15.0000    7.5000 2988.2795   11.4825
   -7.5000   22.5000    7.5000 2955.2744   11.7477
    0.0000   22.5000    7.5000 3003.4094   11.5691
    7.5000   22.5000    7.5000 2975.0757   11.6825
   -7.5000   30.0000    7.5000 2893.6731   12.2530
    0.0000   30.0000    7.5000 2936.3357   12.1203
    7.5000   30.0000    7.5000 2911.2078   12.2237
   -7.5000   37.5000    7.5000 2805.1292   13.0131
    0.0000   37.5000    7.5000 2830.4333   12.8893
    7.5000   37.5000    7.5000 2814.0227   12.9848
   -7.5000   45.0000    7.5000 2697.5989   14.0248
    0.0000   45.0000    7.5000 2717.9595   13.8811
    7.5000   45.0000    7.5000 2700.9348   13.9530
   -7.5000  -45.0000   15.0000 2032.8088   23.2623
    0.0000  -45.0000   15.0000 2054.4788   23.0565
    7.5000  -45.0000   15.0000 2055.5220   23.2732
   -7.5000  -37.5000   15.0000 2187.8086   20.0202
    0.0000  -37.5000   15.0000 2209.1628   19.7644
    7.5000  -37.5000   15.0000 2203.2429   19.9756
   -7.5000  -30.0000   15.0000 2327.7227   17.5284
    0.0000  -30.0000   15.0000 2347.6667   17.2493
    7.5000  -30.0000   15.0000 2340.2041   17.4569
   -7.5000  -22.5000   15.0000 2448.0271   15.6756
    0.0000  -22.5000   15.0000 2472.7917   15.4199
    7.5000  -22.5000   15.0000 2462.5769   15.5998
   -7.5000  -15.0000   15.0000 2561.6990   14.3077
    0.0000  -15.0000   15.0000 2589.2104   14.0497
    7.5000  -15.0000   15.0000 2579.3572   14.2218
   -7.5000   -7.5000   15.0000 2684.8748   13.2889
    0.0000   -7.5000   15.0000 2709.4858   13.0419
    7.5000   -7.5000   15.0000 2706.1340   13.2062
   -7.5000    0.0000   15.0000 2796.8225   12.5444
    0.0000    0.0000   15.0000 2825.8271   12.3047
    7.5000    0.0000   15.0000 2817.4595   12.4541
   -7.5000    7.5000   15.0000 2886.3721   12.0607
    0.0000    7.5000   15.0000 2921.9272   11.7775
    7.5000    7.5000   15.0000 2902.8818   11.9676
   -7.5000   15.0000   15.0000 2922.9907   11.9021
    0.0000   15.0000   15.0000 2956.0137   11.6546
    7.5000   15.0000   15.0000 2938.2263   11.8086
   -7.5000   22.5000   15.0000 2906.2837   12.0586
    0.0000   22.5000   15.0000 2945.0447   11.8790
    7.5000   22.5000   15.0000 2924.4919   11.9948
   -7.5000   30.0000   15.0000 2852.1777   12.5614
    0.0000   30.0000   15.0000 2894.8596   12.3923
    7.5000   30.0000   15.0000 2871.7153   12.5092
   -7.5000   37.5000   15.0000 2768.1389   13.3443
    0.0000   37.5000   15.0000 2798.1123   13.2083
    7.5000   37.5000   15.0000 2780.4119   13.2657
   -7.5000   45.0000   15.0000 2668.3000   14.3421
    0.0000   45.0000   15.0000 2686.6719   14.2059
    7.5000   45.0000   15.0000 2668.0249   14.2411
   -7.5000  -45.0000   22.5000 1990.2623   24.1025
    0.0000  -45.0000   22.5000 2009.7083   23.8645
    7.5000  -45.0000   22.5000 2010.6422   24.1890
   -7.5000  -37.5000   22.5000 2151.8813   20.7299
    0.0000  -37.5000   22.5000 2169.3977   20.4394
    7.5000  -37.5000   22.5000 2166.6487   20.7134
   -7.5000  -30.0000   22.5000 2293.9941   18.1887
    0.0000  -30.0000   22.5000 2314.5471   17.8987
    7.5000  -30.0000   22.5000 2305.7671   18.0988
   -7.5000  -22.5000   22.5000 2418.1953   16.2860
    0.0000  -22.5000   22.5000 2446.6375   16.0082
    7.5000  -22.5000   22.5000 2433.9238   16.1680
   -7.5000  -15.0000   22.5000 2528.7061   14.8446
    0.0000  -15.0000   22.5000 2562.0469   14.5953
    7.5000  -15.0000   22.5000 2549.2041   14.7531
   -7.5000   -7.5000   22.5000 2653.5178   13.8047
    0.0000   -7.5000   22.5000 2686.4827   13.5411
    7.5000   -7.5000   22.5000 2675.8833   13.7188
   -7.5000    0.0000   22.5000 2756.9641   13.0606
    0.0000    0.0000   22.5000 2788.5708   12.7491
    7.5000    0.0000   22.5000 2774.5667   12.9525
   -7.5000    7.5000   22.5000 2829.1653   12.5681
    0.0000    7.5000   22.5000 2864.3562   12.2773
    7.5000    7.5000   22.5000 2845.6853   12.4533
   -7.5000   15.0000   22.5000 2862.4165   12.4187
    0.0000   15.0000   22.5000 2891.5393   12.1593
    7.5000   15.0000   22.5000 2873.3582   12.3111
   -7.5000   22.5000   22.5000 2850.0383   12.5480
    0.0000   22.5000   22.5000 2876.7361   12.3466
    7.5000   22.5000   22.5000 2860.1047   12.4680
   -7.5000   30.0000   22.5000 2794.3811   13.0167
    0.0000   30.0000   22.5000 2826.2888   12.8332
    7.5000   30.0000   22.5000 2809.6460   12.9602
   -7.5000   37.5000   22.5000 2719.7878   13.7983
    0.0000   37.5000   22.5000 2747.9224   13.6206
    7.5000   37.5000   22.5000 2727.2717   13.7256
   -7.5000   45.0000   22.5000 2619.9543   14.8309
    0.0000   45.0000   22.5000 2644.8857   14.6697
    7.5000   45.0000   22.5000 2627.0398   14.7315
   -7.5000  -45.0000   30.0000 1945.0391   25.0887
    0.0000  -45.0000   30.0000 1961.1503   24.7614
    7.5000  -45.0000   30.0000 1965.6405   25.0866
   -7.5000  -37.5000   30.0000 2109.7554   21.5783
    0.0000  -37.5000   30.0000 2127.2437   21.2707
    7.5000  -37.5000   30.0000 2125.0059   21.4887
   -7.5000  -30.0000   30.0000 2250.2346   18.9791
    0.0000  -30.0000   30.0000 2276.7839   18.6734
    7.5000  -30.0000   30.0000 2267.5266   18.8410
   -7.5000  -22.5000   30.0000 2377.4668   17.0403
    0.0000  -22.5000   30.0000 2413.5522   16.7640
    7.5000  -22.5000   30.0000 2399.2598   16.9012
   -7.5000  -15.0000   30.0000 2491.9150   15.5782
    0.0000  -15.0000   30.0000 2525.6296   15.3049
    7.5000  -15.0000   30.0000 2511.7239   15.4494
   -7.5000   -7.5000   30.0000 2608.7668   14.5026
    0.0000   -7.5000   30.0000 2645.9004   14.2243
    7.5000   -7.5000   30.0000 2628.5020   14.3846
   -7.5000    0.0000   30.0000 2699.2666   13.7360
    0.0000    0.0000   30.0000 2737.8660   13.4234
    7.5000    0.0000   30.0000 2716.2627   13.6058
   -7.5000    7.5000   30.0000 2757.6348   13.2483
    0.0000    7.5000   30.0000 2792.8567   12.9987
    7.5000    7.5000   30.0000 2772.1074   13.1343
   -7.5000   15.0000   30.0000 2781.6963   13.1010
    0.0000   15.0000   30.0000 2811.6509   12.8668
    7.5000   15.0000   30.0000 2793.8252   12.9750
   -7.5000   22.5000   30.0000 2774.7461   13.2003
    0.0000   22.5000   30.0000 2801.1543   12.9857
    7.5000   22.5000   30.0000 2786.0969   13.0810
   -7.5000   30.0000   30.0000 2722.4231   13.6512
    0.0000   30.0000   30.0000 2749.8264   13.4464
    7.5000   30.0000   30.0000 2735.4724   13.5548
   -7.5000   37.5000   30.0000 2651.8740   14.4283
    0.0000   37.5000   30.0000 2680.6687   14.2511
    7.5000   37.5000   30.0000 2663.4836   14.3385
   -7.5000   45.0000   30.0000 2559.1750   15.4398
    0.0000   45.0000   30.0000 2585.1118   15.2807
    7.5000   45.0000   30.0000 2568.9709   15.3361
   -7.5000  -45.0000   37.5000 1897.6887   26.3383
    0.0000  -45.0000   37.5000 1914.8551   25.9540
    7.5000  -45.0000   37.5000 1916.3009   26.2827
   -7.5000  -37.5000   37.5000 2064.2937   22.7012
    0.0000  -37.5000   37.5000 2084.7463   22.3610
    7.5000  -37.5000   37.5000 2081.1223   22.5483
   -7.5000  -30.0000   37.5000 2200.9829   20.0261
    0.0000  -30.0000   37.5000 2235.1619   19.7076
    7.5000  -30.0000   37.5000 2223.7773   19.8067
   -7.5000  -22.5000   37.5000 2327.2136   17.9923
    0.0000  -22.5000   37.5000 2365.7139   17.7404
    7.5000  -22.5000   37.5000 2348.6702   17.8185
   -7.5000  -15.0000   37.5000 2441.5117   16.4908
    0.0000  -15.0000   37.5000 2480.9377   16.2401
    7.5000  -15.0000   37.5000 2464.8984   16.3417
   -7.5000   -7.5000   37.5000 2549.0432   15.3870
    0.0000   -7.5000   37.5000 2587.0608   15.1171
    7.5000   -7.5000   37.5000 2567.0461   15.2503
   -7.5000    0.0000   37.5000 2629.9761   14.5939
    0.0000    0.0000   37.5000 2669.5654   14.3406
    7.5000    0.0000   37.5000 2645.1699   14.4715
   -7.5000    7.5000   37.5000 2680.2136   14.1218
    0.0000    7.5000   37.5000 2710.3784   13.9106
    7.5000    7.5000   37.5000 2691.6577   13.9993
   -7.5000   15.0000   37.5000 2689.5059   13.9753
    0.0000   15.0000   37.5000 2716.1057   13.7528
    7.5000   15.0000   37.5000 2700.3652   13.8142
   -7.5000   22.5000   37.5000 2683.5393   14.0152
    0.0000   22.5000   37.5000 2709.3330   13.8213
    7.5000   22.5000   37.5000 2698.9353   13.8943
   -7.5000   30.0000   37.5000 2638.5771   14.4682
    0.0000   30.0000   37.5000 2668.0688   14.2812
    7.5000   30.0000   37.5000 2655.0061   14.3640
   -7.5000   37.5000   37.5000 2577.6707   15.1865
    0.0000   37.5000   37.5000 2612.7720   15.0477
    7.5000   37.5000   37.5000 2596.4231   15.0986
   -7.5000   45.0000   37.5000 2494.1050   16.2022
    0.0000   45.0000   37.5000 2514.3267   16.0343
    7.5000   45.0000   37.5000 2501.0320   16.0915
   -7.5000  -45.0000   45.0000 1840.0847   27.9140
    0.0000  -45.0000   45.0000 1859.5392   27.4966
    7.5000  -45.0000   45.0000 1863.8632   27.7655
   -7.5000  -37.5000   45.0000 2007.8257   24.1750
    0.0000  -37.5000   45.0000 2031.0371   23.8200
    7.5000  -37.5000   45.0000 2028.1532   23.9349
   -7.5000  -30.0000   45.0000 2144.6519   21.3452
    0.0000  -30.0000   45.0000 2175.6697   21.0826
    7.5000  -30.0000   45.0000 2169.1619   21.1486
   -7.5000  -22.5000   45.0000 2266.5396   19.2668
    0.0000  -22.5000   45.0000 2301.9897   19.0248
    7.5000  -22.5000   45.0000 2289.4294   19.0256
   -7.5000  -15.0000   45.0000 2374.8699   17.6915
    0.0000  -15.0000   45.0000 2414.0439   17.4507
    7.5000  -15.0000   45.0000 2403.1562   17.4950
   -7.5000   -7.5000   45.0000 2474.4543   16.5151
    0.0000   -7.5000   45.0000 2514.2087   16.2633
    7.5000   -7.5000   45.0000 2499.2314   16.3522
   -7.5000    0.0000   45.0000 2541.3489   15.6724
    0.0000    0.0000   45.0000 2578.3274   15.4688
    7.5000    0.0000   45.0000 2563.5420   15.5573
   -7.5000    7.5000   45.0000 2583.2781   15.1954
    0.0000    7.5000   45.0000 2609.5776   14.9988
    7.5000    7.5000   45.0000 2600.7776   15.0943
   -7.5000   15.0000   45.0000 2588.1042   14.9843
    0.0000   15.0000   45.0000 2614.8647   14.8180
    7.5000   15.0000   45.0000 2606.8928   14.8730
   -7.5000   22.5000   45.0000 2582.3352   15.0150
    0.0000   22.5000   45.0000 2606.2122   14.8592
    7.5000   22.5000   45.0000 2602.0530   14.9230
   -7.5000   30.0000   45.0000 2543.0994   15.4515
    0.0000   30.0000   45.0000 2570.4207   15.2998
    7.5000   30.0000   45.0000 2562.6648   15.3928
   -7.5000   37.5000   45.0000 2494.8235   16.1378
    0.0000   37.5000   45.0000 2524.8354   15.9991
    7.5000   37.5000   45.0000 2513.5403   16.0474
   -7.5000   45.0000   45.0000 2416.2017   17.1522
    0.0000   45.0000   45.0000 2436.1980   16.9970
    7.5000   45.0000   45.0000 2425.3408   17.0130

---------------------------------------------------------------------
imgreg_4dfp /opt/freesurfer/average/711-2C_as_mni_average_305 /opt/freesurfer/average/711-2B_as_mni_average_305_mask talsrcimg_g11 none talsrcimg_to_711-2C_as_mni_average_305_t4 1283
---------------------------------------------------------------------

freesurfer imgreg_4dfp.c
/opt/freesurfer/average/711-2C_as_mni_average_305.4dfp.img
       256       256       256         1
  1.000000  1.000000  1.000000
orientation T byte_order littleendian
Reading image: /opt/freesurfer/average/711-2C_as_mni_average_305.4dfp.img
dimensions:      256       256       256
mmppix:       1.0000   -1.0000   -1.0000
center:     128.0000 -129.0000 -129.0000
/opt/freesurfer/average/711-2B_as_mni_average_305_mask.4dfp.img
       256       256       256         1
  1.000000  1.000000  1.000000
orientation T byte_order littleendian
Reading mask: /opt/freesurfer/average/711-2B_as_mni_average_305_mask.4dfp.img (2306576 pixels)
talsrcimg_g11.4dfp.img
       256       256       256         1
  1.000000  1.000000  1.000000
orientation T byte_order littleendian
Reading image: talsrcimg_g11.4dfp.img
dimensions:      256       256       256
mmppix:       1.0000   -1.0000   -1.0000
center:     128.0000 -129.0000 -129.0000
rotation matrix determinant  1.000000
fimgreg.f
image alignment mode   1283 decimal      503 hex
parameters
    0.0000   15.0000    0.0000    0.0000    0.0000    0.0000
eta,q 0.95781 11.25334
niter,ni,del,rscale     5    3   12.0000    1.2000
parameters
    0.4984   15.3454   -0.5262   -1.3658   -1.1121    0.1972
eta,q 0.95893 11.19482
  0.0550  0.0536  0.0479  0.0450  0.0443  0.0461
  0.0494  0.0472  0.0440  0.0421  0.0422  0.0433
  0.0455  0.0434  0.0419  0.0410  0.0411  0.0416
  0.0430  0.0422  0.0421  0.0416  0.0411  0.0411
  0.0424  0.0437  0.0440  0.0433  0.0422  0.0410
  0.0459  0.0468  0.0462  0.0463  0.0447  0.0425
  0.0527  0.0504  0.0491  0.0498  0.0484  0.0458
niter,ni,del,rscale     4    3   12.0000    1.2000
parameters
    0.6833   16.0425   -0.8058   -2.7870   -1.3208   -0.0269
eta,q 0.95982 11.18053
  0.0527  0.0519  0.0480  0.0437  0.0451  0.0456
  0.0476  0.0465  0.0436  0.0412  0.0424  0.0421
  0.0434  0.0426  0.0415  0.0402  0.0403  0.0403
  0.0411  0.0410  0.0411  0.0410  0.0403  0.0402
  0.0410  0.0421  0.0429  0.0424  0.0410  0.0409
  0.0455  0.0446  0.0456  0.0447  0.0427  0.0428
  0.0527  0.0473  0.0482  0.0484  0.0459  0.0463
niter,ni,del,rscale     3    3   12.0000    1.2000
parameters
    0.6580   17.2525   -1.0242   -4.9721   -1.5629   -0.4931
eta,q 0.96137 11.16552
  0.0515  0.0518  0.0480  0.0422  0.0457  0.0443
  0.0467  0.0469  0.0434  0.0393  0.0416  0.0406
  0.0425  0.0423  0.0412  0.0390  0.0390  0.0387
  0.0402  0.0402  0.0406  0.0406  0.0389  0.0388
  0.0404  0.0411  0.0419  0.0426  0.0405  0.0398
  0.0454  0.0424  0.0451  0.0446  0.0430  0.0422
  0.0533  0.0452  0.0484  0.0476  0.0460  0.0460
niter,ni,del,rscale     2    3   12.0000    1.2000
parameters
    0.8361   18.6467   -1.3986   -5.8921   -1.7486   -0.8363
eta,q 0.96339 11.16809
  0.0518  0.0522  0.0465  0.0443  0.0446  0.0432
  0.0466  0.0473  0.0417  0.0393  0.0402  0.0395
  0.0411  0.0417  0.0384  0.0363  0.0373  0.0372
  0.0386  0.0386  0.0379  0.0378  0.0367  0.0366
  0.0394  0.0379  0.0398  0.0413  0.0384  0.0377
  0.0440  0.0398  0.0435  0.0441  0.0416  0.0407
  0.0518  0.0445  0.0485  0.0467  0.0449  0.0449
niter,ni,del,rscale     1    3   12.0000    1.2000
parameters
    1.0602   18.9980   -1.4750   -6.1403   -1.8310   -0.9000
eta,q 0.96375 11.17644
  0.0511  0.0496  0.0468  0.0462  0.0447  0.0437
  0.0451  0.0444  0.0419  0.0410  0.0401  0.0397
  0.0391  0.0390  0.0378  0.0366  0.0371  0.0372
  0.0366  0.0366  0.0365  0.0365  0.0363  0.0362
  0.0376  0.0376  0.0382  0.0397  0.0378  0.0371
  0.0424  0.0417  0.0420  0.0433  0.0411  0.0399
  0.0502  0.0476  0.0474  0.0459  0.0445  0.0440
registration optimization eta report
parameter search radius
    6.0000    6.0000    6.0000    6.0000    6.0000    6.0000
100000*second partial in parameter space
       39.       33.       29.       25.       23.       21.
  0.0511  0.0496  0.0468  0.0462  0.0447  0.0437
  0.0451  0.0444  0.0419  0.0410  0.0401  0.0397
  0.0391  0.0390  0.0378  0.0366  0.0371  0.0372
  0.0366  0.0366  0.0365  0.0365  0.0363  0.0362
  0.0376  0.0376  0.0382  0.0397  0.0378  0.0371
  0.0424  0.0417  0.0420  0.0433  0.0411  0.0399
  0.0502  0.0476  0.0474  0.0459  0.0445  0.0440
    1.0602   18.9980   -1.4750   -6.1403   -1.8310   -0.9000
eta,q 0.96375 11.17644

---------------------------------------------------------------------
imgreg_4dfp /opt/freesurfer/average/711-2C_as_mni_average_305 /opt/freesurfer/average/711-2B_as_mni_average_305_mask talsrcimg_g11 none talsrcimg_to_711-2C_as_mni_average_305_t4 3335
---------------------------------------------------------------------

freesurfer imgreg_4dfp.c
/opt/freesurfer/average/711-2C_as_mni_average_305.4dfp.img
       256       256       256         1
  1.000000  1.000000  1.000000
orientation T byte_order littleendian
Reading image: /opt/freesurfer/average/711-2C_as_mni_average_305.4dfp.img
dimensions:      256       256       256
mmppix:       1.0000   -1.0000   -1.0000
center:     128.0000 -129.0000 -129.0000
/opt/freesurfer/average/711-2B_as_mni_average_305_mask.4dfp.img
       256       256       256         1
  1.000000  1.000000  1.000000
orientation T byte_order littleendian
Reading mask: /opt/freesurfer/average/711-2B_as_mni_average_305_mask.4dfp.img (2306576 pixels)
talsrcimg_g11.4dfp.img
       256       256       256         1
  1.000000  1.000000  1.000000
orientation T byte_order littleendian
Reading image: talsrcimg_g11.4dfp.img
dimensions:      256       256       256
mmppix:       1.0000   -1.0000   -1.0000
center:     128.0000 -129.0000 -129.0000
fimgreg.f
image alignment mode   3335 decimal      D07 hex
parameters
    1.0602   18.9980   -1.4750   -0.0634   -0.5806   -0.6245
    1.2201    3.3444   -1.5700   10.6451   -3.1951  -10.6909
eta,q 0.96341 11.30111
niter,ni,del,rscale     5    3    5.0000    1.2000
parameter  4  5.117795 ->  0.500000 qaram    1.1500
parameter  5  3.879179 ->  0.500000 qaram    1.1500
parameters
    1.1722   19.4428   -1.4129   -4.2034   -4.7206   -4.0123
   -1.2097    4.3711   -1.8414   11.5398   -0.4722   -7.8643
eta,q 0.97678 11.10585
  0.0388  0.0385  0.0384  0.0270  0.0221  0.0251  0.0252  0.0306  0.0261  0.0282  0.0263  0.0259
  0.0377  0.0375  0.0374  0.0292  0.0241  0.0244  0.0242  0.0276  0.0248  0.0261  0.0252  0.0248
  0.0369  0.0369  0.0368  0.0326  0.0269  0.0243  0.0239  0.0252  0.0240  0.0246  0.0243  0.0239
  0.0366  0.0366  0.0365  0.0365  0.0300  0.0248  0.0243  0.0239  0.0237  0.0237  0.0237  0.0234
  0.0367  0.0365  0.0367  0.0404  0.0328  0.0268  0.0252  0.0239  0.0241  0.0239  0.0234  0.0232
  0.0373  0.0368  0.0373  0.0443  0.0361  0.0300  0.0268  0.0253  0.0250  0.0249  0.0236  0.0233
  0.0385  0.0374  0.0383  0.0480  0.0399  0.0340  0.0287  0.0279  0.0265  0.0265  0.0241  0.0237
niter,ni,del,rscale     6    3    5.0000    1.2000
parameter  4  0.668853 ->  0.500000 qaram    1.3225
parameter  5  1.045935 ->  0.500000 qaram    1.3225
parameters
    1.0506   18.7081   -1.3833   -8.9644   -9.4816   -2.9039
    0.1039    3.6224   -1.7389   11.0984   -1.8206   -8.5507
eta,q 0.98247 10.92974
  0.0270  0.0243  0.0250  0.0216  0.0177  0.0216  0.0217  0.0221  0.0202  0.0209  0.0183  0.0186
  0.0248  0.0234  0.0239  0.0209  0.0178  0.0201  0.0198  0.0195  0.0188  0.0192  0.0178  0.0179
  0.0235  0.0230  0.0232  0.0211  0.0187  0.0189  0.0184  0.0179  0.0179  0.0180  0.0176  0.0176
  0.0232  0.0232  0.0230  0.0230  0.0209  0.0180  0.0177  0.0176  0.0176  0.0176  0.0176  0.0176
  0.0239  0.0241  0.0232  0.0266  0.0238  0.0176  0.0177  0.0186  0.0178  0.0180  0.0179  0.0178
  0.0254  0.0256  0.0238  0.0310  0.0268  0.0184  0.0183  0.0210  0.0187  0.0196  0.0184  0.0182
  0.0278  0.0276  0.0249  0.0354  0.0304  0.0203  0.0196  0.0244  0.0200  0.0221  0.0193  0.0190
niter,ni,del,rscale     7    3    5.0000    1.2000
parameters
    1.1172   18.6224   -0.6394  -10.1703  -13.3097   -2.1645
    0.2689    3.5671   -1.3578   11.2767   -2.5536   -8.5815
eta,q 0.98312 10.76587
  0.0218  0.0203  0.0204  0.0218  0.0185  0.0204  0.0197  0.0221  0.0194  0.0205  0.0178  0.0181
  0.0195  0.0187  0.0190  0.0197  0.0173  0.0189  0.0183  0.0193  0.0181  0.0186  0.0172  0.0174
  0.0181  0.0178  0.0181  0.0182  0.0171  0.0177  0.0173  0.0175  0.0172  0.0173  0.0169  0.0170
  0.0175  0.0175  0.0175  0.0174  0.0176  0.0170  0.0169  0.0169  0.0169  0.0169  0.0169  0.0169
  0.0179  0.0180  0.0174  0.0180  0.0192  0.0168  0.0171  0.0175  0.0171  0.0172  0.0171  0.0170
  0.0192  0.0191  0.0176  0.0212  0.0224  0.0176  0.0180  0.0194  0.0177  0.0182  0.0175  0.0174
  0.0214  0.0207  0.0182  0.0259  0.0260  0.0196  0.0196  0.0223  0.0189  0.0202  0.0183  0.0180
niter,ni,del,rscale     6    3    5.0000    1.2000
parameters
    1.2292   18.6868   -0.2424  -10.0672  -13.7155   -2.0702
    0.1827    3.6283   -1.2738   11.2060   -2.6366   -8.6561
eta,q 0.98325 10.74895
  0.0211  0.0199  0.0191  0.0221  0.0208  0.0200  0.0195  0.0222  0.0191  0.0202  0.0180  0.0180
  0.0189  0.0182  0.0180  0.0197  0.0185  0.0185  0.0181  0.0193  0.0179  0.0183  0.0172  0.0173
  0.0175  0.0172  0.0172  0.0180  0.0171  0.0173  0.0171  0.0174  0.0170  0.0171  0.0169  0.0169
  0.0169  0.0169  0.0169  0.0168  0.0168  0.0168  0.0168  0.0168  0.0168  0.0168  0.0168  0.0168
  0.0172  0.0172  0.0169  0.0167  0.0173  0.0168  0.0171  0.0174  0.0170  0.0172  0.0169  0.0169
  0.0184  0.0181  0.0172  0.0187  0.0187  0.0179  0.0181  0.0192  0.0177  0.0183  0.0173  0.0173
  0.0204  0.0195  0.0180  0.0228  0.0218  0.0203  0.0197  0.0221  0.0190  0.0203  0.0180  0.0180
niter,ni,del,rscale     5    3    5.0000    1.2000
parameters
    1.2537   18.6980   -0.2058  -10.0612  -13.7458   -2.0622
    0.1626    3.6433   -1.2659   11.2064   -2.6542   -8.6727
eta,q 0.98325 10.74754
  0.0208  0.0197  0.0185  0.0220  0.0211  0.0200  0.0196  0.0221  0.0190  0.0202  0.0180  0.0180
  0.0186  0.0181  0.0176  0.0196  0.0187  0.0184  0.0181  0.0193  0.0178  0.0183  0.0173  0.0173
  0.0173  0.0171  0.0170  0.0179  0.0172  0.0173  0.0171  0.0174  0.0170  0.0171  0.0169  0.0169
  0.0168  0.0168  0.0167  0.0167  0.0168  0.0167  0.0168  0.0168  0.0167  0.0168  0.0168  0.0167
  0.0172  0.0171  0.0169  0.0167  0.0172  0.0168  0.0170  0.0174  0.0170  0.0171  0.0169  0.0169
  0.0185  0.0181  0.0175  0.0188  0.0184  0.0180  0.0180  0.0192  0.0178  0.0183  0.0173  0.0173
  0.0207  0.0196  0.0185  0.0229  0.0214  0.0204  0.0197  0.0221  0.0191  0.0203  0.0180  0.0180
niter,ni,del,rscale     4    3    5.0000    1.2000
parameters
    1.2575   18.7011   -0.2031  -10.0603  -13.7495   -2.0658
    0.1602    3.6461   -1.2644   11.2088   -2.6647   -8.6778
eta,q 0.98325 10.74726
  0.0207  0.0197  0.0185  0.0220  0.0211  0.0200  0.0196  0.0221  0.0190  0.0202  0.0180  0.0180
  0.0186  0.0181  0.0175  0.0196  0.0187  0.0184  0.0181  0.0193  0.0178  0.0183  0.0173  0.0173
  0.0172  0.0171  0.0169  0.0179  0.0172  0.0173  0.0171  0.0174  0.0170  0.0171  0.0169  0.0169
  0.0168  0.0168  0.0167  0.0167  0.0168  0.0167  0.0167  0.0167  0.0167  0.0167  0.0167  0.0167
  0.0172  0.0171  0.0169  0.0167  0.0171  0.0168  0.0170  0.0174  0.0170  0.0171  0.0169  0.0169
  0.0185  0.0181  0.0175  0.0188  0.0184  0.0180  0.0180  0.0192  0.0178  0.0183  0.0173  0.0173
  0.0207  0.0196  0.0185  0.0229  0.0213  0.0204  0.0197  0.0221  0.0191  0.0203  0.0180  0.0180
registration optimization eta report
parameter search radius
    2.4000    2.4000    2.4000    9.5220    9.5220    7.2000
    7.2000    7.2000    7.2000    7.2000    7.2000    7.2000
100000*second partial in parameter space
       69.       51.       30.        6.        5.        7.
        6.       10.        4.        7.        2.        2.
  0.0207  0.0197  0.0185  0.0220  0.0211  0.0200  0.0196  0.0221  0.0190  0.0202  0.0180  0.0180
  0.0186  0.0181  0.0175  0.0196  0.0187  0.0184  0.0181  0.0193  0.0178  0.0183  0.0173  0.0173
  0.0172  0.0171  0.0169  0.0179  0.0172  0.0173  0.0171  0.0174  0.0170  0.0171  0.0169  0.0169
  0.0168  0.0168  0.0167  0.0167  0.0168  0.0167  0.0167  0.0167  0.0167  0.0167  0.0167  0.0167
  0.0172  0.0171  0.0169  0.0167  0.0171  0.0168  0.0170  0.0174  0.0170  0.0171  0.0169  0.0169
  0.0185  0.0181  0.0175  0.0188  0.0184  0.0180  0.0180  0.0192  0.0178  0.0183  0.0173  0.0173
  0.0207  0.0196  0.0185  0.0229  0.0213  0.0204  0.0197  0.0221  0.0191  0.0203  0.0180  0.0180
    1.2575   18.7011   -0.2031  -10.0603  -13.7495   -2.0658
    0.1602    3.6461   -1.2644   11.2088   -2.6647   -8.6778
eta,q 0.98325 10.74726

---------------------------------------------------------------------
imgreg_4dfp /opt/freesurfer/average/711-2C_as_mni_average_305 /opt/freesurfer/average/711-2B_as_mni_average_305_mask talsrcimg_g11 none talsrcimg_to_711-2C_as_mni_average_305_t4 2311
---------------------------------------------------------------------

freesurfer imgreg_4dfp.c
/opt/freesurfer/average/711-2C_as_mni_average_305.4dfp.img
       256       256       256         1
  1.000000  1.000000  1.000000
orientation T byte_order littleendian
Reading image: /opt/freesurfer/average/711-2C_as_mni_average_305.4dfp.img
dimensions:      256       256       256
mmppix:       1.0000   -1.0000   -1.0000
center:     128.0000 -129.0000 -129.0000
/opt/freesurfer/average/711-2B_as_mni_average_305_mask.4dfp.img
       256       256       256         1
  1.000000  1.000000  1.000000
orientation T byte_order littleendian
Reading mask: /opt/freesurfer/average/711-2B_as_mni_average_305_mask.4dfp.img (2306576 pixels)
talsrcimg_g11.4dfp.img
       256       256       256         1
  1.000000  1.000000  1.000000
orientation T byte_order littleendian
Reading image: talsrcimg_g11.4dfp.img
dimensions:      256       256       256
mmppix:       1.0000   -1.0000   -1.0000
center:     128.0000 -129.0000 -129.0000
fimgreg.f
image alignment mode   2311 decimal      907 hex
parameters
    1.2575   18.7011   -0.2031  -10.0603  -13.7495   -2.0658
    0.1602    3.6461   -1.2644   11.2088   -2.6647   -8.6778
eta,q 0.98325 10.74726
niter,ni,del,rscale     5    3    5.0000    0.8000
parameters
    1.2697   18.6849   -0.1913   -8.7976  -13.7253   -1.7607
    0.1987    3.8188   -1.3115   11.3108   -2.3740   -8.7830
eta,q 0.98348 10.80053
  0.0186  0.0181  0.0175  0.0187  0.0176  0.0182  0.0179  0.0194  0.0176  0.0182  0.0172  0.0171
  0.0176  0.0173  0.0171  0.0179  0.0170  0.0174  0.0172  0.0178  0.0170  0.0172  0.0168  0.0167
  0.0170  0.0169  0.0168  0.0172  0.0166  0.0168  0.0167  0.0169  0.0166  0.0167  0.0166  0.0166
  0.0167  0.0167  0.0167  0.0167  0.0166  0.0166  0.0165  0.0165  0.0165  0.0165  0.0165  0.0165
  0.0170  0.0169  0.0168  0.0165  0.0167  0.0165  0.0166  0.0168  0.0167  0.0167  0.0166  0.0166
  0.0175  0.0174  0.0171  0.0168  0.0170  0.0170  0.0171  0.0176  0.0170  0.0172  0.0167  0.0168
  0.0185  0.0181  0.0175  0.0175  0.0175  0.0179  0.0179  0.0190  0.0176  0.0180  0.0170  0.0171
niter,ni,del,rscale     4    3    5.0000    0.7000
parameters
    1.2307   18.6512   -0.2501   -8.7760  -13.7090   -1.6613
    0.2803    3.8033   -1.3503   11.3487   -2.3120   -8.7618
eta,q 0.98349 10.80589
  0.0179  0.0175  0.0171  0.0178  0.0173  0.0177  0.0176  0.0185  0.0173  0.0177  0.0170  0.0169
  0.0171  0.0169  0.0168  0.0172  0.0168  0.0171  0.0170  0.0174  0.0169  0.0170  0.0167  0.0167
  0.0167  0.0166  0.0166  0.0168  0.0166  0.0167  0.0166  0.0167  0.0166  0.0166  0.0166  0.0165
  0.0165  0.0165  0.0165  0.0165  0.0165  0.0165  0.0165  0.0165  0.0165  0.0165  0.0165  0.0165
  0.0167  0.0167  0.0166  0.0166  0.0166  0.0165  0.0166  0.0167  0.0166  0.0166  0.0166  0.0166
  0.0172  0.0170  0.0168  0.0170  0.0168  0.0169  0.0169  0.0174  0.0169  0.0170  0.0167  0.0167
  0.0181  0.0176  0.0172  0.0179  0.0172  0.0177  0.0175  0.0186  0.0173  0.0176  0.0169  0.0169
niter,ni,del,rscale     3    3    5.0000    0.6000
parameters
    1.2230   18.6399   -0.2536   -8.6613  -13.7706   -1.5847
    0.3088    3.8067   -1.3617   11.3464   -2.2477   -8.8148
eta,q 0.98351 10.80886
  0.0176  0.0172  0.0170  0.0175  0.0170  0.0174  0.0172  0.0180  0.0171  0.0173  0.0168  0.0168
  0.0170  0.0168  0.0167  0.0170  0.0167  0.0169  0.0168  0.0172  0.0168  0.0169  0.0166  0.0166
  0.0166  0.0166  0.0166  0.0167  0.0165  0.0167  0.0166  0.0167  0.0166  0.0166  0.0165  0.0165
  0.0165  0.0165  0.0165  0.0165  0.0165  0.0165  0.0165  0.0165  0.0165  0.0165  0.0165  0.0165
  0.0166  0.0166  0.0166  0.0165  0.0166  0.0165  0.0166  0.0167  0.0166  0.0166  0.0165  0.0165
  0.0170  0.0169  0.0167  0.0168  0.0168  0.0168  0.0168  0.0172  0.0168  0.0169  0.0166  0.0166
  0.0176  0.0173  0.0170  0.0175  0.0170  0.0174  0.0172  0.0180  0.0171  0.0173  0.0168  0.0168
niter,ni,del,rscale     2    3    5.0000    0.5000
parameters
    1.2200   18.6327   -0.2552   -8.5527  -13.8599   -1.5089
    0.3292    3.8103   -1.3751   11.3494   -2.1739   -8.8670
eta,q 0.98352 10.81065
  0.0172  0.0170  0.0168  0.0172  0.0168  0.0171  0.0170  0.0176  0.0169  0.0171  0.0167  0.0167
  0.0168  0.0167  0.0166  0.0169  0.0166  0.0168  0.0167  0.0170  0.0167  0.0167  0.0166  0.0166
  0.0166  0.0165  0.0165  0.0166  0.0165  0.0166  0.0165  0.0166  0.0165  0.0165  0.0165  0.0165
  0.0165  0.0165  0.0165  0.0165  0.0165  0.0165  0.0165  0.0165  0.0165  0.0165  0.0165  0.0165
  0.0166  0.0166  0.0165  0.0165  0.0165  0.0165  0.0165  0.0166  0.0165  0.0165  0.0165  0.0165
  0.0168  0.0167  0.0166  0.0167  0.0167  0.0167  0.0167  0.0170  0.0167  0.0167  0.0166  0.0166
  0.0172  0.0170  0.0168  0.0172  0.0169  0.0171  0.0170  0.0175  0.0169  0.0171  0.0167  0.0167
niter,ni,del,rscale     1    3    5.0000    0.4000
parameters
    1.2117   18.6326   -0.2553   -8.4636  -13.9271   -1.3961
    0.3373    3.8094   -1.4025   11.3543   -2.0760   -8.9470
eta,q 0.98353 10.81353
  0.0170  0.0168  0.0167  0.0169  0.0167  0.0169  0.0168  0.0172  0.0167  0.0168  0.0166  0.0166
  0.0167  0.0166  0.0166  0.0167  0.0166  0.0167  0.0166  0.0168  0.0166  0.0166  0.0165  0.0165
  0.0165  0.0165  0.0165  0.0166  0.0165  0.0166  0.0165  0.0165  0.0165  0.0165  0.0165  0.0165
  0.0165  0.0165  0.0165  0.0165  0.0165  0.0165  0.0165  0.0165  0.0165  0.0165  0.0165  0.0165
  0.0165  0.0165  0.0165  0.0165  0.0165  0.0165  0.0165  0.0166  0.0165  0.0165  0.0165  0.0165
  0.0167  0.0166  0.0166  0.0166  0.0166  0.0166  0.0166  0.0168  0.0166  0.0166  0.0165  0.0165
  0.0170  0.0168  0.0167  0.0169  0.0167  0.0169  0.0168  0.0172  0.0167  0.0168  0.0166  0.0166
registration optimization eta report
parameter search radius
    0.8000    0.8000    0.8000    2.4000    2.4000    2.4000
    2.4000    2.4000    2.4000    2.4000    2.4000    2.4000
100000*second partial in parameter space
       75.       53.       33.        8.        4.        7.
        6.       12.        5.        7.        3.        2.
  0.0170  0.0168  0.0167  0.0169  0.0167  0.0169  0.0168  0.0172  0.0167  0.0168  0.0166  0.0166
  0.0167  0.0166  0.0166  0.0167  0.0166  0.0167  0.0166  0.0168  0.0166  0.0166  0.0165  0.0165
  0.0165  0.0165  0.0165  0.0166  0.0165  0.0166  0.0165  0.0165  0.0165  0.0165  0.0165  0.0165
  0.0165  0.0165  0.0165  0.0165  0.0165  0.0165  0.0165  0.0165  0.0165  0.0165  0.0165  0.0165
  0.0165  0.0165  0.0165  0.0165  0.0165  0.0165  0.0165  0.0166  0.0165  0.0165  0.0165  0.0165
  0.0167  0.0166  0.0166  0.0166  0.0166  0.0166  0.0166  0.0168  0.0166  0.0166  0.0165  0.0165
  0.0170  0.0168  0.0167  0.0169  0.0167  0.0169  0.0168  0.0172  0.0167  0.0168  0.0166  0.0166
    1.2117   18.6326   -0.2553   -8.4636  -13.9271   -1.3961
    0.3373    3.8094   -1.4025   11.3543   -2.0760   -8.9470
eta,q 0.98353 10.81353

---------------------------------------------------------------------
imgreg_4dfp /opt/freesurfer/average/711-2C_as_mni_average_305 /opt/freesurfer/average/711-2B_as_mni_average_305_mask talsrcimg_g11 none talsrcimg_to_711-2C_as_mni_average_305_t4 2311
---------------------------------------------------------------------

freesurfer imgreg_4dfp.c
/opt/freesurfer/average/711-2C_as_mni_average_305.4dfp.img
       256       256       256         1
  1.000000  1.000000  1.000000
orientation T byte_order littleendian
Reading image: /opt/freesurfer/average/711-2C_as_mni_average_305.4dfp.img
dimensions:      256       256       256
mmppix:       1.0000   -1.0000   -1.0000
center:     128.0000 -129.0000 -129.0000
/opt/freesurfer/average/711-2B_as_mni_average_305_mask.4dfp.img
       256       256       256         1
  1.000000  1.000000  1.000000
orientation T byte_order littleendian
Reading mask: /opt/freesurfer/average/711-2B_as_mni_average_305_mask.4dfp.img (2306576 pixels)
talsrcimg_g11.4dfp.img
       256       256       256         1
  1.000000  1.000000  1.000000
orientation T byte_order littleendian
Reading image: talsrcimg_g11.4dfp.img
dimensions:      256       256       256
mmppix:       1.0000   -1.0000   -1.0000
center:     128.0000 -129.0000 -129.0000
fimgreg.f
image alignment mode   2311 decimal      907 hex
parameters
    1.2117   18.6326   -0.2553   -8.4636  -13.9271   -1.3961
    0.3373    3.8094   -1.4025   11.3543   -2.0760   -8.9470
eta,q 0.98353 10.81354
niter,ni,del,rscale     5    3    5.0000    0.8000
parameters
    1.2076   18.6353   -0.2409   -8.8929  -13.7004   -1.7059
    0.2848    3.7431   -1.3838   11.3509   -2.3222   -8.7148
eta,q 0.98348 10.80170
  0.0184  0.0178  0.0173  0.0178  0.0176  0.0179  0.0178  0.0191  0.0176  0.0181  0.0170  0.0171
  0.0173  0.0171  0.0169  0.0172  0.0170  0.0171  0.0171  0.0177  0.0170  0.0172  0.0167  0.0168
  0.0167  0.0166  0.0166  0.0167  0.0166  0.0167  0.0167  0.0168  0.0166  0.0167  0.0166  0.0166
  0.0165  0.0165  0.0165  0.0165  0.0165  0.0165  0.0165  0.0165  0.0165  0.0165  0.0165  0.0165
  0.0167  0.0166  0.0166  0.0167  0.0166  0.0166  0.0167  0.0168  0.0166  0.0167  0.0166  0.0166
  0.0173  0.0171  0.0168  0.0174  0.0169  0.0173  0.0171  0.0178  0.0170  0.0172  0.0168  0.0167
  0.0184  0.0178  0.0173  0.0187  0.0174  0.0185  0.0179  0.0192  0.0176  0.0181  0.0172  0.0170
niter,ni,del,rscale     4    3    5.0000    0.7000
parameters
    1.2261   18.6448   -0.2448   -8.7853  -13.7031   -1.6571
    0.2918    3.7917   -1.3564   11.3401   -2.2948   -8.7579
eta,q 0.98349 10.80573
  0.0180  0.0176  0.0172  0.0178  0.0173  0.0177  0.0175  0.0186  0.0173  0.0177  0.0170  0.0169
  0.0172  0.0170  0.0168  0.0172  0.0168  0.0171  0.0170  0.0175  0.0169  0.0170  0.0167  0.0167
  0.0167  0.0166  0.0166  0.0168  0.0166  0.0167  0.0166  0.0167  0.0166  0.0166  0.0166  0.0165
  0.0165  0.0165  0.0165  0.0165  0.0165  0.0165  0.0165  0.0165  0.0165  0.0165  0.0165  0.0165
  0.0167  0.0166  0.0166  0.0166  0.0166  0.0165  0.0166  0.0167  0.0166  0.0166  0.0165  0.0166
  0.0171  0.0170  0.0168  0.0170  0.0169  0.0170  0.0169  0.0174  0.0169  0.0170  0.0167  0.0167
  0.0179  0.0175  0.0171  0.0178  0.0172  0.0178  0.0175  0.0185  0.0173  0.0177  0.0170  0.0169
niter,ni,del,rscale     3    3    5.0000    0.6000
parameters
    1.2247   18.6390   -0.2535   -8.6648  -13.7781   -1.5888
    0.3058    3.8002   -1.3648   11.3441   -2.2419   -8.8088
eta,q 0.98350 10.80837
  0.0176  0.0173  0.0170  0.0175  0.0170  0.0174  0.0172  0.0180  0.0171  0.0174  0.0168  0.0168
  0.0170  0.0168  0.0167  0.0170  0.0167  0.0169  0.0168  0.0172  0.0168  0.0169  0.0166  0.0166
  0.0166  0.0166  0.0166  0.0167  0.0165  0.0167  0.0166  0.0167  0.0166  0.0166  0.0165  0.0165
  0.0165  0.0165  0.0165  0.0165  0.0165  0.0165  0.0165  0.0165  0.0165  0.0165  0.0165  0.0165
  0.0166  0.0166  0.0166  0.0165  0.0166  0.0165  0.0166  0.0167  0.0166  0.0166  0.0165  0.0165
  0.0170  0.0169  0.0167  0.0168  0.0168  0.0168  0.0168  0.0172  0.0168  0.0169  0.0166  0.0166
  0.0176  0.0173  0.0170  0.0175  0.0170  0.0174  0.0172  0.0180  0.0171  0.0173  0.0168  0.0168
niter,ni,del,rscale     2    3    5.0000    0.5000
parameters
    1.2197   18.6337   -0.2548   -8.5538  -13.8616   -1.5064
    0.3287    3.8082   -1.3789   11.3494   -2.1832   -8.8699
eta,q 0.98352 10.81058
  0.0172  0.0170  0.0168  0.0172  0.0168  0.0171  0.0170  0.0176  0.0169  0.0171  0.0167  0.0167
  0.0168  0.0167  0.0166  0.0169  0.0166  0.0168  0.0167  0.0170  0.0167  0.0167  0.0166  0.0166
  0.0166  0.0165  0.0165  0.0166  0.0165  0.0166  0.0165  0.0166  0.0165  0.0165  0.0165  0.0165
  0.0165  0.0165  0.0165  0.0165  0.0165  0.0165  0.0165  0.0165  0.0165  0.0165  0.0165  0.0165
  0.0166  0.0166  0.0165  0.0165  0.0165  0.0165  0.0165  0.0166  0.0165  0.0165  0.0165  0.0165
  0.0168  0.0167  0.0166  0.0167  0.0167  0.0167  0.0167  0.0170  0.0167  0.0167  0.0166  0.0166
  0.0172  0.0170  0.0168  0.0172  0.0169  0.0171  0.0170  0.0175  0.0169  0.0171  0.0167  0.0167
niter,ni,del,rscale     1    3    5.0000    0.4000
parameters
    1.2124   18.6299   -0.2551   -8.4645  -13.9261   -1.4011
    0.3405    3.8080   -1.4064   11.3541   -2.0828   -8.9544
eta,q 0.98353 10.81344
  0.0169  0.0168  0.0167  0.0169  0.0167  0.0169  0.0168  0.0172  0.0167  0.0168  0.0166  0.0166
  0.0167  0.0166  0.0166  0.0167  0.0166  0.0167  0.0166  0.0168  0.0166  0.0166  0.0165  0.0165
  0.0165  0.0165  0.0165  0.0166  0.0165  0.0166  0.0165  0.0165  0.0165  0.0165  0.0165  0.0165
  0.0165  0.0165  0.0165  0.0165  0.0165  0.0165  0.0165  0.0165  0.0165  0.0165  0.0165  0.0165
  0.0165  0.0165  0.0165  0.0165  0.0165  0.0165  0.0165  0.0166  0.0165  0.0165  0.0165  0.0165
  0.0167  0.0166  0.0166  0.0166  0.0166  0.0166  0.0166  0.0168  0.0166  0.0166  0.0165  0.0165
  0.0170  0.0168  0.0167  0.0169  0.0167  0.0169  0.0168  0.0172  0.0167  0.0168  0.0166  0.0166
registration optimization eta report
parameter search radius
    0.8000    0.8000    0.8000    2.4000    2.4000    2.4000
    2.4000    2.4000    2.4000    2.4000    2.4000    2.4000
100000*second partial in parameter space
       75.       52.       34.        8.        4.        7.
        6.       12.        5.        7.        3.        2.
  0.0169  0.0168  0.0167  0.0169  0.0167  0.0169  0.0168  0.0172  0.0167  0.0168  0.0166  0.0166
  0.0167  0.0166  0.0166  0.0167  0.0166  0.0167  0.0166  0.0168  0.0166  0.0166  0.0165  0.0165
  0.0165  0.0165  0.0165  0.0166  0.0165  0.0166  0.0165  0.0165  0.0165  0.0165  0.0165  0.0165
  0.0165  0.0165  0.0165  0.0165  0.0165  0.0165  0.0165  0.0165  0.0165  0.0165  0.0165  0.0165
  0.0165  0.0165  0.0165  0.0165  0.0165  0.0165  0.0165  0.0166  0.0165  0.0165  0.0165  0.0165
  0.0167  0.0166  0.0166  0.0166  0.0166  0.0166  0.0166  0.0168  0.0166  0.0166  0.0165  0.0165
  0.0170  0.0168  0.0167  0.0169  0.0167  0.0169  0.0168  0.0172  0.0167  0.0168  0.0166  0.0166
    1.2124   18.6299   -0.2551   -8.4645  -13.9261   -1.4011
    0.3405    3.8080   -1.4064   11.3541   -2.0828   -8.9544
eta,q 0.98353 10.81344

---------------------------------------------------------------------
compute_vox2vox talsrcimg talsrcimg_to_711-2C_as_mni_average_305_t4 /opt/freesurfer/average/711-2C_as_mni_average_305
---------------------------------------------------------------------

freesurfer compute_vox2vox.c
Reading: talsrcimg.4dfp.ifh
Reading: talsrcimg_to_711-2C_as_mni_average_305_t4
Reading: /opt/freesurfer/average/711-2C_as_mni_average_305.4dfp.ifh
Writing: talsrcimg_to_711-2C_as_mni_average_305_t4_vox2vox.txt

start time Mon Mar 9 12:51:51 CET 2026
end		time Mon Mar 9 12:53:24 CET 2026

mpr2mni305 success

avi2talxfm orig_nu.mgz /opt/freesurfer/average/mni305.cor.mgz talsrcimg_to_711-2C_as_mni_average_305_t4_vox2vox.txt transforms/talairach.auto.xfm
avi2talxfm done
mv -f /out/sourcedata/freesurfer/sub-v1s22x0050467_ses-1/mri/talsrcimg_to_711-2C_as_mni_average_305_t4_vox2vox.txt /out/sourcedata/freesurfer/sub-v1s22x0050467_ses-1/mri/transforms/talsrcimg_to_711-2C_as_mni_average_305_t4_vox2vox.txt
lta_convert --src orig_nu.mgz --trg /opt/freesurfer/average/mni305.cor.mgz --inxfm transforms/talairach.auto.xfm --outlta transforms/talairach.auto.xfm.lta --subject fsaverage
7.3.2

--src: orig_nu.mgz src image (geometry).
--trg: /opt/freesurfer/average/mni305.cor.mgz trg image (geometry).
--inmni: transforms/talairach.auto.xfm input MNI/XFM transform.
--outlta: transforms/talairach.auto.xfm.lta output LTA.
--s: fsaverage subject name
 LTA read, type : 1
 1.09140  -0.04116  -0.00860  -1.83922;
 0.02438   1.00128   0.10407  -46.38662;
 0.01462  -0.13275   1.14792   11.83609;
 0.00000   0.00000   0.00000   1.00000;
setting subject to fsaverage
Writing  LTA to file transforms/talairach.auto.xfm.lta...
lta_convert successful.
 
 
Started at Mon Mar 9 12:51:50 CET 2026
Ended   at Mon Mar  9 12:53:24 CET 2026
talairach_avi done
