status file for recon-all
Mon Mar  9 13:55:08 CET 2026
#@# Tessellate lh Mon Mar  9 13:55:08 CET 2026
#@# Smooth1 lh Mon Mar  9 13:55:11 CET 2026
#@# Inflation1 lh Mon Mar  9 13:55:13 CET 2026
#@# QSphere lh Mon Mar  9 13:55:23 CET 2026
#@# Fix Topology lh Mon Mar  9 13:56:08 CET 2026
#@# Smooth2 lh Mon Mar  9 14:02:10 CET 2026
#@# Inflation2 lh Mon Mar  9 14:02:12 CET 2026
#@# Curv .H and .K lh Mon Mar  9 14:02:22 CET 2026
#@# Sphere lh Mon Mar  9 14:03:06 CET 2026
#@# Surf Reg lh Mon Mar  9 14:05:25 CET 2026
#@# Jacobian white lh Mon Mar  9 14:08:34 CET 2026
#@# AvgCurv lh Mon Mar  9 14:08:35 CET 2026
#@# Cortical Parc lh Mon Mar  9 14:08:35 CET 2026
#@# white curv lh Mon Mar  9 14:14:48 CET 2026
#@# white area lh Mon Mar  9 14:14:50 CET 2026
#@# pial curv lh Mon Mar  9 14:14:50 CET 2026
#@# pial area lh Mon Mar  9 14:14:52 CET 2026
#@# thickness lh Mon Mar  9 14:14:52 CET 2026
#@# area and vertex vol lh Mon Mar  9 14:15:15 CET 2026
#@# Curvature Stats lh Mon Mar  9 14:15:16 CET 2026
#@# Cortical Parc 2 lh Mon Mar  9 14:15:18 CET 2026
#@# Cortical Parc 3 lh Mon Mar  9 14:15:29 CET 2026
#@# WM/GM Contrast lh Mon Mar  9 14:15:37 CET 2026
recon-all -s sub-v1s22x0050460_ses-1 finished without error at Mon Mar  9 14:15:41 CET 2026



#New# invocation of recon-all 



status file for recon-all
Mon Mar  9 14:39:08 CET 2026
#@# white curv lh Mon Mar  9 14:39:09 CET 2026
#@# white area lh Mon Mar  9 14:39:09 CET 2026
#@# pial curv lh Mon Mar  9 14:39:09 CET 2026
#@# pial area lh Mon Mar  9 14:39:09 CET 2026
#@# thickness lh Mon Mar  9 14:39:09 CET 2026
#@# area and vertex vol lh Mon Mar  9 14:39:09 CET 2026
#@# Parcellation Stats lh Mon Mar  9 14:39:09 CET 2026
#@# Parcellation Stats 2 lh Mon Mar  9 14:39:28 CET 2026
#@# Parcellation Stats 3 lh Mon Mar  9 14:39:38 CET 2026
#@# BA_exvivo Labels lh Mon Mar  9 14:39:47 CET 2026
recon-all -s sub-v1s22x0050460_ses-1 finished without error at Mon Mar  9 14:41:54 CET 2026
