status file for recon-all
Mon Mar  9 18:24:15 CET 2026
#@# Tessellate rh Mon Mar  9 18:24:15 CET 2026
#@# Smooth1 rh Mon Mar  9 18:24:19 CET 2026
#@# Inflation1 rh Mon Mar  9 18:24:22 CET 2026
#@# QSphere rh Mon Mar  9 18:24:38 CET 2026
#@# Fix Topology rh Mon Mar  9 18:26:00 CET 2026
#@# Smooth2 rh Mon Mar  9 18:32:19 CET 2026
#@# Inflation2 rh Mon Mar  9 18:32:22 CET 2026
#@# Curv .H and .K rh Mon Mar  9 18:32:39 CET 2026
#@# Sphere rh Mon Mar  9 18:33:29 CET 2026
#@# Surf Reg rh Mon Mar  9 18:37:31 CET 2026
#@# Jacobian white rh Mon Mar  9 18:42:55 CET 2026
#@# AvgCurv rh Mon Mar  9 18:42:57 CET 2026
#@# Cortical Parc rh Mon Mar  9 18:42:57 CET 2026
#@# white curv rh Mon Mar  9 18:50:20 CET 2026
#@# white area rh Mon Mar  9 18:50:22 CET 2026
#@# pial curv rh Mon Mar  9 18:50:23 CET 2026
#@# pial area rh Mon Mar  9 18:50:25 CET 2026
#@# thickness rh Mon Mar  9 18:50:26 CET 2026
#@# area and vertex vol rh Mon Mar  9 18:50:57 CET 2026
#@# Curvature Stats rh Mon Mar  9 18:50:59 CET 2026
#@# Cortical Parc 2 rh Mon Mar  9 18:51:01 CET 2026
#@# Cortical Parc 3 rh Mon Mar  9 18:51:16 CET 2026
#@# WM/GM Contrast rh Mon Mar  9 18:51:26 CET 2026
recon-all -s sub-v1s22x0050515_ses-1 finished without error at Mon Mar  9 18:51:32 CET 2026



#New# invocation of recon-all 



status file for recon-all
Mon Mar  9 19:00:24 CET 2026
#@# white curv rh Mon Mar  9 19:00:24 CET 2026
#@# white area rh Mon Mar  9 19:00:25 CET 2026
#@# pial curv rh Mon Mar  9 19:00:25 CET 2026
#@# pial area rh Mon Mar  9 19:00:25 CET 2026
#@# thickness rh Mon Mar  9 19:00:25 CET 2026
#@# area and vertex vol rh Mon Mar  9 19:00:25 CET 2026
#@# Parcellation Stats rh Mon Mar  9 19:00:25 CET 2026
#@# Parcellation Stats 2 rh Mon Mar  9 19:00:45 CET 2026
#@# Parcellation Stats 3 rh Mon Mar  9 19:00:56 CET 2026
#@# BA_exvivo Labels rh Mon Mar  9 19:01:06 CET 2026
recon-all -s sub-v1s22x0050515_ses-1 finished without error at Mon Mar  9 19:03:55 CET 2026
