status file for recon-all
Mon Mar  9 15:42:33 CET 2026
#@# MotionCor Mon Mar  9 15:42:39 CET 2026
#@# Talairach Mon Mar  9 15:42:48 CET 2026
#@# Talairach Failure Detection Mon Mar  9 15:45:38 CET 2026
#@# Nu Intensity Correction Mon Mar  9 15:45:38 CET 2026
#@# Intensity Normalization Mon Mar  9 15:48:23 CET 2026
recon-all -s sub-v1s22x0050500_ses-1 finished without error at Mon Mar  9 15:49:32 CET 2026



#New# invocation of recon-all 



status file for recon-all
Mon Mar  9 15:58:51 CET 2026
#@# EM Registration Mon Mar  9 15:58:51 CET 2026
recon-all -s sub-v1s22x0050500_ses-1 finished without error at Mon Mar  9 16:00:05 CET 2026



#New# invocation of recon-all 



status file for recon-all
Mon Mar  9 16:00:07 CET 2026
#@# CA Normalize Mon Mar  9 16:00:07 CET 2026
#@# CA Reg Mon Mar  9 16:01:02 CET 2026
#@# SubCort Seg Mon Mar  9 16:37:40 CET 2026
#@# CC Seg Mon Mar  9 16:59:41 CET 2026
#@# Merge ASeg Mon Mar  9 17:00:35 CET 2026
#@# Intensity Normalization2 Mon Mar  9 17:00:35 CET 2026
#@# Mask BFS Mon Mar  9 17:02:09 CET 2026
#@# WM Segmentation Mon Mar  9 17:02:10 CET 2026
#@# Fill Mon Mar  9 17:03:41 CET 2026
recon-all -s sub-v1s22x0050500_ses-1 finished without error at Mon Mar  9 17:04:19 CET 2026



#New# invocation of recon-all 



status file for recon-all
Mon Mar  9 17:39:34 CET 2026
#@# white curv lh Mon Mar  9 17:39:34 CET 2026
#@# white area lh Mon Mar  9 17:39:35 CET 2026
#@# pial curv lh Mon Mar  9 17:39:35 CET 2026
#@# pial area lh Mon Mar  9 17:39:35 CET 2026
#@# thickness lh Mon Mar  9 17:39:35 CET 2026
#@# area and vertex vol lh Mon Mar  9 17:39:35 CET 2026
#@# white curv rh Mon Mar  9 17:39:35 CET 2026
#@# white area rh Mon Mar  9 17:39:35 CET 2026
#@# pial curv rh Mon Mar  9 17:39:35 CET 2026
#@# pial area rh Mon Mar  9 17:39:35 CET 2026
#@# thickness rh Mon Mar  9 17:39:35 CET 2026
#@# area and vertex vol rh Mon Mar  9 17:39:35 CET 2026
#@# Cortical ribbon mask Mon Mar  9 17:39:35 CET 2026
recon-all -s sub-v1s22x0050500_ses-1 finished without error at Mon Mar  9 17:45:07 CET 2026



#New# invocation of recon-all 



status file for recon-all
Mon Mar  9 17:50:37 CET 2026
#@# white curv lh Mon Mar  9 17:50:37 CET 2026
#@# white area lh Mon Mar  9 17:50:37 CET 2026
#@# pial curv lh Mon Mar  9 17:50:37 CET 2026
#@# pial area lh Mon Mar  9 17:50:37 CET 2026
#@# thickness lh Mon Mar  9 17:50:37 CET 2026
#@# area and vertex vol lh Mon Mar  9 17:50:37 CET 2026
#@# white curv rh Mon Mar  9 17:50:37 CET 2026
#@# white area rh Mon Mar  9 17:50:37 CET 2026
#@# pial curv rh Mon Mar  9 17:50:37 CET 2026
#@# pial area rh Mon Mar  9 17:50:37 CET 2026
#@# thickness rh Mon Mar  9 17:50:37 CET 2026
#@# area and vertex vol rh Mon Mar  9 17:50:37 CET 2026
#@# Curvature Stats lh Mon Mar  9 17:50:37 CET 2026
#@# Curvature Stats rh Mon Mar  9 17:50:39 CET 2026
#@# Relabel Hypointensities Mon Mar  9 17:50:40 CET 2026
#@# APas-to-ASeg Mon Mar  9 17:50:51 CET 2026
#@# AParc-to-ASeg aparc Mon Mar  9 17:50:57 CET 2026
#@# AParc-to-ASeg aparc.a2009s Mon Mar  9 17:51:24 CET 2026
#@# AParc-to-ASeg aparc.DKTatlas Mon Mar  9 17:51:48 CET 2026
#@# WMParc Mon Mar  9 17:52:14 CET 2026
#@# ASeg Stats Mon Mar  9 17:53:59 CET 2026
recon-all -s sub-v1s22x0050500_ses-1 finished without error at Mon Mar  9 17:54:16 CET 2026
