status file for recon-all
Mon Mar  9 17:04:22 CET 2026
#@# Tessellate lh Mon Mar  9 17:04:22 CET 2026
#@# Smooth1 lh Mon Mar  9 17:04:25 CET 2026
#@# Inflation1 lh Mon Mar  9 17:04:27 CET 2026
#@# QSphere lh Mon Mar  9 17:04:36 CET 2026
#@# Fix Topology lh Mon Mar  9 17:05:23 CET 2026
#@# Smooth2 lh Mon Mar  9 17:10:01 CET 2026
#@# Inflation2 lh Mon Mar  9 17:10:03 CET 2026
#@# Curv .H and .K lh Mon Mar  9 17:10:12 CET 2026
#@# Sphere lh Mon Mar  9 17:10:56 CET 2026
#@# Surf Reg lh Mon Mar  9 17:12:36 CET 2026
#@# Jacobian white lh Mon Mar  9 17:15:05 CET 2026
#@# AvgCurv lh Mon Mar  9 17:15:05 CET 2026
#@# Cortical Parc lh Mon Mar  9 17:15:06 CET 2026
#@# white curv lh Mon Mar  9 17:20:47 CET 2026
#@# white area lh Mon Mar  9 17:20:48 CET 2026
#@# pial curv lh Mon Mar  9 17:20:49 CET 2026
#@# pial area lh Mon Mar  9 17:20:50 CET 2026
#@# thickness lh Mon Mar  9 17:20:51 CET 2026
#@# area and vertex vol lh Mon Mar  9 17:21:14 CET 2026
#@# Curvature Stats lh Mon Mar  9 17:21:16 CET 2026
#@# Cortical Parc 2 lh Mon Mar  9 17:21:17 CET 2026
#@# Cortical Parc 3 lh Mon Mar  9 17:21:28 CET 2026
#@# WM/GM Contrast lh Mon Mar  9 17:21:36 CET 2026
recon-all -s sub-v1s22x0050500_ses-1 finished without error at Mon Mar  9 17:21:40 CET 2026



#New# invocation of recon-all 



status file for recon-all
Mon Mar  9 17:45:11 CET 2026
#@# white curv lh Mon Mar  9 17:45:11 CET 2026
#@# white area lh Mon Mar  9 17:45:11 CET 2026
#@# pial curv lh Mon Mar  9 17:45:11 CET 2026
#@# pial area lh Mon Mar  9 17:45:11 CET 2026
#@# thickness lh Mon Mar  9 17:45:11 CET 2026
#@# area and vertex vol lh Mon Mar  9 17:45:11 CET 2026
#@# Parcellation Stats lh Mon Mar  9 17:45:11 CET 2026
#@# Parcellation Stats 2 lh Mon Mar  9 17:45:29 CET 2026
#@# Parcellation Stats 3 lh Mon Mar  9 17:45:39 CET 2026
#@# BA_exvivo Labels lh Mon Mar  9 17:45:48 CET 2026
recon-all -s sub-v1s22x0050500_ses-1 finished without error at Mon Mar  9 17:47:50 CET 2026
