/out/sourcedata/freesurfer/sub-v1s22x0050528_ses-1/mri
/opt/freesurfer/bin/talairach_avi
--i orig_nu.mgz --xfm transforms/talairach.auto.xfm
talairach_avi 7.3.2
Linux dna013 5.14.0-427.37.1.el9_4.x86_64 #1 SMP PREEMPT_DYNAMIC Fri Sep 13 12:41:50 EDT 2024 x86_64 x86_64 x86_64 GNU/Linux
Mon Mar  9 16:46:38 CET 2026
mri_convert orig_nu.mgz talsrcimg.img 
reading from orig_nu.mgz...
TR=0.00, TE=0.00, TI=0.00, flip angle=0.00
i_ras = (-1, 0, 0)
j_ras = (0, 0, -1)
k_ras = (7.45058e-09, 1, 0)
writing to talsrcimg.img...
Analyze Output Matrix
-1.00000   0.00000   0.00000   128.10452;
 0.00000   0.00000   1.00000  -109.36159;
 0.00000  -1.00000   0.00000   105.30969;
 0.00000   0.00000   0.00000   1.00000;
--------------------
INFO: set hdr.hist.orient to -1
mpr2mni305 talsrcimg
Mon Mar  9 16:46:39 CET 2026
/opt/freesurfer/bin/mpr2mni305 talsrcimg
mpr2mni305 7.3.2
target=711-2C_as_mni_average_305

---------------------------------------------------------------------
analyzeto4dfp talsrcimg -O0 -y
---------------------------------------------------------------------

freesurfer ifh2hdr.c
Mon Mar  9 16:46:39 2026
Writing: talsrcimg.4dfp.hdr
freesurfer analyzeto4dfp.c
Reading: talsrcimg.hdr
header size 348 bytes
hdr.dime.datatype	offset=70	value=2
hdr.dime.bitpix		offset=72	value=8
hdr.hist.orient		offset=252	value=-1
dimensionality     4
dimensions       256       256       256         1
Reading: talsrcimg.img
Writing: talsrcimg.4dfp.img
Writing: talsrcimg.4dfp.ifh
ifh2hdr talsrcimg -r0to173
ori=2

---------------------------------------------------------------------
gauss_4dfp talsrcimg 1.1
---------------------------------------------------------------------

freesurfer gauss_4dfp.c
Reading: talsrcimg.4dfp.img
Writing: talsrcimg_g11.4dfp.img
image dimensions 256 256 256 padded to 288 288 288
processing volume 1freesurfer ifh2hdr.c
Mon Mar  9 16:46:41 2026
Writing: talsrcimg_g11.4dfp.hdr

Writing: talsrcimg_g11.4dfp.ifh
including: talsrcimg.4dfp.img.rec in talsrcimg_g11.4dfp.img.rec

---------------------------------------------------------------------
imgreg_4dfp /opt/freesurfer/average/711-2C_as_mni_average_305 none talsrcimg_g11 none talsrcimg_to_711-2C_as_mni_average_305_t4 4355
---------------------------------------------------------------------

freesurfer imgreg_4dfp.c
/opt/freesurfer/average/711-2C_as_mni_average_305.4dfp.img
       256       256       256         1
  1.000000  1.000000  1.000000
orientation T byte_order littleendian
Reading image: /opt/freesurfer/average/711-2C_as_mni_average_305.4dfp.img
dimensions:      256       256       256
mmppix:       1.0000   -1.0000   -1.0000
center:     128.0000 -129.0000 -129.0000
talsrcimg_g11.4dfp.img
       256       256       256         1
  1.000000  1.000000  1.000000
orientation T byte_order littleendian
Reading image: talsrcimg_g11.4dfp.img
dimensions:      256       256       256
mmppix:       1.0000   -1.0000   -1.0000
center:     128.0000 -129.0000 -129.0000
t4_read: open error in t4_sub.f l:  41 t4_file(1:l)talsrcimg_to_711-2C_as_mni_average_305_t4 
t4_read: transform initialized to I4
rotation matrix determinant  1.000000
image alignment mode   4355 decimal     1103 hex
   -7.5000  -45.0000  -45.0000 5184.9814   22.3653
    0.0000  -45.0000  -45.0000 5381.7476   22.4289
    7.5000  -45.0000  -45.0000 5174.1582   22.4397
   -7.5000  -37.5000  -45.0000 5652.8994   21.4727
    0.0000  -37.5000  -45.0000 5864.6812   21.5286
    7.5000  -37.5000  -45.0000 5623.0610   21.5464
   -7.5000  -30.0000  -45.0000 6350.4414   20.7038
    0.0000  -30.0000  -45.0000 6610.3452   20.7547
    7.5000  -30.0000  -45.0000 6329.8262   20.7831
   -7.5000  -22.5000  -45.0000 7145.8848   20.0067
    0.0000  -22.5000  -45.0000 7472.7905   20.0548
    7.5000  -22.5000  -45.0000 7131.9619   20.0867
   -7.5000  -15.0000  -45.0000 7969.0161   19.4264
    0.0000  -15.0000  -45.0000 8338.9795   19.4732
    7.5000  -15.0000  -45.0000 7952.9370   19.4976
   -7.5000   -7.5000  -45.0000 8940.8447   19.2613
    0.0000   -7.5000  -45.0000 9374.5781   19.3078
    7.5000   -7.5000  -45.0000 8940.1689   19.3226
   -7.5000    0.0000  -45.0000 9824.4902   19.2919
    0.0000    0.0000  -45.000010313.1064   19.3398
    7.5000    0.0000  -45.0000 9836.5508   19.3496
   -7.5000    7.5000  -45.0000 9924.0557   19.3539
    0.0000    7.5000  -45.000010418.7637   19.4004
    7.5000    7.5000  -45.0000 9914.8379   19.4143
   -7.5000   15.0000  -45.0000 9932.5986   19.3500
    0.0000   15.0000  -45.000010436.5068   19.3939
    7.5000   15.0000  -45.0000 9903.9863   19.4177
   -7.5000   22.5000  -45.0000 9944.9707   19.2710
    0.0000   22.5000  -45.000010435.3457   19.3155
    7.5000   22.5000  -45.0000 9873.2646   19.3445
   -7.5000   30.0000  -45.0000 9887.7549   18.9601
    0.0000   30.0000  -45.000010396.9395   19.0051
    7.5000   30.0000  -45.0000 9825.8506   19.0288
   -7.5000   37.5000  -45.000010152.9971   18.9668
    0.0000   37.5000  -45.000010691.9375   19.0125
    7.5000   37.5000  -45.000010144.8486   19.0271
   -7.5000   45.0000  -45.0000 9829.0596   18.5515
    0.0000   45.0000  -45.000010352.8096   18.5975
    7.5000   45.0000  -45.0000 9809.0166   18.6070
   -7.5000  -45.0000  -37.5000 5518.2456   22.0813
    0.0000  -45.0000  -37.5000 5736.4253   22.1436
    7.5000  -45.0000  -37.5000 5486.6270   22.1451
   -7.5000  -37.5000  -37.5000 5986.9014   21.2029
    0.0000  -37.5000  -37.5000 6231.5366   21.2556
    7.5000  -37.5000  -37.5000 5954.9824   21.2666
   -7.5000  -30.0000  -37.5000 6716.6191   20.4487
    0.0000  -30.0000  -37.5000 7007.7798   20.4966
    7.5000  -30.0000  -37.5000 6698.5034   20.5220
   -7.5000  -22.5000  -37.5000 7573.0449   19.7612
    0.0000  -22.5000  -37.5000 7922.5986   19.8099
    7.5000  -22.5000  -37.5000 7558.3545   19.8386
   -7.5000  -15.0000  -37.5000 8476.6211   19.1903
    0.0000  -15.0000  -37.5000 8872.7539   19.2411
    7.5000  -15.0000  -37.5000 8467.7305   19.2610
   -7.5000   -7.5000  -37.5000 9545.0498   19.0289
    0.0000   -7.5000  -37.500010013.8887   19.0787
    7.5000   -7.5000  -37.5000 9522.6631   19.0871
   -7.5000    0.0000  -37.500010502.5703   19.0614
    0.0000    0.0000  -37.500011013.8164   19.1094
    7.5000    0.0000  -37.500010473.1016   19.1131
   -7.5000    7.5000  -37.500010605.5605   19.1216
    0.0000    7.5000  -37.500011125.7207   19.1656
    7.5000    7.5000  -37.500010556.0391   19.1754
   -7.5000   15.0000  -37.500010596.4590   19.1144
    0.0000   15.0000  -37.500011112.1855   19.1562
    7.5000   15.0000  -37.500010525.1465   19.1774
   -7.5000   22.5000  -37.500010583.6357   19.0341
    0.0000   22.5000  -37.500011072.3506   19.0796
    7.5000   22.5000  -37.500010517.0117   19.1061
   -7.5000   30.0000  -37.500010502.2432   18.7280
    0.0000   30.0000  -37.500011017.7686   18.7769
    7.5000   30.0000  -37.500010448.7783   18.7963
   -7.5000   37.5000  -37.500010794.5557   18.7378
    0.0000   37.5000  -37.500011326.6992   18.7867
    7.5000   37.5000  -37.500010755.6045   18.7950
   -7.5000   45.0000  -37.500010426.5996   18.3299
    0.0000   45.0000  -37.500010959.6680   18.3759
    7.5000   45.0000  -37.500010375.1006   18.3795
   -7.5000  -45.0000  -30.0000 5904.7080   22.7206
    0.0000  -45.0000  -30.0000 6141.6104   22.7807
    7.5000  -45.0000  -30.0000 5867.2803   22.7756
   -7.5000  -37.5000  -30.0000 6412.6514   21.8246
    0.0000  -37.5000  -30.0000 6688.8975   21.8761
    7.5000  -37.5000  -30.0000 6385.7275   21.8793
   -7.5000  -30.0000  -30.0000 7223.2407   21.0541
    0.0000  -30.0000  -30.0000 7550.5522   21.1027
    7.5000  -30.0000  -30.0000 7212.0229   21.1201
   -7.5000  -22.5000  -30.0000 8151.1714   20.3446
    0.0000  -22.5000  -30.0000 8525.2139   20.3960
    7.5000  -22.5000  -30.0000 8143.5786   20.4179
   -7.5000  -15.0000  -30.0000 9156.8613   19.7549
    0.0000  -15.0000  -30.0000 9573.5488   19.8089
    7.5000  -15.0000  -30.0000 9115.3916   19.8239
   -7.5000   -7.5000  -30.000010319.9326   19.5912
    0.0000   -7.5000  -30.000010816.9561   19.6417
    7.5000   -7.5000  -30.000010266.4375   19.6451
   -7.5000    0.0000  -30.000011368.0137   19.6322
    0.0000    0.0000  -30.000011909.7676   19.6781
    7.5000    0.0000  -30.000011296.2559   19.6758
   -7.5000    7.5000  -30.000011482.5967   19.6986
    0.0000    7.5000  -30.000012015.6133   19.7407
    7.5000    7.5000  -30.000011402.4990   19.7436
   -7.5000   15.0000  -30.000011475.2295   19.6883
    0.0000   15.0000  -30.000011995.4814   19.7302
    7.5000   15.0000  -30.000011362.3203   19.7445
   -7.5000   22.5000  -30.000011459.6328   19.5968
    0.0000   22.5000  -30.000011944.1689   19.6450
    7.5000   22.5000  -30.000011348.8105   19.6654
   -7.5000   30.0000  -30.000011350.1729   19.2810
    0.0000   30.0000  -30.000011842.3457   19.3329
    7.5000   30.0000  -30.000011259.9199   19.3476
   -7.5000   37.5000  -30.000011646.9922   19.2935
    0.0000   37.5000  -30.000012157.7129   19.3431
    7.5000   37.5000  -30.000011541.4268   19.3465
   -7.5000   45.0000  -30.000011213.2324   18.8926
    0.0000   45.0000  -30.000011715.2959   18.9367
    7.5000   45.0000  -30.000011099.2490   18.9345
   -7.5000  -45.0000  -22.5000 6348.6963   23.4867
    0.0000  -45.0000  -22.5000 6595.9019   23.5436
    7.5000  -45.0000  -22.5000 6300.9097   23.5432
   -7.5000  -37.5000  -22.5000 6905.3833   22.5596
    0.0000  -37.5000  -22.5000 7192.8467   22.6114
    7.5000  -37.5000  -22.5000 6862.2583   22.6149
   -7.5000  -30.0000  -22.5000 7818.0405   21.7598
    0.0000  -30.0000  -22.5000 8156.6924   21.8109
    7.5000  -30.0000  -22.5000 7769.0591   21.8236
   -7.5000  -22.5000  -22.5000 8858.8174   21.0231
    0.0000  -22.5000  -22.5000 9257.6494   21.0758
    7.5000  -22.5000  -22.5000 8797.0068   21.0939
   -7.5000  -15.0000  -22.5000 9940.4756   20.4106
    0.0000  -15.0000  -22.500010403.4268   20.4626
    7.5000  -15.0000  -22.5000 9859.1113   20.4772
   -7.5000   -7.5000  -22.500011166.5264   20.2416
    0.0000   -7.5000  -22.500011689.2520   20.2877
    7.5000   -7.5000  -22.500011074.1855   20.2933
   -7.5000    0.0000  -22.500012305.1650   20.2878
    0.0000    0.0000  -22.500012868.4697   20.3297
    7.5000    0.0000  -22.500012196.8984   20.3287
   -7.5000    7.5000  -22.500012466.8330   20.3593
    0.0000    7.5000  -22.500012993.7520   20.4003
    7.5000    7.5000  -22.500012330.5332   20.4010
   -7.5000   15.0000  -22.500012489.9287   20.3476
    0.0000   15.0000  -22.500013009.7480   20.3909
    7.5000   15.0000  -22.500012313.3447   20.4006
   -7.5000   22.5000  -22.500012457.9102   20.2482
    0.0000   22.5000  -22.500012967.2734   20.2973
    7.5000   22.5000  -22.500012306.0674   20.3139
   -7.5000   30.0000  -22.500012333.1875   19.9237
    0.0000   30.0000  -22.500012846.5664   19.9738
    7.5000   30.0000  -22.500012201.4580   19.9879
   -7.5000   37.5000  -22.500012612.7197   19.9371
    0.0000   37.5000  -22.500013155.0742   19.9823
    7.5000   37.5000  -22.500012454.5684   19.9879
   -7.5000   45.0000  -22.500012106.7051   19.5382
    0.0000   45.0000  -22.500012625.6572   19.5785
    7.5000   45.0000  -22.500011947.3379   19.5775
   -7.5000  -45.0000  -15.0000 6796.5039   24.0634
    0.0000  -45.0000  -15.0000 7065.8550   24.1226
    7.5000  -45.0000  -15.0000 6733.6045   24.1337
   -7.5000  -37.5000  -15.0000 7407.2847   23.1124
    0.0000  -37.5000  -15.0000 7721.0342   23.1683
    7.5000  -37.5000  -15.0000 7334.4048   23.1800
   -7.5000  -30.0000  -15.0000 8405.3555   22.2903
    0.0000  -30.0000  -15.0000 8775.0752   22.3454
    7.5000  -30.0000  -15.0000 8322.8457   22.3617
   -7.5000  -22.5000  -15.0000 9538.3896   21.5396
    0.0000  -22.5000  -15.0000 9980.3066   21.5930
    7.5000  -22.5000  -15.0000 9455.9434   21.6148
   -7.5000  -15.0000  -15.000010692.5225   20.9149
    0.0000  -15.0000  -15.000011195.2744   20.9642
    7.5000  -15.0000  -15.000010604.2568   20.9839
   -7.5000   -7.5000  -15.000011995.9609   20.7399
    0.0000   -7.5000  -15.000012553.5273   20.7836
    7.5000   -7.5000  -15.000011898.4951   20.7965
   -7.5000    0.0000  -15.000013217.0996   20.7831
    0.0000    0.0000  -15.000013828.6650   20.8253
    7.5000    0.0000  -15.000013106.1914   20.8314
   -7.5000    7.5000  -15.000013388.6826   20.8534
    0.0000    7.5000  -15.000013993.8398   20.8974
    7.5000    7.5000  -15.000013255.9873   20.9029
   -7.5000   15.0000  -15.000013447.3994   20.8428
    0.0000   15.0000  -15.000014031.5889   20.8891
    7.5000   15.0000  -15.000013286.6172   20.9018
   -7.5000   22.5000  -15.000013477.2803   20.7448
    0.0000   22.5000  -15.000014060.4482   20.7939
    7.5000   22.5000  -15.000013264.3838   20.8134
   -7.5000   30.0000  -15.000013330.4512   20.4187
    0.0000   30.0000  -15.000013941.2100   20.4661
    7.5000   30.0000  -15.000013132.2559   20.4851
   -7.5000   37.5000  -15.000013565.5967   20.4307
    0.0000   37.5000  -15.000014211.4609   20.4737
    7.5000   37.5000  -15.000013385.8564   20.4864
   -7.5000   45.0000  -15.000012981.2197   20.0272
    0.0000   45.0000  -15.000013586.4844   20.0679
    7.5000   45.0000  -15.000012816.9961   20.0738
   -7.5000  -45.0000   -7.5000 7232.1846   24.3530
    0.0000  -45.0000   -7.5000 7537.1929   24.4191
    7.5000  -45.0000   -7.5000 7162.0884   24.4374
   -7.5000  -37.5000   -7.5000 7905.1821   23.3915
    0.0000  -37.5000   -7.5000 8253.3711   23.4523
    7.5000  -37.5000   -7.5000 7850.8237   23.4729
   -7.5000  -30.0000   -7.5000 8994.8213   22.5608
    0.0000  -30.0000   -7.5000 9411.3848   22.6179
    7.5000  -30.0000   -7.5000 8950.2754   22.6442
   -7.5000  -22.5000   -7.500010225.5225   21.8078
    0.0000  -22.5000   -7.500010723.7588   21.8609
    7.5000  -22.5000   -7.500010162.7676   21.8917
   -7.5000  -15.0000   -7.500011452.0801   21.1806
    0.0000  -15.0000   -7.500012022.6182   21.2298
    7.5000  -15.0000   -7.500011377.0840   21.2561
   -7.5000   -7.5000   -7.500012814.0117   21.0005
    0.0000   -7.5000   -7.500013463.1016   21.0471
    7.5000   -7.5000   -7.500012773.9590   21.0659
   -7.5000    0.0000   -7.500014119.4141   21.0360
    0.0000    0.0000   -7.500014835.8154   21.0839
    7.5000    0.0000   -7.500014092.3682   21.0966
   -7.5000    7.5000   -7.500014331.0488   21.1022
    0.0000    7.5000   -7.500015060.9023   21.1512
    7.5000    7.5000   -7.500014277.3438   21.1647
   -7.5000   15.0000   -7.500014455.1055   21.0949
    0.0000   15.0000   -7.500015155.5117   21.1434
    7.5000   15.0000   -7.500014372.2305   21.1648
   -7.5000   22.5000   -7.500014517.6514   21.0011
    0.0000   22.5000   -7.500015247.3076   21.0498
    7.5000   22.5000   -7.500014341.2607   21.0774
   -7.5000   30.0000   -7.500014294.4893   20.6773
    0.0000   30.0000   -7.500015113.2246   20.7246
    7.5000   30.0000   -7.500014151.0400   20.7499
   -7.5000   37.5000   -7.500014478.3701   20.6867
    0.0000   37.5000   -7.500015349.9023   20.7327
    7.5000   37.5000   -7.500014398.8945   20.7511
   -7.5000   45.0000   -7.500013817.7891   20.2747
    0.0000   45.0000   -7.500014640.4883   20.3209
    7.5000   45.0000   -7.500013763.5381   20.3332
   -7.5000  -45.0000    0.0000 7591.9419   24.3988
    0.0000  -45.0000    0.0000 7935.8472   24.4690
    7.5000  -45.0000    0.0000 7540.4429   24.4820
   -7.5000  -37.5000    0.0000 8309.5859   23.4367
    0.0000  -37.5000    0.0000 8722.5127   23.4980
    7.5000  -37.5000    0.0000 8285.0898   23.5184
   -7.5000  -30.0000    0.0000 9490.6396   22.6076
    0.0000  -30.0000    0.0000 9973.1602   22.6632
    7.5000  -30.0000    0.0000 9478.0488   22.6948
   -7.5000  -22.5000    0.000010807.7969   21.8570
    0.0000  -22.5000    0.000011365.7461   21.9099
    7.5000  -22.5000    0.000010779.5049   21.9450
   -7.5000  -15.0000    0.000012105.2393   21.2322
    0.0000  -15.0000    0.000012717.3652   21.2841
    7.5000  -15.0000    0.000012071.5459   21.3109
   -7.5000   -7.5000    0.000013537.0264   21.0506
    0.0000   -7.5000    0.000014231.7471   21.1021
    7.5000   -7.5000    0.000013552.0879   21.1185
   -7.5000    0.0000    0.000014912.9414   21.0811
    0.0000    0.0000    0.000015686.5742   21.1338
    7.5000    0.0000    0.000014955.0596   21.1450
   -7.5000    7.5000    0.000015159.3643   21.1445
    0.0000    7.5000    0.000015970.6523   21.1953
    7.5000    7.5000    0.000015208.3574   21.2110
   -7.5000   15.0000    0.000015414.1953   21.1389
    0.0000   15.0000    0.000016195.9502   21.1868
    7.5000   15.0000    0.000015411.9648   21.2130
   -7.5000   22.5000    0.000015453.9941   21.0489
    0.0000   22.5000    0.000016427.7109   21.0978
    7.5000   22.5000    0.000015430.3848   21.1294
   -7.5000   30.0000    0.000015151.9307   20.7281
    0.0000   30.0000    0.000016210.0615   20.7781
    7.5000   30.0000    0.000015162.9980   20.8040
   -7.5000   37.5000    0.000015316.1816   20.7366
    0.0000   37.5000    0.000016349.9951   20.7873
    7.5000   37.5000    0.000015404.7637   20.8034
   -7.5000   45.0000    0.000014637.4678   20.3198
    0.0000   45.0000    0.000015550.1523   20.3706
    7.5000   45.0000    0.000014683.5000   20.3813
   -7.5000  -45.0000    7.5000 7381.8076   24.3826
    0.0000  -45.0000    7.5000 7753.8325   24.4518
    7.5000  -45.0000    7.5000 7372.7412   24.4523
   -7.5000  -37.5000    7.5000 8131.1465   23.4208
    0.0000  -37.5000    7.5000 8555.7725   23.4793
    7.5000  -37.5000    7.5000 8134.2764   23.4904
   -7.5000  -30.0000    7.5000 9300.5723   22.5948
    0.0000  -30.0000    7.5000 9788.0879   22.6481
    7.5000  -30.0000    7.5000 9290.4805   22.6750
   -7.5000  -22.5000    7.500010553.8721   21.8417
    0.0000  -22.5000    7.500011110.4150   21.8957
    7.5000  -22.5000    7.500010538.5176   21.9262
   -7.5000  -15.0000    7.500011768.0146   21.2153
    0.0000  -15.0000    7.500012403.0244   21.2716
    7.5000  -15.0000    7.500011796.8135   21.2925
   -7.5000   -7.5000    7.500013109.0840   21.0360
    0.0000   -7.5000    7.500013830.2080   21.0911
    7.5000   -7.5000    7.500013195.7617   21.0992
   -7.5000    0.0000    7.500014427.0889   21.0704
    0.0000    0.0000    7.500015222.1260   21.1234
    7.5000    0.0000    7.500014534.2207   21.1262
   -7.5000    7.5000    7.500014732.8535   21.1355
    0.0000    7.5000    7.500015569.7812   21.1842
    7.5000    7.5000    7.500014875.9307   21.1938
   -7.5000   15.0000    7.500015129.4570   21.1280
    0.0000   15.0000    7.500016060.2773   21.1742
    7.5000   15.0000    7.500015312.2109   21.1965
   -7.5000   22.5000    7.500015323.8477   21.0342
    0.0000   22.5000    7.500016579.9531   21.0846
    7.5000   22.5000    7.500015496.3457   21.1126
   -7.5000   30.0000    7.500015035.7549   20.7119
    0.0000   30.0000    7.500016220.3965   20.7660
    7.5000   30.0000    7.500015215.0020   20.7863
   -7.5000   37.5000    7.500015153.5537   20.7223
    0.0000   37.5000    7.500016195.5352   20.7765
    7.5000   37.5000    7.500015319.9463   20.7844
   -7.5000   45.0000    7.500014460.2227   20.3094
    0.0000   45.0000    7.500015363.5176   20.3605
    7.5000   45.0000    7.500014504.3525   20.3632
   -7.5000  -45.0000   15.0000 7023.3164   24.3847
    0.0000  -45.0000   15.0000 7425.4253   24.4487
    7.5000  -45.0000   15.0000 7038.1958   24.4422
   -7.5000  -37.5000   15.0000 7758.7266   23.4228
    0.0000  -37.5000   15.0000 8211.0850   23.4776
    7.5000  -37.5000   15.0000 7769.0708   23.4800
   -7.5000  -30.0000   15.0000 8902.9287   22.5959
    0.0000  -30.0000   15.0000 9418.7373   22.6475
    7.5000  -30.0000   15.0000 8934.4893   22.6652
   -7.5000  -22.5000   15.000010137.5244   21.8343
    0.0000  -22.5000   15.000010688.1475   21.8889
    7.5000  -22.5000   15.000010185.5557   21.9115
   -7.5000  -15.0000   15.000011334.7070   21.2011
    0.0000  -15.0000   15.000011921.9766   21.2585
    7.5000  -15.0000   15.000011446.3633   21.2736
   -7.5000   -7.5000   15.000012651.3145   21.0248
    0.0000   -7.5000   15.000013270.9648   21.0783
    7.5000   -7.5000   15.000012805.5381   21.0811
   -7.5000    0.0000   15.000013927.8408   21.0684
    0.0000    0.0000   15.000014604.4541   21.1171
    7.5000    0.0000   15.000014104.9941   21.1136
   -7.5000    7.5000   15.000014281.4492   21.1398
    0.0000    7.5000   15.000015006.8584   21.1844
    7.5000    7.5000   15.000014461.3242   21.1864
   -7.5000   15.0000   15.000014739.6787   21.1291
    0.0000   15.0000   15.000015749.3115   21.1734
    7.5000   15.0000   15.000015000.0947   21.1877
   -7.5000   22.5000   15.000015109.8633   21.0264
    0.0000   22.5000   15.000016522.3867   21.0775
    7.5000   22.5000   15.000015235.6221   21.0984
   -7.5000   30.0000   15.000015017.7822   20.6982
    0.0000   30.0000   15.000016295.7578   20.7534
    7.5000   30.0000   15.000015001.4160   20.7681
   -7.5000   37.5000   15.000015107.7275   20.7113
    0.0000   37.5000   15.000016140.1523   20.7639
    7.5000   37.5000   15.000014975.2793   20.7667
   -7.5000   45.0000   15.000014212.0723   20.3076
    0.0000   45.0000   15.000015087.9365   20.3544
    7.5000   45.0000   15.000014060.2168   20.3511
   -7.5000  -45.0000   22.5000 6657.5215   24.4451
    0.0000  -45.0000   22.5000 7035.6021   24.5033
    7.5000  -45.0000   22.5000 6672.1689   24.5020
   -7.5000  -37.5000   22.5000 7379.4917   23.4804
    0.0000  -37.5000   22.5000 7794.6646   23.5332
    7.5000  -37.5000   22.5000 7403.3110   23.5361
   -7.5000  -30.0000   22.5000 8494.2324   22.6470
    0.0000  -30.0000   22.5000 8962.9756   22.6991
    7.5000  -30.0000   22.5000 8538.0898   22.7117
   -7.5000  -22.5000   22.5000 9676.9473   21.8789
    0.0000  -22.5000   22.500010173.5303   21.9328
    7.5000  -22.5000   22.5000 9731.3037   21.9511
   -7.5000  -15.0000   22.500010805.4893   21.2403
    0.0000  -15.0000   22.500011324.6504   21.2935
    7.5000  -15.0000   22.500010879.7373   21.3082
   -7.5000   -7.5000   22.500012063.8213   21.0645
    0.0000   -7.5000   22.500012629.9951   21.1115
    7.5000   -7.5000   22.500012117.7773   21.1169
   -7.5000    0.0000   22.500013347.2178   21.1130
    0.0000    0.0000   22.500013995.3818   21.1557
    7.5000    0.0000   22.500013393.5566   21.1540
   -7.5000    7.5000   22.500013695.4111   21.1875
    0.0000    7.5000   22.500014455.2109   21.2292
    7.5000    7.5000   22.500013766.0010   21.2294
   -7.5000   15.0000   22.500014032.8809   21.1748
    0.0000   15.0000   22.500014889.1562   21.2190
    7.5000   15.0000   22.500014064.2803   21.2286
   -7.5000   22.5000   22.500014240.2471   21.0677
    0.0000   22.5000   22.500015106.2139   21.1179
    7.5000   22.5000   22.500014052.1270   21.1347
   -7.5000   30.0000   22.500014143.2119   20.7361
    0.0000   30.0000   22.500014990.4238   20.7873
    7.5000   30.0000   22.500013884.7510   20.8015
   -7.5000   37.5000   22.500014293.4365   20.7504
    0.0000   37.5000   22.500015178.5693   20.7966
    7.5000   37.5000   22.500014114.9658   20.8019
   -7.5000   45.0000   22.500013425.8027   20.3505
    0.0000   45.0000   22.500014255.2920   20.3916
    7.5000   45.0000   22.500013330.4385   20.3900
   -7.5000  -45.0000   30.0000 6201.5479   24.5524
    0.0000  -45.0000   30.0000 6568.2529   24.6114
    7.5000  -45.0000   30.0000 6230.5474   24.6222
   -7.5000  -37.5000   30.0000 6856.8291   23.5830
    0.0000  -37.5000   30.0000 7253.2524   23.6386
    7.5000  -37.5000   30.0000 6884.7842   23.6500
   -7.5000  -30.0000   30.0000 7910.6294   22.7426
    0.0000  -30.0000   30.0000 8340.4072   22.7975
    7.5000  -30.0000   30.0000 7910.6987   22.8140
   -7.5000  -22.5000   30.0000 9043.7803   21.9747
    0.0000  -22.5000   30.0000 9481.6807   22.0280
    7.5000  -22.5000   30.0000 9009.6475   22.0504
   -7.5000  -15.0000   30.000010130.6611   21.3364
    0.0000  -15.0000   30.000010585.8818   21.3857
    7.5000  -15.0000   30.000010075.2461   21.4058
   -7.5000   -7.5000   30.000011351.7939   21.1597
    0.0000   -7.5000   30.000011837.4629   21.2033
    7.5000   -7.5000   30.000011287.9160   21.2165
   -7.5000    0.0000   30.000012534.2871   21.2055
    0.0000    0.0000   30.000013085.6475   21.2475
    7.5000    0.0000   30.000012484.1494   21.2536
   -7.5000    7.5000   30.000012779.9033   21.2775
    0.0000    7.5000   30.000013339.5742   21.3212
    7.5000    7.5000   30.000012740.1279   21.3268
   -7.5000   15.0000   30.000012922.1143   21.2652
    0.0000   15.0000   30.000013502.8467   21.3114
    7.5000   15.0000   30.000012871.3223   21.3244
   -7.5000   22.5000   30.000012991.6172   21.1614
    0.0000   22.5000   30.000013513.8594   21.2106
    7.5000   22.5000   30.000012833.5537   21.2305
   -7.5000   30.0000   30.000012884.6230   20.8308
    0.0000   30.0000   30.000013382.0918   20.8782
    7.5000   30.0000   30.000012738.8994   20.8977
   -7.5000   37.5000   30.000013119.4619   20.8444
    0.0000   37.5000   30.000013721.3926   20.8872
    7.5000   37.5000   30.000013065.2803   20.9002
   -7.5000   45.0000   30.000012463.8525   20.4397
    0.0000   45.0000   30.000013095.3789   20.4801
    7.5000   45.0000   30.000012484.1523   20.4860
   -7.5000  -45.0000   37.5000 5974.3823   24.8806
    0.0000  -45.0000   37.5000 6334.5845   24.9475
    7.5000  -45.0000   37.5000 6014.8687   24.9653
   -7.5000  -37.5000   37.5000 6617.6470   23.8932
    0.0000  -37.5000   37.5000 7004.6001   23.9546
    7.5000  -37.5000   37.5000 6646.2129   23.9751
   -7.5000  -30.0000   37.5000 7630.0923   23.0370
    0.0000  -30.0000   37.5000 8034.4473   23.0946
    7.5000  -30.0000   37.5000 7610.2148   23.1212
   -7.5000  -22.5000   37.5000 8730.5518   22.2612
    0.0000  -22.5000   37.5000 9142.5938   22.3147
    7.5000  -22.5000   37.5000 8669.5059   22.3462
   -7.5000  -15.0000   37.5000 9782.5947   21.6172
    0.0000  -15.0000   37.500010222.6602   21.6668
    7.5000  -15.0000   37.5000 9721.2432   21.6935
   -7.5000   -7.5000   37.500010940.1309   21.4376
    0.0000   -7.5000   37.500011424.4795   21.4847
    7.5000   -7.5000   37.500010891.9580   21.5036
   -7.5000    0.0000   37.500012037.4717   21.4783
    0.0000    0.0000   37.500012556.6914   21.5268
    7.5000    0.0000   37.500012020.4072   21.5395
   -7.5000    7.5000   37.500012209.2734   21.5469
    0.0000    7.5000   37.500012730.9287   21.5964
    7.5000    7.5000   37.500012220.4727   21.6101
   -7.5000   15.0000   37.500012302.4531   21.5365
    0.0000   15.0000   37.500012815.5840   21.5854
    7.5000   15.0000   37.500012293.8525   21.6075
   -7.5000   22.5000   37.500012350.8047   21.4371
    0.0000   22.5000   37.500012813.1875   21.4863
    7.5000   22.5000   37.500012296.2051   21.5146
   -7.5000   30.0000   37.500012270.0342   21.1061
    0.0000   30.0000   37.500012707.7559   21.1538
    7.5000   30.0000   37.500012223.0801   21.1797
   -7.5000   37.5000   37.500012539.2441   21.1185
    0.0000   37.5000   37.500013025.8086   21.1649
    7.5000   37.5000   37.500012522.5205   21.1835
   -7.5000   45.0000   37.500011983.8896   20.7026
    0.0000   45.0000   37.500012475.2324   20.7493
    7.5000   45.0000   37.500011989.6582   20.7616
   -7.5000  -45.0000   45.0000 5531.3472   25.2754
    0.0000  -45.0000   45.0000 5838.7690   25.3498
    7.5000  -45.0000   45.0000 5576.9985   25.3623
   -7.5000  -37.5000   45.0000 6131.2642   24.2576
    0.0000  -37.5000   45.0000 6457.9053   24.3226
    7.5000  -37.5000   45.0000 6161.8184   24.3435
   -7.5000  -30.0000   45.0000 7058.2612   23.3774
    0.0000  -30.0000   45.0000 7398.2822   23.4364
    7.5000  -30.0000   45.0000 7051.7930   23.4695
   -7.5000  -22.5000   45.0000 8050.4819   22.5830
    0.0000  -22.5000   45.0000 8423.6719   22.6391
    7.5000  -22.5000   45.0000 8027.3330   22.6758
   -7.5000  -15.0000   45.0000 9026.5029   21.9271
    0.0000  -15.0000   45.0000 9448.2734   21.9820
    7.5000  -15.0000   45.0000 9028.9248   22.0097
   -7.5000   -7.5000   45.000010072.5967   21.7472
    0.0000   -7.5000   45.000010537.6924   21.8018
    7.5000   -7.5000   45.000010099.7539   21.8185
   -7.5000    0.0000   45.000011073.4961   21.7880
    0.0000    0.0000   45.000011549.5830   21.8438
    7.5000    0.0000   45.000011094.9326   21.8551
   -7.5000    7.5000   45.000011214.0869   21.8556
    0.0000    7.5000   45.000011702.7959   21.9095
    7.5000    7.5000   45.000011263.8477   21.9258
   -7.5000   15.0000   45.000011275.0117   21.8444
    0.0000   15.0000   45.000011759.4521   21.8953
    7.5000   15.0000   45.000011329.2803   21.9230
   -7.5000   22.5000   45.000011299.4844   21.7439
    0.0000   22.5000   45.000011734.5176   21.7958
    7.5000   22.5000   45.000011311.9600   21.8292
   -7.5000   30.0000   45.000011214.7109   21.4083
    0.0000   30.0000   45.000011644.1680   21.4612
    7.5000   30.0000   45.000011219.5234   21.4880
   -7.5000   37.5000   45.000011482.0156   21.4225
    0.0000   37.5000   45.000011922.0762   21.4762
    7.5000   37.5000   45.000011497.9854   21.4926
   -7.5000   45.0000   45.000011012.4541   21.0106
    0.0000   45.0000   45.000011447.0459   21.0644
    7.5000   45.0000   45.000011011.2939   21.0753

---------------------------------------------------------------------
imgreg_4dfp /opt/freesurfer/average/711-2C_as_mni_average_305 /opt/freesurfer/average/711-2B_as_mni_average_305_mask talsrcimg_g11 none talsrcimg_to_711-2C_as_mni_average_305_t4 4355
---------------------------------------------------------------------

freesurfer imgreg_4dfp.c
/opt/freesurfer/average/711-2C_as_mni_average_305.4dfp.img
       256       256       256         1
  1.000000  1.000000  1.000000
orientation T byte_order littleendian
Reading image: /opt/freesurfer/average/711-2C_as_mni_average_305.4dfp.img
dimensions:      256       256       256
mmppix:       1.0000   -1.0000   -1.0000
center:     128.0000 -129.0000 -129.0000
/opt/freesurfer/average/711-2B_as_mni_average_305_mask.4dfp.img
       256       256       256         1
  1.000000  1.000000  1.000000
orientation T byte_order littleendian
Reading mask: /opt/freesurfer/average/711-2B_as_mni_average_305_mask.4dfp.img (2306576 pixels)
talsrcimg_g11.4dfp.img
       256       256       256         1
  1.000000  1.000000  1.000000
orientation T byte_order littleendian
Reading image: talsrcimg_g11.4dfp.img
dimensions:      256       256       256
mmppix:       1.0000   -1.0000   -1.0000
center:     128.0000 -129.0000 -129.0000
rotation matrix determinant  1.000000
image alignment mode   4355 decimal     1103 hex
   -7.5000  -22.5000  -37.5000 2019.8975   29.4452
    0.0000  -22.5000  -37.5000 2028.9989   29.5322
    7.5000  -22.5000  -37.5000 2022.6851   29.5904
   -7.5000  -15.0000  -37.5000 2138.2314   26.2148
    0.0000  -15.0000  -37.5000 2144.7444   26.2519
    7.5000  -15.0000  -37.5000 2135.2529   26.2672
   -7.5000   -7.5000  -37.5000 2257.2986   24.0288
    0.0000   -7.5000  -37.5000 2264.6895   24.0377
    7.5000   -7.5000  -37.5000 2245.4241   24.0583
   -7.5000    0.0000  -37.5000 2332.1536   22.4605
    0.0000    0.0000  -37.5000 2335.9951   22.4614
    7.5000    0.0000  -37.5000 2319.8728   22.5063
   -7.5000    7.5000  -37.5000 2377.0420   21.3803
    0.0000    7.5000  -37.5000 2385.1423   21.3418
    7.5000    7.5000  -37.5000 2362.6221   21.4267
   -7.5000   15.0000  -37.5000 2393.1411   20.4931
    0.0000   15.0000  -37.5000 2403.9448   20.4277
    7.5000   15.0000  -37.5000 2385.4407   20.5685
   -7.5000   22.5000  -37.5000 2402.9233   19.8593
    0.0000   22.5000  -37.5000 2414.1306   19.8347
    7.5000   22.5000  -37.5000 2397.3718   19.9265
   -7.5000   30.0000  -37.5000 2403.1311   19.6283
    0.0000   30.0000  -37.5000 2414.3091   19.5578
    7.5000   30.0000  -37.5000 2400.0012   19.7118
   -7.5000   37.5000  -37.5000 2396.4246   19.7460
    0.0000   37.5000  -37.5000 2411.6350   19.6202
    7.5000   37.5000  -37.5000 2397.2065   19.8353
   -7.5000   45.0000  -37.5000 2370.9573   20.2049
    0.0000   45.0000  -37.5000 2392.5457   20.1243
    7.5000   45.0000  -37.5000 2379.5811   20.3018
   -7.5000   52.5000  -37.5000 2311.9653   20.7944
    0.0000   52.5000  -37.5000 2332.5115   20.7326
    7.5000   52.5000  -37.5000 2313.8208   20.8696
   -7.5000   60.0000  -37.5000 2203.5569   21.4182
    0.0000   60.0000  -37.5000 2218.6748   21.3455
    7.5000   60.0000  -37.5000 2204.9666   21.4382
   -7.5000   67.5000  -37.5000 2077.9883   22.0403
    0.0000   67.5000  -37.5000 2091.1965   21.9767
    7.5000   67.5000  -37.5000 2072.1519   22.0983
   -7.5000  -22.5000  -30.0000 2121.5457   28.2925
    0.0000  -22.5000  -30.0000 2134.5598   28.4873
    7.5000  -22.5000  -30.0000 2130.6741   28.5303
   -7.5000  -15.0000  -30.0000 2258.4170   25.3277
    0.0000  -15.0000  -30.0000 2265.9695   25.3790
    7.5000  -15.0000  -30.0000 2252.0757   25.3730
   -7.5000   -7.5000  -30.0000 2379.2830   23.1671
    0.0000   -7.5000  -30.0000 2392.8972   23.1967
    7.5000   -7.5000  -30.0000 2372.7510   23.1895
   -7.5000    0.0000  -30.0000 2458.9717   21.5905
    0.0000    0.0000  -30.0000 2471.5227   21.5772
    7.5000    0.0000  -30.0000 2449.7708   21.6178
   -7.5000    7.5000  -30.0000 2508.5466   20.5299
    0.0000    7.5000  -30.0000 2516.5281   20.4336
    7.5000    7.5000  -30.0000 2494.6724   20.5216
   -7.5000   15.0000  -30.0000 2535.4700   19.6563
    0.0000   15.0000  -30.0000 2543.1873   19.5326
    7.5000   15.0000  -30.0000 2524.0928   19.7109
   -7.5000   22.5000  -30.0000 2547.3696   19.0535
    0.0000   22.5000  -30.0000 2554.4390   18.8706
    7.5000   22.5000  -30.0000 2544.0042   19.1048
   -7.5000   30.0000  -30.0000 2543.3230   18.7047
    0.0000   30.0000  -30.0000 2550.3015   18.5745
    7.5000   30.0000  -30.0000 2546.3455   18.7728
   -7.5000   37.5000  -30.0000 2544.8616   18.8228
    0.0000   37.5000  -30.0000 2554.6477   18.6388
    7.5000   37.5000  -30.0000 2544.6677   18.9199
   -7.5000   45.0000  -30.0000 2518.8748   19.2584
    0.0000   45.0000  -30.0000 2538.2786   19.1248
    7.5000   45.0000  -30.0000 2523.4717   19.3212
   -7.5000   52.5000  -30.0000 2458.0999   19.8391
    0.0000   52.5000  -30.0000 2475.8350   19.6852
    7.5000   52.5000  -30.0000 2460.3652   19.8831
   -7.5000   60.0000  -30.0000 2343.1082   20.4604
    0.0000   60.0000  -30.0000 2362.0796   20.3248
    7.5000   60.0000  -30.0000 2348.8105   20.4665
   -7.5000   67.5000  -30.0000 2204.5686   21.0593
    0.0000   67.5000  -30.0000 2225.1650   20.9740
    7.5000   67.5000  -30.0000 2207.0439   21.1450
   -7.5000  -22.5000  -22.5000 2209.7798   27.1314
    0.0000  -22.5000  -22.5000 2219.5657   27.2027
    7.5000  -22.5000  -22.5000 2203.6304   27.3440
   -7.5000  -15.0000  -22.5000 2345.4229   24.2180
    0.0000  -15.0000  -22.5000 2359.4302   24.2349
    7.5000  -15.0000  -22.5000 2334.8240   24.3170
   -7.5000   -7.5000  -22.5000 2468.9941   22.1178
    0.0000   -7.5000  -22.5000 2480.6912   22.0630
    7.5000   -7.5000  -22.5000 2456.4624   22.1245
   -7.5000    0.0000  -22.5000 2555.4087   20.6201
    0.0000    0.0000  -22.5000 2563.8059   20.5456
    7.5000    0.0000  -22.5000 2543.7925   20.6281
   -7.5000    7.5000  -22.5000 2605.6719   19.5199
    0.0000    7.5000  -22.5000 2610.6262   19.4003
    7.5000    7.5000  -22.5000 2597.8354   19.5437
   -7.5000   15.0000  -22.5000 2647.2712   18.6659
    0.0000   15.0000  -22.5000 2648.9951   18.4671
    7.5000   15.0000  -22.5000 2639.2983   18.7075
   -7.5000   22.5000  -22.5000 2670.7493   18.0586
    0.0000   22.5000  -22.5000 2675.3313   17.8538
    7.5000   22.5000  -22.5000 2665.8440   18.0892
   -7.5000   30.0000  -22.5000 2660.7202   17.6648
    0.0000   30.0000  -22.5000 2671.4333   17.5169
    7.5000   30.0000  -22.5000 2666.1921   17.7215
   -7.5000   37.5000  -22.5000 2662.8481   17.7786
    0.0000   37.5000  -22.5000 2676.9912   17.6056
    7.5000   37.5000  -22.5000 2666.1245   17.8559
   -7.5000   45.0000  -22.5000 2638.3254   18.2031
    0.0000   45.0000  -22.5000 2660.0986   18.0458
    7.5000   45.0000  -22.5000 2644.9021   18.2560
   -7.5000   52.5000  -22.5000 2575.6606   18.7230
    0.0000   52.5000  -22.5000 2594.4646   18.5534
    7.5000   52.5000  -22.5000 2582.1948   18.8058
   -7.5000   60.0000  -22.5000 2461.0435   19.3757
    0.0000   60.0000  -22.5000 2480.6404   19.1779
    7.5000   60.0000  -22.5000 2471.9822   19.4257
   -7.5000   67.5000  -22.5000 2317.1335   20.0297
    0.0000   67.5000  -22.5000 2333.8174   19.8668
    7.5000   67.5000  -22.5000 2325.3174   20.1053
   -7.5000  -22.5000  -15.0000 2257.8662   26.0813
    0.0000  -22.5000  -15.0000 2270.3643   26.1587
    7.5000  -22.5000  -15.0000 2247.6421   26.3791
   -7.5000  -15.0000  -15.0000 2396.9602   23.2062
    0.0000  -15.0000  -15.0000 2409.8845   23.2064
    7.5000  -15.0000  -15.0000 2384.2791   23.3742
   -7.5000   -7.5000  -15.0000 2518.8984   21.0984
    0.0000   -7.5000  -15.0000 2532.2292   21.0302
    7.5000   -7.5000  -15.0000 2504.1072   21.2203
   -7.5000    0.0000  -15.0000 2612.3074   19.6050
    0.0000    0.0000  -15.0000 2619.6416   19.4860
    7.5000    0.0000  -15.0000 2598.2188   19.7093
   -7.5000    7.5000  -15.0000 2669.5181   18.5476
    0.0000    7.5000  -15.0000 2673.4429   18.4157
    7.5000    7.5000  -15.0000 2665.4172   18.6184
   -7.5000   15.0000  -15.0000 2715.5222   17.7236
    0.0000   15.0000  -15.0000 2717.9956   17.5596
    7.5000   15.0000  -15.0000 2709.3450   17.7486
   -7.5000   22.5000  -15.0000 2753.1604   17.0637
    0.0000   22.5000  -15.0000 2760.9048   16.8936
    7.5000   22.5000  -15.0000 2743.5781   17.1125
   -7.5000   30.0000  -15.0000 2750.4934   16.6711
    0.0000   30.0000  -15.0000 2763.5913   16.5374
    7.5000   30.0000  -15.0000 2754.1885   16.7877
   -7.5000   37.5000  -15.0000 2749.4744   16.7827
    0.0000   37.5000  -15.0000 2763.6636   16.6305
    7.5000   37.5000  -15.0000 2757.0808   16.8847
   -7.5000   45.0000  -15.0000 2729.4287   17.1779
    0.0000   45.0000  -15.0000 2745.9333   17.0224
    7.5000   45.0000  -15.0000 2737.1445   17.2851
   -7.5000   52.5000  -15.0000 2666.4443   17.7141
    0.0000   52.5000  -15.0000 2679.3833   17.5351
    7.5000   52.5000  -15.0000 2673.0952   17.8078
   -7.5000   60.0000  -15.0000 2545.1096   18.3696
    0.0000   60.0000  -15.0000 2559.0273   18.1706
    7.5000   60.0000  -15.0000 2551.8682   18.3986
   -7.5000   67.5000  -15.0000 2391.5273   19.0778
    0.0000   67.5000  -15.0000 2404.9070   18.8897
    7.5000   67.5000  -15.0000 2396.6719   19.0865
   -7.5000  -22.5000   -7.5000 2287.5862   25.2348
    0.0000  -22.5000   -7.5000 2301.4631   25.3611
    7.5000  -22.5000   -7.5000 2288.6428   25.7551
   -7.5000  -15.0000   -7.5000 2421.6499   22.3848
    0.0000  -15.0000   -7.5000 2434.8162   22.4140
    7.5000  -15.0000   -7.5000 2416.4146   22.6676
   -7.5000   -7.5000   -7.5000 2542.9773   20.2995
    0.0000   -7.5000   -7.5000 2556.0527   20.2773
    7.5000   -7.5000   -7.5000 2534.6997   20.5204
   -7.5000    0.0000   -7.5000 2645.4707   18.7826
    0.0000    0.0000   -7.5000 2656.2874   18.7187
    7.5000    0.0000   -7.5000 2639.7014   18.9751
   -7.5000    7.5000   -7.5000 2716.1165   17.6653
    0.0000    7.5000   -7.5000 2726.8938   17.5932
    7.5000    7.5000   -7.5000 2715.6147   17.8529
   -7.5000   15.0000   -7.5000 2766.8098   16.8366
    0.0000   15.0000   -7.5000 2778.4250   16.7425
    7.5000   15.0000   -7.5000 2771.5498   16.9797
   -7.5000   22.5000   -7.5000 2807.0874   16.2321
    0.0000   22.5000   -7.5000 2823.3359   16.1028
    7.5000   22.5000   -7.5000 2810.4329   16.3321
   -7.5000   30.0000   -7.5000 2821.6936   15.8267
    0.0000   30.0000   -7.5000 2838.9634   15.7016
    7.5000   30.0000   -7.5000 2826.0920   15.9615
   -7.5000   37.5000   -7.5000 2819.6272   15.8691
    0.0000   37.5000   -7.5000 2833.4094   15.7635
    7.5000   37.5000   -7.5000 2832.2800   16.0459
   -7.5000   45.0000   -7.5000 2792.7024   16.2736
    0.0000   45.0000   -7.5000 2809.9597   16.1414
    7.5000   45.0000   -7.5000 2812.1113   16.4237
   -7.5000   52.5000   -7.5000 2731.4526   16.8735
    0.0000   52.5000   -7.5000 2741.6711   16.7056
    7.5000   52.5000   -7.5000 2741.5139   16.9821
   -7.5000   60.0000   -7.5000 2609.5408   17.5546
    0.0000   60.0000   -7.5000 2618.0781   17.3746
    7.5000   60.0000   -7.5000 2613.3953   17.6304
   -7.5000   67.5000   -7.5000 2451.6672   18.3121
    0.0000   67.5000   -7.5000 2458.4448   18.1232
    7.5000   67.5000   -7.5000 2452.3896   18.3771
   -7.5000  -22.5000    0.0000 2293.7021   24.7581
    0.0000  -22.5000    0.0000 2314.1843   24.8247
    7.5000  -22.5000    0.0000 2304.6855   25.2919
   -7.5000  -15.0000    0.0000 2428.7456   21.8791
    0.0000  -15.0000    0.0000 2443.6570   21.9092
    7.5000  -15.0000    0.0000 2435.5925   22.3065
   -7.5000   -7.5000    0.0000 2548.1902   19.7734
    0.0000   -7.5000    0.0000 2564.4590   19.7530
    7.5000   -7.5000    0.0000 2558.4243   20.1623
   -7.5000    0.0000    0.0000 2652.4563   18.2444
    0.0000    0.0000    0.0000 2668.9863   18.2045
    7.5000    0.0000    0.0000 2664.8647   18.5605
   -7.5000    7.5000    0.0000 2736.2822   17.1368
    0.0000    7.5000    0.0000 2756.4314   17.0956
    7.5000    7.5000    0.0000 2747.1780   17.4221
   -7.5000   15.0000    0.0000 2802.9019   16.2754
    0.0000   15.0000    0.0000 2821.1042   16.2396
    7.5000   15.0000    0.0000 2815.4392   16.5567
   -7.5000   22.5000    0.0000 2845.7454   15.6908
    0.0000   22.5000    0.0000 2869.2207   15.6090
    7.5000   22.5000    0.0000 2866.6526   15.8913
   -7.5000   30.0000    0.0000 2866.8628   15.2656
    0.0000   30.0000    0.0000 2896.3711   15.1760
    7.5000   30.0000    0.0000 2881.4990   15.4551
   -7.5000   37.5000    0.0000 2866.7502   15.2130
    0.0000   37.5000    0.0000 2887.0247   15.1542
    7.5000   37.5000    0.0000 2887.7744   15.5153
   -7.5000   45.0000    0.0000 2842.8552   15.6707
    0.0000   45.0000    0.0000 2861.3120   15.5154
    7.5000   45.0000    0.0000 2869.1677   15.8797
   -7.5000   52.5000    0.0000 2776.8425   16.3161
    0.0000   52.5000    0.0000 2793.3499   16.1216
    7.5000   52.5000    0.0000 2802.1265   16.4772
   -7.5000   60.0000    0.0000 2647.8215   17.0616
    0.0000   60.0000    0.0000 2659.1521   16.8461
    7.5000   60.0000    0.0000 2666.6394   17.2022
   -7.5000   67.5000    0.0000 2488.2793   17.8191
    0.0000   67.5000    0.0000 2496.7019   17.5928
    7.5000   67.5000    0.0000 2496.5493   17.9519
   -7.5000  -22.5000    7.5000 2295.9236   24.5947
    0.0000  -22.5000    7.5000 2309.4761   24.4553
    7.5000  -22.5000    7.5000 2307.0457   25.0176
   -7.5000  -15.0000    7.5000 2422.7212   21.5831
    0.0000  -15.0000    7.5000 2436.4688   21.5267
    7.5000  -15.0000    7.5000 2432.9990   22.0244
   -7.5000   -7.5000    7.5000 2536.5249   19.4845
    0.0000   -7.5000    7.5000 2555.4702   19.4128
    7.5000   -7.5000    7.5000 2552.5732   19.8407
   -7.5000    0.0000    7.5000 2640.3186   17.9686
    0.0000    0.0000    7.5000 2662.4883   17.8807
    7.5000    0.0000    7.5000 2665.1777   18.2839
   -7.5000    7.5000    7.5000 2731.8755   16.8303
    0.0000    7.5000    7.5000 2760.6282   16.8102
    7.5000    7.5000    7.5000 2760.1904   17.1591
   -7.5000   15.0000    7.5000 2815.4663   16.0188
    0.0000   15.0000    7.5000 2842.9375   16.0412
    7.5000   15.0000    7.5000 2846.6628   16.3527
   -7.5000   22.5000    7.5000 2886.2837   15.5221
    0.0000   22.5000    7.5000 2915.6345   15.6108
    7.5000   22.5000    7.5000 2916.4055   15.7684
   -7.5000   30.0000    7.5000 2913.0364   15.0451
    0.0000   30.0000    7.5000 2960.6348   15.1213
    7.5000   30.0000    7.5000 2941.8494   15.2836
   -7.5000   37.5000    7.5000 2902.8745   14.9280
    0.0000   37.5000    7.5000 2934.5444   14.8729
    7.5000   37.5000    7.5000 2927.5232   15.2370
   -7.5000   45.0000    7.5000 2877.9194   15.3707
    0.0000   45.0000    7.5000 2901.7253   15.1995
    7.5000   45.0000    7.5000 2901.8691   15.5471
   -7.5000   52.5000    7.5000 2806.9807   16.0370
    0.0000   52.5000    7.5000 2831.7351   15.8407
    7.5000   52.5000    7.5000 2830.0237   16.0933
   -7.5000   60.0000    7.5000 2669.1443   16.7776
    0.0000   60.0000    7.5000 2690.5867   16.6041
    7.5000   60.0000    7.5000 2686.8198   16.8175
   -7.5000   67.5000    7.5000 2499.7195   17.5417
    0.0000   67.5000    7.5000 2521.0886   17.3792
    7.5000   67.5000    7.5000 2516.4316   17.5483
   -7.5000  -22.5000   15.0000 2280.6560   24.7366
    0.0000  -22.5000   15.0000 2292.0547   24.5131
    7.5000  -22.5000   15.0000 2291.6799   25.1528
   -7.5000  -15.0000   15.0000 2409.1655   21.7164
    0.0000  -15.0000   15.0000 2417.9397   21.4620
    7.5000  -15.0000   15.0000 2424.3787   22.1067
   -7.5000   -7.5000   15.0000 2527.2200   19.5922
    0.0000   -7.5000   15.0000 2530.4131   19.2992
    7.5000   -7.5000   15.0000 2545.5354   19.9099
   -7.5000    0.0000   15.0000 2633.5671   18.0515
    0.0000    0.0000   15.0000 2636.9397   17.7994
    7.5000    0.0000   15.0000 2659.9148   18.3190
   -7.5000    7.5000   15.0000 2728.5476   16.9247
    0.0000    7.5000   15.0000 2744.8921   16.7707
    7.5000    7.5000   15.0000 2764.0757   17.1721
   -7.5000   15.0000   15.0000 2824.1106   16.1789
    0.0000   15.0000   15.0000 2850.8960   16.1075
    7.5000   15.0000   15.0000 2863.9280   16.3573
   -7.5000   22.5000   15.0000 2912.8716   15.7643
    0.0000   22.5000   15.0000 2957.8403   15.9226
    7.5000   22.5000   15.0000 2941.5149   15.8442
   -7.5000   30.0000   15.0000 2948.3516   15.3126
    0.0000   30.0000   15.0000 3023.8333   15.5791
    7.5000   30.0000   15.0000 2973.0593   15.3743
   -7.5000   37.5000   15.0000 2929.2622   15.1129
    0.0000   37.5000   15.0000 2970.4431   15.0946
    7.5000   37.5000   15.0000 2937.8225   15.1702
   -7.5000   45.0000   15.0000 2895.7686   15.3551
    0.0000   45.0000   15.0000 2922.7065   15.1632
    7.5000   45.0000   15.0000 2901.8745   15.3510
   -7.5000   52.5000   15.0000 2812.6113   15.9325
    0.0000   52.5000   15.0000 2836.7590   15.7457
    7.5000   52.5000   15.0000 2825.6326   15.9222
   -7.5000   60.0000   15.0000 2670.3992   16.6697
    0.0000   60.0000   15.0000 2689.9360   16.4786
    7.5000   60.0000   15.0000 2687.6340   16.6361
   -7.5000   67.5000   15.0000 2503.5154   17.4277
    0.0000   67.5000   15.0000 2522.2190   17.2387
    7.5000   67.5000   15.0000 2517.3191   17.3734
   -7.5000  -22.5000   22.5000 2262.8164   25.1914
    0.0000  -22.5000   22.5000 2265.9866   24.7676
    7.5000  -22.5000   22.5000 2272.5740   25.5276
   -7.5000  -15.0000   22.5000 2391.8552   22.1067
    0.0000  -15.0000   22.5000 2394.7668   21.6467
    7.5000  -15.0000   22.5000 2408.6440   22.3936
   -7.5000   -7.5000   22.5000 2508.7085   20.0660
    0.0000   -7.5000   22.5000 2511.1809   19.6873
    7.5000   -7.5000   22.5000 2527.6628   20.2387
   -7.5000    0.0000   22.5000 2619.0806   18.5959
    0.0000    0.0000   22.5000 2624.7036   18.3087
    7.5000    0.0000   22.5000 2639.3711   18.6770
   -7.5000    7.5000   22.5000 2722.8574   17.4622
    0.0000    7.5000   22.5000 2736.6216   17.2661
    7.5000    7.5000   22.5000 2741.8000   17.5072
   -7.5000   15.0000   22.5000 2823.8843   16.5756
    0.0000   15.0000   22.5000 2841.1748   16.4842
    7.5000   15.0000   22.5000 2841.7834   16.5882
   -7.5000   22.5000   22.5000 2897.9668   15.9322
    0.0000   22.5000   22.5000 2931.0891   15.9189
    7.5000   22.5000   22.5000 2912.1038   15.8531
   -7.5000   30.0000   22.5000 2935.7004   15.6417
    0.0000   30.0000   22.5000 2973.1824   15.4051
    7.5000   30.0000   22.5000 2938.9446   15.3664
   -7.5000   37.5000   22.5000 2929.9033   15.6129
    0.0000   37.5000   22.5000 2964.1733   15.4434
    7.5000   37.5000   22.5000 2931.6755   15.4107
   -7.5000   45.0000   22.5000 2887.5020   15.7515
    0.0000   45.0000   22.5000 2915.5444   15.6395
    7.5000   45.0000   22.5000 2892.9272   15.7272
   -7.5000   52.5000   22.5000 2797.7024   16.1679
    0.0000   52.5000   22.5000 2819.6570   16.0674
    7.5000   52.5000   22.5000 2807.7393   16.1970
   -7.5000   60.0000   22.5000 2654.4150   16.8014
    0.0000   60.0000   22.5000 2673.1309   16.6658
    7.5000   60.0000   22.5000 2669.7236   16.8067
   -7.5000   67.5000   22.5000 2487.7910   17.5197
    0.0000   67.5000   22.5000 2506.5520   17.3263
    7.5000   67.5000   22.5000 2501.9795   17.4815
   -7.5000  -22.5000   30.0000 2236.3223   26.0555
    0.0000  -22.5000   30.0000 2235.4136   25.5925
    7.5000  -22.5000   30.0000 2236.4382   26.1961
   -7.5000  -15.0000   30.0000 2373.0308   22.9588
    0.0000  -15.0000   30.0000 2374.0034   22.4750
    7.5000  -15.0000   30.0000 2372.8066   23.0178
   -7.5000   -7.5000   30.0000 2493.8447   20.9599
    0.0000   -7.5000   30.0000 2498.3042   20.4874
    7.5000   -7.5000   30.0000 2497.5566   20.8766
   -7.5000    0.0000   30.0000 2602.5881   19.4398
    0.0000    0.0000   30.0000 2609.7485   19.0315
    7.5000    0.0000   30.0000 2615.6406   19.3323
   -7.5000    7.5000   30.0000 2697.7097   18.1454
    0.0000    7.5000   30.0000 2708.1846   17.8264
    7.5000    7.5000   30.0000 2717.9717   18.0689
   -7.5000   15.0000   30.0000 2788.2830   17.0540
    0.0000   15.0000   30.0000 2798.1948   16.8481
    7.5000   15.0000   30.0000 2806.9768   17.0431
   -7.5000   22.5000   30.0000 2860.3274   16.3213
    0.0000   22.5000   30.0000 2869.5818   16.0114
    7.5000   22.5000   30.0000 2871.9727   16.1753
   -7.5000   30.0000   30.0000 2893.6292   15.9680
    0.0000   30.0000   30.0000 2906.9246   15.5754
    7.5000   30.0000   30.0000 2906.2417   15.7945
   -7.5000   37.5000   30.0000 2897.8643   16.0435
    0.0000   37.5000   30.0000 2919.3589   15.7711
    7.5000   37.5000   30.0000 2913.0068   15.9800
   -7.5000   45.0000   30.0000 2855.8691   16.4076
    0.0000   45.0000   30.0000 2884.0332   16.1921
    7.5000   45.0000   30.0000 2872.1768   16.3896
   -7.5000   52.5000   30.0000 2765.7925   16.8956
    0.0000   52.5000   30.0000 2782.0579   16.6937
    7.5000   52.5000   30.0000 2784.5747   16.9233
   -7.5000   60.0000   30.0000 2623.8770   17.4288
    0.0000   60.0000   30.0000 2641.8159   17.2549
    7.5000   60.0000   30.0000 2643.4702   17.4914
   -7.5000   67.5000   30.0000 2464.5317   17.9709
    0.0000   67.5000   30.0000 2480.1304   17.7776
    7.5000   67.5000   30.0000 2476.0342   18.0018
   -7.5000  -22.5000   37.5000 2205.9609   27.1305
    0.0000  -22.5000   37.5000 2210.7148   26.6302
    7.5000  -22.5000   37.5000 2200.5955   27.1317
   -7.5000  -15.0000   37.5000 2343.6030   23.9337
    0.0000  -15.0000   37.5000 2350.8943   23.4134
    7.5000  -15.0000   37.5000 2343.3806   23.8729
   -7.5000   -7.5000   37.5000 2465.2971   21.8115
    0.0000   -7.5000   37.5000 2472.4194   21.3028
    7.5000   -7.5000   37.5000 2473.5334   21.6777
   -7.5000    0.0000   37.5000 2571.6848   20.2176
    0.0000    0.0000   37.5000 2579.9646   19.7605
    7.5000    0.0000   37.5000 2588.7590   20.1003
   -7.5000    7.5000   37.5000 2662.3342   18.8435
    0.0000    7.5000   37.5000 2670.1284   18.4292
    7.5000    7.5000   37.5000 2682.7231   18.7807
   -7.5000   15.0000   37.5000 2744.6011   17.6823
    0.0000   15.0000   37.5000 2750.2104   17.3201
    7.5000   15.0000   37.5000 2761.4187   17.6409
   -7.5000   22.5000   37.5000 2815.6440   16.9279
    0.0000   22.5000   37.5000 2819.8413   16.4879
    7.5000   22.5000   37.5000 2832.3918   16.8199
   -7.5000   30.0000   37.5000 2843.0222   16.5717
    0.0000   30.0000   37.5000 2856.6309   16.1665
    7.5000   30.0000   37.5000 2865.1965   16.5117
   -7.5000   37.5000   37.5000 2842.8823   16.7291
    0.0000   37.5000   37.5000 2858.9619   16.3960
    7.5000   37.5000   37.5000 2869.6997   16.6862
   -7.5000   45.0000   37.5000 2801.8699   17.1500
    0.0000   45.0000   37.5000 2824.3491   16.8788
    7.5000   45.0000   37.5000 2825.4824   17.1140
   -7.5000   52.5000   37.5000 2720.5012   17.6798
    0.0000   52.5000   37.5000 2730.9592   17.4370
    7.5000   52.5000   37.5000 2735.3948   17.6836
   -7.5000   60.0000   37.5000 2582.6514   18.2586
    0.0000   60.0000   37.5000 2592.5134   18.0109
    7.5000   60.0000   37.5000 2598.6387   18.2979
   -7.5000   67.5000   37.5000 2424.0447   18.7945
    0.0000   67.5000   37.5000 2434.8938   18.5681
    7.5000   67.5000   37.5000 2433.2773   18.8232
   -7.5000  -22.5000   45.0000 2162.2554   28.2654
    0.0000  -22.5000   45.0000 2167.8198   27.6280
    7.5000  -22.5000   45.0000 2160.6562   28.1325
   -7.5000  -15.0000   45.0000 2304.9666   24.9693
    0.0000  -15.0000   45.0000 2313.0889   24.3545
    7.5000  -15.0000   45.0000 2311.0127   24.8376
   -7.5000   -7.5000   45.0000 2422.6792   22.7929
    0.0000   -7.5000   45.0000 2434.0540   22.1868
    7.5000   -7.5000   45.0000 2439.8586   22.6291
   -7.5000    0.0000   45.0000 2523.3083   21.1486
    0.0000    0.0000   45.0000 2535.0649   20.5651
    7.5000    0.0000   45.0000 2543.2698   20.9384
   -7.5000    7.5000   45.0000 2608.5410   19.7095
    0.0000    7.5000   45.0000 2621.9922   19.1740
    7.5000    7.5000   45.0000 2624.8706   19.4985
   -7.5000   15.0000   45.0000 2684.2300   18.5302
    0.0000   15.0000   45.0000 2700.0081   18.0625
    7.5000   15.0000   45.0000 2710.0005   18.4148
   -7.5000   22.5000   45.0000 2748.2446   17.7608
    0.0000   22.5000   45.0000 2762.5042   17.3195
    7.5000   22.5000   45.0000 2769.0535   17.6681
   -7.5000   30.0000   45.0000 2777.1448   17.3911
    0.0000   30.0000   45.0000 2793.3323   17.0249
    7.5000   30.0000   45.0000 2796.7993   17.3317
   -7.5000   37.5000   45.0000 2771.4939   17.6220
    0.0000   37.5000   45.0000 2786.9634   17.2640
    7.5000   37.5000   45.0000 2799.1650   17.5380
   -7.5000   45.0000   45.0000 2732.7046   18.0452
    0.0000   45.0000   45.0000 2750.8298   17.7298
    7.5000   45.0000   45.0000 2757.7834   17.9427
   -7.5000   52.5000   45.0000 2653.4839   18.6365
    0.0000   52.5000   45.0000 2663.6411   18.3419
    7.5000   52.5000   45.0000 2668.7883   18.5675
   -7.5000   60.0000   45.0000 2519.1655   19.1788
    0.0000   60.0000   45.0000 2531.2993   18.9125
    7.5000   60.0000   45.0000 2531.9871   19.1645
   -7.5000   67.5000   45.0000 2364.5710   19.7250
    0.0000   67.5000   45.0000 2372.3477   19.5036
    7.5000   67.5000   45.0000 2372.0034   19.7202
   -7.5000  -22.5000   52.5000 2115.8669   29.6060
    0.0000  -22.5000   52.5000 2125.0288   28.9036
    7.5000  -22.5000   52.5000 2120.2346   29.2935
   -7.5000  -15.0000   52.5000 2257.6282   26.1837
    0.0000  -15.0000   52.5000 2271.4883   25.5515
    7.5000  -15.0000   52.5000 2270.0039   25.9193
   -7.5000   -7.5000   52.5000 2373.2249   23.8905
    0.0000   -7.5000   52.5000 2393.8176   23.3255
    7.5000   -7.5000   52.5000 2392.0430   23.6230
   -7.5000    0.0000   52.5000 2468.1912   22.1596
    0.0000    0.0000   52.5000 2487.5068   21.5773
    7.5000    0.0000   52.5000 2485.0747   21.8425
   -7.5000    7.5000   52.5000 2544.7903   20.6693
    0.0000    7.5000   52.5000 2567.3669   20.1534
    7.5000    7.5000   52.5000 2570.2646   20.4411
   -7.5000   15.0000   52.5000 2615.2488   19.5103
    0.0000   15.0000   52.5000 2640.2695   19.0813
    7.5000   15.0000   52.5000 2646.4810   19.4003
   -7.5000   22.5000   52.5000 2670.2830   18.8133
    0.0000   22.5000   52.5000 2690.9600   18.4428
    7.5000   22.5000   52.5000 2685.2568   18.7319
   -7.5000   30.0000   52.5000 2695.7476   18.4913
    0.0000   30.0000   52.5000 2712.5813   18.1897
    7.5000   30.0000   52.5000 2712.9355   18.4155
   -7.5000   37.5000   52.5000 2688.7632   18.6956
    0.0000   37.5000   52.5000 2707.7571   18.3796
    7.5000   37.5000   52.5000 2714.0435   18.5693
   -7.5000   45.0000   52.5000 2656.2388   19.1416
    0.0000   45.0000   52.5000 2676.9175   18.8419
    7.5000   45.0000   52.5000 2677.3188   18.9960
   -7.5000   52.5000   52.5000 2576.5969   19.7563
    0.0000   52.5000   52.5000 2595.1580   19.4300
    7.5000   52.5000   52.5000 2592.4412   19.6173
   -7.5000   60.0000   52.5000 2447.4121   20.2834
    0.0000   60.0000   52.5000 2464.0369   19.9709
    7.5000   60.0000   52.5000 2459.7629   20.2175
   -7.5000   67.5000   52.5000 2290.2437   20.8273
    0.0000   67.5000   52.5000 2302.1892   20.5450
    7.5000   67.5000   52.5000 2303.8325   20.7902

---------------------------------------------------------------------
imgreg_4dfp /opt/freesurfer/average/711-2C_as_mni_average_305 /opt/freesurfer/average/711-2B_as_mni_average_305_mask talsrcimg_g11 none talsrcimg_to_711-2C_as_mni_average_305_t4 1283
---------------------------------------------------------------------

freesurfer imgreg_4dfp.c
/opt/freesurfer/average/711-2C_as_mni_average_305.4dfp.img
       256       256       256         1
  1.000000  1.000000  1.000000
orientation T byte_order littleendian
Reading image: /opt/freesurfer/average/711-2C_as_mni_average_305.4dfp.img
dimensions:      256       256       256
mmppix:       1.0000   -1.0000   -1.0000
center:     128.0000 -129.0000 -129.0000
/opt/freesurfer/average/711-2B_as_mni_average_305_mask.4dfp.img
       256       256       256         1
  1.000000  1.000000  1.000000
orientation T byte_order littleendian
Reading mask: /opt/freesurfer/average/711-2B_as_mni_average_305_mask.4dfp.img (2306576 pixels)
talsrcimg_g11.4dfp.img
       256       256       256         1
  1.000000  1.000000  1.000000
orientation T byte_order littleendian
Reading image: talsrcimg_g11.4dfp.img
dimensions:      256       256       256
mmppix:       1.0000   -1.0000   -1.0000
center:     128.0000 -129.0000 -129.0000
rotation matrix determinant  1.000000
fimgreg.f
image alignment mode   1283 decimal      503 hex
parameters
    0.0000   30.0000   15.0000    0.0000    0.0000    0.0000
eta,q 0.94981 15.76524
niter,ni,del,rscale     5    3   12.0000    1.2000
parameter  5  0.944359 ->  0.500000 qaram    1.1500
parameters
    0.1684   29.9252   14.7002   -0.3612   -3.4500   -1.7965
eta,q 0.95727 15.62458
  0.0733  0.0658  0.0644  0.0573  0.0447  0.0461
  0.0657  0.0578  0.0577  0.0531  0.0428  0.0440
  0.0556  0.0529  0.0521  0.0511  0.0447  0.0428
  0.0517  0.0517  0.0516  0.0511  0.0508  0.0429
  0.0586  0.0540  0.0553  0.0533  0.0604  0.0454
  0.0655  0.0595  0.0604  0.0558  0.0702  0.0499
  0.0694  0.0653  0.0656  0.0570  0.0767  0.0559
niter,ni,del,rscale     5    3   12.0000    1.2000
parameters
    0.9401   30.1219   14.8928   -1.0649   -5.0387   -1.8576
eta,q 0.95978 15.66357
  0.0735  0.0593  0.0614  0.0474  0.0533  0.0470
  0.0647  0.0491  0.0510  0.0433  0.0445  0.0436
  0.0539  0.0432  0.0432  0.0414  0.0403  0.0414
  0.0427  0.0422  0.0422  0.0424  0.0419  0.0402
  0.0460  0.0437  0.0457  0.0443  0.0481  0.0402
  0.0563  0.0488  0.0509  0.0461  0.0581  0.0430
  0.0634  0.0561  0.0573  0.0488  0.0688  0.0482
niter,ni,del,rscale     4    3   12.0000    1.2000
parameters
    1.3208   30.2755   14.8642   -1.2718   -5.5507   -1.7630
eta,q 0.96056 15.67800
  0.0695  0.0579  0.0592  0.0466  0.0573  0.0470
  0.0615  0.0470  0.0486  0.0418  0.0484  0.0434
  0.0502  0.0409  0.0410  0.0396  0.0408  0.0410
  0.0402  0.0399  0.0399  0.0399  0.0398  0.0395
  0.0446  0.0416  0.0440  0.0416  0.0443  0.0394
  0.0567  0.0473  0.0503  0.0435  0.0524  0.0422
  0.0650  0.0548  0.0576  0.0461  0.0626  0.0476
niter,ni,del,rscale     3    3   12.0000    1.2000
parameters
    1.4934   30.3223   14.8528   -1.3102   -5.7841   -1.7099
eta,q 0.96084 15.68400
  0.0679  0.0571  0.0590  0.0467  0.0583  0.0470
  0.0600  0.0462  0.0487  0.0418  0.0496  0.0433
  0.0484  0.0402  0.0408  0.0392  0.0414  0.0408
  0.0394  0.0393  0.0394  0.0394  0.0393  0.0392
  0.0451  0.0413  0.0434  0.0410  0.0434  0.0392
  0.0581  0.0475  0.0499  0.0430  0.0510  0.0423
  0.0659  0.0551  0.0576  0.0456  0.0608  0.0477
niter,ni,del,rscale     2    3   12.0000    1.2000
parameters
    1.5790   30.3332   14.8533   -1.3011   -5.8980   -1.6821
eta,q 0.96093 15.68689
  0.0672  0.0569  0.0590  0.0468  0.0587  0.0469
  0.0594  0.0459  0.0488  0.0417  0.0501  0.0432
  0.0476  0.0400  0.0408  0.0390  0.0417  0.0406
  0.0392  0.0391  0.0391  0.0391  0.0391  0.0391
  0.0455  0.0411  0.0431  0.0408  0.0430  0.0392
  0.0587  0.0475  0.0498  0.0428  0.0504  0.0424
  0.0662  0.0552  0.0576  0.0454  0.0601  0.0477
niter,ni,del,rscale     1    3   12.0000    1.2000
parameters
    1.6211   30.3323   14.8554   -1.2902   -5.9537   -1.6673
eta,q 0.96097 15.68876
  0.0669  0.0568  0.0590  0.0467  0.0589  0.0469
  0.0590  0.0459  0.0488  0.0416  0.0503  0.0432
  0.0473  0.0399  0.0408  0.0389  0.0418  0.0406
  0.0391  0.0391  0.0391  0.0391  0.0391  0.0390
  0.0458  0.0411  0.0430  0.0407  0.0428  0.0392
  0.0590  0.0475  0.0497  0.0427  0.0501  0.0424
  0.0664  0.0553  0.0576  0.0453  0.0597  0.0477
registration optimization eta report
parameter search radius
    6.0000    6.0000    6.0000    6.0000    6.9000    6.0000
100000*second partial in parameter space
       69.       48.       52.       19.       41.       23.
  0.0669  0.0568  0.0590  0.0467  0.0589  0.0469
  0.0590  0.0459  0.0488  0.0416  0.0503  0.0432
  0.0473  0.0399  0.0408  0.0389  0.0418  0.0406
  0.0391  0.0391  0.0391  0.0391  0.0391  0.0390
  0.0458  0.0411  0.0430  0.0407  0.0428  0.0392
  0.0590  0.0475  0.0497  0.0427  0.0501  0.0424
  0.0664  0.0553  0.0576  0.0453  0.0597  0.0477
    1.6211   30.3323   14.8554   -1.2902   -5.9537   -1.6673
eta,q 0.96097 15.68876

---------------------------------------------------------------------
imgreg_4dfp /opt/freesurfer/average/711-2C_as_mni_average_305 /opt/freesurfer/average/711-2B_as_mni_average_305_mask talsrcimg_g11 none talsrcimg_to_711-2C_as_mni_average_305_t4 3335
---------------------------------------------------------------------

freesurfer imgreg_4dfp.c
/opt/freesurfer/average/711-2C_as_mni_average_305.4dfp.img
       256       256       256         1
  1.000000  1.000000  1.000000
orientation T byte_order littleendian
Reading image: /opt/freesurfer/average/711-2C_as_mni_average_305.4dfp.img
dimensions:      256       256       256
mmppix:       1.0000   -1.0000   -1.0000
center:     128.0000 -129.0000 -129.0000
/opt/freesurfer/average/711-2B_as_mni_average_305_mask.4dfp.img
       256       256       256         1
  1.000000  1.000000  1.000000
orientation T byte_order littleendian
Reading mask: /opt/freesurfer/average/711-2B_as_mni_average_305_mask.4dfp.img (2306576 pixels)
talsrcimg_g11.4dfp.img
       256       256       256         1
  1.000000  1.000000  1.000000
orientation T byte_order littleendian
Reading image: talsrcimg_g11.4dfp.img
dimensions:      256       256       256
mmppix:       1.0000   -1.0000   -1.0000
center:     128.0000 -129.0000 -129.0000
fimgreg.f
image alignment mode   3335 decimal      D07 hex
parameters
    1.6211   30.3323   14.8554   -0.5815   -0.0609   -0.5646
    2.6753   10.4310   -2.8938    1.9490  -10.3725   -2.2395
eta,q 0.96288 15.84219
niter,ni,del,rscale     5    3    5.0000    1.2000
parameter  4  0.904962 ->  0.500000 qaram    1.1500
parameter  5  1.105842 ->  0.500000 qaram    1.1500
parameters
    1.8315   30.0669   14.7511   -4.7215   -4.2009   -3.3564
    3.1832   10.6618   -1.7430   -1.4463  -10.1052   -4.0689
eta,q 0.97721 15.92439
  0.0455  0.0403  0.0408  0.0291  0.0236  0.0256  0.0292  0.0323  0.0277  0.0241  0.0247  0.0238
  0.0411  0.0383  0.0386  0.0291  0.0236  0.0248  0.0267  0.0279  0.0259  0.0230  0.0236  0.0230
  0.0383  0.0372  0.0373  0.0313  0.0253  0.0240  0.0249  0.0252  0.0247  0.0230  0.0230  0.0228
  0.0371  0.0371  0.0370  0.0370  0.0294  0.0239  0.0241  0.0241  0.0240  0.0239  0.0229  0.0229
  0.0376  0.0379  0.0377  0.0453  0.0356  0.0270  0.0243  0.0244  0.0240  0.0257  0.0231  0.0234
  0.0396  0.0396  0.0392  0.0557  0.0423  0.0339  0.0257  0.0269  0.0246  0.0284  0.0235  0.0243
  0.0429  0.0419  0.0414  0.0662  0.0472  0.0427  0.0281  0.0317  0.0260  0.0324  0.0244  0.0255
niter,ni,del,rscale     6    3    5.0000    1.2000
parameters
    1.6060   30.7872   13.7682   -6.8044   -6.7413   -4.6554
    2.9262   10.5022   -1.4150   -1.1717  -11.7746   -5.2247
eta,q 0.97682 15.64934
  0.0268  0.0290  0.0226  0.0257  0.0263  0.0253  0.0259  0.0274  0.0253  0.0268  0.0236  0.0241
  0.0243  0.0263  0.0219  0.0241  0.0245  0.0242  0.0245  0.0252  0.0243  0.0246  0.0233  0.0234
  0.0230  0.0242  0.0218  0.0227  0.0229  0.0235  0.0236  0.0239  0.0236  0.0235  0.0232  0.0232
  0.0228  0.0227  0.0222  0.0218  0.0225  0.0228  0.0232  0.0232  0.0233  0.0233  0.0233  0.0232
  0.0237  0.0222  0.0230  0.0231  0.0256  0.0230  0.0236  0.0234  0.0234  0.0236  0.0234  0.0235
  0.0256  0.0228  0.0240  0.0289  0.0322  0.0257  0.0246  0.0249  0.0239  0.0245  0.0238  0.0240
  0.0286  0.0245  0.0252  0.0388  0.0390  0.0301  0.0264  0.0284  0.0250  0.0260  0.0244  0.0247
niter,ni,del,rscale     5    3    5.0000    1.2000
parameters
    1.6328   31.8110   14.0110   -6.7584   -8.0549   -4.8051
    2.6983   10.7768   -1.2925   -0.5770  -12.0594   -6.3096
eta,q 0.97686 15.56309
  0.0264  0.0279  0.0242  0.0272  0.0276  0.0258  0.0257  0.0274  0.0249  0.0263  0.0240  0.0241
  0.0246  0.0259  0.0233  0.0254  0.0257  0.0245  0.0244  0.0250  0.0240  0.0242  0.0235  0.0234
  0.0235  0.0243  0.0228  0.0239  0.0240  0.0236  0.0235  0.0237  0.0234  0.0233  0.0233  0.0231
  0.0232  0.0232  0.0226  0.0226  0.0226  0.0232  0.0232  0.0232  0.0232  0.0232  0.0232  0.0232
  0.0235  0.0227  0.0227  0.0217  0.0233  0.0226  0.0235  0.0233  0.0233  0.0235  0.0233  0.0235
  0.0245  0.0228  0.0230  0.0234  0.0280  0.0239  0.0245  0.0244  0.0239  0.0241  0.0236  0.0239
  0.0262  0.0236  0.0236  0.0291  0.0347  0.0270  0.0262  0.0270  0.0249  0.0250  0.0241  0.0247
niter,ni,del,rscale     4    3    5.0000    1.2000
parameters
    1.6988   32.2093   13.9604   -6.4854   -8.6342   -4.9641
    2.5786   10.8112   -1.2547   -0.0085  -12.1496   -6.7744
eta,q 0.97671 15.53615
  0.0263  0.0260  0.0242  0.0276  0.0282  0.0259  0.0258  0.0272  0.0248  0.0261  0.0241  0.0244
  0.0246  0.0246  0.0235  0.0259  0.0263  0.0246  0.0245  0.0249  0.0240  0.0241  0.0236  0.0236
  0.0235  0.0237  0.0232  0.0244  0.0245  0.0237  0.0236  0.0237  0.0235  0.0233  0.0234  0.0233
  0.0231  0.0231  0.0231  0.0231  0.0229  0.0232  0.0233  0.0233  0.0233  0.0233  0.0233  0.0233
  0.0234  0.0231  0.0232  0.0221  0.0225  0.0228  0.0235  0.0235  0.0234  0.0236  0.0234  0.0236
  0.0244  0.0235  0.0236  0.0235  0.0259  0.0240  0.0245  0.0246  0.0239  0.0241  0.0237  0.0239
  0.0260  0.0247  0.0243  0.0289  0.0324  0.0271  0.0261  0.0273  0.0248  0.0249  0.0242  0.0246
niter,ni,del,rscale     3    3    5.0000    1.2000
parameters
    1.7184   32.4535   13.8471   -6.4221   -8.8549   -5.0715
    2.5017   10.8556   -1.2086    0.4634  -12.2639   -7.1056
eta,q 0.97662 15.52404
  0.0263  0.0256  0.0243  0.0277  0.0285  0.0260  0.0259  0.0272  0.0248  0.0258  0.0242  0.0245
  0.0246  0.0244  0.0237  0.0260  0.0266  0.0247  0.0245  0.0249  0.0240  0.0240  0.0237  0.0238
  0.0236  0.0237  0.0233  0.0245  0.0249  0.0238  0.0237  0.0237  0.0235  0.0234  0.0235  0.0234
  0.0233  0.0233  0.0233  0.0232  0.0232  0.0233  0.0234  0.0234  0.0234  0.0234  0.0234  0.0234
  0.0236  0.0233  0.0234  0.0223  0.0225  0.0228  0.0236  0.0236  0.0235  0.0237  0.0235  0.0236
  0.0245  0.0238  0.0239  0.0239  0.0251  0.0241  0.0245  0.0247  0.0240  0.0241  0.0238  0.0240
  0.0262  0.0249  0.0245  0.0295  0.0314  0.0271  0.0261  0.0273  0.0248  0.0248  0.0243  0.0246
niter,ni,del,rscale     2    3    5.0000    1.2000
parameters
    1.7217   32.6163   13.7477   -6.3996   -8.9753   -5.1631
    2.4391   10.9026   -1.1359    0.8532  -12.3424   -7.3442
eta,q 0.97656 15.51561
  0.0263  0.0254  0.0245  0.0277  0.0285  0.0261  0.0259  0.0272  0.0248  0.0257  0.0243  0.0246
  0.0246  0.0244  0.0238  0.0261  0.0267  0.0248  0.0246  0.0249  0.0241  0.0240  0.0238  0.0239
  0.0237  0.0237  0.0234  0.0247  0.0250  0.0239  0.0238  0.0238  0.0236  0.0234  0.0235  0.0235
  0.0234  0.0234  0.0234  0.0234  0.0233  0.0234  0.0234  0.0234  0.0234  0.0234  0.0235  0.0235
  0.0237  0.0234  0.0235  0.0224  0.0225  0.0229  0.0237  0.0236  0.0236  0.0237  0.0235  0.0237
  0.0246  0.0240  0.0240  0.0241  0.0250  0.0241  0.0245  0.0247  0.0240  0.0242  0.0238  0.0241
  0.0263  0.0250  0.0246  0.0297  0.0311  0.0272  0.0261  0.0273  0.0248  0.0248  0.0243  0.0247
niter,ni,del,rscale     1    3    5.0000    1.2000
parameters
    1.7265   32.7468   13.6709   -6.3937   -9.0774   -5.2210
    2.3949   10.9351   -1.0738    1.1870  -12.4437   -7.5243
eta,q 0.97648 15.50941
  0.0263  0.0254  0.0245  0.0277  0.0285  0.0261  0.0259  0.0272  0.0248  0.0256  0.0244  0.0247
  0.0247  0.0244  0.0239  0.0261  0.0268  0.0249  0.0247  0.0249  0.0241  0.0240  0.0238  0.0239
  0.0237  0.0237  0.0235  0.0247  0.0251  0.0240  0.0238  0.0238  0.0237  0.0235  0.0236  0.0236
  0.0234  0.0234  0.0234  0.0234  0.0234  0.0235  0.0235  0.0235  0.0235  0.0235  0.0235  0.0235
  0.0238  0.0235  0.0236  0.0225  0.0226  0.0229  0.0237  0.0237  0.0236  0.0238  0.0236  0.0238
  0.0247  0.0240  0.0240  0.0242  0.0249  0.0241  0.0246  0.0247  0.0240  0.0242  0.0239  0.0241
  0.0263  0.0251  0.0247  0.0298  0.0311  0.0272  0.0261  0.0273  0.0248  0.0248  0.0244  0.0247
registration optimization eta report
parameter search radius
    2.4000    2.4000    2.4000    8.2800    8.2800    7.2000
    7.2000    7.2000    7.2000    7.2000    7.2000    7.2000
100000*second partial in parameter space
       50.       31.       20.        8.       10.        7.
        5.        7.        3.        3.        2.        2.
  0.0263  0.0254  0.0245  0.0277  0.0285  0.0261  0.0259  0.0272  0.0248  0.0256  0.0244  0.0247
  0.0247  0.0244  0.0239  0.0261  0.0268  0.0249  0.0247  0.0249  0.0241  0.0240  0.0238  0.0239
  0.0237  0.0237  0.0235  0.0247  0.0251  0.0240  0.0238  0.0238  0.0237  0.0235  0.0236  0.0236
  0.0234  0.0234  0.0234  0.0234  0.0234  0.0235  0.0235  0.0235  0.0235  0.0235  0.0235  0.0235
  0.0238  0.0235  0.0236  0.0225  0.0226  0.0229  0.0237  0.0237  0.0236  0.0238  0.0236  0.0238
  0.0247  0.0240  0.0240  0.0242  0.0249  0.0241  0.0246  0.0247  0.0240  0.0242  0.0239  0.0241
  0.0263  0.0251  0.0247  0.0298  0.0311  0.0272  0.0261  0.0273  0.0248  0.0248  0.0244  0.0247
    1.7265   32.7468   13.6709   -6.3937   -9.0774   -5.2210
    2.3949   10.9351   -1.0738    1.1870  -12.4437   -7.5243
eta,q 0.97648 15.50941

---------------------------------------------------------------------
imgreg_4dfp /opt/freesurfer/average/711-2C_as_mni_average_305 /opt/freesurfer/average/711-2B_as_mni_average_305_mask talsrcimg_g11 none talsrcimg_to_711-2C_as_mni_average_305_t4 2311
---------------------------------------------------------------------

freesurfer imgreg_4dfp.c
/opt/freesurfer/average/711-2C_as_mni_average_305.4dfp.img
       256       256       256         1
  1.000000  1.000000  1.000000
orientation T byte_order littleendian
Reading image: /opt/freesurfer/average/711-2C_as_mni_average_305.4dfp.img
dimensions:      256       256       256
mmppix:       1.0000   -1.0000   -1.0000
center:     128.0000 -129.0000 -129.0000
/opt/freesurfer/average/711-2B_as_mni_average_305_mask.4dfp.img
       256       256       256         1
  1.000000  1.000000  1.000000
orientation T byte_order littleendian
Reading mask: /opt/freesurfer/average/711-2B_as_mni_average_305_mask.4dfp.img (2306576 pixels)
talsrcimg_g11.4dfp.img
       256       256       256         1
  1.000000  1.000000  1.000000
orientation T byte_order littleendian
Reading image: talsrcimg_g11.4dfp.img
dimensions:      256       256       256
mmppix:       1.0000   -1.0000   -1.0000
center:     128.0000 -129.0000 -129.0000
fimgreg.f
image alignment mode   2311 decimal      907 hex
parameters
    1.7265   32.7468   13.6709   -6.3937   -9.0774   -5.2210
    2.3949   10.9351   -1.0738    1.1870  -12.4437   -7.5243
eta,q 0.97648 15.50942
niter,ni,del,rscale     5    3    5.0000    0.8000
parameter  4 -0.638649 -> -0.500000 qaram    1.1500
parameters
    1.7321   32.9298   13.5613   -3.6337   -7.7970   -5.0018
    2.0353   11.3525   -1.1558    1.8658  -11.1876   -7.9362
eta,q 0.97812 15.71468
  0.0247  0.0244  0.0240  0.0258  0.0255  0.0236  0.0236  0.0252  0.0230  0.0235  0.0233  0.0226
  0.0240  0.0240  0.0237  0.0250  0.0245  0.0229  0.0227  0.0234  0.0224  0.0225  0.0226  0.0221
  0.0236  0.0237  0.0235  0.0242  0.0235  0.0224  0.0221  0.0224  0.0220  0.0220  0.0222  0.0219
  0.0235  0.0235  0.0235  0.0235  0.0225  0.0220  0.0220  0.0220  0.0219  0.0219  0.0219  0.0219
  0.0236  0.0235  0.0236  0.0228  0.0220  0.0217  0.0223  0.0220  0.0220  0.0220  0.0219  0.0221
  0.0240  0.0237  0.0238  0.0226  0.0222  0.0220  0.0230  0.0227  0.0224  0.0223  0.0220  0.0224
  0.0247  0.0241  0.0241  0.0234  0.0239  0.0239  0.0242  0.0243  0.0231  0.0226  0.0223  0.0228
niter,ni,del,rscale     5    3    5.0000    0.8000
parameters
    1.6242   32.6321   13.1577   -4.7336   -7.2488   -5.0474
    2.2981   10.8840   -1.3432    1.8922  -11.4024   -7.8032
eta,q 0.97810 15.71166
  0.0238  0.0226  0.0222  0.0242  0.0250  0.0236  0.0237  0.0237  0.0228  0.0232  0.0225  0.0228
  0.0227  0.0221  0.0219  0.0233  0.0240  0.0229  0.0228  0.0227  0.0223  0.0223  0.0221  0.0223
  0.0220  0.0219  0.0218  0.0224  0.0230  0.0223  0.0222  0.0221  0.0220  0.0219  0.0219  0.0220
  0.0219  0.0219  0.0218  0.0218  0.0221  0.0219  0.0219  0.0219  0.0219  0.0219  0.0219  0.0219
  0.0222  0.0221  0.0221  0.0223  0.0217  0.0216  0.0220  0.0221  0.0220  0.0221  0.0220  0.0220
  0.0231  0.0227  0.0225  0.0249  0.0224  0.0223  0.0225  0.0231  0.0224  0.0225  0.0222  0.0223
  0.0244  0.0236  0.0230  0.0294  0.0246  0.0243  0.0234  0.0250  0.0230  0.0230  0.0226  0.0227
niter,ni,del,rscale     4    3    5.0000    0.7000
parameters
    1.5745   32.5359   13.1388   -4.6842   -6.9630   -4.5560
    2.3811   10.9297   -1.2653    2.0460  -11.4885   -7.5990
eta,q 0.97836 15.75742
  0.0231  0.0227  0.0224  0.0242  0.0243  0.0232  0.0230  0.0236  0.0224  0.0228  0.0221  0.0225
  0.0224  0.0223  0.0221  0.0234  0.0234  0.0227  0.0223  0.0225  0.0220  0.0221  0.0218  0.0220
  0.0220  0.0220  0.0220  0.0226  0.0226  0.0222  0.0218  0.0219  0.0217  0.0217  0.0217  0.0217
  0.0219  0.0219  0.0219  0.0219  0.0219  0.0218  0.0216  0.0216  0.0216  0.0216  0.0216  0.0216
  0.0221  0.0220  0.0220  0.0216  0.0217  0.0214  0.0217  0.0217  0.0217  0.0218  0.0217  0.0217
  0.0225  0.0224  0.0222  0.0225  0.0224  0.0217  0.0222  0.0223  0.0219  0.0221  0.0219  0.0219
  0.0233  0.0230  0.0224  0.0250  0.0243  0.0231  0.0229  0.0237  0.0224  0.0226  0.0222  0.0223
niter,ni,del,rscale     3    3    5.0000    0.6000
parameters
    1.5694   32.4264   13.1068   -4.4676   -6.7036   -4.3056
    2.3911   10.9791   -1.1965    2.0111  -11.5281   -7.4242
eta,q 0.97858 15.78876
  0.0227  0.0222  0.0221  0.0237  0.0236  0.0227  0.0225  0.0230  0.0220  0.0223  0.0219  0.0221
  0.0221  0.0219  0.0218  0.0230  0.0228  0.0223  0.0219  0.0222  0.0217  0.0217  0.0216  0.0217
  0.0218  0.0217  0.0217  0.0223  0.0221  0.0219  0.0216  0.0217  0.0215  0.0215  0.0215  0.0215
  0.0216  0.0216  0.0216  0.0216  0.0216  0.0215  0.0214  0.0214  0.0214  0.0214  0.0214  0.0214
  0.0218  0.0218  0.0217  0.0214  0.0215  0.0212  0.0215  0.0215  0.0215  0.0215  0.0215  0.0215
  0.0221  0.0220  0.0219  0.0220  0.0220  0.0216  0.0219  0.0220  0.0217  0.0218  0.0216  0.0216
  0.0227  0.0226  0.0221  0.0239  0.0235  0.0228  0.0225  0.0231  0.0220  0.0223  0.0219  0.0219
niter,ni,del,rscale     2    3    5.0000    0.5000
parameters
    1.5691   32.3135   13.1009   -4.2719   -6.4699   -4.0465
    2.3843   10.9962   -1.1862    1.9596  -11.5751   -7.2512
eta,q 0.97875 15.81633
  0.0222  0.0218  0.0218  0.0231  0.0229  0.0223  0.0220  0.0225  0.0217  0.0219  0.0216  0.0217
  0.0218  0.0216  0.0216  0.0225  0.0223  0.0220  0.0216  0.0218  0.0214  0.0215  0.0214  0.0215
  0.0215  0.0215  0.0214  0.0219  0.0217  0.0216  0.0213  0.0214  0.0213  0.0213  0.0213  0.0213
  0.0214  0.0214  0.0214  0.0214  0.0214  0.0213  0.0212  0.0212  0.0212  0.0212  0.0212  0.0212
  0.0215  0.0215  0.0215  0.0213  0.0213  0.0211  0.0213  0.0213  0.0213  0.0213  0.0213  0.0213
  0.0218  0.0217  0.0216  0.0218  0.0217  0.0214  0.0216  0.0217  0.0214  0.0216  0.0214  0.0214
  0.0222  0.0221  0.0217  0.0231  0.0227  0.0223  0.0220  0.0226  0.0217  0.0219  0.0216  0.0216
niter,ni,del,rscale     1    3    5.0000    0.4000
parameters
    1.5749   32.2055   13.1250   -4.1084   -6.2782   -3.7662
    2.3967   10.9965   -1.1776    1.9068  -11.6396   -7.0921
eta,q 0.97889 15.83947
  0.0218  0.0215  0.0215  0.0225  0.0223  0.0220  0.0216  0.0220  0.0214  0.0216  0.0214  0.0214
  0.0215  0.0213  0.0214  0.0220  0.0218  0.0217  0.0214  0.0215  0.0212  0.0213  0.0212  0.0213
  0.0213  0.0213  0.0213  0.0216  0.0214  0.0214  0.0212  0.0212  0.0211  0.0211  0.0211  0.0212
  0.0212  0.0212  0.0212  0.0212  0.0212  0.0212  0.0211  0.0211  0.0211  0.0211  0.0211  0.0211
  0.0213  0.0213  0.0213  0.0212  0.0212  0.0211  0.0212  0.0212  0.0211  0.0212  0.0211  0.0211
  0.0215  0.0215  0.0213  0.0215  0.0215  0.0212  0.0213  0.0215  0.0212  0.0213  0.0212  0.0212
  0.0218  0.0217  0.0215  0.0225  0.0221  0.0219  0.0216  0.0220  0.0214  0.0216  0.0214  0.0214
registration optimization eta report
parameter search radius
    0.8000    0.8000    0.8000    2.7600    2.4000    2.4000
    2.4000    2.4000    2.4000    2.4000    2.4000    2.4000
100000*second partial in parameter space
       86.       60.       38.       16.       17.       13.
        9.       16.        5.        8.        4.        5.
  0.0218  0.0215  0.0215  0.0225  0.0223  0.0220  0.0216  0.0220  0.0214  0.0216  0.0214  0.0214
  0.0215  0.0213  0.0214  0.0220  0.0218  0.0217  0.0214  0.0215  0.0212  0.0213  0.0212  0.0213
  0.0213  0.0213  0.0213  0.0216  0.0214  0.0214  0.0212  0.0212  0.0211  0.0211  0.0211  0.0212
  0.0212  0.0212  0.0212  0.0212  0.0212  0.0212  0.0211  0.0211  0.0211  0.0211  0.0211  0.0211
  0.0213  0.0213  0.0213  0.0212  0.0212  0.0211  0.0212  0.0212  0.0211  0.0212  0.0211  0.0211
  0.0215  0.0215  0.0213  0.0215  0.0215  0.0212  0.0213  0.0215  0.0212  0.0213  0.0212  0.0212
  0.0218  0.0217  0.0215  0.0225  0.0221  0.0219  0.0216  0.0220  0.0214  0.0216  0.0214  0.0214
    1.5749   32.2055   13.1250   -4.1084   -6.2782   -3.7662
    2.3967   10.9965   -1.1776    1.9068  -11.6396   -7.0921
eta,q 0.97889 15.83947

---------------------------------------------------------------------
imgreg_4dfp /opt/freesurfer/average/711-2C_as_mni_average_305 /opt/freesurfer/average/711-2B_as_mni_average_305_mask talsrcimg_g11 none talsrcimg_to_711-2C_as_mni_average_305_t4 2311
---------------------------------------------------------------------

freesurfer imgreg_4dfp.c
/opt/freesurfer/average/711-2C_as_mni_average_305.4dfp.img
       256       256       256         1
  1.000000  1.000000  1.000000
orientation T byte_order littleendian
Reading image: /opt/freesurfer/average/711-2C_as_mni_average_305.4dfp.img
dimensions:      256       256       256
mmppix:       1.0000   -1.0000   -1.0000
center:     128.0000 -129.0000 -129.0000
/opt/freesurfer/average/711-2B_as_mni_average_305_mask.4dfp.img
       256       256       256         1
  1.000000  1.000000  1.000000
orientation T byte_order littleendian
Reading mask: /opt/freesurfer/average/711-2B_as_mni_average_305_mask.4dfp.img (2306576 pixels)
talsrcimg_g11.4dfp.img
       256       256       256         1
  1.000000  1.000000  1.000000
orientation T byte_order littleendian
Reading image: talsrcimg_g11.4dfp.img
dimensions:      256       256       256
mmppix:       1.0000   -1.0000   -1.0000
center:     128.0000 -129.0000 -129.0000
fimgreg.f
image alignment mode   2311 decimal      907 hex
parameters
    1.5749   32.2055   13.1250   -4.1084   -6.2782   -3.7662
    2.3967   10.9965   -1.1776    1.9068  -11.6396   -7.0921
eta,q 0.97889 15.83947
niter,ni,del,rscale     5    3    5.0000    0.8000
parameters
    1.5846   32.0443   13.2761   -4.9039   -6.7701   -4.3468
    2.4654   10.9325   -1.0296    1.1030  -11.4765   -6.8137
eta,q 0.97841 15.76577
  0.0235  0.0224  0.0224  0.0234  0.0240  0.0232  0.0233  0.0241  0.0226  0.0226  0.0223  0.0226
  0.0222  0.0217  0.0217  0.0225  0.0229  0.0226  0.0225  0.0228  0.0221  0.0218  0.0219  0.0220
  0.0214  0.0212  0.0212  0.0217  0.0220  0.0220  0.0219  0.0220  0.0218  0.0216  0.0217  0.0217
  0.0211  0.0211  0.0211  0.0211  0.0213  0.0215  0.0217  0.0217  0.0217  0.0217  0.0216  0.0216
  0.0214  0.0213  0.0212  0.0215  0.0216  0.0214  0.0218  0.0218  0.0217  0.0220  0.0216  0.0217
  0.0222  0.0220  0.0215  0.0234  0.0232  0.0229  0.0223  0.0226  0.0220  0.0226  0.0218  0.0219
  0.0235  0.0231  0.0219  0.0270  0.0264  0.0253  0.0233  0.0245  0.0226  0.0234  0.0222  0.0223
niter,ni,del,rscale     4    3    5.0000    0.7000
parameters
    1.5700   32.1245   13.2816   -4.5437   -6.7689   -4.4385
    2.3812   10.9327   -1.1174    1.0893  -11.2701   -6.9541
eta,q 0.97853 15.77020
  0.0230  0.0227  0.0222  0.0237  0.0239  0.0229  0.0228  0.0235  0.0222  0.0226  0.0221  0.0221
  0.0222  0.0221  0.0218  0.0229  0.0229  0.0224  0.0221  0.0224  0.0218  0.0219  0.0217  0.0217
  0.0217  0.0218  0.0216  0.0222  0.0221  0.0219  0.0216  0.0218  0.0216  0.0215  0.0216  0.0215
  0.0216  0.0216  0.0216  0.0216  0.0214  0.0214  0.0215  0.0215  0.0215  0.0215  0.0215  0.0215
  0.0217  0.0216  0.0217  0.0213  0.0214  0.0212  0.0216  0.0216  0.0216  0.0216  0.0215  0.0216
  0.0222  0.0219  0.0219  0.0218  0.0224  0.0219  0.0221  0.0222  0.0218  0.0220  0.0217  0.0218
  0.0230  0.0225  0.0221  0.0236  0.0245  0.0237  0.0229  0.0237  0.0223  0.0225  0.0220  0.0222
niter,ni,del,rscale     3    3    5.0000    0.6000
parameters
    1.5644   32.1505   13.2485   -4.2726   -6.6111   -4.3211
    2.3816   10.9250   -1.1989    1.2674  -11.2292   -7.0140
eta,q 0.97867 15.79269
  0.0226  0.0223  0.0219  0.0232  0.0234  0.0225  0.0224  0.0229  0.0219  0.0223  0.0218  0.0219
  0.0219  0.0219  0.0216  0.0226  0.0226  0.0221  0.0218  0.0221  0.0216  0.0217  0.0215  0.0215
  0.0216  0.0216  0.0215  0.0220  0.0219  0.0217  0.0215  0.0216  0.0214  0.0214  0.0214  0.0214
  0.0215  0.0215  0.0215  0.0215  0.0214  0.0213  0.0213  0.0213  0.0213  0.0213  0.0213  0.0213
  0.0216  0.0215  0.0215  0.0213  0.0213  0.0211  0.0214  0.0214  0.0214  0.0214  0.0214  0.0214
  0.0220  0.0218  0.0217  0.0218  0.0220  0.0215  0.0218  0.0220  0.0216  0.0217  0.0215  0.0216
  0.0226  0.0222  0.0219  0.0232  0.0235  0.0228  0.0224  0.0231  0.0220  0.0221  0.0218  0.0219
niter,ni,del,rscale     2    3    5.0000    0.5000
parameters
    1.5583   32.1344   13.2060   -4.0960   -6.4150   -4.0991
    2.4118   10.9267   -1.2145    1.4536  -11.3003   -6.9932
eta,q 0.97881 15.81732
  0.0221  0.0219  0.0216  0.0227  0.0228  0.0222  0.0220  0.0225  0.0216  0.0220  0.0215  0.0216
  0.0217  0.0216  0.0214  0.0222  0.0222  0.0219  0.0216  0.0218  0.0214  0.0215  0.0213  0.0214
  0.0214  0.0214  0.0213  0.0217  0.0217  0.0215  0.0213  0.0214  0.0212  0.0213  0.0212  0.0212
  0.0213  0.0213  0.0213  0.0213  0.0213  0.0212  0.0212  0.0212  0.0212  0.0212  0.0212  0.0212
  0.0214  0.0214  0.0214  0.0212  0.0212  0.0211  0.0213  0.0213  0.0212  0.0213  0.0212  0.0212
  0.0217  0.0216  0.0215  0.0216  0.0217  0.0213  0.0215  0.0217  0.0214  0.0214  0.0214  0.0214
  0.0222  0.0219  0.0217  0.0227  0.0227  0.0223  0.0220  0.0225  0.0217  0.0218  0.0216  0.0216
niter,ni,del,rscale     1    3    5.0000    0.4000
parameters
    1.5599   32.0935   13.1870   -3.9826   -6.2420   -3.8035
    2.4238   10.9250   -1.2105    1.5909  -11.4201   -6.9168
eta,q 0.97892 15.84050
  0.0218  0.0215  0.0214  0.0222  0.0223  0.0219  0.0216  0.0220  0.0214  0.0216  0.0213  0.0214
  0.0214  0.0213  0.0213  0.0218  0.0218  0.0216  0.0213  0.0215  0.0212  0.0213  0.0212  0.0212
  0.0213  0.0212  0.0212  0.0214  0.0214  0.0214  0.0211  0.0212  0.0211  0.0211  0.0211  0.0211
  0.0212  0.0212  0.0212  0.0212  0.0212  0.0211  0.0211  0.0211  0.0211  0.0211  0.0211  0.0211
  0.0213  0.0212  0.0212  0.0212  0.0211  0.0210  0.0211  0.0212  0.0211  0.0211  0.0211  0.0211
  0.0214  0.0214  0.0213  0.0215  0.0215  0.0212  0.0213  0.0215  0.0212  0.0213  0.0212  0.0212
  0.0218  0.0216  0.0214  0.0222  0.0221  0.0218  0.0216  0.0220  0.0214  0.0215  0.0214  0.0213
registration optimization eta report
parameter search radius
    0.8000    0.8000    0.8000    2.4000    2.4000    2.4000
    2.4000    2.4000    2.4000    2.4000    2.4000    2.4000
100000*second partial in parameter space
       89.       59.       37.       17.       18.       12.
        9.       16.        5.        8.        5.        5.
  0.0218  0.0215  0.0214  0.0222  0.0223  0.0219  0.0216  0.0220  0.0214  0.0216  0.0213  0.0214
  0.0214  0.0213  0.0213  0.0218  0.0218  0.0216  0.0213  0.0215  0.0212  0.0213  0.0212  0.0212
  0.0213  0.0212  0.0212  0.0214  0.0214  0.0214  0.0211  0.0212  0.0211  0.0211  0.0211  0.0211
  0.0212  0.0212  0.0212  0.0212  0.0212  0.0211  0.0211  0.0211  0.0211  0.0211  0.0211  0.0211
  0.0213  0.0212  0.0212  0.0212  0.0211  0.0210  0.0211  0.0212  0.0211  0.0211  0.0211  0.0211
  0.0214  0.0214  0.0213  0.0215  0.0215  0.0212  0.0213  0.0215  0.0212  0.0213  0.0212  0.0212
  0.0218  0.0216  0.0214  0.0222  0.0221  0.0218  0.0216  0.0220  0.0214  0.0215  0.0214  0.0213
    1.5599   32.0935   13.1870   -3.9826   -6.2420   -3.8035
    2.4238   10.9250   -1.2105    1.5909  -11.4201   -6.9168
eta,q 0.97892 15.84050

---------------------------------------------------------------------
compute_vox2vox talsrcimg talsrcimg_to_711-2C_as_mni_average_305_t4 /opt/freesurfer/average/711-2C_as_mni_average_305
---------------------------------------------------------------------

freesurfer compute_vox2vox.c
Reading: talsrcimg.4dfp.ifh
Reading: talsrcimg_to_711-2C_as_mni_average_305_t4
Reading: /opt/freesurfer/average/711-2C_as_mni_average_305.4dfp.ifh
Writing: talsrcimg_to_711-2C_as_mni_average_305_t4_vox2vox.txt

start time Mon Mar 9 16:46:39 CET 2026
end		time Mon Mar 9 16:48:06 CET 2026

mpr2mni305 success

avi2talxfm orig_nu.mgz /opt/freesurfer/average/mni305.cor.mgz talsrcimg_to_711-2C_as_mni_average_305_t4_vox2vox.txt transforms/talairach.auto.xfm
avi2talxfm done
mv -f /out/sourcedata/freesurfer/sub-v1s22x0050528_ses-1/mri/talsrcimg_to_711-2C_as_mni_average_305_t4_vox2vox.txt /out/sourcedata/freesurfer/sub-v1s22x0050528_ses-1/mri/transforms/talsrcimg_to_711-2C_as_mni_average_305_t4_vox2vox.txt
lta_convert --src orig_nu.mgz --trg /opt/freesurfer/average/mni305.cor.mgz --inxfm transforms/talairach.auto.xfm --outlta transforms/talairach.auto.xfm.lta --subject fsaverage
7.3.2

--src: orig_nu.mgz src image (geometry).
--trg: /opt/freesurfer/average/mni305.cor.mgz trg image (geometry).
--inmni: transforms/talairach.auto.xfm input MNI/XFM transform.
--outlta: transforms/talairach.auto.xfm.lta output LTA.
--s: fsaverage subject name
 LTA read, type : 1
 1.02723  -0.11608  -0.03512   3.30690;
 0.12275   1.02440   0.07240  -34.29190;
 0.01118  -0.01888   1.06489  -8.35509;
 0.00000   0.00000   0.00000   1.00000;
setting subject to fsaverage
Writing  LTA to file transforms/talairach.auto.xfm.lta...
lta_convert successful.
 
 
Started at Mon Mar 9 16:46:38 CET 2026
Ended   at Mon Mar  9 16:48:06 CET 2026
talairach_avi done
