status file for recon-all
Mon Mar  9 15:15:57 CET 2026
#@# Tessellate rh Mon Mar  9 15:15:57 CET 2026
#@# Smooth1 rh Mon Mar  9 15:15:59 CET 2026
#@# Inflation1 rh Mon Mar  9 15:16:01 CET 2026
#@# QSphere rh Mon Mar  9 15:16:14 CET 2026
#@# Fix Topology rh Mon Mar  9 15:17:36 CET 2026
#@# Smooth2 rh Mon Mar  9 15:23:04 CET 2026
#@# Inflation2 rh Mon Mar  9 15:23:06 CET 2026
#@# Curv .H and .K rh Mon Mar  9 15:23:19 CET 2026
#@# Sphere rh Mon Mar  9 15:23:58 CET 2026
#@# Surf Reg rh Mon Mar  9 15:25:54 CET 2026
#@# Jacobian white rh Mon Mar  9 15:30:11 CET 2026
#@# AvgCurv rh Mon Mar  9 15:30:12 CET 2026
#@# Cortical Parc rh Mon Mar  9 15:30:13 CET 2026
#@# white curv rh Mon Mar  9 15:36:27 CET 2026
#@# white area rh Mon Mar  9 15:36:28 CET 2026
#@# pial curv rh Mon Mar  9 15:36:29 CET 2026
#@# pial area rh Mon Mar  9 15:36:31 CET 2026
#@# thickness rh Mon Mar  9 15:36:31 CET 2026
#@# area and vertex vol rh Mon Mar  9 15:36:51 CET 2026
#@# Curvature Stats rh Mon Mar  9 15:36:53 CET 2026
#@# Cortical Parc 2 rh Mon Mar  9 15:36:55 CET 2026
#@# Cortical Parc 3 rh Mon Mar  9 15:37:05 CET 2026
#@# WM/GM Contrast rh Mon Mar  9 15:37:13 CET 2026
recon-all -s sub-v1s22x0050471_ses-1 finished without error at Mon Mar  9 15:37:17 CET 2026



#New# invocation of recon-all 



status file for recon-all
Mon Mar  9 15:45:07 CET 2026
#@# white curv rh Mon Mar  9 15:45:07 CET 2026
#@# white area rh Mon Mar  9 15:45:07 CET 2026
#@# pial curv rh Mon Mar  9 15:45:07 CET 2026
#@# pial area rh Mon Mar  9 15:45:07 CET 2026
#@# thickness rh Mon Mar  9 15:45:07 CET 2026
#@# area and vertex vol rh Mon Mar  9 15:45:07 CET 2026
#@# Parcellation Stats rh Mon Mar  9 15:45:07 CET 2026
#@# Parcellation Stats 2 rh Mon Mar  9 15:45:23 CET 2026
#@# Parcellation Stats 3 rh Mon Mar  9 15:45:32 CET 2026
#@# BA_exvivo Labels rh Mon Mar  9 15:45:40 CET 2026
recon-all -s sub-v1s22x0050471_ses-1 finished without error at Mon Mar  9 15:47:43 CET 2026
