status file for recon-all
Mon Mar  9 14:00:57 CET 2026
#@# Tessellate lh Mon Mar  9 14:00:57 CET 2026
#@# Smooth1 lh Mon Mar  9 14:01:00 CET 2026
#@# Inflation1 lh Mon Mar  9 14:01:03 CET 2026
#@# QSphere lh Mon Mar  9 14:01:17 CET 2026
#@# Fix Topology lh Mon Mar  9 14:02:41 CET 2026
#@# Smooth2 lh Mon Mar  9 14:08:53 CET 2026
#@# Inflation2 lh Mon Mar  9 14:08:57 CET 2026
#@# Curv .H and .K lh Mon Mar  9 14:09:13 CET 2026
#@# Sphere lh Mon Mar  9 14:10:03 CET 2026
#@# Surf Reg lh Mon Mar  9 14:14:15 CET 2026
#@# Jacobian white lh Mon Mar  9 14:18:36 CET 2026
#@# AvgCurv lh Mon Mar  9 14:18:37 CET 2026
#@# Cortical Parc lh Mon Mar  9 14:18:38 CET 2026
#@# white curv lh Mon Mar  9 14:25:59 CET 2026
#@# white area lh Mon Mar  9 14:26:01 CET 2026
#@# pial curv lh Mon Mar  9 14:26:01 CET 2026
#@# pial area lh Mon Mar  9 14:26:04 CET 2026
#@# thickness lh Mon Mar  9 14:26:04 CET 2026
#@# area and vertex vol lh Mon Mar  9 14:26:37 CET 2026
#@# Curvature Stats lh Mon Mar  9 14:26:39 CET 2026
#@# Cortical Parc 2 lh Mon Mar  9 14:26:41 CET 2026
#@# Cortical Parc 3 lh Mon Mar  9 14:26:55 CET 2026
#@# WM/GM Contrast lh Mon Mar  9 14:27:06 CET 2026
recon-all -s sub-v1s22x0050448_ses-1 finished without error at Mon Mar  9 14:27:12 CET 2026



#New# invocation of recon-all 



status file for recon-all
Mon Mar  9 15:00:56 CET 2026
#@# white curv lh Mon Mar  9 15:00:56 CET 2026
#@# white area lh Mon Mar  9 15:00:56 CET 2026
#@# pial curv lh Mon Mar  9 15:00:56 CET 2026
#@# pial area lh Mon Mar  9 15:00:56 CET 2026
#@# thickness lh Mon Mar  9 15:00:56 CET 2026
#@# area and vertex vol lh Mon Mar  9 15:00:56 CET 2026
#@# Parcellation Stats lh Mon Mar  9 15:00:56 CET 2026
#@# Parcellation Stats 2 lh Mon Mar  9 15:01:18 CET 2026
#@# Parcellation Stats 3 lh Mon Mar  9 15:01:29 CET 2026
#@# BA_exvivo Labels lh Mon Mar  9 15:01:40 CET 2026
recon-all -s sub-v1s22x0050448_ses-1 finished without error at Mon Mar  9 15:04:38 CET 2026
