status file for recon-all
Mon Mar  9 16:10:38 CET 2026
#@# Tessellate rh Mon Mar  9 16:10:39 CET 2026
#@# Smooth1 rh Mon Mar  9 16:10:41 CET 2026
#@# Inflation1 rh Mon Mar  9 16:10:44 CET 2026
#@# QSphere rh Mon Mar  9 16:10:58 CET 2026
#@# Fix Topology rh Mon Mar  9 16:12:16 CET 2026
#@# Smooth2 rh Mon Mar  9 16:18:02 CET 2026
#@# Inflation2 rh Mon Mar  9 16:18:04 CET 2026
#@# Curv .H and .K rh Mon Mar  9 16:18:20 CET 2026
#@# Sphere rh Mon Mar  9 16:19:04 CET 2026
#@# Surf Reg rh Mon Mar  9 16:21:33 CET 2026
#@# Jacobian white rh Mon Mar  9 16:26:07 CET 2026
#@# AvgCurv rh Mon Mar  9 16:26:07 CET 2026
#@# Cortical Parc rh Mon Mar  9 16:26:08 CET 2026
#@# white curv rh Mon Mar  9 16:33:43 CET 2026
#@# white area rh Mon Mar  9 16:33:45 CET 2026
#@# pial curv rh Mon Mar  9 16:33:46 CET 2026
#@# pial area rh Mon Mar  9 16:33:47 CET 2026
#@# thickness rh Mon Mar  9 16:33:48 CET 2026
#@# area and vertex vol rh Mon Mar  9 16:34:12 CET 2026
#@# Curvature Stats rh Mon Mar  9 16:34:14 CET 2026
#@# Cortical Parc 2 rh Mon Mar  9 16:34:16 CET 2026
#@# Cortical Parc 3 rh Mon Mar  9 16:34:28 CET 2026
#@# WM/GM Contrast rh Mon Mar  9 16:34:37 CET 2026
recon-all -s sub-v1s22x0050479_ses-1 finished without error at Mon Mar  9 16:34:41 CET 2026



#New# invocation of recon-all 



status file for recon-all
Mon Mar  9 16:43:07 CET 2026
#@# white curv rh Mon Mar  9 16:43:07 CET 2026
#@# white area rh Mon Mar  9 16:43:07 CET 2026
#@# pial curv rh Mon Mar  9 16:43:07 CET 2026
#@# pial area rh Mon Mar  9 16:43:07 CET 2026
#@# thickness rh Mon Mar  9 16:43:07 CET 2026
#@# area and vertex vol rh Mon Mar  9 16:43:07 CET 2026
#@# Parcellation Stats rh Mon Mar  9 16:43:07 CET 2026
#@# Parcellation Stats 2 rh Mon Mar  9 16:43:26 CET 2026
#@# Parcellation Stats 3 rh Mon Mar  9 16:43:36 CET 2026
#@# BA_exvivo Labels rh Mon Mar  9 16:43:46 CET 2026
recon-all -s sub-v1s22x0050479_ses-1 finished without error at Mon Mar  9 16:46:03 CET 2026
