status file for recon-all
Mon Mar  9 15:47:12 CET 2026
#@# Tessellate lh Mon Mar  9 15:47:12 CET 2026
#@# Smooth1 lh Mon Mar  9 15:47:15 CET 2026
#@# Inflation1 lh Mon Mar  9 15:47:17 CET 2026
#@# QSphere lh Mon Mar  9 15:47:36 CET 2026
#@# Fix Topology lh Mon Mar  9 15:48:36 CET 2026
#@# Smooth2 lh Mon Mar  9 15:54:28 CET 2026
#@# Inflation2 lh Mon Mar  9 15:54:30 CET 2026
#@# Curv .H and .K lh Mon Mar  9 15:54:42 CET 2026
#@# Sphere lh Mon Mar  9 15:55:19 CET 2026
#@# Surf Reg lh Mon Mar  9 15:59:32 CET 2026
#@# Jacobian white lh Mon Mar  9 16:06:09 CET 2026
#@# AvgCurv lh Mon Mar  9 16:06:10 CET 2026
#@# Cortical Parc lh Mon Mar  9 16:06:11 CET 2026
#@# white curv lh Mon Mar  9 16:11:37 CET 2026
#@# white area lh Mon Mar  9 16:11:38 CET 2026
#@# pial curv lh Mon Mar  9 16:11:39 CET 2026
#@# pial area lh Mon Mar  9 16:11:41 CET 2026
#@# thickness lh Mon Mar  9 16:11:41 CET 2026
#@# area and vertex vol lh Mon Mar  9 16:12:02 CET 2026
#@# Curvature Stats lh Mon Mar  9 16:12:03 CET 2026
#@# Cortical Parc 2 lh Mon Mar  9 16:12:04 CET 2026
#@# Cortical Parc 3 lh Mon Mar  9 16:12:14 CET 2026
#@# WM/GM Contrast lh Mon Mar  9 16:12:22 CET 2026
recon-all -s sub-v1s22x0050481_ses-1 finished without error at Mon Mar  9 16:12:26 CET 2026



#New# invocation of recon-all 



status file for recon-all
Mon Mar  9 16:41:53 CET 2026
#@# white curv lh Mon Mar  9 16:41:53 CET 2026
#@# white area lh Mon Mar  9 16:41:53 CET 2026
#@# pial curv lh Mon Mar  9 16:41:53 CET 2026
#@# pial area lh Mon Mar  9 16:41:53 CET 2026
#@# thickness lh Mon Mar  9 16:41:53 CET 2026
#@# area and vertex vol lh Mon Mar  9 16:41:53 CET 2026
#@# Parcellation Stats lh Mon Mar  9 16:41:53 CET 2026
#@# Parcellation Stats 2 lh Mon Mar  9 16:42:09 CET 2026
#@# Parcellation Stats 3 lh Mon Mar  9 16:42:17 CET 2026
#@# BA_exvivo Labels lh Mon Mar  9 16:42:25 CET 2026
recon-all -s sub-v1s22x0050481_ses-1 finished without error at Mon Mar  9 16:44:30 CET 2026
