status file for recon-all
Mon Mar  9 17:54:58 CET 2026
#@# Tessellate lh Mon Mar  9 17:54:58 CET 2026
#@# Smooth1 lh Mon Mar  9 17:55:02 CET 2026
#@# Inflation1 lh Mon Mar  9 17:55:05 CET 2026
#@# QSphere lh Mon Mar  9 17:55:20 CET 2026
#@# Fix Topology lh Mon Mar  9 17:56:48 CET 2026
#@# Smooth2 lh Mon Mar  9 18:03:49 CET 2026
#@# Inflation2 lh Mon Mar  9 18:03:53 CET 2026
#@# Curv .H and .K lh Mon Mar  9 18:04:11 CET 2026
#@# Sphere lh Mon Mar  9 18:05:09 CET 2026
#@# Surf Reg lh Mon Mar  9 18:07:46 CET 2026
#@# Jacobian white lh Mon Mar  9 18:13:05 CET 2026
#@# AvgCurv lh Mon Mar  9 18:13:06 CET 2026
#@# Cortical Parc lh Mon Mar  9 18:13:07 CET 2026
#@# white curv lh Mon Mar  9 18:21:34 CET 2026
#@# white area lh Mon Mar  9 18:21:36 CET 2026
#@# pial curv lh Mon Mar  9 18:21:37 CET 2026
#@# pial area lh Mon Mar  9 18:21:39 CET 2026
#@# thickness lh Mon Mar  9 18:21:40 CET 2026
#@# area and vertex vol lh Mon Mar  9 18:22:17 CET 2026
#@# Curvature Stats lh Mon Mar  9 18:22:19 CET 2026
#@# Cortical Parc 2 lh Mon Mar  9 18:22:22 CET 2026
#@# Cortical Parc 3 lh Mon Mar  9 18:22:38 CET 2026
#@# WM/GM Contrast lh Mon Mar  9 18:22:50 CET 2026
recon-all -s sub-v1s22x0050509_ses-1 finished without error at Mon Mar  9 18:22:56 CET 2026



#New# invocation of recon-all 



status file for recon-all
Mon Mar  9 19:08:27 CET 2026
#@# white curv lh Mon Mar  9 19:08:27 CET 2026
#@# white area lh Mon Mar  9 19:08:27 CET 2026
#@# pial curv lh Mon Mar  9 19:08:27 CET 2026
#@# pial area lh Mon Mar  9 19:08:27 CET 2026
#@# thickness lh Mon Mar  9 19:08:27 CET 2026
#@# area and vertex vol lh Mon Mar  9 19:08:27 CET 2026
#@# Parcellation Stats lh Mon Mar  9 19:08:27 CET 2026
#@# Parcellation Stats 2 lh Mon Mar  9 19:08:53 CET 2026
#@# Parcellation Stats 3 lh Mon Mar  9 19:09:07 CET 2026
#@# BA_exvivo Labels lh Mon Mar  9 19:09:20 CET 2026
recon-all -s sub-v1s22x0050509_ses-1 finished without error at Mon Mar  9 19:12:35 CET 2026
