status file for recon-all
Mon Mar  9 12:23:38 CET 2026
#@# MotionCor Mon Mar  9 12:23:46 CET 2026
#@# Talairach Mon Mar  9 12:24:03 CET 2026
#@# Talairach Failure Detection Mon Mar  9 12:28:31 CET 2026
#@# Nu Intensity Correction Mon Mar  9 12:28:31 CET 2026
#@# Intensity Normalization Mon Mar  9 12:31:47 CET 2026
recon-all -s sub-v1s22x0050455_ses-1 finished without error at Mon Mar  9 12:33:17 CET 2026



#New# invocation of recon-all 



status file for recon-all
Mon Mar  9 12:45:08 CET 2026
#@# EM Registration Mon Mar  9 12:45:08 CET 2026
recon-all -s sub-v1s22x0050455_ses-1 finished without error at Mon Mar  9 12:46:55 CET 2026



#New# invocation of recon-all 



status file for recon-all
Mon Mar  9 12:46:58 CET 2026
#@# CA Normalize Mon Mar  9 12:46:58 CET 2026
#@# CA Reg Mon Mar  9 12:48:21 CET 2026
#@# SubCort Seg Mon Mar  9 13:43:33 CET 2026
#@# CC Seg Mon Mar  9 14:13:46 CET 2026
#@# Merge ASeg Mon Mar  9 14:14:25 CET 2026
#@# Intensity Normalization2 Mon Mar  9 14:14:25 CET 2026
#@# Mask BFS Mon Mar  9 14:16:48 CET 2026
#@# WM Segmentation Mon Mar  9 14:16:49 CET 2026
#@# Fill Mon Mar  9 14:18:49 CET 2026
recon-all -s sub-v1s22x0050455_ses-1 finished without error at Mon Mar  9 14:19:50 CET 2026



#New# invocation of recon-all 



status file for recon-all
Mon Mar  9 15:17:25 CET 2026
#@# white curv lh Mon Mar  9 15:17:25 CET 2026
#@# white area lh Mon Mar  9 15:17:25 CET 2026
#@# pial curv lh Mon Mar  9 15:17:25 CET 2026
#@# pial area lh Mon Mar  9 15:17:25 CET 2026
#@# thickness lh Mon Mar  9 15:17:25 CET 2026
#@# area and vertex vol lh Mon Mar  9 15:17:25 CET 2026
#@# white curv rh Mon Mar  9 15:17:25 CET 2026
#@# white area rh Mon Mar  9 15:17:25 CET 2026
#@# pial curv rh Mon Mar  9 15:17:25 CET 2026
#@# pial area rh Mon Mar  9 15:17:25 CET 2026
#@# thickness rh Mon Mar  9 15:17:25 CET 2026
#@# area and vertex vol rh Mon Mar  9 15:17:25 CET 2026
#@# Cortical ribbon mask Mon Mar  9 15:17:25 CET 2026
recon-all -s sub-v1s22x0050455_ses-1 finished without error at Mon Mar  9 15:26:12 CET 2026



#New# invocation of recon-all 



status file for recon-all
Mon Mar  9 15:34:11 CET 2026
#@# white curv lh Mon Mar  9 15:34:11 CET 2026
#@# white area lh Mon Mar  9 15:34:11 CET 2026
#@# pial curv lh Mon Mar  9 15:34:11 CET 2026
#@# pial area lh Mon Mar  9 15:34:11 CET 2026
#@# thickness lh Mon Mar  9 15:34:11 CET 2026
#@# area and vertex vol lh Mon Mar  9 15:34:11 CET 2026
#@# white curv rh Mon Mar  9 15:34:11 CET 2026
#@# white area rh Mon Mar  9 15:34:11 CET 2026
#@# pial curv rh Mon Mar  9 15:34:11 CET 2026
#@# pial area rh Mon Mar  9 15:34:11 CET 2026
#@# thickness rh Mon Mar  9 15:34:11 CET 2026
#@# area and vertex vol rh Mon Mar  9 15:34:12 CET 2026
#@# Curvature Stats lh Mon Mar  9 15:34:12 CET 2026
#@# Curvature Stats rh Mon Mar  9 15:34:15 CET 2026
#@# Relabel Hypointensities Mon Mar  9 15:34:17 CET 2026
#@# APas-to-ASeg Mon Mar  9 15:34:33 CET 2026
#@# AParc-to-ASeg aparc Mon Mar  9 15:34:43 CET 2026
#@# AParc-to-ASeg aparc.a2009s Mon Mar  9 15:35:24 CET 2026
#@# AParc-to-ASeg aparc.DKTatlas Mon Mar  9 15:36:05 CET 2026
#@# WMParc Mon Mar  9 15:36:52 CET 2026
#@# ASeg Stats Mon Mar  9 15:40:32 CET 2026
recon-all -s sub-v1s22x0050455_ses-1 finished without error at Mon Mar  9 15:41:13 CET 2026
