status file for recon-all
Mon Mar  9 14:19:56 CET 2026
#@# Tessellate lh Mon Mar  9 14:19:56 CET 2026
#@# Smooth1 lh Mon Mar  9 14:20:00 CET 2026
#@# Inflation1 lh Mon Mar  9 14:20:03 CET 2026
#@# QSphere lh Mon Mar  9 14:20:20 CET 2026
#@# Fix Topology lh Mon Mar  9 14:21:44 CET 2026
#@# Smooth2 lh Mon Mar  9 14:28:48 CET 2026
#@# Inflation2 lh Mon Mar  9 14:28:52 CET 2026
#@# Curv .H and .K lh Mon Mar  9 14:29:08 CET 2026
#@# Sphere lh Mon Mar  9 14:30:00 CET 2026
#@# Surf Reg lh Mon Mar  9 14:33:49 CET 2026
#@# Jacobian white lh Mon Mar  9 14:38:30 CET 2026
#@# AvgCurv lh Mon Mar  9 14:38:31 CET 2026
#@# Cortical Parc lh Mon Mar  9 14:38:31 CET 2026
#@# white curv lh Mon Mar  9 14:46:14 CET 2026
#@# white area lh Mon Mar  9 14:46:16 CET 2026
#@# pial curv lh Mon Mar  9 14:46:16 CET 2026
#@# pial area lh Mon Mar  9 14:46:19 CET 2026
#@# thickness lh Mon Mar  9 14:46:19 CET 2026
#@# area and vertex vol lh Mon Mar  9 14:46:54 CET 2026
#@# Curvature Stats lh Mon Mar  9 14:46:56 CET 2026
#@# Cortical Parc 2 lh Mon Mar  9 14:46:59 CET 2026
#@# Cortical Parc 3 lh Mon Mar  9 14:47:14 CET 2026
#@# WM/GM Contrast lh Mon Mar  9 14:47:25 CET 2026
recon-all -s sub-v1s22x0050455_ses-1 finished without error at Mon Mar  9 14:47:31 CET 2026



#New# invocation of recon-all 



status file for recon-all
Mon Mar  9 15:26:17 CET 2026
#@# white curv lh Mon Mar  9 15:26:17 CET 2026
#@# white area lh Mon Mar  9 15:26:17 CET 2026
#@# pial curv lh Mon Mar  9 15:26:17 CET 2026
#@# pial area lh Mon Mar  9 15:26:17 CET 2026
#@# thickness lh Mon Mar  9 15:26:17 CET 2026
#@# area and vertex vol lh Mon Mar  9 15:26:17 CET 2026
#@# Parcellation Stats lh Mon Mar  9 15:26:17 CET 2026
#@# Parcellation Stats 2 lh Mon Mar  9 15:26:39 CET 2026
#@# Parcellation Stats 3 lh Mon Mar  9 15:26:52 CET 2026
#@# BA_exvivo Labels lh Mon Mar  9 15:27:02 CET 2026
recon-all -s sub-v1s22x0050455_ses-1 finished without error at Mon Mar  9 15:30:12 CET 2026
