/out/sourcedata/freesurfer/sub-v1s22x0050498_ses-1/mri
/opt/freesurfer/bin/talairach_avi
--i orig_nu.mgz --xfm transforms/talairach.auto.xfm
talairach_avi 7.3.2
Linux dna077 5.14.0-427.37.1.el9_4.x86_64 #1 SMP PREEMPT_DYNAMIC Fri Sep 13 12:41:50 EDT 2024 x86_64 x86_64 x86_64 GNU/Linux
Mon Mar  9 15:36:47 CET 2026
mri_convert orig_nu.mgz talsrcimg.img 
reading from orig_nu.mgz...
TR=0.00, TE=0.00, TI=0.00, flip angle=0.00
i_ras = (-1, -9.44692e-09, 0)
j_ras = (0, 0, -1)
k_ras = (1.99634e-09, 1, -1.16415e-10)
writing to talsrcimg.img...
Analyze Output Matrix
-1.00000   0.00000   0.00000   125.69322;
-0.00000   0.00000   1.00000  -92.20751;
 0.00000  -1.00000  -0.00000   119.37389;
 0.00000   0.00000   0.00000   1.00000;
--------------------
INFO: set hdr.hist.orient to -1
mpr2mni305 talsrcimg
Mon Mar  9 15:36:47 CET 2026
/opt/freesurfer/bin/mpr2mni305 talsrcimg
mpr2mni305 7.3.2
target=711-2C_as_mni_average_305

---------------------------------------------------------------------
analyzeto4dfp talsrcimg -O0 -y
---------------------------------------------------------------------

freesurfer ifh2hdr.c
Mon Mar  9 15:36:48 2026
Writing: talsrcimg.4dfp.hdr
freesurfer analyzeto4dfp.c
Reading: talsrcimg.hdr
header size 348 bytes
hdr.dime.datatype	offset=70	value=2
hdr.dime.bitpix		offset=72	value=8
hdr.hist.orient		offset=252	value=-1
dimensionality     4
dimensions       256       256       256         1
Reading: talsrcimg.img
Writing: talsrcimg.4dfp.img
Writing: talsrcimg.4dfp.ifh
ifh2hdr talsrcimg -r0to206
ori=2

---------------------------------------------------------------------
gauss_4dfp talsrcimg 1.1
---------------------------------------------------------------------

freesurfer gauss_4dfp.c
Reading: talsrcimg.4dfp.img
Writing: talsrcimg_g11.4dfp.img
image dimensions 256 256 256 padded to 288 288 288
processing volume 1freesurfer ifh2hdr.c
Mon Mar  9 15:36:49 2026
Writing: talsrcimg_g11.4dfp.hdr

Writing: talsrcimg_g11.4dfp.ifh
including: talsrcimg.4dfp.img.rec in talsrcimg_g11.4dfp.img.rec

---------------------------------------------------------------------
imgreg_4dfp /opt/freesurfer/average/711-2C_as_mni_average_305 none talsrcimg_g11 none talsrcimg_to_711-2C_as_mni_average_305_t4 4355
---------------------------------------------------------------------

freesurfer imgreg_4dfp.c
/opt/freesurfer/average/711-2C_as_mni_average_305.4dfp.img
       256       256       256         1
  1.000000  1.000000  1.000000
orientation T byte_order littleendian
Reading image: /opt/freesurfer/average/711-2C_as_mni_average_305.4dfp.img
dimensions:      256       256       256
mmppix:       1.0000   -1.0000   -1.0000
center:     128.0000 -129.0000 -129.0000
talsrcimg_g11.4dfp.img
       256       256       256         1
  1.000000  1.000000  1.000000
orientation T byte_order littleendian
Reading image: talsrcimg_g11.4dfp.img
dimensions:      256       256       256
mmppix:       1.0000   -1.0000   -1.0000
center:     128.0000 -129.0000 -129.0000
t4_read: open error in t4_sub.f l:  41 t4_file(1:l)talsrcimg_to_711-2C_as_mni_average_305_t4 
t4_read: transform initialized to I4
rotation matrix determinant  1.000000
image alignment mode   4355 decimal     1103 hex
   -7.5000  -45.0000  -45.0000 6565.4893   17.4377
    0.0000  -45.0000  -45.0000 6922.0464   17.4515
    7.5000  -45.0000  -45.0000 6673.1396   17.4397
   -7.5000  -37.5000  -45.0000 7116.3726   16.8949
    0.0000  -37.5000  -45.0000 7498.7363   16.8992
    7.5000  -37.5000  -45.0000 7231.1006   16.8810
   -7.5000  -30.0000  -45.0000 7982.7100   16.4900
    0.0000  -30.0000  -45.0000 8393.3311   16.4844
    7.5000  -30.0000  -45.0000 8083.6943   16.4661
   -7.5000  -22.5000  -45.0000 8942.6377   16.2839
    0.0000  -22.5000  -45.0000 9395.7646   16.2764
    7.5000  -22.5000  -45.0000 9028.3467   16.2636
   -7.5000  -15.0000  -45.0000 9890.4121   16.2493
    0.0000  -15.0000  -45.000010389.9873   16.2474
    7.5000  -15.0000  -45.0000 9961.2285   16.2391
   -7.5000   -7.5000  -45.000010829.6680   16.2214
    0.0000   -7.5000  -45.000011387.0312   16.2270
    7.5000   -7.5000  -45.000010900.0879   16.2187
   -7.5000    0.0000  -45.000011727.9629   16.2006
    0.0000    0.0000  -45.000012332.8223   16.2096
    7.5000    0.0000  -45.000011796.1318   16.1973
   -7.5000    7.5000  -45.000011706.5879   16.1726
    0.0000    7.5000  -45.000012287.6436   16.1762
    7.5000    7.5000  -45.000011750.0938   16.1596
   -7.5000   15.0000  -45.000011592.2285   16.1584
    0.0000   15.0000  -45.000012161.3105   16.1533
    7.5000   15.0000  -45.000011594.0615   16.1360
   -7.5000   22.5000  -45.000011360.2637   16.1714
    0.0000   22.5000  -45.000011931.1064   16.1641
    7.5000   22.5000  -45.000011338.6758   16.1516
   -7.5000   30.0000  -45.000010907.9121   15.9870
    0.0000   30.0000  -45.000011472.4541   15.9853
    7.5000   30.0000  -45.000010895.6895   15.9774
   -7.5000   37.5000  -45.000010763.4453   15.9984
    0.0000   37.5000  -45.000011356.3096   16.0040
    7.5000   37.5000  -45.000010775.1357   15.9959
   -7.5000   45.0000  -45.000010200.7549   15.5789
    0.0000   45.0000  -45.000010759.5225   15.5875
    7.5000   45.0000  -45.000010231.7930   15.5757
   -7.5000  -45.0000  -37.5000 6845.4282   17.3829
    0.0000  -45.0000  -37.5000 7225.7070   17.4035
    7.5000  -45.0000  -37.5000 6955.3218   17.3862
   -7.5000  -37.5000  -37.5000 7435.3340   16.8567
    0.0000  -37.5000  -37.5000 7845.1758   16.8669
    7.5000  -37.5000  -37.5000 7551.2842   16.8467
   -7.5000  -30.0000  -37.5000 8378.6689   16.4589
    0.0000  -30.0000  -37.5000 8831.4756   16.4593
    7.5000  -30.0000  -37.5000 8486.6787   16.4410
   -7.5000  -22.5000  -37.5000 9391.0537   16.2490
    0.0000  -22.5000  -37.5000 9887.5156   16.2484
    7.5000  -22.5000  -37.5000 9502.0820   16.2332
   -7.5000  -15.0000  -37.500010406.0225   16.2051
    0.0000  -15.0000  -37.500010941.9199   16.2110
    7.5000  -15.0000  -37.500010503.4473   16.1975
   -7.5000   -7.5000  -37.500011402.9424   16.1725
    0.0000   -7.5000  -37.500011994.4531   16.1857
    7.5000   -7.5000  -37.500011488.5244   16.1711
   -7.5000    0.0000  -37.500012353.5977   16.1568
    0.0000    0.0000  -37.500012987.2354   16.1717
    7.5000    0.0000  -37.500012411.4883   16.1550
   -7.5000    7.5000  -37.500012330.6104   16.1382
    0.0000    7.5000  -37.500012929.9922   16.1473
    7.5000    7.5000  -37.500012341.8242   16.1292
   -7.5000   15.0000  -37.500012211.6025   16.1285
    0.0000   15.0000  -37.500012791.8916   16.1292
    7.5000   15.0000  -37.500012163.7383   16.1120
   -7.5000   22.5000  -37.500011941.5947   16.1368
    0.0000   22.5000  -37.500012532.6123   16.1363
    7.5000   22.5000  -37.500011875.0898   16.1214
   -7.5000   30.0000  -37.500011464.8408   15.9436
    0.0000   30.0000  -37.500012038.0215   15.9495
    7.5000   30.0000  -37.500011417.9619   15.9364
   -7.5000   37.5000  -37.500011323.0293   15.9503
    0.0000   37.5000  -37.500011899.5938   15.9633
    7.5000   37.5000  -37.500011289.1387   15.9490
   -7.5000   45.0000  -37.500010726.1748   15.5367
    0.0000   45.0000  -37.500011269.1846   15.5511
    7.5000   45.0000  -37.500010712.1748   15.5350
   -7.5000  -45.0000  -30.0000 7235.0967   18.1190
    0.0000  -45.0000  -30.0000 7636.1738   18.1402
    7.5000  -45.0000  -30.0000 7341.8555   18.1170
   -7.5000  -37.5000  -30.0000 7899.4209   17.5808
    0.0000  -37.5000  -30.0000 8326.0078   17.5921
    7.5000  -37.5000  -30.0000 7998.7456   17.5679
   -7.5000  -30.0000  -30.0000 8939.5811   17.1749
    0.0000  -30.0000  -30.0000 9404.0986   17.1775
    7.5000  -30.0000  -30.0000 9026.2822   17.1564
   -7.5000  -22.5000  -30.000010030.1602   16.9543
    0.0000  -22.5000  -30.000010544.4844   16.9562
    7.5000  -22.5000  -30.000010097.1133   16.9377
   -7.5000  -15.0000  -30.000011103.7012   16.8989
    0.0000  -15.0000  -30.000011661.0527   16.9075
    7.5000  -15.0000  -30.000011180.1904   16.8898
   -7.5000   -7.5000  -30.000012170.7295   16.8568
    0.0000   -7.5000  -30.000012785.5312   16.8717
    7.5000   -7.5000  -30.000012230.3711   16.8525
   -7.5000    0.0000  -30.000013180.0342   16.8415
    0.0000    0.0000  -30.000013860.1748   16.8573
    7.5000    0.0000  -30.000013231.1982   16.8355
   -7.5000    7.5000  -30.000013160.7852   16.8313
    0.0000    7.5000  -30.000013791.4453   16.8417
    7.5000    7.5000  -30.000013155.2988   16.8200
   -7.5000   15.0000  -30.000013057.5918   16.8296
    0.0000   15.0000  -30.000013664.1084   16.8325
    7.5000   15.0000  -30.000012962.7148   16.8126
   -7.5000   22.5000  -30.000012772.1836   16.8351
    0.0000   22.5000  -30.000013365.2646   16.8372
    7.5000   22.5000  -30.000012651.4854   16.8190
   -7.5000   30.0000  -30.000012285.0381   16.6275
    0.0000   30.0000  -30.000012871.4893   16.6361
    7.5000   30.0000  -30.000012174.8916   16.6189
   -7.5000   37.5000  -30.000012130.9609   16.6268
    0.0000   37.5000  -30.000012724.6953   16.6415
    7.5000   37.5000  -30.000012024.4199   16.6226
   -7.5000   45.0000  -30.000011458.2861   16.2070
    0.0000   45.0000  -30.000012022.2188   16.2222
    7.5000   45.0000  -30.000011391.7412   16.2013
   -7.5000  -45.0000  -22.5000 7667.4702   18.7382
    0.0000  -45.0000  -22.5000 8085.3457   18.7510
    7.5000  -45.0000  -22.5000 7744.1929   18.7248
   -7.5000  -37.5000  -22.5000 8397.2656   18.1778
    0.0000  -37.5000  -22.5000 8832.1270   18.1833
    7.5000  -37.5000  -22.5000 8467.9766   18.1549
   -7.5000  -30.0000  -22.5000 9504.2686   17.7632
    0.0000  -30.0000  -22.5000 9982.2676   17.7616
    7.5000  -30.0000  -22.5000 9567.1895   17.7365
   -7.5000  -22.5000  -22.500010660.1699   17.5403
    0.0000  -22.5000  -22.500011194.8955   17.5370
    7.5000  -22.5000  -22.500010716.7695   17.5169
   -7.5000  -15.0000  -22.500011791.7256   17.4835
    0.0000  -15.0000  -22.500012390.0908   17.4849
    7.5000  -15.0000  -22.500011860.5840   17.4679
   -7.5000   -7.5000  -22.500012928.4990   17.4355
    0.0000   -7.5000  -22.500013588.6338   17.4423
    7.5000   -7.5000  -22.500012996.0322   17.4230
   -7.5000    0.0000  -22.500014019.6846   17.4140
    0.0000    0.0000  -22.500014753.1240   17.4226
    7.5000    0.0000  -22.500014058.2578   17.3984
   -7.5000    7.5000  -22.500014009.2842   17.4027
    0.0000    7.5000  -22.500014687.9756   17.4080
    7.5000    7.5000  -22.500013956.5898   17.3822
   -7.5000   15.0000  -22.500013902.7988   17.4061
    0.0000   15.0000  -22.500014546.5645   17.4050
    7.5000   15.0000  -22.500013768.3740   17.3813
   -7.5000   22.5000  -22.500013614.6045   17.4158
    0.0000   22.5000  -22.500014236.3652   17.4127
    7.5000   22.5000  -22.500013446.8213   17.3930
   -7.5000   30.0000  -22.500013122.4463   17.2052
    0.0000   30.0000  -22.500013737.7373   17.2068
    7.5000   30.0000  -22.500012948.3242   17.1902
   -7.5000   37.5000  -22.500012980.6641   17.2001
    0.0000   37.5000  -22.500013555.4775   17.2070
    7.5000   37.5000  -22.500012779.4160   17.1880
   -7.5000   45.0000  -22.500012220.9844   16.7706
    0.0000   45.0000  -22.500012768.8789   16.7788
    7.5000   45.0000  -22.500012056.3633   16.7555
   -7.5000  -45.0000  -15.0000 8093.4834   19.1758
    0.0000  -45.0000  -15.0000 8521.9746   19.1799
    7.5000  -45.0000  -15.0000 8164.1440   19.1561
   -7.5000  -37.5000  -15.0000 8863.0547   18.5898
    0.0000  -37.5000  -15.0000 9323.2275   18.5881
    7.5000  -37.5000  -15.0000 8915.9189   18.5590
   -7.5000  -30.0000  -15.0000 9997.8506   18.1632
    0.0000  -30.0000  -15.000010514.8857   18.1543
    7.5000  -30.0000  -15.000010050.3809   18.1270
   -7.5000  -22.5000  -15.000011206.0439   17.9413
    0.0000  -22.5000  -15.000011764.7822   17.9297
    7.5000  -22.5000  -15.000011260.3203   17.9100
   -7.5000  -15.0000  -15.000012418.9453   17.8922
    0.0000  -15.0000  -15.000013028.6484   17.8837
    7.5000  -15.0000  -15.000012464.0879   17.8700
   -7.5000   -7.5000  -15.000013624.9043   17.8458
    0.0000   -7.5000  -15.000014288.8525   17.8429
    7.5000   -7.5000  -15.000013659.7754   17.8273
   -7.5000    0.0000  -15.000014843.8223   17.8175
    0.0000    0.0000  -15.000015582.7051   17.8182
    7.5000    0.0000  -15.000014851.8740   17.7958
   -7.5000    7.5000  -15.000014874.9531   17.7975
    0.0000    7.5000  -15.000015566.1689   17.7960
    7.5000    7.5000  -15.000014780.0068   17.7692
   -7.5000   15.0000  -15.000014739.9316   17.7985
    0.0000   15.0000  -15.000015343.1533   17.7905
    7.5000   15.0000  -15.000014540.6543   17.7647
   -7.5000   22.5000  -15.000014445.7227   17.8134
    0.0000   22.5000  -15.000015014.8682   17.8021
    7.5000   22.5000  -15.000014196.8066   17.7828
   -7.5000   30.0000  -15.000013966.5850   17.6100
    0.0000   30.0000  -15.000014537.8896   17.6018
    7.5000   30.0000  -15.000013702.0820   17.5885
   -7.5000   37.5000  -15.000013817.1768   17.6074
    0.0000   37.5000  -15.000014379.0488   17.6046
    7.5000   37.5000  -15.000013523.6865   17.5893
   -7.5000   45.0000  -15.000013010.8008   17.1695
    0.0000   45.0000  -15.000013531.1670   17.1701
    7.5000   45.0000  -15.000012722.0742   17.1486
   -7.5000  -45.0000   -7.5000 8500.9600   19.3916
    0.0000  -45.0000   -7.5000 8939.1182   19.3966
    7.5000  -45.0000   -7.5000 8562.1016   19.3802
   -7.5000  -37.5000   -7.5000 9317.3613   18.7898
    0.0000  -37.5000   -7.5000 9790.9170   18.7873
    7.5000  -37.5000   -7.5000 9356.2393   18.7631
   -7.5000  -30.0000   -7.500010500.6006   18.3495
    0.0000  -30.0000   -7.500011023.2168   18.3379
    7.5000  -30.0000   -7.500010527.2080   18.3137
   -7.5000  -22.5000   -7.500011741.3525   18.1257
    0.0000  -22.5000   -7.500012320.3213   18.1116
    7.5000  -22.5000   -7.500011776.9014   18.0954
   -7.5000  -15.0000   -7.500013006.7158   18.0850
    0.0000  -15.0000   -7.500013639.1934   18.0751
    7.5000  -15.0000   -7.500013016.9971   18.0659
   -7.5000   -7.5000   -7.500014257.8945   18.0467
    0.0000   -7.5000   -7.500014981.9473   18.0438
    7.5000   -7.5000   -7.500014286.0801   18.0339
   -7.5000    0.0000   -7.500015608.4268   18.0182
    0.0000    0.0000   -7.500016425.0039   18.0193
    7.5000    0.0000   -7.500015629.7666   18.0030
   -7.5000    7.5000   -7.500015853.7627   17.9895
    0.0000    7.5000   -7.500016658.0840   17.9869
    7.5000    7.5000   -7.500015747.7139   17.9646
   -7.5000   15.0000   -7.500015783.8018   17.9817
    0.0000   15.0000   -7.500016431.0918   17.9710
    7.5000   15.0000   -7.500015488.7666   17.9482
   -7.5000   22.5000   -7.500015456.7559   17.9949
    0.0000   22.5000   -7.500016022.3555   17.9811
    7.5000   22.5000   -7.500015076.0273   17.9653
   -7.5000   30.0000   -7.500014946.2227   17.7996
    0.0000   30.0000   -7.500015543.2158   17.7900
    7.5000   30.0000   -7.500014566.7891   17.7812
   -7.5000   37.5000   -7.500014738.2021   17.8052
    0.0000   37.5000   -7.500015380.1328   17.8023
    7.5000   37.5000   -7.500014359.3896   17.7927
   -7.5000   45.0000   -7.500013875.2383   17.3661
    0.0000   45.0000   -7.500014497.3760   17.3672
    7.5000   45.0000   -7.500013501.5254   17.3515
   -7.5000  -45.0000    0.0000 8750.8604   19.4352
    0.0000  -45.0000    0.0000 9224.1445   19.4496
    7.5000  -45.0000    0.0000 8818.0830   19.4357
   -7.5000  -37.5000    0.0000 9622.8643   18.8339
    0.0000  -37.5000    0.000010138.5244   18.8380
    7.5000  -37.5000    0.0000 9663.2676   18.8172
   -7.5000  -30.0000    0.000010866.3682   18.3860
    0.0000  -30.0000    0.000011415.8164   18.3794
    7.5000  -30.0000    0.000010881.2852   18.3587
   -7.5000  -22.5000    0.000012182.4062   18.1574
    0.0000  -22.5000    0.000012779.4336   18.1489
    7.5000  -22.5000    0.000012187.3486   18.1345
   -7.5000  -15.0000    0.000013512.4414   18.1178
    0.0000  -15.0000    0.000014128.5127   18.1155
    7.5000  -15.0000    0.000013499.5137   18.1061
   -7.5000   -7.5000    0.000014841.8838   18.0851
    0.0000   -7.5000    0.000015503.9102   18.0909
    7.5000   -7.5000    0.000014855.9590   18.0811
   -7.5000    0.0000    0.000016280.0361   18.0615
    0.0000    0.0000    0.000017168.6094   18.0708
    7.5000    0.0000    0.000016328.6680   18.0564
   -7.5000    7.5000    0.000016747.3730   18.0316
    0.0000    7.5000    0.000017862.0176   18.0351
    7.5000    7.5000    0.000016711.7949   18.0160
   -7.5000   15.0000    0.000016943.5039   18.0175
    0.0000   15.0000    0.000018014.0020   18.0116
    7.5000   15.0000    0.000016638.1875   17.9921
   -7.5000   22.5000    0.000016587.2031   18.0265
    0.0000   22.5000    0.000017453.0547   18.0183
    7.5000   22.5000    0.000016124.0703   18.0043
   -7.5000   30.0000    0.000015838.8896   17.8325
    0.0000   30.0000    0.000016665.2793   17.8304
    7.5000   30.0000    0.000015412.0625   17.8214
   -7.5000   37.5000    0.000015515.3535   17.8436
    0.0000   37.5000    0.000016361.1279   17.8493
    7.5000   37.5000    0.000015118.4316   17.8397
   -7.5000   45.0000    0.000014576.4248   17.4092
    0.0000   45.0000    0.000015324.6904   17.4181
    7.5000   45.0000    0.000014166.9434   17.4043
   -7.5000  -45.0000    7.5000 8362.3379   19.4487
    0.0000  -45.0000    7.5000 8811.6025   19.4718
    7.5000  -45.0000    7.5000 8430.4814   19.4524
   -7.5000  -37.5000    7.5000 9222.0410   18.8602
    0.0000  -37.5000    7.5000 9718.6113   18.8716
    7.5000  -37.5000    7.5000 9268.6338   18.8489
   -7.5000  -30.0000    7.500010425.9248   18.4155
    0.0000  -30.0000    7.500010962.6377   18.4159
    7.5000  -30.0000    7.500010450.3535   18.3953
   -7.5000  -22.5000    7.500011696.5703   18.1808
    0.0000  -22.5000    7.500012283.9336   18.1800
    7.5000  -22.5000    7.500011708.9160   18.1629
   -7.5000  -15.0000    7.500012994.5332   18.1316
    0.0000  -15.0000    7.500013646.1182   18.1382
    7.5000  -15.0000    7.500012973.5449   18.1229
   -7.5000   -7.5000    7.500014324.2109   18.0949
    0.0000   -7.5000    7.500015065.8057   18.1096
    7.5000   -7.5000    7.500014302.2734   18.0933
   -7.5000    0.0000    7.500015759.5244   18.0771
    0.0000    0.0000    7.500016739.1523   18.0938
    7.5000    0.0000    7.500015721.8682   18.0750
   -7.5000    7.5000    7.500016257.9912   18.0564
    0.0000    7.5000    7.500017594.0000   18.0666
    7.5000    7.5000    7.500016072.0352   18.0462
   -7.5000   15.0000    7.500016464.5723   18.0458
    0.0000   15.0000    7.500017855.7246   18.0466
    7.5000   15.0000    7.500016119.4043   18.0272
   -7.5000   22.5000    7.500015983.6553   18.0494
    0.0000   22.5000    7.500017222.9766   18.0488
    7.5000   22.5000    7.500015691.4316   18.0321
   -7.5000   30.0000    7.500015132.4688   17.8459
    0.0000   30.0000    7.500016204.8340   17.8526
    7.5000   30.0000    7.500014916.7227   17.8378
   -7.5000   37.5000    7.500014860.6621   17.8532
    0.0000   37.5000    7.500015801.6396   17.8677
    7.5000   37.5000    7.500014576.5576   17.8517
   -7.5000   45.0000    7.500013990.3311   17.4242
    0.0000   45.0000    7.500014745.9082   17.4404
    7.5000   45.0000    7.500013652.5361   17.4222
   -7.5000  -45.0000   15.0000 7857.2808   19.4889
    0.0000  -45.0000   15.0000 8309.3838   19.5114
    7.5000  -45.0000   15.0000 7906.5205   19.4857
   -7.5000  -37.5000   15.0000 8716.9277   18.9095
    0.0000  -37.5000   15.0000 9240.3232   18.9213
    7.5000  -37.5000   15.0000 8725.3535   18.8946
   -7.5000  -30.0000   15.0000 9892.5674   18.4727
    0.0000  -30.0000   15.000010475.8516   18.4752
    7.5000  -30.0000   15.0000 9861.7939   18.4518
   -7.5000  -22.5000   15.000011129.5195   18.2354
    0.0000  -22.5000   15.000011778.2480   18.2371
    7.5000  -22.5000   15.000011080.8906   18.2165
   -7.5000  -15.0000   15.000012353.6084   18.1755
    0.0000  -15.0000   15.000013036.2900   18.1845
    7.5000  -15.0000   15.000012296.2568   18.1647
   -7.5000   -7.5000   15.000013625.4053   18.1298
    0.0000   -7.5000   15.000014333.0869   18.1455
    7.5000   -7.5000   15.000013554.3105   18.1241
   -7.5000    0.0000   15.000015007.2021   18.1129
    0.0000    0.0000   15.000015802.7275   18.1296
    7.5000    0.0000   15.000014861.7607   18.1055
   -7.5000    7.5000   15.000015371.9375   18.1021
    0.0000    7.5000   15.000016337.9834   18.1130
    7.5000    7.5000   15.000015083.6543   18.0890
   -7.5000   15.0000   15.000015274.4443   18.1008
    0.0000   15.0000   15.000016278.3555   18.1036
    7.5000   15.0000   15.000015008.8125   18.0815
   -7.5000   22.5000   15.000014738.1318   18.1030
    0.0000   22.5000   15.000015650.5947   18.1049
    7.5000   22.5000   15.000014637.2549   18.0847
   -7.5000   30.0000   15.000014099.5156   17.8888
    0.0000   30.0000   15.000014947.1885   17.8978
    7.5000   30.0000   15.000014031.8506   17.8785
   -7.5000   37.5000   15.000013991.3389   17.8876
    0.0000   37.5000   15.000014758.9307   17.9032
    7.5000   37.5000   15.000013796.3506   17.8821
   -7.5000   45.0000   15.000013217.9551   17.4588
    0.0000   45.0000   15.000013861.3047   17.4748
    7.5000   45.0000   15.000012944.5527   17.4517
   -7.5000  -45.0000   22.5000 7256.1372   19.5917
    0.0000  -45.0000   22.5000 7700.2661   19.6046
    7.5000  -45.0000   22.5000 7260.1011   19.5751
   -7.5000  -37.5000   22.5000 8107.4927   19.0039
    0.0000  -37.5000   22.5000 8612.7822   19.0092
    7.5000  -37.5000   22.5000 8068.4199   18.9776
   -7.5000  -30.0000   22.5000 9230.4326   18.5686
    0.0000  -30.0000   22.5000 9767.1318   18.5663
    7.5000  -30.0000   22.5000 9174.5029   18.5382
   -7.5000  -22.5000   22.500010351.6309   18.3343
    0.0000  -22.5000   22.500010927.5000   18.3302
    7.5000  -22.5000   22.500010289.4189   18.3073
   -7.5000  -15.0000   22.500011479.3252   18.2739
    0.0000  -15.0000   22.500012066.2275   18.2748
    7.5000  -15.0000   22.500011383.1445   18.2552
   -7.5000   -7.5000   22.500012638.6709   18.2223
    0.0000   -7.5000   22.500013223.2100   18.2290
    7.5000   -7.5000   22.500012539.5938   18.2071
   -7.5000    0.0000   22.500013867.5654   18.1993
    0.0000    0.0000   22.500014499.5820   18.2079
    7.5000    0.0000   22.500013724.8496   18.1809
   -7.5000    7.5000   22.500014057.9023   18.1881
    0.0000    7.5000   22.500014838.5967   18.1932
    7.5000    7.5000   22.500013887.2676   18.1645
   -7.5000   15.0000   22.500013866.0186   18.1927
    0.0000   15.0000   22.500014642.7891   18.1910
    7.5000   15.0000   22.500013812.2959   18.1645
   -7.5000   22.5000   22.500013465.0361   18.2005
    0.0000   22.5000   22.500014153.5898   18.1967
    7.5000   22.5000   22.500013478.1670   18.1742
   -7.5000   30.0000   22.500013018.1357   17.9852
    0.0000   30.0000   22.500013638.6445   17.9862
    7.5000   30.0000   22.500012970.6152   17.9672
   -7.5000   37.5000   22.500012990.8066   17.9789
    0.0000   37.5000   22.500013574.2637   17.9855
    7.5000   37.5000   22.500012844.3047   17.9640
   -7.5000   45.0000   22.500012342.1787   17.5421
    0.0000   45.0000   22.500012846.5586   17.5503
    7.5000   45.0000   22.500012106.9951   17.5243
   -7.5000  -45.0000   30.0000 6651.8281   19.9937
    0.0000  -45.0000   30.0000 7017.0928   19.9976
    7.5000  -45.0000   30.0000 6640.7920   19.9689
   -7.5000  -37.5000   30.0000 7441.5220   19.3718
    0.0000  -37.5000   30.0000 7841.6953   19.3699
    7.5000  -37.5000   30.0000 7385.0210   19.3358
   -7.5000  -30.0000   30.0000 8457.6338   18.9155
    0.0000  -30.0000   30.0000 8888.4688   18.9061
    7.5000  -30.0000   30.0000 8407.1113   18.8745
   -7.5000  -22.5000   30.0000 9496.3975   18.6782
    0.0000  -22.5000   30.0000 9963.3330   18.6658
    7.5000  -22.5000   30.0000 9455.0801   18.6426
   -7.5000  -15.0000   30.000010537.6514   18.6252
    0.0000  -15.0000   30.000011020.5225   18.6160
    7.5000  -15.0000   30.000010503.2559   18.5992
   -7.5000   -7.5000   30.000011613.6973   18.5751
    0.0000   -7.5000   30.000012103.7803   18.5717
    7.5000   -7.5000   30.000011578.8643   18.5526
   -7.5000    0.0000   30.000012747.9277   18.5449
    0.0000    0.0000   30.000013292.1807   18.5454
    7.5000    0.0000   30.000012665.6250   18.5187
   -7.5000    7.5000   30.000012872.0938   18.5241
    0.0000    7.5000   30.000013525.7812   18.5224
    7.5000    7.5000   30.000012809.2090   18.4911
   -7.5000   15.0000   30.000012692.0889   18.5256
    0.0000   15.0000   30.000013302.2686   18.5170
    7.5000   15.0000   30.000012720.1436   18.4872
   -7.5000   22.5000   30.000012391.4248   18.5397
    0.0000   22.5000   30.000012937.2783   18.5276
    7.5000   22.5000   30.000012395.0547   18.5049
   -7.5000   30.0000   30.000012022.4648   18.3300
    0.0000   30.0000   30.000012530.5625   18.3211
    7.5000   30.0000   30.000011961.9121   18.3049
   -7.5000   37.5000   30.000011983.7432   18.3268
    0.0000   37.5000   30.000012506.0234   18.3235
    7.5000   37.5000   30.000011874.8955   18.3047
   -7.5000   45.0000   30.000011421.8711   17.8752
    0.0000   45.0000   30.000011892.2510   17.8756
    7.5000   45.0000   30.000011256.9473   17.8499
   -7.5000  -45.0000   37.5000 6328.9219   20.5888
    0.0000  -45.0000   37.5000 6650.9678   20.5947
    7.5000  -45.0000   37.5000 6315.9160   20.5725
   -7.5000  -37.5000   37.5000 7075.5728   19.9246
    0.0000  -37.5000   37.5000 7419.8682   19.9223
    7.5000  -37.5000   37.5000 7029.0913   19.8916
   -7.5000  -30.0000   37.5000 8041.3247   19.4302
    0.0000  -30.0000   37.5000 8424.9297   19.4183
    7.5000  -30.0000   37.5000 8008.9854   19.3881
   -7.5000  -22.5000   37.5000 9032.2217   19.1794
    0.0000  -22.5000   37.5000 9470.2754   19.1650
    7.5000  -22.5000   37.5000 9030.7090   19.1441
   -7.5000  -15.0000   37.500010062.8066   19.1339
    0.0000  -15.0000   37.500010516.6787   19.1241
    7.5000  -15.0000   37.500010062.6357   19.1113
   -7.5000   -7.5000   37.500011098.7822   19.0922
    0.0000   -7.5000   37.500011583.9561   19.0897
    7.5000   -7.5000   37.500011111.4893   19.0759
   -7.5000    0.0000   37.500012182.2441   19.0612
    0.0000    0.0000   37.500012726.9395   19.0628
    7.5000    0.0000   37.500012172.7783   19.0414
   -7.5000    7.5000   37.500012289.9043   19.0288
    0.0000    7.5000   37.500012882.0303   19.0264
    7.5000    7.5000   37.500012273.6641   18.9982
   -7.5000   15.0000   37.500012118.6602   19.0192
    0.0000   15.0000   37.500012683.5059   19.0082
    7.5000   15.0000   37.500012153.7295   18.9797
   -7.5000   22.5000   37.500011848.7725   19.0338
    0.0000   22.5000   37.500012359.9258   19.0197
    7.5000   22.5000   37.500011842.4629   18.9994
   -7.5000   30.0000   37.500011498.0088   18.8294
    0.0000   30.0000   37.500011984.8994   18.8200
    7.5000   30.0000   37.500011466.0312   18.8077
   -7.5000   37.5000   37.500011492.1650   18.8367
    0.0000   37.5000   37.500011980.3115   18.8343
    7.5000   37.5000   37.500011429.6631   18.8207
   -7.5000   45.0000   37.500010964.4854   18.3728
    0.0000   45.0000   37.500011419.4004   18.3743
    7.5000   45.0000   37.500010851.8281   18.3537
   -7.5000  -45.0000   45.0000 5801.4106   21.3299
    0.0000  -45.0000   45.0000 6084.9976   21.3473
    7.5000  -45.0000   45.0000 5767.7539   21.3246
   -7.5000  -37.5000   45.0000 6494.2793   20.6292
    0.0000  -37.5000   45.0000 6811.3013   20.6343
    7.5000  -37.5000   45.0000 6454.6875   20.6043
   -7.5000  -30.0000   45.0000 7392.2925   20.0967
    0.0000  -30.0000   45.0000 7745.1597   20.0889
    7.5000  -30.0000   45.0000 7354.8223   20.0604
   -7.5000  -22.5000   45.0000 8319.4404   19.8233
    0.0000  -22.5000   45.0000 8730.1523   19.8136
    7.5000  -22.5000   45.0000 8327.5771   19.7927
   -7.5000  -15.0000   45.0000 9261.1953   19.7716
    0.0000  -15.0000   45.0000 9698.1074   19.7694
    7.5000  -15.0000   45.0000 9277.3076   19.7538
   -7.5000   -7.5000   45.000010237.2910   19.7260
    0.0000   -7.5000   45.000010713.5713   19.7333
    7.5000   -7.5000   45.000010248.5381   19.7167
   -7.5000    0.0000   45.000011232.1768   19.6957
    0.0000    0.0000   45.000011753.6338   19.7069
    7.5000    0.0000   45.000011225.6348   19.6848
   -7.5000    7.5000   45.000011302.9795   19.6652
    0.0000    7.5000   45.000011835.3164   19.6694
    7.5000    7.5000   45.000011312.3984   19.6422
   -7.5000   15.0000   45.000011141.8096   19.6545
    0.0000   15.0000   45.000011650.2002   19.6474
    7.5000   15.0000   45.000011172.8086   19.6206
   -7.5000   22.5000   45.000010903.5986   19.6671
    0.0000   22.5000   45.000011387.9912   19.6577
    7.5000   22.5000   45.000010901.8027   19.6375
   -7.5000   30.0000   45.000010585.1650   19.4532
    0.0000   30.0000   45.000011055.4531   19.4512
    7.5000   30.0000   45.000010564.6621   19.4362
   -7.5000   37.5000   45.000010601.2549   19.4601
    0.0000   37.5000   45.000011050.6475   19.4673
    7.5000   37.5000   45.000010549.0137   19.4510
   -7.5000   45.0000   45.000010114.4805   18.9929
    0.0000   45.0000   45.000010546.0850   19.0038
    7.5000   45.0000   45.000010042.8037   18.9824

---------------------------------------------------------------------
imgreg_4dfp /opt/freesurfer/average/711-2C_as_mni_average_305 /opt/freesurfer/average/711-2B_as_mni_average_305_mask talsrcimg_g11 none talsrcimg_to_711-2C_as_mni_average_305_t4 4355
---------------------------------------------------------------------

freesurfer imgreg_4dfp.c
/opt/freesurfer/average/711-2C_as_mni_average_305.4dfp.img
       256       256       256         1
  1.000000  1.000000  1.000000
orientation T byte_order littleendian
Reading image: /opt/freesurfer/average/711-2C_as_mni_average_305.4dfp.img
dimensions:      256       256       256
mmppix:       1.0000   -1.0000   -1.0000
center:     128.0000 -129.0000 -129.0000
/opt/freesurfer/average/711-2B_as_mni_average_305_mask.4dfp.img
       256       256       256         1
  1.000000  1.000000  1.000000
orientation T byte_order littleendian
Reading mask: /opt/freesurfer/average/711-2B_as_mni_average_305_mask.4dfp.img (2306576 pixels)
talsrcimg_g11.4dfp.img
       256       256       256         1
  1.000000  1.000000  1.000000
orientation T byte_order littleendian
Reading image: talsrcimg_g11.4dfp.img
dimensions:      256       256       256
mmppix:       1.0000   -1.0000   -1.0000
center:     128.0000 -129.0000 -129.0000
rotation matrix determinant  1.000000
image alignment mode   4355 decimal     1103 hex
   -7.5000  -30.0000  -45.0000 2135.1956   21.5440
    0.0000  -30.0000  -45.0000 2159.9980   21.4134
    7.5000  -30.0000  -45.0000 2163.1565   21.3871
   -7.5000  -22.5000  -45.0000 2249.0471   19.6138
    0.0000  -22.5000  -45.0000 2272.0413   19.4987
    7.5000  -22.5000  -45.0000 2271.2927   19.4640
   -7.5000  -15.0000  -45.0000 2334.9546   18.0479
    0.0000  -15.0000  -45.0000 2359.0798   17.9500
    7.5000  -15.0000  -45.0000 2353.1472   17.9134
   -7.5000   -7.5000  -45.0000 2406.9165   16.9334
    0.0000   -7.5000  -45.0000 2427.6277   16.7849
    7.5000   -7.5000  -45.0000 2419.7178   16.7723
   -7.5000    0.0000  -45.0000 2442.4565   16.1856
    0.0000    0.0000  -45.0000 2464.7097   16.0437
    7.5000    0.0000  -45.0000 2453.0571   16.0222
   -7.5000    7.5000  -45.0000 2465.5007   15.7237
    0.0000    7.5000  -45.0000 2484.0647   15.5632
    7.5000    7.5000  -45.0000 2469.7527   15.5445
   -7.5000   15.0000  -45.0000 2473.8235   15.6183
    0.0000   15.0000  -45.0000 2488.5820   15.4095
    7.5000   15.0000  -45.0000 2475.4844   15.4126
   -7.5000   22.5000  -45.0000 2474.5610   15.7839
    0.0000   22.5000  -45.0000 2492.4651   15.5863
    7.5000   22.5000  -45.0000 2474.3911   15.5808
   -7.5000   30.0000  -45.0000 2451.7278   16.2087
    0.0000   30.0000  -45.0000 2471.0796   16.0321
    7.5000   30.0000  -45.0000 2456.6365   16.0643
   -7.5000   37.5000  -45.0000 2412.0176   16.9179
    0.0000   37.5000  -45.0000 2438.7463   16.7898
    7.5000   37.5000  -45.0000 2420.5640   16.8586
   -7.5000   45.0000  -45.0000 2356.4070   17.8494
    0.0000   45.0000  -45.0000 2379.7251   17.8050
    7.5000   45.0000  -45.0000 2362.0332   17.8771
   -7.5000   52.5000  -45.0000 2261.0298   18.9643
    0.0000   52.5000  -45.0000 2280.6851   18.9250
    7.5000   52.5000  -45.0000 2263.4153   18.9955
   -7.5000   60.0000  -45.0000 2119.0293   20.1456
    0.0000   60.0000  -45.0000 2132.4624   20.1065
    7.5000   60.0000  -45.0000 2116.2805   20.2244
   -7.5000  -30.0000  -37.5000 2192.4670   20.5774
    0.0000  -30.0000  -37.5000 2222.1936   20.4426
    7.5000  -30.0000  -37.5000 2223.4302   20.4381
   -7.5000  -22.5000  -37.5000 2312.8511   18.6721
    0.0000  -22.5000  -37.5000 2340.1838   18.5913
    7.5000  -22.5000  -37.5000 2341.0833   18.5701
   -7.5000  -15.0000  -37.5000 2408.1292   17.1696
    0.0000  -15.0000  -37.5000 2433.5564   17.0839
    7.5000  -15.0000  -37.5000 2431.7354   17.0649
   -7.5000   -7.5000  -37.5000 2482.8687   16.0197
    0.0000   -7.5000  -37.5000 2508.2161   15.8859
    7.5000   -7.5000  -37.5000 2503.6716   15.8516
   -7.5000    0.0000  -37.5000 2534.6333   15.2044
    0.0000    0.0000  -37.5000 2550.4031   15.0560
    7.5000    0.0000  -37.5000 2543.3093   15.0478
   -7.5000    7.5000  -37.5000 2561.7358   14.7603
    0.0000    7.5000  -37.5000 2573.6606   14.5915
    7.5000    7.5000  -37.5000 2562.4675   14.5923
   -7.5000   15.0000  -37.5000 2572.3442   14.6242
    0.0000   15.0000  -37.5000 2580.7588   14.4503
    7.5000   15.0000  -37.5000 2564.8691   14.4618
   -7.5000   22.5000  -37.5000 2567.2595   14.7673
    0.0000   22.5000  -37.5000 2580.2952   14.5907
    7.5000   22.5000  -37.5000 2563.5710   14.5965
   -7.5000   30.0000  -37.5000 2542.2471   15.1225
    0.0000   30.0000  -37.5000 2559.5625   14.9609
    7.5000   30.0000  -37.5000 2549.3362   15.0063
   -7.5000   37.5000  -37.5000 2507.2300   15.7198
    0.0000   37.5000  -37.5000 2531.2019   15.5930
    7.5000   37.5000  -37.5000 2517.5608   15.6695
   -7.5000   45.0000  -37.5000 2451.0759   16.5770
    0.0000   45.0000  -37.5000 2472.1887   16.5172
    7.5000   45.0000  -37.5000 2457.7280   16.6210
   -7.5000   52.5000  -37.5000 2348.1794   17.5978
    0.0000   52.5000  -37.5000 2369.5828   17.5493
    7.5000   52.5000  -37.5000 2352.8662   17.6544
   -7.5000   60.0000  -37.5000 2199.3826   18.6802
    0.0000   60.0000  -37.5000 2218.0574   18.6720
    7.5000   60.0000  -37.5000 2201.5215   18.7765
   -7.5000  -30.0000  -30.0000 2282.7344   20.4404
    0.0000  -30.0000  -30.0000 2310.7637   20.2767
    7.5000  -30.0000  -30.0000 2311.7402   20.2954
   -7.5000  -22.5000  -30.0000 2410.7129   18.5498
    0.0000  -22.5000  -30.0000 2435.5535   18.3644
    7.5000  -22.5000  -30.0000 2435.5735   18.3744
   -7.5000  -15.0000  -30.0000 2512.7974   16.9791
    0.0000  -15.0000  -30.0000 2532.4392   16.8083
    7.5000  -15.0000  -30.0000 2531.8062   16.7944
   -7.5000   -7.5000  -30.0000 2590.4929   15.7478
    0.0000   -7.5000  -30.0000 2610.1663   15.5613
    7.5000   -7.5000  -30.0000 2605.7693   15.5346
   -7.5000    0.0000  -30.0000 2645.1196   14.8167
    0.0000    0.0000  -30.0000 2666.0764   14.6642
    7.5000    0.0000  -30.0000 2660.2039   14.6309
   -7.5000    7.5000  -30.0000 2679.4404   14.2875
    0.0000    7.5000  -30.0000 2696.9773   14.1399
    7.5000    7.5000  -30.0000 2691.7158   14.1432
   -7.5000   15.0000  -30.0000 2703.2358   14.1369
    0.0000   15.0000  -30.0000 2711.7783   13.9856
    7.5000   15.0000  -30.0000 2696.3049   13.9938
   -7.5000   22.5000  -30.0000 2704.3840   14.2797
    0.0000   22.5000  -30.0000 2710.2490   14.1135
    7.5000   22.5000  -30.0000 2694.4211   14.1382
   -7.5000   30.0000  -30.0000 2684.1313   14.6401
    0.0000   30.0000  -30.0000 2695.9299   14.4813
    7.5000   30.0000  -30.0000 2682.2166   14.5177
   -7.5000   37.5000  -30.0000 2647.8699   15.2085
    0.0000   37.5000  -30.0000 2666.9219   15.0559
    7.5000   37.5000  -30.0000 2649.8459   15.1461
   -7.5000   45.0000  -30.0000 2587.4578   16.0004
    0.0000   45.0000  -30.0000 2601.2739   15.8962
    7.5000   45.0000  -30.0000 2590.3579   15.9956
   -7.5000   52.5000  -30.0000 2477.9053   16.9667
    0.0000   52.5000  -30.0000 2489.5996   16.8891
    7.5000   52.5000  -30.0000 2478.7078   17.0030
   -7.5000   60.0000  -30.0000 2325.6367   18.0460
    0.0000   60.0000  -30.0000 2338.0701   17.9823
    7.5000   60.0000  -30.0000 2323.2151   18.0742
   -7.5000  -30.0000  -22.5000 2338.2996   20.0902
    0.0000  -30.0000  -22.5000 2364.2278   19.9012
    7.5000  -30.0000  -22.5000 2361.4429   19.9491
   -7.5000  -22.5000  -22.5000 2467.4846   18.1818
    0.0000  -22.5000  -22.5000 2493.0444   17.9794
    7.5000  -22.5000  -22.5000 2492.5681   17.9939
   -7.5000  -15.0000  -22.5000 2570.7146   16.6017
    0.0000  -15.0000  -22.5000 2594.7876   16.3905
    7.5000  -15.0000  -22.5000 2595.2415   16.3988
   -7.5000   -7.5000  -22.5000 2655.3354   15.3323
    0.0000   -7.5000  -22.5000 2678.9075   15.1076
    7.5000   -7.5000  -22.5000 2677.3523   15.0997
   -7.5000    0.0000  -22.5000 2721.1257   14.3749
    0.0000    0.0000  -22.5000 2747.7153   14.1943
    7.5000    0.0000  -22.5000 2740.5166   14.1507
   -7.5000    7.5000  -22.5000 2764.3169   13.8013
    0.0000    7.5000  -22.5000 2786.1821   13.5901
    7.5000    7.5000  -22.5000 2776.1011   13.5879
   -7.5000   15.0000  -22.5000 2797.6211   13.5984
    0.0000   15.0000  -22.5000 2809.9446   13.3818
    7.5000   15.0000  -22.5000 2794.1897   13.3815
   -7.5000   22.5000  -22.5000 2808.8286   13.7205
    0.0000   22.5000  -22.5000 2814.3457   13.5117
    7.5000   22.5000  -22.5000 2797.0081   13.5309
   -7.5000   30.0000  -22.5000 2792.0906   14.0884
    0.0000   30.0000  -22.5000 2804.6206   13.9018
    7.5000   30.0000  -22.5000 2782.2998   13.9321
   -7.5000   37.5000  -22.5000 2760.2358   14.6647
    0.0000   37.5000  -22.5000 2769.6665   14.4644
    7.5000   37.5000  -22.5000 2748.5664   14.5329
   -7.5000   45.0000  -22.5000 2694.4290   15.3935
    0.0000   45.0000  -22.5000 2703.8311   15.2534
    7.5000   45.0000  -22.5000 2687.2346   15.3273
   -7.5000   52.5000  -22.5000 2580.9717   16.2890
    0.0000   52.5000  -22.5000 2589.8069   16.1807
    7.5000   52.5000  -22.5000 2577.1350   16.2820
   -7.5000   60.0000  -22.5000 2421.5557   17.3213
    0.0000   60.0000  -22.5000 2430.8462   17.2116
    7.5000   60.0000  -22.5000 2417.9468   17.3256
   -7.5000  -30.0000  -15.0000 2345.0571   19.7847
    0.0000  -30.0000  -15.0000 2375.5569   19.5199
    7.5000  -30.0000  -15.0000 2373.0300   19.6037
   -7.5000  -22.5000  -15.0000 2473.0999   17.8116
    0.0000  -22.5000  -15.0000 2504.0911   17.5733
    7.5000  -22.5000  -15.0000 2500.0100   17.6168
   -7.5000  -15.0000  -15.0000 2584.3052   16.2481
    0.0000  -15.0000  -15.0000 2609.4866   15.9990
    7.5000  -15.0000  -15.0000 2608.8191   16.0229
   -7.5000   -7.5000  -15.0000 2677.3691   14.9764
    0.0000   -7.5000  -15.0000 2698.3525   14.7340
    7.5000   -7.5000  -15.0000 2696.6255   14.7314
   -7.5000    0.0000  -15.0000 2756.8142   14.0395
    0.0000    0.0000  -15.0000 2779.3083   13.7970
    7.5000    0.0000  -15.0000 2771.8713   13.7826
   -7.5000    7.5000  -15.0000 2813.9802   13.4148
    0.0000    7.5000  -15.0000 2830.3491   13.1279
    7.5000    7.5000  -15.0000 2816.8381   13.1401
   -7.5000   15.0000  -15.0000 2852.7751   13.1315
    0.0000   15.0000  -15.0000 2857.9321   12.8429
    7.5000   15.0000  -15.0000 2844.3032   12.8799
   -7.5000   22.5000  -15.0000 2872.7947   13.2144
    0.0000   22.5000  -15.0000 2869.5378   12.9270
    7.5000   22.5000  -15.0000 2854.8569   12.9864
   -7.5000   30.0000  -15.0000 2861.7639   13.5954
    0.0000   30.0000  -15.0000 2863.2053   13.3421
    7.5000   30.0000  -15.0000 2843.7249   13.4094
   -7.5000   37.5000  -15.0000 2829.6292   14.1629
    0.0000   37.5000  -15.0000 2828.1130   13.9322
    7.5000   37.5000  -15.0000 2810.6440   14.0080
   -7.5000   45.0000  -15.0000 2763.9705   14.8576
    0.0000   45.0000  -15.0000 2763.0337   14.6529
    7.5000   45.0000  -15.0000 2748.5405   14.7716
   -7.5000   52.5000  -15.0000 2651.2896   15.6784
    0.0000   52.5000  -15.0000 2653.7446   15.5139
    7.5000   52.5000  -15.0000 2640.1794   15.6665
   -7.5000   60.0000  -15.0000 2487.6094   16.6945
    0.0000   60.0000  -15.0000 2494.7449   16.5142
    7.5000   60.0000  -15.0000 2476.9612   16.6750
   -7.5000  -30.0000   -7.5000 2334.0398   19.6920
    0.0000  -30.0000   -7.5000 2361.8716   19.4024
    7.5000  -30.0000   -7.5000 2366.1182   19.4453
   -7.5000  -22.5000   -7.5000 2461.6367   17.6353
    0.0000  -22.5000   -7.5000 2485.6111   17.3501
    7.5000  -22.5000   -7.5000 2490.3218   17.3982
   -7.5000  -15.0000   -7.5000 2574.8628   16.0252
    0.0000  -15.0000   -7.5000 2593.1699   15.7745
    7.5000  -15.0000   -7.5000 2597.2295   15.7913
   -7.5000   -7.5000   -7.5000 2667.2646   14.7482
    0.0000   -7.5000   -7.5000 2685.4873   14.5180
    7.5000   -7.5000   -7.5000 2689.1243   14.5133
   -7.5000    0.0000   -7.5000 2758.1140   13.8170
    0.0000    0.0000   -7.5000 2772.5042   13.6177
    7.5000    0.0000   -7.5000 2773.3674   13.5884
   -7.5000    7.5000   -7.5000 2839.0217   13.2617
    0.0000    7.5000   -7.5000 2855.2151   13.0483
    7.5000    7.5000   -7.5000 2846.0962   13.0106
   -7.5000   15.0000   -7.5000 2890.6233   12.9623
    0.0000   15.0000   -7.5000 2900.3347   12.6787
    7.5000   15.0000   -7.5000 2880.5676   12.7075
   -7.5000   22.5000   -7.5000 2917.7461   12.8928
    0.0000   22.5000   -7.5000 2910.0498   12.5970
    7.5000   22.5000   -7.5000 2892.2493   12.6972
   -7.5000   30.0000   -7.5000 2907.8953   13.2071
    0.0000   30.0000   -7.5000 2904.6721   12.9756
    7.5000   30.0000   -7.5000 2885.4746   13.0492
   -7.5000   37.5000   -7.5000 2870.6614   13.7270
    0.0000   37.5000   -7.5000 2868.7798   13.5455
    7.5000   37.5000   -7.5000 2856.9146   13.6093
   -7.5000   45.0000   -7.5000 2809.9739   14.3878
    0.0000   45.0000   -7.5000 2810.0364   14.2482
    7.5000   45.0000   -7.5000 2796.5107   14.3413
   -7.5000   52.5000   -7.5000 2695.2688   15.1959
    0.0000   52.5000   -7.5000 2700.0889   15.0890
    7.5000   52.5000   -7.5000 2686.9854   15.2214
   -7.5000   60.0000   -7.5000 2529.7380   16.2083
    0.0000   60.0000   -7.5000 2537.8059   16.0697
    7.5000   60.0000   -7.5000 2523.7327   16.2279
   -7.5000  -30.0000    0.0000 2306.4316   19.8321
    0.0000  -30.0000    0.0000 2330.4092   19.5425
    7.5000  -30.0000    0.0000 2329.6548   19.5762
   -7.5000  -22.5000    0.0000 2433.0474   17.7260
    0.0000  -22.5000    0.0000 2450.6365   17.4402
    7.5000  -22.5000    0.0000 2453.7219   17.5136
   -7.5000  -15.0000    0.0000 2544.7571   16.1128
    0.0000  -15.0000    0.0000 2556.3105   15.8374
    7.5000  -15.0000    0.0000 2559.0723   15.8965
   -7.5000   -7.5000    0.0000 2648.4377   14.8585
    0.0000   -7.5000    0.0000 2655.8213   14.5911
    7.5000   -7.5000    0.0000 2661.7354   14.6666
   -7.5000    0.0000    0.0000 2749.9961   13.9399
    0.0000    0.0000    0.0000 2759.8252   13.7356
    7.5000    0.0000    0.0000 2768.0525   13.7588
   -7.5000    7.5000    0.0000 2854.0042   13.3942
    0.0000    7.5000    0.0000 2877.4124   13.3327
    7.5000    7.5000    0.0000 2866.4150   13.2179
   -7.5000   15.0000    0.0000 2918.5706   13.1235
    0.0000   15.0000    0.0000 2955.3237   13.0899
    7.5000   15.0000    0.0000 2914.3911   12.9364
   -7.5000   22.5000    0.0000 2946.1428   12.9362
    0.0000   22.5000    0.0000 2959.9006   12.8162
    7.5000   22.5000    0.0000 2924.8025   12.7963
   -7.5000   30.0000    0.0000 2932.8845   13.0045
    0.0000   30.0000    0.0000 2944.1074   12.8869
    7.5000   30.0000    0.0000 2908.6418   12.9117
   -7.5000   37.5000    0.0000 2895.4482   13.4057
    0.0000   37.5000    0.0000 2902.7861   13.3205
    7.5000   37.5000    0.0000 2877.6992   13.3656
   -7.5000   45.0000    0.0000 2832.2983   14.0534
    0.0000   45.0000    0.0000 2836.0415   14.0092
    7.5000   45.0000    0.0000 2816.1880   14.0800
   -7.5000   52.5000    0.0000 2715.4902   14.9191
    0.0000   52.5000    0.0000 2723.6152   14.8755
    7.5000   52.5000    0.0000 2703.7812   14.9557
   -7.5000   60.0000    0.0000 2548.1931   15.9057
    0.0000   60.0000    0.0000 2561.4512   15.8722
    7.5000   60.0000    0.0000 2540.9143   15.9617
   -7.5000  -30.0000    7.5000 2269.2878   20.2765
    0.0000  -30.0000    7.5000 2287.8813   19.9626
    7.5000  -30.0000    7.5000 2294.0918   20.1124
   -7.5000  -22.5000    7.5000 2393.8220   18.1590
    0.0000  -22.5000    7.5000 2406.4067   17.8883
    7.5000  -22.5000    7.5000 2415.3025   18.0093
   -7.5000  -15.0000    7.5000 2505.5659   16.5403
    0.0000  -15.0000    7.5000 2517.4165   16.3245
    7.5000  -15.0000    7.5000 2521.5295   16.3843
   -7.5000   -7.5000    7.5000 2618.7246   15.2741
    0.0000   -7.5000    7.5000 2639.5076   15.1221
    7.5000   -7.5000    7.5000 2633.5305   15.1429
   -7.5000    0.0000    7.5000 2731.9727   14.3151
    0.0000    0.0000    7.5000 2759.8640   14.2465
    7.5000    0.0000    7.5000 2745.7666   14.2206
   -7.5000    7.5000    7.5000 2845.8193   13.7228
    0.0000    7.5000    7.5000 2889.6460   13.8070
    7.5000    7.5000    7.5000 2854.3435   13.6316
   -7.5000   15.0000    7.5000 2925.7617   13.3245
    0.0000   15.0000    7.5000 2983.4282   13.4922
    7.5000   15.0000    7.5000 2923.2395   13.2695
   -7.5000   22.5000    7.5000 2959.5310   13.0478
    0.0000   22.5000    7.5000 2998.2329   13.1275
    7.5000   22.5000    7.5000 2941.7517   13.0616
   -7.5000   30.0000    7.5000 2933.9409   12.9472
    0.0000   30.0000    7.5000 2958.1614   12.9825
    7.5000   30.0000    7.5000 2918.4246   13.0633
   -7.5000   37.5000    7.5000 2899.8425   13.2392
    0.0000   37.5000    7.5000 2911.6545   13.2552
    7.5000   37.5000    7.5000 2880.5361   13.4024
   -7.5000   45.0000    7.5000 2835.0227   13.9511
    0.0000   45.0000    7.5000 2838.4148   13.9254
    7.5000   45.0000    7.5000 2819.4316   14.0565
   -7.5000   52.5000    7.5000 2720.5967   14.8639
    0.0000   52.5000    7.5000 2723.9543   14.7797
    7.5000   52.5000    7.5000 2710.5225   14.8853
   -7.5000   60.0000    7.5000 2560.5686   15.8412
    0.0000   60.0000    7.5000 2565.4978   15.7419
    7.5000   60.0000    7.5000 2544.7158   15.8525
   -7.5000  -30.0000   15.0000 2225.2405   21.2335
    0.0000  -30.0000   15.0000 2251.1626   21.0652
    7.5000  -30.0000   15.0000 2245.8477   21.0747
   -7.5000  -22.5000   15.0000 2353.1011   19.0198
    0.0000  -22.5000   15.0000 2377.7769   18.9040
    7.5000  -22.5000   15.0000 2367.8481   18.9297
   -7.5000  -15.0000   15.0000 2467.9905   17.2566
    0.0000  -15.0000   15.0000 2490.4182   17.1659
    7.5000  -15.0000   15.0000 2479.5906   17.2323
   -7.5000   -7.5000   15.0000 2586.8821   15.8602
    0.0000   -7.5000   15.0000 2610.2583   15.7828
    7.5000   -7.5000   15.0000 2598.4355   15.8669
   -7.5000    0.0000   15.0000 2699.9138   14.8185
    0.0000    0.0000   15.0000 2727.7893   14.7761
    7.5000    0.0000   15.0000 2717.6829   14.8010
   -7.5000    7.5000   15.0000 2815.3396   14.1211
    0.0000    7.5000   15.0000 2846.9102   14.1389
    7.5000    7.5000   15.0000 2825.5461   14.0744
   -7.5000   15.0000   15.0000 2902.5730   13.5427
    0.0000   15.0000   15.0000 2943.1377   13.6074
    7.5000   15.0000   15.0000 2900.5034   13.5469
   -7.5000   22.5000   15.0000 2935.6550   13.0826
    0.0000   22.5000   15.0000 2966.2898   13.1271
    7.5000   22.5000   15.0000 2928.7180   13.2918
   -7.5000   30.0000   15.0000 2918.2896   13.0112
    0.0000   30.0000   15.0000 2945.3831   13.0411
    7.5000   30.0000   15.0000 2915.5801   13.3076
   -7.5000   37.5000   15.0000 2888.1621   13.4113
    0.0000   37.5000   15.0000 2902.0889   13.4512
    7.5000   37.5000   15.0000 2872.6829   13.6510
   -7.5000   45.0000   15.0000 2824.6646   14.1628
    0.0000   45.0000   15.0000 2826.6506   14.1681
    7.5000   45.0000   15.0000 2808.1987   14.3091
   -7.5000   52.5000   15.0000 2707.7625   15.1089
    0.0000   52.5000   15.0000 2709.1177   15.0383
    7.5000   52.5000   15.0000 2696.3894   15.1608
   -7.5000   60.0000   15.0000 2547.5708   16.0743
    0.0000   60.0000   15.0000 2550.9661   15.9699
    7.5000   60.0000   15.0000 2529.3950   16.0697
   -7.5000  -30.0000   22.5000 2187.9756   22.4860
    0.0000  -30.0000   22.5000 2216.4260   22.4056
    7.5000  -30.0000   22.5000 2206.8689   22.4947
   -7.5000  -22.5000   22.5000 2312.5059   19.9928
    0.0000  -22.5000   22.5000 2336.5264   19.8904
    7.5000  -22.5000   22.5000 2328.4783   20.0904
   -7.5000  -15.0000   22.5000 2428.6914   18.0656
    0.0000  -15.0000   22.5000 2450.0825   17.9409
    7.5000  -15.0000   22.5000 2442.2031   18.1719
   -7.5000   -7.5000   22.5000 2546.9243   16.5461
    0.0000   -7.5000   22.5000 2568.2012   16.4170
    7.5000   -7.5000   22.5000 2563.2791   16.6434
   -7.5000    0.0000   22.5000 2657.3372   15.3782
    0.0000    0.0000   22.5000 2676.7930   15.2730
    7.5000    0.0000   22.5000 2677.4043   15.4527
   -7.5000    7.5000   22.5000 2763.9070   14.5240
    0.0000    7.5000   22.5000 2788.8352   14.4840
    7.5000    7.5000   22.5000 2780.2546   14.5982
   -7.5000   15.0000   22.5000 2843.4048   13.8396
    0.0000   15.0000   22.5000 2877.3499   13.8652
    7.5000   15.0000   22.5000 2850.6055   14.0192
   -7.5000   22.5000   22.5000 2883.5754   13.3879
    0.0000   22.5000   22.5000 2908.3394   13.3615
    7.5000   22.5000   22.5000 2887.2107   13.7239
   -7.5000   30.0000   22.5000 2882.7354   13.4328
    0.0000   30.0000   22.5000 2905.3003   13.3786
    7.5000   30.0000   22.5000 2884.0842   13.7197
   -7.5000   37.5000   22.5000 2856.0020   13.8781
    0.0000   37.5000   22.5000 2870.6565   13.8451
    7.5000   37.5000   22.5000 2847.3916   14.0882
   -7.5000   45.0000   22.5000 2799.9443   14.6043
    0.0000   45.0000   22.5000 2800.4685   14.5754
    7.5000   45.0000   22.5000 2781.0417   14.7388
   -7.5000   52.5000   22.5000 2683.7405   15.5312
    0.0000   52.5000   22.5000 2688.0649   15.4774
    7.5000   52.5000   22.5000 2668.6377   15.5876
   -7.5000   60.0000   22.5000 2519.3711   16.5025
    0.0000   60.0000   22.5000 2526.0801   16.4258
    7.5000   60.0000   22.5000 2505.1206   16.5175
   -7.5000  -30.0000   30.0000 2132.2166   23.7327
    0.0000  -30.0000   30.0000 2153.0735   23.6224
    7.5000  -30.0000   30.0000 2150.1995   23.8968
   -7.5000  -22.5000   30.0000 2258.5049   20.9746
    0.0000  -22.5000   30.0000 2280.4016   20.8538
    7.5000  -22.5000   30.0000 2278.1550   21.2625
   -7.5000  -15.0000   30.0000 2381.3286   18.9363
    0.0000  -15.0000   30.0000 2398.5159   18.7451
    7.5000  -15.0000   30.0000 2395.0933   19.1880
   -7.5000   -7.5000   30.0000 2497.9331   17.3044
    0.0000   -7.5000   30.0000 2512.2046   17.1395
    7.5000   -7.5000   30.0000 2510.4941   17.5556
   -7.5000    0.0000   30.0000 2604.0688   16.0563
    0.0000    0.0000   30.0000 2620.0459   15.9014
    7.5000    0.0000   30.0000 2619.6724   16.2670
   -7.5000    7.5000   30.0000 2709.1094   15.1153
    0.0000    7.5000   30.0000 2728.9473   15.0216
    7.5000    7.5000   30.0000 2721.6345   15.2954
   -7.5000   15.0000   30.0000 2781.5059   14.3542
    0.0000   15.0000   30.0000 2802.0225   14.3166
    7.5000   15.0000   30.0000 2786.9382   14.6804
   -7.5000   22.5000   30.0000 2824.0662   13.9785
    0.0000   22.5000   30.0000 2835.0154   13.8991
    7.5000   22.5000   30.0000 2819.9336   14.3414
   -7.5000   30.0000   30.0000 2825.5981   14.0885
    0.0000   30.0000   30.0000 2842.1858   13.9863
    7.5000   30.0000   30.0000 2822.5264   14.3327
   -7.5000   37.5000   30.0000 2795.2678   14.5051
    0.0000   37.5000   30.0000 2813.0129   14.4361
    7.5000   37.5000   30.0000 2791.4854   14.6924
   -7.5000   45.0000   30.0000 2746.3323   15.2009
    0.0000   45.0000   30.0000 2756.5830   15.1568
    7.5000   45.0000   30.0000 2732.7097   15.3466
   -7.5000   52.5000   30.0000 2646.8152   16.1097
    0.0000   52.5000   30.0000 2648.6907   16.0482
    7.5000   52.5000   30.0000 2624.6689   16.2022
   -7.5000   60.0000   30.0000 2482.2539   17.0790
    0.0000   60.0000   30.0000 2489.4861   17.0130
    7.5000   60.0000   30.0000 2465.5784   17.1302
   -7.5000  -30.0000   37.5000 2071.3301   25.0072
    0.0000  -30.0000   37.5000 2089.4307   24.8474
    7.5000  -30.0000   37.5000 2093.3940   25.3062
   -7.5000  -22.5000   37.5000 2201.8186   22.0869
    0.0000  -22.5000   37.5000 2219.7358   21.8852
    7.5000  -22.5000   37.5000 2221.5085   22.4797
   -7.5000  -15.0000   37.5000 2329.7129   19.9414
    0.0000  -15.0000   37.5000 2340.8188   19.7343
    7.5000  -15.0000   37.5000 2338.9785   20.3185
   -7.5000   -7.5000   37.5000 2442.9219   18.2005
    0.0000   -7.5000   37.5000 2454.2358   18.0144
    7.5000   -7.5000   37.5000 2448.9719   18.5803
   -7.5000    0.0000   37.5000 2550.3347   16.8747
    0.0000    0.0000   37.5000 2563.4048   16.6972
    7.5000    0.0000   37.5000 2558.4587   17.2054
   -7.5000    7.5000   37.5000 2645.9211   15.8541
    0.0000    7.5000   37.5000 2663.6387   15.7407
    7.5000    7.5000   37.5000 2653.9736   16.1618
   -7.5000   15.0000   37.5000 2712.2300   15.0912
    0.0000   15.0000   37.5000 2729.0283   15.0331
    7.5000   15.0000   37.5000 2710.2639   15.4849
   -7.5000   22.5000   37.5000 2750.2288   14.7780
    0.0000   22.5000   37.5000 2757.7856   14.6664
    7.5000   22.5000   37.5000 2741.3101   15.1201
   -7.5000   30.0000   37.5000 2748.1926   14.8961
    0.0000   30.0000   37.5000 2761.8386   14.7742
    7.5000   30.0000   37.5000 2745.6021   15.1438
   -7.5000   37.5000   37.5000 2724.2922   15.2862
    0.0000   37.5000   37.5000 2739.6294   15.1902
    7.5000   37.5000   37.5000 2720.8406   15.4891
   -7.5000   45.0000   37.5000 2679.5527   15.9493
    0.0000   45.0000   37.5000 2692.1921   15.8768
    7.5000   45.0000   37.5000 2669.5530   16.1201
   -7.5000   52.5000   37.5000 2586.3123   16.8093
    0.0000   52.5000   37.5000 2588.5413   16.7401
    7.5000   52.5000   37.5000 2566.2578   16.9410
   -7.5000   60.0000   37.5000 2428.1421   17.7615
    0.0000   60.0000   37.5000 2438.7246   17.6894
    7.5000   60.0000   37.5000 2415.5269   17.8713
   -7.5000  -30.0000   45.0000 2005.1428   26.5798
    0.0000  -30.0000   45.0000 2022.1862   26.3627
    7.5000  -30.0000   45.0000 2024.7682   27.0429
   -7.5000  -22.5000   45.0000 2141.2134   23.4799
    0.0000  -22.5000   45.0000 2156.6946   23.2731
    7.5000  -22.5000   45.0000 2158.5408   23.9525
   -7.5000  -15.0000   45.0000 2266.9888   21.1350
    0.0000  -15.0000   45.0000 2278.0059   20.9579
    7.5000  -15.0000   45.0000 2271.7517   21.6410
   -7.5000   -7.5000   45.0000 2383.8870   19.3051
    0.0000   -7.5000   45.0000 2391.0168   19.1152
    7.5000   -7.5000   45.0000 2381.7344   19.7635
   -7.5000    0.0000   45.0000 2483.9077   17.9105
    0.0000    0.0000   45.0000 2496.2744   17.7403
    7.5000    0.0000   45.0000 2485.1719   18.3380
   -7.5000    7.5000   45.0000 2568.6370   16.8217
    0.0000    7.5000   45.0000 2585.0774   16.7038
    7.5000    7.5000   45.0000 2571.5144   17.2459
   -7.5000   15.0000   45.0000 2625.7507   16.0721
    0.0000   15.0000   45.0000 2640.3091   15.9963
    7.5000   15.0000   45.0000 2620.9756   16.5066
   -7.5000   22.5000   45.0000 2665.0662   15.7754
    0.0000   22.5000   45.0000 2673.8936   15.6801
    7.5000   22.5000   45.0000 2653.8149   16.1341
   -7.5000   30.0000   45.0000 2659.1130   15.8921
    0.0000   30.0000   45.0000 2676.5256   15.7823
    7.5000   30.0000   45.0000 2655.4592   16.1418
   -7.5000   37.5000   45.0000 2639.2703   16.2909
    0.0000   37.5000   45.0000 2652.7556   16.1983
    7.5000   37.5000   45.0000 2632.4055   16.5051
   -7.5000   45.0000   45.0000 2597.7383   16.8689
    0.0000   45.0000   45.0000 2613.5234   16.8215
    7.5000   45.0000   45.0000 2588.1106   17.0965
   -7.5000   52.5000   45.0000 2517.3645   17.6789
    0.0000   52.5000   45.0000 2522.4565   17.6370
    7.5000   52.5000   45.0000 2492.3618   17.8675
   -7.5000   60.0000   45.0000 2362.4097   18.6476
    0.0000   60.0000   45.0000 2372.0632   18.5674
    7.5000   60.0000   45.0000 2344.9570   18.7692

---------------------------------------------------------------------
imgreg_4dfp /opt/freesurfer/average/711-2C_as_mni_average_305 /opt/freesurfer/average/711-2B_as_mni_average_305_mask talsrcimg_g11 none talsrcimg_to_711-2C_as_mni_average_305_t4 1283
---------------------------------------------------------------------

freesurfer imgreg_4dfp.c
/opt/freesurfer/average/711-2C_as_mni_average_305.4dfp.img
       256       256       256         1
  1.000000  1.000000  1.000000
orientation T byte_order littleendian
Reading image: /opt/freesurfer/average/711-2C_as_mni_average_305.4dfp.img
dimensions:      256       256       256
mmppix:       1.0000   -1.0000   -1.0000
center:     128.0000 -129.0000 -129.0000
/opt/freesurfer/average/711-2B_as_mni_average_305_mask.4dfp.img
       256       256       256         1
  1.000000  1.000000  1.000000
orientation T byte_order littleendian
Reading mask: /opt/freesurfer/average/711-2B_as_mni_average_305_mask.4dfp.img (2306576 pixels)
talsrcimg_g11.4dfp.img
       256       256       256         1
  1.000000  1.000000  1.000000
orientation T byte_order littleendian
Reading image: talsrcimg_g11.4dfp.img
dimensions:      256       256       256
mmppix:       1.0000   -1.0000   -1.0000
center:     128.0000 -129.0000 -129.0000
rotation matrix determinant  1.000000
fimgreg.f
image alignment mode   1283 decimal      503 hex
parameters
    0.0000   22.5000    7.5000    0.0000    0.0000    0.0000
eta,q 0.94130 13.19258
niter,ni,del,rscale     5    3   12.0000    1.2000
parameter  4  0.888945 ->  0.500000 qaram    1.1500
parameter  5 -0.878991 -> -0.500000 qaram    1.1500
parameters
   -0.8200   21.6240    6.7998   -3.4500    3.4500   -0.1987
eta,q 0.94964 13.18838
  0.0653  0.0645  0.0644  0.0524  0.0634  0.0549
  0.0599  0.0599  0.0585  0.0531  0.0599  0.0518
  0.0581  0.0565  0.0560  0.0535  0.0562  0.0504
  0.0571  0.0572  0.0563  0.0560  0.0531  0.0504
  0.0593  0.0610  0.0588  0.0598  0.0512  0.0513
  0.0651  0.0643  0.0632  0.0649  0.0502  0.0528
  0.0704  0.0679  0.0671  0.0696  0.0507  0.0549
niter,ni,del,rscale     6    3   12.0000    1.2000
parameter  4  0.931604 ->  0.500000 qaram    1.3225
parameters
   -1.7422   21.5789    6.3218   -7.4175    4.8780    0.1510
eta,q 0.95550 13.24304
  0.0597  0.0601  0.0578  0.0454  0.0583  0.0518
  0.0535  0.0522  0.0524  0.0446  0.0537  0.0481
  0.0496  0.0488  0.0497  0.0467  0.0487  0.0456
  0.0504  0.0494  0.0493  0.0492  0.0449  0.0445
  0.0549  0.0517  0.0512  0.0509  0.0448  0.0451
  0.0596  0.0544  0.0552  0.0548  0.0472  0.0470
  0.0650  0.0582  0.0603  0.0598  0.0516  0.0504
niter,ni,del,rscale     6    3   12.0000    1.2000
parameters
   -2.0099   21.9322    5.3143   -8.3461    5.2271   -0.1124
eta,q 0.95720 13.22625
  0.0604  0.0612  0.0541  0.0515  0.0548  0.0491
  0.0527  0.0513  0.0472  0.0477  0.0493  0.0457
  0.0466  0.0454  0.0436  0.0427  0.0444  0.0435
  0.0445  0.0445  0.0448  0.0436  0.0429  0.0429
  0.0483  0.0476  0.0493  0.0471  0.0437  0.0441
  0.0558  0.0519  0.0545  0.0509  0.0477  0.0464
  0.0622  0.0551  0.0598  0.0548  0.0526  0.0503
niter,ni,del,rscale     5    3   12.0000    1.2000
parameters
   -2.0435   22.1553    5.0717   -8.9628    5.3913   -0.2072
eta,q 0.95749 13.23151
  0.0599  0.0591  0.0570  0.0508  0.0539  0.0494
  0.0523  0.0490  0.0492  0.0488  0.0481  0.0458
  0.0454  0.0432  0.0439  0.0433  0.0437  0.0433
  0.0428  0.0428  0.0431  0.0429  0.0425  0.0425
  0.0455  0.0466  0.0466  0.0458  0.0435  0.0437
  0.0527  0.0510  0.0520  0.0498  0.0477  0.0459
  0.0601  0.0536  0.0578  0.0537  0.0527  0.0498
niter,ni,del,rscale     4    3   12.0000    1.2000
parameters
   -2.0694   22.4048    4.8930   -9.5387    5.5202   -0.2654
eta,q 0.95753 13.23444
  0.0593  0.0584  0.0572  0.0501  0.0536  0.0495
  0.0520  0.0489  0.0493  0.0489  0.0478  0.0460
  0.0451  0.0430  0.0439  0.0440  0.0435  0.0434
  0.0425  0.0425  0.0428  0.0427  0.0425  0.0425
  0.0452  0.0465  0.0461  0.0454  0.0433  0.0437
  0.0521  0.0507  0.0515  0.0492  0.0474  0.0459
  0.0596  0.0528  0.0576  0.0532  0.0527  0.0499
niter,ni,del,rscale     3    3   12.0000    1.2000
parameters
   -2.0984   22.7010    4.7185  -10.1822    5.6158   -0.2911
eta,q 0.95731 13.23810
  0.0590  0.0577  0.0571  0.0493  0.0535  0.0497
  0.0518  0.0491  0.0492  0.0485  0.0477  0.0465
  0.0449  0.0431  0.0439  0.0447  0.0437  0.0438
  0.0425  0.0425  0.0429  0.0428  0.0427  0.0427
  0.0452  0.0467  0.0459  0.0452  0.0435  0.0438
  0.0519  0.0504  0.0513  0.0487  0.0475  0.0462
  0.0593  0.0521  0.0576  0.0528  0.0528  0.0502
niter,ni,del,rscale     2    3   12.0000    1.2000
parameters
   -2.1353   23.0435    4.5202  -10.9398    5.6743   -0.2969
eta,q 0.95686 13.24536
  0.0587  0.0570  0.0569  0.0486  0.0537  0.0500
  0.0518  0.0494  0.0490  0.0480  0.0480  0.0471
  0.0451  0.0434  0.0441  0.0453  0.0442  0.0446
  0.0427  0.0427  0.0432  0.0431  0.0432  0.0431
  0.0455  0.0469  0.0461  0.0450  0.0441  0.0441
  0.0520  0.0499  0.0512  0.0484  0.0480  0.0466
  0.0590  0.0516  0.0576  0.0524  0.0532  0.0505
niter,ni,del,rscale     1    3   12.0000    1.2000
parameters
   -2.1733   23.4618    4.2861  -11.8201    5.7106   -0.3368
eta,q 0.95616 13.25704
  0.0587  0.0563  0.0567  0.0482  0.0541  0.0502
  0.0522  0.0498  0.0489  0.0474  0.0487  0.0476
  0.0456  0.0439  0.0444  0.0458  0.0451  0.0452
  0.0431  0.0431  0.0438  0.0437  0.0438  0.0438
  0.0461  0.0470  0.0466  0.0450  0.0451  0.0447
  0.0524  0.0495  0.0514  0.0482  0.0489  0.0472
  0.0590  0.0512  0.0575  0.0520  0.0537  0.0509
registration optimization eta report
parameter search radius
    6.0000    6.0000    6.0000    7.9350    6.9000    6.0000
100000*second partial in parameter space
       42.       27.       37.        9.       21.       18.
  0.0587  0.0563  0.0567  0.0482  0.0541  0.0502
  0.0522  0.0498  0.0489  0.0474  0.0487  0.0476
  0.0456  0.0439  0.0444  0.0458  0.0451  0.0452
  0.0431  0.0431  0.0438  0.0437  0.0438  0.0438
  0.0461  0.0470  0.0466  0.0450  0.0451  0.0447
  0.0524  0.0495  0.0514  0.0482  0.0489  0.0472
  0.0590  0.0512  0.0575  0.0520  0.0537  0.0509
   -2.1733   23.4618    4.2861  -11.8201    5.7106   -0.3368
eta,q 0.95616 13.25704

---------------------------------------------------------------------
imgreg_4dfp /opt/freesurfer/average/711-2C_as_mni_average_305 /opt/freesurfer/average/711-2B_as_mni_average_305_mask talsrcimg_g11 none talsrcimg_to_711-2C_as_mni_average_305_t4 3335
---------------------------------------------------------------------

freesurfer imgreg_4dfp.c
/opt/freesurfer/average/711-2C_as_mni_average_305.4dfp.img
       256       256       256         1
  1.000000  1.000000  1.000000
orientation T byte_order littleendian
Reading image: /opt/freesurfer/average/711-2C_as_mni_average_305.4dfp.img
dimensions:      256       256       256
mmppix:       1.0000   -1.0000   -1.0000
center:     128.0000 -129.0000 -129.0000
/opt/freesurfer/average/711-2B_as_mni_average_305_mask.4dfp.img
       256       256       256         1
  1.000000  1.000000  1.000000
orientation T byte_order littleendian
Reading mask: /opt/freesurfer/average/711-2B_as_mni_average_305_mask.4dfp.img (2306576 pixels)
talsrcimg_g11.4dfp.img
       256       256       256         1
  1.000000  1.000000  1.000000
orientation T byte_order littleendian
Reading image: talsrcimg_g11.4dfp.img
dimensions:      256       256       256
mmppix:       1.0000   -1.0000   -1.0000
center:     128.0000 -129.0000 -129.0000
fimgreg.f
image alignment mode   3335 decimal      D07 hex
parameters
   -2.1733   23.4618    4.2861   -0.4980   -2.1341   -2.6062
    2.6135   -9.6188   -0.5849   20.5409    9.9503  -20.3824
eta,q 0.95629 13.29981
niter,ni,del,rscale     5    3    5.0000    1.2000
parameter  4  1.780697 ->  0.500000 qaram    1.1500
parameter  5  2.941704 ->  0.500000 qaram    1.1500
parameters
   -2.1017   24.2318    4.0337   -4.6380   -6.2741   -5.6973
    1.0361   -9.3021   -0.2572   19.4311    7.2624  -17.3404
eta,q 0.97167 13.13285
  0.0474  0.0472  0.0454  0.0341  0.0259  0.0298  0.0315  0.0348  0.0314  0.0311  0.0291  0.0317
  0.0455  0.0456  0.0442  0.0360  0.0286  0.0293  0.0298  0.0316  0.0301  0.0294  0.0287  0.0303
  0.0442  0.0444  0.0436  0.0390  0.0324  0.0293  0.0291  0.0298  0.0293  0.0288  0.0286  0.0292
  0.0437  0.0437  0.0436  0.0435  0.0367  0.0295  0.0293  0.0290  0.0290  0.0290  0.0288  0.0286
  0.0440  0.0436  0.0440  0.0489  0.0415  0.0310  0.0304  0.0295  0.0292  0.0298  0.0293  0.0283
  0.0452  0.0439  0.0449  0.0546  0.0469  0.0344  0.0322  0.0312  0.0299  0.0308  0.0300  0.0284
  0.0471  0.0444  0.0462  0.0606  0.0520  0.0398  0.0344  0.0338  0.0310  0.0326  0.0311  0.0289
niter,ni,del,rscale     6    3    5.0000    1.2000
parameter  4  0.585593 ->  0.500000 qaram    1.3225
parameter  5  0.879159 ->  0.500000 qaram    1.3225
parameter 12  0.689226 ->  0.500000 qaram    1.1500
parameters
   -2.0737   25.1102    2.9519   -9.3990  -11.0351   -6.7583
    1.7049   -9.7226    0.6154   20.9566    7.5744  -21.4804
eta,q 0.97826 12.86936
  0.0324  0.0329  0.0282  0.0266  0.0224  0.0243  0.0265  0.0264  0.0255  0.0269  0.0234  0.0220
  0.0303  0.0309  0.0278  0.0258  0.0225  0.0233  0.0246  0.0242  0.0241  0.0250  0.0229  0.0217
  0.0289  0.0293  0.0277  0.0260  0.0234  0.0228  0.0233  0.0230  0.0232  0.0235  0.0226  0.0219
  0.0283  0.0283  0.0280  0.0277  0.0258  0.0227  0.0227  0.0227  0.0227  0.0226  0.0224  0.0224
  0.0287  0.0280  0.0286  0.0311  0.0296  0.0229  0.0229  0.0234  0.0227  0.0224  0.0225  0.0232
  0.0301  0.0283  0.0296  0.0363  0.0344  0.0239  0.0238  0.0250  0.0233  0.0230  0.0228  0.0242
  0.0323  0.0291  0.0309  0.0425  0.0391  0.0263  0.0253  0.0272  0.0245  0.0245  0.0233  0.0253
niter,ni,del,rscale     7    3    5.0000    1.2000
parameters
   -2.0374   26.2266    3.0277  -10.5452  -14.6788   -5.6207
    2.1628  -10.1455    0.7081   23.2673    7.7025  -23.8252
eta,q 0.97995 12.77407
  0.0256  0.0273  0.0228  0.0253  0.0227  0.0234  0.0240  0.0245  0.0231  0.0255  0.0212  0.0210
  0.0236  0.0249  0.0219  0.0234  0.0213  0.0222  0.0223  0.0222  0.0218  0.0235  0.0207  0.0203
  0.0223  0.0230  0.0213  0.0220  0.0208  0.0213  0.0212  0.0209  0.0209  0.0218  0.0203  0.0201
  0.0217  0.0217  0.0211  0.0211  0.0213  0.0208  0.0207  0.0206  0.0206  0.0206  0.0202  0.0202
  0.0221  0.0211  0.0212  0.0216  0.0235  0.0206  0.0209  0.0214  0.0209  0.0202  0.0203  0.0208
  0.0234  0.0212  0.0217  0.0244  0.0279  0.0210  0.0218  0.0230  0.0217  0.0206  0.0206  0.0218
  0.0255  0.0220  0.0226  0.0295  0.0334  0.0224  0.0233  0.0253  0.0230  0.0219  0.0211  0.0230
niter,ni,del,rscale     6    3    5.0000    1.2000
parameters
   -2.0461   26.7413    3.0795  -10.1553  -16.0817   -5.3598
    2.4256  -10.1832    0.5598   23.9358    7.5278  -24.5318
eta,q 0.98025 12.75669
  0.0237  0.0242  0.0216  0.0251  0.0235  0.0224  0.0231  0.0245  0.0221  0.0237  0.0207  0.0212
  0.0218  0.0222  0.0207  0.0230  0.0217  0.0212  0.0214  0.0218  0.0209  0.0219  0.0202  0.0204
  0.0205  0.0208  0.0201  0.0213  0.0203  0.0204  0.0203  0.0203  0.0201  0.0205  0.0199  0.0199
  0.0201  0.0201  0.0199  0.0199  0.0198  0.0199  0.0198  0.0198  0.0198  0.0198  0.0198  0.0198
  0.0205  0.0200  0.0201  0.0197  0.0205  0.0197  0.0201  0.0205  0.0201  0.0199  0.0199  0.0201
  0.0218  0.0206  0.0206  0.0213  0.0230  0.0205  0.0211  0.0221  0.0210  0.0209  0.0202  0.0208
  0.0238  0.0217  0.0214  0.0254  0.0279  0.0225  0.0227  0.0244  0.0223  0.0226  0.0207  0.0218
niter,ni,del,rscale     5    3    5.0000    1.2000
parameters
   -2.0573   26.8707    3.0739   -9.9963  -16.4349   -5.3448
    2.5351  -10.1707    0.5075   24.1256    7.4514  -24.7497
eta,q 0.98027 12.75355
  0.0235  0.0230  0.0213  0.0248  0.0242  0.0223  0.0228  0.0246  0.0221  0.0232  0.0206  0.0213
  0.0215  0.0213  0.0204  0.0227  0.0222  0.0211  0.0212  0.0217  0.0208  0.0215  0.0202  0.0205
  0.0202  0.0202  0.0199  0.0211  0.0206  0.0203  0.0202  0.0202  0.0200  0.0203  0.0198  0.0199
  0.0198  0.0198  0.0198  0.0198  0.0197  0.0198  0.0198  0.0197  0.0197  0.0197  0.0197  0.0197
  0.0202  0.0200  0.0200  0.0196  0.0200  0.0196  0.0201  0.0204  0.0200  0.0200  0.0198  0.0200
  0.0215  0.0209  0.0205  0.0213  0.0217  0.0206  0.0211  0.0220  0.0209  0.0211  0.0202  0.0206
  0.0236  0.0223  0.0213  0.0257  0.0259  0.0228  0.0227  0.0243  0.0222  0.0230  0.0207  0.0215
niter,ni,del,rscale     4    3    5.0000    1.2000
parameters
   -2.0594   26.9079    3.0605   -9.9568  -16.5024   -5.3489
    2.5657  -10.1614    0.4973   24.1766    7.4182  -24.8205
eta,q 0.98027 12.75377
  0.0235  0.0227  0.0213  0.0248  0.0243  0.0223  0.0228  0.0246  0.0221  0.0231  0.0206  0.0214
  0.0215  0.0211  0.0204  0.0227  0.0223  0.0211  0.0212  0.0217  0.0208  0.0214  0.0202  0.0205
  0.0202  0.0201  0.0199  0.0210  0.0207  0.0203  0.0201  0.0201  0.0200  0.0202  0.0198  0.0199
  0.0197  0.0197  0.0197  0.0197  0.0197  0.0197  0.0197  0.0197  0.0197  0.0197  0.0197  0.0197
  0.0201  0.0201  0.0199  0.0196  0.0199  0.0196  0.0201  0.0204  0.0200  0.0200  0.0198  0.0200
  0.0215  0.0210  0.0205  0.0215  0.0215  0.0206  0.0211  0.0220  0.0208  0.0212  0.0202  0.0205
  0.0236  0.0225  0.0213  0.0259  0.0254  0.0228  0.0227  0.0243  0.0222  0.0231  0.0207  0.0215
niter,ni,del,rscale     3    3    5.0000    1.2000
parameters
   -2.0592   26.9170    3.0513   -9.9486  -16.5177   -5.3575
    2.5761  -10.1565    0.4957   24.1931    7.4118  -24.8371
eta,q 0.98027 12.75359
  0.0235  0.0227  0.0213  0.0247  0.0244  0.0223  0.0228  0.0246  0.0221  0.0230  0.0206  0.0214
  0.0215  0.0210  0.0204  0.0226  0.0224  0.0211  0.0212  0.0217  0.0208  0.0214  0.0202  0.0205
  0.0202  0.0200  0.0199  0.0210  0.0207  0.0203  0.0201  0.0201  0.0200  0.0202  0.0198  0.0199
  0.0197  0.0197  0.0197  0.0197  0.0197  0.0197  0.0197  0.0197  0.0197  0.0197  0.0197  0.0197
  0.0201  0.0201  0.0199  0.0196  0.0199  0.0196  0.0201  0.0204  0.0200  0.0200  0.0198  0.0199
  0.0215  0.0210  0.0205  0.0215  0.0214  0.0206  0.0211  0.0220  0.0208  0.0212  0.0201  0.0205
  0.0236  0.0226  0.0213  0.0260  0.0253  0.0228  0.0228  0.0243  0.0221  0.0231  0.0207  0.0214
registration optimization eta report
parameter search radius
    2.4000    2.4000    2.4000    9.5220    9.5220    7.2000
    7.2000    7.2000    7.2000    7.2000    7.2000    8.2800
100000*second partial in parameter space
       66.       50.       27.        6.        6.        6.
        6.        9.        5.        6.        2.        2.
  0.0235  0.0227  0.0213  0.0247  0.0244  0.0223  0.0228  0.0246  0.0221  0.0230  0.0206  0.0214
  0.0215  0.0210  0.0204  0.0226  0.0224  0.0211  0.0212  0.0217  0.0208  0.0214  0.0202  0.0205
  0.0202  0.0200  0.0199  0.0210  0.0207  0.0203  0.0201  0.0201  0.0200  0.0202  0.0198  0.0199
  0.0197  0.0197  0.0197  0.0197  0.0197  0.0197  0.0197  0.0197  0.0197  0.0197  0.0197  0.0197
  0.0201  0.0201  0.0199  0.0196  0.0199  0.0196  0.0201  0.0204  0.0200  0.0200  0.0198  0.0199
  0.0215  0.0210  0.0205  0.0215  0.0214  0.0206  0.0211  0.0220  0.0208  0.0212  0.0201  0.0205
  0.0236  0.0226  0.0213  0.0260  0.0253  0.0228  0.0228  0.0243  0.0221  0.0231  0.0207  0.0214
   -2.0592   26.9170    3.0513   -9.9486  -16.5177   -5.3575
    2.5761  -10.1565    0.4957   24.1931    7.4118  -24.8371
eta,q 0.98027 12.75359

---------------------------------------------------------------------
imgreg_4dfp /opt/freesurfer/average/711-2C_as_mni_average_305 /opt/freesurfer/average/711-2B_as_mni_average_305_mask talsrcimg_g11 none talsrcimg_to_711-2C_as_mni_average_305_t4 2311
---------------------------------------------------------------------

freesurfer imgreg_4dfp.c
/opt/freesurfer/average/711-2C_as_mni_average_305.4dfp.img
       256       256       256         1
  1.000000  1.000000  1.000000
orientation T byte_order littleendian
Reading image: /opt/freesurfer/average/711-2C_as_mni_average_305.4dfp.img
dimensions:      256       256       256
mmppix:       1.0000   -1.0000   -1.0000
center:     128.0000 -129.0000 -129.0000
/opt/freesurfer/average/711-2B_as_mni_average_305_mask.4dfp.img
       256       256       256         1
  1.000000  1.000000  1.000000
orientation T byte_order littleendian
Reading mask: /opt/freesurfer/average/711-2B_as_mni_average_305_mask.4dfp.img (2306576 pixels)
talsrcimg_g11.4dfp.img
       256       256       256         1
  1.000000  1.000000  1.000000
orientation T byte_order littleendian
Reading image: talsrcimg_g11.4dfp.img
dimensions:      256       256       256
mmppix:       1.0000   -1.0000   -1.0000
center:     128.0000 -129.0000 -129.0000
fimgreg.f
image alignment mode   2311 decimal      907 hex
parameters
   -2.0592   26.9170    3.0513   -9.9486  -16.5177   -5.3575
    2.5761  -10.1565    0.4957   24.1931    7.4118  -24.8371
eta,q 0.98027 12.75359
niter,ni,del,rscale     5    3    5.0000    0.8000
parameters
   -2.0439   26.8975    3.0202   -8.3358  -15.7693   -4.7599
    2.3417  -10.0894    0.4527   24.3487    7.3690  -24.7910
eta,q 0.98069 12.88765
  0.0215  0.0210  0.0204  0.0218  0.0212  0.0208  0.0207  0.0218  0.0205  0.0211  0.0198  0.0200
  0.0205  0.0203  0.0200  0.0210  0.0204  0.0202  0.0199  0.0203  0.0198  0.0202  0.0195  0.0196
  0.0200  0.0198  0.0198  0.0203  0.0198  0.0197  0.0195  0.0195  0.0194  0.0196  0.0194  0.0194
  0.0197  0.0197  0.0197  0.0197  0.0195  0.0194  0.0193  0.0193  0.0193  0.0193  0.0193  0.0193
  0.0199  0.0199  0.0198  0.0195  0.0194  0.0192  0.0195  0.0196  0.0194  0.0194  0.0194  0.0194
  0.0205  0.0203  0.0201  0.0196  0.0197  0.0195  0.0201  0.0204  0.0199  0.0200  0.0195  0.0196
  0.0215  0.0211  0.0205  0.0203  0.0204  0.0204  0.0210  0.0215  0.0205  0.0209  0.0198  0.0199
niter,ni,del,rscale     4    3    5.0000    0.7000
parameters
   -2.0763   26.8283    2.9402   -8.4757  -15.6815   -4.7406
    2.4248  -10.1669    0.5079   24.3348    7.4464  -24.8453
eta,q 0.98070 12.88825
  0.0207  0.0202  0.0198  0.0206  0.0204  0.0203  0.0205  0.0211  0.0202  0.0206  0.0197  0.0198
  0.0199  0.0197  0.0195  0.0200  0.0198  0.0199  0.0199  0.0200  0.0197  0.0199  0.0195  0.0195
  0.0195  0.0194  0.0193  0.0195  0.0195  0.0196  0.0195  0.0194  0.0194  0.0195  0.0193  0.0194
  0.0193  0.0193  0.0193  0.0193  0.0193  0.0193  0.0193  0.0193  0.0193  0.0193  0.0193  0.0193
  0.0195  0.0195  0.0194  0.0194  0.0194  0.0193  0.0194  0.0196  0.0194  0.0194  0.0193  0.0194
  0.0200  0.0198  0.0196  0.0200  0.0197  0.0197  0.0198  0.0202  0.0197  0.0199  0.0194  0.0195
  0.0208  0.0204  0.0200  0.0209  0.0204  0.0205  0.0205  0.0211  0.0202  0.0206  0.0197  0.0198
niter,ni,del,rscale     3    3    5.0000    0.6000
parameters
   -2.0738   26.8202    2.9344   -8.4161  -15.6656   -4.5495
    2.4189  -10.2040    0.5091   24.3506    7.4874  -24.9005
eta,q 0.98072 12.89947
  0.0204  0.0201  0.0197  0.0204  0.0201  0.0201  0.0202  0.0206  0.0199  0.0202  0.0196  0.0197
  0.0198  0.0196  0.0195  0.0199  0.0197  0.0198  0.0197  0.0198  0.0196  0.0197  0.0194  0.0194
  0.0194  0.0194  0.0193  0.0195  0.0194  0.0195  0.0194  0.0194  0.0194  0.0194  0.0193  0.0193
  0.0193  0.0193  0.0193  0.0193  0.0193  0.0193  0.0193  0.0193  0.0193  0.0193  0.0193  0.0193
  0.0194  0.0194  0.0194  0.0194  0.0194  0.0193  0.0194  0.0194  0.0193  0.0194  0.0193  0.0193
  0.0198  0.0196  0.0195  0.0197  0.0196  0.0195  0.0197  0.0199  0.0196  0.0197  0.0194  0.0195
  0.0204  0.0201  0.0197  0.0204  0.0201  0.0201  0.0202  0.0206  0.0200  0.0203  0.0195  0.0197
niter,ni,del,rscale     2    3    5.0000    0.5000
parameters
   -2.0734   26.8181    2.9509   -8.3448  -15.6829   -4.3554
    2.4357  -10.2339    0.4990   24.3737    7.5430  -24.9628
eta,q 0.98075 12.90955
  0.0200  0.0198  0.0196  0.0200  0.0198  0.0199  0.0199  0.0202  0.0197  0.0199  0.0195  0.0195
  0.0196  0.0195  0.0194  0.0197  0.0195  0.0196  0.0195  0.0196  0.0195  0.0196  0.0193  0.0194
  0.0194  0.0193  0.0193  0.0194  0.0193  0.0194  0.0193  0.0193  0.0193  0.0193  0.0193  0.0193
  0.0193  0.0193  0.0193  0.0193  0.0193  0.0193  0.0193  0.0193  0.0193  0.0192  0.0192  0.0192
  0.0193  0.0193  0.0193  0.0193  0.0193  0.0192  0.0193  0.0194  0.0193  0.0193  0.0193  0.0193
  0.0196  0.0195  0.0194  0.0196  0.0195  0.0194  0.0195  0.0197  0.0195  0.0195  0.0193  0.0194
  0.0200  0.0198  0.0196  0.0200  0.0198  0.0198  0.0199  0.0202  0.0197  0.0199  0.0194  0.0195
niter,ni,del,rscale     1    3    5.0000    0.4000
parameters
   -2.0780   26.8176    2.9724   -8.2917  -15.7310   -4.1772
    2.4471  -10.2631    0.4986   24.3976    7.5412  -25.0177
eta,q 0.98076 12.91624
  0.0197  0.0196  0.0195  0.0198  0.0196  0.0197  0.0196  0.0198  0.0195  0.0197  0.0194  0.0194
  0.0195  0.0194  0.0194  0.0195  0.0194  0.0195  0.0194  0.0195  0.0194  0.0195  0.0193  0.0193
  0.0193  0.0193  0.0193  0.0193  0.0193  0.0194  0.0193  0.0193  0.0193  0.0193  0.0193  0.0193
  0.0192  0.0193  0.0193  0.0192  0.0193  0.0192  0.0192  0.0192  0.0192  0.0192  0.0192  0.0192
  0.0193  0.0193  0.0193  0.0193  0.0193  0.0192  0.0193  0.0193  0.0193  0.0193  0.0193  0.0193
  0.0195  0.0194  0.0193  0.0194  0.0194  0.0194  0.0194  0.0195  0.0194  0.0194  0.0193  0.0193
  0.0197  0.0196  0.0195  0.0197  0.0196  0.0196  0.0196  0.0198  0.0195  0.0197  0.0194  0.0194
registration optimization eta report
parameter search radius
    0.8000    0.8000    0.8000    2.4000    2.4000    2.4000
    2.4000    2.4000    2.4000    2.4000    2.4000    2.4000
100000*second partial in parameter space
       75.       52.       33.        9.        6.        7.
        7.       10.        5.        8.        2.        3.
  0.0197  0.0196  0.0195  0.0198  0.0196  0.0197  0.0196  0.0198  0.0195  0.0197  0.0194  0.0194
  0.0195  0.0194  0.0194  0.0195  0.0194  0.0195  0.0194  0.0195  0.0194  0.0195  0.0193  0.0193
  0.0193  0.0193  0.0193  0.0193  0.0193  0.0194  0.0193  0.0193  0.0193  0.0193  0.0193  0.0193
  0.0192  0.0193  0.0193  0.0192  0.0193  0.0192  0.0192  0.0192  0.0192  0.0192  0.0192  0.0192
  0.0193  0.0193  0.0193  0.0193  0.0193  0.0192  0.0193  0.0193  0.0193  0.0193  0.0193  0.0193
  0.0195  0.0194  0.0193  0.0194  0.0194  0.0194  0.0194  0.0195  0.0194  0.0194  0.0193  0.0193
  0.0197  0.0196  0.0195  0.0197  0.0196  0.0196  0.0196  0.0198  0.0195  0.0197  0.0194  0.0194
   -2.0780   26.8176    2.9724   -8.2917  -15.7310   -4.1772
    2.4471  -10.2631    0.4986   24.3976    7.5412  -25.0177
eta,q 0.98076 12.91624

---------------------------------------------------------------------
imgreg_4dfp /opt/freesurfer/average/711-2C_as_mni_average_305 /opt/freesurfer/average/711-2B_as_mni_average_305_mask talsrcimg_g11 none talsrcimg_to_711-2C_as_mni_average_305_t4 2311
---------------------------------------------------------------------

freesurfer imgreg_4dfp.c
/opt/freesurfer/average/711-2C_as_mni_average_305.4dfp.img
       256       256       256         1
  1.000000  1.000000  1.000000
orientation T byte_order littleendian
Reading image: /opt/freesurfer/average/711-2C_as_mni_average_305.4dfp.img
dimensions:      256       256       256
mmppix:       1.0000   -1.0000   -1.0000
center:     128.0000 -129.0000 -129.0000
/opt/freesurfer/average/711-2B_as_mni_average_305_mask.4dfp.img
       256       256       256         1
  1.000000  1.000000  1.000000
orientation T byte_order littleendian
Reading mask: /opt/freesurfer/average/711-2B_as_mni_average_305_mask.4dfp.img (2306576 pixels)
talsrcimg_g11.4dfp.img
       256       256       256         1
  1.000000  1.000000  1.000000
orientation T byte_order littleendian
Reading image: talsrcimg_g11.4dfp.img
dimensions:      256       256       256
mmppix:       1.0000   -1.0000   -1.0000
center:     128.0000 -129.0000 -129.0000
fimgreg.f
image alignment mode   2311 decimal      907 hex
parameters
   -2.0780   26.8176    2.9724   -8.2918  -15.7310   -4.1772
    2.4471  -10.2631    0.4986   24.3976    7.5412  -25.0178
eta,q 0.98076 12.91623
niter,ni,del,rscale     5    3    5.0000    0.8000
parameters
   -2.0991   26.8317    3.0251   -8.6777  -15.7839   -4.7690
    2.4487  -10.1834    0.4968   24.3346    7.4755  -24.7941
eta,q 0.98068 12.87336
  0.0211  0.0206  0.0201  0.0208  0.0206  0.0203  0.0208  0.0218  0.0205  0.0209  0.0198  0.0200
  0.0201  0.0198  0.0196  0.0201  0.0199  0.0199  0.0200  0.0203  0.0199  0.0201  0.0195  0.0197
  0.0194  0.0194  0.0193  0.0195  0.0194  0.0195  0.0195  0.0195  0.0195  0.0195  0.0194  0.0194
  0.0192  0.0192  0.0192  0.0192  0.0193  0.0193  0.0193  0.0193  0.0193  0.0193  0.0193  0.0193
  0.0195  0.0194  0.0193  0.0195  0.0194  0.0194  0.0195  0.0196  0.0195  0.0195  0.0194  0.0194
  0.0201  0.0198  0.0196  0.0202  0.0199  0.0201  0.0200  0.0203  0.0198  0.0201  0.0195  0.0196
  0.0212  0.0206  0.0200  0.0217  0.0207  0.0214  0.0209  0.0215  0.0205  0.0211  0.0198  0.0199
niter,ni,del,rscale     4    3    5.0000    0.7000
parameters
   -2.0747   26.8295    2.9563   -8.5173  -15.6863   -4.7125
    2.4201  -10.1784    0.5028   24.3287    7.4518  -24.8437
eta,q 0.98070 12.88722
  0.0208  0.0204  0.0199  0.0207  0.0204  0.0203  0.0205  0.0211  0.0202  0.0206  0.0197  0.0198
  0.0200  0.0198  0.0195  0.0201  0.0198  0.0199  0.0198  0.0200  0.0197  0.0199  0.0195  0.0195
  0.0195  0.0194  0.0194  0.0196  0.0195  0.0196  0.0194  0.0194  0.0194  0.0195  0.0193  0.0194
  0.0193  0.0193  0.0193  0.0193  0.0193  0.0193  0.0193  0.0193  0.0193  0.0193  0.0193  0.0193
  0.0195  0.0194  0.0194  0.0194  0.0194  0.0193  0.0194  0.0195  0.0194  0.0194  0.0193  0.0194
  0.0199  0.0198  0.0196  0.0198  0.0197  0.0196  0.0198  0.0201  0.0197  0.0199  0.0195  0.0195
  0.0207  0.0204  0.0200  0.0207  0.0204  0.0205  0.0205  0.0210  0.0202  0.0206  0.0197  0.0198
niter,ni,del,rscale     3    3    5.0000    0.6000
parameters
   -2.0712   26.8194    2.9419   -8.4168  -15.6715   -4.5469
    2.4158  -10.2053    0.5081   24.3559    7.4998  -24.9023
eta,q 0.98073 12.89933
  0.0204  0.0200  0.0197  0.0204  0.0201  0.0201  0.0201  0.0206  0.0200  0.0203  0.0196  0.0196
  0.0198  0.0196  0.0195  0.0199  0.0197  0.0198  0.0197  0.0198  0.0196  0.0197  0.0194  0.0194
  0.0194  0.0194  0.0193  0.0195  0.0194  0.0195  0.0194  0.0194  0.0194  0.0194  0.0193  0.0193
  0.0193  0.0193  0.0193  0.0193  0.0193  0.0193  0.0193  0.0193  0.0193  0.0193  0.0193  0.0193
  0.0194  0.0194  0.0194  0.0194  0.0194  0.0193  0.0194  0.0194  0.0193  0.0194  0.0193  0.0193
  0.0198  0.0197  0.0195  0.0197  0.0196  0.0195  0.0197  0.0199  0.0196  0.0197  0.0194  0.0195
  0.0204  0.0201  0.0198  0.0204  0.0201  0.0201  0.0202  0.0206  0.0200  0.0203  0.0195  0.0197
niter,ni,del,rscale     2    3    5.0000    0.5000
parameters
   -2.0741   26.8186    2.9499   -8.3425  -15.6960   -4.3533
    2.4328  -10.2332    0.5076   24.3763    7.5310  -24.9645
eta,q 0.98075 12.90906
  0.0200  0.0198  0.0196  0.0200  0.0198  0.0199  0.0199  0.0202  0.0197  0.0199  0.0194  0.0195
  0.0196  0.0195  0.0194  0.0197  0.0195  0.0196  0.0195  0.0196  0.0195  0.0196  0.0193  0.0194
  0.0194  0.0193  0.0193  0.0194  0.0193  0.0194  0.0193  0.0193  0.0193  0.0193  0.0193  0.0193
  0.0193  0.0193  0.0193  0.0193  0.0193  0.0193  0.0193  0.0193  0.0192  0.0192  0.0192  0.0193
  0.0194  0.0193  0.0193  0.0193  0.0193  0.0192  0.0193  0.0194  0.0193  0.0193  0.0193  0.0193
  0.0196  0.0195  0.0194  0.0196  0.0195  0.0194  0.0195  0.0197  0.0195  0.0195  0.0193  0.0194
  0.0200  0.0198  0.0196  0.0200  0.0198  0.0198  0.0199  0.0202  0.0197  0.0199  0.0194  0.0195
niter,ni,del,rscale     1    3    5.0000    0.4000
parameters
   -2.0764   26.8165    2.9754   -8.2912  -15.7296   -4.1732
    2.4476  -10.2599    0.4958   24.3979    7.5385  -25.0178
eta,q 0.98076 12.91643
  0.0197  0.0196  0.0195  0.0198  0.0196  0.0197  0.0196  0.0198  0.0195  0.0197  0.0194  0.0194
  0.0195  0.0194  0.0194  0.0195  0.0194  0.0195  0.0194  0.0195  0.0194  0.0195  0.0193  0.0193
  0.0193  0.0193  0.0193  0.0193  0.0193  0.0193  0.0193  0.0193  0.0193  0.0193  0.0193  0.0193
  0.0192  0.0192  0.0193  0.0192  0.0192  0.0192  0.0192  0.0192  0.0192  0.0192  0.0192  0.0192
  0.0193  0.0193  0.0193  0.0193  0.0193  0.0192  0.0193  0.0193  0.0193  0.0193  0.0193  0.0193
  0.0195  0.0194  0.0193  0.0194  0.0194  0.0194  0.0194  0.0195  0.0194  0.0194  0.0193  0.0193
  0.0197  0.0196  0.0194  0.0197  0.0196  0.0196  0.0196  0.0198  0.0195  0.0197  0.0194  0.0194
registration optimization eta report
parameter search radius
    0.8000    0.8000    0.8000    2.4000    2.4000    2.4000
    2.4000    2.4000    2.4000    2.4000    2.4000    2.4000
100000*second partial in parameter space
       74.       52.       32.        9.        6.        7.
        7.       10.        5.        8.        2.        3.
  0.0197  0.0196  0.0195  0.0198  0.0196  0.0197  0.0196  0.0198  0.0195  0.0197  0.0194  0.0194
  0.0195  0.0194  0.0194  0.0195  0.0194  0.0195  0.0194  0.0195  0.0194  0.0195  0.0193  0.0193
  0.0193  0.0193  0.0193  0.0193  0.0193  0.0193  0.0193  0.0193  0.0193  0.0193  0.0193  0.0193
  0.0192  0.0192  0.0193  0.0192  0.0192  0.0192  0.0192  0.0192  0.0192  0.0192  0.0192  0.0192
  0.0193  0.0193  0.0193  0.0193  0.0193  0.0192  0.0193  0.0193  0.0193  0.0193  0.0193  0.0193
  0.0195  0.0194  0.0193  0.0194  0.0194  0.0194  0.0194  0.0195  0.0194  0.0194  0.0193  0.0193
  0.0197  0.0196  0.0194  0.0197  0.0196  0.0196  0.0196  0.0198  0.0195  0.0197  0.0194  0.0194
   -2.0764   26.8165    2.9754   -8.2912  -15.7296   -4.1732
    2.4476  -10.2599    0.4958   24.3979    7.5385  -25.0178
eta,q 0.98076 12.91643

---------------------------------------------------------------------
compute_vox2vox talsrcimg talsrcimg_to_711-2C_as_mni_average_305_t4 /opt/freesurfer/average/711-2C_as_mni_average_305
---------------------------------------------------------------------

freesurfer compute_vox2vox.c
Reading: talsrcimg.4dfp.ifh
Reading: talsrcimg_to_711-2C_as_mni_average_305_t4
Reading: /opt/freesurfer/average/711-2C_as_mni_average_305.4dfp.ifh
Writing: talsrcimg_to_711-2C_as_mni_average_305_t4_vox2vox.txt

start time Mon Mar 9 15:36:47 CET 2026
end		time Mon Mar 9 15:37:01 CET 2026

mpr2mni305 success

avi2talxfm orig_nu.mgz /opt/freesurfer/average/mni305.cor.mgz talsrcimg_to_711-2C_as_mni_average_305_t4_vox2vox.txt transforms/talairach.auto.xfm
avi2talxfm done
mv -f /out/sourcedata/freesurfer/sub-v1s22x0050498_ses-1/mri/talsrcimg_to_711-2C_as_mni_average_305_t4_vox2vox.txt /out/sourcedata/freesurfer/sub-v1s22x0050498_ses-1/mri/transforms/talsrcimg_to_711-2C_as_mni_average_305_t4_vox2vox.txt
lta_convert --src orig_nu.mgz --trg /opt/freesurfer/average/mni305.cor.mgz --inxfm transforms/talairach.auto.xfm --outlta transforms/talairach.auto.xfm.lta --subject fsaverage
7.3.2

--src: orig_nu.mgz src image (geometry).
--trg: /opt/freesurfer/average/mni305.cor.mgz trg image (geometry).
--inmni: transforms/talairach.auto.xfm input MNI/XFM transform.
--outlta: transforms/talairach.auto.xfm.lta output LTA.
--s: fsaverage subject name
 LTA read, type : 1
 1.08094   0.11503   0.00276   1.31196;
-0.08060   0.96164   0.28783  -43.66246;
 0.01698  -0.27909   1.10331  -8.05519;
 0.00000   0.00000   0.00000   1.00000;
setting subject to fsaverage
Writing  LTA to file transforms/talairach.auto.xfm.lta...
lta_convert successful.
 
 
Started at Mon Mar 9 15:36:47 CET 2026
Ended   at Mon Mar  9 15:37:01 CET 2026
talairach_avi done
