/out/sourcedata/freesurfer/sub-v1s22x0050491_ses-1/mri
/opt/freesurfer/bin/talairach_avi
--i orig_nu.mgz --xfm transforms/talairach.auto.xfm
talairach_avi 7.3.2
Linux dna061 5.14.0-427.37.1.el9_4.x86_64 #1 SMP PREEMPT_DYNAMIC Fri Sep 13 12:41:50 EDT 2024 x86_64 x86_64 x86_64 GNU/Linux
Mon Mar  9 15:27:04 CET 2026
mri_convert orig_nu.mgz talsrcimg.img 
reading from orig_nu.mgz...
TR=0.00, TE=0.00, TI=0.00, flip angle=0.00
i_ras = (-1, 0, 0)
j_ras = (0, 0, -1)
k_ras = (0, 1, 0)
writing to talsrcimg.img...
Analyze Output Matrix
-1.00000   0.00000   0.00000   128.82437;
 0.00000   0.00000   1.00000  -89.76161;
 0.00000  -1.00000   0.00000   117.70679;
 0.00000   0.00000   0.00000   1.00000;
--------------------
INFO: set hdr.hist.orient to -1
mpr2mni305 talsrcimg
Mon Mar  9 15:27:04 CET 2026
/opt/freesurfer/bin/mpr2mni305 talsrcimg
mpr2mni305 7.3.2
target=711-2C_as_mni_average_305

---------------------------------------------------------------------
analyzeto4dfp talsrcimg -O0 -y
---------------------------------------------------------------------

freesurfer ifh2hdr.c
Mon Mar  9 15:27:05 2026
Writing: talsrcimg.4dfp.hdr
freesurfer analyzeto4dfp.c
Reading: talsrcimg.hdr
header size 348 bytes
hdr.dime.datatype	offset=70	value=2
hdr.dime.bitpix		offset=72	value=8
hdr.hist.orient		offset=252	value=-1
dimensionality     4
dimensions       256       256       256         1
Reading: talsrcimg.img
Writing: talsrcimg.4dfp.img
Writing: talsrcimg.4dfp.ifh
ifh2hdr talsrcimg -r0to190
ori=2

---------------------------------------------------------------------
gauss_4dfp talsrcimg 1.1
---------------------------------------------------------------------

freesurfer gauss_4dfp.c
Reading: talsrcimg.4dfp.img
Writing: talsrcimg_g11.4dfp.img
image dimensions 256 256 256 padded to 288 288 288
processing volume 1freesurfer ifh2hdr.c
Mon Mar  9 15:27:06 2026
Writing: talsrcimg_g11.4dfp.hdr

Writing: talsrcimg_g11.4dfp.ifh
including: talsrcimg.4dfp.img.rec in talsrcimg_g11.4dfp.img.rec

---------------------------------------------------------------------
imgreg_4dfp /opt/freesurfer/average/711-2C_as_mni_average_305 none talsrcimg_g11 none talsrcimg_to_711-2C_as_mni_average_305_t4 4355
---------------------------------------------------------------------

freesurfer imgreg_4dfp.c
/opt/freesurfer/average/711-2C_as_mni_average_305.4dfp.img
       256       256       256         1
  1.000000  1.000000  1.000000
orientation T byte_order littleendian
Reading image: /opt/freesurfer/average/711-2C_as_mni_average_305.4dfp.img
dimensions:      256       256       256
mmppix:       1.0000   -1.0000   -1.0000
center:     128.0000 -129.0000 -129.0000
talsrcimg_g11.4dfp.img
       256       256       256         1
  1.000000  1.000000  1.000000
orientation T byte_order littleendian
Reading image: talsrcimg_g11.4dfp.img
dimensions:      256       256       256
mmppix:       1.0000   -1.0000   -1.0000
center:     128.0000 -129.0000 -129.0000
t4_read: open error in t4_sub.f l:  41 t4_file(1:l)talsrcimg_to_711-2C_as_mni_average_305_t4 
t4_read: transform initialized to I4
rotation matrix determinant  1.000000
image alignment mode   4355 decimal     1103 hex
   -7.5000  -45.0000  -45.0000 6703.2695   19.5541
    0.0000  -45.0000  -45.0000 6975.9858   19.5324
    7.5000  -45.0000  -45.0000 6638.0034   19.5324
   -7.5000  -37.5000  -45.0000 7229.0996   18.9867
    0.0000  -37.5000  -45.0000 7528.0215   18.9562
    7.5000  -37.5000  -45.0000 7147.4277   18.9655
   -7.5000  -30.0000  -45.0000 8072.4277   18.5710
    0.0000  -30.0000  -45.0000 8395.5137   18.5389
    7.5000  -30.0000  -45.0000 7969.2827   18.5585
   -7.5000  -22.5000  -45.0000 8978.8057   18.4324
    0.0000  -22.5000  -45.0000 9343.9834   18.4080
    7.5000  -22.5000  -45.0000 8885.0273   18.4278
   -7.5000  -15.0000  -45.0000 9899.6445   18.3735
    0.0000  -15.0000  -45.000010281.7344   18.3590
    7.5000  -15.0000  -45.0000 9761.0986   18.3691
   -7.5000   -7.5000  -45.000010747.7852   18.3616
    0.0000   -7.5000  -45.000011154.9688   18.3497
    7.5000   -7.5000  -45.000010576.6514   18.3497
   -7.5000    0.0000  -45.000011549.0820   18.3676
    0.0000    0.0000  -45.000011997.4033   18.3494
    7.5000    0.0000  -45.000011351.0439   18.3492
   -7.5000    7.5000  -45.000011541.6582   18.3807
    0.0000    7.5000  -45.000011956.0273   18.3529
    7.5000    7.5000  -45.000011334.3408   18.3623
   -7.5000   15.0000  -45.000011400.5986   18.3851
    0.0000   15.0000  -45.000011832.7344   18.3537
    7.5000   15.0000  -45.000011199.1299   18.3730
   -7.5000   22.5000  -45.000011095.6270   18.3727
    0.0000   22.5000  -45.000011506.4736   18.3485
    7.5000   22.5000  -45.000010888.5479   18.3682
   -7.5000   30.0000  -45.000010575.0576   18.1200
    0.0000   30.0000  -45.000010949.2842   18.1057
    7.5000   30.0000  -45.000010354.1191   18.1156
   -7.5000   37.5000  -45.000010478.2852   18.1169
    0.0000   37.5000  -45.000010865.6885   18.1052
    7.5000   37.5000  -45.000010260.0332   18.1051
   -7.5000   45.0000  -45.0000 9849.9766   17.6626
    0.0000   45.0000  -45.000010226.3779   17.6451
    7.5000   45.0000  -45.0000 9657.6689   17.6450
   -7.5000  -45.0000  -37.5000 7024.2441   19.3566
    0.0000  -45.0000  -37.5000 7311.8286   19.3368
    7.5000  -45.0000  -37.5000 6948.3555   19.3415
   -7.5000  -37.5000  -37.5000 7599.3701   18.7843
    0.0000  -37.5000  -37.5000 7904.6079   18.7591
    7.5000  -37.5000  -37.5000 7494.2607   18.7761
   -7.5000  -30.0000  -37.5000 8502.9346   18.3634
    0.0000  -30.0000  -37.5000 8831.5596   18.3352
    7.5000  -30.0000  -37.5000 8368.5293   18.3671
   -7.5000  -22.5000  -37.5000 9472.9209   18.2297
    0.0000  -22.5000  -37.5000 9857.9268   18.2038
    7.5000  -22.5000  -37.5000 9362.5566   18.2369
   -7.5000  -15.0000  -37.500010451.8613   18.1821
    0.0000  -15.0000  -37.500010855.2646   18.1630
    7.5000  -15.0000  -37.500010302.7412   18.1839
   -7.5000   -7.5000  -37.500011353.8525   18.1765
    0.0000   -7.5000  -37.500011789.2334   18.1629
    7.5000   -7.5000  -37.500011191.6748   18.1700
   -7.5000    0.0000  -37.500012206.5352   18.1796
    0.0000    0.0000  -37.500012682.3096   18.1637
    7.5000    0.0000  -37.500012008.2637   18.1681
   -7.5000    7.5000  -37.500012161.0488   18.1806
    0.0000    7.5000  -37.500012616.4824   18.1574
    7.5000    7.5000  -37.500011961.6660   18.1738
   -7.5000   15.0000  -37.500011970.1270   18.1748
    0.0000   15.0000  -37.500012432.2861   18.1471
    7.5000   15.0000  -37.500011782.3613   18.1784
   -7.5000   22.5000  -37.500011660.1641   18.1676
    0.0000   22.5000  -37.500012079.7471   18.1418
    7.5000   22.5000  -37.500011447.7080   18.1747
   -7.5000   30.0000  -37.500011095.8652   17.9306
    0.0000   30.0000  -37.500011502.5566   17.9118
    7.5000   30.0000  -37.500010894.4609   17.9323
   -7.5000   37.5000  -37.500011032.4932   17.9343
    0.0000   37.5000  -37.500011430.0527   17.9208
    7.5000   37.5000  -37.500010840.6348   17.9279
   -7.5000   45.0000  -37.500010368.7471   17.4819
    0.0000   45.0000  -37.500010748.7031   17.4666
    7.5000   45.0000  -37.500010207.6631   17.4708
   -7.5000  -45.0000  -30.0000 7457.2700   19.9845
    0.0000  -45.0000  -30.0000 7767.8687   19.9591
    7.5000  -45.0000  -30.0000 7380.8286   19.9641
   -7.5000  -37.5000  -30.0000 8082.5938   19.3854
    0.0000  -37.5000  -30.0000 8402.5439   19.3577
    7.5000  -37.5000  -30.0000 7980.1499   19.3799
   -7.5000  -30.0000  -30.0000 9060.0830   18.9508
    0.0000  -30.0000  -30.0000 9414.1641   18.9192
    7.5000  -30.0000  -30.0000 8941.9961   18.9581
   -7.5000  -22.5000  -30.000010126.0205   18.8222
    0.0000  -22.5000  -30.000010519.5098   18.7894
    7.5000  -22.5000  -30.000010016.2881   18.8271
   -7.5000  -15.0000  -30.000011159.7842   18.7842
    0.0000  -15.0000  -30.000011601.1016   18.7557
    7.5000  -15.0000  -30.000011047.8008   18.7778
   -7.5000   -7.5000  -30.000012148.6914   18.7801
    0.0000   -7.5000  -30.000012629.7959   18.7585
    7.5000   -7.5000  -30.000012035.5859   18.7652
   -7.5000    0.0000  -30.000013036.1670   18.7758
    0.0000    0.0000  -30.000013563.4922   18.7550
    7.5000    0.0000  -30.000012889.2090   18.7601
   -7.5000    7.5000  -30.000012964.0869   18.7656
    0.0000    7.5000  -30.000013475.8467   18.7397
    7.5000    7.5000  -30.000012802.9229   18.7608
   -7.5000   15.0000  -30.000012775.6035   18.7559
    0.0000   15.0000  -30.000013279.5684   18.7249
    7.5000   15.0000  -30.000012589.7803   18.7630
   -7.5000   22.5000  -30.000012466.3311   18.7558
    0.0000   22.5000  -30.000012901.9404   18.7232
    7.5000   22.5000  -30.000012242.0225   18.7606
   -7.5000   30.0000  -30.000011861.3623   18.5260
    0.0000   30.0000  -30.000012288.3447   18.4979
    7.5000   30.0000  -30.000011663.0312   18.5196
   -7.5000   37.5000  -30.000011787.1680   18.5316
    0.0000   37.5000  -30.000012200.8643   18.5103
    7.5000   37.5000  -30.000011595.4551   18.5169
   -7.5000   45.0000  -30.000011074.9141   18.0684
    0.0000   45.0000  -30.000011480.3086   18.0484
    7.5000   45.0000  -30.000010936.5088   18.0533
   -7.5000  -45.0000  -22.5000 7946.5425   20.6544
    0.0000  -45.0000  -22.5000 8270.6787   20.6223
    7.5000  -45.0000  -22.5000 7854.2544   20.6240
   -7.5000  -37.5000  -22.5000 8633.9297   20.0418
    0.0000  -37.5000  -22.5000 8990.6348   20.0075
    7.5000  -37.5000  -22.5000 8526.2461   20.0283
   -7.5000  -30.0000  -22.5000 9691.5283   19.6010
    0.0000  -30.0000  -22.500010077.4307   19.5640
    7.5000  -30.0000  -22.5000 9569.8311   19.5981
   -7.5000  -22.5000  -22.500010842.5830   19.4679
    0.0000  -22.5000  -22.500011255.1963   19.4310
    7.5000  -22.5000  -22.500010713.5537   19.4596
   -7.5000  -15.0000  -22.500011952.2168   19.4215
    0.0000  -15.0000  -22.500012419.4473   19.3890
    7.5000  -15.0000  -22.500011839.4717   19.4007
   -7.5000   -7.5000  -22.500013044.3916   19.4114
    0.0000   -7.5000  -22.500013581.5625   19.3841
    7.5000   -7.5000  -22.500012931.6084   19.3831
   -7.5000    0.0000  -22.500014008.6074   19.4065
    0.0000    0.0000  -22.500014578.6953   19.3795
    7.5000    0.0000  -22.500013857.2402   19.3813
   -7.5000    7.5000  -22.500013905.9971   19.4021
    0.0000    7.5000  -22.500014485.6025   19.3701
    7.5000    7.5000  -22.500013720.5635   19.3897
   -7.5000   15.0000  -22.500013731.5049   19.3994
    0.0000   15.0000  -22.500014285.4590   19.3631
    7.5000   15.0000  -22.500013525.8145   19.3966
   -7.5000   22.5000  -22.500013373.1641   19.3979
    0.0000   22.5000  -22.500013885.0596   19.3613
    7.5000   22.5000  -22.500013185.1738   19.3896
   -7.5000   30.0000  -22.500012707.5381   19.1575
    0.0000   30.0000  -22.500013217.5508   19.1254
    7.5000   30.0000  -22.500012550.5830   19.1368
   -7.5000   37.5000  -22.500012590.7812   19.1575
    0.0000   37.5000  -22.500013059.7461   19.1306
    7.5000   37.5000  -22.500012414.4521   19.1295
   -7.5000   45.0000  -22.500011846.9170   18.6894
    0.0000   45.0000  -22.500012283.6221   18.6634
    7.5000   45.0000  -22.500011710.7354   18.6652
   -7.5000  -45.0000  -15.0000 8424.7441   21.1290
    0.0000  -45.0000  -15.0000 8733.7070   21.0971
    7.5000  -45.0000  -15.0000 8308.0830   21.0967
   -7.5000  -37.5000  -15.0000 9170.4580   20.5177
    0.0000  -37.5000  -15.0000 9518.9883   20.4801
    7.5000  -37.5000  -15.0000 9044.8740   20.4957
   -7.5000  -30.0000  -15.000010294.1074   20.0771
    0.0000  -30.0000  -15.000010689.2100   20.0374
    7.5000  -30.0000  -15.000010180.9902   20.0601
   -7.5000  -22.5000  -15.000011496.0439   19.9337
    0.0000  -22.5000  -15.000011959.4668   19.8985
    7.5000  -22.5000  -15.000011405.5332   19.9135
   -7.5000  -15.0000  -15.000012692.1855   19.8707
    0.0000  -15.0000  -15.000013203.2295   19.8427
    7.5000  -15.0000  -15.000012596.0732   19.8434
   -7.5000   -7.5000  -15.000013905.8281   19.8534
    0.0000   -7.5000  -15.000014516.0293   19.8285
    7.5000   -7.5000  -15.000013791.7236   19.8211
   -7.5000    0.0000  -15.000014999.2256   19.8533
    0.0000    0.0000  -15.000015650.4473   19.8258
    7.5000    0.0000  -15.000014846.4980   19.8250
   -7.5000    7.5000  -15.000014886.0186   19.8627
    0.0000    7.5000  -15.000015565.5303   19.8280
    7.5000    7.5000  -15.000014704.4951   19.8427
   -7.5000   15.0000  -15.000014700.4082   19.8708
    0.0000   15.0000  -15.000015370.0400   19.8318
    7.5000   15.0000  -15.000014505.4160   19.8540
   -7.5000   22.5000  -15.000014281.5156   19.8613
    0.0000   22.5000  -15.000014948.7715   19.8264
    7.5000   22.5000  -15.000014147.7012   19.8411
   -7.5000   30.0000  -15.000013576.0732   19.6033
    0.0000   30.0000  -15.000014213.2656   19.5757
    7.5000   30.0000  -15.000013463.8926   19.5763
   -7.5000   37.5000  -15.000013410.6348   19.5964
    0.0000   37.5000  -15.000013969.7080   19.5719
    7.5000   37.5000  -15.000013230.4844   19.5646
   -7.5000   45.0000  -15.000012677.9160   19.1313
    0.0000   45.0000  -15.000013138.4258   19.1047
    7.5000   45.0000  -15.000012491.3203   19.1039
   -7.5000  -45.0000   -7.5000 8911.0840   21.3477
    0.0000  -45.0000   -7.5000 9233.3438   21.3207
    7.5000  -45.0000   -7.5000 8765.8145   21.3201
   -7.5000  -37.5000   -7.5000 9709.3750   20.7388
    0.0000  -37.5000   -7.500010078.2500   20.7028
    7.5000  -37.5000   -7.5000 9548.4883   20.7129
   -7.5000  -30.0000   -7.500010897.1650   20.2950
    0.0000  -30.0000   -7.500011315.1934   20.2572
    7.5000  -30.0000   -7.500010754.4756   20.2737
   -7.5000  -22.5000   -7.500012174.1611   20.1430
    0.0000  -22.5000   -7.500012651.9902   20.1133
    7.5000  -22.5000   -7.500012046.1025   20.1255
   -7.5000  -15.0000   -7.500013437.4805   20.0715
    0.0000  -15.0000   -7.500013990.9414   20.0520
    7.5000  -15.0000   -7.500013306.1182   20.0532
   -7.5000   -7.5000   -7.500014762.2588   20.0536
    0.0000   -7.5000   -7.500015470.8184   20.0361
    7.5000   -7.5000   -7.500014650.3252   20.0300
   -7.5000    0.0000   -7.500016043.1807   20.0592
    0.0000    0.0000   -7.500016853.8242   20.0358
    7.5000    0.0000   -7.500015911.0098   20.0344
   -7.5000    7.5000   -7.500016017.4551   20.0766
    0.0000    7.5000   -7.500016878.6758   20.0436
    7.5000    7.5000   -7.500015831.5947   20.0533
   -7.5000   15.0000   -7.500015772.4033   20.0869
    0.0000   15.0000   -7.500016612.2520   20.0498
    7.5000   15.0000   -7.500015588.5381   20.0659
   -7.5000   22.5000   -7.500015318.5518   20.0679
    0.0000   22.5000   -7.500016147.8008   20.0384
    7.5000   22.5000   -7.500015163.2510   20.0504
   -7.5000   30.0000   -7.500014654.4512   19.8010
    0.0000   30.0000   -7.500015367.9160   19.7817
    7.5000   30.0000   -7.500014404.9756   19.7828
   -7.5000   37.5000   -7.500014483.9697   19.7936
    0.0000   37.5000   -7.500015082.6504   19.7763
    7.5000   37.5000   -7.500014137.7314   19.7702
   -7.5000   45.0000   -7.500013712.9102   19.3333
    0.0000   45.0000   -7.500014200.7021   19.3108
    7.5000   45.0000   -7.500013333.1016   19.3094
   -7.5000  -45.0000    0.0000 9312.0635   21.3794
    0.0000  -45.0000    0.0000 9677.2100   21.3564
    7.5000  -45.0000    0.0000 9175.3535   21.3574
   -7.5000  -37.5000    0.000010127.2451   20.7660
    0.0000  -37.5000    0.000010543.7754   20.7338
    7.5000  -37.5000    0.000010016.8633   20.7447
   -7.5000  -30.0000    0.000011350.2197   20.3151
    0.0000  -30.0000    0.000011823.7490   20.2812
    7.5000  -30.0000    0.000011248.4580   20.3035
   -7.5000  -22.5000    0.000012673.8311   20.1622
    0.0000  -22.5000    0.000013221.2588   20.1362
    7.5000  -22.5000    0.000012595.1748   20.1587
   -7.5000  -15.0000    0.000014003.8164   20.0959
    0.0000  -15.0000    0.000014638.4736   20.0800
    7.5000  -15.0000    0.000013930.6729   20.0918
   -7.5000   -7.5000    0.000015471.1553   20.0825
    0.0000   -7.5000    0.000016276.9043   20.0694
    7.5000   -7.5000    0.000015377.6631   20.0699
   -7.5000    0.0000    0.000017093.4121   20.0891
    0.0000    0.0000    0.000018059.9473   20.0694
    7.5000    0.0000    0.000016845.3652   20.0697
   -7.5000    7.5000    0.000017392.8398   20.1028
    0.0000    7.5000    0.000018473.1094   20.0733
    7.5000    7.5000    0.000016944.5410   20.0840
   -7.5000   15.0000    0.000017113.3184   20.1071
    0.0000   15.0000    0.000018109.4922   20.0738
    7.5000   15.0000    0.000016613.0781   20.0955
   -7.5000   22.5000    0.000016527.0117   20.0872
    0.0000   22.5000    0.000017390.2754   20.0613
    7.5000   22.5000    0.000016043.3418   20.0835
   -7.5000   30.0000    0.000015691.7842   19.8257
    0.0000   30.0000    0.000016466.6445   19.8100
    7.5000   30.0000    0.000015204.1328   19.8215
   -7.5000   37.5000    0.000015378.9951   19.8226
    0.0000   37.5000    0.000016092.5908   19.8096
    7.5000   37.5000    0.000014890.1953   19.8102
   -7.5000   45.0000    0.000014498.9697   19.3635
    0.0000   45.0000    0.000015118.2559   19.3446
    7.5000   45.0000    0.000014044.9277   19.3449
   -7.5000  -45.0000    7.5000 8967.3506   21.4007
    0.0000  -45.0000    7.5000 9402.1104   21.3779
    7.5000  -45.0000    7.5000 8892.1016   21.3825
   -7.5000  -37.5000    7.5000 9710.7764   20.7721
    0.0000  -37.5000    7.500010208.8164   20.7434
    7.5000  -37.5000    7.5000 9689.5420   20.7618
   -7.5000  -30.0000    7.500010894.8252   20.3113
    0.0000  -30.0000    7.500011421.9834   20.2795
    7.5000  -30.0000    7.500010879.7080   20.3143
   -7.5000  -22.5000    7.500012207.2939   20.1660
    0.0000  -22.5000    7.500012775.5312   20.1368
    7.5000  -22.5000    7.500012187.3857   20.1729
   -7.5000  -15.0000    7.500013547.7314   20.1145
    0.0000  -15.0000    7.500014152.4004   20.0927
    7.5000  -15.0000    7.500013453.5693   20.1153
   -7.5000   -7.5000    7.500015025.5771   20.1072
    0.0000   -7.5000    7.500015667.6523   20.0912
    7.5000   -7.5000    7.500014779.9014   20.0985
   -7.5000    0.0000    7.500016773.0742   20.1085
    0.0000    0.0000    7.500017482.1738   20.0899
    7.5000    0.0000    7.500016273.0322   20.0942
   -7.5000    7.5000    7.500017205.8555   20.1086
    0.0000    7.5000    7.500018291.9395   20.0820
    7.5000    7.5000    7.500016566.1230   20.0997
   -7.5000   15.0000    7.500017006.5117   20.1031
    0.0000   15.0000    7.500018191.8789   20.0718
    7.5000   15.0000    7.500016431.7012   20.1059
   -7.5000   22.5000    7.500016256.1318   20.0908
    0.0000   22.5000    7.500017371.8262   20.0616
    7.5000   22.5000    7.500015852.1719   20.0975
   -7.5000   30.0000    7.500015237.4453   19.8440
    0.0000   30.0000    7.500016234.7949   19.8225
    7.5000   30.0000    7.500014943.1514   19.8446
   -7.5000   37.5000    7.500014826.6748   19.8470
    0.0000   37.5000    7.500015763.1963   19.8311
    7.5000   37.5000    7.500014559.8379   19.8384
   -7.5000   45.0000    7.500013933.0225   19.3823
    0.0000   45.0000    7.500014755.4834   19.3643
    7.5000   45.0000    7.500013699.5918   19.3685
   -7.5000  -45.0000   15.0000 8544.6816   21.4384
    0.0000  -45.0000   15.0000 8977.3506   21.4105
    7.5000  -45.0000   15.0000 8480.3262   21.4155
   -7.5000  -37.5000   15.0000 9290.5566   20.7969
    0.0000  -37.5000   15.0000 9783.4473   20.7666
    7.5000  -37.5000   15.0000 9276.6602   20.7901
   -7.5000  -30.0000   15.000010449.0781   20.3314
    0.0000  -30.0000   15.000010956.2305   20.2970
    7.5000  -30.0000   15.000010437.8984   20.3383
   -7.5000  -22.5000   15.000011739.5469   20.1933
    0.0000  -22.5000   15.000012273.9893   20.1576
    7.5000  -22.5000   15.000011660.0078   20.1977
   -7.5000  -15.0000   15.000012974.0859   20.1521
    0.0000  -15.0000   15.000013575.0098   20.1210
    7.5000  -15.0000   15.000012856.2090   20.1443
   -7.5000   -7.5000   15.000014263.1367   20.1474
    0.0000   -7.5000   15.000014910.5469   20.1237
    7.5000   -7.5000   15.000014087.5039   20.1306
   -7.5000    0.0000   15.000015728.7832   20.1430
    0.0000    0.0000   15.000016602.3477   20.1202
    7.5000    0.0000   15.000015594.9424   20.1253
   -7.5000    7.5000   15.000016043.3154   20.1326
    0.0000    7.5000   15.000017336.2695   20.1043
    7.5000    7.5000   15.000016037.0195   20.1266
   -7.5000   15.0000   15.000015912.6729   20.1225
    0.0000   15.0000   15.000017348.0742   20.0887
    7.5000   15.0000   15.000015948.5361   20.1293
   -7.5000   22.5000   15.000015364.2129   20.1177
    0.0000   22.5000   15.000016742.6270   20.0822
    7.5000   22.5000   15.000015471.8105   20.1220
   -7.5000   30.0000   15.000014502.0537   19.8810
    0.0000   30.0000   15.000015728.0117   19.8502
    7.5000   30.0000   15.000014628.9434   19.8732
   -7.5000   37.5000   15.000014093.6758   19.8867
    0.0000   37.5000   15.000015202.6572   19.8633
    7.5000   37.5000   15.000014183.1621   19.8701
   -7.5000   45.0000   15.000013196.1162   19.4155
    0.0000   45.0000   15.000014163.6338   19.3935
    7.5000   45.0000   15.000013266.2070   19.3985
   -7.5000  -45.0000   22.5000 8034.0728   21.5602
    0.0000  -45.0000   22.5000 8484.9775   21.5257
    7.5000  -45.0000   22.5000 7984.8096   21.5268
   -7.5000  -37.5000   22.5000 8783.9033   20.9200
    0.0000  -37.5000   22.5000 9260.2920   20.8834
    7.5000  -37.5000   22.5000 8751.8027   20.9046
   -7.5000  -30.0000   22.5000 9901.2451   20.4569
    0.0000  -30.0000   22.500010384.3037   20.4176
    7.5000  -30.0000   22.5000 9862.6953   20.4528
   -7.5000  -22.5000   22.500011057.3232   20.3167
    0.0000  -22.5000   22.500011570.9082   20.2775
    7.5000  -22.5000   22.500011008.8682   20.3068
   -7.5000  -15.0000   22.500012157.1758   20.2678
    0.0000  -15.0000   22.500012695.9580   20.2331
    7.5000  -15.0000   22.500012114.7842   20.2447
   -7.5000   -7.5000   22.500013276.1543   20.2578
    0.0000   -7.5000   22.500013882.1875   20.2285
    7.5000   -7.5000   22.500013297.1094   20.2267
   -7.5000    0.0000   22.500014561.3594   20.2534
    0.0000    0.0000   22.500015427.9775   20.2243
    7.5000    0.0000   22.500014760.1299   20.2256
   -7.5000    7.5000   22.500014701.3760   20.2487
    0.0000    7.5000   22.500015930.0518   20.2145
    7.5000    7.5000   22.500015040.9570   20.2345
   -7.5000   15.0000   22.500014502.9316   20.2454
    0.0000   15.0000   22.500015663.0059   20.2068
    7.5000   15.0000   22.500014769.3555   20.2413
   -7.5000   22.5000   22.500014128.2881   20.2402
    0.0000   22.5000   22.500015197.8926   20.2013
    7.5000   22.5000   22.500014370.6631   20.2303
   -7.5000   30.0000   22.500013509.8877   19.9950
    0.0000   30.0000   22.500014525.6416   19.9608
    7.5000   30.0000   22.500013754.3613   19.9721
   -7.5000   37.5000   22.500013195.3408   19.9957
    0.0000   37.5000   22.500014144.7783   19.9667
    7.5000   37.5000   22.500013433.3457   19.9649
   -7.5000   45.0000   22.500012360.6318   19.5219
    0.0000   45.0000   22.500013207.0869   19.4939
    7.5000   45.0000   22.500012558.7588   19.4951
   -7.5000  -45.0000   30.0000 7451.0957   21.9851
    0.0000  -45.0000   30.0000 7883.8315   21.9493
    7.5000  -45.0000   30.0000 7468.9507   21.9483
   -7.5000  -37.5000   30.0000 8183.6528   21.3401
    0.0000  -37.5000   30.0000 8625.9102   21.2981
    7.5000  -37.5000   30.0000 8197.9531   21.3137
   -7.5000  -30.0000   30.0000 9220.2520   20.8685
    0.0000  -30.0000   30.0000 9645.6172   20.8240
    7.5000  -30.0000   30.0000 9214.9268   20.8472
   -7.5000  -22.5000   30.000010283.9131   20.7151
    0.0000  -22.5000   30.000010737.4795   20.6752
    7.5000  -22.5000   30.000010293.9854   20.6904
   -7.5000  -15.0000   30.000011305.7295   20.6486
    0.0000  -15.0000   30.000011771.8232   20.6168
    7.5000  -15.0000   30.000011325.8086   20.6170
   -7.5000   -7.5000   30.000012394.7139   20.6318
    0.0000   -7.5000   30.000012922.4004   20.6037
    7.5000   -7.5000   30.000012481.0693   20.5955
   -7.5000    0.0000   30.000013552.6016   20.6328
    0.0000    0.0000   30.000014306.3252   20.6019
    7.5000    0.0000   30.000013818.3984   20.6004
   -7.5000    7.5000   30.000013605.8037   20.6418
    0.0000    7.5000   30.000014520.1045   20.6030
    7.5000    7.5000   30.000013881.9238   20.6177
   -7.5000   15.0000   30.000013417.1514   20.6487
    0.0000   15.0000   30.000014194.9170   20.6050
    7.5000   15.0000   30.000013558.3516   20.6277
   -7.5000   22.5000   30.000013121.0146   20.6360
    0.0000   22.5000   30.000013873.7666   20.5964
    7.5000   22.5000   30.000013249.1611   20.6113
   -7.5000   30.0000   30.000012618.6650   20.3705
    0.0000   30.0000   30.000013380.6123   20.3391
    7.5000   30.0000   30.000012796.0947   20.3393
   -7.5000   37.5000   30.000012400.1367   20.3648
    0.0000   37.5000   30.000013149.3545   20.3371
    7.5000   37.5000   30.000012599.1162   20.3289
   -7.5000   45.0000   30.000011625.2139   19.8876
    0.0000   45.0000   30.000012324.8457   19.8578
    7.5000   45.0000   30.000011787.4824   19.8564
   -7.5000  -45.0000   37.5000 7157.0010   22.5004
    0.0000  -45.0000   37.5000 7557.5898   22.4673
    7.5000  -45.0000   37.5000 7201.5562   22.4663
   -7.5000  -37.5000   37.5000 7889.0596   21.8407
    0.0000  -37.5000   37.5000 8274.2178   21.7974
    7.5000  -37.5000   37.5000 7905.1748   21.8085
   -7.5000  -30.0000   37.5000 8884.7539   21.3489
    0.0000  -30.0000   37.5000 9252.5889   21.3037
    7.5000  -30.0000   37.5000 8865.7959   21.3221
   -7.5000  -22.5000   37.5000 9942.8662   21.1808
    0.0000  -22.5000   37.500010316.7197   21.1449
    7.5000  -22.5000   37.5000 9916.7266   21.1589
   -7.5000  -15.0000   37.500010979.8926   21.1027
    0.0000  -15.0000   37.500011357.2080   21.0783
    7.5000  -15.0000   37.500010953.3604   21.0804
   -7.5000   -7.5000   37.500012035.7812   21.0844
    0.0000   -7.5000   37.500012550.4785   21.0622
    7.5000   -7.5000   37.500012136.0684   21.0558
   -7.5000    0.0000   37.500013103.9990   21.0911
    0.0000    0.0000   37.500013774.8486   21.0623
    7.5000    0.0000   37.500013340.1660   21.0605
   -7.5000    7.5000   37.500013108.4414   21.1091
    0.0000    7.5000   37.500013814.9844   21.0694
    7.5000    7.5000   37.500013272.9346   21.0800
   -7.5000   15.0000   37.500012911.1201   21.1192
    0.0000   15.0000   37.500013524.7832   21.0748
    7.5000   15.0000   37.500012987.0527   21.0928
   -7.5000   22.5000   37.500012673.8477   21.0985
    0.0000   22.5000   37.500013284.7080   21.0628
    7.5000   22.5000   37.500012766.1357   21.0766
   -7.5000   30.0000   37.500012215.7998   20.8184
    0.0000   30.0000   37.500012881.5361   20.7942
    7.5000   30.0000   37.500012342.5742   20.7962
   -7.5000   37.5000   37.500012057.2705   20.8115
    0.0000   37.5000   37.500012697.2129   20.7896
    7.5000   37.5000   37.500012168.7764   20.7833
   -7.5000   45.0000   37.500011290.1787   20.3294
    0.0000   45.0000   37.500011900.8555   20.3017
    7.5000   45.0000   37.500011395.4932   20.2999
   -7.5000  -45.0000   45.0000 6633.3838   23.0677
    0.0000  -45.0000   45.0000 6978.1172   23.0365
    7.5000  -45.0000   45.0000 6658.8491   23.0340
   -7.5000  -37.5000   45.0000 7296.7373   22.3742
    0.0000  -37.5000   45.0000 7639.1431   22.3337
    7.5000  -37.5000   45.0000 7302.4316   22.3441
   -7.5000  -30.0000   45.0000 8239.1484   21.8482
    0.0000  -30.0000   45.0000 8565.7139   21.8073
    7.5000  -30.0000   45.0000 8207.3174   21.8325
   -7.5000  -22.5000   45.0000 9237.5205   21.6695
    0.0000  -22.5000   45.0000 9578.2246   21.6377
    7.5000  -22.5000   45.0000 9206.8760   21.6639
   -7.5000  -15.0000   45.000010225.4111   21.5920
    0.0000  -15.0000   45.000010590.1426   21.5711
    7.5000  -15.0000   45.000010192.2197   21.5841
   -7.5000   -7.5000   45.000011193.1992   21.5769
    0.0000   -7.5000   45.000011674.8701   21.5581
    7.5000   -7.5000   45.000011274.2188   21.5566
   -7.5000    0.0000   45.000012136.8350   21.5858
    0.0000    0.0000   45.000012728.4902   21.5593
    7.5000    0.0000   45.000012291.8779   21.5565
   -7.5000    7.5000   45.000012119.1631   21.6021
    0.0000    7.5000   45.000012685.9062   21.5651
    7.5000    7.5000   45.000012192.0625   21.5752
   -7.5000   15.0000   45.000011931.4941   21.6062
    0.0000   15.0000   45.000012442.9678   21.5660
    7.5000   15.0000   45.000011967.5684   21.5905
   -7.5000   22.5000   45.000011722.5176   21.5830
    0.0000   22.5000   45.000012244.3398   21.5514
    7.5000   22.5000   45.000011794.9961   21.5772
   -7.5000   30.0000   45.000011338.5303   21.2989
    0.0000   30.0000   45.000011891.0039   21.2782
    7.5000   30.0000   45.000011431.8564   21.2909
   -7.5000   37.5000   45.000011215.6016   21.2958
    0.0000   37.5000   45.000011774.8232   21.2773
    7.5000   37.5000   45.000011289.0312   21.2758
   -7.5000   45.0000   45.000010482.3184   20.8156
    0.0000   45.0000   45.000011024.1465   20.7901
    7.5000   45.0000   45.000010561.4727   20.7874

---------------------------------------------------------------------
imgreg_4dfp /opt/freesurfer/average/711-2C_as_mni_average_305 /opt/freesurfer/average/711-2B_as_mni_average_305_mask talsrcimg_g11 none talsrcimg_to_711-2C_as_mni_average_305_t4 4355
---------------------------------------------------------------------

freesurfer imgreg_4dfp.c
/opt/freesurfer/average/711-2C_as_mni_average_305.4dfp.img
       256       256       256         1
  1.000000  1.000000  1.000000
orientation T byte_order littleendian
Reading image: /opt/freesurfer/average/711-2C_as_mni_average_305.4dfp.img
dimensions:      256       256       256
mmppix:       1.0000   -1.0000   -1.0000
center:     128.0000 -129.0000 -129.0000
/opt/freesurfer/average/711-2B_as_mni_average_305_mask.4dfp.img
       256       256       256         1
  1.000000  1.000000  1.000000
orientation T byte_order littleendian
Reading mask: /opt/freesurfer/average/711-2B_as_mni_average_305_mask.4dfp.img (2306576 pixels)
talsrcimg_g11.4dfp.img
       256       256       256         1
  1.000000  1.000000  1.000000
orientation T byte_order littleendian
Reading image: talsrcimg_g11.4dfp.img
dimensions:      256       256       256
mmppix:       1.0000   -1.0000   -1.0000
center:     128.0000 -129.0000 -129.0000
rotation matrix determinant  1.000000
image alignment mode   4355 decimal     1103 hex
   -7.5000  -37.5000  -45.0000 2091.2988   27.8698
    0.0000  -37.5000  -45.0000 2088.2664   27.8465
    7.5000  -37.5000  -45.0000 2068.9307   28.0631
   -7.5000  -30.0000  -45.0000 2197.0425   25.1109
    0.0000  -30.0000  -45.0000 2195.4683   25.0881
    7.5000  -30.0000  -45.0000 2173.0437   25.2444
   -7.5000  -22.5000  -45.0000 2292.4456   22.9181
    0.0000  -22.5000  -45.0000 2287.6709   22.9585
    7.5000  -22.5000  -45.0000 2269.7170   23.0686
   -7.5000  -15.0000  -45.0000 2369.2808   21.4018
    0.0000  -15.0000  -45.0000 2360.1355   21.4149
    7.5000  -15.0000  -45.0000 2342.8726   21.5836
   -7.5000   -7.5000  -45.0000 2411.3687   20.4058
    0.0000   -7.5000  -45.0000 2403.7061   20.3579
    7.5000   -7.5000  -45.0000 2382.0811   20.5341
   -7.5000    0.0000  -45.0000 2435.9558   19.7088
    0.0000    0.0000  -45.0000 2427.8079   19.6278
    7.5000    0.0000  -45.0000 2408.0073   19.8375
   -7.5000    7.5000  -45.0000 2450.1763   19.2450
    0.0000    7.5000  -45.0000 2451.3591   19.1449
    7.5000    7.5000  -45.0000 2428.8760   19.3788
   -7.5000   15.0000  -45.0000 2453.5251   19.1427
    0.0000   15.0000  -45.0000 2454.0530   19.0067
    7.5000   15.0000  -45.0000 2438.4656   19.2615
   -7.5000   22.5000  -45.0000 2440.5972   19.5132
    0.0000   22.5000  -45.0000 2444.9751   19.3278
    7.5000   22.5000  -45.0000 2421.5188   19.5728
   -7.5000   30.0000  -45.0000 2404.3076   20.1751
    0.0000   30.0000  -45.0000 2410.4268   20.0294
    7.5000   30.0000  -45.0000 2389.0190   20.2101
   -7.5000   37.5000  -45.0000 2354.3367   21.1321
    0.0000   37.5000  -45.0000 2368.9963   21.0460
    7.5000   37.5000  -45.0000 2341.5583   21.1503
   -7.5000   45.0000  -45.0000 2290.7559   22.3701
    0.0000   45.0000  -45.0000 2300.3740   22.3189
    7.5000   45.0000  -45.0000 2274.6147   22.4002
   -7.5000   52.5000  -45.0000 2188.8525   23.9533
    0.0000   52.5000  -45.0000 2196.7085   23.8451
    7.5000   52.5000  -45.0000 2173.3157   24.0004
   -7.5000  -37.5000  -37.5000 2152.1589   26.3588
    0.0000  -37.5000  -37.5000 2154.6218   26.3519
    7.5000  -37.5000  -37.5000 2128.8765   26.6567
   -7.5000  -30.0000  -37.5000 2270.7102   23.7242
    0.0000  -30.0000  -37.5000 2272.3054   23.7041
    7.5000  -30.0000  -37.5000 2241.7988   23.9613
   -7.5000  -22.5000  -37.5000 2372.5327   21.7103
    0.0000  -22.5000  -37.5000 2374.0627   21.6951
    7.5000  -22.5000  -37.5000 2351.5327   21.9182
   -7.5000  -15.0000  -37.5000 2455.8535   20.2265
    0.0000  -15.0000  -37.5000 2453.6216   20.1900
    7.5000  -15.0000  -37.5000 2431.4785   20.4264
   -7.5000   -7.5000  -37.5000 2499.1179   19.2178
    0.0000   -7.5000  -37.5000 2500.4648   19.1468
    7.5000   -7.5000  -37.5000 2481.2217   19.3580
   -7.5000    0.0000  -37.5000 2523.0464   18.5016
    0.0000    0.0000  -37.5000 2527.8999   18.4131
    7.5000    0.0000  -37.5000 2512.6689   18.5976
   -7.5000    7.5000  -37.5000 2541.0291   18.0254
    0.0000    7.5000  -37.5000 2546.4280   17.8796
    7.5000    7.5000  -37.5000 2530.4968   18.1116
   -7.5000   15.0000  -37.5000 2542.3826   17.8485
    0.0000   15.0000  -37.5000 2544.7878   17.7456
    7.5000   15.0000  -37.5000 2526.7229   17.9563
   -7.5000   22.5000  -37.5000 2536.9043   18.1988
    0.0000   22.5000  -37.5000 2537.6362   18.0102
    7.5000   22.5000  -37.5000 2517.6863   18.2951
   -7.5000   30.0000  -37.5000 2496.0598   18.7461
    0.0000   30.0000  -37.5000 2508.0779   18.6197
    7.5000   30.0000  -37.5000 2486.5864   18.8616
   -7.5000   37.5000  -37.5000 2457.1858   19.6202
    0.0000   37.5000  -37.5000 2468.6523   19.4985
    7.5000   37.5000  -37.5000 2446.9958   19.7385
   -7.5000   45.0000  -37.5000 2390.3059   20.7638
    0.0000   45.0000  -37.5000 2398.8081   20.6587
    7.5000   45.0000  -37.5000 2379.2102   20.8787
   -7.5000   52.5000  -37.5000 2281.5110   22.2134
    0.0000   52.5000  -37.5000 2290.7671   22.0639
    7.5000   52.5000  -37.5000 2271.1421   22.3060
   -7.5000  -37.5000  -30.0000 2243.6150   25.9563
    0.0000  -37.5000  -30.0000 2248.6370   25.9817
    7.5000  -37.5000  -30.0000 2220.0732   26.3740
   -7.5000  -30.0000  -30.0000 2369.6714   23.3070
    0.0000  -30.0000  -30.0000 2374.4404   23.2876
    7.5000  -30.0000  -30.0000 2345.5310   23.6752
   -7.5000  -22.5000  -30.0000 2481.2561   21.2807
    0.0000  -22.5000  -30.0000 2486.3481   21.2603
    7.5000  -22.5000  -30.0000 2461.0654   21.6305
   -7.5000  -15.0000  -30.0000 2567.6997   19.7803
    0.0000  -15.0000  -30.0000 2572.1060   19.7365
    7.5000  -15.0000  -30.0000 2553.2717   20.0399
   -7.5000   -7.5000  -30.0000 2619.6338   18.7822
    0.0000   -7.5000  -30.0000 2629.1919   18.6816
    7.5000   -7.5000  -30.0000 2614.5115   18.8917
   -7.5000    0.0000  -30.0000 2644.1182   17.9969
    0.0000    0.0000  -30.0000 2658.6655   17.8703
    7.5000    0.0000  -30.0000 2644.0923   18.0362
   -7.5000    7.5000  -30.0000 2668.1626   17.4426
    0.0000    7.5000  -30.0000 2680.4150   17.2809
    7.5000    7.5000  -30.0000 2665.9412   17.4974
   -7.5000   15.0000  -30.0000 2665.9980   17.2598
    0.0000   15.0000  -30.0000 2677.1897   17.1429
    7.5000   15.0000  -30.0000 2662.1838   17.4057
   -7.5000   22.5000  -30.0000 2664.1494   17.5505
    0.0000   22.5000  -30.0000 2666.9109   17.3845
    7.5000   22.5000  -30.0000 2653.4648   17.7007
   -7.5000   30.0000  -30.0000 2631.5806   18.0771
    0.0000   30.0000  -30.0000 2644.7876   17.9208
    7.5000   30.0000  -30.0000 2630.3091   18.2210
   -7.5000   37.5000  -30.0000 2589.5105   18.8870
    0.0000   37.5000  -30.0000 2604.4766   18.7406
    7.5000   37.5000  -30.0000 2587.7568   19.0196
   -7.5000   45.0000  -30.0000 2515.8774   19.9610
    0.0000   45.0000  -30.0000 2534.1130   19.8318
    7.5000   45.0000  -30.0000 2517.6853   20.0834
   -7.5000   52.5000  -30.0000 2403.2612   21.3636
    0.0000   52.5000  -30.0000 2415.3140   21.2110
    7.5000   52.5000  -30.0000 2405.2517   21.4770
   -7.5000  -37.5000  -22.5000 2298.6223   25.4213
    0.0000  -37.5000  -22.5000 2306.3342   25.4414
    7.5000  -37.5000  -22.5000 2282.2322   25.8431
   -7.5000  -30.0000  -22.5000 2432.9963   22.7299
    0.0000  -30.0000  -22.5000 2438.6711   22.7561
    7.5000  -30.0000  -22.5000 2414.1169   23.1542
   -7.5000  -22.5000  -22.5000 2549.6667   20.6774
    0.0000  -22.5000  -22.5000 2555.1138   20.6801
    7.5000  -22.5000  -22.5000 2532.3674   21.0938
   -7.5000  -15.0000  -22.5000 2635.4438   19.1881
    0.0000  -15.0000  -22.5000 2642.3965   19.0999
    7.5000  -15.0000  -22.5000 2626.0745   19.4561
   -7.5000   -7.5000  -22.5000 2699.4062   18.0643
    0.0000   -7.5000  -22.5000 2710.2881   17.9650
    7.5000   -7.5000  -22.5000 2697.0420   18.2432
   -7.5000    0.0000  -22.5000 2735.4666   17.2712
    0.0000    0.0000  -22.5000 2746.2495   17.1563
    7.5000    0.0000  -22.5000 2732.1216   17.3613
   -7.5000    7.5000  -22.5000 2764.0923   16.6567
    0.0000    7.5000  -22.5000 2774.4404   16.5477
    7.5000    7.5000  -22.5000 2762.8286   16.7895
   -7.5000   15.0000  -22.5000 2765.9956   16.5313
    0.0000   15.0000  -22.5000 2776.3889   16.3952
    7.5000   15.0000  -22.5000 2765.1294   16.7008
   -7.5000   22.5000  -22.5000 2760.4517   16.7490
    0.0000   22.5000  -22.5000 2769.4370   16.5869
    7.5000   22.5000  -22.5000 2767.6328   16.9489
   -7.5000   30.0000  -22.5000 2732.2786   17.2736
    0.0000   30.0000  -22.5000 2751.5771   17.1175
    7.5000   30.0000  -22.5000 2742.5935   17.4239
   -7.5000   37.5000  -22.5000 2691.1292   18.0553
    0.0000   37.5000  -22.5000 2708.8784   17.9087
    7.5000   37.5000  -22.5000 2696.4863   18.1790
   -7.5000   45.0000  -22.5000 2612.6323   19.0726
    0.0000   45.0000  -22.5000 2631.0942   18.9467
    7.5000   45.0000  -22.5000 2621.9817   19.1992
   -7.5000   52.5000  -22.5000 2494.3765   20.4050
    0.0000   52.5000  -22.5000 2512.0654   20.2477
    7.5000   52.5000  -22.5000 2502.3875   20.5209
   -7.5000  -37.5000  -15.0000 2319.8149   24.9441
    0.0000  -37.5000  -15.0000 2321.2898   24.9100
    7.5000  -37.5000  -15.0000 2299.4087   25.3798
   -7.5000  -30.0000  -15.0000 2452.8689   22.1996
    0.0000  -30.0000  -15.0000 2452.8901   22.2026
    7.5000  -30.0000  -15.0000 2433.7295   22.6740
   -7.5000  -22.5000  -15.0000 2565.6189   20.0814
    0.0000  -22.5000  -15.0000 2572.4397   20.0922
    7.5000  -22.5000  -15.0000 2556.5190   20.5645
   -7.5000  -15.0000  -15.0000 2656.3247   18.5246
    0.0000  -15.0000  -15.0000 2666.7285   18.4910
    7.5000  -15.0000  -15.0000 2657.4624   18.8978
   -7.5000   -7.5000  -15.0000 2731.6338   17.3732
    0.0000   -7.5000  -15.0000 2744.5078   17.3608
    7.5000   -7.5000  -15.0000 2740.7153   17.6740
   -7.5000    0.0000  -15.0000 2780.0364   16.5572
    0.0000    0.0000  -15.0000 2791.6860   16.5332
    7.5000    0.0000  -15.0000 2784.2283   16.7952
   -7.5000    7.5000  -15.0000 2819.6914   15.9624
    0.0000    7.5000  -15.0000 2830.3430   15.9211
    7.5000    7.5000  -15.0000 2819.6030   16.1977
   -7.5000   15.0000  -15.0000 2823.8337   15.8371
    0.0000   15.0000  -15.0000 2838.4065   15.7283
    7.5000   15.0000  -15.0000 2828.5076   16.0681
   -7.5000   22.5000  -15.0000 2822.2131   16.0662
    0.0000   22.5000  -15.0000 2837.2825   15.9372
    7.5000   22.5000  -15.0000 2833.8340   16.3166
   -7.5000   30.0000  -15.0000 2794.7241   16.5601
    0.0000   30.0000  -15.0000 2817.6382   16.4328
    7.5000   30.0000  -15.0000 2809.5183   16.7478
   -7.5000   37.5000  -15.0000 2753.6631   17.2734
    0.0000   37.5000  -15.0000 2770.6780   17.1551
    7.5000   37.5000  -15.0000 2764.9963   17.3754
   -7.5000   45.0000  -15.0000 2679.4736   18.2539
    0.0000   45.0000  -15.0000 2689.8618   18.1161
    7.5000   45.0000  -15.0000 2690.7639   18.3685
   -7.5000   52.5000  -15.0000 2561.2556   19.5397
    0.0000   52.5000  -15.0000 2573.3020   19.3939
    7.5000   52.5000  -15.0000 2567.9792   19.7054
   -7.5000  -37.5000   -7.5000 2315.8064   24.6113
    0.0000  -37.5000   -7.5000 2324.6404   24.5971
    7.5000  -37.5000   -7.5000 2300.1528   25.1361
   -7.5000  -30.0000   -7.5000 2447.6299   21.8325
    0.0000  -30.0000   -7.5000 2452.3279   21.8350
    7.5000  -30.0000   -7.5000 2431.5786   22.3073
   -7.5000  -22.5000   -7.5000 2561.6475   19.7256
    0.0000  -22.5000   -7.5000 2569.6375   19.7414
    7.5000  -22.5000   -7.5000 2554.6943   20.1295
   -7.5000  -15.0000   -7.5000 2658.8884   18.0955
    0.0000  -15.0000   -7.5000 2670.4319   18.1233
    7.5000  -15.0000   -7.5000 2659.4595   18.4745
   -7.5000   -7.5000   -7.5000 2745.9136   16.9134
    0.0000   -7.5000   -7.5000 2761.9268   16.9630
    7.5000   -7.5000   -7.5000 2760.2737   17.2261
   -7.5000    0.0000   -7.5000 2803.9746   16.1016
    0.0000    0.0000   -7.5000 2823.4077   16.1865
    7.5000    0.0000   -7.5000 2821.4050   16.3687
   -7.5000    7.5000   -7.5000 2847.0967   15.5939
    0.0000    7.5000   -7.5000 2867.3264   15.6839
    7.5000    7.5000   -7.5000 2859.9434   15.8381
   -7.5000   15.0000   -7.5000 2861.8633   15.3963
    0.0000   15.0000   -7.5000 2883.7009   15.4063
    7.5000   15.0000   -7.5000 2874.1453   15.6387
   -7.5000   22.5000   -7.5000 2865.7556   15.5653
    0.0000   22.5000   -7.5000 2883.5178   15.5327
    7.5000   22.5000   -7.5000 2874.3264   15.7940
   -7.5000   30.0000   -7.5000 2847.6204   16.0491
    0.0000   30.0000   -7.5000 2863.2969   15.9388
    7.5000   30.0000   -7.5000 2852.5986   16.1009
   -7.5000   37.5000   -7.5000 2809.6479   16.7585
    0.0000   37.5000   -7.5000 2824.7554   16.5772
    7.5000   37.5000   -7.5000 2814.6582   16.6970
   -7.5000   45.0000   -7.5000 2741.3728   17.7258
    0.0000   45.0000   -7.5000 2749.4192   17.5449
    7.5000   45.0000   -7.5000 2739.4346   17.6654
   -7.5000   52.5000   -7.5000 2623.1858   18.9871
    0.0000   52.5000   -7.5000 2634.5667   18.7852
    7.5000   52.5000   -7.5000 2618.3223   18.9710
   -7.5000  -37.5000    0.0000 2294.0056   24.5788
    0.0000  -37.5000    0.0000 2305.3364   24.6107
    7.5000  -37.5000    0.0000 2290.3105   25.2085
   -7.5000  -30.0000    0.0000 2422.1201   21.7399
    0.0000  -30.0000    0.0000 2432.5776   21.7650
    7.5000  -30.0000    0.0000 2414.9087   22.2814
   -7.5000  -22.5000    0.0000 2539.3083   19.5578
    0.0000  -22.5000    0.0000 2554.6382   19.6349
    7.5000  -22.5000    0.0000 2544.8374   20.0364
   -7.5000  -15.0000    0.0000 2644.5728   17.9290
    0.0000  -15.0000    0.0000 2663.6311   18.0236
    7.5000  -15.0000    0.0000 2663.2864   18.3306
   -7.5000   -7.5000    0.0000 2739.2126   16.8244
    0.0000   -7.5000    0.0000 2768.0347   16.9459
    7.5000   -7.5000    0.0000 2774.9043   17.1214
   -7.5000    0.0000    0.0000 2824.6816   16.1908
    0.0000    0.0000    0.0000 2853.5994   16.3287
    7.5000    0.0000    0.0000 2850.8862   16.3227
   -7.5000    7.5000    0.0000 2893.2832   15.8542
    0.0000    7.5000    0.0000 2922.4390   15.9579
    7.5000    7.5000    0.0000 2897.0750   15.8228
   -7.5000   15.0000    0.0000 2914.9915   15.5105
    0.0000   15.0000    0.0000 2939.8135   15.5376
    7.5000   15.0000    0.0000 2912.5493   15.4635
   -7.5000   22.5000    0.0000 2912.6558   15.3887
    0.0000   22.5000    0.0000 2926.6016   15.3803
    7.5000   22.5000    0.0000 2906.0940   15.4159
   -7.5000   30.0000    0.0000 2882.7219   15.7434
    0.0000   30.0000    0.0000 2897.6011   15.6425
    7.5000   30.0000    0.0000 2879.5579   15.6730
   -7.5000   37.5000    0.0000 2839.5940   16.3832
    0.0000   37.5000    0.0000 2861.8022   16.2377
    7.5000   37.5000    0.0000 2841.5261   16.2253
   -7.5000   45.0000    0.0000 2769.3135   17.3619
    0.0000   45.0000    0.0000 2789.4197   17.1916
    7.5000   45.0000    0.0000 2766.5386   17.1993
   -7.5000   52.5000    0.0000 2656.3667   18.6065
    0.0000   52.5000    0.0000 2675.5200   18.4542
    7.5000   52.5000    0.0000 2652.1516   18.4939
   -7.5000  -37.5000    7.5000 2259.7114   24.6481
    0.0000  -37.5000    7.5000 2282.0229   24.8619
    7.5000  -37.5000    7.5000 2271.5962   25.4735
   -7.5000  -30.0000    7.5000 2386.1804   21.8069
    0.0000  -30.0000    7.5000 2403.9368   21.9106
    7.5000  -30.0000    7.5000 2399.2732   22.4847
   -7.5000  -22.5000    7.5000 2508.1577   19.7180
    0.0000  -22.5000    7.5000 2525.7861   19.8106
    7.5000  -22.5000    7.5000 2528.6335   20.2395
   -7.5000  -15.0000    7.5000 2630.6274   18.1968
    0.0000  -15.0000    7.5000 2647.7561   18.3081
    7.5000  -15.0000    7.5000 2652.4878   18.5532
   -7.5000   -7.5000    7.5000 2746.5476   17.2086
    0.0000   -7.5000    7.5000 2765.5696   17.2828
    7.5000   -7.5000    7.5000 2763.0605   17.2872
   -7.5000    0.0000    7.5000 2850.2922   16.6154
    0.0000    0.0000    7.5000 2868.5276   16.7030
    7.5000    0.0000    7.5000 2850.4082   16.4885
   -7.5000    7.5000    7.5000 2931.7959   16.2638
    0.0000    7.5000    7.5000 2967.1511   16.3638
    7.5000    7.5000    7.5000 2919.4707   15.9941
   -7.5000   15.0000    7.5000 2967.1567   15.8046
    0.0000   15.0000    7.5000 3013.4297   16.0134
    7.5000   15.0000    7.5000 2951.1433   15.5680
   -7.5000   22.5000    7.5000 2942.3098   15.4975
    0.0000   22.5000    7.5000 2980.7698   15.6227
    7.5000   22.5000    7.5000 2937.5620   15.4107
   -7.5000   30.0000    7.5000 2896.9177   15.5581
    0.0000   30.0000    7.5000 2925.0168   15.6006
    7.5000   30.0000    7.5000 2897.8081   15.5232
   -7.5000   37.5000    7.5000 2850.4600   16.1280
    0.0000   37.5000    7.5000 2878.1582   16.0611
    7.5000   37.5000    7.5000 2854.5747   16.0122
   -7.5000   45.0000    7.5000 2778.7246   17.1310
    0.0000   45.0000    7.5000 2800.9246   16.9925
    7.5000   45.0000    7.5000 2781.4065   16.9710
   -7.5000   52.5000    7.5000 2666.8896   18.3828
    0.0000   52.5000    7.5000 2686.9690   18.2502
    7.5000   52.5000    7.5000 2667.7273   18.2870
   -7.5000  -37.5000   15.0000 2231.0703   25.4006
    0.0000  -37.5000   15.0000 2249.6929   25.5355
    7.5000  -37.5000   15.0000 2252.6074   26.1453
   -7.5000  -30.0000   15.0000 2358.9451   22.4558
    0.0000  -30.0000   15.0000 2372.3176   22.5896
    7.5000  -30.0000   15.0000 2377.9441   23.0537
   -7.5000  -22.5000   15.0000 2490.3315   20.3201
    0.0000  -22.5000   15.0000 2498.4490   20.4262
    7.5000  -22.5000   15.0000 2500.3098   20.7033
   -7.5000  -15.0000   15.0000 2615.2212   18.7172
    0.0000  -15.0000   15.0000 2627.5132   18.7941
    7.5000  -15.0000   15.0000 2622.9182   18.9222
   -7.5000   -7.5000   15.0000 2731.6782   17.4987
    0.0000   -7.5000   15.0000 2748.8726   17.5701
    7.5000   -7.5000   15.0000 2738.2715   17.5560
   -7.5000    0.0000   15.0000 2837.1272   16.7342
    0.0000    0.0000   15.0000 2859.8743   16.8538
    7.5000    0.0000   15.0000 2840.2949   16.6878
   -7.5000    7.5000   15.0000 2926.9680   16.2687
    0.0000    7.5000   15.0000 2970.1431   16.5099
    7.5000    7.5000   15.0000 2929.4766   16.1931
   -7.5000   15.0000   15.0000 2968.3481   15.7867
    0.0000   15.0000   15.0000 3030.9487   16.0758
    7.5000   15.0000   15.0000 2978.6282   15.7965
   -7.5000   22.5000   15.0000 2950.7822   15.5663
    0.0000   22.5000   15.0000 3008.2893   15.7779
    7.5000   22.5000   15.0000 2967.5901   15.6086
   -7.5000   30.0000   15.0000 2903.9956   15.7481
    0.0000   30.0000   15.0000 2941.1550   15.8223
    7.5000   30.0000   15.0000 2916.0479   15.7616
   -7.5000   37.5000   15.0000 2848.8789   16.2742
    0.0000   37.5000   15.0000 2875.6499   16.2573
    7.5000   37.5000   15.0000 2860.0232   16.1933
   -7.5000   45.0000   15.0000 2765.8398   17.1911
    0.0000   45.0000   15.0000 2790.1343   17.0827
    7.5000   45.0000   15.0000 2781.5530   17.0890
   -7.5000   52.5000   15.0000 2653.3022   18.3774
    0.0000   52.5000   15.0000 2675.0620   18.2357
    7.5000   52.5000   15.0000 2666.3730   18.3352
   -7.5000  -37.5000   22.5000 2207.8572   26.5570
    0.0000  -37.5000   22.5000 2217.4731   26.7013
    7.5000  -37.5000   22.5000 2220.3672   27.1183
   -7.5000  -30.0000   22.5000 2339.6511   23.4764
    0.0000  -30.0000   22.5000 2341.8860   23.4842
    7.5000  -30.0000   22.5000 2343.0720   23.8113
   -7.5000  -22.5000   22.5000 2464.2363   21.0637
    0.0000  -22.5000   22.5000 2466.8711   21.0201
    7.5000  -22.5000   22.5000 2465.4871   21.2972
   -7.5000  -15.0000   22.5000 2584.4678   19.1709
    0.0000  -15.0000   22.5000 2591.3281   19.1537
    7.5000  -15.0000   22.5000 2593.6626   19.3409
   -7.5000   -7.5000   22.5000 2702.4834   17.7818
    0.0000   -7.5000   22.5000 2715.2905   17.7543
    7.5000   -7.5000   22.5000 2713.6216   17.8936
   -7.5000    0.0000   22.5000 2809.0913   16.9206
    0.0000    0.0000   22.5000 2829.0872   16.9852
    7.5000    0.0000   22.5000 2823.5481   17.0071
   -7.5000    7.5000   22.5000 2897.2070   16.3224
    0.0000    7.5000   22.5000 2938.4001   16.4872
    7.5000    7.5000   22.5000 2917.7646   16.3917
   -7.5000   15.0000   22.5000 2937.4846   15.7730
    0.0000   15.0000   22.5000 2990.0393   15.9273
    7.5000   15.0000   22.5000 2963.9722   15.8318
   -7.5000   22.5000   22.5000 2931.1082   15.7113
    0.0000   22.5000   22.5000 2980.4421   15.6364
    7.5000   22.5000   22.5000 2956.5972   15.6696
   -7.5000   30.0000   22.5000 2895.4314   16.0417
    0.0000   30.0000   22.5000 2939.6575   15.9470
    7.5000   30.0000   22.5000 2915.0396   15.9463
   -7.5000   37.5000   22.5000 2834.8120   16.6243
    0.0000   37.5000   22.5000 2861.5620   16.4985
    7.5000   37.5000   22.5000 2853.1365   16.5503
   -7.5000   45.0000   22.5000 2753.1077   17.5370
    0.0000   45.0000   22.5000 2775.9802   17.4240
    7.5000   45.0000   22.5000 2771.8774   17.4919
   -7.5000   52.5000   22.5000 2634.7756   18.6688
    0.0000   52.5000   22.5000 2654.4290   18.5349
    7.5000   52.5000   22.5000 2653.4871   18.6586
   -7.5000  -37.5000   30.0000 2167.1462   27.8963
    0.0000  -37.5000   30.0000 2172.5310   27.8140
    7.5000  -37.5000   30.0000 2174.1228   28.1689
   -7.5000  -30.0000   30.0000 2302.3291   24.4996
    0.0000  -30.0000   30.0000 2301.6914   24.2940
    7.5000  -30.0000   30.0000 2298.5579   24.6174
   -7.5000  -22.5000   30.0000 2426.9258   21.7879
    0.0000  -22.5000   30.0000 2429.4939   21.5674
    7.5000  -22.5000   30.0000 2431.0745   21.8991
   -7.5000  -15.0000   30.0000 2544.5771   19.7892
    0.0000  -15.0000   30.0000 2548.9849   19.5833
    7.5000  -15.0000   30.0000 2558.1174   19.8745
   -7.5000   -7.5000   30.0000 2660.2881   18.3293
    0.0000   -7.5000   30.0000 2667.6536   18.1833
    7.5000   -7.5000   30.0000 2681.6233   18.4410
   -7.5000    0.0000   30.0000 2769.5261   17.3797
    0.0000    0.0000   30.0000 2782.5791   17.3366
    7.5000    0.0000   30.0000 2792.3962   17.5036
   -7.5000    7.5000   30.0000 2851.3706   16.5918
    0.0000    7.5000   30.0000 2882.0015   16.6769
    7.5000    7.5000   30.0000 2881.2585   16.7476
   -7.5000   15.0000   30.0000 2895.2952   16.0899
    0.0000   15.0000   30.0000 2923.8643   16.0100
    7.5000   15.0000   30.0000 2913.5464   16.0836
   -7.5000   22.5000   30.0000 2898.3308   16.0712
    0.0000   22.5000   30.0000 2933.6743   15.8912
    7.5000   22.5000   30.0000 2920.1362   15.9538
   -7.5000   30.0000   30.0000 2868.4561   16.4732
    0.0000   30.0000   30.0000 2911.5918   16.3264
    7.5000   30.0000   30.0000 2898.2566   16.3856
   -7.5000   37.5000   30.0000 2811.2847   17.1730
    0.0000   37.5000   30.0000 2837.5801   17.0544
    7.5000   37.5000   30.0000 2833.8367   17.1145
   -7.5000   45.0000   30.0000 2732.1084   18.1053
    0.0000   45.0000   30.0000 2754.2190   17.9753
    7.5000   45.0000   30.0000 2749.9607   18.0743
   -7.5000   52.5000   30.0000 2607.0242   19.2403
    0.0000   52.5000   30.0000 2630.3962   19.1001
    7.5000   52.5000   30.0000 2629.7673   19.2533
   -7.5000  -37.5000   37.5000 2125.1033   29.1936
    0.0000  -37.5000   37.5000 2126.2000   28.7453
    7.5000  -37.5000   37.5000 2127.0002   29.2475
   -7.5000  -30.0000   37.5000 2260.0581   25.5204
    0.0000  -30.0000   37.5000 2259.5730   25.0556
    7.5000  -30.0000   37.5000 2255.1270   25.5043
   -7.5000  -22.5000   37.5000 2389.1194   22.7118
    0.0000  -22.5000   37.5000 2388.9829   22.2325
    7.5000  -22.5000   37.5000 2390.8816   22.6813
   -7.5000  -15.0000   37.5000 2505.0027   20.6085
    0.0000  -15.0000   37.5000 2510.6064   20.2422
    7.5000  -15.0000   37.5000 2514.9773   20.6190
   -7.5000   -7.5000   37.5000 2620.7375   19.0786
    0.0000   -7.5000   37.5000 2629.8201   18.8439
    7.5000   -7.5000   37.5000 2642.6924   19.1762
   -7.5000    0.0000   37.5000 2723.2388   17.9789
    0.0000    0.0000   37.5000 2738.5063   17.8791
    7.5000    0.0000   37.5000 2750.7561   18.1186
   -7.5000    7.5000   37.5000 2799.8428   17.1851
    0.0000    7.5000   37.5000 2822.8389   17.0924
    7.5000    7.5000   37.5000 2828.3564   17.2826
   -7.5000   15.0000   37.5000 2842.9055   16.6753
    0.0000   15.0000   37.5000 2861.1682   16.4776
    7.5000   15.0000   37.5000 2855.5879   16.5874
   -7.5000   22.5000   37.5000 2851.5012   16.6531
    0.0000   22.5000   37.5000 2878.7612   16.4586
    7.5000   22.5000   37.5000 2874.0225   16.6141
   -7.5000   30.0000   37.5000 2820.5745   17.0597
    0.0000   30.0000   37.5000 2862.7749   16.8990
    7.5000   30.0000   37.5000 2855.1692   17.0069
   -7.5000   37.5000   37.5000 2772.7676   17.8269
    0.0000   37.5000   37.5000 2798.4004   17.6849
    7.5000   37.5000   37.5000 2795.6348   17.7449
   -7.5000   45.0000   37.5000 2694.5027   18.8702
    0.0000   45.0000   37.5000 2717.9106   18.6728
    7.5000   45.0000   37.5000 2711.7031   18.7818
   -7.5000   52.5000   37.5000 2574.6982   20.0140
    0.0000   52.5000   37.5000 2598.0952   19.8605
    7.5000   52.5000   37.5000 2595.7417   20.0173
   -7.5000  -37.5000   45.0000 2076.5979   30.4922
    0.0000  -37.5000   45.0000 2078.3188   29.8359
    7.5000  -37.5000   45.0000 2075.2822   30.3319
   -7.5000  -30.0000   45.0000 2213.4883   26.6828
    0.0000  -30.0000   45.0000 2215.1907   26.0187
    7.5000  -30.0000   45.0000 2209.9241   26.5337
   -7.5000  -22.5000   45.0000 2344.5083   23.7681
    0.0000  -22.5000   45.0000 2347.3848   23.1552
    7.5000  -22.5000   45.0000 2345.4617   23.6020
   -7.5000  -15.0000   45.0000 2461.6216   21.6076
    0.0000  -15.0000   45.0000 2466.1123   21.1339
    7.5000  -15.0000   45.0000 2465.1072   21.5172
   -7.5000   -7.5000   45.0000 2574.6912   20.0204
    0.0000   -7.5000   45.0000 2585.3394   19.7010
    7.5000   -7.5000   45.0000 2588.6187   20.0479
   -7.5000    0.0000   45.0000 2667.9231   18.8463
    0.0000    0.0000   45.0000 2683.6787   18.6250
    7.5000    0.0000   45.0000 2690.3584   18.9153
   -7.5000    7.5000   45.0000 2740.0276   18.0695
    0.0000    7.5000   45.0000 2759.6970   17.7821
    7.5000    7.5000   45.0000 2758.1233   17.9496
   -7.5000   15.0000   45.0000 2775.9258   17.5094
    0.0000   15.0000   45.0000 2794.9617   17.2184
    7.5000   15.0000   45.0000 2790.9089   17.4191
   -7.5000   22.5000   45.0000 2790.3059   17.4778
    0.0000   22.5000   45.0000 2813.6208   17.2412
    7.5000   22.5000   45.0000 2815.7034   17.4679
   -7.5000   30.0000   45.0000 2762.4827   17.8739
    0.0000   30.0000   45.0000 2791.9358   17.6855
    7.5000   30.0000   45.0000 2790.5735   17.8389
   -7.5000   37.5000   45.0000 2715.8389   18.6244
    0.0000   37.5000   45.0000 2740.4368   18.4380
    7.5000   37.5000   45.0000 2734.3301   18.5500
   -7.5000   45.0000   45.0000 2643.0320   19.6541
    0.0000   45.0000   45.0000 2664.3250   19.4370
    7.5000   45.0000   45.0000 2658.4795   19.5619
   -7.5000   52.5000   45.0000 2528.3484   20.8557
    0.0000   52.5000   45.0000 2549.5115   20.6451
    7.5000   52.5000   45.0000 2547.5017   20.8266

---------------------------------------------------------------------
imgreg_4dfp /opt/freesurfer/average/711-2C_as_mni_average_305 /opt/freesurfer/average/711-2B_as_mni_average_305_mask talsrcimg_g11 none talsrcimg_to_711-2C_as_mni_average_305_t4 1283
---------------------------------------------------------------------

freesurfer imgreg_4dfp.c
/opt/freesurfer/average/711-2C_as_mni_average_305.4dfp.img
       256       256       256         1
  1.000000  1.000000  1.000000
orientation T byte_order littleendian
Reading image: /opt/freesurfer/average/711-2C_as_mni_average_305.4dfp.img
dimensions:      256       256       256
mmppix:       1.0000   -1.0000   -1.0000
center:     128.0000 -129.0000 -129.0000
/opt/freesurfer/average/711-2B_as_mni_average_305_mask.4dfp.img
       256       256       256         1
  1.000000  1.000000  1.000000
orientation T byte_order littleendian
Reading mask: /opt/freesurfer/average/711-2B_as_mni_average_305_mask.4dfp.img (2306576 pixels)
talsrcimg_g11.4dfp.img
       256       256       256         1
  1.000000  1.000000  1.000000
orientation T byte_order littleendian
Reading image: talsrcimg_g11.4dfp.img
dimensions:      256       256       256
mmppix:       1.0000   -1.0000   -1.0000
center:     128.0000 -129.0000 -129.0000
rotation matrix determinant  1.000000
fimgreg.f
image alignment mode   1283 decimal      503 hex
parameters
    0.0000   15.0000   15.0000    0.0000    0.0000    0.0000
eta,q 0.95095 16.19775
niter,ni,del,rscale     5    3   12.0000    1.2000
parameter  4  0.578155 ->  0.500000 qaram    1.1500
parameter  5  1.402214 ->  0.500000 qaram    1.1500
parameters
    0.4719   15.5157   13.2462   -3.4500   -3.4500   -0.7425
eta,q 0.96067 16.17081
  0.0686  0.0611  0.0524  0.0458  0.0389  0.0433
  0.0588  0.0538  0.0473  0.0465  0.0387  0.0410
  0.0512  0.0493  0.0464  0.0462  0.0418  0.0397
  0.0491  0.0489  0.0489  0.0465  0.0465  0.0393
  0.0507  0.0509  0.0519  0.0487  0.0515  0.0403
  0.0553  0.0531  0.0539  0.0515  0.0569  0.0428
  0.0629  0.0559  0.0564  0.0558  0.0627  0.0459
niter,ni,del,rscale     6    3   12.0000    1.2000
parameter  4  0.543354 ->  0.500000 qaram    1.3225
parameters
    1.0198   16.7853   12.6794   -7.4175   -5.1705   -0.2133
eta,q 0.96635 16.22068
  0.0636  0.0551  0.0462  0.0393  0.0431  0.0441
  0.0528  0.0477  0.0413  0.0356  0.0370  0.0397
  0.0435  0.0424  0.0391  0.0363  0.0337  0.0357
  0.0393  0.0393  0.0391  0.0389  0.0356  0.0338
  0.0411  0.0397  0.0417  0.0424  0.0400  0.0340
  0.0472  0.0418  0.0447  0.0458  0.0474  0.0367
  0.0565  0.0458  0.0474  0.0495  0.0560  0.0417
niter,ni,del,rscale     6    3   12.0000    1.2000
parameters
    1.4324   17.8550   12.3133   -7.0224   -5.4428   -0.2473
eta,q 0.96669 16.15916
  0.0600  0.0530  0.0432  0.0483  0.0477  0.0418
  0.0467  0.0461  0.0380  0.0419  0.0409  0.0374
  0.0374  0.0382  0.0340  0.0346  0.0355  0.0343
  0.0337  0.0337  0.0334  0.0332  0.0334  0.0333
  0.0363  0.0342  0.0357  0.0363  0.0366  0.0341
  0.0433  0.0381  0.0400  0.0405  0.0422  0.0373
  0.0530  0.0439  0.0454  0.0447  0.0501  0.0423
niter,ni,del,rscale     5    3   12.0000    1.2000
parameters
    1.5090   17.8632   12.3143   -6.8998   -5.5151   -0.2539
eta,q 0.96659 16.15679
  0.0581  0.0485  0.0445  0.0476  0.0485  0.0419
  0.0457  0.0409  0.0391  0.0409  0.0415  0.0376
  0.0367  0.0348  0.0347  0.0339  0.0360  0.0345
  0.0333  0.0333  0.0333  0.0333  0.0334  0.0334
  0.0373  0.0362  0.0353  0.0370  0.0362  0.0341
  0.0455  0.0407  0.0392  0.0410  0.0416  0.0373
  0.0562  0.0480  0.0442  0.0453  0.0493  0.0423
niter,ni,del,rscale     4    3   12.0000    1.2000
parameters
    1.5368   17.8387   12.3272   -6.8490   -5.5378   -0.2535
eta,q 0.96657 16.15678
  0.0578  0.0483  0.0446  0.0474  0.0486  0.0420
  0.0455  0.0407  0.0392  0.0406  0.0416  0.0376
  0.0367  0.0347  0.0348  0.0337  0.0362  0.0345
  0.0334  0.0334  0.0334  0.0334  0.0334  0.0334
  0.0376  0.0363  0.0354  0.0371  0.0362  0.0341
  0.0458  0.0407  0.0393  0.0412  0.0414  0.0374
  0.0566  0.0481  0.0442  0.0454  0.0491  0.0423
registration optimization eta report
parameter search radius
    6.0000    6.0000    6.0000    7.9350    6.9000    6.0000
100000*second partial in parameter space
       64.       40.       30.       20.       31.       24.
  0.0578  0.0483  0.0446  0.0474  0.0486  0.0420
  0.0455  0.0407  0.0392  0.0406  0.0416  0.0376
  0.0367  0.0347  0.0348  0.0337  0.0362  0.0345
  0.0334  0.0334  0.0334  0.0334  0.0334  0.0334
  0.0376  0.0363  0.0354  0.0371  0.0362  0.0341
  0.0458  0.0407  0.0393  0.0412  0.0414  0.0374
  0.0566  0.0481  0.0442  0.0454  0.0491  0.0423
    1.5368   17.8387   12.3272   -6.8490   -5.5378   -0.2535
eta,q 0.96657 16.15678

---------------------------------------------------------------------
imgreg_4dfp /opt/freesurfer/average/711-2C_as_mni_average_305 /opt/freesurfer/average/711-2B_as_mni_average_305_mask talsrcimg_g11 none talsrcimg_to_711-2C_as_mni_average_305_t4 3335
---------------------------------------------------------------------

freesurfer imgreg_4dfp.c
/opt/freesurfer/average/711-2C_as_mni_average_305.4dfp.img
       256       256       256         1
  1.000000  1.000000  1.000000
orientation T byte_order littleendian
Reading image: /opt/freesurfer/average/711-2C_as_mni_average_305.4dfp.img
dimensions:      256       256       256
mmppix:       1.0000   -1.0000   -1.0000
center:     128.0000 -129.0000 -129.0000
/opt/freesurfer/average/711-2B_as_mni_average_305_mask.4dfp.img
       256       256       256         1
  1.000000  1.000000  1.000000
orientation T byte_order littleendian
Reading mask: /opt/freesurfer/average/711-2B_as_mni_average_305_mask.4dfp.img (2306576 pixels)
talsrcimg_g11.4dfp.img
       256       256       256         1
  1.000000  1.000000  1.000000
orientation T byte_order littleendian
Reading image: talsrcimg_g11.4dfp.img
dimensions:      256       256       256
mmppix:       1.0000   -1.0000   -1.0000
center:     128.0000 -129.0000 -129.0000
fimgreg.f
image alignment mode   3335 decimal      D07 hex
parameters
    1.5368   17.8387   12.3272   -0.4677   -0.7095   -1.1770
   -0.7116    9.6340   -0.4403   11.8829   -9.6502  -11.8697
eta,q 0.96498 16.32632
niter,ni,del,rscale     5    3    5.0000    1.2000
parameter  4  0.824671 ->  0.500000 qaram    1.1500
parameter  5  1.773462 ->  0.500000 qaram    1.1500
parameters
    1.6626   17.9301   12.2105   -4.6077   -4.8495   -1.0142
   -0.3262    9.4243    0.3869   12.3490   -6.7219  -12.1221
eta,q 0.97341 16.07701
  0.0392  0.0379  0.0364  0.0318  0.0247  0.0291  0.0305  0.0318  0.0299  0.0311  0.0294  0.0281
  0.0370  0.0364  0.0356  0.0319  0.0264  0.0280  0.0287  0.0291  0.0284  0.0291  0.0283  0.0272
  0.0356  0.0354  0.0351  0.0330  0.0288  0.0273  0.0275  0.0275  0.0274  0.0277  0.0274  0.0267
  0.0350  0.0350  0.0350  0.0350  0.0321  0.0270  0.0270  0.0270  0.0270  0.0269  0.0269  0.0266
  0.0353  0.0352  0.0352  0.0380  0.0362  0.0271  0.0273  0.0277  0.0270  0.0271  0.0266  0.0269
  0.0364  0.0361  0.0358  0.0423  0.0407  0.0279  0.0283  0.0296  0.0277  0.0284  0.0267  0.0275
  0.0384  0.0375  0.0366  0.0476  0.0455  0.0289  0.0298  0.0323  0.0288  0.0303  0.0272  0.0282
niter,ni,del,rscale     6    3    5.0000    1.2000
parameter  5  0.847491 ->  0.500000 qaram    1.3225
parameters
    1.6551   18.0547   12.7210   -6.4257   -9.6105    0.7666
   -0.3334    9.3566    0.7529   12.8974   -7.1118  -14.2168
eta,q 0.97702 15.87210
  0.0308  0.0301  0.0292  0.0292  0.0233  0.0262  0.0269  0.0279  0.0262  0.0273  0.0244  0.0240
  0.0285  0.0282  0.0279  0.0277  0.0233  0.0250  0.0249  0.0255  0.0247  0.0252  0.0237  0.0232
  0.0271  0.0270  0.0271  0.0266  0.0244  0.0241  0.0236  0.0238  0.0237  0.0238  0.0233  0.0230
  0.0266  0.0266  0.0266  0.0265  0.0265  0.0235  0.0232  0.0232  0.0232  0.0232  0.0232  0.0232
  0.0271  0.0269  0.0265  0.0278  0.0295  0.0232  0.0237  0.0238  0.0234  0.0234  0.0234  0.0238
  0.0285  0.0279  0.0269  0.0303  0.0338  0.0236  0.0250  0.0256  0.0243  0.0244  0.0239  0.0247
  0.0308  0.0294  0.0276  0.0341  0.0388  0.0245  0.0268  0.0281  0.0257  0.0262  0.0247  0.0256
niter,ni,del,rscale     6    3    5.0000    1.2000
parameters
    1.6978   18.3090   13.1246   -6.1037  -12.7419    1.4065
   -0.5874    9.4089    0.8374   13.5147   -7.2903  -15.1358
eta,q 0.97796 15.76832
  0.0273  0.0271  0.0256  0.0274  0.0249  0.0248  0.0254  0.0267  0.0248  0.0260  0.0233  0.0234
  0.0250  0.0250  0.0243  0.0255  0.0232  0.0237  0.0236  0.0244  0.0234  0.0240  0.0227  0.0225
  0.0235  0.0236  0.0234  0.0240  0.0222  0.0229  0.0224  0.0228  0.0225  0.0227  0.0222  0.0221
  0.0230  0.0230  0.0229  0.0229  0.0228  0.0222  0.0221  0.0221  0.0221  0.0221  0.0221  0.0221
  0.0234  0.0231  0.0229  0.0230  0.0249  0.0222  0.0227  0.0226  0.0224  0.0223  0.0223  0.0225
  0.0248  0.0240  0.0234  0.0245  0.0282  0.0227  0.0240  0.0242  0.0233  0.0233  0.0227  0.0232
  0.0270  0.0257  0.0243  0.0274  0.0331  0.0244  0.0258  0.0267  0.0247  0.0249  0.0235  0.0241
niter,ni,del,rscale     5    3    5.0000    1.2000
parameters
    1.7580   18.7078   13.4118   -5.6572  -13.6632    1.6172
   -0.7091    9.4718    0.7713   14.0605   -7.3620  -15.5977
eta,q 0.97820 15.75594
  0.0263  0.0265  0.0244  0.0264  0.0262  0.0245  0.0252  0.0264  0.0244  0.0256  0.0231  0.0233
  0.0240  0.0244  0.0231  0.0246  0.0242  0.0234  0.0233  0.0241  0.0230  0.0236  0.0224  0.0224
  0.0226  0.0228  0.0223  0.0230  0.0226  0.0226  0.0222  0.0225  0.0221  0.0224  0.0220  0.0219
  0.0220  0.0220  0.0219  0.0219  0.0218  0.0219  0.0218  0.0218  0.0218  0.0218  0.0218  0.0218
  0.0225  0.0220  0.0220  0.0219  0.0228  0.0219  0.0224  0.0223  0.0222  0.0220  0.0220  0.0221
  0.0238  0.0228  0.0225  0.0233  0.0252  0.0226  0.0236  0.0239  0.0231  0.0230  0.0224  0.0228
  0.0259  0.0243  0.0234  0.0262  0.0287  0.0248  0.0253  0.0264  0.0245  0.0246  0.0232  0.0237
niter,ni,del,rscale     4    3    5.0000    1.2000
parameters
    1.7933   18.8807   13.4598   -5.5889  -13.9742    1.6923
   -0.7538    9.5222    0.7272   14.3426   -7.4364  -15.8476
eta,q 0.97821 15.74992
  0.0260  0.0256  0.0238  0.0260  0.0265  0.0245  0.0252  0.0264  0.0244  0.0253  0.0231  0.0234
  0.0237  0.0237  0.0227  0.0243  0.0245  0.0234  0.0233  0.0240  0.0230  0.0234  0.0224  0.0224
  0.0223  0.0224  0.0220  0.0228  0.0228  0.0225  0.0222  0.0224  0.0221  0.0223  0.0219  0.0219
  0.0218  0.0218  0.0218  0.0218  0.0218  0.0218  0.0218  0.0218  0.0218  0.0218  0.0218  0.0218
  0.0222  0.0220  0.0220  0.0219  0.0224  0.0219  0.0223  0.0223  0.0221  0.0221  0.0220  0.0221
  0.0236  0.0230  0.0226  0.0235  0.0245  0.0227  0.0235  0.0239  0.0230  0.0231  0.0224  0.0227
  0.0257  0.0247  0.0237  0.0266  0.0277  0.0250  0.0252  0.0263  0.0244  0.0247  0.0231  0.0236
niter,ni,del,rscale     3    3    5.0000    1.2000
parameters
    1.8073   18.9560   13.4640   -5.5805  -14.1014    1.7165
   -0.7715    9.5457    0.7071   14.4819   -7.4753  -15.9646
eta,q 0.97821 15.74691
  0.0259  0.0253  0.0238  0.0260  0.0267  0.0245  0.0252  0.0263  0.0244  0.0251  0.0231  0.0235
  0.0236  0.0234  0.0227  0.0243  0.0246  0.0234  0.0233  0.0240  0.0230  0.0233  0.0224  0.0225
  0.0222  0.0222  0.0220  0.0228  0.0229  0.0225  0.0222  0.0224  0.0221  0.0222  0.0219  0.0219
  0.0218  0.0218  0.0218  0.0218  0.0218  0.0218  0.0218  0.0218  0.0218  0.0218  0.0218  0.0218
  0.0223  0.0221  0.0220  0.0220  0.0222  0.0219  0.0223  0.0223  0.0221  0.0221  0.0220  0.0220
  0.0236  0.0231  0.0227  0.0235  0.0243  0.0228  0.0234  0.0239  0.0230  0.0232  0.0224  0.0226
  0.0257  0.0249  0.0237  0.0267  0.0275  0.0251  0.0251  0.0263  0.0244  0.0248  0.0231  0.0235
niter,ni,del,rscale     2    3    5.0000    1.2000
parameters
    1.8130   18.9913   13.4601   -5.5825  -14.1574    1.7270
   -0.7796    9.5551    0.7051   14.5480   -7.4889  -16.0296
eta,q 0.97820 15.74537
  0.0258  0.0251  0.0238  0.0259  0.0267  0.0245  0.0252  0.0263  0.0244  0.0251  0.0231  0.0235
  0.0236  0.0234  0.0227  0.0243  0.0246  0.0234  0.0233  0.0240  0.0230  0.0233  0.0224  0.0225
  0.0222  0.0222  0.0220  0.0228  0.0229  0.0225  0.0222  0.0224  0.0221  0.0222  0.0219  0.0219
  0.0218  0.0218  0.0218  0.0218  0.0218  0.0218  0.0218  0.0218  0.0218  0.0218  0.0218  0.0218
  0.0223  0.0221  0.0221  0.0220  0.0222  0.0219  0.0223  0.0223  0.0221  0.0222  0.0220  0.0220
  0.0236  0.0232  0.0227  0.0235  0.0243  0.0228  0.0234  0.0239  0.0230  0.0233  0.0224  0.0226
  0.0257  0.0250  0.0237  0.0267  0.0274  0.0251  0.0251  0.0263  0.0244  0.0249  0.0231  0.0235
niter,ni,del,rscale     1    3    5.0000    1.2000
parameters
    1.8145   19.0078   13.4579   -5.5825  -14.1815    1.7305
   -0.7837    9.5594    0.6993   14.5853   -7.4923  -16.0537
eta,q 0.97820 15.74482
  0.0258  0.0251  0.0238  0.0259  0.0267  0.0245  0.0252  0.0263  0.0244  0.0250  0.0231  0.0235
  0.0236  0.0233  0.0227  0.0243  0.0246  0.0235  0.0233  0.0240  0.0230  0.0233  0.0224  0.0225
  0.0222  0.0222  0.0220  0.0228  0.0229  0.0225  0.0222  0.0224  0.0221  0.0222  0.0219  0.0220
  0.0218  0.0218  0.0218  0.0218  0.0218  0.0218  0.0218  0.0218  0.0218  0.0218  0.0218  0.0218
  0.0223  0.0222  0.0221  0.0220  0.0222  0.0219  0.0223  0.0223  0.0221  0.0222  0.0220  0.0220
  0.0236  0.0233  0.0227  0.0235  0.0242  0.0228  0.0234  0.0239  0.0230  0.0233  0.0224  0.0226
  0.0257  0.0250  0.0237  0.0267  0.0273  0.0252  0.0251  0.0263  0.0244  0.0249  0.0231  0.0235
registration optimization eta report
parameter search radius
    2.4000    2.4000    2.4000    8.2800    9.5220    7.2000
    7.2000    7.2000    7.2000    7.2000    7.2000    7.2000
100000*second partial in parameter space
       69.       56.       34.        7.        6.        6.
        6.        9.        5.        6.        3.        3.
  0.0258  0.0251  0.0238  0.0259  0.0267  0.0245  0.0252  0.0263  0.0244  0.0250  0.0231  0.0235
  0.0236  0.0233  0.0227  0.0243  0.0246  0.0235  0.0233  0.0240  0.0230  0.0233  0.0224  0.0225
  0.0222  0.0222  0.0220  0.0228  0.0229  0.0225  0.0222  0.0224  0.0221  0.0222  0.0219  0.0220
  0.0218  0.0218  0.0218  0.0218  0.0218  0.0218  0.0218  0.0218  0.0218  0.0218  0.0218  0.0218
  0.0223  0.0222  0.0221  0.0220  0.0222  0.0219  0.0223  0.0223  0.0221  0.0222  0.0220  0.0220
  0.0236  0.0233  0.0227  0.0235  0.0242  0.0228  0.0234  0.0239  0.0230  0.0233  0.0224  0.0226
  0.0257  0.0250  0.0237  0.0267  0.0273  0.0252  0.0251  0.0263  0.0244  0.0249  0.0231  0.0235
    1.8145   19.0078   13.4579   -5.5825  -14.1815    1.7305
   -0.7837    9.5594    0.6993   14.5853   -7.4923  -16.0537
eta,q 0.97820 15.74482

---------------------------------------------------------------------
imgreg_4dfp /opt/freesurfer/average/711-2C_as_mni_average_305 /opt/freesurfer/average/711-2B_as_mni_average_305_mask talsrcimg_g11 none talsrcimg_to_711-2C_as_mni_average_305_t4 2311
---------------------------------------------------------------------

freesurfer imgreg_4dfp.c
/opt/freesurfer/average/711-2C_as_mni_average_305.4dfp.img
       256       256       256         1
  1.000000  1.000000  1.000000
orientation T byte_order littleendian
Reading image: /opt/freesurfer/average/711-2C_as_mni_average_305.4dfp.img
dimensions:      256       256       256
mmppix:       1.0000   -1.0000   -1.0000
center:     128.0000 -129.0000 -129.0000
/opt/freesurfer/average/711-2B_as_mni_average_305_mask.4dfp.img
       256       256       256         1
  1.000000  1.000000  1.000000
orientation T byte_order littleendian
Reading mask: /opt/freesurfer/average/711-2B_as_mni_average_305_mask.4dfp.img (2306576 pixels)
talsrcimg_g11.4dfp.img
       256       256       256         1
  1.000000  1.000000  1.000000
orientation T byte_order littleendian
Reading image: talsrcimg_g11.4dfp.img
dimensions:      256       256       256
mmppix:       1.0000   -1.0000   -1.0000
center:     128.0000 -129.0000 -129.0000
fimgreg.f
image alignment mode   2311 decimal      907 hex
parameters
    1.8145   19.0078   13.4579   -5.5825  -14.1815    1.7305
   -0.7837    9.5594    0.6993   14.5853   -7.4923  -16.0537
eta,q 0.97820 15.74481
niter,ni,del,rscale     5    3    5.0000    0.8000
parameters
    1.7991   19.0168   13.4287   -4.7940  -13.6622    2.3383
   -0.8382    9.6649    0.7366   14.5258   -7.1976  -16.0722
eta,q 0.97839 15.84148
  0.0236  0.0233  0.0227  0.0239  0.0237  0.0233  0.0233  0.0240  0.0229  0.0232  0.0224  0.0225
  0.0226  0.0225  0.0222  0.0230  0.0228  0.0227  0.0224  0.0228  0.0222  0.0223  0.0220  0.0220
  0.0220  0.0220  0.0219  0.0223  0.0221  0.0220  0.0218  0.0219  0.0218  0.0218  0.0217  0.0217
  0.0218  0.0218  0.0218  0.0218  0.0217  0.0217  0.0216  0.0216  0.0216  0.0216  0.0216  0.0216
  0.0220  0.0220  0.0219  0.0217  0.0217  0.0217  0.0218  0.0218  0.0218  0.0218  0.0217  0.0217
  0.0227  0.0225  0.0222  0.0221  0.0222  0.0220  0.0224  0.0226  0.0222  0.0224  0.0219  0.0220
  0.0236  0.0233  0.0227  0.0230  0.0231  0.0228  0.0233  0.0238  0.0229  0.0233  0.0222  0.0224
niter,ni,del,rscale     4    3    5.0000    0.7000
parameters
    1.8035   18.9261   13.4549   -4.8214  -13.5687    2.4540
   -0.8308    9.6693    0.7423   14.4271   -7.1927  -16.0040
eta,q 0.97840 15.84909
  0.0231  0.0227  0.0224  0.0230  0.0230  0.0228  0.0229  0.0234  0.0226  0.0228  0.0221  0.0223
  0.0223  0.0221  0.0219  0.0223  0.0224  0.0223  0.0222  0.0224  0.0221  0.0221  0.0218  0.0219
  0.0218  0.0217  0.0217  0.0218  0.0219  0.0218  0.0217  0.0218  0.0217  0.0217  0.0217  0.0217
  0.0216  0.0216  0.0216  0.0216  0.0216  0.0216  0.0216  0.0216  0.0216  0.0216  0.0216  0.0216
  0.0218  0.0218  0.0217  0.0217  0.0217  0.0217  0.0218  0.0218  0.0217  0.0218  0.0217  0.0217
  0.0223  0.0223  0.0219  0.0223  0.0222  0.0221  0.0222  0.0224  0.0221  0.0222  0.0218  0.0219
  0.0231  0.0230  0.0223  0.0231  0.0230  0.0228  0.0229  0.0234  0.0226  0.0229  0.0221  0.0222
niter,ni,del,rscale     3    3    5.0000    0.6000
parameters
    1.8021   18.8968   13.4642   -4.7749  -13.5009    2.5276
   -0.8414    9.6890    0.7633   14.3784   -7.1884  -15.9818
eta,q 0.97841 15.85743
  0.0227  0.0225  0.0221  0.0227  0.0227  0.0225  0.0226  0.0230  0.0224  0.0225  0.0220  0.0221
  0.0221  0.0220  0.0218  0.0222  0.0222  0.0221  0.0220  0.0222  0.0219  0.0220  0.0218  0.0218
  0.0217  0.0217  0.0217  0.0218  0.0218  0.0217  0.0217  0.0218  0.0217  0.0217  0.0216  0.0216
  0.0216  0.0216  0.0216  0.0216  0.0216  0.0216  0.0216  0.0216  0.0216  0.0216  0.0216  0.0216
  0.0217  0.0217  0.0217  0.0217  0.0217  0.0217  0.0217  0.0217  0.0217  0.0217  0.0216  0.0217
  0.0221  0.0220  0.0218  0.0221  0.0220  0.0220  0.0221  0.0222  0.0219  0.0220  0.0218  0.0218
  0.0227  0.0225  0.0221  0.0227  0.0227  0.0225  0.0226  0.0230  0.0223  0.0226  0.0220  0.0221
niter,ni,del,rscale     2    3    5.0000    0.5000
parameters
    1.8036   18.8805   13.4660   -4.7424  -13.4484    2.5543
   -0.8517    9.7034    0.7723   14.3596   -7.1983  -15.9914
eta,q 0.97841 15.86287
  0.0224  0.0222  0.0220  0.0224  0.0224  0.0222  0.0223  0.0225  0.0221  0.0222  0.0219  0.0219
  0.0219  0.0219  0.0218  0.0220  0.0220  0.0219  0.0219  0.0220  0.0218  0.0219  0.0217  0.0217
  0.0217  0.0217  0.0216  0.0217  0.0217  0.0217  0.0217  0.0217  0.0216  0.0217  0.0216  0.0216
  0.0216  0.0216  0.0216  0.0216  0.0216  0.0216  0.0216  0.0216  0.0216  0.0216  0.0216  0.0216
  0.0217  0.0217  0.0216  0.0217  0.0216  0.0217  0.0217  0.0217  0.0216  0.0217  0.0216  0.0216
  0.0219  0.0219  0.0218  0.0219  0.0219  0.0219  0.0219  0.0220  0.0218  0.0219  0.0217  0.0217
  0.0223  0.0222  0.0220  0.0224  0.0224  0.0222  0.0223  0.0226  0.0221  0.0223  0.0219  0.0219
niter,ni,del,rscale     1    3    5.0000    0.4000
parameters
    1.8058   18.8694   13.4617   -4.7272  -13.4013    2.5578
   -0.8660    9.7240    0.7887   14.3502   -7.2176  -15.9995
eta,q 0.97841 15.86647
  0.0221  0.0220  0.0218  0.0221  0.0221  0.0220  0.0220  0.0222  0.0219  0.0220  0.0218  0.0218
  0.0218  0.0218  0.0217  0.0218  0.0218  0.0218  0.0218  0.0219  0.0217  0.0218  0.0217  0.0217
  0.0216  0.0216  0.0216  0.0217  0.0217  0.0216  0.0216  0.0217  0.0216  0.0216  0.0216  0.0216
  0.0216  0.0216  0.0216  0.0216  0.0216  0.0216  0.0216  0.0216  0.0216  0.0216  0.0216  0.0216
  0.0216  0.0216  0.0216  0.0216  0.0216  0.0216  0.0216  0.0216  0.0216  0.0216  0.0216  0.0216
  0.0218  0.0218  0.0217  0.0218  0.0218  0.0218  0.0218  0.0219  0.0217  0.0218  0.0217  0.0217
  0.0221  0.0220  0.0218  0.0221  0.0221  0.0220  0.0220  0.0222  0.0219  0.0220  0.0218  0.0218
registration optimization eta report
parameter search radius
    0.8000    0.8000    0.8000    2.4000    2.4000    2.4000
    2.4000    2.4000    2.4000    2.4000    2.4000    2.4000
100000*second partial in parameter space
       77.       64.       37.        9.        9.        7.
        8.       11.        6.        7.        3.        4.
  0.0221  0.0220  0.0218  0.0221  0.0221  0.0220  0.0220  0.0222  0.0219  0.0220  0.0218  0.0218
  0.0218  0.0218  0.0217  0.0218  0.0218  0.0218  0.0218  0.0219  0.0217  0.0218  0.0217  0.0217
  0.0216  0.0216  0.0216  0.0217  0.0217  0.0216  0.0216  0.0217  0.0216  0.0216  0.0216  0.0216
  0.0216  0.0216  0.0216  0.0216  0.0216  0.0216  0.0216  0.0216  0.0216  0.0216  0.0216  0.0216
  0.0216  0.0216  0.0216  0.0216  0.0216  0.0216  0.0216  0.0216  0.0216  0.0216  0.0216  0.0216
  0.0218  0.0218  0.0217  0.0218  0.0218  0.0218  0.0218  0.0219  0.0217  0.0218  0.0217  0.0217
  0.0221  0.0220  0.0218  0.0221  0.0221  0.0220  0.0220  0.0222  0.0219  0.0220  0.0218  0.0218
    1.8058   18.8694   13.4617   -4.7272  -13.4013    2.5578
   -0.8660    9.7240    0.7887   14.3502   -7.2176  -15.9995
eta,q 0.97841 15.86647

---------------------------------------------------------------------
imgreg_4dfp /opt/freesurfer/average/711-2C_as_mni_average_305 /opt/freesurfer/average/711-2B_as_mni_average_305_mask talsrcimg_g11 none talsrcimg_to_711-2C_as_mni_average_305_t4 2311
---------------------------------------------------------------------

freesurfer imgreg_4dfp.c
/opt/freesurfer/average/711-2C_as_mni_average_305.4dfp.img
       256       256       256         1
  1.000000  1.000000  1.000000
orientation T byte_order littleendian
Reading image: /opt/freesurfer/average/711-2C_as_mni_average_305.4dfp.img
dimensions:      256       256       256
mmppix:       1.0000   -1.0000   -1.0000
center:     128.0000 -129.0000 -129.0000
/opt/freesurfer/average/711-2B_as_mni_average_305_mask.4dfp.img
       256       256       256         1
  1.000000  1.000000  1.000000
orientation T byte_order littleendian
Reading mask: /opt/freesurfer/average/711-2B_as_mni_average_305_mask.4dfp.img (2306576 pixels)
talsrcimg_g11.4dfp.img
       256       256       256         1
  1.000000  1.000000  1.000000
orientation T byte_order littleendian
Reading image: talsrcimg_g11.4dfp.img
dimensions:      256       256       256
mmppix:       1.0000   -1.0000   -1.0000
center:     128.0000 -129.0000 -129.0000
fimgreg.f
image alignment mode   2311 decimal      907 hex
parameters
    1.8058   18.8694   13.4617   -4.7272  -13.4013    2.5578
   -0.8660    9.7240    0.7887   14.3502   -7.2176  -15.9995
eta,q 0.97841 15.86646
niter,ni,del,rscale     5    3    5.0000    0.8000
parameters
    1.8167   18.8652   13.4816   -4.9411  -13.5768    2.3735
   -0.8349    9.6646    0.7483   14.3363   -7.2178  -15.8945
eta,q 0.97839 15.83749
  0.0236  0.0232  0.0226  0.0233  0.0232  0.0230  0.0233  0.0239  0.0229  0.0232  0.0223  0.0225
  0.0225  0.0223  0.0220  0.0225  0.0225  0.0223  0.0224  0.0227  0.0222  0.0223  0.0219  0.0220
  0.0218  0.0218  0.0217  0.0218  0.0219  0.0218  0.0218  0.0219  0.0217  0.0218  0.0217  0.0217
  0.0216  0.0216  0.0216  0.0216  0.0216  0.0216  0.0216  0.0216  0.0216  0.0216  0.0216  0.0216
  0.0218  0.0218  0.0217  0.0218  0.0218  0.0218  0.0218  0.0219  0.0218  0.0218  0.0217  0.0217
  0.0225  0.0223  0.0220  0.0225  0.0225  0.0223  0.0224  0.0227  0.0222  0.0223  0.0219  0.0220
  0.0235  0.0232  0.0225  0.0238  0.0236  0.0234  0.0233  0.0240  0.0229  0.0232  0.0223  0.0224
niter,ni,del,rscale     4    3    5.0000    0.7000
parameters
    1.8078   18.8875   13.4739   -4.8230  -13.5336    2.4541
   -0.8285    9.6730    0.7556   14.3405   -7.1907  -15.9356
eta,q 0.97841 15.84900
  0.0231  0.0229  0.0223  0.0231  0.0230  0.0228  0.0229  0.0234  0.0226  0.0229  0.0221  0.0222
  0.0222  0.0222  0.0219  0.0224  0.0223  0.0222  0.0222  0.0224  0.0221  0.0222  0.0218  0.0219
  0.0218  0.0218  0.0217  0.0219  0.0218  0.0218  0.0217  0.0218  0.0217  0.0217  0.0217  0.0216
  0.0216  0.0216  0.0216  0.0216  0.0216  0.0216  0.0216  0.0216  0.0216  0.0216  0.0216  0.0216
  0.0218  0.0217  0.0217  0.0217  0.0217  0.0217  0.0218  0.0218  0.0217  0.0217  0.0217  0.0217
  0.0223  0.0221  0.0219  0.0222  0.0222  0.0221  0.0222  0.0224  0.0221  0.0222  0.0218  0.0219
  0.0231  0.0228  0.0223  0.0230  0.0230  0.0228  0.0229  0.0234  0.0226  0.0229  0.0221  0.0222
niter,ni,del,rscale     3    3    5.0000    0.6000
parameters
    1.8051   18.8803   13.4698   -4.7742  -13.4849    2.5259
   -0.8370    9.6878    0.7669   14.3449   -7.1768  -15.9416
eta,q 0.97841 15.85747
  0.0227  0.0225  0.0221  0.0227  0.0227  0.0225  0.0226  0.0230  0.0224  0.0225  0.0220  0.0221
  0.0221  0.0220  0.0218  0.0222  0.0222  0.0221  0.0220  0.0222  0.0219  0.0220  0.0218  0.0218
  0.0217  0.0217  0.0216  0.0218  0.0218  0.0217  0.0217  0.0218  0.0217  0.0217  0.0216  0.0216
  0.0216  0.0216  0.0216  0.0216  0.0216  0.0216  0.0216  0.0216  0.0216  0.0216  0.0216  0.0216
  0.0217  0.0217  0.0217  0.0217  0.0217  0.0217  0.0217  0.0217  0.0217  0.0217  0.0216  0.0217
  0.0221  0.0220  0.0218  0.0221  0.0221  0.0220  0.0221  0.0222  0.0219  0.0220  0.0218  0.0218
  0.0227  0.0225  0.0221  0.0227  0.0227  0.0225  0.0226  0.0230  0.0223  0.0225  0.0220  0.0221
niter,ni,del,rscale     2    3    5.0000    0.5000
parameters
    1.8019   18.8719   13.4694   -4.7431  -13.4404    2.5609
   -0.8416    9.7009    0.7757   14.3376   -7.1825  -15.9644
eta,q 0.97841 15.86298
  0.0224  0.0222  0.0220  0.0224  0.0224  0.0222  0.0223  0.0226  0.0221  0.0222  0.0219  0.0219
  0.0219  0.0219  0.0217  0.0220  0.0220  0.0219  0.0219  0.0220  0.0218  0.0219  0.0217  0.0217
  0.0217  0.0217  0.0216  0.0217  0.0217  0.0217  0.0217  0.0217  0.0216  0.0217  0.0216  0.0216
  0.0216  0.0216  0.0216  0.0216  0.0216  0.0216  0.0216  0.0216  0.0216  0.0216  0.0216  0.0216
  0.0217  0.0217  0.0216  0.0217  0.0216  0.0217  0.0217  0.0217  0.0216  0.0217  0.0216  0.0216
  0.0219  0.0219  0.0218  0.0219  0.0219  0.0219  0.0219  0.0220  0.0218  0.0219  0.0217  0.0217
  0.0224  0.0222  0.0220  0.0224  0.0224  0.0222  0.0223  0.0226  0.0221  0.0223  0.0219  0.0219
niter,ni,del,rscale     1    3    5.0000    0.4000
parameters
    1.8022   18.8671   13.4644   -4.7257  -13.3991    2.5530
   -0.8649    9.7173    0.7865   14.3449   -7.2119  -15.9967
eta,q 0.97841 15.86625
  0.0221  0.0220  0.0218  0.0221  0.0221  0.0220  0.0220  0.0222  0.0219  0.0220  0.0218  0.0218
  0.0218  0.0218  0.0217  0.0218  0.0218  0.0218  0.0218  0.0219  0.0217  0.0218  0.0217  0.0217
  0.0216  0.0216  0.0216  0.0217  0.0217  0.0216  0.0216  0.0217  0.0216  0.0216  0.0216  0.0216
  0.0216  0.0216  0.0216  0.0216  0.0216  0.0216  0.0216  0.0216  0.0216  0.0216  0.0216  0.0216
  0.0216  0.0216  0.0216  0.0216  0.0216  0.0216  0.0216  0.0216  0.0216  0.0216  0.0216  0.0216
  0.0218  0.0218  0.0217  0.0218  0.0218  0.0218  0.0218  0.0219  0.0217  0.0218  0.0217  0.0217
  0.0221  0.0220  0.0218  0.0221  0.0221  0.0220  0.0221  0.0222  0.0219  0.0220  0.0218  0.0218
registration optimization eta report
parameter search radius
    0.8000    0.8000    0.8000    2.4000    2.4000    2.4000
    2.4000    2.4000    2.4000    2.4000    2.4000    2.4000
100000*second partial in parameter space
       77.       64.       37.        9.        9.        7.
        8.       11.        6.        7.        3.        4.
  0.0221  0.0220  0.0218  0.0221  0.0221  0.0220  0.0220  0.0222  0.0219  0.0220  0.0218  0.0218
  0.0218  0.0218  0.0217  0.0218  0.0218  0.0218  0.0218  0.0219  0.0217  0.0218  0.0217  0.0217
  0.0216  0.0216  0.0216  0.0217  0.0217  0.0216  0.0216  0.0217  0.0216  0.0216  0.0216  0.0216
  0.0216  0.0216  0.0216  0.0216  0.0216  0.0216  0.0216  0.0216  0.0216  0.0216  0.0216  0.0216
  0.0216  0.0216  0.0216  0.0216  0.0216  0.0216  0.0216  0.0216  0.0216  0.0216  0.0216  0.0216
  0.0218  0.0218  0.0217  0.0218  0.0218  0.0218  0.0218  0.0219  0.0217  0.0218  0.0217  0.0217
  0.0221  0.0220  0.0218  0.0221  0.0221  0.0220  0.0221  0.0222  0.0219  0.0220  0.0218  0.0218
    1.8022   18.8671   13.4644   -4.7257  -13.3991    2.5530
   -0.8649    9.7173    0.7865   14.3449   -7.2119  -15.9967
eta,q 0.97841 15.86625

---------------------------------------------------------------------
compute_vox2vox talsrcimg talsrcimg_to_711-2C_as_mni_average_305_t4 /opt/freesurfer/average/711-2C_as_mni_average_305
---------------------------------------------------------------------

freesurfer compute_vox2vox.c
Reading: talsrcimg.4dfp.ifh
Reading: talsrcimg_to_711-2C_as_mni_average_305_t4
Reading: /opt/freesurfer/average/711-2C_as_mni_average_305.4dfp.ifh
Writing: talsrcimg_to_711-2C_as_mni_average_305_t4_vox2vox.txt

start time Mon Mar 9 15:27:04 CET 2026
end		time Mon Mar 9 15:28:30 CET 2026

mpr2mni305 success

avi2talxfm orig_nu.mgz /opt/freesurfer/average/mni305.cor.mgz talsrcimg_to_711-2C_as_mni_average_305_t4_vox2vox.txt transforms/talairach.auto.xfm
avi2talxfm done
mv -f /out/sourcedata/freesurfer/sub-v1s22x0050491_ses-1/mri/talsrcimg_to_711-2C_as_mni_average_305_t4_vox2vox.txt /out/sourcedata/freesurfer/sub-v1s22x0050491_ses-1/mri/transforms/talsrcimg_to_711-2C_as_mni_average_305_t4_vox2vox.txt
lta_convert --src orig_nu.mgz --trg /opt/freesurfer/average/mni305.cor.mgz --inxfm transforms/talairach.auto.xfm --outlta transforms/talairach.auto.xfm.lta --subject fsaverage
7.3.2

--src: orig_nu.mgz src image (geometry).
--trg: /opt/freesurfer/average/mni305.cor.mgz trg image (geometry).
--inmni: transforms/talairach.auto.xfm input MNI/XFM transform.
--outlta: transforms/talairach.auto.xfm.lta output LTA.
--s: fsaverage subject name
 LTA read, type : 1
 1.04227  -0.09769  -0.00764   3.41336;
 0.07001   0.94398   0.17507  -51.24644;
-0.02106  -0.15548   1.12579  -0.45378;
 0.00000   0.00000   0.00000   1.00000;
setting subject to fsaverage
Writing  LTA to file transforms/talairach.auto.xfm.lta...
lta_convert successful.
 
 
Started at Mon Mar 9 15:27:04 CET 2026
Ended   at Mon Mar  9 15:28:30 CET 2026
talairach_avi done
