status file for recon-all
Mon Mar  9 14:14:04 CET 2026
#@# Tessellate lh Mon Mar  9 14:14:04 CET 2026
#@# Smooth1 lh Mon Mar  9 14:14:07 CET 2026
#@# Inflation1 lh Mon Mar  9 14:14:10 CET 2026
#@# QSphere lh Mon Mar  9 14:14:19 CET 2026
#@# Fix Topology lh Mon Mar  9 14:15:19 CET 2026
#@# Smooth2 lh Mon Mar  9 14:20:12 CET 2026
#@# Inflation2 lh Mon Mar  9 14:20:14 CET 2026
#@# Curv .H and .K lh Mon Mar  9 14:20:24 CET 2026
#@# Sphere lh Mon Mar  9 14:21:11 CET 2026
#@# Surf Reg lh Mon Mar  9 14:23:24 CET 2026
#@# Jacobian white lh Mon Mar  9 14:26:49 CET 2026
#@# AvgCurv lh Mon Mar  9 14:26:50 CET 2026
#@# Cortical Parc lh Mon Mar  9 14:26:51 CET 2026
#@# white curv lh Mon Mar  9 14:32:17 CET 2026
#@# white area lh Mon Mar  9 14:32:19 CET 2026
#@# pial curv lh Mon Mar  9 14:32:19 CET 2026
#@# pial area lh Mon Mar  9 14:32:21 CET 2026
#@# thickness lh Mon Mar  9 14:32:22 CET 2026
#@# area and vertex vol lh Mon Mar  9 14:32:51 CET 2026
#@# Curvature Stats lh Mon Mar  9 14:32:52 CET 2026
#@# Cortical Parc 2 lh Mon Mar  9 14:32:54 CET 2026
#@# Cortical Parc 3 lh Mon Mar  9 14:33:08 CET 2026
#@# WM/GM Contrast lh Mon Mar  9 14:33:17 CET 2026
recon-all -s sub-v1s22x0050461_ses-1 finished without error at Mon Mar  9 14:33:22 CET 2026



#New# invocation of recon-all 



status file for recon-all
Mon Mar  9 14:58:53 CET 2026
#@# white curv lh Mon Mar  9 14:58:53 CET 2026
#@# white area lh Mon Mar  9 14:58:53 CET 2026
#@# pial curv lh Mon Mar  9 14:58:53 CET 2026
#@# pial area lh Mon Mar  9 14:58:53 CET 2026
#@# thickness lh Mon Mar  9 14:58:53 CET 2026
#@# area and vertex vol lh Mon Mar  9 14:58:53 CET 2026
#@# Parcellation Stats lh Mon Mar  9 14:58:53 CET 2026
#@# Parcellation Stats 2 lh Mon Mar  9 14:59:11 CET 2026
#@# Parcellation Stats 3 lh Mon Mar  9 14:59:20 CET 2026
#@# BA_exvivo Labels lh Mon Mar  9 14:59:28 CET 2026
recon-all -s sub-v1s22x0050461_ses-1 finished without error at Mon Mar  9 15:01:48 CET 2026
