status file for recon-all
Mon Mar  9 18:04:19 CET 2026
#@# Tessellate rh Mon Mar  9 18:04:19 CET 2026
#@# Smooth1 rh Mon Mar  9 18:04:22 CET 2026
#@# Inflation1 rh Mon Mar  9 18:04:24 CET 2026
#@# QSphere rh Mon Mar  9 18:04:39 CET 2026
#@# Fix Topology rh Mon Mar  9 18:06:29 CET 2026
#@# Smooth2 rh Mon Mar  9 18:11:31 CET 2026
#@# Inflation2 rh Mon Mar  9 18:11:33 CET 2026
#@# Curv .H and .K rh Mon Mar  9 18:11:48 CET 2026
#@# Sphere rh Mon Mar  9 18:12:29 CET 2026
#@# Surf Reg rh Mon Mar  9 18:16:04 CET 2026
#@# Jacobian white rh Mon Mar  9 18:20:43 CET 2026
#@# AvgCurv rh Mon Mar  9 18:20:44 CET 2026
#@# Cortical Parc rh Mon Mar  9 18:20:45 CET 2026
#@# white curv rh Mon Mar  9 18:27:43 CET 2026
#@# white area rh Mon Mar  9 18:27:45 CET 2026
#@# pial curv rh Mon Mar  9 18:27:45 CET 2026
#@# pial area rh Mon Mar  9 18:27:47 CET 2026
#@# thickness rh Mon Mar  9 18:27:48 CET 2026
#@# area and vertex vol rh Mon Mar  9 18:28:09 CET 2026
#@# Curvature Stats rh Mon Mar  9 18:28:10 CET 2026
#@# Cortical Parc 2 rh Mon Mar  9 18:28:12 CET 2026
#@# Cortical Parc 3 rh Mon Mar  9 18:28:24 CET 2026
#@# WM/GM Contrast rh Mon Mar  9 18:28:32 CET 2026
recon-all -s sub-v1s22x0050517_ses-1 finished without error at Mon Mar  9 18:28:36 CET 2026



#New# invocation of recon-all 



status file for recon-all
Mon Mar  9 18:36:11 CET 2026
#@# white curv rh Mon Mar  9 18:36:12 CET 2026
#@# white area rh Mon Mar  9 18:36:12 CET 2026
#@# pial curv rh Mon Mar  9 18:36:12 CET 2026
#@# pial area rh Mon Mar  9 18:36:12 CET 2026
#@# thickness rh Mon Mar  9 18:36:12 CET 2026
#@# area and vertex vol rh Mon Mar  9 18:36:12 CET 2026
#@# Parcellation Stats rh Mon Mar  9 18:36:12 CET 2026
#@# Parcellation Stats 2 rh Mon Mar  9 18:36:30 CET 2026
#@# Parcellation Stats 3 rh Mon Mar  9 18:36:39 CET 2026
#@# BA_exvivo Labels rh Mon Mar  9 18:36:48 CET 2026
recon-all -s sub-v1s22x0050517_ses-1 finished without error at Mon Mar  9 18:39:13 CET 2026
