status file for recon-all
Mon Mar  9 17:41:11 CET 2026
#@# Tessellate lh Mon Mar  9 17:41:11 CET 2026
#@# Smooth1 lh Mon Mar  9 17:41:14 CET 2026
#@# Inflation1 lh Mon Mar  9 17:41:16 CET 2026
#@# QSphere lh Mon Mar  9 17:41:30 CET 2026
#@# Fix Topology lh Mon Mar  9 17:42:42 CET 2026
#@# Smooth2 lh Mon Mar  9 17:47:57 CET 2026
#@# Inflation2 lh Mon Mar  9 17:48:00 CET 2026
#@# Curv .H and .K lh Mon Mar  9 17:48:15 CET 2026
#@# Sphere lh Mon Mar  9 17:48:57 CET 2026
#@# Surf Reg lh Mon Mar  9 17:52:27 CET 2026
#@# Jacobian white lh Mon Mar  9 17:56:38 CET 2026
#@# AvgCurv lh Mon Mar  9 17:56:39 CET 2026
#@# Cortical Parc lh Mon Mar  9 17:56:40 CET 2026
#@# white curv lh Mon Mar  9 18:03:21 CET 2026
#@# white area lh Mon Mar  9 18:03:23 CET 2026
#@# pial curv lh Mon Mar  9 18:03:23 CET 2026
#@# pial area lh Mon Mar  9 18:03:25 CET 2026
#@# thickness lh Mon Mar  9 18:03:26 CET 2026
#@# area and vertex vol lh Mon Mar  9 18:03:49 CET 2026
#@# Curvature Stats lh Mon Mar  9 18:03:50 CET 2026
#@# Cortical Parc 2 lh Mon Mar  9 18:03:52 CET 2026
#@# Cortical Parc 3 lh Mon Mar  9 18:04:04 CET 2026
#@# WM/GM Contrast lh Mon Mar  9 18:04:12 CET 2026
recon-all -s sub-v1s22x0050517_ses-1 finished without error at Mon Mar  9 18:04:16 CET 2026



#New# invocation of recon-all 



status file for recon-all
Mon Mar  9 18:33:04 CET 2026
#@# white curv lh Mon Mar  9 18:33:04 CET 2026
#@# white area lh Mon Mar  9 18:33:04 CET 2026
#@# pial curv lh Mon Mar  9 18:33:04 CET 2026
#@# pial area lh Mon Mar  9 18:33:04 CET 2026
#@# thickness lh Mon Mar  9 18:33:04 CET 2026
#@# area and vertex vol lh Mon Mar  9 18:33:04 CET 2026
#@# Parcellation Stats lh Mon Mar  9 18:33:04 CET 2026
#@# Parcellation Stats 2 lh Mon Mar  9 18:33:23 CET 2026
#@# Parcellation Stats 3 lh Mon Mar  9 18:33:33 CET 2026
#@# BA_exvivo Labels lh Mon Mar  9 18:33:42 CET 2026
recon-all -s sub-v1s22x0050517_ses-1 finished without error at Mon Mar  9 18:36:08 CET 2026
