status file for recon-all
Mon Mar  9 11:54:40 CET 2026
#@# MotionCor Mon Mar  9 11:54:47 CET 2026
#@# Talairach Mon Mar  9 11:55:05 CET 2026
#@# Talairach Failure Detection Mon Mar  9 11:59:28 CET 2026
#@# Nu Intensity Correction Mon Mar  9 11:59:28 CET 2026
#@# Intensity Normalization Mon Mar  9 12:02:41 CET 2026
recon-all -s sub-v1s22x0050437_ses-1 finished without error at Mon Mar  9 12:04:13 CET 2026



#New# invocation of recon-all 



status file for recon-all
Mon Mar  9 12:15:15 CET 2026
#@# EM Registration Mon Mar  9 12:15:15 CET 2026
recon-all -s sub-v1s22x0050437_ses-1 finished without error at Mon Mar  9 12:16:46 CET 2026



#New# invocation of recon-all 



status file for recon-all
Mon Mar  9 12:16:49 CET 2026
#@# CA Normalize Mon Mar  9 12:16:49 CET 2026
#@# CA Reg Mon Mar  9 12:18:10 CET 2026
#@# SubCort Seg Mon Mar  9 12:55:53 CET 2026
#@# CC Seg Mon Mar  9 13:23:55 CET 2026
#@# Merge ASeg Mon Mar  9 13:24:30 CET 2026
#@# Intensity Normalization2 Mon Mar  9 13:24:30 CET 2026
#@# Mask BFS Mon Mar  9 13:26:46 CET 2026
#@# WM Segmentation Mon Mar  9 13:26:47 CET 2026
#@# Fill Mon Mar  9 13:28:37 CET 2026
recon-all -s sub-v1s22x0050437_ses-1 finished without error at Mon Mar  9 13:29:37 CET 2026



#New# invocation of recon-all 



status file for recon-all
Mon Mar  9 14:10:28 CET 2026
#@# white curv lh Mon Mar  9 14:10:28 CET 2026
#@# white area lh Mon Mar  9 14:10:28 CET 2026
#@# pial curv lh Mon Mar  9 14:10:28 CET 2026
#@# pial area lh Mon Mar  9 14:10:28 CET 2026
#@# thickness lh Mon Mar  9 14:10:28 CET 2026
#@# area and vertex vol lh Mon Mar  9 14:10:28 CET 2026
#@# white curv rh Mon Mar  9 14:10:28 CET 2026
#@# white area rh Mon Mar  9 14:10:28 CET 2026
#@# pial curv rh Mon Mar  9 14:10:28 CET 2026
#@# pial area rh Mon Mar  9 14:10:28 CET 2026
#@# thickness rh Mon Mar  9 14:10:28 CET 2026
#@# area and vertex vol rh Mon Mar  9 14:10:28 CET 2026
#@# Cortical ribbon mask Mon Mar  9 14:10:28 CET 2026
recon-all -s sub-v1s22x0050437_ses-1 finished without error at Mon Mar  9 14:16:43 CET 2026



#New# invocation of recon-all 



status file for recon-all
Mon Mar  9 14:23:13 CET 2026
#@# white curv lh Mon Mar  9 14:23:13 CET 2026
#@# white area lh Mon Mar  9 14:23:13 CET 2026
#@# pial curv lh Mon Mar  9 14:23:13 CET 2026
#@# pial area lh Mon Mar  9 14:23:13 CET 2026
#@# thickness lh Mon Mar  9 14:23:13 CET 2026
#@# area and vertex vol lh Mon Mar  9 14:23:13 CET 2026
#@# white curv rh Mon Mar  9 14:23:13 CET 2026
#@# white area rh Mon Mar  9 14:23:13 CET 2026
#@# pial curv rh Mon Mar  9 14:23:13 CET 2026
#@# pial area rh Mon Mar  9 14:23:13 CET 2026
#@# thickness rh Mon Mar  9 14:23:13 CET 2026
#@# area and vertex vol rh Mon Mar  9 14:23:13 CET 2026
#@# Curvature Stats lh Mon Mar  9 14:23:13 CET 2026
#@# Curvature Stats rh Mon Mar  9 14:23:15 CET 2026
#@# Relabel Hypointensities Mon Mar  9 14:23:18 CET 2026
#@# APas-to-ASeg Mon Mar  9 14:23:33 CET 2026
#@# AParc-to-ASeg aparc Mon Mar  9 14:23:40 CET 2026
#@# AParc-to-ASeg aparc.a2009s Mon Mar  9 14:24:16 CET 2026
#@# AParc-to-ASeg aparc.DKTatlas Mon Mar  9 14:24:52 CET 2026
#@# WMParc Mon Mar  9 14:25:28 CET 2026
#@# ASeg Stats Mon Mar  9 14:29:04 CET 2026
recon-all -s sub-v1s22x0050437_ses-1 finished without error at Mon Mar  9 14:29:37 CET 2026
