status file for recon-all
Mon Mar  9 13:29:42 CET 2026
#@# Tessellate lh Mon Mar  9 13:29:42 CET 2026
#@# Smooth1 lh Mon Mar  9 13:29:45 CET 2026
#@# Inflation1 lh Mon Mar  9 13:29:47 CET 2026
#@# QSphere lh Mon Mar  9 13:29:57 CET 2026
#@# Fix Topology lh Mon Mar  9 13:30:57 CET 2026
#@# Smooth2 lh Mon Mar  9 13:36:14 CET 2026
#@# Inflation2 lh Mon Mar  9 13:36:17 CET 2026
#@# Curv .H and .K lh Mon Mar  9 13:36:28 CET 2026
#@# Sphere lh Mon Mar  9 13:37:18 CET 2026
#@# Surf Reg lh Mon Mar  9 13:39:27 CET 2026
#@# Jacobian white lh Mon Mar  9 13:42:45 CET 2026
#@# AvgCurv lh Mon Mar  9 13:42:46 CET 2026
#@# Cortical Parc lh Mon Mar  9 13:42:47 CET 2026
#@# white curv lh Mon Mar  9 13:48:39 CET 2026
#@# white area lh Mon Mar  9 13:48:40 CET 2026
#@# pial curv lh Mon Mar  9 13:48:41 CET 2026
#@# pial area lh Mon Mar  9 13:48:43 CET 2026
#@# thickness lh Mon Mar  9 13:48:43 CET 2026
#@# area and vertex vol lh Mon Mar  9 13:49:14 CET 2026
#@# Curvature Stats lh Mon Mar  9 13:49:16 CET 2026
#@# Cortical Parc 2 lh Mon Mar  9 13:49:18 CET 2026
#@# Cortical Parc 3 lh Mon Mar  9 13:49:31 CET 2026
#@# WM/GM Contrast lh Mon Mar  9 13:49:41 CET 2026
recon-all -s sub-v1s22x0050437_ses-1 finished without error at Mon Mar  9 13:49:46 CET 2026



#New# invocation of recon-all 



status file for recon-all
Mon Mar  9 14:16:46 CET 2026
#@# white curv lh Mon Mar  9 14:16:46 CET 2026
#@# white area lh Mon Mar  9 14:16:46 CET 2026
#@# pial curv lh Mon Mar  9 14:16:46 CET 2026
#@# pial area lh Mon Mar  9 14:16:46 CET 2026
#@# thickness lh Mon Mar  9 14:16:46 CET 2026
#@# area and vertex vol lh Mon Mar  9 14:16:46 CET 2026
#@# Parcellation Stats lh Mon Mar  9 14:16:46 CET 2026
#@# Parcellation Stats 2 lh Mon Mar  9 14:17:06 CET 2026
#@# Parcellation Stats 3 lh Mon Mar  9 14:17:17 CET 2026
#@# BA_exvivo Labels lh Mon Mar  9 14:17:27 CET 2026
recon-all -s sub-v1s22x0050437_ses-1 finished without error at Mon Mar  9 14:19:54 CET 2026
