status file for recon-all
Mon Mar  9 13:49:48 CET 2026
#@# Tessellate rh Mon Mar  9 13:49:48 CET 2026
#@# Smooth1 rh Mon Mar  9 13:49:51 CET 2026
#@# Inflation1 rh Mon Mar  9 13:49:54 CET 2026
#@# QSphere rh Mon Mar  9 13:50:05 CET 2026
#@# Fix Topology rh Mon Mar  9 13:51:05 CET 2026
#@# Smooth2 rh Mon Mar  9 13:56:33 CET 2026
#@# Inflation2 rh Mon Mar  9 13:56:36 CET 2026
#@# Curv .H and .K rh Mon Mar  9 13:56:50 CET 2026
#@# Sphere rh Mon Mar  9 13:57:40 CET 2026
#@# Surf Reg rh Mon Mar  9 13:59:46 CET 2026
#@# Jacobian white rh Mon Mar  9 14:03:36 CET 2026
#@# AvgCurv rh Mon Mar  9 14:03:36 CET 2026
#@# Cortical Parc rh Mon Mar  9 14:03:37 CET 2026
#@# white curv rh Mon Mar  9 14:09:16 CET 2026
#@# white area rh Mon Mar  9 14:09:18 CET 2026
#@# pial curv rh Mon Mar  9 14:09:19 CET 2026
#@# pial area rh Mon Mar  9 14:09:21 CET 2026
#@# thickness rh Mon Mar  9 14:09:21 CET 2026
#@# area and vertex vol rh Mon Mar  9 14:09:53 CET 2026
#@# Curvature Stats rh Mon Mar  9 14:09:54 CET 2026
#@# Cortical Parc 2 rh Mon Mar  9 14:09:57 CET 2026
#@# Cortical Parc 3 rh Mon Mar  9 14:10:10 CET 2026
#@# WM/GM Contrast rh Mon Mar  9 14:10:20 CET 2026
recon-all -s sub-v1s22x0050437_ses-1 finished without error at Mon Mar  9 14:10:25 CET 2026



#New# invocation of recon-all 



status file for recon-all
Mon Mar  9 14:19:58 CET 2026
#@# white curv rh Mon Mar  9 14:19:58 CET 2026
#@# white area rh Mon Mar  9 14:19:58 CET 2026
#@# pial curv rh Mon Mar  9 14:19:58 CET 2026
#@# pial area rh Mon Mar  9 14:19:58 CET 2026
#@# thickness rh Mon Mar  9 14:19:58 CET 2026
#@# area and vertex vol rh Mon Mar  9 14:19:58 CET 2026
#@# Parcellation Stats rh Mon Mar  9 14:19:58 CET 2026
#@# Parcellation Stats 2 rh Mon Mar  9 14:20:18 CET 2026
#@# Parcellation Stats 3 rh Mon Mar  9 14:20:28 CET 2026
#@# BA_exvivo Labels rh Mon Mar  9 14:20:38 CET 2026
recon-all -s sub-v1s22x0050437_ses-1 finished without error at Mon Mar  9 14:23:09 CET 2026
