status file for recon-all
Mon Mar  9 13:57:43 CET 2026
#@# Tessellate rh Mon Mar  9 13:57:43 CET 2026
#@# Smooth1 rh Mon Mar  9 13:57:47 CET 2026
#@# Inflation1 rh Mon Mar  9 13:57:49 CET 2026
#@# QSphere rh Mon Mar  9 13:58:00 CET 2026
#@# Fix Topology rh Mon Mar  9 13:59:22 CET 2026
#@# Smooth2 rh Mon Mar  9 14:04:06 CET 2026
#@# Inflation2 rh Mon Mar  9 14:04:09 CET 2026
#@# Curv .H and .K rh Mon Mar  9 14:04:22 CET 2026
#@# Sphere rh Mon Mar  9 14:05:05 CET 2026
#@# Surf Reg rh Mon Mar  9 14:07:11 CET 2026
#@# Jacobian white rh Mon Mar  9 14:10:34 CET 2026
#@# AvgCurv rh Mon Mar  9 14:10:35 CET 2026
#@# Cortical Parc rh Mon Mar  9 14:10:36 CET 2026
#@# white curv rh Mon Mar  9 14:16:23 CET 2026
#@# white area rh Mon Mar  9 14:16:24 CET 2026
#@# pial curv rh Mon Mar  9 14:16:25 CET 2026
#@# pial area rh Mon Mar  9 14:16:27 CET 2026
#@# thickness rh Mon Mar  9 14:16:27 CET 2026
#@# area and vertex vol rh Mon Mar  9 14:16:54 CET 2026
#@# Curvature Stats rh Mon Mar  9 14:16:55 CET 2026
#@# Cortical Parc 2 rh Mon Mar  9 14:16:57 CET 2026
#@# Cortical Parc 3 rh Mon Mar  9 14:17:09 CET 2026
#@# WM/GM Contrast rh Mon Mar  9 14:17:17 CET 2026
recon-all -s sub-v1s22x0050434_ses-1 finished without error at Mon Mar  9 14:17:22 CET 2026



#New# invocation of recon-all 



status file for recon-all
Mon Mar  9 14:25:29 CET 2026
#@# white curv rh Mon Mar  9 14:25:30 CET 2026
#@# white area rh Mon Mar  9 14:25:30 CET 2026
#@# pial curv rh Mon Mar  9 14:25:30 CET 2026
#@# pial area rh Mon Mar  9 14:25:30 CET 2026
#@# thickness rh Mon Mar  9 14:25:30 CET 2026
#@# area and vertex vol rh Mon Mar  9 14:25:30 CET 2026
#@# Parcellation Stats rh Mon Mar  9 14:25:30 CET 2026
#@# Parcellation Stats 2 rh Mon Mar  9 14:25:45 CET 2026
#@# Parcellation Stats 3 rh Mon Mar  9 14:25:53 CET 2026
#@# BA_exvivo Labels rh Mon Mar  9 14:26:02 CET 2026
recon-all -s sub-v1s22x0050434_ses-1 finished without error at Mon Mar  9 14:28:27 CET 2026
