status file for recon-all
Mon Mar  9 13:34:58 CET 2026
#@# MotionCor Mon Mar  9 13:35:05 CET 2026
#@# Talairach Mon Mar  9 13:35:24 CET 2026
#@# Talairach Failure Detection Mon Mar  9 13:39:51 CET 2026
#@# Nu Intensity Correction Mon Mar  9 13:39:51 CET 2026
#@# Intensity Normalization Mon Mar  9 13:43:08 CET 2026
recon-all -s sub-v1s22x0050472_ses-1 finished without error at Mon Mar  9 13:44:41 CET 2026



#New# invocation of recon-all 



status file for recon-all
Mon Mar  9 13:56:09 CET 2026
#@# EM Registration Mon Mar  9 13:56:09 CET 2026
recon-all -s sub-v1s22x0050472_ses-1 finished without error at Mon Mar  9 13:58:26 CET 2026



#New# invocation of recon-all 



status file for recon-all
Mon Mar  9 13:58:29 CET 2026
#@# CA Normalize Mon Mar  9 13:58:29 CET 2026
#@# CA Reg Mon Mar  9 13:59:53 CET 2026
#@# SubCort Seg Mon Mar  9 14:55:21 CET 2026
#@# CC Seg Mon Mar  9 15:25:47 CET 2026
#@# Merge ASeg Mon Mar  9 15:26:26 CET 2026
#@# Intensity Normalization2 Mon Mar  9 15:26:26 CET 2026
#@# Mask BFS Mon Mar  9 15:28:41 CET 2026
#@# WM Segmentation Mon Mar  9 15:28:42 CET 2026
#@# Fill Mon Mar  9 15:30:34 CET 2026
recon-all -s sub-v1s22x0050472_ses-1 finished without error at Mon Mar  9 15:31:41 CET 2026



#New# invocation of recon-all 



status file for recon-all
Mon Mar  9 16:21:37 CET 2026
#@# white curv lh Mon Mar  9 16:21:37 CET 2026
#@# white area lh Mon Mar  9 16:21:37 CET 2026
#@# pial curv lh Mon Mar  9 16:21:37 CET 2026
#@# pial area lh Mon Mar  9 16:21:37 CET 2026
#@# thickness lh Mon Mar  9 16:21:37 CET 2026
#@# area and vertex vol lh Mon Mar  9 16:21:37 CET 2026
#@# white curv rh Mon Mar  9 16:21:37 CET 2026
#@# white area rh Mon Mar  9 16:21:37 CET 2026
#@# pial curv rh Mon Mar  9 16:21:37 CET 2026
#@# pial area rh Mon Mar  9 16:21:37 CET 2026
#@# thickness rh Mon Mar  9 16:21:37 CET 2026
#@# area and vertex vol rh Mon Mar  9 16:21:37 CET 2026
#@# Cortical ribbon mask Mon Mar  9 16:21:37 CET 2026
recon-all -s sub-v1s22x0050472_ses-1 finished without error at Mon Mar  9 16:26:23 CET 2026



#New# invocation of recon-all 



status file for recon-all
Mon Mar  9 16:33:47 CET 2026
#@# white curv lh Mon Mar  9 16:33:47 CET 2026
#@# white area lh Mon Mar  9 16:33:47 CET 2026
#@# pial curv lh Mon Mar  9 16:33:47 CET 2026
#@# pial area lh Mon Mar  9 16:33:47 CET 2026
#@# thickness lh Mon Mar  9 16:33:47 CET 2026
#@# area and vertex vol lh Mon Mar  9 16:33:47 CET 2026
#@# white curv rh Mon Mar  9 16:33:47 CET 2026
#@# white area rh Mon Mar  9 16:33:47 CET 2026
#@# pial curv rh Mon Mar  9 16:33:47 CET 2026
#@# pial area rh Mon Mar  9 16:33:47 CET 2026
#@# thickness rh Mon Mar  9 16:33:47 CET 2026
#@# area and vertex vol rh Mon Mar  9 16:33:47 CET 2026
#@# Curvature Stats lh Mon Mar  9 16:33:47 CET 2026
#@# Curvature Stats rh Mon Mar  9 16:33:50 CET 2026
#@# Relabel Hypointensities Mon Mar  9 16:33:52 CET 2026
#@# APas-to-ASeg Mon Mar  9 16:34:07 CET 2026
#@# AParc-to-ASeg aparc Mon Mar  9 16:34:16 CET 2026
#@# AParc-to-ASeg aparc.a2009s Mon Mar  9 16:34:51 CET 2026
#@# AParc-to-ASeg aparc.DKTatlas Mon Mar  9 16:35:25 CET 2026
#@# WMParc Mon Mar  9 16:35:56 CET 2026
#@# ASeg Stats Mon Mar  9 16:40:36 CET 2026
recon-all -s sub-v1s22x0050472_ses-1 finished without error at Mon Mar  9 16:41:20 CET 2026
