status file for recon-all
Mon Mar  9 15:57:13 CET 2026
#@# Tessellate rh Mon Mar  9 15:57:13 CET 2026
#@# Smooth1 rh Mon Mar  9 15:57:16 CET 2026
#@# Inflation1 rh Mon Mar  9 15:57:19 CET 2026
#@# QSphere rh Mon Mar  9 15:57:33 CET 2026
#@# Fix Topology rh Mon Mar  9 15:59:12 CET 2026
#@# Smooth2 rh Mon Mar  9 16:05:05 CET 2026
#@# Inflation2 rh Mon Mar  9 16:05:09 CET 2026
#@# Curv .H and .K rh Mon Mar  9 16:05:24 CET 2026
#@# Sphere rh Mon Mar  9 16:06:12 CET 2026
#@# Surf Reg rh Mon Mar  9 16:07:54 CET 2026
#@# Jacobian white rh Mon Mar  9 16:13:11 CET 2026
#@# AvgCurv rh Mon Mar  9 16:13:12 CET 2026
#@# Cortical Parc rh Mon Mar  9 16:13:13 CET 2026
#@# white curv rh Mon Mar  9 16:20:18 CET 2026
#@# white area rh Mon Mar  9 16:20:19 CET 2026
#@# pial curv rh Mon Mar  9 16:20:20 CET 2026
#@# pial area rh Mon Mar  9 16:20:22 CET 2026
#@# thickness rh Mon Mar  9 16:20:23 CET 2026
#@# area and vertex vol rh Mon Mar  9 16:20:54 CET 2026
#@# Curvature Stats rh Mon Mar  9 16:20:56 CET 2026
#@# Cortical Parc 2 rh Mon Mar  9 16:20:58 CET 2026
#@# Cortical Parc 3 rh Mon Mar  9 16:21:12 CET 2026
#@# WM/GM Contrast rh Mon Mar  9 16:21:23 CET 2026
recon-all -s sub-v1s22x0050472_ses-1 finished without error at Mon Mar  9 16:21:29 CET 2026



#New# invocation of recon-all 



status file for recon-all
Mon Mar  9 16:30:07 CET 2026
#@# white curv rh Mon Mar  9 16:30:07 CET 2026
#@# white area rh Mon Mar  9 16:30:07 CET 2026
#@# pial curv rh Mon Mar  9 16:30:07 CET 2026
#@# pial area rh Mon Mar  9 16:30:08 CET 2026
#@# thickness rh Mon Mar  9 16:30:08 CET 2026
#@# area and vertex vol rh Mon Mar  9 16:30:08 CET 2026
#@# Parcellation Stats rh Mon Mar  9 16:30:08 CET 2026
#@# Parcellation Stats 2 rh Mon Mar  9 16:30:27 CET 2026
#@# Parcellation Stats 3 rh Mon Mar  9 16:30:37 CET 2026
#@# BA_exvivo Labels rh Mon Mar  9 16:30:47 CET 2026
recon-all -s sub-v1s22x0050472_ses-1 finished without error at Mon Mar  9 16:33:41 CET 2026
