/out/sourcedata/freesurfer/sub-v1s22x0050454_ses-1/mri
/opt/freesurfer/bin/talairach_avi
--i orig_nu.mgz --xfm transforms/talairach.auto.xfm
talairach_avi 7.3.2
Linux dna029 5.14.0-427.37.1.el9_4.x86_64 #1 SMP PREEMPT_DYNAMIC Fri Sep 13 12:41:50 EDT 2024 x86_64 x86_64 x86_64 GNU/Linux
Mon Mar  9 12:23:46 CET 2026
mri_convert orig_nu.mgz talsrcimg.img 
reading from orig_nu.mgz...
TR=0.00, TE=0.00, TI=0.00, flip angle=0.00
i_ras = (-1, 0, 0)
j_ras = (0, 0, -1)
k_ras = (0, 1, 0)
writing to talsrcimg.img...
Analyze Output Matrix
-1.00000   0.00000   0.00000   129.61292;
 0.00000   0.00000   1.00000  -88.36694;
 0.00000  -1.00000   0.00000   122.33875;
 0.00000   0.00000   0.00000   1.00000;
--------------------
INFO: set hdr.hist.orient to -1
mpr2mni305 talsrcimg
Mon Mar  9 12:23:46 CET 2026
/opt/freesurfer/bin/mpr2mni305 talsrcimg
mpr2mni305 7.3.2
target=711-2C_as_mni_average_305

---------------------------------------------------------------------
analyzeto4dfp talsrcimg -O0 -y
---------------------------------------------------------------------

freesurfer ifh2hdr.c
Mon Mar  9 12:23:46 2026
Writing: talsrcimg.4dfp.hdr
freesurfer analyzeto4dfp.c
Reading: talsrcimg.hdr
header size 348 bytes
hdr.dime.datatype	offset=70	value=2
hdr.dime.bitpix		offset=72	value=8
hdr.hist.orient		offset=252	value=-1
dimensionality     4
dimensions       256       256       256         1
Reading: talsrcimg.img
Writing: talsrcimg.4dfp.img
Writing: talsrcimg.4dfp.ifh
ifh2hdr talsrcimg -r0to210
ori=2

---------------------------------------------------------------------
gauss_4dfp talsrcimg 1.1
---------------------------------------------------------------------

freesurfer gauss_4dfp.c
Reading: talsrcimg.4dfp.img
Writing: talsrcimg_g11.4dfp.img
image dimensions 256 256 256 padded to 288 288 288
processing volume 1freesurfer ifh2hdr.c
Mon Mar  9 12:23:48 2026
Writing: talsrcimg_g11.4dfp.hdr

Writing: talsrcimg_g11.4dfp.ifh
including: talsrcimg.4dfp.img.rec in talsrcimg_g11.4dfp.img.rec

---------------------------------------------------------------------
imgreg_4dfp /opt/freesurfer/average/711-2C_as_mni_average_305 none talsrcimg_g11 none talsrcimg_to_711-2C_as_mni_average_305_t4 4355
---------------------------------------------------------------------

freesurfer imgreg_4dfp.c
/opt/freesurfer/average/711-2C_as_mni_average_305.4dfp.img
       256       256       256         1
  1.000000  1.000000  1.000000
orientation T byte_order littleendian
Reading image: /opt/freesurfer/average/711-2C_as_mni_average_305.4dfp.img
dimensions:      256       256       256
mmppix:       1.0000   -1.0000   -1.0000
center:     128.0000 -129.0000 -129.0000
talsrcimg_g11.4dfp.img
       256       256       256         1
  1.000000  1.000000  1.000000
orientation T byte_order littleendian
Reading image: talsrcimg_g11.4dfp.img
dimensions:      256       256       256
mmppix:       1.0000   -1.0000   -1.0000
center:     128.0000 -129.0000 -129.0000
t4_read: open error in t4_sub.f l:  41 t4_file(1:l)talsrcimg_to_711-2C_as_mni_average_305_t4 
t4_read: transform initialized to I4
rotation matrix determinant  1.000000
image alignment mode   4355 decimal     1103 hex
   -7.5000  -45.0000  -45.0000 5856.8027   18.0442
    0.0000  -45.0000  -45.0000 6152.3096   18.0487
    7.5000  -45.0000  -45.0000 5893.9966   18.0186
   -7.5000  -37.5000  -45.0000 6420.5923   17.4100
    0.0000  -37.5000  -45.0000 6756.8765   17.4219
    7.5000  -37.5000  -45.0000 6462.6343   17.4011
   -7.5000  -30.0000  -45.0000 7291.9258   16.9025
    0.0000  -30.0000  -45.0000 7656.1084   16.9171
    7.5000  -30.0000  -45.0000 7326.3989   16.9008
   -7.5000  -22.5000  -45.0000 8209.3408   16.5520
    0.0000  -22.5000  -45.0000 8598.5879   16.5606
    7.5000  -22.5000  -45.0000 8256.8047   16.5379
   -7.5000  -15.0000  -45.0000 9198.7119   16.4485
    0.0000  -15.0000  -45.0000 9627.6826   16.4486
    7.5000  -15.0000  -45.0000 9254.2324   16.4169
   -7.5000   -7.5000  -45.000010206.5322   16.4186
    0.0000   -7.5000  -45.000010686.1562   16.4142
    7.5000   -7.5000  -45.000010272.3896   16.3805
   -7.5000    0.0000  -45.000011182.5205   16.4262
    0.0000    0.0000  -45.000011725.2793   16.4255
    7.5000    0.0000  -45.000011263.2725   16.3984
   -7.5000    7.5000  -45.000011232.9590   16.4103
    0.0000    7.5000  -45.000011785.9336   16.4183
    7.5000    7.5000  -45.000011322.6699   16.4004
   -7.5000   15.0000  -45.000011146.7529   16.3825
    0.0000   15.0000  -45.000011696.0215   16.3948
    7.5000   15.0000  -45.000011222.2676   16.3802
   -7.5000   22.5000  -45.000010999.6699   16.3680
    0.0000   22.5000  -45.000011549.9873   16.3764
    7.5000   22.5000  -45.000011080.2090   16.3551
   -7.5000   30.0000  -45.000010784.5859   16.1662
    0.0000   30.0000  -45.000011329.3564   16.1664
    7.5000   30.0000  -45.000010875.8887   16.1358
   -7.5000   37.5000  -45.000010791.1240   16.1923
    0.0000   37.5000  -45.000011362.4307   16.1880
    7.5000   37.5000  -45.000010882.1709   16.1549
   -7.5000   45.0000  -45.000010403.9951   15.7958
    0.0000   45.0000  -45.000010975.6133   15.7951
    7.5000   45.0000  -45.000010480.2393   15.7690
   -7.5000  -45.0000  -37.5000 6164.7368   17.9564
    0.0000  -45.0000  -37.5000 6475.0366   17.9662
    7.5000  -45.0000  -37.5000 6201.2397   17.9444
   -7.5000  -37.5000  -37.5000 6775.2759   17.3326
    0.0000  -37.5000  -37.5000 7106.1714   17.3463
    7.5000  -37.5000  -37.5000 6807.3569   17.3310
   -7.5000  -30.0000  -37.5000 7704.2334   16.8389
    0.0000  -30.0000  -37.5000 8063.6714   16.8536
    7.5000  -30.0000  -37.5000 7727.4922   16.8407
   -7.5000  -22.5000  -37.5000 8688.5391   16.4955
    0.0000  -22.5000  -37.5000 9100.0010   16.5051
    7.5000  -22.5000  -37.5000 8724.8037   16.4851
   -7.5000  -15.0000  -37.5000 9753.8271   16.3910
    0.0000  -15.0000  -37.500010214.7422   16.3945
    7.5000  -15.0000  -37.5000 9796.5742   16.3667
   -7.5000   -7.5000  -37.500010822.7041   16.3532
    0.0000   -7.5000  -37.500011344.9131   16.3542
    7.5000   -7.5000  -37.500010882.0283   16.3267
   -7.5000    0.0000  -37.500011855.0420   16.3541
    0.0000    0.0000  -37.500012428.4443   16.3583
    7.5000    0.0000  -37.500011934.0186   16.3380
   -7.5000    7.5000  -37.500011909.5742   16.3405
    0.0000    7.5000  -37.500012471.7793   16.3502
    7.5000    7.5000  -37.500011978.6006   16.3375
   -7.5000   15.0000  -37.500011813.1680   16.3200
    0.0000   15.0000  -37.500012374.0293   16.3325
    7.5000   15.0000  -37.500011875.9004   16.3211
   -7.5000   22.5000  -37.500011643.6201   16.3109
    0.0000   22.5000  -37.500012197.2168   16.3203
    7.5000   22.5000  -37.500011694.3555   16.3017
   -7.5000   30.0000  -37.500011401.7949   16.1090
    0.0000   30.0000  -37.500011947.7412   16.1126
    7.5000   30.0000  -37.500011461.3301   16.0859
   -7.5000   37.5000  -37.500011406.9619   16.1277
    0.0000   37.5000  -37.500011963.4824   16.1287
    7.5000   37.5000  -37.500011473.0947   16.1018
   -7.5000   45.0000  -37.500010982.0654   15.7264
    0.0000   45.0000  -37.500011527.7783   15.7304
    7.5000   45.0000  -37.500011035.8486   15.7109
   -7.5000  -45.0000  -30.0000 6586.7671   18.6987
    0.0000  -45.0000  -30.0000 6899.3965   18.7157
    7.5000  -45.0000  -30.0000 6607.6094   18.7009
   -7.5000  -37.5000  -30.0000 7250.4233   18.0551
    0.0000  -37.5000  -30.0000 7599.9722   18.0718
    7.5000  -37.5000  -30.0000 7276.0264   18.0613
   -7.5000  -30.0000  -30.0000 8254.6260   17.5576
    0.0000  -30.0000  -30.0000 8652.2246   17.5713
    7.5000  -30.0000  -30.0000 8282.4590   17.5608
   -7.5000  -22.5000  -30.0000 9335.8672   17.2075
    0.0000  -22.5000  -30.0000 9801.9814   17.2159
    7.5000  -22.5000  -30.0000 9370.5879   17.1971
   -7.5000  -15.0000  -30.000010479.5908   17.0952
    0.0000  -15.0000  -30.000010992.9902   17.1007
    7.5000  -15.0000  -30.000010516.3096   17.0750
   -7.5000   -7.5000  -30.000011613.9209   17.0412
    0.0000   -7.5000  -30.000012167.1504   17.0479
    7.5000   -7.5000  -30.000011666.8740   17.0252
   -7.5000    0.0000  -30.000012713.6582   17.0312
    0.0000    0.0000  -30.000013332.1348   17.0416
    7.5000    0.0000  -30.000012780.9600   17.0271
   -7.5000    7.5000  -30.000012780.8887   17.0222
    0.0000    7.5000  -30.000013408.8906   17.0347
    7.5000    7.5000  -30.000012844.4844   17.0264
   -7.5000   15.0000  -30.000012655.6396   17.0143
    0.0000   15.0000  -30.000013272.0400   17.0261
    7.5000   15.0000  -30.000012706.8350   17.0171
   -7.5000   22.5000  -30.000012460.3174   17.0120
    0.0000   22.5000  -30.000013045.5811   17.0203
    7.5000   22.5000  -30.000012515.7529   17.0030
   -7.5000   30.0000  -30.000012210.9775   16.8022
    0.0000   30.0000  -30.000012780.9844   16.8076
    7.5000   30.0000  -30.000012266.8730   16.7832
   -7.5000   37.5000  -30.000012220.6514   16.8077
    0.0000   37.5000  -30.000012804.4678   16.8144
    7.5000   37.5000  -30.000012288.8008   16.7922
   -7.5000   45.0000  -30.000011725.3828   16.3896
    0.0000   45.0000  -30.000012266.3486   16.3996
    7.5000   45.0000  -30.000011767.7568   16.3856
   -7.5000  -45.0000  -22.5000 7010.8569   19.3481
    0.0000  -45.0000  -22.5000 7349.3662   19.3679
    7.5000  -45.0000  -22.5000 7037.7534   19.3523
   -7.5000  -37.5000  -22.5000 7727.4004   18.6842
    0.0000  -37.5000  -22.5000 8119.7720   18.7019
    7.5000  -37.5000  -22.5000 7775.5020   18.6912
   -7.5000  -30.0000  -22.5000 8815.5957   18.1753
    0.0000  -30.0000  -22.5000 9252.0459   18.1874
    7.5000  -30.0000  -22.5000 8845.7588   18.1763
   -7.5000  -22.5000  -22.5000 9982.6406   17.8146
    0.0000  -22.5000  -22.500010467.9824   17.8205
    7.5000  -22.5000  -22.500010004.4111   17.8009
   -7.5000  -15.0000  -22.500011195.3457   17.6960
    0.0000  -15.0000  -22.500011738.5225   17.7004
    7.5000  -15.0000  -22.500011214.1328   17.6739
   -7.5000   -7.5000  -22.500012408.6064   17.6345
    0.0000   -7.5000  -22.500013011.0537   17.6426
    7.5000   -7.5000  -22.500012438.0127   17.6191
   -7.5000    0.0000  -22.500013559.6221   17.6215
    0.0000    0.0000  -22.500014243.4180   17.6340
    7.5000    0.0000  -22.500013624.8838   17.6191
   -7.5000    7.5000  -22.500013631.9883   17.6160
    0.0000    7.5000  -22.500014306.4561   17.6296
    7.5000    7.5000  -22.500013690.3145   17.6210
   -7.5000   15.0000  -22.500013491.4482   17.6133
    0.0000   15.0000  -22.500014154.8750   17.6239
    7.5000   15.0000  -22.500013557.7168   17.6146
   -7.5000   22.5000  -22.500013260.4463   17.6116
    0.0000   22.5000  -22.500013930.1426   17.6175
    7.5000   22.5000  -22.500013341.8809   17.5996
   -7.5000   30.0000  -22.500013013.7607   17.3957
    0.0000   30.0000  -22.500013662.5918   17.4001
    7.5000   30.0000  -22.500013077.6328   17.3748
   -7.5000   37.5000  -22.500013066.7188   17.3957
    0.0000   37.5000  -22.500013721.1729   17.4036
    7.5000   37.5000  -22.500013132.4678   17.3807
   -7.5000   45.0000  -22.500012492.3242   16.9704
    0.0000   45.0000  -22.500013083.2197   16.9825
    7.5000   45.0000  -22.500012539.6143   16.9680
   -7.5000  -45.0000  -15.0000 7448.9873   19.8304
    0.0000  -45.0000  -15.0000 7804.5176   19.8470
    7.5000  -45.0000  -15.0000 7483.9844   19.8236
   -7.5000  -37.5000  -15.0000 8231.8047   19.1450
    0.0000  -37.5000  -15.0000 8622.2803   19.1618
    7.5000  -37.5000  -15.0000 8268.1641   19.1461
   -7.5000  -30.0000  -15.0000 9383.5146   18.6127
    0.0000  -30.0000  -15.0000 9838.7021   18.6248
    7.5000  -30.0000  -15.0000 9400.7012   18.6105
   -7.5000  -22.5000  -15.000010603.7432   18.2375
    0.0000  -22.5000  -15.000011141.8027   18.2425
    7.5000  -22.5000  -15.000010633.1846   18.2207
   -7.5000  -15.0000  -15.000011909.9814   18.1179
    0.0000  -15.0000  -15.000012502.4688   18.1196
    7.5000  -15.0000  -15.000011935.6514   18.0895
   -7.5000   -7.5000  -15.000013185.1807   18.0641
    0.0000   -7.5000  -15.000013852.5381   18.0684
    7.5000   -7.5000  -15.000013224.7139   18.0390
   -7.5000    0.0000  -15.000014422.5615   18.0586
    0.0000    0.0000  -15.000015164.4141   18.0679
    7.5000    0.0000  -15.000014509.5244   18.0463
   -7.5000    7.5000  -15.000014529.1465   18.0509
    0.0000    7.5000  -15.000015292.9082   18.0635
    7.5000    7.5000  -15.000014599.8193   18.0500
   -7.5000   15.0000  -15.000014355.3311   18.0397
    0.0000   15.0000  -15.000015110.9375   18.0504
    7.5000   15.0000  -15.000014439.2412   18.0382
   -7.5000   22.5000  -15.000014083.1738   18.0307
    0.0000   22.5000  -15.000014781.5146   18.0358
    7.5000   22.5000  -15.000014167.9551   18.0155
   -7.5000   30.0000  -15.000013828.7705   17.8136
    0.0000   30.0000  -15.000014521.7305   17.8155
    7.5000   30.0000  -15.000013900.3301   17.7866
   -7.5000   37.5000  -15.000013880.0244   17.8220
    0.0000   37.5000  -15.000014603.2314   17.8263
    7.5000   37.5000  -15.000013968.2842   17.7975
   -7.5000   45.0000  -15.000013269.8330   17.4018
    0.0000   45.0000  -15.000013907.2891   17.4107
    7.5000   45.0000  -15.000013326.4590   17.3900
   -7.5000  -45.0000   -7.5000 7896.5381   20.0707
    0.0000  -45.0000   -7.5000 8271.3564   20.0794
    7.5000  -45.0000   -7.5000 7958.7754   20.0473
   -7.5000  -37.5000   -7.5000 8735.3398   19.3699
    0.0000  -37.5000   -7.5000 9147.2852   19.3841
    7.5000  -37.5000   -7.5000 8790.2393   19.3625
   -7.5000  -30.0000   -7.5000 9953.9160   18.8149
    0.0000  -30.0000   -7.500010453.6641   18.8289
    7.5000  -30.0000   -7.5000 9992.1641   18.8114
   -7.5000  -22.5000   -7.500011261.7402   18.4292
    0.0000  -22.5000   -7.500011838.4404   18.4357
    7.5000  -22.5000   -7.500011292.9912   18.4112
   -7.5000  -15.0000   -7.500012633.6475   18.3123
    0.0000  -15.0000   -7.500013282.6670   18.3115
    7.5000  -15.0000   -7.500012661.4639   18.2770
   -7.5000   -7.5000   -7.500013978.8320   18.2723
    0.0000   -7.5000   -7.500014716.5518   18.2696
    7.5000   -7.5000   -7.500014042.0059   18.2333
   -7.5000    0.0000   -7.500015290.6328   18.2767
    0.0000    0.0000   -7.500016107.7490   18.2790
    7.5000    0.0000   -7.500015378.5312   18.2500
   -7.5000    7.5000   -7.500015472.0068   18.2628
    0.0000    7.5000   -7.500016345.8193   18.2728
    7.5000    7.5000   -7.500015582.3340   18.2539
   -7.5000   15.0000   -7.500015311.2988   18.2384
    0.0000   15.0000   -7.500016188.4092   18.2505
    7.5000   15.0000   -7.500015453.3945   18.2350
   -7.5000   22.5000   -7.500014994.5527   18.2196
    0.0000   22.5000   -7.500015778.1797   18.2260
    7.5000   22.5000   -7.500015124.0488   18.2030
   -7.5000   30.0000   -7.500014684.4326   18.0050
    0.0000   30.0000   -7.500015476.9150   18.0043
    7.5000   30.0000   -7.500014820.6631   17.9710
   -7.5000   37.5000   -7.500014695.5859   18.0271
    0.0000   37.5000   -7.500015544.6875   18.0245
    7.5000   37.5000   -7.500014865.9277   17.9888
   -7.5000   45.0000   -7.500014020.5410   17.6153
    0.0000   45.0000   -7.500014793.3799   17.6175
    7.5000   45.0000   -7.500014141.4561   17.5896
   -7.5000  -45.0000    0.0000 8260.0898   20.1076
    0.0000  -45.0000    0.0000 8621.6455   20.1126
    7.5000  -45.0000    0.0000 8318.7363   20.0797
   -7.5000  -37.5000    0.0000 9163.4736   19.4041
    0.0000  -37.5000    0.0000 9588.9863   19.4173
    7.5000  -37.5000    0.0000 9215.6826   19.3946
   -7.5000  -30.0000    0.000010446.6260   18.8413
    0.0000  -30.0000    0.000010989.6592   18.8573
    7.5000  -30.0000    0.000010492.7285   18.8396
   -7.5000  -22.5000    0.000011780.6562   18.4522
    0.0000  -22.5000    0.000012430.8662   18.4615
    7.5000  -22.5000    0.000011829.0908   18.4366
   -7.5000  -15.0000    0.000013201.2393   18.3370
    0.0000  -15.0000    0.000013931.4209   18.3370
    7.5000  -15.0000    0.000013251.4688   18.3018
   -7.5000   -7.5000    0.000014580.1133   18.3033
    0.0000   -7.5000    0.000015427.5371   18.2983
    7.5000   -7.5000    0.000014680.0898   18.2611
   -7.5000    0.0000    0.000015960.7842   18.3115
    0.0000    0.0000    0.000016903.2793   18.3107
    7.5000    0.0000    0.000016061.4453   18.2809
   -7.5000    7.5000    0.000016259.3262   18.2941
    0.0000    7.5000    0.000017326.5293   18.3029
    7.5000    7.5000    0.000016392.7930   18.2834
   -7.5000   15.0000    0.000016221.1338   18.2637
    0.0000   15.0000    0.000017412.0469   18.2773
    7.5000   15.0000    0.000016511.1348   18.2614
   -7.5000   22.5000    0.000015895.5654   18.2419
    0.0000   22.5000    0.000016990.4648   18.2510
    7.5000   22.5000    0.000016182.5078   18.2276
   -7.5000   30.0000    0.000015486.4219   18.0295
    0.0000   30.0000    0.000016564.6680   18.0296
    7.5000   30.0000    0.000015765.5889   17.9957
   -7.5000   37.5000    0.000015479.4023   18.0582
    0.0000   37.5000    0.000016584.3398   18.0533
    7.5000   37.5000    0.000015724.9355   18.0167
   -7.5000   45.0000    0.000014759.1348   17.6502
    0.0000   45.0000    0.000015718.4443   17.6494
    7.5000   45.0000    0.000014914.1045   17.6207
   -7.5000  -45.0000    7.5000 7929.4404   20.0934
    0.0000  -45.0000    7.5000 8300.0234   20.1044
    7.5000  -45.0000    7.5000 7976.4106   20.0801
   -7.5000  -37.5000    7.5000 8833.8027   19.3954
    0.0000  -37.5000    7.5000 9291.4668   19.4108
    7.5000  -37.5000    7.5000 8895.8320   19.3936
   -7.5000  -30.0000    7.500010086.8535   18.8430
    0.0000  -30.0000    7.500010653.5537   18.8594
    7.5000  -30.0000    7.500010188.0859   18.8450
   -7.5000  -22.5000    7.500011372.6738   18.4587
    0.0000  -22.5000    7.500012006.7900   18.4694
    7.5000  -22.5000    7.500011491.2627   18.4470
   -7.5000  -15.0000    7.500012732.7852   18.3417
    0.0000  -15.0000    7.500013463.1250   18.3457
    7.5000  -15.0000    7.500012852.1104   18.3146
   -7.5000   -7.5000    7.500014073.7539   18.2994
    0.0000   -7.5000    7.500014941.9375   18.3005
    7.5000   -7.5000    7.500014223.8936   18.2698
   -7.5000    0.0000    7.500015433.6602   18.3004
    0.0000    0.0000    7.500016430.8223   18.3051
    7.5000    0.0000    7.500015589.5059   18.2824
   -7.5000    7.5000    7.500015722.6787   18.2853
    0.0000    7.5000    7.500017069.3516   18.2962
    7.5000    7.5000    7.500015989.9297   18.2820
   -7.5000   15.0000    7.500015823.5117   18.2624
    0.0000   15.0000    7.500017362.4629   18.2764
    7.5000   15.0000    7.500016191.8779   18.2635
   -7.5000   22.5000    7.500015630.9893   18.2463
    0.0000   22.5000    7.500016986.3477   18.2568
    7.5000   22.5000    7.500015851.6885   18.2360
   -7.5000   30.0000    7.500015236.5254   18.0333
    0.0000   30.0000    7.500016448.4551   18.0372
    7.5000   30.0000    7.500015369.3545   18.0074
   -7.5000   37.5000    7.500015190.0039   18.0541
    0.0000   37.5000    7.500016359.7793   18.0553
    7.5000   37.5000    7.500015301.2754   18.0252
   -7.5000   45.0000    7.500014396.7471   17.6395
    0.0000   45.0000    7.500015389.5000   17.6440
    7.5000   45.0000    7.500014497.5850   17.6222
   -7.5000  -45.0000   15.0000 7511.3188   20.0806
    0.0000  -45.0000   15.0000 7902.6538   20.0989
    7.5000  -45.0000   15.0000 7556.3994   20.0829
   -7.5000  -37.5000   15.0000 8402.2842   19.3894
    0.0000  -37.5000   15.0000 8862.0752   19.4073
    7.5000  -37.5000   15.0000 8486.0400   19.3960
   -7.5000  -30.0000   15.0000 9631.4473   18.8551
    0.0000  -30.0000   15.000010186.7842   18.8697
    7.5000  -30.0000   15.0000 9765.1348   18.8584
   -7.5000  -22.5000   15.000010891.4473   18.4791
    0.0000  -22.5000   15.000011481.5449   18.4881
    7.5000  -22.5000   15.000011014.8105   18.4679
   -7.5000  -15.0000   15.000012176.6924   18.3585
    0.0000  -15.0000   15.000012890.1240   18.3643
    7.5000  -15.0000   15.000012319.8271   18.3368
   -7.5000   -7.5000   15.000013439.9814   18.3005
    0.0000   -7.5000   15.000014288.6709   18.3077
    7.5000   -7.5000   15.000013587.9629   18.2833
   -7.5000    0.0000   15.000014744.7070   18.2897
    0.0000    0.0000   15.000015742.4863   18.3009
    7.5000    0.0000   15.000014884.9424   18.2853
   -7.5000    7.5000   15.000014965.8945   18.2800
    0.0000    7.5000   15.000016280.4678   18.2935
    7.5000    7.5000   15.000015244.0547   18.2846
   -7.5000   15.0000   15.000015015.3643   18.2716
    0.0000   15.0000   15.000016441.7031   18.2842
    7.5000   15.0000   15.000015256.1465   18.2745
   -7.5000   22.5000   15.000014894.1133   18.2651
    0.0000   22.5000   15.000016167.0811   18.2740
    7.5000   22.5000   15.000014925.5605   18.2553
   -7.5000   30.0000   15.000014581.0498   18.0491
    0.0000   30.0000   15.000015734.6826   18.0550
    7.5000   30.0000   15.000014587.6064   18.0287
   -7.5000   37.5000   15.000014542.3652   18.0551
    0.0000   37.5000   15.000015652.1221   18.0622
    7.5000   37.5000   15.000014592.6230   18.0384
   -7.5000   45.0000   15.000013726.9346   17.6292
    0.0000   45.0000   15.000014692.3135   17.6400
    7.5000   45.0000   15.000013823.3633   17.6249
   -7.5000  -45.0000   22.5000 7030.8643   20.1556
    0.0000  -45.0000   22.5000 7427.3604   20.1757
    7.5000  -45.0000   22.5000 7065.8545   20.1589
   -7.5000  -37.5000   22.5000 7874.7876   19.4620
    0.0000  -37.5000   22.5000 8343.0840   19.4800
    7.5000  -37.5000   22.5000 7939.4326   19.4685
   -7.5000  -30.0000   22.5000 9069.3174   18.9301
    0.0000  -30.0000   22.5000 9606.7969   18.9423
    7.5000  -30.0000   22.5000 9153.4727   18.9303
   -7.5000  -22.5000   22.500010273.9424   18.5532
    0.0000  -22.5000   22.500010834.9111   18.5590
    7.5000  -22.5000   22.500010352.2041   18.5382
   -7.5000  -15.0000   22.500011500.4756   18.4295
    0.0000  -15.0000   22.500012153.1348   18.4336
    7.5000  -15.0000   22.500011595.8467   18.4056
   -7.5000   -7.5000   22.500012744.4678   18.3653
    0.0000   -7.5000   22.500013451.6260   18.3733
    7.5000   -7.5000   22.500012828.4033   18.3485
   -7.5000    0.0000   22.500013939.4746   18.3517
    0.0000    0.0000   22.500014770.2979   18.3644
    7.5000    0.0000   22.500014121.1133   18.3484
   -7.5000    7.5000   22.500014048.8027   18.3458
    0.0000    7.5000   22.500015029.5674   18.3596
    7.5000    7.5000   22.500014421.7891   18.3502
   -7.5000   15.0000   22.500014003.3740   18.3429
    0.0000   15.0000   22.500014931.5605   18.3535
    7.5000   15.0000   22.500014303.8633   18.3435
   -7.5000   22.5000   22.500013802.7725   18.3384
    0.0000   22.5000   22.500014622.2197   18.3442
    7.5000   22.5000   22.500013963.6787   18.3251
   -7.5000   30.0000   22.500013513.9980   18.1190
    0.0000   30.0000   22.500014346.6348   18.1232
    7.5000   30.0000   22.500013666.2178   18.0965
   -7.5000   37.5000   22.500013599.9414   18.1191
    0.0000   37.5000   22.500014467.1299   18.1270
    7.5000   37.5000   22.500013732.3135   18.1027
   -7.5000   45.0000   22.500012937.6113   17.6890
    0.0000   45.0000   22.500013758.6797   17.7011
    7.5000   45.0000   22.500013049.9951   17.6857
   -7.5000  -45.0000   30.0000 6489.3096   20.3113
    0.0000  -45.0000   30.0000 6860.8857   20.3275
    7.5000  -45.0000   30.0000 6518.2148   20.3023
   -7.5000  -37.5000   30.0000 7291.3784   19.6103
    0.0000  -37.5000   30.0000 7702.0703   19.6266
    7.5000  -37.5000   30.0000 7346.0967   19.6096
   -7.5000  -30.0000   30.0000 8414.7422   19.0666
    0.0000  -30.0000   30.0000 8863.9629   19.0782
    7.5000  -30.0000   30.0000 8475.0283   19.0627
   -7.5000  -22.5000   30.0000 9515.5361   18.6816
    0.0000  -22.5000   30.0000 9980.1191   18.6858
    7.5000  -22.5000   30.0000 9590.5967   18.6625
   -7.5000  -15.0000   30.000010650.4258   18.5580
    0.0000  -15.0000   30.000011150.9131   18.5589
    7.5000  -15.0000   30.000010744.2822   18.5270
   -7.5000   -7.5000   30.000011780.3467   18.5016
    0.0000   -7.5000   30.000012332.2930   18.5050
    7.5000   -7.5000   30.000011902.7441   18.4740
   -7.5000    0.0000   30.000012867.2969   18.4952
    0.0000    0.0000   30.000013542.4082   18.5038
    7.5000    0.0000   30.000013127.1152   18.4809
   -7.5000    7.5000   30.000012947.0518   18.4872
    0.0000    7.5000   30.000013713.7422   18.4992
    7.5000    7.5000   30.000013281.0771   18.4846
   -7.5000   15.0000   30.000012872.3037   18.4762
    0.0000   15.0000   30.000013565.8350   18.4862
    7.5000   15.0000   30.000013093.1709   18.4729
   -7.5000   22.5000   30.000012666.7100   18.4657
    0.0000   22.5000   30.000013298.3076   18.4700
    7.5000   22.5000   30.000012802.8291   18.4483
   -7.5000   30.0000   30.000012390.6328   18.2456
    0.0000   30.0000   30.000013040.2432   18.2466
    7.5000   30.0000   30.000012527.9883   18.2161
   -7.5000   37.5000   30.000012519.7061   18.2537
    0.0000   37.5000   30.000013189.7979   18.2570
    7.5000   37.5000   30.000012649.4639   18.2266
   -7.5000   45.0000   30.000011973.6201   17.8273
    0.0000   45.0000   30.000012639.2568   17.8355
    7.5000   45.0000   30.000012091.5205   17.8134
   -7.5000  -45.0000   37.5000 6215.3623   20.7446
    0.0000  -45.0000   37.5000 6554.6284   20.7517
    7.5000  -45.0000   37.5000 6268.6494   20.7152
   -7.5000  -37.5000   37.5000 6981.5815   20.0143
    0.0000  -37.5000   37.5000 7368.1040   20.0275
    7.5000  -37.5000   37.5000 7062.6870   20.0025
   -7.5000  -30.0000   37.5000 8057.3950   19.4366
    0.0000  -30.0000   37.5000 8457.1367   19.4498
    7.5000  -30.0000   37.5000 8138.4995   19.4293
   -7.5000  -22.5000   37.5000 9121.4844   19.0326
    0.0000  -22.5000   37.5000 9538.0840   19.0379
    7.5000  -22.5000   37.5000 9210.8652   19.0099
   -7.5000  -15.0000   37.500010214.1309   18.9078
    0.0000  -15.0000   37.500010667.3584   18.9052
    7.5000  -15.0000   37.500010318.4707   18.8665
   -7.5000   -7.5000   37.500011317.5527   18.8646
    0.0000   -7.5000   37.500011803.8936   18.8598
    7.5000   -7.5000   37.500011437.8633   18.8194
   -7.5000    0.0000   37.500012366.8359   18.8690
    0.0000    0.0000   37.500012958.4580   18.8694
    7.5000    0.0000   37.500012582.1338   18.8369
   -7.5000    7.5000   37.500012453.6025   18.8546
    0.0000    7.5000   37.500013089.3096   18.8634
    7.5000    7.5000   37.500012693.4238   18.8418
   -7.5000   15.0000   37.500012378.7471   18.8294
    0.0000   15.0000   37.500012966.7734   18.8406
    7.5000   15.0000   37.500012516.7080   18.8224
   -7.5000   22.5000   37.500012170.5850   18.8099
    0.0000   22.5000   37.500012734.2686   18.8151
    7.5000   22.5000   37.500012263.3477   18.7888
   -7.5000   30.0000   37.500011891.9189   18.5887
    0.0000   30.0000   37.500012465.8760   18.5863
    7.5000   30.0000   37.500011966.8945   18.5490
   -7.5000   37.5000   37.500012017.7539   18.6117
    0.0000   37.5000   37.500012613.1641   18.6070
    7.5000   37.5000   37.500012097.7715   18.5672
   -7.5000   45.0000   37.500011515.8428   18.1875
    0.0000   45.0000   37.500012114.6787   18.1879
    7.5000   45.0000   37.500011602.0127   18.1566
   -7.5000  -45.0000   45.0000 5666.1401   21.1656
    0.0000  -45.0000   45.0000 5987.1504   21.1698
    7.5000  -45.0000   45.0000 5728.6528   21.1308
   -7.5000  -37.5000   45.0000 6371.7061   20.4070
    0.0000  -37.5000   45.0000 6731.8359   20.4202
    7.5000  -37.5000   45.0000 6455.0918   20.3927
   -7.5000  -30.0000   45.0000 7358.0825   19.8017
    0.0000  -30.0000   45.0000 7722.6226   19.8184
    7.5000  -30.0000   45.0000 7421.3716   19.7967
   -7.5000  -22.5000   45.0000 8346.1553   19.3818
    0.0000  -22.5000   45.0000 8724.0908   19.3916
    7.5000  -22.5000   45.0000 8417.5625   19.3621
   -7.5000  -15.0000   45.0000 9356.4639   19.2518
    0.0000  -15.0000   45.0000 9791.1240   19.2515
    7.5000  -15.0000   45.0000 9445.0117   19.2112
   -7.5000   -7.5000   45.000010372.4434   19.2126
    0.0000   -7.5000   45.000010821.9648   19.2062
    7.5000   -7.5000   45.000010479.5986   19.1638
   -7.5000    0.0000   45.000011341.8086   19.2213
    0.0000    0.0000   45.000011886.1377   19.2190
    7.5000    0.0000   45.000011520.1982   19.1846
   -7.5000    7.5000   45.000011439.0273   19.2040
    0.0000    7.5000   45.000011988.9229   19.2123
    7.5000    7.5000   45.000011603.1650   19.1890
   -7.5000   15.0000   45.000011364.6260   19.1725
    0.0000   15.0000   45.000011877.1279   19.1865
    7.5000   15.0000   45.000011455.5605   19.1670
   -7.5000   22.5000   45.000011159.3447   19.1489
    0.0000   22.5000   45.000011671.7588   19.1584
    7.5000   22.5000   45.000011233.8672   19.1307
   -7.5000   30.0000   45.000010870.3301   18.9233
    0.0000   30.0000   45.000011394.8682   18.9230
    7.5000   30.0000   45.000010947.9590   18.8842
   -7.5000   37.5000   45.000011013.8057   18.9531
    0.0000   37.5000   45.000011538.3174   18.9469
    7.5000   37.5000   45.000011068.7197   18.9051
   -7.5000   45.0000   45.000010574.7051   18.5355
    0.0000   45.0000   45.000011112.0879   18.5333
    7.5000   45.0000   45.000010655.3730   18.5002

---------------------------------------------------------------------
imgreg_4dfp /opt/freesurfer/average/711-2C_as_mni_average_305 /opt/freesurfer/average/711-2B_as_mni_average_305_mask talsrcimg_g11 none talsrcimg_to_711-2C_as_mni_average_305_t4 4355
---------------------------------------------------------------------

freesurfer imgreg_4dfp.c
/opt/freesurfer/average/711-2C_as_mni_average_305.4dfp.img
       256       256       256         1
  1.000000  1.000000  1.000000
orientation T byte_order littleendian
Reading image: /opt/freesurfer/average/711-2C_as_mni_average_305.4dfp.img
dimensions:      256       256       256
mmppix:       1.0000   -1.0000   -1.0000
center:     128.0000 -129.0000 -129.0000
/opt/freesurfer/average/711-2B_as_mni_average_305_mask.4dfp.img
       256       256       256         1
  1.000000  1.000000  1.000000
orientation T byte_order littleendian
Reading mask: /opt/freesurfer/average/711-2B_as_mni_average_305_mask.4dfp.img (2306576 pixels)
talsrcimg_g11.4dfp.img
       256       256       256         1
  1.000000  1.000000  1.000000
orientation T byte_order littleendian
Reading image: talsrcimg_g11.4dfp.img
dimensions:      256       256       256
mmppix:       1.0000   -1.0000   -1.0000
center:     128.0000 -129.0000 -129.0000
rotation matrix determinant  1.000000
image alignment mode   4355 decimal     1103 hex
   -7.5000  -30.0000  -45.0000 1973.9854   25.1390
    0.0000  -30.0000  -45.0000 1991.6372   25.1732
    7.5000  -30.0000  -45.0000 1980.0867   25.0795
   -7.5000  -22.5000  -45.0000 2087.5806   22.3343
    0.0000  -22.5000  -45.0000 2100.9624   22.3104
    7.5000  -22.5000  -45.0000 2095.4233   22.3071
   -7.5000  -15.0000  -45.0000 2192.2456   20.1782
    0.0000  -15.0000  -45.0000 2204.3589   20.1310
    7.5000  -15.0000  -45.0000 2199.1362   20.1822
   -7.5000   -7.5000  -45.0000 2282.6482   18.6341
    0.0000   -7.5000  -45.0000 2296.7493   18.5767
    7.5000   -7.5000  -45.0000 2289.4473   18.6099
   -7.5000    0.0000  -45.0000 2343.6667   17.5626
    0.0000    0.0000  -45.0000 2359.8816   17.4556
    7.5000    0.0000  -45.0000 2345.9099   17.5476
   -7.5000    7.5000  -45.0000 2369.8293   16.7782
    0.0000    7.5000  -45.0000 2392.5386   16.6780
    7.5000    7.5000  -45.0000 2376.4629   16.7445
   -7.5000   15.0000  -45.0000 2385.3760   16.2941
    0.0000   15.0000  -45.0000 2407.0107   16.1919
    7.5000   15.0000  -45.0000 2392.8901   16.2356
   -7.5000   22.5000  -45.0000 2388.1470   16.1320
    0.0000   22.5000  -45.0000 2410.7153   16.0019
    7.5000   22.5000  -45.0000 2395.8447   16.0540
   -7.5000   30.0000  -45.0000 2379.1729   16.2343
    0.0000   30.0000  -45.0000 2404.7593   16.1150
    7.5000   30.0000  -45.0000 2395.2310   16.1537
   -7.5000   37.5000  -45.0000 2358.8340   16.7371
    0.0000   37.5000  -45.0000 2384.0710   16.5903
    7.5000   37.5000  -45.0000 2377.6252   16.5759
   -7.5000   45.0000  -45.0000 2317.1458   17.4938
    0.0000   45.0000  -45.0000 2343.3115   17.3559
    7.5000   45.0000  -45.0000 2338.7024   17.3222
   -7.5000   52.5000  -45.0000 2238.1162   18.4155
    0.0000   52.5000  -45.0000 2261.7217   18.2596
    7.5000   52.5000  -45.0000 2253.7778   18.2108
   -7.5000   60.0000  -45.0000 2116.5676   19.4129
    0.0000   60.0000  -45.0000 2134.5562   19.2130
    7.5000   60.0000  -45.0000 2126.3872   19.1984
   -7.5000  -30.0000  -37.5000 2034.8333   23.6263
    0.0000  -30.0000  -37.5000 2047.1147   23.6138
    7.5000  -30.0000  -37.5000 2041.5518   23.6075
   -7.5000  -22.5000  -37.5000 2158.4209   21.0497
    0.0000  -22.5000  -37.5000 2173.9595   20.9952
    7.5000  -22.5000  -37.5000 2164.6526   21.0530
   -7.5000  -15.0000  -37.5000 2267.4526   19.0071
    0.0000  -15.0000  -37.5000 2287.6484   18.9453
    7.5000  -15.0000  -37.5000 2274.5806   19.0162
   -7.5000   -7.5000  -37.5000 2363.9529   17.4388
    0.0000   -7.5000  -37.5000 2382.7905   17.3565
    7.5000   -7.5000  -37.5000 2366.8677   17.4558
   -7.5000    0.0000  -37.5000 2429.2661   16.3370
    0.0000    0.0000  -37.5000 2446.2925   16.2139
    7.5000    0.0000  -37.5000 2432.7131   16.3271
   -7.5000    7.5000  -37.5000 2463.7600   15.6038
    0.0000    7.5000  -37.5000 2482.2012   15.4579
    7.5000    7.5000  -37.5000 2469.3516   15.5631
   -7.5000   15.0000  -37.5000 2483.8574   15.1312
    0.0000   15.0000  -37.5000 2502.4299   14.9847
    7.5000   15.0000  -37.5000 2490.5952   15.0907
   -7.5000   22.5000  -37.5000 2491.0759   14.9946
    0.0000   22.5000  -37.5000 2509.8499   14.8163
    7.5000   22.5000  -37.5000 2495.1072   14.9105
   -7.5000   30.0000  -37.5000 2481.3701   15.1022
    0.0000   30.0000  -37.5000 2508.1726   14.9145
    7.5000   30.0000  -37.5000 2495.0686   15.0012
   -7.5000   37.5000  -37.5000 2460.6145   15.5147
    0.0000   37.5000  -37.5000 2486.1995   15.3488
    7.5000   37.5000  -37.5000 2474.7397   15.3787
   -7.5000   45.0000  -37.5000 2418.7612   16.1987
    0.0000   45.0000  -37.5000 2450.7324   16.0531
    7.5000   45.0000  -37.5000 2436.2129   16.0282
   -7.5000   52.5000  -37.5000 2335.9922   16.9991
    0.0000   52.5000  -37.5000 2358.7639   16.8799
    7.5000   52.5000  -37.5000 2349.8296   16.8484
   -7.5000   60.0000  -37.5000 2202.8877   17.9051
    0.0000   60.0000  -37.5000 2220.8623   17.7773
    7.5000   60.0000  -37.5000 2210.8650   17.8022
   -7.5000  -30.0000  -30.0000 2123.3088   23.1585
    0.0000  -30.0000  -30.0000 2138.9189   23.0275
    7.5000  -30.0000  -30.0000 2128.8384   23.1284
   -7.5000  -22.5000  -30.0000 2258.7458   20.5935
    0.0000  -22.5000  -30.0000 2277.0432   20.5019
    7.5000  -22.5000  -30.0000 2260.2856   20.5978
   -7.5000  -15.0000  -30.0000 2377.9053   18.5706
    0.0000  -15.0000  -30.0000 2398.3210   18.4847
    7.5000  -15.0000  -30.0000 2379.2043   18.5861
   -7.5000   -7.5000  -30.0000 2478.4773   17.0077
    0.0000   -7.5000  -30.0000 2492.6218   16.8869
    7.5000   -7.5000  -30.0000 2478.8640   17.0071
   -7.5000    0.0000  -30.0000 2550.9336   15.8208
    0.0000    0.0000  -30.0000 2563.3577   15.6923
    7.5000    0.0000  -30.0000 2552.3438   15.7928
   -7.5000    7.5000  -30.0000 2600.4966   15.0388
    0.0000    7.5000  -30.0000 2610.2717   14.8677
    7.5000    7.5000  -30.0000 2603.1260   14.9943
   -7.5000   15.0000  -30.0000 2623.5820   14.5698
    0.0000   15.0000  -30.0000 2637.7019   14.4124
    7.5000   15.0000  -30.0000 2627.8000   14.5178
   -7.5000   22.5000  -30.0000 2634.6604   14.3683
    0.0000   22.5000  -30.0000 2653.6562   14.1995
    7.5000   22.5000  -30.0000 2642.8296   14.3243
   -7.5000   30.0000  -30.0000 2630.1165   14.5136
    0.0000   30.0000  -30.0000 2654.7642   14.2986
    7.5000   30.0000  -30.0000 2643.1155   14.4379
   -7.5000   37.5000  -30.0000 2610.3972   14.9008
    0.0000   37.5000  -30.0000 2639.0681   14.7159
    7.5000   37.5000  -30.0000 2628.5291   14.8101
   -7.5000   45.0000  -30.0000 2564.4448   15.5251
    0.0000   45.0000  -30.0000 2596.7363   15.3370
    7.5000   45.0000  -30.0000 2581.9797   15.4202
   -7.5000   52.5000  -30.0000 2475.2500   16.3179
    0.0000   52.5000  -30.0000 2500.5330   16.1637
    7.5000   52.5000  -30.0000 2489.1582   16.2035
   -7.5000   60.0000  -30.0000 2327.0288   17.2131
    0.0000   60.0000  -30.0000 2352.7058   17.0695
    7.5000   60.0000  -30.0000 2337.7927   17.1251
   -7.5000  -30.0000  -22.5000 2181.8306   22.5187
    0.0000  -30.0000  -22.5000 2198.9460   22.3626
    7.5000  -30.0000  -22.5000 2186.1550   22.4715
   -7.5000  -22.5000  -22.5000 2320.5693   19.9812
    0.0000  -22.5000  -22.5000 2338.7092   19.8390
    7.5000  -22.5000  -22.5000 2319.7122   19.9578
   -7.5000  -15.0000  -22.5000 2445.7715   17.9885
    0.0000  -15.0000  -22.5000 2461.2756   17.8318
    7.5000  -15.0000  -22.5000 2443.4536   17.9622
   -7.5000   -7.5000  -22.5000 2555.0232   16.4251
    0.0000   -7.5000  -22.5000 2569.4031   16.2779
    7.5000   -7.5000  -22.5000 2553.1340   16.3723
   -7.5000    0.0000  -22.5000 2634.3000   15.2435
    0.0000    0.0000  -22.5000 2650.0024   15.0882
    7.5000    0.0000  -22.5000 2637.5598   15.1931
   -7.5000    7.5000  -22.5000 2687.4822   14.3943
    0.0000    7.5000  -22.5000 2706.6382   14.2518
    7.5000    7.5000  -22.5000 2697.6624   14.3375
   -7.5000   15.0000  -22.5000 2719.5957   13.8577
    0.0000   15.0000  -22.5000 2740.3137   13.7007
    7.5000   15.0000  -22.5000 2731.3254   13.8225
   -7.5000   22.5000  -22.5000 2744.4678   13.6020
    0.0000   22.5000  -22.5000 2770.6960   13.4450
    7.5000   22.5000  -22.5000 2758.1050   13.5886
   -7.5000   30.0000  -22.5000 2744.6921   13.7978
    0.0000   30.0000  -22.5000 2774.2886   13.6058
    7.5000   30.0000  -22.5000 2761.4326   13.7508
   -7.5000   37.5000  -22.5000 2730.0303   14.2175
    0.0000   37.5000  -22.5000 2760.4370   14.0047
    7.5000   37.5000  -22.5000 2749.0620   14.1283
   -7.5000   45.0000  -22.5000 2680.9749   14.8192
    0.0000   45.0000  -22.5000 2711.6597   14.6020
    7.5000   45.0000  -22.5000 2702.1841   14.7114
   -7.5000   52.5000  -22.5000 2583.4639   15.5874
    0.0000   52.5000  -22.5000 2610.4395   15.3942
    7.5000   52.5000  -22.5000 2604.0125   15.4805
   -7.5000   60.0000  -22.5000 2430.4243   16.4513
    0.0000   60.0000  -22.5000 2451.4102   16.2714
    7.5000   60.0000  -22.5000 2445.2466   16.3595
   -7.5000  -30.0000  -15.0000 2210.2368   21.8789
    0.0000  -30.0000  -15.0000 2223.5745   21.7746
    7.5000  -30.0000  -15.0000 2213.5752   21.7874
   -7.5000  -22.5000  -15.0000 2350.7695   19.3727
    0.0000  -22.5000  -15.0000 2370.1855   19.2564
    7.5000  -22.5000  -15.0000 2353.3572   19.2740
   -7.5000  -15.0000  -15.0000 2479.3352   17.3947
    0.0000  -15.0000  -15.0000 2498.7109   17.2755
    7.5000  -15.0000  -15.0000 2483.5078   17.3120
   -7.5000   -7.5000  -15.0000 2593.9355   15.8721
    0.0000   -7.5000  -15.0000 2613.1328   15.7154
    7.5000   -7.5000  -15.0000 2599.2966   15.7708
   -7.5000    0.0000  -15.0000 2680.7920   14.6879
    0.0000    0.0000  -15.0000 2704.7200   14.5279
    7.5000    0.0000  -15.0000 2692.3408   14.6278
   -7.5000    7.5000  -15.0000 2748.7969   13.8264
    0.0000    7.5000  -15.0000 2775.5762   13.6834
    7.5000    7.5000  -15.0000 2764.3145   13.7818
   -7.5000   15.0000  -15.0000 2792.3708   13.2420
    0.0000   15.0000  -15.0000 2816.1677   13.0853
    7.5000   15.0000  -15.0000 2802.5493   13.2031
   -7.5000   22.5000  -15.0000 2825.9546   12.9252
    0.0000   22.5000  -15.0000 2847.8638   12.7315
    7.5000   22.5000  -15.0000 2837.7515   12.9094
   -7.5000   30.0000  -15.0000 2828.1584   13.1408
    0.0000   30.0000  -15.0000 2855.2817   12.9087
    7.5000   30.0000  -15.0000 2845.9626   13.0685
   -7.5000   37.5000  -15.0000 2807.4607   13.5548
    0.0000   37.5000  -15.0000 2840.0366   13.3290
    7.5000   37.5000  -15.0000 2834.0938   13.4519
   -7.5000   45.0000  -15.0000 2760.4431   14.1596
    0.0000   45.0000  -15.0000 2789.2510   13.9481
    7.5000   45.0000  -15.0000 2784.3928   14.0506
   -7.5000   52.5000  -15.0000 2661.2029   14.9050
    0.0000   52.5000  -15.0000 2686.0044   14.7065
    7.5000   52.5000  -15.0000 2683.2803   14.8216
   -7.5000   60.0000  -15.0000 2500.4583   15.7626
    0.0000   60.0000  -15.0000 2522.2527   15.5821
    7.5000   60.0000  -15.0000 2519.1091   15.6976
   -7.5000  -30.0000   -7.5000 2216.7695   21.4456
    0.0000  -30.0000   -7.5000 2235.2444   21.3069
    7.5000  -30.0000   -7.5000 2225.6653   21.2979
   -7.5000  -22.5000   -7.5000 2359.9993   18.8772
    0.0000  -22.5000   -7.5000 2379.2810   18.7512
    7.5000  -22.5000   -7.5000 2364.6436   18.7595
   -7.5000  -15.0000   -7.5000 2488.0627   16.9465
    0.0000  -15.0000   -7.5000 2507.0667   16.7882
    7.5000  -15.0000   -7.5000 2495.6226   16.8027
   -7.5000   -7.5000   -7.5000 2606.7986   15.4146
    0.0000   -7.5000   -7.5000 2626.2773   15.2749
    7.5000   -7.5000   -7.5000 2618.5732   15.2991
   -7.5000    0.0000   -7.5000 2702.4124   14.2338
    0.0000    0.0000   -7.5000 2731.7864   14.0892
    7.5000    0.0000   -7.5000 2722.7732   14.1758
   -7.5000    7.5000   -7.5000 2791.9441   13.3755
    0.0000    7.5000   -7.5000 2822.7024   13.2300
    7.5000    7.5000   -7.5000 2815.9524   13.3334
   -7.5000   15.0000   -7.5000 2850.0547   12.7701
    0.0000   15.0000   -7.5000 2880.9246   12.6303
    7.5000   15.0000   -7.5000 2871.2087   12.7581
   -7.5000   22.5000   -7.5000 2889.8474   12.4046
    0.0000   22.5000   -7.5000 2919.2427   12.2135
    7.5000   22.5000   -7.5000 2910.5442   12.3930
   -7.5000   30.0000   -7.5000 2891.9568   12.6059
    0.0000   30.0000   -7.5000 2922.3542   12.3726
    7.5000   30.0000   -7.5000 2917.5439   12.5403
   -7.5000   37.5000   -7.5000 2858.5481   12.9998
    0.0000   37.5000   -7.5000 2899.2004   12.7781
    7.5000   37.5000   -7.5000 2895.3586   12.9208
   -7.5000   45.0000   -7.5000 2809.6694   13.5933
    0.0000   45.0000   -7.5000 2844.4136   13.3563
    7.5000   45.0000   -7.5000 2840.7168   13.4999
   -7.5000   52.5000   -7.5000 2706.5488   14.3322
    0.0000   52.5000   -7.5000 2736.3352   14.1145
    7.5000   52.5000   -7.5000 2731.3977   14.2528
   -7.5000   60.0000   -7.5000 2542.6296   15.1792
    0.0000   60.0000   -7.5000 2566.3418   14.9859
    7.5000   60.0000   -7.5000 2560.3020   15.1254
   -7.5000  -30.0000    0.0000 2213.8206   21.4023
    0.0000  -30.0000    0.0000 2230.9783   21.2313
    7.5000  -30.0000    0.0000 2226.8008   21.2623
   -7.5000  -22.5000    0.0000 2349.1326   18.7258
    0.0000  -22.5000    0.0000 2369.0627   18.6118
    7.5000  -22.5000    0.0000 2357.6917   18.6218
   -7.5000  -15.0000    0.0000 2479.4700   16.7368
    0.0000  -15.0000    0.0000 2495.5405   16.6193
    7.5000  -15.0000    0.0000 2487.8660   16.6176
   -7.5000   -7.5000    0.0000 2597.0408   15.1903
    0.0000   -7.5000    0.0000 2621.0645   15.0963
    7.5000   -7.5000    0.0000 2615.3127   15.0892
   -7.5000    0.0000    0.0000 2701.6021   14.0098
    0.0000    0.0000    0.0000 2729.4231   13.8993
    7.5000    0.0000    0.0000 2724.4014   13.9224
   -7.5000    7.5000    0.0000 2801.4238   13.1459
    0.0000    7.5000    0.0000 2835.9729   13.0601
    7.5000    7.5000    0.0000 2829.9731   13.0929
   -7.5000   15.0000    0.0000 2877.4202   12.5342
    0.0000   15.0000    0.0000 2922.3691   12.4974
    7.5000   15.0000    0.0000 2911.4849   12.5372
   -7.5000   22.5000    0.0000 2933.5771   12.1719
    0.0000   22.5000    0.0000 2975.6106   12.0408
    7.5000   22.5000    0.0000 2961.4883   12.2060
   -7.5000   30.0000    0.0000 2934.3479   12.2488
    0.0000   30.0000    0.0000 2982.2402   12.1056
    7.5000   30.0000    0.0000 2966.4919   12.2604
   -7.5000   37.5000    0.0000 2897.9458   12.6444
    0.0000   37.5000    0.0000 2943.2031   12.4741
    7.5000   37.5000    0.0000 2931.9072   12.5728
   -7.5000   45.0000    0.0000 2841.3748   13.2613
    0.0000   45.0000    0.0000 2876.6431   13.0207
    7.5000   45.0000    0.0000 2872.4265   13.1122
   -7.5000   52.5000    0.0000 2739.0933   14.0372
    0.0000   52.5000    0.0000 2763.2158   13.7804
    7.5000   52.5000    0.0000 2761.2239   13.8853
   -7.5000   60.0000    0.0000 2572.1990   14.9007
    0.0000   60.0000    0.0000 2593.2827   14.6541
    7.5000   60.0000    0.0000 2586.8020   14.7710
   -7.5000  -30.0000    7.5000 2196.5847   21.5084
    0.0000  -30.0000    7.5000 2218.6499   21.4625
    7.5000  -30.0000    7.5000 2213.4802   21.4962
   -7.5000  -22.5000    7.5000 2329.1338   18.7843
    0.0000  -22.5000    7.5000 2349.1553   18.7304
    7.5000  -22.5000    7.5000 2343.1523   18.7902
   -7.5000  -15.0000    7.5000 2456.4082   16.7693
    0.0000  -15.0000    7.5000 2472.0776   16.6561
    7.5000  -15.0000    7.5000 2467.5042   16.7087
   -7.5000   -7.5000    7.5000 2577.4883   15.1984
    0.0000   -7.5000    7.5000 2596.0486   15.1164
    7.5000   -7.5000    7.5000 2594.3125   15.1525
   -7.5000    0.0000    7.5000 2688.7747   13.9927
    0.0000    0.0000    7.5000 2712.3157   13.9420
    7.5000    0.0000    7.5000 2715.1768   13.9458
   -7.5000    7.5000    7.5000 2796.7246   13.1316
    0.0000    7.5000    7.5000 2833.7266   13.1724
    7.5000    7.5000    7.5000 2826.4438   13.1087
   -7.5000   15.0000    7.5000 2889.6292   12.5742
    0.0000   15.0000    7.5000 2946.0828   12.7308
    7.5000   15.0000    7.5000 2924.3838   12.5869
   -7.5000   22.5000    7.5000 2951.4954   12.2661
    0.0000   22.5000    7.5000 3024.6917   12.2912
    7.5000   22.5000    7.5000 2984.4734   12.2316
   -7.5000   30.0000    7.5000 2951.5757   12.2214
    0.0000   30.0000    7.5000 3018.4180   12.1062
    7.5000   30.0000    7.5000 2987.1672   12.1447
   -7.5000   37.5000    7.5000 2919.0896   12.5300
    0.0000   37.5000    7.5000 2969.4197   12.3347
    7.5000   37.5000    7.5000 2949.0811   12.3808
   -7.5000   45.0000    7.5000 2855.3237   13.1171
    0.0000   45.0000    7.5000 2889.3364   12.8863
    7.5000   45.0000    7.5000 2885.2197   12.9466
   -7.5000   52.5000    7.5000 2747.8186   13.8805
    0.0000   52.5000    7.5000 2770.2617   13.6417
    7.5000   52.5000    7.5000 2768.8533   13.7145
   -7.5000   60.0000    7.5000 2579.8372   14.7462
    0.0000   60.0000    7.5000 2602.1150   14.5264
    7.5000   60.0000    7.5000 2594.6050   14.6079
   -7.5000  -30.0000   15.0000 2164.6191   21.9316
    0.0000  -30.0000   15.0000 2189.3022   21.9171
    7.5000  -30.0000   15.0000 2182.1675   22.0591
   -7.5000  -22.5000   15.0000 2300.1272   19.0945
    0.0000  -22.5000   15.0000 2315.7849   19.0158
    7.5000  -22.5000   15.0000 2314.2009   19.1637
   -7.5000  -15.0000   15.0000 2424.3298   17.0438
    0.0000  -15.0000   15.0000 2439.4260   16.9317
    7.5000  -15.0000   15.0000 2439.9424   16.9988
   -7.5000   -7.5000   15.0000 2541.7505   15.4773
    0.0000   -7.5000   15.0000 2566.9026   15.4272
    7.5000   -7.5000   15.0000 2565.2590   15.4155
   -7.5000    0.0000   15.0000 2659.1682   14.2593
    0.0000    0.0000   15.0000 2689.1030   14.2723
    7.5000    0.0000   15.0000 2684.4890   14.1988
   -7.5000    7.5000   15.0000 2773.3137   13.3958
    0.0000    7.5000   15.0000 2812.5991   13.4797
    7.5000    7.5000   15.0000 2798.9377   13.3430
   -7.5000   15.0000   15.0000 2868.8931   12.7827
    0.0000   15.0000   15.0000 2923.2827   12.9352
    7.5000   15.0000   15.0000 2898.7969   12.7545
   -7.5000   22.5000   15.0000 2929.9363   12.4835
    0.0000   22.5000   15.0000 2990.0801   12.4670
    7.5000   22.5000   15.0000 2954.1096   12.3624
   -7.5000   30.0000   15.0000 2938.6846   12.4808
    0.0000   30.0000   15.0000 2992.8801   12.3484
    7.5000   30.0000   15.0000 2961.4768   12.2853
   -7.5000   37.5000   15.0000 2909.8408   12.7395
    0.0000   37.5000   15.0000 2961.9429   12.5785
    7.5000   37.5000   15.0000 2935.0591   12.5799
   -7.5000   45.0000   15.0000 2840.0042   13.2514
    0.0000   45.0000   15.0000 2875.7197   13.0812
    7.5000   45.0000   15.0000 2865.0845   13.1316
   -7.5000   52.5000   15.0000 2733.0793   13.9469
    0.0000   52.5000   15.0000 2754.1458   13.7387
    7.5000   52.5000   15.0000 2751.2334   13.8188
   -7.5000   60.0000   15.0000 2566.7485   14.7704
    0.0000   60.0000   15.0000 2586.7815   14.5476
    7.5000   60.0000   15.0000 2586.4146   14.6425
   -7.5000  -30.0000   22.5000 2125.8835   22.7052
    0.0000  -30.0000   22.5000 2144.8672   22.6239
    7.5000  -30.0000   22.5000 2142.4062   22.7713
   -7.5000  -22.5000   22.5000 2267.2593   19.8301
    0.0000  -22.5000   22.5000 2277.8132   19.6957
    7.5000  -22.5000   22.5000 2274.1465   19.7929
   -7.5000  -15.0000   22.5000 2393.3364   17.6793
    0.0000  -15.0000   22.5000 2411.2717   17.5623
    7.5000  -15.0000   22.5000 2403.7449   17.6363
   -7.5000   -7.5000   22.5000 2513.8665   16.0861
    0.0000   -7.5000   22.5000 2535.2314   15.9615
    7.5000   -7.5000   22.5000 2530.1357   16.0118
   -7.5000    0.0000   22.5000 2631.1514   14.8325
    0.0000    0.0000   22.5000 2652.4238   14.7000
    7.5000    0.0000   22.5000 2656.5571   14.7562
   -7.5000    7.5000   22.5000 2740.7910   13.8696
    0.0000    7.5000   22.5000 2766.4270   13.8067
    7.5000    7.5000   22.5000 2772.3599   13.8595
   -7.5000   15.0000   22.5000 2829.2134   13.2018
    0.0000   15.0000   22.5000 2868.3137   13.1458
    7.5000   15.0000   22.5000 2867.3269   13.2140
   -7.5000   22.5000   22.5000 2887.0659   12.8679
    0.0000   22.5000   22.5000 2929.1248   12.6816
    7.5000   22.5000   22.5000 2915.8508   12.7301
   -7.5000   30.0000   22.5000 2899.0659   12.8604
    0.0000   30.0000   22.5000 2943.6956   12.6585
    7.5000   30.0000   22.5000 2927.9312   12.6883
   -7.5000   37.5000   22.5000 2870.3423   13.1799
    0.0000   37.5000   22.5000 2913.8928   12.9917
    7.5000   37.5000   22.5000 2900.0752   13.0179
   -7.5000   45.0000   22.5000 2802.6233   13.7033
    0.0000   45.0000   22.5000 2838.2024   13.5485
    7.5000   45.0000   22.5000 2825.5146   13.5779
   -7.5000   52.5000   22.5000 2694.9614   14.3420
    0.0000   52.5000   22.5000 2720.5530   14.1802
    7.5000   52.5000   22.5000 2711.2258   14.2290
   -7.5000   60.0000   22.5000 2533.9290   15.0981
    0.0000   60.0000   22.5000 2560.3118   14.9222
    7.5000   60.0000   22.5000 2555.2419   14.9875
   -7.5000  -30.0000   30.0000 2081.5198   23.8695
    0.0000  -30.0000   30.0000 2096.2744   23.6231
    7.5000  -30.0000   30.0000 2092.5142   23.8124
   -7.5000  -22.5000   30.0000 2224.3206   20.7433
    0.0000  -22.5000   30.0000 2236.5610   20.4818
    7.5000  -22.5000   30.0000 2232.9102   20.7120
   -7.5000  -15.0000   30.0000 2349.7388   18.5048
    0.0000  -15.0000   30.0000 2367.7163   18.2115
    7.5000  -15.0000   30.0000 2365.1069   18.4546
   -7.5000   -7.5000   30.0000 2476.1619   16.8591
    0.0000   -7.5000   30.0000 2493.1646   16.5674
    7.5000   -7.5000   30.0000 2495.1023   16.7477
   -7.5000    0.0000   30.0000 2595.0537   15.5256
    0.0000    0.0000   30.0000 2614.4319   15.3033
    7.5000    0.0000   30.0000 2623.3027   15.4725
   -7.5000    7.5000   30.0000 2698.2476   14.4852
    0.0000    7.5000   30.0000 2721.3196   14.3045
    7.5000    7.5000   30.0000 2732.1655   14.4666
   -7.5000   15.0000   30.0000 2772.3679   13.8142
    0.0000   15.0000   30.0000 2804.1418   13.5823
    7.5000   15.0000   30.0000 2808.2373   13.6930
   -7.5000   22.5000   30.0000 2818.3672   13.4344
    0.0000   22.5000   30.0000 2856.6582   13.1576
    7.5000   22.5000   30.0000 2849.7793   13.2616
   -7.5000   30.0000   30.0000 2836.8970   13.3779
    0.0000   30.0000   30.0000 2874.1113   13.1499
    7.5000   30.0000   30.0000 2866.5032   13.2319
   -7.5000   37.5000   30.0000 2810.3013   13.7230
    0.0000   37.5000   30.0000 2845.4568   13.5256
    7.5000   37.5000   30.0000 2843.1367   13.5910
   -7.5000   45.0000   30.0000 2742.4678   14.3267
    0.0000   45.0000   30.0000 2775.3523   14.1217
    7.5000   45.0000   30.0000 2772.9419   14.1787
   -7.5000   52.5000   30.0000 2638.1941   14.9584
    0.0000   52.5000   30.0000 2664.7778   14.8025
    7.5000   52.5000   30.0000 2660.6682   14.8389
   -7.5000   60.0000   30.0000 2485.1758   15.6893
    0.0000   60.0000   30.0000 2514.4885   15.5112
    7.5000   60.0000   30.0000 2509.8389   15.5737
   -7.5000  -30.0000   37.5000 2028.9808   25.0882
    0.0000  -30.0000   37.5000 2044.5980   24.6710
    7.5000  -30.0000   37.5000 2045.6631   25.0096
   -7.5000  -22.5000   37.5000 2175.0654   21.8330
    0.0000  -22.5000   37.5000 2189.2700   21.3555
    7.5000  -22.5000   37.5000 2192.1836   21.6896
   -7.5000  -15.0000   37.5000 2303.2830   19.4762
    0.0000  -15.0000   37.5000 2321.8210   18.9938
    7.5000  -15.0000   37.5000 2322.9326   19.3107
   -7.5000   -7.5000   37.5000 2432.9480   17.7172
    0.0000   -7.5000   37.5000 2449.3623   17.2770
    7.5000   -7.5000   37.5000 2450.9255   17.5570
   -7.5000    0.0000   37.5000 2548.0684   16.3310
    0.0000    0.0000   37.5000 2563.5879   15.9824
    7.5000    0.0000   37.5000 2571.4329   16.2329
   -7.5000    7.5000   37.5000 2641.6733   15.2781
    0.0000    7.5000   37.5000 2664.2688   14.9872
    7.5000    7.5000   37.5000 2672.6550   15.1473
   -7.5000   15.0000   37.5000 2704.9836   14.5794
    0.0000   15.0000   37.5000 2737.0715   14.2508
    7.5000   15.0000   37.5000 2741.3640   14.3945
   -7.5000   22.5000   37.5000 2746.6565   14.1745
    0.0000   22.5000   37.5000 2780.0032   13.8532
    7.5000   22.5000   37.5000 2776.7400   13.9979
   -7.5000   30.0000   37.5000 2758.4822   14.1055
    0.0000   30.0000   37.5000 2790.8420   13.8585
    7.5000   30.0000   37.5000 2787.0127   13.9426
   -7.5000   37.5000   37.5000 2733.5552   14.4433
    0.0000   37.5000   37.5000 2768.7737   14.2176
    7.5000   37.5000   37.5000 2765.2305   14.2936
   -7.5000   45.0000   37.5000 2675.7288   15.0506
    0.0000   45.0000   37.5000 2705.8564   14.8196
    7.5000   45.0000   37.5000 2706.3010   14.8985
   -7.5000   52.5000   37.5000 2574.5320   15.7175
    0.0000   52.5000   37.5000 2600.5220   15.4751
    7.5000   52.5000   37.5000 2596.1926   15.5588
   -7.5000   60.0000   37.5000 2429.5564   16.3964
    0.0000   60.0000   37.5000 2453.5002   16.1960
    7.5000   60.0000   37.5000 2451.9636   16.2771
   -7.5000  -30.0000   45.0000 1974.9373   26.5849
    0.0000  -30.0000   45.0000 1989.8773   26.0086
    7.5000  -30.0000   45.0000 1988.3698   26.3872
   -7.5000  -22.5000   45.0000 2121.2517   23.1150
    0.0000  -22.5000   45.0000 2135.3174   22.5349
    7.5000  -22.5000   45.0000 2135.5378   22.9052
   -7.5000  -15.0000   45.0000 2248.6877   20.6221
    0.0000  -15.0000   45.0000 2269.5212   20.0722
    7.5000  -15.0000   45.0000 2267.8125   20.3938
   -7.5000   -7.5000   45.0000 2376.4929   18.7742
    0.0000   -7.5000   45.0000 2392.7815   18.2462
    7.5000   -7.5000   45.0000 2394.8364   18.5479
   -7.5000    0.0000   45.0000 2482.8767   17.3527
    0.0000    0.0000   45.0000 2501.8643   16.8929
    7.5000    0.0000   45.0000 2506.6147   17.1776
   -7.5000    7.5000   45.0000 2568.7964   16.2656
    0.0000    7.5000   45.0000 2593.7505   15.8502
    7.5000    7.5000   45.0000 2599.5171   16.0631
   -7.5000   15.0000   45.0000 2625.3230   15.5154
    0.0000   15.0000   45.0000 2656.6936   15.1373
    7.5000   15.0000   45.0000 2659.7454   15.3169
   -7.5000   22.5000   45.0000 2661.8010   15.1176
    0.0000   22.5000   45.0000 2691.8860   14.7858
    7.5000   22.5000   45.0000 2692.7886   14.9221
   -7.5000   30.0000   45.0000 2664.1934   15.0640
    0.0000   30.0000   45.0000 2694.0288   14.8029
    7.5000   30.0000   45.0000 2695.4038   14.8752
   -7.5000   37.5000   45.0000 2646.3389   15.3956
    0.0000   37.5000   45.0000 2673.2466   15.1336
    7.5000   37.5000   45.0000 2672.3010   15.2104
   -7.5000   45.0000   45.0000 2594.6672   15.9542
    0.0000   45.0000   45.0000 2628.8506   15.6670
    7.5000   45.0000   45.0000 2627.9534   15.7374
   -7.5000   52.5000   45.0000 2500.1287   16.6047
    0.0000   52.5000   45.0000 2527.6013   16.3154
    7.5000   52.5000   45.0000 2526.4456   16.4029
   -7.5000   60.0000   45.0000 2358.1558   17.2786
    0.0000   60.0000   45.0000 2383.2817   17.0448
    7.5000   60.0000   45.0000 2381.0320   17.0987

---------------------------------------------------------------------
imgreg_4dfp /opt/freesurfer/average/711-2C_as_mni_average_305 /opt/freesurfer/average/711-2B_as_mni_average_305_mask talsrcimg_g11 none talsrcimg_to_711-2C_as_mni_average_305_t4 1283
---------------------------------------------------------------------

freesurfer imgreg_4dfp.c
/opt/freesurfer/average/711-2C_as_mni_average_305.4dfp.img
       256       256       256         1
  1.000000  1.000000  1.000000
orientation T byte_order littleendian
Reading image: /opt/freesurfer/average/711-2C_as_mni_average_305.4dfp.img
dimensions:      256       256       256
mmppix:       1.0000   -1.0000   -1.0000
center:     128.0000 -129.0000 -129.0000
/opt/freesurfer/average/711-2B_as_mni_average_305_mask.4dfp.img
       256       256       256         1
  1.000000  1.000000  1.000000
orientation T byte_order littleendian
Reading mask: /opt/freesurfer/average/711-2B_as_mni_average_305_mask.4dfp.img (2306576 pixels)
talsrcimg_g11.4dfp.img
       256       256       256         1
  1.000000  1.000000  1.000000
orientation T byte_order littleendian
Reading image: talsrcimg_g11.4dfp.img
dimensions:      256       256       256
mmppix:       1.0000   -1.0000   -1.0000
center:     128.0000 -129.0000 -129.0000
rotation matrix determinant  1.000000
fimgreg.f
image alignment mode   1283 decimal      503 hex
parameters
    0.0000   22.5000    7.5000    0.0000    0.0000    0.0000
eta,q 0.94870 12.33665
niter,ni,del,rscale     5    3   12.0000    1.2000
parameter  4  0.559076 ->  0.500000 qaram    1.1500
parameters
    0.7411   24.5349    8.3372   -3.4500   -0.9490   -2.8655
eta,q 0.95463 12.27738
  0.0679  0.0687  0.0582  0.0489  0.0523  0.0472
  0.0589  0.0600  0.0546  0.0472  0.0495  0.0458
  0.0527  0.0535  0.0512  0.0471  0.0472  0.0454
  0.0498  0.0498  0.0491  0.0487  0.0470  0.0467
  0.0517  0.0490  0.0488  0.0512  0.0492  0.0493
  0.0557  0.0508  0.0505  0.0532  0.0526  0.0524
  0.0599  0.0531  0.0552  0.0555  0.0567  0.0561
niter,ni,del,rscale     5    3   12.0000    1.2000
parameters
    1.1984   26.3778    7.6437   -6.0118   -1.3546   -2.9914
eta,q 0.95684 12.16915
  0.0635  0.0635  0.0528  0.0473  0.0508  0.0487
  0.0552  0.0552  0.0482  0.0439  0.0465  0.0457
  0.0482  0.0493  0.0457  0.0433  0.0439  0.0440
  0.0454  0.0457  0.0452  0.0452  0.0432  0.0431
  0.0482  0.0453  0.0466  0.0478  0.0445  0.0436
  0.0529  0.0474  0.0513  0.0509  0.0480  0.0460
  0.0580  0.0497  0.0578  0.0537  0.0533  0.0494
niter,ni,del,rscale     4    3   12.0000    1.2000
parameters
    1.4612   27.6959    6.9574   -7.0691   -1.1230   -3.0496
eta,q 0.95860 12.08010
  0.0599  0.0590  0.0503  0.0498  0.0516  0.0481
  0.0515  0.0535  0.0462  0.0454  0.0469  0.0442
  0.0453  0.0472  0.0435  0.0412  0.0432  0.0419
  0.0432  0.0433  0.0425  0.0427  0.0415  0.0414
  0.0455  0.0427  0.0440  0.0466  0.0421  0.0424
  0.0504  0.0459  0.0488  0.0500  0.0452  0.0446
  0.0566  0.0503  0.0559  0.0532  0.0508  0.0481
niter,ni,del,rscale     3    3   12.0000    1.2000
parameters
    1.4442   28.0279    6.6387   -7.3906   -0.9729   -3.0405
eta,q 0.95886 12.06222
  0.0582  0.0562  0.0500  0.0514  0.0514  0.0485
  0.0490  0.0505  0.0458  0.0476  0.0467  0.0443
  0.0432  0.0443  0.0427  0.0419  0.0430  0.0417
  0.0414  0.0414  0.0414  0.0415  0.0412  0.0411
  0.0444  0.0434  0.0422  0.0450  0.0419  0.0423
  0.0505  0.0483  0.0463  0.0489  0.0453  0.0445
  0.0571  0.0535  0.0533  0.0524  0.0511  0.0481
niter,ni,del,rscale     2    3   12.0000    1.2000
parameters
    1.4463   28.1587    6.5393   -7.4989   -0.9288   -3.0299
eta,q 0.95889 12.05685
  0.0584  0.0556  0.0504  0.0520  0.0511  0.0486
  0.0489  0.0499  0.0461  0.0484  0.0464  0.0443
  0.0429  0.0437  0.0427  0.0425  0.0428  0.0416
  0.0411  0.0411  0.0412  0.0412  0.0411  0.0411
  0.0441  0.0439  0.0418  0.0445  0.0420  0.0422
  0.0504  0.0491  0.0455  0.0486  0.0456  0.0446
  0.0570  0.0543  0.0522  0.0521  0.0515  0.0481
niter,ni,del,rscale     1    3   12.0000    1.2000
parameters
    1.4591   28.2125    6.5137   -7.5388   -0.9202   -3.0264
eta,q 0.95889 12.05517
  0.0585  0.0554  0.0505  0.0521  0.0510  0.0486
  0.0490  0.0497  0.0462  0.0486  0.0464  0.0443
  0.0430  0.0434  0.0427  0.0427  0.0428  0.0416
  0.0411  0.0411  0.0411  0.0411  0.0411  0.0411
  0.0441  0.0442  0.0416  0.0443  0.0420  0.0423
  0.0503  0.0494  0.0452  0.0485  0.0457  0.0446
  0.0570  0.0546  0.0518  0.0521  0.0516  0.0482
registration optimization eta report
parameter search radius
    6.0000    6.0000    6.0000    6.9000    6.0000    6.0000
100000*second partial in parameter space
       45.       36.       28.       21.       28.       20.
  0.0585  0.0554  0.0505  0.0521  0.0510  0.0486
  0.0490  0.0497  0.0462  0.0486  0.0464  0.0443
  0.0430  0.0434  0.0427  0.0427  0.0428  0.0416
  0.0411  0.0411  0.0411  0.0411  0.0411  0.0411
  0.0441  0.0442  0.0416  0.0443  0.0420  0.0423
  0.0503  0.0494  0.0452  0.0485  0.0457  0.0446
  0.0570  0.0546  0.0518  0.0521  0.0516  0.0482
    1.4591   28.2125    6.5137   -7.5388   -0.9202   -3.0264
eta,q 0.95889 12.05517

---------------------------------------------------------------------
imgreg_4dfp /opt/freesurfer/average/711-2C_as_mni_average_305 /opt/freesurfer/average/711-2B_as_mni_average_305_mask talsrcimg_g11 none talsrcimg_to_711-2C_as_mni_average_305_t4 3335
---------------------------------------------------------------------

freesurfer imgreg_4dfp.c
/opt/freesurfer/average/711-2C_as_mni_average_305.4dfp.img
       256       256       256         1
  1.000000  1.000000  1.000000
orientation T byte_order littleendian
Reading image: /opt/freesurfer/average/711-2C_as_mni_average_305.4dfp.img
dimensions:      256       256       256
mmppix:       1.0000   -1.0000   -1.0000
center:     128.0000 -129.0000 -129.0000
/opt/freesurfer/average/711-2B_as_mni_average_305_mask.4dfp.img
       256       256       256         1
  1.000000  1.000000  1.000000
orientation T byte_order littleendian
Reading mask: /opt/freesurfer/average/711-2B_as_mni_average_305_mask.4dfp.img (2306576 pixels)
talsrcimg_g11.4dfp.img
       256       256       256         1
  1.000000  1.000000  1.000000
orientation T byte_order littleendian
Reading image: talsrcimg_g11.4dfp.img
dimensions:      256       256       256
mmppix:       1.0000   -1.0000   -1.0000
center:     128.0000 -129.0000 -129.0000
fimgreg.f
image alignment mode   3335 decimal      D07 hex
parameters
    1.4591   28.2125    6.5137   -0.1523   -0.9915   -0.8771
    5.0236    2.2825   -5.2790   13.0173   -1.6059  -13.1180
eta,q 0.95673 12.19080
niter,ni,del,rscale     5    3    5.0000    1.2000
parameter  4  0.854765 ->  0.500000 qaram    1.1500
parameter  5-18.952930 ->  0.500000 qaram    1.1500
parameter  6  0.965436 ->  0.500000 qaram    1.1500
parameter 12 -0.639970 -> -0.500000 qaram    1.1500
parameters
    1.6522   28.5264    6.4947   -4.2923   -5.1315   -5.0171
    2.5626    4.1135   -2.6595   12.2288    0.8875   -8.9780
eta,q 0.97225 12.08073
  0.0468  0.0448  0.0446  0.0407  0.0294  0.0300  0.0309  0.0374  0.0334  0.0325  0.0317  0.0324
  0.0449  0.0439  0.0439  0.0409  0.0329  0.0298  0.0300  0.0342  0.0316  0.0302  0.0303  0.0306
  0.0438  0.0434  0.0435  0.0416  0.0370  0.0310  0.0297  0.0314  0.0302  0.0289  0.0293  0.0293
  0.0433  0.0433  0.0432  0.0433  0.0410  0.0340  0.0300  0.0297  0.0292  0.0288  0.0287  0.0284
  0.0434  0.0433  0.0433  0.0457  0.0444  0.0379  0.0309  0.0292  0.0288  0.0300  0.0284  0.0279
  0.0443  0.0436  0.0438  0.0488  0.0480  0.0424  0.0323  0.0302  0.0291  0.0318  0.0286  0.0277
  0.0458  0.0441  0.0448  0.0528  0.0517  0.0471  0.0341  0.0325  0.0300  0.0340  0.0293  0.0278
niter,ni,del,rscale     7    3    5.0000    1.2000
parameter  3  0.564102 ->  0.500000 qaram    1.1500
parameter  5  1.326018 ->  0.500000 qaram    1.3225
parameters
    1.9407   28.3261    5.1147   -4.9840   -9.8925   -7.1787
    3.3747    3.7204   -2.5185   11.4012    1.6361   -9.6494
eta,q 0.97721 11.86711
  0.0320  0.0300  0.0275  0.0304  0.0224  0.0257  0.0263  0.0272  0.0255  0.0255  0.0242  0.0241
  0.0298  0.0287  0.0269  0.0290  0.0224  0.0245  0.0247  0.0246  0.0241  0.0239  0.0234  0.0232
  0.0284  0.0278  0.0270  0.0277  0.0240  0.0231  0.0235  0.0232  0.0232  0.0230  0.0230  0.0228
  0.0277  0.0277  0.0277  0.0269  0.0270  0.0227  0.0229  0.0229  0.0229  0.0229  0.0228  0.0228
  0.0279  0.0282  0.0288  0.0273  0.0309  0.0248  0.0230  0.0236  0.0232  0.0235  0.0229  0.0231
  0.0287  0.0293  0.0303  0.0293  0.0346  0.0282  0.0238  0.0254  0.0240  0.0249  0.0232  0.0236
  0.0303  0.0309  0.0321  0.0327  0.0380  0.0333  0.0251  0.0281  0.0253  0.0272  0.0237  0.0245
niter,ni,del,rscale     7    3    5.0000    1.2000
parameters
    1.8951   28.5495    4.8519   -3.2866  -13.3513   -7.9914
    3.1909    3.7568   -2.4763   11.9482    2.2078  -10.7996
eta,q 0.97815 11.77164
  0.0258  0.0266  0.0247  0.0271  0.0241  0.0255  0.0246  0.0267  0.0242  0.0250  0.0233  0.0228
  0.0241  0.0247  0.0235  0.0255  0.0226  0.0240  0.0231  0.0241  0.0229  0.0232  0.0226  0.0222
  0.0231  0.0234  0.0228  0.0240  0.0217  0.0228  0.0221  0.0225  0.0221  0.0222  0.0221  0.0219
  0.0228  0.0228  0.0228  0.0227  0.0222  0.0217  0.0219  0.0219  0.0219  0.0219  0.0219  0.0219
  0.0232  0.0230  0.0232  0.0221  0.0248  0.0221  0.0223  0.0224  0.0222  0.0221  0.0220  0.0222
  0.0243  0.0239  0.0241  0.0229  0.0286  0.0248  0.0233  0.0241  0.0229  0.0228  0.0223  0.0227
  0.0261  0.0254  0.0254  0.0251  0.0329  0.0282  0.0248  0.0266  0.0241  0.0240  0.0229  0.0234
niter,ni,del,rscale     6    3    5.0000    1.2000
parameters
    1.8277   29.0763    4.9977   -2.6270  -14.3971   -8.0204
    3.1851    3.7304   -2.6489   12.8019    2.3319  -11.1818
eta,q 0.97834 11.75604
  0.0250  0.0258  0.0243  0.0256  0.0257  0.0260  0.0245  0.0264  0.0238  0.0247  0.0230  0.0229
  0.0232  0.0239  0.0229  0.0242  0.0238  0.0242  0.0230  0.0239  0.0226  0.0229  0.0223  0.0222
  0.0221  0.0226  0.0220  0.0229  0.0223  0.0230  0.0220  0.0223  0.0219  0.0220  0.0219  0.0218
  0.0218  0.0218  0.0217  0.0217  0.0215  0.0217  0.0217  0.0217  0.0217  0.0217  0.0217  0.0217
  0.0223  0.0217  0.0220  0.0215  0.0223  0.0216  0.0220  0.0222  0.0220  0.0218  0.0218  0.0219
  0.0234  0.0222  0.0227  0.0227  0.0250  0.0237  0.0230  0.0239  0.0228  0.0223  0.0222  0.0224
  0.0253  0.0234  0.0237  0.0253  0.0287  0.0269  0.0245  0.0265  0.0240  0.0234  0.0230  0.0231
niter,ni,del,rscale     5    3    5.0000    1.2000
parameters
    1.8065   29.3056    5.0327   -2.5672  -14.8667   -7.9840
    3.2333    3.7192   -2.6762   13.2286    2.3727  -11.3737
eta,q 0.97832 11.74234
  0.0250  0.0248  0.0240  0.0252  0.0260  0.0260  0.0244  0.0263  0.0238  0.0242  0.0230  0.0229
  0.0231  0.0232  0.0227  0.0239  0.0241  0.0243  0.0229  0.0238  0.0226  0.0227  0.0223  0.0222
  0.0220  0.0222  0.0218  0.0227  0.0226  0.0230  0.0220  0.0223  0.0219  0.0220  0.0219  0.0218
  0.0217  0.0217  0.0216  0.0216  0.0216  0.0217  0.0217  0.0217  0.0217  0.0217  0.0217  0.0217
  0.0221  0.0218  0.0220  0.0216  0.0219  0.0215  0.0220  0.0222  0.0220  0.0218  0.0218  0.0219
  0.0232  0.0225  0.0227  0.0231  0.0242  0.0236  0.0229  0.0239  0.0227  0.0224  0.0223  0.0223
  0.0251  0.0238  0.0238  0.0260  0.0277  0.0269  0.0244  0.0264  0.0238  0.0236  0.0230  0.0230
niter,ni,del,rscale     4    3    5.0000    1.2000
parameters
    1.7998   29.4351    5.0219   -2.5833  -15.0968   -7.9946
    3.2458    3.7135   -2.6843   13.4895    2.3992  -11.4942
eta,q 0.97829 11.73312
  0.0250  0.0245  0.0240  0.0252  0.0261  0.0260  0.0244  0.0263  0.0238  0.0240  0.0230  0.0230
  0.0231  0.0231  0.0227  0.0239  0.0242  0.0243  0.0229  0.0238  0.0227  0.0227  0.0223  0.0222
  0.0220  0.0221  0.0219  0.0226  0.0227  0.0230  0.0220  0.0223  0.0220  0.0220  0.0219  0.0218
  0.0217  0.0217  0.0217  0.0217  0.0217  0.0217  0.0217  0.0217  0.0217  0.0217  0.0217  0.0217
  0.0221  0.0218  0.0220  0.0217  0.0218  0.0216  0.0220  0.0222  0.0220  0.0219  0.0219  0.0219
  0.0232  0.0226  0.0228  0.0232  0.0239  0.0237  0.0229  0.0239  0.0227  0.0225  0.0223  0.0223
  0.0250  0.0240  0.0239  0.0260  0.0273  0.0270  0.0244  0.0263  0.0238  0.0237  0.0230  0.0230
niter,ni,del,rscale     3    3    5.0000    1.2000
parameters
    1.8000   29.5157    4.9949   -2.6048  -15.2286   -8.0222
    3.2466    3.7104   -2.6952   13.6620    2.4338  -11.5988
eta,q 0.97826 11.72661
  0.0250  0.0244  0.0240  0.0251  0.0261  0.0260  0.0244  0.0263  0.0238  0.0239  0.0231  0.0230
  0.0232  0.0230  0.0227  0.0239  0.0243  0.0243  0.0229  0.0239  0.0227  0.0227  0.0224  0.0223
  0.0221  0.0221  0.0219  0.0227  0.0227  0.0231  0.0220  0.0223  0.0220  0.0220  0.0219  0.0219
  0.0217  0.0217  0.0217  0.0217  0.0217  0.0217  0.0217  0.0217  0.0217  0.0217  0.0217  0.0217
  0.0221  0.0219  0.0221  0.0217  0.0218  0.0216  0.0220  0.0222  0.0220  0.0219  0.0219  0.0219
  0.0232  0.0227  0.0229  0.0232  0.0238  0.0237  0.0229  0.0239  0.0227  0.0225  0.0223  0.0224
  0.0250  0.0241  0.0240  0.0260  0.0272  0.0270  0.0244  0.0263  0.0238  0.0238  0.0231  0.0230
niter,ni,del,rscale     2    3    5.0000    1.2000
parameters
    1.8013   29.5708    4.9653   -2.6276  -15.3130   -8.0512
    3.2475    3.7061   -2.7053   13.7948    2.4585  -11.6780
eta,q 0.97824 11.72204
  0.0250  0.0244  0.0240  0.0251  0.0262  0.0261  0.0244  0.0263  0.0238  0.0239  0.0231  0.0230
  0.0232  0.0230  0.0227  0.0239  0.0243  0.0244  0.0229  0.0239  0.0227  0.0227  0.0224  0.0223
  0.0221  0.0221  0.0219  0.0227  0.0228  0.0231  0.0220  0.0223  0.0220  0.0220  0.0219  0.0219
  0.0217  0.0217  0.0217  0.0217  0.0217  0.0218  0.0218  0.0218  0.0218  0.0218  0.0218  0.0218
  0.0221  0.0220  0.0221  0.0218  0.0218  0.0216  0.0221  0.0223  0.0220  0.0219  0.0219  0.0220
  0.0232  0.0228  0.0229  0.0232  0.0238  0.0238  0.0229  0.0239  0.0227  0.0226  0.0224  0.0224
  0.0250  0.0242  0.0240  0.0260  0.0271  0.0270  0.0244  0.0263  0.0238  0.0238  0.0231  0.0231
niter,ni,del,rscale     1    3    5.0000    1.2000
parameters
    1.8024   29.6127    4.9393   -2.6444  -15.3770   -8.0759
    3.2522    3.7036   -2.7211   13.8921    2.4872  -11.7255
eta,q 0.97822 11.71828
  0.0251  0.0244  0.0240  0.0251  0.0262  0.0261  0.0244  0.0263  0.0238  0.0239  0.0231  0.0231
  0.0232  0.0230  0.0227  0.0239  0.0243  0.0244  0.0230  0.0239  0.0227  0.0227  0.0224  0.0223
  0.0221  0.0221  0.0220  0.0227  0.0228  0.0231  0.0221  0.0223  0.0220  0.0220  0.0219  0.0219
  0.0218  0.0218  0.0218  0.0218  0.0218  0.0218  0.0218  0.0218  0.0218  0.0218  0.0218  0.0218
  0.0222  0.0220  0.0221  0.0218  0.0218  0.0216  0.0221  0.0223  0.0220  0.0220  0.0219  0.0220
  0.0232  0.0228  0.0229  0.0232  0.0238  0.0238  0.0230  0.0239  0.0227  0.0226  0.0224  0.0224
  0.0250  0.0243  0.0240  0.0260  0.0271  0.0270  0.0244  0.0263  0.0239  0.0238  0.0231  0.0231
registration optimization eta report
parameter search radius
    2.4000    2.4000    2.7600    8.2800    9.5220    8.2800
    7.2000    7.2000    7.2000    7.2000    7.2000    8.2800
100000*second partial in parameter space
       57.       44.       30.        5.        5.        7.
        5.        9.        4.        4.        3.        2.
  0.0251  0.0244  0.0240  0.0251  0.0262  0.0261  0.0244  0.0263  0.0238  0.0239  0.0231  0.0231
  0.0232  0.0230  0.0227  0.0239  0.0243  0.0244  0.0230  0.0239  0.0227  0.0227  0.0224  0.0223
  0.0221  0.0221  0.0220  0.0227  0.0228  0.0231  0.0221  0.0223  0.0220  0.0220  0.0219  0.0219
  0.0218  0.0218  0.0218  0.0218  0.0218  0.0218  0.0218  0.0218  0.0218  0.0218  0.0218  0.0218
  0.0222  0.0220  0.0221  0.0218  0.0218  0.0216  0.0221  0.0223  0.0220  0.0220  0.0219  0.0220
  0.0232  0.0228  0.0229  0.0232  0.0238  0.0238  0.0230  0.0239  0.0227  0.0226  0.0224  0.0224
  0.0250  0.0243  0.0240  0.0260  0.0271  0.0270  0.0244  0.0263  0.0239  0.0238  0.0231  0.0231
    1.8024   29.6127    4.9393   -2.6444  -15.3770   -8.0759
    3.2522    3.7036   -2.7211   13.8921    2.4872  -11.7255
eta,q 0.97822 11.71828

---------------------------------------------------------------------
imgreg_4dfp /opt/freesurfer/average/711-2C_as_mni_average_305 /opt/freesurfer/average/711-2B_as_mni_average_305_mask talsrcimg_g11 none talsrcimg_to_711-2C_as_mni_average_305_t4 2311
---------------------------------------------------------------------

freesurfer imgreg_4dfp.c
/opt/freesurfer/average/711-2C_as_mni_average_305.4dfp.img
       256       256       256         1
  1.000000  1.000000  1.000000
orientation T byte_order littleendian
Reading image: /opt/freesurfer/average/711-2C_as_mni_average_305.4dfp.img
dimensions:      256       256       256
mmppix:       1.0000   -1.0000   -1.0000
center:     128.0000 -129.0000 -129.0000
/opt/freesurfer/average/711-2B_as_mni_average_305_mask.4dfp.img
       256       256       256         1
  1.000000  1.000000  1.000000
orientation T byte_order littleendian
Reading mask: /opt/freesurfer/average/711-2B_as_mni_average_305_mask.4dfp.img (2306576 pixels)
talsrcimg_g11.4dfp.img
       256       256       256         1
  1.000000  1.000000  1.000000
orientation T byte_order littleendian
Reading image: talsrcimg_g11.4dfp.img
dimensions:      256       256       256
mmppix:       1.0000   -1.0000   -1.0000
center:     128.0000 -129.0000 -129.0000
fimgreg.f
image alignment mode   2311 decimal      907 hex
parameters
    1.8024   29.6127    4.9393   -2.6444  -15.3770   -8.0759
    3.2522    3.7036   -2.7211   13.8921    2.4872  -11.7255
eta,q 0.97822 11.71828
niter,ni,del,rscale     5    3    5.0000    0.8000
parameters
    1.7820   29.6716    4.8280   -1.6996  -14.4188   -7.3515
    3.2519    3.8557   -2.6252   14.0930    2.5570  -12.0132
eta,q 0.97867 11.81581
  0.0232  0.0230  0.0225  0.0236  0.0234  0.0237  0.0227  0.0240  0.0225  0.0224  0.0222  0.0218
  0.0224  0.0224  0.0221  0.0229  0.0227  0.0230  0.0220  0.0226  0.0219  0.0218  0.0217  0.0215
  0.0219  0.0220  0.0218  0.0223  0.0221  0.0222  0.0215  0.0217  0.0215  0.0215  0.0214  0.0214
  0.0218  0.0218  0.0218  0.0218  0.0216  0.0215  0.0213  0.0213  0.0213  0.0213  0.0213  0.0213
  0.0220  0.0219  0.0219  0.0216  0.0215  0.0213  0.0215  0.0215  0.0215  0.0214  0.0214  0.0214
  0.0225  0.0222  0.0222  0.0219  0.0218  0.0218  0.0220  0.0224  0.0218  0.0217  0.0217  0.0216
  0.0233  0.0229  0.0227  0.0227  0.0226  0.0231  0.0228  0.0237  0.0224  0.0222  0.0221  0.0219
niter,ni,del,rscale     4    3    5.0000    0.7000
parameters
    1.7602   29.4797    5.1231   -1.6773  -14.2537   -6.8465
    3.2827    3.8620   -2.5649   13.6224    2.4246  -11.7628
eta,q 0.97882 11.83907
  0.0226  0.0220  0.0223  0.0227  0.0226  0.0233  0.0223  0.0232  0.0221  0.0218  0.0218  0.0217
  0.0219  0.0216  0.0218  0.0220  0.0220  0.0226  0.0217  0.0221  0.0216  0.0214  0.0215  0.0214
  0.0214  0.0214  0.0215  0.0215  0.0216  0.0218  0.0213  0.0215  0.0213  0.0212  0.0212  0.0212
  0.0213  0.0213  0.0213  0.0213  0.0213  0.0213  0.0212  0.0212  0.0212  0.0212  0.0212  0.0212
  0.0215  0.0215  0.0213  0.0214  0.0213  0.0212  0.0213  0.0214  0.0213  0.0213  0.0213  0.0212
  0.0219  0.0219  0.0214  0.0219  0.0217  0.0216  0.0217  0.0221  0.0216  0.0216  0.0215  0.0214
  0.0226  0.0226  0.0217  0.0228  0.0225  0.0228  0.0223  0.0232  0.0220  0.0222  0.0219  0.0216
niter,ni,del,rscale     3    3    5.0000    0.6000
parameters
    1.7493   29.3292    5.3392   -1.5910  -14.0015   -6.5265
    3.2698    3.9048   -2.4999   13.2207    2.3284  -11.5716
eta,q 0.97891 11.86009
  0.0221  0.0217  0.0219  0.0223  0.0222  0.0228  0.0219  0.0226  0.0218  0.0215  0.0216  0.0215
  0.0216  0.0214  0.0215  0.0218  0.0217  0.0221  0.0215  0.0218  0.0214  0.0213  0.0213  0.0213
  0.0213  0.0212  0.0213  0.0213  0.0214  0.0215  0.0212  0.0213  0.0212  0.0211  0.0211  0.0211
  0.0212  0.0212  0.0212  0.0211  0.0211  0.0211  0.0211  0.0211  0.0211  0.0211  0.0211  0.0211
  0.0213  0.0213  0.0212  0.0212  0.0211  0.0211  0.0212  0.0212  0.0212  0.0212  0.0212  0.0211
  0.0216  0.0216  0.0213  0.0216  0.0214  0.0215  0.0215  0.0217  0.0214  0.0214  0.0214  0.0212
  0.0222  0.0221  0.0215  0.0223  0.0220  0.0225  0.0219  0.0226  0.0217  0.0218  0.0217  0.0214
niter,ni,del,rscale     2    3    5.0000    0.5000
parameters
    1.7490   29.1831    5.4812   -1.5234  -13.7626   -6.2952
    3.2612    3.9559   -2.4814   12.8725    2.2704  -11.3566
eta,q 0.97897 11.87665
  0.0218  0.0214  0.0216  0.0219  0.0218  0.0223  0.0216  0.0222  0.0215  0.0213  0.0214  0.0213
  0.0214  0.0212  0.0213  0.0215  0.0215  0.0218  0.0213  0.0216  0.0213  0.0212  0.0212  0.0212
  0.0212  0.0211  0.0212  0.0212  0.0212  0.0213  0.0211  0.0212  0.0211  0.0211  0.0211  0.0211
  0.0211  0.0211  0.0211  0.0211  0.0211  0.0211  0.0210  0.0210  0.0210  0.0210  0.0210  0.0210
  0.0212  0.0212  0.0211  0.0211  0.0211  0.0211  0.0211  0.0211  0.0211  0.0211  0.0211  0.0211
  0.0214  0.0214  0.0212  0.0214  0.0213  0.0214  0.0213  0.0215  0.0212  0.0213  0.0212  0.0211
  0.0218  0.0218  0.0214  0.0219  0.0217  0.0221  0.0216  0.0221  0.0215  0.0215  0.0214  0.0212
niter,ni,del,rscale     1    3    5.0000    0.4000
parameters
    1.7563   29.0627    5.5810   -1.4787  -13.5491   -6.1414
    3.2635    4.0020   -2.4708   12.5941    2.2070  -11.2442
eta,q 0.97900 11.88942
  0.0215  0.0213  0.0214  0.0216  0.0215  0.0219  0.0214  0.0218  0.0213  0.0212  0.0212  0.0212
  0.0212  0.0211  0.0212  0.0213  0.0213  0.0214  0.0212  0.0214  0.0211  0.0211  0.0211  0.0211
  0.0211  0.0210  0.0211  0.0211  0.0211  0.0211  0.0211  0.0211  0.0210  0.0210  0.0210  0.0210
  0.0210  0.0210  0.0210  0.0210  0.0210  0.0210  0.0210  0.0210  0.0210  0.0210  0.0210  0.0210
  0.0211  0.0211  0.0210  0.0211  0.0210  0.0211  0.0210  0.0211  0.0210  0.0211  0.0210  0.0210
  0.0212  0.0212  0.0211  0.0213  0.0212  0.0213  0.0212  0.0213  0.0211  0.0212  0.0211  0.0211
  0.0215  0.0215  0.0212  0.0216  0.0214  0.0217  0.0214  0.0217  0.0213  0.0213  0.0213  0.0211
registration optimization eta report
parameter search radius
    0.8000    0.8000    0.8000    2.4000    2.4000    2.4000
    2.4000    2.4000    2.4000    2.4000    2.4000    2.4000
100000*second partial in parameter space
       70.       53.       41.       10.        8.       13.
        7.       13.        5.        5.        4.        3.
  0.0215  0.0213  0.0214  0.0216  0.0215  0.0219  0.0214  0.0218  0.0213  0.0212  0.0212  0.0212
  0.0212  0.0211  0.0212  0.0213  0.0213  0.0214  0.0212  0.0214  0.0211  0.0211  0.0211  0.0211
  0.0211  0.0210  0.0211  0.0211  0.0211  0.0211  0.0211  0.0211  0.0210  0.0210  0.0210  0.0210
  0.0210  0.0210  0.0210  0.0210  0.0210  0.0210  0.0210  0.0210  0.0210  0.0210  0.0210  0.0210
  0.0211  0.0211  0.0210  0.0211  0.0210  0.0211  0.0210  0.0211  0.0210  0.0211  0.0210  0.0210
  0.0212  0.0212  0.0211  0.0213  0.0212  0.0213  0.0212  0.0213  0.0211  0.0212  0.0211  0.0211
  0.0215  0.0215  0.0212  0.0216  0.0214  0.0217  0.0214  0.0217  0.0213  0.0213  0.0213  0.0211
    1.7563   29.0627    5.5810   -1.4787  -13.5491   -6.1414
    3.2635    4.0020   -2.4708   12.5941    2.2070  -11.2442
eta,q 0.97900 11.88942

---------------------------------------------------------------------
imgreg_4dfp /opt/freesurfer/average/711-2C_as_mni_average_305 /opt/freesurfer/average/711-2B_as_mni_average_305_mask talsrcimg_g11 none talsrcimg_to_711-2C_as_mni_average_305_t4 2311
---------------------------------------------------------------------

freesurfer imgreg_4dfp.c
/opt/freesurfer/average/711-2C_as_mni_average_305.4dfp.img
       256       256       256         1
  1.000000  1.000000  1.000000
orientation T byte_order littleendian
Reading image: /opt/freesurfer/average/711-2C_as_mni_average_305.4dfp.img
dimensions:      256       256       256
mmppix:       1.0000   -1.0000   -1.0000
center:     128.0000 -129.0000 -129.0000
/opt/freesurfer/average/711-2B_as_mni_average_305_mask.4dfp.img
       256       256       256         1
  1.000000  1.000000  1.000000
orientation T byte_order littleendian
Reading mask: /opt/freesurfer/average/711-2B_as_mni_average_305_mask.4dfp.img (2306576 pixels)
talsrcimg_g11.4dfp.img
       256       256       256         1
  1.000000  1.000000  1.000000
orientation T byte_order littleendian
Reading image: talsrcimg_g11.4dfp.img
dimensions:      256       256       256
mmppix:       1.0000   -1.0000   -1.0000
center:     128.0000 -129.0000 -129.0000
fimgreg.f
image alignment mode   2311 decimal      907 hex
parameters
    1.7563   29.0627    5.5810   -1.4787  -13.5491   -6.1414
    3.2635    4.0020   -2.4708   12.5941    2.2070  -11.2442
eta,q 0.97900 11.88942
niter,ni,del,rscale     5    3    5.0000    0.8000
parameters
    1.7782   28.9540    5.6438   -1.7760  -13.8094   -6.4835
    3.2452    3.9122   -2.4796   12.4160    2.1944  -10.8557
eta,q 0.97894 11.86237
  0.0229  0.0222  0.0221  0.0227  0.0225  0.0231  0.0225  0.0236  0.0222  0.0221  0.0219  0.0217
  0.0218  0.0215  0.0215  0.0219  0.0218  0.0223  0.0217  0.0222  0.0216  0.0214  0.0215  0.0214
  0.0212  0.0211  0.0211  0.0213  0.0213  0.0214  0.0212  0.0214  0.0212  0.0211  0.0212  0.0211
  0.0210  0.0210  0.0210  0.0210  0.0210  0.0210  0.0211  0.0211  0.0211  0.0211  0.0211  0.0211
  0.0212  0.0212  0.0211  0.0213  0.0212  0.0213  0.0212  0.0214  0.0212  0.0212  0.0212  0.0211
  0.0218  0.0217  0.0214  0.0221  0.0219  0.0224  0.0217  0.0223  0.0216  0.0216  0.0215  0.0213
  0.0228  0.0226  0.0219  0.0234  0.0231  0.0243  0.0225  0.0238  0.0222  0.0223  0.0219  0.0215
niter,ni,del,rscale     4    3    5.0000    0.7000
parameters
    1.7748   29.0028    5.5636   -1.6170  -13.7076   -6.5036
    3.2465    3.9274   -2.4885   12.4587    2.2574  -10.9597
eta,q 0.97896 11.86842
  0.0224  0.0221  0.0217  0.0226  0.0224  0.0229  0.0222  0.0231  0.0220  0.0219  0.0217  0.0215
  0.0216  0.0216  0.0213  0.0219  0.0218  0.0222  0.0216  0.0220  0.0214  0.0214  0.0214  0.0212
  0.0212  0.0212  0.0211  0.0214  0.0213  0.0214  0.0212  0.0213  0.0211  0.0211  0.0211  0.0211
  0.0211  0.0211  0.0211  0.0211  0.0210  0.0210  0.0210  0.0210  0.0210  0.0210  0.0210  0.0210
  0.0212  0.0211  0.0212  0.0211  0.0211  0.0212  0.0212  0.0212  0.0212  0.0211  0.0211  0.0211
  0.0217  0.0215  0.0215  0.0216  0.0215  0.0218  0.0215  0.0220  0.0215  0.0214  0.0213  0.0213
  0.0224  0.0220  0.0219  0.0225  0.0224  0.0233  0.0222  0.0231  0.0219  0.0218  0.0217  0.0215
niter,ni,del,rscale     3    3    5.0000    0.6000
parameters
    1.7702   28.9912    5.5596   -1.5381  -13.6096   -6.3568
    3.2509    3.9462   -2.4934   12.4524    2.2703  -11.0084
eta,q 0.97899 11.87840
  0.0220  0.0218  0.0216  0.0222  0.0221  0.0226  0.0219  0.0226  0.0217  0.0216  0.0215  0.0213
  0.0215  0.0214  0.0213  0.0217  0.0216  0.0220  0.0214  0.0218  0.0213  0.0213  0.0213  0.0212
  0.0211  0.0211  0.0211  0.0212  0.0212  0.0213  0.0211  0.0212  0.0211  0.0211  0.0211  0.0210
  0.0210  0.0210  0.0210  0.0210  0.0210  0.0210  0.0210  0.0210  0.0210  0.0210  0.0210  0.0210
  0.0212  0.0211  0.0211  0.0211  0.0211  0.0211  0.0211  0.0212  0.0211  0.0211  0.0211  0.0211
  0.0215  0.0214  0.0213  0.0215  0.0214  0.0215  0.0214  0.0217  0.0213  0.0213  0.0213  0.0212
  0.0220  0.0218  0.0216  0.0222  0.0221  0.0226  0.0219  0.0226  0.0217  0.0216  0.0215  0.0213
niter,ni,del,rscale     2    3    5.0000    0.5000
parameters
    1.7661   28.9650    5.6064   -1.4956  -13.5100   -6.2050
    3.2640    3.9714   -2.4946   12.3881    2.2451  -11.0186
eta,q 0.97901 11.88765
  0.0217  0.0215  0.0214  0.0219  0.0218  0.0222  0.0216  0.0221  0.0215  0.0214  0.0214  0.0212
  0.0213  0.0212  0.0212  0.0215  0.0214  0.0217  0.0213  0.0215  0.0212  0.0212  0.0212  0.0211
  0.0211  0.0211  0.0211  0.0211  0.0212  0.0212  0.0211  0.0212  0.0210  0.0210  0.0210  0.0210
  0.0210  0.0210  0.0210  0.0210  0.0210  0.0210  0.0210  0.0210  0.0210  0.0210  0.0210  0.0210
  0.0211  0.0211  0.0210  0.0211  0.0210  0.0211  0.0211  0.0211  0.0211  0.0211  0.0210  0.0210
  0.0213  0.0213  0.0212  0.0214  0.0213  0.0214  0.0213  0.0215  0.0212  0.0212  0.0212  0.0211
  0.0217  0.0216  0.0214  0.0219  0.0217  0.0221  0.0216  0.0221  0.0215  0.0214  0.0214  0.0212
niter,ni,del,rscale     1    3    5.0000    0.4000
parameters
    1.7676   28.9258    5.6487   -1.4700  -13.3985   -6.0932
    3.2645    4.0070   -2.4822   12.2954    2.1928  -10.9914
eta,q 0.97901 11.89536
  0.0215  0.0213  0.0213  0.0216  0.0215  0.0218  0.0214  0.0217  0.0213  0.0212  0.0212  0.0211
  0.0212  0.0211  0.0211  0.0213  0.0213  0.0214  0.0212  0.0213  0.0211  0.0211  0.0211  0.0211
  0.0210  0.0210  0.0210  0.0211  0.0211  0.0211  0.0210  0.0211  0.0210  0.0210  0.0210  0.0210
  0.0210  0.0210  0.0210  0.0210  0.0210  0.0210  0.0210  0.0210  0.0210  0.0210  0.0210  0.0210
  0.0210  0.0210  0.0210  0.0210  0.0210  0.0210  0.0210  0.0210  0.0210  0.0210  0.0210  0.0210
  0.0212  0.0212  0.0211  0.0212  0.0212  0.0213  0.0212  0.0213  0.0211  0.0211  0.0211  0.0211
  0.0214  0.0214  0.0212  0.0216  0.0215  0.0217  0.0214  0.0217  0.0213  0.0213  0.0213  0.0211
registration optimization eta report
parameter search radius
    0.8000    0.8000    0.8000    2.4000    2.4000    2.4000
    2.4000    2.4000    2.4000    2.4000    2.4000    2.4000
100000*second partial in parameter space
       71.       54.       40.       10.        8.       13.
        7.       13.        6.        5.        4.        3.
  0.0215  0.0213  0.0213  0.0216  0.0215  0.0218  0.0214  0.0217  0.0213  0.0212  0.0212  0.0211
  0.0212  0.0211  0.0211  0.0213  0.0213  0.0214  0.0212  0.0213  0.0211  0.0211  0.0211  0.0211
  0.0210  0.0210  0.0210  0.0211  0.0211  0.0211  0.0210  0.0211  0.0210  0.0210  0.0210  0.0210
  0.0210  0.0210  0.0210  0.0210  0.0210  0.0210  0.0210  0.0210  0.0210  0.0210  0.0210  0.0210
  0.0210  0.0210  0.0210  0.0210  0.0210  0.0210  0.0210  0.0210  0.0210  0.0210  0.0210  0.0210
  0.0212  0.0212  0.0211  0.0212  0.0212  0.0213  0.0212  0.0213  0.0211  0.0211  0.0211  0.0211
  0.0214  0.0214  0.0212  0.0216  0.0215  0.0217  0.0214  0.0217  0.0213  0.0213  0.0213  0.0211
    1.7676   28.9258    5.6487   -1.4700  -13.3985   -6.0932
    3.2645    4.0070   -2.4822   12.2954    2.1928  -10.9914
eta,q 0.97901 11.89536

---------------------------------------------------------------------
compute_vox2vox talsrcimg talsrcimg_to_711-2C_as_mni_average_305_t4 /opt/freesurfer/average/711-2C_as_mni_average_305
---------------------------------------------------------------------

freesurfer compute_vox2vox.c
Reading: talsrcimg.4dfp.ifh
Reading: talsrcimg_to_711-2C_as_mni_average_305_t4
Reading: /opt/freesurfer/average/711-2C_as_mni_average_305.4dfp.ifh
Writing: talsrcimg_to_711-2C_as_mni_average_305_t4_vox2vox.txt

start time Mon Mar 9 12:23:46 CET 2026
end		time Mon Mar 9 12:25:13 CET 2026

mpr2mni305 success

avi2talxfm orig_nu.mgz /opt/freesurfer/average/mni305.cor.mgz talsrcimg_to_711-2C_as_mni_average_305_t4_vox2vox.txt transforms/talairach.auto.xfm
avi2talxfm done
mv -f /out/sourcedata/freesurfer/sub-v1s22x0050454_ses-1/mri/talsrcimg_to_711-2C_as_mni_average_305_t4_vox2vox.txt /out/sourcedata/freesurfer/sub-v1s22x0050454_ses-1/mri/transforms/talsrcimg_to_711-2C_as_mni_average_305_t4_vox2vox.txt
lta_convert --src orig_nu.mgz --trg /opt/freesurfer/average/mni305.cor.mgz --inxfm transforms/talairach.auto.xfm --outlta transforms/talairach.auto.xfm.lta --subject fsaverage
7.3.2

--src: orig_nu.mgz src image (geometry).
--trg: /opt/freesurfer/average/mni305.cor.mgz trg image (geometry).
--inmni: transforms/talairach.auto.xfm input MNI/XFM transform.
--outlta: transforms/talairach.auto.xfm.lta output LTA.
--s: fsaverage subject name
 LTA read, type : 1
 1.01467  -0.03766  -0.04303   0.24795;
-0.01996   1.04822   0.13379  -51.39646;
 0.03192  -0.14990   1.13449  -18.54694;
 0.00000   0.00000   0.00000   1.00000;
setting subject to fsaverage
Writing  LTA to file transforms/talairach.auto.xfm.lta...
lta_convert successful.
 
 
Started at Mon Mar 9 12:23:46 CET 2026
Ended   at Mon Mar  9 12:25:13 CET 2026
talairach_avi done
