status file for recon-all
Mon Mar  9 18:16:34 CET 2026
#@# Tessellate rh Mon Mar  9 18:16:35 CET 2026
#@# Smooth1 rh Mon Mar  9 18:16:38 CET 2026
#@# Inflation1 rh Mon Mar  9 18:16:41 CET 2026
#@# QSphere rh Mon Mar  9 18:16:56 CET 2026
#@# Fix Topology rh Mon Mar  9 18:18:29 CET 2026
#@# Smooth2 rh Mon Mar  9 18:25:36 CET 2026
#@# Inflation2 rh Mon Mar  9 18:25:40 CET 2026
#@# Curv .H and .K rh Mon Mar  9 18:25:56 CET 2026
#@# Sphere rh Mon Mar  9 18:26:45 CET 2026
#@# Surf Reg rh Mon Mar  9 18:29:40 CET 2026
#@# Jacobian white rh Mon Mar  9 18:34:33 CET 2026
#@# AvgCurv rh Mon Mar  9 18:34:34 CET 2026
#@# Cortical Parc rh Mon Mar  9 18:34:35 CET 2026
#@# white curv rh Mon Mar  9 18:42:03 CET 2026
#@# white area rh Mon Mar  9 18:42:05 CET 2026
#@# pial curv rh Mon Mar  9 18:42:06 CET 2026
#@# pial area rh Mon Mar  9 18:42:08 CET 2026
#@# thickness rh Mon Mar  9 18:42:09 CET 2026
#@# area and vertex vol rh Mon Mar  9 18:42:43 CET 2026
#@# Curvature Stats rh Mon Mar  9 18:42:45 CET 2026
#@# Cortical Parc 2 rh Mon Mar  9 18:42:48 CET 2026
#@# Cortical Parc 3 rh Mon Mar  9 18:43:02 CET 2026
#@# WM/GM Contrast rh Mon Mar  9 18:43:14 CET 2026
recon-all -s sub-v1s22x0050508_ses-1 finished without error at Mon Mar  9 18:43:20 CET 2026



#New# invocation of recon-all 



status file for recon-all
Mon Mar  9 18:52:37 CET 2026
#@# white curv rh Mon Mar  9 18:52:37 CET 2026
#@# white area rh Mon Mar  9 18:52:37 CET 2026
#@# pial curv rh Mon Mar  9 18:52:37 CET 2026
#@# pial area rh Mon Mar  9 18:52:37 CET 2026
#@# thickness rh Mon Mar  9 18:52:37 CET 2026
#@# area and vertex vol rh Mon Mar  9 18:52:37 CET 2026
#@# Parcellation Stats rh Mon Mar  9 18:52:37 CET 2026
#@# Parcellation Stats 2 rh Mon Mar  9 18:52:57 CET 2026
#@# Parcellation Stats 3 rh Mon Mar  9 18:53:07 CET 2026
#@# BA_exvivo Labels rh Mon Mar  9 18:53:17 CET 2026
recon-all -s sub-v1s22x0050508_ses-1 finished without error at Mon Mar  9 18:56:12 CET 2026
