/out/sourcedata/freesurfer/sub-v1s22x0050508_ses-1/mri
/opt/freesurfer/bin/talairach_avi
--i orig_nu.mgz --xfm transforms/talairach.auto.xfm
talairach_avi 7.3.2
Linux dna062 5.14.0-427.37.1.el9_4.x86_64 #1 SMP PREEMPT_DYNAMIC Fri Sep 13 12:41:50 EDT 2024 x86_64 x86_64 x86_64 GNU/Linux
Mon Mar  9 16:00:00 CET 2026
mri_convert orig_nu.mgz talsrcimg.img 
reading from orig_nu.mgz...
TR=0.00, TE=0.00, TI=0.00, flip angle=0.00
i_ras = (-1, 0, 0)
j_ras = (0, 0, -1)
k_ras = (0, 1, 0)
writing to talsrcimg.img...
Analyze Output Matrix
-1.00000   0.00000   0.00000   128.82437;
 0.00000   0.00000   1.00000  -105.41295;
 0.00000  -1.00000   0.00000   133.32907;
 0.00000   0.00000   0.00000   1.00000;
--------------------
INFO: set hdr.hist.orient to -1
mpr2mni305 talsrcimg
Mon Mar  9 16:00:01 CET 2026
/opt/freesurfer/bin/mpr2mni305 talsrcimg
mpr2mni305 7.3.2
target=711-2C_as_mni_average_305

---------------------------------------------------------------------
analyzeto4dfp talsrcimg -O0 -y
---------------------------------------------------------------------

freesurfer ifh2hdr.c
Mon Mar  9 16:00:01 2026
Writing: talsrcimg.4dfp.hdr
freesurfer analyzeto4dfp.c
Reading: talsrcimg.hdr
header size 348 bytes
hdr.dime.datatype	offset=70	value=2
hdr.dime.bitpix		offset=72	value=8
hdr.hist.orient		offset=252	value=-1
dimensionality     4
dimensions       256       256       256         1
Reading: talsrcimg.img
Writing: talsrcimg.4dfp.img
Writing: talsrcimg.4dfp.ifh
ifh2hdr talsrcimg -r0to188
ori=2

---------------------------------------------------------------------
gauss_4dfp talsrcimg 1.1
---------------------------------------------------------------------

freesurfer gauss_4dfp.c
Reading: talsrcimg.4dfp.img
Writing: talsrcimg_g11.4dfp.img
image dimensions 256 256 256 padded to 288 288 288
processing volume 1freesurfer ifh2hdr.c
Mon Mar  9 16:00:03 2026
Writing: talsrcimg_g11.4dfp.hdr

Writing: talsrcimg_g11.4dfp.ifh
including: talsrcimg.4dfp.img.rec in talsrcimg_g11.4dfp.img.rec

---------------------------------------------------------------------
imgreg_4dfp /opt/freesurfer/average/711-2C_as_mni_average_305 none talsrcimg_g11 none talsrcimg_to_711-2C_as_mni_average_305_t4 4355
---------------------------------------------------------------------

freesurfer imgreg_4dfp.c
/opt/freesurfer/average/711-2C_as_mni_average_305.4dfp.img
       256       256       256         1
  1.000000  1.000000  1.000000
orientation T byte_order littleendian
Reading image: /opt/freesurfer/average/711-2C_as_mni_average_305.4dfp.img
dimensions:      256       256       256
mmppix:       1.0000   -1.0000   -1.0000
center:     128.0000 -129.0000 -129.0000
talsrcimg_g11.4dfp.img
       256       256       256         1
  1.000000  1.000000  1.000000
orientation T byte_order littleendian
Reading image: talsrcimg_g11.4dfp.img
dimensions:      256       256       256
mmppix:       1.0000   -1.0000   -1.0000
center:     128.0000 -129.0000 -129.0000
t4_read: open error in t4_sub.f l:  41 t4_file(1:l)talsrcimg_to_711-2C_as_mni_average_305_t4 
t4_read: transform initialized to I4
rotation matrix determinant  1.000000
image alignment mode   4355 decimal     1103 hex
   -7.5000  -45.0000  -45.0000 6351.4976   20.0571
    0.0000  -45.0000  -45.0000 6674.4404   20.1142
    7.5000  -45.0000  -45.0000 6470.3794   20.1260
   -7.5000  -37.5000  -45.0000 6866.8447   19.4594
    0.0000  -37.5000  -45.0000 7219.7607   19.5058
    7.5000  -37.5000  -45.0000 6993.8936   19.5070
   -7.5000  -30.0000  -45.0000 7697.3677   19.1340
    0.0000  -30.0000  -45.0000 8109.4614   19.1716
    7.5000  -30.0000  -45.0000 7836.2090   19.1691
   -7.5000  -22.5000  -45.0000 8614.8340   19.0176
    0.0000  -22.5000  -45.0000 9074.1807   19.0530
    7.5000  -22.5000  -45.0000 8748.5020   19.0559
   -7.5000  -15.0000  -45.0000 9539.5029   18.9314
    0.0000  -15.0000  -45.000010058.8125   18.9719
    7.5000  -15.0000  -45.0000 9678.9365   18.9833
   -7.5000   -7.5000  -45.000010391.6846   18.8886
    0.0000   -7.5000  -45.000010979.9092   18.9382
    7.5000   -7.5000  -45.000010588.5107   18.9539
   -7.5000    0.0000  -45.000011156.5957   18.8871
    0.0000    0.0000  -45.000011813.1807   18.9373
    7.5000    0.0000  -45.000011431.7480   18.9470
   -7.5000    7.5000  -45.000011103.1816   18.9212
    0.0000    7.5000  -45.000011751.4697   18.9636
    7.5000    7.5000  -45.000011368.8164   18.9636
   -7.5000   15.0000  -45.000011027.3135   18.9514
    0.0000   15.0000  -45.000011615.4795   18.9881
    7.5000   15.0000  -45.000011237.4619   18.9859
   -7.5000   22.5000  -45.000010823.3281   18.9501
    0.0000   22.5000  -45.000011399.9902   18.9855
    7.5000   22.5000  -45.000010998.4951   18.9887
   -7.5000   30.0000  -45.000010394.6191   18.6720
    0.0000   30.0000  -45.000010919.6572   18.7119
    7.5000   30.0000  -45.000010511.6045   18.7232
   -7.5000   37.5000  -45.000010343.4092   18.6369
    0.0000   37.5000  -45.000010883.5752   18.6858
    7.5000   37.5000  -45.000010469.7500   18.7013
   -7.5000   45.0000  -45.0000 9726.8242   18.1622
    0.0000   45.0000  -45.000010255.8623   18.2105
    7.5000   45.0000  -45.0000 9872.9316   18.2198
   -7.5000  -45.0000  -37.5000 6681.2275   19.8769
    0.0000  -45.0000  -37.5000 7021.3662   19.9371
    7.5000  -45.0000  -37.5000 6823.0181   19.9545
   -7.5000  -37.5000  -37.5000 7240.1953   19.2953
    0.0000  -37.5000  -37.5000 7621.1890   19.3444
    7.5000  -37.5000  -37.5000 7385.0884   19.3498
   -7.5000  -30.0000  -37.5000 8135.1445   18.9736
    0.0000  -30.0000  -37.5000 8582.0449   19.0124
    7.5000  -30.0000  -37.5000 8274.8975   19.0099
   -7.5000  -22.5000  -37.5000 9135.4502   18.8514
    0.0000  -22.5000  -37.5000 9644.1641   18.8875
    7.5000  -22.5000  -37.5000 9272.6973   18.8877
   -7.5000  -15.0000  -37.500010117.0371   18.7615
    0.0000  -15.0000  -37.500010672.1016   18.8030
    7.5000  -15.0000  -37.500010243.1611   18.8129
   -7.5000   -7.5000  -37.500011028.8096   18.7234
    0.0000   -7.5000  -37.500011674.1230   18.7746
    7.5000   -7.5000  -37.500011214.6748   18.7923
   -7.5000    0.0000  -37.500011866.3604   18.7289
    0.0000    0.0000  -37.500012550.0000   18.7818
    7.5000    0.0000  -37.500012100.5820   18.7966
   -7.5000    7.5000  -37.500011808.0742   18.7663
    0.0000    7.5000  -37.500012479.0791   18.8112
    7.5000    7.5000  -37.500012036.4102   18.8155
   -7.5000   15.0000  -37.500011707.7793   18.7940
    0.0000   15.0000  -37.500012327.3867   18.8319
    7.5000   15.0000  -37.500011893.8242   18.8297
   -7.5000   22.5000  -37.500011467.8057   18.7851
    0.0000   22.5000  -37.500012062.0732   18.8211
    7.5000   22.5000  -37.500011614.2051   18.8217
   -7.5000   30.0000  -37.500010979.6250   18.5045
    0.0000   30.0000  -37.500011545.2061   18.5453
    7.5000   30.0000  -37.500011077.9355   18.5552
   -7.5000   37.5000  -37.500010902.8594   18.4739
    0.0000   37.5000  -37.500011482.7734   18.5244
    7.5000   37.5000  -37.500011017.9111   18.5418
   -7.5000   45.0000  -37.500010267.6484   18.0101
    0.0000   45.0000  -37.500010828.4746   18.0610
    7.5000   45.0000  -37.500010402.2295   18.0752
   -7.5000  -45.0000  -30.0000 7145.6016   20.6318
    0.0000  -45.0000  -30.0000 7517.7383   20.6950
    7.5000  -45.0000  -30.0000 7265.8931   20.7176
   -7.5000  -37.5000  -30.0000 7765.5410   20.0331
    0.0000  -37.5000  -30.0000 8195.7578   20.0850
    7.5000  -37.5000  -30.0000 7895.1230   20.0966
   -7.5000  -30.0000  -30.0000 8756.6016   19.7074
    0.0000  -30.0000  -30.0000 9265.1025   19.7479
    7.5000  -30.0000  -30.0000 8888.2529   19.7484
   -7.5000  -22.5000  -30.0000 9838.4004   19.5857
    0.0000  -22.5000  -30.000010403.8506   19.6235
    7.5000  -22.5000  -30.0000 9967.5811   19.6218
   -7.5000  -15.0000  -30.000010915.5967   19.4923
    0.0000  -15.0000  -30.000011514.3408   19.5357
    7.5000  -15.0000  -30.000011036.8555   19.5416
   -7.5000   -7.5000  -30.000011920.6885   19.4479
    0.0000   -7.5000  -30.000012605.5137   19.5010
    7.5000   -7.5000  -30.000012104.0293   19.5174
   -7.5000    0.0000  -30.000012796.9873   19.4469
    0.0000    0.0000  -30.000013514.6309   19.5025
    7.5000    0.0000  -30.000013032.1357   19.5211
   -7.5000    7.5000  -30.000012743.7139   19.4860
    0.0000    7.5000  -30.000013450.4199   19.5336
    7.5000    7.5000  -30.000012949.6064   19.5438
   -7.5000   15.0000  -30.000012602.6836   19.5214
    0.0000   15.0000  -30.000013290.9473   19.5609
    7.5000   15.0000  -30.000012763.5938   19.5617
   -7.5000   22.5000  -30.000012338.3604   19.5148
    0.0000   22.5000  -30.000013011.1484   19.5525
    7.5000   22.5000  -30.000012456.6748   19.5513
   -7.5000   30.0000  -30.000011789.9658   19.2272
    0.0000   30.0000  -30.000012418.3740   19.2698
    7.5000   30.0000  -30.000011896.1973   19.2758
   -7.5000   37.5000  -30.000011690.8428   19.1905
    0.0000   37.5000  -30.000012310.8242   19.2429
    7.5000   37.5000  -30.000011814.5205   19.2591
   -7.5000   45.0000  -30.000011032.8408   18.7143
    0.0000   45.0000  -30.000011612.4541   18.7678
    7.5000   45.0000  -30.000011161.8545   18.7857
   -7.5000  -45.0000  -22.5000 7624.1094   21.2872
    0.0000  -45.0000  -22.5000 8034.0586   21.3495
    7.5000  -45.0000  -22.5000 7735.4019   21.3711
   -7.5000  -37.5000  -22.5000 8313.9092   20.6635
    0.0000  -37.5000  -22.5000 8770.1143   20.7149
    7.5000  -37.5000  -22.5000 8424.3164   20.7290
   -7.5000  -30.0000  -22.5000 9420.1357   20.3351
    0.0000  -30.0000  -22.5000 9953.8730   20.3762
    7.5000  -30.0000  -22.5000 9523.9229   20.3809
   -7.5000  -22.5000  -22.500010603.0898   20.2249
    0.0000  -22.5000  -22.500011184.2881   20.2643
    7.5000  -22.5000  -22.500010690.3730   20.2638
   -7.5000  -15.0000  -22.500011731.4766   20.1379
    0.0000  -15.0000  -22.500012375.1729   20.1825
    7.5000  -15.0000  -22.500011844.1348   20.1854
   -7.5000   -7.5000  -22.500012794.6592   20.0844
    0.0000   -7.5000  -22.500013542.8408   20.1376
    7.5000   -7.5000  -22.500012994.4414   20.1499
   -7.5000    0.0000  -22.500013732.1152   20.0676
    0.0000    0.0000  -22.500014538.4365   20.1225
    7.5000    0.0000  -22.500013963.0684   20.1396
   -7.5000    7.5000  -22.500013685.0947   20.1004
    0.0000    7.5000  -22.500014500.3896   20.1476
    7.5000    7.5000  -22.500013868.8398   20.1604
   -7.5000   15.0000  -22.500013569.0361   20.1433
    0.0000   15.0000  -22.500014345.0244   20.1836
    7.5000   15.0000  -22.500013667.3154   20.1884
   -7.5000   22.5000  -22.500013279.4326   20.1504
    0.0000   22.5000  -22.500014045.2842   20.1897
    7.5000   22.5000  -22.500013334.7500   20.1895
   -7.5000   30.0000  -22.500012667.3848   19.8671
    0.0000   30.0000  -22.500013368.6074   19.9109
    7.5000   30.0000  -22.500012717.4521   19.9139
   -7.5000   37.5000  -22.500012498.3506   19.8217
    0.0000   37.5000  -22.500013163.5518   19.8742
    7.5000   37.5000  -22.500012574.6055   19.8864
   -7.5000   45.0000  -22.500011805.8760   19.3261
    0.0000   45.0000  -22.500012422.6250   19.3790
    7.5000   45.0000  -22.500011897.5967   19.3955
   -7.5000  -45.0000  -15.0000 8160.6885   21.7807
    0.0000  -45.0000  -15.0000 8593.0439   21.8404
    7.5000  -45.0000  -15.0000 8249.7285   21.8581
   -7.5000  -37.5000  -15.0000 8893.5127   21.1335
    0.0000  -37.5000  -15.0000 9377.5107   21.1830
    7.5000  -37.5000  -15.0000 8984.2432   21.1948
   -7.5000  -30.0000  -15.000010087.9941   20.7976
    0.0000  -30.0000  -15.000010631.0225   20.8396
    7.5000  -30.0000  -15.000010156.3721   20.8457
   -7.5000  -22.5000  -15.000011324.5254   20.6943
    0.0000  -22.5000  -15.000011922.4883   20.7361
    7.5000  -22.5000  -15.000011388.0107   20.7389
   -7.5000  -15.0000  -15.000012501.0820   20.6141
    0.0000  -15.0000  -15.000013203.1152   20.6604
    7.5000  -15.0000  -15.000012612.8311   20.6654
   -7.5000   -7.5000  -15.000013677.9941   20.5573
    0.0000   -7.5000  -15.000014485.0205   20.6103
    7.5000   -7.5000  -15.000013895.0449   20.6215
   -7.5000    0.0000  -15.000014697.1396   20.5314
    0.0000    0.0000  -15.000015605.0830   20.5843
    7.5000    0.0000  -15.000014966.1406   20.5978
   -7.5000    7.5000  -15.000014655.7422   20.5579
    0.0000    7.5000  -15.000015575.0449   20.6034
    7.5000    7.5000  -15.000014808.5049   20.6137
   -7.5000   15.0000  -15.000014543.3076   20.6016
    0.0000   15.0000  -15.000015402.4619   20.6428
    7.5000   15.0000  -15.000014575.0742   20.6491
   -7.5000   22.5000  -15.000014234.6396   20.6172
    0.0000   22.5000  -15.000015061.2812   20.6588
    7.5000   22.5000  -15.000014208.5830   20.6621
   -7.5000   30.0000  -15.000013573.2607   20.3397
    0.0000   30.0000  -15.000014316.8809   20.3853
    7.5000   30.0000  -15.000013554.6484   20.3903
   -7.5000   37.5000  -15.000013344.2451   20.2912
    0.0000   37.5000  -15.000014043.4541   20.3436
    7.5000   37.5000  -15.000013356.5459   20.3546
   -7.5000   45.0000  -15.000012593.5830   19.7847
    0.0000   45.0000  -15.000013243.7227   19.8356
    7.5000   45.0000  -15.000012637.9229   19.8487
   -7.5000  -45.0000   -7.5000 8735.7236   22.0729
    0.0000  -45.0000   -7.5000 9171.5498   22.1325
    7.5000  -45.0000   -7.5000 8815.0928   22.1461
   -7.5000  -37.5000   -7.5000 9491.0029   21.4162
    0.0000  -37.5000   -7.5000 9986.9404   21.4651
    7.5000  -37.5000   -7.5000 9571.0879   21.4707
   -7.5000  -30.0000   -7.500010694.8115   21.0692
    0.0000  -30.0000   -7.500011258.6836   21.1107
    7.5000  -30.0000   -7.500010771.0645   21.1132
   -7.5000  -22.5000   -7.500011959.0918   20.9571
    0.0000  -22.5000   -7.500012599.2588   20.9980
    7.5000  -22.5000   -7.500012063.2803   21.0028
   -7.5000  -15.0000   -7.500013248.0869   20.8731
    0.0000  -15.0000   -7.500013996.3574   20.9188
    7.5000  -15.0000   -7.500013393.7891   20.9286
   -7.5000   -7.5000   -7.500014534.6553   20.8198
    0.0000   -7.5000   -7.500015424.6885   20.8731
    7.5000   -7.5000   -7.500014819.4844   20.8870
   -7.5000    0.0000   -7.500015683.6543   20.8025
    0.0000    0.0000   -7.500016728.7168   20.8551
    7.5000    0.0000   -7.500016057.1650   20.8657
   -7.5000    7.5000   -7.500015677.2109   20.8317
    0.0000    7.5000   -7.500016667.9980   20.8766
    7.5000    7.5000   -7.500015865.9951   20.8808
   -7.5000   15.0000   -7.500015561.7344   20.8706
    0.0000   15.0000   -7.500016420.8418   20.9112
    7.5000   15.0000   -7.500015498.6309   20.9140
   -7.5000   22.5000   -7.500015233.0977   20.8769
    0.0000   22.5000   -7.500016042.0293   20.9177
    7.5000   22.5000   -7.500015109.7676   20.9228
   -7.5000   30.0000   -7.500014536.4473   20.5947
    0.0000   30.0000   -7.500015279.6895   20.6397
    7.5000   30.0000   -7.500014457.1689   20.6495
   -7.5000   37.5000   -7.500014267.9766   20.5498
    0.0000   37.5000   -7.500015002.2725   20.6024
    7.5000   37.5000   -7.500014217.8584   20.6162
   -7.5000   45.0000   -7.500013459.1123   20.0497
    0.0000   45.0000   -7.500014146.6855   20.1004
    7.5000   45.0000   -7.500013458.0020   20.1106
   -7.5000  -45.0000    0.0000 9183.4707   22.1707
    0.0000  -45.0000    0.0000 9661.2783   22.2339
    7.5000  -45.0000    0.0000 9285.0957   22.2477
   -7.5000  -37.5000    0.0000 9982.3525   21.5169
    0.0000  -37.5000    0.000010508.9004   21.5682
    7.5000  -37.5000    0.000010069.8896   21.5702
   -7.5000  -30.0000    0.000011241.0156   21.1608
    0.0000  -30.0000    0.000011797.6113   21.2024
    7.5000  -30.0000    0.000011312.8789   21.2001
   -7.5000  -22.5000    0.000012556.1494   21.0336
    0.0000  -22.5000    0.000013190.3506   21.0728
    7.5000  -22.5000    0.000012648.3262   21.0761
   -7.5000  -15.0000    0.000013924.7959   20.9398
    0.0000  -15.0000    0.000014659.9189   20.9847
    7.5000  -15.0000    0.000014048.1240   20.9975
   -7.5000   -7.5000    0.000015316.4277   20.8933
    0.0000   -7.5000    0.000016250.8301   20.9484
    7.5000   -7.5000    0.000015637.2568   20.9661
   -7.5000    0.0000    0.000016584.9980   20.8916
    0.0000    0.0000    0.000017784.3145   20.9474
    7.5000    0.0000    0.000017101.0859   20.9587
   -7.5000    7.5000    0.000016686.2441   20.9285
    0.0000    7.5000    0.000017801.5781   20.9755
    7.5000    7.5000    0.000017003.3398   20.9762
   -7.5000   15.0000    0.000016533.1094   20.9612
    0.0000   15.0000    0.000017410.0840   21.0018
    7.5000   15.0000    0.000016491.0879   20.9998
   -7.5000   22.5000    0.000016179.3652   20.9531
    0.0000   22.5000    0.000016935.3535   20.9922
    7.5000   22.5000    0.000016020.8750   20.9959
   -7.5000   30.0000    0.000015450.2256   20.6610
    0.0000   30.0000    0.000016170.4180   20.7053
    7.5000   30.0000    0.000015305.5059   20.7179
   -7.5000   37.5000    0.000015142.0801   20.6229
    0.0000   37.5000    0.000015897.6670   20.6773
    7.5000   37.5000    0.000015045.3252   20.6948
   -7.5000   45.0000    0.000014288.1768   20.1371
    0.0000   45.0000    0.000015048.4512   20.1908
    7.5000   45.0000    0.000014244.3779   20.2018
   -7.5000  -45.0000    7.5000 8945.7764   22.1858
    0.0000  -45.0000    7.5000 9407.0273   22.2532
    7.5000  -45.0000    7.5000 9044.4756   22.2731
   -7.5000  -37.5000    7.5000 9682.8213   21.5393
    0.0000  -37.5000    7.500010198.6836   21.5943
    7.5000  -37.5000    7.5000 9775.6152   21.6005
   -7.5000  -30.0000    7.500010860.2578   21.1820
    0.0000  -30.0000    7.500011442.7930   21.2254
    7.5000  -30.0000    7.500010966.4600   21.2227
   -7.5000  -22.5000    7.500012164.5049   21.0458
    0.0000  -22.5000    7.500012786.4102   21.0863
    7.5000  -22.5000    7.500012240.2969   21.0866
   -7.5000  -15.0000    7.500013479.5312   20.9448
    0.0000  -15.0000    7.500014133.8438   20.9914
    7.5000  -15.0000    7.500013560.9268   21.0026
   -7.5000   -7.5000    7.500014851.3359   20.9016
    0.0000   -7.5000    7.500015671.7607   20.9589
    7.5000   -7.5000    7.500015147.7393   20.9789
   -7.5000    0.0000    7.500016280.6045   20.9076
    0.0000    0.0000    7.500017433.6836   20.9669
    7.5000    0.0000    7.500016823.4297   20.9836
   -7.5000    7.5000    7.500016529.6582   20.9502
    0.0000    7.5000    7.500017635.8633   21.0005
    7.5000    7.5000    7.500016951.0859   21.0054
   -7.5000   15.0000    7.500016420.9375   20.9820
    0.0000   15.0000    7.500017343.3105   21.0244
    7.5000   15.0000    7.500016492.8359   21.0220
   -7.5000   22.5000    7.500016047.2207   20.9652
    0.0000   22.5000    7.500016831.8516   21.0055
    7.5000   22.5000    7.500015895.6133   21.0063
   -7.5000   30.0000    7.500015289.8652   20.6660
    0.0000   30.0000    7.500016065.6270   20.7118
    7.5000   30.0000    7.500015116.2109   20.7230
   -7.5000   37.5000    7.500014927.7119   20.6311
    0.0000   37.5000    7.500015767.0996   20.6877
    7.5000   37.5000    7.500014809.1641   20.7074
   -7.5000   45.0000    7.500013989.7979   20.1525
    0.0000   45.0000    7.500014852.2021   20.2097
    7.5000   45.0000    7.500013950.4541   20.2258
   -7.5000  -45.0000   15.0000 8538.9102   22.1559
    0.0000  -45.0000   15.0000 9021.7783   22.2238
    7.5000  -45.0000   15.0000 8648.1309   22.2480
   -7.5000  -37.5000   15.0000 9280.9590   21.5134
    0.0000  -37.5000   15.0000 9777.5664   21.5691
    7.5000  -37.5000   15.0000 9393.1982   21.5816
   -7.5000  -30.0000   15.000010444.4863   21.1639
    0.0000  -30.0000   15.000010951.5762   21.2074
    7.5000  -30.0000   15.000010560.2627   21.2080
   -7.5000  -22.5000   15.000011684.7285   21.0331
    0.0000  -22.5000   15.000012208.5947   21.0737
    7.5000  -22.5000   15.000011783.5215   21.0720
   -7.5000  -15.0000   15.000012951.5811   20.9326
    0.0000  -15.0000   15.000013508.0547   20.9791
    7.5000  -15.0000   15.000013026.1875   20.9855
   -7.5000   -7.5000   15.000014270.8027   20.8845
    0.0000   -7.5000   15.000015042.4541   20.9415
    7.5000   -7.5000   15.000014532.0908   20.9591
   -7.5000    0.0000   15.000015708.8164   20.8835
    0.0000    0.0000   15.000016869.3281   20.9432
    7.5000    0.0000   15.000016248.5225   20.9632
   -7.5000    7.5000   15.000015939.8770   20.9258
    0.0000    7.5000   15.000017146.1602   20.9769
    7.5000    7.5000   15.000016395.4688   20.9880
   -7.5000   15.0000   15.000015813.2549   20.9641
    0.0000   15.0000   15.000016922.1641   21.0066
    7.5000   15.0000   15.000016045.1924   21.0075
   -7.5000   22.5000   15.000015456.6426   20.9524
    0.0000   22.5000   15.000016510.6777   20.9929
    7.5000   22.5000   15.000015560.3213   20.9916
   -7.5000   30.0000   15.000014741.4395   20.6539
    0.0000   30.0000   15.000015711.2451   20.6997
    7.5000   30.0000   15.000014745.1387   20.7061
   -7.5000   37.5000   15.000014322.2207   20.6142
    0.0000   37.5000   15.000015242.9189   20.6705
    7.5000   37.5000   15.000014341.2363   20.6879
   -7.5000   45.0000   15.000013319.1621   20.1293
    0.0000   45.0000   15.000014169.8281   20.1868
    7.5000   45.0000   15.000013406.2393   20.2061
   -7.5000  -45.0000   22.5000 8064.9204   22.1731
    0.0000  -45.0000   22.5000 8505.7930   22.2380
    7.5000  -45.0000   22.5000 8160.9473   22.2599
   -7.5000  -37.5000   22.5000 8783.5996   21.5244
    0.0000  -37.5000   22.5000 9268.8594   21.5779
    7.5000  -37.5000   22.5000 8882.6191   21.5920
   -7.5000  -30.0000   22.5000 9906.9229   21.1808
    0.0000  -30.0000   22.500010442.2266   21.2236
    7.5000  -30.0000   22.500010004.9512   21.2278
   -7.5000  -22.5000   22.500011103.9639   21.0654
    0.0000  -22.5000   22.500011677.7109   21.1064
    7.5000  -22.5000   22.500011184.7314   21.1052
   -7.5000  -15.0000   22.500012315.7188   20.9748
    0.0000  -15.0000   22.500012992.4355   21.0212
    7.5000  -15.0000   22.500012392.3584   21.0236
   -7.5000   -7.5000   22.500013549.5010   20.9194
    0.0000   -7.5000   22.500014469.3438   20.9748
    7.5000   -7.5000   22.500013839.9209   20.9871
   -7.5000    0.0000   22.500014812.3477   20.9019
    0.0000    0.0000   22.500015954.7871   20.9592
    7.5000    0.0000   22.500015297.3848   20.9764
   -7.5000    7.5000   22.500014873.9688   20.9359
    0.0000    7.5000   22.500015917.4668   20.9851
    7.5000    7.5000   22.500015291.1289   20.9978
   -7.5000   15.0000   22.500014719.0566   20.9804
    0.0000   15.0000   22.500015582.4834   21.0223
    7.5000   15.0000   22.500014946.0674   21.0267
   -7.5000   22.5000   22.500014418.7686   20.9844
    0.0000   22.5000   22.500015259.3584   21.0253
    7.5000   22.5000   22.500014561.2451   21.0245
   -7.5000   30.0000   22.500013842.7900   20.6956
    0.0000   30.0000   22.500014623.6240   20.7412
    7.5000   30.0000   22.500013913.7812   20.7438
   -7.5000   37.5000   22.500013503.3584   20.6487
    0.0000   37.5000   22.500014251.9473   20.7033
    7.5000   37.5000   22.500013581.8848   20.7155
   -7.5000   45.0000   22.500012552.4795   20.1471
    0.0000   45.0000   22.500013283.2285   20.2023
    7.5000   45.0000   22.500012675.3936   20.2189
   -7.5000  -45.0000   30.0000 7459.3618   22.2754
    0.0000  -45.0000   30.0000 7954.6519   22.3368
    7.5000  -45.0000   30.0000 7548.3408   22.3538
   -7.5000  -37.5000   30.0000 8157.8452   21.6182
    0.0000  -37.5000   30.0000 8680.2773   21.6690
    7.5000  -37.5000   30.0000 8247.6396   21.6800
   -7.5000  -30.0000   30.0000 9229.1328   21.2702
    0.0000  -30.0000   30.0000 9778.3594   21.3133
    7.5000  -30.0000   30.0000 9304.6982   21.3184
   -7.5000  -22.5000   30.000010363.2324   21.1639
    0.0000  -22.5000   30.000010940.3311   21.2067
    7.5000  -22.5000   30.000010429.5693   21.2085
   -7.5000  -15.0000   30.000011463.4443   21.0831
    0.0000  -15.0000   30.000012117.7432   21.1305
    7.5000  -15.0000   30.000011561.2598   21.1344
   -7.5000   -7.5000   30.000012605.1191   21.0257
    0.0000   -7.5000   30.000013370.1836   21.0801
    7.5000   -7.5000   30.000012851.7266   21.0904
   -7.5000    0.0000   30.000013691.3262   20.9986
    0.0000    0.0000   30.000014531.0117   21.0528
    7.5000    0.0000   30.000014034.3877   21.0656
   -7.5000    7.5000   30.000013623.8643   21.0242
    0.0000    7.5000   30.000014332.1641   21.0709
    7.5000    7.5000   30.000013879.4043   21.0805
   -7.5000   15.0000   30.000013425.4307   21.0680
    0.0000   15.0000   30.000014037.2236   21.1102
    7.5000   15.0000   30.000013584.7480   21.1156
   -7.5000   22.5000   30.000013190.4932   21.0822
    0.0000   22.5000   30.000013827.2041   21.1249
    7.5000   22.5000   30.000013327.4639   21.1270
   -7.5000   30.0000   30.000012706.3506   20.8024
    0.0000   30.0000   30.000013315.2842   20.8491
    7.5000   30.0000   30.000012781.7695   20.8530
   -7.5000   37.5000   30.000012489.3389   20.7536
    0.0000   37.5000   30.000013081.4326   20.8072
    7.5000   37.5000   30.000012566.7041   20.8175
   -7.5000   45.0000   30.000011648.4785   20.2402
    0.0000   45.0000   30.000012244.7461   20.2924
    7.5000   45.0000   30.000011763.7021   20.3049
   -7.5000  -45.0000   37.5000 7156.8799   22.6922
    0.0000  -45.0000   37.5000 7577.4067   22.7551
    7.5000  -45.0000   37.5000 7232.3174   22.7672
   -7.5000  -37.5000   37.5000 7844.7520   22.0191
    0.0000  -37.5000   37.5000 8266.4834   22.0703
    7.5000  -37.5000   37.5000 7904.6367   22.0739
   -7.5000  -30.0000   37.5000 8860.6221   21.6540
    0.0000  -30.0000   37.5000 9309.2461   21.6974
    7.5000  -30.0000   37.5000 8914.0078   21.6979
   -7.5000  -22.5000   37.5000 9945.2842   21.5385
    0.0000  -22.5000   37.500010436.0488   21.5814
    7.5000  -22.5000   37.500010004.6484   21.5845
   -7.5000  -15.0000   37.500011000.1699   21.4525
    0.0000  -15.0000   37.500011573.9521   21.5006
    7.5000  -15.0000   37.500011123.6865   21.5092
   -7.5000   -7.5000   37.500012084.4668   21.3957
    0.0000   -7.5000   37.500012771.3545   21.4517
    7.5000   -7.5000   37.500012323.9004   21.4645
   -7.5000    0.0000   37.500013061.0674   21.3747
    0.0000    0.0000   37.500013765.2764   21.4299
    7.5000    0.0000   37.500013345.3750   21.4390
   -7.5000    7.5000   37.500012961.1738   21.4037
    0.0000    7.5000   37.500013575.4434   21.4506
    7.5000    7.5000   37.500013150.5117   21.4528
   -7.5000   15.0000   37.500012777.3428   21.4447
    0.0000   15.0000   37.500013317.0908   21.4871
    7.5000   15.0000   37.500012918.8145   21.4880
   -7.5000   22.5000   37.500012561.8506   21.4543
    0.0000   22.5000   37.500013117.2471   21.4970
    7.5000   22.5000   37.500012699.5488   21.5006
   -7.5000   30.0000   37.500012164.5127   21.1668
    0.0000   30.0000   37.500012694.4375   21.2141
    7.5000   30.0000   37.500012265.2041   21.2227
   -7.5000   37.5000   37.500011978.0176   21.1188
    0.0000   37.5000   37.500012539.8809   21.1741
    7.5000   37.5000   37.500012083.4082   21.1867
   -7.5000   45.0000   37.500011213.0039   20.6027
    0.0000   45.0000   37.500011770.3203   20.6560
    7.5000   45.0000   37.500011323.5107   20.6648
   -7.5000  -45.0000   45.0000 6518.8711   23.1668
    0.0000  -45.0000   45.0000 6865.8833   23.2375
    7.5000  -45.0000   45.0000 6582.9258   23.2512
   -7.5000  -37.5000   45.0000 7140.0200   22.4796
    0.0000  -37.5000   45.0000 7493.0024   22.5359
    7.5000  -37.5000   45.0000 7201.2290   22.5358
   -7.5000  -30.0000   45.0000 8075.9766   22.0921
    0.0000  -30.0000   45.0000 8471.9688   22.1373
    7.5000  -30.0000   45.0000 8137.1934   22.1326
   -7.5000  -22.5000   45.0000 9092.8652   21.9529
    0.0000  -22.5000   45.0000 9543.7422   21.9962
    7.5000  -22.5000   45.0000 9160.6846   21.9986
   -7.5000  -15.0000   45.000010074.4893   21.8503
    0.0000  -15.0000   45.000010622.2061   21.9006
    7.5000  -15.0000   45.000010194.8916   21.9141
   -7.5000   -7.5000   45.000011069.9121   21.7989
    0.0000   -7.5000   45.000011690.3271   21.8603
    7.5000   -7.5000   45.000011267.8848   21.8792
   -7.5000    0.0000   45.000011941.0723   21.7965
    0.0000    0.0000   45.000012573.4502   21.8582
    7.5000    0.0000   45.000012158.3447   21.8692
   -7.5000    7.5000   45.000011835.3496   21.8369
    0.0000    7.5000   45.000012424.2432   21.8883
    7.5000    7.5000   45.000011994.9922   21.8868
   -7.5000   15.0000   45.000011652.9932   21.8731
    0.0000   15.0000   45.000012180.7637   21.9172
    7.5000   15.0000   45.000011766.9238   21.9130
   -7.5000   22.5000   45.000011467.2812   21.8651
    0.0000   22.5000   45.000011985.6602   21.9082
    7.5000   22.5000   45.000011564.1963   21.9111
   -7.5000   30.0000   45.000011123.2061   21.5571
    0.0000   30.0000   45.000011632.8311   21.6066
    7.5000   30.0000   45.000011220.1855   21.6201
   -7.5000   37.5000   45.000010988.7559   21.5149
    0.0000   37.5000   45.000011510.0977   21.5755
    7.5000   37.5000   45.000011090.8311   21.5942
   -7.5000   45.0000   45.000010282.3438   21.0189
    0.0000   45.0000   45.000010783.1523   21.0783
    7.5000   45.0000   45.000010399.4971   21.0890

---------------------------------------------------------------------
imgreg_4dfp /opt/freesurfer/average/711-2C_as_mni_average_305 /opt/freesurfer/average/711-2B_as_mni_average_305_mask talsrcimg_g11 none talsrcimg_to_711-2C_as_mni_average_305_t4 4355
---------------------------------------------------------------------

freesurfer imgreg_4dfp.c
/opt/freesurfer/average/711-2C_as_mni_average_305.4dfp.img
       256       256       256         1
  1.000000  1.000000  1.000000
orientation T byte_order littleendian
Reading image: /opt/freesurfer/average/711-2C_as_mni_average_305.4dfp.img
dimensions:      256       256       256
mmppix:       1.0000   -1.0000   -1.0000
center:     128.0000 -129.0000 -129.0000
/opt/freesurfer/average/711-2B_as_mni_average_305_mask.4dfp.img
       256       256       256         1
  1.000000  1.000000  1.000000
orientation T byte_order littleendian
Reading mask: /opt/freesurfer/average/711-2B_as_mni_average_305_mask.4dfp.img (2306576 pixels)
talsrcimg_g11.4dfp.img
       256       256       256         1
  1.000000  1.000000  1.000000
orientation T byte_order littleendian
Reading image: talsrcimg_g11.4dfp.img
dimensions:      256       256       256
mmppix:       1.0000   -1.0000   -1.0000
center:     128.0000 -129.0000 -129.0000
rotation matrix determinant  1.000000
image alignment mode   4355 decimal     1103 hex
   -7.5000  -37.5000  -45.0000 1993.1279   29.0557
    0.0000  -37.5000  -45.0000 2002.0447   28.8454
    7.5000  -37.5000  -45.0000 1998.1497   28.7663
   -7.5000  -30.0000  -45.0000 2096.6462   26.1323
    0.0000  -30.0000  -45.0000 2107.0942   25.9295
    7.5000  -30.0000  -45.0000 2103.5120   25.8636
   -7.5000  -22.5000  -45.0000 2193.6084   23.8255
    0.0000  -22.5000  -45.0000 2206.1335   23.6539
    7.5000  -22.5000  -45.0000 2201.5151   23.6329
   -7.5000  -15.0000  -45.0000 2274.5193   22.1008
    0.0000  -15.0000  -45.0000 2288.6426   21.9506
    7.5000  -15.0000  -45.0000 2281.6423   21.9590
   -7.5000   -7.5000  -45.0000 2317.5002   20.8937
    0.0000   -7.5000  -45.0000 2334.5728   20.6957
    7.5000   -7.5000  -45.0000 2333.2969   20.7708
   -7.5000    0.0000  -45.0000 2343.5312   20.1742
    0.0000    0.0000  -45.0000 2367.1868   19.9104
    7.5000    0.0000  -45.0000 2363.2571   19.9225
   -7.5000    7.5000  -45.0000 2359.5732   19.7901
    0.0000    7.5000  -45.0000 2387.3428   19.4596
    7.5000    7.5000  -45.0000 2382.3079   19.4341
   -7.5000   15.0000  -45.0000 2365.1555   19.8629
    0.0000   15.0000  -45.0000 2388.1802   19.4181
    7.5000   15.0000  -45.0000 2385.5410   19.3957
   -7.5000   22.5000  -45.0000 2360.7825   20.1884
    0.0000   22.5000  -45.0000 2386.0762   19.7236
    7.5000   22.5000  -45.0000 2384.4680   19.6530
   -7.5000   30.0000  -45.0000 2337.1882   20.7972
    0.0000   30.0000  -45.0000 2361.6746   20.2889
    7.5000   30.0000  -45.0000 2357.9207   20.2230
   -7.5000   37.5000  -45.0000 2300.9255   21.6096
    0.0000   37.5000  -45.0000 2328.6777   21.0913
    7.5000   37.5000  -45.0000 2330.8499   20.9914
   -7.5000   45.0000  -45.0000 2242.8892   22.8038
    0.0000   45.0000  -45.0000 2271.1772   22.2557
    7.5000   45.0000  -45.0000 2273.8667   22.1590
   -7.5000   52.5000  -45.0000 2146.4270   24.4350
    0.0000   52.5000  -45.0000 2173.3845   23.7898
    7.5000   52.5000  -45.0000 2179.1965   23.6592
   -7.5000  -37.5000  -37.5000 2058.3259   27.2944
    0.0000  -37.5000  -37.5000 2071.9949   27.1838
    7.5000  -37.5000  -37.5000 2071.9424   27.0700
   -7.5000  -30.0000  -37.5000 2171.3362   24.5959
    0.0000  -30.0000  -37.5000 2189.9993   24.4972
    7.5000  -30.0000  -37.5000 2180.9722   24.3151
   -7.5000  -22.5000  -37.5000 2279.0510   22.4331
    0.0000  -22.5000  -37.5000 2299.7646   22.3001
    7.5000  -22.5000  -37.5000 2292.2292   22.1989
   -7.5000  -15.0000  -37.5000 2360.5483   20.7094
    0.0000  -15.0000  -37.5000 2383.5535   20.5925
    7.5000  -15.0000  -37.5000 2372.0249   20.5213
   -7.5000   -7.5000  -37.5000 2409.3035   19.5507
    0.0000   -7.5000  -37.5000 2433.6687   19.3606
    7.5000   -7.5000  -37.5000 2425.9724   19.3573
   -7.5000    0.0000  -37.5000 2436.7488   18.7457
    0.0000    0.0000  -37.5000 2465.5283   18.5001
    7.5000    0.0000  -37.5000 2457.4644   18.5277
   -7.5000    7.5000  -37.5000 2458.7676   18.3734
    0.0000    7.5000  -37.5000 2488.7437   18.0746
    7.5000    7.5000  -37.5000 2481.8833   18.0329
   -7.5000   15.0000  -37.5000 2465.2190   18.4259
    0.0000   15.0000  -37.5000 2492.3367   17.9983
    7.5000   15.0000  -37.5000 2493.9204   17.9902
   -7.5000   22.5000  -37.5000 2455.1711   18.6664
    0.0000   22.5000  -37.5000 2482.7004   18.2342
    7.5000   22.5000  -37.5000 2483.2002   18.1732
   -7.5000   30.0000  -37.5000 2434.5930   19.1495
    0.0000   30.0000  -37.5000 2460.6692   18.6969
    7.5000   30.0000  -37.5000 2463.7700   18.6331
   -7.5000   37.5000  -37.5000 2397.9839   19.9113
    0.0000   37.5000  -37.5000 2427.5947   19.4439
    7.5000   37.5000  -37.5000 2436.7375   19.3655
   -7.5000   45.0000  -37.5000 2334.5962   21.0224
    0.0000   45.0000  -37.5000 2371.1357   20.5332
    7.5000   45.0000  -37.5000 2376.9446   20.4980
   -7.5000   52.5000  -37.5000 2232.4382   22.5183
    0.0000   52.5000  -37.5000 2266.2173   21.9952
    7.5000   52.5000  -37.5000 2272.1746   21.9185
   -7.5000  -37.5000  -30.0000 2155.4858   26.7839
    0.0000  -37.5000  -30.0000 2173.1914   26.6970
    7.5000  -37.5000  -30.0000 2168.6099   26.3983
   -7.5000  -30.0000  -30.0000 2278.7339   24.0624
    0.0000  -30.0000  -30.0000 2303.5430   24.0131
    7.5000  -30.0000  -30.0000 2291.1873   23.7473
   -7.5000  -22.5000  -30.0000 2394.0581   21.8667
    0.0000  -22.5000  -30.0000 2421.3411   21.8189
    7.5000  -22.5000  -30.0000 2408.5457   21.6520
   -7.5000  -15.0000  -30.0000 2478.4360   20.1367
    0.0000  -15.0000  -30.0000 2503.8984   20.0271
    7.5000  -15.0000  -30.0000 2495.3513   19.9565
   -7.5000   -7.5000  -30.0000 2535.1924   18.8877
    0.0000   -7.5000  -30.0000 2563.5786   18.7431
    7.5000   -7.5000  -30.0000 2557.4229   18.6909
   -7.5000    0.0000  -30.0000 2568.0737   18.0842
    0.0000    0.0000  -30.0000 2595.6997   17.8148
    7.5000    0.0000  -30.0000 2595.0569   17.8334
   -7.5000    7.5000  -30.0000 2600.2539   17.6588
    0.0000    7.5000  -30.0000 2627.6277   17.3398
    7.5000    7.5000  -30.0000 2626.2444   17.3238
   -7.5000   15.0000  -30.0000 2606.1543   17.6727
    0.0000   15.0000  -30.0000 2633.0813   17.2833
    7.5000   15.0000  -30.0000 2634.1934   17.2530
   -7.5000   22.5000  -30.0000 2595.3994   17.8512
    0.0000   22.5000  -30.0000 2626.6345   17.4789
    7.5000   22.5000  -30.0000 2627.6575   17.4215
   -7.5000   30.0000  -30.0000 2570.5706   18.2850
    0.0000   30.0000  -30.0000 2606.7151   17.8986
    7.5000   30.0000  -30.0000 2612.2117   17.8620
   -7.5000   37.5000  -30.0000 2534.2207   18.9636
    0.0000   37.5000  -30.0000 2572.1304   18.5921
    7.5000   37.5000  -30.0000 2584.1460   18.5525
   -7.5000   45.0000  -30.0000 2466.6394   19.9896
    0.0000   45.0000  -30.0000 2508.8167   19.5835
    7.5000   45.0000  -30.0000 2522.5835   19.6227
   -7.5000   52.5000  -30.0000 2356.4463   21.4131
    0.0000   52.5000  -30.0000 2396.2385   20.9209
    7.5000   52.5000  -30.0000 2406.2004   20.9540
   -7.5000  -37.5000  -22.5000 2220.3650   26.0033
    0.0000  -37.5000  -22.5000 2241.1052   25.8910
    7.5000  -37.5000  -22.5000 2238.3970   25.6235
   -7.5000  -30.0000  -22.5000 2354.8374   23.3872
    0.0000  -30.0000  -22.5000 2378.5750   23.2616
    7.5000  -30.0000  -22.5000 2370.4517   23.0137
   -7.5000  -22.5000  -22.5000 2474.9058   21.2183
    0.0000  -22.5000  -22.5000 2497.7783   21.0872
    7.5000  -22.5000  -22.5000 2489.6091   20.9441
   -7.5000  -15.0000  -22.5000 2561.0332   19.4495
    0.0000  -15.0000  -22.5000 2582.1091   19.3058
    7.5000  -15.0000  -22.5000 2580.4570   19.2481
   -7.5000   -7.5000  -22.5000 2623.6790   18.1413
    0.0000   -7.5000  -22.5000 2649.9111   17.9752
    7.5000   -7.5000  -22.5000 2652.1729   17.9253
   -7.5000    0.0000  -22.5000 2663.6697   17.2271
    0.0000    0.0000  -22.5000 2690.2954   17.0133
    7.5000    0.0000  -22.5000 2693.4585   16.9801
   -7.5000    7.5000  -22.5000 2703.1704   16.7546
    0.0000    7.5000  -22.5000 2732.3330   16.4675
    7.5000    7.5000  -22.5000 2733.6826   16.4195
   -7.5000   15.0000  -22.5000 2714.5288   16.7188
    0.0000   15.0000  -22.5000 2747.4480   16.3977
    7.5000   15.0000  -22.5000 2744.5901   16.3525
   -7.5000   22.5000  -22.5000 2710.4910   16.9062
    0.0000   22.5000  -22.5000 2749.4885   16.5736
    7.5000   22.5000  -22.5000 2745.5500   16.5342
   -7.5000   30.0000  -22.5000 2688.3906   17.3303
    0.0000   30.0000  -22.5000 2726.2659   16.9618
    7.5000   30.0000  -22.5000 2729.7378   16.9429
   -7.5000   37.5000  -22.5000 2649.6748   17.9564
    0.0000   37.5000  -22.5000 2686.1506   17.5951
    7.5000   37.5000  -22.5000 2694.2771   17.5906
   -7.5000   45.0000  -22.5000 2578.9849   18.9466
    0.0000   45.0000  -22.5000 2618.7644   18.5474
    7.5000   45.0000  -22.5000 2629.6270   18.5865
   -7.5000   52.5000  -22.5000 2464.0515   20.2668
    0.0000   52.5000  -22.5000 2502.2239   19.7913
    7.5000   52.5000  -22.5000 2513.6931   19.8311
   -7.5000  -37.5000  -15.0000 2255.3230   25.2178
    0.0000  -37.5000  -15.0000 2276.2551   25.0426
    7.5000  -37.5000  -15.0000 2274.5020   24.9267
   -7.5000  -30.0000  -15.0000 2393.2224   22.6206
    0.0000  -30.0000  -15.0000 2417.6362   22.4667
    7.5000  -30.0000  -15.0000 2409.4346   22.3015
   -7.5000  -22.5000  -15.0000 2508.4209   20.4325
    0.0000  -22.5000  -15.0000 2534.9387   20.2976
    7.5000  -22.5000  -15.0000 2528.5977   20.2024
   -7.5000  -15.0000  -15.0000 2600.1624   18.7411
    0.0000  -15.0000  -15.0000 2625.8379   18.5685
    7.5000  -15.0000  -15.0000 2625.0889   18.5345
   -7.5000   -7.5000  -15.0000 2675.3403   17.4079
    0.0000   -7.5000  -15.0000 2700.2078   17.2773
    7.5000   -7.5000  -15.0000 2705.3809   17.2288
   -7.5000    0.0000  -15.0000 2722.2356   16.4547
    0.0000    0.0000  -15.0000 2756.6616   16.2991
    7.5000    0.0000  -15.0000 2762.2725   16.2565
   -7.5000    7.5000  -15.0000 2768.4258   15.9202
    0.0000    7.5000  -15.0000 2807.0083   15.6521
    7.5000    7.5000  -15.0000 2798.0706   15.5802
   -7.5000   15.0000  -15.0000 2791.4021   15.8262
    0.0000   15.0000  -15.0000 2823.6921   15.4847
    7.5000   15.0000  -15.0000 2820.0571   15.4369
   -7.5000   22.5000  -15.0000 2796.0415   16.0420
    0.0000   22.5000  -15.0000 2831.1438   15.6852
    7.5000   22.5000  -15.0000 2825.0933   15.6520
   -7.5000   30.0000  -15.0000 2774.7939   16.4970
    0.0000   30.0000  -15.0000 2806.0784   16.0931
    7.5000   30.0000  -15.0000 2808.1812   16.0732
   -7.5000   37.5000  -15.0000 2733.8628   17.0834
    0.0000   37.5000  -15.0000 2766.2998   16.6931
    7.5000   37.5000  -15.0000 2770.2354   16.7064
   -7.5000   45.0000  -15.0000 2663.0493   18.0145
    0.0000   45.0000  -15.0000 2698.1599   17.6227
    7.5000   45.0000  -15.0000 2706.9602   17.6333
   -7.5000   52.5000  -15.0000 2542.0574   19.2575
    0.0000   52.5000  -15.0000 2582.6809   18.8197
    7.5000   52.5000  -15.0000 2592.0195   18.8191
   -7.5000  -37.5000   -7.5000 2272.7292   24.6035
    0.0000  -37.5000   -7.5000 2294.7117   24.3693
    7.5000  -37.5000   -7.5000 2295.9641   24.3825
   -7.5000  -30.0000   -7.5000 2400.0037   21.8882
    0.0000  -30.0000   -7.5000 2427.0129   21.7108
    7.5000  -30.0000   -7.5000 2424.9456   21.7261
   -7.5000  -22.5000   -7.5000 2511.0000   19.7489
    0.0000  -22.5000   -7.5000 2541.5044   19.5843
    7.5000  -22.5000   -7.5000 2541.7815   19.6232
   -7.5000  -15.0000   -7.5000 2610.8110   18.0888
    0.0000  -15.0000   -7.5000 2642.3477   17.9273
    7.5000  -15.0000   -7.5000 2647.2859   17.9583
   -7.5000   -7.5000   -7.5000 2700.3433   16.7970
    0.0000   -7.5000   -7.5000 2738.4026   16.6714
    7.5000   -7.5000   -7.5000 2743.4399   16.6393
   -7.5000    0.0000   -7.5000 2759.5273   15.8709
    0.0000    0.0000   -7.5000 2803.3596   15.7192
    7.5000    0.0000   -7.5000 2808.8745   15.6891
   -7.5000    7.5000   -7.5000 2814.0583   15.2867
    0.0000    7.5000   -7.5000 2849.8826   15.0000
    7.5000    7.5000   -7.5000 2850.4065   14.9653
   -7.5000   15.0000   -7.5000 2851.9150   15.0992
    0.0000   15.0000   -7.5000 2878.7856   14.6830
    7.5000   15.0000   -7.5000 2875.8264   14.6248
   -7.5000   22.5000   -7.5000 2861.8125   15.2894
    0.0000   22.5000   -7.5000 2889.7637   14.8854
    7.5000   22.5000   -7.5000 2881.2117   14.8306
   -7.5000   30.0000   -7.5000 2836.2383   15.7312
    0.0000   30.0000   -7.5000 2861.5322   15.3075
    7.5000   30.0000   -7.5000 2863.1560   15.3017
   -7.5000   37.5000   -7.5000 2791.4146   16.3637
    0.0000   37.5000   -7.5000 2821.8130   15.9520
    7.5000   37.5000   -7.5000 2824.5417   15.9597
   -7.5000   45.0000   -7.5000 2719.2180   17.2724
    0.0000   45.0000   -7.5000 2751.4067   16.8609
    7.5000   45.0000   -7.5000 2760.7690   16.8881
   -7.5000   52.5000   -7.5000 2599.3008   18.4968
    0.0000   52.5000   -7.5000 2634.6226   18.0622
    7.5000   52.5000   -7.5000 2646.5369   18.0723
   -7.5000  -37.5000    0.0000 2269.4067   24.2821
    0.0000  -37.5000    0.0000 2293.6936   24.0347
    7.5000  -37.5000    0.0000 2299.4529   24.0886
   -7.5000  -30.0000    0.0000 2395.7642   21.6189
    0.0000  -30.0000    0.0000 2419.0259   21.3596
    7.5000  -30.0000    0.0000 2425.0132   21.4578
   -7.5000  -22.5000    0.0000 2507.0544   19.4916
    0.0000  -22.5000    0.0000 2532.5291   19.2285
    7.5000  -22.5000    0.0000 2539.6960   19.3413
   -7.5000  -15.0000    0.0000 2618.7490   17.7950
    0.0000  -15.0000    0.0000 2643.2385   17.5846
    7.5000  -15.0000    0.0000 2651.4072   17.6552
   -7.5000   -7.5000    0.0000 2717.1758   16.4785
    0.0000   -7.5000    0.0000 2749.6804   16.3194
    7.5000   -7.5000    0.0000 2758.0540   16.3508
   -7.5000    0.0000    0.0000 2786.1743   15.5267
    0.0000    0.0000    0.0000 2831.3582   15.4257
    7.5000    0.0000    0.0000 2840.8486   15.4124
   -7.5000    7.5000    0.0000 2846.6392   14.9956
    0.0000    7.5000    0.0000 2889.6011   14.7488
    7.5000    7.5000    0.0000 2895.2217   14.6899
   -7.5000   15.0000    0.0000 2890.0747   14.6893
    0.0000   15.0000    0.0000 2920.3809   14.2908
    7.5000   15.0000    0.0000 2916.5486   14.2229
   -7.5000   22.5000    0.0000 2901.7070   14.8265
    0.0000   22.5000    0.0000 2927.6741   14.3490
    7.5000   22.5000    0.0000 2919.4937   14.3304
   -7.5000   30.0000    0.0000 2877.8723   15.2344
    0.0000   30.0000    0.0000 2901.8569   14.7734
    7.5000   30.0000    0.0000 2901.2656   14.8066
   -7.5000   37.5000    0.0000 2830.3127   15.8457
    0.0000   37.5000    0.0000 2864.2812   15.4302
    7.5000   37.5000    0.0000 2866.7056   15.4830
   -7.5000   45.0000    0.0000 2756.1960   16.8017
    0.0000   45.0000    0.0000 2796.1086   16.4042
    7.5000   45.0000    0.0000 2798.6580   16.4565
   -7.5000   52.5000    0.0000 2636.8896   18.0626
    0.0000   52.5000    0.0000 2681.0093   17.6726
    7.5000   52.5000    0.0000 2678.7649   17.6728
   -7.5000  -37.5000    7.5000 2258.2478   24.2808
    0.0000  -37.5000    7.5000 2276.8877   23.9231
    7.5000  -37.5000    7.5000 2290.5005   24.1062
   -7.5000  -30.0000    7.5000 2377.3992   21.5329
    0.0000  -30.0000    7.5000 2395.3745   21.2243
    7.5000  -30.0000    7.5000 2406.1721   21.3831
   -7.5000  -22.5000    7.5000 2495.7979   19.3876
    0.0000  -22.5000    7.5000 2516.1692   19.1266
    7.5000  -22.5000    7.5000 2520.9834   19.2721
   -7.5000  -15.0000    7.5000 2607.6660   17.6693
    0.0000  -15.0000    7.5000 2628.6067   17.4130
    7.5000  -15.0000    7.5000 2636.5459   17.5707
   -7.5000   -7.5000    7.5000 2714.6311   16.3749
    0.0000   -7.5000    7.5000 2737.9275   16.1301
    7.5000   -7.5000    7.5000 2748.5410   16.3020
   -7.5000    0.0000    7.5000 2800.4741   15.4889
    0.0000    0.0000    7.5000 2840.2080   15.3435
    7.5000    0.0000    7.5000 2850.3552   15.4873
   -7.5000    7.5000    7.5000 2872.9990   14.9785
    0.0000    7.5000    7.5000 2915.4868   14.7527
    7.5000    7.5000    7.5000 2920.3853   14.7780
   -7.5000   15.0000    7.5000 2929.1526   14.6843
    0.0000   15.0000    7.5000 2967.4810   14.3202
    7.5000   15.0000    7.5000 2955.9507   14.3345
   -7.5000   22.5000    7.5000 2933.0315   14.7015
    0.0000   22.5000    7.5000 2968.5928   14.2592
    7.5000   22.5000    7.5000 2948.8955   14.2415
   -7.5000   30.0000    7.5000 2907.1909   15.0064
    0.0000   30.0000    7.5000 2938.8979   14.5692
    7.5000   30.0000    7.5000 2921.2754   14.5740
   -7.5000   37.5000    7.5000 2857.7268   15.5846
    0.0000   37.5000    7.5000 2896.8716   15.2412
    7.5000   37.5000    7.5000 2883.6704   15.2150
   -7.5000   45.0000    7.5000 2781.1453   16.5374
    0.0000   45.0000    7.5000 2827.4592   16.2394
    7.5000   45.0000    7.5000 2813.9417   16.1958
   -7.5000   52.5000    7.5000 2656.5515   17.8177
    0.0000   52.5000    7.5000 2707.0225   17.5077
    7.5000   52.5000    7.5000 2696.6582   17.4408
   -7.5000  -37.5000   15.0000 2233.1743   24.5667
    0.0000  -37.5000   15.0000 2252.3191   24.2193
    7.5000  -37.5000   15.0000 2261.4072   24.5968
   -7.5000  -30.0000   15.0000 2353.3442   21.7977
    0.0000  -30.0000   15.0000 2362.2053   21.3553
    7.5000  -30.0000   15.0000 2380.1023   21.7815
   -7.5000  -22.5000   15.0000 2473.9460   19.6066
    0.0000  -22.5000   15.0000 2475.7275   19.1812
    7.5000  -22.5000   15.0000 2495.1685   19.5480
   -7.5000  -15.0000   15.0000 2592.1184   17.8806
    0.0000  -15.0000   15.0000 2590.6418   17.4730
    7.5000  -15.0000   15.0000 2612.7871   17.8451
   -7.5000   -7.5000   15.0000 2702.1401   16.5528
    0.0000   -7.5000   15.0000 2708.3376   16.2629
    7.5000   -7.5000   15.0000 2729.1189   16.5370
   -7.5000    0.0000   15.0000 2798.3503   15.7317
    0.0000    0.0000   15.0000 2830.2729   15.5940
    7.5000    0.0000   15.0000 2836.6575   15.7661
   -7.5000    7.5000   15.0000 2881.3240   15.1541
    0.0000    7.5000   15.0000 2932.4075   15.0422
    7.5000    7.5000   15.0000 2917.2026   15.1244
   -7.5000   15.0000   15.0000 2936.9844   14.7504
    0.0000   15.0000   15.0000 2996.5427   14.5364
    7.5000   15.0000   15.0000 2958.4441   14.5583
   -7.5000   22.5000   15.0000 2939.7817   14.7423
    0.0000   22.5000   15.0000 2995.0415   14.4710
    7.5000   22.5000   15.0000 2957.4897   14.4940
   -7.5000   30.0000   15.0000 2914.8523   14.9939
    0.0000   30.0000   15.0000 2958.8765   14.7026
    7.5000   30.0000   15.0000 2932.5662   14.7490
   -7.5000   37.5000   15.0000 2861.1304   15.5769
    0.0000   37.5000   15.0000 2897.6147   15.2855
    7.5000   37.5000   15.0000 2890.3108   15.2964
   -7.5000   45.0000   15.0000 2784.1125   16.5256
    0.0000   45.0000   15.0000 2818.5134   16.2113
    7.5000   45.0000   15.0000 2816.7581   16.2070
   -7.5000   52.5000   15.0000 2659.8899   17.7728
    0.0000   52.5000   15.0000 2699.0564   17.4255
    7.5000   52.5000   15.0000 2695.9595   17.4002
   -7.5000  -37.5000   22.5000 2207.0342   25.2147
    0.0000  -37.5000   22.5000 2218.9456   24.8640
    7.5000  -37.5000   22.5000 2229.4663   25.3105
   -7.5000  -30.0000   22.5000 2325.9888   22.3553
    0.0000  -30.0000   22.5000 2339.2041   22.0080
    7.5000  -30.0000   22.5000 2345.9387   22.4035
   -7.5000  -22.5000   22.5000 2448.6836   20.1254
    0.0000  -22.5000   22.5000 2463.5173   19.8548
    7.5000  -22.5000   22.5000 2467.4854   20.1964
   -7.5000  -15.0000   22.5000 2568.3401   18.4299
    0.0000  -15.0000   22.5000 2585.3333   18.2168
    7.5000  -15.0000   22.5000 2580.7524   18.4983
   -7.5000   -7.5000   22.5000 2681.3369   17.0952
    0.0000   -7.5000   22.5000 2703.6150   16.9748
    7.5000   -7.5000   22.5000 2704.5142   17.2065
   -7.5000    0.0000   22.5000 2772.6387   16.1281
    0.0000    0.0000   22.5000 2812.3430   16.1056
    7.5000    0.0000   22.5000 2812.4133   16.3020
   -7.5000    7.5000   22.5000 2856.1538   15.4200
    0.0000    7.5000   22.5000 2897.1279   15.2483
    7.5000    7.5000   22.5000 2886.4275   15.4676
   -7.5000   15.0000   22.5000 2917.2966   14.9958
    0.0000   15.0000   22.5000 2954.4209   14.6959
    7.5000   15.0000   22.5000 2934.0972   14.9242
   -7.5000   22.5000   22.5000 2923.5823   14.9910
    0.0000   22.5000   22.5000 2970.2263   14.6866
    7.5000   22.5000   22.5000 2945.2324   14.8360
   -7.5000   30.0000   22.5000 2907.7639   15.3258
    0.0000   30.0000   22.5000 2945.1538   15.0793
    7.5000   30.0000   22.5000 2924.5051   15.1535
   -7.5000   37.5000   22.5000 2852.1331   15.9704
    0.0000   37.5000   22.5000 2883.0808   15.7608
    7.5000   37.5000   22.5000 2874.4722   15.7617
   -7.5000   45.0000   22.5000 2763.3062   16.9143
    0.0000   45.0000   22.5000 2798.5857   16.6756
    7.5000   45.0000   22.5000 2797.3721   16.6865
   -7.5000   52.5000   22.5000 2642.9294   18.1110
    0.0000   52.5000   22.5000 2680.2661   17.8057
    7.5000   52.5000   22.5000 2679.5437   17.7783
   -7.5000  -37.5000   30.0000 2168.4314   26.2445
    0.0000  -37.5000   30.0000 2189.4282   26.1631
    7.5000  -37.5000   30.0000 2183.7651   26.5443
   -7.5000  -30.0000   30.0000 2296.5339   23.2849
    0.0000  -30.0000   30.0000 2312.8403   23.1379
    7.5000  -30.0000   30.0000 2305.8691   23.5163
   -7.5000  -22.5000   30.0000 2423.6423   20.9844
    0.0000  -22.5000   30.0000 2441.2991   20.7972
    7.5000  -22.5000   30.0000 2432.2710   21.2132
   -7.5000  -15.0000   30.0000 2535.3613   19.2192
    0.0000  -15.0000   30.0000 2556.4709   19.0225
    7.5000  -15.0000   30.0000 2549.0615   19.4196
   -7.5000   -7.5000   30.0000 2646.2117   17.7883
    0.0000   -7.5000   30.0000 2666.3965   17.6400
    7.5000   -7.5000   30.0000 2669.4329   17.9819
   -7.5000    0.0000   30.0000 2738.4131   16.7539
    0.0000    0.0000   30.0000 2768.0110   16.5408
    7.5000    0.0000   30.0000 2771.7102   16.8941
   -7.5000    7.5000   30.0000 2816.5430   15.9075
    0.0000    7.5000   30.0000 2841.3481   15.5960
    7.5000    7.5000   30.0000 2835.6614   15.8874
   -7.5000   15.0000   30.0000 2867.1824   15.4890
    0.0000   15.0000   30.0000 2894.5891   15.1037
    7.5000   15.0000   30.0000 2887.3792   15.3901
   -7.5000   22.5000   30.0000 2878.9092   15.5024
    0.0000   22.5000   30.0000 2916.7742   15.1925
    7.5000   22.5000   30.0000 2906.3835   15.3621
   -7.5000   30.0000   30.0000 2865.1428   15.8417
    0.0000   30.0000   30.0000 2899.0120   15.6366
    7.5000   30.0000   30.0000 2881.4060   15.7058
   -7.5000   37.5000   30.0000 2819.3083   16.5402
    0.0000   37.5000   30.0000 2846.2522   16.3054
    7.5000   37.5000   30.0000 2836.7927   16.3524
   -7.5000   45.0000   30.0000 2728.1802   17.5022
    0.0000   45.0000   30.0000 2762.9529   17.2592
    7.5000   45.0000   30.0000 2762.1594   17.2923
   -7.5000   52.5000   30.0000 2606.2747   18.6633
    0.0000   52.5000   30.0000 2642.6794   18.4003
    7.5000   52.5000   30.0000 2638.9041   18.4129
   -7.5000  -37.5000   37.5000 2129.8638   27.7857
    0.0000  -37.5000   37.5000 2143.5312   27.7242
    7.5000  -37.5000   37.5000 2141.1868   28.2008
   -7.5000  -30.0000   37.5000 2261.7109   24.5836
    0.0000  -30.0000   37.5000 2273.1672   24.4086
    7.5000  -30.0000   37.5000 2264.7268   24.8700
   -7.5000  -22.5000   37.5000 2388.4243   22.0528
    0.0000  -22.5000   37.5000 2401.8906   21.8425
    7.5000  -22.5000   37.5000 2391.7285   22.3455
   -7.5000  -15.0000   37.5000 2497.2053   20.1608
    0.0000  -15.0000   37.5000 2517.8755   19.9328
    7.5000  -15.0000   37.5000 2508.7026   20.4252
   -7.5000   -7.5000   37.5000 2607.8826   18.6690
    0.0000   -7.5000   37.5000 2630.5664   18.4399
    7.5000   -7.5000   37.5000 2627.1477   18.8794
   -7.5000    0.0000   37.5000 2697.2263   17.5128
    0.0000    0.0000   37.5000 2718.3823   17.1816
    7.5000    0.0000   37.5000 2718.4451   17.5925
   -7.5000    7.5000   37.5000 2766.6726   16.6188
    0.0000    7.5000   37.5000 2786.0413   16.2810
    7.5000    7.5000   37.5000 2775.0540   16.6001
   -7.5000   15.0000   37.5000 2810.0916   16.2560
    0.0000   15.0000   37.5000 2827.4187   15.8437
    7.5000   15.0000   37.5000 2821.4829   16.1237
   -7.5000   22.5000   37.5000 2825.5461   16.2420
    0.0000   22.5000   37.5000 2849.0728   15.9247
    7.5000   22.5000   37.5000 2846.3035   16.0995
   -7.5000   30.0000   37.5000 2805.2966   16.6500
    0.0000   30.0000   37.5000 2833.7124   16.3679
    7.5000   30.0000   37.5000 2819.9319   16.4820
   -7.5000   37.5000   37.5000 2757.7686   17.3638
    0.0000   37.5000   37.5000 2792.0366   17.0727
    7.5000   37.5000   37.5000 2776.4128   17.1466
   -7.5000   45.0000   37.5000 2678.9744   18.3045
    0.0000   45.0000   37.5000 2714.3459   18.0492
    7.5000   45.0000   37.5000 2708.0757   18.1099
   -7.5000   52.5000   37.5000 2561.4084   19.4847
    0.0000   52.5000   37.5000 2595.1453   19.2230
    7.5000   52.5000   37.5000 2591.7466   19.2593
   -7.5000  -37.5000   45.0000 2076.4302   29.3381
    0.0000  -37.5000   45.0000 2088.2424   29.1620
    7.5000  -37.5000   45.0000 2083.8860   29.7589
   -7.5000  -30.0000   45.0000 2208.3027   25.9456
    0.0000  -30.0000   45.0000 2224.9238   25.7405
    7.5000  -30.0000   45.0000 2212.5813   26.2798
   -7.5000  -22.5000   45.0000 2338.7559   23.3110
    0.0000  -22.5000   45.0000 2357.4158   23.0921
    7.5000  -22.5000   45.0000 2340.7686   23.6252
   -7.5000  -15.0000   45.0000 2448.3064   21.2823
    0.0000  -15.0000   45.0000 2469.6240   21.0769
    7.5000  -15.0000   45.0000 2454.0266   21.5766
   -7.5000   -7.5000   45.0000 2554.7917   19.6875
    0.0000   -7.5000   45.0000 2579.2063   19.4731
    7.5000   -7.5000   45.0000 2564.8318   19.8747
   -7.5000    0.0000   45.0000 2639.6633   18.4279
    0.0000    0.0000   45.0000 2662.5164   18.1329
    7.5000    0.0000   45.0000 2647.8027   18.5158
   -7.5000    7.5000   45.0000 2701.0598   17.5777
    0.0000    7.5000   45.0000 2725.6465   17.2645
    7.5000    7.5000   45.0000 2706.0535   17.5538
   -7.5000   15.0000   45.0000 2736.6797   17.2107
    0.0000   15.0000   45.0000 2754.3528   16.8684
    7.5000   15.0000   45.0000 2744.0442   17.1024
   -7.5000   22.5000   45.0000 2755.2942   17.2006
    0.0000   22.5000   45.0000 2774.4971   16.9070
    7.5000   22.5000   45.0000 2766.1550   17.0657
   -7.5000   30.0000   45.0000 2730.4429   17.6157
    0.0000   30.0000   45.0000 2760.4294   17.3106
    7.5000   30.0000   45.0000 2747.7935   17.4482
   -7.5000   37.5000   45.0000 2684.0471   18.3138
    0.0000   37.5000   45.0000 2716.7192   18.0032
    7.5000   37.5000   45.0000 2703.0720   18.1235
   -7.5000   45.0000   45.0000 2611.9395   19.2629
    0.0000   45.0000   45.0000 2641.2021   18.9928
    7.5000   45.0000   45.0000 2638.2859   19.0912
   -7.5000   52.5000   45.0000 2497.7991   20.4255
    0.0000   52.5000   45.0000 2524.4758   20.1983
    7.5000   52.5000   45.0000 2522.3511   20.2506

---------------------------------------------------------------------
imgreg_4dfp /opt/freesurfer/average/711-2C_as_mni_average_305 /opt/freesurfer/average/711-2B_as_mni_average_305_mask talsrcimg_g11 none talsrcimg_to_711-2C_as_mni_average_305_t4 1283
---------------------------------------------------------------------

freesurfer imgreg_4dfp.c
/opt/freesurfer/average/711-2C_as_mni_average_305.4dfp.img
       256       256       256         1
  1.000000  1.000000  1.000000
orientation T byte_order littleendian
Reading image: /opt/freesurfer/average/711-2C_as_mni_average_305.4dfp.img
dimensions:      256       256       256
mmppix:       1.0000   -1.0000   -1.0000
center:     128.0000 -129.0000 -129.0000
/opt/freesurfer/average/711-2B_as_mni_average_305_mask.4dfp.img
       256       256       256         1
  1.000000  1.000000  1.000000
orientation T byte_order littleendian
Reading mask: /opt/freesurfer/average/711-2B_as_mni_average_305_mask.4dfp.img (2306576 pixels)
talsrcimg_g11.4dfp.img
       256       256       256         1
  1.000000  1.000000  1.000000
orientation T byte_order littleendian
Reading image: talsrcimg_g11.4dfp.img
dimensions:      256       256       256
mmppix:       1.0000   -1.0000   -1.0000
center:     128.0000 -129.0000 -129.0000
rotation matrix determinant  1.000000
fimgreg.f
image alignment mode   1283 decimal      503 hex
parameters
    0.0000   15.0000   15.0000    0.0000    0.0000    0.0000
eta,q 0.93937 14.56451
niter,ni,del,rscale     5    3   12.0000    1.2000
parameter  5 -0.746955 -> -0.500000 qaram    1.1500
parameters
    1.7968   17.6357   13.5556   -2.7782    3.4500   -1.3614
eta,q 0.94247 14.38591
  0.0798  0.0708  0.0645  0.0594  0.0674  0.0596
  0.0730  0.0656  0.0606  0.0594  0.0641  0.0590
  0.0674  0.0631  0.0594  0.0592  0.0615  0.0579
  0.0643  0.0622  0.0605  0.0592  0.0592  0.0572
  0.0624  0.0612  0.0632  0.0602  0.0576  0.0585
  0.0642  0.0608  0.0659  0.0620  0.0572  0.0611
  0.0684  0.0621  0.0688  0.0641  0.0577  0.0642
niter,ni,del,rscale     5    3   12.0000    1.2000
parameter  4  1.232328 ->  0.500000 qaram    1.1500
parameters
   -0.0263   20.1329   13.3691   -6.2282    4.6731   -2.1006
eta,q 0.94780 14.31758
  0.0625  0.0642  0.0648  0.0523  0.0649  0.0557
  0.0585  0.0601  0.0596  0.0526  0.0597  0.0536
  0.0567  0.0579  0.0561  0.0534  0.0562  0.0526
  0.0575  0.0566  0.0551  0.0551  0.0528  0.0521
  0.0620  0.0552  0.0570  0.0571  0.0525  0.0529
  0.0680  0.0555  0.0609  0.0587  0.0548  0.0552
  0.0753  0.0570  0.0655  0.0617  0.0594  0.0583
niter,ni,del,rscale     5    3   12.0000    1.2000
parameters
    0.0298   21.2768   12.6756   -7.3707    4.6484   -1.6988
eta,q 0.94867 14.29198
  0.0688  0.0643  0.0605  0.0559  0.0611  0.0565
  0.0608  0.0588  0.0550  0.0531  0.0561  0.0542
  0.0544  0.0545  0.0521  0.0519  0.0523  0.0527
  0.0522  0.0522  0.0518  0.0516  0.0515  0.0515
  0.0548  0.0521  0.0543  0.0533  0.0529  0.0512
  0.0601  0.0546  0.0591  0.0564  0.0552  0.0528
  0.0682  0.0576  0.0648  0.0593  0.0617  0.0560
niter,ni,del,rscale     4    3   12.0000    1.2000
parameters
    0.1482   21.6446   12.5531   -7.6552    4.6021   -1.6403
eta,q 0.94854 14.28830
  0.0689  0.0615  0.0618  0.0578  0.0606  0.0561
  0.0600  0.0566  0.0561  0.0537  0.0561  0.0541
  0.0535  0.0529  0.0526  0.0524  0.0523  0.0527
  0.0513  0.0514  0.0515  0.0515  0.0515  0.0515
  0.0541  0.0529  0.0531  0.0525  0.0526  0.0514
  0.0595  0.0556  0.0569  0.0555  0.0549  0.0534
  0.0671  0.0589  0.0624  0.0582  0.0617  0.0567
niter,ni,del,rscale     3    3   12.0000    1.2000
parameters
    0.1801   21.7248   12.5271   -7.7073    4.5973   -1.6319
eta,q 0.94849 14.28714
  0.0684  0.0606  0.0620  0.0584  0.0606  0.0560
  0.0595  0.0559  0.0563  0.0540  0.0561  0.0541
  0.0533  0.0523  0.0528  0.0525  0.0524  0.0528
  0.0515  0.0515  0.0515  0.0515  0.0515  0.0515
  0.0544  0.0534  0.0530  0.0523  0.0526  0.0515
  0.0598  0.0561  0.0567  0.0553  0.0547  0.0535
  0.0674  0.0595  0.0620  0.0579  0.0615  0.0568
niter,ni,del,rscale     2    3   12.0000    1.2000
parameters
    0.1870   21.7385   12.5215   -7.7161    4.5965   -1.6315
eta,q 0.94848 14.28689
  0.0683  0.0605  0.0621  0.0586  0.0606  0.0560
  0.0594  0.0557  0.0564  0.0540  0.0562  0.0541
  0.0533  0.0522  0.0528  0.0525  0.0524  0.0528
  0.0515  0.0515  0.0515  0.0515  0.0515  0.0515
  0.0545  0.0535  0.0530  0.0523  0.0526  0.0515
  0.0599  0.0562  0.0566  0.0552  0.0547  0.0535
  0.0675  0.0596  0.0619  0.0579  0.0615  0.0569
registration optimization eta report
parameter search radius
    6.0000    6.0000    6.0000    6.9000    6.9000    6.0000
100000*second partial in parameter space
       44.       23.       29.       14.       20.       14.
  0.0683  0.0605  0.0621  0.0586  0.0606  0.0560
  0.0594  0.0557  0.0564  0.0540  0.0562  0.0541
  0.0533  0.0522  0.0528  0.0525  0.0524  0.0528
  0.0515  0.0515  0.0515  0.0515  0.0515  0.0515
  0.0545  0.0535  0.0530  0.0523  0.0526  0.0515
  0.0599  0.0562  0.0566  0.0552  0.0547  0.0535
  0.0675  0.0596  0.0619  0.0579  0.0615  0.0569
    0.1870   21.7385   12.5215   -7.7161    4.5965   -1.6315
eta,q 0.94848 14.28689

---------------------------------------------------------------------
imgreg_4dfp /opt/freesurfer/average/711-2C_as_mni_average_305 /opt/freesurfer/average/711-2B_as_mni_average_305_mask talsrcimg_g11 none talsrcimg_to_711-2C_as_mni_average_305_t4 3335
---------------------------------------------------------------------

freesurfer imgreg_4dfp.c
/opt/freesurfer/average/711-2C_as_mni_average_305.4dfp.img
       256       256       256         1
  1.000000  1.000000  1.000000
orientation T byte_order littleendian
Reading image: /opt/freesurfer/average/711-2C_as_mni_average_305.4dfp.img
dimensions:      256       256       256
mmppix:       1.0000   -1.0000   -1.0000
center:     128.0000 -129.0000 -129.0000
/opt/freesurfer/average/711-2B_as_mni_average_305_mask.4dfp.img
       256       256       256         1
  1.000000  1.000000  1.000000
orientation T byte_order littleendian
Reading mask: /opt/freesurfer/average/711-2B_as_mni_average_305_mask.4dfp.img (2306576 pixels)
talsrcimg_g11.4dfp.img
       256       256       256         1
  1.000000  1.000000  1.000000
orientation T byte_order littleendian
Reading image: talsrcimg_g11.4dfp.img
dimensions:      256       256       256
mmppix:       1.0000   -1.0000   -1.0000
center:     128.0000 -129.0000 -129.0000
fimgreg.f
image alignment mode   3335 decimal      D07 hex
parameters
    0.1870   21.7385   12.5215   -0.3620   -0.9763   -1.2242
    3.8969   -7.5558   -2.8380   13.6471    8.0139  -13.3833
eta,q 0.95009 14.35802
niter,ni,del,rscale     5    3    5.0000    1.2000
parameter  4  1.416966 ->  0.500000 qaram    1.1500
parameter  5 13.508189 ->  0.500000 qaram    1.1500
parameter  6  0.567346 ->  0.500000 qaram    1.1500
parameter 11  0.517376 ->  0.500000 qaram    1.1500
parameters
   -0.0095   22.0939   12.5747   -4.5020   -5.1163   -5.3642
    2.1203   -6.0293   -3.0746   13.6279    3.8739  -13.1473
eta,q 0.95917 14.36138
  0.0527  0.0513  0.0518  0.0439  0.0402  0.0418  0.0424  0.0490  0.0422  0.0436  0.0411  0.0417
  0.0510  0.0506  0.0507  0.0445  0.0419  0.0415  0.0416  0.0453  0.0416  0.0422  0.0408  0.0412
  0.0501  0.0501  0.0501  0.0464  0.0433  0.0414  0.0413  0.0425  0.0412  0.0414  0.0409  0.0409
  0.0499  0.0499  0.0498  0.0498  0.0449  0.0423  0.0414  0.0413  0.0411  0.0411  0.0411  0.0408
  0.0505  0.0499  0.0500  0.0542  0.0465  0.0450  0.0419  0.0412  0.0413  0.0414  0.0416  0.0409
  0.0518  0.0501  0.0506  0.0587  0.0480  0.0492  0.0429  0.0422  0.0417  0.0423  0.0423  0.0412
  0.0538  0.0507  0.0517  0.0629  0.0499  0.0534  0.0442  0.0443  0.0424  0.0436  0.0432  0.0415
niter,ni,del,rscale     7    3    5.0000    1.2000
parameter  2  2.079489 ->  0.500000 qaram    1.1500
parameter  3  1.005912 ->  0.500000 qaram    1.1500
parameter  4  0.563580 ->  0.500000 qaram    1.3225
parameter  5********** ->  0.500000 qaram    1.3225
parameter 12  0.592595 ->  0.500000 qaram    1.1500
parameters
    0.0593   20.7139   11.1947   -9.2630   -9.8773   -6.3117
    3.6217   -5.9590   -1.7390   13.9793    4.8107  -17.2873
eta,q 0.97014 14.36284
  0.0445  0.0375  0.0370  0.0364  0.0274  0.0342  0.0338  0.0355  0.0329  0.0354  0.0318  0.0301
  0.0426  0.0383  0.0371  0.0361  0.0295  0.0325  0.0323  0.0324  0.0317  0.0329  0.0311  0.0299
  0.0413  0.0394  0.0376  0.0362  0.0327  0.0312  0.0312  0.0308  0.0309  0.0311  0.0306  0.0300
  0.0408  0.0408  0.0385  0.0372  0.0361  0.0304  0.0305  0.0304  0.0304  0.0304  0.0304  0.0304
  0.0412  0.0425  0.0398  0.0399  0.0391  0.0309  0.0305  0.0311  0.0304  0.0307  0.0304  0.0312
  0.0423  0.0443  0.0414  0.0442  0.0421  0.0334  0.0309  0.0327  0.0308  0.0321  0.0307  0.0324
  0.0441  0.0463  0.0432  0.0495  0.0446  0.0376  0.0319  0.0349  0.0316  0.0346  0.0313  0.0337
niter,ni,del,rscale     7    3    5.0000    1.2000
parameter  2  1.045476 ->  0.500000 qaram    1.3225
parameter  5  0.708711 ->  0.500000 qaram    1.5209
parameters
    0.6679   19.1269    9.8838  -11.1045  -15.3525   -4.9105
    5.8308   -6.1276    0.2720   15.3104    6.3166  -18.6816
eta,q 0.97917 14.39101
  0.0350  0.0261  0.0266  0.0290  0.0240  0.0290  0.0281  0.0269  0.0268  0.0277  0.0234  0.0225
  0.0326  0.0262  0.0259  0.0270  0.0227  0.0266  0.0255  0.0238  0.0245  0.0247  0.0223  0.0214
  0.0309  0.0274  0.0258  0.0259  0.0231  0.0245  0.0234  0.0220  0.0226  0.0224  0.0215  0.0209
  0.0299  0.0296  0.0264  0.0258  0.0257  0.0226  0.0220  0.0215  0.0215  0.0212  0.0210  0.0209
  0.0296  0.0326  0.0275  0.0266  0.0302  0.0218  0.0215  0.0224  0.0212  0.0211  0.0210  0.0215
  0.0302  0.0362  0.0291  0.0293  0.0354  0.0234  0.0221  0.0244  0.0217  0.0222  0.0214  0.0226
  0.0316  0.0400  0.0312  0.0344  0.0399  0.0265  0.0237  0.0272  0.0231  0.0243  0.0222  0.0239
niter,ni,del,rscale     7    3    5.0000    1.2000
parameters
    0.6688   19.0991   10.1549   -9.7621  -17.0386   -4.3351
    5.2504   -6.2014    0.5179   15.4898    6.5884  -19.0796
eta,q 0.97963 14.40038
  0.0252  0.0275  0.0243  0.0280  0.0277  0.0274  0.0240  0.0264  0.0242  0.0253  0.0225  0.0225
  0.0228  0.0239  0.0225  0.0251  0.0244  0.0251  0.0219  0.0231  0.0222  0.0228  0.0215  0.0212
  0.0213  0.0216  0.0213  0.0225  0.0216  0.0226  0.0207  0.0210  0.0209  0.0211  0.0208  0.0205
  0.0208  0.0208  0.0208  0.0208  0.0205  0.0206  0.0204  0.0204  0.0204  0.0204  0.0204  0.0204
  0.0213  0.0217  0.0210  0.0204  0.0227  0.0206  0.0212  0.0212  0.0207  0.0209  0.0205  0.0208
  0.0228  0.0241  0.0218  0.0217  0.0282  0.0233  0.0229  0.0234  0.0219  0.0224  0.0212  0.0217
  0.0252  0.0278  0.0232  0.0257  0.0349  0.0266  0.0252  0.0266  0.0237  0.0249  0.0224  0.0228
niter,ni,del,rscale     6    3    5.0000    1.2000
parameters
    0.6823   19.2497   10.3455   -9.4813  -17.6142   -4.1028
    5.1380   -6.2506    0.5593   15.6183    6.6685  -19.2268
eta,q 0.97964 14.39564
  0.0248  0.0275  0.0239  0.0271  0.0287  0.0271  0.0244  0.0265  0.0239  0.0251  0.0225  0.0226
  0.0224  0.0238  0.0220  0.0242  0.0253  0.0248  0.0222  0.0231  0.0220  0.0227  0.0214  0.0213
  0.0209  0.0214  0.0208  0.0218  0.0222  0.0223  0.0208  0.0210  0.0208  0.0210  0.0207  0.0205
  0.0204  0.0204  0.0204  0.0203  0.0203  0.0204  0.0204  0.0204  0.0204  0.0204  0.0204  0.0204
  0.0209  0.0209  0.0206  0.0203  0.0212  0.0208  0.0209  0.0212  0.0208  0.0208  0.0206  0.0207
  0.0223  0.0229  0.0215  0.0224  0.0255  0.0237  0.0224  0.0233  0.0219  0.0224  0.0213  0.0215
  0.0247  0.0263  0.0230  0.0274  0.0322  0.0272  0.0246  0.0266  0.0238  0.0249  0.0225  0.0227
niter,ni,del,rscale     5    3    5.0000    1.2000
parameters
    0.6733   19.3198   10.4172   -9.4019  -17.8171   -4.0214
    5.1325   -6.2712    0.5734   15.6809    6.6825  -19.2849
eta,q 0.97963 14.39310
  0.0247  0.0270  0.0236  0.0269  0.0291  0.0270  0.0245  0.0266  0.0239  0.0250  0.0225  0.0227
  0.0223  0.0235  0.0218  0.0241  0.0256  0.0247  0.0223  0.0231  0.0220  0.0226  0.0214  0.0213
  0.0208  0.0212  0.0207  0.0217  0.0225  0.0221  0.0209  0.0210  0.0208  0.0210  0.0207  0.0205
  0.0204  0.0204  0.0204  0.0204  0.0203  0.0204  0.0204  0.0204  0.0204  0.0204  0.0204  0.0204
  0.0209  0.0210  0.0207  0.0204  0.0208  0.0210  0.0209  0.0212  0.0208  0.0209  0.0206  0.0207
  0.0223  0.0231  0.0217  0.0227  0.0248  0.0239  0.0223  0.0233  0.0220  0.0224  0.0213  0.0215
  0.0247  0.0264  0.0233  0.0279  0.0313  0.0275  0.0245  0.0265  0.0238  0.0249  0.0226  0.0226
niter,ni,del,rscale     4    3    5.0000    1.2000
parameters
    0.6657   19.3486   10.4422   -9.3802  -17.8878   -3.9937
    5.1346   -6.2799    0.5809   15.7056    6.6819  -19.3109
eta,q 0.97961 14.39197
  0.0247  0.0268  0.0236  0.0269  0.0292  0.0270  0.0245  0.0266  0.0239  0.0250  0.0225  0.0227
  0.0223  0.0233  0.0218  0.0241  0.0258  0.0246  0.0223  0.0232  0.0220  0.0226  0.0214  0.0214
  0.0209  0.0212  0.0207  0.0217  0.0226  0.0221  0.0209  0.0210  0.0208  0.0210  0.0207  0.0206
  0.0204  0.0204  0.0204  0.0204  0.0204  0.0204  0.0204  0.0204  0.0204  0.0204  0.0204  0.0204
  0.0209  0.0211  0.0207  0.0204  0.0207  0.0210  0.0209  0.0212  0.0208  0.0209  0.0206  0.0207
  0.0223  0.0232  0.0218  0.0228  0.0246  0.0240  0.0223  0.0233  0.0220  0.0225  0.0213  0.0215
  0.0247  0.0266  0.0234  0.0281  0.0310  0.0276  0.0245  0.0265  0.0238  0.0250  0.0226  0.0226
registration optimization eta report
parameter search radius
    2.4000    3.1740    2.7600    9.5220   10.9503    8.2800
    7.2000    7.2000    7.2000    7.2000    8.2800    8.2800
100000*second partial in parameter space
       75.       62.       41.        8.        8.       10.
        8.       12.        7.        9.        3.        3.
  0.0247  0.0268  0.0236  0.0269  0.0292  0.0270  0.0245  0.0266  0.0239  0.0250  0.0225  0.0227
  0.0223  0.0233  0.0218  0.0241  0.0258  0.0246  0.0223  0.0232  0.0220  0.0226  0.0214  0.0214
  0.0209  0.0212  0.0207  0.0217  0.0226  0.0221  0.0209  0.0210  0.0208  0.0210  0.0207  0.0206
  0.0204  0.0204  0.0204  0.0204  0.0204  0.0204  0.0204  0.0204  0.0204  0.0204  0.0204  0.0204
  0.0209  0.0211  0.0207  0.0204  0.0207  0.0210  0.0209  0.0212  0.0208  0.0209  0.0206  0.0207
  0.0223  0.0232  0.0218  0.0228  0.0246  0.0240  0.0223  0.0233  0.0220  0.0225  0.0213  0.0215
  0.0247  0.0266  0.0234  0.0281  0.0310  0.0276  0.0245  0.0265  0.0238  0.0250  0.0226  0.0226
    0.6657   19.3486   10.4422   -9.3802  -17.8878   -3.9937
    5.1346   -6.2799    0.5809   15.7056    6.6819  -19.3109
eta,q 0.97961 14.39197

---------------------------------------------------------------------
imgreg_4dfp /opt/freesurfer/average/711-2C_as_mni_average_305 /opt/freesurfer/average/711-2B_as_mni_average_305_mask talsrcimg_g11 none talsrcimg_to_711-2C_as_mni_average_305_t4 2311
---------------------------------------------------------------------

freesurfer imgreg_4dfp.c
/opt/freesurfer/average/711-2C_as_mni_average_305.4dfp.img
       256       256       256         1
  1.000000  1.000000  1.000000
orientation T byte_order littleendian
Reading image: /opt/freesurfer/average/711-2C_as_mni_average_305.4dfp.img
dimensions:      256       256       256
mmppix:       1.0000   -1.0000   -1.0000
center:     128.0000 -129.0000 -129.0000
/opt/freesurfer/average/711-2B_as_mni_average_305_mask.4dfp.img
       256       256       256         1
  1.000000  1.000000  1.000000
orientation T byte_order littleendian
Reading mask: /opt/freesurfer/average/711-2B_as_mni_average_305_mask.4dfp.img (2306576 pixels)
talsrcimg_g11.4dfp.img
       256       256       256         1
  1.000000  1.000000  1.000000
orientation T byte_order littleendian
Reading image: talsrcimg_g11.4dfp.img
dimensions:      256       256       256
mmppix:       1.0000   -1.0000   -1.0000
center:     128.0000 -129.0000 -129.0000
fimgreg.f
image alignment mode   2311 decimal      907 hex
parameters
    0.6657   19.3486   10.4422   -9.3802  -17.8878   -3.9937
    5.1346   -6.2799    0.5809   15.7056    6.6819  -19.3109
eta,q 0.97961 14.39197
niter,ni,del,rscale     5    3    5.0000    0.8000
parameters
    0.6655   19.3701   10.4181   -8.1982  -16.9758   -3.8926
    5.1525   -6.2026    0.6268   15.7594    6.7063  -19.5954
eta,q 0.97995 14.44756
  0.0223  0.0221  0.0214  0.0228  0.0232  0.0235  0.0221  0.0234  0.0218  0.0225  0.0209  0.0208
  0.0213  0.0212  0.0208  0.0217  0.0219  0.0220  0.0210  0.0215  0.0208  0.0212  0.0205  0.0204
  0.0206  0.0206  0.0205  0.0209  0.0209  0.0207  0.0203  0.0204  0.0202  0.0204  0.0202  0.0201
  0.0204  0.0204  0.0204  0.0204  0.0202  0.0201  0.0201  0.0201  0.0201  0.0201  0.0201  0.0201
  0.0206  0.0206  0.0205  0.0202  0.0201  0.0203  0.0203  0.0204  0.0202  0.0203  0.0201  0.0202
  0.0213  0.0211  0.0209  0.0205  0.0206  0.0215  0.0209  0.0214  0.0208  0.0211  0.0204  0.0205
  0.0223  0.0220  0.0215  0.0213  0.0218  0.0235  0.0221  0.0231  0.0217  0.0224  0.0209  0.0210
niter,ni,del,rscale     4    3    5.0000    0.7000
parameters
    0.6694   19.1882   10.4755   -8.4652  -16.7481   -3.7842
    5.1550   -6.2129    0.6046   15.6894    6.7378  -19.4979
eta,q 0.98000 14.45463
  0.0216  0.0211  0.0210  0.0213  0.0221  0.0228  0.0216  0.0224  0.0213  0.0218  0.0207  0.0207
  0.0208  0.0204  0.0205  0.0206  0.0211  0.0215  0.0207  0.0211  0.0206  0.0208  0.0203  0.0203
  0.0202  0.0201  0.0201  0.0202  0.0204  0.0205  0.0202  0.0203  0.0201  0.0202  0.0201  0.0201
  0.0200  0.0200  0.0200  0.0200  0.0200  0.0200  0.0200  0.0200  0.0200  0.0200  0.0200  0.0200
  0.0202  0.0203  0.0201  0.0202  0.0201  0.0202  0.0202  0.0203  0.0202  0.0202  0.0201  0.0201
  0.0207  0.0209  0.0204  0.0207  0.0207  0.0211  0.0207  0.0211  0.0206  0.0209  0.0203  0.0203
  0.0216  0.0218  0.0208  0.0218  0.0218  0.0227  0.0216  0.0224  0.0213  0.0219  0.0207  0.0206
niter,ni,del,rscale     3    3    5.0000    0.6000
parameters
    0.6716   19.1643   10.5012   -8.4821  -16.6731   -3.7021
    5.1477   -6.2223    0.5921   15.6277    6.7563  -19.4585
eta,q 0.98002 14.45687
  0.0212  0.0210  0.0207  0.0210  0.0215  0.0221  0.0211  0.0218  0.0210  0.0213  0.0205  0.0205
  0.0205  0.0204  0.0203  0.0205  0.0208  0.0211  0.0205  0.0208  0.0204  0.0206  0.0202  0.0202
  0.0201  0.0201  0.0201  0.0201  0.0202  0.0204  0.0201  0.0202  0.0201  0.0201  0.0201  0.0200
  0.0200  0.0200  0.0200  0.0200  0.0200  0.0200  0.0200  0.0200  0.0200  0.0200  0.0200  0.0200
  0.0201  0.0201  0.0201  0.0201  0.0201  0.0201  0.0201  0.0202  0.0201  0.0202  0.0200  0.0200
  0.0205  0.0205  0.0203  0.0204  0.0206  0.0208  0.0205  0.0208  0.0204  0.0206  0.0202  0.0202
  0.0212  0.0211  0.0206  0.0211  0.0215  0.0221  0.0212  0.0218  0.0210  0.0214  0.0205  0.0205
niter,ni,del,rscale     2    3    5.0000    0.5000
parameters
    0.6744   19.1480   10.5183   -8.4635  -16.6200   -3.6311
    5.1476   -6.2268    0.5756   15.5819    6.7783  -19.4315
eta,q 0.98002 14.45900
  0.0208  0.0207  0.0205  0.0207  0.0210  0.0215  0.0208  0.0212  0.0207  0.0209  0.0203  0.0203
  0.0203  0.0203  0.0202  0.0203  0.0205  0.0208  0.0203  0.0205  0.0203  0.0204  0.0201  0.0201
  0.0201  0.0201  0.0200  0.0201  0.0201  0.0202  0.0201  0.0201  0.0200  0.0201  0.0200  0.0200
  0.0200  0.0200  0.0200  0.0200  0.0200  0.0200  0.0200  0.0200  0.0200  0.0200  0.0200  0.0200
  0.0201  0.0201  0.0200  0.0200  0.0201  0.0201  0.0201  0.0201  0.0201  0.0201  0.0200  0.0200
  0.0203  0.0203  0.0202  0.0203  0.0204  0.0206  0.0203  0.0205  0.0203  0.0204  0.0201  0.0201
  0.0208  0.0207  0.0204  0.0207  0.0210  0.0215  0.0208  0.0212  0.0207  0.0210  0.0203  0.0203
niter,ni,del,rscale     1    3    5.0000    0.4000
parameters
    0.6777   19.1350   10.5340   -8.4469  -16.5728   -3.5625
    5.1477   -6.2265    0.5637   15.5398    6.8005  -19.4073
eta,q 0.98003 14.46075
  0.0205  0.0204  0.0203  0.0204  0.0207  0.0210  0.0205  0.0208  0.0204  0.0206  0.0202  0.0202
  0.0202  0.0202  0.0201  0.0202  0.0203  0.0205  0.0202  0.0203  0.0202  0.0202  0.0201  0.0201
  0.0200  0.0200  0.0200  0.0200  0.0201  0.0201  0.0200  0.0201  0.0200  0.0200  0.0200  0.0200
  0.0200  0.0200  0.0200  0.0200  0.0200  0.0200  0.0200  0.0200  0.0200  0.0200  0.0200  0.0200
  0.0200  0.0200  0.0200  0.0200  0.0200  0.0200  0.0200  0.0201  0.0200  0.0200  0.0200  0.0200
  0.0202  0.0202  0.0201  0.0201  0.0203  0.0204  0.0202  0.0203  0.0202  0.0203  0.0201  0.0201
  0.0205  0.0205  0.0203  0.0204  0.0206  0.0209  0.0205  0.0208  0.0204  0.0206  0.0202  0.0202
registration optimization eta report
parameter search radius
    0.8000    0.8000    0.8000    2.4000    2.4000    2.4000
    2.4000    2.4000    2.4000    2.4000    2.4000    2.4000
100000*second partial in parameter space
       81.       72.       45.        8.       12.       17.
        9.       14.        8.       11.        4.        4.
  0.0205  0.0204  0.0203  0.0204  0.0207  0.0210  0.0205  0.0208  0.0204  0.0206  0.0202  0.0202
  0.0202  0.0202  0.0201  0.0202  0.0203  0.0205  0.0202  0.0203  0.0202  0.0202  0.0201  0.0201
  0.0200  0.0200  0.0200  0.0200  0.0201  0.0201  0.0200  0.0201  0.0200  0.0200  0.0200  0.0200
  0.0200  0.0200  0.0200  0.0200  0.0200  0.0200  0.0200  0.0200  0.0200  0.0200  0.0200  0.0200
  0.0200  0.0200  0.0200  0.0200  0.0200  0.0200  0.0200  0.0201  0.0200  0.0200  0.0200  0.0200
  0.0202  0.0202  0.0201  0.0201  0.0203  0.0204  0.0202  0.0203  0.0202  0.0203  0.0201  0.0201
  0.0205  0.0205  0.0203  0.0204  0.0206  0.0209  0.0205  0.0208  0.0204  0.0206  0.0202  0.0202
    0.6777   19.1350   10.5340   -8.4469  -16.5728   -3.5625
    5.1477   -6.2265    0.5637   15.5398    6.8005  -19.4073
eta,q 0.98003 14.46075

---------------------------------------------------------------------
imgreg_4dfp /opt/freesurfer/average/711-2C_as_mni_average_305 /opt/freesurfer/average/711-2B_as_mni_average_305_mask talsrcimg_g11 none talsrcimg_to_711-2C_as_mni_average_305_t4 2311
---------------------------------------------------------------------

freesurfer imgreg_4dfp.c
/opt/freesurfer/average/711-2C_as_mni_average_305.4dfp.img
       256       256       256         1
  1.000000  1.000000  1.000000
orientation T byte_order littleendian
Reading image: /opt/freesurfer/average/711-2C_as_mni_average_305.4dfp.img
dimensions:      256       256       256
mmppix:       1.0000   -1.0000   -1.0000
center:     128.0000 -129.0000 -129.0000
/opt/freesurfer/average/711-2B_as_mni_average_305_mask.4dfp.img
       256       256       256         1
  1.000000  1.000000  1.000000
orientation T byte_order littleendian
Reading mask: /opt/freesurfer/average/711-2B_as_mni_average_305_mask.4dfp.img (2306576 pixels)
talsrcimg_g11.4dfp.img
       256       256       256         1
  1.000000  1.000000  1.000000
orientation T byte_order littleendian
Reading image: talsrcimg_g11.4dfp.img
dimensions:      256       256       256
mmppix:       1.0000   -1.0000   -1.0000
center:     128.0000 -129.0000 -129.0000
fimgreg.f
image alignment mode   2311 decimal      907 hex
parameters
    0.6777   19.1350   10.5340   -8.4469  -16.5728   -3.5625
    5.1477   -6.2265    0.5637   15.5398    6.8005  -19.4073
eta,q 0.98003 14.46076
niter,ni,del,rscale     5    3    5.0000    0.8000
parameters
    0.6721   19.1214   10.5747   -8.7461  -16.7508   -3.6812
    5.1323   -6.2415    0.5664   15.5858    6.7637  -19.3460
eta,q 0.98000 14.45151
  0.0220  0.0218  0.0212  0.0216  0.0223  0.0232  0.0220  0.0231  0.0217  0.0225  0.0208  0.0209
  0.0209  0.0208  0.0205  0.0207  0.0212  0.0217  0.0209  0.0214  0.0208  0.0211  0.0204  0.0204
  0.0202  0.0202  0.0201  0.0202  0.0203  0.0205  0.0202  0.0203  0.0202  0.0203  0.0201  0.0201
  0.0200  0.0200  0.0200  0.0200  0.0200  0.0200  0.0200  0.0200  0.0200  0.0200  0.0200  0.0200
  0.0202  0.0202  0.0201  0.0202  0.0202  0.0203  0.0202  0.0204  0.0202  0.0203  0.0201  0.0201
  0.0209  0.0208  0.0205  0.0209  0.0212  0.0218  0.0209  0.0214  0.0208  0.0211  0.0204  0.0204
  0.0221  0.0218  0.0211  0.0223  0.0229  0.0237  0.0221  0.0231  0.0217  0.0224  0.0209  0.0209
niter,ni,del,rscale     4    3    5.0000    0.7000
parameters
    0.6719   19.1654   10.5292   -8.5779  -16.7269   -3.7061
    5.1352   -6.2292    0.5830   15.6036    6.7693  -19.4066
eta,q 0.98001 14.45363
  0.0216  0.0215  0.0208  0.0215  0.0219  0.0227  0.0216  0.0224  0.0213  0.0219  0.0207  0.0207
  0.0207  0.0207  0.0203  0.0207  0.0210  0.0214  0.0207  0.0211  0.0206  0.0208  0.0203  0.0203
  0.0202  0.0202  0.0201  0.0202  0.0203  0.0204  0.0202  0.0203  0.0201  0.0202  0.0201  0.0201
  0.0200  0.0200  0.0200  0.0200  0.0200  0.0200  0.0200  0.0200  0.0200  0.0200  0.0200  0.0200
  0.0202  0.0201  0.0201  0.0201  0.0201  0.0202  0.0202  0.0203  0.0201  0.0202  0.0201  0.0201
  0.0207  0.0206  0.0204  0.0205  0.0208  0.0213  0.0207  0.0211  0.0206  0.0208  0.0203  0.0203
  0.0216  0.0213  0.0209  0.0214  0.0220  0.0229  0.0216  0.0224  0.0213  0.0218  0.0207  0.0207
niter,ni,del,rscale     3    3    5.0000    0.6000
parameters
    0.6749   19.1565   10.5197   -8.5106  -16.6692   -3.6753
    5.1387   -6.2312    0.5820   15.5972    6.7841  -19.4285
eta,q 0.98002 14.45664
  0.0212  0.0210  0.0206  0.0210  0.0215  0.0221  0.0212  0.0218  0.0210  0.0214  0.0205  0.0205
  0.0205  0.0204  0.0203  0.0205  0.0207  0.0211  0.0205  0.0208  0.0204  0.0206  0.0202  0.0202
  0.0201  0.0201  0.0201  0.0201  0.0202  0.0203  0.0201  0.0202  0.0201  0.0201  0.0201  0.0200
  0.0200  0.0200  0.0200  0.0200  0.0200  0.0200  0.0200  0.0200  0.0200  0.0200  0.0200  0.0200
  0.0201  0.0201  0.0201  0.0201  0.0201  0.0201  0.0201  0.0202  0.0201  0.0201  0.0200  0.0200
  0.0205  0.0205  0.0203  0.0204  0.0206  0.0209  0.0205  0.0208  0.0204  0.0206  0.0202  0.0202
  0.0211  0.0210  0.0206  0.0210  0.0215  0.0222  0.0212  0.0218  0.0210  0.0214  0.0205  0.0205
niter,ni,del,rscale     2    3    5.0000    0.5000
parameters
    0.6749   19.1445   10.5267   -8.4777  -16.6149   -3.6188
    5.1435   -6.2313    0.5741   15.5706    6.7955  -19.4273
eta,q 0.98003 14.45904
  0.0208  0.0207  0.0204  0.0207  0.0210  0.0215  0.0208  0.0212  0.0207  0.0209  0.0203  0.0203
  0.0203  0.0203  0.0202  0.0203  0.0205  0.0208  0.0203  0.0205  0.0203  0.0204  0.0201  0.0201
  0.0201  0.0201  0.0200  0.0201  0.0201  0.0202  0.0201  0.0201  0.0200  0.0201  0.0200  0.0200
  0.0200  0.0200  0.0200  0.0200  0.0200  0.0200  0.0200  0.0200  0.0200  0.0200  0.0200  0.0200
  0.0201  0.0201  0.0200  0.0200  0.0201  0.0201  0.0201  0.0201  0.0201  0.0201  0.0200  0.0200
  0.0203  0.0203  0.0202  0.0203  0.0204  0.0206  0.0203  0.0205  0.0203  0.0204  0.0201  0.0201
  0.0208  0.0207  0.0204  0.0207  0.0210  0.0215  0.0208  0.0212  0.0207  0.0210  0.0203  0.0203
niter,ni,del,rscale     1    3    5.0000    0.4000
parameters
    0.6772   19.1338   10.5415   -8.4546  -16.5743   -3.5544
    5.1468   -6.2279    0.5612   15.5408    6.8055  -19.4106
eta,q 0.98003 14.46096
  0.0205  0.0204  0.0203  0.0204  0.0207  0.0210  0.0205  0.0208  0.0204  0.0206  0.0202  0.0202
  0.0202  0.0202  0.0201  0.0202  0.0203  0.0205  0.0202  0.0203  0.0202  0.0202  0.0201  0.0201
  0.0200  0.0200  0.0200  0.0200  0.0201  0.0201  0.0200  0.0201  0.0200  0.0200  0.0200  0.0200
  0.0200  0.0200  0.0200  0.0200  0.0200  0.0200  0.0200  0.0200  0.0200  0.0200  0.0200  0.0200
  0.0200  0.0200  0.0200  0.0200  0.0200  0.0200  0.0200  0.0201  0.0200  0.0200  0.0200  0.0200
  0.0202  0.0202  0.0201  0.0201  0.0203  0.0203  0.0202  0.0203  0.0202  0.0203  0.0201  0.0201
  0.0205  0.0205  0.0203  0.0204  0.0207  0.0209  0.0205  0.0208  0.0204  0.0206  0.0202  0.0202
registration optimization eta report
parameter search radius
    0.8000    0.8000    0.8000    2.4000    2.4000    2.4000
    2.4000    2.4000    2.4000    2.4000    2.4000    2.4000
100000*second partial in parameter space
       82.       73.       45.        8.       12.       17.
        9.       14.        8.       11.        4.        4.
  0.0205  0.0204  0.0203  0.0204  0.0207  0.0210  0.0205  0.0208  0.0204  0.0206  0.0202  0.0202
  0.0202  0.0202  0.0201  0.0202  0.0203  0.0205  0.0202  0.0203  0.0202  0.0202  0.0201  0.0201
  0.0200  0.0200  0.0200  0.0200  0.0201  0.0201  0.0200  0.0201  0.0200  0.0200  0.0200  0.0200
  0.0200  0.0200  0.0200  0.0200  0.0200  0.0200  0.0200  0.0200  0.0200  0.0200  0.0200  0.0200
  0.0200  0.0200  0.0200  0.0200  0.0200  0.0200  0.0200  0.0201  0.0200  0.0200  0.0200  0.0200
  0.0202  0.0202  0.0201  0.0201  0.0203  0.0203  0.0202  0.0203  0.0202  0.0203  0.0201  0.0201
  0.0205  0.0205  0.0203  0.0204  0.0207  0.0209  0.0205  0.0208  0.0204  0.0206  0.0202  0.0202
    0.6772   19.1338   10.5415   -8.4546  -16.5743   -3.5544
    5.1468   -6.2279    0.5612   15.5408    6.8055  -19.4106
eta,q 0.98003 14.46096

---------------------------------------------------------------------
compute_vox2vox talsrcimg talsrcimg_to_711-2C_as_mni_average_305_t4 /opt/freesurfer/average/711-2C_as_mni_average_305
---------------------------------------------------------------------

freesurfer compute_vox2vox.c
Reading: talsrcimg.4dfp.ifh
Reading: talsrcimg_to_711-2C_as_mni_average_305_t4
Reading: /opt/freesurfer/average/711-2C_as_mni_average_305.4dfp.ifh
Writing: talsrcimg_to_711-2C_as_mni_average_305_t4_vox2vox.txt

start time Mon Mar 9 16:00:01 CET 2026
end		time Mon Mar 9 16:01:31 CET 2026

mpr2mni305 success

avi2talxfm orig_nu.mgz /opt/freesurfer/average/mni305.cor.mgz talsrcimg_to_711-2C_as_mni_average_305_t4_vox2vox.txt transforms/talairach.auto.xfm
avi2talxfm done
mv -f /out/sourcedata/freesurfer/sub-v1s22x0050508_ses-1/mri/talsrcimg_to_711-2C_as_mni_average_305_t4_vox2vox.txt /out/sourcedata/freesurfer/sub-v1s22x0050508_ses-1/mri/transforms/talsrcimg_to_711-2C_as_mni_average_305_t4_vox2vox.txt
lta_convert --src orig_nu.mgz --trg /opt/freesurfer/average/mni305.cor.mgz --inxfm transforms/talairach.auto.xfm --outlta transforms/talairach.auto.xfm.lta --subject fsaverage
7.3.2

--src: orig_nu.mgz src image (geometry).
--trg: /opt/freesurfer/average/mni305.cor.mgz trg image (geometry).
--inmni: transforms/talairach.auto.xfm input MNI/XFM transform.
--outlta: transforms/talairach.auto.xfm.lta output LTA.
--s: fsaverage subject name
 LTA read, type : 1
 1.08685   0.07806  -0.04889  -1.98412;
-0.07534   0.99397   0.23592  -39.42645;
 0.00672  -0.18569   1.15505  -20.95270;
 0.00000   0.00000   0.00000   1.00000;
setting subject to fsaverage
Writing  LTA to file transforms/talairach.auto.xfm.lta...
lta_convert successful.
 
 
Started at Mon Mar 9 16:00:00 CET 2026
Ended   at Mon Mar  9 16:01:32 CET 2026
talairach_avi done
