status file for recon-all
Mon Mar  9 18:10:25 CET 2026
#@# Tessellate rh Mon Mar  9 18:10:25 CET 2026
#@# Smooth1 rh Mon Mar  9 18:10:29 CET 2026
#@# Inflation1 rh Mon Mar  9 18:10:32 CET 2026
#@# QSphere rh Mon Mar  9 18:10:46 CET 2026
#@# Fix Topology rh Mon Mar  9 18:12:13 CET 2026
#@# Smooth2 rh Mon Mar  9 18:17:52 CET 2026
#@# Inflation2 rh Mon Mar  9 18:17:55 CET 2026
#@# Curv .H and .K rh Mon Mar  9 18:18:10 CET 2026
#@# Sphere rh Mon Mar  9 18:18:56 CET 2026
#@# Surf Reg rh Mon Mar  9 18:21:23 CET 2026
#@# Jacobian white rh Mon Mar  9 18:26:00 CET 2026
#@# AvgCurv rh Mon Mar  9 18:26:01 CET 2026
#@# Cortical Parc rh Mon Mar  9 18:26:02 CET 2026
#@# white curv rh Mon Mar  9 18:33:07 CET 2026
#@# white area rh Mon Mar  9 18:33:09 CET 2026
#@# pial curv rh Mon Mar  9 18:33:09 CET 2026
#@# pial area rh Mon Mar  9 18:33:11 CET 2026
#@# thickness rh Mon Mar  9 18:33:12 CET 2026
#@# area and vertex vol rh Mon Mar  9 18:33:41 CET 2026
#@# Curvature Stats rh Mon Mar  9 18:33:42 CET 2026
#@# Cortical Parc 2 rh Mon Mar  9 18:33:45 CET 2026
#@# Cortical Parc 3 rh Mon Mar  9 18:33:58 CET 2026
#@# WM/GM Contrast rh Mon Mar  9 18:34:08 CET 2026
recon-all -s sub-v1s22x0050513_ses-1 finished without error at Mon Mar  9 18:34:13 CET 2026



#New# invocation of recon-all 



status file for recon-all
Mon Mar  9 18:42:03 CET 2026
#@# white curv rh Mon Mar  9 18:42:03 CET 2026
#@# white area rh Mon Mar  9 18:42:03 CET 2026
#@# pial curv rh Mon Mar  9 18:42:03 CET 2026
#@# pial area rh Mon Mar  9 18:42:03 CET 2026
#@# thickness rh Mon Mar  9 18:42:03 CET 2026
#@# area and vertex vol rh Mon Mar  9 18:42:03 CET 2026
#@# Parcellation Stats rh Mon Mar  9 18:42:03 CET 2026
#@# Parcellation Stats 2 rh Mon Mar  9 18:42:23 CET 2026
#@# Parcellation Stats 3 rh Mon Mar  9 18:42:32 CET 2026
#@# BA_exvivo Labels rh Mon Mar  9 18:42:41 CET 2026
recon-all -s sub-v1s22x0050513_ses-1 finished without error at Mon Mar  9 18:45:25 CET 2026
