status file for recon-all
Mon Mar  9 16:51:54 CET 2026
#@# Tessellate lh Mon Mar  9 16:51:54 CET 2026
#@# Smooth1 lh Mon Mar  9 16:51:56 CET 2026
#@# Inflation1 lh Mon Mar  9 16:51:58 CET 2026
#@# QSphere lh Mon Mar  9 16:52:11 CET 2026
#@# Fix Topology lh Mon Mar  9 16:53:04 CET 2026
#@# Smooth2 lh Mon Mar  9 16:58:40 CET 2026
#@# Inflation2 lh Mon Mar  9 16:58:42 CET 2026
#@# Curv .H and .K lh Mon Mar  9 16:58:55 CET 2026
#@# Sphere lh Mon Mar  9 16:59:34 CET 2026
#@# Surf Reg lh Mon Mar  9 17:01:06 CET 2026
#@# Jacobian white lh Mon Mar  9 17:04:24 CET 2026
#@# AvgCurv lh Mon Mar  9 17:04:24 CET 2026
#@# Cortical Parc lh Mon Mar  9 17:04:25 CET 2026
#@# white curv lh Mon Mar  9 17:11:34 CET 2026
#@# white area lh Mon Mar  9 17:11:35 CET 2026
#@# pial curv lh Mon Mar  9 17:11:36 CET 2026
#@# pial area lh Mon Mar  9 17:11:37 CET 2026
#@# thickness lh Mon Mar  9 17:11:38 CET 2026
#@# area and vertex vol lh Mon Mar  9 17:11:58 CET 2026
#@# Curvature Stats lh Mon Mar  9 17:11:59 CET 2026
#@# Cortical Parc 2 lh Mon Mar  9 17:12:01 CET 2026
#@# Cortical Parc 3 lh Mon Mar  9 17:12:11 CET 2026
#@# WM/GM Contrast lh Mon Mar  9 17:12:19 CET 2026
recon-all -s sub-v1s22x0050496_ses-1 finished without error at Mon Mar  9 17:12:23 CET 2026



#New# invocation of recon-all 



status file for recon-all
Mon Mar  9 17:39:26 CET 2026
#@# white curv lh Mon Mar  9 17:39:26 CET 2026
#@# white area lh Mon Mar  9 17:39:26 CET 2026
#@# pial curv lh Mon Mar  9 17:39:26 CET 2026
#@# pial area lh Mon Mar  9 17:39:26 CET 2026
#@# thickness lh Mon Mar  9 17:39:26 CET 2026
#@# area and vertex vol lh Mon Mar  9 17:39:26 CET 2026
#@# Parcellation Stats lh Mon Mar  9 17:39:26 CET 2026
#@# Parcellation Stats 2 lh Mon Mar  9 17:39:42 CET 2026
#@# Parcellation Stats 3 lh Mon Mar  9 17:39:50 CET 2026
#@# BA_exvivo Labels lh Mon Mar  9 17:39:58 CET 2026
recon-all -s sub-v1s22x0050496_ses-1 finished without error at Mon Mar  9 17:42:02 CET 2026
