status file for recon-all
Mon Mar  9 14:22:58 CET 2026
#@# Tessellate rh Mon Mar  9 14:22:58 CET 2026
#@# Smooth1 rh Mon Mar  9 14:23:01 CET 2026
#@# Inflation1 rh Mon Mar  9 14:23:03 CET 2026
#@# QSphere rh Mon Mar  9 14:23:12 CET 2026
#@# Fix Topology rh Mon Mar  9 14:23:58 CET 2026
#@# Smooth2 rh Mon Mar  9 14:28:33 CET 2026
#@# Inflation2 rh Mon Mar  9 14:28:35 CET 2026
#@# Curv .H and .K rh Mon Mar  9 14:28:45 CET 2026
#@# Sphere rh Mon Mar  9 14:29:28 CET 2026
#@# Surf Reg rh Mon Mar  9 14:30:58 CET 2026
#@# Jacobian white rh Mon Mar  9 14:33:58 CET 2026
#@# AvgCurv rh Mon Mar  9 14:33:59 CET 2026
#@# Cortical Parc rh Mon Mar  9 14:34:00 CET 2026
#@# white curv rh Mon Mar  9 14:39:40 CET 2026
#@# white area rh Mon Mar  9 14:39:42 CET 2026
#@# pial curv rh Mon Mar  9 14:39:42 CET 2026
#@# pial area rh Mon Mar  9 14:39:44 CET 2026
#@# thickness rh Mon Mar  9 14:39:44 CET 2026
#@# area and vertex vol rh Mon Mar  9 14:40:08 CET 2026
#@# Curvature Stats rh Mon Mar  9 14:40:09 CET 2026
#@# Cortical Parc 2 rh Mon Mar  9 14:40:11 CET 2026
#@# Cortical Parc 3 rh Mon Mar  9 14:40:23 CET 2026
#@# WM/GM Contrast rh Mon Mar  9 14:40:31 CET 2026
recon-all -s sub-v1s22x0050468_ses-1 finished without error at Mon Mar  9 14:40:35 CET 2026



#New# invocation of recon-all 



status file for recon-all
Mon Mar  9 14:47:57 CET 2026
#@# white curv rh Mon Mar  9 14:47:57 CET 2026
#@# white area rh Mon Mar  9 14:47:57 CET 2026
#@# pial curv rh Mon Mar  9 14:47:57 CET 2026
#@# pial area rh Mon Mar  9 14:47:57 CET 2026
#@# thickness rh Mon Mar  9 14:47:57 CET 2026
#@# area and vertex vol rh Mon Mar  9 14:47:57 CET 2026
#@# Parcellation Stats rh Mon Mar  9 14:47:57 CET 2026
#@# Parcellation Stats 2 rh Mon Mar  9 14:48:16 CET 2026
#@# Parcellation Stats 3 rh Mon Mar  9 14:48:25 CET 2026
#@# BA_exvivo Labels rh Mon Mar  9 14:48:35 CET 2026
recon-all -s sub-v1s22x0050468_ses-1 finished without error at Mon Mar  9 14:50:39 CET 2026
