status file for recon-all
Mon Mar  9 12:47:51 CET 2026
#@# MotionCor Mon Mar  9 12:47:57 CET 2026
#@# Talairach Mon Mar  9 12:48:06 CET 2026
#@# Talairach Failure Detection Mon Mar  9 12:50:55 CET 2026
#@# Nu Intensity Correction Mon Mar  9 12:50:55 CET 2026
#@# Intensity Normalization Mon Mar  9 12:53:41 CET 2026
recon-all -s sub-v1s22x0050468_ses-1 finished without error at Mon Mar  9 12:54:44 CET 2026



#New# invocation of recon-all 



status file for recon-all
Mon Mar  9 13:03:54 CET 2026
#@# EM Registration Mon Mar  9 13:03:54 CET 2026
recon-all -s sub-v1s22x0050468_ses-1 finished without error at Mon Mar  9 13:05:03 CET 2026



#New# invocation of recon-all 



status file for recon-all
Mon Mar  9 13:05:04 CET 2026
#@# CA Normalize Mon Mar  9 13:05:04 CET 2026
#@# CA Reg Mon Mar  9 13:05:58 CET 2026
#@# SubCort Seg Mon Mar  9 13:38:18 CET 2026
#@# CC Seg Mon Mar  9 14:01:10 CET 2026
#@# Merge ASeg Mon Mar  9 14:01:28 CET 2026
#@# Intensity Normalization2 Mon Mar  9 14:01:28 CET 2026
#@# Mask BFS Mon Mar  9 14:02:55 CET 2026
#@# WM Segmentation Mon Mar  9 14:02:56 CET 2026
#@# Fill Mon Mar  9 14:04:38 CET 2026
recon-all -s sub-v1s22x0050468_ses-1 finished without error at Mon Mar  9 14:05:15 CET 2026



#New# invocation of recon-all 



status file for recon-all
Mon Mar  9 14:40:40 CET 2026
#@# white curv lh Mon Mar  9 14:40:40 CET 2026
#@# white area lh Mon Mar  9 14:40:40 CET 2026
#@# pial curv lh Mon Mar  9 14:40:40 CET 2026
#@# pial area lh Mon Mar  9 14:40:40 CET 2026
#@# thickness lh Mon Mar  9 14:40:40 CET 2026
#@# area and vertex vol lh Mon Mar  9 14:40:40 CET 2026
#@# white curv rh Mon Mar  9 14:40:40 CET 2026
#@# white area rh Mon Mar  9 14:40:40 CET 2026
#@# pial curv rh Mon Mar  9 14:40:40 CET 2026
#@# pial area rh Mon Mar  9 14:40:40 CET 2026
#@# thickness rh Mon Mar  9 14:40:40 CET 2026
#@# area and vertex vol rh Mon Mar  9 14:40:40 CET 2026
#@# Cortical ribbon mask Mon Mar  9 14:40:40 CET 2026
recon-all -s sub-v1s22x0050468_ses-1 finished without error at Mon Mar  9 14:45:07 CET 2026



#New# invocation of recon-all 



status file for recon-all
Mon Mar  9 14:50:44 CET 2026
#@# white curv lh Mon Mar  9 14:50:44 CET 2026
#@# white area lh Mon Mar  9 14:50:44 CET 2026
#@# pial curv lh Mon Mar  9 14:50:44 CET 2026
#@# pial area lh Mon Mar  9 14:50:44 CET 2026
#@# thickness lh Mon Mar  9 14:50:44 CET 2026
#@# area and vertex vol lh Mon Mar  9 14:50:44 CET 2026
#@# white curv rh Mon Mar  9 14:50:44 CET 2026
#@# white area rh Mon Mar  9 14:50:44 CET 2026
#@# pial curv rh Mon Mar  9 14:50:44 CET 2026
#@# pial area rh Mon Mar  9 14:50:44 CET 2026
#@# thickness rh Mon Mar  9 14:50:44 CET 2026
#@# area and vertex vol rh Mon Mar  9 14:50:44 CET 2026
#@# Curvature Stats lh Mon Mar  9 14:50:44 CET 2026
#@# Curvature Stats rh Mon Mar  9 14:50:46 CET 2026
#@# Relabel Hypointensities Mon Mar  9 14:50:48 CET 2026
#@# APas-to-ASeg Mon Mar  9 14:50:59 CET 2026
#@# AParc-to-ASeg aparc Mon Mar  9 14:51:05 CET 2026
#@# AParc-to-ASeg aparc.a2009s Mon Mar  9 14:51:28 CET 2026
#@# AParc-to-ASeg aparc.DKTatlas Mon Mar  9 14:51:52 CET 2026
#@# WMParc Mon Mar  9 14:52:15 CET 2026
#@# ASeg Stats Mon Mar  9 14:54:02 CET 2026
recon-all -s sub-v1s22x0050468_ses-1 finished without error at Mon Mar  9 14:54:20 CET 2026
