status file for recon-all
Mon Mar  9 14:57:22 CET 2026
#@# Tessellate rh Mon Mar  9 14:57:22 CET 2026
#@# Smooth1 rh Mon Mar  9 14:57:26 CET 2026
#@# Inflation1 rh Mon Mar  9 14:57:29 CET 2026
#@# QSphere rh Mon Mar  9 14:57:42 CET 2026
#@# Fix Topology rh Mon Mar  9 14:59:08 CET 2026
#@# Smooth2 rh Mon Mar  9 15:05:12 CET 2026
#@# Inflation2 rh Mon Mar  9 15:05:15 CET 2026
#@# Curv .H and .K rh Mon Mar  9 15:05:31 CET 2026
#@# Sphere rh Mon Mar  9 15:06:19 CET 2026
#@# Surf Reg rh Mon Mar  9 15:09:09 CET 2026
#@# Jacobian white rh Mon Mar  9 15:13:37 CET 2026
#@# AvgCurv rh Mon Mar  9 15:13:38 CET 2026
#@# Cortical Parc rh Mon Mar  9 15:13:39 CET 2026
#@# white curv rh Mon Mar  9 15:20:52 CET 2026
#@# white area rh Mon Mar  9 15:20:54 CET 2026
#@# pial curv rh Mon Mar  9 15:20:55 CET 2026
#@# pial area rh Mon Mar  9 15:20:57 CET 2026
#@# thickness rh Mon Mar  9 15:20:58 CET 2026
#@# area and vertex vol rh Mon Mar  9 15:21:29 CET 2026
#@# Curvature Stats rh Mon Mar  9 15:21:31 CET 2026
#@# Cortical Parc 2 rh Mon Mar  9 15:21:34 CET 2026
#@# Cortical Parc 3 rh Mon Mar  9 15:21:48 CET 2026
#@# WM/GM Contrast rh Mon Mar  9 15:22:00 CET 2026
recon-all -s sub-v1s22x0050464_ses-1 finished without error at Mon Mar  9 15:22:05 CET 2026



#New# invocation of recon-all 



status file for recon-all
Mon Mar  9 15:32:02 CET 2026
#@# white curv rh Mon Mar  9 15:32:02 CET 2026
#@# white area rh Mon Mar  9 15:32:02 CET 2026
#@# pial curv rh Mon Mar  9 15:32:02 CET 2026
#@# pial area rh Mon Mar  9 15:32:02 CET 2026
#@# thickness rh Mon Mar  9 15:32:02 CET 2026
#@# area and vertex vol rh Mon Mar  9 15:32:02 CET 2026
#@# Parcellation Stats rh Mon Mar  9 15:32:02 CET 2026
#@# Parcellation Stats 2 rh Mon Mar  9 15:32:22 CET 2026
#@# Parcellation Stats 3 rh Mon Mar  9 15:32:33 CET 2026
#@# BA_exvivo Labels rh Mon Mar  9 15:32:43 CET 2026
recon-all -s sub-v1s22x0050464_ses-1 finished without error at Mon Mar  9 15:35:31 CET 2026
