status file for recon-all
Mon Mar  9 12:45:54 CET 2026
#@# MotionCor Mon Mar  9 12:46:01 CET 2026
#@# Talairach Mon Mar  9 12:46:23 CET 2026
#@# Talairach Failure Detection Mon Mar  9 12:50:47 CET 2026
#@# Nu Intensity Correction Mon Mar  9 12:50:48 CET 2026
#@# Intensity Normalization Mon Mar  9 12:54:05 CET 2026
recon-all -s sub-v1s22x0050464_ses-1 finished without error at Mon Mar  9 12:55:37 CET 2026



#New# invocation of recon-all 



status file for recon-all
Mon Mar  9 13:06:59 CET 2026
#@# EM Registration Mon Mar  9 13:06:59 CET 2026
recon-all -s sub-v1s22x0050464_ses-1 finished without error at Mon Mar  9 13:09:19 CET 2026



#New# invocation of recon-all 



status file for recon-all
Mon Mar  9 13:09:23 CET 2026
#@# CA Normalize Mon Mar  9 13:09:23 CET 2026
#@# CA Reg Mon Mar  9 13:10:46 CET 2026
#@# SubCort Seg Mon Mar  9 13:56:46 CET 2026
#@# CC Seg Mon Mar  9 14:25:07 CET 2026
#@# Merge ASeg Mon Mar  9 14:25:48 CET 2026
#@# Intensity Normalization2 Mon Mar  9 14:25:48 CET 2026
#@# Mask BFS Mon Mar  9 14:28:03 CET 2026
#@# WM Segmentation Mon Mar  9 14:28:04 CET 2026
#@# Fill Mon Mar  9 14:29:57 CET 2026
recon-all -s sub-v1s22x0050464_ses-1 finished without error at Mon Mar  9 14:30:59 CET 2026



#New# invocation of recon-all 



status file for recon-all
Mon Mar  9 15:22:10 CET 2026
#@# white curv lh Mon Mar  9 15:22:10 CET 2026
#@# white area lh Mon Mar  9 15:22:10 CET 2026
#@# pial curv lh Mon Mar  9 15:22:10 CET 2026
#@# pial area lh Mon Mar  9 15:22:10 CET 2026
#@# thickness lh Mon Mar  9 15:22:10 CET 2026
#@# area and vertex vol lh Mon Mar  9 15:22:10 CET 2026
#@# white curv rh Mon Mar  9 15:22:10 CET 2026
#@# white area rh Mon Mar  9 15:22:10 CET 2026
#@# pial curv rh Mon Mar  9 15:22:10 CET 2026
#@# pial area rh Mon Mar  9 15:22:10 CET 2026
#@# thickness rh Mon Mar  9 15:22:10 CET 2026
#@# area and vertex vol rh Mon Mar  9 15:22:10 CET 2026
#@# Cortical ribbon mask Mon Mar  9 15:22:10 CET 2026
recon-all -s sub-v1s22x0050464_ses-1 finished without error at Mon Mar  9 15:28:31 CET 2026



#New# invocation of recon-all 



status file for recon-all
Mon Mar  9 15:35:34 CET 2026
#@# white curv lh Mon Mar  9 15:35:34 CET 2026
#@# white area lh Mon Mar  9 15:35:34 CET 2026
#@# pial curv lh Mon Mar  9 15:35:34 CET 2026
#@# pial area lh Mon Mar  9 15:35:34 CET 2026
#@# thickness lh Mon Mar  9 15:35:34 CET 2026
#@# area and vertex vol lh Mon Mar  9 15:35:34 CET 2026
#@# white curv rh Mon Mar  9 15:35:34 CET 2026
#@# white area rh Mon Mar  9 15:35:34 CET 2026
#@# pial curv rh Mon Mar  9 15:35:34 CET 2026
#@# pial area rh Mon Mar  9 15:35:34 CET 2026
#@# thickness rh Mon Mar  9 15:35:34 CET 2026
#@# area and vertex vol rh Mon Mar  9 15:35:34 CET 2026
#@# Curvature Stats lh Mon Mar  9 15:35:34 CET 2026
#@# Curvature Stats rh Mon Mar  9 15:35:37 CET 2026
#@# Relabel Hypointensities Mon Mar  9 15:35:40 CET 2026
#@# APas-to-ASeg Mon Mar  9 15:35:55 CET 2026
#@# AParc-to-ASeg aparc Mon Mar  9 15:36:04 CET 2026
#@# AParc-to-ASeg aparc.a2009s Mon Mar  9 15:36:50 CET 2026
#@# AParc-to-ASeg aparc.DKTatlas Mon Mar  9 15:37:28 CET 2026
#@# WMParc Mon Mar  9 15:38:12 CET 2026
#@# ASeg Stats Mon Mar  9 15:43:01 CET 2026
recon-all -s sub-v1s22x0050464_ses-1 finished without error at Mon Mar  9 15:43:42 CET 2026
