status file for recon-all
Mon Mar  9 16:06:29 CET 2026
#@# Tessellate lh Mon Mar  9 16:06:29 CET 2026
#@# Smooth1 lh Mon Mar  9 16:06:32 CET 2026
#@# Inflation1 lh Mon Mar  9 16:06:34 CET 2026
#@# QSphere lh Mon Mar  9 16:06:48 CET 2026
#@# Fix Topology lh Mon Mar  9 16:08:55 CET 2026
#@# Smooth2 lh Mon Mar  9 16:13:57 CET 2026
#@# Inflation2 lh Mon Mar  9 16:13:59 CET 2026
#@# Curv .H and .K lh Mon Mar  9 16:14:12 CET 2026
#@# Sphere lh Mon Mar  9 16:14:51 CET 2026
#@# Surf Reg lh Mon Mar  9 16:17:33 CET 2026
#@# Jacobian white lh Mon Mar  9 16:21:43 CET 2026
#@# AvgCurv lh Mon Mar  9 16:21:44 CET 2026
#@# Cortical Parc lh Mon Mar  9 16:21:44 CET 2026
#@# white curv lh Mon Mar  9 16:27:47 CET 2026
#@# white area lh Mon Mar  9 16:27:49 CET 2026
#@# pial curv lh Mon Mar  9 16:27:49 CET 2026
#@# pial area lh Mon Mar  9 16:27:51 CET 2026
#@# thickness lh Mon Mar  9 16:27:51 CET 2026
#@# area and vertex vol lh Mon Mar  9 16:28:11 CET 2026
#@# Curvature Stats lh Mon Mar  9 16:28:13 CET 2026
#@# Cortical Parc 2 lh Mon Mar  9 16:28:14 CET 2026
#@# Cortical Parc 3 lh Mon Mar  9 16:28:25 CET 2026
#@# WM/GM Contrast lh Mon Mar  9 16:28:32 CET 2026
recon-all -s sub-v1s22x0050487_ses-1 finished without error at Mon Mar  9 16:28:35 CET 2026



#New# invocation of recon-all 



status file for recon-all
Mon Mar  9 16:54:29 CET 2026
#@# white curv lh Mon Mar  9 16:54:29 CET 2026
#@# white area lh Mon Mar  9 16:54:29 CET 2026
#@# pial curv lh Mon Mar  9 16:54:29 CET 2026
#@# pial area lh Mon Mar  9 16:54:29 CET 2026
#@# thickness lh Mon Mar  9 16:54:29 CET 2026
#@# area and vertex vol lh Mon Mar  9 16:54:29 CET 2026
#@# Parcellation Stats lh Mon Mar  9 16:54:29 CET 2026
#@# Parcellation Stats 2 lh Mon Mar  9 16:54:45 CET 2026
#@# Parcellation Stats 3 lh Mon Mar  9 16:54:54 CET 2026
#@# BA_exvivo Labels lh Mon Mar  9 16:55:01 CET 2026
recon-all -s sub-v1s22x0050487_ses-1 finished without error at Mon Mar  9 16:57:09 CET 2026
