status file for recon-all
Mon Mar  9 16:28:37 CET 2026
#@# Tessellate rh Mon Mar  9 16:28:37 CET 2026
#@# Smooth1 rh Mon Mar  9 16:28:40 CET 2026
#@# Inflation1 rh Mon Mar  9 16:28:42 CET 2026
#@# QSphere rh Mon Mar  9 16:28:57 CET 2026
#@# Fix Topology rh Mon Mar  9 16:30:31 CET 2026
#@# Smooth2 rh Mon Mar  9 16:35:41 CET 2026
#@# Inflation2 rh Mon Mar  9 16:35:43 CET 2026
#@# Curv .H and .K rh Mon Mar  9 16:35:57 CET 2026
#@# Sphere rh Mon Mar  9 16:36:34 CET 2026
#@# Surf Reg rh Mon Mar  9 16:38:22 CET 2026
#@# Jacobian white rh Mon Mar  9 16:42:15 CET 2026
#@# AvgCurv rh Mon Mar  9 16:42:16 CET 2026
#@# Cortical Parc rh Mon Mar  9 16:42:17 CET 2026
#@# white curv rh Mon Mar  9 16:48:46 CET 2026
#@# white area rh Mon Mar  9 16:48:47 CET 2026
#@# pial curv rh Mon Mar  9 16:48:48 CET 2026
#@# pial area rh Mon Mar  9 16:48:49 CET 2026
#@# thickness rh Mon Mar  9 16:48:50 CET 2026
#@# area and vertex vol rh Mon Mar  9 16:49:09 CET 2026
#@# Curvature Stats rh Mon Mar  9 16:49:10 CET 2026
#@# Cortical Parc 2 rh Mon Mar  9 16:49:12 CET 2026
#@# Cortical Parc 3 rh Mon Mar  9 16:49:22 CET 2026
#@# WM/GM Contrast rh Mon Mar  9 16:49:31 CET 2026
recon-all -s sub-v1s22x0050487_ses-1 finished without error at Mon Mar  9 16:49:33 CET 2026



#New# invocation of recon-all 



status file for recon-all
Mon Mar  9 16:57:13 CET 2026
#@# white curv rh Mon Mar  9 16:57:13 CET 2026
#@# white area rh Mon Mar  9 16:57:13 CET 2026
#@# pial curv rh Mon Mar  9 16:57:13 CET 2026
#@# pial area rh Mon Mar  9 16:57:13 CET 2026
#@# thickness rh Mon Mar  9 16:57:13 CET 2026
#@# area and vertex vol rh Mon Mar  9 16:57:13 CET 2026
#@# Parcellation Stats rh Mon Mar  9 16:57:13 CET 2026
#@# Parcellation Stats 2 rh Mon Mar  9 16:57:29 CET 2026
#@# Parcellation Stats 3 rh Mon Mar  9 16:57:38 CET 2026
#@# BA_exvivo Labels rh Mon Mar  9 16:57:46 CET 2026
recon-all -s sub-v1s22x0050487_ses-1 finished without error at Mon Mar  9 16:59:51 CET 2026
