status file for recon-all
Mon Mar  9 14:10:05 CET 2026
#@# Tessellate lh Mon Mar  9 14:10:05 CET 2026
#@# Smooth1 lh Mon Mar  9 14:10:08 CET 2026
#@# Inflation1 lh Mon Mar  9 14:10:11 CET 2026
#@# QSphere lh Mon Mar  9 14:10:25 CET 2026
#@# Fix Topology lh Mon Mar  9 14:11:46 CET 2026
#@# Smooth2 lh Mon Mar  9 14:17:21 CET 2026
#@# Inflation2 lh Mon Mar  9 14:17:24 CET 2026
#@# Curv .H and .K lh Mon Mar  9 14:17:38 CET 2026
#@# Sphere lh Mon Mar  9 14:18:27 CET 2026
#@# Surf Reg lh Mon Mar  9 14:20:38 CET 2026
#@# Jacobian white lh Mon Mar  9 14:25:00 CET 2026
#@# AvgCurv lh Mon Mar  9 14:25:01 CET 2026
#@# Cortical Parc lh Mon Mar  9 14:25:02 CET 2026
#@# white curv lh Mon Mar  9 14:32:05 CET 2026
#@# white area lh Mon Mar  9 14:32:07 CET 2026
#@# pial curv lh Mon Mar  9 14:32:07 CET 2026
#@# pial area lh Mon Mar  9 14:32:09 CET 2026
#@# thickness lh Mon Mar  9 14:32:10 CET 2026
#@# area and vertex vol lh Mon Mar  9 14:32:41 CET 2026
#@# Curvature Stats lh Mon Mar  9 14:32:43 CET 2026
#@# Cortical Parc 2 lh Mon Mar  9 14:32:45 CET 2026
#@# Cortical Parc 3 lh Mon Mar  9 14:32:59 CET 2026
#@# WM/GM Contrast lh Mon Mar  9 14:33:09 CET 2026
recon-all -s sub-v1s22x0050456_ses-1 finished without error at Mon Mar  9 14:33:14 CET 2026



#New# invocation of recon-all 



status file for recon-all
Mon Mar  9 15:03:09 CET 2026
#@# white curv lh Mon Mar  9 15:03:09 CET 2026
#@# white area lh Mon Mar  9 15:03:09 CET 2026
#@# pial curv lh Mon Mar  9 15:03:09 CET 2026
#@# pial area lh Mon Mar  9 15:03:09 CET 2026
#@# thickness lh Mon Mar  9 15:03:09 CET 2026
#@# area and vertex vol lh Mon Mar  9 15:03:09 CET 2026
#@# Parcellation Stats lh Mon Mar  9 15:03:09 CET 2026
#@# Parcellation Stats 2 lh Mon Mar  9 15:03:29 CET 2026
#@# Parcellation Stats 3 lh Mon Mar  9 15:03:40 CET 2026
#@# BA_exvivo Labels lh Mon Mar  9 15:03:50 CET 2026
recon-all -s sub-v1s22x0050456_ses-1 finished without error at Mon Mar  9 15:06:30 CET 2026
