status file for recon-all
Mon Mar  9 16:17:47 CET 2026
#@# MotionCor Mon Mar  9 16:17:54 CET 2026
#@# Talairach Mon Mar  9 16:18:13 CET 2026
#@# Talairach Failure Detection Mon Mar  9 16:22:39 CET 2026
#@# Nu Intensity Correction Mon Mar  9 16:22:39 CET 2026
#@# Intensity Normalization Mon Mar  9 16:25:55 CET 2026
recon-all -s sub-v1s22x0050522_ses-1 finished without error at Mon Mar  9 16:27:22 CET 2026



#New# invocation of recon-all 



status file for recon-all
Mon Mar  9 16:38:51 CET 2026
#@# EM Registration Mon Mar  9 16:38:51 CET 2026
recon-all -s sub-v1s22x0050522_ses-1 finished without error at Mon Mar  9 16:40:47 CET 2026



#New# invocation of recon-all 



status file for recon-all
Mon Mar  9 16:40:51 CET 2026
#@# CA Normalize Mon Mar  9 16:40:51 CET 2026
#@# CA Reg Mon Mar  9 16:42:13 CET 2026
#@# SubCort Seg Mon Mar  9 17:35:32 CET 2026
#@# CC Seg Mon Mar  9 18:04:41 CET 2026
#@# Merge ASeg Mon Mar  9 18:05:17 CET 2026
#@# Intensity Normalization2 Mon Mar  9 18:05:17 CET 2026
#@# Mask BFS Mon Mar  9 18:07:30 CET 2026
#@# WM Segmentation Mon Mar  9 18:07:31 CET 2026
#@# Fill Mon Mar  9 18:09:22 CET 2026
recon-all -s sub-v1s22x0050522_ses-1 finished without error at Mon Mar  9 18:10:23 CET 2026



#New# invocation of recon-all 



status file for recon-all
Mon Mar  9 18:53:26 CET 2026
#@# white curv lh Mon Mar  9 18:53:26 CET 2026
#@# white area lh Mon Mar  9 18:53:26 CET 2026
#@# pial curv lh Mon Mar  9 18:53:26 CET 2026
#@# pial area lh Mon Mar  9 18:53:26 CET 2026
#@# thickness lh Mon Mar  9 18:53:26 CET 2026
#@# area and vertex vol lh Mon Mar  9 18:53:26 CET 2026
#@# white curv rh Mon Mar  9 18:53:26 CET 2026
#@# white area rh Mon Mar  9 18:53:26 CET 2026
#@# pial curv rh Mon Mar  9 18:53:26 CET 2026
#@# pial area rh Mon Mar  9 18:53:26 CET 2026
#@# thickness rh Mon Mar  9 18:53:26 CET 2026
#@# area and vertex vol rh Mon Mar  9 18:53:26 CET 2026
#@# Cortical ribbon mask Mon Mar  9 18:53:26 CET 2026
recon-all -s sub-v1s22x0050522_ses-1 finished without error at Mon Mar  9 18:57:10 CET 2026



#New# invocation of recon-all 



status file for recon-all
Mon Mar  9 19:03:44 CET 2026
#@# white curv lh Mon Mar  9 19:03:44 CET 2026
#@# white area lh Mon Mar  9 19:03:44 CET 2026
#@# pial curv lh Mon Mar  9 19:03:44 CET 2026
#@# pial area lh Mon Mar  9 19:03:44 CET 2026
#@# thickness lh Mon Mar  9 19:03:44 CET 2026
#@# area and vertex vol lh Mon Mar  9 19:03:44 CET 2026
#@# white curv rh Mon Mar  9 19:03:44 CET 2026
#@# white area rh Mon Mar  9 19:03:44 CET 2026
#@# pial curv rh Mon Mar  9 19:03:44 CET 2026
#@# pial area rh Mon Mar  9 19:03:44 CET 2026
#@# thickness rh Mon Mar  9 19:03:44 CET 2026
#@# area and vertex vol rh Mon Mar  9 19:03:44 CET 2026
#@# Curvature Stats lh Mon Mar  9 19:03:44 CET 2026
#@# Curvature Stats rh Mon Mar  9 19:03:47 CET 2026
#@# Relabel Hypointensities Mon Mar  9 19:03:49 CET 2026
#@# APas-to-ASeg Mon Mar  9 19:04:03 CET 2026
#@# AParc-to-ASeg aparc Mon Mar  9 19:04:12 CET 2026
#@# AParc-to-ASeg aparc.a2009s Mon Mar  9 19:04:42 CET 2026
#@# AParc-to-ASeg aparc.DKTatlas Mon Mar  9 19:05:11 CET 2026
#@# WMParc Mon Mar  9 19:05:37 CET 2026
#@# ASeg Stats Mon Mar  9 19:09:56 CET 2026
recon-all -s sub-v1s22x0050522_ses-1 finished without error at Mon Mar  9 19:10:39 CET 2026
