/out/sourcedata/freesurfer/sub-v1s22x0050456_ses-1/mri
/opt/freesurfer/bin/talairach_avi
--i orig_nu.mgz --xfm transforms/talairach.auto.xfm
talairach_avi 7.3.2
Linux dna013 5.14.0-427.37.1.el9_4.x86_64 #1 SMP PREEMPT_DYNAMIC Fri Sep 13 12:41:50 EDT 2024 x86_64 x86_64 x86_64 GNU/Linux
Mon Mar  9 12:27:29 CET 2026
mri_convert orig_nu.mgz talsrcimg.img 
reading from orig_nu.mgz...
TR=0.00, TE=0.00, TI=0.00, flip angle=0.00
i_ras = (-1, 0, 0)
j_ras = (0, 0, -1)
k_ras = (-1.86265e-09, 1, 0)
writing to talsrcimg.img...
Analyze Output Matrix
-1.00000   0.00000  -0.00000   124.96317;
 0.00000   0.00000   1.00000  -80.63463;
 0.00000  -1.00000   0.00000   105.30969;
 0.00000   0.00000   0.00000   1.00000;
--------------------
INFO: set hdr.hist.orient to -1
mpr2mni305 talsrcimg
Mon Mar  9 12:27:29 CET 2026
/opt/freesurfer/bin/mpr2mni305 talsrcimg
mpr2mni305 7.3.2
target=711-2C_as_mni_average_305

---------------------------------------------------------------------
analyzeto4dfp talsrcimg -O0 -y
---------------------------------------------------------------------

freesurfer ifh2hdr.c
Mon Mar  9 12:27:29 2026
Writing: talsrcimg.4dfp.hdr
freesurfer analyzeto4dfp.c
Reading: talsrcimg.hdr
header size 348 bytes
hdr.dime.datatype	offset=70	value=2
hdr.dime.bitpix		offset=72	value=8
hdr.hist.orient		offset=252	value=-1
dimensionality     4
dimensions       256       256       256         1
Reading: talsrcimg.img
Writing: talsrcimg.4dfp.img
Writing: talsrcimg.4dfp.ifh
ifh2hdr talsrcimg -r0to219
ori=2

---------------------------------------------------------------------
gauss_4dfp talsrcimg 1.1
---------------------------------------------------------------------

freesurfer gauss_4dfp.c
Reading: talsrcimg.4dfp.img
Writing: talsrcimg_g11.4dfp.img
image dimensions 256 256 256 padded to 288 288 288
processing volume 1freesurfer ifh2hdr.c
Mon Mar  9 12:27:31 2026
Writing: talsrcimg_g11.4dfp.hdr

Writing: talsrcimg_g11.4dfp.ifh
including: talsrcimg.4dfp.img.rec in talsrcimg_g11.4dfp.img.rec

---------------------------------------------------------------------
imgreg_4dfp /opt/freesurfer/average/711-2C_as_mni_average_305 none talsrcimg_g11 none talsrcimg_to_711-2C_as_mni_average_305_t4 4355
---------------------------------------------------------------------

freesurfer imgreg_4dfp.c
/opt/freesurfer/average/711-2C_as_mni_average_305.4dfp.img
       256       256       256         1
  1.000000  1.000000  1.000000
orientation T byte_order littleendian
Reading image: /opt/freesurfer/average/711-2C_as_mni_average_305.4dfp.img
dimensions:      256       256       256
mmppix:       1.0000   -1.0000   -1.0000
center:     128.0000 -129.0000 -129.0000
talsrcimg_g11.4dfp.img
       256       256       256         1
  1.000000  1.000000  1.000000
orientation T byte_order littleendian
Reading image: talsrcimg_g11.4dfp.img
dimensions:      256       256       256
mmppix:       1.0000   -1.0000   -1.0000
center:     128.0000 -129.0000 -129.0000
t4_read: open error in t4_sub.f l:  41 t4_file(1:l)talsrcimg_to_711-2C_as_mni_average_305_t4 
t4_read: transform initialized to I4
rotation matrix determinant  1.000000
image alignment mode   4355 decimal     1103 hex
   -7.5000  -45.0000  -45.0000 7097.1953   15.4777
    0.0000  -45.0000  -45.0000 7436.7476   15.5063
    7.5000  -45.0000  -45.0000 7072.7188   15.5137
   -7.5000  -37.5000  -45.0000 7720.7432   15.0831
    0.0000  -37.5000  -45.0000 8085.2549   15.1042
    7.5000  -37.5000  -45.0000 7691.1558   15.1063
   -7.5000  -30.0000  -45.0000 8684.5703   14.8135
    0.0000  -30.0000  -45.0000 9081.6416   14.8254
    7.5000  -30.0000  -45.0000 8646.8740   14.8239
   -7.5000  -22.5000  -45.0000 9695.5664   14.7320
    0.0000  -22.5000  -45.000010133.3994   14.7413
    7.5000  -22.5000  -45.0000 9679.9678   14.7412
   -7.5000  -15.0000  -45.000010707.5137   14.6763
    0.0000  -15.0000  -45.000011168.7480   14.6888
    7.5000  -15.0000  -45.000010681.0869   14.6935
   -7.5000   -7.5000  -45.000011698.7832   14.6112
    0.0000   -7.5000  -45.000012197.2266   14.6309
    7.5000   -7.5000  -45.000011675.9609   14.6390
   -7.5000    0.0000  -45.000012599.8516   14.5776
    0.0000    0.0000  -45.000013127.3477   14.6013
    7.5000    0.0000  -45.000012572.5234   14.6076
   -7.5000    7.5000  -45.000012570.6104   14.5749
    0.0000    7.5000  -45.000013059.2646   14.5932
    7.5000    7.5000  -45.000012537.4238   14.5943
   -7.5000   15.0000  -45.000012342.6504   14.5962
    0.0000   15.0000  -45.000012850.3564   14.6065
    7.5000   15.0000  -45.000012319.3252   14.6045
   -7.5000   22.5000  -45.000011963.9072   14.6199
    0.0000   22.5000  -45.000012464.8281   14.6280
    7.5000   22.5000  -45.000011928.2402   14.6277
   -7.5000   30.0000  -45.000011453.6875   14.4336
    0.0000   30.0000  -45.000011928.1260   14.4454
    7.5000   30.0000  -45.000011410.3115   14.4500
   -7.5000   37.5000  -45.000011314.4463   14.4096
    0.0000   37.5000  -45.000011794.1162   14.4289
    7.5000   37.5000  -45.000011275.2998   14.4369
   -7.5000   45.0000  -45.000010719.8545   14.0181
    0.0000   45.0000  -45.000011149.7168   14.0409
    7.5000   45.0000  -45.000010646.3125   14.0469
   -7.5000  -45.0000  -37.5000 7389.6602   15.4400
    0.0000  -45.0000  -37.5000 7748.5078   15.4667
    7.5000  -45.0000  -37.5000 7368.1201   15.4736
   -7.5000  -37.5000  -37.5000 8076.1729   15.0469
    0.0000  -37.5000  -37.5000 8452.8643   15.0693
    7.5000  -37.5000  -37.5000 8035.1440   15.0713
   -7.5000  -30.0000  -37.5000 9105.1826   14.7744
    0.0000  -30.0000  -37.5000 9514.8555   14.7916
    7.5000  -30.0000  -37.5000 9072.8447   14.7927
   -7.5000  -22.5000  -37.500010185.4980   14.6915
    0.0000  -22.5000  -37.500010626.5332   14.7080
    7.5000  -22.5000  -37.500010150.6719   14.7130
   -7.5000  -15.0000  -37.500011217.7988   14.6373
    0.0000  -15.0000  -37.500011684.3105   14.6546
    7.5000  -15.0000  -37.500011174.6260   14.6644
   -7.5000   -7.5000  -37.500012260.4902   14.5765
    0.0000   -7.5000  -37.500012771.7900   14.5963
    7.5000   -7.5000  -37.500012231.7285   14.6066
   -7.5000    0.0000  -37.500013221.6562   14.5458
    0.0000    0.0000  -37.500013765.0146   14.5681
    7.5000    0.0000  -37.500013161.6055   14.5736
   -7.5000    7.5000  -37.500013163.6904   14.5410
    0.0000    7.5000  -37.500013691.2207   14.5604
    7.5000    7.5000  -37.500013111.9502   14.5612
   -7.5000   15.0000  -37.500012930.1387   14.5582
    0.0000   15.0000  -37.500013446.6621   14.5736
    7.5000   15.0000  -37.500012877.0430   14.5743
   -7.5000   22.5000  -37.500012552.6680   14.5800
    0.0000   22.5000  -37.500013047.5645   14.5954
    7.5000   22.5000  -37.500012487.9248   14.6001
   -7.5000   30.0000  -37.500012011.1104   14.3952
    0.0000   30.0000  -37.500012476.1445   14.4118
    7.5000   30.0000  -37.500011965.9238   14.4214
   -7.5000   37.5000  -37.500011830.5469   14.3752
    0.0000   37.5000  -37.500012285.8691   14.3948
    7.5000   37.5000  -37.500011775.5039   14.4050
   -7.5000   45.0000  -37.500011195.4531   13.9876
    0.0000   45.0000  -37.500011599.5518   14.0089
    7.5000   45.0000  -37.500011135.0059   14.0143
   -7.5000  -45.0000  -30.0000 7802.1562   16.1038
    0.0000  -45.0000  -30.0000 8177.1235   16.1287
    7.5000  -45.0000  -30.0000 7785.6514   16.1359
   -7.5000  -37.5000  -30.0000 8558.2979   15.6926
    0.0000  -37.5000  -30.0000 8952.3936   15.7145
    7.5000  -37.5000  -30.0000 8505.6377   15.7166
   -7.5000  -30.0000  -30.0000 9659.8486   15.4012
    0.0000  -30.0000  -30.000010108.7334   15.4217
    7.5000  -30.0000  -30.0000 9603.3125   15.4235
   -7.5000  -22.5000  -30.000010817.3281   15.3094
    0.0000  -22.5000  -30.000011285.7236   15.3314
    7.5000  -22.5000  -30.000010754.7656   15.3380
   -7.5000  -15.0000  -30.000011918.4814   15.2544
    0.0000  -15.0000  -30.000012417.7959   15.2765
    7.5000  -15.0000  -30.000011859.0488   15.2881
   -7.5000   -7.5000  -30.000013029.4072   15.1983
    0.0000   -7.5000  -30.000013576.1104   15.2193
    7.5000   -7.5000  -30.000012964.4629   15.2310
   -7.5000    0.0000  -30.000014063.1025   15.1719
    0.0000    0.0000  -30.000014638.2197   15.1923
    7.5000    0.0000  -30.000013961.7188   15.1983
   -7.5000    7.5000  -30.000013987.8340   15.1648
    0.0000    7.5000  -30.000014550.0762   15.1836
    7.5000    7.5000  -30.000013864.0820   15.1844
   -7.5000   15.0000  -30.000013741.6826   15.1757
    0.0000   15.0000  -30.000014298.8916   15.1944
    7.5000   15.0000  -30.000013628.9395   15.1956
   -7.5000   22.5000  -30.000013358.8535   15.1918
    0.0000   22.5000  -30.000013897.6934   15.2126
    7.5000   22.5000  -30.000013265.2002   15.2189
   -7.5000   30.0000  -30.000012771.5801   15.0037
    0.0000   30.0000  -30.000013289.7285   15.0249
    7.5000   30.0000  -30.000012721.9434   15.0362
   -7.5000   37.5000  -30.000012573.0693   14.9899
    0.0000   37.5000  -30.000013053.4961   15.0106
    7.5000   37.5000  -30.000012503.1855   15.0221
   -7.5000   45.0000  -30.000011886.7598   14.6003
    0.0000   45.0000  -30.000012300.5645   14.6199
    7.5000   45.0000  -30.000011798.2646   14.6257
   -7.5000  -45.0000  -22.5000 8204.8477   16.6678
    0.0000  -45.0000  -22.5000 8602.2666   16.6911
    7.5000  -45.0000  -22.5000 8169.3662   16.6992
   -7.5000  -37.5000  -22.5000 9007.9775   16.2425
    0.0000  -37.5000  -22.5000 9426.0029   16.2605
    7.5000  -37.5000  -22.5000 8928.1377   16.2617
   -7.5000  -30.0000  -22.500010171.0635   15.9391
    0.0000  -30.0000  -22.500010632.1357   15.9554
    7.5000  -30.0000  -22.500010087.5078   15.9536
   -7.5000  -22.5000  -22.500011404.8154   15.8397
    0.0000  -22.5000  -22.500011907.1982   15.8588
    7.5000  -22.5000  -22.500011327.4170   15.8605
   -7.5000  -15.0000  -22.500012586.7119   15.7821
    0.0000  -15.0000  -22.500013129.7998   15.8036
    7.5000  -15.0000  -22.500012526.0039   15.8114
   -7.5000   -7.5000  -22.500013773.9648   15.7266
    0.0000   -7.5000  -22.500014384.7871   15.7480
    7.5000   -7.5000  -22.500013696.5059   15.7591
   -7.5000    0.0000  -22.500014885.2217   15.7019
    0.0000    0.0000  -22.500015557.5518   15.7207
    7.5000    0.0000  -22.500014785.0820   15.7279
   -7.5000    7.5000  -22.500014799.6162   15.6962
    0.0000    7.5000  -22.500015448.2520   15.7114
    7.5000    7.5000  -22.500014649.0400   15.7114
   -7.5000   15.0000  -22.500014524.9541   15.7058
    0.0000   15.0000  -22.500015137.9092   15.7203
    7.5000   15.0000  -22.500014382.3740   15.7181
   -7.5000   22.5000  -22.500014118.5889   15.7171
    0.0000   22.5000  -22.500014744.5234   15.7349
    7.5000   22.5000  -22.500014032.0264   15.7364
   -7.5000   30.0000  -22.500013515.5029   15.5253
    0.0000   30.0000  -22.500014139.7598   15.5459
    7.5000   30.0000  -22.500013484.9209   15.5535
   -7.5000   37.5000  -22.500013302.7959   15.5134
    0.0000   37.5000  -22.500013889.8164   15.5345
    7.5000   37.5000  -22.500013279.2236   15.5455
   -7.5000   45.0000  -22.500012536.7227   15.1217
    0.0000   45.0000  -22.500013035.9766   15.1398
    7.5000   45.0000  -22.500012469.6357   15.1468
   -7.5000  -45.0000  -15.0000 8588.1572   17.0646
    0.0000  -45.0000  -15.0000 8979.7871   17.0888
    7.5000  -45.0000  -15.0000 8546.1123   17.0976
   -7.5000  -37.5000  -15.0000 9422.5352   16.6301
    0.0000  -37.5000  -15.0000 9847.1406   16.6459
    7.5000  -37.5000  -15.0000 9338.5537   16.6467
   -7.5000  -30.0000  -15.000010622.9854   16.3243
    0.0000  -30.0000  -15.000011104.1318   16.3349
    7.5000  -30.0000  -15.000010541.9756   16.3296
   -7.5000  -22.5000  -15.000011923.9189   16.2239
    0.0000  -22.5000  -15.000012463.4717   16.2361
    7.5000  -22.5000  -15.000011818.4756   16.2317
   -7.5000  -15.0000  -15.000013182.1514   16.1632
    0.0000  -15.0000  -15.000013793.1377   16.1804
    7.5000  -15.0000  -15.000013069.4043   16.1821
   -7.5000   -7.5000  -15.000014445.2432   16.1022
    0.0000   -7.5000  -15.000015155.3750   16.1232
    7.5000   -7.5000  -15.000014323.1436   16.1320
   -7.5000    0.0000  -15.000015687.6533   16.0739
    0.0000    0.0000  -15.000016492.8105   16.0935
    7.5000    0.0000  -15.000015541.9805   16.1016
   -7.5000    7.5000  -15.000015646.4570   16.0710
    0.0000    7.5000  -15.000016433.9434   16.0842
    7.5000    7.5000  -15.000015458.4004   16.0841
   -7.5000   15.0000  -15.000015314.5605   16.0854
    0.0000   15.0000  -15.000016060.3857   16.0943
    7.5000   15.0000  -15.000015164.5791   16.0886
   -7.5000   22.5000  -15.000014862.5088   16.0975
    0.0000   22.5000  -15.000015626.5547   16.1084
    7.5000   22.5000  -15.000014790.7119   16.1039
   -7.5000   30.0000  -15.000014288.4189   15.9026
    0.0000   30.0000  -15.000015056.1221   15.9189
    7.5000   30.0000  -15.000014252.1006   15.9206
   -7.5000   37.5000  -15.000014104.4072   15.8863
    0.0000   37.5000  -15.000014841.3330   15.9069
    7.5000   37.5000  -15.000014031.2158   15.9156
   -7.5000   45.0000  -15.000013299.5391   15.4894
    0.0000   45.0000  -15.000013922.7178   15.5082
    7.5000   45.0000  -15.000013162.6738   15.5160
   -7.5000  -45.0000   -7.5000 8925.2305   17.2459
    0.0000  -45.0000   -7.5000 9327.5273   17.2748
    7.5000  -45.0000   -7.5000 8876.4648   17.2836
   -7.5000  -37.5000   -7.5000 9782.6953   16.8084
    0.0000  -37.5000   -7.500010230.7764   16.8277
    7.5000  -37.5000   -7.5000 9705.9043   16.8298
   -7.5000  -30.0000   -7.500011060.4619   16.5073
    0.0000  -30.0000   -7.500011582.9941   16.5170
    7.5000  -30.0000   -7.500010982.6826   16.5127
   -7.5000  -22.5000   -7.500012416.2256   16.4122
    0.0000  -22.5000   -7.500013009.8350   16.4203
    7.5000  -22.5000   -7.500012352.0469   16.4155
   -7.5000  -15.0000   -7.500013746.7314   16.3490
    0.0000  -15.0000   -7.500014394.0918   16.3623
    7.5000  -15.0000   -7.500013663.6592   16.3628
   -7.5000   -7.5000   -7.500015066.0195   16.2791
    0.0000   -7.5000   -7.500015816.3750   16.3003
    7.5000   -7.5000   -7.500014963.1221   16.3079
   -7.5000    0.0000   -7.500016484.9102   16.2445
    0.0000    0.0000   -7.500017425.7363   16.2683
    7.5000    0.0000   -7.500016328.5879   16.2762
   -7.5000    7.5000   -7.500016634.9199   16.2436
    0.0000    7.5000   -7.500017739.5234   16.2600
    7.5000    7.5000   -7.500016413.3125   16.2611
   -7.5000   15.0000   -7.500016343.4346   16.2657
    0.0000   15.0000   -7.500017434.7910   16.2738
    7.5000   15.0000   -7.500016172.6748   16.2691
   -7.5000   22.5000   -7.500015834.7168   16.2824
    0.0000   22.5000   -7.500016887.6719   16.2893
    7.5000   22.5000   -7.500015675.8623   16.2844
   -7.5000   30.0000   -7.500015207.2256   16.0848
    0.0000   30.0000   -7.500016201.9854   16.0974
    7.5000   30.0000   -7.500015048.4775   16.0979
   -7.5000   37.5000   -7.500014984.4141   16.0603
    0.0000   37.5000   -7.500015882.9502   16.0812
    7.5000   37.5000   -7.500014795.3936   16.0886
   -7.5000   45.0000   -7.500014090.4150   15.6567
    0.0000   45.0000   -7.500014862.0078   15.6795
    7.5000   45.0000   -7.500013879.4580   15.6872
   -7.5000  -45.0000    0.0000 9190.6836   17.2674
    0.0000  -45.0000    0.0000 9614.8691   17.2992
    7.5000  -45.0000    0.0000 9156.1689   17.3076
   -7.5000  -37.5000    0.000010063.1064   16.8298
    0.0000  -37.5000    0.000010545.2256   16.8533
    7.5000  -37.5000    0.000010026.9668   16.8559
   -7.5000  -30.0000    0.000011386.1143   16.5310
    0.0000  -30.0000    0.000011938.2324   16.5441
    7.5000  -30.0000    0.000011352.6406   16.5428
   -7.5000  -22.5000    0.000012772.5449   16.4401
    0.0000  -22.5000    0.000013406.7539   16.4503
    7.5000  -22.5000    0.000012770.1309   16.4505
   -7.5000  -15.0000    0.000014141.3516   16.3768
    0.0000  -15.0000    0.000014840.2080   16.3907
    7.5000  -15.0000    0.000014128.7178   16.3961
   -7.5000   -7.5000    0.000015516.7744   16.3034
    0.0000   -7.5000    0.000016262.8994   16.3252
    7.5000   -7.5000    0.000015432.5117   16.3345
   -7.5000    0.0000    0.000017057.8828   16.2660
    0.0000    0.0000    0.000018010.9121   16.2924
    7.5000    0.0000    0.000016876.1426   16.2996
   -7.5000    7.5000    0.000017371.3672   16.2644
    0.0000    7.5000    0.000018808.3086   16.2847
    7.5000    7.5000    0.000017194.3535   16.2861
   -7.5000   15.0000    0.000017229.2734   16.2892
    0.0000   15.0000    0.000018801.3516   16.3006
    7.5000   15.0000    0.000017087.1738   16.2987
   -7.5000   22.5000    0.000016657.3633   16.3100
    0.0000   22.5000    0.000018053.4648   16.3190
    7.5000   22.5000    0.000016515.5938   16.3189
   -7.5000   30.0000    0.000015861.8945   16.1124
    0.0000   30.0000    0.000017064.9746   16.1256
    7.5000   30.0000    0.000015749.6172   16.1308
   -7.5000   37.5000    0.000015543.5078   16.0846
    0.0000   37.5000    0.000016634.2910   16.1061
    7.5000   37.5000    0.000015458.8086   16.1153
   -7.5000   45.0000    0.000014571.5713   15.6786
    0.0000   45.0000    0.000015508.7539   15.7040
    7.5000   45.0000    0.000014481.6270   15.7109
   -7.5000  -45.0000    7.5000 8702.9199   17.2759
    0.0000  -45.0000    7.5000 9135.6484   17.3059
    7.5000  -45.0000    7.5000 8703.4170   17.3136
   -7.5000  -37.5000    7.5000 9567.6582   16.8361
    0.0000  -37.5000    7.500010069.3320   16.8611
    7.5000  -37.5000    7.5000 9578.6758   16.8634
   -7.5000  -30.0000    7.500010828.1006   16.5311
    0.0000  -30.0000    7.500011380.7725   16.5502
    7.5000  -30.0000    7.500010845.2002   16.5516
   -7.5000  -22.5000    7.500012198.2627   16.4382
    0.0000  -22.5000    7.500012802.5107   16.4566
    7.5000  -22.5000    7.500012199.5771   16.4623
   -7.5000  -15.0000    7.500013517.7422   16.3775
    0.0000  -15.0000    7.500014214.3916   16.3969
    7.5000  -15.0000    7.500013519.3516   16.4079
   -7.5000   -7.5000    7.500014864.5986   16.3097
    0.0000   -7.5000    7.500015627.5107   16.3318
    7.5000   -7.5000    7.500014824.4014   16.3434
   -7.5000    0.0000    7.500016280.7744   16.2756
    0.0000    0.0000    7.500017278.6094   16.3004
    7.5000    0.0000    7.500016257.7627   16.3067
   -7.5000    7.5000    7.500016442.9023   16.2701
    0.0000    7.5000    7.500017825.1523   16.2918
    7.5000    7.5000    7.500016538.5449   16.2928
   -7.5000   15.0000    7.500016255.7393   16.2892
    0.0000   15.0000    7.500017585.6504   16.3064
    7.5000   15.0000    7.500016343.9404   16.3073
   -7.5000   22.5000    7.500015726.1953   16.3082
    0.0000   22.5000    7.500016923.1309   16.3253
    7.5000   22.5000    7.500015821.3643   16.3306
   -7.5000   30.0000    7.500015049.8066   16.1130
    0.0000   30.0000    7.500016120.9111   16.1315
    7.5000   30.0000    7.500015150.7871   16.1422
   -7.5000   37.5000    7.500014803.9961   16.0908
    0.0000   37.5000    7.500015822.0967   16.1126
    7.5000   37.5000    7.500014912.5527   16.1241
   -7.5000   45.0000    7.500013901.4453   15.6878
    0.0000   45.0000    7.500014781.1943   15.7117
    7.5000   45.0000    7.500013940.4648   15.7178
   -7.5000  -45.0000   15.0000 8143.1230   17.3326
    0.0000  -45.0000   15.0000 8596.6680   17.3598
    7.5000  -45.0000   15.0000 8167.2329   17.3677
   -7.5000  -37.5000   15.0000 8989.0615   16.8887
    0.0000  -37.5000   15.0000 9523.5693   16.9128
    7.5000  -37.5000   15.0000 9026.5312   16.9150
   -7.5000  -30.0000   15.000010202.6650   16.5742
    0.0000  -30.0000   15.000010780.6465   16.5967
    7.5000  -30.0000   15.000010239.2422   16.5986
   -7.5000  -22.5000   15.000011496.0752   16.4751
    0.0000  -22.5000   15.000012118.9814   16.4993
    7.5000  -22.5000   15.000011528.1924   16.5064
   -7.5000  -15.0000   15.000012737.7852   16.4159
    0.0000  -15.0000   15.000013420.0371   16.4403
    7.5000  -15.0000   15.000012773.5742   16.4528
   -7.5000   -7.5000   15.000013956.2842   16.3558
    0.0000   -7.5000   15.000014712.3740   16.3788
    7.5000   -7.5000   15.000014013.2969   16.3915
   -7.5000    0.0000   15.000015172.6055   16.3273
    0.0000    0.0000   15.000016125.2568   16.3498
    7.5000    0.0000   15.000015299.0010   16.3562
   -7.5000    7.5000   15.000015223.1602   16.3195
    0.0000    7.5000   15.000016295.5674   16.3401
    7.5000    7.5000   15.000015403.0107   16.3410
   -7.5000   15.0000   15.000014997.6113   16.3310
    0.0000   15.0000   15.000015899.0840   16.3516
    7.5000   15.0000   15.000015101.3418   16.3528
   -7.5000   22.5000   15.000014594.8213   16.3447
    0.0000   22.5000   15.000015401.7158   16.3676
    7.5000   22.5000   15.000014695.2676   16.3743
   -7.5000   30.0000   15.000014042.4463   16.1508
    0.0000   30.0000   15.000014866.5068   16.1741
    7.5000   30.0000   15.000014172.1318   16.1864
   -7.5000   37.5000   15.000013869.3467   16.1363
    0.0000   37.5000   15.000014697.7559   16.1590
    7.5000   37.5000   15.000014018.6709   16.1715
   -7.5000   45.0000   15.000013043.7119   15.7377
    0.0000   45.0000   15.000013769.5830   15.7593
    7.5000   45.0000   15.000013141.0020   15.7655
   -7.5000  -45.0000   22.5000 7570.3569   17.6503
    0.0000  -45.0000   22.5000 8031.9556   17.6771
    7.5000  -45.0000   22.5000 7624.3467   17.6858
   -7.5000  -37.5000   22.5000 8404.6641   17.1898
    0.0000  -37.5000   22.5000 8904.0273   17.2107
    7.5000  -37.5000   22.5000 8455.0371   17.2119
   -7.5000  -30.0000   22.5000 9541.7832   16.8621
    0.0000  -30.0000   22.500010071.7500   16.8811
    7.5000  -30.0000   22.5000 9602.7031   16.8791
   -7.5000  -22.5000   22.500010729.7373   16.7559
    0.0000  -22.5000   22.500011301.0029   16.7780
    7.5000  -22.5000   22.500010793.6777   16.7796
   -7.5000  -15.0000   22.500011855.3369   16.6951
    0.0000  -15.0000   22.500012450.0146   16.7199
    7.5000  -15.0000   22.500011923.8574   16.7281
   -7.5000   -7.5000   22.500012985.2979   16.6356
    0.0000   -7.5000   22.500013593.2227   16.6601
    7.5000   -7.5000   22.500013071.6396   16.6720
   -7.5000    0.0000   22.500014080.0771   16.6081
    0.0000    0.0000   22.500014846.8525   16.6299
    7.5000    0.0000   22.500014243.2246   16.6376
   -7.5000    7.5000   22.500014129.4570   16.6007
    0.0000    7.5000   22.500014874.9902   16.6185
    7.5000    7.5000   22.500014254.8916   16.6185
   -7.5000   15.0000   22.500013923.3936   16.6105
    0.0000   15.0000   22.500014519.3691   16.6277
    7.5000   15.0000   22.500013973.6201   16.6251
   -7.5000   22.5000   22.500013562.9434   16.6213
    0.0000   22.5000   22.500014170.3438   16.6421
    7.5000   22.5000   22.500013637.3906   16.6434
   -7.5000   30.0000   22.500013096.1328   16.4247
    0.0000   30.0000   22.500013724.5986   16.4485
    7.5000   30.0000   22.500013179.2305   16.4565
   -7.5000   37.5000   22.500012984.2686   16.4122
    0.0000   37.5000   22.500013646.3828   16.4364
    7.5000   37.5000   22.500013068.2539   16.4482
   -7.5000   45.0000   22.500012210.0791   16.0083
    0.0000   45.0000   22.500012829.5068   16.0293
    7.5000   45.0000   22.500012278.6260   16.0368
   -7.5000  -45.0000   30.0000 6967.1255   18.0590
    0.0000  -45.0000   30.0000 7330.6655   18.0895
    7.5000  -45.0000   30.0000 6998.3643   18.0990
   -7.5000  -37.5000   30.0000 7722.5918   17.5800
    0.0000  -37.5000   30.0000 8125.1357   17.6008
    7.5000  -37.5000   30.0000 7760.1357   17.6013
   -7.5000  -30.0000   30.0000 8781.2461   17.2441
    0.0000  -30.0000   30.0000 9206.0771   17.2587
    7.5000  -30.0000   30.0000 8808.6035   17.2519
   -7.5000  -22.5000   30.0000 9870.4326   17.1353
    0.0000  -22.5000   30.000010317.3691   17.1512
    7.5000  -22.5000   30.0000 9892.8057   17.1449
   -7.5000  -15.0000   30.000010917.4121   17.0693
    0.0000  -15.0000   30.000011384.7617   17.0909
    7.5000  -15.0000   30.000010946.7139   17.0913
   -7.5000   -7.5000   30.000011969.7852   17.0012
    0.0000   -7.5000   30.000012471.7334   17.0274
    7.5000   -7.5000   30.000012022.8643   17.0363
   -7.5000    0.0000   30.000013004.0850   16.9684
    0.0000    0.0000   30.000013598.0889   16.9932
    7.5000    0.0000   30.000013103.4150   17.0019
   -7.5000    7.5000   30.000013045.4541   16.9645
    0.0000    7.5000   30.000013586.6465   16.9822
    7.5000    7.5000   30.000013086.0293   16.9817
   -7.5000   15.0000   30.000012817.0312   16.9813
    0.0000   15.0000   30.000013310.2529   16.9939
    7.5000   15.0000   30.000012846.4297   16.9867
   -7.5000   22.5000   30.000012490.8398   16.9947
    0.0000   22.5000   30.000012992.8066   17.0093
    7.5000   22.5000   30.000012537.8965   17.0027
   -7.5000   30.0000   30.000012068.9180   16.7918
    0.0000   30.0000   30.000012564.6924   16.8124
    7.5000   30.0000   30.000012094.1621   16.8128
   -7.5000   37.5000   30.000011993.8936   16.7728
    0.0000   37.5000   30.000012520.9746   16.7986
    7.5000   37.5000   30.000012026.0889   16.8075
   -7.5000   45.0000   30.000011309.5684   16.3556
    0.0000   45.0000   30.000011836.0430   16.3795
    7.5000   45.0000   30.000011344.6816   16.3879
   -7.5000  -45.0000   37.5000 6608.8779   18.6173
    0.0000  -45.0000   37.5000 6939.5005   18.6558
    7.5000  -45.0000   37.5000 6616.1250   18.6651
   -7.5000  -37.5000   37.5000 7343.7236   18.1149
    0.0000  -37.5000   37.5000 7708.7700   18.1422
    7.5000  -37.5000   37.5000 7359.2080   18.1439
   -7.5000  -30.0000   37.5000 8374.0693   17.7670
    0.0000  -30.0000   37.5000 8756.9678   17.7829
    7.5000  -30.0000   37.5000 8369.8818   17.7772
   -7.5000  -22.5000   37.5000 9417.8730   17.6584
    0.0000  -22.5000   37.5000 9810.2197   17.6726
    7.5000  -22.5000   37.5000 9403.4707   17.6659
   -7.5000  -15.0000   37.500010440.7656   17.5859
    0.0000  -15.0000   37.500010844.5332   17.6061
    7.5000  -15.0000   37.500010415.1504   17.6052
   -7.5000   -7.5000   37.500011469.1250   17.5044
    0.0000   -7.5000   37.500011913.3574   17.5335
    7.5000   -7.5000   37.500011470.9961   17.5410
   -7.5000    0.0000   37.500012457.0137   17.4636
    0.0000    0.0000   37.500012955.0049   17.4954
    7.5000    0.0000   37.500012474.0439   17.5035
   -7.5000    7.5000   37.500012483.1143   17.4620
    0.0000    7.5000   37.500012921.8369   17.4854
    7.5000    7.5000   37.500012441.3809   17.4860
   -7.5000   15.0000   37.500012255.7129   17.4880
    0.0000   15.0000   37.500012698.3555   17.5019
    7.5000   15.0000   37.500012242.3682   17.4957
   -7.5000   22.5000   37.500011939.6982   17.5092
    0.0000   22.5000   37.500012399.2969   17.5219
    7.5000   22.5000   37.500011952.2363   17.5150
   -7.5000   30.0000   37.500011533.9365   17.2981
    0.0000   30.0000   37.500011988.9473   17.3173
    7.5000   30.0000   37.500011555.4287   17.3165
   -7.5000   37.5000   37.500011476.7939   17.2691
    0.0000   37.5000   37.500011944.8848   17.2976
    7.5000   37.5000   37.500011484.1738   17.3050
   -7.5000   45.0000   37.500010844.9160   16.8329
    0.0000   45.0000   37.500011326.5254   16.8635
    7.5000   45.0000   37.500010859.4268   16.8714
   -7.5000  -45.0000   45.0000 6021.8984   19.2683
    0.0000  -45.0000   45.0000 6326.9473   19.3104
    7.5000  -45.0000   45.0000 6017.6523   19.3167
   -7.5000  -37.5000   45.0000 6710.2690   18.7333
    0.0000  -37.5000   45.0000 7054.8896   18.7671
    7.5000  -37.5000   45.0000 6709.9365   18.7689
   -7.5000  -30.0000   45.0000 7657.9233   18.3562
    0.0000  -30.0000   45.0000 8005.8003   18.3793
    7.5000  -30.0000   45.0000 7619.1274   18.3783
   -7.5000  -22.5000   45.0000 8617.5693   18.2405
    0.0000  -22.5000   45.0000 8965.7441   18.2602
    7.5000  -22.5000   45.0000 8558.8633   18.2598
   -7.5000  -15.0000   45.0000 9557.6523   18.1641
    0.0000  -15.0000   45.0000 9931.3359   18.1863
    7.5000  -15.0000   45.0000 9509.3086   18.1901
   -7.5000   -7.5000   45.000010504.5469   18.0788
    0.0000   -7.5000   45.000010934.9043   18.1085
    7.5000   -7.5000   45.000010503.7070   18.1154
   -7.5000    0.0000   45.000011413.1768   18.0358
    0.0000    0.0000   45.000011873.2734   18.0705
    7.5000    0.0000   45.000011401.6807   18.0754
   -7.5000    7.5000   45.000011437.5234   18.0310
    0.0000    7.5000   45.000011834.8154   18.0602
    7.5000    7.5000   45.000011354.5947   18.0607
   -7.5000   15.0000   45.000011229.1602   18.0566
    0.0000   15.0000   45.000011660.1289   18.0772
    7.5000   15.0000   45.000011185.9600   18.0755
   -7.5000   22.5000   45.000010942.7012   18.0803
    0.0000   22.5000   45.000011388.0020   18.0983
    7.5000   22.5000   45.000010932.8252   18.0977
   -7.5000   30.0000   45.000010589.3682   17.8625
    0.0000   30.0000   45.000011014.6670   17.8837
    7.5000   30.0000   45.000010578.2090   17.8873
   -7.5000   37.5000   45.000010538.5957   17.8338
    0.0000   37.5000   45.000010962.5146   17.8629
    7.5000   37.5000   45.000010519.1602   17.8697
   -7.5000   45.0000   45.0000 9955.9434   17.3923
    0.0000   45.0000   45.000010399.0596   17.4257
    7.5000   45.0000   45.0000 9966.4590   17.4305

---------------------------------------------------------------------
imgreg_4dfp /opt/freesurfer/average/711-2C_as_mni_average_305 /opt/freesurfer/average/711-2B_as_mni_average_305_mask talsrcimg_g11 none talsrcimg_to_711-2C_as_mni_average_305_t4 4355
---------------------------------------------------------------------

freesurfer imgreg_4dfp.c
/opt/freesurfer/average/711-2C_as_mni_average_305.4dfp.img
       256       256       256         1
  1.000000  1.000000  1.000000
orientation T byte_order littleendian
Reading image: /opt/freesurfer/average/711-2C_as_mni_average_305.4dfp.img
dimensions:      256       256       256
mmppix:       1.0000   -1.0000   -1.0000
center:     128.0000 -129.0000 -129.0000
/opt/freesurfer/average/711-2B_as_mni_average_305_mask.4dfp.img
       256       256       256         1
  1.000000  1.000000  1.000000
orientation T byte_order littleendian
Reading mask: /opt/freesurfer/average/711-2B_as_mni_average_305_mask.4dfp.img (2306576 pixels)
talsrcimg_g11.4dfp.img
       256       256       256         1
  1.000000  1.000000  1.000000
orientation T byte_order littleendian
Reading image: talsrcimg_g11.4dfp.img
dimensions:      256       256       256
mmppix:       1.0000   -1.0000   -1.0000
center:     128.0000 -129.0000 -129.0000
rotation matrix determinant  1.000000
image alignment mode   4355 decimal     1103 hex
   -7.5000  -37.5000  -45.0000 2172.9199   20.5410
    0.0000  -37.5000  -45.0000 2185.7495   20.6235
    7.5000  -37.5000  -45.0000 2167.6951   20.7061
   -7.5000  -30.0000  -45.0000 2290.5808   18.4854
    0.0000  -30.0000  -45.0000 2301.6055   18.5147
    7.5000  -30.0000  -45.0000 2281.6680   18.6087
   -7.5000  -22.5000  -45.0000 2385.2244   16.8744
    0.0000  -22.5000  -45.0000 2397.8679   16.8492
    7.5000  -22.5000  -45.0000 2381.9116   16.9834
   -7.5000  -15.0000  -45.0000 2467.4324   15.6183
    0.0000  -15.0000  -45.0000 2479.4170   15.5266
    7.5000  -15.0000  -45.0000 2459.2712   15.7207
   -7.5000   -7.5000  -45.0000 2529.6826   14.6411
    0.0000   -7.5000  -45.0000 2538.5593   14.5548
    7.5000   -7.5000  -45.0000 2517.8743   14.7806
   -7.5000    0.0000  -45.0000 2562.2415   14.0418
    0.0000    0.0000  -45.0000 2574.5410   13.9650
    7.5000    0.0000  -45.0000 2549.5869   14.2061
   -7.5000    7.5000  -45.0000 2585.8330   13.7313
    0.0000    7.5000  -45.0000 2594.4182   13.6501
    7.5000    7.5000  -45.0000 2573.6279   13.8847
   -7.5000   15.0000  -45.0000 2580.5381   13.6488
    0.0000   15.0000  -45.0000 2588.4146   13.5626
    7.5000   15.0000  -45.0000 2574.5461   13.7794
   -7.5000   22.5000  -45.0000 2568.7112   13.8560
    0.0000   22.5000  -45.0000 2580.5823   13.7559
    7.5000   22.5000  -45.0000 2562.2864   13.9480
   -7.5000   30.0000  -45.0000 2538.2119   14.2621
    0.0000   30.0000  -45.0000 2548.5315   14.1662
    7.5000   30.0000  -45.0000 2530.7849   14.3366
   -7.5000   37.5000  -45.0000 2486.4993   14.8469
    0.0000   37.5000  -45.0000 2506.0334   14.7555
    7.5000   37.5000  -45.0000 2484.9836   14.9426
   -7.5000   45.0000  -45.0000 2416.9448   15.6164
    0.0000   45.0000  -45.0000 2432.8440   15.5450
    7.5000   45.0000  -45.0000 2410.6924   15.7410
   -7.5000   52.5000  -45.0000 2302.2959   16.6317
    0.0000   52.5000  -45.0000 2313.8022   16.6024
    7.5000   52.5000  -45.0000 2298.9636   16.7689
   -7.5000  -37.5000  -37.5000 2216.1724   19.7348
    0.0000  -37.5000  -37.5000 2232.0681   19.7572
    7.5000  -37.5000  -37.5000 2212.0718   19.9150
   -7.5000  -30.0000  -37.5000 2341.2205   17.7219
    0.0000  -30.0000  -37.5000 2353.9617   17.6990
    7.5000  -30.0000  -37.5000 2335.8232   17.8916
   -7.5000  -22.5000  -37.5000 2442.8020   16.1349
    0.0000  -22.5000  -37.5000 2454.6946   16.0640
    7.5000  -22.5000  -37.5000 2435.4814   16.2577
   -7.5000  -15.0000  -37.5000 2523.7241   14.8588
    0.0000  -15.0000  -37.5000 2533.3315   14.7407
    7.5000  -15.0000  -37.5000 2516.0601   14.9462
   -7.5000   -7.5000  -37.5000 2598.8589   13.8926
    0.0000   -7.5000  -37.5000 2609.1660   13.7781
    7.5000   -7.5000  -37.5000 2591.1880   13.9658
   -7.5000    0.0000  -37.5000 2639.4478   13.2764
    0.0000    0.0000  -37.5000 2648.3040   13.1624
    7.5000    0.0000  -37.5000 2627.4482   13.3682
   -7.5000    7.5000  -37.5000 2662.4290   12.9247
    0.0000    7.5000  -37.5000 2673.0691   12.8176
    7.5000    7.5000  -37.5000 2654.9387   13.0339
   -7.5000   15.0000  -37.5000 2660.2607   12.8232
    0.0000   15.0000  -37.5000 2672.1733   12.7478
    7.5000   15.0000  -37.5000 2655.8887   12.9463
   -7.5000   22.5000  -37.5000 2654.3486   13.0020
    0.0000   22.5000  -37.5000 2667.3892   12.8980
    7.5000   22.5000  -37.5000 2649.4614   13.1067
   -7.5000   30.0000  -37.5000 2626.5493   13.3737
    0.0000   30.0000  -37.5000 2635.9255   13.2507
    7.5000   30.0000  -37.5000 2624.8577   13.4696
   -7.5000   37.5000  -37.5000 2577.6602   13.8965
    0.0000   37.5000  -37.5000 2594.5630   13.7763
    7.5000   37.5000  -37.5000 2575.4155   14.0147
   -7.5000   45.0000  -37.5000 2498.6328   14.6144
    0.0000   45.0000  -37.5000 2515.5645   14.5152
    7.5000   45.0000  -37.5000 2498.8848   14.7171
   -7.5000   52.5000  -37.5000 2381.6167   15.5449
    0.0000   52.5000  -37.5000 2395.0171   15.4583
    7.5000   52.5000  -37.5000 2384.8386   15.6504
   -7.5000  -37.5000  -30.0000 2284.0815   19.7271
    0.0000  -37.5000  -30.0000 2299.3477   19.6676
    7.5000  -37.5000  -30.0000 2285.3511   19.8328
   -7.5000  -30.0000  -30.0000 2417.1936   17.6479
    0.0000  -30.0000  -30.0000 2431.6912   17.6143
    7.5000  -30.0000  -30.0000 2412.3826   17.7885
   -7.5000  -22.5000  -30.0000 2527.4617   15.9907
    0.0000  -22.5000  -30.0000 2539.5894   15.9321
    7.5000  -22.5000  -30.0000 2521.2908   16.1275
   -7.5000  -15.0000  -30.0000 2617.3147   14.6559
    0.0000  -15.0000  -30.0000 2627.4321   14.5611
    7.5000  -15.0000  -30.0000 2613.1941   14.7806
   -7.5000   -7.5000  -30.0000 2698.8984   13.6576
    0.0000   -7.5000  -30.0000 2711.2419   13.5616
    7.5000   -7.5000  -30.0000 2695.5767   13.7316
   -7.5000    0.0000  -30.0000 2752.9819   12.9882
    0.0000    0.0000  -30.0000 2761.9282   12.8801
    7.5000    0.0000  -30.0000 2743.4202   13.0579
   -7.5000    7.5000  -30.0000 2779.8950   12.5890
    0.0000    7.5000  -30.0000 2790.9226   12.4822
    7.5000    7.5000  -30.0000 2771.6321   12.6908
   -7.5000   15.0000  -30.0000 2782.2839   12.4628
    0.0000   15.0000  -30.0000 2797.8667   12.3650
    7.5000   15.0000  -30.0000 2777.3811   12.5583
   -7.5000   22.5000  -30.0000 2778.9148   12.6576
    0.0000   22.5000  -30.0000 2796.2312   12.5452
    7.5000   22.5000  -30.0000 2784.8438   12.7563
   -7.5000   30.0000  -30.0000 2752.5388   13.0267
    0.0000   30.0000  -30.0000 2770.5645   12.9057
    7.5000   30.0000  -30.0000 2763.7393   13.1329
   -7.5000   37.5000  -30.0000 2702.1846   13.5427
    0.0000   37.5000  -30.0000 2721.8259   13.4156
    7.5000   37.5000  -30.0000 2707.2803   13.6518
   -7.5000   45.0000  -30.0000 2622.5764   14.2511
    0.0000   45.0000  -30.0000 2640.0173   14.1370
    7.5000   45.0000  -30.0000 2630.0913   14.3458
   -7.5000   52.5000  -30.0000 2496.4282   15.1411
    0.0000   52.5000  -30.0000 2513.8032   15.0356
    7.5000   52.5000  -30.0000 2506.6519   15.2662
   -7.5000  -37.5000  -22.5000 2314.5232   19.5803
    0.0000  -37.5000  -22.5000 2329.4333   19.5646
    7.5000  -37.5000  -22.5000 2316.4307   19.6370
   -7.5000  -30.0000  -22.5000 2449.6055   17.4726
    0.0000  -30.0000  -22.5000 2466.4084   17.4099
    7.5000  -30.0000  -22.5000 2447.6787   17.5212
   -7.5000  -22.5000  -22.5000 2567.9512   15.7622
    0.0000  -22.5000  -22.5000 2585.5696   15.6964
    7.5000  -22.5000  -22.5000 2565.4070   15.8460
   -7.5000  -15.0000  -22.5000 2671.2292   14.3891
    0.0000  -15.0000  -22.5000 2682.4976   14.3164
    7.5000  -15.0000  -22.5000 2668.3413   14.5078
   -7.5000   -7.5000  -22.5000 2761.0103   13.3499
    0.0000   -7.5000  -22.5000 2776.8313   13.3024
    7.5000   -7.5000  -22.5000 2758.2532   13.4823
   -7.5000    0.0000  -22.5000 2822.8860   12.6178
    0.0000    0.0000  -22.5000 2838.0579   12.5532
    7.5000    0.0000  -22.5000 2821.4492   12.7293
   -7.5000    7.5000  -22.5000 2855.5156   12.2053
    0.0000    7.5000  -22.5000 2871.6345   12.1082
    7.5000    7.5000  -22.5000 2853.4619   12.3050
   -7.5000   15.0000  -22.5000 2868.6362   12.0229
    0.0000   15.0000  -22.5000 2884.1421   11.9039
    7.5000   15.0000  -22.5000 2865.5437   12.1371
   -7.5000   22.5000  -22.5000 2869.1621   12.2153
    0.0000   22.5000  -22.5000 2890.3279   12.0913
    7.5000   22.5000  -22.5000 2878.1946   12.3325
   -7.5000   30.0000  -22.5000 2839.3987   12.6044
    0.0000   30.0000  -22.5000 2869.5139   12.4868
    7.5000   30.0000  -22.5000 2860.5591   12.7300
   -7.5000   37.5000  -22.5000 2788.8677   13.1025
    0.0000   37.5000  -22.5000 2814.5618   12.9939
    7.5000   37.5000  -22.5000 2805.4333   13.2509
   -7.5000   45.0000  -22.5000 2709.9839   13.7810
    0.0000   45.0000  -22.5000 2731.2532   13.6758
    7.5000   45.0000  -22.5000 2721.7817   13.9302
   -7.5000   52.5000  -22.5000 2587.5361   14.6596
    0.0000   52.5000  -22.5000 2603.6230   14.5615
    7.5000   52.5000  -22.5000 2597.9011   14.8265
   -7.5000  -37.5000  -15.0000 2315.5439   19.5905
    0.0000  -37.5000  -15.0000 2329.3367   19.5099
    7.5000  -37.5000  -15.0000 2315.8250   19.6396
   -7.5000  -30.0000  -15.0000 2446.6689   17.3687
    0.0000  -30.0000  -15.0000 2463.0999   17.2784
    7.5000  -30.0000  -15.0000 2449.9417   17.3875
   -7.5000  -22.5000  -15.0000 2571.2163   15.6120
    0.0000  -22.5000  -15.0000 2586.2473   15.5423
    7.5000  -22.5000  -15.0000 2573.2114   15.6637
   -7.5000  -15.0000  -15.0000 2681.0366   14.2668
    0.0000  -15.0000  -15.0000 2694.6365   14.1928
    7.5000  -15.0000  -15.0000 2678.2849   14.2937
   -7.5000   -7.5000  -15.0000 2775.4834   13.1916
    0.0000   -7.5000  -15.0000 2790.9893   13.1702
    7.5000   -7.5000  -15.0000 2767.9622   13.2419
   -7.5000    0.0000  -15.0000 2849.4905   12.3965
    0.0000    0.0000  -15.0000 2865.1418   12.4069
    7.5000    0.0000  -15.0000 2845.9636   12.4962
   -7.5000    7.5000  -15.0000 2890.5710   11.9435
    0.0000    7.5000  -15.0000 2910.7537   11.9195
    7.5000    7.5000  -15.0000 2890.7083   12.0173
   -7.5000   15.0000  -15.0000 2912.5220   11.7061
    0.0000   15.0000  -15.0000 2928.5691   11.6253
    7.5000   15.0000  -15.0000 2910.6492   11.8391
   -7.5000   22.5000  -15.0000 2916.4194   11.8326
    0.0000   22.5000  -15.0000 2938.0728   11.7511
    7.5000   22.5000  -15.0000 2926.8308   12.0017
   -7.5000   30.0000  -15.0000 2891.4917   12.2290
    0.0000   30.0000  -15.0000 2924.8303   12.1781
    7.5000   30.0000  -15.0000 2911.4109   12.3724
   -7.5000   37.5000  -15.0000 2850.2666   12.7380
    0.0000   37.5000  -15.0000 2875.0149   12.6943
    7.5000   37.5000  -15.0000 2862.1909   12.8600
   -7.5000   45.0000  -15.0000 2771.6843   13.4278
    0.0000   45.0000  -15.0000 2789.0200   13.3441
    7.5000   45.0000  -15.0000 2779.4556   13.5337
   -7.5000   52.5000  -15.0000 2649.3086   14.3272
    0.0000   52.5000  -15.0000 2657.4949   14.2027
    7.5000   52.5000  -15.0000 2650.8911   14.3850
   -7.5000  -37.5000   -7.5000 2289.6016   19.6606
    0.0000  -37.5000   -7.5000 2300.6665   19.5829
    7.5000  -37.5000   -7.5000 2290.5188   19.6663
   -7.5000  -30.0000   -7.5000 2420.0344   17.3510
    0.0000  -30.0000   -7.5000 2435.9888   17.3014
    7.5000  -30.0000   -7.5000 2421.8960   17.3805
   -7.5000  -22.5000   -7.5000 2549.6719   15.5568
    0.0000  -22.5000   -7.5000 2565.6509   15.5005
    7.5000  -22.5000   -7.5000 2550.4541   15.6220
   -7.5000  -15.0000   -7.5000 2663.1575   14.1810
    0.0000  -15.0000   -7.5000 2680.3186   14.1547
    7.5000  -15.0000   -7.5000 2663.6890   14.2517
   -7.5000   -7.5000   -7.5000 2760.0708   13.0843
    0.0000   -7.5000   -7.5000 2776.2351   13.0918
    7.5000   -7.5000   -7.5000 2761.3472   13.1497
   -7.5000    0.0000   -7.5000 2841.3555   12.3448
    0.0000    0.0000   -7.5000 2863.5349   12.4053
    7.5000    0.0000   -7.5000 2850.2864   12.4083
   -7.5000    7.5000   -7.5000 2904.9651   11.9367
    0.0000    7.5000   -7.5000 2936.9248   12.0561
    7.5000    7.5000   -7.5000 2915.4465   11.9602
   -7.5000   15.0000   -7.5000 2941.4395   11.6752
    0.0000   15.0000   -7.5000 2972.2588   11.7528
    7.5000   15.0000   -7.5000 2947.3091   11.7539
   -7.5000   22.5000   -7.5000 2947.8782   11.6485
    0.0000   22.5000   -7.5000 2979.9524   11.6970
    7.5000   22.5000   -7.5000 2955.4346   11.7686
   -7.5000   30.0000   -7.5000 2926.2046   11.9501
    0.0000   30.0000   -7.5000 2960.4072   11.9738
    7.5000   30.0000   -7.5000 2937.2969   12.0337
   -7.5000   37.5000   -7.5000 2882.7031   12.4535
    0.0000   37.5000   -7.5000 2909.9917   12.4333
    7.5000   37.5000   -7.5000 2891.5776   12.4974
   -7.5000   45.0000   -7.5000 2803.9209   13.1418
    0.0000   45.0000   -7.5000 2827.6277   13.0916
    7.5000   45.0000   -7.5000 2809.1406   13.1833
   -7.5000   52.5000   -7.5000 2679.4133   14.0410
    0.0000   52.5000   -7.5000 2692.9736   13.9480
    7.5000   52.5000   -7.5000 2678.7551   14.0549
   -7.5000  -37.5000    0.0000 2253.9009   19.9544
    0.0000  -37.5000    0.0000 2263.8394   19.8899
    7.5000  -37.5000    0.0000 2256.5422   20.0453
   -7.5000  -30.0000    0.0000 2381.4917   17.5393
    0.0000  -30.0000    0.0000 2393.6865   17.4886
    7.5000  -30.0000    0.0000 2386.1343   17.6309
   -7.5000  -22.5000    0.0000 2507.2646   15.6792
    0.0000  -22.5000    0.0000 2519.4844   15.6281
    7.5000  -22.5000    0.0000 2512.8601   15.7931
   -7.5000  -15.0000    0.0000 2622.2517   14.2736
    0.0000  -15.0000    0.0000 2633.5947   14.2571
    7.5000  -15.0000    0.0000 2629.8384   14.4086
   -7.5000   -7.5000    0.0000 2725.5168   13.1933
    0.0000   -7.5000    0.0000 2742.0205   13.2436
    7.5000   -7.5000    0.0000 2733.4783   13.2941
   -7.5000    0.0000    0.0000 2818.1851   12.4883
    0.0000    0.0000    0.0000 2842.9485   12.6064
    7.5000    0.0000    0.0000 2826.1111   12.5714
   -7.5000    7.5000    0.0000 2902.5564   12.0761
    0.0000    7.5000    0.0000 2943.0908   12.2791
    7.5000    7.5000    0.0000 2910.3772   12.0957
   -7.5000   15.0000    0.0000 2948.2756   11.8161
    0.0000   15.0000    0.0000 3000.7175   12.0819
    7.5000   15.0000    0.0000 2955.4890   11.8664
   -7.5000   22.5000    0.0000 2962.0740   11.6993
    0.0000   22.5000    0.0000 3008.8318   11.8842
    7.5000   22.5000    0.0000 2968.7542   11.7822
   -7.5000   30.0000    0.0000 2935.0583   11.8565
    0.0000   30.0000    0.0000 2972.5781   11.9269
    7.5000   30.0000    0.0000 2944.5461   11.9397
   -7.5000   37.5000    0.0000 2884.8870   12.3146
    0.0000   37.5000    0.0000 2916.6714   12.2917
    7.5000   37.5000    0.0000 2896.0256   12.3634
   -7.5000   45.0000    0.0000 2807.4958   13.0180
    0.0000   45.0000    0.0000 2830.9827   12.9689
    7.5000   45.0000    0.0000 2813.9426   13.0695
   -7.5000   52.5000    0.0000 2686.8870   13.9152
    0.0000   52.5000    0.0000 2701.4058   13.8152
    7.5000   52.5000    0.0000 2690.2749   13.9345
   -7.5000  -37.5000    7.5000 2214.4473   20.4413
    0.0000  -37.5000    7.5000 2224.3740   20.4192
    7.5000  -37.5000    7.5000 2222.0637   20.6672
   -7.5000  -30.0000    7.5000 2336.6160   17.9881
    0.0000  -30.0000    7.5000 2345.9412   17.9531
    7.5000  -30.0000    7.5000 2346.5745   18.2052
   -7.5000  -22.5000    7.5000 2461.4453   16.1255
    0.0000  -22.5000    7.5000 2466.0242   16.1054
    7.5000  -22.5000    7.5000 2469.2024   16.3144
   -7.5000  -15.0000    7.5000 2578.0684   14.7147
    0.0000  -15.0000    7.5000 2586.6050   14.7359
    7.5000  -15.0000    7.5000 2583.9978   14.8522
   -7.5000   -7.5000    7.5000 2680.3962   13.5856
    0.0000   -7.5000    7.5000 2697.0474   13.6779
    7.5000   -7.5000    7.5000 2693.3647   13.7375
   -7.5000    0.0000    7.5000 2780.6724   12.7706
    0.0000    0.0000    7.5000 2804.8269   12.8948
    7.5000    0.0000    7.5000 2794.3462   12.8899
   -7.5000    7.5000    7.5000 2877.2698   12.2208
    0.0000    7.5000    7.5000 2914.2222   12.4227
    7.5000    7.5000    7.5000 2896.7039   12.3574
   -7.5000   15.0000    7.5000 2934.8225   11.8765
    0.0000   15.0000    7.5000 2989.0139   12.1003
    7.5000   15.0000    7.5000 2953.8105   12.0355
   -7.5000   22.5000    7.5000 2953.2424   11.7656
    0.0000   22.5000    7.5000 2999.7693   11.8341
    7.5000   22.5000    7.5000 2967.7102   11.8580
   -7.5000   30.0000    7.5000 2925.5662   11.9961
    0.0000   30.0000    7.5000 2960.5066   11.9439
    7.5000   30.0000    7.5000 2939.9048   12.0554
   -7.5000   37.5000    7.5000 2872.6079   12.4391
    0.0000   37.5000    7.5000 2904.5801   12.3997
    7.5000   37.5000    7.5000 2894.7212   12.5180
   -7.5000   45.0000    7.5000 2795.8877   13.1516
    0.0000   45.0000    7.5000 2813.5156   13.1201
    7.5000   45.0000    7.5000 2799.9910   13.2562
   -7.5000   52.5000    7.5000 2673.4214   14.0552
    0.0000   52.5000    7.5000 2682.8020   13.9629
    7.5000   52.5000    7.5000 2677.7002   14.0757
   -7.5000  -37.5000   15.0000 2171.0366   21.3380
    0.0000  -37.5000   15.0000 2182.1587   21.3876
    7.5000  -37.5000   15.0000 2176.9905   21.6695
   -7.5000  -30.0000   15.0000 2291.3855   18.7976
    0.0000  -30.0000   15.0000 2299.9048   18.8140
    7.5000  -30.0000   15.0000 2298.5908   19.0905
   -7.5000  -22.5000   15.0000 2413.0015   16.8457
    0.0000  -22.5000   15.0000 2417.9297   16.8217
    7.5000  -22.5000   15.0000 2417.9575   17.0722
   -7.5000  -15.0000   15.0000 2523.9695   15.3446
    0.0000  -15.0000   15.0000 2531.0007   15.3073
    7.5000  -15.0000   15.0000 2533.4583   15.4924
   -7.5000   -7.5000   15.0000 2626.6941   14.1008
    0.0000   -7.5000   15.0000 2641.7798   14.1167
    7.5000   -7.5000   15.0000 2646.5598   14.2369
   -7.5000    0.0000   15.0000 2733.5852   13.1475
    0.0000    0.0000   15.0000 2749.6943   13.1775
    7.5000    0.0000   15.0000 2750.0488   13.2930
   -7.5000    7.5000   15.0000 2832.5640   12.5073
    0.0000    7.5000   15.0000 2859.9998   12.6239
    7.5000    7.5000   15.0000 2854.2271   12.6929
   -7.5000   15.0000   15.0000 2892.8250   12.0893
    0.0000   15.0000   15.0000 2929.1414   12.1344
    7.5000   15.0000   15.0000 2907.2727   12.2400
   -7.5000   22.5000   15.0000 2920.2012   12.0179
    0.0000   22.5000   15.0000 2950.0188   11.9122
    7.5000   22.5000   15.0000 2930.9873   12.0915
   -7.5000   30.0000   15.0000 2901.7107   12.2462
    0.0000   30.0000   15.0000 2934.6196   12.1387
    7.5000   30.0000   15.0000 2916.4421   12.3143
   -7.5000   37.5000   15.0000 2849.0593   12.7340
    0.0000   37.5000   15.0000 2879.1963   12.6468
    7.5000   37.5000   15.0000 2870.4587   12.8181
   -7.5000   45.0000   15.0000 2771.5051   13.4960
    0.0000   45.0000   15.0000 2784.4231   13.4290
    7.5000   45.0000   15.0000 2779.4658   13.6112
   -7.5000   52.5000   15.0000 2643.8691   14.4414
    0.0000   52.5000   15.0000 2652.1362   14.3345
    7.5000   52.5000   15.0000 2648.3608   14.4735
   -7.5000  -37.5000   22.5000 2120.5527   22.5900
    0.0000  -37.5000   22.5000 2128.7798   22.7040
    7.5000  -37.5000   22.5000 2118.9500   23.0305
   -7.5000  -30.0000   22.5000 2241.6675   19.8295
    0.0000  -30.0000   22.5000 2247.6475   19.7869
    7.5000  -30.0000   22.5000 2244.0884   20.1819
   -7.5000  -22.5000   22.5000 2362.3093   17.7235
    0.0000  -22.5000   22.5000 2367.4480   17.5835
    7.5000  -22.5000   22.5000 2367.0586   17.9461
   -7.5000  -15.0000   22.5000 2470.7817   16.0718
    0.0000  -15.0000   22.5000 2478.7869   15.9147
    7.5000  -15.0000   22.5000 2481.3318   16.1986
   -7.5000   -7.5000   22.5000 2577.6462   14.7151
    0.0000   -7.5000   22.5000 2583.5938   14.5970
    7.5000   -7.5000   22.5000 2593.0066   14.8661
   -7.5000    0.0000   22.5000 2683.9177   13.7069
    0.0000    0.0000   22.5000 2690.5518   13.6358
    7.5000    0.0000   22.5000 2698.0076   13.8548
   -7.5000    7.5000   22.5000 2778.6506   13.0308
    0.0000    7.5000   22.5000 2795.0798   13.0088
    7.5000    7.5000   22.5000 2798.1323   13.1802
   -7.5000   15.0000   22.5000 2842.4114   12.5786
    0.0000   15.0000   22.5000 2858.0408   12.4339
    7.5000   15.0000   22.5000 2851.8191   12.6615
   -7.5000   22.5000   22.5000 2868.8962   12.5247
    0.0000   22.5000   22.5000 2886.4570   12.3650
    7.5000   22.5000   22.5000 2878.7085   12.5980
   -7.5000   30.0000   22.5000 2855.0583   12.7433
    0.0000   30.0000   22.5000 2881.7249   12.6494
    7.5000   30.0000   22.5000 2870.4033   12.8311
   -7.5000   37.5000   22.5000 2806.2302   13.2619
    0.0000   37.5000   22.5000 2835.9880   13.1654
    7.5000   37.5000   22.5000 2823.1433   13.3444
   -7.5000   45.0000   22.5000 2731.8655   13.9901
    0.0000   45.0000   22.5000 2748.4614   13.8764
    7.5000   45.0000   22.5000 2743.0315   14.0711
   -7.5000   52.5000   22.5000 2607.5120   14.9304
    0.0000   52.5000   22.5000 2617.7866   14.8079
    7.5000   52.5000   22.5000 2612.6475   14.9706
   -7.5000  -37.5000   30.0000 2056.4011   24.0615
    0.0000  -37.5000   30.0000 2056.4180   23.9752
    7.5000  -37.5000   30.0000 2052.6777   24.4373
   -7.5000  -30.0000   30.0000 2181.5791   21.0315
    0.0000  -30.0000   30.0000 2181.2915   20.8524
    7.5000  -30.0000   30.0000 2179.2871   21.3073
   -7.5000  -22.5000   30.0000 2301.1462   18.7563
    0.0000  -22.5000   30.0000 2301.6680   18.5246
    7.5000  -22.5000   30.0000 2302.3281   18.8885
   -7.5000  -15.0000   30.0000 2412.5977   16.9475
    0.0000  -15.0000   30.0000 2417.8450   16.7127
    7.5000  -15.0000   30.0000 2420.0781   17.0575
   -7.5000   -7.5000   30.0000 2527.0149   15.5106
    0.0000   -7.5000   30.0000 2532.1248   15.3101
    7.5000   -7.5000   30.0000 2536.5679   15.6326
   -7.5000    0.0000   30.0000 2632.4905   14.4476
    0.0000    0.0000   30.0000 2636.6904   14.3070
    7.5000    0.0000   30.0000 2640.3608   14.5885
   -7.5000    7.5000   30.0000 2722.6594   13.7186
    0.0000    7.5000   30.0000 2732.1060   13.5270
    7.5000    7.5000   30.0000 2732.7598   13.7990
   -7.5000   15.0000   30.0000 2776.2339   13.2327
    0.0000   15.0000   30.0000 2793.0449   13.0193
    7.5000   15.0000   30.0000 2788.4014   13.2909
   -7.5000   22.5000   30.0000 2799.4243   13.2184
    0.0000   22.5000   30.0000 2814.7483   13.0170
    7.5000   22.5000   30.0000 2811.3235   13.2880
   -7.5000   30.0000   30.0000 2787.6094   13.4286
    0.0000   30.0000   30.0000 2801.7124   13.2999
    7.5000   30.0000   30.0000 2798.2556   13.5042
   -7.5000   37.5000   30.0000 2747.9709   13.9092
    0.0000   37.5000   30.0000 2766.9253   13.8091
    7.5000   37.5000   30.0000 2761.9172   13.9985
   -7.5000   45.0000   30.0000 2672.2698   14.6268
    0.0000   45.0000   30.0000 2693.0784   14.5086
    7.5000   45.0000   30.0000 2686.8892   14.7149
   -7.5000   52.5000   30.0000 2554.3608   15.5455
    0.0000   52.5000   30.0000 2572.5798   15.4076
    7.5000   52.5000   30.0000 2562.3706   15.5948
   -7.5000  -37.5000   37.5000 1985.6815   25.7289
    0.0000  -37.5000   37.5000 1987.1246   25.5031
    7.5000  -37.5000   37.5000 1984.8423   25.9497
   -7.5000  -30.0000   37.5000 2119.4285   22.4027
    0.0000  -30.0000   37.5000 2121.8750   22.1289
    7.5000  -30.0000   37.5000 2119.1121   22.5818
   -7.5000  -22.5000   37.5000 2240.8228   19.9739
    0.0000  -22.5000   37.5000 2242.6895   19.6512
    7.5000  -22.5000   37.5000 2241.5388   20.0354
   -7.5000  -15.0000   37.5000 2356.2612   18.0241
    0.0000  -15.0000   37.5000 2359.6936   17.6961
    7.5000  -15.0000   37.5000 2358.6118   18.0284
   -7.5000   -7.5000   37.5000 2471.9673   16.4932
    0.0000   -7.5000   37.5000 2476.4722   16.2115
    7.5000   -7.5000   37.5000 2476.6438   16.5298
   -7.5000    0.0000   37.5000 2571.5479   15.3501
    0.0000    0.0000   37.5000 2579.3367   15.1280
    7.5000    0.0000   37.5000 2575.8271   15.4420
   -7.5000    7.5000   37.5000 2657.2332   14.5527
    0.0000    7.5000   37.5000 2666.7180   14.2623
    7.5000    7.5000   37.5000 2657.9451   14.5917
   -7.5000   15.0000   37.5000 2706.7468   14.0708
    0.0000   15.0000   37.5000 2721.5544   13.8360
    7.5000   15.0000   37.5000 2710.2329   14.1378
   -7.5000   22.5000   37.5000 2722.5701   14.0469
    0.0000   22.5000   37.5000 2736.3948   13.8252
    7.5000   22.5000   37.5000 2730.1675   14.1079
   -7.5000   30.0000   37.5000 2704.2048   14.2612
    0.0000   30.0000   37.5000 2719.6431   14.1163
    7.5000   30.0000   37.5000 2719.0957   14.3581
   -7.5000   37.5000   37.5000 2670.7422   14.6872
    0.0000   37.5000   37.5000 2689.4651   14.5534
    7.5000   37.5000   37.5000 2683.7803   14.7817
   -7.5000   45.0000   37.5000 2601.8862   15.3641
    0.0000   45.0000   37.5000 2622.2017   15.2185
    7.5000   45.0000   37.5000 2617.1763   15.4368
   -7.5000   52.5000   37.5000 2494.5132   16.2409
    0.0000   52.5000   37.5000 2511.3015   16.0900
    7.5000   52.5000   37.5000 2503.8403   16.2957
   -7.5000  -37.5000   45.0000 1916.1826   27.6277
    0.0000  -37.5000   45.0000 1920.7799   27.3553
    7.5000  -37.5000   45.0000 1913.5594   27.7584
   -7.5000  -30.0000   45.0000 2056.3010   23.9712
    0.0000  -30.0000   45.0000 2062.1399   23.6141
    7.5000  -30.0000   45.0000 2048.8943   24.0881
   -7.5000  -22.5000   45.0000 2177.0188   21.2977
    0.0000  -22.5000   45.0000 2183.5393   20.9341
    7.5000  -22.5000   45.0000 2172.6680   21.3264
   -7.5000  -15.0000   45.0000 2289.1240   19.2724
    0.0000  -15.0000   45.0000 2299.7061   18.8613
    7.5000  -15.0000   45.0000 2294.2727   19.2265
   -7.5000   -7.5000   45.0000 2401.5481   17.6657
    0.0000   -7.5000   45.0000 2415.1609   17.3475
    7.5000   -7.5000   45.0000 2411.5405   17.6692
   -7.5000    0.0000   45.0000 2496.8142   16.4653
    0.0000    0.0000   45.0000 2510.0413   16.1693
    7.5000    0.0000   45.0000 2504.8384   16.4884
   -7.5000    7.5000   45.0000 2579.7991   15.6227
    0.0000    7.5000   45.0000 2589.1885   15.3293
    7.5000    7.5000   45.0000 2574.1628   15.6255
   -7.5000   15.0000   45.0000 2622.7046   15.1295
    0.0000   15.0000   45.0000 2633.4871   14.9103
    7.5000   15.0000   45.0000 2620.6555   15.1839
   -7.5000   22.5000   45.0000 2632.5798   15.0395
    0.0000   22.5000   45.0000 2649.5217   14.8538
    7.5000   22.5000   45.0000 2639.4099   15.0870
   -7.5000   30.0000   45.0000 2616.4258   15.2552
    0.0000   30.0000   45.0000 2631.3840   15.1077
    7.5000   30.0000   45.0000 2626.4497   15.3441
   -7.5000   37.5000   45.0000 2581.0454   15.6774
    0.0000   37.5000   45.0000 2596.9519   15.5327
    7.5000   37.5000   45.0000 2592.3015   15.7708
   -7.5000   45.0000   45.0000 2519.6577   16.2878
    0.0000   45.0000   45.0000 2540.5061   16.1306
    7.5000   45.0000   45.0000 2538.8660   16.3679
   -7.5000   52.5000   45.0000 2420.7993   17.1349
    0.0000   52.5000   45.0000 2445.0789   16.9679
    7.5000   52.5000   45.0000 2437.1917   17.1481

---------------------------------------------------------------------
imgreg_4dfp /opt/freesurfer/average/711-2C_as_mni_average_305 /opt/freesurfer/average/711-2B_as_mni_average_305_mask talsrcimg_g11 none talsrcimg_to_711-2C_as_mni_average_305_t4 1283
---------------------------------------------------------------------

freesurfer imgreg_4dfp.c
/opt/freesurfer/average/711-2C_as_mni_average_305.4dfp.img
       256       256       256         1
  1.000000  1.000000  1.000000
orientation T byte_order littleendian
Reading image: /opt/freesurfer/average/711-2C_as_mni_average_305.4dfp.img
dimensions:      256       256       256
mmppix:       1.0000   -1.0000   -1.0000
center:     128.0000 -129.0000 -129.0000
/opt/freesurfer/average/711-2B_as_mni_average_305_mask.4dfp.img
       256       256       256         1
  1.000000  1.000000  1.000000
orientation T byte_order littleendian
Reading mask: /opt/freesurfer/average/711-2B_as_mni_average_305_mask.4dfp.img (2306576 pixels)
talsrcimg_g11.4dfp.img
       256       256       256         1
  1.000000  1.000000  1.000000
orientation T byte_order littleendian
Reading image: talsrcimg_g11.4dfp.img
dimensions:      256       256       256
mmppix:       1.0000   -1.0000   -1.0000
center:     128.0000 -129.0000 -129.0000
rotation matrix determinant  1.000000
fimgreg.f
image alignment mode   1283 decimal      503 hex
parameters
    0.0000   22.5000    0.0000    0.0000    0.0000    0.0000
eta,q 0.94173 11.92179
niter,ni,del,rscale     5    3   12.0000    1.2000
parameter  2  1.042326 ->  0.500000 qaram    1.1500
parameter  4 10.252501 ->  0.500000 qaram    1.1500
parameters
    0.3343   19.0500    2.3469   -3.4500   -2.2729   -0.7656
eta,q 0.95483 11.91060
  0.0718  0.0537  0.0643  0.0436  0.0478  0.0495
  0.0640  0.0532  0.0599  0.0454  0.0461  0.0467
  0.0587  0.0555  0.0559  0.0482  0.0453  0.0453
  0.0573  0.0573  0.0539  0.0521  0.0461  0.0453
  0.0598  0.0586  0.0525  0.0557  0.0488  0.0465
  0.0636  0.0619  0.0526  0.0582  0.0531  0.0488
  0.0676  0.0660  0.0554  0.0613  0.0592  0.0519
niter,ni,del,rscale     6    3   12.0000    1.2000
parameter  4  1.317874 ->  0.500000 qaram    1.3225
parameters
    0.6943   20.1218    1.6762   -7.4175   -2.4722   -0.9636
eta,q 0.95941 11.98952
  0.0632  0.0617  0.0513  0.0385  0.0484  0.0450
  0.0554  0.0546  0.0472  0.0403  0.0451  0.0428
  0.0490  0.0488  0.0450  0.0417  0.0423  0.0411
  0.0452  0.0450  0.0445  0.0445  0.0406  0.0406
  0.0465  0.0452  0.0464  0.0484  0.0419  0.0414
  0.0530  0.0494  0.0501  0.0536  0.0454  0.0432
  0.0598  0.0542  0.0548  0.0582  0.0500  0.0457
niter,ni,del,rscale     6    3   12.0000    1.2000
parameter  4  0.988295 ->  0.500000 qaram    1.5209
parameters
    0.5152   20.7357    0.7170  -11.9801   -2.6485   -0.1325
eta,q 0.96495 12.07018
  0.0589  0.0563  0.0467  0.0363  0.0449  0.0431
  0.0494  0.0465  0.0429  0.0345  0.0401  0.0404
  0.0421  0.0412  0.0408  0.0385  0.0363  0.0373
  0.0406  0.0404  0.0408  0.0405  0.0353  0.0352
  0.0453  0.0427  0.0432  0.0430  0.0375  0.0356
  0.0523  0.0462  0.0468  0.0474  0.0410  0.0376
  0.0592  0.0492  0.0512  0.0531  0.0456  0.0402
niter,ni,del,rscale     6    3   12.0000    1.2000
parameters
    0.7555   22.2877   -0.3273  -14.8521   -3.2804   -0.1518
eta,q 0.96828 12.03787
  0.0570  0.0562  0.0423  0.0399  0.0420  0.0389
  0.0478  0.0460  0.0370  0.0351  0.0363  0.0356
  0.0397  0.0390  0.0352  0.0318  0.0325  0.0328
  0.0350  0.0349  0.0353  0.0351  0.0319  0.0317
  0.0375  0.0359  0.0376  0.0400  0.0349  0.0327
  0.0454  0.0379  0.0427  0.0452  0.0404  0.0354
  0.0544  0.0430  0.0487  0.0497  0.0462  0.0392
niter,ni,del,rscale     5    3   12.0000    1.2000
parameters
    1.0292   23.1040   -0.7705  -15.4504   -3.5931   -0.0990
eta,q 0.96874 12.00591
  0.0561  0.0519  0.0421  0.0445  0.0423  0.0389
  0.0460  0.0430  0.0354  0.0394  0.0369  0.0355
  0.0365  0.0358  0.0321  0.0331  0.0326  0.0326
  0.0317  0.0316  0.0316  0.0315  0.0312  0.0313
  0.0344  0.0327  0.0339  0.0356  0.0333  0.0321
  0.0428  0.0371  0.0387  0.0410  0.0387  0.0349
  0.0528  0.0449  0.0445  0.0484  0.0448  0.0390
niter,ni,del,rscale     4    3   12.0000    1.2000
parameters
    1.0516   23.2150   -0.9382  -15.6651   -3.6692   -0.0790
eta,q 0.96879 12.00155
  0.0543  0.0483  0.0430  0.0454  0.0430  0.0388
  0.0437  0.0404  0.0358  0.0404  0.0376  0.0354
  0.0348  0.0336  0.0319  0.0341  0.0330  0.0325
  0.0313  0.0313  0.0313  0.0312  0.0312  0.0312
  0.0350  0.0336  0.0333  0.0346  0.0327  0.0321
  0.0438  0.0395  0.0377  0.0398  0.0377  0.0349
  0.0537  0.0473  0.0433  0.0478  0.0440  0.0390
niter,ni,del,rscale     3    3   12.0000    1.2000
parameters
    1.0484   23.2277   -1.0148  -15.7403   -3.6877   -0.0721
eta,q 0.96881 12.00150
  0.0541  0.0477  0.0434  0.0456  0.0431  0.0387
  0.0434  0.0401  0.0360  0.0408  0.0378  0.0353
  0.0345  0.0334  0.0319  0.0345  0.0331  0.0324
  0.0312  0.0312  0.0312  0.0312  0.0312  0.0312
  0.0350  0.0338  0.0331  0.0342  0.0326  0.0321
  0.0439  0.0399  0.0374  0.0394  0.0375  0.0349
  0.0537  0.0475  0.0430  0.0474  0.0437  0.0390
niter,ni,del,rscale     2    3   12.0000    1.2000
parameters
    1.0445   23.2238   -1.0462  -15.7655   -3.6917   -0.0695
eta,q 0.96882 12.00188
  0.0541  0.0476  0.0436  0.0457  0.0432  0.0387
  0.0433  0.0401  0.0361  0.0409  0.0378  0.0353
  0.0345  0.0333  0.0319  0.0347  0.0331  0.0324
  0.0312  0.0312  0.0312  0.0312  0.0312  0.0312
  0.0350  0.0338  0.0330  0.0341  0.0326  0.0321
  0.0439  0.0400  0.0373  0.0392  0.0374  0.0349
  0.0536  0.0476  0.0428  0.0473  0.0437  0.0390
registration optimization eta report
parameter search radius
    6.0000    6.9000    6.0000    9.1253    6.0000    6.0000
100000*second partial in parameter space
       61.       34.       33.       17.       33.       21.
  0.0541  0.0476  0.0436  0.0457  0.0432  0.0387
  0.0433  0.0401  0.0361  0.0409  0.0378  0.0353
  0.0345  0.0333  0.0319  0.0347  0.0331  0.0324
  0.0312  0.0312  0.0312  0.0312  0.0312  0.0312
  0.0350  0.0338  0.0330  0.0341  0.0326  0.0321
  0.0439  0.0400  0.0373  0.0392  0.0374  0.0349
  0.0536  0.0476  0.0428  0.0473  0.0437  0.0390
    1.0445   23.2238   -1.0462  -15.7655   -3.6917   -0.0695
eta,q 0.96882 12.00188

---------------------------------------------------------------------
imgreg_4dfp /opt/freesurfer/average/711-2C_as_mni_average_305 /opt/freesurfer/average/711-2B_as_mni_average_305_mask talsrcimg_g11 none talsrcimg_to_711-2C_as_mni_average_305_t4 3335
---------------------------------------------------------------------

freesurfer imgreg_4dfp.c
/opt/freesurfer/average/711-2C_as_mni_average_305.4dfp.img
       256       256       256         1
  1.000000  1.000000  1.000000
orientation T byte_order littleendian
Reading image: /opt/freesurfer/average/711-2C_as_mni_average_305.4dfp.img
dimensions:      256       256       256
mmppix:       1.0000   -1.0000   -1.0000
center:     128.0000 -129.0000 -129.0000
/opt/freesurfer/average/711-2B_as_mni_average_305_mask.4dfp.img
       256       256       256         1
  1.000000  1.000000  1.000000
orientation T byte_order littleendian
Reading mask: /opt/freesurfer/average/711-2B_as_mni_average_305_mask.4dfp.img (2306576 pixels)
talsrcimg_g11.4dfp.img
       256       256       256         1
  1.000000  1.000000  1.000000
orientation T byte_order littleendian
Reading image: talsrcimg_g11.4dfp.img
dimensions:      256       256       256
mmppix:       1.0000   -1.0000   -1.0000
center:     128.0000 -129.0000 -129.0000
fimgreg.f
image alignment mode   3335 decimal      D07 hex
parameters
    1.0445   23.2238   -1.0462   -0.2076   -3.7598   -3.9615
   -1.6326    6.2296   -0.1211   27.1626   -6.4388  -27.1137
eta,q 0.96691 12.11271
niter,ni,del,rscale     5    3    5.0000    1.2000
parameter  4  0.571971 ->  0.500000 qaram    1.1500
parameter  5  3.162415 ->  0.500000 qaram    1.1500
parameters
    1.2169   23.1137   -1.0435   -4.3476   -7.8998   -4.5145
   -1.6910    6.4988    0.3400   24.6626   -7.5944  -26.0804
eta,q 0.97423 11.91848
  0.0377  0.0349  0.0352  0.0323  0.0238  0.0285  0.0293  0.0312  0.0286  0.0276  0.0266  0.0283
  0.0353  0.0338  0.0340  0.0319  0.0256  0.0275  0.0278  0.0286  0.0275  0.0263  0.0261  0.0269
  0.0337  0.0332  0.0333  0.0320  0.0285  0.0268  0.0268  0.0270  0.0268  0.0258  0.0258  0.0261
  0.0331  0.0331  0.0331  0.0331  0.0319  0.0263  0.0264  0.0264  0.0264  0.0264  0.0258  0.0258
  0.0334  0.0334  0.0334  0.0355  0.0354  0.0263  0.0267  0.0268  0.0265  0.0278  0.0261  0.0259
  0.0346  0.0341  0.0341  0.0392  0.0393  0.0274  0.0278  0.0282  0.0271  0.0298  0.0266  0.0263
  0.0365  0.0352  0.0351  0.0439  0.0430  0.0302  0.0295  0.0305  0.0282  0.0327  0.0272  0.0271
niter,ni,del,rscale     6    3    5.0000    1.2000
parameter  5  0.771862 ->  0.500000 qaram    1.3225
parameters
    1.5609   23.4647   -0.8011   -5.0889  -12.6608   -3.9233
   -1.5552    6.6358    0.0694   24.9443   -8.7848  -29.0316
eta,q 0.97711 11.78760
  0.0302  0.0297  0.0276  0.0286  0.0236  0.0253  0.0261  0.0277  0.0252  0.0265  0.0238  0.0234
  0.0281  0.0278  0.0266  0.0273  0.0232  0.0242  0.0246  0.0252  0.0241  0.0249  0.0234  0.0230
  0.0266  0.0264  0.0259  0.0263  0.0237  0.0236  0.0236  0.0237  0.0234  0.0238  0.0232  0.0229
  0.0258  0.0257  0.0256  0.0256  0.0257  0.0233  0.0232  0.0232  0.0232  0.0232  0.0232  0.0231
  0.0258  0.0257  0.0257  0.0258  0.0292  0.0231  0.0235  0.0237  0.0235  0.0233  0.0234  0.0237
  0.0266  0.0265  0.0261  0.0275  0.0333  0.0234  0.0244  0.0251  0.0243  0.0243  0.0238  0.0244
  0.0284  0.0279  0.0269  0.0309  0.0373  0.0250  0.0260  0.0272  0.0256  0.0263  0.0243  0.0253
niter,ni,del,rscale     6    3    5.0000    1.2000
parameters
    1.5715   24.0534   -0.7004   -4.0555  -15.5589   -4.1269
   -1.5092    6.7593   -0.1690   25.7026   -9.0432  -30.5010
eta,q 0.97782 11.72693
  0.0264  0.0273  0.0243  0.0270  0.0248  0.0241  0.0251  0.0269  0.0242  0.0253  0.0233  0.0231
  0.0246  0.0253  0.0234  0.0253  0.0232  0.0231  0.0237  0.0243  0.0232  0.0237  0.0226  0.0224
  0.0233  0.0238  0.0229  0.0239  0.0223  0.0226  0.0227  0.0227  0.0225  0.0227  0.0224  0.0222
  0.0229  0.0229  0.0227  0.0227  0.0224  0.0223  0.0223  0.0223  0.0223  0.0223  0.0223  0.0223
  0.0233  0.0227  0.0228  0.0222  0.0242  0.0221  0.0226  0.0229  0.0226  0.0224  0.0224  0.0226
  0.0244  0.0232  0.0233  0.0233  0.0282  0.0228  0.0235  0.0243  0.0233  0.0230  0.0228  0.0232
  0.0265  0.0245  0.0241  0.0259  0.0333  0.0248  0.0251  0.0263  0.0246  0.0243  0.0234  0.0241
niter,ni,del,rscale     5    3    5.0000    1.2000
parameters
    1.5108   24.4224   -0.7297   -3.7558  -16.5074   -4.1777
   -1.4780    6.7689   -0.1774   26.2121   -9.0009  -31.1430
eta,q 0.97786 11.70999
  0.0256  0.0257  0.0236  0.0261  0.0262  0.0241  0.0249  0.0266  0.0242  0.0249  0.0234  0.0234
  0.0237  0.0239  0.0227  0.0245  0.0242  0.0231  0.0235  0.0240  0.0231  0.0233  0.0226  0.0225
  0.0226  0.0227  0.0222  0.0232  0.0227  0.0225  0.0226  0.0225  0.0224  0.0224  0.0223  0.0222
  0.0222  0.0222  0.0221  0.0221  0.0220  0.0222  0.0222  0.0222  0.0222  0.0222  0.0222  0.0222
  0.0226  0.0222  0.0223  0.0220  0.0225  0.0220  0.0224  0.0229  0.0224  0.0223  0.0223  0.0225
  0.0239  0.0228  0.0228  0.0234  0.0249  0.0226  0.0234  0.0242  0.0230  0.0229  0.0227  0.0230
  0.0260  0.0240  0.0236  0.0264  0.0294  0.0247  0.0250  0.0263  0.0242  0.0241  0.0233  0.0237
niter,ni,del,rscale     4    3    5.0000    1.2000
parameters
    1.4717   24.5479   -0.7776   -3.7170  -16.8050   -4.1712
   -1.4606    6.7440   -0.1408   26.4360   -8.9491  -31.3797
eta,q 0.97784 11.70537
  0.0256  0.0250  0.0236  0.0260  0.0267  0.0242  0.0249  0.0265  0.0241  0.0246  0.0234  0.0236
  0.0237  0.0234  0.0227  0.0245  0.0246  0.0232  0.0235  0.0240  0.0231  0.0231  0.0227  0.0227
  0.0226  0.0225  0.0223  0.0232  0.0230  0.0225  0.0226  0.0225  0.0224  0.0223  0.0223  0.0222
  0.0221  0.0221  0.0221  0.0221  0.0221  0.0222  0.0222  0.0222  0.0222  0.0222  0.0222  0.0222
  0.0225  0.0224  0.0223  0.0221  0.0222  0.0220  0.0224  0.0229  0.0223  0.0224  0.0223  0.0224
  0.0238  0.0231  0.0228  0.0236  0.0241  0.0226  0.0234  0.0243  0.0230  0.0230  0.0227  0.0229
  0.0259  0.0244  0.0236  0.0267  0.0283  0.0247  0.0250  0.0263  0.0242  0.0242  0.0233  0.0236
niter,ni,del,rscale     3    3    5.0000    1.2000
parameters
    1.4551   24.5916   -0.8026   -3.7188  -16.9053   -4.1755
   -1.4519    6.7243   -0.1285   26.5155   -8.9233  -31.4674
eta,q 0.97782 11.70297
  0.0256  0.0248  0.0236  0.0259  0.0268  0.0242  0.0249  0.0265  0.0241  0.0245  0.0234  0.0237
  0.0238  0.0233  0.0228  0.0245  0.0247  0.0232  0.0235  0.0240  0.0231  0.0230  0.0227  0.0227
  0.0226  0.0225  0.0223  0.0232  0.0231  0.0226  0.0226  0.0225  0.0224  0.0223  0.0223  0.0223
  0.0222  0.0222  0.0222  0.0222  0.0222  0.0222  0.0222  0.0222  0.0222  0.0222  0.0222  0.0222
  0.0225  0.0224  0.0224  0.0222  0.0222  0.0220  0.0224  0.0229  0.0224  0.0224  0.0223  0.0224
  0.0238  0.0232  0.0229  0.0237  0.0240  0.0226  0.0234  0.0242  0.0230  0.0231  0.0227  0.0229
  0.0258  0.0246  0.0236  0.0268  0.0280  0.0248  0.0250  0.0263  0.0242  0.0243  0.0233  0.0236
niter,ni,del,rscale     2    3    5.0000    1.2000
parameters
    1.4468   24.6074   -0.8120   -3.7159  -16.9439   -4.1796
   -1.4489    6.7145   -0.1179   26.5455   -8.9053  -31.5058
eta,q 0.97781 11.70209
  0.0257  0.0247  0.0236  0.0260  0.0269  0.0242  0.0249  0.0265  0.0241  0.0245  0.0234  0.0237
  0.0238  0.0233  0.0228  0.0245  0.0248  0.0232  0.0235  0.0240  0.0231  0.0230  0.0227  0.0228
  0.0226  0.0225  0.0223  0.0232  0.0231  0.0226  0.0226  0.0225  0.0224  0.0223  0.0223  0.0223
  0.0222  0.0222  0.0222  0.0222  0.0222  0.0222  0.0222  0.0222  0.0222  0.0222  0.0222  0.0222
  0.0225  0.0225  0.0224  0.0222  0.0222  0.0220  0.0224  0.0229  0.0224  0.0225  0.0224  0.0224
  0.0238  0.0233  0.0229  0.0237  0.0239  0.0226  0.0234  0.0242  0.0230  0.0231  0.0228  0.0229
  0.0258  0.0246  0.0236  0.0268  0.0279  0.0248  0.0250  0.0262  0.0242  0.0243  0.0233  0.0236
registration optimization eta report
parameter search radius
    2.4000    2.4000    2.4000    8.2800    9.5220    7.2000
    7.2000    7.2000    7.2000    7.2000    7.2000    7.2000
100000*second partial in parameter space
       61.       43.       25.        6.        6.        5.
        5.        8.        4.        4.        2.        3.
  0.0257  0.0247  0.0236  0.0260  0.0269  0.0242  0.0249  0.0265  0.0241  0.0245  0.0234  0.0237
  0.0238  0.0233  0.0228  0.0245  0.0248  0.0232  0.0235  0.0240  0.0231  0.0230  0.0227  0.0228
  0.0226  0.0225  0.0223  0.0232  0.0231  0.0226  0.0226  0.0225  0.0224  0.0223  0.0223  0.0223
  0.0222  0.0222  0.0222  0.0222  0.0222  0.0222  0.0222  0.0222  0.0222  0.0222  0.0222  0.0222
  0.0225  0.0225  0.0224  0.0222  0.0222  0.0220  0.0224  0.0229  0.0224  0.0225  0.0224  0.0224
  0.0238  0.0233  0.0229  0.0237  0.0239  0.0226  0.0234  0.0242  0.0230  0.0231  0.0228  0.0229
  0.0258  0.0246  0.0236  0.0268  0.0279  0.0248  0.0250  0.0262  0.0242  0.0243  0.0233  0.0236
    1.4468   24.6074   -0.8120   -3.7159  -16.9439   -4.1796
   -1.4489    6.7145   -0.1179   26.5455   -8.9053  -31.5058
eta,q 0.97781 11.70209

---------------------------------------------------------------------
imgreg_4dfp /opt/freesurfer/average/711-2C_as_mni_average_305 /opt/freesurfer/average/711-2B_as_mni_average_305_mask talsrcimg_g11 none talsrcimg_to_711-2C_as_mni_average_305_t4 2311
---------------------------------------------------------------------

freesurfer imgreg_4dfp.c
/opt/freesurfer/average/711-2C_as_mni_average_305.4dfp.img
       256       256       256         1
  1.000000  1.000000  1.000000
orientation T byte_order littleendian
Reading image: /opt/freesurfer/average/711-2C_as_mni_average_305.4dfp.img
dimensions:      256       256       256
mmppix:       1.0000   -1.0000   -1.0000
center:     128.0000 -129.0000 -129.0000
/opt/freesurfer/average/711-2B_as_mni_average_305_mask.4dfp.img
       256       256       256         1
  1.000000  1.000000  1.000000
orientation T byte_order littleendian
Reading mask: /opt/freesurfer/average/711-2B_as_mni_average_305_mask.4dfp.img (2306576 pixels)
talsrcimg_g11.4dfp.img
       256       256       256         1
  1.000000  1.000000  1.000000
orientation T byte_order littleendian
Reading image: talsrcimg_g11.4dfp.img
dimensions:      256       256       256
mmppix:       1.0000   -1.0000   -1.0000
center:     128.0000 -129.0000 -129.0000
fimgreg.f
image alignment mode   2311 decimal      907 hex
parameters
    1.4468   24.6074   -0.8120   -3.7159  -16.9439   -4.1796
   -1.4489    6.7145   -0.1179   26.5455   -8.9053  -31.5058
eta,q 0.97781 11.70209
niter,ni,del,rscale     5    3    5.0000    0.8000
parameters
    1.4726   24.6005   -0.8391   -2.7323  -15.7712   -3.5686
   -1.7259    6.9442   -0.2735   26.7935   -8.3396  -31.0602
eta,q 0.97816 11.82253
  0.0238  0.0233  0.0228  0.0241  0.0238  0.0230  0.0231  0.0243  0.0227  0.0230  0.0227  0.0228
  0.0230  0.0227  0.0225  0.0234  0.0230  0.0225  0.0224  0.0229  0.0223  0.0223  0.0222  0.0222
  0.0224  0.0223  0.0222  0.0227  0.0224  0.0221  0.0220  0.0221  0.0219  0.0220  0.0220  0.0219
  0.0222  0.0222  0.0222  0.0222  0.0220  0.0219  0.0218  0.0218  0.0218  0.0218  0.0218  0.0218
  0.0223  0.0223  0.0223  0.0220  0.0219  0.0218  0.0220  0.0221  0.0220  0.0219  0.0219  0.0219
  0.0229  0.0227  0.0225  0.0223  0.0221  0.0219  0.0226  0.0228  0.0223  0.0222  0.0220  0.0221
  0.0238  0.0233  0.0229  0.0232  0.0227  0.0227  0.0235  0.0238  0.0229  0.0228  0.0223  0.0224
niter,ni,del,rscale     4    3    5.0000    0.7000
parameters
    1.4433   24.4017   -0.9032   -2.4928  -15.4180   -2.9881
   -1.5983    7.0001   -0.2958   26.8655   -7.9784  -30.8086
eta,q 0.97831 11.86678
  0.0231  0.0225  0.0223  0.0233  0.0230  0.0226  0.0229  0.0236  0.0224  0.0226  0.0223  0.0224
  0.0224  0.0221  0.0220  0.0227  0.0224  0.0223  0.0223  0.0225  0.0220  0.0221  0.0220  0.0220
  0.0220  0.0219  0.0219  0.0221  0.0220  0.0220  0.0219  0.0218  0.0218  0.0218  0.0218  0.0218
  0.0218  0.0218  0.0218  0.0218  0.0218  0.0218  0.0217  0.0217  0.0217  0.0217  0.0217  0.0217
  0.0220  0.0220  0.0219  0.0218  0.0218  0.0216  0.0218  0.0219  0.0218  0.0218  0.0217  0.0217
  0.0225  0.0224  0.0221  0.0223  0.0221  0.0218  0.0221  0.0225  0.0220  0.0221  0.0219  0.0219
  0.0232  0.0230  0.0224  0.0232  0.0228  0.0224  0.0228  0.0234  0.0225  0.0226  0.0221  0.0222
niter,ni,del,rscale     3    3    5.0000    0.6000
parameters
    1.4211   24.3046   -0.8957   -2.3672  -15.2081   -2.7040
   -1.5381    6.9784   -0.2935   26.8643   -7.7953  -30.6698
eta,q 0.97837 11.88726
  0.0227  0.0223  0.0221  0.0228  0.0226  0.0223  0.0225  0.0230  0.0222  0.0223  0.0221  0.0221
  0.0221  0.0219  0.0219  0.0223  0.0221  0.0221  0.0220  0.0222  0.0219  0.0220  0.0218  0.0219
  0.0218  0.0217  0.0217  0.0219  0.0218  0.0218  0.0217  0.0217  0.0217  0.0217  0.0217  0.0217
  0.0217  0.0217  0.0217  0.0217  0.0217  0.0217  0.0216  0.0216  0.0216  0.0216  0.0216  0.0216
  0.0218  0.0218  0.0217  0.0217  0.0217  0.0216  0.0217  0.0218  0.0217  0.0217  0.0217  0.0217
  0.0222  0.0221  0.0219  0.0221  0.0219  0.0217  0.0220  0.0223  0.0219  0.0219  0.0218  0.0218
  0.0227  0.0225  0.0221  0.0228  0.0225  0.0223  0.0225  0.0230  0.0222  0.0224  0.0220  0.0221
niter,ni,del,rscale     2    3    5.0000    0.5000
parameters
    1.4073   24.2622   -0.8845   -2.3000  -15.0868   -2.4467
   -1.5394    6.9634   -0.3023   26.9042   -7.6733  -30.6236
eta,q 0.97841 11.90239
  0.0223  0.0221  0.0219  0.0225  0.0222  0.0221  0.0222  0.0226  0.0220  0.0221  0.0219  0.0219
  0.0219  0.0218  0.0218  0.0221  0.0220  0.0219  0.0219  0.0220  0.0218  0.0218  0.0217  0.0217
  0.0217  0.0217  0.0217  0.0218  0.0217  0.0218  0.0217  0.0217  0.0216  0.0217  0.0216  0.0216
  0.0216  0.0216  0.0216  0.0216  0.0216  0.0216  0.0216  0.0216  0.0216  0.0216  0.0216  0.0216
  0.0217  0.0217  0.0217  0.0217  0.0216  0.0216  0.0217  0.0217  0.0216  0.0216  0.0216  0.0216
  0.0220  0.0219  0.0218  0.0220  0.0218  0.0217  0.0219  0.0220  0.0218  0.0218  0.0217  0.0217
  0.0224  0.0222  0.0219  0.0225  0.0222  0.0221  0.0222  0.0226  0.0220  0.0221  0.0219  0.0219
niter,ni,del,rscale     1    3    5.0000    0.4000
parameters
    1.4012   24.2349   -0.8672   -2.2516  -14.9972   -2.2087
   -1.5377    6.9719   -0.3085   26.9550   -7.5747  -30.5940
eta,q 0.97844 11.91497
  0.0220  0.0219  0.0218  0.0222  0.0220  0.0220  0.0220  0.0222  0.0218  0.0219  0.0218  0.0218
  0.0218  0.0217  0.0217  0.0219  0.0218  0.0218  0.0217  0.0218  0.0217  0.0217  0.0217  0.0217
  0.0216  0.0216  0.0216  0.0217  0.0217  0.0217  0.0216  0.0216  0.0216  0.0216  0.0216  0.0216
  0.0216  0.0216  0.0216  0.0216  0.0216  0.0216  0.0216  0.0216  0.0216  0.0216  0.0216  0.0216
  0.0216  0.0216  0.0216  0.0216  0.0216  0.0216  0.0216  0.0217  0.0216  0.0216  0.0216  0.0216
  0.0218  0.0218  0.0217  0.0218  0.0217  0.0216  0.0217  0.0219  0.0217  0.0217  0.0216  0.0217
  0.0221  0.0219  0.0218  0.0221  0.0220  0.0219  0.0220  0.0222  0.0218  0.0219  0.0217  0.0218
registration optimization eta report
parameter search radius
    0.8000    0.8000    0.8000    2.4000    2.4000    2.4000
    2.4000    2.4000    2.4000    2.4000    2.4000    2.4000
100000*second partial in parameter space
       73.       52.       32.       10.        7.        6.
        7.       11.        5.        6.        3.        4.
  0.0220  0.0219  0.0218  0.0222  0.0220  0.0220  0.0220  0.0222  0.0218  0.0219  0.0218  0.0218
  0.0218  0.0217  0.0217  0.0219  0.0218  0.0218  0.0217  0.0218  0.0217  0.0217  0.0217  0.0217
  0.0216  0.0216  0.0216  0.0217  0.0217  0.0217  0.0216  0.0216  0.0216  0.0216  0.0216  0.0216
  0.0216  0.0216  0.0216  0.0216  0.0216  0.0216  0.0216  0.0216  0.0216  0.0216  0.0216  0.0216
  0.0216  0.0216  0.0216  0.0216  0.0216  0.0216  0.0216  0.0217  0.0216  0.0216  0.0216  0.0216
  0.0218  0.0218  0.0217  0.0218  0.0217  0.0216  0.0217  0.0219  0.0217  0.0217  0.0216  0.0217
  0.0221  0.0219  0.0218  0.0221  0.0220  0.0219  0.0220  0.0222  0.0218  0.0219  0.0217  0.0218
    1.4012   24.2349   -0.8672   -2.2516  -14.9972   -2.2087
   -1.5377    6.9719   -0.3085   26.9550   -7.5747  -30.5940
eta,q 0.97844 11.91497

---------------------------------------------------------------------
imgreg_4dfp /opt/freesurfer/average/711-2C_as_mni_average_305 /opt/freesurfer/average/711-2B_as_mni_average_305_mask talsrcimg_g11 none talsrcimg_to_711-2C_as_mni_average_305_t4 2311
---------------------------------------------------------------------

freesurfer imgreg_4dfp.c
/opt/freesurfer/average/711-2C_as_mni_average_305.4dfp.img
       256       256       256         1
  1.000000  1.000000  1.000000
orientation T byte_order littleendian
Reading image: /opt/freesurfer/average/711-2C_as_mni_average_305.4dfp.img
dimensions:      256       256       256
mmppix:       1.0000   -1.0000   -1.0000
center:     128.0000 -129.0000 -129.0000
/opt/freesurfer/average/711-2B_as_mni_average_305_mask.4dfp.img
       256       256       256         1
  1.000000  1.000000  1.000000
orientation T byte_order littleendian
Reading mask: /opt/freesurfer/average/711-2B_as_mni_average_305_mask.4dfp.img (2306576 pixels)
talsrcimg_g11.4dfp.img
       256       256       256         1
  1.000000  1.000000  1.000000
orientation T byte_order littleendian
Reading image: talsrcimg_g11.4dfp.img
dimensions:      256       256       256
mmppix:       1.0000   -1.0000   -1.0000
center:     128.0000 -129.0000 -129.0000
fimgreg.f
image alignment mode   2311 decimal      907 hex
parameters
    1.4012   24.2349   -0.8672   -2.2516  -14.9972   -2.2087
   -1.5377    6.9719   -0.3085   26.9550   -7.5747  -30.5940
eta,q 0.97843 11.91497
niter,ni,del,rscale     5    3    5.0000    0.8000
parameters
    1.3815   24.2239   -0.7953   -2.6220  -15.4123   -2.8791
   -1.3807    6.8493   -0.2240   26.6335   -7.9561  -30.5271
eta,q 0.97832 11.85786
  0.0234  0.0229  0.0225  0.0232  0.0229  0.0226  0.0232  0.0239  0.0227  0.0227  0.0223  0.0225
  0.0224  0.0221  0.0220  0.0225  0.0222  0.0222  0.0224  0.0226  0.0222  0.0221  0.0219  0.0220
  0.0218  0.0217  0.0217  0.0218  0.0218  0.0219  0.0219  0.0218  0.0218  0.0218  0.0217  0.0218
  0.0216  0.0216  0.0216  0.0216  0.0216  0.0216  0.0217  0.0217  0.0217  0.0217  0.0217  0.0217
  0.0218  0.0217  0.0217  0.0218  0.0217  0.0217  0.0218  0.0221  0.0218  0.0219  0.0218  0.0218
  0.0224  0.0222  0.0219  0.0226  0.0224  0.0224  0.0223  0.0228  0.0221  0.0223  0.0221  0.0220
  0.0235  0.0229  0.0223  0.0241  0.0237  0.0239  0.0231  0.0240  0.0226  0.0231  0.0224  0.0224
niter,ni,del,rscale     4    3    5.0000    0.7000
parameters
    1.4295   24.2940   -0.8202   -2.5461  -15.3129   -2.9448
   -1.4966    6.9006   -0.2402   26.6681   -7.9989  -30.5947
eta,q 0.97833 11.86351
  0.0231  0.0227  0.0222  0.0232  0.0228  0.0225  0.0227  0.0235  0.0224  0.0226  0.0222  0.0223
  0.0224  0.0222  0.0219  0.0225  0.0223  0.0221  0.0222  0.0225  0.0220  0.0221  0.0219  0.0219
  0.0219  0.0218  0.0217  0.0220  0.0219  0.0219  0.0218  0.0218  0.0218  0.0218  0.0217  0.0217
  0.0217  0.0217  0.0217  0.0217  0.0217  0.0217  0.0217  0.0217  0.0217  0.0217  0.0217  0.0217
  0.0218  0.0218  0.0218  0.0218  0.0217  0.0216  0.0218  0.0219  0.0218  0.0218  0.0217  0.0218
  0.0222  0.0220  0.0220  0.0223  0.0221  0.0219  0.0222  0.0225  0.0220  0.0221  0.0219  0.0220
  0.0230  0.0225  0.0223  0.0232  0.0228  0.0228  0.0229  0.0233  0.0225  0.0226  0.0222  0.0223
niter,ni,del,rscale     3    3    5.0000    0.6000
parameters
    1.4288   24.2870   -0.8517   -2.4230  -15.1921   -2.7239
   -1.5487    6.9520   -0.2761   26.7926   -7.8717  -30.6155
eta,q 0.97837 11.88327
  0.0227  0.0224  0.0221  0.0228  0.0225  0.0223  0.0225  0.0231  0.0222  0.0224  0.0221  0.0221
  0.0221  0.0220  0.0218  0.0223  0.0221  0.0220  0.0220  0.0222  0.0219  0.0220  0.0218  0.0218
  0.0218  0.0217  0.0217  0.0219  0.0218  0.0218  0.0217  0.0218  0.0217  0.0217  0.0217  0.0217
  0.0217  0.0217  0.0217  0.0217  0.0217  0.0217  0.0216  0.0216  0.0216  0.0216  0.0216  0.0216
  0.0218  0.0218  0.0217  0.0217  0.0217  0.0216  0.0217  0.0218  0.0217  0.0217  0.0217  0.0217
  0.0221  0.0220  0.0219  0.0221  0.0219  0.0218  0.0220  0.0222  0.0219  0.0219  0.0218  0.0219
  0.0227  0.0224  0.0221  0.0228  0.0225  0.0223  0.0225  0.0229  0.0222  0.0223  0.0220  0.0221
niter,ni,del,rscale     2    3    5.0000    0.5000
parameters
    1.4176   24.2605   -0.8734   -2.3253  -15.0871   -2.4616
   -1.5434    6.9707   -0.2940   26.8855   -7.6981  -30.6149
eta,q 0.97841 11.90069
  0.0223  0.0221  0.0219  0.0225  0.0222  0.0221  0.0222  0.0226  0.0220  0.0222  0.0219  0.0219
  0.0219  0.0218  0.0218  0.0221  0.0220  0.0219  0.0219  0.0220  0.0218  0.0219  0.0217  0.0217
  0.0217  0.0217  0.0217  0.0218  0.0217  0.0218  0.0217  0.0217  0.0216  0.0217  0.0216  0.0216
  0.0216  0.0216  0.0216  0.0216  0.0216  0.0216  0.0216  0.0216  0.0216  0.0216  0.0216  0.0216
  0.0217  0.0217  0.0217  0.0217  0.0216  0.0216  0.0217  0.0217  0.0216  0.0216  0.0216  0.0216
  0.0220  0.0219  0.0218  0.0220  0.0218  0.0217  0.0219  0.0220  0.0218  0.0218  0.0217  0.0217
  0.0224  0.0222  0.0219  0.0224  0.0222  0.0221  0.0222  0.0225  0.0220  0.0221  0.0218  0.0219
niter,ni,del,rscale     1    3    5.0000    0.4000
parameters
    1.4027   24.2388   -0.8640   -2.2545  -14.9996   -2.1963
   -1.5466    6.9757   -0.3228   26.9453   -7.5724  -30.6007
eta,q 0.97843 11.91504
  0.0220  0.0219  0.0218  0.0222  0.0220  0.0220  0.0220  0.0222  0.0218  0.0219  0.0218  0.0218
  0.0218  0.0217  0.0217  0.0219  0.0218  0.0218  0.0217  0.0218  0.0217  0.0217  0.0217  0.0217
  0.0216  0.0216  0.0216  0.0217  0.0217  0.0217  0.0216  0.0216  0.0216  0.0216  0.0216  0.0216
  0.0216  0.0216  0.0216  0.0216  0.0216  0.0216  0.0216  0.0216  0.0216  0.0216  0.0216  0.0216
  0.0216  0.0216  0.0216  0.0216  0.0216  0.0215  0.0216  0.0216  0.0216  0.0216  0.0216  0.0216
  0.0218  0.0217  0.0217  0.0218  0.0217  0.0216  0.0217  0.0219  0.0217  0.0217  0.0216  0.0217
  0.0221  0.0219  0.0218  0.0221  0.0220  0.0219  0.0220  0.0222  0.0218  0.0219  0.0217  0.0218
registration optimization eta report
parameter search radius
    0.8000    0.8000    0.8000    2.4000    2.4000    2.4000
    2.4000    2.4000    2.4000    2.4000    2.4000    2.4000
100000*second partial in parameter space
       73.       51.       32.       10.        7.        6.
        7.       11.        5.        6.        3.        4.
  0.0220  0.0219  0.0218  0.0222  0.0220  0.0220  0.0220  0.0222  0.0218  0.0219  0.0218  0.0218
  0.0218  0.0217  0.0217  0.0219  0.0218  0.0218  0.0217  0.0218  0.0217  0.0217  0.0217  0.0217
  0.0216  0.0216  0.0216  0.0217  0.0217  0.0217  0.0216  0.0216  0.0216  0.0216  0.0216  0.0216
  0.0216  0.0216  0.0216  0.0216  0.0216  0.0216  0.0216  0.0216  0.0216  0.0216  0.0216  0.0216
  0.0216  0.0216  0.0216  0.0216  0.0216  0.0215  0.0216  0.0216  0.0216  0.0216  0.0216  0.0216
  0.0218  0.0217  0.0217  0.0218  0.0217  0.0216  0.0217  0.0219  0.0217  0.0217  0.0216  0.0217
  0.0221  0.0219  0.0218  0.0221  0.0220  0.0219  0.0220  0.0222  0.0218  0.0219  0.0217  0.0218
    1.4027   24.2388   -0.8640   -2.2545  -14.9996   -2.1963
   -1.5466    6.9757   -0.3228   26.9453   -7.5724  -30.6007
eta,q 0.97843 11.91504

---------------------------------------------------------------------
compute_vox2vox talsrcimg talsrcimg_to_711-2C_as_mni_average_305_t4 /opt/freesurfer/average/711-2C_as_mni_average_305
---------------------------------------------------------------------

freesurfer compute_vox2vox.c
Reading: talsrcimg.4dfp.ifh
Reading: talsrcimg_to_711-2C_as_mni_average_305_t4
Reading: /opt/freesurfer/average/711-2C_as_mni_average_305.4dfp.ifh
Writing: talsrcimg_to_711-2C_as_mni_average_305_t4_vox2vox.txt

start time Mon Mar 9 12:27:29 CET 2026
end		time Mon Mar 9 12:28:56 CET 2026

mpr2mni305 success

avi2talxfm orig_nu.mgz /opt/freesurfer/average/mni305.cor.mgz talsrcimg_to_711-2C_as_mni_average_305_t4_vox2vox.txt transforms/talairach.auto.xfm
avi2talxfm done
mv -f /out/sourcedata/freesurfer/sub-v1s22x0050456_ses-1/mri/talsrcimg_to_711-2C_as_mni_average_305_t4_vox2vox.txt /out/sourcedata/freesurfer/sub-v1s22x0050456_ses-1/mri/transforms/talsrcimg_to_711-2C_as_mni_average_305_t4_vox2vox.txt
lta_convert --src orig_nu.mgz --trg /opt/freesurfer/average/mni305.cor.mgz --inxfm transforms/talairach.auto.xfm --outlta transforms/talairach.auto.xfm.lta --subject fsaverage
7.3.2

--src: orig_nu.mgz src image (geometry).
--trg: /opt/freesurfer/average/mni305.cor.mgz trg image (geometry).
--inmni: transforms/talairach.auto.xfm input MNI/XFM transform.
--outlta: transforms/talairach.auto.xfm.lta output LTA.
--s: fsaverage subject name
 LTA read, type : 1
 1.01757  -0.07067  -0.00693   5.97034;
 0.07278   0.92514   0.33438  -44.01204;
-0.01921  -0.29354   1.07044   13.01228;
 0.00000   0.00000   0.00000   1.00000;
setting subject to fsaverage
Writing  LTA to file transforms/talairach.auto.xfm.lta...
lta_convert successful.
 
 
Started at Mon Mar 9 12:27:29 CET 2026
Ended   at Mon Mar  9 12:28:56 CET 2026
talairach_avi done
