/out/sourcedata/freesurfer/sub-v1s22x0050522_ses-1/mri
/opt/freesurfer/bin/talairach_avi
--i orig_nu.mgz --xfm transforms/talairach.auto.xfm
talairach_avi 7.3.2
Linux dna006 5.14.0-427.37.1.el9_4.x86_64 #1 SMP PREEMPT_DYNAMIC Fri Sep 13 12:41:50 EDT 2024 x86_64 x86_64 x86_64 GNU/Linux
Mon Mar  9 16:21:07 CET 2026
mri_convert orig_nu.mgz talsrcimg.img 
reading from orig_nu.mgz...
TR=0.00, TE=0.00, TI=0.00, flip angle=0.00
i_ras = (-1, 0, 0)
j_ras = (0, 0, -1)
k_ras = (0, 1, 0)
writing to talsrcimg.img...
Analyze Output Matrix
-1.00000   0.00000   0.00000   128.82437;
 0.00000   0.00000   1.00000  -91.46622;
 0.00000  -1.00000   0.00000   114.73341;
 0.00000   0.00000   0.00000   1.00000;
--------------------
INFO: set hdr.hist.orient to -1
mpr2mni305 talsrcimg
Mon Mar  9 16:21:08 CET 2026
/opt/freesurfer/bin/mpr2mni305 talsrcimg
mpr2mni305 7.3.2
target=711-2C_as_mni_average_305

---------------------------------------------------------------------
analyzeto4dfp talsrcimg -O0 -y
---------------------------------------------------------------------

freesurfer ifh2hdr.c
Mon Mar  9 16:21:08 2026
Writing: talsrcimg.4dfp.hdr
freesurfer analyzeto4dfp.c
Reading: talsrcimg.hdr
header size 348 bytes
hdr.dime.datatype	offset=70	value=2
hdr.dime.bitpix		offset=72	value=8
hdr.hist.orient		offset=252	value=-1
dimensionality     4
dimensions       256       256       256         1
Reading: talsrcimg.img
Writing: talsrcimg.4dfp.img
Writing: talsrcimg.4dfp.ifh
ifh2hdr talsrcimg -r0to219
ori=2

---------------------------------------------------------------------
gauss_4dfp talsrcimg 1.1
---------------------------------------------------------------------

freesurfer gauss_4dfp.c
Reading: talsrcimg.4dfp.img
Writing: talsrcimg_g11.4dfp.img
image dimensions 256 256 256 padded to 288 288 288
processing volume 1freesurfer ifh2hdr.c
Mon Mar  9 16:21:10 2026
Writing: talsrcimg_g11.4dfp.hdr

Writing: talsrcimg_g11.4dfp.ifh
including: talsrcimg.4dfp.img.rec in talsrcimg_g11.4dfp.img.rec

---------------------------------------------------------------------
imgreg_4dfp /opt/freesurfer/average/711-2C_as_mni_average_305 none talsrcimg_g11 none talsrcimg_to_711-2C_as_mni_average_305_t4 4355
---------------------------------------------------------------------

freesurfer imgreg_4dfp.c
/opt/freesurfer/average/711-2C_as_mni_average_305.4dfp.img
       256       256       256         1
  1.000000  1.000000  1.000000
orientation T byte_order littleendian
Reading image: /opt/freesurfer/average/711-2C_as_mni_average_305.4dfp.img
dimensions:      256       256       256
mmppix:       1.0000   -1.0000   -1.0000
center:     128.0000 -129.0000 -129.0000
talsrcimg_g11.4dfp.img
       256       256       256         1
  1.000000  1.000000  1.000000
orientation T byte_order littleendian
Reading image: talsrcimg_g11.4dfp.img
dimensions:      256       256       256
mmppix:       1.0000   -1.0000   -1.0000
center:     128.0000 -129.0000 -129.0000
t4_read: open error in t4_sub.f l:  41 t4_file(1:l)talsrcimg_to_711-2C_as_mni_average_305_t4 
t4_read: transform initialized to I4
rotation matrix determinant  1.000000
image alignment mode   4355 decimal     1103 hex
   -7.5000  -45.0000  -45.0000 7316.3130   15.8401
    0.0000  -45.0000  -45.0000 7718.4546   15.8422
    7.5000  -45.0000  -45.0000 7389.4985   15.8504
   -7.5000  -37.5000  -45.0000 7835.8633   15.4949
    0.0000  -37.5000  -45.0000 8268.2656   15.4928
    7.5000  -37.5000  -45.0000 7897.9971   15.5015
   -7.5000  -30.0000  -45.0000 8748.0078   15.3603
    0.0000  -30.0000  -45.0000 9194.8799   15.3464
    7.5000  -30.0000  -45.0000 8761.7725   15.3507
   -7.5000  -22.5000  -45.0000 9677.0098   15.3033
    0.0000  -22.5000  -45.000010153.6270   15.2809
    7.5000  -22.5000  -45.0000 9646.2861   15.2808
   -7.5000  -15.0000  -45.000010570.8018   15.2490
    0.0000  -15.0000  -45.000011061.0508   15.2304
    7.5000  -15.0000  -45.000010501.7861   15.2307
   -7.5000   -7.5000  -45.000011412.3213   15.2369
    0.0000   -7.5000  -45.000011933.1289   15.2307
    7.5000   -7.5000  -45.000011321.7129   15.2349
   -7.5000    0.0000  -45.000012200.6318   15.2461
    0.0000    0.0000  -45.000012733.4785   15.2483
    7.5000    0.0000  -45.000012095.9531   15.2566
   -7.5000    7.5000  -45.000012032.4688   15.2666
    0.0000    7.5000  -45.000012556.3613   15.2652
    7.5000    7.5000  -45.000011890.8008   15.2743
   -7.5000   15.0000  -45.000011665.5479   15.2802
    0.0000   15.0000  -45.000012184.1240   15.2666
    7.5000   15.0000  -45.000011496.7012   15.2714
   -7.5000   22.5000  -45.000011111.5176   15.2681
    0.0000   22.5000  -45.000011628.1162   15.2458
    7.5000   22.5000  -45.000010953.3457   15.2460
   -7.5000   30.0000  -45.000010521.7656   15.0443
    0.0000   30.0000  -45.000011065.1045   15.0260
    7.5000   30.0000  -45.000010383.0791   15.0264
   -7.5000   37.5000  -45.000010252.2822   15.0339
    0.0000   37.5000  -45.000010799.1641   15.0278
    7.5000   37.5000  -45.000010135.8896   15.0318
   -7.5000   45.0000  -45.0000 9497.0293   14.6610
    0.0000   45.0000  -45.000010001.2451   14.6630
    7.5000   45.0000  -45.0000 9374.4893   14.6711
   -7.5000  -45.0000  -37.5000 7615.1074   15.8751
    0.0000  -45.0000  -37.5000 8037.4634   15.8665
    7.5000  -45.0000  -37.5000 7673.3853   15.8703
   -7.5000  -37.5000  -37.5000 8188.5742   15.5335
    0.0000  -37.5000  -37.5000 8648.8193   15.5187
    7.5000  -37.5000  -37.5000 8224.2842   15.5210
   -7.5000  -30.0000  -37.5000 9162.9150   15.3986
    0.0000  -30.0000  -37.5000 9642.0371   15.3737
    7.5000  -30.0000  -37.5000 9162.8135   15.3698
   -7.5000  -22.5000  -37.500010126.3564   15.3359
    0.0000  -22.5000  -37.500010624.7744   15.3064
    7.5000  -22.5000  -37.500010091.6982   15.2982
   -7.5000  -15.0000  -37.500011077.1074   15.2761
    0.0000  -15.0000  -37.500011593.0898   15.2523
    7.5000  -15.0000  -37.500011017.8418   15.2463
   -7.5000   -7.5000  -37.500011963.5967   15.2644
    0.0000   -7.5000  -37.500012511.9883   15.2514
    7.5000   -7.5000  -37.500011860.2412   15.2508
   -7.5000    0.0000  -37.500012789.0869   15.2784
    0.0000    0.0000  -37.500013320.7900   15.2704
    7.5000    0.0000  -37.500012650.6777   15.2743
   -7.5000    7.5000  -37.500012625.0596   15.3039
    0.0000    7.5000  -37.500013152.0059   15.2901
    7.5000    7.5000  -37.500012427.2480   15.2931
   -7.5000   15.0000  -37.500012233.4297   15.3179
    0.0000   15.0000  -37.500012745.0146   15.2935
    7.5000   15.0000  -37.500012020.0166   15.2903
   -7.5000   22.5000  -37.500011663.8584   15.3005
    0.0000   22.5000  -37.500012144.6689   15.2710
    7.5000   22.5000  -37.500011461.3125   15.2633
   -7.5000   30.0000  -37.500011031.9111   15.0711
    0.0000   30.0000  -37.500011536.4092   15.0476
    7.5000   30.0000  -37.500010846.8018   15.0417
   -7.5000   37.5000  -37.500010771.3252   15.0610
    0.0000   37.5000  -37.500011280.9004   15.0481
    7.5000   37.5000  -37.500010595.8662   15.0476
   -7.5000   45.0000  -37.5000 9991.5967   14.6920
    0.0000   45.0000  -37.500010470.0488   14.6843
    7.5000   45.0000  -37.5000 9811.4502   14.6881
   -7.5000  -45.0000  -30.0000 8034.5498   16.5914
    0.0000  -45.0000  -30.0000 8464.6211   16.5753
    7.5000  -45.0000  -30.0000 8068.0742   16.5752
   -7.5000  -37.5000  -30.0000 8667.8428   16.2400
    0.0000  -37.5000  -30.0000 9133.2041   16.2149
    7.5000  -37.5000  -30.0000 8684.1191   16.2112
   -7.5000  -30.0000  -30.0000 9702.8672   16.0980
    0.0000  -30.0000  -30.000010200.1719   16.0626
    7.5000  -30.0000  -30.0000 9690.7646   16.0508
   -7.5000  -22.5000  -30.000010746.3359   16.0234
    0.0000  -22.5000  -30.000011258.7656   15.9864
    7.5000  -22.5000  -30.000010683.7666   15.9706
   -7.5000  -15.0000  -30.000011765.5518   15.9531
    0.0000  -15.0000  -30.000012299.4033   15.9248
    7.5000  -15.0000  -30.000011673.8281   15.9126
   -7.5000   -7.5000  -30.000012733.8311   15.9429
    0.0000   -7.5000  -30.000013296.2344   15.9251
    7.5000   -7.5000  -30.000012598.4131   15.9202
   -7.5000    0.0000  -30.000013612.0801   15.9656
    0.0000    0.0000  -30.000014124.2305   15.9504
    7.5000    0.0000  -30.000013386.1533   15.9504
   -7.5000    7.5000  -30.000013450.8955   15.9991
    0.0000    7.5000  -30.000013986.7871   15.9753
    7.5000    7.5000  -30.000013189.0811   15.9726
   -7.5000   15.0000  -30.000013052.1602   16.0134
    0.0000   15.0000  -30.000013590.9609   15.9786
    7.5000   15.0000  -30.000012792.3389   15.9677
   -7.5000   22.5000  -30.000012470.2295   15.9846
    0.0000   22.5000  -30.000012978.7314   15.9478
    7.5000   22.5000  -30.000012199.8027   15.9324
   -7.5000   30.0000  -30.000011789.3555   15.7405
    0.0000   30.0000  -30.000012285.8770   15.7125
    7.5000   30.0000  -30.000011517.9873   15.7005
   -7.5000   37.5000  -30.000011496.9219   15.7320
    0.0000   37.5000  -30.000011988.6396   15.7144
    7.5000   37.5000  -30.000011223.1729   15.7095
   -7.5000   45.0000  -30.000010670.3145   15.3641
    0.0000   45.0000  -30.000011138.6582   15.3495
    7.5000   45.0000  -30.000010418.9404   15.3495
   -7.5000  -45.0000  -22.5000 8438.7920   17.1682
    0.0000  -45.0000  -22.5000 8874.3682   17.1559
    7.5000  -45.0000  -22.5000 8452.5254   17.1570
   -7.5000  -37.5000  -22.5000 9101.1777   16.8058
    0.0000  -37.5000  -22.5000 9556.0977   16.7834
    7.5000  -37.5000  -22.5000 9098.7227   16.7809
   -7.5000  -30.0000  -22.500010216.1045   16.6583
    0.0000  -30.0000  -22.500010697.4189   16.6233
    7.5000  -30.0000  -22.500010172.5273   16.6122
   -7.5000  -22.5000  -22.500011327.4561   16.5780
    0.0000  -22.5000  -22.500011830.5557   16.5410
    7.5000  -22.5000  -22.500011222.2041   16.5255
   -7.5000  -15.0000  -22.500012438.5781   16.5028
    0.0000  -15.0000  -22.500012968.6221   16.4753
    7.5000  -15.0000  -22.500012299.0146   16.4636
   -7.5000   -7.5000  -22.500013556.7031   16.4939
    0.0000   -7.5000  -22.500014114.0771   16.4786
    7.5000   -7.5000  -22.500013364.7773   16.4742
   -7.5000    0.0000  -22.500014489.2041   16.5203
    0.0000    0.0000  -22.500014998.2285   16.5087
    7.5000    0.0000  -22.500014211.1367   16.5097
   -7.5000    7.5000  -22.500014293.3301   16.5563
    0.0000    7.5000  -22.500014807.6416   16.5352
    7.5000    7.5000  -22.500013984.7578   16.5338
   -7.5000   15.0000  -22.500013904.0459   16.5709
    0.0000   15.0000  -22.500014419.7578   16.5365
    7.5000   15.0000  -22.500013570.9971   16.5263
   -7.5000   22.5000  -22.500013298.5127   16.5369
    0.0000   22.5000  -22.500013835.8428   16.4999
    7.5000   22.5000  -22.500012951.1406   16.4850
   -7.5000   30.0000  -22.500012583.1143   16.2853
    0.0000   30.0000  -22.500013095.3223   16.2582
    7.5000   30.0000  -22.500012241.7109   16.2466
   -7.5000   37.5000  -22.500012227.5693   16.2782
    0.0000   37.5000  -22.500012733.2168   16.2631
    7.5000   37.5000  -22.500011899.5898   16.2587
   -7.5000   45.0000  -22.500011366.2510   15.9099
    0.0000   45.0000  -22.500011849.9805   15.8987
    7.5000   45.0000  -22.500011065.5293   15.8997
   -7.5000  -45.0000  -15.0000 8775.7051   17.5429
    0.0000  -45.0000  -15.0000 9190.0537   17.5395
    7.5000  -45.0000  -15.0000 8767.5557   17.5441
   -7.5000  -37.5000  -15.0000 9459.8477   17.1685
    0.0000  -37.5000  -15.0000 9884.4346   17.1565
    7.5000  -37.5000  -15.0000 9430.6855   17.1597
   -7.5000  -30.0000  -15.000010613.2939   17.0176
    0.0000  -30.0000  -15.000011067.1406   16.9917
    7.5000  -30.0000  -15.000010550.3857   16.9883
   -7.5000  -22.5000  -15.000011775.6221   16.9410
    0.0000  -22.5000  -15.000012289.3066   16.9099
    7.5000  -22.5000  -15.000011689.5645   16.9022
   -7.5000  -15.0000  -15.000012987.8730   16.8690
    0.0000  -15.0000  -15.000013554.1807   16.8461
    7.5000  -15.0000  -15.000012857.5029   16.8404
   -7.5000   -7.5000  -15.000014313.1523   16.8601
    0.0000   -7.5000  -15.000014933.8232   16.8503
    7.5000   -7.5000  -15.000014112.7510   16.8501
   -7.5000    0.0000  -15.000015397.8828   16.8826
    0.0000    0.0000  -15.000016014.0059   16.8793
    7.5000    0.0000  -15.000015094.5068   16.8841
   -7.5000    7.5000  -15.000015177.2520   16.9143
    0.0000    7.5000  -15.000015743.5879   16.9034
    7.5000    7.5000  -15.000014824.3125   16.9075
   -7.5000   15.0000  -15.000014722.1621   16.9286
    0.0000   15.0000  -15.000015288.5850   16.9033
    7.5000   15.0000  -15.000014345.2246   16.9007
   -7.5000   22.5000  -15.000014116.3633   16.8983
    0.0000   22.5000  -15.000014711.6113   16.8674
    7.5000   22.5000  -15.000013746.2119   16.8601
   -7.5000   30.0000  -15.000013349.0605   16.6491
    0.0000   30.0000  -15.000013942.6182   16.6264
    7.5000   30.0000  -15.000012984.5674   16.6209
   -7.5000   37.5000  -15.000012978.8428   16.6419
    0.0000   37.5000  -15.000013558.8447   16.6323
    7.5000   37.5000  -15.000012625.9082   16.6320
   -7.5000   45.0000  -15.000012095.1279   16.2686
    0.0000   45.0000  -15.000012634.7754   16.2655
    7.5000   45.0000  -15.000011760.3809   16.2700
   -7.5000  -45.0000   -7.5000 9067.5869   17.7010
    0.0000  -45.0000   -7.5000 9478.9277   17.7049
    7.5000  -45.0000   -7.5000 9050.9639   17.7134
   -7.5000  -37.5000   -7.5000 9774.5693   17.3174
    0.0000  -37.5000   -7.500010187.5840   17.3157
    7.5000  -37.5000   -7.5000 9723.2217   17.3248
   -7.5000  -30.0000   -7.500010942.6240   17.1660
    0.0000  -30.0000   -7.500011397.8066   17.1502
    7.5000  -30.0000   -7.500010865.7695   17.1548
   -7.5000  -22.5000   -7.500012188.1631   17.0980
    0.0000  -22.5000   -7.500012704.1396   17.0734
    7.5000  -22.5000   -7.500012075.2637   17.0736
   -7.5000  -15.0000   -7.500013511.7393   17.0337
    0.0000  -15.0000   -7.500014163.5068   17.0144
    7.5000  -15.0000   -7.500013352.5176   17.0151
   -7.5000   -7.5000   -7.500015083.8184   17.0225
    0.0000   -7.5000   -7.500015909.7021   17.0170
    7.5000   -7.5000   -7.500014820.8701   17.0213
   -7.5000    0.0000   -7.500016584.7930   17.0367
    0.0000    0.0000   -7.500017483.7891   17.0405
    7.5000    0.0000   -7.500016131.7705   17.0492
   -7.5000    7.5000   -7.500016449.8105   17.0619
    0.0000    7.5000   -7.500017243.5293   17.0610
    7.5000    7.5000   -7.500015939.9717   17.0707
   -7.5000   15.0000   -7.500015863.1445   17.0765
    0.0000   15.0000   -7.500016524.2051   17.0611
    7.5000   15.0000   -7.500015342.7666   17.0663
   -7.5000   22.5000   -7.500015081.5781   17.0532
    0.0000   22.5000   -7.500015760.8203   17.0287
    7.5000   22.5000   -7.500014603.6719   17.0293
   -7.5000   30.0000   -7.500014212.5664   16.8112
    0.0000   30.0000   -7.500014898.2744   16.7921
    7.5000   30.0000   -7.500013761.0186   16.7929
   -7.5000   37.5000   -7.500013798.5498   16.8017
    0.0000   37.5000   -7.500014490.3604   16.7963
    7.5000   37.5000   -7.500013338.9639   16.8006
   -7.5000   45.0000   -7.500012857.5312   16.4202
    0.0000   45.0000   -7.500013504.9346   16.4239
    7.5000   45.0000   -7.500012418.1953   16.4322
   -7.5000  -45.0000    0.0000 9298.8525   17.7232
    0.0000  -45.0000    0.0000 9751.9316   17.7256
    7.5000  -45.0000    0.0000 9306.7305   17.7348
   -7.5000  -37.5000    0.000010027.1670   17.3373
    0.0000  -37.5000    0.000010513.6807   17.3349
    7.5000  -37.5000    0.000010029.1973   17.3447
   -7.5000  -30.0000    0.000011251.6855   17.1869
    0.0000  -30.0000    0.000011798.1699   17.1714
    7.5000  -30.0000    0.000011200.1826   17.1761
   -7.5000  -22.5000    0.000012552.4404   17.1232
    0.0000  -22.5000    0.000013199.7305   17.0981
    7.5000  -22.5000    0.000012468.1123   17.0980
   -7.5000  -15.0000    0.000013968.1445   17.0622
    0.0000  -15.0000    0.000014769.1572   17.0414
    7.5000  -15.0000    0.000013840.7295   17.0418
   -7.5000   -7.5000    0.000015748.9717   17.0485
    0.0000   -7.5000    0.000016821.4082   17.0415
    7.5000   -7.5000    0.000015434.6953   17.0462
   -7.5000    0.0000    0.000017663.1973   17.0587
    0.0000    0.0000    0.000018968.9219   17.0611
    7.5000    0.0000    0.000017016.0840   17.0705
   -7.5000    7.5000    0.000017696.7148   17.0818
    0.0000    7.5000    0.000018880.3750   17.0802
    7.5000    7.5000    0.000016919.5195   17.0905
   -7.5000   15.0000    0.000016817.0352   17.0972
    0.0000   15.0000    0.000017771.1230   17.0820
    7.5000   15.0000    0.000016154.6670   17.0874
   -7.5000   22.5000    0.000015751.4707   17.0782
    0.0000   22.5000    0.000016611.3438   17.0533
    7.5000   22.5000    0.000015216.0117   17.0535
   -7.5000   30.0000    0.000014778.8506   16.8397
    0.0000   30.0000    0.000015550.1523   16.8193
    7.5000   30.0000    0.000014274.4570   16.8197
   -7.5000   37.5000    0.000014334.0488   16.8278
    0.0000   37.5000    0.000015041.9824   16.8210
    7.5000   37.5000    0.000013836.4775   16.8256
   -7.5000   45.0000    0.000013339.1768   16.4426
    0.0000   45.0000    0.000013997.8223   16.4449
    7.5000   45.0000    0.000012877.5723   16.4540
   -7.5000  -45.0000    7.5000 8837.1748   17.7647
    0.0000  -45.0000    7.5000 9355.8652   17.7551
    7.5000  -45.0000    7.5000 8859.6475   17.7593
   -7.5000  -37.5000    7.5000 9547.7158   17.3824
    0.0000  -37.5000    7.500010095.2207   17.3658
    7.5000  -37.5000    7.5000 9550.1885   17.3684
   -7.5000  -30.0000    7.500010712.8936   17.2314
    0.0000  -30.0000    7.500011307.5811   17.2036
    7.5000  -30.0000    7.500010674.8965   17.1992
   -7.5000  -22.5000    7.500011950.1064   17.1613
    0.0000  -22.5000    7.500012608.8984   17.1282
    7.5000  -22.5000    7.500011879.9570   17.1191
   -7.5000  -15.0000    7.500013240.8291   17.0944
    0.0000  -15.0000    7.500014062.7510   17.0677
    7.5000  -15.0000    7.500013118.5039   17.0610
   -7.5000   -7.5000    7.500014812.1270   17.0812
    0.0000   -7.5000    7.500015844.7705   17.0667
    7.5000   -7.5000    7.500014524.5078   17.0661
   -7.5000    0.0000    7.500016430.9434   17.0969
    0.0000    0.0000    7.500017670.7520   17.0879
    7.5000    0.0000    7.500015921.3281   17.0924
   -7.5000    7.5000    7.500016290.9873   17.1255
    0.0000    7.5000    7.500017461.3184   17.1101
    7.5000    7.5000    7.500015812.1309   17.1134
   -7.5000   15.0000    7.500015541.0498   17.1412
    0.0000   15.0000    7.500016559.8184   17.1138
    7.5000   15.0000    7.500015223.8418   17.1102
   -7.5000   22.5000    7.500014714.1592   17.1161
    0.0000   22.5000    7.500015610.5498   17.0831
    7.5000   22.5000    7.500014427.7559   17.0745
   -7.5000   30.0000    7.500013905.6260   16.8715
    0.0000   30.0000    7.500014673.3350   16.8452
    7.5000   30.0000    7.500013573.1787   16.8386
   -7.5000   37.5000    7.500013505.7510   16.8602
    0.0000   37.5000    7.500014184.3232   16.8458
    7.5000   37.5000    7.500013143.0801   16.8452
   -7.5000   45.0000    7.500012577.2344   16.4794
    0.0000   45.0000    7.500013192.7021   16.4708
    7.5000   45.0000    7.500012218.7617   16.4751
   -7.5000  -45.0000   15.0000 8227.7812   17.8322
    0.0000  -45.0000   15.0000 8724.7412   17.8147
    7.5000  -45.0000   15.0000 8244.0049   17.8147
   -7.5000  -37.5000   15.0000 8910.9082   17.4540
    0.0000  -37.5000   15.0000 9419.5742   17.4269
    7.5000  -37.5000   15.0000 8887.8438   17.4229
   -7.5000  -30.0000   15.0000 9993.9766   17.3010
    0.0000  -30.0000   15.000010537.7100   17.2628
    7.5000  -30.0000   15.0000 9924.3340   17.2502
   -7.5000  -22.5000   15.000011112.6230   17.2206
    0.0000  -22.5000   15.000011661.7617   17.1808
    7.5000  -22.5000   15.000010986.4014   17.1637
   -7.5000  -15.0000   15.000012218.7344   17.1452
    0.0000  -15.0000   15.000012868.2637   17.1146
    7.5000  -15.0000   15.000012076.1201   17.1015
   -7.5000   -7.5000   15.000013500.8359   17.1344
    0.0000   -7.5000   15.000014284.8174   17.1152
    7.5000   -7.5000   15.000013315.5820   17.1100
   -7.5000    0.0000   15.000014733.5342   17.1590
    0.0000    0.0000   15.000015624.5674   17.1426
    7.5000    0.0000   15.000014519.6328   17.1426
   -7.5000    7.5000   15.000014456.2764   17.1949
    0.0000    7.5000   15.000015292.4814   17.1692
    7.5000    7.5000   15.000014427.0723   17.1663
   -7.5000   15.0000   15.000013937.5127   17.2100
    0.0000   15.0000   15.000014677.4883   17.1724
    7.5000   15.0000   15.000013996.4004   17.1607
   -7.5000   22.5000   15.000013438.6348   17.1751
    0.0000   22.5000   15.000014132.4600   17.1354
    7.5000   22.5000   15.000013385.0127   17.1189
   -7.5000   30.0000   15.000012856.8174   16.9216
    0.0000   30.0000   15.000013485.0684   16.8914
    7.5000   30.0000   15.000012700.0303   16.8786
   -7.5000   37.5000   15.000012575.8896   16.9127
    0.0000   37.5000   15.000013146.6914   16.8937
    7.5000   37.5000   15.000012316.2607   16.8886
   -7.5000   45.0000   15.000011732.5674   16.5393
    0.0000   45.0000   15.000012260.4033   16.5235
    7.5000   45.0000   15.000011428.2627   16.5235
   -7.5000  -45.0000   22.5000 7505.8594   18.0929
    0.0000  -45.0000   22.5000 7975.9814   18.0786
    7.5000  -45.0000   22.5000 7490.1030   18.0797
   -7.5000  -37.5000   22.5000 8150.5889   17.7032
    0.0000  -37.5000   22.5000 8615.7422   17.6779
    7.5000  -37.5000   22.5000 8095.8003   17.6750
   -7.5000  -30.0000   22.5000 9156.1582   17.5434
    0.0000  -30.0000   22.5000 9637.7783   17.5047
    7.5000  -30.0000   22.5000 9073.8516   17.4926
   -7.5000  -22.5000   22.500010149.0820   17.4577
    0.0000  -22.5000   22.500010633.6348   17.4171
    7.5000  -22.5000   22.500010037.1797   17.4005
   -7.5000  -15.0000   22.500011139.6016   17.3793
    0.0000  -15.0000   22.500011693.9189   17.3493
    7.5000  -15.0000   22.500011046.4561   17.3368
   -7.5000   -7.5000   22.500012271.1025   17.3719
    0.0000   -7.5000   22.500012917.8184   17.3547
    7.5000   -7.5000   22.500012168.9141   17.3501
   -7.5000    0.0000   22.500013305.2256   17.4001
    0.0000    0.0000   22.500014006.1543   17.3866
    7.5000    0.0000   22.500013197.8350   17.3877
   -7.5000    7.5000   22.500013081.6855   17.4366
    0.0000    7.5000   22.500013715.7422   17.4127
    7.5000    7.5000   22.500013098.3408   17.4110
   -7.5000   15.0000   22.500012707.9756   17.4500
    0.0000   15.0000   22.500013283.9297   17.4120
    7.5000   15.0000   22.500012734.7002   17.4009
   -7.5000   22.5000   22.500012280.3838   17.4112
    0.0000   22.5000   22.500012834.8271   17.3708
    7.5000   22.5000   22.500012219.2686   17.3546
   -7.5000   30.0000   22.500011797.6143   17.1527
    0.0000   30.0000   22.500012327.3467   17.1230
    7.5000   30.0000   22.500011662.8320   17.1107
   -7.5000   37.5000   22.500011604.0820   17.1470
    0.0000   37.5000   22.500012089.6680   17.1301
    7.5000   37.5000   22.500011380.8916   17.1256
   -7.5000   45.0000   22.500010835.3574   16.7717
    0.0000   45.0000   22.500011296.3867   16.7587
    7.5000   45.0000   22.500010581.2607   16.7598
   -7.5000  -45.0000   30.0000 6878.8286   18.7441
    0.0000  -45.0000   30.0000 7263.7197   18.7388
    7.5000  -45.0000   30.0000 6863.2070   18.7439
   -7.5000  -37.5000   30.0000 7475.1001   18.3185
    0.0000  -37.5000   30.0000 7853.8560   18.3035
    7.5000  -37.5000   30.0000 7442.2075   18.3066
   -7.5000  -30.0000   30.0000 8408.1504   18.1470
    0.0000  -30.0000   30.0000 8815.7559   18.1162
    7.5000  -30.0000   30.0000 8360.7061   18.1118
   -7.5000  -22.5000   30.0000 9355.5293   18.0636
    0.0000  -22.5000   30.0000 9783.6230   18.0270
    7.5000  -22.5000   30.0000 9298.8535   18.0181
   -7.5000  -15.0000   30.000010285.5566   17.9872
    0.0000  -15.0000   30.000010778.6152   17.9598
    7.5000  -15.0000   30.000010266.2969   17.9536
   -7.5000   -7.5000   30.000011318.5684   17.9788
    0.0000   -7.5000   30.000011890.5234   17.9665
    7.5000   -7.5000   30.000011293.4961   17.9664
   -7.5000    0.0000   30.000012216.6953   18.0019
    0.0000    0.0000   30.000012800.6914   17.9970
    7.5000    0.0000   30.000012171.3955   18.0022
   -7.5000    7.5000   30.000012029.0498   18.0332
    0.0000    7.5000   30.000012575.1934   18.0196
    7.5000    7.5000   30.000012034.6006   18.0236
   -7.5000   15.0000   30.000011736.7490   18.0472
    0.0000   15.0000   30.000012253.2275   18.0171
    7.5000   15.0000   30.000011720.7412   18.0136
   -7.5000   22.5000   30.000011374.2832   18.0141
    0.0000   22.5000   30.000011865.9180   17.9777
    7.5000   22.5000   30.000011294.7852   17.9693
   -7.5000   30.0000   30.000010933.3789   17.7526
    0.0000   30.0000   30.000011411.8496   17.7255
    7.5000   30.0000   30.000010809.1465   17.7194
   -7.5000   37.5000   30.000010800.2344   17.7462
    0.0000   37.5000   30.000011234.9473   17.7340
    7.5000   37.5000   30.000010585.5322   17.7339
   -7.5000   45.0000   30.000010086.3018   17.3517
    0.0000   45.0000   30.000010502.4453   17.3471
    7.5000   45.0000   30.0000 9859.3770   17.3520
   -7.5000  -45.0000   37.5000 6636.6406   19.6700
    0.0000  -45.0000   37.5000 6959.5322   19.6726
    7.5000  -45.0000   37.5000 6632.1411   19.6846
   -7.5000  -37.5000   37.5000 7215.5347   19.1986
    0.0000  -37.5000   37.5000 7554.2646   19.1931
    7.5000  -37.5000   37.5000 7203.5479   19.2056
   -7.5000  -30.0000   37.5000 8109.5225   19.0073
    0.0000  -30.0000   37.5000 8481.2119   18.9831
    7.5000  -30.0000   37.5000 8095.7188   18.9894
   -7.5000  -22.5000   37.5000 9024.5449   18.9169
    0.0000  -22.5000   37.5000 9426.0361   18.8814
    7.5000  -22.5000   37.5000 9019.7383   18.8821
   -7.5000  -15.0000   37.5000 9955.1494   18.8379
    0.0000  -15.0000   37.500010408.7510   18.8098
    7.5000  -15.0000   37.5000 9958.4639   18.8113
   -7.5000   -7.5000   37.500010953.9141   18.8310
    0.0000   -7.5000   37.500011487.9561   18.8216
    7.5000   -7.5000   37.500010930.6709   18.8281
   -7.5000    0.0000   37.500011773.3906   18.8547
    0.0000    0.0000   37.500012328.2959   18.8573
    7.5000    0.0000   37.500011757.8662   18.8694
   -7.5000    7.5000   37.500011620.4141   18.8856
    0.0000    7.5000   37.500012154.9189   18.8814
    7.5000    7.5000   37.500011616.3643   18.8944
   -7.5000   15.0000   37.500011367.6396   18.8979
    0.0000   15.0000   37.500011872.6367   18.8742
    7.5000   15.0000   37.500011322.2129   18.8813
   -7.5000   22.5000   37.500011020.0234   18.8631
    0.0000   22.5000   37.500011517.4932   18.8277
    7.5000   22.5000   37.500010942.5176   18.8289
   -7.5000   30.0000   37.500010620.4707   18.5921
    0.0000   30.0000   37.500011088.4062   18.5644
    7.5000   30.0000   37.500010508.5732   18.5659
   -7.5000   37.5000   37.500010488.0596   18.5873
    0.0000   37.5000   37.500010937.1650   18.5780
    7.5000   37.5000   37.500010314.6299   18.5844
   -7.5000   45.0000   37.5000 9806.0078   18.1737
    0.0000   45.0000   37.500010208.4365   18.1763
    7.5000   45.0000   37.5000 9605.8955   18.1879
   -7.5000  -45.0000   45.0000 6137.8711   20.7015
    0.0000  -45.0000   45.0000 6410.6177   20.7019
    7.5000  -45.0000   45.0000 6123.8281   20.7167
   -7.5000  -37.5000   45.0000 6678.4814   20.1621
    0.0000  -37.5000   45.0000 6969.3760   20.1550
    7.5000  -37.5000   45.0000 6667.2422   20.1719
   -7.5000  -30.0000   45.0000 7526.2383   19.9391
    0.0000  -30.0000   45.0000 7836.0122   19.9127
    7.5000  -30.0000   45.0000 7499.0137   19.9233
   -7.5000  -22.5000   45.0000 8383.3545   19.8456
    0.0000  -22.5000   45.0000 8734.3281   19.8058
    7.5000  -22.5000   45.0000 8368.1250   19.8093
   -7.5000  -15.0000   45.0000 9271.5576   19.7710
    0.0000  -15.0000   45.0000 9672.2314   19.7378
    7.5000  -15.0000   45.0000 9255.6406   19.7408
   -7.5000   -7.5000   45.000010175.1689   19.7706
    0.0000   -7.5000   45.000010649.5049   19.7575
    7.5000   -7.5000   45.000010144.5410   19.7656
   -7.5000    0.0000   45.000010927.0439   19.7948
    0.0000    0.0000   45.000011419.2666   19.7954
    7.5000    0.0000   45.000010887.4033   19.8101
   -7.5000    7.5000   45.000010760.4834   19.8152
    0.0000    7.5000   45.000011249.6455   19.8093
    7.5000    7.5000   45.000010723.6680   19.8266
   -7.5000   15.0000   45.000010547.1221   19.8177
    0.0000   15.0000   45.000011017.8896   19.7919
    7.5000   15.0000   45.000010476.5303   19.8033
   -7.5000   22.5000   45.000010262.3398   19.7863
    0.0000   22.5000   45.000010714.8604   19.7467
    7.5000   22.5000   45.000010155.3076   19.7506
   -7.5000   30.0000   45.0000 9882.6133   19.5112
    0.0000   30.0000   45.000010321.4189   19.4785
    7.5000   30.0000   45.0000 9765.0205   19.4815
   -7.5000   37.5000   45.0000 9761.1934   19.5130
    0.0000   37.5000   45.000010181.8545   19.5001
    7.5000   37.5000   45.0000 9582.8682   19.5081
   -7.5000   45.0000   45.0000 9134.7910   19.0886
    0.0000   45.0000   45.0000 9503.8809   19.0892
    7.5000   45.0000   45.0000 8933.4053   19.1034

---------------------------------------------------------------------
imgreg_4dfp /opt/freesurfer/average/711-2C_as_mni_average_305 /opt/freesurfer/average/711-2B_as_mni_average_305_mask talsrcimg_g11 none talsrcimg_to_711-2C_as_mni_average_305_t4 4355
---------------------------------------------------------------------

freesurfer imgreg_4dfp.c
/opt/freesurfer/average/711-2C_as_mni_average_305.4dfp.img
       256       256       256         1
  1.000000  1.000000  1.000000
orientation T byte_order littleendian
Reading image: /opt/freesurfer/average/711-2C_as_mni_average_305.4dfp.img
dimensions:      256       256       256
mmppix:       1.0000   -1.0000   -1.0000
center:     128.0000 -129.0000 -129.0000
/opt/freesurfer/average/711-2B_as_mni_average_305_mask.4dfp.img
       256       256       256         1
  1.000000  1.000000  1.000000
orientation T byte_order littleendian
Reading mask: /opt/freesurfer/average/711-2B_as_mni_average_305_mask.4dfp.img (2306576 pixels)
talsrcimg_g11.4dfp.img
       256       256       256         1
  1.000000  1.000000  1.000000
orientation T byte_order littleendian
Reading image: talsrcimg_g11.4dfp.img
dimensions:      256       256       256
mmppix:       1.0000   -1.0000   -1.0000
center:     128.0000 -129.0000 -129.0000
rotation matrix determinant  1.000000
image alignment mode   4355 decimal     1103 hex
   -7.5000  -45.0000  -45.0000 2049.4387   21.1665
    0.0000  -45.0000  -45.0000 2083.0200   21.1683
    7.5000  -45.0000  -45.0000 2073.5767   20.9597
   -7.5000  -37.5000  -45.0000 2163.1692   19.1904
    0.0000  -37.5000  -45.0000 2197.3706   19.1538
    7.5000  -37.5000  -45.0000 2185.2585   18.9865
   -7.5000  -30.0000  -45.0000 2257.0955   17.6375
    0.0000  -30.0000  -45.0000 2281.5049   17.5555
    7.5000  -30.0000  -45.0000 2269.3057   17.4333
   -7.5000  -22.5000  -45.0000 2334.9524   16.3900
    0.0000  -22.5000  -45.0000 2352.1226   16.2874
    7.5000  -22.5000  -45.0000 2334.1846   16.2101
   -7.5000  -15.0000  -45.0000 2389.7581   15.4347
    0.0000  -15.0000  -45.0000 2401.0142   15.3226
    7.5000  -15.0000  -45.0000 2379.1045   15.2719
   -7.5000   -7.5000  -45.0000 2422.3445   14.8652
    0.0000   -7.5000  -45.0000 2427.6562   14.7222
    7.5000   -7.5000  -45.0000 2405.9661   14.7136
   -7.5000    0.0000  -45.0000 2443.8052   14.5806
    0.0000    0.0000  -45.0000 2450.0742   14.4279
    7.5000    0.0000  -45.0000 2425.9260   14.4608
   -7.5000    7.5000  -45.0000 2458.1440   14.6037
    0.0000    7.5000  -45.0000 2461.3352   14.4705
    7.5000    7.5000  -45.0000 2439.1123   14.5098
   -7.5000   15.0000  -45.0000 2461.1375   14.8992
    0.0000   15.0000  -45.0000 2472.5242   14.8082
    7.5000   15.0000  -45.0000 2445.8269   14.8100
   -7.5000   22.5000  -45.0000 2442.2051   15.3465
    0.0000   22.5000  -45.0000 2455.5225   15.2652
    7.5000   22.5000  -45.0000 2427.5989   15.2699
   -7.5000   30.0000  -45.0000 2400.1028   16.0044
    0.0000   30.0000  -45.0000 2426.0334   15.9309
    7.5000   30.0000  -45.0000 2389.6987   15.9157
   -7.5000   37.5000  -45.0000 2344.8960   16.8322
    0.0000   37.5000  -45.0000 2369.2178   16.8087
    7.5000   37.5000  -45.0000 2337.6873   16.7818
   -7.5000   45.0000  -45.0000 2266.3826   17.9705
    0.0000   45.0000  -45.0000 2289.1545   17.9804
    7.5000   45.0000  -45.0000 2256.6851   17.9544
   -7.5000  -45.0000  -37.5000 2102.2976   20.4192
    0.0000  -45.0000  -37.5000 2134.8208   20.3913
    7.5000  -45.0000  -37.5000 2120.6628   20.2527
   -7.5000  -37.5000  -37.5000 2219.6199   18.4951
    0.0000  -37.5000  -37.5000 2254.7654   18.4261
    7.5000  -37.5000  -37.5000 2237.5325   18.3157
   -7.5000  -30.0000  -37.5000 2322.3608   16.9916
    0.0000  -30.0000  -37.5000 2348.7600   16.8837
    7.5000  -30.0000  -37.5000 2330.0576   16.7989
   -7.5000  -22.5000  -37.5000 2399.6160   15.7087
    0.0000  -22.5000  -37.5000 2420.5310   15.5968
    7.5000  -22.5000  -37.5000 2400.1174   15.5301
   -7.5000  -15.0000  -37.5000 2462.9033   14.7348
    0.0000  -15.0000  -37.5000 2476.1973   14.5832
    7.5000  -15.0000  -37.5000 2457.3975   14.5549
   -7.5000   -7.5000  -37.5000 2499.7251   14.0758
    0.0000   -7.5000  -37.5000 2502.2009   13.9150
    7.5000   -7.5000  -37.5000 2482.4285   13.9091
   -7.5000    0.0000  -37.5000 2525.5164   13.7761
    0.0000    0.0000  -37.5000 2522.8071   13.5939
    7.5000    0.0000  -37.5000 2506.3877   13.6328
   -7.5000    7.5000  -37.5000 2538.0242   13.7576
    0.0000    7.5000  -37.5000 2534.0608   13.6150
    7.5000    7.5000  -37.5000 2517.7085   13.6592
   -7.5000   15.0000  -37.5000 2539.1589   14.0289
    0.0000   15.0000  -37.5000 2542.5112   13.9182
    7.5000   15.0000  -37.5000 2521.7100   13.9531
   -7.5000   22.5000  -37.5000 2525.7131   14.4358
    0.0000   22.5000  -37.5000 2528.5415   14.2997
    7.5000   22.5000  -37.5000 2514.5535   14.3468
   -7.5000   30.0000  -37.5000 2490.7380   15.0197
    0.0000   30.0000  -37.5000 2505.2847   14.9110
    7.5000   30.0000  -37.5000 2480.9043   14.9581
   -7.5000   37.5000  -37.5000 2436.7085   15.7741
    0.0000   37.5000  -37.5000 2453.4719   15.7288
    7.5000   37.5000  -37.5000 2427.1614   15.7466
   -7.5000   45.0000  -37.5000 2352.9539   16.8776
    0.0000   45.0000  -37.5000 2370.5283   16.8198
    7.5000   45.0000  -37.5000 2341.0793   16.8511
   -7.5000  -45.0000  -30.0000 2184.0974   20.5814
    0.0000  -45.0000  -30.0000 2213.2695   20.5157
    7.5000  -45.0000  -30.0000 2200.8796   20.4398
   -7.5000  -37.5000  -30.0000 2309.0176   18.5975
    0.0000  -37.5000  -30.0000 2340.5312   18.4870
    7.5000  -37.5000  -30.0000 2324.5483   18.4310
   -7.5000  -30.0000  -30.0000 2413.2825   17.0221
    0.0000  -30.0000  -30.0000 2437.9387   16.8592
    7.5000  -30.0000  -30.0000 2423.7803   16.8304
   -7.5000  -22.5000  -30.0000 2497.0791   15.6923
    0.0000  -22.5000  -30.0000 2511.1951   15.4970
    7.5000  -22.5000  -30.0000 2497.3352   15.4789
   -7.5000  -15.0000  -30.0000 2565.5027   14.6479
    0.0000  -15.0000  -30.0000 2572.6738   14.4485
    7.5000  -15.0000  -30.0000 2557.2808   14.4450
   -7.5000   -7.5000  -30.0000 2614.1982   13.8940
    0.0000   -7.5000  -30.0000 2612.3201   13.7020
    7.5000   -7.5000  -30.0000 2595.5740   13.6930
   -7.5000    0.0000  -30.0000 2640.9902   13.5108
    0.0000    0.0000  -30.0000 2631.5791   13.2759
    7.5000    0.0000  -30.0000 2616.5261   13.3331
   -7.5000    7.5000  -30.0000 2657.1921   13.4322
    0.0000    7.5000  -30.0000 2652.5291   13.2702
    7.5000    7.5000  -30.0000 2631.5701   13.3229
   -7.5000   15.0000  -30.0000 2664.1802   13.7091
    0.0000   15.0000  -30.0000 2659.7598   13.5535
    7.5000   15.0000  -30.0000 2644.6606   13.6209
   -7.5000   22.5000  -30.0000 2656.1069   14.1277
    0.0000   22.5000  -30.0000 2651.0254   13.9733
    7.5000   22.5000  -30.0000 2637.6458   14.0379
   -7.5000   30.0000  -30.0000 2625.5896   14.6679
    0.0000   30.0000  -30.0000 2627.9114   14.5324
    7.5000   30.0000  -30.0000 2606.4905   14.5934
   -7.5000   37.5000  -30.0000 2572.7715   15.3963
    0.0000   37.5000  -30.0000 2576.6064   15.3052
    7.5000   37.5000  -30.0000 2550.3772   15.3509
   -7.5000   45.0000  -30.0000 2475.5662   16.4501
    0.0000   45.0000  -30.0000 2487.8132   16.3670
    7.5000   45.0000  -30.0000 2463.6670   16.4225
   -7.5000  -45.0000  -22.5000 2224.9890   20.6797
    0.0000  -45.0000  -22.5000 2253.1790   20.5260
    7.5000  -45.0000  -22.5000 2244.2026   20.5374
   -7.5000  -37.5000  -22.5000 2349.2395   18.6114
    0.0000  -37.5000  -22.5000 2376.9514   18.4432
    7.5000  -37.5000  -22.5000 2367.4119   18.4435
   -7.5000  -30.0000  -22.5000 2459.9424   16.9554
    0.0000  -30.0000  -22.5000 2483.0083   16.7386
    7.5000  -30.0000  -22.5000 2472.5361   16.7622
   -7.5000  -22.5000  -22.5000 2552.5139   15.5969
    0.0000  -22.5000  -22.5000 2564.6797   15.3644
    7.5000  -22.5000  -22.5000 2549.4961   15.3803
   -7.5000  -15.0000  -22.5000 2628.1233   14.5094
    0.0000  -15.0000  -22.5000 2630.4822   14.2787
    7.5000  -15.0000  -22.5000 2614.3127   14.3214
   -7.5000   -7.5000  -22.5000 2693.9092   13.7100
    0.0000   -7.5000  -22.5000 2686.3872   13.4646
    7.5000   -7.5000  -22.5000 2667.4226   13.5148
   -7.5000    0.0000  -22.5000 2725.4221   13.2599
    0.0000    0.0000  -22.5000 2707.7849   12.9853
    7.5000    0.0000  -22.5000 2688.8726   13.0974
   -7.5000    7.5000  -22.5000 2745.1504   13.0850
    0.0000    7.5000  -22.5000 2728.4114   12.8732
    7.5000    7.5000  -22.5000 2710.7698   12.9789
   -7.5000   15.0000  -22.5000 2758.3679   13.3318
    0.0000   15.0000  -22.5000 2742.4302   13.1296
    7.5000   15.0000  -22.5000 2726.0510   13.2348
   -7.5000   22.5000  -22.5000 2750.0879   13.7404
    0.0000   22.5000  -22.5000 2744.2900   13.5607
    7.5000   22.5000  -22.5000 2724.9136   13.6511
   -7.5000   30.0000  -22.5000 2719.4866   14.2435
    0.0000   30.0000  -22.5000 2718.9443   14.0900
    7.5000   30.0000  -22.5000 2696.3914   14.1756
   -7.5000   37.5000  -22.5000 2665.8323   14.9087
    0.0000   37.5000  -22.5000 2668.5869   14.7986
    7.5000   37.5000  -22.5000 2648.4382   14.9109
   -7.5000   45.0000  -22.5000 2571.5981   15.8782
    0.0000   45.0000  -22.5000 2581.3940   15.8060
    7.5000   45.0000  -22.5000 2560.7551   15.9557
   -7.5000  -45.0000  -15.0000 2212.3857   20.9354
    0.0000  -45.0000  -15.0000 2235.7319   20.6466
    7.5000  -45.0000  -15.0000 2232.2671   20.6197
   -7.5000  -37.5000  -15.0000 2336.5078   18.7123
    0.0000  -37.5000  -15.0000 2361.1235   18.3867
    7.5000  -37.5000  -15.0000 2358.3835   18.4431
   -7.5000  -30.0000  -15.0000 2454.7915   16.9654
    0.0000  -30.0000  -15.0000 2471.4778   16.6380
    7.5000  -30.0000  -15.0000 2470.1562   16.7192
   -7.5000  -22.5000  -15.0000 2550.3970   15.5772
    0.0000  -22.5000  -15.0000 2560.7075   15.2856
    7.5000  -22.5000  -15.0000 2556.1501   15.3620
   -7.5000  -15.0000  -15.0000 2630.0618   14.4587
    0.0000  -15.0000  -15.0000 2630.8916   14.1993
    7.5000  -15.0000  -15.0000 2626.9517   14.2848
   -7.5000   -7.5000  -15.0000 2712.7686   13.7333
    0.0000   -7.5000  -15.0000 2704.5474   13.4652
    7.5000   -7.5000  -15.0000 2694.5730   13.5547
   -7.5000    0.0000  -15.0000 2755.0339   13.2246
    0.0000    0.0000  -15.0000 2742.1289   12.9836
    7.5000    0.0000  -15.0000 2726.7014   13.0910
   -7.5000    7.5000  -15.0000 2774.6870   12.9113
    0.0000    7.5000  -15.0000 2758.9204   12.6949
    7.5000    7.5000  -15.0000 2746.3291   12.8565
   -7.5000   15.0000  -15.0000 2793.6638   13.0214
    0.0000   15.0000  -15.0000 2779.9690   12.8025
    7.5000   15.0000  -15.0000 2761.3669   12.9836
   -7.5000   22.5000  -15.0000 2791.1487   13.3929
    0.0000   22.5000  -15.0000 2783.8840   13.2135
    7.5000   22.5000  -15.0000 2764.9326   13.3381
   -7.5000   30.0000  -15.0000 2760.0430   13.8550
    0.0000   30.0000  -15.0000 2761.1965   13.6955
    7.5000   30.0000  -15.0000 2745.2722   13.8434
   -7.5000   37.5000  -15.0000 2705.7517   14.4806
    0.0000   37.5000  -15.0000 2713.7148   14.3519
    7.5000   37.5000  -15.0000 2702.3589   14.5684
   -7.5000   45.0000  -15.0000 2622.4580   15.4334
    0.0000   45.0000  -15.0000 2631.6350   15.3305
    7.5000   45.0000  -15.0000 2619.5266   15.5902
   -7.5000  -45.0000   -7.5000 2179.1860   21.2434
    0.0000  -45.0000   -7.5000 2193.8091   20.8505
    7.5000  -45.0000   -7.5000 2198.6045   20.8411
   -7.5000  -37.5000   -7.5000 2299.8899   18.9107
    0.0000  -37.5000   -7.5000 2313.2820   18.5287
    7.5000  -37.5000   -7.5000 2319.0828   18.5568
   -7.5000  -30.0000   -7.5000 2418.5393   17.0985
    0.0000  -30.0000   -7.5000 2424.7124   16.7561
    7.5000  -30.0000   -7.5000 2430.5444   16.7871
   -7.5000  -22.5000   -7.5000 2522.3628   15.7421
    0.0000  -22.5000   -7.5000 2523.6130   15.4376
    7.5000  -22.5000   -7.5000 2526.8110   15.4620
   -7.5000  -15.0000   -7.5000 2620.6267   14.7194
    0.0000  -15.0000   -7.5000 2614.7483   14.4553
    7.5000  -15.0000   -7.5000 2613.8962   14.4231
   -7.5000   -7.5000   -7.5000 2717.3677   14.0742
    0.0000   -7.5000   -7.5000 2714.3945   13.8396
    7.5000   -7.5000   -7.5000 2698.0017   13.7639
   -7.5000    0.0000   -7.5000 2782.4541   13.5927
    0.0000    0.0000   -7.5000 2783.1228   13.4322
    7.5000    0.0000   -7.5000 2753.9390   13.3142
   -7.5000    7.5000   -7.5000 2810.4915   13.1966
    0.0000    7.5000   -7.5000 2808.7788   13.0439
    7.5000    7.5000   -7.5000 2782.8669   13.0333
   -7.5000   15.0000   -7.5000 2815.7891   12.9884
    0.0000   15.0000   -7.5000 2802.3608   12.8390
    7.5000   15.0000   -7.5000 2783.0015   12.9610
   -7.5000   22.5000   -7.5000 2806.0640   13.1579
    0.0000   22.5000   -7.5000 2800.9568   13.0250
    7.5000   22.5000   -7.5000 2779.6587   13.1490
   -7.5000   30.0000   -7.5000 2781.3254   13.5634
    0.0000   30.0000   -7.5000 2785.5403   13.4396
    7.5000   30.0000   -7.5000 2762.4773   13.5533
   -7.5000   37.5000   -7.5000 2733.8706   14.2333
    0.0000   37.5000   -7.5000 2744.5444   14.1213
    7.5000   37.5000   -7.5000 2723.6504   14.2625
   -7.5000   45.0000   -7.5000 2657.0554   15.2114
    0.0000   45.0000   -7.5000 2668.1575   15.1307
    7.5000   45.0000   -7.5000 2644.8347   15.2834
   -7.5000  -45.0000    0.0000 2145.5110   21.9312
    0.0000  -45.0000    0.0000 2147.2710   21.5302
    7.5000  -45.0000    0.0000 2160.8906   21.5264
   -7.5000  -37.5000    0.0000 2268.1477   19.4939
    0.0000  -37.5000    0.0000 2268.6638   19.1357
    7.5000  -37.5000    0.0000 2285.2720   19.1956
   -7.5000  -30.0000    0.0000 2380.4524   17.6810
    0.0000  -30.0000    0.0000 2383.3057   17.3909
    7.5000  -30.0000    0.0000 2395.7051   17.4051
   -7.5000  -22.5000    0.0000 2502.7556   16.3135
    0.0000  -22.5000    0.0000 2501.5012   16.0743
    7.5000  -22.5000    0.0000 2507.3052   16.0394
   -7.5000  -15.0000    0.0000 2618.9775   15.3139
    0.0000  -15.0000    0.0000 2614.7761   15.1461
    7.5000  -15.0000    0.0000 2610.9604   15.0382
   -7.5000   -7.5000    0.0000 2731.4375   14.6856
    0.0000   -7.5000    0.0000 2734.8425   14.5683
    7.5000   -7.5000    0.0000 2709.8130   14.3806
   -7.5000    0.0000    0.0000 2827.4651   14.2325
    0.0000    0.0000    0.0000 2849.0520   14.1738
    7.5000    0.0000    0.0000 2792.3032   13.8788
   -7.5000    7.5000    0.0000 2874.9719   13.8005
    0.0000    7.5000    0.0000 2901.9841   13.7947
    7.5000    7.5000    0.0000 2824.7458   13.5125
   -7.5000   15.0000    0.0000 2852.2637   13.2899
    0.0000   15.0000    0.0000 2855.8213   13.2176
    7.5000   15.0000    0.0000 2811.2407   13.2038
   -7.5000   22.5000    0.0000 2812.2808   13.1400
    0.0000   22.5000    0.0000 2810.6550   13.0611
    7.5000   22.5000    0.0000 2788.7341   13.1446
   -7.5000   30.0000    0.0000 2784.5139   13.4176
    0.0000   30.0000    0.0000 2784.0986   13.3394
    7.5000   30.0000    0.0000 2765.0620   13.5004
   -7.5000   37.5000    0.0000 2741.8738   14.1191
    0.0000   37.5000    0.0000 2740.7109   14.0430
    7.5000   37.5000    0.0000 2726.2397   14.1933
   -7.5000   45.0000    0.0000 2671.0500   15.1520
    0.0000   45.0000    0.0000 2674.5610   15.0867
    7.5000   45.0000    0.0000 2651.7754   15.2228
   -7.5000  -45.0000    7.5000 2112.7852   23.0887
    0.0000  -45.0000    7.5000 2126.3369   22.8290
    7.5000  -45.0000    7.5000 2127.2385   22.8058
   -7.5000  -37.5000    7.5000 2236.9370   20.5454
    0.0000  -37.5000    7.5000 2248.8289   20.3275
    7.5000  -37.5000    7.5000 2247.3538   20.3408
   -7.5000  -30.0000    7.5000 2357.3506   18.6365
    0.0000  -30.0000    7.5000 2367.7708   18.4277
    7.5000  -30.0000    7.5000 2366.0337   18.4575
   -7.5000  -22.5000    7.5000 2491.2961   17.1587
    0.0000  -22.5000    7.5000 2496.7603   17.0493
    7.5000  -22.5000    7.5000 2490.0574   17.0131
   -7.5000  -15.0000    7.5000 2618.1370   16.1118
    0.0000  -15.0000    7.5000 2626.0767   16.0615
    7.5000  -15.0000    7.5000 2604.7161   15.9564
   -7.5000   -7.5000    7.5000 2734.3176   15.2801
    0.0000   -7.5000    7.5000 2752.2717   15.3247
    7.5000   -7.5000    7.5000 2709.4834   15.1083
   -7.5000    0.0000    7.5000 2835.2952   14.6908
    0.0000    0.0000    7.5000 2864.2542   14.7811
    7.5000    0.0000    7.5000 2801.0320   14.5034
   -7.5000    7.5000    7.5000 2881.2156   14.1034
    0.0000    7.5000    7.5000 2916.2568   14.1801
    7.5000    7.5000    7.5000 2840.3225   14.0440
   -7.5000   15.0000    7.5000 2869.0571   13.5227
    0.0000   15.0000    7.5000 2885.3789   13.4959
    7.5000   15.0000    7.5000 2837.6091   13.5946
   -7.5000   22.5000    7.5000 2833.9658   13.3656
    0.0000   22.5000    7.5000 2847.5598   13.3329
    7.5000   22.5000    7.5000 2817.3662   13.5260
   -7.5000   30.0000    7.5000 2797.7600   13.6330
    0.0000   30.0000    7.5000 2804.4814   13.6083
    7.5000   30.0000    7.5000 2776.6008   13.8136
   -7.5000   37.5000    7.5000 2734.1133   14.3633
    0.0000   37.5000    7.5000 2732.8540   14.2983
    7.5000   37.5000    7.5000 2720.5391   14.4697
   -7.5000   45.0000    7.5000 2655.7734   15.3512
    0.0000   45.0000    7.5000 2656.4741   15.2810
    7.5000   45.0000    7.5000 2638.8850   15.4596
   -7.5000  -45.0000   15.0000 2080.5874   24.7771
    0.0000  -45.0000   15.0000 2104.4031   24.7643
    7.5000  -45.0000   15.0000 2093.6565   24.7059
   -7.5000  -37.5000   15.0000 2206.2502   21.8755
    0.0000  -37.5000   15.0000 2229.2017   21.8787
    7.5000  -37.5000   15.0000 2217.1350   21.8364
   -7.5000  -30.0000   15.0000 2333.1699   19.6908
    0.0000  -30.0000   15.0000 2354.8572   19.6278
    7.5000  -30.0000   15.0000 2337.0945   19.6093
   -7.5000  -22.5000   15.0000 2463.0208   18.0226
    0.0000  -22.5000   15.0000 2475.9434   17.9715
    7.5000  -22.5000   15.0000 2459.4539   17.9557
   -7.5000  -15.0000   15.0000 2582.4524   16.7272
    0.0000  -15.0000   15.0000 2592.5312   16.6945
    7.5000  -15.0000   15.0000 2572.6228   16.6810
   -7.5000   -7.5000   15.0000 2685.5166   15.7067
    0.0000   -7.5000   15.0000 2705.0471   15.7062
    7.5000   -7.5000   15.0000 2680.1775   15.6896
   -7.5000    0.0000   15.0000 2773.9373   14.9702
    0.0000    0.0000   15.0000 2795.8030   14.9705
    7.5000    0.0000   15.0000 2769.9077   15.0344
   -7.5000    7.5000   15.0000 2820.3623   14.2071
    0.0000    7.5000   15.0000 2847.3643   14.1920
    7.5000    7.5000   15.0000 2818.6990   14.4315
   -7.5000   15.0000   15.0000 2840.6782   13.7030
    0.0000   15.0000   15.0000 2850.2791   13.6108
    7.5000   15.0000   15.0000 2839.8530   14.0561
   -7.5000   22.5000   15.0000 2835.3799   13.7716
    0.0000   22.5000   15.0000 2847.0632   13.6723
    7.5000   22.5000   15.0000 2825.9058   14.0604
   -7.5000   30.0000   15.0000 2802.7852   14.1855
    0.0000   30.0000   15.0000 2810.9841   14.0956
    7.5000   30.0000   15.0000 2785.9160   14.3416
   -7.5000   37.5000   15.0000 2738.0540   14.9471
    0.0000   37.5000   15.0000 2743.3489   14.8875
    7.5000   37.5000   15.0000 2720.7302   15.0529
   -7.5000   45.0000   15.0000 2644.5994   15.9597
    0.0000   45.0000   15.0000 2649.6921   15.8845
    7.5000   45.0000   15.0000 2627.0659   16.0345
   -7.5000  -45.0000   22.5000 2038.0654   26.5799
    0.0000  -45.0000   22.5000 2069.3633   26.7885
    7.5000  -45.0000   22.5000 2049.2202   26.6789
   -7.5000  -37.5000   22.5000 2168.9363   23.2635
    0.0000  -37.5000   22.5000 2190.1626   23.3350
    7.5000  -37.5000   22.5000 2175.3870   23.3668
   -7.5000  -30.0000   22.5000 2297.5232   20.7715
    0.0000  -30.0000   22.5000 2314.2129   20.7346
    7.5000  -30.0000   22.5000 2300.4805   20.8450
   -7.5000  -22.5000   22.5000 2417.4741   18.8273
    0.0000  -22.5000   22.5000 2431.0884   18.7454
    7.5000  -22.5000   22.5000 2420.1165   18.9459
   -7.5000  -15.0000   22.5000 2528.0620   17.3527
    0.0000  -15.0000   22.5000 2538.2866   17.2852
    7.5000  -15.0000   22.5000 2530.9343   17.4894
   -7.5000   -7.5000   22.5000 2627.0078   16.2103
    0.0000   -7.5000   22.5000 2637.1387   16.1648
    7.5000   -7.5000   22.5000 2634.2458   16.3784
   -7.5000    0.0000   22.5000 2712.9224   15.3666
    0.0000    0.0000   22.5000 2722.8811   15.3153
    7.5000    0.0000   22.5000 2720.5142   15.5920
   -7.5000    7.5000   22.5000 2762.5923   14.5275
    0.0000    7.5000   22.5000 2772.9866   14.4726
    7.5000    7.5000   22.5000 2770.6965   14.9056
   -7.5000   15.0000   22.5000 2795.0205   14.2020
    0.0000   15.0000   22.5000 2792.4761   14.0630
    7.5000   15.0000   22.5000 2795.6145   14.5949
   -7.5000   22.5000   22.5000 2799.7000   14.3013
    0.0000   22.5000   22.5000 2808.7424   14.1674
    7.5000   22.5000   22.5000 2791.6194   14.5344
   -7.5000   30.0000   22.5000 2770.6387   14.7476
    0.0000   30.0000   22.5000 2780.5586   14.6434
    7.5000   30.0000   22.5000 2756.7339   14.9070
   -7.5000   37.5000   22.5000 2720.5317   15.4832
    0.0000   37.5000   22.5000 2724.9951   15.4097
    7.5000   37.5000   22.5000 2699.4543   15.6354
   -7.5000   45.0000   22.5000 2629.5854   16.5780
    0.0000   45.0000   22.5000 2640.8979   16.5243
    7.5000   45.0000   22.5000 2607.0762   16.6910
   -7.5000  -45.0000   30.0000 1978.4131   28.2903
    0.0000  -45.0000   30.0000 1996.3256   28.4325
    7.5000  -45.0000   30.0000 1990.7247   28.5279
   -7.5000  -37.5000   30.0000 2112.0630   24.6095
    0.0000  -37.5000   30.0000 2121.2864   24.5761
    7.5000  -37.5000   30.0000 2122.8391   24.8762
   -7.5000  -30.0000   30.0000 2239.8020   21.8613
    0.0000  -30.0000   30.0000 2246.0562   21.7387
    7.5000  -30.0000   30.0000 2247.0813   22.1176
   -7.5000  -22.5000   30.0000 2362.3127   19.6982
    0.0000  -22.5000   30.0000 2371.1416   19.5951
    7.5000  -22.5000   30.0000 2366.0554   20.0001
   -7.5000  -15.0000   30.0000 2471.6296   18.0723
    0.0000  -15.0000   30.0000 2478.1848   17.9743
    7.5000  -15.0000   30.0000 2476.9299   18.3790
   -7.5000   -7.5000   30.0000 2565.3386   16.8758
    0.0000   -7.5000   30.0000 2574.6172   16.7708
    7.5000   -7.5000   30.0000 2576.2244   17.1675
   -7.5000    0.0000   30.0000 2645.9312   15.8985
    0.0000    0.0000   30.0000 2652.2224   15.7933
    7.5000    0.0000   30.0000 2653.3030   16.2229
   -7.5000    7.5000   30.0000 2698.4922   15.0811
    0.0000    7.5000   30.0000 2701.8369   15.0034
    7.5000    7.5000   30.0000 2700.4839   15.5205
   -7.5000   15.0000   30.0000 2730.4797   14.8957
    0.0000   15.0000   30.0000 2728.1309   14.7753
    7.5000   15.0000   30.0000 2726.0444   15.2615
   -7.5000   22.5000   30.0000 2733.3713   15.0383
    0.0000   22.5000   30.0000 2739.0325   14.8966
    7.5000   22.5000   30.0000 2724.3862   15.2249
   -7.5000   30.0000   30.0000 2710.4451   15.4651
    0.0000   30.0000   30.0000 2719.1248   15.3251
    7.5000   30.0000   30.0000 2698.8779   15.5723
   -7.5000   37.5000   30.0000 2672.2231   16.1831
    0.0000   37.5000   30.0000 2676.5063   16.0590
    7.5000   37.5000   30.0000 2648.2654   16.2975
   -7.5000   45.0000   30.0000 2580.9724   17.2468
    0.0000   45.0000   30.0000 2592.6528   17.2169
    7.5000   45.0000   30.0000 2563.2710   17.4204
   -7.5000  -45.0000   37.5000 1914.0706   30.0856
    0.0000  -45.0000   37.5000 1926.2983   30.0008
    7.5000  -45.0000   37.5000 1932.0303   30.4257
   -7.5000  -37.5000   37.5000 2051.5693   26.0972
    0.0000  -37.5000   37.5000 2058.6318   25.9217
    7.5000  -37.5000   37.5000 2066.4636   26.4468
   -7.5000  -30.0000   37.5000 2171.7910   23.0375
    0.0000  -30.0000   37.5000 2183.3342   22.8579
    7.5000  -30.0000   37.5000 2183.2378   23.4392
   -7.5000  -22.5000   37.5000 2296.2307   20.6902
    0.0000  -22.5000   37.5000 2303.9412   20.4950
    7.5000  -22.5000   37.5000 2302.6150   21.1098
   -7.5000  -15.0000   37.5000 2405.0762   18.9367
    0.0000  -15.0000   37.5000 2412.4573   18.8017
    7.5000  -15.0000   37.5000 2411.5630   19.3930
   -7.5000   -7.5000   37.5000 2501.5115   17.6861
    0.0000   -7.5000   37.5000 2511.7131   17.5655
    7.5000   -7.5000   37.5000 2505.7373   18.0952
   -7.5000    0.0000   37.5000 2571.5742   16.6337
    0.0000    0.0000   37.5000 2584.5776   16.5324
    7.5000    0.0000   37.5000 2578.9873   17.0396
   -7.5000    7.5000   37.5000 2625.2144   15.9016
    0.0000    7.5000   37.5000 2633.5618   15.8682
    7.5000    7.5000   37.5000 2626.9431   16.3880
   -7.5000   15.0000   37.5000 2656.4897   15.7566
    0.0000   15.0000   37.5000 2661.2605   15.6608
    7.5000   15.0000   37.5000 2648.7759   16.1236
   -7.5000   22.5000   37.5000 2657.0127   15.9479
    0.0000   22.5000   37.5000 2667.1775   15.8162
    7.5000   22.5000   37.5000 2648.2827   16.1158
   -7.5000   30.0000   37.5000 2638.7654   16.3339
    0.0000   30.0000   37.5000 2651.9446   16.1808
    7.5000   30.0000   37.5000 2628.7532   16.4421
   -7.5000   37.5000   37.5000 2600.6658   16.9712
    0.0000   37.5000   37.5000 2613.0923   16.8525
    7.5000   37.5000   37.5000 2584.3823   17.1163
   -7.5000   45.0000   37.5000 2518.3521   17.9970
    0.0000   45.0000   37.5000 2529.7466   17.9543
    7.5000   45.0000   37.5000 2500.3564   18.1912
   -7.5000  -45.0000   45.0000 1838.6901   31.9058
    0.0000  -45.0000   45.0000 1852.7316   31.6400
    7.5000  -45.0000   45.0000 1863.5835   32.4682
   -7.5000  -37.5000   45.0000 1978.5892   27.6459
    0.0000  -37.5000   45.0000 1990.2976   27.3683
    7.5000  -37.5000   45.0000 1999.3961   28.2058
   -7.5000  -30.0000   45.0000 2104.5710   24.3817
    0.0000  -30.0000   45.0000 2116.9446   24.1425
    7.5000  -30.0000   45.0000 2119.6614   24.9596
   -7.5000  -22.5000   45.0000 2224.7170   21.9113
    0.0000  -22.5000   45.0000 2231.3652   21.6762
    7.5000  -22.5000   45.0000 2234.5840   22.4899
   -7.5000  -15.0000   45.0000 2334.4421   20.0714
    0.0000  -15.0000   45.0000 2343.1030   19.9159
    7.5000  -15.0000   45.0000 2335.4290   20.6633
   -7.5000   -7.5000   45.0000 2428.5112   18.7185
    0.0000   -7.5000   45.0000 2437.6907   18.6497
    7.5000   -7.5000   45.0000 2426.3403   19.2174
   -7.5000    0.0000   45.0000 2493.5845   17.6633
    0.0000    0.0000   45.0000 2505.2834   17.5980
    7.5000    0.0000   45.0000 2495.0115   18.1413
   -7.5000    7.5000   45.0000 2532.1184   16.9881
    0.0000    7.5000   45.0000 2544.2737   16.9947
    7.5000    7.5000   45.0000 2533.5024   17.4587
   -7.5000   15.0000   45.0000 2565.0396   16.8446
    0.0000   15.0000   45.0000 2576.3799   16.8120
    7.5000   15.0000   45.0000 2558.8457   17.1954
   -7.5000   22.5000   45.0000 2573.7534   17.0478
    0.0000   22.5000   45.0000 2586.9507   16.9486
    7.5000   22.5000   45.0000 2562.8979   17.2197
   -7.5000   30.0000   45.0000 2548.2019   17.4164
    0.0000   30.0000   45.0000 2564.9741   17.3168
    7.5000   30.0000   45.0000 2542.6562   17.5628
   -7.5000   37.5000   45.0000 2510.9941   17.9678
    0.0000   37.5000   45.0000 2528.1860   17.9078
    7.5000   37.5000   45.0000 2497.2485   18.1610
   -7.5000   45.0000   45.0000 2442.1399   18.9529
    0.0000   45.0000   45.0000 2453.2786   18.9114
    7.5000   45.0000   45.0000 2416.1711   19.1713

---------------------------------------------------------------------
imgreg_4dfp /opt/freesurfer/average/711-2C_as_mni_average_305 /opt/freesurfer/average/711-2B_as_mni_average_305_mask talsrcimg_g11 none talsrcimg_to_711-2C_as_mni_average_305_t4 1283
---------------------------------------------------------------------

freesurfer imgreg_4dfp.c
/opt/freesurfer/average/711-2C_as_mni_average_305.4dfp.img
       256       256       256         1
  1.000000  1.000000  1.000000
orientation T byte_order littleendian
Reading image: /opt/freesurfer/average/711-2C_as_mni_average_305.4dfp.img
dimensions:      256       256       256
mmppix:       1.0000   -1.0000   -1.0000
center:     128.0000 -129.0000 -129.0000
/opt/freesurfer/average/711-2B_as_mni_average_305_mask.4dfp.img
       256       256       256         1
  1.000000  1.000000  1.000000
orientation T byte_order littleendian
Reading mask: /opt/freesurfer/average/711-2B_as_mni_average_305_mask.4dfp.img (2306576 pixels)
talsrcimg_g11.4dfp.img
       256       256       256         1
  1.000000  1.000000  1.000000
orientation T byte_order littleendian
Reading image: talsrcimg_g11.4dfp.img
dimensions:      256       256       256
mmppix:       1.0000   -1.0000   -1.0000
center:     128.0000 -129.0000 -129.0000
rotation matrix determinant  1.000000
fimgreg.f
image alignment mode   1283 decimal      503 hex
parameters
    0.0000    7.5000    7.5000    0.0000    0.0000    0.0000
eta,q 0.91776 14.31612
niter,ni,del,rscale     5    3   12.0000    1.2000
parameter  3  1.459013 ->  0.500000 qaram    1.1500
parameter  4  2.624490 ->  0.500000 qaram    1.1500
parameter  5 -0.622201 -> -0.500000 qaram    1.1500
parameters
   -1.7258    8.6228    4.0500   -3.4500    3.4500    1.0630
eta,q 0.93104 14.19950
  0.0892  0.0958  0.0795  0.0691  0.0824  0.0764
  0.0863  0.0900  0.0771  0.0710  0.0776  0.0729
  0.0860  0.0865  0.0808  0.0742  0.0741  0.0707
  0.0875  0.0857  0.0868  0.0777  0.0718  0.0694
  0.0877  0.0878  0.0925  0.0823  0.0700  0.0690
  0.0908  0.0885  0.0973  0.0871  0.0693  0.0702
  0.1014  0.0891  0.1021  0.0910  0.0705  0.0729
niter,ni,del,rscale     7    3   12.0000    1.2000
parameter  4  0.608316 ->  0.500000 qaram    1.3225
parameters
   -2.4526    8.9550    3.5667   -7.4175    2.5028    1.1994
eta,q 0.93387 14.22240
  0.0816  0.0860  0.0885  0.0683  0.0724  0.0717
  0.0742  0.0780  0.0788  0.0664  0.0680  0.0695
  0.0706  0.0717  0.0707  0.0667  0.0663  0.0676
  0.0690  0.0695  0.0697  0.0690  0.0663  0.0662
  0.0695  0.0722  0.0765  0.0735  0.0672  0.0661
  0.0788  0.0770  0.0842  0.0798  0.0712  0.0688
  0.0935  0.0817  0.0913  0.0847  0.0778  0.0719
niter,ni,del,rscale     7    3   12.0000    1.2000
parameters
   -2.2131    9.9056    3.0017   -8.6500    2.2339    1.2774
eta,q 0.93543 14.17766
  0.0843  0.0875  0.0849  0.0715  0.0717  0.0699
  0.0724  0.0774  0.0742  0.0689  0.0662  0.0675
  0.0673  0.0700  0.0667  0.0647  0.0648  0.0654
  0.0661  0.0661  0.0658  0.0652  0.0646  0.0646
  0.0651  0.0666  0.0723  0.0678  0.0645  0.0646
  0.0687  0.0714  0.0810  0.0716  0.0669  0.0670
  0.0828  0.0770  0.0887  0.0777  0.0734  0.0700
niter,ni,del,rscale     6    3   12.0000    1.2000
parameters
   -2.2232   10.4288    2.7168   -9.6061    2.1566    1.5083
eta,q 0.93632 14.17856
  0.0815  0.0831  0.0865  0.0708  0.0710  0.0695
  0.0694  0.0745  0.0743  0.0690  0.0651  0.0670
  0.0650  0.0679  0.0663  0.0646  0.0638  0.0649
  0.0646  0.0646  0.0644  0.0643  0.0638  0.0638
  0.0641  0.0661  0.0700  0.0671  0.0636  0.0636
  0.0682  0.0716  0.0791  0.0706  0.0653  0.0659
  0.0827  0.0773  0.0878  0.0752  0.0715  0.0693
niter,ni,del,rscale     5    3   12.0000    1.2000
parameters
   -2.2484   10.8238    2.4907  -10.5051    2.1293    1.6957
eta,q 0.93676 14.19421
  0.0810  0.0816  0.0870  0.0701  0.0705  0.0688
  0.0684  0.0738  0.0743  0.0687  0.0648  0.0664
  0.0640  0.0670  0.0655  0.0650  0.0635  0.0644
  0.0637  0.0637  0.0638  0.0636  0.0633  0.0633
  0.0635  0.0663  0.0695  0.0662  0.0633  0.0632
  0.0676  0.0718  0.0785  0.0702  0.0646  0.0654
  0.0822  0.0771  0.0876  0.0744  0.0708  0.0688
niter,ni,del,rscale     4    3   12.0000    1.2000
parameters
   -2.2922   11.1565    2.2408  -11.4782    2.1772    1.6913
eta,q 0.93682 14.22692
  0.0810  0.0808  0.0869  0.0691  0.0705  0.0676
  0.0680  0.0735  0.0741  0.0686  0.0652  0.0655
  0.0635  0.0666  0.0649  0.0653  0.0638  0.0639
  0.0632  0.0632  0.0634  0.0631  0.0632  0.0632
  0.0636  0.0663  0.0696  0.0654  0.0632  0.0633
  0.0677  0.0718  0.0786  0.0698  0.0645  0.0650
  0.0821  0.0769  0.0876  0.0741  0.0707  0.0681
niter,ni,del,rscale     3    3   12.0000    1.2000
parameters
   -2.3648   11.4727    1.9480  -12.6759    2.3135    1.3204
eta,q 0.93649 14.29958
  0.0816  0.0797  0.0867  0.0675  0.0712  0.0664
  0.0679  0.0730  0.0736  0.0680  0.0663  0.0648
  0.0632  0.0669  0.0644  0.0656  0.0645  0.0638
  0.0632  0.0631  0.0631  0.0627  0.0635  0.0635
  0.0641  0.0658  0.0700  0.0647  0.0635  0.0637
  0.0684  0.0717  0.0789  0.0689  0.0652  0.0650
  0.0825  0.0764  0.0875  0.0736  0.0712  0.0677
niter,ni,del,rscale     2    3   12.0000    1.2000
parameters
   -2.4803   11.8500    1.6188  -14.1660    2.6088    0.3779
eta,q 0.93592 14.38698
  0.0831  0.0780  0.0870  0.0663  0.0732  0.0658
  0.0683  0.0724  0.0729  0.0662  0.0682  0.0644
  0.0630  0.0678  0.0638  0.0655  0.0654  0.0641
  0.0635  0.0634  0.0630  0.0625  0.0643  0.0642
  0.0651  0.0648  0.0703  0.0641  0.0637  0.0646
  0.0697  0.0706  0.0793  0.0677  0.0665  0.0654
  0.0840  0.0753  0.0876  0.0728  0.0725  0.0676
niter,ni,del,rscale     1    3   12.0000    1.2000
parameters
   -2.5950   12.3355    1.2404  -15.5136    2.9938   -0.2273
eta,q 0.93691 14.36865
  0.0854  0.0770  0.0875  0.0665  0.0752  0.0663
  0.0701  0.0722  0.0726  0.0645  0.0692  0.0638
  0.0635  0.0680  0.0631  0.0640  0.0657  0.0629
  0.0641  0.0640  0.0634  0.0627  0.0636  0.0634
  0.0661  0.0640  0.0707  0.0632  0.0634  0.0645
  0.0713  0.0688  0.0799  0.0671  0.0673  0.0655
  0.0864  0.0748  0.0883  0.0717  0.0734  0.0666
registration optimization eta report
parameter search radius
    6.0000    6.0000    6.9000    7.9350    6.9000    6.0000
100000*second partial in parameter space
       64.       32.       50.       10.       23.        9.
  0.0854  0.0770  0.0875  0.0665  0.0752  0.0663
  0.0701  0.0722  0.0726  0.0645  0.0692  0.0638
  0.0635  0.0680  0.0631  0.0640  0.0657  0.0629
  0.0641  0.0640  0.0634  0.0627  0.0636  0.0634
  0.0661  0.0640  0.0707  0.0632  0.0634  0.0645
  0.0713  0.0688  0.0799  0.0671  0.0673  0.0655
  0.0864  0.0748  0.0883  0.0717  0.0734  0.0666
   -2.5950   12.3355    1.2404  -15.5136    2.9938   -0.2273
eta,q 0.93691 14.36865

---------------------------------------------------------------------
imgreg_4dfp /opt/freesurfer/average/711-2C_as_mni_average_305 /opt/freesurfer/average/711-2B_as_mni_average_305_mask talsrcimg_g11 none talsrcimg_to_711-2C_as_mni_average_305_t4 3335
---------------------------------------------------------------------

freesurfer imgreg_4dfp.c
/opt/freesurfer/average/711-2C_as_mni_average_305.4dfp.img
       256       256       256         1
  1.000000  1.000000  1.000000
orientation T byte_order littleendian
Reading image: /opt/freesurfer/average/711-2C_as_mni_average_305.4dfp.img
dimensions:      256       256       256
mmppix:       1.0000   -1.0000   -1.0000
center:     128.0000 -129.0000 -129.0000
/opt/freesurfer/average/711-2B_as_mni_average_305_mask.4dfp.img
       256       256       256         1
  1.000000  1.000000  1.000000
orientation T byte_order littleendian
Reading mask: /opt/freesurfer/average/711-2B_as_mni_average_305_mask.4dfp.img (2306576 pixels)
talsrcimg_g11.4dfp.img
       256       256       256         1
  1.000000  1.000000  1.000000
orientation T byte_order littleendian
Reading image: talsrcimg_g11.4dfp.img
dimensions:      256       256       256
mmppix:       1.0000   -1.0000   -1.0000
center:     128.0000 -129.0000 -129.0000
fimgreg.f
image alignment mode   3335 decimal      D07 hex
parameters
   -2.5950   12.3355    1.2404   -0.1373   -3.6496   -3.7748
    1.7792   -4.9263   -0.3962   26.7664    5.2228  -26.7102
eta,q 0.94010 14.34260
niter,ni,del,rscale     5    3    5.0000    1.2000
parameter  4  2.527417 ->  0.500000 qaram    1.1500
parameter  5  1.437964 ->  0.500000 qaram    1.1500
parameter  6  0.627871 ->  0.500000 qaram    1.1500
parameter 10  0.674732 ->  0.500000 qaram    1.1500
parameter 12 -0.837808 -> -0.500000 qaram    1.1500
parameters
   -2.7155   13.0330    0.8331   -4.2773   -7.7896   -7.9148
   -1.5823   -4.7945    1.3648   22.6264    5.7100  -22.5702
eta,q 0.96902 14.41195
  0.0652  0.0651  0.0625  0.0404  0.0335  0.0346  0.0350  0.0420  0.0372  0.0325  0.0341  0.0367
  0.0623  0.0627  0.0605  0.0442  0.0366  0.0346  0.0338  0.0369  0.0354  0.0321  0.0331  0.0347
  0.0605  0.0609  0.0595  0.0505  0.0403  0.0352  0.0338  0.0343  0.0343  0.0323  0.0324  0.0332
  0.0599  0.0599  0.0596  0.0594  0.0457  0.0375  0.0347  0.0337  0.0337  0.0335  0.0321  0.0321
  0.0608  0.0596  0.0607  0.0701  0.0534  0.0441  0.0365  0.0346  0.0335  0.0355  0.0322  0.0313
  0.0631  0.0601  0.0626  0.0807  0.0625  0.0548  0.0391  0.0370  0.0339  0.0378  0.0327  0.0309
  0.0664  0.0613  0.0652  0.0889  0.0718  0.0657  0.0426  0.0409  0.0348  0.0410  0.0337  0.0308
niter,ni,del,rscale     7    3    5.0000    1.2000
parameter  2 -0.651634 -> -0.500000 qaram    1.1500
parameter  3  0.854843 ->  0.500000 qaram    1.1500
parameter  4  0.671393 ->  0.500000 qaram    1.3225
parameter  5  0.750666 ->  0.500000 qaram    1.3225
parameters
   -2.4743   14.4130   -0.5469   -9.0383  -12.5506   -9.9429
   -1.2268   -5.7653    2.5317   22.8531    5.0656  -23.3532
eta,q 0.97996 14.11404
  0.0378  0.0374  0.0283  0.0246  0.0195  0.0234  0.0244  0.0245  0.0242  0.0259  0.0212  0.0219
  0.0343  0.0347  0.0283  0.0243  0.0198  0.0216  0.0224  0.0218  0.0224  0.0233  0.0205  0.0208
  0.0319  0.0325  0.0287  0.0251  0.0215  0.0206  0.0210  0.0204  0.0210  0.0212  0.0202  0.0201
  0.0310  0.0310  0.0297  0.0284  0.0243  0.0202  0.0204  0.0204  0.0202  0.0201  0.0201  0.0201
  0.0313  0.0300  0.0310  0.0351  0.0288  0.0209  0.0206  0.0216  0.0202  0.0205  0.0204  0.0205
  0.0329  0.0296  0.0328  0.0444  0.0363  0.0253  0.0218  0.0240  0.0209  0.0225  0.0209  0.0214
  0.0354  0.0302  0.0349  0.0556  0.0462  0.0348  0.0238  0.0273  0.0224  0.0257  0.0217  0.0226
niter,ni,del,rscale     7    3    5.0000    1.2000
parameters
   -2.3599   14.9319   -0.4345  -11.2931  -15.8900   -9.4849
   -1.5933   -5.9882    2.6397   23.3330    5.1264  -25.4676
eta,q 0.98068 13.90486
  0.0253  0.0268  0.0226  0.0241  0.0220  0.0244  0.0227  0.0244  0.0227  0.0251  0.0206  0.0204
  0.0226  0.0236  0.0212  0.0219  0.0203  0.0223  0.0209  0.0216  0.0210  0.0223  0.0200  0.0197
  0.0208  0.0212  0.0203  0.0205  0.0196  0.0207  0.0198  0.0200  0.0199  0.0204  0.0196  0.0193
  0.0200  0.0200  0.0199  0.0199  0.0202  0.0196  0.0195  0.0195  0.0195  0.0195  0.0195  0.0195
  0.0204  0.0200  0.0201  0.0214  0.0224  0.0192  0.0201  0.0202  0.0199  0.0197  0.0196  0.0201
  0.0219  0.0211  0.0209  0.0266  0.0265  0.0200  0.0214  0.0221  0.0209  0.0212  0.0200  0.0210
  0.0244  0.0231  0.0223  0.0353  0.0339  0.0247  0.0234  0.0250  0.0224  0.0242  0.0205  0.0222
niter,ni,del,rscale     6    3    5.0000    1.2000
parameters
   -2.2711   15.2744   -0.1866  -11.2306  -16.8467   -9.5311
   -1.6849   -6.0492    2.6315   23.7493    4.9982  -26.0834
eta,q 0.98081 13.86707
  0.0239  0.0252  0.0221  0.0256  0.0238  0.0239  0.0228  0.0243  0.0223  0.0247  0.0203  0.0209
  0.0214  0.0222  0.0207  0.0228  0.0214  0.0218  0.0208  0.0215  0.0206  0.0219  0.0197  0.0199
  0.0199  0.0203  0.0197  0.0207  0.0197  0.0202  0.0196  0.0198  0.0196  0.0200  0.0193  0.0193
  0.0193  0.0193  0.0192  0.0192  0.0192  0.0192  0.0192  0.0192  0.0192  0.0192  0.0192  0.0192
  0.0197  0.0195  0.0194  0.0188  0.0200  0.0188  0.0197  0.0198  0.0196  0.0195  0.0194  0.0195
  0.0210  0.0207  0.0200  0.0211  0.0224  0.0200  0.0210  0.0216  0.0207  0.0210  0.0198  0.0203
  0.0233  0.0229  0.0213  0.0271  0.0268  0.0258  0.0229  0.0245  0.0222  0.0238  0.0204  0.0214
niter,ni,del,rscale     5    3    5.0000    1.2000
parameters
   -2.2577   15.3972   -0.1830  -11.1093  -17.0091   -9.5772
   -1.6885   -6.0503    2.6395   23.8975    4.9318  -26.2459
eta,q 0.98084 13.86701
  0.0235  0.0243  0.0216  0.0257  0.0244  0.0239  0.0228  0.0244  0.0222  0.0243  0.0203  0.0211
  0.0211  0.0216  0.0203  0.0229  0.0220  0.0218  0.0208  0.0215  0.0205  0.0216  0.0197  0.0200
  0.0197  0.0199  0.0195  0.0207  0.0200  0.0201  0.0195  0.0197  0.0195  0.0198  0.0193  0.0193
  0.0192  0.0192  0.0192  0.0192  0.0191  0.0191  0.0192  0.0192  0.0192  0.0192  0.0192  0.0192
  0.0196  0.0196  0.0194  0.0187  0.0196  0.0187  0.0196  0.0197  0.0195  0.0196  0.0193  0.0194
  0.0210  0.0210  0.0202  0.0210  0.0216  0.0200  0.0209  0.0215  0.0206  0.0212  0.0197  0.0201
  0.0234  0.0235  0.0216  0.0270  0.0254  0.0258  0.0228  0.0243  0.0222  0.0241  0.0203  0.0212
niter,ni,del,rscale     4    3    5.0000    1.2000
parameters
   -2.2570   15.4199   -0.1922  -11.0879  -17.0321   -9.5848
   -1.6855   -6.0490    2.6388   23.9339    4.9146  -26.2780
eta,q 0.98085 13.86781
  0.0234  0.0239  0.0215  0.0256  0.0246  0.0240  0.0228  0.0244  0.0222  0.0242  0.0203  0.0211
  0.0211  0.0213  0.0202  0.0228  0.0221  0.0218  0.0208  0.0215  0.0205  0.0215  0.0197  0.0200
  0.0196  0.0197  0.0194  0.0206  0.0201  0.0201  0.0195  0.0197  0.0195  0.0198  0.0193  0.0194
  0.0192  0.0192  0.0192  0.0192  0.0191  0.0192  0.0192  0.0192  0.0192  0.0192  0.0192  0.0192
  0.0196  0.0197  0.0194  0.0187  0.0195  0.0187  0.0196  0.0197  0.0195  0.0196  0.0193  0.0194
  0.0210  0.0212  0.0202  0.0211  0.0215  0.0199  0.0208  0.0215  0.0206  0.0213  0.0197  0.0201
  0.0234  0.0238  0.0216  0.0272  0.0252  0.0257  0.0228  0.0243  0.0222  0.0242  0.0203  0.0211
registration optimization eta report
parameter search radius
    2.4000    2.7600    2.7600    9.5220    9.5220    8.2800
    7.2000    7.2000    7.2000    8.2800    7.2000    8.2800
100000*second partial in parameter space
       74.       62.       32.        8.        6.        9.
        7.       10.        6.        7.        2.        3.
  0.0234  0.0239  0.0215  0.0256  0.0246  0.0240  0.0228  0.0244  0.0222  0.0242  0.0203  0.0211
  0.0211  0.0213  0.0202  0.0228  0.0221  0.0218  0.0208  0.0215  0.0205  0.0215  0.0197  0.0200
  0.0196  0.0197  0.0194  0.0206  0.0201  0.0201  0.0195  0.0197  0.0195  0.0198  0.0193  0.0194
  0.0192  0.0192  0.0192  0.0192  0.0191  0.0192  0.0192  0.0192  0.0192  0.0192  0.0192  0.0192
  0.0196  0.0197  0.0194  0.0187  0.0195  0.0187  0.0196  0.0197  0.0195  0.0196  0.0193  0.0194
  0.0210  0.0212  0.0202  0.0211  0.0215  0.0199  0.0208  0.0215  0.0206  0.0213  0.0197  0.0201
  0.0234  0.0238  0.0216  0.0272  0.0252  0.0257  0.0228  0.0243  0.0222  0.0242  0.0203  0.0211
   -2.2570   15.4199   -0.1922  -11.0879  -17.0321   -9.5848
   -1.6855   -6.0490    2.6388   23.9339    4.9146  -26.2780
eta,q 0.98085 13.86781

---------------------------------------------------------------------
imgreg_4dfp /opt/freesurfer/average/711-2C_as_mni_average_305 /opt/freesurfer/average/711-2B_as_mni_average_305_mask talsrcimg_g11 none talsrcimg_to_711-2C_as_mni_average_305_t4 2311
---------------------------------------------------------------------

freesurfer imgreg_4dfp.c
/opt/freesurfer/average/711-2C_as_mni_average_305.4dfp.img
       256       256       256         1
  1.000000  1.000000  1.000000
orientation T byte_order littleendian
Reading image: /opt/freesurfer/average/711-2C_as_mni_average_305.4dfp.img
dimensions:      256       256       256
mmppix:       1.0000   -1.0000   -1.0000
center:     128.0000 -129.0000 -129.0000
/opt/freesurfer/average/711-2B_as_mni_average_305_mask.4dfp.img
       256       256       256         1
  1.000000  1.000000  1.000000
orientation T byte_order littleendian
Reading mask: /opt/freesurfer/average/711-2B_as_mni_average_305_mask.4dfp.img (2306576 pixels)
talsrcimg_g11.4dfp.img
       256       256       256         1
  1.000000  1.000000  1.000000
orientation T byte_order littleendian
Reading image: talsrcimg_g11.4dfp.img
dimensions:      256       256       256
mmppix:       1.0000   -1.0000   -1.0000
center:     128.0000 -129.0000 -129.0000
fimgreg.f
image alignment mode   2311 decimal      907 hex
parameters
   -2.2570   15.4199   -0.1922  -11.0879  -17.0321   -9.5848
   -1.6855   -6.0490    2.6388   23.9339    4.9146  -26.2780
eta,q 0.98085 13.86781
niter,ni,del,rscale     5    3    5.0000    0.8000
parameters
   -2.2499   15.4222   -0.1648   -9.0613  -16.8140   -7.7240
   -1.6167   -5.8789    2.7261   24.6234    4.8569  -26.0378
eta,q 0.98175 14.06830
  0.0211  0.0208  0.0200  0.0217  0.0204  0.0208  0.0202  0.0214  0.0198  0.0207  0.0190  0.0191
  0.0200  0.0199  0.0195  0.0206  0.0195  0.0198  0.0192  0.0196  0.0190  0.0195  0.0186  0.0187
  0.0194  0.0193  0.0193  0.0198  0.0189  0.0191  0.0186  0.0186  0.0185  0.0187  0.0183  0.0184
  0.0191  0.0192  0.0192  0.0191  0.0187  0.0187  0.0183  0.0183  0.0183  0.0183  0.0183  0.0183
  0.0193  0.0193  0.0192  0.0187  0.0188  0.0183  0.0185  0.0186  0.0185  0.0183  0.0183  0.0183
  0.0200  0.0199  0.0195  0.0187  0.0192  0.0183  0.0191  0.0195  0.0189  0.0187  0.0186  0.0186
  0.0210  0.0208  0.0199  0.0195  0.0201  0.0190  0.0202  0.0209  0.0197  0.0196  0.0190  0.0190
niter,ni,del,rscale     4    3    5.0000    0.7000
parameters
   -2.2811   15.2536   -0.2314   -9.3731  -16.7305   -7.9360
   -1.5557   -5.9491    2.7567   24.5375    5.0570  -25.9569
eta,q 0.98170 14.05515
  0.0199  0.0193  0.0189  0.0197  0.0196  0.0195  0.0198  0.0203  0.0195  0.0196  0.0189  0.0189
  0.0190  0.0186  0.0185  0.0191  0.0189  0.0190  0.0190  0.0191  0.0188  0.0189  0.0186  0.0186
  0.0184  0.0183  0.0183  0.0185  0.0185  0.0186  0.0185  0.0185  0.0184  0.0185  0.0184  0.0184
  0.0183  0.0183  0.0182  0.0182  0.0183  0.0183  0.0183  0.0183  0.0183  0.0183  0.0183  0.0183
  0.0185  0.0185  0.0183  0.0184  0.0184  0.0182  0.0184  0.0186  0.0184  0.0184  0.0183  0.0184
  0.0191  0.0191  0.0186  0.0191  0.0188  0.0188  0.0189  0.0193  0.0188  0.0189  0.0185  0.0186
  0.0201  0.0199  0.0191  0.0207  0.0195  0.0203  0.0197  0.0204  0.0194  0.0198  0.0188  0.0189
niter,ni,del,rscale     3    3    5.0000    0.6000
parameters
   -2.2720   15.2618   -0.2167   -9.2224  -16.7115   -7.6566
   -1.5511   -5.9617    2.7475   24.6060    5.0457  -25.9186
eta,q 0.98177 14.07313
  0.0196  0.0193  0.0189  0.0196  0.0192  0.0193  0.0193  0.0198  0.0191  0.0193  0.0186  0.0187
  0.0189  0.0187  0.0185  0.0190  0.0187  0.0189  0.0187  0.0189  0.0186  0.0187  0.0184  0.0184
  0.0184  0.0184  0.0184  0.0186  0.0184  0.0185  0.0184  0.0184  0.0183  0.0184  0.0183  0.0183
  0.0183  0.0183  0.0183  0.0183  0.0183  0.0183  0.0182  0.0182  0.0182  0.0182  0.0182  0.0182
  0.0184  0.0184  0.0184  0.0183  0.0184  0.0182  0.0183  0.0184  0.0183  0.0183  0.0183  0.0183
  0.0188  0.0187  0.0185  0.0187  0.0187  0.0184  0.0187  0.0189  0.0186  0.0186  0.0184  0.0184
  0.0195  0.0193  0.0188  0.0196  0.0192  0.0192  0.0193  0.0198  0.0191  0.0193  0.0186  0.0187
niter,ni,del,rscale     2    3    5.0000    0.5000
parameters
   -2.2764   15.2366   -0.2279   -9.0830  -16.7280   -7.4571
   -1.5213   -5.9533    2.7456   24.6691    5.0506  -25.8940
eta,q 0.98181 14.08697
  0.0191  0.0189  0.0186  0.0192  0.0189  0.0190  0.0189  0.0193  0.0188  0.0190  0.0185  0.0185
  0.0186  0.0185  0.0184  0.0188  0.0185  0.0187  0.0185  0.0187  0.0185  0.0185  0.0183  0.0183
  0.0183  0.0183  0.0183  0.0184  0.0183  0.0184  0.0183  0.0183  0.0183  0.0183  0.0182  0.0182
  0.0182  0.0182  0.0182  0.0182  0.0182  0.0182  0.0182  0.0182  0.0182  0.0182  0.0182  0.0182
  0.0183  0.0183  0.0183  0.0182  0.0183  0.0182  0.0183  0.0183  0.0183  0.0183  0.0182  0.0182
  0.0186  0.0186  0.0184  0.0185  0.0185  0.0184  0.0185  0.0187  0.0185  0.0185  0.0183  0.0183
  0.0191  0.0190  0.0186  0.0192  0.0189  0.0189  0.0189  0.0193  0.0188  0.0189  0.0185  0.0185
niter,ni,del,rscale     1    3    5.0000    0.4000
parameters
   -2.2831   15.2179   -0.2361   -8.9563  -16.7441   -7.2482
   -1.4929   -5.9543    2.7415   24.7286    5.0562  -25.8519
eta,q 0.98184 14.09977
  0.0188  0.0186  0.0184  0.0189  0.0186  0.0187  0.0187  0.0189  0.0186  0.0187  0.0184  0.0184
  0.0184  0.0184  0.0183  0.0186  0.0184  0.0185  0.0184  0.0185  0.0183  0.0184  0.0182  0.0183
  0.0183  0.0182  0.0182  0.0183  0.0182  0.0183  0.0182  0.0182  0.0182  0.0182  0.0182  0.0182
  0.0182  0.0182  0.0182  0.0182  0.0182  0.0182  0.0182  0.0182  0.0182  0.0182  0.0182  0.0182
  0.0183  0.0182  0.0182  0.0182  0.0182  0.0182  0.0182  0.0182  0.0182  0.0182  0.0182  0.0182
  0.0185  0.0184  0.0183  0.0184  0.0184  0.0183  0.0184  0.0185  0.0183  0.0183  0.0182  0.0183
  0.0188  0.0187  0.0185  0.0188  0.0186  0.0186  0.0186  0.0189  0.0186  0.0186  0.0184  0.0184
registration optimization eta report
parameter search radius
    0.8000    0.8000    0.8000    2.4000    2.4000    2.4000
    2.4000    2.4000    2.4000    2.4000    2.4000    2.4000
100000*second partial in parameter space
       89.       68.       40.       11.        7.        9.
        8.       13.        7.        8.        3.        4.
  0.0188  0.0186  0.0184  0.0189  0.0186  0.0187  0.0187  0.0189  0.0186  0.0187  0.0184  0.0184
  0.0184  0.0184  0.0183  0.0186  0.0184  0.0185  0.0184  0.0185  0.0183  0.0184  0.0182  0.0183
  0.0183  0.0182  0.0182  0.0183  0.0182  0.0183  0.0182  0.0182  0.0182  0.0182  0.0182  0.0182
  0.0182  0.0182  0.0182  0.0182  0.0182  0.0182  0.0182  0.0182  0.0182  0.0182  0.0182  0.0182
  0.0183  0.0182  0.0182  0.0182  0.0182  0.0182  0.0182  0.0182  0.0182  0.0182  0.0182  0.0182
  0.0185  0.0184  0.0183  0.0184  0.0184  0.0183  0.0184  0.0185  0.0183  0.0183  0.0182  0.0183
  0.0188  0.0187  0.0185  0.0188  0.0186  0.0186  0.0186  0.0189  0.0186  0.0186  0.0184  0.0184
   -2.2831   15.2179   -0.2361   -8.9563  -16.7441   -7.2482
   -1.4929   -5.9543    2.7415   24.7286    5.0562  -25.8519
eta,q 0.98184 14.09977

---------------------------------------------------------------------
imgreg_4dfp /opt/freesurfer/average/711-2C_as_mni_average_305 /opt/freesurfer/average/711-2B_as_mni_average_305_mask talsrcimg_g11 none talsrcimg_to_711-2C_as_mni_average_305_t4 2311
---------------------------------------------------------------------

freesurfer imgreg_4dfp.c
/opt/freesurfer/average/711-2C_as_mni_average_305.4dfp.img
       256       256       256         1
  1.000000  1.000000  1.000000
orientation T byte_order littleendian
Reading image: /opt/freesurfer/average/711-2C_as_mni_average_305.4dfp.img
dimensions:      256       256       256
mmppix:       1.0000   -1.0000   -1.0000
center:     128.0000 -129.0000 -129.0000
/opt/freesurfer/average/711-2B_as_mni_average_305_mask.4dfp.img
       256       256       256         1
  1.000000  1.000000  1.000000
orientation T byte_order littleendian
Reading mask: /opt/freesurfer/average/711-2B_as_mni_average_305_mask.4dfp.img (2306576 pixels)
talsrcimg_g11.4dfp.img
       256       256       256         1
  1.000000  1.000000  1.000000
orientation T byte_order littleendian
Reading image: talsrcimg_g11.4dfp.img
dimensions:      256       256       256
mmppix:       1.0000   -1.0000   -1.0000
center:     128.0000 -129.0000 -129.0000
fimgreg.f
image alignment mode   2311 decimal      907 hex
parameters
   -2.2831   15.2179   -0.2361   -8.9563  -16.7441   -7.2482
   -1.4929   -5.9543    2.7415   24.7286    5.0562  -25.8519
eta,q 0.98183 14.09977
niter,ni,del,rscale     5    3    5.0000    0.8000
parameters
   -2.3107   15.2038   -0.2303   -9.5555  -16.7425   -8.0706
   -1.5488   -5.9788    2.7717   24.4188    5.1033  -25.9227
eta,q 0.98164 14.03958
  0.0204  0.0199  0.0192  0.0199  0.0199  0.0196  0.0201  0.0210  0.0199  0.0200  0.0190  0.0191
  0.0192  0.0189  0.0186  0.0191  0.0190  0.0190  0.0192  0.0195  0.0191  0.0191  0.0187  0.0187
  0.0184  0.0183  0.0183  0.0185  0.0185  0.0185  0.0186  0.0186  0.0185  0.0185  0.0184  0.0184
  0.0182  0.0182  0.0182  0.0182  0.0182  0.0182  0.0184  0.0184  0.0184  0.0184  0.0184  0.0184
  0.0184  0.0184  0.0183  0.0184  0.0184  0.0184  0.0186  0.0187  0.0185  0.0186  0.0184  0.0185
  0.0192  0.0190  0.0186  0.0196  0.0189  0.0195  0.0192  0.0196  0.0190  0.0193  0.0186  0.0187
  0.0206  0.0199  0.0192  0.0218  0.0200  0.0224  0.0202  0.0211  0.0199  0.0205  0.0190  0.0191
niter,ni,del,rscale     4    3    5.0000    0.7000
parameters
   -2.2721   15.2729   -0.2019   -9.3886  -16.6983   -7.8918
   -1.5828   -5.9704    2.7446   24.5210    5.0526  -25.9472
eta,q 0.98171 14.05596
  0.0201  0.0198  0.0191  0.0200  0.0196  0.0197  0.0197  0.0204  0.0194  0.0198  0.0188  0.0189
  0.0192  0.0190  0.0187  0.0193  0.0189  0.0191  0.0189  0.0192  0.0188  0.0190  0.0185  0.0186
  0.0186  0.0186  0.0184  0.0187  0.0185  0.0186  0.0184  0.0185  0.0184  0.0185  0.0184  0.0184
  0.0184  0.0184  0.0184  0.0184  0.0183  0.0183  0.0183  0.0183  0.0183  0.0183  0.0183  0.0183
  0.0185  0.0185  0.0184  0.0183  0.0184  0.0182  0.0184  0.0185  0.0184  0.0184  0.0184  0.0184
  0.0190  0.0189  0.0187  0.0188  0.0189  0.0185  0.0189  0.0192  0.0188  0.0188  0.0185  0.0186
  0.0199  0.0195  0.0191  0.0201  0.0196  0.0198  0.0198  0.0204  0.0195  0.0197  0.0188  0.0189
niter,ni,del,rscale     3    3    5.0000    0.6000
parameters
   -2.2709   15.2583   -0.2156   -9.2311  -16.7143   -7.6670
   -1.5505   -5.9601    2.7443   24.5993    5.0580  -25.9295
eta,q 0.98176 14.07224
  0.0195  0.0192  0.0188  0.0196  0.0192  0.0193  0.0193  0.0198  0.0191  0.0193  0.0186  0.0187
  0.0189  0.0187  0.0185  0.0190  0.0187  0.0189  0.0187  0.0189  0.0186  0.0187  0.0184  0.0184
  0.0184  0.0184  0.0183  0.0186  0.0184  0.0185  0.0184  0.0184  0.0183  0.0184  0.0183  0.0183
  0.0183  0.0183  0.0183  0.0183  0.0183  0.0183  0.0182  0.0182  0.0182  0.0182  0.0182  0.0182
  0.0184  0.0184  0.0184  0.0183  0.0184  0.0182  0.0183  0.0184  0.0183  0.0183  0.0183  0.0183
  0.0188  0.0187  0.0185  0.0187  0.0187  0.0184  0.0187  0.0189  0.0186  0.0186  0.0184  0.0184
  0.0195  0.0193  0.0189  0.0196  0.0192  0.0193  0.0193  0.0198  0.0191  0.0193  0.0186  0.0187
niter,ni,del,rscale     2    3    5.0000    0.5000
parameters
   -2.2758   15.2387   -0.2281   -9.0833  -16.7294   -7.4605
   -1.5180   -5.9548    2.7486   24.6692    5.0452  -25.8959
eta,q 0.98181 14.08668
  0.0191  0.0189  0.0186  0.0192  0.0189  0.0190  0.0190  0.0193  0.0188  0.0190  0.0185  0.0185
  0.0186  0.0185  0.0184  0.0188  0.0185  0.0187  0.0185  0.0187  0.0185  0.0186  0.0183  0.0183
  0.0183  0.0183  0.0183  0.0184  0.0183  0.0184  0.0183  0.0183  0.0183  0.0183  0.0182  0.0182
  0.0182  0.0182  0.0182  0.0182  0.0182  0.0182  0.0182  0.0182  0.0182  0.0182  0.0182  0.0182
  0.0183  0.0183  0.0183  0.0182  0.0183  0.0182  0.0183  0.0183  0.0183  0.0183  0.0182  0.0182
  0.0186  0.0186  0.0184  0.0185  0.0185  0.0183  0.0185  0.0187  0.0185  0.0185  0.0183  0.0183
  0.0191  0.0189  0.0186  0.0192  0.0189  0.0189  0.0189  0.0193  0.0188  0.0189  0.0185  0.0185
niter,ni,del,rscale     1    3    5.0000    0.4000
parameters
   -2.2835   15.2201   -0.2344   -8.9579  -16.7513   -7.2495
   -1.4942   -5.9528    2.7357   24.7238    5.0578  -25.8576
eta,q 0.98183 14.09921
  0.0188  0.0186  0.0184  0.0189  0.0186  0.0187  0.0187  0.0189  0.0185  0.0187  0.0184  0.0184
  0.0184  0.0184  0.0183  0.0186  0.0184  0.0185  0.0184  0.0185  0.0183  0.0184  0.0182  0.0183
  0.0183  0.0182  0.0182  0.0183  0.0182  0.0183  0.0182  0.0182  0.0182  0.0182  0.0182  0.0182
  0.0182  0.0182  0.0182  0.0182  0.0182  0.0182  0.0182  0.0182  0.0182  0.0182  0.0182  0.0182
  0.0183  0.0183  0.0182  0.0182  0.0182  0.0182  0.0182  0.0183  0.0182  0.0182  0.0182  0.0182
  0.0185  0.0184  0.0183  0.0184  0.0184  0.0183  0.0184  0.0185  0.0183  0.0184  0.0182  0.0183
  0.0188  0.0187  0.0185  0.0188  0.0186  0.0186  0.0186  0.0189  0.0186  0.0186  0.0184  0.0184
registration optimization eta report
parameter search radius
    0.8000    0.8000    0.8000    2.4000    2.4000    2.4000
    2.4000    2.4000    2.4000    2.4000    2.4000    2.4000
100000*second partial in parameter space
       90.       69.       40.       11.        7.        9.
        8.       13.        7.        8.        3.        4.
  0.0188  0.0186  0.0184  0.0189  0.0186  0.0187  0.0187  0.0189  0.0185  0.0187  0.0184  0.0184
  0.0184  0.0184  0.0183  0.0186  0.0184  0.0185  0.0184  0.0185  0.0183  0.0184  0.0182  0.0183
  0.0183  0.0182  0.0182  0.0183  0.0182  0.0183  0.0182  0.0182  0.0182  0.0182  0.0182  0.0182
  0.0182  0.0182  0.0182  0.0182  0.0182  0.0182  0.0182  0.0182  0.0182  0.0182  0.0182  0.0182
  0.0183  0.0183  0.0182  0.0182  0.0182  0.0182  0.0182  0.0183  0.0182  0.0182  0.0182  0.0182
  0.0185  0.0184  0.0183  0.0184  0.0184  0.0183  0.0184  0.0185  0.0183  0.0184  0.0182  0.0183
  0.0188  0.0187  0.0185  0.0188  0.0186  0.0186  0.0186  0.0189  0.0186  0.0186  0.0184  0.0184
   -2.2835   15.2201   -0.2344   -8.9579  -16.7513   -7.2495
   -1.4942   -5.9528    2.7357   24.7238    5.0578  -25.8576
eta,q 0.98183 14.09921

---------------------------------------------------------------------
compute_vox2vox talsrcimg talsrcimg_to_711-2C_as_mni_average_305_t4 /opt/freesurfer/average/711-2C_as_mni_average_305
---------------------------------------------------------------------

freesurfer compute_vox2vox.c
Reading: talsrcimg.4dfp.ifh
Reading: talsrcimg_to_711-2C_as_mni_average_305_t4
Reading: /opt/freesurfer/average/711-2C_as_mni_average_305.4dfp.ifh
Writing: talsrcimg_to_711-2C_as_mni_average_305_t4_vox2vox.txt

start time Mon Mar 9 16:21:08 CET 2026
end		time Mon Mar 9 16:22:36 CET 2026

mpr2mni305 success

avi2talxfm orig_nu.mgz /opt/freesurfer/average/mni305.cor.mgz talsrcimg_to_711-2C_as_mni_average_305_t4_vox2vox.txt transforms/talairach.auto.xfm
avi2talxfm done
mv -f /out/sourcedata/freesurfer/sub-v1s22x0050522_ses-1/mri/talsrcimg_to_711-2C_as_mni_average_305_t4_vox2vox.txt /out/sourcedata/freesurfer/sub-v1s22x0050522_ses-1/mri/transforms/talsrcimg_to_711-2C_as_mni_average_305_t4_vox2vox.txt
lta_convert --src orig_nu.mgz --trg /opt/freesurfer/average/mni305.cor.mgz --inxfm transforms/talairach.auto.xfm --outlta transforms/talairach.auto.xfm.lta --subject fsaverage
7.3.2

--src: orig_nu.mgz src image (geometry).
--trg: /opt/freesurfer/average/mni305.cor.mgz trg image (geometry).
--inmni: transforms/talairach.auto.xfm input MNI/XFM transform.
--outlta: transforms/talairach.auto.xfm.lta output LTA.
--s: fsaverage subject name
 LTA read, type : 1
 1.09391   0.06001   0.03827   0.47534;
-0.06435   0.99219   0.30703  -37.46685;
-0.01684  -0.29664   1.10878   9.66917;
 0.00000   0.00000   0.00000   1.00000;
setting subject to fsaverage
Writing  LTA to file transforms/talairach.auto.xfm.lta...
lta_convert successful.
 
 
Started at Mon Mar 9 16:21:07 CET 2026
Ended   at Mon Mar  9 16:22:36 CET 2026
talairach_avi done
