/out/sourcedata/freesurfer/sub-v1s22x0050483_ses-1/mri
/opt/freesurfer/bin/talairach_avi
--i orig_nu.mgz --xfm transforms/talairach.auto.xfm
talairach_avi 7.3.2
Linux dna030 5.14.0-427.37.1.el9_4.x86_64 #1 SMP PREEMPT_DYNAMIC Fri Sep 13 12:41:50 EDT 2024 x86_64 x86_64 x86_64 GNU/Linux
Mon Mar  9 14:28:49 CET 2026
mri_convert orig_nu.mgz talsrcimg.img 
reading from orig_nu.mgz...
TR=0.00, TE=0.00, TI=0.00, flip angle=0.00
i_ras = (-1, 0, 0)
j_ras = (0, 0, -1)
k_ras = (0, 1, 0)
writing to talsrcimg.img...
Analyze Output Matrix
-1.00000   0.00000   0.00000   123.40063;
 0.00000   0.00000   1.00000  -91.46622;
 0.00000  -1.00000   0.00000   123.25642;
 0.00000   0.00000   0.00000   1.00000;
--------------------
INFO: set hdr.hist.orient to -1
mpr2mni305 talsrcimg
Mon Mar  9 14:28:50 CET 2026
/opt/freesurfer/bin/mpr2mni305 talsrcimg
mpr2mni305 7.3.2
target=711-2C_as_mni_average_305

---------------------------------------------------------------------
analyzeto4dfp talsrcimg -O0 -y
---------------------------------------------------------------------

freesurfer ifh2hdr.c
Mon Mar  9 14:28:50 2026
Writing: talsrcimg.4dfp.hdr
freesurfer analyzeto4dfp.c
Reading: talsrcimg.hdr
header size 348 bytes
hdr.dime.datatype	offset=70	value=2
hdr.dime.bitpix		offset=72	value=8
hdr.hist.orient		offset=252	value=-1
dimensionality     4
dimensions       256       256       256         1
Reading: talsrcimg.img
Writing: talsrcimg.4dfp.img
Writing: talsrcimg.4dfp.ifh
ifh2hdr talsrcimg -r0to204
ori=2

---------------------------------------------------------------------
gauss_4dfp talsrcimg 1.1
---------------------------------------------------------------------

freesurfer gauss_4dfp.c
Reading: talsrcimg.4dfp.img
Writing: talsrcimg_g11.4dfp.img
image dimensions 256 256 256 padded to 288 288 288
processing volume 1freesurfer ifh2hdr.c
Mon Mar  9 14:28:52 2026
Writing: talsrcimg_g11.4dfp.hdr

Writing: talsrcimg_g11.4dfp.ifh
including: talsrcimg.4dfp.img.rec in talsrcimg_g11.4dfp.img.rec

---------------------------------------------------------------------
imgreg_4dfp /opt/freesurfer/average/711-2C_as_mni_average_305 none talsrcimg_g11 none talsrcimg_to_711-2C_as_mni_average_305_t4 4355
---------------------------------------------------------------------

freesurfer imgreg_4dfp.c
/opt/freesurfer/average/711-2C_as_mni_average_305.4dfp.img
       256       256       256         1
  1.000000  1.000000  1.000000
orientation T byte_order littleendian
Reading image: /opt/freesurfer/average/711-2C_as_mni_average_305.4dfp.img
dimensions:      256       256       256
mmppix:       1.0000   -1.0000   -1.0000
center:     128.0000 -129.0000 -129.0000
talsrcimg_g11.4dfp.img
       256       256       256         1
  1.000000  1.000000  1.000000
orientation T byte_order littleendian
Reading image: talsrcimg_g11.4dfp.img
dimensions:      256       256       256
mmppix:       1.0000   -1.0000   -1.0000
center:     128.0000 -129.0000 -129.0000
t4_read: open error in t4_sub.f l:  41 t4_file(1:l)talsrcimg_to_711-2C_as_mni_average_305_t4 
t4_read: transform initialized to I4
rotation matrix determinant  1.000000
image alignment mode   4355 decimal     1103 hex
   -7.5000  -45.0000  -45.0000 6238.7866   20.6867
    0.0000  -45.0000  -45.0000 6499.9463   20.6729
    7.5000  -45.0000  -45.0000 6258.9077   20.6584
   -7.5000  -37.5000  -45.0000 6837.5684   20.1388
    0.0000  -37.5000  -45.0000 7115.9595   20.1322
    7.5000  -37.5000  -45.0000 6843.0352   20.1153
   -7.5000  -30.0000  -45.0000 7744.1807   19.6940
    0.0000  -30.0000  -45.0000 8081.3999   19.6968
    7.5000  -30.0000  -45.0000 7759.2280   19.6846
   -7.5000  -22.5000  -45.0000 8767.5684   19.4762
    0.0000  -22.5000  -45.0000 9161.7627   19.4765
    7.5000  -22.5000  -45.0000 8769.6230   19.4735
   -7.5000  -15.0000  -45.0000 9782.7715   19.3779
    0.0000  -15.0000  -45.000010224.5537   19.3700
    7.5000  -15.0000  -45.0000 9777.5527   19.3715
   -7.5000   -7.5000  -45.000010787.3789   19.3555
    0.0000   -7.5000  -45.000011309.4971   19.3420
    7.5000   -7.5000  -45.000010760.3232   19.3382
   -7.5000    0.0000  -45.000011715.5449   19.3897
    0.0000    0.0000  -45.000012294.6875   19.3763
    7.5000    0.0000  -45.000011653.2422   19.3648
   -7.5000    7.5000  -45.000011625.1250   19.4063
    0.0000    7.5000  -45.000012226.9600   19.4013
    7.5000    7.5000  -45.000011579.0693   19.3863
   -7.5000   15.0000  -45.000011432.0586   19.3912
    0.0000   15.0000  -45.000012051.0957   19.3943
    7.5000   15.0000  -45.000011377.7402   19.3830
   -7.5000   22.5000  -45.000011209.7109   19.3529
    0.0000   22.5000  -45.000011806.8174   19.3535
    7.5000   22.5000  -45.000011148.4551   19.3511
   -7.5000   30.0000  -45.000010922.8994   19.0781
    0.0000   30.0000  -45.000011498.0879   19.0706
    7.5000   30.0000  -45.000010871.1162   19.0722
   -7.5000   37.5000  -45.000010817.5850   19.0968
    0.0000   37.5000  -45.000011396.7578   19.0835
    7.5000   37.5000  -45.000010770.9492   19.0797
   -7.5000   45.0000  -45.000010377.2334   18.6455
    0.0000   45.0000  -45.000010905.8408   18.6326
    7.5000   45.0000  -45.000010304.5479   18.6216
   -7.5000  -45.0000  -37.5000 6529.2524   20.7069
    0.0000  -45.0000  -37.5000 6806.6343   20.7048
    7.5000  -45.0000  -37.5000 6566.0425   20.6958
   -7.5000  -37.5000  -37.5000 7194.3491   20.1583
    0.0000  -37.5000  -37.5000 7489.9082   20.1578
    7.5000  -37.5000  -37.5000 7209.5322   20.1478
   -7.5000  -30.0000  -37.5000 8183.1748   19.7020
    0.0000  -30.0000  -37.5000 8550.3340   19.7052
    7.5000  -30.0000  -37.5000 8193.4619   19.7008
   -7.5000  -22.5000  -37.5000 9280.9199   19.4750
    0.0000  -22.5000  -37.5000 9689.0498   19.4744
    7.5000  -22.5000  -37.5000 9263.8613   19.4772
   -7.5000  -15.0000  -37.500010356.2715   19.3765
    0.0000  -15.0000  -37.500010811.7227   19.3718
    7.5000  -15.0000  -37.500010325.4307   19.3772
   -7.5000   -7.5000  -37.500011393.4062   19.3646
    0.0000   -7.5000  -37.500011929.0156   19.3596
    7.5000   -7.5000  -37.500011350.7119   19.3592
   -7.5000    0.0000  -37.500012368.0508   19.4087
    0.0000    0.0000  -37.500012975.8906   19.4055
    7.5000    0.0000  -37.500012298.1152   19.3982
   -7.5000    7.5000  -37.500012278.8867   19.4240
    0.0000    7.5000  -37.500012883.8945   19.4250
    7.5000    7.5000  -37.500012202.1533   19.4166
   -7.5000   15.0000  -37.500012059.4297   19.3989
    0.0000   15.0000  -37.500012679.7646   19.4025
    7.5000   15.0000  -37.500011978.5898   19.3989
   -7.5000   22.5000  -37.500011785.6689   19.3519
    0.0000   22.5000  -37.500012421.2627   19.3517
    7.5000   22.5000  -37.500011707.6201   19.3550
   -7.5000   30.0000  -37.500011460.6602   19.0770
    0.0000   30.0000  -37.500012095.9971   19.0726
    7.5000   30.0000  -37.500011408.0654   19.0780
   -7.5000   37.5000  -37.500011362.1084   19.1058
    0.0000   37.5000  -37.500011997.9033   19.1008
    7.5000   37.5000  -37.500011300.8525   19.1005
   -7.5000   45.0000  -37.500010855.6621   18.6638
    0.0000   45.0000  -37.500011458.3574   18.6607
    7.5000   45.0000  -37.500010779.9141   18.6537
   -7.5000  -45.0000  -30.0000 6958.2280   21.5974
    0.0000  -45.0000  -30.0000 7263.0571   21.6018
    7.5000  -45.0000  -30.0000 6994.7998   21.5980
   -7.5000  -37.5000  -30.0000 7703.6963   21.0309
    0.0000  -37.5000  -30.0000 8016.8457   21.0321
    7.5000  -37.5000  -30.0000 7716.6440   21.0268
   -7.5000  -30.0000  -30.0000 8774.1553   20.5523
    0.0000  -30.0000  -30.0000 9145.9658   20.5531
    7.5000  -30.0000  -30.0000 8771.0254   20.5533
   -7.5000  -22.5000  -30.0000 9931.0020   20.3114
    0.0000  -22.5000  -30.000010361.2305   20.3078
    7.5000  -22.5000  -30.0000 9920.2754   20.3161
   -7.5000  -15.0000  -30.000011044.8477   20.2040
    0.0000  -15.0000  -30.000011558.0537   20.2002
    7.5000  -15.0000  -30.000011041.7715   20.2126
   -7.5000   -7.5000  -30.000012132.2041   20.1922
    0.0000   -7.5000  -30.000012723.1592   20.1919
    7.5000   -7.5000  -30.000012124.4727   20.1979
   -7.5000    0.0000  -30.000013128.2842   20.2441
    0.0000    0.0000  -30.000013801.2744   20.2459
    7.5000    0.0000  -30.000013099.4619   20.2432
   -7.5000    7.5000  -30.000013051.7529   20.2635
    0.0000    7.5000  -30.000013684.9473   20.2662
    7.5000    7.5000  -30.000013008.4463   20.2623
   -7.5000   15.0000  -30.000012790.8008   20.2359
    0.0000   15.0000  -30.000013471.7881   20.2372
    7.5000   15.0000  -30.000012745.9912   20.2382
   -7.5000   22.5000  -30.000012517.2822   20.1807
    0.0000   22.5000  -30.000013221.9326   20.1777
    7.5000   22.5000  -30.000012475.4795   20.1864
   -7.5000   30.0000  -30.000012208.2266   19.8937
    0.0000   30.0000  -30.000012923.8242   19.8902
    7.5000   30.0000  -30.000012173.8701   19.9025
   -7.5000   37.5000  -30.000012114.5605   19.9242
    0.0000   37.5000  -30.000012831.0078   19.9239
    7.5000   37.5000  -30.000012075.6025   19.9299
   -7.5000   45.0000  -30.000011499.6309   19.4814
    0.0000   45.0000  -30.000012168.8340   19.4831
    7.5000   45.0000  -30.000011453.1113   19.4805
   -7.5000  -45.0000  -22.5000 7383.3457   22.3206
    0.0000  -45.0000  -22.5000 7692.2007   22.3196
    7.5000  -45.0000  -22.5000 7403.5098   22.3156
   -7.5000  -37.5000  -22.5000 8183.9097   21.7399
    0.0000  -37.5000  -22.5000 8522.5498   21.7368
    7.5000  -37.5000  -22.5000 8183.7642   21.7286
   -7.5000  -30.0000  -22.5000 9323.9062   21.2533
    0.0000  -30.0000  -22.5000 9719.8594   21.2510
    7.5000  -30.0000  -22.5000 9294.1270   21.2472
   -7.5000  -22.5000  -22.500010537.0557   21.0102
    0.0000  -22.5000  -22.500010994.3574   21.0037
    7.5000  -22.5000  -22.500010499.1885   21.0112
   -7.5000  -15.0000  -22.500011690.4092   20.8961
    0.0000  -15.0000  -22.500012254.7637   20.8890
    7.5000  -15.0000  -22.500011682.2236   20.9045
   -7.5000   -7.5000  -22.500012846.2852   20.8743
    0.0000   -7.5000  -22.500013498.7246   20.8695
    7.5000   -7.5000  -22.500012852.1064   20.8788
   -7.5000    0.0000  -22.500013876.1621   20.9233
    0.0000    0.0000  -22.500014614.3750   20.9197
    7.5000    0.0000  -22.500013881.6953   20.9178
   -7.5000    7.5000  -22.500013773.6172   20.9469
    0.0000    7.5000  -22.500014507.4980   20.9456
    7.5000    7.5000  -22.500013798.6895   20.9390
   -7.5000   15.0000  -22.500013499.5742   20.9261
    0.0000   15.0000  -22.500014247.9912   20.9245
    7.5000   15.0000  -22.500013477.2266   20.9215
   -7.5000   22.5000  -22.500013229.6904   20.8734
    0.0000   22.5000  -22.500013966.7139   20.8674
    7.5000   22.5000  -22.500013204.7158   20.8753
   -7.5000   30.0000  -22.500012923.5557   20.5781
    0.0000   30.0000  -22.500013688.2783   20.5713
    7.5000   30.0000  -22.500012916.2158   20.5866
   -7.5000   37.5000  -22.500012853.9863   20.6005
    0.0000   37.5000  -22.500013616.4434   20.5958
    7.5000   37.5000  -22.500012857.8506   20.6049
   -7.5000   45.0000  -22.500012170.8359   20.1502
    0.0000   45.0000  -22.500012884.7266   20.1467
    7.5000   45.0000  -22.500012164.1943   20.1449
   -7.5000  -45.0000  -15.0000 7777.1367   22.8223
    0.0000  -45.0000  -15.0000 8099.3955   22.8092
    7.5000  -45.0000  -15.0000 7784.9956   22.7979
   -7.5000  -37.5000  -15.0000 8605.4639   22.2282
    0.0000  -37.5000  -15.0000 8973.0322   22.2184
    7.5000  -37.5000  -15.0000 8610.7314   22.2009
   -7.5000  -30.0000  -15.0000 9784.3311   21.7417
    0.0000  -30.0000  -15.000010226.1436   21.7383
    7.5000  -30.0000  -15.0000 9776.1895   21.7246
   -7.5000  -22.5000  -15.000011045.0117   21.5032
    0.0000  -22.5000  -15.000011572.9258   21.4964
    7.5000  -22.5000  -15.000011049.5439   21.4970
   -7.5000  -15.0000  -15.000012288.2061   21.3873
    0.0000  -15.0000  -15.000012909.0205   21.3762
    7.5000  -15.0000  -15.000012297.6680   21.3874
   -7.5000   -7.5000  -15.000013496.3838   21.3547
    0.0000   -7.5000  -15.000014220.8428   21.3407
    7.5000   -7.5000  -15.000013541.4609   21.3460
   -7.5000    0.0000  -15.000014619.8584   21.3943
    0.0000    0.0000  -15.000015407.9404   21.3800
    7.5000    0.0000  -15.000014671.7197   21.3724
   -7.5000    7.5000  -15.000014516.3711   21.4188
    0.0000    7.5000  -15.000015316.5566   21.4109
    7.5000    7.5000  -15.000014606.2646   21.3957
   -7.5000   15.0000  -15.000014183.3350   21.4073
    0.0000   15.0000  -15.000014964.0176   21.4045
    7.5000   15.0000  -15.000014273.2285   21.3919
   -7.5000   22.5000  -15.000013901.2080   21.3620
    0.0000   22.5000  -15.000014626.4688   21.3558
    7.5000   22.5000  -15.000013947.8105   21.3569
   -7.5000   30.0000  -15.000013628.7207   21.0644
    0.0000   30.0000  -15.000014359.9297   21.0537
    7.5000   30.0000  -15.000013662.6572   21.0649
   -7.5000   37.5000  -15.000013547.4102   21.0775
    0.0000   37.5000  -15.000014293.0166   21.0637
    7.5000   37.5000  -15.000013605.2988   21.0689
   -7.5000   45.0000  -15.000012815.0645   20.6162
    0.0000   45.0000  -15.000013557.3408   20.6024
    7.5000   45.0000  -15.000012871.3066   20.5951
   -7.5000  -45.0000   -7.5000 8127.2104   23.0721
    0.0000  -45.0000   -7.5000 8479.5693   23.0512
    7.5000  -45.0000   -7.5000 8152.1055   23.0333
   -7.5000  -37.5000   -7.5000 9042.4785   22.4673
    0.0000  -37.5000   -7.5000 9441.3047   22.4548
    7.5000  -37.5000   -7.5000 9057.0723   22.4318
   -7.5000  -30.0000   -7.500010276.5684   21.9794
    0.0000  -30.0000   -7.500010750.4121   21.9784
    7.5000  -30.0000   -7.500010292.0967   21.9599
   -7.5000  -22.5000   -7.500011561.4141   21.7418
    0.0000  -22.5000   -7.500012123.7451   21.7385
    7.5000  -22.5000   -7.500011582.8984   21.7336
   -7.5000  -15.0000   -7.500012832.2168   21.6277
    0.0000  -15.0000   -7.500013468.5615   21.6160
    7.5000  -15.0000   -7.500012856.3369   21.6199
   -7.5000   -7.5000   -7.500014101.5615   21.5932
    0.0000   -7.5000   -7.500014833.0117   21.5742
    7.5000   -7.5000   -7.500014131.6328   21.5721
   -7.5000    0.0000   -7.500015358.3066   21.6277
    0.0000    0.0000   -7.500016126.3242   21.6073
    7.5000    0.0000   -7.500015385.7441   21.5939
   -7.5000    7.5000   -7.500015401.3262   21.6505
    0.0000    7.5000   -7.500016166.9443   21.6400
    7.5000    7.5000   -7.500015493.0840   21.6196
   -7.5000   15.0000   -7.500015068.9746   21.6416
    0.0000   15.0000   -7.500015810.4395   21.6411
    7.5000   15.0000   -7.500015253.5566   21.6237
   -7.5000   22.5000   -7.500014756.8496   21.5969
    0.0000   22.5000   -7.500015401.6016   21.5941
    7.5000   22.5000   -7.500014916.9775   21.5897
   -7.5000   30.0000   -7.500014473.4678   21.3007
    0.0000   30.0000   -7.500015117.5674   21.2894
    7.5000   30.0000   -7.500014595.7520   21.2933
   -7.5000   37.5000   -7.500014383.4990   21.3123
    0.0000   37.5000   -7.500015086.4668   21.2936
    7.5000   37.5000   -7.500014484.2451   21.2915
   -7.5000   45.0000   -7.500013562.9629   20.8450
    0.0000   45.0000   -7.500014320.1436   20.8254
    7.5000   45.0000   -7.500013658.8311   20.8124
   -7.5000  -45.0000    0.0000 8375.6592   23.1331
    0.0000  -45.0000    0.0000 8745.0400   23.1174
    7.5000  -45.0000    0.0000 8406.1055   23.1008
   -7.5000  -37.5000    0.0000 9343.4033   22.5210
    0.0000  -37.5000    0.0000 9795.5830   22.5134
    7.5000  -37.5000    0.0000 9356.8154   22.4941
   -7.5000  -30.0000    0.000010616.4102   22.0235
    0.0000  -30.0000    0.000011153.1543   22.0264
    7.5000  -30.0000    0.000010655.4678   22.0124
   -7.5000  -22.5000    0.000011954.2754   21.7795
    0.0000  -22.5000    0.000012574.1787   21.7796
    7.5000  -22.5000    0.000012011.9102   21.7759
   -7.5000  -15.0000    0.000013246.3389   21.6692
    0.0000  -15.0000    0.000013907.8105   21.6603
    7.5000  -15.0000    0.000013322.5078   21.6616
   -7.5000   -7.5000    0.000014541.8096   21.6447
    0.0000   -7.5000    0.000015205.8721   21.6294
    7.5000   -7.5000    0.000014601.5947   21.6249
   -7.5000    0.0000    0.000015890.0225   21.6836
    0.0000    0.0000    0.000016649.4629   21.6684
    7.5000    0.0000    0.000015935.1172   21.6553
   -7.5000    7.5000    0.000016247.1514   21.7023
    0.0000    7.5000    0.000017081.6504   21.6965
    7.5000    7.5000    0.000016307.3076   21.6795
   -7.5000   15.0000    0.000016174.9180   21.6850
    0.0000   15.0000    0.000016859.5488   21.6884
    7.5000   15.0000    0.000016313.6455   21.6754
   -7.5000   22.5000    0.000015802.8906   21.6346
    0.0000   22.5000    0.000016283.9111   21.6352
    7.5000   22.5000    0.000015937.8799   21.6322
   -7.5000   30.0000    0.000015380.1865   21.3424
    0.0000   30.0000    0.000015871.2178   21.3338
    7.5000   30.0000    0.000015413.3047   21.3352
   -7.5000   37.5000    0.000015185.3398   21.3637
    0.0000   37.5000    0.000015826.3018   21.3487
    7.5000   37.5000    0.000015191.1191   21.3442
   -7.5000   45.0000    0.000014245.6689   20.9005
    0.0000   45.0000    0.000014945.1279   20.8858
    7.5000   45.0000    0.000014221.2139   20.8732
   -7.5000  -45.0000    7.5000 8013.6792   23.1716
    0.0000  -45.0000    7.5000 8405.7061   23.1692
    7.5000  -45.0000    7.5000 8051.0605   23.1591
   -7.5000  -37.5000    7.5000 8961.1943   22.5576
    0.0000  -37.5000    7.5000 9402.2275   22.5570
    7.5000  -37.5000    7.5000 9005.8330   22.5459
   -7.5000  -30.0000    7.500010187.1709   22.0470
    0.0000  -30.0000    7.500010674.2988   22.0505
    7.5000  -30.0000    7.500010260.0586   22.0456
   -7.5000  -22.5000    7.500011490.0332   21.7930
    0.0000  -22.5000    7.500012038.8018   21.7923
    7.5000  -22.5000    7.500011566.1416   21.7955
   -7.5000  -15.0000    7.500012722.9219   21.6827
    0.0000  -15.0000    7.500013321.6709   21.6775
    7.5000  -15.0000    7.500012783.6875   21.6835
   -7.5000   -7.5000    7.500013929.8135   21.6694
    0.0000   -7.5000    7.500014542.5020   21.6638
    7.5000   -7.5000    7.500013984.9033   21.6634
   -7.5000    0.0000    7.500015229.3203   21.7188
    0.0000    0.0000    7.500015967.7402   21.7152
    7.5000    0.0000    7.500015294.1602   21.7071
   -7.5000    7.5000    7.500015542.7422   21.7359
    0.0000    7.5000    7.500016463.7266   21.7370
    7.5000    7.5000    7.500015586.5986   21.7277
   -7.5000   15.0000    7.500015531.2100   21.7079
    0.0000   15.0000    7.500016268.1045   21.7118
    7.5000   15.0000    7.500015447.9102   21.7078
   -7.5000   22.5000    7.500015202.9189   21.6482
    0.0000   22.5000    7.500015793.6865   21.6480
    7.5000   22.5000    7.500015075.0469   21.6517
   -7.5000   30.0000    7.500014698.5186   21.3560
    0.0000   30.0000    7.500015293.4463   21.3511
    7.5000   30.0000    7.500014588.7354   21.3571
   -7.5000   37.5000    7.500014476.6680   21.3882
    0.0000   37.5000    7.500015121.8252   21.3826
    7.5000   37.5000    7.500014416.6709   21.3822
   -7.5000   45.0000    7.500013580.6270   20.9344
    0.0000   45.0000    7.500014197.1143   20.9310
    7.5000   45.0000    7.500013543.7891   20.9231
   -7.5000  -45.0000   15.0000 7541.9497   23.2104
    0.0000  -45.0000   15.0000 7902.6709   23.2149
    7.5000  -45.0000   15.0000 7605.5391   23.2106
   -7.5000  -37.5000   15.0000 8421.0889   22.6016
    0.0000  -37.5000   15.0000 8857.2158   22.6026
    7.5000  -37.5000   15.0000 8498.7861   22.5968
   -7.5000  -30.0000   15.0000 9619.9824   22.0869
    0.0000  -30.0000   15.000010143.1914   22.0875
    7.5000  -30.0000   15.0000 9719.7969   22.0876
   -7.5000  -22.5000   15.000010872.9180   21.8278
    0.0000  -22.5000   15.000011472.6504   21.8238
    7.5000  -22.5000   15.000010972.4453   21.8325
   -7.5000  -15.0000   15.000012008.7373   21.7124
    0.0000  -15.0000   15.000012677.2520   21.7081
    7.5000  -15.0000   15.000012108.5449   21.7213
   -7.5000   -7.5000   15.000013144.2588   21.6996
    0.0000   -7.5000   15.000013852.0049   21.6991
    7.5000   -7.5000   15.000013240.3398   21.7054
   -7.5000    0.0000   15.000014362.4531   21.7554
    0.0000    0.0000   15.000015185.5117   21.7571
    7.5000    0.0000   15.000014485.2305   21.7540
   -7.5000    7.5000   15.000014526.8535   21.7763
    0.0000    7.5000   15.000015332.3701   21.7790
    7.5000    7.5000   15.000014605.4268   21.7746
   -7.5000   15.0000   15.000014343.2471   21.7466
    0.0000   15.0000   15.000014979.6953   21.7478
    7.5000   15.0000   15.000014298.8311   21.7487
   -7.5000   22.5000   15.000013999.9004   21.6826
    0.0000   22.5000   15.000014568.9219   21.6791
    7.5000   22.5000   15.000013948.6748   21.6883
   -7.5000   30.0000   15.000013631.0693   21.3852
    0.0000   30.0000   15.000014235.9834   21.3812
    7.5000   30.0000   15.000013584.6240   21.3942
   -7.5000   37.5000   15.000013522.4658   21.4180
    0.0000   37.5000   15.000014156.1670   21.4174
    7.5000   37.5000   15.000013510.5498   21.4236
   -7.5000   45.0000   15.000012776.6719   20.9697
    0.0000   45.0000   15.000013389.7061   20.9713
    7.5000   45.0000   15.000012797.3203   20.9684
   -7.5000  -45.0000   22.5000 6945.9893   23.3678
    0.0000  -45.0000   22.5000 7328.2842   23.3652
    7.5000  -45.0000   22.5000 7047.6406   23.3607
   -7.5000  -37.5000   22.5000 7803.0171   22.7624
    0.0000  -37.5000   22.5000 8276.8633   22.7575
    7.5000  -37.5000   22.5000 7919.1016   22.7486
   -7.5000  -30.0000   22.5000 8944.9062   22.2502
    0.0000  -30.0000   22.5000 9498.8428   22.2462
    7.5000  -30.0000   22.5000 9062.6201   22.2419
   -7.5000  -22.5000   22.500010112.9492   21.9951
    0.0000  -22.5000   22.500010691.0713   21.9866
    7.5000  -22.5000   22.500010177.4570   21.9942
   -7.5000  -15.0000   22.500011190.4111   21.8753
    0.0000  -15.0000   22.500011804.0322   21.8661
    7.5000  -15.0000   22.500011230.8555   21.8823
   -7.5000   -7.5000   22.500012225.3447   21.8515
    0.0000   -7.5000   22.500012937.8076   21.8449
    7.5000   -7.5000   22.500012325.4541   21.8544
   -7.5000    0.0000   22.500013284.3096   21.9019
    0.0000    0.0000   22.500014087.4932   21.8966
    7.5000    0.0000   22.500013469.0762   21.8943
   -7.5000    7.5000   22.500013371.1758   21.9261
    0.0000    7.5000   22.500014071.4775   21.9232
    7.5000    7.5000   22.500013485.3516   21.9160
   -7.5000   15.0000   22.500013163.8506   21.9048
    0.0000   15.0000   22.500013753.7656   21.9016
    7.5000   15.0000   22.500013204.4033   21.8982
   -7.5000   22.5000   22.500012874.4492   21.8474
    0.0000   22.5000   22.500013437.5771   21.8394
    7.5000   22.5000   22.500012920.4170   21.8475
   -7.5000   30.0000   22.500012537.9355   21.5450
    0.0000   30.0000   22.500013091.2871   21.5362
    7.5000   30.0000   22.500012576.1738   21.5522
   -7.5000   37.5000   22.500012544.5469   21.5679
    0.0000   37.5000   22.500013089.1016   21.5613
    7.5000   37.5000   22.500012564.9160   21.5708
   -7.5000   45.0000   22.500011924.0049   21.1109
    0.0000   45.0000   22.500012461.9648   21.1058
    7.5000   45.0000   22.500011961.2354   21.1036
   -7.5000  -45.0000   30.0000 6370.5884   23.8341
    0.0000  -45.0000   30.0000 6691.0200   23.8176
    7.5000  -45.0000   30.0000 6453.0059   23.8061
   -7.5000  -37.5000   30.0000 7177.4487   23.2111
    0.0000  -37.5000   30.0000 7573.6987   23.1988
    7.5000  -37.5000   30.0000 7278.3081   23.1808
   -7.5000  -30.0000   30.0000 8231.6816   22.6938
    0.0000  -30.0000   30.0000 8688.6992   22.6883
    7.5000  -30.0000   30.0000 8330.9170   22.6743
   -7.5000  -22.5000   30.0000 9301.2031   22.4401
    0.0000  -22.5000   30.0000 9796.9854   22.4303
    7.5000  -22.5000   30.0000 9373.7109   22.4314
   -7.5000  -15.0000   30.000010321.1611   22.3164
    0.0000  -15.0000   30.000010885.7256   22.3011
    7.5000  -15.0000   30.000010382.5654   22.3134
   -7.5000   -7.5000   30.000011322.1992   22.2792
    0.0000   -7.5000   30.000011972.4971   22.2611
    7.5000   -7.5000   30.000011419.6748   22.2670
   -7.5000    0.0000   30.000012300.8486   22.3192
    0.0000    0.0000   30.000013029.5713   22.3016
    7.5000    0.0000   30.000012447.2266   22.2941
   -7.5000    7.5000   30.000012309.2900   22.3450
    0.0000    7.5000   30.000012970.5518   22.3350
    7.5000    7.5000   30.000012425.9277   22.3195
   -7.5000   15.0000   30.000012096.8467   22.3345
    0.0000   15.0000   30.000012709.3545   22.3298
    7.5000   15.0000   30.000012192.8213   22.3169
   -7.5000   22.5000   30.000011850.8135   22.2863
    0.0000   22.5000   30.000012413.5518   22.2771
    7.5000   22.5000   30.000011928.9590   22.2788
   -7.5000   30.0000   30.000011546.4688   21.9780
    0.0000   30.0000   30.000012049.2930   21.9633
    7.5000   30.0000   30.000011594.6055   21.9755
   -7.5000   37.5000   30.000011567.6348   21.9900
    0.0000   37.5000   30.000012082.2666   21.9721
    7.5000   37.5000   30.000011618.7744   21.9780
   -7.5000   45.0000   30.000011045.7090   21.5131
    0.0000   45.0000   30.000011553.4102   21.4962
    7.5000   45.0000   30.000011096.5811   21.4890
   -7.5000  -45.0000   37.5000 6058.9966   24.5308
    0.0000  -45.0000   37.5000 6334.0781   24.5029
    7.5000  -45.0000   37.5000 6126.6621   24.4822
   -7.5000  -37.5000   37.5000 6821.5146   23.8774
    0.0000  -37.5000   37.5000 7160.2588   23.8596
    7.5000  -37.5000   37.5000 6905.2144   23.8334
   -7.5000  -30.0000   37.5000 7847.8418   23.3407
    0.0000  -30.0000   37.5000 8239.6631   23.3362
    7.5000  -30.0000   37.5000 7921.5151   23.3146
   -7.5000  -22.5000   37.5000 8895.8115   23.0718
    0.0000  -22.5000   37.5000 9351.1943   23.0647
    7.5000  -22.5000   37.5000 8959.3447   23.0580
   -7.5000  -15.0000   37.5000 9879.3096   22.9395
    0.0000  -15.0000   37.500010429.5264   22.9223
    7.5000  -15.0000   37.5000 9962.2051   22.9255
   -7.5000   -7.5000   37.500010846.0518   22.8987
    0.0000   -7.5000   37.500011474.4229   22.8731
    7.5000   -7.5000   37.500010955.0615   22.8698
   -7.5000    0.0000   37.500011764.4980   22.9389
    0.0000    0.0000   37.500012465.0840   22.9120
    7.5000    0.0000   37.500011879.2207   22.8965
   -7.5000    7.5000   37.500011788.3340   22.9682
    0.0000    7.5000   37.500012421.7900   22.9528
    7.5000    7.5000   37.500011876.8789   22.9296
   -7.5000   15.0000   37.500011614.3701   22.9609
    0.0000   15.0000   37.500012211.9746   22.9569
    7.5000   15.0000   37.500011691.8223   22.9367
   -7.5000   22.5000   37.500011353.1787   22.9097
    0.0000   22.5000   37.500011903.1455   22.9032
    7.5000   22.5000   37.500011416.3604   22.8972
   -7.5000   30.0000   37.500011022.7559   22.5903
    0.0000   30.0000   37.500011515.3545   22.5737
    7.5000   30.0000   37.500011073.7236   22.5769
   -7.5000   37.5000   37.500011085.6543   22.6014
    0.0000   37.5000   37.500011570.7744   22.5761
    7.5000   37.5000   37.500011113.9756   22.5729
   -7.5000   45.0000   37.500010606.8867   22.1104
    0.0000   45.0000   37.500011098.1699   22.0845
    7.5000   45.0000   37.500010658.6914   22.0696
   -7.5000  -45.0000   45.0000 5542.5791   25.3514
    0.0000  -45.0000   45.0000 5775.1914   25.3269
    7.5000  -45.0000   45.0000 5578.3965   25.3176
   -7.5000  -37.5000   45.0000 6233.5513   24.6562
    0.0000  -37.5000   45.0000 6505.3330   24.6431
    7.5000  -37.5000   45.0000 6291.2710   24.6313
   -7.5000  -30.0000   45.0000 7178.3389   24.0705
    0.0000  -30.0000   45.0000 7501.2944   24.0708
    7.5000  -30.0000   45.0000 7232.9248   24.0646
   -7.5000  -22.5000   45.0000 8161.7661   23.7612
    0.0000  -22.5000   45.0000 8545.1426   23.7576
    7.5000  -22.5000   45.0000 8211.0469   23.7622
   -7.5000  -15.0000   45.0000 9087.2119   23.6196
    0.0000  -15.0000   45.0000 9551.7383   23.6040
    7.5000  -15.0000   45.0000 9144.7988   23.6132
   -7.5000   -7.5000   45.0000 9977.9092   23.5977
    0.0000   -7.5000   45.000010514.7266   23.5736
    7.5000   -7.5000   45.000010076.1689   23.5759
   -7.5000    0.0000   45.000010831.4414   23.6591
    0.0000    0.0000   45.000011426.0195   23.6357
    7.5000    0.0000   45.000010921.5596   23.6293
   -7.5000    7.5000   45.000010849.0449   23.6901
    0.0000    7.5000   45.000011399.0000   23.6794
    7.5000    7.5000   45.000010919.8330   23.6695
   -7.5000   15.0000   45.000010675.0264   23.6642
    0.0000   15.0000   45.000011206.3037   23.6650
    7.5000   15.0000   45.000010758.7666   23.6597
   -7.5000   22.5000   45.000010415.3496   23.5888
    0.0000   22.5000   45.000010925.6846   23.5858
    7.5000   22.5000   45.000010492.8174   23.5910
   -7.5000   30.0000   45.000010092.7090   23.2564
    0.0000   30.0000   45.000010571.8506   23.2414
    7.5000   30.0000   45.000010163.3320   23.2505
   -7.5000   37.5000   45.000010154.5781   23.2893
    0.0000   37.5000   45.000010641.9355   23.2654
    7.5000   37.5000   45.000010206.2578   23.2678
   -7.5000   45.0000   45.0000 9751.4971   22.8150
    0.0000   45.0000   45.000010237.1855   22.7924
    7.5000   45.0000   45.0000 9823.6045   22.7862

---------------------------------------------------------------------
imgreg_4dfp /opt/freesurfer/average/711-2C_as_mni_average_305 /opt/freesurfer/average/711-2B_as_mni_average_305_mask talsrcimg_g11 none talsrcimg_to_711-2C_as_mni_average_305_t4 4355
---------------------------------------------------------------------

freesurfer imgreg_4dfp.c
/opt/freesurfer/average/711-2C_as_mni_average_305.4dfp.img
       256       256       256         1
  1.000000  1.000000  1.000000
orientation T byte_order littleendian
Reading image: /opt/freesurfer/average/711-2C_as_mni_average_305.4dfp.img
dimensions:      256       256       256
mmppix:       1.0000   -1.0000   -1.0000
center:     128.0000 -129.0000 -129.0000
/opt/freesurfer/average/711-2B_as_mni_average_305_mask.4dfp.img
       256       256       256         1
  1.000000  1.000000  1.000000
orientation T byte_order littleendian
Reading mask: /opt/freesurfer/average/711-2B_as_mni_average_305_mask.4dfp.img (2306576 pixels)
talsrcimg_g11.4dfp.img
       256       256       256         1
  1.000000  1.000000  1.000000
orientation T byte_order littleendian
Reading image: talsrcimg_g11.4dfp.img
dimensions:      256       256       256
mmppix:       1.0000   -1.0000   -1.0000
center:     128.0000 -129.0000 -129.0000
rotation matrix determinant  1.000000
image alignment mode   4355 decimal     1103 hex
   -7.5000  -37.5000  -45.0000 1869.8434   28.5096
    0.0000  -37.5000  -45.0000 1876.0596   28.3001
    7.5000  -37.5000  -45.0000 1871.5710   28.5297
   -7.5000  -30.0000  -45.0000 2005.7853   25.2039
    0.0000  -30.0000  -45.0000 2014.8433   25.0804
    7.5000  -30.0000  -45.0000 2004.6974   25.2112
   -7.5000  -22.5000  -45.0000 2130.2090   22.5586
    0.0000  -22.5000  -45.0000 2142.9866   22.4884
    7.5000  -22.5000  -45.0000 2125.9932   22.5227
   -7.5000  -15.0000  -45.0000 2241.3879   20.4422
    0.0000  -15.0000  -45.0000 2248.0671   20.3742
    7.5000  -15.0000  -45.0000 2233.5222   20.3677
   -7.5000   -7.5000  -45.0000 2334.4495   18.7939
    0.0000   -7.5000  -45.0000 2345.7986   18.8097
    7.5000   -7.5000  -45.0000 2324.4006   18.7657
   -7.5000    0.0000  -45.0000 2397.0627   17.7019
    0.0000    0.0000  -45.0000 2408.6760   17.7152
    7.5000    0.0000  -45.0000 2381.4336   17.6570
   -7.5000    7.5000  -45.0000 2421.4780   17.0098
    0.0000    7.5000  -45.0000 2435.2056   16.9965
    7.5000    7.5000  -45.0000 2409.7207   16.9310
   -7.5000   15.0000  -45.0000 2437.6572   16.7061
    0.0000   15.0000  -45.0000 2456.9451   16.6482
    7.5000   15.0000  -45.0000 2428.8447   16.6290
   -7.5000   22.5000  -45.0000 2435.6199   16.7293
    0.0000   22.5000  -45.0000 2454.9685   16.6850
    7.5000   22.5000  -45.0000 2428.7688   16.6728
   -7.5000   30.0000  -45.0000 2417.5034   17.0707
    0.0000   30.0000  -45.0000 2435.8782   16.9945
    7.5000   30.0000  -45.0000 2407.5706   17.0280
   -7.5000   37.5000  -45.0000 2377.5212   17.7296
    0.0000   37.5000  -45.0000 2396.1648   17.7049
    7.5000   37.5000  -45.0000 2367.7312   17.7527
   -7.5000   45.0000  -45.0000 2320.5967   18.7410
    0.0000   45.0000  -45.0000 2333.8701   18.7213
    7.5000   45.0000  -45.0000 2309.8167   18.7973
   -7.5000   52.5000  -45.0000 2218.9397   20.0213
    0.0000   52.5000  -45.0000 2231.2971   19.9765
    7.5000   52.5000  -45.0000 2205.1396   20.0540
   -7.5000  -37.5000  -37.5000 1916.1433   27.0471
    0.0000  -37.5000  -37.5000 1924.4554   26.8082
    7.5000  -37.5000  -37.5000 1916.2202   27.0909
   -7.5000  -30.0000  -37.5000 2056.4304   23.8343
    0.0000  -30.0000  -37.5000 2072.2864   23.7620
    7.5000  -30.0000  -37.5000 2056.7439   23.8679
   -7.5000  -22.5000  -37.5000 2189.5625   21.2951
    0.0000  -22.5000  -37.5000 2204.3381   21.2648
    7.5000  -22.5000  -37.5000 2187.6489   21.2452
   -7.5000  -15.0000  -37.5000 2306.1221   19.2821
    0.0000  -15.0000  -37.5000 2318.8257   19.2642
    7.5000  -15.0000  -37.5000 2300.4697   19.2223
   -7.5000   -7.5000  -37.5000 2402.4065   17.6561
    0.0000   -7.5000  -37.5000 2418.9856   17.6887
    7.5000   -7.5000  -37.5000 2392.5737   17.6344
   -7.5000    0.0000  -37.5000 2477.0901   16.5882
    0.0000    0.0000  -37.5000 2488.9285   16.6041
    7.5000    0.0000  -37.5000 2461.1865   16.5418
   -7.5000    7.5000  -37.5000 2512.3799   15.9100
    0.0000    7.5000  -37.5000 2524.2744   15.9172
    7.5000    7.5000  -37.5000 2496.5127   15.8656
   -7.5000   15.0000  -37.5000 2532.3608   15.5939
    0.0000   15.0000  -37.5000 2544.8376   15.5796
    7.5000   15.0000  -37.5000 2521.0120   15.5116
   -7.5000   22.5000  -37.5000 2526.8462   15.6255
    0.0000   22.5000  -37.5000 2549.3726   15.6187
    7.5000   22.5000  -37.5000 2517.8472   15.5730
   -7.5000   30.0000  -37.5000 2505.8308   15.9062
    0.0000   30.0000  -37.5000 2526.2930   15.9305
    7.5000   30.0000  -37.5000 2495.5874   15.9323
   -7.5000   37.5000  -37.5000 2465.6663   16.5567
    0.0000   37.5000  -37.5000 2489.8838   16.5869
    7.5000   37.5000  -37.5000 2456.4326   16.6019
   -7.5000   45.0000  -37.5000 2410.7307   17.4927
    0.0000   45.0000  -37.5000 2429.0635   17.5319
    7.5000   45.0000  -37.5000 2395.1292   17.5588
   -7.5000   52.5000  -37.5000 2299.9138   18.6679
    0.0000   52.5000  -37.5000 2320.9800   18.6693
    7.5000   52.5000  -37.5000 2288.6455   18.7585
   -7.5000  -37.5000  -30.0000 1994.7485   26.6835
    0.0000  -37.5000  -30.0000 2007.6724   26.4390
    7.5000  -37.5000  -30.0000 2002.4053   26.7226
   -7.5000  -30.0000  -30.0000 2141.5620   23.4551
    0.0000  -30.0000  -30.0000 2160.1909   23.3226
    7.5000  -30.0000  -30.0000 2146.4297   23.4800
   -7.5000  -22.5000  -30.0000 2278.4011   20.8352
    0.0000  -22.5000  -30.0000 2297.5369   20.7187
    7.5000  -22.5000  -30.0000 2283.0776   20.8439
   -7.5000  -15.0000  -30.0000 2395.2043   18.7747
    0.0000  -15.0000  -30.0000 2418.6538   18.7171
    7.5000  -15.0000  -30.0000 2398.8188   18.7934
   -7.5000   -7.5000  -30.0000 2494.9485   17.2011
    0.0000   -7.5000  -30.0000 2520.5110   17.2127
    7.5000   -7.5000  -30.0000 2500.4575   17.2426
   -7.5000    0.0000  -30.0000 2576.3904   16.0859
    0.0000    0.0000  -30.0000 2599.3379   16.1263
    7.5000    0.0000  -30.0000 2577.7603   16.1071
   -7.5000    7.5000  -30.0000 2630.5256   15.3936
    0.0000    7.5000  -30.0000 2647.6755   15.4059
    7.5000    7.5000  -30.0000 2620.2698   15.3850
   -7.5000   15.0000  -30.0000 2654.4326   15.0223
    0.0000   15.0000  -30.0000 2673.8162   15.0489
    7.5000   15.0000  -30.0000 2646.9194   15.0232
   -7.5000   22.5000  -30.0000 2657.6023   15.0549
    0.0000   22.5000  -30.0000 2684.6836   15.0802
    7.5000   22.5000  -30.0000 2655.2920   15.0324
   -7.5000   30.0000  -30.0000 2640.7932   15.4287
    0.0000   30.0000  -30.0000 2666.4795   15.4376
    7.5000   30.0000  -30.0000 2634.7590   15.4343
   -7.5000   37.5000  -30.0000 2602.2219   16.0810
    0.0000   37.5000  -30.0000 2630.5273   16.1085
    7.5000   37.5000  -30.0000 2595.6499   16.1228
   -7.5000   45.0000  -30.0000 2535.1748   16.9624
    0.0000   45.0000  -30.0000 2559.8235   17.0041
    7.5000   45.0000  -30.0000 2531.5376   17.0396
   -7.5000   52.5000  -30.0000 2419.5203   18.1183
    0.0000   52.5000  -30.0000 2444.7532   18.1032
    7.5000   52.5000  -30.0000 2418.8882   18.1839
   -7.5000  -37.5000  -22.5000 2043.4419   26.1281
    0.0000  -37.5000  -22.5000 2063.8303   25.9266
    7.5000  -37.5000  -22.5000 2053.3994   26.2007
   -7.5000  -30.0000  -22.5000 2187.3750   22.8984
    0.0000  -30.0000  -22.5000 2212.3062   22.7246
    7.5000  -30.0000  -22.5000 2198.3674   22.9301
   -7.5000  -22.5000  -22.5000 2325.8042   20.3024
    0.0000  -22.5000  -22.5000 2350.0439   20.1637
    7.5000  -22.5000  -22.5000 2335.8147   20.3112
   -7.5000  -15.0000  -22.5000 2448.8389   18.2159
    0.0000  -15.0000  -22.5000 2475.9805   18.1304
    7.5000  -15.0000  -22.5000 2460.8916   18.2936
   -7.5000   -7.5000  -22.5000 2557.0139   16.6881
    0.0000   -7.5000  -22.5000 2588.4204   16.6376
    7.5000   -7.5000  -22.5000 2570.9678   16.7659
   -7.5000    0.0000  -22.5000 2644.9004   15.5460
    0.0000    0.0000  -22.5000 2677.6929   15.5420
    7.5000    0.0000  -22.5000 2655.6458   15.5965
   -7.5000    7.5000  -22.5000 2714.7527   14.7882
    0.0000    7.5000  -22.5000 2744.3877   14.7691
    7.5000    7.5000  -22.5000 2718.0698   14.8442
   -7.5000   15.0000  -22.5000 2748.8899   14.3575
    0.0000   15.0000  -22.5000 2777.6743   14.3837
    7.5000   15.0000  -22.5000 2743.8301   14.4106
   -7.5000   22.5000  -22.5000 2764.9985   14.3710
    0.0000   22.5000  -22.5000 2793.5767   14.3551
    7.5000   22.5000  -22.5000 2762.9480   14.4047
   -7.5000   30.0000  -22.5000 2748.5640   14.8411
    0.0000   30.0000  -22.5000 2780.0869   14.8295
    7.5000   30.0000  -22.5000 2749.3540   14.8661
   -7.5000   37.5000  -22.5000 2707.3730   15.4803
    0.0000   37.5000  -22.5000 2734.1438   15.4698
    7.5000   37.5000  -22.5000 2707.3123   15.5205
   -7.5000   45.0000  -22.5000 2633.7883   16.3349
    0.0000   45.0000  -22.5000 2657.7717   16.3334
    7.5000   45.0000  -22.5000 2635.7673   16.3957
   -7.5000   52.5000  -22.5000 2514.0029   17.4046
    0.0000   52.5000  -22.5000 2537.8267   17.4092
    7.5000   52.5000  -22.5000 2516.5515   17.5058
   -7.5000  -37.5000  -15.0000 2057.5535   25.7579
    0.0000  -37.5000  -15.0000 2075.1794   25.5082
    7.5000  -37.5000  -15.0000 2065.0242   25.8041
   -7.5000  -30.0000  -15.0000 2196.1194   22.4525
    0.0000  -30.0000  -15.0000 2219.2048   22.2531
    7.5000  -30.0000  -15.0000 2209.0071   22.4720
   -7.5000  -22.5000  -15.0000 2333.3130   19.8339
    0.0000  -22.5000  -15.0000 2361.4998   19.6774
    7.5000  -22.5000  -15.0000 2350.7871   19.8591
   -7.5000  -15.0000  -15.0000 2462.6755   17.7926
    0.0000  -15.0000  -15.0000 2491.4902   17.6853
    7.5000  -15.0000  -15.0000 2480.9734   17.8761
   -7.5000   -7.5000  -15.0000 2578.8149   16.2985
    0.0000   -7.5000  -15.0000 2613.3193   16.1916
    7.5000   -7.5000  -15.0000 2599.8784   16.3927
   -7.5000    0.0000  -15.0000 2679.7026   15.1648
    0.0000    0.0000  -15.0000 2715.1741   15.0705
    7.5000    0.0000  -15.0000 2699.5166   15.2571
   -7.5000    7.5000  -15.0000 2762.1404   14.3726
    0.0000    7.5000  -15.0000 2802.8308   14.2794
    7.5000    7.5000  -15.0000 2776.5435   14.4640
   -7.5000   15.0000  -15.0000 2807.5305   13.8546
    0.0000   15.0000  -15.0000 2843.1606   13.7850
    7.5000   15.0000  -15.0000 2811.9666   13.9539
   -7.5000   22.5000  -15.0000 2832.1426   13.8007
    0.0000   22.5000  -15.0000 2863.0525   13.7118
    7.5000   22.5000  -15.0000 2835.1616   13.8558
   -7.5000   30.0000  -15.0000 2818.0825   14.2758
    0.0000   30.0000  -15.0000 2845.5071   14.2018
    7.5000   30.0000  -15.0000 2823.2705   14.3130
   -7.5000   37.5000  -15.0000 2770.6331   14.9192
    0.0000   37.5000  -15.0000 2792.4006   14.8659
    7.5000   37.5000  -15.0000 2778.7937   14.9737
   -7.5000   45.0000  -15.0000 2691.3340   15.7751
    0.0000   45.0000  -15.0000 2714.5986   15.7199
    7.5000   45.0000  -15.0000 2699.5627   15.8775
   -7.5000   52.5000  -15.0000 2571.8396   16.8062
    0.0000   52.5000  -15.0000 2591.6577   16.7417
    7.5000   52.5000  -15.0000 2576.7998   16.9167
   -7.5000  -37.5000   -7.5000 2054.6353   25.7822
    0.0000  -37.5000   -7.5000 2076.4199   25.4218
    7.5000  -37.5000   -7.5000 2065.5659   25.7473
   -7.5000  -30.0000   -7.5000 2192.3828   22.4119
    0.0000  -30.0000   -7.5000 2211.9861   22.0277
    7.5000  -30.0000   -7.5000 2205.7837   22.3154
   -7.5000  -22.5000   -7.5000 2326.1567   19.6290
    0.0000  -22.5000   -7.5000 2347.1726   19.3432
    7.5000  -22.5000   -7.5000 2342.4626   19.6182
   -7.5000  -15.0000   -7.5000 2456.7654   17.5846
    0.0000  -15.0000   -7.5000 2480.0286   17.3435
    7.5000  -15.0000   -7.5000 2471.5913   17.5778
   -7.5000   -7.5000   -7.5000 2581.6511   16.0568
    0.0000   -7.5000   -7.5000 2606.4146   15.8509
    7.5000   -7.5000   -7.5000 2598.0164   16.0898
   -7.5000    0.0000   -7.5000 2689.2527   14.9897
    0.0000    0.0000   -7.5000 2716.0779   14.7703
    7.5000    0.0000   -7.5000 2706.9072   14.9881
   -7.5000    7.5000   -7.5000 2783.1821   14.2269
    0.0000    7.5000   -7.5000 2819.5327   14.0163
    7.5000    7.5000   -7.5000 2803.2297   14.2143
   -7.5000   15.0000   -7.5000 2843.2878   13.6394
    0.0000   15.0000   -7.5000 2884.0222   13.4001
    7.5000   15.0000   -7.5000 2856.1130   13.7278
   -7.5000   22.5000   -7.5000 2884.4133   13.4714
    0.0000   22.5000   -7.5000 2912.0051   13.2129
    7.5000   22.5000   -7.5000 2892.3860   13.5826
   -7.5000   30.0000   -7.5000 2869.7932   13.8939
    0.0000   30.0000   -7.5000 2891.1250   13.7081
    7.5000   30.0000   -7.5000 2882.1133   13.9957
   -7.5000   37.5000   -7.5000 2817.7432   14.5510
    0.0000   37.5000   -7.5000 2834.1350   14.3772
    7.5000   37.5000   -7.5000 2828.3518   14.6213
   -7.5000   45.0000   -7.5000 2736.8135   15.3742
    0.0000   45.0000   -7.5000 2756.6453   15.2334
    7.5000   45.0000   -7.5000 2740.5317   15.4427
   -7.5000   52.5000   -7.5000 2611.0269   16.4143
    0.0000   52.5000   -7.5000 2627.5188   16.2739
    7.5000   52.5000   -7.5000 2610.5173   16.4513
   -7.5000  -37.5000    0.0000 2036.6879   26.0353
    0.0000  -37.5000    0.0000 2056.9146   25.5550
    7.5000  -37.5000    0.0000 2049.9595   25.8883
   -7.5000  -30.0000    0.0000 2167.2466   22.5408
    0.0000  -30.0000    0.0000 2191.0259   22.1444
    7.5000  -30.0000    0.0000 2187.8979   22.4053
   -7.5000  -22.5000    0.0000 2302.1462   19.7456
    0.0000  -22.5000    0.0000 2326.9417   19.3904
    7.5000  -22.5000    0.0000 2323.8767   19.6273
   -7.5000  -15.0000    0.0000 2432.6235   17.6476
    0.0000  -15.0000    0.0000 2456.5962   17.2798
    7.5000  -15.0000    0.0000 2451.9092   17.5392
   -7.5000   -7.5000    0.0000 2561.6963   16.0909
    0.0000   -7.5000    0.0000 2583.2583   15.7208
    7.5000   -7.5000    0.0000 2577.0042   16.0017
   -7.5000    0.0000    0.0000 2678.0276   15.0116
    0.0000    0.0000    0.0000 2694.1343   14.6380
    7.5000    0.0000    0.0000 2693.8567   14.9278
   -7.5000    7.5000    0.0000 2786.1040   14.3836
    0.0000    7.5000    0.0000 2808.3848   14.0363
    7.5000    7.5000    0.0000 2808.9614   14.2663
   -7.5000   15.0000    0.0000 2866.3655   13.9519
    0.0000   15.0000    0.0000 2909.5144   13.5729
    7.5000   15.0000    0.0000 2887.8503   13.8714
   -7.5000   22.5000    0.0000 2917.1643   13.5919
    0.0000   22.5000    0.0000 2950.3945   13.2553
    7.5000   22.5000    0.0000 2934.7549   13.6924
   -7.5000   30.0000    0.0000 2903.0647   13.7967
    0.0000   30.0000    0.0000 2927.5996   13.4853
    7.5000   30.0000    0.0000 2909.7102   13.8560
   -7.5000   37.5000    0.0000 2840.5979   14.3968
    0.0000   37.5000    0.0000 2864.4421   14.1204
    7.5000   37.5000    0.0000 2849.1030   14.3474
   -7.5000   45.0000    0.0000 2747.9126   15.2196
    0.0000   45.0000    0.0000 2769.2502   15.0409
    7.5000   45.0000    0.0000 2755.1497   15.1761
   -7.5000   52.5000    0.0000 2619.9971   16.2624
    0.0000   52.5000    0.0000 2639.0334   16.1425
    7.5000   52.5000    0.0000 2623.2490   16.2255
   -7.5000  -37.5000    7.5000 2009.8601   26.6217
    0.0000  -37.5000    7.5000 2032.3252   26.1361
    7.5000  -37.5000    7.5000 2029.1582   26.4637
   -7.5000  -30.0000    7.5000 2144.5063   22.8938
    0.0000  -30.0000    7.5000 2169.0105   22.3925
    7.5000  -30.0000    7.5000 2169.7195   22.7330
   -7.5000  -22.5000    7.5000 2278.5557   20.0554
    0.0000  -22.5000    7.5000 2299.9961   19.5196
    7.5000  -22.5000    7.5000 2301.4172   19.8502
   -7.5000  -15.0000    7.5000 2410.2786   17.9405
    0.0000  -15.0000    7.5000 2422.7817   17.4328
    7.5000  -15.0000    7.5000 2425.9775   17.7475
   -7.5000   -7.5000    7.5000 2537.1555   16.4341
    0.0000   -7.5000    7.5000 2550.1855   15.9999
    7.5000   -7.5000    7.5000 2548.2888   16.2802
   -7.5000    0.0000    7.5000 2659.4678   15.3748
    0.0000    0.0000    7.5000 2676.8047   14.9833
    7.5000    0.0000    7.5000 2674.0291   15.2572
   -7.5000    7.5000    7.5000 2773.3188   14.7373
    0.0000    7.5000    7.5000 2802.2202   14.4057
    7.5000    7.5000    7.5000 2788.8462   14.5853
   -7.5000   15.0000    7.5000 2858.0674   14.1974
    0.0000   15.0000    7.5000 2907.9878   13.9424
    7.5000   15.0000    7.5000 2874.0261   14.0748
   -7.5000   22.5000    7.5000 2908.0444   13.9156
    0.0000   22.5000    7.5000 2946.0125   13.5490
    7.5000   22.5000    7.5000 2922.8855   13.7994
   -7.5000   30.0000    7.5000 2888.9055   13.9529
    0.0000   30.0000    7.5000 2924.3804   13.7025
    7.5000   30.0000    7.5000 2904.3948   13.8547
   -7.5000   37.5000    7.5000 2833.4082   14.4153
    0.0000   37.5000    7.5000 2865.9065   14.2583
    7.5000   37.5000    7.5000 2851.0586   14.3831
   -7.5000   45.0000    7.5000 2743.1946   15.2509
    0.0000   45.0000    7.5000 2761.8218   15.1295
    7.5000   45.0000    7.5000 2748.5034   15.2394
   -7.5000   52.5000    7.5000 2610.1921   16.2978
    0.0000   52.5000    7.5000 2626.3367   16.1914
    7.5000   52.5000    7.5000 2614.0308   16.2692
   -7.5000  -37.5000   15.0000 1970.7465   27.4617
    0.0000  -37.5000   15.0000 1988.2452   26.8925
    7.5000  -37.5000   15.0000 1991.9806   27.2375
   -7.5000  -30.0000   15.0000 2113.6113   23.5190
    0.0000  -30.0000   15.0000 2134.4644   23.0382
    7.5000  -30.0000   15.0000 2136.3020   23.3414
   -7.5000  -22.5000   15.0000 2251.3345   20.6733
    0.0000  -22.5000   15.0000 2269.5103   20.2202
    7.5000  -22.5000   15.0000 2269.3633   20.4803
   -7.5000  -15.0000   15.0000 2375.9314   18.4737
    0.0000  -15.0000   15.0000 2395.6694   18.1415
    7.5000  -15.0000   15.0000 2390.6487   18.3960
   -7.5000   -7.5000   15.0000 2498.7520   16.9548
    0.0000   -7.5000   15.0000 2524.0977   16.6503
    7.5000   -7.5000   15.0000 2512.6550   16.8731
   -7.5000    0.0000   15.0000 2623.6123   15.8874
    0.0000    0.0000   15.0000 2649.4878   15.5677
    7.5000    0.0000   15.0000 2636.9526   15.7679
   -7.5000    7.5000   15.0000 2733.1074   15.1171
    0.0000    7.5000   15.0000 2765.5344   14.8418
    7.5000    7.5000   15.0000 2750.3713   15.0149
   -7.5000   15.0000   15.0000 2818.3081   14.5113
    0.0000   15.0000   15.0000 2859.8948   14.1689
    7.5000   15.0000   15.0000 2833.4661   14.3986
   -7.5000   22.5000   15.0000 2866.7778   14.2183
    0.0000   22.5000   15.0000 2895.1086   13.8473
    7.5000   22.5000   15.0000 2877.4575   14.0527
   -7.5000   30.0000   15.0000 2856.0129   14.2955
    0.0000   30.0000   15.0000 2894.6252   14.0348
    7.5000   30.0000   15.0000 2870.3992   14.1537
   -7.5000   37.5000   15.0000 2800.5840   14.8000
    0.0000   37.5000   15.0000 2838.0479   14.6518
    7.5000   37.5000   15.0000 2817.6594   14.7185
   -7.5000   45.0000   15.0000 2709.6638   15.6345
    0.0000   45.0000   15.0000 2736.6206   15.5771
    7.5000   45.0000   15.0000 2723.9912   15.6113
   -7.5000   52.5000   15.0000 2580.8608   16.6258
    0.0000   52.5000   15.0000 2600.3650   16.5858
    7.5000   52.5000   15.0000 2583.4006   16.6240
   -7.5000  -37.5000   22.5000 1922.4373   28.7003
    0.0000  -37.5000   22.5000 1938.0977   28.3285
    7.5000  -37.5000   22.5000 1939.8577   28.5976
   -7.5000  -30.0000   22.5000 2071.3259   24.5351
    0.0000  -30.0000   22.5000 2090.9487   24.2729
    7.5000  -30.0000   22.5000 2089.3386   24.5023
   -7.5000  -22.5000   22.5000 2215.5105   21.4797
    0.0000  -22.5000   22.5000 2235.5300   21.2179
    7.5000  -22.5000   22.5000 2225.9822   21.4247
   -7.5000  -15.0000   22.5000 2342.2007   19.2456
    0.0000  -15.0000   22.5000 2365.9170   18.9974
    7.5000  -15.0000   22.5000 2348.9744   19.1665
   -7.5000   -7.5000   22.5000 2463.3425   17.6623
    0.0000   -7.5000   22.5000 2497.9431   17.4140
    7.5000   -7.5000   22.5000 2475.9697   17.5812
   -7.5000    0.0000   22.5000 2579.7766   16.5066
    0.0000    0.0000   22.5000 2613.4729   16.2672
    7.5000    0.0000   22.5000 2598.9502   16.4376
   -7.5000    7.5000   22.5000 2685.7097   15.6784
    0.0000    7.5000   22.5000 2721.7410   15.3831
    7.5000    7.5000   22.5000 2702.5486   15.5872
   -7.5000   15.0000   22.5000 2761.6160   15.0395
    0.0000   15.0000   22.5000 2794.4702   14.6482
    7.5000   15.0000   22.5000 2771.9216   14.8988
   -7.5000   22.5000   22.5000 2804.0762   14.7394
    0.0000   22.5000   22.5000 2831.4792   14.4290
    7.5000   22.5000   22.5000 2814.0640   14.6314
   -7.5000   30.0000   22.5000 2802.3257   14.8274
    0.0000   30.0000   22.5000 2830.8594   14.5438
    7.5000   30.0000   22.5000 2814.0762   14.7270
   -7.5000   37.5000   22.5000 2754.9438   15.3646
    0.0000   37.5000   22.5000 2781.7258   15.1336
    7.5000   37.5000   22.5000 2762.2793   15.2787
   -7.5000   45.0000   22.5000 2665.5815   16.2006
    0.0000   45.0000   22.5000 2692.0322   16.0643
    7.5000   45.0000   22.5000 2677.5356   16.1442
   -7.5000   52.5000   22.5000 2535.8057   17.2277
    0.0000   52.5000   22.5000 2567.6199   17.1530
    7.5000   52.5000   22.5000 2549.0466   17.1859
   -7.5000  -37.5000   30.0000 1864.5150   30.3497
    0.0000  -37.5000   30.0000 1878.1548   29.9977
    7.5000  -37.5000   30.0000 1880.0874   30.2365
   -7.5000  -30.0000   30.0000 2017.5598   25.8987
    0.0000  -30.0000   30.0000 2035.9961   25.6337
    7.5000  -30.0000   30.0000 2030.8691   25.8130
   -7.5000  -22.5000   30.0000 2166.7190   22.6131
    0.0000  -22.5000   30.0000 2185.8662   22.3796
    7.5000  -22.5000   30.0000 2173.1003   22.5323
   -7.5000  -15.0000   30.0000 2295.4348   20.3008
    0.0000  -15.0000   30.0000 2326.4094   20.0362
    7.5000  -15.0000   30.0000 2306.0232   20.1826
   -7.5000   -7.5000   30.0000 2420.3511   18.6072
    0.0000   -7.5000   30.0000 2460.6504   18.3995
    7.5000   -7.5000   30.0000 2437.2112   18.5119
   -7.5000    0.0000   30.0000 2532.7817   17.4071
    0.0000    0.0000   30.0000 2571.2815   17.1579
    7.5000    0.0000   30.0000 2549.3538   17.3087
   -7.5000    7.5000   30.0000 2624.8069   16.4728
    0.0000    7.5000   30.0000 2665.7271   16.1443
    7.5000    7.5000   30.0000 2642.0774   16.3333
   -7.5000   15.0000   30.0000 2684.0742   15.7676
    0.0000   15.0000   30.0000 2722.4302   15.4762
    7.5000   15.0000   30.0000 2698.4805   15.6487
   -7.5000   22.5000   30.0000 2722.0796   15.4660
    0.0000   22.5000   30.0000 2751.1445   15.2227
    7.5000   22.5000   30.0000 2736.1431   15.3885
   -7.5000   30.0000   30.0000 2725.2517   15.5527
    0.0000   30.0000   30.0000 2749.0974   15.3044
    7.5000   30.0000   30.0000 2734.7571   15.4859
   -7.5000   37.5000   30.0000 2680.2529   16.1035
    0.0000   37.5000   30.0000 2705.7390   15.8730
    7.5000   37.5000   30.0000 2689.3782   16.0389
   -7.5000   45.0000   30.0000 2603.0830   16.9439
    0.0000   45.0000   30.0000 2628.3911   16.7810
    7.5000   45.0000   30.0000 2614.4993   16.8724
   -7.5000   52.5000   30.0000 2484.2800   17.9483
    0.0000   52.5000   30.0000 2514.6194   17.8486
    7.5000   52.5000   30.0000 2497.5872   17.8810
   -7.5000  -37.5000   37.5000 1807.8032   32.4300
    0.0000  -37.5000   37.5000 1822.1830   31.9790
    7.5000  -37.5000   37.5000 1820.9082   32.1486
   -7.5000  -30.0000   37.5000 1965.1261   27.6735
    0.0000  -30.0000   37.5000 1982.1382   27.2528
    7.5000  -30.0000   37.5000 1975.3062   27.3109
   -7.5000  -22.5000   37.5000 2112.2666   24.0595
    0.0000  -22.5000   37.5000 2135.0598   23.8068
    7.5000  -22.5000   37.5000 2123.9683   23.8499
   -7.5000  -15.0000   37.5000 2239.0671   21.5742
    0.0000  -15.0000   37.5000 2279.5181   21.3519
    7.5000  -15.0000   37.5000 2260.9521   21.3878
   -7.5000   -7.5000   37.5000 2365.1494   19.7843
    0.0000   -7.5000   37.5000 2406.6055   19.6023
    7.5000   -7.5000   37.5000 2385.9946   19.6583
   -7.5000    0.0000   37.5000 2466.7219   18.5274
    0.0000    0.0000   37.5000 2508.9761   18.2603
    7.5000    0.0000   37.5000 2485.6189   18.3709
   -7.5000    7.5000   37.5000 2551.3979   17.5064
    0.0000    7.5000   37.5000 2595.5615   17.2181
    7.5000    7.5000   37.5000 2571.2932   17.3604
   -7.5000   15.0000   37.5000 2608.5732   16.7836
    0.0000   15.0000   37.5000 2644.9106   16.5310
    7.5000   15.0000   37.5000 2624.6404   16.6757
   -7.5000   22.5000   37.5000 2636.1682   16.4706
    0.0000   22.5000   37.5000 2666.6228   16.2497
    7.5000   22.5000   37.5000 2647.7756   16.3755
   -7.5000   30.0000   37.5000 2631.6892   16.5420
    0.0000   30.0000   37.5000 2656.7942   16.3357
    7.5000   30.0000   37.5000 2644.6772   16.4769
   -7.5000   37.5000   37.5000 2601.6648   17.0456
    0.0000   37.5000   37.5000 2628.0400   16.8555
    7.5000   37.5000   37.5000 2609.4019   16.9607
   -7.5000   45.0000   37.5000 2532.8267   17.8819
    0.0000   45.0000   37.5000 2565.2246   17.6924
    7.5000   45.0000   37.5000 2548.1909   17.7779
   -7.5000   52.5000   37.5000 2424.1685   18.8289
    0.0000   52.5000   37.5000 2455.9805   18.6997
    7.5000   52.5000   37.5000 2442.6204   18.7307
   -7.5000  -37.5000   45.0000 1740.1052   34.7438
    0.0000  -37.5000   45.0000 1757.6479   34.1317
    7.5000  -37.5000   45.0000 1756.4797   34.3622
   -7.5000  -30.0000   45.0000 1900.4088   29.6575
    0.0000  -30.0000   45.0000 1919.2052   29.0970
    7.5000  -30.0000   45.0000 1915.7848   29.2143
   -7.5000  -22.5000   45.0000 2049.9070   25.8610
    0.0000  -22.5000   45.0000 2072.7922   25.5051
    7.5000  -22.5000   45.0000 2064.9993   25.5356
   -7.5000  -15.0000   45.0000 2178.0027   23.1744
    0.0000  -15.0000   45.0000 2212.9185   22.9164
    7.5000  -15.0000   45.0000 2197.4285   22.8999
   -7.5000   -7.5000   45.0000 2296.9832   21.2937
    0.0000   -7.5000   45.0000 2337.2910   21.0404
    7.5000   -7.5000   45.0000 2320.9768   21.0824
   -7.5000    0.0000   45.0000 2390.1372   19.9210
    0.0000    0.0000   45.0000 2435.3325   19.5960
    7.5000    0.0000   45.0000 2418.5698   19.6863
   -7.5000    7.5000   45.0000 2470.0325   18.7875
    0.0000    7.5000   45.0000 2509.3579   18.5227
    7.5000    7.5000   45.0000 2493.2070   18.6420
   -7.5000   15.0000   45.0000 2518.7319   18.0119
    0.0000   15.0000   45.0000 2549.1470   17.7812
    7.5000   15.0000   45.0000 2539.3335   17.9262
   -7.5000   22.5000   45.0000 2536.3262   17.7338
    0.0000   22.5000   45.0000 2569.3689   17.4956
    7.5000   22.5000   45.0000 2553.8511   17.6014
   -7.5000   30.0000   45.0000 2530.7415   17.7794
    0.0000   30.0000   45.0000 2558.0139   17.5750
    7.5000   30.0000   45.0000 2548.3848   17.7224
   -7.5000   37.5000   45.0000 2504.3086   18.2429
    0.0000   37.5000   45.0000 2533.1584   18.0713
    7.5000   37.5000   45.0000 2518.0103   18.1769
   -7.5000   45.0000   45.0000 2449.7754   19.0091
    0.0000   45.0000   45.0000 2481.3306   18.8731
    7.5000   45.0000   45.0000 2469.0156   18.8883
   -7.5000   52.5000   45.0000 2355.5120   19.9453
    0.0000   52.5000   45.0000 2388.6196   19.8239
    7.5000   52.5000   45.0000 2375.4365   19.8218

---------------------------------------------------------------------
imgreg_4dfp /opt/freesurfer/average/711-2C_as_mni_average_305 /opt/freesurfer/average/711-2B_as_mni_average_305_mask talsrcimg_g11 none talsrcimg_to_711-2C_as_mni_average_305_t4 1283
---------------------------------------------------------------------

freesurfer imgreg_4dfp.c
/opt/freesurfer/average/711-2C_as_mni_average_305.4dfp.img
       256       256       256         1
  1.000000  1.000000  1.000000
orientation T byte_order littleendian
Reading image: /opt/freesurfer/average/711-2C_as_mni_average_305.4dfp.img
dimensions:      256       256       256
mmppix:       1.0000   -1.0000   -1.0000
center:     128.0000 -129.0000 -129.0000
/opt/freesurfer/average/711-2B_as_mni_average_305_mask.4dfp.img
       256       256       256         1
  1.000000  1.000000  1.000000
orientation T byte_order littleendian
Reading mask: /opt/freesurfer/average/711-2B_as_mni_average_305_mask.4dfp.img (2306576 pixels)
talsrcimg_g11.4dfp.img
       256       256       256         1
  1.000000  1.000000  1.000000
orientation T byte_order littleendian
Reading image: talsrcimg_g11.4dfp.img
dimensions:      256       256       256
mmppix:       1.0000   -1.0000   -1.0000
center:     128.0000 -129.0000 -129.0000
rotation matrix determinant  1.000000
fimgreg.f
image alignment mode   1283 decimal      503 hex
parameters
    0.0000   22.5000    0.0000    0.0000    0.0000    0.0000
eta,q 0.92658 13.27834
niter,ni,del,rscale     5    3   12.0000    1.2000
parameter  1 -0.801674 -> -0.500000 qaram    1.1500
parameters
    3.4500   22.4935    1.6733   -2.8315   -2.5933    0.3467
eta,q 0.93191 13.36918
  0.0820  0.0822  0.0823  0.0707  0.0690  0.0722
  0.0809  0.0762  0.0768  0.0685  0.0679  0.0685
  0.0798  0.0724  0.0730  0.0685  0.0682  0.0677
  0.0764  0.0713  0.0713  0.0696  0.0683  0.0681
  0.0730  0.0730  0.0699  0.0725  0.0701  0.0682
  0.0721  0.0769  0.0709  0.0749  0.0746  0.0689
  0.0761  0.0816  0.0744  0.0775  0.0789  0.0705
niter,ni,del,rscale     5    3   12.0000    1.2000
parameters
    1.4791   23.0008    3.3526   -4.8642   -2.9479    0.0134
eta,q 0.93490 13.43451
  0.0734  0.0798  0.0806  0.0672  0.0719  0.0701
  0.0690  0.0724  0.0767  0.0662  0.0682  0.0665
  0.0667  0.0673  0.0721  0.0652  0.0662  0.0649
  0.0681  0.0666  0.0670  0.0658  0.0652  0.0652
  0.0731  0.0687  0.0659  0.0673  0.0666  0.0665
  0.0772  0.0714  0.0682  0.0706  0.0693  0.0677
  0.0847  0.0746  0.0726  0.0746  0.0737  0.0706
niter,ni,del,rscale     4    3   12.0000    1.2000
parameters
    1.3171   24.0290    3.0048   -6.2733   -2.5244   -0.1036
eta,q 0.93516 13.37803
  0.0787  0.0784  0.0764  0.0678  0.0741  0.0713
  0.0724  0.0720  0.0710  0.0664  0.0698  0.0672
  0.0670  0.0677  0.0663  0.0651  0.0664  0.0650
  0.0651  0.0651  0.0654  0.0652  0.0648  0.0649
  0.0682  0.0665  0.0680  0.0672  0.0661  0.0662
  0.0738  0.0694  0.0726  0.0689  0.0684  0.0681
  0.0793  0.0709  0.0792  0.0719  0.0717  0.0710
niter,ni,del,rscale     3    3   12.0000    1.2000
parameters
    1.1589   24.7949    2.4248   -7.7993   -2.3456   -0.2298
eta,q 0.93470 13.36786
  0.0780  0.0750  0.0754  0.0672  0.0747  0.0713
  0.0721  0.0705  0.0698  0.0664  0.0701  0.0676
  0.0674  0.0665  0.0655  0.0656  0.0664  0.0656
  0.0648  0.0649  0.0654  0.0649  0.0653  0.0653
  0.0679  0.0669  0.0687  0.0667  0.0670  0.0665
  0.0736  0.0689  0.0733  0.0690  0.0698  0.0686
  0.0786  0.0702  0.0790  0.0709  0.0731  0.0711
niter,ni,del,rscale     2    3   12.0000    1.2000
parameters
    1.1771   25.7420    1.8016   -9.2053   -2.2662   -0.4720
eta,q 0.93452 13.34507
  0.0790  0.0734  0.0758  0.0675  0.0752  0.0707
  0.0730  0.0696  0.0697  0.0661  0.0704  0.0675
  0.0685  0.0659  0.0655  0.0656  0.0665  0.0657
  0.0653  0.0653  0.0659  0.0652  0.0655  0.0655
  0.0677  0.0665  0.0695  0.0662  0.0677  0.0665
  0.0736  0.0669  0.0740  0.0690  0.0704  0.0685
  0.0787  0.0692  0.0788  0.0713  0.0740  0.0712
niter,ni,del,rscale     1    3   12.0000    1.2000
parameters
    1.2540   26.4882    1.4388   -9.8130   -2.1938   -0.5579
eta,q 0.93446 13.32802
  0.0782  0.0728  0.0769  0.0689  0.0751  0.0710
  0.0726  0.0689  0.0707  0.0670  0.0703  0.0681
  0.0689  0.0656  0.0660  0.0659  0.0665  0.0660
  0.0655  0.0654  0.0655  0.0653  0.0655  0.0655
  0.0671  0.0657  0.0688  0.0657  0.0676  0.0663
  0.0726  0.0663  0.0734  0.0683  0.0704  0.0683
  0.0780  0.0698  0.0786  0.0712  0.0741  0.0713
registration optimization eta report
parameter search radius
    6.9000    6.0000    6.0000    6.0000    6.0000    6.0000
100000*second partial in parameter space
       25.       17.       33.       13.       24.       16.
  0.0782  0.0728  0.0769  0.0689  0.0751  0.0710
  0.0726  0.0689  0.0707  0.0670  0.0703  0.0681
  0.0689  0.0656  0.0660  0.0659  0.0665  0.0660
  0.0655  0.0654  0.0655  0.0653  0.0655  0.0655
  0.0671  0.0657  0.0688  0.0657  0.0676  0.0663
  0.0726  0.0663  0.0734  0.0683  0.0704  0.0683
  0.0780  0.0698  0.0786  0.0712  0.0741  0.0713
    1.2540   26.4882    1.4388   -9.8130   -2.1938   -0.5579
eta,q 0.93446 13.32802

---------------------------------------------------------------------
imgreg_4dfp /opt/freesurfer/average/711-2C_as_mni_average_305 /opt/freesurfer/average/711-2B_as_mni_average_305_mask talsrcimg_g11 none talsrcimg_to_711-2C_as_mni_average_305_t4 3335
---------------------------------------------------------------------

freesurfer imgreg_4dfp.c
/opt/freesurfer/average/711-2C_as_mni_average_305.4dfp.img
       256       256       256         1
  1.000000  1.000000  1.000000
orientation T byte_order littleendian
Reading image: /opt/freesurfer/average/711-2C_as_mni_average_305.4dfp.img
dimensions:      256       256       256
mmppix:       1.0000   -1.0000   -1.0000
center:     128.0000 -129.0000 -129.0000
/opt/freesurfer/average/711-2B_as_mni_average_305_mask.4dfp.img
       256       256       256         1
  1.000000  1.000000  1.000000
orientation T byte_order littleendian
Reading mask: /opt/freesurfer/average/711-2B_as_mni_average_305_mask.4dfp.img (2306576 pixels)
talsrcimg_g11.4dfp.img
       256       256       256         1
  1.000000  1.000000  1.000000
orientation T byte_order littleendian
Reading image: talsrcimg_g11.4dfp.img
dimensions:      256       256       256
mmppix:       1.0000   -1.0000   -1.0000
center:     128.0000 -129.0000 -129.0000
fimgreg.f
image alignment mode   3335 decimal      D07 hex
parameters
    1.2540   26.4882    1.4388   -0.0780   -1.4614   -1.5353
    0.3072    3.9378   -0.9731   17.0057   -3.8280  -17.0308
eta,q 0.93600 13.40009
niter,ni,del,rscale     5    3    5.0000    1.2000
parameter  2 -0.508608 -> -0.500000 qaram    1.1500
parameter  4 -9.564537 ->  0.500000 qaram    1.1500
parameter  5-14.950580 ->  0.500000 qaram    1.1500
parameter  6  0.897555 ->  0.500000 qaram    1.1500
parameter 12 -0.731633 -> -0.500000 qaram    1.1500
parameters
    0.9710   27.8682    1.3801   -4.2180   -5.6014   -5.6753
   -1.1591    5.0237    0.3311   16.1163   -2.9377  -12.8908
eta,q 0.95985 13.29851
  0.0652  0.0660  0.0657  0.0470  0.0394  0.0409  0.0432  0.0498  0.0443  0.0442  0.0441  0.0457
  0.0644  0.0651  0.0646  0.0518  0.0443  0.0413  0.0420  0.0461  0.0428  0.0425  0.0427  0.0439
  0.0640  0.0644  0.0638  0.0578  0.0490  0.0425  0.0415  0.0431  0.0417  0.0415  0.0416  0.0423
  0.0640  0.0640  0.0636  0.0636  0.0534  0.0457  0.0415  0.0414  0.0412  0.0411  0.0411  0.0411
  0.0643  0.0637  0.0639  0.0692  0.0579  0.0512  0.0422  0.0414  0.0411  0.0418  0.0412  0.0404
  0.0650  0.0636  0.0647  0.0742  0.0623  0.0585  0.0436  0.0431  0.0417  0.0438  0.0419  0.0401
  0.0659  0.0640  0.0659  0.0784  0.0667  0.0647  0.0454  0.0462  0.0427  0.0464  0.0429  0.0403
niter,ni,del,rscale     7    3    5.0000    1.2000
parameter  2  0.583689 ->  0.500000 qaram    1.3225
parameter  4  1.088974 ->  0.500000 qaram    1.3225
parameter  5  2.090372 ->  0.500000 qaram    1.3225
parameters
    0.8454   26.2812    0.8765   -8.9790  -10.3624   -7.4283
   -0.8468    5.0388    0.6510   14.2385   -4.8772  -12.6272
eta,q 0.97382 13.11326
  0.0439  0.0398  0.0404  0.0324  0.0241  0.0286  0.0306  0.0322  0.0297  0.0286  0.0268  0.0286
  0.0417  0.0390  0.0394  0.0327  0.0255  0.0275  0.0286  0.0293  0.0281  0.0269  0.0263  0.0271
  0.0405  0.0392  0.0389  0.0343  0.0287  0.0269  0.0272  0.0274  0.0271  0.0262  0.0262  0.0264
  0.0402  0.0401  0.0390  0.0389  0.0329  0.0262  0.0267  0.0267  0.0267  0.0267  0.0263  0.0262
  0.0408  0.0417  0.0396  0.0451  0.0379  0.0265  0.0270  0.0271  0.0269  0.0278  0.0265  0.0264
  0.0423  0.0438  0.0408  0.0516  0.0429  0.0291  0.0282  0.0290  0.0277  0.0298  0.0271  0.0271
  0.0447  0.0464  0.0425  0.0578  0.0477  0.0352  0.0300  0.0324  0.0292  0.0328  0.0280  0.0282
niter,ni,del,rscale     7    3    5.0000    1.2000
parameter  5  0.752423 ->  0.500000 qaram    1.5209
parameters
    0.7994   26.6262    0.7906  -12.9355  -15.8375   -7.4015
   -0.7097    5.1999    0.8789   14.1500   -5.3846  -15.0542
eta,q 0.97672 12.58235
  0.0303  0.0338  0.0274  0.0270  0.0236  0.0259  0.0264  0.0280  0.0260  0.0272  0.0243  0.0243
  0.0280  0.0302  0.0267  0.0262  0.0235  0.0243  0.0249  0.0258  0.0247  0.0251  0.0239  0.0235
  0.0266  0.0275  0.0263  0.0260  0.0241  0.0236  0.0240  0.0242  0.0239  0.0238  0.0236  0.0233
  0.0262  0.0262  0.0261  0.0261  0.0260  0.0236  0.0236  0.0236  0.0236  0.0236  0.0236  0.0236
  0.0268  0.0265  0.0262  0.0284  0.0299  0.0235  0.0238  0.0240  0.0238  0.0240  0.0237  0.0241
  0.0283  0.0282  0.0268  0.0340  0.0347  0.0240  0.0248  0.0254  0.0245  0.0253  0.0240  0.0250
  0.0306  0.0312  0.0277  0.0407  0.0398  0.0261  0.0262  0.0278  0.0258  0.0273  0.0247  0.0261
niter,ni,del,rscale     7    3    5.0000    1.2000
parameters
    0.9125   26.9585    1.2262  -13.4087  -18.3961   -7.0125
   -1.0072    5.1825    0.6237   14.5858   -5.5597  -15.1657
eta,q 0.97706 12.40136
  0.0272  0.0300  0.0253  0.0266  0.0266  0.0256  0.0256  0.0274  0.0252  0.0273  0.0239  0.0248
  0.0251  0.0266  0.0243  0.0247  0.0243  0.0241  0.0241  0.0251  0.0239  0.0249  0.0235  0.0238
  0.0238  0.0243  0.0236  0.0235  0.0230  0.0232  0.0232  0.0235  0.0231  0.0235  0.0231  0.0231
  0.0233  0.0233  0.0232  0.0232  0.0232  0.0229  0.0229  0.0229  0.0229  0.0229  0.0229  0.0229
  0.0235  0.0235  0.0232  0.0232  0.0246  0.0230  0.0234  0.0235  0.0233  0.0233  0.0231  0.0233
  0.0247  0.0250  0.0236  0.0243  0.0283  0.0235  0.0245  0.0251  0.0242  0.0245  0.0235  0.0239
  0.0265  0.0277  0.0242  0.0284  0.0338  0.0253  0.0260  0.0275  0.0255  0.0262  0.0241  0.0249
niter,ni,del,rscale     6    3    5.0000    1.2000
parameters
    0.8997   27.0674    1.4863  -13.3486  -18.7522   -6.8971
   -1.0141    5.1985    0.5774   14.6525   -5.6705  -15.1356
eta,q 0.97706 12.38717
  0.0265  0.0289  0.0248  0.0266  0.0285  0.0256  0.0259  0.0274  0.0254  0.0269  0.0240  0.0249
  0.0246  0.0257  0.0239  0.0246  0.0257  0.0240  0.0243  0.0252  0.0240  0.0246  0.0235  0.0238
  0.0233  0.0237  0.0232  0.0234  0.0237  0.0232  0.0233  0.0235  0.0232  0.0233  0.0231  0.0231
  0.0229  0.0229  0.0229  0.0229  0.0229  0.0229  0.0229  0.0229  0.0229  0.0229  0.0229  0.0229
  0.0234  0.0235  0.0230  0.0230  0.0235  0.0230  0.0233  0.0235  0.0233  0.0235  0.0230  0.0232
  0.0246  0.0253  0.0234  0.0237  0.0255  0.0236  0.0244  0.0251  0.0241  0.0248  0.0234  0.0238
  0.0266  0.0280  0.0241  0.0272  0.0300  0.0257  0.0258  0.0274  0.0254  0.0265  0.0241  0.0248
niter,ni,del,rscale     5    3    5.0000    1.2000
parameters
    0.9067   27.0931    1.5410  -13.3559  -18.7874   -6.8818
   -1.0163    5.2038    0.5738   14.6495   -5.7105  -15.1276
eta,q 0.97706 12.38482
  0.0266  0.0286  0.0246  0.0266  0.0288  0.0255  0.0259  0.0274  0.0254  0.0268  0.0240  0.0249
  0.0246  0.0255  0.0237  0.0246  0.0260  0.0240  0.0243  0.0252  0.0241  0.0246  0.0235  0.0238
  0.0234  0.0236  0.0231  0.0234  0.0239  0.0232  0.0233  0.0235  0.0232  0.0233  0.0231  0.0231
  0.0229  0.0229  0.0229  0.0229  0.0229  0.0229  0.0229  0.0229  0.0229  0.0229  0.0229  0.0229
  0.0233  0.0236  0.0231  0.0230  0.0234  0.0230  0.0233  0.0235  0.0233  0.0235  0.0230  0.0232
  0.0246  0.0255  0.0236  0.0238  0.0252  0.0237  0.0244  0.0251  0.0241  0.0248  0.0234  0.0238
  0.0265  0.0283  0.0244  0.0273  0.0295  0.0258  0.0259  0.0274  0.0254  0.0266  0.0241  0.0248
niter,ni,del,rscale     4    3    5.0000    1.2000
parameters
    0.9103   27.0974    1.5515  -13.3615  -18.7925   -6.8825
   -1.0148    5.2057    0.5795   14.6420   -5.7140  -15.1266
eta,q 0.97706 12.38376
  0.0265  0.0285  0.0245  0.0266  0.0288  0.0255  0.0259  0.0274  0.0254  0.0268  0.0240  0.0248
  0.0246  0.0255  0.0236  0.0246  0.0260  0.0240  0.0243  0.0252  0.0241  0.0246  0.0235  0.0238
  0.0234  0.0236  0.0231  0.0234  0.0239  0.0232  0.0233  0.0235  0.0232  0.0233  0.0231  0.0231
  0.0229  0.0229  0.0229  0.0229  0.0229  0.0229  0.0229  0.0229  0.0229  0.0229  0.0229  0.0229
  0.0233  0.0237  0.0231  0.0230  0.0234  0.0230  0.0233  0.0235  0.0233  0.0235  0.0230  0.0232
  0.0246  0.0256  0.0236  0.0238  0.0252  0.0237  0.0244  0.0251  0.0241  0.0248  0.0234  0.0238
  0.0265  0.0284  0.0244  0.0273  0.0295  0.0258  0.0259  0.0274  0.0254  0.0266  0.0241  0.0248
registration optimization eta report
parameter search radius
    2.4000    3.1740    2.4000    9.5220   10.9503    8.2800
    7.2000    7.2000    7.2000    7.2000    7.2000    8.2800
100000*second partial in parameter space
       62.       54.       27.        5.        5.        4.
        6.        9.        5.        7.        2.        3.
  0.0265  0.0285  0.0245  0.0266  0.0288  0.0255  0.0259  0.0274  0.0254  0.0268  0.0240  0.0248
  0.0246  0.0255  0.0236  0.0246  0.0260  0.0240  0.0243  0.0252  0.0241  0.0246  0.0235  0.0238
  0.0234  0.0236  0.0231  0.0234  0.0239  0.0232  0.0233  0.0235  0.0232  0.0233  0.0231  0.0231
  0.0229  0.0229  0.0229  0.0229  0.0229  0.0229  0.0229  0.0229  0.0229  0.0229  0.0229  0.0229
  0.0233  0.0237  0.0231  0.0230  0.0234  0.0230  0.0233  0.0235  0.0233  0.0235  0.0230  0.0232
  0.0246  0.0256  0.0236  0.0238  0.0252  0.0237  0.0244  0.0251  0.0241  0.0248  0.0234  0.0238
  0.0265  0.0284  0.0244  0.0273  0.0295  0.0258  0.0259  0.0274  0.0254  0.0266  0.0241  0.0248
    0.9103   27.0974    1.5515  -13.3615  -18.7925   -6.8825
   -1.0148    5.2057    0.5795   14.6420   -5.7140  -15.1266
eta,q 0.97706 12.38376

---------------------------------------------------------------------
imgreg_4dfp /opt/freesurfer/average/711-2C_as_mni_average_305 /opt/freesurfer/average/711-2B_as_mni_average_305_mask talsrcimg_g11 none talsrcimg_to_711-2C_as_mni_average_305_t4 2311
---------------------------------------------------------------------

freesurfer imgreg_4dfp.c
/opt/freesurfer/average/711-2C_as_mni_average_305.4dfp.img
       256       256       256         1
  1.000000  1.000000  1.000000
orientation T byte_order littleendian
Reading image: /opt/freesurfer/average/711-2C_as_mni_average_305.4dfp.img
dimensions:      256       256       256
mmppix:       1.0000   -1.0000   -1.0000
center:     128.0000 -129.0000 -129.0000
/opt/freesurfer/average/711-2B_as_mni_average_305_mask.4dfp.img
       256       256       256         1
  1.000000  1.000000  1.000000
orientation T byte_order littleendian
Reading mask: /opt/freesurfer/average/711-2B_as_mni_average_305_mask.4dfp.img (2306576 pixels)
talsrcimg_g11.4dfp.img
       256       256       256         1
  1.000000  1.000000  1.000000
orientation T byte_order littleendian
Reading image: talsrcimg_g11.4dfp.img
dimensions:      256       256       256
mmppix:       1.0000   -1.0000   -1.0000
center:     128.0000 -129.0000 -129.0000
fimgreg.f
image alignment mode   2311 decimal      907 hex
parameters
    0.9103   27.0974    1.5515  -13.3615  -18.7925   -6.8825
   -1.0148    5.2057    0.5795   14.6420   -5.7140  -15.1266
eta,q 0.97706 12.38375
niter,ni,del,rscale     5    3    5.0000    0.8000
parameters
    0.9132   27.0604    1.5263  -11.9916  -18.0455   -5.5369
   -0.6870    5.2110    0.9872   14.9505   -5.4974  -15.0984
eta,q 0.97715 12.62873
  0.0246  0.0244  0.0236  0.0239  0.0244  0.0238  0.0243  0.0248  0.0241  0.0247  0.0234  0.0236
  0.0237  0.0236  0.0232  0.0234  0.0237  0.0233  0.0236  0.0237  0.0235  0.0237  0.0231  0.0232
  0.0231  0.0231  0.0230  0.0231  0.0232  0.0230  0.0231  0.0231  0.0231  0.0231  0.0229  0.0229
  0.0229  0.0229  0.0229  0.0229  0.0229  0.0229  0.0229  0.0229  0.0229  0.0229  0.0229  0.0228
  0.0231  0.0231  0.0230  0.0229  0.0230  0.0229  0.0229  0.0231  0.0229  0.0230  0.0229  0.0230
  0.0237  0.0237  0.0233  0.0230  0.0232  0.0229  0.0233  0.0237  0.0232  0.0235  0.0230  0.0232
  0.0246  0.0245  0.0236  0.0232  0.0237  0.0231  0.0240  0.0248  0.0238  0.0243  0.0233  0.0235
niter,ni,del,rscale     4    3    5.0000    0.7000
parameters
    0.9566   27.0272    1.4031  -11.2601  -17.8452   -5.0529
   -0.5122    5.2445    1.2340   15.1510   -5.6160  -15.1813
eta,q 0.97725 12.72954
  0.0241  0.0239  0.0233  0.0234  0.0237  0.0233  0.0238  0.0242  0.0237  0.0241  0.0231  0.0233
  0.0235  0.0233  0.0230  0.0231  0.0232  0.0231  0.0233  0.0234  0.0232  0.0234  0.0229  0.0230
  0.0230  0.0230  0.0229  0.0229  0.0229  0.0229  0.0229  0.0229  0.0229  0.0229  0.0228  0.0228
  0.0228  0.0228  0.0228  0.0228  0.0228  0.0228  0.0228  0.0228  0.0228  0.0228  0.0228  0.0228
  0.0229  0.0230  0.0229  0.0228  0.0229  0.0227  0.0228  0.0229  0.0228  0.0229  0.0228  0.0228
  0.0233  0.0234  0.0232  0.0228  0.0231  0.0228  0.0231  0.0234  0.0231  0.0232  0.0229  0.0230
  0.0240  0.0240  0.0235  0.0231  0.0235  0.0232  0.0237  0.0242  0.0235  0.0239  0.0232  0.0233
niter,ni,del,rscale     3    3    5.0000    0.6000
parameters
    0.9795   27.0381    1.2865  -10.8556  -17.6730   -4.4840
   -0.3445    5.2158    1.4774   15.3146   -5.8650  -15.3105
eta,q 0.97737 12.80712
  0.0237  0.0236  0.0231  0.0232  0.0234  0.0231  0.0234  0.0237  0.0233  0.0236  0.0229  0.0230
  0.0232  0.0231  0.0229  0.0230  0.0230  0.0230  0.0231  0.0231  0.0230  0.0231  0.0228  0.0228
  0.0229  0.0229  0.0228  0.0228  0.0228  0.0229  0.0228  0.0227  0.0228  0.0228  0.0227  0.0227
  0.0228  0.0228  0.0228  0.0227  0.0227  0.0227  0.0226  0.0226  0.0226  0.0226  0.0226  0.0226
  0.0228  0.0228  0.0228  0.0227  0.0228  0.0226  0.0227  0.0228  0.0227  0.0227  0.0227  0.0227
  0.0231  0.0231  0.0230  0.0228  0.0229  0.0227  0.0229  0.0231  0.0229  0.0230  0.0228  0.0228
  0.0236  0.0236  0.0233  0.0231  0.0233  0.0231  0.0233  0.0237  0.0232  0.0235  0.0230  0.0231
niter,ni,del,rscale     2    3    5.0000    0.5000
parameters
    1.0016   27.0579    1.2102  -10.4147  -17.5610   -4.0888
   -0.2956    5.1961    1.6348   15.3836   -6.0420  -15.3674
eta,q 0.97746 12.86402
  0.0233  0.0232  0.0229  0.0230  0.0231  0.0230  0.0231  0.0234  0.0230  0.0232  0.0228  0.0228
  0.0230  0.0229  0.0228  0.0229  0.0228  0.0229  0.0228  0.0229  0.0228  0.0229  0.0226  0.0227
  0.0227  0.0227  0.0227  0.0227  0.0227  0.0228  0.0226  0.0226  0.0226  0.0226  0.0226  0.0226
  0.0226  0.0226  0.0226  0.0226  0.0226  0.0226  0.0226  0.0225  0.0225  0.0225  0.0225  0.0225
  0.0227  0.0227  0.0227  0.0226  0.0226  0.0225  0.0226  0.0227  0.0226  0.0226  0.0226  0.0226
  0.0229  0.0229  0.0228  0.0226  0.0228  0.0226  0.0228  0.0229  0.0227  0.0228  0.0227  0.0227
  0.0233  0.0232  0.0230  0.0229  0.0230  0.0230  0.0231  0.0234  0.0229  0.0232  0.0228  0.0229
niter,ni,del,rscale     1    3    5.0000    0.4000
parameters
    1.0048   27.0680    1.1637  -10.1983  -17.5154   -3.8446
   -0.2910    5.1824    1.6986   15.4047   -6.0730  -15.3996
eta,q 0.97749 12.89178
  0.0230  0.0229  0.0228  0.0229  0.0228  0.0229  0.0229  0.0231  0.0228  0.0229  0.0227  0.0227
  0.0228  0.0227  0.0226  0.0227  0.0227  0.0228  0.0227  0.0228  0.0227  0.0227  0.0226  0.0226
  0.0226  0.0226  0.0226  0.0226  0.0226  0.0226  0.0226  0.0226  0.0225  0.0226  0.0225  0.0225
  0.0225  0.0225  0.0225  0.0225  0.0225  0.0225  0.0225  0.0225  0.0225  0.0225  0.0225  0.0225
  0.0226  0.0226  0.0226  0.0225  0.0226  0.0225  0.0225  0.0226  0.0225  0.0226  0.0225  0.0225
  0.0227  0.0227  0.0227  0.0226  0.0227  0.0226  0.0227  0.0228  0.0226  0.0227  0.0226  0.0226
  0.0230  0.0229  0.0228  0.0228  0.0228  0.0229  0.0229  0.0231  0.0228  0.0229  0.0227  0.0227
registration optimization eta report
parameter search radius
    0.8000    0.8000    0.8000    2.4000    2.4000    2.4000
    2.4000    2.4000    2.4000    2.4000    2.4000    2.4000
100000*second partial in parameter space
       70.       59.       39.        5.        5.        6.
        7.       10.        5.        7.        3.        3.
  0.0230  0.0229  0.0228  0.0229  0.0228  0.0229  0.0229  0.0231  0.0228  0.0229  0.0227  0.0227
  0.0228  0.0227  0.0226  0.0227  0.0227  0.0228  0.0227  0.0228  0.0227  0.0227  0.0226  0.0226
  0.0226  0.0226  0.0226  0.0226  0.0226  0.0226  0.0226  0.0226  0.0225  0.0226  0.0225  0.0225
  0.0225  0.0225  0.0225  0.0225  0.0225  0.0225  0.0225  0.0225  0.0225  0.0225  0.0225  0.0225
  0.0226  0.0226  0.0226  0.0225  0.0226  0.0225  0.0225  0.0226  0.0225  0.0226  0.0225  0.0225
  0.0227  0.0227  0.0227  0.0226  0.0227  0.0226  0.0227  0.0228  0.0226  0.0227  0.0226  0.0226
  0.0230  0.0229  0.0228  0.0228  0.0228  0.0229  0.0229  0.0231  0.0228  0.0229  0.0227  0.0227
    1.0048   27.0680    1.1637  -10.1983  -17.5154   -3.8446
   -0.2910    5.1824    1.6986   15.4047   -6.0730  -15.3996
eta,q 0.97749 12.89178

---------------------------------------------------------------------
imgreg_4dfp /opt/freesurfer/average/711-2C_as_mni_average_305 /opt/freesurfer/average/711-2B_as_mni_average_305_mask talsrcimg_g11 none talsrcimg_to_711-2C_as_mni_average_305_t4 2311
---------------------------------------------------------------------

freesurfer imgreg_4dfp.c
/opt/freesurfer/average/711-2C_as_mni_average_305.4dfp.img
       256       256       256         1
  1.000000  1.000000  1.000000
orientation T byte_order littleendian
Reading image: /opt/freesurfer/average/711-2C_as_mni_average_305.4dfp.img
dimensions:      256       256       256
mmppix:       1.0000   -1.0000   -1.0000
center:     128.0000 -129.0000 -129.0000
/opt/freesurfer/average/711-2B_as_mni_average_305_mask.4dfp.img
       256       256       256         1
  1.000000  1.000000  1.000000
orientation T byte_order littleendian
Reading mask: /opt/freesurfer/average/711-2B_as_mni_average_305_mask.4dfp.img (2306576 pixels)
talsrcimg_g11.4dfp.img
       256       256       256         1
  1.000000  1.000000  1.000000
orientation T byte_order littleendian
Reading image: talsrcimg_g11.4dfp.img
dimensions:      256       256       256
mmppix:       1.0000   -1.0000   -1.0000
center:     128.0000 -129.0000 -129.0000
fimgreg.f
image alignment mode   2311 decimal      907 hex
parameters
    1.0048   27.0680    1.1637  -10.1983  -17.5154   -3.8446
   -0.2910    5.1824    1.6986   15.4047   -6.0730  -15.3996
eta,q 0.97749 12.89179
niter,ni,del,rscale     5    3    5.0000    0.8000
parameters
    0.9647   27.0706    1.1485  -11.1006  -17.5876   -4.9627
   -0.5387    5.2313    1.4514   15.2288   -5.8575  -15.4119
eta,q 0.97728 12.77370
  0.0242  0.0240  0.0235  0.0233  0.0238  0.0232  0.0239  0.0248  0.0237  0.0242  0.0233  0.0234
  0.0233  0.0232  0.0230  0.0230  0.0231  0.0230  0.0233  0.0236  0.0232  0.0233  0.0230  0.0230
  0.0227  0.0227  0.0226  0.0227  0.0227  0.0228  0.0229  0.0229  0.0228  0.0229  0.0228  0.0228
  0.0225  0.0225  0.0225  0.0225  0.0226  0.0226  0.0227  0.0227  0.0227  0.0227  0.0227  0.0227
  0.0227  0.0227  0.0226  0.0226  0.0227  0.0228  0.0229  0.0229  0.0229  0.0230  0.0228  0.0228
  0.0234  0.0232  0.0230  0.0234  0.0231  0.0235  0.0234  0.0236  0.0233  0.0235  0.0229  0.0231
  0.0245  0.0240  0.0235  0.0251  0.0239  0.0251  0.0242  0.0247  0.0239  0.0244  0.0232  0.0234
niter,ni,del,rscale     4    3    5.0000    0.7000
parameters
    0.9900   27.0517    1.2196  -11.1156  -17.6197   -4.9620
   -0.4879    5.2253    1.4276   15.2020   -5.8366  -15.3714
eta,q 0.97728 12.76708
  0.0240  0.0238  0.0234  0.0233  0.0236  0.0232  0.0237  0.0242  0.0235  0.0239  0.0231  0.0233
  0.0233  0.0232  0.0231  0.0230  0.0231  0.0230  0.0232  0.0233  0.0231  0.0232  0.0229  0.0230
  0.0229  0.0228  0.0228  0.0229  0.0228  0.0229  0.0229  0.0228  0.0228  0.0228  0.0228  0.0228
  0.0227  0.0227  0.0227  0.0227  0.0227  0.0227  0.0227  0.0227  0.0227  0.0227  0.0227  0.0227
  0.0228  0.0229  0.0228  0.0227  0.0228  0.0226  0.0228  0.0229  0.0228  0.0229  0.0228  0.0228
  0.0232  0.0232  0.0230  0.0228  0.0231  0.0228  0.0232  0.0234  0.0231  0.0233  0.0229  0.0230
  0.0239  0.0239  0.0233  0.0235  0.0236  0.0234  0.0237  0.0242  0.0236  0.0239  0.0231  0.0232
niter,ni,del,rscale     3    3    5.0000    0.6000
parameters
    0.9958   27.0524    1.2312  -10.8147  -17.6107   -4.4452
   -0.3617    5.1960    1.5398   15.3249   -5.9817  -15.3778
eta,q 0.97738 12.81795
  0.0236  0.0236  0.0232  0.0232  0.0233  0.0231  0.0234  0.0237  0.0233  0.0236  0.0229  0.0230
  0.0231  0.0231  0.0229  0.0230  0.0230  0.0230  0.0230  0.0231  0.0229  0.0231  0.0228  0.0228
  0.0228  0.0228  0.0228  0.0228  0.0228  0.0229  0.0228  0.0227  0.0227  0.0227  0.0227  0.0227
  0.0227  0.0227  0.0227  0.0227  0.0227  0.0227  0.0226  0.0226  0.0226  0.0226  0.0226  0.0226
  0.0228  0.0228  0.0228  0.0227  0.0228  0.0226  0.0227  0.0228  0.0227  0.0227  0.0227  0.0227
  0.0231  0.0231  0.0229  0.0228  0.0230  0.0227  0.0229  0.0231  0.0229  0.0230  0.0228  0.0228
  0.0236  0.0236  0.0232  0.0231  0.0233  0.0231  0.0234  0.0237  0.0232  0.0235  0.0230  0.0230
niter,ni,del,rscale     2    3    5.0000    0.5000
parameters
    1.0065   27.0621    1.1907  -10.4184  -17.5402   -4.0998
   -0.3110    5.1879    1.6478   15.3785   -6.0598  -15.3913
eta,q 0.97745 12.86502
  0.0233  0.0232  0.0230  0.0230  0.0231  0.0230  0.0231  0.0234  0.0230  0.0232  0.0228  0.0228
  0.0229  0.0229  0.0228  0.0229  0.0228  0.0229  0.0228  0.0229  0.0228  0.0229  0.0226  0.0227
  0.0227  0.0227  0.0227  0.0227  0.0226  0.0227  0.0226  0.0226  0.0226  0.0226  0.0226  0.0226
  0.0226  0.0226  0.0226  0.0226  0.0226  0.0226  0.0226  0.0226  0.0225  0.0225  0.0225  0.0225
  0.0227  0.0227  0.0227  0.0226  0.0226  0.0225  0.0226  0.0227  0.0226  0.0226  0.0226  0.0226
  0.0229  0.0229  0.0228  0.0227  0.0228  0.0226  0.0228  0.0229  0.0227  0.0228  0.0227  0.0227
  0.0233  0.0232  0.0230  0.0229  0.0230  0.0230  0.0231  0.0234  0.0230  0.0232  0.0228  0.0228
niter,ni,del,rscale     1    3    5.0000    0.4000
parameters
    1.0042   27.0711    1.1594  -10.2161  -17.5131   -3.8494
   -0.2985    5.1776    1.7004   15.4160   -6.0870  -15.4059
eta,q 0.97749 12.89127
  0.0230  0.0229  0.0228  0.0229  0.0228  0.0229  0.0229  0.0231  0.0228  0.0230  0.0227  0.0227
  0.0227  0.0227  0.0226  0.0227  0.0227  0.0228  0.0227  0.0228  0.0226  0.0227  0.0226  0.0226
  0.0226  0.0226  0.0226  0.0226  0.0226  0.0226  0.0226  0.0226  0.0225  0.0226  0.0225  0.0225
  0.0225  0.0225  0.0225  0.0225  0.0225  0.0225  0.0225  0.0225  0.0225  0.0225  0.0225  0.0225
  0.0226  0.0226  0.0226  0.0225  0.0226  0.0225  0.0225  0.0226  0.0225  0.0226  0.0225  0.0225
  0.0228  0.0227  0.0227  0.0226  0.0227  0.0226  0.0227  0.0228  0.0226  0.0227  0.0226  0.0226
  0.0230  0.0229  0.0228  0.0228  0.0228  0.0229  0.0229  0.0231  0.0228  0.0229  0.0227  0.0227
registration optimization eta report
parameter search radius
    0.8000    0.8000    0.8000    2.4000    2.4000    2.4000
    2.4000    2.4000    2.4000    2.4000    2.4000    2.4000
100000*second partial in parameter space
       70.       59.       39.        5.        5.        6.
        7.       10.        5.        8.        3.        3.
  0.0230  0.0229  0.0228  0.0229  0.0228  0.0229  0.0229  0.0231  0.0228  0.0230  0.0227  0.0227
  0.0227  0.0227  0.0226  0.0227  0.0227  0.0228  0.0227  0.0228  0.0226  0.0227  0.0226  0.0226
  0.0226  0.0226  0.0226  0.0226  0.0226  0.0226  0.0226  0.0226  0.0225  0.0226  0.0225  0.0225
  0.0225  0.0225  0.0225  0.0225  0.0225  0.0225  0.0225  0.0225  0.0225  0.0225  0.0225  0.0225
  0.0226  0.0226  0.0226  0.0225  0.0226  0.0225  0.0225  0.0226  0.0225  0.0226  0.0225  0.0225
  0.0228  0.0227  0.0227  0.0226  0.0227  0.0226  0.0227  0.0228  0.0226  0.0227  0.0226  0.0226
  0.0230  0.0229  0.0228  0.0228  0.0228  0.0229  0.0229  0.0231  0.0228  0.0229  0.0227  0.0227
    1.0042   27.0711    1.1594  -10.2161  -17.5131   -3.8494
   -0.2985    5.1776    1.7004   15.4160   -6.0870  -15.4059
eta,q 0.97749 12.89127

---------------------------------------------------------------------
compute_vox2vox talsrcimg talsrcimg_to_711-2C_as_mni_average_305_t4 /opt/freesurfer/average/711-2C_as_mni_average_305
---------------------------------------------------------------------

freesurfer compute_vox2vox.c
Reading: talsrcimg.4dfp.ifh
Reading: talsrcimg_to_711-2C_as_mni_average_305_t4
Reading: /opt/freesurfer/average/711-2C_as_mni_average_305.4dfp.ifh
Writing: talsrcimg_to_711-2C_as_mni_average_305_t4_vox2vox.txt

start time Mon Mar 9 14:28:50 CET 2026
end		time Mon Mar 9 14:30:19 CET 2026

mpr2mni305 success

avi2talxfm orig_nu.mgz /opt/freesurfer/average/mni305.cor.mgz talsrcimg_to_711-2C_as_mni_average_305_t4_vox2vox.txt transforms/talairach.auto.xfm
avi2talxfm done
mv -f /out/sourcedata/freesurfer/sub-v1s22x0050483_ses-1/mri/talsrcimg_to_711-2C_as_mni_average_305_t4_vox2vox.txt /out/sourcedata/freesurfer/sub-v1s22x0050483_ses-1/mri/transforms/talsrcimg_to_711-2C_as_mni_average_305_t4_vox2vox.txt
lta_convert --src orig_nu.mgz --trg /opt/freesurfer/average/mni305.cor.mgz --inxfm transforms/talairach.auto.xfm --outlta transforms/talairach.auto.xfm.lta --subject fsaverage
7.3.2

--src: orig_nu.mgz src image (geometry).
--trg: /opt/freesurfer/average/mni305.cor.mgz trg image (geometry).
--inmni: transforms/talairach.auto.xfm input MNI/XFM transform.
--outlta: transforms/talairach.auto.xfm.lta output LTA.
--s: fsaverage subject name
 LTA read, type : 1
 1.10994  -0.05866  -0.00694   7.45927;
 0.06466   1.00638   0.18819  -42.65016;
-0.03497  -0.18687   1.17728  -18.22537;
 0.00000   0.00000   0.00000   1.00000;
setting subject to fsaverage
Writing  LTA to file transforms/talairach.auto.xfm.lta...
lta_convert successful.
 
 
Started at Mon Mar 9 14:28:49 CET 2026
Ended   at Mon Mar  9 14:30:19 CET 2026
talairach_avi done
