status file for recon-all
Mon Mar  9 12:13:13 CET 2026
#@# MotionCor Mon Mar  9 12:13:19 CET 2026
#@# Talairach Mon Mar  9 12:13:28 CET 2026
#@# Talairach Failure Detection Mon Mar  9 12:16:17 CET 2026
#@# Nu Intensity Correction Mon Mar  9 12:16:18 CET 2026
#@# Intensity Normalization Mon Mar  9 12:19:04 CET 2026
recon-all -s sub-v1s22x0050450_ses-1 finished without error at Mon Mar  9 12:20:12 CET 2026



#New# invocation of recon-all 



status file for recon-all
Mon Mar  9 12:29:16 CET 2026
#@# EM Registration Mon Mar  9 12:29:16 CET 2026
recon-all -s sub-v1s22x0050450_ses-1 finished without error at Mon Mar  9 12:30:33 CET 2026



#New# invocation of recon-all 



status file for recon-all
Mon Mar  9 12:30:34 CET 2026
#@# CA Normalize Mon Mar  9 12:30:35 CET 2026
#@# CA Reg Mon Mar  9 12:31:29 CET 2026
#@# SubCort Seg Mon Mar  9 13:14:51 CET 2026
#@# CC Seg Mon Mar  9 13:36:21 CET 2026
#@# Merge ASeg Mon Mar  9 13:36:41 CET 2026
#@# Intensity Normalization2 Mon Mar  9 13:36:41 CET 2026
#@# Mask BFS Mon Mar  9 13:38:16 CET 2026
#@# WM Segmentation Mon Mar  9 13:38:17 CET 2026
#@# Fill Mon Mar  9 13:39:46 CET 2026
recon-all -s sub-v1s22x0050450_ses-1 finished without error at Mon Mar  9 13:40:24 CET 2026



#New# invocation of recon-all 



status file for recon-all
Mon Mar  9 14:28:02 CET 2026
#@# white curv lh Mon Mar  9 14:28:02 CET 2026
#@# white area lh Mon Mar  9 14:28:02 CET 2026
#@# pial curv lh Mon Mar  9 14:28:02 CET 2026
#@# pial area lh Mon Mar  9 14:28:02 CET 2026
#@# thickness lh Mon Mar  9 14:28:02 CET 2026
#@# area and vertex vol lh Mon Mar  9 14:28:02 CET 2026
#@# white curv rh Mon Mar  9 14:28:02 CET 2026
#@# white area rh Mon Mar  9 14:28:02 CET 2026
#@# pial curv rh Mon Mar  9 14:28:02 CET 2026
#@# pial area rh Mon Mar  9 14:28:02 CET 2026
#@# thickness rh Mon Mar  9 14:28:02 CET 2026
#@# area and vertex vol rh Mon Mar  9 14:28:02 CET 2026
#@# Cortical ribbon mask Mon Mar  9 14:28:02 CET 2026
recon-all -s sub-v1s22x0050450_ses-1 finished without error at Mon Mar  9 14:32:28 CET 2026



#New# invocation of recon-all 



status file for recon-all
Mon Mar  9 14:38:09 CET 2026
#@# white curv lh Mon Mar  9 14:38:09 CET 2026
#@# white area lh Mon Mar  9 14:38:09 CET 2026
#@# pial curv lh Mon Mar  9 14:38:09 CET 2026
#@# pial area lh Mon Mar  9 14:38:09 CET 2026
#@# thickness lh Mon Mar  9 14:38:09 CET 2026
#@# area and vertex vol lh Mon Mar  9 14:38:09 CET 2026
#@# white curv rh Mon Mar  9 14:38:09 CET 2026
#@# white area rh Mon Mar  9 14:38:09 CET 2026
#@# pial curv rh Mon Mar  9 14:38:09 CET 2026
#@# pial area rh Mon Mar  9 14:38:09 CET 2026
#@# thickness rh Mon Mar  9 14:38:09 CET 2026
#@# area and vertex vol rh Mon Mar  9 14:38:09 CET 2026
#@# Curvature Stats lh Mon Mar  9 14:38:09 CET 2026
#@# Curvature Stats rh Mon Mar  9 14:38:11 CET 2026
#@# Relabel Hypointensities Mon Mar  9 14:38:13 CET 2026
#@# APas-to-ASeg Mon Mar  9 14:38:25 CET 2026
#@# AParc-to-ASeg aparc Mon Mar  9 14:38:31 CET 2026
#@# AParc-to-ASeg aparc.a2009s Mon Mar  9 14:39:01 CET 2026
#@# AParc-to-ASeg aparc.DKTatlas Mon Mar  9 14:39:29 CET 2026
#@# WMParc Mon Mar  9 14:39:57 CET 2026
#@# ASeg Stats Mon Mar  9 14:41:44 CET 2026
recon-all -s sub-v1s22x0050450_ses-1 finished without error at Mon Mar  9 14:42:02 CET 2026
