status file for recon-all
Mon Mar  9 14:06:29 CET 2026
#@# Tessellate rh Mon Mar  9 14:06:29 CET 2026
#@# Smooth1 rh Mon Mar  9 14:06:32 CET 2026
#@# Inflation1 rh Mon Mar  9 14:06:34 CET 2026
#@# QSphere rh Mon Mar  9 14:06:49 CET 2026
#@# Fix Topology rh Mon Mar  9 14:07:59 CET 2026
#@# Smooth2 rh Mon Mar  9 14:12:54 CET 2026
#@# Inflation2 rh Mon Mar  9 14:12:56 CET 2026
#@# Curv .H and .K rh Mon Mar  9 14:13:13 CET 2026
#@# Sphere rh Mon Mar  9 14:13:55 CET 2026
#@# Surf Reg rh Mon Mar  9 14:16:15 CET 2026
#@# Jacobian white rh Mon Mar  9 14:20:23 CET 2026
#@# AvgCurv rh Mon Mar  9 14:20:24 CET 2026
#@# Cortical Parc rh Mon Mar  9 14:20:24 CET 2026
#@# white curv rh Mon Mar  9 14:27:04 CET 2026
#@# white area rh Mon Mar  9 14:27:05 CET 2026
#@# pial curv rh Mon Mar  9 14:27:06 CET 2026
#@# pial area rh Mon Mar  9 14:27:07 CET 2026
#@# thickness rh Mon Mar  9 14:27:08 CET 2026
#@# area and vertex vol rh Mon Mar  9 14:27:30 CET 2026
#@# Curvature Stats rh Mon Mar  9 14:27:31 CET 2026
#@# Cortical Parc 2 rh Mon Mar  9 14:27:33 CET 2026
#@# Cortical Parc 3 rh Mon Mar  9 14:27:44 CET 2026
#@# WM/GM Contrast rh Mon Mar  9 14:27:52 CET 2026
recon-all -s sub-v1s22x0050450_ses-1 finished without error at Mon Mar  9 14:27:56 CET 2026



#New# invocation of recon-all 



status file for recon-all
Mon Mar  9 14:35:17 CET 2026
#@# white curv rh Mon Mar  9 14:35:17 CET 2026
#@# white area rh Mon Mar  9 14:35:17 CET 2026
#@# pial curv rh Mon Mar  9 14:35:17 CET 2026
#@# pial area rh Mon Mar  9 14:35:17 CET 2026
#@# thickness rh Mon Mar  9 14:35:17 CET 2026
#@# area and vertex vol rh Mon Mar  9 14:35:17 CET 2026
#@# Parcellation Stats rh Mon Mar  9 14:35:17 CET 2026
#@# Parcellation Stats 2 rh Mon Mar  9 14:35:35 CET 2026
#@# Parcellation Stats 3 rh Mon Mar  9 14:35:45 CET 2026
#@# BA_exvivo Labels rh Mon Mar  9 14:35:54 CET 2026
recon-all -s sub-v1s22x0050450_ses-1 finished without error at Mon Mar  9 14:38:05 CET 2026
