status file for recon-all
Mon Mar  9 14:45:54 CET 2026
#@# MotionCor Mon Mar  9 14:46:02 CET 2026
#@# Talairach Mon Mar  9 14:46:25 CET 2026
#@# Talairach Failure Detection Mon Mar  9 14:50:48 CET 2026
#@# Nu Intensity Correction Mon Mar  9 14:50:48 CET 2026
#@# Intensity Normalization Mon Mar  9 14:54:06 CET 2026
recon-all -s sub-v1s22x0050489_ses-1 finished without error at Mon Mar  9 14:55:42 CET 2026



#New# invocation of recon-all 



status file for recon-all
Mon Mar  9 15:07:54 CET 2026
#@# EM Registration Mon Mar  9 15:07:54 CET 2026
recon-all -s sub-v1s22x0050489_ses-1 finished without error at Mon Mar  9 15:09:37 CET 2026



#New# invocation of recon-all 



status file for recon-all
Mon Mar  9 15:09:40 CET 2026
#@# CA Normalize Mon Mar  9 15:09:40 CET 2026
#@# CA Reg Mon Mar  9 15:11:00 CET 2026
#@# SubCort Seg Mon Mar  9 15:58:18 CET 2026
#@# CC Seg Mon Mar  9 16:34:22 CET 2026
#@# Merge ASeg Mon Mar  9 16:35:00 CET 2026
#@# Intensity Normalization2 Mon Mar  9 16:35:00 CET 2026
#@# Mask BFS Mon Mar  9 16:37:16 CET 2026
#@# WM Segmentation Mon Mar  9 16:37:17 CET 2026
#@# Fill Mon Mar  9 16:39:26 CET 2026
recon-all -s sub-v1s22x0050489_ses-1 finished without error at Mon Mar  9 16:40:30 CET 2026



#New# invocation of recon-all 



status file for recon-all
Mon Mar  9 17:53:57 CET 2026
#@# white curv lh Mon Mar  9 17:53:57 CET 2026
#@# white area lh Mon Mar  9 17:53:57 CET 2026
#@# pial curv lh Mon Mar  9 17:53:57 CET 2026
#@# pial area lh Mon Mar  9 17:53:57 CET 2026
#@# thickness lh Mon Mar  9 17:53:57 CET 2026
#@# area and vertex vol lh Mon Mar  9 17:53:57 CET 2026
#@# white curv rh Mon Mar  9 17:53:57 CET 2026
#@# white area rh Mon Mar  9 17:53:57 CET 2026
#@# pial curv rh Mon Mar  9 17:53:57 CET 2026
#@# pial area rh Mon Mar  9 17:53:58 CET 2026
#@# thickness rh Mon Mar  9 17:53:58 CET 2026
#@# area and vertex vol rh Mon Mar  9 17:53:58 CET 2026
#@# Cortical ribbon mask Mon Mar  9 17:53:58 CET 2026
recon-all -s sub-v1s22x0050489_ses-1 finished without error at Mon Mar  9 18:00:49 CET 2026



#New# invocation of recon-all 



status file for recon-all
Mon Mar  9 18:08:48 CET 2026
#@# white curv lh Mon Mar  9 18:08:48 CET 2026
#@# white area lh Mon Mar  9 18:08:48 CET 2026
#@# pial curv lh Mon Mar  9 18:08:48 CET 2026
#@# pial area lh Mon Mar  9 18:08:48 CET 2026
#@# thickness lh Mon Mar  9 18:08:48 CET 2026
#@# area and vertex vol lh Mon Mar  9 18:08:48 CET 2026
#@# white curv rh Mon Mar  9 18:08:48 CET 2026
#@# white area rh Mon Mar  9 18:08:48 CET 2026
#@# pial curv rh Mon Mar  9 18:08:48 CET 2026
#@# pial area rh Mon Mar  9 18:08:48 CET 2026
#@# thickness rh Mon Mar  9 18:08:48 CET 2026
#@# area and vertex vol rh Mon Mar  9 18:08:48 CET 2026
#@# Curvature Stats lh Mon Mar  9 18:08:48 CET 2026
#@# Curvature Stats rh Mon Mar  9 18:08:51 CET 2026
#@# Relabel Hypointensities Mon Mar  9 18:08:55 CET 2026
#@# APas-to-ASeg Mon Mar  9 18:09:12 CET 2026
#@# AParc-to-ASeg aparc Mon Mar  9 18:09:20 CET 2026
#@# AParc-to-ASeg aparc.a2009s Mon Mar  9 18:10:02 CET 2026
#@# AParc-to-ASeg aparc.DKTatlas Mon Mar  9 18:10:51 CET 2026
#@# WMParc Mon Mar  9 18:11:45 CET 2026
#@# ASeg Stats Mon Mar  9 18:16:18 CET 2026
recon-all -s sub-v1s22x0050489_ses-1 finished without error at Mon Mar  9 18:16:58 CET 2026
