status file for recon-all
Mon Mar  9 16:22:46 CET 2026
#@# Tessellate rh Mon Mar  9 16:22:46 CET 2026
#@# Smooth1 rh Mon Mar  9 16:22:49 CET 2026
#@# Inflation1 rh Mon Mar  9 16:22:52 CET 2026
#@# QSphere rh Mon Mar  9 16:23:04 CET 2026
#@# Fix Topology rh Mon Mar  9 16:24:30 CET 2026
#@# Smooth2 rh Mon Mar  9 16:29:52 CET 2026
#@# Inflation2 rh Mon Mar  9 16:29:55 CET 2026
#@# Curv .H and .K rh Mon Mar  9 16:30:11 CET 2026
#@# Sphere rh Mon Mar  9 16:30:56 CET 2026
#@# Surf Reg rh Mon Mar  9 16:34:30 CET 2026
#@# Jacobian white rh Mon Mar  9 16:38:13 CET 2026
#@# AvgCurv rh Mon Mar  9 16:38:14 CET 2026
#@# Cortical Parc rh Mon Mar  9 16:38:15 CET 2026
#@# white curv rh Mon Mar  9 16:44:47 CET 2026
#@# white area rh Mon Mar  9 16:44:49 CET 2026
#@# pial curv rh Mon Mar  9 16:44:50 CET 2026
#@# pial area rh Mon Mar  9 16:44:52 CET 2026
#@# thickness rh Mon Mar  9 16:44:53 CET 2026
#@# area and vertex vol rh Mon Mar  9 16:45:20 CET 2026
#@# Curvature Stats rh Mon Mar  9 16:45:22 CET 2026
#@# Cortical Parc 2 rh Mon Mar  9 16:45:25 CET 2026
#@# Cortical Parc 3 rh Mon Mar  9 16:45:37 CET 2026
#@# WM/GM Contrast rh Mon Mar  9 16:45:47 CET 2026
recon-all -s sub-v1s22x0050477_ses-1 finished without error at Mon Mar  9 16:45:52 CET 2026



#New# invocation of recon-all 



status file for recon-all
Mon Mar  9 16:54:36 CET 2026
#@# white curv rh Mon Mar  9 16:54:36 CET 2026
#@# white area rh Mon Mar  9 16:54:36 CET 2026
#@# pial curv rh Mon Mar  9 16:54:36 CET 2026
#@# pial area rh Mon Mar  9 16:54:36 CET 2026
#@# thickness rh Mon Mar  9 16:54:36 CET 2026
#@# area and vertex vol rh Mon Mar  9 16:54:36 CET 2026
#@# Parcellation Stats rh Mon Mar  9 16:54:36 CET 2026
#@# Parcellation Stats 2 rh Mon Mar  9 16:54:53 CET 2026
#@# Parcellation Stats 3 rh Mon Mar  9 16:55:02 CET 2026
#@# BA_exvivo Labels rh Mon Mar  9 16:55:11 CET 2026
recon-all -s sub-v1s22x0050477_ses-1 finished without error at Mon Mar  9 16:57:41 CET 2026
