status file for recon-all
Mon Mar  9 15:51:53 CET 2026
#@# Tessellate lh Mon Mar  9 15:51:53 CET 2026
#@# Smooth1 lh Mon Mar  9 15:51:57 CET 2026
#@# Inflation1 lh Mon Mar  9 15:52:00 CET 2026
#@# QSphere lh Mon Mar  9 15:52:12 CET 2026
#@# Fix Topology lh Mon Mar  9 15:53:40 CET 2026
#@# Smooth2 lh Mon Mar  9 16:02:21 CET 2026
#@# Inflation2 lh Mon Mar  9 16:02:24 CET 2026
#@# Curv .H and .K lh Mon Mar  9 16:02:39 CET 2026
#@# Sphere lh Mon Mar  9 16:03:24 CET 2026
#@# Surf Reg lh Mon Mar  9 16:08:19 CET 2026
#@# Jacobian white lh Mon Mar  9 16:14:16 CET 2026
#@# AvgCurv lh Mon Mar  9 16:14:17 CET 2026
#@# Cortical Parc lh Mon Mar  9 16:14:18 CET 2026
#@# white curv lh Mon Mar  9 16:21:41 CET 2026
#@# white area lh Mon Mar  9 16:21:43 CET 2026
#@# pial curv lh Mon Mar  9 16:21:43 CET 2026
#@# pial area lh Mon Mar  9 16:21:45 CET 2026
#@# thickness lh Mon Mar  9 16:21:46 CET 2026
#@# area and vertex vol lh Mon Mar  9 16:22:13 CET 2026
#@# Curvature Stats lh Mon Mar  9 16:22:15 CET 2026
#@# Cortical Parc 2 lh Mon Mar  9 16:22:17 CET 2026
#@# Cortical Parc 3 lh Mon Mar  9 16:22:29 CET 2026
#@# WM/GM Contrast lh Mon Mar  9 16:22:38 CET 2026
recon-all -s sub-v1s22x0050477_ses-1 finished without error at Mon Mar  9 16:22:43 CET 2026



#New# invocation of recon-all 



status file for recon-all
Mon Mar  9 16:51:25 CET 2026
#@# white curv lh Mon Mar  9 16:51:25 CET 2026
#@# white area lh Mon Mar  9 16:51:25 CET 2026
#@# pial curv lh Mon Mar  9 16:51:25 CET 2026
#@# pial area lh Mon Mar  9 16:51:25 CET 2026
#@# thickness lh Mon Mar  9 16:51:25 CET 2026
#@# area and vertex vol lh Mon Mar  9 16:51:25 CET 2026
#@# Parcellation Stats lh Mon Mar  9 16:51:25 CET 2026
#@# Parcellation Stats 2 lh Mon Mar  9 16:51:43 CET 2026
#@# Parcellation Stats 3 lh Mon Mar  9 16:51:52 CET 2026
#@# BA_exvivo Labels lh Mon Mar  9 16:52:00 CET 2026
recon-all -s sub-v1s22x0050477_ses-1 finished without error at Mon Mar  9 16:54:34 CET 2026
