status file for recon-all
Mon Mar  9 16:46:14 CET 2026
#@# Tessellate rh Mon Mar  9 16:46:14 CET 2026
#@# Smooth1 rh Mon Mar  9 16:46:17 CET 2026
#@# Inflation1 rh Mon Mar  9 16:46:19 CET 2026
#@# QSphere rh Mon Mar  9 16:46:34 CET 2026
#@# Fix Topology rh Mon Mar  9 16:49:19 CET 2026
#@# Smooth2 rh Mon Mar  9 17:01:03 CET 2026
#@# Inflation2 rh Mon Mar  9 17:01:05 CET 2026
#@# Curv .H and .K rh Mon Mar  9 17:01:19 CET 2026
#@# Sphere rh Mon Mar  9 17:02:00 CET 2026
#@# Surf Reg rh Mon Mar  9 17:12:29 CET 2026
#@# Jacobian white rh Mon Mar  9 17:31:50 CET 2026
#@# AvgCurv rh Mon Mar  9 17:31:50 CET 2026
#@# Cortical Parc rh Mon Mar  9 17:31:51 CET 2026
#@# white curv rh Mon Mar  9 17:37:38 CET 2026
#@# white area rh Mon Mar  9 17:37:40 CET 2026
#@# pial curv rh Mon Mar  9 17:37:40 CET 2026
#@# pial area rh Mon Mar  9 17:37:42 CET 2026
#@# thickness rh Mon Mar  9 17:37:43 CET 2026
#@# area and vertex vol rh Mon Mar  9 17:38:03 CET 2026
#@# Curvature Stats rh Mon Mar  9 17:38:05 CET 2026
#@# Cortical Parc 2 rh Mon Mar  9 17:38:07 CET 2026
#@# Cortical Parc 3 rh Mon Mar  9 17:38:18 CET 2026
#@# WM/GM Contrast rh Mon Mar  9 17:38:27 CET 2026
recon-all -s sub-v1s22x0050458_ses-1 finished without error at Mon Mar  9 17:38:31 CET 2026



#New# invocation of recon-all 



status file for recon-all
Mon Mar  9 17:45:25 CET 2026
#@# white curv rh Mon Mar  9 17:45:25 CET 2026
#@# white area rh Mon Mar  9 17:45:25 CET 2026
#@# pial curv rh Mon Mar  9 17:45:25 CET 2026
#@# pial area rh Mon Mar  9 17:45:25 CET 2026
#@# thickness rh Mon Mar  9 17:45:25 CET 2026
#@# area and vertex vol rh Mon Mar  9 17:45:25 CET 2026
#@# Parcellation Stats rh Mon Mar  9 17:45:25 CET 2026
#@# Parcellation Stats 2 rh Mon Mar  9 17:45:42 CET 2026
#@# Parcellation Stats 3 rh Mon Mar  9 17:45:51 CET 2026
#@# BA_exvivo Labels rh Mon Mar  9 17:45:59 CET 2026
recon-all -s sub-v1s22x0050458_ses-1 finished without error at Mon Mar  9 17:48:14 CET 2026
