status file for recon-all
Mon Mar  9 16:05:02 CET 2026
#@# Tessellate lh Mon Mar  9 16:05:02 CET 2026
#@# Smooth1 lh Mon Mar  9 16:05:05 CET 2026
#@# Inflation1 lh Mon Mar  9 16:05:07 CET 2026
#@# QSphere lh Mon Mar  9 16:05:24 CET 2026
#@# Fix Topology lh Mon Mar  9 16:07:40 CET 2026
#@# Smooth2 lh Mon Mar  9 16:24:17 CET 2026
#@# Inflation2 lh Mon Mar  9 16:24:19 CET 2026
#@# Curv .H and .K lh Mon Mar  9 16:24:36 CET 2026
#@# Sphere lh Mon Mar  9 16:25:16 CET 2026
#@# Surf Reg lh Mon Mar  9 16:34:04 CET 2026
#@# Jacobian white lh Mon Mar  9 16:39:37 CET 2026
#@# AvgCurv lh Mon Mar  9 16:39:38 CET 2026
#@# Cortical Parc lh Mon Mar  9 16:39:38 CET 2026
#@# white curv lh Mon Mar  9 16:45:19 CET 2026
#@# white area lh Mon Mar  9 16:45:21 CET 2026
#@# pial curv lh Mon Mar  9 16:45:21 CET 2026
#@# pial area lh Mon Mar  9 16:45:23 CET 2026
#@# thickness lh Mon Mar  9 16:45:24 CET 2026
#@# area and vertex vol lh Mon Mar  9 16:45:45 CET 2026
#@# Curvature Stats lh Mon Mar  9 16:45:46 CET 2026
#@# Cortical Parc 2 lh Mon Mar  9 16:45:48 CET 2026
#@# Cortical Parc 3 lh Mon Mar  9 16:46:00 CET 2026
#@# WM/GM Contrast lh Mon Mar  9 16:46:08 CET 2026
recon-all -s sub-v1s22x0050458_ses-1 finished without error at Mon Mar  9 16:46:12 CET 2026



#New# invocation of recon-all 



status file for recon-all
Mon Mar  9 17:42:33 CET 2026
#@# white curv lh Mon Mar  9 17:42:33 CET 2026
#@# white area lh Mon Mar  9 17:42:33 CET 2026
#@# pial curv lh Mon Mar  9 17:42:33 CET 2026
#@# pial area lh Mon Mar  9 17:42:33 CET 2026
#@# thickness lh Mon Mar  9 17:42:34 CET 2026
#@# area and vertex vol lh Mon Mar  9 17:42:34 CET 2026
#@# Parcellation Stats lh Mon Mar  9 17:42:34 CET 2026
#@# Parcellation Stats 2 lh Mon Mar  9 17:42:51 CET 2026
#@# Parcellation Stats 3 lh Mon Mar  9 17:42:59 CET 2026
#@# BA_exvivo Labels lh Mon Mar  9 17:43:08 CET 2026
recon-all -s sub-v1s22x0050458_ses-1 finished without error at Mon Mar  9 17:45:21 CET 2026
