status file for recon-all
Thu Mar 12 17:17:35 CET 2026
#@# Tessellate lh Thu Mar 12 17:17:35 CET 2026
#@# Smooth1 lh Thu Mar 12 17:17:37 CET 2026
#@# Inflation1 lh Thu Mar 12 17:17:39 CET 2026
#@# QSphere lh Thu Mar 12 17:17:47 CET 2026
#@# Fix Topology lh Thu Mar 12 17:18:35 CET 2026
#@# Smooth2 lh Thu Mar 12 17:22:39 CET 2026
#@# Inflation2 lh Thu Mar 12 17:22:41 CET 2026
#@# Curv .H and .K lh Thu Mar 12 17:22:49 CET 2026
#@# Sphere lh Thu Mar 12 17:23:27 CET 2026
#@# Surf Reg lh Thu Mar 12 17:24:51 CET 2026
#@# Jacobian white lh Thu Mar 12 17:27:17 CET 2026
#@# AvgCurv lh Thu Mar 12 17:27:18 CET 2026
#@# Cortical Parc lh Thu Mar 12 17:27:18 CET 2026
#@# white curv lh Thu Mar 12 17:32:45 CET 2026
#@# white area lh Thu Mar 12 17:32:46 CET 2026
#@# pial curv lh Thu Mar 12 17:32:46 CET 2026
#@# pial area lh Thu Mar 12 17:32:47 CET 2026
#@# thickness lh Thu Mar 12 17:32:48 CET 2026
#@# area and vertex vol lh Thu Mar 12 17:33:07 CET 2026
#@# Curvature Stats lh Thu Mar 12 17:33:08 CET 2026
#@# Cortical Parc 2 lh Thu Mar 12 17:33:10 CET 2026
#@# Cortical Parc 3 lh Thu Mar 12 17:33:20 CET 2026
#@# WM/GM Contrast lh Thu Mar 12 17:33:27 CET 2026
recon-all -s sub-v1s22x0050453_ses-1 finished without error at Thu Mar 12 17:33:31 CET 2026



#New# invocation of recon-all 



status file for recon-all
Thu Mar 12 17:57:38 CET 2026
#@# white curv lh Thu Mar 12 17:57:38 CET 2026
#@# white area lh Thu Mar 12 17:57:38 CET 2026
#@# pial curv lh Thu Mar 12 17:57:38 CET 2026
#@# pial area lh Thu Mar 12 17:57:38 CET 2026
#@# thickness lh Thu Mar 12 17:57:38 CET 2026
#@# area and vertex vol lh Thu Mar 12 17:57:38 CET 2026
#@# Parcellation Stats lh Thu Mar 12 17:57:38 CET 2026
#@# Parcellation Stats 2 lh Thu Mar 12 17:57:52 CET 2026
#@# Parcellation Stats 3 lh Thu Mar 12 17:57:59 CET 2026
#@# BA_exvivo Labels lh Thu Mar 12 17:58:07 CET 2026
recon-all -s sub-v1s22x0050453_ses-1 finished without error at Thu Mar 12 17:59:54 CET 2026
