status file for recon-all
Mon Mar  9 16:56:52 CET 2026
#@# Tessellate lh Mon Mar  9 16:56:52 CET 2026
#@# Smooth1 lh Mon Mar  9 16:56:55 CET 2026
#@# Inflation1 lh Mon Mar  9 16:56:57 CET 2026
#@# QSphere lh Mon Mar  9 16:57:10 CET 2026
#@# Fix Topology lh Mon Mar  9 16:58:28 CET 2026
#@# Smooth2 lh Mon Mar  9 17:04:58 CET 2026
#@# Inflation2 lh Mon Mar  9 17:05:00 CET 2026
#@# Curv .H and .K lh Mon Mar  9 17:05:14 CET 2026
#@# Sphere lh Mon Mar  9 17:05:57 CET 2026
#@# Surf Reg lh Mon Mar  9 17:08:06 CET 2026
#@# Jacobian white lh Mon Mar  9 17:11:44 CET 2026
#@# AvgCurv lh Mon Mar  9 17:11:45 CET 2026
#@# Cortical Parc lh Mon Mar  9 17:11:45 CET 2026
#@# white curv lh Mon Mar  9 17:18:04 CET 2026
#@# white area lh Mon Mar  9 17:18:05 CET 2026
#@# pial curv lh Mon Mar  9 17:18:06 CET 2026
#@# pial area lh Mon Mar  9 17:18:07 CET 2026
#@# thickness lh Mon Mar  9 17:18:08 CET 2026
#@# area and vertex vol lh Mon Mar  9 17:18:31 CET 2026
#@# Curvature Stats lh Mon Mar  9 17:18:32 CET 2026
#@# Cortical Parc 2 lh Mon Mar  9 17:18:34 CET 2026
#@# Cortical Parc 3 lh Mon Mar  9 17:18:46 CET 2026
#@# WM/GM Contrast lh Mon Mar  9 17:18:54 CET 2026
recon-all -s sub-v1s22x0050494_ses-1 finished without error at Mon Mar  9 17:18:58 CET 2026



#New# invocation of recon-all 



status file for recon-all
Mon Mar  9 17:45:27 CET 2026
#@# white curv lh Mon Mar  9 17:45:27 CET 2026
#@# white area lh Mon Mar  9 17:45:27 CET 2026
#@# pial curv lh Mon Mar  9 17:45:27 CET 2026
#@# pial area lh Mon Mar  9 17:45:27 CET 2026
#@# thickness lh Mon Mar  9 17:45:27 CET 2026
#@# area and vertex vol lh Mon Mar  9 17:45:27 CET 2026
#@# Parcellation Stats lh Mon Mar  9 17:45:27 CET 2026
#@# Parcellation Stats 2 lh Mon Mar  9 17:45:44 CET 2026
#@# Parcellation Stats 3 lh Mon Mar  9 17:45:53 CET 2026
#@# BA_exvivo Labels lh Mon Mar  9 17:46:01 CET 2026
recon-all -s sub-v1s22x0050494_ses-1 finished without error at Mon Mar  9 17:48:08 CET 2026
