/out/sourcedata/freesurfer/sub-v1s22x0050486_ses-1/mri
/opt/freesurfer/bin/talairach_avi
--i orig_nu.mgz --xfm transforms/talairach.auto.xfm
talairach_avi 7.3.2
Linux dna062 5.14.0-427.37.1.el9_4.x86_64 #1 SMP PREEMPT_DYNAMIC Fri Sep 13 12:41:50 EDT 2024 x86_64 x86_64 x86_64 GNU/Linux
Mon Mar  9 14:38:53 CET 2026
mri_convert orig_nu.mgz talsrcimg.img 
reading from orig_nu.mgz...
TR=0.00, TE=0.00, TI=0.00, flip angle=0.00
i_ras = (-1, 0, 0)
j_ras = (0, 0, -1)
k_ras = (0, 1, 0)
writing to talsrcimg.img...
Analyze Output Matrix
-1.00000   0.00000   0.00000   128.82437;
 0.00000   0.00000   1.00000  -86.04248;
 0.00000  -1.00000   0.00000   141.85205;
 0.00000   0.00000   0.00000   1.00000;
--------------------
INFO: set hdr.hist.orient to -1
mpr2mni305 talsrcimg
Mon Mar  9 14:38:54 CET 2026
/opt/freesurfer/bin/mpr2mni305 talsrcimg
mpr2mni305 7.3.2
target=711-2C_as_mni_average_305

---------------------------------------------------------------------
analyzeto4dfp talsrcimg -O0 -y
---------------------------------------------------------------------

freesurfer ifh2hdr.c
Mon Mar  9 14:38:54 2026
Writing: talsrcimg.4dfp.hdr
freesurfer analyzeto4dfp.c
Reading: talsrcimg.hdr
header size 348 bytes
hdr.dime.datatype	offset=70	value=2
hdr.dime.bitpix		offset=72	value=8
hdr.hist.orient		offset=252	value=-1
dimensionality     4
dimensions       256       256       256         1
Reading: talsrcimg.img
Writing: talsrcimg.4dfp.img
Writing: talsrcimg.4dfp.ifh
ifh2hdr talsrcimg -r0to186
ori=2

---------------------------------------------------------------------
gauss_4dfp talsrcimg 1.1
---------------------------------------------------------------------

freesurfer gauss_4dfp.c
Reading: talsrcimg.4dfp.img
Writing: talsrcimg_g11.4dfp.img
image dimensions 256 256 256 padded to 288 288 288
processing volume 1freesurfer ifh2hdr.c
Mon Mar  9 14:38:56 2026
Writing: talsrcimg_g11.4dfp.hdr

Writing: talsrcimg_g11.4dfp.ifh
including: talsrcimg.4dfp.img.rec in talsrcimg_g11.4dfp.img.rec

---------------------------------------------------------------------
imgreg_4dfp /opt/freesurfer/average/711-2C_as_mni_average_305 none talsrcimg_g11 none talsrcimg_to_711-2C_as_mni_average_305_t4 4355
---------------------------------------------------------------------

freesurfer imgreg_4dfp.c
/opt/freesurfer/average/711-2C_as_mni_average_305.4dfp.img
       256       256       256         1
  1.000000  1.000000  1.000000
orientation T byte_order littleendian
Reading image: /opt/freesurfer/average/711-2C_as_mni_average_305.4dfp.img
dimensions:      256       256       256
mmppix:       1.0000   -1.0000   -1.0000
center:     128.0000 -129.0000 -129.0000
talsrcimg_g11.4dfp.img
       256       256       256         1
  1.000000  1.000000  1.000000
orientation T byte_order littleendian
Reading image: talsrcimg_g11.4dfp.img
dimensions:      256       256       256
mmppix:       1.0000   -1.0000   -1.0000
center:     128.0000 -129.0000 -129.0000
t4_read: open error in t4_sub.f l:  41 t4_file(1:l)talsrcimg_to_711-2C_as_mni_average_305_t4 
t4_read: transform initialized to I4
rotation matrix determinant  1.000000
image alignment mode   4355 decimal     1103 hex
   -7.5000  -45.0000  -45.0000 6383.3330   21.7673
    0.0000  -45.0000  -45.0000 6597.7466   21.7642
    7.5000  -45.0000  -45.0000 6264.9380   21.7465
   -7.5000  -37.5000  -45.0000 6933.1152   21.1631
    0.0000  -37.5000  -45.0000 7153.3071   21.1664
    7.5000  -37.5000  -45.0000 6806.8501   21.1588
   -7.5000  -30.0000  -45.0000 7828.2070   20.7198
    0.0000  -30.0000  -45.0000 8063.5093   20.7230
    7.5000  -30.0000  -45.0000 7663.2065   20.7267
   -7.5000  -22.5000  -45.0000 8826.7471   20.5116
    0.0000  -22.5000  -45.0000 9073.0332   20.5104
    7.5000  -22.5000  -45.0000 8603.6807   20.5146
   -7.5000  -15.0000  -45.0000 9822.8584   20.3817
    0.0000  -15.0000  -45.000010101.5000   20.3770
    7.5000  -15.0000  -45.0000 9584.1396   20.3724
   -7.5000   -7.5000  -45.000010818.0381   20.3642
    0.0000   -7.5000  -45.000011130.0801   20.3602
    7.5000   -7.5000  -45.000010531.3203   20.3466
   -7.5000    0.0000  -45.000011663.5264   20.3701
    0.0000    0.0000  -45.000012005.3057   20.3695
    7.5000    0.0000  -45.000011332.5146   20.3537
   -7.5000    7.5000  -45.000011615.7070   20.3905
    0.0000    7.5000  -45.000011940.0430   20.3938
    7.5000    7.5000  -45.000011248.7363   20.3869
   -7.5000   15.0000  -45.000011467.9150   20.4050
    0.0000   15.0000  -45.000011761.5771   20.4088
    7.5000   15.0000  -45.000011063.5645   20.4126
   -7.5000   22.5000  -45.000011235.1113   20.3936
    0.0000   22.5000  -45.000011532.3652   20.3929
    7.5000   22.5000  -45.000010858.3867   20.3967
   -7.5000   30.0000  -45.000010992.4287   20.1045
    0.0000   30.0000  -45.000011276.0293   20.0998
    7.5000   30.0000  -45.000010602.8125   20.0952
   -7.5000   37.5000  -45.000010918.0586   20.0928
    0.0000   37.5000  -45.000011176.1338   20.0888
    7.5000   37.5000  -45.000010494.5703   20.0755
   -7.5000   45.0000  -45.000010374.3115   19.5883
    0.0000   45.0000  -45.000010608.7676   19.5877
    7.5000   45.0000  -45.0000 9989.5645   19.5726
   -7.5000  -45.0000  -37.5000 6726.1685   21.5391
    0.0000  -45.0000  -37.5000 6928.4292   21.5455
    7.5000  -45.0000  -37.5000 6599.7915   21.5445
   -7.5000  -37.5000  -37.5000 7322.0010   20.9342
    0.0000  -37.5000  -37.5000 7527.8818   20.9454
    7.5000  -37.5000  -37.5000 7174.0190   20.9499
   -7.5000  -30.0000  -37.5000 8293.0176   20.4983
    0.0000  -30.0000  -37.5000 8512.8604   20.5045
    7.5000  -30.0000  -37.5000 8100.3809   20.5106
   -7.5000  -22.5000  -37.5000 9354.0107   20.2994
    0.0000  -22.5000  -37.5000 9607.4131   20.2974
    7.5000  -22.5000  -37.5000 9103.9580   20.2992
   -7.5000  -15.0000  -37.500010425.2051   20.1765
    0.0000  -15.0000  -37.500010718.3438   20.1710
    7.5000  -15.0000  -37.500010136.9150   20.1680
   -7.5000   -7.5000  -37.500011478.8799   20.1559
    0.0000   -7.5000  -37.500011803.3652   20.1553
    7.5000   -7.5000  -37.500011129.0518   20.1513
   -7.5000    0.0000  -37.500012361.3369   20.1495
    0.0000    0.0000  -37.500012704.7529   20.1568
    7.5000    0.0000  -37.500011982.4971   20.1560
   -7.5000    7.5000  -37.500012329.1650   20.1609
    0.0000    7.5000  -37.500012645.2148   20.1715
    7.5000    7.5000  -37.500011875.4590   20.1762
   -7.5000   15.0000  -37.500012162.1143   20.1805
    0.0000   15.0000  -37.500012444.0049   20.1872
    7.5000   15.0000  -37.500011673.6982   20.1933
   -7.5000   22.5000  -37.500011906.9775   20.1814
    0.0000   22.5000  -37.500012179.1445   20.1797
    7.5000   22.5000  -37.500011426.1250   20.1814
   -7.5000   30.0000  -37.500011594.9512   19.9021
    0.0000   30.0000  -37.500011876.7012   19.8966
    7.5000   30.0000  -37.500011122.9189   19.8936
   -7.5000   37.5000  -37.500011487.9482   19.8873
    0.0000   37.5000  -37.500011734.3604   19.8867
    7.5000   37.5000  -37.500010994.9512   19.8827
   -7.5000   45.0000  -37.500010925.9971   19.3762
    0.0000   45.0000  -37.500011159.5889   19.3831
    7.5000   45.0000  -37.500010475.5312   19.3824
   -7.5000  -45.0000  -30.0000 7203.7729   22.3882
    0.0000  -45.0000  -30.0000 7421.1064   22.4126
    7.5000  -45.0000  -30.0000 7065.1777   22.4257
   -7.5000  -37.5000  -30.0000 7869.5879   21.7544
    0.0000  -37.5000  -30.0000 8084.5229   21.7829
    7.5000  -37.5000  -30.0000 7688.9995   21.7996
   -7.5000  -30.0000  -30.0000 8927.1680   21.2978
    0.0000  -30.0000  -30.0000 9160.7021   21.3150
    7.5000  -30.0000  -30.0000 8678.4893   21.3222
   -7.5000  -22.5000  -30.000010064.9336   21.0992
    0.0000  -22.5000  -30.000010342.9629   21.1023
    7.5000  -22.5000  -30.0000 9772.1064   21.0948
   -7.5000  -15.0000  -30.000011201.4814   20.9830
    0.0000  -15.0000  -30.000011515.0811   20.9810
    7.5000  -15.0000  -30.000010859.4268   20.9681
   -7.5000   -7.5000  -30.000012322.9082   20.9669
    0.0000   -7.5000  -30.000012671.2061   20.9746
    7.5000   -7.5000  -30.000011929.0410   20.9715
   -7.5000    0.0000  -30.000013277.0166   20.9536
    0.0000    0.0000  -30.000013648.1582   20.9763
    7.5000    0.0000  -30.000012843.7998   20.9877
   -7.5000    7.5000  -30.000013248.3779   20.9531
    0.0000    7.5000  -30.000013586.2314   20.9797
    7.5000    7.5000  -30.000012744.5400   20.9960
   -7.5000   15.0000  -30.000013080.5850   20.9687
    0.0000   15.0000  -30.000013391.3740   20.9861
    7.5000   15.0000  -30.000012540.4160   20.9931
   -7.5000   22.5000  -30.000012806.0039   20.9746
    0.0000   22.5000  -30.000013101.5635   20.9781
    7.5000   22.5000  -30.000012254.0186   20.9706
   -7.5000   30.0000  -30.000012458.6660   20.6996
    0.0000   30.0000  -30.000012745.7969   20.6976
    7.5000   30.0000  -30.000011921.7031   20.6849
   -7.5000   37.5000  -30.000012276.9766   20.6894
    0.0000   37.5000  -30.000012540.8984   20.6971
    7.5000   37.5000  -30.000011753.0713   20.6940
   -7.5000   45.0000  -30.000011644.4150   20.1642
    0.0000   45.0000  -30.000011905.7568   20.1860
    7.5000   45.0000  -30.000011187.0264   20.1970
   -7.5000  -45.0000  -22.5000 7704.0718   23.1545
    0.0000  -45.0000  -22.5000 7938.5479   23.1876
    7.5000  -45.0000  -22.5000 7555.9961   23.1950
   -7.5000  -37.5000  -22.5000 8429.5752   22.4975
    0.0000  -37.5000  -22.5000 8672.8848   22.5352
    7.5000  -37.5000  -22.5000 8247.1084   22.5489
   -7.5000  -30.0000  -22.5000 9555.2510   22.0139
    0.0000  -30.0000  -22.5000 9829.7285   22.0394
    7.5000  -30.0000  -22.5000 9310.1172   22.0423
   -7.5000  -22.5000  -22.500010754.1396   21.8034
    0.0000  -22.5000  -22.500011073.5273   21.8136
    7.5000  -22.5000  -22.500010453.5996   21.7965
   -7.5000  -15.0000  -22.500011955.4453   21.6890
    0.0000  -15.0000  -22.500012317.6035   21.6924
    7.5000  -15.0000  -22.500011612.7480   21.6655
   -7.5000   -7.5000  -22.500013169.8506   21.6822
    0.0000   -7.5000  -22.500013579.1260   21.6958
    7.5000   -7.5000  -22.500012777.9355   21.6814
   -7.5000    0.0000  -22.500014220.6182   21.6747
    0.0000    0.0000  -22.500014666.5625   21.7053
    7.5000    0.0000  -22.500013768.1660   21.7109
   -7.5000    7.5000  -22.500014196.2578   21.6700
    0.0000    7.5000  -22.500014578.6240   21.7052
    7.5000    7.5000  -22.500013641.8516   21.7183
   -7.5000   15.0000  -22.500013991.5430   21.6742
    0.0000   15.0000  -22.500014336.8945   21.6997
    7.5000   15.0000  -22.500013403.6025   21.7027
   -7.5000   22.5000  -22.500013711.9346   21.6732
    0.0000   22.5000  -22.500014039.4287   21.6837
    7.5000   22.5000  -22.500013094.7363   21.6666
   -7.5000   30.0000  -22.500013359.0449   21.3994
    0.0000   30.0000  -22.500013664.8818   21.4027
    7.5000   30.0000  -22.500012773.3252   21.3761
   -7.5000   37.5000  -22.500013115.5205   21.3986
    0.0000   37.5000  -22.500013420.2451   21.4120
    7.5000   37.5000  -22.500012558.1055   21.3978
   -7.5000   45.0000  -22.500012423.3828   20.8738
    0.0000   45.0000  -22.500012724.4561   20.9033
    7.5000   45.0000  -22.500011931.5000   20.9087
   -7.5000  -45.0000  -15.0000 8177.5518   23.7547
    0.0000  -45.0000  -15.0000 8429.8545   23.7800
    7.5000  -45.0000  -15.0000 8031.3809   23.7714
   -7.5000  -37.5000  -15.0000 8955.3047   23.0845
    0.0000  -37.5000  -15.0000 9243.0654   23.1153
    7.5000  -37.5000  -15.0000 8795.3750   23.1173
   -7.5000  -30.0000  -15.000010146.6875   22.5816
    0.0000  -30.0000  -15.000010473.0898   22.6045
    7.5000  -30.0000  -15.0000 9917.0664   22.6041
   -7.5000  -22.5000  -15.000011404.5986   22.3530
    0.0000  -22.5000  -15.000011774.0225   22.3645
    7.5000  -22.5000  -15.000011111.9990   22.3476
   -7.5000  -15.0000  -15.000012674.6787   22.2289
    0.0000  -15.0000  -15.000013090.2588   22.2338
    7.5000  -15.0000  -15.000012342.3926   22.2037
   -7.5000   -7.5000  -15.000013998.6650   22.2260
    0.0000   -7.5000  -15.000014462.6270   22.2374
    7.5000   -7.5000  -15.000013619.6240   22.2132
   -7.5000    0.0000  -15.000015207.6885   22.2307
    0.0000    0.0000  -15.000015693.1748   22.2551
    7.5000    0.0000  -15.000014681.3682   22.2463
   -7.5000    7.5000  -15.000015185.3066   22.2342
    0.0000    7.5000  -15.000015626.4238   22.2631
    7.5000    7.5000  -15.000014589.3057   22.2650
   -7.5000   15.0000  -15.000014920.9336   22.2324
    0.0000   15.0000  -15.000015329.7051   22.2556
    7.5000   15.0000  -15.000014333.3145   22.2554
   -7.5000   22.5000  -15.000014621.1191   22.2181
    0.0000   22.5000  -15.000015006.2412   22.2299
    7.5000   22.5000  -15.000013994.7480   22.2131
   -7.5000   30.0000  -15.000014284.8818   21.9351
    0.0000   30.0000  -15.000014642.3145   21.9400
    7.5000   30.0000  -15.000013647.7393   21.9102
   -7.5000   37.5000  -15.000014012.5938   21.9384
    0.0000   37.5000  -15.000014360.0146   21.9496
    7.5000   37.5000  -15.000013406.4590   21.9257
   -7.5000   45.0000  -15.000013235.6074   21.4222
    0.0000   45.0000  -15.000013562.3848   21.4457
    7.5000   45.0000  -15.000012673.5898   21.4373
   -7.5000  -45.0000   -7.5000 8636.0732   24.0786
    0.0000  -45.0000   -7.5000 8918.2969   24.0851
    7.5000  -45.0000   -7.5000 8496.6299   24.0645
   -7.5000  -37.5000   -7.5000 9523.4814   23.4067
    0.0000  -37.5000   -7.5000 9830.7549   23.4201
    7.5000  -37.5000   -7.5000 9331.9805   23.4124
   -7.5000  -30.0000   -7.500010794.5225   22.9029
    0.0000  -30.0000   -7.500011149.4287   22.9144
    7.5000  -30.0000   -7.500010538.2871   22.9158
   -7.5000  -22.5000   -7.500012123.1602   22.6624
    0.0000  -22.5000   -7.500012534.0332   22.6679
    7.5000  -22.5000   -7.500011795.3594   22.6630
   -7.5000  -15.0000   -7.500013438.0332   22.5220
    0.0000  -15.0000   -7.500013891.5381   22.5223
    7.5000  -15.0000   -7.500013051.1982   22.5045
   -7.5000   -7.5000   -7.500014847.2676   22.5116
    0.0000   -7.5000   -7.500015334.1133   22.5136
    7.5000   -7.5000   -7.500014391.4121   22.4906
   -7.5000    0.0000   -7.500016280.2363   22.5234
    0.0000    0.0000   -7.500016780.7051   22.5317
    7.5000    0.0000   -7.500015618.6680   22.5130
   -7.5000    7.5000   -7.500016352.9277   22.5418
    0.0000    7.5000   -7.500016838.8164   22.5547
    7.5000    7.5000   -7.500015617.6465   22.5476
   -7.5000   15.0000   -7.500016022.5771   22.5475
    0.0000   15.0000   -7.500016481.5840   22.5596
    7.5000   15.0000   -7.500015333.6240   22.5613
   -7.5000   22.5000   -7.500015655.1348   22.5229
    0.0000   22.5000   -7.500016071.4648   22.5288
    7.5000   22.5000   -7.500014967.7734   22.5239
   -7.5000   30.0000   -7.500015250.5947   22.2238
    0.0000   30.0000   -7.500015641.8369   22.2241
    7.5000   30.0000   -7.500014545.3320   22.2064
   -7.5000   37.5000   -7.500014975.3975   22.2196
    0.0000   37.5000   -7.500015361.2129   22.2216
    7.5000   37.5000   -7.500014276.1582   22.1990
   -7.5000   45.0000   -7.500014167.0400   21.7083
    0.0000   45.0000   -7.500014502.2148   21.7163
    7.5000   45.0000   -7.500013447.8164   21.6983
   -7.5000  -45.0000    0.0000 9045.5420   24.1354
    0.0000  -45.0000    0.0000 9335.6465   24.1319
    7.5000  -45.0000    0.0000 8828.4199   24.1125
   -7.5000  -37.5000    0.0000 9970.9355   23.4637
    0.0000  -37.5000    0.000010303.6367   23.4673
    7.5000  -37.5000    0.0000 9712.3643   23.4589
   -7.5000  -30.0000    0.000011288.5264   22.9693
    0.0000  -30.0000    0.000011674.8945   22.9729
    7.5000  -30.0000    0.000010988.4551   22.9769
   -7.5000  -22.5000    0.000012679.2129   22.7324
    0.0000  -22.5000    0.000013104.1494   22.7312
    7.5000  -22.5000    0.000012349.7744   22.7359
   -7.5000  -15.0000    0.000014050.9922   22.5856
    0.0000  -15.0000    0.000014514.4658   22.5806
    7.5000  -15.0000    0.000013671.7910   22.5760
   -7.5000   -7.5000    0.000015511.3428   22.5654
    0.0000   -7.5000    0.000016001.6348   22.5612
    7.5000   -7.5000    0.000015062.3799   22.5466
   -7.5000    0.0000    0.000017161.3086   22.5718
    0.0000    0.0000    0.000017680.5664   22.5713
    7.5000    0.0000    0.000016442.2402   22.5542
   -7.5000    7.5000    0.000017615.2734   22.5953
    0.0000    7.5000    0.000018114.6191   22.5990
    7.5000    7.5000    0.000016582.7656   22.5915
   -7.5000   15.0000    0.000017362.1211   22.6124
    0.0000   15.0000    0.000017803.6230   22.6167
    7.5000   15.0000    0.000016319.4668   22.6208
   -7.5000   22.5000    0.000016920.5508   22.5924
    0.0000   22.5000    0.000017298.0566   22.5917
    7.5000   22.5000    0.000015902.3184   22.5962
   -7.5000   30.0000    0.000016388.5176   22.2871
    0.0000   30.0000    0.000016724.9414   22.2822
    7.5000   30.0000    0.000015390.8770   22.2775
   -7.5000   37.5000    0.000015968.0693   22.2733
    0.0000   37.5000    0.000016310.8691   22.2692
    7.5000   37.5000    0.000014993.2031   22.2548
   -7.5000   45.0000    0.000014996.4824   21.7567
    0.0000   45.0000    0.000015308.3906   21.7561
    7.5000   45.0000    0.000014059.0762   21.7396
   -7.5000  -45.0000    7.5000 8734.7529   24.0940
    0.0000  -45.0000    7.5000 9011.9736   24.1013
    7.5000  -45.0000    7.5000 8497.4922   24.1003
   -7.5000  -37.5000    7.5000 9639.7490   23.4175
    0.0000  -37.5000    7.5000 9977.4893   23.4302
    7.5000  -37.5000    7.5000 9374.3115   23.4353
   -7.5000  -30.0000    7.500010922.6650   22.9298
    0.0000  -30.0000    7.500011321.1689   22.9370
    7.5000  -30.0000    7.500010642.8525   22.9439
   -7.5000  -22.5000    7.500012272.8633   22.7072
    0.0000  -22.5000    7.500012724.4854   22.7051
    7.5000  -22.5000    7.500011964.1377   22.7072
   -7.5000  -15.0000    7.500013610.4453   22.5695
    0.0000  -15.0000    7.500014095.7510   22.5635
    7.5000  -15.0000    7.500013209.7217   22.5603
   -7.5000   -7.5000    7.500015054.8154   22.5465
    0.0000   -7.5000    7.500015559.8320   22.5460
    7.5000   -7.5000    7.500014554.3301   22.5416
   -7.5000    0.0000    7.500016807.9414   22.5394
    0.0000    0.0000    7.500017316.5605   22.5478
    7.5000    0.0000    7.500015891.9854   22.5470
   -7.5000    7.5000    7.500017425.0234   22.5523
    0.0000    7.5000    7.500017830.9727   22.5644
    7.5000    7.5000    7.500016015.4531   22.5697
   -7.5000   15.0000    7.500017206.3438   22.5743
    0.0000   15.0000    7.500017565.2637   22.5820
    7.5000   15.0000    7.500015815.2500   22.5889
   -7.5000   22.5000    7.500016761.2598   22.5678
    0.0000   22.5000    7.500017012.1250   22.5661
    7.5000   22.5000    7.500015420.5605   22.5681
   -7.5000   30.0000    7.500016087.8193   22.2712
    0.0000   30.0000    7.500016307.3535   22.2653
    7.5000   30.0000    7.500014866.7920   22.2620
   -7.5000   37.5000    7.500015509.0312   22.2547
    0.0000   37.5000    7.500015776.9072   22.2542
    7.5000   37.5000    7.500014452.4912   22.2498
   -7.5000   45.0000    7.500014441.7275   21.7254
    0.0000   45.0000    7.500014713.0078   21.7334
    7.5000   45.0000    7.500013515.1826   21.7327
   -7.5000  -45.0000   15.0000 8295.1328   24.0663
    0.0000  -45.0000   15.0000 8577.7314   24.0925
    7.5000  -45.0000   15.0000 8071.9292   24.1067
   -7.5000  -37.5000   15.0000 9163.8516   23.3845
    0.0000  -37.5000   15.0000 9494.3350   23.4151
    7.5000  -37.5000   15.0000 8913.5869   23.4332
   -7.5000  -30.0000   15.000010399.6084   22.8931
    0.0000  -30.0000   15.000010776.1758   22.9117
    7.5000  -30.0000   15.000010096.5293   22.9194
   -7.5000  -22.5000   15.000011701.2100   22.6793
    0.0000  -22.5000   15.000012119.4814   22.6826
    7.5000  -22.5000   15.000011341.5830   22.6746
   -7.5000  -15.0000   15.000012957.2529   22.5541
    0.0000  -15.0000   15.000013427.0498   22.5519
    7.5000  -15.0000   15.000012557.5098   22.5381
   -7.5000   -7.5000   15.000014303.6152   22.5368
    0.0000   -7.5000   15.000014826.6836   22.5450
    7.5000   -7.5000   15.000013870.9414   22.5418
   -7.5000    0.0000   15.000015819.6270   22.5226
    0.0000    0.0000   15.000016342.6494   22.5470
    7.5000    0.0000   15.000015091.1445   22.5594
   -7.5000    7.5000   15.000015972.2139   22.5223
    0.0000    7.5000   15.000016459.5371   22.5509
    7.5000    7.5000   15.000015065.1416   22.5684
   -7.5000   15.0000   15.000015655.7705   22.5390
    0.0000   15.0000   15.000016118.4180   22.5577
    7.5000   15.0000   15.000014870.7510   22.5654
   -7.5000   22.5000   15.000015385.1768   22.5403
    0.0000   22.5000   15.000015771.9766   22.5440
    7.5000   22.5000   15.000014564.2900   22.5360
   -7.5000   30.0000   15.000014993.6289   22.2560
    0.0000   30.0000   15.000015331.4170   22.2538
    7.5000   30.0000   15.000014129.3408   22.2402
   -7.5000   37.5000   15.000014591.5332   22.2451
    0.0000   37.5000   15.000014916.2832   22.2533
    7.5000   37.5000   15.000013792.3369   22.2501
   -7.5000   45.0000   15.000013619.4355   21.7092
    0.0000   45.0000   15.000013930.2793   21.7327
    7.5000   45.0000   15.000012870.7852   21.7446
   -7.5000  -45.0000   22.5000 7768.5732   24.2014
    0.0000  -45.0000   22.5000 8043.1694   24.2358
    7.5000  -45.0000   22.5000 7513.0059   24.2433
   -7.5000  -37.5000   22.5000 8592.5322   23.5118
    0.0000  -37.5000   22.5000 8904.9619   23.5511
    7.5000  -37.5000   22.5000 8314.1113   23.5653
   -7.5000  -30.0000   22.5000 9726.0967   23.0033
    0.0000  -30.0000   22.500010073.9814   23.0297
    7.5000  -30.0000   22.5000 9435.8301   23.0327
   -7.5000  -22.5000   22.500010908.6162   22.7808
    0.0000  -22.5000   22.500011311.5107   22.7911
    7.5000  -22.5000   22.500010621.2354   22.7731
   -7.5000  -15.0000   22.500012052.9980   22.6594
    0.0000  -15.0000   22.500012501.0820   22.6625
    7.5000  -15.0000   22.500011768.4961   22.6343
   -7.5000   -7.5000   22.500013300.3525   22.6522
    0.0000   -7.5000   22.500013788.0449   22.6661
    7.5000   -7.5000   22.500012991.2275   22.6509
   -7.5000    0.0000   22.500014523.2080   22.6454
    0.0000    0.0000   22.500015087.8096   22.6770
    7.5000    0.0000   22.500014131.6719   22.6828
   -7.5000    7.5000   22.500014479.8311   22.6414
    0.0000    7.5000   22.500015020.9219   22.6781
    7.5000    7.5000   22.500014089.1514   22.6917
   -7.5000   15.0000   22.500014220.2832   22.6460
    0.0000   15.0000   22.500014744.3555   22.6724
    7.5000   15.0000   22.500013892.5586   22.6755
   -7.5000   22.5000   22.500014042.3311   22.6404
    0.0000   22.5000   22.500014532.2666   22.6511
    7.5000   22.5000   22.500013641.1211   22.6331
   -7.5000   30.0000   22.500013786.4326   22.3599
    0.0000   30.0000   22.500014227.4883   22.3630
    7.5000   30.0000   22.500013302.9463   22.3350
   -7.5000   37.5000   22.500013530.1211   22.3591
    0.0000   37.5000   22.500013943.0137   22.3727
    7.5000   37.5000   22.500013015.8359   22.3577
   -7.5000   45.0000   22.500012644.4121   21.8275
    0.0000   45.0000   22.500013037.6123   21.8581
    7.5000   45.0000   22.500012135.4336   21.8636
   -7.5000  -45.0000   30.0000 7208.2739   24.6373
    0.0000  -45.0000   30.0000 7451.6177   24.6632
    7.5000  -45.0000   30.0000 6973.3608   24.6544
   -7.5000  -37.5000   30.0000 7956.3369   23.9369
    0.0000  -37.5000   30.0000 8232.2119   23.9687
    7.5000  -37.5000   30.0000 7732.2861   23.9711
   -7.5000  -30.0000   30.0000 8996.4365   23.4103
    0.0000  -30.0000   30.0000 9307.9297   23.4339
    7.5000  -30.0000   30.0000 8792.0576   23.4336
   -7.5000  -22.5000   30.000010091.2432   23.1693
    0.0000  -22.5000   30.000010464.2520   23.1806
    7.5000  -22.5000   30.0000 9903.5723   23.1627
   -7.5000  -15.0000   30.000011164.0957   23.0361
    0.0000  -15.0000   30.000011591.0234   23.0404
    7.5000  -15.0000   30.000010984.0322   23.0086
   -7.5000   -7.5000   30.000012313.5527   23.0331
    0.0000   -7.5000   30.000012773.4434   23.0441
    7.5000   -7.5000   30.000012095.5518   23.0188
   -7.5000    0.0000   30.000013367.0205   23.0395
    0.0000    0.0000   30.000013874.2725   23.0644
    7.5000    0.0000   30.000013117.3848   23.0556
   -7.5000    7.5000   30.000013308.8066   23.0448
    0.0000    7.5000   30.000013787.5410   23.0747
    7.5000    7.5000   30.000013078.3789   23.0770
   -7.5000   15.0000   30.000013095.1855   23.0432
    0.0000   15.0000   30.000013567.5176   23.0670
    7.5000   15.0000   30.000012906.5879   23.0669
   -7.5000   22.5000   30.000012949.4092   23.0241
    0.0000   22.5000   30.000013400.3604   23.0358
    7.5000   22.5000   30.000012710.4033   23.0180
   -7.5000   30.0000   30.000012699.9541   22.7316
    0.0000   30.0000   30.000013122.9902   22.7358
    7.5000   30.0000   30.000012406.6279   22.7043
   -7.5000   37.5000   30.000012527.5537   22.7350
    0.0000   37.5000   30.000012952.6025   22.7459
    7.5000   37.5000   30.000012208.6250   22.7209
   -7.5000   45.0000   30.000011731.7451   22.2075
    0.0000   45.0000   30.000012138.7422   22.2315
    7.5000   45.0000   30.000011409.7891   22.2229
   -7.5000  -45.0000   37.5000 6932.6992   25.3370
    0.0000  -45.0000   37.5000 7167.3579   25.3412
    7.5000  -45.0000   37.5000 6764.1123   25.3185
   -7.5000  -37.5000   37.5000 7632.4941   24.6174
    0.0000  -37.5000   37.5000 7913.3252   24.6297
    7.5000  -37.5000   37.5000 7492.7144   24.6215
   -7.5000  -30.0000   37.5000 8661.7588   24.0741
    0.0000  -30.0000   37.5000 8973.1475   24.0845
    7.5000  -30.0000   37.5000 8523.6172   24.0863
   -7.5000  -22.5000   37.5000 9759.1377   23.8130
    0.0000  -22.5000   37.500010123.2480   23.8165
    7.5000  -22.5000   37.5000 9598.7852   23.8113
   -7.5000  -15.0000   37.500010805.9814   23.6542
    0.0000  -15.0000   37.500011204.8076   23.6517
    7.5000  -15.0000   37.500010630.9033   23.6322
   -7.5000   -7.5000   37.500011866.2529   23.6448
    0.0000   -7.5000   37.500012293.3525   23.6441
    7.5000   -7.5000   37.500011674.4287   23.6188
   -7.5000    0.0000   37.500012843.6240   23.6638
    0.0000    0.0000   37.500013303.2461   23.6703
    7.5000    0.0000   37.500012616.1064   23.6500
   -7.5000    7.5000   37.500012772.5781   23.6886
    0.0000    7.5000   37.500013228.3633   23.7004
    7.5000    7.5000   37.500012586.6221   23.6929
   -7.5000   15.0000   37.500012586.2217   23.6934
    0.0000   15.0000   37.500013024.9355   23.7045
    7.5000   15.0000   37.500012426.5273   23.7066
   -7.5000   22.5000   37.500012423.2617   23.6603
    0.0000   22.5000   37.500012850.0137   23.6643
    7.5000   22.5000   37.500012243.7637   23.6591
   -7.5000   30.0000   37.500012170.6592   23.3414
    0.0000   30.0000   37.500012582.8066   23.3389
    7.5000   30.0000   37.500011947.9209   23.3194
   -7.5000   37.5000   37.500012019.1162   23.3388
    0.0000   37.5000   37.500012450.1611   23.3381
    7.5000   37.5000   37.500011781.2285   23.3132
   -7.5000   45.0000   37.500011277.0254   22.8092
    0.0000   45.0000   37.500011696.0176   22.8155
    7.5000   45.0000   37.500011035.3555   22.7958
   -7.5000  -45.0000   45.0000 6405.2041   26.0316
    0.0000  -45.0000   45.0000 6622.8667   26.0228
    7.5000  -45.0000   45.0000 6259.6733   26.0017
   -7.5000  -37.5000   45.0000 7059.1245   25.2763
    0.0000  -37.5000   45.0000 7307.6123   25.2763
    7.5000  -37.5000   45.0000 6931.4795   25.2684
   -7.5000  -30.0000   45.0000 8004.9185   24.7071
    0.0000  -30.0000   45.0000 8288.3555   24.7068
    7.5000  -30.0000   45.0000 7888.1138   24.7130
   -7.5000  -22.5000   45.0000 9034.9229   24.4329
    0.0000  -22.5000   45.0000 9352.9502   24.4261
    7.5000  -22.5000   45.0000 8875.1445   24.4321
   -7.5000  -15.0000   45.000010022.0830   24.2604
    0.0000  -15.0000   45.000010373.0449   24.2485
    7.5000  -15.0000   45.0000 9830.6914   24.2431
   -7.5000   -7.5000   45.000010968.2988   24.2516
    0.0000   -7.5000   45.000011354.7256   24.2412
    7.5000   -7.5000   45.000010767.6982   24.2247
   -7.5000    0.0000   45.000011817.3799   24.2766
    0.0000    0.0000   45.000012235.6904   24.2716
    7.5000    0.0000   45.000011603.3486   24.2532
   -7.5000    7.5000   45.000011753.6826   24.3072
    0.0000    7.5000   45.000012170.8809   24.3075
    7.5000    7.5000   45.000011580.3281   24.3006
   -7.5000   15.0000   45.000011576.7510   24.3128
    0.0000   15.0000   45.000011973.3359   24.3133
    7.5000   15.0000   45.000011402.7969   24.3196
   -7.5000   22.5000   45.000011394.2129   24.2723
    0.0000   22.5000   45.000011771.9258   24.2661
    7.5000   22.5000   45.000011225.7881   24.2720
   -7.5000   30.0000   45.000011167.5859   23.9372
    0.0000   30.0000   45.000011531.8203   23.9255
    7.5000   30.0000   45.000010969.5938   23.9199
   -7.5000   37.5000   45.000011059.7100   23.9357
    0.0000   37.5000   45.000011431.9932   23.9254
    7.5000   37.5000   45.000010838.6592   23.9091
   -7.5000   45.0000   45.000010377.7344   23.4104
    0.0000   45.0000   45.000010719.6221   23.4056
    7.5000   45.0000   45.000010132.6152   23.3879

---------------------------------------------------------------------
imgreg_4dfp /opt/freesurfer/average/711-2C_as_mni_average_305 /opt/freesurfer/average/711-2B_as_mni_average_305_mask talsrcimg_g11 none talsrcimg_to_711-2C_as_mni_average_305_t4 4355
---------------------------------------------------------------------

freesurfer imgreg_4dfp.c
/opt/freesurfer/average/711-2C_as_mni_average_305.4dfp.img
       256       256       256         1
  1.000000  1.000000  1.000000
orientation T byte_order littleendian
Reading image: /opt/freesurfer/average/711-2C_as_mni_average_305.4dfp.img
dimensions:      256       256       256
mmppix:       1.0000   -1.0000   -1.0000
center:     128.0000 -129.0000 -129.0000
/opt/freesurfer/average/711-2B_as_mni_average_305_mask.4dfp.img
       256       256       256         1
  1.000000  1.000000  1.000000
orientation T byte_order littleendian
Reading mask: /opt/freesurfer/average/711-2B_as_mni_average_305_mask.4dfp.img (2306576 pixels)
talsrcimg_g11.4dfp.img
       256       256       256         1
  1.000000  1.000000  1.000000
orientation T byte_order littleendian
Reading image: talsrcimg_g11.4dfp.img
dimensions:      256       256       256
mmppix:       1.0000   -1.0000   -1.0000
center:     128.0000 -129.0000 -129.0000
rotation matrix determinant  1.000000
image alignment mode   4355 decimal     1103 hex
   -7.5000  -37.5000  -45.0000 1990.9944   31.8576
    0.0000  -37.5000  -45.0000 1989.0325   32.0198
    7.5000  -37.5000  -45.0000 1979.7635   32.3507
   -7.5000  -30.0000  -45.0000 2115.0674   28.3989
    0.0000  -30.0000  -45.0000 2111.7048   28.5389
    7.5000  -30.0000  -45.0000 2093.5298   28.8514
   -7.5000  -22.5000  -45.0000 2229.7781   25.6956
    0.0000  -22.5000  -45.0000 2222.7905   25.8017
    7.5000  -22.5000  -45.0000 2199.5977   26.0254
   -7.5000  -15.0000  -45.0000 2326.6809   23.5683
    0.0000  -15.0000  -45.0000 2316.6404   23.6339
    7.5000  -15.0000  -45.0000 2295.9368   23.8550
   -7.5000   -7.5000  -45.0000 2397.4424   22.0549
    0.0000   -7.5000  -45.0000 2389.9661   22.0994
    7.5000   -7.5000  -45.0000 2364.2983   22.2728
   -7.5000    0.0000  -45.0000 2435.8704   21.0508
    0.0000    0.0000  -45.0000 2428.6177   21.0520
    7.5000    0.0000  -45.0000 2396.0469   21.1773
   -7.5000    7.5000  -45.0000 2455.8953   20.3515
    0.0000    7.5000  -45.0000 2449.5513   20.3467
    7.5000    7.5000  -45.0000 2417.8018   20.5027
   -7.5000   15.0000  -45.0000 2463.3752   19.9890
    0.0000   15.0000  -45.0000 2456.1462   19.9452
    7.5000   15.0000  -45.0000 2430.6174   20.2018
   -7.5000   22.5000  -45.0000 2455.4011   20.0249
    0.0000   22.5000  -45.0000 2448.5630   20.0055
    7.5000   22.5000  -45.0000 2424.0430   20.3024
   -7.5000   30.0000  -45.0000 2440.4482   20.4247
    0.0000   30.0000  -45.0000 2435.0618   20.4063
    7.5000   30.0000  -45.0000 2404.2695   20.7481
   -7.5000   37.5000  -45.0000 2408.8508   21.2871
    0.0000   37.5000  -45.0000 2405.2466   21.2587
    7.5000   37.5000  -45.0000 2370.1191   21.5903
   -7.5000   45.0000  -45.0000 2354.5193   22.5147
    0.0000   45.0000  -45.0000 2350.4646   22.4732
    7.5000   45.0000  -45.0000 2320.0659   22.7859
   -7.5000   52.5000  -45.0000 2254.8801   24.0146
    0.0000   52.5000  -45.0000 2247.5120   23.9989
    7.5000   52.5000  -45.0000 2220.8962   24.3776
   -7.5000  -37.5000  -37.5000 2046.8209   29.9684
    0.0000  -37.5000  -37.5000 2040.0048   30.0622
    7.5000  -37.5000  -37.5000 2030.0867   30.3717
   -7.5000  -30.0000  -37.5000 2182.1833   26.7677
    0.0000  -30.0000  -37.5000 2172.4568   26.8040
    7.5000  -30.0000  -37.5000 2154.5203   27.0385
   -7.5000  -22.5000  -37.5000 2300.9985   24.1426
    0.0000  -22.5000  -37.5000 2289.2109   24.2019
    7.5000  -22.5000  -37.5000 2263.4871   24.3936
   -7.5000  -15.0000  -37.5000 2401.4294   22.0840
    0.0000  -15.0000  -37.5000 2391.8213   22.1307
    7.5000  -15.0000  -37.5000 2361.7954   22.3256
   -7.5000   -7.5000  -37.5000 2480.2085   20.5883
    0.0000   -7.5000  -37.5000 2469.3040   20.6165
    7.5000   -7.5000  -37.5000 2434.4832   20.7807
   -7.5000    0.0000  -37.5000 2517.6396   19.5651
    0.0000    0.0000  -37.5000 2510.6050   19.5875
    7.5000    0.0000  -37.5000 2478.2100   19.7596
   -7.5000    7.5000  -37.5000 2549.8789   18.9017
    0.0000    7.5000  -37.5000 2539.9719   18.9066
    7.5000    7.5000  -37.5000 2506.5757   19.0715
   -7.5000   15.0000  -37.5000 2557.3538   18.5518
    0.0000   15.0000  -37.5000 2545.9072   18.5331
    7.5000   15.0000  -37.5000 2518.2336   18.7475
   -7.5000   22.5000  -37.5000 2552.1184   18.5782
    0.0000   22.5000  -37.5000 2545.0603   18.6084
    7.5000   22.5000  -37.5000 2509.8230   18.8488
   -7.5000   30.0000  -37.5000 2535.8650   18.9947
    0.0000   30.0000  -37.5000 2531.8359   19.0142
    7.5000   30.0000  -37.5000 2491.1409   19.2666
   -7.5000   37.5000  -37.5000 2503.0129   19.7546
    0.0000   37.5000  -37.5000 2496.8584   19.7625
    7.5000   37.5000  -37.5000 2452.3823   20.0626
   -7.5000   45.0000  -37.5000 2444.8152   20.8179
    0.0000   45.0000  -37.5000 2437.7253   20.8442
    7.5000   45.0000  -37.5000 2397.2932   21.1638
   -7.5000   52.5000  -37.5000 2342.4050   22.1845
    0.0000   52.5000  -37.5000 2338.7324   22.2241
    7.5000   52.5000  -37.5000 2297.3203   22.5784
   -7.5000  -37.5000  -30.0000 2140.3457   29.1488
    0.0000  -37.5000  -30.0000 2130.5725   29.2884
    7.5000  -37.5000  -30.0000 2110.3735   29.7671
   -7.5000  -30.0000  -30.0000 2281.5139   25.9809
    0.0000  -30.0000  -30.0000 2269.9607   26.0792
    7.5000  -30.0000  -30.0000 2242.7117   26.4124
   -7.5000  -22.5000  -30.0000 2403.1733   23.3984
    0.0000  -22.5000  -30.0000 2391.5928   23.4969
    7.5000  -22.5000  -30.0000 2354.6948   23.7195
   -7.5000  -15.0000  -30.0000 2505.5522   21.3475
    0.0000  -15.0000  -30.0000 2496.0771   21.4447
    7.5000  -15.0000  -30.0000 2454.6206   21.6437
   -7.5000   -7.5000  -30.0000 2591.9622   19.9136
    0.0000   -7.5000  -30.0000 2578.6340   19.9442
    7.5000   -7.5000  -30.0000 2541.3477   20.1038
   -7.5000    0.0000  -30.0000 2635.9253   18.8613
    0.0000    0.0000  -30.0000 2626.6287   18.8749
    7.5000    0.0000  -30.0000 2592.5854   19.0640
   -7.5000    7.5000  -30.0000 2676.7593   18.1518
    0.0000    7.5000  -30.0000 2666.7908   18.1747
    7.5000    7.5000  -30.0000 2629.0217   18.3403
   -7.5000   15.0000  -30.0000 2693.2700   17.7573
    0.0000   15.0000  -30.0000 2682.4988   17.7886
    7.5000   15.0000  -30.0000 2650.4644   17.9798
   -7.5000   22.5000  -30.0000 2692.3005   17.8150
    0.0000   22.5000  -30.0000 2684.3730   17.8434
    7.5000   22.5000  -30.0000 2645.1096   18.0632
   -7.5000   30.0000  -30.0000 2674.8193   18.2303
    0.0000   30.0000  -30.0000 2669.3250   18.2637
    7.5000   30.0000  -30.0000 2627.2805   18.5185
   -7.5000   37.5000  -30.0000 2641.8318   18.9834
    0.0000   37.5000  -30.0000 2633.0942   18.9882
    7.5000   37.5000  -30.0000 2592.3457   19.3201
   -7.5000   45.0000  -30.0000 2578.0789   20.0332
    0.0000   45.0000  -30.0000 2566.5698   20.0271
    7.5000   45.0000  -30.0000 2529.1130   20.4251
   -7.5000   52.5000  -30.0000 2470.8799   21.3002
    0.0000   52.5000  -30.0000 2460.1953   21.3174
    7.5000   52.5000  -30.0000 2425.1313   21.7204
   -7.5000  -37.5000  -22.5000 2205.0945   28.3155
    0.0000  -37.5000  -22.5000 2197.9824   28.5232
    7.5000  -37.5000  -22.5000 2171.7454   28.9722
   -7.5000  -30.0000  -22.5000 2348.7336   25.1191
    0.0000  -30.0000  -22.5000 2342.9980   25.2847
    7.5000  -30.0000  -22.5000 2307.9680   25.6733
   -7.5000  -22.5000  -22.5000 2467.2690   22.5789
    0.0000  -22.5000  -22.5000 2460.7686   22.7053
    7.5000  -22.5000  -22.5000 2422.4932   23.0067
   -7.5000  -15.0000  -22.5000 2571.1357   20.5923
    0.0000  -15.0000  -22.5000 2564.5601   20.6801
    7.5000  -15.0000  -22.5000 2528.1045   20.9318
   -7.5000   -7.5000  -22.5000 2666.7930   19.0996
    0.0000   -7.5000  -22.5000 2659.0793   19.1543
    7.5000   -7.5000  -22.5000 2623.5640   19.3280
   -7.5000    0.0000  -22.5000 2728.3723   18.0705
    0.0000    0.0000  -22.5000 2723.4846   18.0921
    7.5000    0.0000  -22.5000 2686.6013   18.2611
   -7.5000    7.5000  -22.5000 2773.4072   17.3139
    0.0000    7.5000  -22.5000 2765.6912   17.3472
    7.5000    7.5000  -22.5000 2725.2974   17.5519
   -7.5000   15.0000  -22.5000 2802.5852   16.8586
    0.0000   15.0000  -22.5000 2790.2129   16.9179
    7.5000   15.0000  -22.5000 2753.0576   17.1765
   -7.5000   22.5000  -22.5000 2804.7261   16.9314
    0.0000   22.5000  -22.5000 2799.2009   16.9457
    7.5000   22.5000  -22.5000 2758.6887   17.2071
   -7.5000   30.0000  -22.5000 2789.9749   17.3930
    0.0000   30.0000  -22.5000 2784.9568   17.3864
    7.5000   30.0000  -22.5000 2747.0994   17.6435
   -7.5000   37.5000  -22.5000 2754.2644   18.1345
    0.0000   37.5000  -22.5000 2747.1147   18.1241
    7.5000   37.5000  -22.5000 2705.8293   18.4280
   -7.5000   45.0000  -22.5000 2682.1765   19.1737
    0.0000   45.0000  -22.5000 2676.0398   19.1882
    7.5000   45.0000  -22.5000 2638.3787   19.5453
   -7.5000   52.5000  -22.5000 2565.6328   20.4244
    0.0000   52.5000  -22.5000 2558.4639   20.4459
    7.5000   52.5000  -22.5000 2521.8264   20.8348
   -7.5000  -37.5000  -15.0000 2226.9670   27.6855
    0.0000  -37.5000  -15.0000 2228.6328   27.9521
    7.5000  -37.5000  -15.0000 2206.8345   28.4666
   -7.5000  -30.0000  -15.0000 2369.2258   24.5019
    0.0000  -30.0000  -15.0000 2369.8977   24.7246
    7.5000  -30.0000  -15.0000 2340.0349   25.1004
   -7.5000  -22.5000  -15.0000 2487.1013   21.9130
    0.0000  -22.5000  -15.0000 2486.8740   22.0868
    7.5000  -22.5000  -15.0000 2454.7495   22.4360
   -7.5000  -15.0000  -15.0000 2596.7104   19.9308
    0.0000  -15.0000  -15.0000 2595.5745   20.0431
    7.5000  -15.0000  -15.0000 2561.2656   20.3263
   -7.5000   -7.5000  -15.0000 2702.5361   18.4022
    0.0000   -7.5000  -15.0000 2703.4304   18.5033
    7.5000   -7.5000  -15.0000 2668.3047   18.7630
   -7.5000    0.0000  -15.0000 2783.3308   17.3541
    0.0000    0.0000  -15.0000 2783.7173   17.3988
    7.5000    0.0000  -15.0000 2743.1733   17.6214
   -7.5000    7.5000  -15.0000 2842.9587   16.6118
    0.0000    7.5000  -15.0000 2838.9587   16.6175
    7.5000    7.5000  -15.0000 2798.6082   16.8970
   -7.5000   15.0000  -15.0000 2873.8105   16.1170
    0.0000   15.0000  -15.0000 2867.2771   16.1732
    7.5000   15.0000  -15.0000 2829.5610   16.5363
   -7.5000   22.5000  -15.0000 2881.4976   16.1805
    0.0000   22.5000  -15.0000 2878.9043   16.2034
    7.5000   22.5000  -15.0000 2839.5210   16.5544
   -7.5000   30.0000  -15.0000 2870.7800   16.6486
    0.0000   30.0000  -15.0000 2870.4573   16.6393
    7.5000   30.0000  -15.0000 2828.1982   16.9400
   -7.5000   37.5000  -15.0000 2826.0083   17.3536
    0.0000   37.5000  -15.0000 2827.2554   17.3671
    7.5000   37.5000  -15.0000 2791.1621   17.7060
   -7.5000   45.0000  -15.0000 2746.6648   18.3895
    0.0000   45.0000  -15.0000 2745.9763   18.4478
    7.5000   45.0000  -15.0000 2713.0535   18.8262
   -7.5000   52.5000  -15.0000 2627.8350   19.7128
    0.0000   52.5000  -15.0000 2627.3245   19.7576
    7.5000   52.5000  -15.0000 2586.5361   20.1661
   -7.5000  -37.5000   -7.5000 2236.8049   27.3387
    0.0000  -37.5000   -7.5000 2237.2231   27.5908
    7.5000  -37.5000   -7.5000 2220.7344   28.1844
   -7.5000  -30.0000   -7.5000 2376.8569   24.1212
    0.0000  -30.0000   -7.5000 2374.5527   24.3010
    7.5000  -30.0000   -7.5000 2356.0635   24.7910
   -7.5000  -22.5000   -7.5000 2494.3472   21.5182
    0.0000  -22.5000   -7.5000 2495.0076   21.6571
    7.5000  -22.5000   -7.5000 2464.7673   22.0975
   -7.5000  -15.0000   -7.5000 2599.3188   19.4897
    0.0000  -15.0000   -7.5000 2606.1213   19.5763
    7.5000  -15.0000   -7.5000 2571.2847   19.9356
   -7.5000   -7.5000   -7.5000 2711.3684   17.9309
    0.0000   -7.5000   -7.5000 2716.9006   18.0011
    7.5000   -7.5000   -7.5000 2683.2109   18.3438
   -7.5000    0.0000   -7.5000 2809.3237   16.8540
    0.0000    0.0000   -7.5000 2811.8379   16.8844
    7.5000    0.0000   -7.5000 2774.8777   17.1743
   -7.5000    7.5000   -7.5000 2887.0134   16.1341
    0.0000    7.5000   -7.5000 2890.4597   16.1353
    7.5000    7.5000   -7.5000 2843.5505   16.4502
   -7.5000   15.0000   -7.5000 2930.0229   15.5983
    0.0000   15.0000   -7.5000 2927.9578   15.6734
    7.5000   15.0000   -7.5000 2878.7310   16.1249
   -7.5000   22.5000   -7.5000 2944.4004   15.6109
    0.0000   22.5000   -7.5000 2940.7014   15.6528
    7.5000   22.5000   -7.5000 2892.4497   16.1254
   -7.5000   30.0000   -7.5000 2924.5984   16.0444
    0.0000   30.0000   -7.5000 2925.0518   16.0375
    7.5000   30.0000   -7.5000 2876.8057   16.4598
   -7.5000   37.5000   -7.5000 2877.0491   16.7065
    0.0000   37.5000   -7.5000 2880.6033   16.7413
    7.5000   37.5000   -7.5000 2841.4436   17.1644
   -7.5000   45.0000   -7.5000 2801.0378   17.7824
    0.0000   45.0000   -7.5000 2800.3501   17.8354
    7.5000   45.0000   -7.5000 2763.9792   18.2144
   -7.5000   52.5000   -7.5000 2675.1072   19.1601
    0.0000   52.5000   -7.5000 2671.6104   19.2073
    7.5000   52.5000   -7.5000 2632.2568   19.6032
   -7.5000  -37.5000    0.0000 2228.4814   27.2384
    0.0000  -37.5000    0.0000 2228.0300   27.4445
    7.5000  -37.5000    0.0000 2208.1782   28.1000
   -7.5000  -30.0000    0.0000 2362.9131   23.9271
    0.0000  -30.0000    0.0000 2361.5542   24.1248
    7.5000  -30.0000    0.0000 2341.5186   24.6796
   -7.5000  -22.5000    0.0000 2480.2507   21.2828
    0.0000  -22.5000    0.0000 2478.0979   21.3683
    7.5000  -22.5000    0.0000 2457.6287   21.9305
   -7.5000  -15.0000    0.0000 2590.5586   19.2224
    0.0000  -15.0000    0.0000 2591.9944   19.2518
    7.5000  -15.0000    0.0000 2568.2861   19.7999
   -7.5000   -7.5000    0.0000 2706.3403   17.7077
    0.0000   -7.5000    0.0000 2708.5815   17.6965
    7.5000   -7.5000    0.0000 2684.9070   18.1710
   -7.5000    0.0000    0.0000 2811.4131   16.6670
    0.0000    0.0000    0.0000 2811.1191   16.6372
    7.5000    0.0000    0.0000 2787.2256   17.0564
   -7.5000    7.5000    0.0000 2913.3354   16.1137
    0.0000    7.5000    0.0000 2913.7510   16.0532
    7.5000    7.5000    0.0000 2871.7944   16.3902
   -7.5000   15.0000    0.0000 2987.5884   15.6400
    0.0000   15.0000    0.0000 2975.3853   15.6186
    7.5000   15.0000    0.0000 2914.6565   15.9933
   -7.5000   22.5000    0.0000 3009.9727   15.4495
    0.0000   22.5000    0.0000 2989.9253   15.4408
    7.5000   22.5000    0.0000 2927.4189   15.8793
   -7.5000   30.0000    0.0000 2973.1409   15.7851
    0.0000   30.0000    0.0000 2954.8442   15.7389
    7.5000   30.0000    0.0000 2905.3364   16.1417
   -7.5000   37.5000    0.0000 2912.9702   16.4138
    0.0000   37.5000    0.0000 2900.3113   16.3709
    7.5000   37.5000    0.0000 2859.7195   16.7463
   -7.5000   45.0000    0.0000 2830.7949   17.5140
    0.0000   45.0000    0.0000 2816.8491   17.4713
    7.5000   45.0000    0.0000 2779.4929   17.7916
   -7.5000   52.5000    0.0000 2701.2954   18.9149
    0.0000   52.5000    0.0000 2685.7485   18.8511
    7.5000   52.5000    0.0000 2647.6589   19.1734
   -7.5000  -37.5000    7.5000 2214.7017   27.4196
    0.0000  -37.5000    7.5000 2216.6731   27.6881
    7.5000  -37.5000    7.5000 2189.5601   28.4055
   -7.5000  -30.0000    7.5000 2346.5654   23.9543
    0.0000  -30.0000    7.5000 2349.7717   24.1742
    7.5000  -30.0000    7.5000 2330.7869   24.8295
   -7.5000  -22.5000    7.5000 2464.0500   21.1912
    0.0000  -22.5000    7.5000 2467.6113   21.3353
    7.5000  -22.5000    7.5000 2454.1619   22.0210
   -7.5000  -15.0000    7.5000 2576.5515   19.1536
    0.0000  -15.0000    7.5000 2579.7798   19.2400
    7.5000  -15.0000    7.5000 2564.2810   19.8198
   -7.5000   -7.5000    7.5000 2698.5669   17.7274
    0.0000   -7.5000    7.5000 2703.0845   17.7883
    7.5000   -7.5000    7.5000 2681.3499   18.2201
   -7.5000    0.0000    7.5000 2816.2769   16.7710
    0.0000    0.0000    7.5000 2814.6487   16.8045
    7.5000    0.0000    7.5000 2789.6375   17.1338
   -7.5000    7.5000    7.5000 2936.8630   16.2425
    0.0000    7.5000    7.5000 2923.1145   16.1940
    7.5000    7.5000    7.5000 2875.7327   16.3942
   -7.5000   15.0000    7.5000 3016.9878   15.8017
    0.0000   15.0000    7.5000 2988.9316   15.7387
    7.5000   15.0000    7.5000 2913.1277   15.9225
   -7.5000   22.5000    7.5000 3043.4961   15.5015
    0.0000   22.5000    7.5000 3002.6516   15.4983
    7.5000   22.5000    7.5000 2931.1179   15.8183
   -7.5000   30.0000    7.5000 2991.5203   15.6903
    0.0000   30.0000    7.5000 2964.3696   15.6612
    7.5000   30.0000    7.5000 2906.8970   16.0588
   -7.5000   37.5000    7.5000 2918.1965   16.3283
    0.0000   37.5000    7.5000 2903.7712   16.2818
    7.5000   37.5000    7.5000 2856.7998   16.6542
   -7.5000   45.0000    7.5000 2828.6238   17.4037
    0.0000   45.0000    7.5000 2818.0295   17.3430
    7.5000   45.0000    7.5000 2780.1230   17.6551
   -7.5000   52.5000    7.5000 2704.3311   18.7444
    0.0000   52.5000    7.5000 2695.0984   18.7068
    7.5000   52.5000    7.5000 2651.5845   18.9744
   -7.5000  -37.5000   15.0000 2184.9412   27.7069
    0.0000  -37.5000   15.0000 2187.4888   28.0799
    7.5000  -37.5000   15.0000 2170.6824   28.9054
   -7.5000  -30.0000   15.0000 2321.5249   24.1998
    0.0000  -30.0000   15.0000 2326.9031   24.4792
    7.5000  -30.0000   15.0000 2310.6094   25.2209
   -7.5000  -22.5000   15.0000 2447.7073   21.5072
    0.0000  -22.5000   15.0000 2452.7468   21.7176
    7.5000  -22.5000   15.0000 2435.1902   22.3649
   -7.5000  -15.0000   15.0000 2562.0742   19.5502
    0.0000  -15.0000   15.0000 2566.4263   19.6847
    7.5000  -15.0000   15.0000 2545.1409   20.2063
   -7.5000   -7.5000   15.0000 2682.8403   18.0389
    0.0000   -7.5000   15.0000 2687.3782   18.2091
    7.5000   -7.5000   15.0000 2661.5591   18.6397
   -7.5000    0.0000   15.0000 2794.6616   16.9728
    0.0000    0.0000   15.0000 2797.3953   17.1356
    7.5000    0.0000   15.0000 2763.9768   17.4811
   -7.5000    7.5000   15.0000 2898.6216   16.2892
    0.0000    7.5000   15.0000 2897.6990   16.3774
    7.5000    7.5000   15.0000 2845.2866   16.5965
   -7.5000   15.0000   15.0000 2955.2209   15.6686
    0.0000   15.0000   15.0000 2950.7725   15.7623
    7.5000   15.0000   15.0000 2891.2349   16.0622
   -7.5000   22.5000   15.0000 2984.6367   15.5713
    0.0000   22.5000   15.0000 2971.7686   15.6335
    7.5000   22.5000   15.0000 2904.4187   15.9533
   -7.5000   30.0000   15.0000 2962.1226   15.9882
    0.0000   30.0000   15.0000 2948.4666   16.0073
    7.5000   30.0000   15.0000 2882.6338   16.2815
   -7.5000   37.5000   15.0000 2895.2283   16.7150
    0.0000   37.5000   15.0000 2884.2114   16.7235
    7.5000   37.5000   15.0000 2834.7454   17.0111
   -7.5000   45.0000   15.0000 2806.2319   17.7292
    0.0000   45.0000   15.0000 2798.2209   17.7373
    7.5000   45.0000   15.0000 2757.7883   18.0292
   -7.5000   52.5000   15.0000 2683.9885   18.9397
    0.0000   52.5000   15.0000 2677.1809   18.9342
    7.5000   52.5000   15.0000 2634.0054   19.2297
   -7.5000  -37.5000   22.5000 2147.6858   28.5661
    0.0000  -37.5000   22.5000 2154.0920   28.9929
    7.5000  -37.5000   22.5000 2139.5212   29.8375
   -7.5000  -30.0000   22.5000 2291.0029   24.9508
    0.0000  -30.0000   22.5000 2296.8865   25.2528
    7.5000  -30.0000   22.5000 2284.1675   26.0394
   -7.5000  -22.5000   22.5000 2424.1326   22.1302
    0.0000  -22.5000   22.5000 2428.9160   22.3615
    7.5000  -22.5000   22.5000 2413.2019   23.0841
   -7.5000  -15.0000   22.5000 2537.2310   20.0313
    0.0000  -15.0000   22.5000 2542.2178   20.2349
    7.5000  -15.0000   22.5000 2521.8811   20.8716
   -7.5000   -7.5000   22.5000 2660.6843   18.4844
    0.0000   -7.5000   22.5000 2666.8118   18.6812
    7.5000   -7.5000   22.5000 2638.1279   19.2333
   -7.5000    0.0000   22.5000 2767.8020   17.3897
    0.0000    0.0000   22.5000 2774.8843   17.5600
    7.5000    0.0000   22.5000 2742.8020   17.9964
   -7.5000    7.5000   22.5000 2852.1968   16.5440
    0.0000    7.5000   22.5000 2856.0757   16.6835
    7.5000    7.5000   22.5000 2820.5535   17.1145
   -7.5000   15.0000   22.5000 2907.8511   15.9052
    0.0000   15.0000   22.5000 2906.5647   16.0460
    7.5000   15.0000   22.5000 2870.8145   16.5460
   -7.5000   22.5000   22.5000 2938.8738   15.9766
    0.0000   22.5000   22.5000 2932.8027   16.0856
    7.5000   22.5000   22.5000 2882.1953   16.4422
   -7.5000   30.0000   22.5000 2924.6470   16.4737
    0.0000   30.0000   22.5000 2913.8533   16.5228
    7.5000   30.0000   22.5000 2855.6140   16.7795
   -7.5000   37.5000   22.5000 2859.7087   17.2310
    0.0000   37.5000   22.5000 2847.0232   17.2757
    7.5000   37.5000   22.5000 2797.9788   17.5216
   -7.5000   45.0000   22.5000 2768.0806   18.2862
    0.0000   45.0000   22.5000 2763.5464   18.3523
    7.5000   45.0000   22.5000 2718.1499   18.5752
   -7.5000   52.5000   22.5000 2648.1448   19.4780
    0.0000   52.5000   22.5000 2641.6328   19.5252
    7.5000   52.5000   22.5000 2598.8303   19.7684
   -7.5000  -37.5000   30.0000 2102.2903   29.6018
    0.0000  -37.5000   30.0000 2108.6062   29.9570
    7.5000  -37.5000   30.0000 2102.3184   30.9523
   -7.5000  -30.0000   30.0000 2251.5649   25.8504
    0.0000  -30.0000   30.0000 2255.2422   26.0531
    7.5000  -30.0000   30.0000 2250.6279   26.9935
   -7.5000  -22.5000   30.0000 2388.6306   22.8810
    0.0000  -22.5000   30.0000 2395.2654   23.0850
    7.5000  -22.5000   30.0000 2382.0640   23.9671
   -7.5000  -15.0000   30.0000 2505.6128   20.7552
    0.0000  -15.0000   30.0000 2510.2292   20.9289
    7.5000  -15.0000   30.0000 2492.6841   21.7130
   -7.5000   -7.5000   30.0000 2630.8894   19.2244
    0.0000   -7.5000   30.0000 2630.3528   19.3775
    7.5000   -7.5000   30.0000 2604.0708   20.0399
   -7.5000    0.0000   30.0000 2727.9348   18.0432
    0.0000    0.0000   30.0000 2726.9783   18.2015
    7.5000    0.0000   30.0000 2702.8955   18.7729
   -7.5000    7.5000   30.0000 2803.2917   17.1307
    0.0000    7.5000   30.0000 2801.4985   17.2513
    7.5000    7.5000   30.0000 2776.2676   17.8679
   -7.5000   15.0000   30.0000 2854.7620   16.5690
    0.0000   15.0000   30.0000 2851.0002   16.7233
    7.5000   15.0000   30.0000 2823.6016   17.2715
   -7.5000   22.5000   30.0000 2881.4587   16.6860
    0.0000   22.5000   30.0000 2876.9563   16.7863
    7.5000   22.5000   30.0000 2840.8142   17.2216
   -7.5000   30.0000   30.0000 2856.9312   17.2075
    0.0000   30.0000   30.0000 2850.3232   17.2459
    7.5000   30.0000   30.0000 2808.0920   17.5905
   -7.5000   37.5000   30.0000 2799.8711   17.9771
    0.0000   37.5000   30.0000 2793.7107   18.0089
    7.5000   37.5000   30.0000 2753.1353   18.2864
   -7.5000   45.0000   30.0000 2720.4197   19.0340
    0.0000   45.0000   30.0000 2716.5076   19.0780
    7.5000   45.0000   30.0000 2675.6514   19.3369
   -7.5000   52.5000   30.0000 2607.3926   20.2651
    0.0000   52.5000   30.0000 2605.6594   20.2972
    7.5000   52.5000   30.0000 2560.8252   20.5245
   -7.5000  -37.5000   37.5000 2055.5256   30.7200
    0.0000  -37.5000   37.5000 2062.9050   31.0144
    7.5000  -37.5000   37.5000 2058.3081   32.3081
   -7.5000  -30.0000   37.5000 2212.4209   26.8015
    0.0000  -30.0000   37.5000 2213.7935   27.0056
    7.5000  -30.0000   37.5000 2210.9717   28.2217
   -7.5000  -22.5000   37.5000 2352.8511   23.8762
    0.0000  -22.5000   37.5000 2356.1995   24.0472
    7.5000  -22.5000   37.5000 2342.3853   25.0833
   -7.5000  -15.0000   37.5000 2471.9397   21.7408
    0.0000  -15.0000   37.5000 2471.9158   21.8877
    7.5000  -15.0000   37.5000 2452.8806   22.7736
   -7.5000   -7.5000   37.5000 2586.9294   20.1614
    0.0000   -7.5000   37.5000 2581.0488   20.2611
    7.5000   -7.5000   37.5000 2561.1045   21.0519
   -7.5000    0.0000   37.5000 2675.5894   18.9286
    0.0000    0.0000   37.5000 2672.8169   19.0340
    7.5000    0.0000   37.5000 2647.3933   19.7642
   -7.5000    7.5000   37.5000 2742.8706   18.0415
    0.0000    7.5000   37.5000 2740.5840   18.1365
    7.5000    7.5000   37.5000 2717.1755   18.8185
   -7.5000   15.0000   37.5000 2787.1873   17.5427
    0.0000   15.0000   37.5000 2779.0220   17.6823
    7.5000   15.0000   37.5000 2761.3457   18.2799
   -7.5000   22.5000   37.5000 2810.7295   17.5908
    0.0000   22.5000   37.5000 2807.0459   17.6861
    7.5000   22.5000   37.5000 2777.1279   18.2394
   -7.5000   30.0000   37.5000 2783.9177   18.1299
    0.0000   30.0000   37.5000 2779.5225   18.1799
    7.5000   30.0000   37.5000 2744.2124   18.6166
   -7.5000   37.5000   37.5000 2731.1799   18.8781
    0.0000   37.5000   37.5000 2727.2048   18.9232
    7.5000   37.5000   37.5000 2690.7219   19.2927
   -7.5000   45.0000   37.5000 2661.1104   19.9433
    0.0000   45.0000   37.5000 2657.5710   20.0014
    7.5000   45.0000   37.5000 2616.7554   20.3327
   -7.5000   52.5000   37.5000 2549.9336   21.1918
    0.0000   52.5000   37.5000 2546.4563   21.2515
    7.5000   52.5000   37.5000 2508.7417   21.5219
   -7.5000  -37.5000   45.0000 2009.3380   32.0916
    0.0000  -37.5000   45.0000 2010.4219   32.3190
    7.5000  -37.5000   45.0000 2004.1475   33.8286
   -7.5000  -30.0000   45.0000 2168.3523   28.0883
    0.0000  -30.0000   45.0000 2164.9993   28.1840
    7.5000  -30.0000   45.0000 2156.3960   29.5512
   -7.5000  -22.5000   45.0000 2308.0125   25.0749
    0.0000  -22.5000   45.0000 2306.3630   25.1514
    7.5000  -22.5000   45.0000 2286.8450   26.3267
   -7.5000  -15.0000   45.0000 2428.0767   22.8386
    0.0000  -15.0000   45.0000 2420.9175   22.9617
    7.5000  -15.0000   45.0000 2396.7642   23.9699
   -7.5000   -7.5000   45.0000 2529.7092   21.2525
    0.0000   -7.5000   45.0000 2523.0967   21.3571
    7.5000   -7.5000   45.0000 2497.5869   22.1873
   -7.5000    0.0000   45.0000 2606.8979   20.0368
    0.0000    0.0000   45.0000 2605.3318   20.1388
    7.5000    0.0000   45.0000 2577.3740   20.9176
   -7.5000    7.5000   45.0000 2668.0076   19.1957
    0.0000    7.5000   45.0000 2668.2629   19.3017
    7.5000    7.5000   45.0000 2649.5789   20.0163
   -7.5000   15.0000   45.0000 2704.0881   18.7439
    0.0000   15.0000   45.0000 2700.7168   18.8612
    7.5000   15.0000   45.0000 2683.1748   19.5037
   -7.5000   22.5000   45.0000 2722.8025   18.7562
    0.0000   22.5000   45.0000 2719.9033   18.8375
    7.5000   22.5000   45.0000 2696.8235   19.4272
   -7.5000   30.0000   45.0000 2707.7314   19.2067
    0.0000   30.0000   45.0000 2699.7642   19.3056
    7.5000   30.0000   45.0000 2671.4697   19.7766
   -7.5000   37.5000   45.0000 2657.8801   19.9894
    0.0000   37.5000   45.0000 2651.7271   20.0367
    7.5000   37.5000   45.0000 2618.4780   20.4990
   -7.5000   45.0000   45.0000 2589.5557   21.1226
    0.0000   45.0000   45.0000 2583.0608   21.1429
    7.5000   45.0000   45.0000 2550.8093   21.5466
   -7.5000   52.5000   45.0000 2478.6758   22.3787
    0.0000   52.5000   45.0000 2472.0403   22.3932
    7.5000   52.5000   45.0000 2442.2820   22.7663

---------------------------------------------------------------------
imgreg_4dfp /opt/freesurfer/average/711-2C_as_mni_average_305 /opt/freesurfer/average/711-2B_as_mni_average_305_mask talsrcimg_g11 none talsrcimg_to_711-2C_as_mni_average_305_t4 1283
---------------------------------------------------------------------

freesurfer imgreg_4dfp.c
/opt/freesurfer/average/711-2C_as_mni_average_305.4dfp.img
       256       256       256         1
  1.000000  1.000000  1.000000
orientation T byte_order littleendian
Reading image: /opt/freesurfer/average/711-2C_as_mni_average_305.4dfp.img
dimensions:      256       256       256
mmppix:       1.0000   -1.0000   -1.0000
center:     128.0000 -129.0000 -129.0000
/opt/freesurfer/average/711-2B_as_mni_average_305_mask.4dfp.img
       256       256       256         1
  1.000000  1.000000  1.000000
orientation T byte_order littleendian
Reading mask: /opt/freesurfer/average/711-2B_as_mni_average_305_mask.4dfp.img (2306576 pixels)
talsrcimg_g11.4dfp.img
       256       256       256         1
  1.000000  1.000000  1.000000
orientation T byte_order littleendian
Reading image: talsrcimg_g11.4dfp.img
dimensions:      256       256       256
mmppix:       1.0000   -1.0000   -1.0000
center:     128.0000 -129.0000 -129.0000
rotation matrix determinant  1.000000
fimgreg.f
image alignment mode   1283 decimal      503 hex
parameters
   -7.5000   22.5000    7.5000    0.0000    0.0000    0.0000
eta,q 0.95331 15.49521
niter,ni,del,rscale     5    3   12.0000    1.2000
parameters
   -5.7959   20.5003    6.3048   -1.6689    0.3206   -0.2117
eta,q 0.95891 15.42002
  0.0749  0.0476  0.0535  0.0452  0.0545  0.0474
  0.0642  0.0446  0.0465  0.0419  0.0484  0.0438
  0.0531  0.0432  0.0422  0.0412  0.0433  0.0416
  0.0462  0.0446  0.0432  0.0418  0.0412  0.0411
  0.0445  0.0478  0.0489  0.0442  0.0425  0.0422
  0.0482  0.0526  0.0560  0.0476  0.0462  0.0445
  0.0554  0.0597  0.0630  0.0521  0.0522  0.0482
niter,ni,del,rscale     4    3   12.0000    1.2000
parameters
   -5.2542   20.5282    6.0949   -1.6322    0.1598   -0.3997
eta,q 0.95909 15.40797
  0.0671  0.0545  0.0575  0.0496  0.0524  0.0476
  0.0549  0.0476  0.0493  0.0443  0.0468  0.0438
  0.0450  0.0426  0.0430  0.0415  0.0423  0.0414
  0.0411  0.0411  0.0411  0.0410  0.0410  0.0410
  0.0429  0.0431  0.0452  0.0423  0.0429  0.0421
  0.0500  0.0482  0.0518  0.0449  0.0475  0.0445
  0.0589  0.0535  0.0586  0.0486  0.0537  0.0482
niter,ni,del,rscale     3    3   12.0000    1.2000
parameters
   -5.1287   20.4907    6.0471   -1.6491    0.1018   -0.4214
eta,q 0.95909 15.40901
  0.0644  0.0541  0.0583  0.0493  0.0527  0.0479
  0.0519  0.0472  0.0500  0.0441  0.0471  0.0442
  0.0434  0.0423  0.0434  0.0415  0.0425  0.0415
  0.0409  0.0410  0.0409  0.0409  0.0409  0.0409
  0.0442  0.0431  0.0446  0.0423  0.0427  0.0419
  0.0523  0.0483  0.0513  0.0450  0.0472  0.0443
  0.0611  0.0536  0.0579  0.0486  0.0533  0.0478
niter,ni,del,rscale     2    3   12.0000    1.2000
parameters
   -5.0952   20.4847    6.0322   -1.6565    0.0833   -0.4235
eta,q 0.95908 15.40917
  0.0637  0.0543  0.0585  0.0493  0.0529  0.0480
  0.0513  0.0474  0.0502  0.0442  0.0473  0.0442
  0.0431  0.0424  0.0436  0.0415  0.0426  0.0416
  0.0409  0.0409  0.0409  0.0409  0.0409  0.0409
  0.0445  0.0431  0.0445  0.0423  0.0427  0.0419
  0.0528  0.0482  0.0512  0.0450  0.0471  0.0443
  0.0615  0.0536  0.0578  0.0486  0.0532  0.0478
registration optimization eta report
parameter search radius
    6.0000    6.0000    6.0000    6.0000    6.0000    6.0000
100000*second partial in parameter space
       59.       35.       46.       22.       33.       19.
  0.0637  0.0543  0.0585  0.0493  0.0529  0.0480
  0.0513  0.0474  0.0502  0.0442  0.0473  0.0442
  0.0431  0.0424  0.0436  0.0415  0.0426  0.0416
  0.0409  0.0409  0.0409  0.0409  0.0409  0.0409
  0.0445  0.0431  0.0445  0.0423  0.0427  0.0419
  0.0528  0.0482  0.0512  0.0450  0.0471  0.0443
  0.0615  0.0536  0.0578  0.0486  0.0532  0.0478
   -5.0952   20.4847    6.0322   -1.6565    0.0833   -0.4235
eta,q 0.95908 15.40917

---------------------------------------------------------------------
imgreg_4dfp /opt/freesurfer/average/711-2C_as_mni_average_305 /opt/freesurfer/average/711-2B_as_mni_average_305_mask talsrcimg_g11 none talsrcimg_to_711-2C_as_mni_average_305_t4 3335
---------------------------------------------------------------------

freesurfer imgreg_4dfp.c
/opt/freesurfer/average/711-2C_as_mni_average_305.4dfp.img
       256       256       256         1
  1.000000  1.000000  1.000000
orientation T byte_order littleendian
Reading image: /opt/freesurfer/average/711-2C_as_mni_average_305.4dfp.img
dimensions:      256       256       256
mmppix:       1.0000   -1.0000   -1.0000
center:     128.0000 -129.0000 -129.0000
/opt/freesurfer/average/711-2B_as_mni_average_305_mask.4dfp.img
       256       256       256         1
  1.000000  1.000000  1.000000
orientation T byte_order littleendian
Reading mask: /opt/freesurfer/average/711-2B_as_mni_average_305_mask.4dfp.img (2306576 pixels)
talsrcimg_g11.4dfp.img
       256       256       256         1
  1.000000  1.000000  1.000000
orientation T byte_order littleendian
Reading image: talsrcimg_g11.4dfp.img
dimensions:      256       256       256
mmppix:       1.0000   -1.0000   -1.0000
center:     128.0000 -129.0000 -129.0000
fimgreg.f
image alignment mode   3335 decimal      D07 hex
parameters
   -5.0952   20.4847    6.0322   -0.0028   -0.0445   -0.0419
    0.7431   -0.1240   -0.7392    2.8918    0.1454   -2.8908
eta,q 0.96020 15.57951
niter,ni,del,rscale     5    3    5.0000    1.2000
parameter  4  1.799760 ->  0.500000 qaram    1.1500
parameter  5  9.862085 ->  0.500000 qaram    1.1500
parameters
   -4.9314   20.5344    5.9109   -4.1428   -4.1845   -2.8049
    0.3404    0.1568    0.5362    3.0426    0.6876   -1.1758
eta,q 0.97505 15.66376
  0.0448  0.0417  0.0428  0.0298  0.0219  0.0275  0.0283  0.0334  0.0285  0.0300  0.0273  0.0279
  0.0422  0.0407  0.0410  0.0310  0.0246  0.0262  0.0266  0.0289  0.0270  0.0276  0.0261  0.0265
  0.0405  0.0401  0.0400  0.0342  0.0279  0.0250  0.0254  0.0262  0.0258  0.0258  0.0254  0.0255
  0.0398  0.0398  0.0398  0.0398  0.0317  0.0254  0.0252  0.0252  0.0251  0.0251  0.0250  0.0250
  0.0402  0.0399  0.0403  0.0466  0.0352  0.0285  0.0257  0.0257  0.0251  0.0255  0.0252  0.0250
  0.0415  0.0405  0.0415  0.0530  0.0388  0.0351  0.0271  0.0281  0.0257  0.0272  0.0257  0.0253
  0.0435  0.0416  0.0434  0.0585  0.0423  0.0416  0.0291  0.0323  0.0268  0.0297  0.0267  0.0260
niter,ni,del,rscale     6    3    5.0000    1.2000
parameter  5  0.861800 ->  0.500000 qaram    1.3225
parameters
   -4.7455   20.2426    4.8321   -8.1752   -8.9455   -2.7200
    0.4636    0.1205    0.8200    2.4103    0.5223   -1.9341
eta,q 0.97970 15.46099
  0.0304  0.0272  0.0251  0.0245  0.0210  0.0245  0.0237  0.0254  0.0228  0.0233  0.0214  0.0214
  0.0276  0.0257  0.0245  0.0235  0.0203  0.0231  0.0219  0.0225  0.0215  0.0215  0.0208  0.0207
  0.0257  0.0250  0.0244  0.0233  0.0211  0.0217  0.0207  0.0209  0.0206  0.0205  0.0204  0.0204
  0.0249  0.0249  0.0248  0.0243  0.0232  0.0204  0.0203  0.0203  0.0203  0.0203  0.0203  0.0203
  0.0252  0.0256  0.0258  0.0278  0.0265  0.0201  0.0207  0.0208  0.0205  0.0210  0.0204  0.0206
  0.0266  0.0268  0.0273  0.0341  0.0300  0.0218  0.0218  0.0225  0.0212  0.0223  0.0209  0.0212
  0.0289  0.0284  0.0291  0.0413  0.0334  0.0256  0.0235  0.0255  0.0224  0.0245  0.0216  0.0220
niter,ni,del,rscale     6    3    5.0000    1.2000
parameters
   -4.6506   20.6595    5.2369   -8.4075  -10.7348   -2.4463
    0.3561    0.1189    0.8252    2.4744    0.1474   -2.2626
eta,q 0.98009 15.37324
  0.0242  0.0244  0.0226  0.0244  0.0243  0.0240  0.0229  0.0246  0.0221  0.0231  0.0209  0.0211
  0.0222  0.0225  0.0215  0.0225  0.0220  0.0226  0.0213  0.0219  0.0209  0.0213  0.0204  0.0204
  0.0208  0.0211  0.0206  0.0211  0.0203  0.0213  0.0202  0.0204  0.0202  0.0202  0.0200  0.0200
  0.0203  0.0203  0.0202  0.0201  0.0202  0.0200  0.0199  0.0199  0.0199  0.0199  0.0199  0.0199
  0.0206  0.0203  0.0202  0.0200  0.0220  0.0197  0.0203  0.0204  0.0202  0.0203  0.0201  0.0201
  0.0218  0.0210  0.0206  0.0216  0.0252  0.0210  0.0214  0.0219  0.0209  0.0213  0.0205  0.0206
  0.0237  0.0224  0.0214  0.0262  0.0289  0.0246  0.0231  0.0247  0.0221  0.0229  0.0212  0.0213
niter,ni,del,rscale     5    3    5.0000    1.2000
parameters
   -4.6207   20.9351    5.4833   -8.0774  -11.2907   -2.3724
    0.3078    0.1619    0.8086    2.5633   -0.0878   -2.5407
eta,q 0.98020 15.36066
  0.0235  0.0236  0.0221  0.0244  0.0252  0.0238  0.0229  0.0246  0.0219  0.0229  0.0209  0.0211
  0.0216  0.0218  0.0210  0.0225  0.0227  0.0224  0.0212  0.0218  0.0208  0.0211  0.0203  0.0203
  0.0203  0.0205  0.0202  0.0209  0.0207  0.0210  0.0201  0.0203  0.0200  0.0201  0.0199  0.0199
  0.0199  0.0199  0.0199  0.0198  0.0198  0.0198  0.0198  0.0198  0.0198  0.0198  0.0198  0.0198
  0.0203  0.0200  0.0200  0.0195  0.0207  0.0196  0.0202  0.0202  0.0201  0.0202  0.0200  0.0200
  0.0214  0.0208  0.0205  0.0207  0.0235  0.0210  0.0212  0.0217  0.0208  0.0211  0.0204  0.0205
  0.0233  0.0222  0.0213  0.0248  0.0270  0.0249  0.0229  0.0245  0.0219  0.0226  0.0210  0.0212
niter,ni,del,rscale     4    3    5.0000    1.2000
parameters
   -4.6055   21.0405    5.5439   -8.0464  -11.4688   -2.3516
    0.3025    0.1934    0.8022    2.6372   -0.1816   -2.6847
eta,q 0.98019 15.35299
  0.0233  0.0229  0.0217  0.0242  0.0256  0.0238  0.0229  0.0246  0.0219  0.0229  0.0209  0.0211
  0.0214  0.0213  0.0207  0.0224  0.0230  0.0223  0.0212  0.0217  0.0208  0.0211  0.0203  0.0204
  0.0202  0.0202  0.0201  0.0208  0.0209  0.0210  0.0201  0.0203  0.0200  0.0200  0.0199  0.0199
  0.0198  0.0198  0.0198  0.0198  0.0198  0.0198  0.0198  0.0198  0.0198  0.0198  0.0198  0.0198
  0.0202  0.0201  0.0200  0.0196  0.0204  0.0196  0.0202  0.0202  0.0201  0.0202  0.0200  0.0200
  0.0213  0.0210  0.0206  0.0210  0.0230  0.0210  0.0212  0.0217  0.0208  0.0211  0.0204  0.0205
  0.0233  0.0224  0.0215  0.0254  0.0264  0.0250  0.0229  0.0245  0.0219  0.0226  0.0210  0.0212
niter,ni,del,rscale     3    3    5.0000    1.2000
parameters
   -4.5990   21.0803    5.5563   -8.0269  -11.5269   -2.3447
    0.2998    0.2077    0.8070    2.6809   -0.2233   -2.7491
eta,q 0.98018 15.35121
  0.0233  0.0228  0.0217  0.0242  0.0257  0.0238  0.0229  0.0246  0.0219  0.0228  0.0210  0.0212
  0.0214  0.0211  0.0207  0.0224  0.0231  0.0223  0.0212  0.0217  0.0208  0.0210  0.0203  0.0204
  0.0202  0.0201  0.0200  0.0208  0.0210  0.0210  0.0201  0.0203  0.0200  0.0200  0.0199  0.0199
  0.0198  0.0198  0.0198  0.0198  0.0198  0.0198  0.0198  0.0198  0.0198  0.0198  0.0198  0.0198
  0.0202  0.0201  0.0200  0.0196  0.0203  0.0196  0.0202  0.0203  0.0201  0.0202  0.0200  0.0200
  0.0214  0.0210  0.0207  0.0210  0.0229  0.0211  0.0212  0.0217  0.0208  0.0211  0.0203  0.0205
  0.0233  0.0225  0.0216  0.0255  0.0263  0.0251  0.0229  0.0245  0.0219  0.0226  0.0210  0.0211
niter,ni,del,rscale     2    3    5.0000    1.2000
parameters
   -4.5963   21.0953    5.5563   -8.0253  -11.5434   -2.3429
    0.3006    0.2140    0.8101    2.7023   -0.2421   -2.7801
eta,q 0.98019 15.35050
  0.0233  0.0227  0.0217  0.0242  0.0257  0.0238  0.0229  0.0246  0.0219  0.0228  0.0210  0.0212
  0.0214  0.0211  0.0207  0.0224  0.0232  0.0223  0.0212  0.0217  0.0208  0.0210  0.0203  0.0204
  0.0202  0.0201  0.0200  0.0208  0.0210  0.0210  0.0202  0.0203  0.0200  0.0200  0.0199  0.0200
  0.0198  0.0198  0.0198  0.0198  0.0198  0.0198  0.0198  0.0198  0.0198  0.0198  0.0198  0.0198
  0.0202  0.0201  0.0201  0.0196  0.0203  0.0196  0.0202  0.0203  0.0201  0.0202  0.0200  0.0200
  0.0214  0.0211  0.0207  0.0210  0.0228  0.0211  0.0212  0.0217  0.0208  0.0211  0.0203  0.0205
  0.0233  0.0226  0.0216  0.0255  0.0262  0.0251  0.0229  0.0245  0.0219  0.0226  0.0210  0.0211
registration optimization eta report
parameter search radius
    2.4000    2.4000    2.4000    8.2800    9.5220    7.2000
    7.2000    7.2000    7.2000    7.2000    7.2000    7.2000
100000*second partial in parameter space
       60.       49.       32.        8.        7.        9.
        6.        9.        4.        6.        2.        3.
  0.0233  0.0227  0.0217  0.0242  0.0257  0.0238  0.0229  0.0246  0.0219  0.0228  0.0210  0.0212
  0.0214  0.0211  0.0207  0.0224  0.0232  0.0223  0.0212  0.0217  0.0208  0.0210  0.0203  0.0204
  0.0202  0.0201  0.0200  0.0208  0.0210  0.0210  0.0202  0.0203  0.0200  0.0200  0.0199  0.0200
  0.0198  0.0198  0.0198  0.0198  0.0198  0.0198  0.0198  0.0198  0.0198  0.0198  0.0198  0.0198
  0.0202  0.0201  0.0201  0.0196  0.0203  0.0196  0.0202  0.0203  0.0201  0.0202  0.0200  0.0200
  0.0214  0.0211  0.0207  0.0210  0.0228  0.0211  0.0212  0.0217  0.0208  0.0211  0.0203  0.0205
  0.0233  0.0226  0.0216  0.0255  0.0262  0.0251  0.0229  0.0245  0.0219  0.0226  0.0210  0.0211
   -4.5963   21.0953    5.5563   -8.0253  -11.5434   -2.3429
    0.3006    0.2140    0.8101    2.7023   -0.2421   -2.7801
eta,q 0.98019 15.35050

---------------------------------------------------------------------
imgreg_4dfp /opt/freesurfer/average/711-2C_as_mni_average_305 /opt/freesurfer/average/711-2B_as_mni_average_305_mask talsrcimg_g11 none talsrcimg_to_711-2C_as_mni_average_305_t4 2311
---------------------------------------------------------------------

freesurfer imgreg_4dfp.c
/opt/freesurfer/average/711-2C_as_mni_average_305.4dfp.img
       256       256       256         1
  1.000000  1.000000  1.000000
orientation T byte_order littleendian
Reading image: /opt/freesurfer/average/711-2C_as_mni_average_305.4dfp.img
dimensions:      256       256       256
mmppix:       1.0000   -1.0000   -1.0000
center:     128.0000 -129.0000 -129.0000
/opt/freesurfer/average/711-2B_as_mni_average_305_mask.4dfp.img
       256       256       256         1
  1.000000  1.000000  1.000000
orientation T byte_order littleendian
Reading mask: /opt/freesurfer/average/711-2B_as_mni_average_305_mask.4dfp.img (2306576 pixels)
talsrcimg_g11.4dfp.img
       256       256       256         1
  1.000000  1.000000  1.000000
orientation T byte_order littleendian
Reading image: talsrcimg_g11.4dfp.img
dimensions:      256       256       256
mmppix:       1.0000   -1.0000   -1.0000
center:     128.0000 -129.0000 -129.0000
fimgreg.f
image alignment mode   2311 decimal      907 hex
parameters
   -4.5963   21.0953    5.5563   -8.0253  -11.5434   -2.3429
    0.3006    0.2140    0.8101    2.7023   -0.2421   -2.7801
eta,q 0.98019 15.35050
niter,ni,del,rscale     5    3    5.0000    0.8000
parameters
   -4.5892   21.0868    5.5541   -6.4816  -11.2413   -1.3372
    0.3174    0.2338    0.7757    2.6928   -0.2585   -2.9014
eta,q 0.98069 15.46385
  0.0214  0.0211  0.0207  0.0219  0.0217  0.0222  0.0208  0.0220  0.0203  0.0207  0.0200  0.0199
  0.0205  0.0204  0.0202  0.0211  0.0207  0.0212  0.0200  0.0204  0.0198  0.0199  0.0196  0.0196
  0.0200  0.0199  0.0199  0.0203  0.0200  0.0203  0.0195  0.0195  0.0194  0.0194  0.0194  0.0194
  0.0198  0.0198  0.0198  0.0198  0.0196  0.0195  0.0193  0.0193  0.0193  0.0193  0.0193  0.0193
  0.0200  0.0200  0.0199  0.0196  0.0196  0.0193  0.0195  0.0196  0.0194  0.0195  0.0194  0.0194
  0.0205  0.0204  0.0202  0.0197  0.0202  0.0195  0.0200  0.0204  0.0198  0.0199  0.0196  0.0196
  0.0214  0.0211  0.0207  0.0204  0.0214  0.0210  0.0208  0.0219  0.0204  0.0207  0.0200  0.0200
niter,ni,del,rscale     4    3    5.0000    0.7000
parameters
   -4.6168   20.9912    5.6304   -6.7624  -11.1494   -1.2445
    0.3326    0.1490    0.7728    2.6081   -0.3003   -2.7852
eta,q 0.98070 15.45953
  0.0206  0.0202  0.0201  0.0205  0.0209  0.0212  0.0205  0.0211  0.0201  0.0204  0.0198  0.0198
  0.0199  0.0197  0.0197  0.0200  0.0202  0.0205  0.0198  0.0200  0.0197  0.0197  0.0195  0.0195
  0.0194  0.0194  0.0194  0.0195  0.0196  0.0197  0.0194  0.0195  0.0194  0.0194  0.0193  0.0194
  0.0193  0.0193  0.0193  0.0193  0.0193  0.0193  0.0193  0.0193  0.0193  0.0193  0.0193  0.0193
  0.0195  0.0195  0.0193  0.0194  0.0194  0.0193  0.0194  0.0195  0.0194  0.0195  0.0194  0.0194
  0.0199  0.0199  0.0196  0.0200  0.0199  0.0198  0.0198  0.0202  0.0197  0.0198  0.0195  0.0195
  0.0207  0.0205  0.0199  0.0213  0.0209  0.0215  0.0204  0.0213  0.0201  0.0204  0.0198  0.0198
niter,ni,del,rscale     3    3    5.0000    0.6000
parameters
   -4.6190   20.9531    5.6571   -6.6073  -11.0928   -1.0338
    0.3329    0.1295    0.7535    2.5648   -0.2844   -2.6868
eta,q 0.98073 15.47370
  0.0203  0.0200  0.0198  0.0204  0.0205  0.0209  0.0201  0.0207  0.0199  0.0201  0.0196  0.0196
  0.0197  0.0196  0.0195  0.0199  0.0199  0.0202  0.0196  0.0199  0.0195  0.0196  0.0194  0.0194
  0.0194  0.0194  0.0194  0.0195  0.0195  0.0196  0.0194  0.0194  0.0193  0.0193  0.0193  0.0193
  0.0193  0.0193  0.0193  0.0193  0.0193  0.0193  0.0193  0.0193  0.0193  0.0193  0.0193  0.0193
  0.0194  0.0194  0.0193  0.0193  0.0194  0.0193  0.0194  0.0194  0.0194  0.0194  0.0193  0.0193
  0.0197  0.0197  0.0195  0.0196  0.0198  0.0196  0.0197  0.0199  0.0196  0.0196  0.0194  0.0194
  0.0203  0.0201  0.0198  0.0204  0.0205  0.0207  0.0201  0.0207  0.0199  0.0201  0.0196  0.0196
niter,ni,del,rscale     2    3    5.0000    0.5000
parameters
   -4.6250   20.9224    5.6833   -6.5054  -11.0338   -0.8673
    0.3295    0.0982    0.7451    2.5305   -0.2706   -2.6474
eta,q 0.98075 15.48403
  0.0200  0.0198  0.0196  0.0200  0.0201  0.0204  0.0199  0.0203  0.0197  0.0198  0.0195  0.0195
  0.0196  0.0195  0.0194  0.0197  0.0197  0.0198  0.0195  0.0197  0.0194  0.0195  0.0194  0.0194
  0.0193  0.0193  0.0193  0.0194  0.0194  0.0194  0.0193  0.0193  0.0193  0.0193  0.0193  0.0193
  0.0193  0.0193  0.0193  0.0193  0.0193  0.0193  0.0193  0.0193  0.0193  0.0193  0.0193  0.0193
  0.0193  0.0194  0.0193  0.0193  0.0193  0.0193  0.0193  0.0194  0.0193  0.0193  0.0193  0.0193
  0.0196  0.0196  0.0194  0.0195  0.0196  0.0195  0.0195  0.0197  0.0195  0.0195  0.0194  0.0194
  0.0200  0.0199  0.0196  0.0200  0.0201  0.0202  0.0199  0.0203  0.0197  0.0198  0.0195  0.0195
niter,ni,del,rscale     1    3    5.0000    0.4000
parameters
   -4.6310   20.8973    5.6962   -6.4207  -10.9738   -0.7514
    0.3381    0.0700    0.7333    2.5300   -0.2462   -2.5854
eta,q 0.98076 15.49295
  0.0197  0.0196  0.0195  0.0198  0.0198  0.0199  0.0196  0.0199  0.0195  0.0196  0.0194  0.0194
  0.0194  0.0194  0.0194  0.0195  0.0196  0.0196  0.0194  0.0195  0.0194  0.0194  0.0193  0.0193
  0.0193  0.0193  0.0193  0.0193  0.0193  0.0193  0.0193  0.0193  0.0193  0.0193  0.0193  0.0193
  0.0193  0.0193  0.0193  0.0193  0.0192  0.0192  0.0192  0.0192  0.0192  0.0192  0.0192  0.0192
  0.0193  0.0193  0.0193  0.0193  0.0193  0.0193  0.0193  0.0193  0.0193  0.0193  0.0193  0.0193
  0.0194  0.0194  0.0193  0.0194  0.0195  0.0194  0.0194  0.0196  0.0194  0.0194  0.0193  0.0193
  0.0197  0.0196  0.0195  0.0197  0.0198  0.0198  0.0196  0.0199  0.0195  0.0196  0.0194  0.0194
registration optimization eta report
parameter search radius
    0.8000    0.8000    0.8000    2.4000    2.4000    2.4000
    2.4000    2.4000    2.4000    2.4000    2.4000    2.4000
100000*second partial in parameter space
       71.       57.       35.        9.       10.       11.
        7.       11.        5.        6.        3.        3.
  0.0197  0.0196  0.0195  0.0198  0.0198  0.0199  0.0196  0.0199  0.0195  0.0196  0.0194  0.0194
  0.0194  0.0194  0.0194  0.0195  0.0196  0.0196  0.0194  0.0195  0.0194  0.0194  0.0193  0.0193
  0.0193  0.0193  0.0193  0.0193  0.0193  0.0193  0.0193  0.0193  0.0193  0.0193  0.0193  0.0193
  0.0193  0.0193  0.0193  0.0193  0.0192  0.0192  0.0192  0.0192  0.0192  0.0192  0.0192  0.0192
  0.0193  0.0193  0.0193  0.0193  0.0193  0.0193  0.0193  0.0193  0.0193  0.0193  0.0193  0.0193
  0.0194  0.0194  0.0193  0.0194  0.0195  0.0194  0.0194  0.0196  0.0194  0.0194  0.0193  0.0193
  0.0197  0.0196  0.0195  0.0197  0.0198  0.0198  0.0196  0.0199  0.0195  0.0196  0.0194  0.0194
   -4.6310   20.8973    5.6962   -6.4207  -10.9738   -0.7514
    0.3381    0.0700    0.7333    2.5300   -0.2462   -2.5854
eta,q 0.98076 15.49295

---------------------------------------------------------------------
imgreg_4dfp /opt/freesurfer/average/711-2C_as_mni_average_305 /opt/freesurfer/average/711-2B_as_mni_average_305_mask talsrcimg_g11 none talsrcimg_to_711-2C_as_mni_average_305_t4 2311
---------------------------------------------------------------------

freesurfer imgreg_4dfp.c
/opt/freesurfer/average/711-2C_as_mni_average_305.4dfp.img
       256       256       256         1
  1.000000  1.000000  1.000000
orientation T byte_order littleendian
Reading image: /opt/freesurfer/average/711-2C_as_mni_average_305.4dfp.img
dimensions:      256       256       256
mmppix:       1.0000   -1.0000   -1.0000
center:     128.0000 -129.0000 -129.0000
/opt/freesurfer/average/711-2B_as_mni_average_305_mask.4dfp.img
       256       256       256         1
  1.000000  1.000000  1.000000
orientation T byte_order littleendian
Reading mask: /opt/freesurfer/average/711-2B_as_mni_average_305_mask.4dfp.img (2306576 pixels)
talsrcimg_g11.4dfp.img
       256       256       256         1
  1.000000  1.000000  1.000000
orientation T byte_order littleendian
Reading image: talsrcimg_g11.4dfp.img
dimensions:      256       256       256
mmppix:       1.0000   -1.0000   -1.0000
center:     128.0000 -129.0000 -129.0000
fimgreg.f
image alignment mode   2311 decimal      907 hex
parameters
   -4.6310   20.8973    5.6962   -6.4207  -10.9738   -0.7514
    0.3381    0.0700    0.7333    2.5300   -0.2462   -2.5854
eta,q 0.98076 15.49295
niter,ni,del,rscale     5    3    5.0000    0.8000
parameters
   -4.6520   20.8903    5.6621   -7.0522  -11.1678   -1.3806
    0.3284    0.1316    0.7799    2.5136   -0.2845   -2.5748
eta,q 0.98065 15.44520
  0.0210  0.0207  0.0201  0.0207  0.0212  0.0213  0.0208  0.0218  0.0204  0.0208  0.0199  0.0200
  0.0200  0.0199  0.0196  0.0200  0.0203  0.0204  0.0200  0.0204  0.0198  0.0199  0.0196  0.0196
  0.0194  0.0194  0.0193  0.0195  0.0196  0.0196  0.0195  0.0196  0.0195  0.0195  0.0194  0.0194
  0.0192  0.0192  0.0192  0.0192  0.0193  0.0193  0.0193  0.0193  0.0194  0.0194  0.0193  0.0194
  0.0194  0.0194  0.0193  0.0194  0.0195  0.0195  0.0195  0.0196  0.0195  0.0195  0.0194  0.0194
  0.0201  0.0199  0.0196  0.0204  0.0203  0.0208  0.0200  0.0203  0.0198  0.0200  0.0196  0.0196
  0.0212  0.0207  0.0202  0.0225  0.0217  0.0236  0.0208  0.0217  0.0204  0.0207  0.0200  0.0200
niter,ni,del,rscale     4    3    5.0000    0.7000
parameters
   -4.6213   20.9460    5.6471   -6.7354  -11.1357   -1.2443
    0.3242    0.1505    0.7682    2.5338   -0.2621   -2.6851
eta,q 0.98070 15.46125
  0.0207  0.0205  0.0200  0.0208  0.0209  0.0213  0.0204  0.0212  0.0201  0.0204  0.0198  0.0198
  0.0200  0.0199  0.0197  0.0202  0.0201  0.0205  0.0198  0.0201  0.0197  0.0198  0.0195  0.0195
  0.0195  0.0195  0.0194  0.0197  0.0196  0.0197  0.0194  0.0195  0.0194  0.0194  0.0193  0.0193
  0.0194  0.0193  0.0193  0.0193  0.0193  0.0193  0.0193  0.0193  0.0193  0.0193  0.0193  0.0193
  0.0195  0.0195  0.0194  0.0193  0.0194  0.0193  0.0194  0.0195  0.0194  0.0194  0.0193  0.0194
  0.0199  0.0198  0.0197  0.0197  0.0200  0.0198  0.0198  0.0201  0.0197  0.0198  0.0195  0.0195
  0.0206  0.0203  0.0201  0.0206  0.0210  0.0214  0.0205  0.0212  0.0201  0.0204  0.0198  0.0198
niter,ni,del,rscale     3    3    5.0000    0.6000
parameters
   -4.6223   20.9388    5.6606   -6.6126  -11.0902   -1.0412
    0.3341    0.1206    0.7572    2.5351   -0.2901   -2.6711
eta,q 0.98073 15.47322
  0.0203  0.0201  0.0198  0.0204  0.0205  0.0208  0.0201  0.0207  0.0199  0.0201  0.0196  0.0196
  0.0197  0.0196  0.0195  0.0199  0.0199  0.0202  0.0197  0.0198  0.0195  0.0196  0.0194  0.0194
  0.0194  0.0194  0.0194  0.0195  0.0195  0.0196  0.0194  0.0194  0.0193  0.0193  0.0193  0.0193
  0.0193  0.0193  0.0193  0.0193  0.0193  0.0193  0.0193  0.0193  0.0193  0.0193  0.0193  0.0193
  0.0194  0.0194  0.0193  0.0193  0.0194  0.0193  0.0194  0.0194  0.0193  0.0194  0.0193  0.0193
  0.0197  0.0197  0.0195  0.0196  0.0198  0.0196  0.0196  0.0199  0.0195  0.0196  0.0194  0.0194
  0.0203  0.0201  0.0198  0.0204  0.0205  0.0208  0.0201  0.0207  0.0199  0.0201  0.0196  0.0196
niter,ni,del,rscale     2    3    5.0000    0.5000
parameters
   -4.6255   20.9207    5.6866   -6.5048  -11.0350   -0.8680
    0.3294    0.0959    0.7512    2.5279   -0.2784   -2.6418
eta,q 0.98074 15.48395
  0.0200  0.0198  0.0196  0.0200  0.0201  0.0204  0.0199  0.0203  0.0197  0.0198  0.0195  0.0195
  0.0196  0.0195  0.0194  0.0197  0.0197  0.0198  0.0195  0.0197  0.0194  0.0195  0.0194  0.0194
  0.0193  0.0193  0.0193  0.0194  0.0194  0.0194  0.0193  0.0193  0.0193  0.0193  0.0193  0.0193
  0.0193  0.0193  0.0193  0.0193  0.0193  0.0193  0.0193  0.0193  0.0193  0.0193  0.0193  0.0193
  0.0193  0.0193  0.0193  0.0193  0.0193  0.0193  0.0193  0.0194  0.0193  0.0193  0.0193  0.0193
  0.0196  0.0195  0.0194  0.0195  0.0196  0.0195  0.0195  0.0197  0.0194  0.0195  0.0194  0.0194
  0.0200  0.0198  0.0196  0.0200  0.0201  0.0202  0.0199  0.0203  0.0197  0.0198  0.0195  0.0195
niter,ni,del,rscale     1    3    5.0000    0.4000
parameters
   -4.6290   20.8966    5.6959   -6.4230  -10.9737   -0.7491
    0.3330    0.0701    0.7341    2.5249   -0.2520   -2.5774
eta,q 0.98075 15.49289
  0.0197  0.0196  0.0195  0.0198  0.0198  0.0200  0.0196  0.0199  0.0195  0.0196  0.0194  0.0194
  0.0194  0.0194  0.0194  0.0195  0.0196  0.0196  0.0194  0.0195  0.0194  0.0194  0.0193  0.0193
  0.0193  0.0193  0.0193  0.0193  0.0193  0.0193  0.0193  0.0193  0.0193  0.0193  0.0193  0.0193
  0.0193  0.0193  0.0193  0.0193  0.0193  0.0192  0.0192  0.0192  0.0192  0.0192  0.0192  0.0192
  0.0193  0.0193  0.0193  0.0193  0.0193  0.0193  0.0193  0.0193  0.0193  0.0193  0.0193  0.0193
  0.0194  0.0194  0.0193  0.0194  0.0195  0.0194  0.0194  0.0196  0.0194  0.0194  0.0193  0.0193
  0.0197  0.0196  0.0195  0.0197  0.0198  0.0198  0.0196  0.0199  0.0195  0.0196  0.0194  0.0194
registration optimization eta report
parameter search radius
    0.8000    0.8000    0.8000    2.4000    2.4000    2.4000
    2.4000    2.4000    2.4000    2.4000    2.4000    2.4000
100000*second partial in parameter space
       71.       57.       35.        9.       10.       11.
        7.       12.        5.        6.        3.        3.
  0.0197  0.0196  0.0195  0.0198  0.0198  0.0200  0.0196  0.0199  0.0195  0.0196  0.0194  0.0194
  0.0194  0.0194  0.0194  0.0195  0.0196  0.0196  0.0194  0.0195  0.0194  0.0194  0.0193  0.0193
  0.0193  0.0193  0.0193  0.0193  0.0193  0.0193  0.0193  0.0193  0.0193  0.0193  0.0193  0.0193
  0.0193  0.0193  0.0193  0.0193  0.0193  0.0192  0.0192  0.0192  0.0192  0.0192  0.0192  0.0192
  0.0193  0.0193  0.0193  0.0193  0.0193  0.0193  0.0193  0.0193  0.0193  0.0193  0.0193  0.0193
  0.0194  0.0194  0.0193  0.0194  0.0195  0.0194  0.0194  0.0196  0.0194  0.0194  0.0193  0.0193
  0.0197  0.0196  0.0195  0.0197  0.0198  0.0198  0.0196  0.0199  0.0195  0.0196  0.0194  0.0194
   -4.6290   20.8966    5.6959   -6.4230  -10.9737   -0.7491
    0.3330    0.0701    0.7341    2.5249   -0.2520   -2.5774
eta,q 0.98075 15.49289

---------------------------------------------------------------------
compute_vox2vox talsrcimg talsrcimg_to_711-2C_as_mni_average_305_t4 /opt/freesurfer/average/711-2C_as_mni_average_305
---------------------------------------------------------------------

freesurfer compute_vox2vox.c
Reading: talsrcimg.4dfp.ifh
Reading: talsrcimg_to_711-2C_as_mni_average_305_t4
Reading: /opt/freesurfer/average/711-2C_as_mni_average_305.4dfp.ifh
Writing: talsrcimg_to_711-2C_as_mni_average_305_t4_vox2vox.txt

start time Mon Mar 9 14:38:54 CET 2026
end		time Mon Mar 9 14:40:28 CET 2026

mpr2mni305 success

avi2talxfm orig_nu.mgz /opt/freesurfer/average/mni305.cor.mgz talsrcimg_to_711-2C_as_mni_average_305_t4_vox2vox.txt transforms/talairach.auto.xfm
avi2talxfm done
mv -f /out/sourcedata/freesurfer/sub-v1s22x0050486_ses-1/mri/talsrcimg_to_711-2C_as_mni_average_305_t4_vox2vox.txt /out/sourcedata/freesurfer/sub-v1s22x0050486_ses-1/mri/transforms/talsrcimg_to_711-2C_as_mni_average_305_t4_vox2vox.txt
lta_convert --src orig_nu.mgz --trg /opt/freesurfer/average/mni305.cor.mgz --inxfm transforms/talairach.auto.xfm --outlta transforms/talairach.auto.xfm.lta --subject fsaverage
7.3.2

--src: orig_nu.mgz src image (geometry).
--trg: /opt/freesurfer/average/mni305.cor.mgz trg image (geometry).
--inmni: transforms/talairach.auto.xfm input MNI/XFM transform.
--outlta: transforms/talairach.auto.xfm.lta output LTA.
--s: fsaverage subject name
 LTA read, type : 1
 1.06867  -0.00065  -0.00402   5.30116;
 0.00248   1.00680   0.02914  -49.94911;
-0.00888  -0.02855   1.12247  -36.56409;
 0.00000   0.00000   0.00000   1.00000;
setting subject to fsaverage
Writing  LTA to file transforms/talairach.auto.xfm.lta...
lta_convert successful.
 
 
Started at Mon Mar 9 14:38:53 CET 2026
Ended   at Mon Mar  9 14:40:28 CET 2026
talairach_avi done
