/out/sourcedata/freesurfer/sub-v1s22x0050479_ses-1/mri
/opt/freesurfer/bin/talairach_avi
--i orig_nu.mgz --xfm transforms/talairach.auto.xfm
talairach_avi 7.3.2
Linux dna079 5.14.0-427.37.1.el9_4.x86_64 #1 SMP PREEMPT_DYNAMIC Fri Sep 13 12:41:50 EDT 2024 x86_64 x86_64 x86_64 GNU/Linux
Mon Mar  9 14:11:04 CET 2026
mri_convert orig_nu.mgz talsrcimg.img 
reading from orig_nu.mgz...
TR=0.00, TE=0.00, TI=0.00, flip angle=0.00
i_ras = (-1, 3.28782e-10, 0)
j_ras = (0, 2.91038e-11, -1)
k_ras = (1.53432e-09, 1, 0)
writing to talsrcimg.img...
Analyze Output Matrix
-1.00000   0.00000   0.00000   128.82935;
 0.00000   0.00000   1.00000  -93.80880;
 0.00000  -1.00000   0.00000   114.74069;
 0.00000   0.00000   0.00000   1.00000;
--------------------
INFO: set hdr.hist.orient to -1
mpr2mni305 talsrcimg
Mon Mar  9 14:11:04 CET 2026
/opt/freesurfer/bin/mpr2mni305 talsrcimg
mpr2mni305 7.3.2
target=711-2C_as_mni_average_305

---------------------------------------------------------------------
analyzeto4dfp talsrcimg -O0 -y
---------------------------------------------------------------------

freesurfer ifh2hdr.c
Mon Mar  9 14:11:04 2026
Writing: talsrcimg.4dfp.hdr
freesurfer analyzeto4dfp.c
Reading: talsrcimg.hdr
header size 348 bytes
hdr.dime.datatype	offset=70	value=2
hdr.dime.bitpix		offset=72	value=8
hdr.hist.orient		offset=252	value=-1
dimensionality     4
dimensions       256       256       256         1
Reading: talsrcimg.img
Writing: talsrcimg.4dfp.img
Writing: talsrcimg.4dfp.ifh
ifh2hdr talsrcimg -r0to199
ori=2

---------------------------------------------------------------------
gauss_4dfp talsrcimg 1.1
---------------------------------------------------------------------

freesurfer gauss_4dfp.c
Reading: talsrcimg.4dfp.img
Writing: talsrcimg_g11.4dfp.img
image dimensions 256 256 256 padded to 288 288 288
processing volume 1freesurfer ifh2hdr.c
Mon Mar  9 14:11:05 2026
Writing: talsrcimg_g11.4dfp.hdr

Writing: talsrcimg_g11.4dfp.ifh
including: talsrcimg.4dfp.img.rec in talsrcimg_g11.4dfp.img.rec

---------------------------------------------------------------------
imgreg_4dfp /opt/freesurfer/average/711-2C_as_mni_average_305 none talsrcimg_g11 none talsrcimg_to_711-2C_as_mni_average_305_t4 4355
---------------------------------------------------------------------

freesurfer imgreg_4dfp.c
/opt/freesurfer/average/711-2C_as_mni_average_305.4dfp.img
       256       256       256         1
  1.000000  1.000000  1.000000
orientation T byte_order littleendian
Reading image: /opt/freesurfer/average/711-2C_as_mni_average_305.4dfp.img
dimensions:      256       256       256
mmppix:       1.0000   -1.0000   -1.0000
center:     128.0000 -129.0000 -129.0000
talsrcimg_g11.4dfp.img
       256       256       256         1
  1.000000  1.000000  1.000000
orientation T byte_order littleendian
Reading image: talsrcimg_g11.4dfp.img
dimensions:      256       256       256
mmppix:       1.0000   -1.0000   -1.0000
center:     128.0000 -129.0000 -129.0000
t4_read: open error in t4_sub.f l:  41 t4_file(1:l)talsrcimg_to_711-2C_as_mni_average_305_t4 
t4_read: transform initialized to I4
rotation matrix determinant  1.000000
image alignment mode   4355 decimal     1103 hex
   -7.5000  -45.0000  -45.0000 6987.1758   16.6015
    0.0000  -45.0000  -45.0000 7323.5093   16.6154
    7.5000  -45.0000  -45.0000 6947.1934   16.6054
   -7.5000  -37.5000  -45.0000 7484.1431   16.1410
    0.0000  -37.5000  -45.0000 7826.5015   16.1515
    7.5000  -37.5000  -45.0000 7432.5498   16.1457
   -7.5000  -30.0000  -45.0000 8319.4414   15.7874
    0.0000  -30.0000  -45.0000 8682.9414   15.7948
    7.5000  -30.0000  -45.0000 8231.9521   15.7777
   -7.5000  -22.5000  -45.0000 9232.6182   15.5690
    0.0000  -22.5000  -45.0000 9618.4590   15.5762
    7.5000  -22.5000  -45.0000 9133.1201   15.5481
   -7.5000  -15.0000  -45.000010179.9277   15.5113
    0.0000  -15.0000  -45.000010577.4971   15.5221
    7.5000  -15.0000  -45.000010057.5264   15.4931
   -7.5000   -7.5000  -45.000011073.6377   15.4789
    0.0000   -7.5000  -45.000011468.2705   15.4928
    7.5000   -7.5000  -45.000010912.2920   15.4756
   -7.5000    0.0000  -45.000011875.4902   15.4714
    0.0000    0.0000  -45.000012281.7588   15.4853
    7.5000    0.0000  -45.000011695.2998   15.4804
   -7.5000    7.5000  -45.000011800.3828   15.4560
    0.0000    7.5000  -45.000012216.7021   15.4663
    7.5000    7.5000  -45.000011620.4502   15.4609
   -7.5000   15.0000  -45.000011710.3662   15.4446
    0.0000   15.0000  -45.000012135.9375   15.4515
    7.5000   15.0000  -45.000011493.1504   15.4349
   -7.5000   22.5000  -45.000011345.3633   15.4448
    0.0000   22.5000  -45.000011760.2197   15.4520
    7.5000   22.5000  -45.000011109.1719   15.4243
   -7.5000   30.0000  -45.000010756.8145   15.2562
    0.0000   30.0000  -45.000011158.2305   15.2667
    7.5000   30.0000  -45.000010523.4375   15.2382
   -7.5000   37.5000  -45.000010615.8730   15.2685
    0.0000   37.5000  -45.000011028.4990   15.2822
    7.5000   37.5000  -45.000010380.9023   15.2651
   -7.5000   45.0000  -45.0000 9902.4287   14.8777
    0.0000   45.0000  -45.000010289.4746   14.8910
    7.5000   45.0000  -45.0000 9707.6807   14.8863
   -7.5000  -45.0000  -37.5000 7267.1187   16.4700
    0.0000  -45.0000  -37.5000 7609.0967   16.4767
    7.5000  -45.0000  -37.5000 7223.4243   16.4634
   -7.5000  -37.5000  -37.5000 7809.7539   16.0202
    0.0000  -37.5000  -37.5000 8156.1689   16.0260
    7.5000  -37.5000  -37.5000 7742.5479   16.0169
   -7.5000  -30.0000  -37.5000 8718.1807   15.6709
    0.0000  -30.0000  -37.5000 9084.8643   15.6755
    7.5000  -30.0000  -37.5000 8619.0225   15.6565
   -7.5000  -22.5000  -37.5000 9688.0742   15.4525
    0.0000  -22.5000  -37.500010089.5264   15.4574
    7.5000  -22.5000  -37.5000 9582.7881   15.4283
   -7.5000  -15.0000  -37.500010704.8018   15.3940
    0.0000  -15.0000  -37.500011101.5674   15.4004
    7.5000  -15.0000  -37.500010557.2900   15.3699
   -7.5000   -7.5000  -37.500011647.4600   15.3632
    0.0000   -7.5000  -37.500012052.2363   15.3707
    7.5000   -7.5000  -37.500011466.2031   15.3509
   -7.5000    0.0000  -37.500012477.6445   15.3587
    0.0000    0.0000  -37.500012890.1914   15.3661
    7.5000    0.0000  -37.500012288.5039   15.3584
   -7.5000    7.5000  -37.500012393.5195   15.3456
    0.0000    7.5000  -37.500012793.6650   15.3512
    7.5000    7.5000  -37.500012193.5039   15.3430
   -7.5000   15.0000  -37.500012272.9600   15.3333
    0.0000   15.0000  -37.500012693.0605   15.3376
    7.5000   15.0000  -37.500012051.6875   15.3192
   -7.5000   22.5000  -37.500011867.3145   15.3302
    0.0000   22.5000  -37.500012292.2656   15.3351
    7.5000   22.5000  -37.500011647.6699   15.3065
   -7.5000   30.0000  -37.500011235.1182   15.1412
    0.0000   30.0000  -37.500011631.3740   15.1474
    7.5000   30.0000  -37.500011022.9834   15.1173
   -7.5000   37.5000  -37.500011116.5449   15.1543
    0.0000   37.5000  -37.500011499.7412   15.1617
    7.5000   37.5000  -37.500010885.2979   15.1422
   -7.5000   45.0000  -37.500010417.6250   14.7692
    0.0000   45.0000  -37.500010768.4072   14.7764
    7.5000   45.0000  -37.500010213.2529   14.7689
   -7.5000  -45.0000  -30.0000 7688.8623   17.1538
    0.0000  -45.0000  -30.0000 8054.6602   17.1580
    7.5000  -45.0000  -30.0000 7652.6084   17.1411
   -7.5000  -37.5000  -30.0000 8294.4863   16.6850
    0.0000  -37.5000  -30.0000 8666.8799   16.6903
    7.5000  -37.5000  -30.0000 8220.7051   16.6794
   -7.5000  -30.0000  -30.0000 9282.1904   16.3165
    0.0000  -30.0000  -30.0000 9681.5908   16.3206
    7.5000  -30.0000  -30.0000 9182.9717   16.3013
   -7.5000  -22.5000  -30.000010339.4131   16.0866
    0.0000  -22.5000  -30.000010749.7617   16.0894
    7.5000  -22.5000  -30.000010217.8896   16.0597
   -7.5000  -15.0000  -30.000011402.8770   16.0281
    0.0000  -15.0000  -30.000011795.5225   16.0300
    7.5000  -15.0000  -30.000011242.2979   15.9973
   -7.5000   -7.5000  -30.000012426.4834   16.0011
    0.0000   -7.5000  -30.000012858.2988   16.0045
    7.5000   -7.5000  -30.000012274.5273   15.9814
   -7.5000    0.0000  -30.000013311.6074   15.9994
    0.0000    0.0000  -30.000013770.2705   16.0048
    7.5000    0.0000  -30.000013170.0391   15.9944
   -7.5000    7.5000  -30.000013236.0684   15.9835
    0.0000    7.5000  -30.000013683.7021   15.9885
    7.5000    7.5000  -30.000013030.0957   15.9792
   -7.5000   15.0000  -30.000013101.5000   15.9654
    0.0000   15.0000  -30.000013567.9404   15.9693
    7.5000   15.0000  -30.000012863.9951   15.9508
   -7.5000   22.5000  -30.000012665.1025   15.9579
    0.0000   22.5000  -30.000013125.9414   15.9607
    7.5000   22.5000  -30.000012416.5244   15.9315
   -7.5000   30.0000  -30.000011984.4707   15.7664
    0.0000   30.0000  -30.000012414.5059   15.7682
    7.5000   30.0000  -30.000011757.8242   15.7361
   -7.5000   37.5000  -30.000011840.8047   15.7851
    0.0000   37.5000  -30.000012246.6777   15.7884
    7.5000   37.5000  -30.000011602.4209   15.7656
   -7.5000   45.0000  -30.000011121.4121   15.3967
    0.0000   45.0000  -30.000011480.7432   15.4018
    7.5000   45.0000  -30.000010902.8027   15.3918
   -7.5000  -45.0000  -22.5000 8137.5635   17.7375
    0.0000  -45.0000  -22.5000 8498.3545   17.7443
    7.5000  -45.0000  -22.5000 8089.1333   17.7266
   -7.5000  -37.5000  -22.5000 8795.0918   17.2487
    0.0000  -37.5000  -22.5000 9171.9893   17.2563
    7.5000  -37.5000  -22.5000 8719.8994   17.2456
   -7.5000  -30.0000  -22.5000 9857.8760   16.8640
    0.0000  -30.0000  -22.500010272.2803   16.8688
    7.5000  -30.0000  -22.5000 9747.7539   16.8506
   -7.5000  -22.5000  -22.500010964.1055   16.6275
    0.0000  -22.5000  -22.500011387.7891   16.6282
    7.5000  -22.5000  -22.500010836.3066   16.5992
   -7.5000  -15.0000  -22.500012069.1074   16.5707
    0.0000  -15.0000  -22.500012524.8916   16.5704
    7.5000  -15.0000  -22.500011943.9033   16.5380
   -7.5000   -7.5000  -22.500013199.2754   16.5465
    0.0000   -7.5000  -22.500013694.8281   16.5500
    7.5000   -7.5000  -22.500013064.1729   16.5266
   -7.5000    0.0000  -22.500014211.3037   16.5449
    0.0000    0.0000  -22.500014744.4980   16.5526
    7.5000    0.0000  -22.500014050.8184   16.5416
   -7.5000    7.5000  -22.500014155.7988   16.5240
    0.0000    7.5000  -22.500014667.1797   16.5315
    7.5000    7.5000  -22.500013892.2598   16.5226
   -7.5000   15.0000  -22.500014016.7061   16.5015
    0.0000   15.0000  -22.500014515.6289   16.5061
    7.5000   15.0000  -22.500013714.3779   16.4884
   -7.5000   22.5000  -22.500013547.2393   16.4937
    0.0000   22.5000  -22.500014050.2471   16.4945
    7.5000   22.5000  -22.500013269.8828   16.4659
   -7.5000   30.0000  -22.500012814.5840   16.3029
    0.0000   30.0000  -22.500013316.5605   16.3025
    7.5000   30.0000  -22.500012567.7617   16.2707
   -7.5000   37.5000  -22.500012579.0537   16.3256
    0.0000   37.5000  -22.500013051.5410   16.3291
    7.5000   37.5000  -22.500012355.7764   16.3060
   -7.5000   45.0000  -22.500011810.9736   15.9336
    0.0000   45.0000  -22.500012232.9092   15.9409
    7.5000   45.0000  -22.500011623.9482   15.9304
   -7.5000  -45.0000  -15.0000 8554.9512   18.1478
    0.0000  -45.0000  -15.0000 8927.7725   18.1604
    7.5000  -45.0000  -15.0000 8500.0859   18.1459
   -7.5000  -37.5000  -15.0000 9270.2549   17.6434
    0.0000  -37.5000  -15.0000 9658.7754   17.6545
    7.5000  -37.5000  -15.0000 9179.7305   17.6469
   -7.5000  -30.0000  -15.000010383.8604   17.2510
    0.0000  -30.0000  -15.000010796.3330   17.2580
    7.5000  -30.0000  -15.000010265.0000   17.2417
   -7.5000  -22.5000  -15.000011541.3975   17.0139
    0.0000  -22.5000  -15.000011962.5400   17.0165
    7.5000  -22.5000  -15.000011406.2432   16.9886
   -7.5000  -15.0000  -15.000012722.4766   16.9580
    0.0000  -15.0000  -15.000013188.0000   16.9616
    7.5000  -15.0000  -15.000012585.7881   16.9312
   -7.5000   -7.5000  -15.000013977.8945   16.9317
    0.0000   -7.5000  -15.000014511.7109   16.9408
    7.5000   -7.5000  -15.000013809.4990   16.9201
   -7.5000    0.0000  -15.000015195.3789   16.9266
    0.0000    0.0000  -15.000015794.8926   16.9395
    7.5000    0.0000  -15.000014943.2998   16.9312
   -7.5000    7.5000  -15.000015159.0957   16.9021
    0.0000    7.5000  -15.000015735.5566   16.9135
    7.5000    7.5000  -15.000014809.3887   16.9072
   -7.5000   15.0000  -15.000014983.6973   16.8805
    0.0000   15.0000  -15.000015550.1426   16.8871
    7.5000   15.0000  -15.000014604.6230   16.8712
   -7.5000   22.5000  -15.000014491.2236   16.8763
    0.0000   22.5000  -15.000015062.5137   16.8789
    7.5000   22.5000  -15.000014141.7520   16.8514
   -7.5000   30.0000  -15.000013727.6982   16.6864
    0.0000   30.0000  -15.000014292.1387   16.6899
    7.5000   30.0000  -15.000013407.2920   16.6600
   -7.5000   37.5000  -15.000013409.6807   16.7080
    0.0000   37.5000  -15.000013960.3350   16.7170
    7.5000   37.5000  -15.000013121.8359   16.6966
   -7.5000   45.0000  -15.000012581.1406   16.3110
    0.0000   45.0000  -15.000013060.8994   16.3234
    7.5000   45.0000  -15.000012347.0225   16.3154
   -7.5000  -45.0000   -7.5000 8994.9717   18.3493
    0.0000  -45.0000   -7.5000 9359.3311   18.3659
    7.5000  -45.0000   -7.5000 8922.7373   18.3544
   -7.5000  -37.5000   -7.5000 9763.7422   17.8404
    0.0000  -37.5000   -7.500010147.1582   17.8535
    7.5000  -37.5000   -7.5000 9660.1201   17.8477
   -7.5000  -30.0000   -7.500010946.5977   17.4499
    0.0000  -30.0000   -7.500011348.9756   17.4588
    7.5000  -30.0000   -7.500010803.7236   17.4422
   -7.5000  -22.5000   -7.500012173.8643   17.2135
    0.0000  -22.5000   -7.500012602.2686   17.2200
    7.5000  -22.5000   -7.500011984.4365   17.1911
   -7.5000  -15.0000   -7.500013442.6260   17.1547
    0.0000  -15.0000   -7.500013948.3486   17.1644
    7.5000  -15.0000   -7.500013238.2998   17.1341
   -7.5000   -7.5000   -7.500014849.1045   17.1220
    0.0000   -7.5000   -7.500015477.7285   17.1368
    7.5000   -7.5000   -7.500014582.0264   17.1180
   -7.5000    0.0000   -7.500016286.5156   17.1127
    0.0000    0.0000   -7.500016997.8828   17.1292
    7.5000    0.0000   -7.500015839.5869   17.1234
   -7.5000    7.5000   -7.500016437.2363   17.0905
    0.0000    7.5000   -7.500017121.0664   17.1038
    7.5000    7.5000   -7.500015821.4111   17.0988
   -7.5000   15.0000   -7.500016257.5684   17.0750
    0.0000   15.0000   -7.500016914.3730   17.0833
    7.5000   15.0000   -7.500015620.5312   17.0671
   -7.5000   22.5000   -7.500015636.7324   17.0722
    0.0000   22.5000   -7.500016330.9229   17.0787
    7.5000   22.5000   -7.500015089.1348   17.0502
   -7.5000   30.0000   -7.500014747.5859   16.8793
    0.0000   30.0000   -7.500015455.7266   16.8888
    7.5000   30.0000   -7.500014271.3975   16.8590
   -7.5000   37.5000   -7.500014383.5508   16.8954
    0.0000   37.5000   -7.500015047.5449   16.9099
    7.5000   37.5000   -7.500013934.8809   16.8914
   -7.5000   45.0000   -7.500013504.3057   16.4934
    0.0000   45.0000   -7.500014061.5088   16.5093
    7.5000   45.0000   -7.500013102.6445   16.5037
   -7.5000  -45.0000    0.0000 9325.0498   18.3923
    0.0000  -45.0000    0.0000 9767.8096   18.4061
    7.5000  -45.0000    0.0000 9219.4707   18.3943
   -7.5000  -37.5000    0.000010177.8398   17.8875
    0.0000  -37.5000    0.000010639.1357   17.8979
    7.5000  -37.5000    0.000010032.6299   17.8906
   -7.5000  -30.0000    0.000011453.2500   17.5003
    0.0000  -30.0000    0.000011928.6279   17.5076
    7.5000  -30.0000    0.000011245.6592   17.4882
   -7.5000  -22.5000    0.000012765.5195   17.2607
    0.0000  -22.5000    0.000013313.8887   17.2679
    7.5000  -22.5000    0.000012524.8398   17.2367
   -7.5000  -15.0000    0.000014155.8545   17.1968
    0.0000  -15.0000    0.000014778.6875   17.2076
    7.5000  -15.0000    0.000013847.7148   17.1756
   -7.5000   -7.5000    0.000015598.1963   17.1604
    0.0000   -7.5000    0.000016316.2256   17.1744
    7.5000   -7.5000    0.000015215.1660   17.1549
   -7.5000    0.0000    0.000017130.5703   17.1517
    0.0000    0.0000    0.000017979.4551   17.1656
    7.5000    0.0000    0.000016472.2266   17.1595
   -7.5000    7.5000    0.000017614.5957   17.1353
    0.0000    7.5000    0.000018515.2949   17.1456
    7.5000    7.5000    0.000016552.9883   17.1389
   -7.5000   15.0000    0.000017621.2500   17.1238
    0.0000   15.0000    0.000018585.2031   17.1307
    7.5000   15.0000    0.000016490.3008   17.1118
   -7.5000   22.5000    0.000016863.7891   17.1187
    0.0000   22.5000    0.000017831.7422   17.1259
    7.5000   22.5000    0.000015954.9590   17.0951
   -7.5000   30.0000    0.000015724.6748   16.9210
    0.0000   30.0000    0.000016602.9688   16.9316
    7.5000   30.0000    0.000015018.9365   16.9001
   -7.5000   37.5000    0.000015202.1758   16.9337
    0.0000   37.5000    0.000015953.8896   16.9475
    7.5000   37.5000    0.000014582.6182   16.9283
   -7.5000   45.0000    0.000014217.7988   16.5322
    0.0000   45.0000    0.000014827.9268   16.5457
    7.5000   45.0000    0.000013686.0674   16.5398
   -7.5000  -45.0000    7.5000 8917.2441   18.4093
    0.0000  -45.0000    7.5000 9376.8652   18.4168
    7.5000  -45.0000    7.5000 8804.5117   18.4022
   -7.5000  -37.5000    7.5000 9770.5566   17.9072
    0.0000  -37.5000    7.500010258.4629   17.9138
    7.5000  -37.5000    7.5000 9626.7266   17.9039
   -7.5000  -30.0000    7.500010980.6846   17.5170
    0.0000  -30.0000    7.500011516.0000   17.5221
    7.5000  -30.0000    7.500010793.5791   17.5011
   -7.5000  -22.5000    7.500012254.6826   17.2727
    0.0000  -22.5000    7.500012856.9014   17.2781
    7.5000  -22.5000    7.500012025.6348   17.2459
   -7.5000  -15.0000    7.500013607.4775   17.2072
    0.0000  -15.0000    7.500014308.2305   17.2143
    7.5000  -15.0000    7.500013292.6465   17.1804
   -7.5000   -7.5000    7.500014948.3447   17.1730
    0.0000   -7.5000    7.500015782.4102   17.1815
    7.5000   -7.5000    7.500014565.2520   17.1596
   -7.5000    0.0000    7.500016369.2969   17.1684
    0.0000    0.0000    7.500017380.9316   17.1768
    7.5000    0.0000    7.500015769.8193   17.1684
   -7.5000    7.5000    7.500016914.6582   17.1539
    0.0000    7.5000    7.500018077.0391   17.1602
    7.5000    7.5000    7.500015853.4238   17.1514
   -7.5000   15.0000    7.500017121.8652   17.1400
    0.0000   15.0000    7.500018303.0762   17.1448
    7.5000   15.0000    7.500015875.2773   17.1245
   -7.5000   22.5000    7.500016410.8691   17.1306
    0.0000   22.5000    7.500017518.8340   17.1361
    7.5000   22.5000    7.500015474.8145   17.1043
   -7.5000   30.0000    7.500015226.9170   16.9312
    0.0000   30.0000    7.500016206.1504   16.9381
    7.5000   30.0000    7.500014573.1719   16.9048
   -7.5000   37.5000    7.500014619.2227   16.9461
    0.0000   37.5000    7.500015434.6914   16.9545
    7.5000   37.5000    7.500014096.6777   16.9328
   -7.5000   45.0000    7.500013619.2607   16.5484
    0.0000   45.0000    7.500014284.7578   16.5564
    7.5000   45.0000    7.500013204.7295   16.5483
   -7.5000  -45.0000   15.0000 8279.0947   18.4411
    0.0000  -45.0000   15.0000 8721.9648   18.4453
    7.5000  -45.0000   15.0000 8192.2715   18.4270
   -7.5000  -37.5000   15.0000 9108.7607   17.9380
    0.0000  -37.5000   15.0000 9581.0225   17.9434
    7.5000  -37.5000   15.0000 9012.1982   17.9315
   -7.5000  -30.0000   15.000010276.6221   17.5424
    0.0000  -30.0000   15.000010788.7178   17.5465
    7.5000  -30.0000   15.000010139.0703   17.5257
   -7.5000  -22.5000   15.000011502.0215   17.2947
    0.0000  -22.5000   15.000012085.4619   17.2974
    7.5000  -22.5000   15.000011306.6660   17.2654
   -7.5000  -15.0000   15.000012718.4873   17.2317
    0.0000  -15.0000   15.000013406.6250   17.2334
    7.5000  -15.0000   15.000012483.6846   17.1981
   -7.5000   -7.5000   15.000013891.6758   17.2029
    0.0000   -7.5000   15.000014676.0977   17.2061
    7.5000   -7.5000   15.000013658.3525   17.1812
   -7.5000    0.0000   15.000015153.5068   17.2013
    0.0000    0.0000   15.000016111.6592   17.2067
    7.5000    0.0000   15.000014828.5518   17.1954
   -7.5000    7.5000   15.000015546.6064   17.1842
    0.0000    7.5000   15.000016594.4258   17.1892
    7.5000    7.5000   15.000014956.3203   17.1791
   -7.5000   15.0000   15.000015537.3662   17.1645
    0.0000   15.0000   15.000016530.8594   17.1685
    7.5000   15.0000   15.000014967.2031   17.1484
   -7.5000   22.5000   15.000014904.3984   17.1524
    0.0000   22.5000   15.000015852.7939   17.1552
    7.5000   22.5000   15.000014545.3711   17.1236
   -7.5000   30.0000   15.000014061.4248   16.9553
    0.0000   30.0000   15.000014959.1260   16.9569
    7.5000   30.0000   15.000013764.4424   16.9222
   -7.5000   37.5000   15.000013646.3691   16.9756
    0.0000   37.5000   15.000014467.5254   16.9788
    7.5000   37.5000   15.000013369.0645   16.9541
   -7.5000   45.0000   15.000012795.1406   16.5801
    0.0000   45.0000   15.000013504.8809   16.5853
    7.5000   45.0000   15.000012537.3428   16.5744
   -7.5000  -45.0000   22.5000 7534.1387   18.5896
    0.0000  -45.0000   22.5000 7954.4536   18.5963
    7.5000  -45.0000   22.5000 7501.1235   18.5777
   -7.5000  -37.5000   22.5000 8359.9648   18.0785
    0.0000  -37.5000   22.5000 8803.4072   18.0861
    7.5000  -37.5000   22.5000 8298.3877   18.0748
   -7.5000  -30.0000   22.5000 9451.5830   17.6767
    0.0000  -30.0000   22.5000 9935.2793   17.6813
    7.5000  -30.0000   22.5000 9351.5596   17.6621
   -7.5000  -22.5000   22.500010541.3223   17.4257
    0.0000  -22.5000   22.500011072.6602   17.4261
    7.5000  -22.5000   22.500010402.3271   17.3955
   -7.5000  -15.0000   22.500011620.7451   17.3654
    0.0000  -15.0000   22.500012204.9131   17.3647
    7.5000  -15.0000   22.500011492.1396   17.3306
   -7.5000   -7.5000   22.500012700.1895   17.3404
    0.0000   -7.5000   22.500013337.3594   17.3438
    7.5000   -7.5000   22.500012633.0986   17.3192
   -7.5000    0.0000   22.500013883.8750   17.3395
    0.0000    0.0000   22.500014630.7949   17.3472
    7.5000    0.0000   22.500013772.1641   17.3358
   -7.5000    7.5000   22.500014158.3359   17.3175
    0.0000    7.5000   22.500014921.5703   17.3250
    7.5000    7.5000   22.500013905.8154   17.3157
   -7.5000   15.0000   22.500013981.8613   17.2931
    0.0000   15.0000   22.500014697.1660   17.2976
    7.5000   15.0000   22.500013805.7393   17.2789
   -7.5000   22.5000   22.500013525.0195   17.2815
    0.0000   22.5000   22.500014185.3330   17.2820
    7.5000   22.5000   22.500013432.4443   17.2519
   -7.5000   30.0000   22.500012932.7471   17.0866
    0.0000   30.0000   22.500013618.4434   17.0859
    7.5000   30.0000   22.500012812.3496   17.0524
   -7.5000   37.5000   22.500012690.8994   17.1113
    0.0000   37.5000   22.500013379.7432   17.1146
    7.5000   37.5000   22.500012548.0557   17.0903
   -7.5000   45.0000   22.500011921.8633   16.7133
    0.0000   45.0000   22.500012552.4316   16.7207
    7.5000   45.0000   22.500011784.5645   16.7097
   -7.5000  -45.0000   30.0000 6956.8647   19.1640
    0.0000  -45.0000   30.0000 7315.9419   19.1775
    7.5000  -45.0000   30.0000 6941.6333   19.1625
   -7.5000  -37.5000   30.0000 7728.0200   18.6218
    0.0000  -37.5000   30.0000 8107.1401   18.6335
    7.5000  -37.5000   30.0000 7686.4893   18.6260
   -7.5000  -30.0000   30.0000 8740.2197   18.2022
    0.0000  -30.0000   30.0000 9125.5215   18.2092
    7.5000  -30.0000   30.0000 8661.2432   18.1922
   -7.5000  -22.5000   30.0000 9737.1514   17.9411
    0.0000  -22.5000   30.000010146.7441   17.9435
    7.5000  -22.5000   30.0000 9640.2129   17.9138
   -7.5000  -15.0000   30.000010769.1299   17.8794
    0.0000  -15.0000   30.000011204.9375   17.8830
    7.5000  -15.0000   30.000010695.5479   17.8505
   -7.5000   -7.5000   30.000011813.7959   17.8514
    0.0000   -7.5000   30.000012306.5283   17.8611
    7.5000   -7.5000   30.000011782.6533   17.8392
   -7.5000    0.0000   30.000012908.7354   17.8470
    0.0000    0.0000   30.000013510.6533   17.8607
    7.5000    0.0000   30.000012859.6270   17.8524
   -7.5000    7.5000   30.000013030.8965   17.8202
    0.0000    7.5000   30.000013630.4697   17.8321
    7.5000    7.5000   30.000012903.3467   17.8260
   -7.5000   15.0000   30.000012805.6260   17.7958
    0.0000   15.0000   30.000013347.1074   17.8024
    7.5000   15.0000   30.000012728.8682   17.7859
   -7.5000   22.5000   30.000012466.4160   17.7885
    0.0000   22.5000   30.000012989.7090   17.7910
    7.5000   22.5000   30.000012403.9316   17.7617
   -7.5000   30.0000   30.000012034.6660   17.5908
    0.0000   30.0000   30.000012583.3320   17.5943
    7.5000   30.0000   30.000011935.2832   17.5623
   -7.5000   37.5000   30.000011866.3779   17.6155
    0.0000   37.5000   30.000012430.4961   17.6250
    7.5000   37.5000   30.000011761.2207   17.6033
   -7.5000   45.0000   30.000011144.1260   17.2024
    0.0000   45.0000   30.000011667.6289   17.2157
    7.5000   45.0000   30.000011047.9521   17.2076
   -7.5000  -45.0000   37.5000 6714.2388   19.8826
    0.0000  -45.0000   37.5000 7026.7441   19.9004
    7.5000  -45.0000   37.5000 6690.9019   19.8870
   -7.5000  -37.5000   37.5000 7431.5464   19.3008
    0.0000  -37.5000   37.5000 7757.6221   19.3143
    7.5000  -37.5000   37.5000 7395.8853   19.3074
   -7.5000  -30.0000   37.5000 8420.4980   18.8657
    0.0000  -30.0000   37.5000 8756.7793   18.8745
    7.5000  -30.0000   37.5000 8372.9688   18.8550
   -7.5000  -22.5000   37.5000 9420.4619   18.5979
    0.0000  -22.5000   37.5000 9767.7100   18.6044
    7.5000  -22.5000   37.5000 9360.2393   18.5709
   -7.5000  -15.0000   37.500010440.0283   18.5352
    0.0000  -15.0000   37.500010813.2031   18.5457
    7.5000  -15.0000   37.500010370.2021   18.5104
   -7.5000   -7.5000   37.500011462.4248   18.4963
    0.0000   -7.5000   37.500011882.4053   18.5124
    7.5000   -7.5000   37.500011433.7480   18.4905
   -7.5000    0.0000   37.500012474.5557   18.4782
    0.0000    0.0000   37.500012994.7920   18.4960
    7.5000    0.0000   37.500012438.1748   18.4891
   -7.5000    7.5000   37.500012488.3662   18.4468
    0.0000    7.5000   37.500012989.2979   18.4605
    7.5000    7.5000   37.500012399.1680   18.4545
   -7.5000   15.0000   37.500012260.8545   18.4300
    0.0000   15.0000   37.500012751.9375   18.4382
    7.5000   15.0000   37.500012199.7754   18.4192
   -7.5000   22.5000   37.500012000.5547   18.4341
    0.0000   22.5000   37.500012481.1250   18.4406
    7.5000   22.5000   37.500011940.4238   18.4075
   -7.5000   30.0000   37.500011651.8486   18.2338
    0.0000   30.0000   37.500012141.0283   18.2440
    7.5000   30.0000   37.500011540.3652   18.2093
   -7.5000   37.5000   37.500011535.6104   18.2516
    0.0000   37.5000   37.500012036.8662   18.2675
    7.5000   37.5000   37.500011426.7773   18.2459
   -7.5000   45.0000   37.500010820.8457   17.8109
    0.0000   45.0000   37.500011289.6660   17.8280
    7.5000   45.0000   37.500010727.5000   17.8214
   -7.5000  -45.0000   45.0000 6198.5088   20.6218
    0.0000  -45.0000   45.0000 6506.6143   20.6403
    7.5000  -45.0000   45.0000 6174.5757   20.6231
   -7.5000  -37.5000   45.0000 6854.2432   20.0064
    0.0000  -37.5000   45.0000 7156.3833   20.0208
    7.5000  -37.5000   45.0000 6824.2896   20.0099
   -7.5000  -30.0000   45.0000 7780.3496   19.5535
    0.0000  -30.0000   45.0000 8084.4072   19.5645
    7.5000  -30.0000   45.0000 7718.9263   19.5384
   -7.5000  -22.5000   45.0000 8720.4434   19.2697
    0.0000  -22.5000   45.0000 9043.2090   19.2807
    7.5000  -22.5000   45.0000 8647.0859   19.2393
   -7.5000  -15.0000   45.0000 9665.3252   19.1970
    0.0000  -15.0000   45.0000 9990.7930   19.2121
    7.5000  -15.0000   45.0000 9589.0322   19.1692
   -7.5000   -7.5000   45.000010598.8389   19.1436
    0.0000   -7.5000   45.000010974.6992   19.1622
    7.5000   -7.5000   45.000010557.0039   19.1352
   -7.5000    0.0000   45.000011513.8076   19.1184
    0.0000    0.0000   45.000011974.8262   19.1368
    7.5000    0.0000   45.000011469.3506   19.1269
   -7.5000    7.5000   45.000011496.8799   19.0920
    0.0000    7.5000   45.000011954.6025   19.1060
    7.5000    7.5000   45.000011405.5439   19.0960
   -7.5000   15.0000   45.000011306.0684   19.0847
    0.0000   15.0000   45.000011748.3008   19.0948
    7.5000   15.0000   45.000011223.4502   19.0696
   -7.5000   22.5000   45.000011073.3477   19.0928
    0.0000   22.5000   45.000011511.1123   19.1038
    7.5000   22.5000   45.000010985.8711   19.0630
   -7.5000   30.0000   45.000010751.0762   18.8802
    0.0000   30.0000   45.000011203.3867   18.8949
    7.5000   30.0000   45.000010648.3877   18.8527
   -7.5000   37.5000   45.000010666.6680   18.8884
    0.0000   37.5000   45.000011146.3125   18.9068
    7.5000   37.5000   45.000010595.8418   18.8801
   -7.5000   45.0000   45.000010012.6602   18.4363
    0.0000   45.0000   45.000010464.8867   18.4540
    7.5000   45.0000   45.0000 9941.0059   18.4445

---------------------------------------------------------------------
imgreg_4dfp /opt/freesurfer/average/711-2C_as_mni_average_305 /opt/freesurfer/average/711-2B_as_mni_average_305_mask talsrcimg_g11 none talsrcimg_to_711-2C_as_mni_average_305_t4 4355
---------------------------------------------------------------------

freesurfer imgreg_4dfp.c
/opt/freesurfer/average/711-2C_as_mni_average_305.4dfp.img
       256       256       256         1
  1.000000  1.000000  1.000000
orientation T byte_order littleendian
Reading image: /opt/freesurfer/average/711-2C_as_mni_average_305.4dfp.img
dimensions:      256       256       256
mmppix:       1.0000   -1.0000   -1.0000
center:     128.0000 -129.0000 -129.0000
/opt/freesurfer/average/711-2B_as_mni_average_305_mask.4dfp.img
       256       256       256         1
  1.000000  1.000000  1.000000
orientation T byte_order littleendian
Reading mask: /opt/freesurfer/average/711-2B_as_mni_average_305_mask.4dfp.img (2306576 pixels)
talsrcimg_g11.4dfp.img
       256       256       256         1
  1.000000  1.000000  1.000000
orientation T byte_order littleendian
Reading image: talsrcimg_g11.4dfp.img
dimensions:      256       256       256
mmppix:       1.0000   -1.0000   -1.0000
center:     128.0000 -129.0000 -129.0000
rotation matrix determinant  1.000000
image alignment mode   4355 decimal     1103 hex
   -7.5000  -30.0000  -45.0000 2218.8086   19.9432
    0.0000  -30.0000  -45.0000 2223.4841   19.9879
    7.5000  -30.0000  -45.0000 2199.7288   20.1705
   -7.5000  -22.5000  -45.0000 2311.1289   18.4169
    0.0000  -22.5000  -45.0000 2315.5222   18.4040
    7.5000  -22.5000  -45.0000 2294.3074   18.6146
   -7.5000  -15.0000  -45.0000 2387.5332   17.2740
    0.0000  -15.0000  -45.0000 2386.3557   17.2412
    7.5000  -15.0000  -45.0000 2366.5518   17.4690
   -7.5000   -7.5000  -45.0000 2433.2400   16.5220
    0.0000   -7.5000  -45.0000 2426.5347   16.4930
    7.5000   -7.5000  -45.0000 2408.2942   16.7299
   -7.5000    0.0000  -45.0000 2455.4324   16.0648
    0.0000    0.0000  -45.0000 2446.8914   16.0133
    7.5000    0.0000  -45.0000 2426.6008   16.2363
   -7.5000    7.5000  -45.0000 2460.5959   15.8146
    0.0000    7.5000  -45.0000 2456.7322   15.7800
    7.5000    7.5000  -45.0000 2440.2500   15.9931
   -7.5000   15.0000  -45.0000 2467.8467   15.9208
    0.0000   15.0000  -45.0000 2465.7771   15.8554
    7.5000   15.0000  -45.0000 2448.4280   16.0834
   -7.5000   22.5000  -45.0000 2472.0498   16.3156
    0.0000   22.5000  -45.0000 2471.6917   16.2578
    7.5000   22.5000  -45.0000 2445.8479   16.4455
   -7.5000   30.0000  -45.0000 2450.2388   16.8803
    0.0000   30.0000  -45.0000 2455.7666   16.8702
    7.5000   30.0000  -45.0000 2424.2629   17.0078
   -7.5000   37.5000  -45.0000 2418.2222   17.7140
    0.0000   37.5000  -45.0000 2424.1274   17.6831
    7.5000   37.5000  -45.0000 2390.3965   17.8238
   -7.5000   45.0000  -45.0000 2353.9424   18.7273
    0.0000   45.0000  -45.0000 2359.6614   18.7552
    7.5000   45.0000  -45.0000 2333.4692   18.9022
   -7.5000   52.5000  -45.0000 2258.3606   19.9641
    0.0000   52.5000  -45.0000 2262.6265   19.9551
    7.5000   52.5000  -45.0000 2232.8125   20.1249
   -7.5000   60.0000  -45.0000 2118.0034   21.3816
    0.0000   60.0000  -45.0000 2117.3831   21.3668
    7.5000   60.0000  -45.0000 2087.1404   21.5270
   -7.5000  -30.0000  -37.5000 2281.3770   19.0266
    0.0000  -30.0000  -37.5000 2289.2209   19.0446
    7.5000  -30.0000  -37.5000 2259.7761   19.2747
   -7.5000  -22.5000  -37.5000 2382.8005   17.5303
    0.0000  -22.5000  -37.5000 2388.9666   17.4834
    7.5000  -22.5000  -37.5000 2365.7595   17.7712
   -7.5000  -15.0000  -37.5000 2466.6135   16.4221
    0.0000  -15.0000  -37.5000 2466.7468   16.3309
    7.5000  -15.0000  -37.5000 2444.8394   16.5987
   -7.5000   -7.5000  -37.5000 2514.8394   15.6227
    0.0000   -7.5000  -37.5000 2510.6140   15.5471
    7.5000   -7.5000  -37.5000 2489.6018   15.7805
   -7.5000    0.0000  -37.5000 2534.6484   15.1171
    0.0000    0.0000  -37.5000 2528.6663   15.0103
    7.5000    0.0000  -37.5000 2512.8945   15.2532
   -7.5000    7.5000  -37.5000 2547.4502   14.8142
    0.0000    7.5000  -37.5000 2542.1992   14.7288
    7.5000    7.5000  -37.5000 2532.1160   14.9530
   -7.5000   15.0000  -37.5000 2550.8074   14.8796
    0.0000   15.0000  -37.5000 2544.3640   14.8036
    7.5000   15.0000  -37.5000 2537.4709   15.0573
   -7.5000   22.5000  -37.5000 2554.0754   15.2191
    0.0000   22.5000  -37.5000 2553.3486   15.1380
    7.5000   22.5000  -37.5000 2534.8806   15.3705
   -7.5000   30.0000  -37.5000 2536.2339   15.7437
    0.0000   30.0000  -37.5000 2540.2126   15.6919
    7.5000   30.0000  -37.5000 2519.0718   15.8645
   -7.5000   37.5000  -37.5000 2509.8442   16.4888
    0.0000   37.5000  -37.5000 2511.7349   16.4401
    7.5000   37.5000  -37.5000 2490.0356   16.6569
   -7.5000   45.0000  -37.5000 2451.7278   17.4397
    0.0000   45.0000  -37.5000 2453.2288   17.4096
    7.5000   45.0000  -37.5000 2430.2527   17.6493
   -7.5000   52.5000  -37.5000 2350.2183   18.5553
    0.0000   52.5000  -37.5000 2353.3157   18.5199
    7.5000   52.5000  -37.5000 2325.9521   18.7854
   -7.5000   60.0000  -37.5000 2197.1060   19.8713
    0.0000   60.0000  -37.5000 2199.7410   19.8511
    7.5000   60.0000  -37.5000 2174.5244   20.0871
   -7.5000  -30.0000  -30.0000 2369.1306   18.8554
    0.0000  -30.0000  -30.0000 2377.7075   18.8414
    7.5000  -30.0000  -30.0000 2352.4548   19.1348
   -7.5000  -22.5000  -30.0000 2479.1902   17.3318
    0.0000  -22.5000  -30.0000 2483.1655   17.2643
    7.5000  -22.5000  -30.0000 2462.0598   17.5781
   -7.5000  -15.0000  -30.0000 2559.5242   16.1496
    0.0000  -15.0000  -30.0000 2555.1267   16.0182
    7.5000  -15.0000  -30.0000 2541.1501   16.3583
   -7.5000   -7.5000  -30.0000 2615.3010   15.3058
    0.0000   -7.5000  -30.0000 2614.1465   15.1802
    7.5000   -7.5000  -30.0000 2604.6206   15.4636
   -7.5000    0.0000  -30.0000 2643.7778   14.7300
    0.0000    0.0000  -30.0000 2640.2041   14.6000
    7.5000    0.0000  -30.0000 2636.7144   14.8710
   -7.5000    7.5000  -30.0000 2669.5354   14.3780
    0.0000    7.5000  -30.0000 2667.3457   14.2645
    7.5000    7.5000  -30.0000 2655.8301   14.5379
   -7.5000   15.0000  -30.0000 2674.0986   14.4281
    0.0000   15.0000  -30.0000 2673.7507   14.3591
    7.5000   15.0000  -30.0000 2662.4390   14.6029
   -7.5000   22.5000  -30.0000 2681.2161   14.7329
    0.0000   22.5000  -30.0000 2684.3127   14.6434
    7.5000   22.5000  -30.0000 2664.6733   14.8917
   -7.5000   30.0000  -30.0000 2669.9377   15.2507
    0.0000   30.0000  -30.0000 2674.8455   15.1728
    7.5000   30.0000  -30.0000 2654.5862   15.3937
   -7.5000   37.5000  -30.0000 2641.9036   15.9699
    0.0000   37.5000  -30.0000 2647.7349   15.9085
    7.5000   37.5000  -30.0000 2624.2942   16.1633
   -7.5000   45.0000  -30.0000 2577.8987   16.8707
    0.0000   45.0000  -30.0000 2581.4023   16.8284
    7.5000   45.0000  -30.0000 2559.3452   17.0787
   -7.5000   52.5000  -30.0000 2472.1519   17.9503
    0.0000   52.5000  -30.0000 2477.4607   17.9153
    7.5000   52.5000  -30.0000 2450.1931   18.1825
   -7.5000   60.0000  -30.0000 2315.0229   19.2108
    0.0000   60.0000  -30.0000 2321.8806   19.1944
    7.5000   60.0000  -30.0000 2290.9551   19.4385
   -7.5000  -30.0000  -22.5000 2415.8994   18.6023
    0.0000  -30.0000  -22.5000 2426.7544   18.4827
    7.5000  -30.0000  -22.5000 2405.3203   18.8313
   -7.5000  -22.5000  -22.5000 2524.4373   17.0124
    0.0000  -22.5000  -22.5000 2531.1189   16.8899
    7.5000  -22.5000  -22.5000 2517.0505   17.2303
   -7.5000  -15.0000  -22.5000 2608.6411   15.7604
    0.0000  -15.0000  -22.5000 2610.2158   15.6250
    7.5000  -15.0000  -22.5000 2603.8586   15.9778
   -7.5000   -7.5000  -22.5000 2676.1582   14.8550
    0.0000   -7.5000  -22.5000 2679.0352   14.7551
    7.5000   -7.5000  -22.5000 2675.1299   15.0652
   -7.5000    0.0000  -22.5000 2717.5996   14.2945
    0.0000    0.0000  -22.5000 2717.7720   14.1944
    7.5000    0.0000  -22.5000 2714.9355   14.4563
   -7.5000    7.5000  -22.5000 2755.5332   13.9323
    0.0000    7.5000  -22.5000 2754.1504   13.8174
    7.5000    7.5000  -22.5000 2744.7297   14.1019
   -7.5000   15.0000  -22.5000 2771.0283   13.9442
    0.0000   15.0000  -22.5000 2770.1941   13.8687
    7.5000   15.0000  -22.5000 2757.0247   14.1380
   -7.5000   22.5000  -22.5000 2780.3098   14.2082
    0.0000   22.5000  -22.5000 2783.3799   14.1336
    7.5000   22.5000  -22.5000 2768.1768   14.4102
   -7.5000   30.0000  -22.5000 2770.2639   14.6982
    0.0000   30.0000  -22.5000 2780.0034   14.6420
    7.5000   30.0000  -22.5000 2760.9509   14.8941
   -7.5000   37.5000  -22.5000 2736.2893   15.3761
    0.0000   37.5000  -22.5000 2748.1013   15.3252
    7.5000   37.5000  -22.5000 2730.9363   15.5790
   -7.5000   45.0000  -22.5000 2673.3337   16.2287
    0.0000   45.0000  -22.5000 2678.4221   16.1951
    7.5000   45.0000  -22.5000 2664.9043   16.4455
   -7.5000   52.5000  -22.5000 2560.1130   17.2511
    0.0000   52.5000  -22.5000 2565.2168   17.2535
    7.5000   52.5000  -22.5000 2543.6274   17.5288
   -7.5000   60.0000  -22.5000 2403.2932   18.4462
    0.0000   60.0000  -22.5000 2411.5498   18.4264
    7.5000   60.0000  -22.5000 2385.7153   18.7410
   -7.5000  -30.0000  -15.0000 2413.7581   18.4402
    0.0000  -30.0000  -15.0000 2420.5303   18.2592
    7.5000  -30.0000  -15.0000 2412.5425   18.6650
   -7.5000  -22.5000  -15.0000 2522.8359   16.7582
    0.0000  -22.5000  -15.0000 2522.2932   16.5900
    7.5000  -22.5000  -15.0000 2524.4985   17.0149
   -7.5000  -15.0000  -15.0000 2614.9253   15.4507
    0.0000  -15.0000  -15.0000 2611.0613   15.3071
    7.5000  -15.0000  -15.0000 2623.7744   15.7129
   -7.5000   -7.5000  -15.0000 2698.9624   14.5597
    0.0000   -7.5000  -15.0000 2695.2861   14.4740
    7.5000   -7.5000  -15.0000 2704.4485   14.8054
   -7.5000    0.0000  -15.0000 2755.2131   14.0138
    0.0000    0.0000  -15.0000 2755.4189   13.9627
    7.5000    0.0000  -15.0000 2761.2966   14.2065
   -7.5000    7.5000  -15.0000 2799.8330   13.6614
    0.0000    7.5000  -15.0000 2799.1384   13.5713
    7.5000    7.5000  -15.0000 2798.3228   13.8505
   -7.5000   15.0000  -15.0000 2824.2910   13.5520
    0.0000   15.0000  -15.0000 2823.9233   13.4747
    7.5000   15.0000  -15.0000 2811.1985   13.8019
   -7.5000   22.5000  -15.0000 2841.0217   13.7561
    0.0000   22.5000  -15.0000 2841.9121   13.7272
    7.5000   22.5000  -15.0000 2826.3669   14.0455
   -7.5000   30.0000  -15.0000 2826.8940   14.2482
    0.0000   30.0000  -15.0000 2841.0171   14.2077
    7.5000   30.0000  -15.0000 2824.1528   14.4853
   -7.5000   37.5000  -15.0000 2791.5537   14.8442
    0.0000   37.5000  -15.0000 2807.5989   14.8359
    7.5000   37.5000  -15.0000 2794.7864   15.0849
   -7.5000   45.0000  -15.0000 2729.7283   15.5966
    0.0000   45.0000  -15.0000 2739.3030   15.6142
    7.5000   45.0000  -15.0000 2729.2273   15.8921
   -7.5000   52.5000  -15.0000 2621.6458   16.5926
    0.0000   52.5000  -15.0000 2623.2058   16.6289
    7.5000   52.5000  -15.0000 2609.0732   16.9611
   -7.5000   60.0000  -15.0000 2463.7036   17.7567
    0.0000   60.0000  -15.0000 2465.8328   17.7642
    7.5000   60.0000  -15.0000 2447.3049   18.0976
   -7.5000  -30.0000   -7.5000 2392.7756   18.4923
    0.0000  -30.0000   -7.5000 2394.3357   18.3287
    7.5000  -30.0000   -7.5000 2396.5264   18.6804
   -7.5000  -22.5000   -7.5000 2502.3289   16.7673
    0.0000  -22.5000   -7.5000 2496.4905   16.6474
    7.5000  -22.5000   -7.5000 2506.7800   16.9660
   -7.5000  -15.0000   -7.5000 2603.3284   15.4892
    0.0000  -15.0000   -7.5000 2599.4338   15.3762
    7.5000  -15.0000   -7.5000 2614.4441   15.6515
   -7.5000   -7.5000   -7.5000 2702.7136   14.6404
    0.0000   -7.5000   -7.5000 2704.7737   14.5578
    7.5000   -7.5000   -7.5000 2713.6519   14.7368
   -7.5000    0.0000   -7.5000 2779.8345   14.0358
    0.0000    0.0000   -7.5000 2783.1572   14.0045
    7.5000    0.0000   -7.5000 2790.1069   14.0729
   -7.5000    7.5000   -7.5000 2840.7263   13.7185
    0.0000    7.5000   -7.5000 2840.9854   13.6897
    7.5000    7.5000   -7.5000 2838.4541   13.7240
   -7.5000   15.0000   -7.5000 2881.0540   13.4782
    0.0000   15.0000   -7.5000 2877.9453   13.4654
    7.5000   15.0000   -7.5000 2858.4065   13.6040
   -7.5000   22.5000   -7.5000 2894.5488   13.5485
    0.0000   22.5000   -7.5000 2893.6531   13.5716
    7.5000   22.5000   -7.5000 2866.2639   13.7866
   -7.5000   30.0000   -7.5000 2871.5491   13.9483
    0.0000   30.0000   -7.5000 2885.3384   13.9602
    7.5000   30.0000   -7.5000 2856.5864   14.1202
   -7.5000   37.5000   -7.5000 2837.3071   14.4495
    0.0000   37.5000   -7.5000 2854.8206   14.4547
    7.5000   37.5000   -7.5000 2830.8879   14.6036
   -7.5000   45.0000   -7.5000 2777.2947   15.1984
    0.0000   45.0000   -7.5000 2786.0613   15.1876
    7.5000   45.0000   -7.5000 2767.1829   15.3977
   -7.5000   52.5000   -7.5000 2663.9263   16.1770
    0.0000   52.5000   -7.5000 2665.7129   16.1310
    7.5000   52.5000   -7.5000 2651.0437   16.4009
   -7.5000   60.0000   -7.5000 2505.6619   17.3377
    0.0000   60.0000   -7.5000 2505.6436   17.2579
    7.5000   60.0000   -7.5000 2483.0247   17.5520
   -7.5000  -30.0000    0.0000 2365.4963   18.9521
    0.0000  -30.0000    0.0000 2368.9243   18.9293
    7.5000  -30.0000    0.0000 2371.6753   19.0989
   -7.5000  -22.5000    0.0000 2478.1077   17.2120
    0.0000  -22.5000    0.0000 2481.5464   17.1897
    7.5000  -22.5000    0.0000 2486.4507   17.3486
   -7.5000  -15.0000    0.0000 2595.3193   15.8912
    0.0000  -15.0000    0.0000 2598.7473   15.9164
    7.5000  -15.0000    0.0000 2601.7327   15.9699
   -7.5000   -7.5000    0.0000 2704.8857   14.9546
    0.0000   -7.5000    0.0000 2713.1387   14.9733
    7.5000   -7.5000    0.0000 2709.6265   14.9429
   -7.5000    0.0000    0.0000 2798.1968   14.2928
    0.0000    0.0000    0.0000 2811.2913   14.3503
    7.5000    0.0000    0.0000 2796.1895   14.2079
   -7.5000    7.5000    0.0000 2884.8040   14.0404
    0.0000    7.5000    0.0000 2901.3132   14.0781
    7.5000    7.5000    0.0000 2864.9521   13.7542
   -7.5000   15.0000    0.0000 2945.4141   13.8842
    0.0000   15.0000    0.0000 2964.4773   13.9549
    7.5000   15.0000    0.0000 2896.7625   13.6099
   -7.5000   22.5000    0.0000 2937.6692   13.6950
    0.0000   22.5000    0.0000 2963.6843   13.8344
    7.5000   22.5000    0.0000 2896.0095   13.7291
   -7.5000   30.0000    0.0000 2894.6426   13.8076
    0.0000   30.0000    0.0000 2917.6191   13.9074
    7.5000   30.0000    0.0000 2870.8193   13.9044
   -7.5000   37.5000    0.0000 2864.6802   14.1927
    0.0000   37.5000    0.0000 2881.6055   14.2065
    7.5000   37.5000    0.0000 2844.5090   14.3047
   -7.5000   45.0000    0.0000 2798.3960   14.9257
    0.0000   45.0000    0.0000 2808.3975   14.8590
    7.5000   45.0000    0.0000 2778.1335   15.0578
   -7.5000   52.5000    0.0000 2685.8550   15.9528
    0.0000   52.5000    0.0000 2688.2676   15.8533
    7.5000   52.5000    0.0000 2661.7305   16.0748
   -7.5000   60.0000    0.0000 2524.3367   17.1079
    0.0000   60.0000    0.0000 2524.2708   17.0179
    7.5000   60.0000    0.0000 2494.8796   17.2242
   -7.5000  -30.0000    7.5000 2339.0156   19.6859
    0.0000  -30.0000    7.5000 2355.4963   19.8061
    7.5000  -30.0000    7.5000 2342.9844   19.8515
   -7.5000  -22.5000    7.5000 2456.4639   17.8252
    0.0000  -22.5000    7.5000 2473.0928   17.9553
    7.5000  -22.5000    7.5000 2460.5122   17.9598
   -7.5000  -15.0000    7.5000 2583.7461   16.4590
    0.0000  -15.0000    7.5000 2604.2312   16.6316
    7.5000  -15.0000    7.5000 2583.1421   16.5274
   -7.5000   -7.5000    7.5000 2703.1289   15.4177
    0.0000   -7.5000    7.5000 2728.2432   15.5970
    7.5000   -7.5000    7.5000 2695.2483   15.3821
   -7.5000    0.0000    7.5000 2809.6699   14.6746
    0.0000    0.0000    7.5000 2839.1470   14.9143
    7.5000    0.0000    7.5000 2786.8767   14.5256
   -7.5000    7.5000    7.5000 2903.8398   14.2811
    0.0000    7.5000    7.5000 2941.5078   14.5164
    7.5000    7.5000    7.5000 2867.1636   14.0161
   -7.5000   15.0000    7.5000 2973.9426   14.1477
    0.0000   15.0000    7.5000 3020.3850   14.3816
    7.5000   15.0000    7.5000 2912.1211   13.7919
   -7.5000   22.5000    7.5000 2969.7690   13.9985
    0.0000   22.5000    7.5000 3017.3733   14.1688
    7.5000   22.5000    7.5000 2911.4333   13.8511
   -7.5000   30.0000    7.5000 2910.3320   13.9039
    0.0000   30.0000    7.5000 2943.9485   13.9998
    7.5000   30.0000    7.5000 2877.5630   13.9800
   -7.5000   37.5000    7.5000 2863.9031   14.1657
    0.0000   37.5000    7.5000 2874.3960   14.1503
    7.5000   37.5000    7.5000 2840.9900   14.3338
   -7.5000   45.0000    7.5000 2798.0693   14.8434
    0.0000   45.0000    7.5000 2801.1812   14.7846
    7.5000   45.0000    7.5000 2780.6292   15.0149
   -7.5000   52.5000    7.5000 2690.6433   15.8015
    0.0000   52.5000    7.5000 2689.3044   15.7217
    7.5000   52.5000    7.5000 2666.6426   15.9711
   -7.5000   60.0000    7.5000 2527.8113   16.9242
    0.0000   60.0000    7.5000 2527.9224   16.8644
    7.5000   60.0000    7.5000 2507.4106   17.0882
   -7.5000  -30.0000   15.0000 2313.6008   20.6322
    0.0000  -30.0000   15.0000 2337.9402   20.7963
    7.5000  -30.0000   15.0000 2316.8157   20.8982
   -7.5000  -22.5000   15.0000 2435.3586   18.5996
    0.0000  -22.5000   15.0000 2457.7251   18.7582
    7.5000  -22.5000   15.0000 2435.3459   18.7533
   -7.5000  -15.0000   15.0000 2555.2874   17.0392
    0.0000  -15.0000   15.0000 2585.6565   17.2520
    7.5000  -15.0000   15.0000 2559.1509   17.1489
   -7.5000   -7.5000   15.0000 2673.7432   15.7941
    0.0000   -7.5000   15.0000 2699.8459   16.0330
    7.5000   -7.5000   15.0000 2670.2861   15.8624
   -7.5000    0.0000   15.0000 2783.4514   14.9146
    0.0000    0.0000   15.0000 2810.7839   15.1588
    7.5000    0.0000   15.0000 2770.5225   14.9112
   -7.5000    7.5000   15.0000 2879.5127   14.3908
    0.0000    7.5000   15.0000 2916.6992   14.5690
    7.5000    7.5000   15.0000 2857.1287   14.3277
   -7.5000   15.0000   15.0000 2948.4270   14.1051
    0.0000   15.0000   15.0000 2988.1875   14.2496
    7.5000   15.0000   15.0000 2908.2356   14.0193
   -7.5000   22.5000   15.0000 2941.3835   13.8393
    0.0000   22.5000   15.0000 2973.8730   13.8899
    7.5000   22.5000   15.0000 2904.5420   13.9820
   -7.5000   30.0000   15.0000 2897.8005   13.9266
    0.0000   30.0000   15.0000 2917.3113   13.9100
    7.5000   30.0000   15.0000 2875.0103   14.1340
   -7.5000   37.5000   15.0000 2845.0327   14.4001
    0.0000   37.5000   15.0000 2855.5000   14.3782
    7.5000   37.5000   15.0000 2830.4465   14.5372
   -7.5000   45.0000   15.0000 2783.2395   15.1393
    0.0000   45.0000   15.0000 2785.6719   15.0974
    7.5000   45.0000   15.0000 2769.7844   15.2815
   -7.5000   52.5000   15.0000 2677.7251   16.0749
    0.0000   52.5000   15.0000 2671.3899   15.9923
    7.5000   52.5000   15.0000 2652.1316   16.2206
   -7.5000   60.0000   15.0000 2516.5972   17.1403
    0.0000   60.0000   15.0000 2516.5330   17.0590
    7.5000   60.0000   15.0000 2494.1108   17.2743
   -7.5000  -30.0000   22.5000 2284.4985   21.6093
    0.0000  -30.0000   22.5000 2301.3555   21.7136
    7.5000  -30.0000   22.5000 2288.8860   21.9651
   -7.5000  -22.5000   22.5000 2402.3381   19.3251
    0.0000  -22.5000   22.5000 2422.1008   19.4204
    7.5000  -22.5000   22.5000 2408.0566   19.5609
   -7.5000  -15.0000   22.5000 2520.2214   17.5879
    0.0000  -15.0000   22.5000 2543.4971   17.7154
    7.5000  -15.0000   22.5000 2527.9707   17.7885
   -7.5000   -7.5000   22.5000 2632.5239   16.2279
    0.0000   -7.5000   22.5000 2651.1580   16.3413
    7.5000   -7.5000   22.5000 2646.3452   16.4276
   -7.5000    0.0000   22.5000 2742.4053   15.2591
    0.0000    0.0000   22.5000 2757.9666   15.3879
    7.5000    0.0000   22.5000 2749.9648   15.4487
   -7.5000    7.5000   22.5000 2833.5159   14.6712
    0.0000    7.5000   22.5000 2857.3938   14.7429
    7.5000    7.5000   22.5000 2834.9944   14.7797
   -7.5000   15.0000   22.5000 2891.2095   14.2081
    0.0000   15.0000   22.5000 2916.2917   14.2569
    7.5000   15.0000   22.5000 2877.3213   14.3869
   -7.5000   22.5000   22.5000 2894.8230   13.9782
    0.0000   22.5000   22.5000 2902.6257   13.9481
    7.5000   22.5000   22.5000 2876.8455   14.2870
   -7.5000   30.0000   22.5000 2874.1582   14.2370
    0.0000   30.0000   22.5000 2894.2053   14.2382
    7.5000   30.0000   22.5000 2857.9822   14.4521
   -7.5000   37.5000   22.5000 2829.5488   14.8644
    0.0000   37.5000   22.5000 2848.1201   14.8227
    7.5000   37.5000   22.5000 2820.4766   15.0023
   -7.5000   45.0000   22.5000 2761.8416   15.6457
    0.0000   45.0000   22.5000 2773.1077   15.5997
    7.5000   45.0000   22.5000 2753.5183   15.7809
   -7.5000   52.5000   22.5000 2652.8425   16.5614
    0.0000   52.5000   22.5000 2654.3938   16.5216
    7.5000   52.5000   22.5000 2632.3367   16.6938
   -7.5000   60.0000   22.5000 2495.0347   17.5815
    0.0000   60.0000   22.5000 2490.8276   17.5200
    7.5000   60.0000   22.5000 2469.6392   17.6864
   -7.5000  -30.0000   30.0000 2242.9070   22.5648
    0.0000  -30.0000   30.0000 2249.0867   22.4967
    7.5000  -30.0000   30.0000 2252.6174   22.9279
   -7.5000  -22.5000   30.0000 2361.1301   20.0754
    0.0000  -22.5000   30.0000 2369.5715   20.0267
    7.5000  -22.5000   30.0000 2371.7847   20.4129
   -7.5000  -15.0000   30.0000 2481.0488   18.2777
    0.0000  -15.0000   30.0000 2488.5291   18.2404
    7.5000  -15.0000   30.0000 2491.2837   18.5764
   -7.5000   -7.5000   30.0000 2594.3826   16.8617
    0.0000   -7.5000   30.0000 2603.1638   16.8340
    7.5000   -7.5000   30.0000 2610.7854   17.1569
   -7.5000    0.0000   30.0000 2694.7368   15.8381
    0.0000    0.0000   30.0000 2706.7581   15.8591
    7.5000    0.0000   30.0000 2710.2529   16.0965
   -7.5000    7.5000   30.0000 2776.2051   15.1736
    0.0000    7.5000   30.0000 2793.5327   15.1458
    7.5000    7.5000   30.0000 2785.0798   15.3685
   -7.5000   15.0000   30.0000 2822.7012   14.6200
    0.0000   15.0000   30.0000 2829.8083   14.5531
    7.5000   15.0000   30.0000 2817.2625   14.9031
   -7.5000   22.5000   30.0000 2834.4529   14.4296
    0.0000   22.5000   30.0000 2839.8965   14.4038
    7.5000   22.5000   30.0000 2822.8450   14.7445
   -7.5000   30.0000   30.0000 2828.3826   14.7844
    0.0000   30.0000   30.0000 2846.2815   14.7700
    7.5000   30.0000   30.0000 2816.5520   14.9690
   -7.5000   37.5000   30.0000 2788.9446   15.4475
    0.0000   37.5000   30.0000 2805.7515   15.4128
    7.5000   37.5000   30.0000 2778.7090   15.5999
   -7.5000   45.0000   30.0000 2725.2170   16.2866
    0.0000   45.0000   30.0000 2730.8435   16.2116
    7.5000   45.0000   30.0000 2713.5295   16.4256
   -7.5000   52.5000   30.0000 2616.3105   17.2243
    0.0000   52.5000   30.0000 2619.0654   17.1664
    7.5000   52.5000   30.0000 2598.7979   17.3579
   -7.5000   60.0000   30.0000 2458.0662   18.2628
    0.0000   60.0000   30.0000 2459.1316   18.1738
    7.5000   60.0000   30.0000 2436.3701   18.3165
   -7.5000  -30.0000   37.5000 2194.2720   23.6152
    0.0000  -30.0000   37.5000 2195.4355   23.3889
    7.5000  -30.0000   37.5000 2208.8755   24.0430
   -7.5000  -22.5000   37.5000 2316.5857   21.0472
    0.0000  -22.5000   37.5000 2318.5227   20.7765
    7.5000  -22.5000   37.5000 2331.8069   21.4293
   -7.5000  -15.0000   37.5000 2439.7529   19.1050
    0.0000  -15.0000   37.5000 2432.4934   18.9072
    7.5000  -15.0000   37.5000 2449.8201   19.4762
   -7.5000   -7.5000   37.5000 2556.3081   17.6637
    0.0000   -7.5000   37.5000 2549.1167   17.5603
    7.5000   -7.5000   37.5000 2565.1345   17.9991
   -7.5000    0.0000   37.5000 2646.7866   16.6099
    0.0000    0.0000   37.5000 2651.4705   16.5273
    7.5000    0.0000   37.5000 2654.8679   16.8685
   -7.5000    7.5000   37.5000 2714.3376   15.8306
    0.0000    7.5000   37.5000 2722.6831   15.7073
    7.5000    7.5000   37.5000 2720.3828   16.0776
   -7.5000   15.0000   37.5000 2755.1855   15.2761
    0.0000   15.0000   37.5000 2756.8513   15.1887
    7.5000   15.0000   37.5000 2748.9878   15.6002
   -7.5000   22.5000   37.5000 2775.2158   15.1759
    0.0000   22.5000   37.5000 2774.6538   15.1224
    7.5000   22.5000   37.5000 2766.7122   15.4676
   -7.5000   30.0000   37.5000 2771.3765   15.5503
    0.0000   30.0000   37.5000 2781.3472   15.5053
    7.5000   30.0000   37.5000 2754.4841   15.7353
   -7.5000   37.5000   37.5000 2730.8748   16.2234
    0.0000   37.5000   37.5000 2741.7732   16.1674
    7.5000   37.5000   37.5000 2723.9636   16.3610
   -7.5000   45.0000   37.5000 2668.0452   16.9919
    0.0000   45.0000   37.5000 2669.7234   16.9197
    7.5000   45.0000   37.5000 2657.8535   17.1617
   -7.5000   52.5000   37.5000 2563.8735   17.9055
    0.0000   52.5000   37.5000 2568.9062   17.8551
    7.5000   52.5000   37.5000 2550.1550   18.0977
   -7.5000   60.0000   37.5000 2412.9231   19.0538
    0.0000   60.0000   37.5000 2415.3772   18.9887
    7.5000   60.0000   37.5000 2392.5522   19.1489
   -7.5000  -30.0000   45.0000 2138.9573   24.8508
    0.0000  -30.0000   45.0000 2132.2056   24.4716
    7.5000  -30.0000   45.0000 2148.1448   25.2341
   -7.5000  -22.5000   45.0000 2267.2646   22.1744
    0.0000  -22.5000   45.0000 2257.9185   21.7748
    7.5000  -22.5000   45.0000 2275.1724   22.4927
   -7.5000  -15.0000   45.0000 2387.9485   20.1315
    0.0000  -15.0000   45.0000 2373.5701   19.8656
    7.5000  -15.0000   45.0000 2392.8540   20.4811
   -7.5000   -7.5000   45.0000 2494.8567   18.6673
    0.0000   -7.5000   45.0000 2484.9446   18.4581
    7.5000   -7.5000   45.0000 2501.6985   18.9925
   -7.5000    0.0000   45.0000 2580.4128   17.5192
    0.0000    0.0000   45.0000 2579.9631   17.3762
    7.5000    0.0000   45.0000 2587.1360   17.8270
   -7.5000    7.5000   45.0000 2643.3372   16.7024
    0.0000    7.5000   45.0000 2646.5874   16.5447
    7.5000    7.5000   45.0000 2644.1155   17.0030
   -7.5000   15.0000   45.0000 2681.2930   16.1929
    0.0000   15.0000   45.0000 2675.6582   16.1284
    7.5000   15.0000   45.0000 2670.7749   16.5133
   -7.5000   22.5000   45.0000 2697.0073   16.1301
    0.0000   22.5000   45.0000 2696.4546   16.0748
    7.5000   22.5000   45.0000 2685.0190   16.4079
   -7.5000   30.0000   45.0000 2692.1255   16.4955
    0.0000   30.0000   45.0000 2702.3770   16.4307
    7.5000   30.0000   45.0000 2675.7771   16.7020
   -7.5000   37.5000   45.0000 2656.1838   17.1201
    0.0000   37.5000   45.0000 2670.0059   17.0428
    7.5000   37.5000   45.0000 2652.0925   17.3006
   -7.5000   45.0000   45.0000 2597.9141   17.8755
    0.0000   45.0000   45.0000 2602.3499   17.7866
    7.5000   45.0000   45.0000 2588.7488   18.1087
   -7.5000   52.5000   45.0000 2501.3186   18.7967
    0.0000   52.5000   45.0000 2504.6338   18.7073
    7.5000   52.5000   45.0000 2483.3550   19.0150
   -7.5000   60.0000   45.0000 2346.2620   19.9910
    0.0000   60.0000   45.0000 2351.1545   19.9505
    7.5000   60.0000   45.0000 2332.0837   20.1563

---------------------------------------------------------------------
imgreg_4dfp /opt/freesurfer/average/711-2C_as_mni_average_305 /opt/freesurfer/average/711-2B_as_mni_average_305_mask talsrcimg_g11 none talsrcimg_to_711-2C_as_mni_average_305_t4 1283
---------------------------------------------------------------------

freesurfer imgreg_4dfp.c
/opt/freesurfer/average/711-2C_as_mni_average_305.4dfp.img
       256       256       256         1
  1.000000  1.000000  1.000000
orientation T byte_order littleendian
Reading image: /opt/freesurfer/average/711-2C_as_mni_average_305.4dfp.img
dimensions:      256       256       256
mmppix:       1.0000   -1.0000   -1.0000
center:     128.0000 -129.0000 -129.0000
/opt/freesurfer/average/711-2B_as_mni_average_305_mask.4dfp.img
       256       256       256         1
  1.000000  1.000000  1.000000
orientation T byte_order littleendian
Reading mask: /opt/freesurfer/average/711-2B_as_mni_average_305_mask.4dfp.img (2306576 pixels)
talsrcimg_g11.4dfp.img
       256       256       256         1
  1.000000  1.000000  1.000000
orientation T byte_order littleendian
Reading image: talsrcimg_g11.4dfp.img
dimensions:      256       256       256
mmppix:       1.0000   -1.0000   -1.0000
center:     128.0000 -129.0000 -129.0000
rotation matrix determinant  1.000000
fimgreg.f
image alignment mode   1283 decimal      503 hex
parameters
    0.0000   15.0000    7.5000    0.0000    0.0000    0.0000
eta,q 0.94742 14.44941
niter,ni,del,rscale     5    3   12.0000    1.2000
parameter  4  1.407295 ->  0.500000 qaram    1.1500
parameters
   -2.7410   17.6787    7.3365   -3.4500   -0.7819    0.7232
eta,q 0.96122 14.41114
  0.0568  0.0681  0.0530  0.0384  0.0481  0.0471
  0.0494  0.0605  0.0471  0.0388  0.0421  0.0432
  0.0466  0.0525  0.0440  0.0409  0.0393  0.0403
  0.0516  0.0466  0.0433  0.0433  0.0392  0.0390
  0.0638  0.0438  0.0448  0.0470  0.0412  0.0388
  0.0764  0.0446  0.0483  0.0503  0.0463  0.0407
  0.0843  0.0489  0.0537  0.0545  0.0547  0.0442
niter,ni,del,rscale     5    3   12.0000    1.2000
parameter  4  0.536588 ->  0.500000 qaram    1.3225
parameters
   -2.3159   18.6365    6.8096   -7.4175   -1.5162    0.9324
eta,q 0.96520 14.50979
  0.0694  0.0589  0.0483  0.0382  0.0452  0.0417
  0.0573  0.0497  0.0417  0.0351  0.0390  0.0382
  0.0459  0.0421  0.0383  0.0354  0.0355  0.0359
  0.0388  0.0382  0.0379  0.0377  0.0349  0.0348
  0.0395  0.0385  0.0403  0.0417  0.0370  0.0352
  0.0494  0.0426  0.0452  0.0465  0.0432  0.0374
  0.0646  0.0493  0.0520  0.0508  0.0528  0.0410
niter,ni,del,rscale     5    3   12.0000    1.2000
parameters
   -2.0120   19.7628    6.4915   -7.6137   -1.8910    0.8582
eta,q 0.96719 14.56637
  0.0684  0.0601  0.0458  0.0470  0.0453  0.0395
  0.0536  0.0479  0.0378  0.0381  0.0385  0.0364
  0.0408  0.0401  0.0332  0.0339  0.0340  0.0338
  0.0348  0.0346  0.0331  0.0329  0.0328  0.0328
  0.0368  0.0333  0.0356  0.0361  0.0346  0.0334
  0.0480  0.0380  0.0404  0.0404  0.0401  0.0362
  0.0637  0.0469  0.0479  0.0469  0.0498  0.0403
niter,ni,del,rscale     4    3   12.0000    1.2000
parameters
   -1.9064   19.8163    6.4275   -7.7122   -2.0106    0.8336
eta,q 0.96733 14.57442
  0.0662  0.0526  0.0467  0.0473  0.0461  0.0394
  0.0512  0.0430  0.0385  0.0382  0.0393  0.0363
  0.0383  0.0366  0.0334  0.0338  0.0343  0.0337
  0.0328  0.0328  0.0327  0.0327  0.0327  0.0327
  0.0362  0.0346  0.0350  0.0358  0.0341  0.0333
  0.0490  0.0422  0.0393  0.0401  0.0390  0.0359
  0.0648  0.0527  0.0465  0.0464  0.0481  0.0400
niter,ni,del,rscale     3    3   12.0000    1.2000
parameters
   -1.8676   19.8354    6.4060   -7.7465   -2.0552    0.8238
eta,q 0.96737 14.57701
  0.0654  0.0524  0.0467  0.0475  0.0463  0.0394
  0.0506  0.0428  0.0386  0.0383  0.0395  0.0363
  0.0379  0.0365  0.0334  0.0338  0.0344  0.0337
  0.0327  0.0327  0.0326  0.0326  0.0326  0.0326
  0.0364  0.0345  0.0349  0.0357  0.0339  0.0332
  0.0495  0.0423  0.0391  0.0399  0.0387  0.0358
  0.0653  0.0530  0.0463  0.0462  0.0476  0.0400
registration optimization eta report
parameter search radius
    6.0000    6.0000    6.0000    7.9350    6.0000    6.0000
100000*second partial in parameter space
       89.       55.       39.       22.       40.       20.
  0.0654  0.0524  0.0467  0.0475  0.0463  0.0394
  0.0506  0.0428  0.0386  0.0383  0.0395  0.0363
  0.0379  0.0365  0.0334  0.0338  0.0344  0.0337
  0.0327  0.0327  0.0326  0.0326  0.0326  0.0326
  0.0364  0.0345  0.0349  0.0357  0.0339  0.0332
  0.0495  0.0423  0.0391  0.0399  0.0387  0.0358
  0.0653  0.0530  0.0463  0.0462  0.0476  0.0400
   -1.8676   19.8354    6.4060   -7.7465   -2.0552    0.8238
eta,q 0.96737 14.57701

---------------------------------------------------------------------
imgreg_4dfp /opt/freesurfer/average/711-2C_as_mni_average_305 /opt/freesurfer/average/711-2B_as_mni_average_305_mask talsrcimg_g11 none talsrcimg_to_711-2C_as_mni_average_305_t4 3335
---------------------------------------------------------------------

freesurfer imgreg_4dfp.c
/opt/freesurfer/average/711-2C_as_mni_average_305.4dfp.img
       256       256       256         1
  1.000000  1.000000  1.000000
orientation T byte_order littleendian
Reading image: /opt/freesurfer/average/711-2C_as_mni_average_305.4dfp.img
dimensions:      256       256       256
mmppix:       1.0000   -1.0000   -1.0000
center:     128.0000 -129.0000 -129.0000
/opt/freesurfer/average/711-2B_as_mni_average_305_mask.4dfp.img
       256       256       256         1
  1.000000  1.000000  1.000000
orientation T byte_order littleendian
Reading mask: /opt/freesurfer/average/711-2B_as_mni_average_305_mask.4dfp.img (2306576 pixels)
talsrcimg_g11.4dfp.img
       256       256       256         1
  1.000000  1.000000  1.000000
orientation T byte_order littleendian
Reading image: talsrcimg_g11.4dfp.img
dimensions:      256       256       256
mmppix:       1.0000   -1.0000   -1.0000
center:     128.0000 -129.0000 -129.0000
fimgreg.f
image alignment mode   3335 decimal      D07 hex
parameters
   -1.8676   19.8354    6.4060   -0.0747   -0.9298   -0.9763
   -1.9079    3.3593    1.4368   13.5288   -3.5862  -13.4704
eta,q 0.96785 14.62332
niter,ni,del,rscale     5    3    5.0000    1.2000
parameter  4  0.732476 ->  0.500000 qaram    1.1500
parameter  5  0.739885 ->  0.500000 qaram    1.1500
parameters
   -1.6613   20.6515    6.0768   -4.2147   -5.0698   -2.4777
   -2.5629    4.3197    1.0464   12.9599   -4.9317  -16.2477
eta,q 0.97548 14.41150
  0.0401  0.0379  0.0334  0.0273  0.0250  0.0262  0.0282  0.0318  0.0275  0.0283  0.0254  0.0251
  0.0362  0.0355  0.0322  0.0272  0.0247  0.0254  0.0263  0.0281  0.0260  0.0262  0.0250  0.0246
  0.0334  0.0334  0.0316  0.0282  0.0253  0.0251  0.0252  0.0260  0.0250  0.0250  0.0248  0.0245
  0.0321  0.0321  0.0315  0.0315  0.0273  0.0248  0.0250  0.0250  0.0248  0.0248  0.0248  0.0247
  0.0325  0.0316  0.0321  0.0382  0.0310  0.0247  0.0258  0.0249  0.0253  0.0255  0.0250  0.0253
  0.0345  0.0320  0.0332  0.0474  0.0361  0.0263  0.0273  0.0261  0.0264  0.0271  0.0255  0.0260
  0.0379  0.0334  0.0347  0.0566  0.0409  0.0307  0.0295  0.0289  0.0281  0.0296  0.0263  0.0269
niter,ni,del,rscale     6    3    5.0000    1.2000
parameters
   -1.4255   21.4024    5.8970   -6.6947   -6.9033   -1.5386
   -2.2209    4.5483    1.1773   13.8035   -7.1742  -17.8154
eta,q 0.97594 14.29001
  0.0301  0.0302  0.0253  0.0264  0.0276  0.0265  0.0276  0.0286  0.0270  0.0285  0.0246  0.0250
  0.0272  0.0277  0.0245  0.0253  0.0260  0.0252  0.0259  0.0261  0.0256  0.0264  0.0242  0.0243
  0.0253  0.0258  0.0241  0.0244  0.0248  0.0246  0.0248  0.0248  0.0247  0.0250  0.0242  0.0241
  0.0245  0.0245  0.0240  0.0240  0.0244  0.0245  0.0243  0.0243  0.0243  0.0243  0.0243  0.0242
  0.0248  0.0240  0.0243  0.0254  0.0257  0.0240  0.0245  0.0246  0.0246  0.0245  0.0246  0.0246
  0.0260  0.0245  0.0248  0.0303  0.0290  0.0241  0.0254  0.0258  0.0254  0.0254  0.0250  0.0253
  0.0282  0.0259  0.0258  0.0391  0.0344  0.0258  0.0271  0.0281  0.0269  0.0269  0.0256  0.0261
niter,ni,del,rscale     5    3    5.0000    1.2000
parameters
   -1.3170   21.7179    5.7937   -7.3897   -7.6318   -1.9200
   -2.3585    4.6566    1.3585   14.3293   -7.3899  -18.5880
eta,q 0.97561 14.19950
  0.0281  0.0282  0.0254  0.0275  0.0284  0.0261  0.0271  0.0285  0.0269  0.0280  0.0253  0.0256
  0.0259  0.0262  0.0245  0.0260  0.0267  0.0251  0.0257  0.0260  0.0256  0.0261  0.0247  0.0248
  0.0246  0.0248  0.0241  0.0248  0.0251  0.0247  0.0248  0.0248  0.0248  0.0249  0.0245  0.0244
  0.0241  0.0240  0.0240  0.0240  0.0242  0.0243  0.0244  0.0244  0.0244  0.0244  0.0244  0.0244
  0.0244  0.0241  0.0242  0.0236  0.0246  0.0238  0.0247  0.0249  0.0246  0.0247  0.0246  0.0247
  0.0255  0.0250  0.0248  0.0254  0.0270  0.0246  0.0257  0.0261  0.0254  0.0255  0.0248  0.0253
  0.0274  0.0265  0.0256  0.0312  0.0316  0.0277  0.0275  0.0280  0.0267  0.0270  0.0253  0.0261
niter,ni,del,rscale     4    3    5.0000    1.2000
parameters
   -1.2588   21.8833    5.7508   -7.3084   -7.8688   -1.8500
   -2.5189    4.7403    1.3317   14.6718   -7.5350  -18.8826
eta,q 0.97561 14.20951
  0.0280  0.0278  0.0257  0.0279  0.0288  0.0264  0.0271  0.0285  0.0267  0.0277  0.0253  0.0258
  0.0261  0.0260  0.0249  0.0264  0.0270  0.0253  0.0256  0.0259  0.0255  0.0259  0.0247  0.0249
  0.0248  0.0249  0.0245  0.0252  0.0255  0.0248  0.0247  0.0247  0.0247  0.0248  0.0244  0.0244
  0.0244  0.0244  0.0244  0.0244  0.0243  0.0244  0.0244  0.0244  0.0244  0.0244  0.0244  0.0244
  0.0247  0.0246  0.0245  0.0238  0.0245  0.0238  0.0247  0.0249  0.0246  0.0247  0.0245  0.0247
  0.0258  0.0255  0.0250  0.0247  0.0264  0.0244  0.0257  0.0261  0.0254  0.0255  0.0248  0.0252
  0.0277  0.0270  0.0258  0.0293  0.0305  0.0272  0.0275  0.0281  0.0268  0.0271  0.0253  0.0259
niter,ni,del,rscale     3    3    5.0000    1.2000
parameters
   -1.2413   21.9604    5.7217   -7.3187   -7.9516   -1.8749
   -2.5440    4.7721    1.3388   14.8207   -7.5918  -19.0058
eta,q 0.97559 14.20808
  0.0279  0.0275  0.0258  0.0279  0.0289  0.0264  0.0272  0.0285  0.0267  0.0275  0.0253  0.0260
  0.0260  0.0258  0.0250  0.0264  0.0271  0.0253  0.0257  0.0259  0.0255  0.0258  0.0247  0.0250
  0.0248  0.0248  0.0245  0.0252  0.0255  0.0248  0.0248  0.0247  0.0247  0.0247  0.0245  0.0245
  0.0244  0.0244  0.0244  0.0244  0.0244  0.0244  0.0244  0.0244  0.0244  0.0244  0.0244  0.0244
  0.0247  0.0246  0.0245  0.0238  0.0244  0.0238  0.0247  0.0249  0.0246  0.0247  0.0246  0.0247
  0.0259  0.0256  0.0250  0.0248  0.0262  0.0245  0.0256  0.0262  0.0254  0.0256  0.0248  0.0252
  0.0278  0.0272  0.0258  0.0295  0.0303  0.0274  0.0274  0.0281  0.0268  0.0273  0.0253  0.0259
niter,ni,del,rscale     2    3    5.0000    1.2000
parameters
   -1.2360   21.9912    5.7051   -7.3237   -7.9843   -1.8768
   -2.5549    4.7863    1.3424   14.8846   -7.6031  -19.0616
eta,q 0.97558 14.20824
  0.0278  0.0274  0.0258  0.0279  0.0290  0.0265  0.0273  0.0285  0.0267  0.0275  0.0253  0.0260
  0.0260  0.0258  0.0250  0.0264  0.0272  0.0253  0.0257  0.0259  0.0255  0.0257  0.0247  0.0250
  0.0248  0.0248  0.0246  0.0253  0.0255  0.0249  0.0248  0.0247  0.0247  0.0247  0.0245  0.0245
  0.0244  0.0244  0.0244  0.0244  0.0244  0.0244  0.0244  0.0244  0.0244  0.0244  0.0244  0.0244
  0.0248  0.0247  0.0246  0.0238  0.0244  0.0238  0.0247  0.0250  0.0246  0.0247  0.0246  0.0247
  0.0259  0.0256  0.0250  0.0248  0.0261  0.0245  0.0256  0.0262  0.0254  0.0257  0.0248  0.0252
  0.0278  0.0273  0.0258  0.0294  0.0302  0.0274  0.0274  0.0281  0.0268  0.0273  0.0253  0.0259
niter,ni,del,rscale     1    3    5.0000    1.2000
parameters
   -1.2341   22.0049    5.6992   -7.3218   -7.9992   -1.8824
   -2.5592    4.7952    1.3432   14.9138   -7.6074  -19.0822
eta,q 0.97557 14.20821
  0.0278  0.0273  0.0258  0.0279  0.0290  0.0265  0.0273  0.0284  0.0267  0.0274  0.0254  0.0260
  0.0260  0.0258  0.0250  0.0264  0.0272  0.0253  0.0258  0.0259  0.0255  0.0257  0.0247  0.0250
  0.0248  0.0248  0.0246  0.0253  0.0256  0.0249  0.0248  0.0247  0.0247  0.0247  0.0245  0.0245
  0.0244  0.0244  0.0244  0.0244  0.0244  0.0244  0.0244  0.0244  0.0244  0.0244  0.0244  0.0244
  0.0248  0.0247  0.0246  0.0238  0.0244  0.0238  0.0247  0.0250  0.0246  0.0248  0.0246  0.0247
  0.0259  0.0257  0.0250  0.0248  0.0261  0.0245  0.0256  0.0262  0.0254  0.0257  0.0248  0.0252
  0.0279  0.0273  0.0258  0.0294  0.0301  0.0274  0.0274  0.0281  0.0268  0.0274  0.0253  0.0259
registration optimization eta report
parameter search radius
    2.4000    2.4000    2.4000    8.2800    8.2800    7.2000
    7.2000    7.2000    7.2000    7.2000    7.2000    7.2000
100000*second partial in parameter space
       59.       50.       25.        6.        8.        5.
        6.        7.        4.        6.        2.        3.
  0.0278  0.0273  0.0258  0.0279  0.0290  0.0265  0.0273  0.0284  0.0267  0.0274  0.0254  0.0260
  0.0260  0.0258  0.0250  0.0264  0.0272  0.0253  0.0258  0.0259  0.0255  0.0257  0.0247  0.0250
  0.0248  0.0248  0.0246  0.0253  0.0256  0.0249  0.0248  0.0247  0.0247  0.0247  0.0245  0.0245
  0.0244  0.0244  0.0244  0.0244  0.0244  0.0244  0.0244  0.0244  0.0244  0.0244  0.0244  0.0244
  0.0248  0.0247  0.0246  0.0238  0.0244  0.0238  0.0247  0.0250  0.0246  0.0248  0.0246  0.0247
  0.0259  0.0257  0.0250  0.0248  0.0261  0.0245  0.0256  0.0262  0.0254  0.0257  0.0248  0.0252
  0.0279  0.0273  0.0258  0.0294  0.0301  0.0274  0.0274  0.0281  0.0268  0.0274  0.0253  0.0259
   -1.2341   22.0049    5.6992   -7.3218   -7.9992   -1.8824
   -2.5592    4.7952    1.3432   14.9138   -7.6074  -19.0822
eta,q 0.97557 14.20821

---------------------------------------------------------------------
imgreg_4dfp /opt/freesurfer/average/711-2C_as_mni_average_305 /opt/freesurfer/average/711-2B_as_mni_average_305_mask talsrcimg_g11 none talsrcimg_to_711-2C_as_mni_average_305_t4 2311
---------------------------------------------------------------------

freesurfer imgreg_4dfp.c
/opt/freesurfer/average/711-2C_as_mni_average_305.4dfp.img
       256       256       256         1
  1.000000  1.000000  1.000000
orientation T byte_order littleendian
Reading image: /opt/freesurfer/average/711-2C_as_mni_average_305.4dfp.img
dimensions:      256       256       256
mmppix:       1.0000   -1.0000   -1.0000
center:     128.0000 -129.0000 -129.0000
/opt/freesurfer/average/711-2B_as_mni_average_305_mask.4dfp.img
       256       256       256         1
  1.000000  1.000000  1.000000
orientation T byte_order littleendian
Reading mask: /opt/freesurfer/average/711-2B_as_mni_average_305_mask.4dfp.img (2306576 pixels)
talsrcimg_g11.4dfp.img
       256       256       256         1
  1.000000  1.000000  1.000000
orientation T byte_order littleendian
Reading image: talsrcimg_g11.4dfp.img
dimensions:      256       256       256
mmppix:       1.0000   -1.0000   -1.0000
center:     128.0000 -129.0000 -129.0000
fimgreg.f
image alignment mode   2311 decimal      907 hex
parameters
   -1.2341   22.0049    5.6992   -7.3218   -7.9992   -1.8824
   -2.5592    4.7952    1.3432   14.9138   -7.6074  -19.0822
eta,q 0.97557 14.20821
niter,ni,del,rscale     5    3    5.0000    0.8000
parameter  4 -0.633304 -> -0.500000 qaram    1.1500
parameters
   -1.2243   22.0257    5.6866   -4.5618   -7.4786   -0.7256
   -3.4548    5.0423    0.8352   15.3109   -6.9823  -19.0684
eta,q 0.97670 14.46789
  0.0260  0.0257  0.0250  0.0261  0.0263  0.0249  0.0247  0.0265  0.0245  0.0254  0.0243  0.0242
  0.0251  0.0250  0.0247  0.0254  0.0253  0.0245  0.0238  0.0246  0.0238  0.0243  0.0237  0.0236
  0.0246  0.0246  0.0245  0.0249  0.0244  0.0242  0.0233  0.0236  0.0234  0.0235  0.0234  0.0233
  0.0244  0.0244  0.0244  0.0244  0.0239  0.0238  0.0234  0.0233  0.0233  0.0233  0.0233  0.0233
  0.0246  0.0246  0.0245  0.0240  0.0238  0.0233  0.0239  0.0236  0.0236  0.0234  0.0233  0.0234
  0.0251  0.0250  0.0247  0.0238  0.0244  0.0234  0.0248  0.0244  0.0242  0.0239  0.0235  0.0237
  0.0259  0.0257  0.0250  0.0243  0.0257  0.0245  0.0261  0.0257  0.0251  0.0247  0.0238  0.0241
niter,ni,del,rscale     5    3    5.0000    0.8000
parameters
   -1.3219   22.0035    5.5735   -5.6159   -7.1073   -0.7477
   -2.8519    4.8077    0.8225   15.1869   -7.0733  -18.9466
eta,q 0.97659 14.43390
  0.0252  0.0248  0.0241  0.0251  0.0259  0.0246  0.0257  0.0254  0.0247  0.0251  0.0240  0.0244
  0.0241  0.0240  0.0236  0.0244  0.0249  0.0244  0.0246  0.0241  0.0240  0.0241  0.0236  0.0238
  0.0234  0.0235  0.0233  0.0238  0.0241  0.0240  0.0238  0.0235  0.0236  0.0235  0.0234  0.0235
  0.0233  0.0233  0.0233  0.0233  0.0235  0.0235  0.0235  0.0234  0.0234  0.0234  0.0234  0.0234
  0.0236  0.0235  0.0234  0.0235  0.0235  0.0232  0.0235  0.0238  0.0236  0.0237  0.0235  0.0235
  0.0244  0.0240  0.0238  0.0253  0.0241  0.0238  0.0240  0.0245  0.0240  0.0243  0.0237  0.0238
  0.0257  0.0249  0.0243  0.0292  0.0255  0.0254  0.0248  0.0258  0.0247  0.0252  0.0240  0.0242
niter,ni,del,rscale     4    3    5.0000    0.7000
parameters
   -1.3666   21.9738    5.6326   -5.5277   -7.0310   -0.3695
   -2.9371    4.7751    0.8130   15.0887   -7.1339  -18.8966
eta,q 0.97674 14.45772
  0.0248  0.0245  0.0242  0.0251  0.0252  0.0245  0.0246  0.0251  0.0243  0.0247  0.0238  0.0240
  0.0240  0.0239  0.0238  0.0245  0.0244  0.0242  0.0239  0.0240  0.0237  0.0238  0.0235  0.0236
  0.0235  0.0235  0.0235  0.0239  0.0237  0.0239  0.0234  0.0234  0.0234  0.0233  0.0233  0.0233
  0.0234  0.0234  0.0234  0.0234  0.0234  0.0234  0.0233  0.0233  0.0233  0.0233  0.0233  0.0233
  0.0236  0.0235  0.0235  0.0232  0.0235  0.0231  0.0234  0.0235  0.0234  0.0235  0.0233  0.0234
  0.0241  0.0240  0.0237  0.0238  0.0241  0.0235  0.0239  0.0241  0.0237  0.0240  0.0235  0.0236
  0.0249  0.0246  0.0240  0.0256  0.0252  0.0246  0.0247  0.0250  0.0243  0.0247  0.0238  0.0239
niter,ni,del,rscale     3    3    5.0000    0.6000
parameters
   -1.3815   21.9528    5.6812   -5.2305   -7.0242   -0.0790
   -3.0391    4.7762    0.7750   15.0184   -7.0367  -18.8657
eta,q 0.97688 14.48209
  0.0243  0.0241  0.0239  0.0247  0.0246  0.0243  0.0242  0.0246  0.0239  0.0242  0.0236  0.0237
  0.0237  0.0236  0.0235  0.0242  0.0239  0.0240  0.0236  0.0237  0.0235  0.0235  0.0233  0.0234
  0.0234  0.0234  0.0233  0.0237  0.0234  0.0236  0.0232  0.0232  0.0232  0.0232  0.0232  0.0232
  0.0233  0.0233  0.0233  0.0233  0.0232  0.0232  0.0231  0.0231  0.0231  0.0231  0.0231  0.0231
  0.0234  0.0234  0.0233  0.0231  0.0233  0.0230  0.0233  0.0233  0.0232  0.0233  0.0232  0.0232
  0.0238  0.0237  0.0235  0.0235  0.0238  0.0234  0.0237  0.0238  0.0235  0.0237  0.0233  0.0234
  0.0244  0.0242  0.0238  0.0247  0.0247  0.0243  0.0243  0.0245  0.0240  0.0242  0.0235  0.0236
niter,ni,del,rscale     2    3    5.0000    0.5000
parameters
   -1.3948   21.9333    5.7081   -4.9464   -7.0207    0.1791
   -3.0898    4.7770    0.7350   14.9463   -6.8738  -18.8275
eta,q 0.97699 14.50150
  0.0239  0.0237  0.0236  0.0243  0.0241  0.0240  0.0238  0.0241  0.0236  0.0238  0.0234  0.0234
  0.0235  0.0234  0.0233  0.0239  0.0236  0.0237  0.0234  0.0235  0.0233  0.0233  0.0232  0.0232
  0.0232  0.0232  0.0232  0.0235  0.0232  0.0234  0.0231  0.0231  0.0231  0.0231  0.0230  0.0230
  0.0231  0.0231  0.0231  0.0231  0.0231  0.0231  0.0230  0.0230  0.0230  0.0230  0.0230  0.0230
  0.0232  0.0232  0.0232  0.0230  0.0231  0.0230  0.0231  0.0232  0.0231  0.0231  0.0230  0.0231
  0.0235  0.0234  0.0233  0.0233  0.0235  0.0233  0.0234  0.0235  0.0233  0.0234  0.0231  0.0232
  0.0239  0.0238  0.0235  0.0242  0.0242  0.0240  0.0239  0.0241  0.0236  0.0238  0.0233  0.0234
niter,ni,del,rscale     1    3    5.0000    0.4000
parameters
   -1.4098   21.9071    5.7346   -4.6994   -7.0183    0.3854
   -3.0888    4.7742    0.6968   14.8616   -6.7121  -18.7449
eta,q 0.97706 14.51503
  0.0235  0.0234  0.0233  0.0239  0.0237  0.0238  0.0235  0.0237  0.0233  0.0235  0.0232  0.0232
  0.0232  0.0232  0.0231  0.0236  0.0233  0.0235  0.0232  0.0233  0.0231  0.0231  0.0231  0.0231
  0.0231  0.0230  0.0230  0.0232  0.0231  0.0232  0.0230  0.0230  0.0230  0.0230  0.0230  0.0230
  0.0230  0.0230  0.0230  0.0230  0.0230  0.0230  0.0229  0.0229  0.0229  0.0229  0.0229  0.0229
  0.0231  0.0231  0.0230  0.0230  0.0230  0.0229  0.0230  0.0230  0.0230  0.0230  0.0230  0.0230
  0.0233  0.0232  0.0231  0.0232  0.0233  0.0232  0.0232  0.0233  0.0231  0.0232  0.0230  0.0231
  0.0236  0.0235  0.0233  0.0238  0.0237  0.0236  0.0235  0.0237  0.0234  0.0235  0.0232  0.0232
registration optimization eta report
parameter search radius
    0.8000    0.8000    0.8000    2.7600    2.4000    2.4000
    2.4000    2.4000    2.4000    2.4000    2.4000    2.4000
100000*second partial in parameter space
       86.       66.       46.       11.       13.       13.
       10.       13.        7.        9.        4.        5.
  0.0235  0.0234  0.0233  0.0239  0.0237  0.0238  0.0235  0.0237  0.0233  0.0235  0.0232  0.0232
  0.0232  0.0232  0.0231  0.0236  0.0233  0.0235  0.0232  0.0233  0.0231  0.0231  0.0231  0.0231
  0.0231  0.0230  0.0230  0.0232  0.0231  0.0232  0.0230  0.0230  0.0230  0.0230  0.0230  0.0230
  0.0230  0.0230  0.0230  0.0230  0.0230  0.0230  0.0229  0.0229  0.0229  0.0229  0.0229  0.0229
  0.0231  0.0231  0.0230  0.0230  0.0230  0.0229  0.0230  0.0230  0.0230  0.0230  0.0230  0.0230
  0.0233  0.0232  0.0231  0.0232  0.0233  0.0232  0.0232  0.0233  0.0231  0.0232  0.0230  0.0231
  0.0236  0.0235  0.0233  0.0238  0.0237  0.0236  0.0235  0.0237  0.0234  0.0235  0.0232  0.0232
   -1.4098   21.9071    5.7346   -4.6994   -7.0183    0.3854
   -3.0888    4.7742    0.6968   14.8616   -6.7121  -18.7449
eta,q 0.97706 14.51503

---------------------------------------------------------------------
imgreg_4dfp /opt/freesurfer/average/711-2C_as_mni_average_305 /opt/freesurfer/average/711-2B_as_mni_average_305_mask talsrcimg_g11 none talsrcimg_to_711-2C_as_mni_average_305_t4 2311
---------------------------------------------------------------------

freesurfer imgreg_4dfp.c
/opt/freesurfer/average/711-2C_as_mni_average_305.4dfp.img
       256       256       256         1
  1.000000  1.000000  1.000000
orientation T byte_order littleendian
Reading image: /opt/freesurfer/average/711-2C_as_mni_average_305.4dfp.img
dimensions:      256       256       256
mmppix:       1.0000   -1.0000   -1.0000
center:     128.0000 -129.0000 -129.0000
/opt/freesurfer/average/711-2B_as_mni_average_305_mask.4dfp.img
       256       256       256         1
  1.000000  1.000000  1.000000
orientation T byte_order littleendian
Reading mask: /opt/freesurfer/average/711-2B_as_mni_average_305_mask.4dfp.img (2306576 pixels)
talsrcimg_g11.4dfp.img
       256       256       256         1
  1.000000  1.000000  1.000000
orientation T byte_order littleendian
Reading image: talsrcimg_g11.4dfp.img
dimensions:      256       256       256
mmppix:       1.0000   -1.0000   -1.0000
center:     128.0000 -129.0000 -129.0000
fimgreg.f
image alignment mode   2311 decimal      907 hex
parameters
   -1.4098   21.9071    5.7346   -4.6994   -7.0183    0.3854
   -3.0888    4.7742    0.6968   14.8616   -6.7121  -18.7449
eta,q 0.97706 14.51503
niter,ni,del,rscale     5    3    5.0000    0.8000
parameters
   -1.4187   21.8483    5.7825   -5.4597   -7.1927   -0.4399
   -2.7324    4.6917    0.8397   14.8741   -7.0679  -18.6923
eta,q 0.97671 14.44183
  0.0252  0.0245  0.0242  0.0246  0.0253  0.0244  0.0254  0.0256  0.0247  0.0251  0.0239  0.0242
  0.0239  0.0236  0.0235  0.0240  0.0243  0.0241  0.0243  0.0241  0.0240  0.0240  0.0235  0.0236
  0.0232  0.0231  0.0231  0.0234  0.0235  0.0236  0.0236  0.0234  0.0235  0.0234  0.0233  0.0233
  0.0229  0.0229  0.0229  0.0229  0.0231  0.0231  0.0233  0.0233  0.0233  0.0233  0.0233  0.0233
  0.0232  0.0232  0.0231  0.0231  0.0233  0.0233  0.0234  0.0236  0.0234  0.0236  0.0234  0.0234
  0.0240  0.0238  0.0234  0.0245  0.0242  0.0245  0.0239  0.0244  0.0238  0.0241  0.0237  0.0237
  0.0253  0.0248  0.0241  0.0274  0.0259  0.0269  0.0248  0.0256  0.0246  0.0250  0.0240  0.0241
niter,ni,del,rscale     4    3    5.0000    0.7000
parameters
   -1.3724   21.9126    5.6975   -5.2418   -7.1013   -0.4249
   -2.9695    4.7586    0.8218   14.9540   -7.0722  -18.7985
eta,q 0.97679 14.46062
  0.0249  0.0246  0.0239  0.0247  0.0251  0.0244  0.0245  0.0252  0.0243  0.0247  0.0238  0.0239
  0.0240  0.0239  0.0235  0.0242  0.0243  0.0241  0.0238  0.0240  0.0237  0.0238  0.0234  0.0235
  0.0235  0.0235  0.0233  0.0237  0.0236  0.0237  0.0233  0.0234  0.0233  0.0233  0.0233  0.0233
  0.0233  0.0233  0.0233  0.0233  0.0232  0.0232  0.0232  0.0232  0.0232  0.0232  0.0232  0.0232
  0.0234  0.0234  0.0234  0.0231  0.0233  0.0231  0.0234  0.0234  0.0233  0.0234  0.0233  0.0233
  0.0239  0.0237  0.0237  0.0235  0.0239  0.0236  0.0240  0.0240  0.0237  0.0239  0.0235  0.0236
  0.0247  0.0244  0.0241  0.0249  0.0251  0.0249  0.0248  0.0250  0.0243  0.0245  0.0237  0.0239
niter,ni,del,rscale     3    3    5.0000    0.6000
parameters
   -1.3797   21.9259    5.6699   -4.9656   -7.0498   -0.1097
   -3.0763    4.7929    0.7672   14.9883   -6.9130  -18.8338
eta,q 0.97693 14.48935
  0.0243  0.0241  0.0238  0.0244  0.0246  0.0242  0.0242  0.0246  0.0239  0.0242  0.0236  0.0236
  0.0237  0.0236  0.0234  0.0240  0.0239  0.0240  0.0235  0.0237  0.0234  0.0235  0.0233  0.0233
  0.0233  0.0233  0.0233  0.0236  0.0234  0.0236  0.0232  0.0232  0.0232  0.0232  0.0231  0.0231
  0.0232  0.0232  0.0232  0.0232  0.0232  0.0231  0.0231  0.0231  0.0231  0.0231  0.0231  0.0231
  0.0233  0.0233  0.0233  0.0231  0.0232  0.0230  0.0232  0.0233  0.0232  0.0232  0.0231  0.0232
  0.0237  0.0236  0.0235  0.0234  0.0237  0.0233  0.0236  0.0237  0.0235  0.0236  0.0233  0.0233
  0.0244  0.0241  0.0238  0.0244  0.0246  0.0242  0.0243  0.0245  0.0240  0.0241  0.0235  0.0236
niter,ni,del,rscale     2    3    5.0000    0.5000
parameters
   -1.3990   21.9174    5.6870   -4.7399   -7.0381    0.1631
   -3.0824    4.7859    0.7136   14.9471   -6.7550  -18.7912
eta,q 0.97701 14.50715
  0.0239  0.0237  0.0235  0.0241  0.0241  0.0240  0.0238  0.0241  0.0236  0.0238  0.0234  0.0234
  0.0234  0.0234  0.0233  0.0237  0.0236  0.0237  0.0234  0.0235  0.0232  0.0233  0.0232  0.0232
  0.0231  0.0231  0.0231  0.0233  0.0232  0.0234  0.0231  0.0231  0.0230  0.0230  0.0230  0.0230
  0.0231  0.0231  0.0231  0.0231  0.0230  0.0230  0.0230  0.0230  0.0230  0.0230  0.0230  0.0230
  0.0232  0.0231  0.0231  0.0230  0.0231  0.0230  0.0231  0.0231  0.0231  0.0231  0.0230  0.0230
  0.0235  0.0234  0.0233  0.0233  0.0235  0.0232  0.0234  0.0235  0.0233  0.0234  0.0231  0.0232
  0.0239  0.0237  0.0235  0.0240  0.0242  0.0239  0.0238  0.0241  0.0236  0.0238  0.0233  0.0234
niter,ni,del,rscale     1    3    5.0000    0.4000
parameters
   -1.4168   21.8972    5.7174   -4.5567   -7.0299    0.3779
   -3.0632    4.7749    0.6890   14.8681   -6.6294  -18.7238
eta,q 0.97707 14.51859
  0.0235  0.0234  0.0233  0.0237  0.0237  0.0237  0.0235  0.0237  0.0233  0.0234  0.0232  0.0232
  0.0232  0.0232  0.0231  0.0234  0.0233  0.0235  0.0232  0.0232  0.0231  0.0231  0.0231  0.0231
  0.0230  0.0230  0.0230  0.0232  0.0231  0.0232  0.0230  0.0230  0.0230  0.0230  0.0230  0.0230
  0.0230  0.0230  0.0230  0.0230  0.0230  0.0230  0.0229  0.0229  0.0229  0.0229  0.0229  0.0229
  0.0231  0.0230  0.0230  0.0230  0.0230  0.0229  0.0230  0.0230  0.0230  0.0230  0.0230  0.0230
  0.0232  0.0232  0.0231  0.0231  0.0233  0.0231  0.0232  0.0233  0.0231  0.0232  0.0230  0.0230
  0.0236  0.0234  0.0232  0.0236  0.0237  0.0236  0.0235  0.0237  0.0234  0.0235  0.0232  0.0232
registration optimization eta report
parameter search radius
    0.8000    0.8000    0.8000    2.4000    2.4000    2.4000
    2.4000    2.4000    2.4000    2.4000    2.4000    2.4000
100000*second partial in parameter space
       88.       66.       46.       12.       13.       13.
       10.       13.        7.        9.        4.        5.
  0.0235  0.0234  0.0233  0.0237  0.0237  0.0237  0.0235  0.0237  0.0233  0.0234  0.0232  0.0232
  0.0232  0.0232  0.0231  0.0234  0.0233  0.0235  0.0232  0.0232  0.0231  0.0231  0.0231  0.0231
  0.0230  0.0230  0.0230  0.0232  0.0231  0.0232  0.0230  0.0230  0.0230  0.0230  0.0230  0.0230
  0.0230  0.0230  0.0230  0.0230  0.0230  0.0230  0.0229  0.0229  0.0229  0.0229  0.0229  0.0229
  0.0231  0.0230  0.0230  0.0230  0.0230  0.0229  0.0230  0.0230  0.0230  0.0230  0.0230  0.0230
  0.0232  0.0232  0.0231  0.0231  0.0233  0.0231  0.0232  0.0233  0.0231  0.0232  0.0230  0.0230
  0.0236  0.0234  0.0232  0.0236  0.0237  0.0236  0.0235  0.0237  0.0234  0.0235  0.0232  0.0232
   -1.4168   21.8972    5.7174   -4.5567   -7.0299    0.3779
   -3.0632    4.7749    0.6890   14.8681   -6.6294  -18.7238
eta,q 0.97707 14.51859

---------------------------------------------------------------------
compute_vox2vox talsrcimg talsrcimg_to_711-2C_as_mni_average_305_t4 /opt/freesurfer/average/711-2C_as_mni_average_305
---------------------------------------------------------------------

freesurfer compute_vox2vox.c
Reading: talsrcimg.4dfp.ifh
Reading: talsrcimg_to_711-2C_as_mni_average_305_t4
Reading: /opt/freesurfer/average/711-2C_as_mni_average_305.4dfp.ifh
Writing: talsrcimg_to_711-2C_as_mni_average_305_t4_vox2vox.txt

start time Mon Mar 9 14:11:04 CET 2026
end		time Mon Mar 9 14:11:18 CET 2026

mpr2mni305 success

avi2talxfm orig_nu.mgz /opt/freesurfer/average/mni305.cor.mgz talsrcimg_to_711-2C_as_mni_average_305_t4_vox2vox.txt transforms/talairach.auto.xfm
avi2talxfm done
mv -f /out/sourcedata/freesurfer/sub-v1s22x0050479_ses-1/mri/talsrcimg_to_711-2C_as_mni_average_305_t4_vox2vox.txt /out/sourcedata/freesurfer/sub-v1s22x0050479_ses-1/mri/transforms/talsrcimg_to_711-2C_as_mni_average_305_t4_vox2vox.txt
lta_convert --src orig_nu.mgz --trg /opt/freesurfer/average/mni305.cor.mgz --inxfm transforms/talairach.auto.xfm --outlta transforms/talairach.auto.xfm.lta --subject fsaverage
7.3.2

--src: orig_nu.mgz src image (geometry).
--trg: /opt/freesurfer/average/mni305.cor.mgz trg image (geometry).
--inmni: transforms/talairach.auto.xfm input MNI/XFM transform.
--outlta: transforms/talairach.auto.xfm.lta output LTA.
--s: fsaverage subject name
 LTA read, type : 1
 1.04388  -0.05316   0.02369   3.59795;
 0.06554   0.96404   0.19631  -40.86887;
-0.01822  -0.15378   1.04404  -1.86614;
 0.00000   0.00000   0.00000   1.00000;
setting subject to fsaverage
Writing  LTA to file transforms/talairach.auto.xfm.lta...
lta_convert successful.
 
 
Started at Mon Mar 9 14:11:03 CET 2026
Ended   at Mon Mar  9 14:11:18 CET 2026
talairach_avi done
