/out/sourcedata/freesurfer/sub-v1s22x0050527_ses-1/mri
/opt/freesurfer/bin/talairach_avi
--i orig_nu.mgz --xfm transforms/talairach.auto.xfm
talairach_avi 7.3.2
Linux dna020 5.14.0-427.37.1.el9_4.x86_64 #1 SMP PREEMPT_DYNAMIC Fri Sep 13 12:41:50 EDT 2024 x86_64 x86_64 x86_64 GNU/Linux
Mon Mar  9 16:41:22 CET 2026
mri_convert orig_nu.mgz talsrcimg.img 
reading from orig_nu.mgz...
TR=0.00, TE=0.00, TI=0.00, flip angle=0.00
i_ras = (-1, 0, 0)
j_ras = (0, 0, -1)
k_ras = (0, 1, 0)
writing to talsrcimg.img...
Analyze Output Matrix
-1.00000   0.00000   0.00000   135.02292;
 0.00000   0.00000   1.00000  -79.84393;
 0.00000  -1.00000   0.00000   137.20316;
 0.00000   0.00000   0.00000   1.00000;
--------------------
INFO: set hdr.hist.orient to -1
mpr2mni305 talsrcimg
Mon Mar  9 16:41:22 CET 2026
/opt/freesurfer/bin/mpr2mni305 talsrcimg
mpr2mni305 7.3.2
target=711-2C_as_mni_average_305

---------------------------------------------------------------------
analyzeto4dfp talsrcimg -O0 -y
---------------------------------------------------------------------

freesurfer ifh2hdr.c
Mon Mar  9 16:41:22 2026
Writing: talsrcimg.4dfp.hdr
freesurfer analyzeto4dfp.c
Reading: talsrcimg.hdr
header size 348 bytes
hdr.dime.datatype	offset=70	value=2
hdr.dime.bitpix		offset=72	value=8
hdr.hist.orient		offset=252	value=-1
dimensionality     4
dimensions       256       256       256         1
Reading: talsrcimg.img
Writing: talsrcimg.4dfp.img
Writing: talsrcimg.4dfp.ifh
ifh2hdr talsrcimg -r0to222
ori=2

---------------------------------------------------------------------
gauss_4dfp talsrcimg 1.1
---------------------------------------------------------------------

freesurfer gauss_4dfp.c
Reading: talsrcimg.4dfp.img
Writing: talsrcimg_g11.4dfp.img
image dimensions 256 256 256 padded to 288 288 288
processing volume 1freesurfer ifh2hdr.c
Mon Mar  9 16:41:24 2026
Writing: talsrcimg_g11.4dfp.hdr

Writing: talsrcimg_g11.4dfp.ifh
including: talsrcimg.4dfp.img.rec in talsrcimg_g11.4dfp.img.rec

---------------------------------------------------------------------
imgreg_4dfp /opt/freesurfer/average/711-2C_as_mni_average_305 none talsrcimg_g11 none talsrcimg_to_711-2C_as_mni_average_305_t4 4355
---------------------------------------------------------------------

freesurfer imgreg_4dfp.c
/opt/freesurfer/average/711-2C_as_mni_average_305.4dfp.img
       256       256       256         1
  1.000000  1.000000  1.000000
orientation T byte_order littleendian
Reading image: /opt/freesurfer/average/711-2C_as_mni_average_305.4dfp.img
dimensions:      256       256       256
mmppix:       1.0000   -1.0000   -1.0000
center:     128.0000 -129.0000 -129.0000
talsrcimg_g11.4dfp.img
       256       256       256         1
  1.000000  1.000000  1.000000
orientation T byte_order littleendian
Reading image: talsrcimg_g11.4dfp.img
dimensions:      256       256       256
mmppix:       1.0000   -1.0000   -1.0000
center:     128.0000 -129.0000 -129.0000
t4_read: open error in t4_sub.f l:  41 t4_file(1:l)talsrcimg_to_711-2C_as_mni_average_305_t4 
t4_read: transform initialized to I4
rotation matrix determinant  1.000000
image alignment mode   4355 decimal     1103 hex
   -7.5000  -45.0000  -45.0000 6322.4517   16.1337
    0.0000  -45.0000  -45.0000 6603.3413   16.1710
    7.5000  -45.0000  -45.0000 6355.7568   16.1732
   -7.5000  -37.5000  -45.0000 6885.1353   15.7064
    0.0000  -37.5000  -45.0000 7185.9990   15.7435
    7.5000  -37.5000  -45.0000 6916.9126   15.7437
   -7.5000  -30.0000  -45.0000 7768.8110   15.4027
    0.0000  -30.0000  -45.0000 8103.5469   15.4292
    7.5000  -30.0000  -45.0000 7782.6841   15.4222
   -7.5000  -22.5000  -45.0000 8722.4590   15.1887
    0.0000  -22.5000  -45.0000 9107.8223   15.2027
    7.5000  -22.5000  -45.0000 8724.8311   15.1887
   -7.5000  -15.0000  -45.0000 9762.9375   15.0770
    0.0000  -15.0000  -45.000010178.7031   15.0885
    7.5000  -15.0000  -45.0000 9731.9570   15.0736
   -7.5000   -7.5000  -45.000010726.2451   15.0215
    0.0000   -7.5000  -45.000011197.9893   15.0432
    7.5000   -7.5000  -45.000010675.1064   15.0357
   -7.5000    0.0000  -45.000011559.6895   15.0113
    0.0000    0.0000  -45.000012056.5000   15.0447
    7.5000    0.0000  -45.000011473.6250   15.0452
   -7.5000    7.5000  -45.000011485.7803   15.0225
    0.0000    7.5000  -45.000012009.9834   15.0570
    7.5000    7.5000  -45.000011397.4209   15.0579
   -7.5000   15.0000  -45.000011325.7334   15.0444
    0.0000   15.0000  -45.000011861.6738   15.0695
    7.5000   15.0000  -45.000011230.7842   15.0634
   -7.5000   22.5000  -45.000011147.8330   15.0515
    0.0000   22.5000  -45.000011655.1289   15.0654
    7.5000   22.5000  -45.000011040.8125   15.0520
   -7.5000   30.0000  -45.000010934.9775   14.8414
    0.0000   30.0000  -45.000011431.2744   14.8529
    7.5000   30.0000  -45.000010823.6621   14.8385
   -7.5000   37.5000  -45.000010905.9551   14.8214
    0.0000   37.5000  -45.000011386.1572   14.8427
    7.5000   37.5000  -45.000010747.0039   14.8353
   -7.5000   45.0000  -45.000010322.7617   14.4352
    0.0000   45.0000  -45.000010739.7402   14.4673
    7.5000   45.0000  -45.000010162.0693   14.4678
   -7.5000  -45.0000  -37.5000 6669.5703   15.9421
    0.0000  -45.0000  -37.5000 6961.8403   15.9844
    7.5000  -45.0000  -37.5000 6680.8159   15.9919
   -7.5000  -37.5000  -37.5000 7260.7876   15.5201
    0.0000  -37.5000  -37.5000 7581.2041   15.5618
    7.5000  -37.5000  -37.5000 7270.2437   15.5648
   -7.5000  -30.0000  -37.5000 8209.9102   15.2218
    0.0000  -30.0000  -37.5000 8573.4258   15.2531
    7.5000  -30.0000  -37.5000 8203.8691   15.2502
   -7.5000  -22.5000  -37.5000 9234.4912   15.0101
    0.0000  -22.5000  -37.5000 9664.9912   15.0299
    7.5000  -22.5000  -37.5000 9226.7041   15.0239
   -7.5000  -15.0000  -37.500010329.1816   14.8975
    0.0000  -15.0000  -37.500010809.1484   14.9153
    7.5000  -15.0000  -37.500010286.9600   14.9114
   -7.5000   -7.5000  -37.500011351.2607   14.8413
    0.0000   -7.5000  -37.500011888.7725   14.8679
    7.5000   -7.5000  -37.500011268.0088   14.8696
   -7.5000    0.0000  -37.500012223.6064   14.8292
    0.0000    0.0000  -37.500012800.1152   14.8661
    7.5000    0.0000  -37.500012098.5391   14.8715
   -7.5000    7.5000  -37.500012140.9805   14.8405
    0.0000    7.5000  -37.500012723.3447   14.8787
    7.5000    7.5000  -37.500012007.3662   14.8821
   -7.5000   15.0000  -37.500011971.4590   14.8637
    0.0000   15.0000  -37.500012551.9023   14.8932
    7.5000   15.0000  -37.500011830.5273   14.8910
   -7.5000   22.5000  -37.500011756.2061   14.8721
    0.0000   22.5000  -37.500012323.9102   14.8917
    7.5000   22.5000  -37.500011603.6250   14.8861
   -7.5000   30.0000  -37.500011518.2480   14.6650
    0.0000   30.0000  -37.500012054.9082   14.6827
    7.5000   30.0000  -37.500011356.3428   14.6791
   -7.5000   37.5000  -37.500011444.3164   14.6435
    0.0000   37.5000  -37.500011974.0703   14.6698
    7.5000   37.5000  -37.500011258.8525   14.6714
   -7.5000   45.0000  -37.500010861.4951   14.2600
    0.0000   45.0000  -37.500011329.7119   14.2955
    7.5000   45.0000  -37.500010673.1152   14.3007
   -7.5000  -45.0000  -30.0000 7130.8555   16.5639
    0.0000  -45.0000  -30.0000 7462.4937   16.6046
    7.5000  -45.0000  -30.0000 7152.4990   16.6168
   -7.5000  -37.5000  -30.0000 7794.2183   16.1258
    0.0000  -37.5000  -30.0000 8159.2944   16.1695
    7.5000  -37.5000  -30.0000 7809.4976   16.1790
   -7.5000  -30.0000  -30.0000 8846.8340   15.8131
    0.0000  -30.0000  -30.0000 9256.5479   15.8492
    7.5000  -30.0000  -30.0000 8841.4297   15.8546
   -7.5000  -22.5000  -30.0000 9946.8115   15.5910
    0.0000  -22.5000  -30.000010430.3750   15.6150
    7.5000  -22.5000  -30.0000 9932.7539   15.6174
   -7.5000  -15.0000  -30.000011101.2686   15.4756
    0.0000  -15.0000  -30.000011633.2061   15.4951
    7.5000  -15.0000  -30.000011042.3984   15.4979
   -7.5000   -7.5000  -30.000012194.8086   15.4196
    0.0000   -7.5000  -30.000012780.3350   15.4449
    7.5000   -7.5000  -30.000012100.3027   15.4513
   -7.5000    0.0000  -30.000013127.0098   15.4080
    0.0000    0.0000  -30.000013761.4590   15.4433
    7.5000    0.0000  -30.000013001.0459   15.4529
   -7.5000    7.5000  -30.000013026.9385   15.4195
    0.0000    7.5000  -30.000013685.3584   15.4596
    7.5000    7.5000  -30.000012902.6992   15.4689
   -7.5000   15.0000  -30.000012873.6299   15.4413
    0.0000   15.0000  -30.000013521.3750   15.4756
    7.5000   15.0000  -30.000012715.0674   15.4813
   -7.5000   22.5000  -30.000012644.2979   15.4465
    0.0000   22.5000  -30.000013262.4561   15.4702
    7.5000   22.5000  -30.000012447.1182   15.4730
   -7.5000   30.0000  -30.000012358.3330   15.2356
    0.0000   30.0000  -30.000012958.3506   15.2550
    7.5000   30.0000  -30.000012186.1768   15.2580
   -7.5000   37.5000  -30.000012213.7803   15.2156
    0.0000   37.5000  -30.000012793.0098   15.2405
    7.5000   37.5000  -30.000012017.9736   15.2468
   -7.5000   45.0000  -30.000011604.1377   14.8275
    0.0000   45.0000  -30.000012110.7656   14.8615
    7.5000   45.0000  -30.000011392.0742   14.8707
   -7.5000  -45.0000  -22.5000 7633.0371   17.1319
    0.0000  -45.0000  -22.5000 7989.5303   17.1650
    7.5000  -45.0000  -22.5000 7651.8911   17.1767
   -7.5000  -37.5000  -22.5000 8397.8340   16.6790
    0.0000  -37.5000  -22.5000 8764.2549   16.7202
    7.5000  -37.5000  -22.5000 8390.8740   16.7346
   -7.5000  -30.0000  -22.5000 9546.5811   16.3501
    0.0000  -30.0000  -22.5000 9959.0000   16.3873
    7.5000  -30.0000  -22.5000 9499.1875   16.3987
   -7.5000  -22.5000  -22.500010711.9072   16.1173
    0.0000  -22.5000  -22.500011190.4678   16.1408
    7.5000  -22.5000  -22.500010644.2178   16.1450
   -7.5000  -15.0000  -22.500011912.7061   15.9994
    0.0000  -15.0000  -22.500012460.6602   16.0142
    7.5000  -15.0000  -22.500011819.9814   16.0135
   -7.5000   -7.5000  -22.500013073.0957   15.9462
    0.0000   -7.5000  -22.500013675.1230   15.9643
    7.5000   -7.5000  -22.500012941.4512   15.9662
   -7.5000    0.0000  -22.500014061.4336   15.9370
    0.0000    0.0000  -22.500014736.1045   15.9663
    7.5000    0.0000  -22.500013928.6758   15.9754
   -7.5000    7.5000  -22.500013975.5742   15.9471
    0.0000    7.5000  -22.500014681.7617   15.9853
    7.5000    7.5000  -22.500013847.3838   15.9992
   -7.5000   15.0000  -22.500013812.5254   15.9652
    0.0000   15.0000  -22.500014490.3730   16.0006
    7.5000   15.0000  -22.500013606.7852   16.0122
   -7.5000   22.5000  -22.500013565.0537   15.9665
    0.0000   22.5000  -22.500014212.1143   15.9898
    7.5000   22.5000  -22.500013340.7686   15.9944
   -7.5000   30.0000  -22.500013225.7100   15.7537
    0.0000   30.0000  -22.500013871.2676   15.7685
    7.5000   30.0000  -22.500013033.3008   15.7681
   -7.5000   37.5000  -22.500013036.7314   15.7376
    0.0000   37.5000  -22.500013631.3916   15.7555
    7.5000   37.5000  -22.500012800.3496   15.7574
   -7.5000   45.0000  -22.500012352.3623   15.3481
    0.0000   45.0000  -22.500012899.6943   15.3763
    7.5000   45.0000  -22.500012130.2295   15.3851
   -7.5000  -45.0000  -15.0000 8140.4434   17.5329
    0.0000  -45.0000  -15.0000 8479.1416   17.5597
    7.5000  -45.0000  -15.0000 8148.1333   17.5671
   -7.5000  -37.5000  -15.0000 8967.8262   17.0684
    0.0000  -37.5000  -15.0000 9329.3105   17.1054
    7.5000  -37.5000  -15.0000 8939.8027   17.1193
   -7.5000  -30.0000  -15.000010177.7637   16.7277
    0.0000  -30.0000  -15.000010599.8262   16.7617
    7.5000  -30.0000  -15.000010116.5049   16.7718
   -7.5000  -22.5000  -15.000011406.2979   16.4883
    0.0000  -22.5000  -15.000011896.3496   16.5071
    7.5000  -22.5000  -15.000011324.2666   16.5049
   -7.5000  -15.0000  -15.000012676.0078   16.3685
    0.0000  -15.0000  -15.000013230.0410   16.3763
    7.5000  -15.0000  -15.000012566.2686   16.3651
   -7.5000   -7.5000  -15.000013929.9805   16.3174
    0.0000   -7.5000  -15.000014540.3281   16.3287
    7.5000   -7.5000  -15.000013777.7959   16.3216
   -7.5000    0.0000  -15.000015029.5234   16.3100
    0.0000    0.0000  -15.000015699.0146   16.3343
    7.5000    0.0000  -15.000014865.0605   16.3396
   -7.5000    7.5000  -15.000014979.1289   16.3180
    0.0000    7.5000  -15.000015620.6094   16.3528
    7.5000    7.5000  -15.000014785.5742   16.3665
   -7.5000   15.0000  -15.000014795.1064   16.3332
    0.0000   15.0000  -15.000015402.1299   16.3655
    7.5000   15.0000  -15.000014537.0674   16.3761
   -7.5000   22.5000  -15.000014517.8975   16.3328
    0.0000   22.5000  -15.000015135.9111   16.3513
    7.5000   22.5000  -15.000014240.0703   16.3497
   -7.5000   30.0000  -15.000014145.7324   16.1194
    0.0000   30.0000  -15.000014775.7959   16.1273
    7.5000   30.0000  -15.000013898.2822   16.1166
   -7.5000   37.5000  -15.000013913.3525   16.1063
    0.0000   37.5000  -15.000014485.5459   16.1173
    7.5000   37.5000  -15.000013621.7754   16.1103
   -7.5000   45.0000  -15.000013150.6260   15.7168
    0.0000   45.0000  -15.000013683.7676   15.7402
    7.5000   45.0000  -15.000012886.6230   15.7454
   -7.5000  -45.0000   -7.5000 8663.5908   17.7301
    0.0000  -45.0000   -7.5000 8978.6855   17.7603
    7.5000  -45.0000   -7.5000 8622.8301   17.7640
   -7.5000  -37.5000   -7.5000 9563.1387   17.2602
    0.0000  -37.5000   -7.5000 9907.4707   17.2961
    7.5000  -37.5000   -7.5000 9486.9346   17.3034
   -7.5000  -30.0000   -7.500010831.2793   16.9191
    0.0000  -30.0000   -7.500011243.0967   16.9480
    7.5000  -30.0000   -7.500010740.2842   16.9489
   -7.5000  -22.5000   -7.500012114.1494   16.6789
    0.0000  -22.5000   -7.500012580.4961   16.6928
    7.5000  -22.5000   -7.500012001.4463   16.6816
   -7.5000  -15.0000   -7.500013462.5166   16.5559
    0.0000  -15.0000   -7.500013991.0361   16.5620
    7.5000  -15.0000   -7.500013312.7100   16.5439
   -7.5000   -7.5000   -7.500014825.9072   16.5012
    0.0000   -7.5000   -7.500015384.7412   16.5149
    7.5000   -7.5000   -7.500014611.8779   16.5038
   -7.5000    0.0000   -7.500016067.3828   16.4924
    0.0000    0.0000   -7.500016668.9121   16.5197
    7.5000    0.0000   -7.500015848.3447   16.5216
   -7.5000    7.5000   -7.500016083.2412   16.5014
    0.0000    7.5000   -7.500016669.7285   16.5352
    7.5000    7.5000   -7.500015846.3975   16.5429
   -7.5000   15.0000   -7.500015917.4219   16.5198
    0.0000   15.0000   -7.500016437.4219   16.5472
    7.5000   15.0000   -7.500015602.6113   16.5490
   -7.5000   22.5000   -7.500015558.7441   16.5195
    0.0000   22.5000   -7.500016089.6436   16.5333
    7.5000   22.5000   -7.500015233.4658   16.5227
   -7.5000   30.0000   -7.500015163.6182   16.3035
    0.0000   30.0000   -7.500015731.3936   16.3098
    7.5000   30.0000   -7.500014863.8281   16.2923
   -7.5000   37.5000   -7.500014889.7559   16.2872
    0.0000   37.5000   -7.500015427.1055   16.3007
    7.5000   37.5000   -7.500014547.9443   16.2897
   -7.5000   45.0000   -7.500014076.8809   15.8955
    0.0000   45.0000   -7.500014600.9463   15.9219
    7.5000   45.0000   -7.500013738.2891   15.9237
   -7.5000  -45.0000    0.0000 9080.6416   17.7655
    0.0000  -45.0000    0.0000 9411.1250   17.8059
    7.5000  -45.0000    0.0000 9036.8135   17.8094
   -7.5000  -37.5000    0.000010038.4922   17.2961
    0.0000  -37.5000    0.000010422.8916   17.3363
    7.5000  -37.5000    0.0000 9947.2529   17.3376
   -7.5000  -30.0000    0.000011394.5020   16.9618
    0.0000  -30.0000    0.000011829.7617   16.9903
    7.5000  -30.0000    0.000011278.5762   16.9840
   -7.5000  -22.5000    0.000012760.8838   16.7242
    0.0000  -22.5000    0.000013238.4248   16.7391
    7.5000  -22.5000    0.000012609.7227   16.7252
   -7.5000  -15.0000    0.000014154.5918   16.5977
    0.0000  -15.0000    0.000014674.3594   16.6096
    7.5000  -15.0000    0.000013962.3672   16.5948
   -7.5000   -7.5000    0.000015539.7656   16.5366
    0.0000   -7.5000    0.000016124.1846   16.5595
    7.5000   -7.5000    0.000015337.9863   16.5525
   -7.5000    0.0000    0.000016957.1133   16.5248
    0.0000    0.0000    0.000017589.9355   16.5605
    7.5000    0.0000    0.000016739.8848   16.5623
   -7.5000    7.5000    0.000017273.0508   16.5371
    0.0000    7.5000    0.000017874.3203   16.5743
    7.5000    7.5000    0.000016912.6484   16.5764
   -7.5000   15.0000    0.000017266.3262   16.5618
    0.0000   15.0000    0.000017778.0469   16.5887
    7.5000   15.0000    0.000016754.7168   16.5835
   -7.5000   22.5000    0.000016807.2578   16.5647
    0.0000   22.5000    0.000017279.9961   16.5794
    7.5000   22.5000    0.000016290.6357   16.5662
   -7.5000   30.0000    0.000016253.2109   16.3452
    0.0000   30.0000    0.000016780.4238   16.3571
    7.5000   30.0000    0.000015806.9854   16.3428
   -7.5000   37.5000    0.000015816.0938   16.3226
    0.0000   37.5000    0.000016393.3887   16.3452
    7.5000   37.5000    0.000015394.4287   16.3383
   -7.5000   45.0000    0.000014900.6514   15.9280
    0.0000   45.0000    0.000015486.8623   15.9624
    7.5000   45.0000    0.000014460.2480   15.9641
   -7.5000  -45.0000    7.5000 8802.6465   17.7757
    0.0000  -45.0000    7.5000 9157.3555   17.8222
    7.5000  -45.0000    7.5000 8732.6484   17.8308
   -7.5000  -37.5000    7.5000 9745.0420   17.3060
    0.0000  -37.5000    7.500010148.3965   17.3518
    7.5000  -37.5000    7.5000 9648.7080   17.3554
   -7.5000  -30.0000    7.500011084.0830   16.9737
    0.0000  -30.0000    7.500011497.9287   17.0079
    7.5000  -30.0000    7.500010953.8555   17.0049
   -7.5000  -22.5000    7.500012421.2578   16.7372
    0.0000  -22.5000    7.500012855.8320   16.7586
    7.5000  -22.5000    7.500012262.4707   16.7520
   -7.5000  -15.0000    7.500013783.7705   16.6111
    0.0000  -15.0000    7.500014278.1924   16.6303
    7.5000  -15.0000    7.500013577.1221   16.6260
   -7.5000   -7.5000    7.500015119.0498   16.5481
    0.0000   -7.5000    7.500015713.1396   16.5771
    7.5000   -7.5000    7.500014922.2100   16.5790
   -7.5000    0.0000    7.500016524.3320   16.5347
    0.0000    0.0000    7.500017248.6777   16.5752
    7.5000    0.0000    7.500016269.9766   16.5813
   -7.5000    7.5000    7.500017070.4336   16.5479
    0.0000    7.5000    7.500017957.5586   16.5899
    7.5000    7.5000    7.500016525.0859   16.5938
   -7.5000   15.0000    7.500017253.3398   16.5744
    0.0000   15.0000    7.500018108.2363   16.6066
    7.5000   15.0000    7.500016526.1680   16.6043
   -7.5000   22.5000    7.500016783.9004   16.5782
    0.0000   22.5000    7.500017502.9199   16.5993
    7.5000   22.5000    7.500016100.2031   16.5933
   -7.5000   30.0000    7.500016024.1475   16.3584
    0.0000   30.0000    7.500016669.1953   16.3775
    7.5000   30.0000    7.500015488.8447   16.3735
   -7.5000   37.5000    7.500015440.1680   16.3340
    0.0000   37.5000    7.500016057.8711   16.3626
    7.5000   37.5000    7.500014987.8037   16.3645
   -7.5000   45.0000    7.500014461.7656   15.9375
    0.0000   45.0000    7.500015026.2373   15.9765
    7.5000   45.0000    7.500014024.3662   15.9825
   -7.5000  -45.0000   15.0000 8367.2129   17.7922
    0.0000  -45.0000   15.0000 8757.2217   17.8359
    7.5000  -45.0000   15.0000 8314.2090   17.8491
   -7.5000  -37.5000   15.0000 9285.1074   17.3215
    0.0000  -37.5000   15.0000 9723.5312   17.3684
    7.5000  -37.5000   15.0000 9199.4922   17.3787
   -7.5000  -30.0000   15.000010576.5518   16.9854
    0.0000  -30.0000   15.000011052.2256   17.0243
    7.5000  -30.0000   15.000010469.5508   17.0302
   -7.5000  -22.5000   15.000011889.8896   16.7468
    0.0000  -22.5000   15.000012431.1934   16.7726
    7.5000  -22.5000   15.000011728.0186   16.7752
   -7.5000  -15.0000   15.000013222.0166   16.6229
    0.0000  -15.0000   15.000013832.5020   16.6438
    7.5000  -15.0000   15.000013028.1279   16.6469
   -7.5000   -7.5000   15.000014528.0400   16.5627
    0.0000   -7.5000   15.000015201.6934   16.5899
    7.5000   -7.5000   15.000014328.2285   16.5968
   -7.5000    0.0000   15.000015865.3359   16.5503
    0.0000    0.0000   15.000016647.1758   16.5882
    7.5000    0.0000   15.000015589.0635   16.5985
   -7.5000    7.5000   15.000016200.6299   16.5626
    0.0000    7.5000   15.000017112.1777   16.6057
    7.5000    7.5000   15.000015709.9561   16.6157
   -7.5000   15.0000   15.000016141.4668   16.5860
    0.0000   15.0000   15.000017003.9824   16.6228
    7.5000   15.0000   15.000015626.0918   16.6290
   -7.5000   22.5000   15.000015766.4561   16.5879
    0.0000   22.5000   15.000016554.7441   16.6134
    7.5000   22.5000   15.000015281.9736   16.6164
   -7.5000   30.0000   15.000015233.3418   16.3699
    0.0000   30.0000   15.000015953.7373   16.3907
    7.5000   30.0000   15.000014780.8613   16.3940
   -7.5000   37.5000   15.000014736.1699   16.3484
    0.0000   37.5000   15.000015402.2070   16.3752
    7.5000   37.5000   15.000014322.2842   16.3820
   -7.5000   45.0000   15.000013756.1172   15.9526
    0.0000   45.0000   15.000014353.4287   15.9891
    7.5000   45.0000   15.000013374.0195   15.9991
   -7.5000  -45.0000   22.5000 7869.3618   17.9012
    0.0000  -45.0000   22.5000 8248.7861   17.9353
    7.5000  -45.0000   22.5000 7817.2866   17.9479
   -7.5000  -37.5000   22.5000 8772.6621   17.4260
    0.0000  -37.5000   22.5000 9195.7510   17.4687
    7.5000  -37.5000   22.5000 8666.9258   17.4840
   -7.5000  -30.0000   22.5000 9994.9424   17.0808
    0.0000  -30.0000   22.500010465.2119   17.1194
    7.5000  -30.0000   22.5000 9876.7334   17.1315
   -7.5000  -22.5000   22.500011203.9287   16.8357
    0.0000  -22.5000   22.500011734.3037   16.8600
    7.5000  -22.5000   22.500011071.4355   16.8645
   -7.5000  -15.0000   22.500012411.7441   16.7108
    0.0000  -15.0000   22.500012963.4199   16.7260
    7.5000  -15.0000   22.500012252.5234   16.7254
   -7.5000   -7.5000   22.500013607.4463   16.6545
    0.0000   -7.5000   22.500014212.3154   16.6731
    7.5000   -7.5000   22.500013455.7705   16.6753
   -7.5000    0.0000   22.500014827.1172   16.6453
    0.0000    0.0000   22.500015517.1348   16.6754
    7.5000    0.0000   22.500014635.0010   16.6852
   -7.5000    7.5000   22.500014949.1963   16.6566
    0.0000    7.5000   22.500015698.5752   16.6962
    7.5000    7.5000   22.500014701.7852   16.7110
   -7.5000   15.0000   22.500014737.8018   16.6762
    0.0000   15.0000   22.500015451.7988   16.7129
    7.5000   15.0000   22.500014563.2646   16.7253
   -7.5000   22.5000   22.500014477.3721   16.6747
    0.0000   22.5000   22.500015113.3018   16.6987
    7.5000   22.5000   22.500014258.9033   16.7037
   -7.5000   30.0000   22.500014171.2949   16.4563
    0.0000   30.0000   22.500014788.6797   16.4714
    7.5000   30.0000   22.500013886.1396   16.4712
   -7.5000   37.5000   22.500013858.2676   16.4390
    0.0000   37.5000   22.500014470.6152   16.4573
    7.5000   37.5000   22.500013556.0264   16.4595
   -7.5000   45.0000   22.500012983.0947   16.0441
    0.0000   45.0000   22.500013553.5000   16.0732
    7.5000   45.0000   22.500012673.9619   16.0827
   -7.5000  -45.0000   30.0000 7372.5894   18.1630
    0.0000  -45.0000   30.0000 7701.8213   18.1893
    7.5000  -45.0000   30.0000 7297.4263   18.1970
   -7.5000  -37.5000   30.0000 8192.9023   17.6781
    0.0000  -37.5000   30.0000 8551.5762   17.7155
    7.5000  -37.5000   30.0000 8086.5190   17.7304
   -7.5000  -30.0000   30.0000 9288.2012   17.3216
    0.0000  -30.0000   30.0000 9680.0254   17.3562
    7.5000  -30.0000   30.0000 9182.7139   17.3671
   -7.5000  -22.5000   30.000010414.5781   17.0687
    0.0000  -22.5000   30.000010849.2871   17.0872
    7.5000  -22.5000   30.000010294.3242   17.0850
   -7.5000  -15.0000   30.000011552.5986   16.9405
    0.0000  -15.0000   30.000012034.4521   16.9473
    7.5000  -15.0000   30.000011408.5303   16.9354
   -7.5000   -7.5000   30.000012681.7295   16.8863
    0.0000   -7.5000   30.000013241.2148   16.8965
    7.5000   -7.5000   30.000012547.5791   16.8888
   -7.5000    0.0000   30.000013779.2295   16.8794
    0.0000    0.0000   30.000014420.5781   16.9033
    7.5000    0.0000   30.000013626.3545   16.9088
   -7.5000    7.5000   30.000013769.4893   16.8894
    0.0000    7.5000   30.000014420.3379   16.9245
    7.5000    7.5000   30.000013654.5020   16.9390
   -7.5000   15.0000   30.000013561.4004   16.9061
    0.0000   15.0000   30.000014172.4111   16.9389
    7.5000   15.0000   30.000013518.7168   16.9502
   -7.5000   22.5000   30.000013335.9014   16.9027
    0.0000   22.5000   30.000013924.9229   16.9210
    7.5000   22.5000   30.000013255.5303   16.9195
   -7.5000   30.0000   30.000013123.1357   16.6819
    0.0000   30.0000   30.000013672.2861   16.6888
    7.5000   30.0000   30.000012950.4551   16.6775
   -7.5000   37.5000   30.000012890.8682   16.6677
    0.0000   37.5000   30.000013421.7822   16.6778
    7.5000   37.5000   30.000012691.7559   16.6702
   -7.5000   45.0000   30.000012120.3447   16.2698
    0.0000   45.0000   30.000012618.9355   16.2929
    7.5000   45.0000   30.000011907.1035   16.2981
   -7.5000  -45.0000   37.5000 7123.9033   18.5265
    0.0000  -45.0000   37.5000 7432.0933   18.5551
    7.5000  -45.0000   37.5000 7044.3760   18.5565
   -7.5000  -37.5000   37.5000 7895.9526   18.0261
    0.0000  -37.5000   37.5000 8224.6680   18.0613
    7.5000  -37.5000   37.5000 7806.0542   18.0677
   -7.5000  -30.0000   37.5000 8950.1875   17.6635
    0.0000  -30.0000   37.5000 9304.5273   17.6918
    7.5000  -30.0000   37.5000 8856.3525   17.6921
   -7.5000  -22.5000   37.500010042.1611   17.4079
    0.0000  -22.5000   37.500010453.3428   17.4201
    7.5000  -22.5000   37.5000 9933.0938   17.4069
   -7.5000  -15.0000   37.500011152.5283   17.2775
    0.0000  -15.0000   37.500011622.4541   17.2810
    7.5000  -15.0000   37.500011030.8262   17.2593
   -7.5000   -7.5000   37.500012257.7979   17.2178
    0.0000   -7.5000   37.500012789.3936   17.2290
    7.5000   -7.5000   37.500012114.6826   17.2143
   -7.5000    0.0000   37.500013288.3076   17.2080
    0.0000    0.0000   37.500013905.2764   17.2338
    7.5000    0.0000   37.500013135.2246   17.2334
   -7.5000    7.5000   37.500013234.9512   17.2180
    0.0000    7.5000   37.500013816.5205   17.2510
    7.5000    7.5000   37.500013121.7539   17.2578
   -7.5000   15.0000   37.500013039.6348   17.2383
    0.0000   15.0000   37.500013592.7051   17.2651
    7.5000   15.0000   37.500012989.4678   17.2662
   -7.5000   22.5000   37.500012851.9336   17.2384
    0.0000   22.5000   37.500013389.6738   17.2506
    7.5000   22.5000   37.500012772.6602   17.2381
   -7.5000   30.0000   37.500012618.0352   17.0129
    0.0000   30.0000   37.500013155.2285   17.0166
    7.5000   30.0000   37.500012501.3115   16.9957
   -7.5000   37.5000   37.500012438.1475   16.9950
    0.0000   37.5000   37.500012955.9766   17.0060
    7.5000   37.5000   37.500012302.4043   16.9915
   -7.5000   45.0000   37.500011730.9238   16.5866
    0.0000   45.0000   37.500012201.2881   16.6114
    7.5000   45.0000   37.500011555.3506   16.6110
   -7.5000  -45.0000   45.0000 6584.4419   18.9254
    0.0000  -45.0000   45.0000 6853.0659   18.9650
    7.5000  -45.0000   45.0000 6525.2744   18.9688
   -7.5000  -37.5000   45.0000 7280.8491   18.4084
    0.0000  -37.5000   45.0000 7572.1694   18.4495
    7.5000  -37.5000   45.0000 7212.0166   18.4517
   -7.5000  -30.0000   45.0000 8277.2637   18.0363
    0.0000  -30.0000   45.0000 8609.5420   18.0652
    7.5000  -30.0000   45.0000 8185.9355   18.0596
   -7.5000  -22.5000   45.0000 9307.4834   17.7699
    0.0000  -22.5000   45.0000 9682.5557   17.7827
    7.5000  -22.5000   45.0000 9182.3750   17.7684
   -7.5000  -15.0000   45.000010332.3203   17.6323
    0.0000  -15.0000   45.000010758.2959   17.6403
    7.5000  -15.0000   45.000010204.7002   17.6238
   -7.5000   -7.5000   45.000011332.8066   17.5680
    0.0000   -7.5000   45.000011814.9072   17.5877
    7.5000   -7.5000   45.000011207.8115   17.5792
   -7.5000    0.0000   45.000012256.5371   17.5602
    0.0000    0.0000   45.000012797.8311   17.5950
    7.5000    0.0000   45.000012111.6318   17.5962
   -7.5000    7.5000   45.000012195.8848   17.5753
    0.0000    7.5000   45.000012710.8398   17.6131
    7.5000    7.5000   45.000012085.8525   17.6158
   -7.5000   15.0000   45.000011995.7822   17.5992
    0.0000   15.0000   45.000012507.7686   17.6263
    7.5000   15.0000   45.000011940.8975   17.6216
   -7.5000   22.5000   45.000011815.2109   17.5966
    0.0000   22.5000   45.000012310.0400   17.6093
    7.5000   22.5000   45.000011755.7012   17.5956
   -7.5000   30.0000   45.000011601.5518   17.3597
    0.0000   30.0000   45.000012092.1670   17.3678
    7.5000   30.0000   45.000011523.9473   17.3520
   -7.5000   37.5000   45.000011471.4854   17.3391
    0.0000   37.5000   45.000011947.0947   17.3585
    7.5000   37.5000   45.000011366.3701   17.3502
   -7.5000   45.0000   45.000010822.6885   16.9336
    0.0000   45.0000   45.000011267.7158   16.9672
    7.5000   45.0000   45.000010681.0049   16.9684

---------------------------------------------------------------------
imgreg_4dfp /opt/freesurfer/average/711-2C_as_mni_average_305 /opt/freesurfer/average/711-2B_as_mni_average_305_mask talsrcimg_g11 none talsrcimg_to_711-2C_as_mni_average_305_t4 4355
---------------------------------------------------------------------

freesurfer imgreg_4dfp.c
/opt/freesurfer/average/711-2C_as_mni_average_305.4dfp.img
       256       256       256         1
  1.000000  1.000000  1.000000
orientation T byte_order littleendian
Reading image: /opt/freesurfer/average/711-2C_as_mni_average_305.4dfp.img
dimensions:      256       256       256
mmppix:       1.0000   -1.0000   -1.0000
center:     128.0000 -129.0000 -129.0000
/opt/freesurfer/average/711-2B_as_mni_average_305_mask.4dfp.img
       256       256       256         1
  1.000000  1.000000  1.000000
orientation T byte_order littleendian
Reading mask: /opt/freesurfer/average/711-2B_as_mni_average_305_mask.4dfp.img (2306576 pixels)
talsrcimg_g11.4dfp.img
       256       256       256         1
  1.000000  1.000000  1.000000
orientation T byte_order littleendian
Reading image: talsrcimg_g11.4dfp.img
dimensions:      256       256       256
mmppix:       1.0000   -1.0000   -1.0000
center:     128.0000 -129.0000 -129.0000
rotation matrix determinant  1.000000
image alignment mode   4355 decimal     1103 hex
   -7.5000  -30.0000  -37.5000 2171.6187   19.8389
    0.0000  -30.0000  -37.5000 2193.0344   19.7868
    7.5000  -30.0000  -37.5000 2174.2717   19.8720
   -7.5000  -22.5000  -37.5000 2291.0667   17.9438
    0.0000  -22.5000  -37.5000 2312.8110   17.9271
    7.5000  -22.5000  -37.5000 2298.7017   18.0295
   -7.5000  -15.0000  -37.5000 2392.2090   16.4480
    0.0000  -15.0000  -37.5000 2413.3250   16.4566
    7.5000  -15.0000  -37.5000 2397.6060   16.5214
   -7.5000   -7.5000  -37.5000 2461.8838   15.3375
    0.0000   -7.5000  -37.5000 2487.1687   15.3423
    7.5000   -7.5000  -37.5000 2462.1289   15.3673
   -7.5000    0.0000  -37.5000 2501.7180   14.5870
    0.0000    0.0000  -37.5000 2523.9329   14.6109
    7.5000    0.0000  -37.5000 2496.2266   14.6061
   -7.5000    7.5000  -37.5000 2522.8699   14.1580
    0.0000    7.5000  -37.5000 2544.4666   14.1888
    7.5000    7.5000  -37.5000 2516.6233   14.1799
   -7.5000   15.0000  -37.5000 2529.2405   13.9335
    0.0000   15.0000  -37.5000 2548.5574   13.9436
    7.5000   15.0000  -37.5000 2524.6641   13.9878
   -7.5000   22.5000  -37.5000 2522.4231   13.9595
    0.0000   22.5000  -37.5000 2544.0964   13.9632
    7.5000   22.5000  -37.5000 2516.9082   14.0497
   -7.5000   30.0000  -37.5000 2509.3230   14.1704
    0.0000   30.0000  -37.5000 2531.7605   14.1925
    7.5000   30.0000  -37.5000 2500.0322   14.3013
   -7.5000   37.5000  -37.5000 2482.5203   14.6485
    0.0000   37.5000  -37.5000 2506.7847   14.6601
    7.5000   37.5000  -37.5000 2470.9844   14.7981
   -7.5000   45.0000  -37.5000 2424.5686   15.3782
    0.0000   45.0000  -37.5000 2442.5417   15.4150
    7.5000   45.0000  -37.5000 2412.5100   15.5504
   -7.5000   52.5000  -37.5000 2327.9907   16.3265
    0.0000   52.5000  -37.5000 2342.3672   16.3187
    7.5000   52.5000  -37.5000 2311.0234   16.5330
   -7.5000   60.0000  -37.5000 2190.4033   17.4188
    0.0000   60.0000  -37.5000 2193.4644   17.3845
    7.5000   60.0000  -37.5000 2166.5444   17.6000
   -7.5000  -30.0000  -30.0000 2272.6091   19.3593
    0.0000  -30.0000  -30.0000 2294.2051   19.3518
    7.5000  -30.0000  -30.0000 2280.9714   19.4364
   -7.5000  -22.5000  -30.0000 2395.5210   17.4433
    0.0000  -22.5000  -30.0000 2421.2036   17.4772
    7.5000  -22.5000  -30.0000 2403.0051   17.5394
   -7.5000  -15.0000  -30.0000 2499.1282   15.9246
    0.0000  -15.0000  -30.0000 2524.6057   15.9558
    7.5000  -15.0000  -30.0000 2506.6235   16.0199
   -7.5000   -7.5000  -30.0000 2572.3450   14.8060
    0.0000   -7.5000  -30.0000 2601.9290   14.8331
    7.5000   -7.5000  -30.0000 2578.0984   14.8539
   -7.5000    0.0000  -30.0000 2617.8223   14.0387
    0.0000    0.0000  -30.0000 2641.1958   14.0841
    7.5000    0.0000  -30.0000 2620.7505   14.1074
   -7.5000    7.5000  -30.0000 2651.3799   13.5881
    0.0000    7.5000  -30.0000 2674.5327   13.6534
    7.5000    7.5000  -30.0000 2648.8086   13.6557
   -7.5000   15.0000  -30.0000 2671.4385   13.3416
    0.0000   15.0000  -30.0000 2693.3315   13.4181
    7.5000   15.0000  -30.0000 2665.5652   13.4548
   -7.5000   22.5000  -30.0000 2673.6152   13.3819
    0.0000   22.5000  -30.0000 2692.1892   13.4091
    7.5000   22.5000  -30.0000 2659.3708   13.5038
   -7.5000   30.0000  -30.0000 2655.9045   13.6153
    0.0000   30.0000  -30.0000 2678.2605   13.6491
    7.5000   30.0000  -30.0000 2644.9658   13.7543
   -7.5000   37.5000  -30.0000 2621.2329   14.1008
    0.0000   37.5000  -30.0000 2645.7612   14.1274
    7.5000   37.5000  -30.0000 2609.9414   14.2677
   -7.5000   45.0000  -30.0000 2561.9978   14.8032
    0.0000   45.0000  -30.0000 2578.6162   14.8385
    7.5000   45.0000  -30.0000 2549.7612   15.0034
   -7.5000   52.5000  -30.0000 2460.8030   15.7161
    0.0000   52.5000  -30.0000 2474.9370   15.7432
    7.5000   52.5000  -30.0000 2443.4270   15.9313
   -7.5000   60.0000  -30.0000 2312.7793   16.7761
    0.0000   60.0000  -30.0000 2322.0210   16.7868
    7.5000   60.0000  -30.0000 2290.3821   16.9676
   -7.5000  -30.0000  -22.5000 2341.5293   18.7899
    0.0000  -30.0000  -22.5000 2362.5603   18.7567
    7.5000  -30.0000  -22.5000 2351.0452   18.8211
   -7.5000  -22.5000  -22.5000 2463.3479   16.8713
    0.0000  -22.5000  -22.5000 2489.2231   16.8585
    7.5000  -22.5000  -22.5000 2470.5767   16.9321
   -7.5000  -15.0000  -22.5000 2567.2468   15.3492
    0.0000  -15.0000  -22.5000 2594.2449   15.3259
    7.5000  -15.0000  -22.5000 2573.5110   15.3707
   -7.5000   -7.5000  -22.5000 2652.5159   14.1691
    0.0000   -7.5000  -22.5000 2679.1367   14.1880
    7.5000   -7.5000  -22.5000 2655.8694   14.2417
   -7.5000    0.0000  -22.5000 2705.8728   13.4301
    0.0000    0.0000  -22.5000 2731.4441   13.4599
    7.5000    0.0000  -22.5000 2707.8735   13.4872
   -7.5000    7.5000  -22.5000 2746.3660   12.9622
    0.0000    7.5000  -22.5000 2776.5410   13.0096
    7.5000    7.5000  -22.5000 2747.1716   13.0370
   -7.5000   15.0000  -22.5000 2780.8564   12.7177
    0.0000   15.0000  -22.5000 2804.6492   12.7513
    7.5000   15.0000  -22.5000 2767.9915   12.8026
   -7.5000   22.5000  -22.5000 2788.4338   12.7336
    0.0000   22.5000  -22.5000 2806.1150   12.7550
    7.5000   22.5000  -22.5000 2773.0938   12.8534
   -7.5000   30.0000  -22.5000 2772.7615   12.9793
    0.0000   30.0000  -22.5000 2793.9329   13.0140
    7.5000   30.0000  -22.5000 2758.5610   13.1124
   -7.5000   37.5000  -22.5000 2741.3064   13.4579
    0.0000   37.5000  -22.5000 2757.7346   13.4705
    7.5000   37.5000  -22.5000 2718.5256   13.6230
   -7.5000   45.0000  -22.5000 2672.7485   14.1713
    0.0000   45.0000  -22.5000 2686.3936   14.1981
    7.5000   45.0000  -22.5000 2654.6709   14.3537
   -7.5000   52.5000  -22.5000 2562.8174   15.0492
    0.0000   52.5000  -22.5000 2573.1155   15.0860
    7.5000   52.5000  -22.5000 2542.6816   15.2369
   -7.5000   60.0000  -22.5000 2405.7896   16.0883
    0.0000   60.0000  -22.5000 2417.4668   16.1003
    7.5000   60.0000  -22.5000 2386.0251   16.2470
   -7.5000  -30.0000  -15.0000 2367.5635   18.2574
    0.0000  -30.0000  -15.0000 2390.2517   18.1500
    7.5000  -30.0000  -15.0000 2377.3154   18.2418
   -7.5000  -22.5000  -15.0000 2484.1743   16.3072
    0.0000  -22.5000  -15.0000 2510.6731   16.2428
    7.5000  -22.5000  -15.0000 2499.9709   16.3287
   -7.5000  -15.0000  -15.0000 2588.2390   14.7783
    0.0000  -15.0000  -15.0000 2619.5776   14.7120
    7.5000  -15.0000  -15.0000 2608.7246   14.8181
   -7.5000   -7.5000  -15.0000 2689.7234   13.6252
    0.0000   -7.5000  -15.0000 2719.0720   13.5765
    7.5000   -7.5000  -15.0000 2700.5593   13.7052
   -7.5000    0.0000  -15.0000 2759.0706   12.8301
    0.0000    0.0000  -15.0000 2786.2671   12.8137
    7.5000    0.0000  -15.0000 2764.4319   12.9015
   -7.5000    7.5000  -15.0000 2812.4697   12.3721
    0.0000    7.5000  -15.0000 2838.3755   12.3381
    7.5000    7.5000  -15.0000 2813.7563   12.4475
   -7.5000   15.0000  -15.0000 2857.2129   12.1135
    0.0000   15.0000  -15.0000 2875.2888   12.0809
    7.5000   15.0000  -15.0000 2837.9160   12.2030
   -7.5000   22.5000  -15.0000 2869.8811   12.1233
    0.0000   22.5000  -15.0000 2884.0010   12.1045
    7.5000   22.5000  -15.0000 2847.3684   12.2439
   -7.5000   30.0000  -15.0000 2853.4536   12.3707
    0.0000   30.0000  -15.0000 2872.2678   12.3647
    7.5000   30.0000  -15.0000 2836.8713   12.5117
   -7.5000   37.5000  -15.0000 2817.9968   12.8492
    0.0000   37.5000  -15.0000 2826.2791   12.8638
    7.5000   37.5000  -15.0000 2794.8953   13.0126
   -7.5000   45.0000  -15.0000 2744.9421   13.5651
    0.0000   45.0000  -15.0000 2753.7070   13.5825
    7.5000   45.0000  -15.0000 2724.7834   13.7340
   -7.5000   52.5000  -15.0000 2627.1667   14.4247
    0.0000   52.5000  -15.0000 2638.9597   14.4487
    7.5000   52.5000  -15.0000 2611.8528   14.6159
   -7.5000   60.0000  -15.0000 2468.0117   15.4482
    0.0000   60.0000  -15.0000 2474.7061   15.4405
    7.5000   60.0000  -15.0000 2443.8574   15.6132
   -7.5000  -30.0000   -7.5000 2372.6079   17.9002
    0.0000  -30.0000   -7.5000 2393.9363   17.6799
    7.5000  -30.0000   -7.5000 2385.6370   17.8788
   -7.5000  -22.5000   -7.5000 2487.7534   15.9292
    0.0000  -22.5000   -7.5000 2509.9480   15.7605
    7.5000  -22.5000   -7.5000 2506.7402   15.9305
   -7.5000  -15.0000   -7.5000 2601.7744   14.3961
    0.0000  -15.0000   -7.5000 2625.1125   14.2674
    7.5000  -15.0000   -7.5000 2615.2363   14.4063
   -7.5000   -7.5000   -7.5000 2708.7097   13.2333
    0.0000   -7.5000   -7.5000 2728.4980   13.1008
    7.5000   -7.5000   -7.5000 2713.9397   13.2566
   -7.5000    0.0000   -7.5000 2794.0540   12.4053
    0.0000    0.0000   -7.5000 2814.9473   12.2741
    7.5000    0.0000   -7.5000 2795.0483   12.4353
   -7.5000    7.5000   -7.5000 2866.6826   11.9166
    0.0000    7.5000   -7.5000 2885.6687   11.7821
    7.5000    7.5000   -7.5000 2862.7742   11.9567
   -7.5000   15.0000   -7.5000 2913.9819   11.6717
    0.0000   15.0000   -7.5000 2930.6584   11.5501
    7.5000   15.0000   -7.5000 2894.3503   11.7572
   -7.5000   22.5000   -7.5000 2933.8411   11.6628
    0.0000   22.5000   -7.5000 2943.1831   11.5554
    7.5000   22.5000   -7.5000 2904.6602   11.7777
   -7.5000   30.0000   -7.5000 2915.4189   11.9230
    0.0000   30.0000   -7.5000 2926.0645   11.8261
    7.5000   30.0000   -7.5000 2894.4590   12.0348
   -7.5000   37.5000   -7.5000 2873.2146   12.3593
    0.0000   37.5000   -7.5000 2879.5146   12.3004
    7.5000   37.5000   -7.5000 2852.2776   12.5020
   -7.5000   45.0000   -7.5000 2795.1838   13.0607
    0.0000   45.0000   -7.5000 2803.8286   13.0170
    7.5000   45.0000   -7.5000 2776.1270   13.2221
   -7.5000   52.5000   -7.5000 2677.9526   13.9326
    0.0000   52.5000   -7.5000 2688.1328   13.8994
    7.5000   52.5000   -7.5000 2657.9104   14.1251
   -7.5000   60.0000   -7.5000 2511.5459   14.9423
    0.0000   60.0000   -7.5000 2520.0161   14.8989
    7.5000   60.0000   -7.5000 2482.7283   15.1218
   -7.5000  -30.0000    0.0000 2364.3364   17.7687
    0.0000  -30.0000    0.0000 2383.3643   17.5155
    7.5000  -30.0000    0.0000 2380.8511   17.7447
   -7.5000  -22.5000    0.0000 2486.8762   15.7733
    0.0000  -22.5000    0.0000 2503.2146   15.5513
    7.5000  -22.5000    0.0000 2496.4072   15.7513
   -7.5000  -15.0000    0.0000 2603.7295   14.2393
    0.0000  -15.0000    0.0000 2616.4771   14.0166
    7.5000  -15.0000    0.0000 2607.4907   14.2146
   -7.5000   -7.5000    0.0000 2711.4917   13.0401
    0.0000   -7.5000    0.0000 2722.8887   12.8524
    7.5000   -7.5000    0.0000 2710.6470   13.0381
   -7.5000    0.0000    0.0000 2808.3770   12.2308
    0.0000    0.0000    0.0000 2822.4326   12.0331
    7.5000    0.0000    0.0000 2804.1699   12.2249
   -7.5000    7.5000    0.0000 2898.8921   11.8024
    0.0000    7.5000    0.0000 2913.6226   11.6129
    7.5000    7.5000    0.0000 2891.3738   11.7800
   -7.5000   15.0000    0.0000 2974.1389   11.6075
    0.0000   15.0000    0.0000 2987.9761   11.3982
    7.5000   15.0000    0.0000 2940.7961   11.6146
   -7.5000   22.5000    0.0000 2995.0986   11.5039
    0.0000   22.5000    0.0000 3000.3120   11.3140
    7.5000   22.5000    0.0000 2948.8943   11.5712
   -7.5000   30.0000    0.0000 2962.3955   11.6893
    0.0000   30.0000    0.0000 2965.2324   11.5496
    7.5000   30.0000    0.0000 2932.2764   11.7549
   -7.5000   37.5000    0.0000 2908.4629   12.0433
    0.0000   37.5000    0.0000 2916.9607   11.9639
    7.5000   37.5000    0.0000 2886.0981   12.1626
   -7.5000   45.0000    0.0000 2832.7200   12.6984
    0.0000   45.0000    0.0000 2844.0452   12.6525
    7.5000   45.0000    0.0000 2809.6936   12.8524
   -7.5000   52.5000    0.0000 2704.9958   13.6233
    0.0000   52.5000    0.0000 2713.5151   13.5935
    7.5000   52.5000    0.0000 2680.1348   13.7823
   -7.5000   60.0000    0.0000 2532.1699   14.6223
    0.0000   60.0000    0.0000 2541.4080   14.6092
    7.5000   60.0000    0.0000 2506.0432   14.7762
   -7.5000  -30.0000    7.5000 2358.7046   17.7730
    0.0000  -30.0000    7.5000 2373.6956   17.5334
    7.5000  -30.0000    7.5000 2363.3770   17.8042
   -7.5000  -22.5000    7.5000 2480.7581   15.7716
    0.0000  -22.5000    7.5000 2488.2109   15.5221
    7.5000  -22.5000    7.5000 2483.4851   15.8128
   -7.5000  -15.0000    7.5000 2596.8574   14.2304
    0.0000  -15.0000    7.5000 2602.5454   14.0192
    7.5000  -15.0000    7.5000 2593.7205   14.2537
   -7.5000   -7.5000    7.5000 2708.6628   13.0539
    0.0000   -7.5000    7.5000 2717.7307   12.9137
    7.5000   -7.5000    7.5000 2703.3904   13.0901
   -7.5000    0.0000    7.5000 2808.0261   12.2540
    0.0000    0.0000    7.5000 2821.1904   12.1347
    7.5000    0.0000    7.5000 2798.8159   12.2968
   -7.5000    7.5000    7.5000 2912.2644   11.8388
    0.0000    7.5000    7.5000 2930.4050   11.7574
    7.5000    7.5000    7.5000 2891.4712   11.8327
   -7.5000   15.0000    7.5000 3003.7236   11.6856
    0.0000   15.0000    7.5000 3028.9199   11.6289
    7.5000   15.0000    7.5000 2956.5273   11.6381
   -7.5000   22.5000    7.5000 3040.5886   11.5516
    0.0000   22.5000    7.5000 3048.9380   11.4645
    7.5000   22.5000    7.5000 2969.7585   11.5975
   -7.5000   30.0000    7.5000 2985.9067   11.5879
    0.0000   30.0000    7.5000 2990.3208   11.4953
    7.5000   30.0000    7.5000 2942.6226   11.7156
   -7.5000   37.5000    7.5000 2923.6646   11.9120
    0.0000   37.5000    7.5000 2926.4905   11.8179
    7.5000   37.5000    7.5000 2897.5857   12.0485
   -7.5000   45.0000    7.5000 2843.0911   12.5553
    0.0000   45.0000    7.5000 2846.0701   12.4773
    7.5000   45.0000    7.5000 2820.9727   12.6904
   -7.5000   52.5000    7.5000 2719.4690   13.4389
    0.0000   52.5000    7.5000 2721.2336   13.3793
    7.5000   52.5000    7.5000 2691.9153   13.5733
   -7.5000   60.0000    7.5000 2544.6021   14.4283
    0.0000   60.0000    7.5000 2550.1272   14.4145
    7.5000   60.0000    7.5000 2518.4253   14.5739
   -7.5000  -30.0000   15.0000 2337.8999   17.9493
    0.0000  -30.0000   15.0000 2356.1221   17.8364
    7.5000  -30.0000   15.0000 2342.4700   18.1079
   -7.5000  -22.5000   15.0000 2461.6887   15.9245
    0.0000  -22.5000   15.0000 2478.2715   15.8191
    7.5000  -22.5000   15.0000 2462.3960   16.0867
   -7.5000  -15.0000   15.0000 2583.1504   14.4074
    0.0000  -15.0000   15.0000 2590.9749   14.3547
    7.5000  -15.0000   15.0000 2572.9380   14.5480
   -7.5000   -7.5000   15.0000 2697.3892   13.2111
    0.0000   -7.5000   15.0000 2705.9055   13.1977
    7.5000   -7.5000   15.0000 2687.0073   13.3834
   -7.5000    0.0000   15.0000 2797.0098   12.3528
    0.0000    0.0000   15.0000 2808.6917   12.3389
    7.5000    0.0000   15.0000 2786.4885   12.5249
   -7.5000    7.5000   15.0000 2905.5793   11.8638
    0.0000    7.5000   15.0000 2921.6025   11.8619
    7.5000    7.5000   15.0000 2878.0886   11.9862
   -7.5000   15.0000   15.0000 2988.8579   11.6321
    0.0000   15.0000   15.0000 3008.7104   11.6510
    7.5000   15.0000   15.0000 2934.6948   11.7194
   -7.5000   22.5000   15.0000 3014.7632   11.4712
    0.0000   22.5000   15.0000 3028.7034   11.4772
    7.5000   22.5000   15.0000 2951.2969   11.6665
   -7.5000   30.0000   15.0000 2972.4680   11.6443
    0.0000   30.0000   15.0000 2983.7808   11.6175
    7.5000   30.0000   15.0000 2929.1562   11.8285
   -7.5000   37.5000   15.0000 2914.5950   12.0289
    0.0000   37.5000   15.0000 2922.2039   12.0051
    7.5000   37.5000   15.0000 2883.2764   12.1862
   -7.5000   45.0000   15.0000 2831.4473   12.6561
    0.0000   45.0000   15.0000 2835.5403   12.6133
    7.5000   45.0000   15.0000 2803.8977   12.7922
   -7.5000   52.5000   15.0000 2707.8513   13.4833
    0.0000   52.5000   15.0000 2710.6648   13.4369
    7.5000   52.5000   15.0000 2682.2866   13.6094
   -7.5000   60.0000   15.0000 2535.6079   14.4458
    0.0000   60.0000   15.0000 2537.9167   14.4052
    7.5000   60.0000   15.0000 2507.5029   14.5732
   -7.5000  -30.0000   22.5000 2313.1853   18.3691
    0.0000  -30.0000   22.5000 2330.2385   18.3525
    7.5000  -30.0000   22.5000 2317.1052   18.6362
   -7.5000  -22.5000   22.5000 2444.0933   16.2698
    0.0000  -22.5000   22.5000 2460.8062   16.2194
    7.5000  -22.5000   22.5000 2441.1040   16.5179
   -7.5000  -15.0000   22.5000 2560.8005   14.6564
    0.0000  -15.0000   22.5000 2571.9636   14.6365
    7.5000  -15.0000   22.5000 2551.1833   14.9140
   -7.5000   -7.5000   22.5000 2673.5215   13.4223
    0.0000   -7.5000   22.5000 2685.2798   13.3979
    7.5000   -7.5000   22.5000 2665.0183   13.6925
   -7.5000    0.0000   22.5000 2778.4648   12.5537
    0.0000    0.0000   22.5000 2789.0239   12.5476
    7.5000    0.0000   22.5000 2765.4656   12.8087
   -7.5000    7.5000   22.5000 2880.0989   12.0132
    0.0000    7.5000   22.5000 2890.7678   12.0124
    7.5000    7.5000   22.5000 2854.2520   12.2194
   -7.5000   15.0000   22.5000 2939.9631   11.6617
    0.0000   15.0000   22.5000 2954.7334   11.6626
    7.5000   15.0000   22.5000 2902.9871   11.9300
   -7.5000   22.5000   22.5000 2964.3872   11.5657
    0.0000   22.5000   22.5000 2970.7749   11.5404
    7.5000   22.5000   22.5000 2915.9602   11.8703
   -7.5000   30.0000   22.5000 2939.0115   11.8874
    0.0000   30.0000   22.5000 2952.7319   11.8422
    7.5000   30.0000   22.5000 2894.7361   12.0782
   -7.5000   37.5000   22.5000 2886.5288   12.3794
    0.0000   37.5000   22.5000 2898.6848   12.3363
    7.5000   37.5000   22.5000 2850.8425   12.5138
   -7.5000   45.0000   22.5000 2804.6797   13.0265
    0.0000   45.0000   22.5000 2812.9473   13.0117
    7.5000   45.0000   22.5000 2777.0764   13.1384
   -7.5000   52.5000   22.5000 2680.7515   13.8055
    0.0000   52.5000   22.5000 2687.5645   13.7948
    7.5000   52.5000   22.5000 2654.0701   13.9156
   -7.5000   60.0000   22.5000 2516.9233   14.6526
    0.0000   60.0000   22.5000 2520.4080   14.6425
    7.5000   60.0000   22.5000 2483.4939   14.7648
   -7.5000  -30.0000   30.0000 2276.0886   18.8100
    0.0000  -30.0000   30.0000 2287.0022   18.7598
    7.5000  -30.0000   30.0000 2276.0481   19.1575
   -7.5000  -22.5000   30.0000 2412.7612   16.6602
    0.0000  -22.5000   30.0000 2425.0886   16.6151
    7.5000  -22.5000   30.0000 2405.7683   16.9846
   -7.5000  -15.0000   30.0000 2531.1069   15.0456
    0.0000  -15.0000   30.0000 2546.0625   14.9895
    7.5000  -15.0000   30.0000 2518.8132   15.3655
   -7.5000   -7.5000   30.0000 2648.1018   13.8168
    0.0000   -7.5000   30.0000 2663.9260   13.7859
    7.5000   -7.5000   30.0000 2633.9048   14.1359
   -7.5000    0.0000   30.0000 2752.7380   12.9251
    0.0000    0.0000   30.0000 2763.2200   12.9217
    7.5000    0.0000   30.0000 2730.8723   13.2245
   -7.5000    7.5000   30.0000 2833.9712   12.3289
    0.0000    7.5000   30.0000 2845.0889   12.3258
    7.5000    7.5000   30.0000 2809.9048   12.6256
   -7.5000   15.0000   30.0000 2888.2993   11.9104
    0.0000   15.0000   30.0000 2896.3228   11.8976
    7.5000   15.0000   30.0000 2857.9692   12.2761
   -7.5000   22.5000   30.0000 2907.2610   11.8846
    0.0000   22.5000   30.0000 2916.0984   11.8704
    7.5000   22.5000   30.0000 2870.7744   12.2096
   -7.5000   30.0000   30.0000 2890.2588   12.2397
    0.0000   30.0000   30.0000 2899.4685   12.1895
    7.5000   30.0000   30.0000 2845.6445   12.4220
   -7.5000   37.5000   30.0000 2834.8787   12.7594
    0.0000   37.5000   30.0000 2841.1777   12.7134
    7.5000   37.5000   30.0000 2800.5159   12.8967
   -7.5000   45.0000   30.0000 2756.4236   13.4290
    0.0000   45.0000   30.0000 2761.7749   13.4209
    7.5000   45.0000   30.0000 2730.0635   13.5700
   -7.5000   52.5000   30.0000 2643.7676   14.2618
    0.0000   52.5000   30.0000 2644.3823   14.2496
    7.5000   52.5000   30.0000 2610.9529   14.3807
   -7.5000   60.0000   30.0000 2476.2112   15.0790
    0.0000   60.0000   30.0000 2478.6729   15.0672
    7.5000   60.0000   30.0000 2444.1509   15.2210
   -7.5000  -30.0000   37.5000 2237.1648   19.4615
    0.0000  -30.0000   37.5000 2246.9685   19.3436
    7.5000  -30.0000   37.5000 2234.2300   19.8539
   -7.5000  -22.5000   37.5000 2377.5674   17.2485
    0.0000  -22.5000   37.5000 2389.1965   17.1655
    7.5000  -22.5000   37.5000 2367.0701   17.6145
   -7.5000  -15.0000   37.5000 2498.3479   15.6453
    0.0000  -15.0000   37.5000 2509.2458   15.5482
    7.5000  -15.0000   37.5000 2486.2517   15.9856
   -7.5000   -7.5000   37.5000 2618.0457   14.4172
    0.0000   -7.5000   37.5000 2626.4270   14.3512
    7.5000   -7.5000   37.5000 2595.2314   14.7333
   -7.5000    0.0000   37.5000 2712.2947   13.4752
    0.0000    0.0000   37.5000 2721.6658   13.4434
    7.5000    0.0000   37.5000 2687.3308   13.8223
   -7.5000    7.5000   37.5000 2783.0037   12.8037
    0.0000    7.5000   37.5000 2791.0188   12.7734
    7.5000    7.5000   37.5000 2758.2981   13.1916
   -7.5000   15.0000   37.5000 2829.3418   12.3996
    0.0000   15.0000   37.5000 2834.8906   12.3976
    7.5000   15.0000   37.5000 2800.1753   12.8050
   -7.5000   22.5000   37.5000 2849.4966   12.4050
    0.0000   22.5000   37.5000 2854.3159   12.3761
    7.5000   22.5000   37.5000 2814.9763   12.7394
   -7.5000   30.0000   37.5000 2824.7395   12.7716
    0.0000   30.0000   37.5000 2835.5295   12.7332
    7.5000   30.0000   37.5000 2788.0232   12.9924
   -7.5000   37.5000   37.5000 2771.0010   13.2712
    0.0000   37.5000   37.5000 2779.7439   13.2137
    7.5000   37.5000   37.5000 2742.1824   13.4407
   -7.5000   45.0000   37.5000 2701.8376   13.9397
    0.0000   45.0000   37.5000 2706.5649   13.8998
    7.5000   45.0000   37.5000 2672.5828   14.1178
   -7.5000   52.5000   37.5000 2588.2114   14.7375
    0.0000   52.5000   37.5000 2592.0171   14.7420
    7.5000   52.5000   37.5000 2562.0095   14.9099
   -7.5000   60.0000   37.5000 2426.1497   15.6059
    0.0000   60.0000   37.5000 2432.6936   15.6056
    7.5000   60.0000   37.5000 2401.5034   15.7691
   -7.5000  -30.0000   45.0000 2198.1836   20.3199
    0.0000  -30.0000   45.0000 2208.0811   20.1873
    7.5000  -30.0000   45.0000 2187.7805   20.7666
   -7.5000  -22.5000   45.0000 2339.1658   18.0729
    0.0000  -22.5000   45.0000 2351.7231   17.9738
    7.5000  -22.5000   45.0000 2321.9690   18.4532
   -7.5000  -15.0000   45.0000 2457.8701   16.4124
    0.0000  -15.0000   45.0000 2468.6113   16.3551
    7.5000  -15.0000   45.0000 2439.4155   16.7952
   -7.5000   -7.5000   45.0000 2570.2661   15.1293
    0.0000   -7.5000   45.0000 2576.5586   15.0993
    7.5000   -7.5000   45.0000 2545.1577   15.5534
   -7.5000    0.0000   45.0000 2654.7810   14.1543
    0.0000    0.0000   45.0000 2658.7490   14.1526
    7.5000    0.0000   45.0000 2626.1711   14.6166
   -7.5000    7.5000   45.0000 2717.5862   13.4902
    0.0000    7.5000   45.0000 2724.1438   13.4886
    7.5000    7.5000   45.0000 2689.7224   13.9454
   -7.5000   15.0000   45.0000 2754.3357   13.0895
    0.0000   15.0000   45.0000 2758.1194   13.1192
    7.5000   15.0000   45.0000 2727.1077   13.5442
   -7.5000   22.5000   45.0000 2772.9670   13.0731
    0.0000   22.5000   45.0000 2778.0864   13.0663
    7.5000   22.5000   45.0000 2739.4773   13.4709
   -7.5000   30.0000   45.0000 2747.1167   13.4559
    0.0000   30.0000   45.0000 2755.1787   13.4311
    7.5000   30.0000   45.0000 2714.6233   13.7492
   -7.5000   37.5000   45.0000 2699.0264   13.9172
    0.0000   37.5000   45.0000 2705.9312   13.9071
    7.5000   37.5000   45.0000 2671.5713   14.2009
   -7.5000   45.0000   45.0000 2633.8508   14.5463
    0.0000   45.0000   45.0000 2638.6279   14.5649
    7.5000   45.0000   45.0000 2603.1809   14.8294
   -7.5000   52.5000   45.0000 2524.4290   15.3782
    0.0000   52.5000   45.0000 2526.1587   15.4086
    7.5000   52.5000   45.0000 2494.9946   15.6326
   -7.5000   60.0000   45.0000 2363.7285   16.3117
    0.0000   60.0000   45.0000 2365.2920   16.3116
    7.5000   60.0000   45.0000 2330.8081   16.5189
   -7.5000  -30.0000   52.5000 2156.0342   21.3720
    0.0000  -30.0000   52.5000 2161.2881   21.3516
    7.5000  -30.0000   52.5000 2136.3293   21.9371
   -7.5000  -22.5000   52.5000 2294.4744   19.0469
    0.0000  -22.5000   52.5000 2302.5549   19.0427
    7.5000  -22.5000   52.5000 2269.0781   19.5466
   -7.5000  -15.0000   52.5000 2413.1025   17.3690
    0.0000  -15.0000   52.5000 2417.8933   17.3685
    7.5000  -15.0000   52.5000 2382.5012   17.8314
   -7.5000   -7.5000   52.5000 2515.2397   16.0475
    0.0000   -7.5000   52.5000 2517.5227   16.0799
    7.5000   -7.5000   52.5000 2483.9685   16.5384
   -7.5000    0.0000   52.5000 2588.5522   15.0515
    0.0000    0.0000   52.5000 2589.0181   15.0664
    7.5000    0.0000   52.5000 2558.7629   15.5628
   -7.5000    7.5000   52.5000 2647.9885   14.3740
    0.0000    7.5000   52.5000 2645.2185   14.3781
    7.5000    7.5000   52.5000 2617.7529   14.8728
   -7.5000   15.0000   52.5000 2678.5664   13.9728
    0.0000   15.0000   52.5000 2673.6680   13.9905
    7.5000   15.0000   52.5000 2647.7742   14.4510
   -7.5000   22.5000   52.5000 2690.1809   13.9416
    0.0000   22.5000   52.5000 2690.8889   13.9544
    7.5000   22.5000   52.5000 2660.2300   14.3824
   -7.5000   30.0000   52.5000 2675.2913   14.2390
    0.0000   30.0000   52.5000 2676.3276   14.2317
    7.5000   30.0000   52.5000 2640.1023   14.6155
   -7.5000   37.5000   52.5000 2632.2754   14.7188
    0.0000   37.5000   52.5000 2632.9373   14.7008
    7.5000   37.5000   52.5000 2598.3474   15.0757
   -7.5000   45.0000   52.5000 2560.8865   15.4036
    0.0000   45.0000   52.5000 2567.9272   15.3975
    7.5000   45.0000   52.5000 2530.6384   15.7201
   -7.5000   52.5000   52.5000 2453.1870   16.2615
    0.0000   52.5000   52.5000 2456.3538   16.2564
    7.5000   52.5000   52.5000 2421.4629   16.5486
   -7.5000   60.0000   52.5000 2290.9133   17.1838
    0.0000   60.0000   52.5000 2296.6970   17.1896
    7.5000   60.0000   52.5000 2261.5605   17.4467

---------------------------------------------------------------------
imgreg_4dfp /opt/freesurfer/average/711-2C_as_mni_average_305 /opt/freesurfer/average/711-2B_as_mni_average_305_mask talsrcimg_g11 none talsrcimg_to_711-2C_as_mni_average_305_t4 1283
---------------------------------------------------------------------

freesurfer imgreg_4dfp.c
/opt/freesurfer/average/711-2C_as_mni_average_305.4dfp.img
       256       256       256         1
  1.000000  1.000000  1.000000
orientation T byte_order littleendian
Reading image: /opt/freesurfer/average/711-2C_as_mni_average_305.4dfp.img
dimensions:      256       256       256
mmppix:       1.0000   -1.0000   -1.0000
center:     128.0000 -129.0000 -129.0000
/opt/freesurfer/average/711-2B_as_mni_average_305_mask.4dfp.img
       256       256       256         1
  1.000000  1.000000  1.000000
orientation T byte_order littleendian
Reading mask: /opt/freesurfer/average/711-2B_as_mni_average_305_mask.4dfp.img (2306576 pixels)
talsrcimg_g11.4dfp.img
       256       256       256         1
  1.000000  1.000000  1.000000
orientation T byte_order littleendian
Reading image: talsrcimg_g11.4dfp.img
dimensions:      256       256       256
mmppix:       1.0000   -1.0000   -1.0000
center:     128.0000 -129.0000 -129.0000
rotation matrix determinant  1.000000
fimgreg.f
image alignment mode   1283 decimal      503 hex
parameters
    0.0000   22.5000    7.5000    0.0000    0.0000    0.0000
eta,q 0.95702 11.48921
niter,ni,del,rscale     5    3   12.0000    1.2000
parameter  1  0.659115 ->  0.500000 qaram    1.1500
parameters
   -3.4500   19.7423    8.9675   -1.5888    2.6647    0.5815
eta,q 0.96315 11.60627
  0.0437  0.0433  0.0517  0.0417  0.0526  0.0452
  0.0418  0.0396  0.0460  0.0383  0.0472  0.0411
  0.0428  0.0389  0.0415  0.0377  0.0417  0.0383
  0.0464  0.0413  0.0389  0.0387  0.0378  0.0370
  0.0512  0.0467  0.0386  0.0407  0.0369  0.0372
  0.0580  0.0536  0.0403  0.0432  0.0375  0.0393
  0.0664  0.0596  0.0434  0.0461  0.0392  0.0426
niter,ni,del,rscale     5    3   12.0000    1.2000
parameters
   -3.0002   20.3035    8.8499   -2.1519    2.7547    0.8671
eta,q 0.96356 11.61526
  0.0581  0.0556  0.0449  0.0437  0.0447  0.0442
  0.0463  0.0453  0.0397  0.0383  0.0398  0.0403
  0.0397  0.0385  0.0368  0.0365  0.0369  0.0376
  0.0369  0.0366  0.0368  0.0367  0.0365  0.0365
  0.0374  0.0380  0.0384  0.0386  0.0375  0.0371
  0.0440  0.0418  0.0406  0.0417  0.0400  0.0394
  0.0528  0.0490  0.0448  0.0453  0.0437  0.0429
niter,ni,del,rscale     4    3   12.0000    1.2000
parameters
   -2.9788   20.4614    8.7505   -2.2250    2.7406    0.9061
eta,q 0.96359 11.61171
  0.0556  0.0539  0.0450  0.0453  0.0445  0.0436
  0.0444  0.0434  0.0397  0.0392  0.0397  0.0399
  0.0386  0.0374  0.0366  0.0368  0.0369  0.0373
  0.0364  0.0364  0.0365  0.0364  0.0364  0.0364
  0.0381  0.0383  0.0383  0.0380  0.0375  0.0373
  0.0457  0.0433  0.0406  0.0407  0.0402  0.0398
  0.0545  0.0510  0.0447  0.0445  0.0440  0.0434
niter,ni,del,rscale     3    3   12.0000    1.2000
parameters
   -2.9790   20.4892    8.7368   -2.2390    2.7356    0.9114
eta,q 0.96359 11.61103
  0.0555  0.0532  0.0453  0.0455  0.0445  0.0435
  0.0443  0.0428  0.0399  0.0394  0.0398  0.0398
  0.0385  0.0372  0.0367  0.0369  0.0369  0.0373
  0.0364  0.0364  0.0364  0.0364  0.0364  0.0364
  0.0382  0.0385  0.0382  0.0379  0.0375  0.0373
  0.0458  0.0439  0.0405  0.0406  0.0402  0.0399
  0.0546  0.0516  0.0445  0.0444  0.0441  0.0434
registration optimization eta report
parameter search radius
    6.9000    6.0000    6.0000    6.0000    6.0000    6.0000
100000*second partial in parameter space
       39.       45.       23.       24.       22.       19.
  0.0555  0.0532  0.0453  0.0455  0.0445  0.0435
  0.0443  0.0428  0.0399  0.0394  0.0398  0.0398
  0.0385  0.0372  0.0367  0.0369  0.0369  0.0373
  0.0364  0.0364  0.0364  0.0364  0.0364  0.0364
  0.0382  0.0385  0.0382  0.0379  0.0375  0.0373
  0.0458  0.0439  0.0405  0.0406  0.0402  0.0399
  0.0546  0.0516  0.0445  0.0444  0.0441  0.0434
   -2.9790   20.4892    8.7368   -2.2390    2.7356    0.9114
eta,q 0.96359 11.61103

---------------------------------------------------------------------
imgreg_4dfp /opt/freesurfer/average/711-2C_as_mni_average_305 /opt/freesurfer/average/711-2B_as_mni_average_305_mask talsrcimg_g11 none talsrcimg_to_711-2C_as_mni_average_305_t4 3335
---------------------------------------------------------------------

freesurfer imgreg_4dfp.c
/opt/freesurfer/average/711-2C_as_mni_average_305.4dfp.img
       256       256       256         1
  1.000000  1.000000  1.000000
orientation T byte_order littleendian
Reading image: /opt/freesurfer/average/711-2C_as_mni_average_305.4dfp.img
dimensions:      256       256       256
mmppix:       1.0000   -1.0000   -1.0000
center:     128.0000 -129.0000 -129.0000
/opt/freesurfer/average/711-2B_as_mni_average_305_mask.4dfp.img
       256       256       256         1
  1.000000  1.000000  1.000000
orientation T byte_order littleendian
Reading mask: /opt/freesurfer/average/711-2B_as_mni_average_305_mask.4dfp.img (2306576 pixels)
talsrcimg_g11.4dfp.img
       256       256       256         1
  1.000000  1.000000  1.000000
orientation T byte_order littleendian
Reading image: talsrcimg_g11.4dfp.img
dimensions:      256       256       256
mmppix:       1.0000   -1.0000   -1.0000
center:     128.0000 -129.0000 -129.0000
fimgreg.f
image alignment mode   3335 decimal      D07 hex
parameters
   -2.9790   20.4892    8.7368   -0.1266   -0.0860   -0.1902
   -1.4030   -4.8307    1.5888    3.8305    4.7728   -3.9024
eta,q 0.96623 11.59368
niter,ni,del,rscale     5    3    5.0000    1.2000
parameter  4  3.200919 ->  0.500000 qaram    1.1500
parameter  5  1.121225 ->  0.500000 qaram    1.1500
parameters
   -2.9554   20.9095    8.9646   -4.2666   -4.2260   -1.4592
   -1.6296   -4.7491    1.5908    2.6908    3.2591   -3.4315
eta,q 0.97554 11.44428
  0.0367  0.0375  0.0358  0.0256  0.0244  0.0268  0.0284  0.0305  0.0271  0.0275  0.0254  0.0265
  0.0351  0.0358  0.0347  0.0273  0.0244  0.0256  0.0264  0.0277  0.0258  0.0257  0.0248  0.0254
  0.0341  0.0345  0.0340  0.0301  0.0256  0.0248  0.0251  0.0255  0.0249  0.0247  0.0245  0.0247
  0.0338  0.0338  0.0337  0.0336  0.0279  0.0246  0.0246  0.0246  0.0246  0.0246  0.0245  0.0245
  0.0341  0.0337  0.0337  0.0373  0.0314  0.0251  0.0252  0.0253  0.0249  0.0255  0.0249  0.0246
  0.0350  0.0344  0.0342  0.0408  0.0349  0.0266  0.0267  0.0273  0.0257  0.0275  0.0256  0.0252
  0.0366  0.0357  0.0352  0.0446  0.0381  0.0303  0.0289  0.0304  0.0271  0.0303  0.0266  0.0260
niter,ni,del,rscale     6    3    5.0000    1.2000
parameter  4  0.745093 ->  0.500000 qaram    1.3225
parameters
   -2.8096   21.1800    8.9946   -9.0276   -6.0111    0.2340
   -1.5231   -4.8535    2.1570    2.5923    1.9287   -3.8652
eta,q 0.97811 11.36279
  0.0292  0.0285  0.0263  0.0226  0.0251  0.0251  0.0255  0.0274  0.0245  0.0253  0.0227  0.0233
  0.0268  0.0264  0.0253  0.0222  0.0234  0.0237  0.0236  0.0243  0.0232  0.0234  0.0221  0.0224
  0.0252  0.0251  0.0246  0.0226  0.0223  0.0227  0.0224  0.0224  0.0224  0.0223  0.0219  0.0220
  0.0245  0.0244  0.0244  0.0244  0.0222  0.0221  0.0220  0.0220  0.0220  0.0220  0.0220  0.0219
  0.0248  0.0246  0.0246  0.0276  0.0234  0.0220  0.0223  0.0227  0.0221  0.0223  0.0222  0.0221
  0.0260  0.0254  0.0252  0.0315  0.0262  0.0220  0.0234  0.0246  0.0227  0.0235  0.0227  0.0227
  0.0282  0.0270  0.0262  0.0353  0.0300  0.0234  0.0253  0.0276  0.0239  0.0256  0.0235  0.0236
niter,ni,del,rscale     6    3    5.0000    1.2000
parameters
   -2.7057   21.3558    9.1250  -10.6353   -6.2274   -0.1846
   -1.5612   -4.9409    2.2787    2.5881    0.9323   -4.0842
eta,q 0.97811 11.26770
  0.0264  0.0254  0.0237  0.0257  0.0263  0.0240  0.0252  0.0270  0.0241  0.0252  0.0227  0.0233
  0.0240  0.0236  0.0227  0.0237  0.0243  0.0228  0.0235  0.0240  0.0230  0.0234  0.0222  0.0225
  0.0225  0.0224  0.0221  0.0223  0.0227  0.0221  0.0224  0.0223  0.0223  0.0223  0.0219  0.0220
  0.0219  0.0219  0.0219  0.0218  0.0219  0.0220  0.0219  0.0220  0.0219  0.0219  0.0219  0.0219
  0.0222  0.0221  0.0220  0.0230  0.0223  0.0220  0.0223  0.0227  0.0221  0.0223  0.0222  0.0221
  0.0235  0.0230  0.0224  0.0260  0.0241  0.0226  0.0234  0.0244  0.0228  0.0233  0.0226  0.0227
  0.0257  0.0245  0.0233  0.0302  0.0274  0.0252  0.0253  0.0270  0.0240  0.0252  0.0232  0.0235
niter,ni,del,rscale     5    3    5.0000    1.2000
parameters
   -2.6310   21.4007    9.1312  -10.9021   -6.2324   -0.2611
   -1.6208   -4.8610    2.3570    2.6008    0.8070   -4.1519
eta,q 0.97807 11.25202
  0.0262  0.0250  0.0235  0.0268  0.0265  0.0242  0.0252  0.0274  0.0241  0.0252  0.0230  0.0234
  0.0239  0.0233  0.0227  0.0246  0.0244  0.0230  0.0235  0.0242  0.0230  0.0234  0.0223  0.0226
  0.0225  0.0223  0.0221  0.0229  0.0228  0.0222  0.0223  0.0223  0.0223  0.0223  0.0220  0.0221
  0.0219  0.0219  0.0219  0.0219  0.0219  0.0219  0.0219  0.0219  0.0219  0.0219  0.0219  0.0219
  0.0222  0.0222  0.0220  0.0223  0.0222  0.0220  0.0223  0.0226  0.0221  0.0223  0.0221  0.0221
  0.0235  0.0232  0.0226  0.0244  0.0239  0.0225  0.0235  0.0243  0.0228  0.0233  0.0225  0.0227
  0.0257  0.0248  0.0236  0.0281  0.0270  0.0248  0.0254  0.0268  0.0241  0.0252  0.0230  0.0235
niter,ni,del,rscale     4    3    5.0000    1.2000
parameters
   -2.6080   21.4069    9.1206  -10.9197   -6.2244   -0.2554
   -1.6384   -4.8331    2.3690    2.6119    0.7950   -4.1623
eta,q 0.97807 11.25208
  0.0260  0.0250  0.0236  0.0270  0.0265  0.0242  0.0252  0.0273  0.0241  0.0252  0.0231  0.0235
  0.0238  0.0233  0.0227  0.0247  0.0244  0.0230  0.0235  0.0241  0.0230  0.0234  0.0224  0.0226
  0.0224  0.0223  0.0221  0.0230  0.0228  0.0222  0.0224  0.0223  0.0222  0.0223  0.0220  0.0221
  0.0219  0.0219  0.0219  0.0219  0.0219  0.0219  0.0219  0.0219  0.0219  0.0219  0.0219  0.0219
  0.0223  0.0223  0.0221  0.0222  0.0222  0.0220  0.0223  0.0227  0.0221  0.0223  0.0221  0.0221
  0.0237  0.0233  0.0227  0.0242  0.0238  0.0224  0.0234  0.0244  0.0229  0.0233  0.0225  0.0226
  0.0259  0.0249  0.0236  0.0277  0.0270  0.0247  0.0253  0.0269  0.0241  0.0252  0.0230  0.0235
registration optimization eta report
parameter search radius
    2.4000    2.4000    2.4000    9.5220    8.2800    7.2000
    7.2000    7.2000    7.2000    7.2000    7.2000    7.2000
100000*second partial in parameter space
       70.       52.       29.        6.        7.        5.
        6.       10.        4.        6.        2.        3.
  0.0260  0.0250  0.0236  0.0270  0.0265  0.0242  0.0252  0.0273  0.0241  0.0252  0.0231  0.0235
  0.0238  0.0233  0.0227  0.0247  0.0244  0.0230  0.0235  0.0241  0.0230  0.0234  0.0224  0.0226
  0.0224  0.0223  0.0221  0.0230  0.0228  0.0222  0.0224  0.0223  0.0222  0.0223  0.0220  0.0221
  0.0219  0.0219  0.0219  0.0219  0.0219  0.0219  0.0219  0.0219  0.0219  0.0219  0.0219  0.0219
  0.0223  0.0223  0.0221  0.0222  0.0222  0.0220  0.0223  0.0227  0.0221  0.0223  0.0221  0.0221
  0.0237  0.0233  0.0227  0.0242  0.0238  0.0224  0.0234  0.0244  0.0229  0.0233  0.0225  0.0226
  0.0259  0.0249  0.0236  0.0277  0.0270  0.0247  0.0253  0.0269  0.0241  0.0252  0.0230  0.0235
   -2.6080   21.4069    9.1206  -10.9197   -6.2244   -0.2554
   -1.6384   -4.8331    2.3690    2.6119    0.7950   -4.1623
eta,q 0.97807 11.25208

---------------------------------------------------------------------
imgreg_4dfp /opt/freesurfer/average/711-2C_as_mni_average_305 /opt/freesurfer/average/711-2B_as_mni_average_305_mask talsrcimg_g11 none talsrcimg_to_711-2C_as_mni_average_305_t4 2311
---------------------------------------------------------------------

freesurfer imgreg_4dfp.c
/opt/freesurfer/average/711-2C_as_mni_average_305.4dfp.img
       256       256       256         1
  1.000000  1.000000  1.000000
orientation T byte_order littleendian
Reading image: /opt/freesurfer/average/711-2C_as_mni_average_305.4dfp.img
dimensions:      256       256       256
mmppix:       1.0000   -1.0000   -1.0000
center:     128.0000 -129.0000 -129.0000
/opt/freesurfer/average/711-2B_as_mni_average_305_mask.4dfp.img
       256       256       256         1
  1.000000  1.000000  1.000000
orientation T byte_order littleendian
Reading mask: /opt/freesurfer/average/711-2B_as_mni_average_305_mask.4dfp.img (2306576 pixels)
talsrcimg_g11.4dfp.img
       256       256       256         1
  1.000000  1.000000  1.000000
orientation T byte_order littleendian
Reading image: talsrcimg_g11.4dfp.img
dimensions:      256       256       256
mmppix:       1.0000   -1.0000   -1.0000
center:     128.0000 -129.0000 -129.0000
fimgreg.f
image alignment mode   2311 decimal      907 hex
parameters
   -2.6080   21.4069    9.1206  -10.9197   -6.2244   -0.2554
   -1.6384   -4.8331    2.3690    2.6119    0.7950   -4.1623
eta,q 0.97807 11.25208
niter,ni,del,rscale     5    3    5.0000    0.8000
parameters
   -2.5896   21.4005    9.1490  -10.0555   -5.7741    0.3680
   -1.6819   -4.7599    2.4153    2.8173    1.0477   -4.0099
eta,q 0.97819 11.33486
  0.0238  0.0233  0.0227  0.0238  0.0238  0.0229  0.0234  0.0245  0.0229  0.0235  0.0224  0.0226
  0.0228  0.0225  0.0223  0.0230  0.0229  0.0223  0.0225  0.0229  0.0223  0.0226  0.0221  0.0222
  0.0222  0.0221  0.0220  0.0223  0.0222  0.0219  0.0220  0.0220  0.0220  0.0220  0.0219  0.0219
  0.0219  0.0219  0.0219  0.0219  0.0218  0.0218  0.0218  0.0218  0.0218  0.0218  0.0218  0.0218
  0.0221  0.0221  0.0220  0.0218  0.0219  0.0219  0.0220  0.0222  0.0219  0.0219  0.0219  0.0219
  0.0227  0.0226  0.0222  0.0222  0.0223  0.0219  0.0225  0.0230  0.0223  0.0224  0.0220  0.0221
  0.0237  0.0233  0.0227  0.0229  0.0233  0.0224  0.0235  0.0242  0.0229  0.0232  0.0223  0.0225
niter,ni,del,rscale     4    3    5.0000    0.7000
parameters
   -2.6328   21.3698    9.1502   -9.9913   -5.7169    0.5428
   -1.6238   -4.8337    2.4401    2.8343    1.1114   -3.9414
eta,q 0.97819 11.34674
  0.0232  0.0228  0.0224  0.0231  0.0232  0.0224  0.0231  0.0237  0.0226  0.0230  0.0222  0.0224
  0.0224  0.0223  0.0221  0.0225  0.0225  0.0220  0.0224  0.0226  0.0222  0.0223  0.0220  0.0221
  0.0219  0.0219  0.0219  0.0220  0.0220  0.0218  0.0220  0.0219  0.0219  0.0219  0.0218  0.0219
  0.0218  0.0218  0.0218  0.0218  0.0218  0.0218  0.0218  0.0218  0.0218  0.0218  0.0218  0.0218
  0.0220  0.0219  0.0219  0.0219  0.0219  0.0218  0.0219  0.0221  0.0219  0.0219  0.0219  0.0219
  0.0225  0.0223  0.0221  0.0223  0.0224  0.0219  0.0223  0.0228  0.0222  0.0223  0.0220  0.0220
  0.0234  0.0229  0.0224  0.0231  0.0232  0.0224  0.0230  0.0238  0.0226  0.0230  0.0222  0.0223
niter,ni,del,rscale     3    3    5.0000    0.6000
parameters
   -2.6504   21.3577    9.1629   -9.9289   -5.6812    0.6148
   -1.6164   -4.8794    2.4613    2.8287    1.1276   -3.8896
eta,q 0.97820 11.35293
  0.0228  0.0226  0.0222  0.0228  0.0228  0.0222  0.0227  0.0232  0.0224  0.0227  0.0221  0.0222
  0.0223  0.0221  0.0220  0.0223  0.0223  0.0219  0.0222  0.0224  0.0221  0.0222  0.0219  0.0220
  0.0219  0.0219  0.0219  0.0220  0.0220  0.0218  0.0219  0.0219  0.0219  0.0219  0.0218  0.0218
  0.0218  0.0218  0.0218  0.0218  0.0218  0.0218  0.0218  0.0218  0.0218  0.0218  0.0218  0.0218
  0.0219  0.0219  0.0218  0.0219  0.0219  0.0218  0.0219  0.0220  0.0219  0.0219  0.0218  0.0218
  0.0223  0.0222  0.0220  0.0222  0.0222  0.0219  0.0222  0.0225  0.0221  0.0222  0.0219  0.0220
  0.0229  0.0226  0.0222  0.0228  0.0229  0.0222  0.0227  0.0232  0.0224  0.0227  0.0221  0.0222
niter,ni,del,rscale     2    3    5.0000    0.5000
parameters
   -2.6594   21.3514    9.1722   -9.8860   -5.6450    0.6713
   -1.6222   -4.9197    2.4826    2.8286    1.1157   -3.8442
eta,q 0.97821 11.35758
  0.0225  0.0223  0.0221  0.0225  0.0225  0.0220  0.0224  0.0228  0.0222  0.0224  0.0220  0.0221
  0.0221  0.0220  0.0219  0.0221  0.0222  0.0219  0.0221  0.0222  0.0220  0.0220  0.0219  0.0219
  0.0219  0.0219  0.0218  0.0219  0.0219  0.0218  0.0219  0.0219  0.0219  0.0219  0.0218  0.0218
  0.0218  0.0218  0.0218  0.0218  0.0218  0.0218  0.0218  0.0218  0.0218  0.0218  0.0218  0.0218
  0.0219  0.0219  0.0218  0.0218  0.0219  0.0218  0.0219  0.0220  0.0218  0.0219  0.0218  0.0218
  0.0221  0.0221  0.0219  0.0221  0.0221  0.0219  0.0221  0.0223  0.0220  0.0221  0.0219  0.0219
  0.0226  0.0224  0.0221  0.0225  0.0225  0.0220  0.0225  0.0228  0.0222  0.0224  0.0220  0.0221
niter,ni,del,rscale     1    3    5.0000    0.4000
parameters
   -2.6655   21.3470    9.1817   -9.8512   -5.6200    0.5779
   -1.6094   -4.9845    2.4914    2.7986    1.0968   -3.8283
eta,q 0.97822 11.35457
  0.0223  0.0222  0.0220  0.0223  0.0223  0.0219  0.0222  0.0224  0.0221  0.0222  0.0219  0.0220
  0.0220  0.0219  0.0219  0.0220  0.0220  0.0218  0.0220  0.0220  0.0219  0.0219  0.0218  0.0219
  0.0218  0.0218  0.0218  0.0219  0.0219  0.0218  0.0218  0.0218  0.0218  0.0218  0.0218  0.0218
  0.0218  0.0218  0.0218  0.0218  0.0218  0.0218  0.0218  0.0218  0.0218  0.0218  0.0218  0.0218
  0.0219  0.0218  0.0218  0.0218  0.0218  0.0218  0.0218  0.0219  0.0218  0.0218  0.0218  0.0218
  0.0220  0.0220  0.0219  0.0220  0.0220  0.0218  0.0220  0.0221  0.0219  0.0220  0.0219  0.0219
  0.0223  0.0222  0.0220  0.0223  0.0223  0.0219  0.0222  0.0225  0.0221  0.0222  0.0219  0.0220
registration optimization eta report
parameter search radius
    0.8000    0.8000    0.8000    2.4000    2.4000    2.4000
    2.4000    2.4000    2.4000    2.4000    2.4000    2.4000
100000*second partial in parameter space
       75.       56.       27.        8.        8.        2.
        7.       11.        5.        7.        2.        3.
  0.0223  0.0222  0.0220  0.0223  0.0223  0.0219  0.0222  0.0224  0.0221  0.0222  0.0219  0.0220
  0.0220  0.0219  0.0219  0.0220  0.0220  0.0218  0.0220  0.0220  0.0219  0.0219  0.0218  0.0219
  0.0218  0.0218  0.0218  0.0219  0.0219  0.0218  0.0218  0.0218  0.0218  0.0218  0.0218  0.0218
  0.0218  0.0218  0.0218  0.0218  0.0218  0.0218  0.0218  0.0218  0.0218  0.0218  0.0218  0.0218
  0.0219  0.0218  0.0218  0.0218  0.0218  0.0218  0.0218  0.0219  0.0218  0.0218  0.0218  0.0218
  0.0220  0.0220  0.0219  0.0220  0.0220  0.0218  0.0220  0.0221  0.0219  0.0220  0.0219  0.0219
  0.0223  0.0222  0.0220  0.0223  0.0223  0.0219  0.0222  0.0225  0.0221  0.0222  0.0219  0.0220
   -2.6655   21.3470    9.1817   -9.8512   -5.6200    0.5779
   -1.6094   -4.9845    2.4914    2.7986    1.0968   -3.8283
eta,q 0.97822 11.35457

---------------------------------------------------------------------
imgreg_4dfp /opt/freesurfer/average/711-2C_as_mni_average_305 /opt/freesurfer/average/711-2B_as_mni_average_305_mask talsrcimg_g11 none talsrcimg_to_711-2C_as_mni_average_305_t4 2311
---------------------------------------------------------------------

freesurfer imgreg_4dfp.c
/opt/freesurfer/average/711-2C_as_mni_average_305.4dfp.img
       256       256       256         1
  1.000000  1.000000  1.000000
orientation T byte_order littleendian
Reading image: /opt/freesurfer/average/711-2C_as_mni_average_305.4dfp.img
dimensions:      256       256       256
mmppix:       1.0000   -1.0000   -1.0000
center:     128.0000 -129.0000 -129.0000
/opt/freesurfer/average/711-2B_as_mni_average_305_mask.4dfp.img
       256       256       256         1
  1.000000  1.000000  1.000000
orientation T byte_order littleendian
Reading mask: /opt/freesurfer/average/711-2B_as_mni_average_305_mask.4dfp.img (2306576 pixels)
talsrcimg_g11.4dfp.img
       256       256       256         1
  1.000000  1.000000  1.000000
orientation T byte_order littleendian
Reading image: talsrcimg_g11.4dfp.img
dimensions:      256       256       256
mmppix:       1.0000   -1.0000   -1.0000
center:     128.0000 -129.0000 -129.0000
fimgreg.f
image alignment mode   2311 decimal      907 hex
parameters
   -2.6655   21.3470    9.1817   -9.8512   -5.6200    0.5779
   -1.6094   -4.9845    2.4914    2.7986    1.0968   -3.8283
eta,q 0.97821 11.35457
niter,ni,del,rscale     5    3    5.0000    0.8000
parameters
   -2.6810   21.3399    9.1630  -10.1316   -5.7891    0.3140
   -1.6434   -4.8891    2.4401    2.7296    1.0129   -3.9491
eta,q 0.97819 11.32781
  0.0237  0.0232  0.0225  0.0233  0.0235  0.0226  0.0234  0.0245  0.0228  0.0233  0.0223  0.0225
  0.0226  0.0224  0.0221  0.0225  0.0226  0.0221  0.0225  0.0229  0.0223  0.0224  0.0220  0.0221
  0.0220  0.0219  0.0219  0.0220  0.0220  0.0218  0.0220  0.0220  0.0219  0.0219  0.0218  0.0219
  0.0218  0.0218  0.0218  0.0218  0.0218  0.0218  0.0218  0.0218  0.0218  0.0218  0.0218  0.0218
  0.0220  0.0220  0.0219  0.0220  0.0220  0.0218  0.0220  0.0221  0.0219  0.0220  0.0219  0.0219
  0.0227  0.0224  0.0221  0.0227  0.0227  0.0220  0.0225  0.0229  0.0223  0.0225  0.0221  0.0221
  0.0238  0.0232  0.0225  0.0238  0.0239  0.0230  0.0235  0.0241  0.0229  0.0234  0.0223  0.0226
niter,ni,del,rscale     4    3    5.0000    0.7000
parameters
   -2.6418   21.3600    9.1628  -10.0311   -5.7270    0.4920
   -1.6446   -4.8557    2.4475    2.7983    1.0549   -3.9223
eta,q 0.97820 11.34202
  0.0233  0.0229  0.0224  0.0231  0.0232  0.0225  0.0230  0.0238  0.0226  0.0230  0.0222  0.0223
  0.0225  0.0223  0.0221  0.0225  0.0225  0.0220  0.0224  0.0226  0.0222  0.0223  0.0220  0.0221
  0.0220  0.0219  0.0219  0.0220  0.0220  0.0218  0.0220  0.0219  0.0219  0.0219  0.0218  0.0219
  0.0218  0.0218  0.0218  0.0218  0.0218  0.0218  0.0218  0.0218  0.0218  0.0218  0.0218  0.0218
  0.0219  0.0219  0.0219  0.0219  0.0219  0.0218  0.0219  0.0221  0.0219  0.0219  0.0219  0.0219
  0.0224  0.0223  0.0220  0.0223  0.0224  0.0219  0.0223  0.0227  0.0222  0.0223  0.0220  0.0220
  0.0232  0.0229  0.0224  0.0231  0.0232  0.0224  0.0231  0.0237  0.0226  0.0229  0.0222  0.0223
niter,ni,del,rscale     3    3    5.0000    0.6000
parameters
   -2.6484   21.3570    9.1708   -9.9422   -5.6827    0.6100
   -1.6290   -4.8784    2.4553    2.8226    1.1045   -3.8826
eta,q 0.97820 11.35196
  0.0229  0.0226  0.0222  0.0228  0.0228  0.0222  0.0227  0.0233  0.0224  0.0227  0.0221  0.0222
  0.0223  0.0222  0.0220  0.0223  0.0223  0.0219  0.0222  0.0224  0.0221  0.0222  0.0219  0.0220
  0.0219  0.0219  0.0219  0.0220  0.0220  0.0218  0.0219  0.0219  0.0219  0.0219  0.0218  0.0218
  0.0218  0.0218  0.0218  0.0218  0.0218  0.0218  0.0218  0.0218  0.0218  0.0218  0.0218  0.0218
  0.0219  0.0219  0.0218  0.0219  0.0219  0.0218  0.0219  0.0220  0.0219  0.0219  0.0218  0.0218
  0.0223  0.0222  0.0220  0.0222  0.0222  0.0219  0.0222  0.0225  0.0221  0.0222  0.0219  0.0220
  0.0229  0.0226  0.0222  0.0228  0.0229  0.0222  0.0227  0.0232  0.0224  0.0226  0.0221  0.0222
niter,ni,del,rscale     2    3    5.0000    0.5000
parameters
   -2.6584   21.3508    9.1755   -9.8882   -5.6465    0.6699
   -1.6188   -4.9172    2.4877    2.8319    1.1220   -3.8434
eta,q 0.97821 11.35746
  0.0225  0.0223  0.0221  0.0225  0.0225  0.0220  0.0224  0.0228  0.0222  0.0224  0.0220  0.0221
  0.0221  0.0220  0.0219  0.0222  0.0222  0.0219  0.0221  0.0222  0.0220  0.0221  0.0219  0.0219
  0.0219  0.0219  0.0218  0.0219  0.0219  0.0218  0.0219  0.0219  0.0219  0.0219  0.0218  0.0218
  0.0218  0.0218  0.0218  0.0218  0.0218  0.0218  0.0218  0.0218  0.0218  0.0218  0.0218  0.0218
  0.0219  0.0219  0.0218  0.0218  0.0219  0.0218  0.0219  0.0219  0.0218  0.0219  0.0218  0.0218
  0.0221  0.0221  0.0219  0.0221  0.0221  0.0219  0.0221  0.0223  0.0220  0.0221  0.0219  0.0219
  0.0226  0.0224  0.0221  0.0225  0.0225  0.0220  0.0225  0.0228  0.0222  0.0224  0.0220  0.0221
niter,ni,del,rscale     1    3    5.0000    0.4000
parameters
   -2.6653   21.3450    9.1804   -9.8437   -5.6120    0.5748
   -1.6116   -4.9805    2.4915    2.7983    1.0784   -3.8240
eta,q 0.97821 11.35488
  0.0223  0.0221  0.0220  0.0223  0.0223  0.0219  0.0222  0.0224  0.0221  0.0222  0.0219  0.0220
  0.0220  0.0220  0.0219  0.0220  0.0220  0.0218  0.0220  0.0220  0.0219  0.0219  0.0218  0.0219
  0.0218  0.0218  0.0218  0.0219  0.0219  0.0218  0.0218  0.0218  0.0218  0.0218  0.0218  0.0218
  0.0218  0.0218  0.0218  0.0218  0.0218  0.0218  0.0218  0.0218  0.0218  0.0218  0.0218  0.0218
  0.0219  0.0218  0.0218  0.0218  0.0218  0.0218  0.0218  0.0219  0.0218  0.0218  0.0218  0.0218
  0.0220  0.0220  0.0219  0.0220  0.0220  0.0218  0.0220  0.0221  0.0219  0.0220  0.0219  0.0219
  0.0223  0.0222  0.0220  0.0222  0.0223  0.0219  0.0222  0.0225  0.0221  0.0222  0.0219  0.0220
registration optimization eta report
parameter search radius
    0.8000    0.8000    0.8000    2.4000    2.4000    2.4000
    2.4000    2.4000    2.4000    2.4000    2.4000    2.4000
100000*second partial in parameter space
       75.       56.       28.        8.        8.        2.
        7.       11.        5.        7.        2.        3.
  0.0223  0.0221  0.0220  0.0223  0.0223  0.0219  0.0222  0.0224  0.0221  0.0222  0.0219  0.0220
  0.0220  0.0220  0.0219  0.0220  0.0220  0.0218  0.0220  0.0220  0.0219  0.0219  0.0218  0.0219
  0.0218  0.0218  0.0218  0.0219  0.0219  0.0218  0.0218  0.0218  0.0218  0.0218  0.0218  0.0218
  0.0218  0.0218  0.0218  0.0218  0.0218  0.0218  0.0218  0.0218  0.0218  0.0218  0.0218  0.0218
  0.0219  0.0218  0.0218  0.0218  0.0218  0.0218  0.0218  0.0219  0.0218  0.0218  0.0218  0.0218
  0.0220  0.0220  0.0219  0.0220  0.0220  0.0218  0.0220  0.0221  0.0219  0.0220  0.0219  0.0219
  0.0223  0.0222  0.0220  0.0222  0.0223  0.0219  0.0222  0.0225  0.0221  0.0222  0.0219  0.0220
   -2.6653   21.3450    9.1804   -9.8437   -5.6120    0.5748
   -1.6116   -4.9805    2.4915    2.7983    1.0784   -3.8240
eta,q 0.97821 11.35488

---------------------------------------------------------------------
compute_vox2vox talsrcimg talsrcimg_to_711-2C_as_mni_average_305_t4 /opt/freesurfer/average/711-2C_as_mni_average_305
---------------------------------------------------------------------

freesurfer compute_vox2vox.c
Reading: talsrcimg.4dfp.ifh
Reading: talsrcimg_to_711-2C_as_mni_average_305_t4
Reading: /opt/freesurfer/average/711-2C_as_mni_average_305.4dfp.ifh
Writing: talsrcimg_to_711-2C_as_mni_average_305_t4_vox2vox.txt

start time Mon Mar 9 16:41:22 CET 2026
end		time Mon Mar 9 16:42:47 CET 2026

mpr2mni305 success

avi2talxfm orig_nu.mgz /opt/freesurfer/average/mni305.cor.mgz talsrcimg_to_711-2C_as_mni_average_305_t4_vox2vox.txt transforms/talairach.auto.xfm
avi2talxfm done
mv -f /out/sourcedata/freesurfer/sub-v1s22x0050527_ses-1/mri/talsrcimg_to_711-2C_as_mni_average_305_t4_vox2vox.txt /out/sourcedata/freesurfer/sub-v1s22x0050527_ses-1/mri/transforms/talsrcimg_to_711-2C_as_mni_average_305_t4_vox2vox.txt
lta_convert --src orig_nu.mgz --trg /opt/freesurfer/average/mni305.cor.mgz --inxfm transforms/talairach.auto.xfm --outlta transforms/talairach.auto.xfm.lta --subject fsaverage
7.3.2

--src: orig_nu.mgz src image (geometry).
--trg: /opt/freesurfer/average/mni305.cor.mgz trg image (geometry).
--inmni: transforms/talairach.auto.xfm input MNI/XFM transform.
--outlta: transforms/talairach.auto.xfm.lta output LTA.
--s: fsaverage subject name
 LTA read, type : 1
 1.10795   0.05428   0.02112  -7.45625;
-0.01298   0.99253   0.03999  -59.04614;
-0.02886  -0.03086   1.05771  -29.38727;
 0.00000   0.00000   0.00000   1.00000;
setting subject to fsaverage
Writing  LTA to file transforms/talairach.auto.xfm.lta...
lta_convert successful.
 
 
Started at Mon Mar 9 16:41:21 CET 2026
Ended   at Mon Mar  9 16:42:47 CET 2026
talairach_avi done
