/out/sourcedata/freesurfer/sub-v1s22x0050472_ses-1/mri
/opt/freesurfer/bin/talairach_avi
--i orig_nu.mgz --xfm transforms/talairach.auto.xfm
talairach_avi 7.3.2
Linux dna010 5.14.0-427.37.1.el9_4.x86_64 #1 SMP PREEMPT_DYNAMIC Fri Sep 13 12:41:50 EDT 2024 x86_64 x86_64 x86_64 GNU/Linux
Mon Mar  9 13:38:20 CET 2026
mri_convert orig_nu.mgz talsrcimg.img 
reading from orig_nu.mgz...
TR=0.00, TE=0.00, TI=0.00, flip angle=0.00
i_ras = (-1, 0, 0)
j_ras = (-4.65661e-10, 0, -1)
k_ras = (0, 1, 0)
writing to talsrcimg.img...
Analyze Output Matrix
-1.00000  -0.00000   0.00000   131.42258;
 0.00000   0.00000   1.00000  -81.19537;
 0.00000  -1.00000   0.00000   109.43182;
 0.00000   0.00000   0.00000   1.00000;
--------------------
INFO: set hdr.hist.orient to -1
mpr2mni305 talsrcimg
Mon Mar  9 13:38:21 CET 2026
/opt/freesurfer/bin/mpr2mni305 talsrcimg
mpr2mni305 7.3.2
target=711-2C_as_mni_average_305

---------------------------------------------------------------------
analyzeto4dfp talsrcimg -O0 -y
---------------------------------------------------------------------

freesurfer ifh2hdr.c
Mon Mar  9 13:38:21 2026
Writing: talsrcimg.4dfp.hdr
freesurfer analyzeto4dfp.c
Reading: talsrcimg.hdr
header size 348 bytes
hdr.dime.datatype	offset=70	value=2
hdr.dime.bitpix		offset=72	value=8
hdr.hist.orient		offset=252	value=-1
dimensionality     4
dimensions       256       256       256         1
Reading: talsrcimg.img
Writing: talsrcimg.4dfp.img
Writing: talsrcimg.4dfp.ifh
ifh2hdr talsrcimg -r0to212
ori=2

---------------------------------------------------------------------
gauss_4dfp talsrcimg 1.1
---------------------------------------------------------------------

freesurfer gauss_4dfp.c
Reading: talsrcimg.4dfp.img
Writing: talsrcimg_g11.4dfp.img
image dimensions 256 256 256 padded to 288 288 288
processing volume 1freesurfer ifh2hdr.c
Mon Mar  9 13:38:23 2026
Writing: talsrcimg_g11.4dfp.hdr

Writing: talsrcimg_g11.4dfp.ifh
including: talsrcimg.4dfp.img.rec in talsrcimg_g11.4dfp.img.rec

---------------------------------------------------------------------
imgreg_4dfp /opt/freesurfer/average/711-2C_as_mni_average_305 none talsrcimg_g11 none talsrcimg_to_711-2C_as_mni_average_305_t4 4355
---------------------------------------------------------------------

freesurfer imgreg_4dfp.c
/opt/freesurfer/average/711-2C_as_mni_average_305.4dfp.img
       256       256       256         1
  1.000000  1.000000  1.000000
orientation T byte_order littleendian
Reading image: /opt/freesurfer/average/711-2C_as_mni_average_305.4dfp.img
dimensions:      256       256       256
mmppix:       1.0000   -1.0000   -1.0000
center:     128.0000 -129.0000 -129.0000
talsrcimg_g11.4dfp.img
       256       256       256         1
  1.000000  1.000000  1.000000
orientation T byte_order littleendian
Reading image: talsrcimg_g11.4dfp.img
dimensions:      256       256       256
mmppix:       1.0000   -1.0000   -1.0000
center:     128.0000 -129.0000 -129.0000
t4_read: open error in t4_sub.f l:  41 t4_file(1:l)talsrcimg_to_711-2C_as_mni_average_305_t4 
t4_read: transform initialized to I4
rotation matrix determinant  1.000000
image alignment mode   4355 decimal     1103 hex
   -7.5000  -45.0000  -45.0000 5862.8120   19.2469
    0.0000  -45.0000  -45.0000 6132.3662   19.2325
    7.5000  -45.0000  -45.0000 5890.7310   19.2298
   -7.5000  -37.5000  -45.0000 6500.7622   18.5606
    0.0000  -37.5000  -45.0000 6793.9043   18.5526
    7.5000  -37.5000  -45.0000 6534.9014   18.5435
   -7.5000  -30.0000  -45.0000 7433.4507   18.0749
    0.0000  -30.0000  -45.0000 7777.3940   18.0739
    7.5000  -30.0000  -45.0000 7469.0068   18.0695
   -7.5000  -22.5000  -45.0000 8410.9639   17.7382
    0.0000  -22.5000  -45.0000 8783.3389   17.7374
    7.5000  -22.5000  -45.0000 8428.6611   17.7452
   -7.5000  -15.0000  -45.0000 9449.3633   17.5744
    0.0000  -15.0000  -45.0000 9892.2266   17.5655
    7.5000  -15.0000  -45.0000 9459.2324   17.5795
   -7.5000   -7.5000  -45.000010509.0615   17.4948
    0.0000   -7.5000  -45.000011003.7373   17.4800
    7.5000   -7.5000  -45.000010493.4121   17.4891
   -7.5000    0.0000  -45.000011523.6621   17.4471
    0.0000    0.0000  -45.000012090.3945   17.4321
    7.5000    0.0000  -45.000011495.7783   17.4310
   -7.5000    7.5000  -45.000011614.4902   17.4215
    0.0000    7.5000  -45.000012212.2812   17.4132
    7.5000    7.5000  -45.000011573.3213   17.4069
   -7.5000   15.0000  -45.000011539.6680   17.4254
    0.0000   15.0000  -45.000012099.9512   17.4254
    7.5000   15.0000  -45.000011495.3291   17.4235
   -7.5000   22.5000  -45.000011396.8760   17.4557
    0.0000   22.5000  -45.000011957.5830   17.4547
    7.5000   22.5000  -45.000011316.2148   17.4633
   -7.5000   30.0000  -45.000011204.4824   17.2574
    0.0000   30.0000  -45.000011734.3799   17.2486
    7.5000   30.0000  -45.000011106.6279   17.2629
   -7.5000   37.5000  -45.000011195.4355   17.2478
    0.0000   37.5000  -45.000011734.4111   17.2332
    7.5000   37.5000  -45.000011105.1758   17.2423
   -7.5000   45.0000  -45.000010775.4600   16.7775
    0.0000   45.0000  -45.000011319.5293   16.7630
    7.5000   45.0000  -45.000010687.7764   16.7620
   -7.5000  -45.0000  -37.5000 6138.4429   19.2467
    0.0000  -45.0000  -37.5000 6411.6138   19.2316
    7.5000  -45.0000  -37.5000 6175.9751   19.2305
   -7.5000  -37.5000  -37.5000 6802.8228   18.5666
    0.0000  -37.5000  -37.5000 7116.0347   18.5584
    7.5000  -37.5000  -37.5000 6833.8247   18.5535
   -7.5000  -30.0000  -37.5000 7800.6538   18.0812
    0.0000  -30.0000  -37.5000 8156.4956   18.0824
    7.5000  -30.0000  -37.5000 7815.5498   18.0806
   -7.5000  -22.5000  -37.5000 8872.9121   17.7387
    0.0000  -22.5000  -37.5000 9286.9297   17.7422
    7.5000  -22.5000  -37.5000 8859.4971   17.7494
   -7.5000  -15.0000  -37.5000 9983.9600   17.5712
    0.0000  -15.0000  -37.500010447.6152   17.5664
    7.5000  -15.0000  -37.5000 9971.6094   17.5773
   -7.5000   -7.5000  -37.500011083.2432   17.4930
    0.0000   -7.5000  -37.500011591.1025   17.4794
    7.5000   -7.5000  -37.500011062.2285   17.4875
   -7.5000    0.0000  -37.500012142.0479   17.4501
    0.0000    0.0000  -37.500012735.6406   17.4343
    7.5000    0.0000  -37.500012104.2979   17.4354
   -7.5000    7.5000  -37.500012253.1348   17.4280
    0.0000    7.5000  -37.500012873.3906   17.4195
    7.5000    7.5000  -37.500012192.2871   17.4169
   -7.5000   15.0000  -37.500012174.7031   17.4313
    0.0000   15.0000  -37.500012762.9951   17.4330
    7.5000   15.0000  -37.500012081.3779   17.4340
   -7.5000   22.5000  -37.500012026.9561   17.4565
    0.0000   22.5000  -37.500012610.3047   17.4596
    7.5000   22.5000  -37.500011909.3311   17.4676
   -7.5000   30.0000  -37.500011801.9912   17.2541
    0.0000   30.0000  -37.500012354.2021   17.2492
    7.5000   30.0000  -37.500011656.1611   17.2606
   -7.5000   37.5000  -37.500011780.1045   17.2459
    0.0000   37.5000  -37.500012345.6250   17.2325
    7.5000   37.5000  -37.500011646.2842   17.2405
   -7.5000   45.0000  -37.500011314.5020   16.7803
    0.0000   45.0000  -37.500011880.2441   16.7652
    7.5000   45.0000  -37.500011182.6260   16.7662
   -7.5000  -45.0000  -30.0000 6506.7500   20.0867
    0.0000  -45.0000  -30.0000 6794.6030   20.0819
    7.5000  -45.0000  -30.0000 6540.8247   20.0874
   -7.5000  -37.5000  -30.0000 7229.9668   19.3822
    0.0000  -37.5000  -30.0000 7557.6338   19.3814
    7.5000  -37.5000  -30.0000 7263.6592   19.3824
   -7.5000  -30.0000  -30.0000 8312.2666   18.8799
    0.0000  -30.0000  -30.0000 8697.9883   18.8863
    7.5000  -30.0000  -30.0000 8332.2871   18.8875
   -7.5000  -22.5000  -30.0000 9485.7861   18.5179
    0.0000  -22.5000  -30.0000 9927.4170   18.5271
    7.5000  -22.5000  -30.0000 9486.3789   18.5363
   -7.5000  -15.0000  -30.000010664.1738   18.3377
    0.0000  -15.0000  -30.000011166.0342   18.3408
    7.5000  -15.0000  -30.000010662.6943   18.3543
   -7.5000   -7.5000  -30.000011846.4678   18.2536
    0.0000   -7.5000  -30.000012392.1309   18.2488
    7.5000   -7.5000  -30.000011816.3164   18.2616
   -7.5000    0.0000  -30.000012949.8711   18.2095
    0.0000    0.0000  -30.000013592.9209   18.2019
    7.5000    0.0000  -30.000012887.7002   18.2094
   -7.5000    7.5000  -30.000013094.6592   18.1919
    0.0000    7.5000  -30.000013745.5703   18.1897
    7.5000    7.5000  -30.000012999.6797   18.1923
   -7.5000   15.0000  -30.000012999.8672   18.1997
    0.0000   15.0000  -30.000013626.6816   18.2061
    7.5000   15.0000  -30.000012863.4287   18.2100
   -7.5000   22.5000  -30.000012839.3457   18.2217
    0.0000   22.5000  -30.000013454.2969   18.2303
    7.5000   22.5000  -30.000012675.5449   18.2403
   -7.5000   30.0000  -30.000012582.9834   18.0088
    0.0000   30.0000  -30.000013199.1973   18.0117
    7.5000   30.0000  -30.000012400.3779   18.0255
   -7.5000   37.5000  -30.000012580.0742   17.9974
    0.0000   37.5000  -30.000013210.8975   17.9926
    7.5000   37.5000  -30.000012385.1924   18.0053
   -7.5000   45.0000  -30.000012042.7002   17.5235
    0.0000   45.0000  -30.000012666.9541   17.5161
    7.5000   45.0000  -30.000011873.0059   17.5234
   -7.5000  -45.0000  -22.5000 6868.8066   20.7976
    0.0000  -45.0000  -22.5000 7171.9014   20.8067
    7.5000  -45.0000  -22.5000 6899.5225   20.8181
   -7.5000  -37.5000  -22.5000 7671.8291   20.0666
    0.0000  -37.5000  -22.5000 8026.6064   20.0756
    7.5000  -37.5000  -22.5000 7706.8193   20.0788
   -7.5000  -30.0000  -22.5000 8849.7578   19.5511
    0.0000  -30.0000  -22.5000 9266.4609   19.5613
    7.5000  -30.0000  -22.5000 8863.4414   19.5632
   -7.5000  -22.5000  -22.500010102.9141   19.1787
    0.0000  -22.5000  -22.500010560.2979   19.1899
    7.5000  -22.5000  -22.500010082.5596   19.2026
   -7.5000  -15.0000  -22.500011358.5459   18.9912
    0.0000  -15.0000  -22.500011874.8848   18.9991
    7.5000  -15.0000  -22.500011315.3848   19.0195
   -7.5000   -7.5000  -22.500012592.7842   18.8996
    0.0000   -7.5000  -22.500013176.0615   18.9042
    7.5000   -7.5000  -22.500012523.7451   18.9240
   -7.5000    0.0000  -22.500013774.1436   18.8488
    0.0000    0.0000  -22.500014431.5967   18.8526
    7.5000    0.0000  -22.500013660.4824   18.8650
   -7.5000    7.5000  -22.500013936.8701   18.8322
    0.0000    7.5000  -22.500014610.1543   18.8383
    7.5000    7.5000  -22.500013791.8115   18.8428
   -7.5000   15.0000  -22.500013822.8779   18.8459
    0.0000   15.0000  -22.500014482.5752   18.8557
    7.5000   15.0000  -22.500013638.8154   18.8602
   -7.5000   22.5000  -22.500013631.0771   18.8709
    0.0000   22.5000  -22.500014274.9434   18.8814
    7.5000   22.5000  -22.500013400.8838   18.8948
   -7.5000   30.0000  -22.500013368.8408   18.6541
    0.0000   30.0000  -22.500014015.5205   18.6616
    7.5000   30.0000  -22.500013100.5488   18.6822
   -7.5000   37.5000  -22.500013372.4336   18.6371
    0.0000   37.5000  -22.500014045.8164   18.6416
    7.5000   37.5000  -22.500013110.1729   18.6613
   -7.5000   45.0000  -22.500012781.7422   18.1523
    0.0000   45.0000  -22.500013434.4873   18.1560
    7.5000   45.0000  -22.500012555.4004   18.1679
   -7.5000  -45.0000  -15.0000 7273.7441   21.2887
    0.0000  -45.0000  -15.0000 7597.3291   21.3019
    7.5000  -45.0000  -15.0000 7291.7188   21.3128
   -7.5000  -37.5000  -15.0000 8135.1143   20.5352
    0.0000  -37.5000  -15.0000 8515.3779   20.5470
    7.5000  -37.5000  -15.0000 8151.1328   20.5468
   -7.5000  -30.0000  -15.0000 9360.9014   20.0072
    0.0000  -30.0000  -15.0000 9791.0107   20.0164
    7.5000  -30.0000  -15.0000 9341.4355   20.0163
   -7.5000  -22.5000  -15.000010634.9424   19.6304
    0.0000  -22.5000  -15.000011111.4863   19.6384
    7.5000  -22.5000  -15.000010592.2441   19.6526
   -7.5000  -15.0000  -15.000011953.6133   19.4413
    0.0000  -15.0000  -15.000012488.9180   19.4467
    7.5000  -15.0000  -15.000011884.4863   19.4718
   -7.5000   -7.5000  -15.000013232.5674   19.3465
    0.0000   -7.5000  -15.000013854.1191   19.3521
    7.5000   -7.5000  -15.000013160.4268   19.3747
   -7.5000    0.0000  -15.000014465.6055   19.2908
    0.0000    0.0000  -15.000015158.1191   19.2980
    7.5000    0.0000  -15.000014369.8594   19.3095
   -7.5000    7.5000  -15.000014696.3174   19.2711
    0.0000    7.5000  -15.000015400.4150   19.2796
    7.5000    7.5000  -15.000014549.3496   19.2811
   -7.5000   15.0000  -15.000014636.2627   19.2861
    0.0000   15.0000  -15.000015308.7891   19.2951
    7.5000   15.0000  -15.000014406.6592   19.2973
   -7.5000   22.5000  -15.000014398.7100   19.3146
    0.0000   22.5000  -15.000015037.1172   19.3218
    7.5000   22.5000  -15.000014126.5225   19.3368
   -7.5000   30.0000  -15.000014119.4502   19.0991
    0.0000   30.0000  -15.000014729.1914   19.1041
    7.5000   30.0000  -15.000013803.4023   19.1293
   -7.5000   37.5000  -15.000014138.8252   19.0806
    0.0000   37.5000  -15.000014791.7646   19.0862
    7.5000   37.5000  -15.000013854.2402   19.1086
   -7.5000   45.0000  -15.000013517.8281   18.5892
    0.0000   45.0000  -15.000014137.1904   18.5962
    7.5000   45.0000  -15.000013263.5020   18.6072
   -7.5000  -45.0000   -7.5000 7653.8447   21.5040
    0.0000  -45.0000   -7.5000 8012.4067   21.5037
    7.5000  -45.0000   -7.5000 7646.5122   21.5071
   -7.5000  -37.5000   -7.5000 8583.3984   20.7381
    0.0000  -37.5000   -7.5000 8977.3721   20.7404
    7.5000  -37.5000   -7.5000 8570.0469   20.7332
   -7.5000  -30.0000   -7.5000 9842.8213   20.2003
    0.0000  -30.0000   -7.500010289.0215   20.2036
    7.5000  -30.0000   -7.5000 9820.2832   20.1997
   -7.5000  -22.5000   -7.500011157.8682   19.8235
    0.0000  -22.5000   -7.500011661.2314   19.8253
    7.5000  -22.5000   -7.500011113.5830   19.8371
   -7.5000  -15.0000   -7.500012519.4395   19.6376
    0.0000  -15.0000   -7.500013068.4629   19.6337
    7.5000  -15.0000   -7.500012447.6621   19.6559
   -7.5000   -7.5000   -7.500013854.2422   19.5449
    0.0000   -7.5000   -7.500014495.9062   19.5394
    7.5000   -7.5000   -7.500013778.9580   19.5568
   -7.5000    0.0000   -7.500015110.6562   19.4887
    0.0000    0.0000   -7.500015837.1055   19.4851
    7.5000    0.0000   -7.500015041.7363   19.4895
   -7.5000    7.5000   -7.500015416.7607   19.4635
    0.0000    7.5000   -7.500016180.2471   19.4639
    7.5000    7.5000   -7.500015301.7959   19.4595
   -7.5000   15.0000   -7.500015551.3066   19.4737
    0.0000   15.0000   -7.500016354.9873   19.4775
    7.5000   15.0000   -7.500015312.6533   19.4763
   -7.5000   22.5000   -7.500015360.1865   19.5021
    0.0000   22.5000   -7.500016055.0127   19.5035
    7.5000   22.5000   -7.500015075.7158   19.5161
   -7.5000   30.0000   -7.500014994.4668   19.2910
    0.0000   30.0000   -7.500015511.7559   19.2870
    7.5000   30.0000   -7.500014679.9727   19.3094
   -7.5000   37.5000   -7.500014995.6240   19.2760
    0.0000   37.5000   -7.500015512.4824   19.2705
    7.5000   37.5000   -7.500014718.0312   19.2878
   -7.5000   45.0000   -7.500014342.2441   18.7834
    0.0000   45.0000   -7.500014869.8018   18.7799
    7.5000   45.0000   -7.500014037.2852   18.7842
   -7.5000  -45.0000    0.0000 7946.4941   21.5238
    0.0000  -45.0000    0.0000 8303.4102   21.5080
    7.5000  -45.0000    0.0000 7899.0049   21.5049
   -7.5000  -37.5000    0.0000 8899.9551   20.7570
    0.0000  -37.5000    0.0000 9297.9414   20.7483
    7.5000  -37.5000    0.0000 8866.8320   20.7381
   -7.5000  -30.0000    0.000010199.3125   20.2142
    0.0000  -30.0000    0.000010672.0938   20.2133
    7.5000  -30.0000    0.000010185.5791   20.2084
   -7.5000  -22.5000    0.000011571.0254   19.8377
    0.0000  -22.5000    0.000012089.2598   19.8370
    7.5000  -22.5000    0.000011539.4775   19.8458
   -7.5000  -15.0000    0.000012991.2900   19.6545
    0.0000  -15.0000    0.000013574.0254   19.6447
    7.5000  -15.0000    0.000012948.8350   19.6604
   -7.5000   -7.5000    0.000014368.8096   19.5655
    0.0000   -7.5000    0.000015010.5264   19.5491
    7.5000   -7.5000    0.000014300.8955   19.5594
   -7.5000    0.0000    0.000015659.5410   19.5122
    0.0000    0.0000    0.000016341.5693   19.4957
    7.5000    0.0000    0.000015613.6279   19.4945
   -7.5000    7.5000    0.000015977.7305   19.4838
    0.0000    7.5000    0.000016740.4453   19.4747
    7.5000    7.5000    0.000015913.2783   19.4677
   -7.5000   15.0000    0.000016305.0312   19.4883
    0.0000   15.0000    0.000017243.7871   19.4884
    7.5000   15.0000    0.000016097.9189   19.4864
   -7.5000   22.5000    0.000016294.4326   19.5157
    0.0000   22.5000    0.000017081.7773   19.5148
    7.5000   22.5000    0.000016033.8662   19.5244
   -7.5000   30.0000    0.000015859.0342   19.3076
    0.0000   30.0000    0.000016429.9492   19.2978
    7.5000   30.0000    0.000015612.8008   19.3139
   -7.5000   37.5000    0.000015802.7217   19.2968
    0.0000   37.5000    0.000016366.5967   19.2806
    7.5000   37.5000    0.000015513.1055   19.2908
   -7.5000   45.0000    0.000015070.1064   18.8075
    0.0000   45.0000    0.000015667.5586   18.7916
    7.5000   45.0000    0.000014716.9951   18.7905
   -7.5000  -45.0000    7.5000 7577.3389   21.5375
    0.0000  -45.0000    7.5000 7924.8179   21.5207
    7.5000  -45.0000    7.5000 7526.2280   21.5194
   -7.5000  -37.5000    7.5000 8540.8281   20.7765
    0.0000  -37.5000    7.5000 8927.2422   20.7673
    7.5000  -37.5000    7.5000 8500.6777   20.7618
   -7.5000  -30.0000    7.5000 9837.0723   20.2333
    0.0000  -30.0000    7.500010287.4141   20.2346
    7.5000  -30.0000    7.5000 9806.6084   20.2327
   -7.5000  -22.5000    7.500011120.0625   19.8501
    0.0000  -22.5000    7.500011618.3516   19.8540
    7.5000  -22.5000    7.500011096.6699   19.8621
   -7.5000  -15.0000    7.500012453.6514   19.6626
    0.0000  -15.0000    7.500013010.2871   19.6572
    7.5000  -15.0000    7.500012436.6299   19.6695
   -7.5000   -7.5000    7.500013768.2148   19.5751
    0.0000   -7.5000    7.500014347.4902   19.5599
    7.5000   -7.5000    7.500013726.8682   19.5689
   -7.5000    0.0000    7.500015014.4531   19.5271
    0.0000    0.0000    7.500015663.4268   19.5095
    7.5000    0.0000    7.500014978.2559   19.5107
   -7.5000    7.5000    7.500015351.4609   19.5023
    0.0000    7.5000    7.500016091.7734   19.4929
    7.5000    7.5000    7.500015289.1797   19.4900
   -7.5000   15.0000    7.500015569.8857   19.5061
    0.0000   15.0000    7.500016480.4941   19.5080
    7.5000   15.0000    7.500015456.7031   19.5091
   -7.5000   22.5000    7.500015461.4268   19.5279
    0.0000   22.5000    7.500016259.8359   19.5314
    7.5000   22.5000    7.500015348.2314   19.5404
   -7.5000   30.0000    7.500015100.3984   19.3153
    0.0000   30.0000    7.500015794.6680   19.3099
    7.5000   30.0000    7.500014955.1963   19.3226
   -7.5000   37.5000    7.500015071.4365   19.3062
    0.0000   37.5000    7.500015774.0400   19.2911
    7.5000   37.5000    7.500014844.8447   19.3001
   -7.5000   45.0000    7.500014386.4160   18.8218
    0.0000   45.0000    7.500015059.4639   18.8049
    7.5000   45.0000    7.500014095.8984   18.8060
   -7.5000  -45.0000   15.0000 7125.5767   21.5878
    0.0000  -45.0000   15.0000 7435.9219   21.5826
    7.5000  -45.0000   15.0000 7088.0449   21.5887
   -7.5000  -37.5000   15.0000 8076.8945   20.8317
    0.0000  -37.5000   15.0000 8447.6104   20.8308
    7.5000  -37.5000   15.0000 8043.5684   20.8320
   -7.5000  -30.0000   15.0000 9324.9307   20.2924
    0.0000  -30.0000   15.0000 9772.8604   20.2992
    7.5000  -30.0000   15.0000 9288.7969   20.3006
   -7.5000  -22.5000   15.000010549.1738   19.9030
    0.0000  -22.5000   15.000011045.8330   19.9128
    7.5000  -22.5000   15.000010520.0039   19.9228
   -7.5000  -15.0000   15.000011812.5215   19.7091
    0.0000  -15.0000   15.000012385.3213   19.7123
    7.5000  -15.0000   15.000011787.6211   19.7270
   -7.5000   -7.5000   15.000013071.5293   19.6185
    0.0000   -7.5000   15.000013672.0703   19.6133
    7.5000   -7.5000   15.000013025.8750   19.6272
   -7.5000    0.0000   15.000014313.4502   19.5711
    0.0000    0.0000   15.000014987.4814   19.5629
    7.5000    0.0000   15.000014276.0830   19.5711
   -7.5000    7.5000   15.000014603.2412   19.5522
    0.0000    7.5000   15.000015320.0527   19.5499
    7.5000    7.5000   15.000014536.3516   19.5528
   -7.5000   15.0000   15.000014653.4277   19.5607
    0.0000   15.0000   15.000015416.2002   19.5675
    7.5000   15.0000   15.000014596.9766   19.5718
   -7.5000   22.5000   15.000014435.9111   19.5800
    0.0000   22.5000   15.000015077.4053   19.5892
    7.5000   22.5000   15.000014385.8945   19.6000
   -7.5000   30.0000   15.000014084.3018   19.3612
    0.0000   30.0000   15.000014667.4941   19.3642
    7.5000   30.0000   15.000014031.9189   19.3792
   -7.5000   37.5000   15.000014122.9365   19.3488
    0.0000   37.5000   15.000014751.8486   19.3436
    7.5000   37.5000   15.000014011.7285   19.3574
   -7.5000   45.0000   15.000013541.1787   18.8643
    0.0000   45.0000   15.000014131.8701   18.8563
    7.5000   45.0000   15.000013369.8818   18.8643
   -7.5000  -45.0000   22.5000 6628.7803   21.7644
    0.0000  -45.0000   22.5000 6910.8740   21.7735
    7.5000  -45.0000   22.5000 6596.0830   21.7863
   -7.5000  -37.5000   22.5000 7530.0244   21.0025
    0.0000  -37.5000   22.5000 7893.0063   21.0117
    7.5000  -37.5000   22.5000 7491.2861   21.0160
   -7.5000  -30.0000   22.5000 8737.0762   20.4657
    0.0000  -30.0000   22.5000 9184.4463   20.4762
    7.5000  -30.0000   22.5000 8661.0264   20.4791
   -7.5000  -22.5000   22.5000 9918.4287   20.0726
    0.0000  -22.5000   22.500010431.6221   20.0841
    7.5000  -22.5000   22.5000 9849.7666   20.0983
   -7.5000  -15.0000   22.500011109.4668   19.8746
    0.0000  -15.0000   22.500011672.4102   19.8825
    7.5000  -15.0000   22.500011035.2275   19.9048
   -7.5000   -7.5000   22.500012258.8096   19.7777
    0.0000   -7.5000   22.500012868.3213   19.7822
    7.5000   -7.5000   22.500012208.9023   19.8040
   -7.5000    0.0000   22.500013394.4160   19.7243
    0.0000    0.0000   22.500014076.0283   19.7280
    7.5000    0.0000   22.500013364.7207   19.7420
   -7.5000    7.5000   22.500013595.9531   19.7070
    0.0000    7.5000   22.500014294.6367   19.7132
    7.5000    7.5000   22.500013583.8975   19.7188
   -7.5000   15.0000   22.500013608.4463   19.7217
    0.0000   15.0000   22.500014293.9180   19.7317
    7.5000   15.0000   22.500013597.6240   19.7373
   -7.5000   22.5000   22.500013396.4854   19.7450
    0.0000   22.5000   22.500013982.2998   19.7557
    7.5000   22.5000   22.500013370.0830   19.7706
   -7.5000   30.0000   22.500013049.5117   19.5237
    0.0000   30.0000   22.500013608.8076   19.5313
    7.5000   30.0000   22.500013031.2588   19.5538
   -7.5000   37.5000   22.500013082.6162   19.5057
    0.0000   37.5000   22.500013649.7559   19.5101
    7.5000   37.5000   22.500013061.1660   19.5317
   -7.5000   45.0000   22.500012561.7168   19.0119
    0.0000   45.0000   22.500013095.5088   19.0155
    7.5000   45.0000   22.500012518.3594   19.0290
   -7.5000  -45.0000   30.0000 6118.3022   22.1647
    0.0000  -45.0000   30.0000 6387.1001   22.1769
    7.5000  -45.0000   30.0000 6076.8989   22.1884
   -7.5000  -37.5000   30.0000 6939.3413   21.3772
    0.0000  -37.5000   30.0000 7280.9072   21.3883
    7.5000  -37.5000   30.0000 6896.1597   21.3887
   -7.5000  -30.0000   30.0000 8074.8965   20.8278
    0.0000  -30.0000   30.0000 8467.5635   20.8362
    7.5000  -30.0000   30.0000 7989.6274   20.8368
   -7.5000  -22.5000   30.0000 9190.9453   20.4258
    0.0000  -22.5000   30.0000 9640.5742   20.4328
    7.5000  -22.5000   30.0000 9114.6699   20.4484
   -7.5000  -15.0000   30.000010281.4248   20.2242
    0.0000  -15.0000   30.000010777.2158   20.2284
    7.5000  -15.0000   30.000010203.5088   20.2550
   -7.5000   -7.5000   30.000011339.2725   20.1233
    0.0000   -7.5000   30.000011910.7158   20.1279
    7.5000   -7.5000   30.000011300.3945   20.1520
   -7.5000    0.0000   30.000012358.0078   20.0640
    0.0000    0.0000   30.000013010.2910   20.0704
    7.5000    0.0000   30.000012375.0967   20.0830
   -7.5000    7.5000   30.000012556.4834   20.0427
    0.0000    7.5000   30.000013199.0518   20.0504
    7.5000    7.5000   30.000012577.2012   20.0528
   -7.5000   15.0000   30.000012552.5293   20.0582
    0.0000   15.0000   30.000013128.1533   20.0665
    7.5000   15.0000   30.000012543.2227   20.0696
   -7.5000   22.5000   30.000012341.3486   20.0867
    0.0000   22.5000   30.000012882.1621   20.0930
    7.5000   22.5000   30.000012334.6494   20.1093
   -7.5000   30.0000   30.000012020.4385   19.8658
    0.0000   30.0000   30.000012539.6016   19.8696
    7.5000   30.0000   30.000012029.6543   19.8964
   -7.5000   37.5000   30.000012062.0137   19.8463
    0.0000   37.5000   30.000012596.9033   19.8509
    7.5000   37.5000   30.000012075.7754   19.8747
   -7.5000   45.0000   30.000011590.3613   19.3394
    0.0000   45.0000   30.000012105.8066   19.3456
    7.5000   45.0000   30.000011585.7539   19.3577
   -7.5000  -45.0000   37.5000 5826.4873   22.6725
    0.0000  -45.0000   37.5000 6064.8179   22.6699
    7.5000  -45.0000   37.5000 5783.9194   22.6737
   -7.5000  -37.5000   37.5000 6600.5195   21.8515
    0.0000  -37.5000   37.5000 6892.5645   21.8526
    7.5000  -37.5000   37.5000 6556.6895   21.8461
   -7.5000  -30.0000   37.5000 7668.7720   21.2802
    0.0000  -30.0000   37.5000 8015.2603   21.2825
    7.5000  -30.0000   37.5000 7613.0288   21.2799
   -7.5000  -22.5000   37.5000 8737.4414   20.8670
    0.0000  -22.5000   37.5000 9143.2607   20.8668
    7.5000  -22.5000   37.5000 8698.4541   20.8801
   -7.5000  -15.0000   37.5000 9781.7119   20.6622
    0.0000  -15.0000   37.500010247.3740   20.6552
    7.5000  -15.0000   37.5000 9734.6387   20.6789
   -7.5000   -7.5000   37.500010811.1982   20.5598
    0.0000   -7.5000   37.500011331.8184   20.5514
    7.5000   -7.5000   37.500010784.8750   20.5701
   -7.5000    0.0000   37.500011808.3613   20.4970
    0.0000    0.0000   37.500012410.0977   20.4914
    7.5000    0.0000   37.500011798.8936   20.4969
   -7.5000    7.5000   37.500011977.8770   20.4682
    0.0000    7.5000   37.500012590.2812   20.4675
    7.5000    7.5000   37.500011981.5859   20.4643
   -7.5000   15.0000   37.500011955.3145   20.4794
    0.0000   15.0000   37.500012511.7354   20.4823
    7.5000   15.0000   37.500011935.9014   20.4826
   -7.5000   22.5000   37.500011764.1172   20.5123
    0.0000   22.5000   37.500012288.0039   20.5117
    7.5000   22.5000   37.500011735.3037   20.5260
   -7.5000   30.0000   37.500011435.8867   20.2933
    0.0000   30.0000   37.500011958.4014   20.2862
    7.5000   30.0000   37.500011441.2383   20.3101
   -7.5000   37.5000   37.500011495.1670   20.2766
    0.0000   37.5000   37.500012033.5957   20.2683
    7.5000   37.5000   37.500011512.4023   20.2868
   -7.5000   45.0000   37.500011089.9111   19.7567
    0.0000   45.0000   37.500011606.0869   19.7513
    7.5000   45.0000   37.500011087.0869   19.7567
   -7.5000  -45.0000   45.0000 5295.6050   23.2846
    0.0000  -45.0000   45.0000 5510.9302   23.2595
    7.5000  -45.0000   45.0000 5257.1362   23.2538
   -7.5000  -37.5000   45.0000 5985.1738   22.4311
    0.0000  -37.5000   45.0000 6247.1929   22.4158
    7.5000  -37.5000   45.0000 5954.2749   22.4034
   -7.5000  -30.0000   45.0000 6956.3252   21.8282
    0.0000  -30.0000   45.0000 7267.2715   21.8229
    7.5000  -30.0000   45.0000 6924.1694   21.8182
   -7.5000  -22.5000   45.0000 7937.6934   21.3955
    0.0000  -22.5000   45.0000 8287.1836   21.3904
    7.5000  -22.5000   45.0000 7910.3901   21.4022
   -7.5000  -15.0000   45.0000 8917.1348   21.1821
    0.0000  -15.0000   45.0000 9315.4258   21.1659
    7.5000  -15.0000   45.0000 8868.6885   21.1851
   -7.5000   -7.5000   45.0000 9888.6152   21.0774
    0.0000   -7.5000   45.000010336.1904   21.0531
    7.5000   -7.5000   45.0000 9821.9307   21.0649
   -7.5000    0.0000   45.000010819.8955   21.0138
    0.0000    0.0000   45.000011352.4775   20.9895
    7.5000    0.0000   45.000010751.7793   20.9874
   -7.5000    7.5000   45.000010961.3682   20.9792
    0.0000    7.5000   45.000011503.8584   20.9643
    7.5000    7.5000   45.000010917.2373   20.9563
   -7.5000   15.0000   45.000010918.4561   20.9851
    0.0000   15.0000   45.000011437.1865   20.9812
    7.5000   15.0000   45.000010881.3701   20.9800
   -7.5000   22.5000   45.000010717.6289   21.0197
    0.0000   22.5000   45.000011222.2471   21.0145
    7.5000   22.5000   45.000010680.1875   21.0273
   -7.5000   30.0000   45.000010429.1826   20.7980
    0.0000   30.0000   45.000010914.6006   20.7819
    7.5000   30.0000   45.000010419.6045   20.8015
   -7.5000   37.5000   45.000010488.5771   20.7847
    0.0000   37.5000   45.000010989.7090   20.7608
    7.5000   37.5000   45.000010506.9521   20.7724
   -7.5000   45.0000   45.000010148.3145   20.2641
    0.0000   45.0000   45.000010625.6436   20.2407
    7.5000   45.0000   45.000010150.2314   20.2386

---------------------------------------------------------------------
imgreg_4dfp /opt/freesurfer/average/711-2C_as_mni_average_305 /opt/freesurfer/average/711-2B_as_mni_average_305_mask talsrcimg_g11 none talsrcimg_to_711-2C_as_mni_average_305_t4 4355
---------------------------------------------------------------------

freesurfer imgreg_4dfp.c
/opt/freesurfer/average/711-2C_as_mni_average_305.4dfp.img
       256       256       256         1
  1.000000  1.000000  1.000000
orientation T byte_order littleendian
Reading image: /opt/freesurfer/average/711-2C_as_mni_average_305.4dfp.img
dimensions:      256       256       256
mmppix:       1.0000   -1.0000   -1.0000
center:     128.0000 -129.0000 -129.0000
/opt/freesurfer/average/711-2B_as_mni_average_305_mask.4dfp.img
       256       256       256         1
  1.000000  1.000000  1.000000
orientation T byte_order littleendian
Reading mask: /opt/freesurfer/average/711-2B_as_mni_average_305_mask.4dfp.img (2306576 pixels)
talsrcimg_g11.4dfp.img
       256       256       256         1
  1.000000  1.000000  1.000000
orientation T byte_order littleendian
Reading image: talsrcimg_g11.4dfp.img
dimensions:      256       256       256
mmppix:       1.0000   -1.0000   -1.0000
center:     128.0000 -129.0000 -129.0000
rotation matrix determinant  1.000000
image alignment mode   4355 decimal     1103 hex
   -7.5000  -30.0000  -45.0000 1962.0957   25.5930
    0.0000  -30.0000  -45.0000 1979.4165   25.4061
    7.5000  -30.0000  -45.0000 1975.0420   25.4603
   -7.5000  -22.5000  -45.0000 2085.6074   22.6797
    0.0000  -22.5000  -45.0000 2097.6331   22.5154
    7.5000  -22.5000  -45.0000 2092.6284   22.5040
   -7.5000  -15.0000  -45.0000 2204.6895   20.4260
    0.0000  -15.0000  -45.0000 2216.4082   20.3471
    7.5000  -15.0000  -45.0000 2214.7261   20.3112
   -7.5000   -7.5000  -45.0000 2305.1025   18.6309
    0.0000   -7.5000  -45.0000 2318.3677   18.5942
    7.5000   -7.5000  -45.0000 2317.2568   18.5319
   -7.5000    0.0000  -45.0000 2381.5159   17.2945
    0.0000    0.0000  -45.0000 2398.6208   17.2649
    7.5000    0.0000  -45.0000 2390.6047   17.1984
   -7.5000    7.5000  -45.0000 2425.4822   16.3699
    0.0000    7.5000  -45.0000 2446.7410   16.3432
    7.5000    7.5000  -45.0000 2431.3130   16.3175
   -7.5000   15.0000  -45.0000 2450.3733   15.8216
    0.0000   15.0000  -45.0000 2470.4917   15.7608
    7.5000   15.0000  -45.0000 2457.4241   15.7953
   -7.5000   22.5000  -45.0000 2465.3994   15.5942
    0.0000   22.5000  -45.0000 2489.7827   15.5442
    7.5000   22.5000  -45.0000 2472.6814   15.5793
   -7.5000   30.0000  -45.0000 2468.4082   15.6781
    0.0000   30.0000  -45.0000 2494.9065   15.6118
    7.5000   30.0000  -45.0000 2475.1069   15.6367
   -7.5000   37.5000  -45.0000 2447.5393   15.9865
    0.0000   37.5000  -45.0000 2474.2859   15.9040
    7.5000   37.5000  -45.0000 2455.2927   15.9643
   -7.5000   45.0000  -45.0000 2406.3049   16.5883
    0.0000   45.0000  -45.0000 2438.3894   16.4917
    7.5000   45.0000  -45.0000 2416.4133   16.5418
   -7.5000   52.5000  -45.0000 2329.5081   17.3179
    0.0000   52.5000  -45.0000 2356.5437   17.2448
    7.5000   52.5000  -45.0000 2335.1577   17.2943
   -7.5000   60.0000  -45.0000 2203.6255   18.1950
    0.0000   60.0000  -45.0000 2225.0168   18.1073
    7.5000   60.0000  -45.0000 2206.2966   18.1562
   -7.5000  -30.0000  -37.5000 2005.9374   24.2057
    0.0000  -30.0000  -37.5000 2021.2509   24.0369
    7.5000  -30.0000  -37.5000 2019.3635   24.0459
   -7.5000  -22.5000  -37.5000 2144.2781   21.5050
    0.0000  -22.5000  -37.5000 2156.4365   21.3440
    7.5000  -22.5000  -37.5000 2152.4800   21.2994
   -7.5000  -15.0000  -37.5000 2267.9807   19.3360
    0.0000  -15.0000  -37.5000 2282.4219   19.2673
    7.5000  -15.0000  -37.5000 2275.0173   19.2064
   -7.5000   -7.5000  -37.5000 2371.4690   17.5862
    0.0000   -7.5000  -37.5000 2386.4924   17.5341
    7.5000   -7.5000  -37.5000 2378.1055   17.4924
   -7.5000    0.0000  -37.5000 2450.8616   16.2468
    0.0000    0.0000  -37.5000 2471.5208   16.1909
    7.5000    0.0000  -37.5000 2460.5322   16.1515
   -7.5000    7.5000  -37.5000 2507.1453   15.3462
    0.0000    7.5000  -37.5000 2525.6433   15.2849
    7.5000    7.5000  -37.5000 2513.2356   15.2644
   -7.5000   15.0000  -37.5000 2537.8569   14.8039
    0.0000   15.0000  -37.5000 2559.8494   14.7611
    7.5000   15.0000  -37.5000 2542.4097   14.7955
   -7.5000   22.5000  -37.5000 2558.8489   14.5888
    0.0000   22.5000  -37.5000 2579.6575   14.5378
    7.5000   22.5000  -37.5000 2564.6191   14.5771
   -7.5000   30.0000  -37.5000 2560.1091   14.6377
    0.0000   30.0000  -37.5000 2581.6096   14.5816
    7.5000   30.0000  -37.5000 2564.9768   14.6255
   -7.5000   37.5000  -37.5000 2539.4756   14.9150
    0.0000   37.5000  -37.5000 2562.2141   14.8530
    7.5000   37.5000  -37.5000 2544.8403   14.9197
   -7.5000   45.0000  -37.5000 2501.0757   15.4490
    0.0000   45.0000  -37.5000 2529.1602   15.3725
    7.5000   45.0000  -37.5000 2508.5266   15.4414
   -7.5000   52.5000  -37.5000 2418.3391   16.1311
    0.0000   52.5000  -37.5000 2442.5825   16.0685
    7.5000   52.5000  -37.5000 2421.8706   16.1182
   -7.5000   60.0000  -37.5000 2286.8191   16.9316
    0.0000   60.0000  -37.5000 2303.7756   16.8417
    7.5000   60.0000  -37.5000 2284.5066   16.9285
   -7.5000  -30.0000  -30.0000 2086.3142   23.9264
    0.0000  -30.0000  -30.0000 2101.2332   23.7338
    7.5000  -30.0000  -30.0000 2101.0681   23.7443
   -7.5000  -22.5000  -30.0000 2234.1316   21.1836
    0.0000  -22.5000  -30.0000 2248.5710   21.0672
    7.5000  -22.5000  -30.0000 2246.5510   21.0413
   -7.5000  -15.0000  -30.0000 2358.5935   18.9997
    0.0000  -15.0000  -30.0000 2376.7136   18.9194
    7.5000  -15.0000  -30.0000 2372.2991   18.9186
   -7.5000   -7.5000  -30.0000 2465.7769   17.2397
    0.0000   -7.5000  -30.0000 2482.8726   17.1364
    7.5000   -7.5000  -30.0000 2476.2886   17.1513
   -7.5000    0.0000  -30.0000 2553.4143   15.8710
    0.0000    0.0000  -30.0000 2574.7432   15.7833
    7.5000    0.0000  -30.0000 2562.5935   15.7590
   -7.5000    7.5000  -30.0000 2624.5840   14.9271
    0.0000    7.5000  -30.0000 2647.6277   14.8385
    7.5000    7.5000  -30.0000 2634.3428   14.8203
   -7.5000   15.0000  -30.0000 2667.0029   14.3843
    0.0000   15.0000  -30.0000 2690.0806   14.3040
    7.5000   15.0000  -30.0000 2670.6133   14.3371
   -7.5000   22.5000  -30.0000 2695.2739   14.1123
    0.0000   22.5000  -30.0000 2713.6826   14.0644
    7.5000   22.5000  -30.0000 2692.9419   14.1248
   -7.5000   30.0000  -30.0000 2700.2886   14.1515
    0.0000   30.0000  -30.0000 2721.6790   14.1309
    7.5000   30.0000  -30.0000 2699.9810   14.1844
   -7.5000   37.5000  -30.0000 2682.9004   14.4404
    0.0000   37.5000  -30.0000 2708.1523   14.4139
    7.5000   37.5000  -30.0000 2684.5859   14.4876
   -7.5000   45.0000  -30.0000 2641.6621   14.9609
    0.0000   45.0000  -30.0000 2670.0525   14.8987
    7.5000   45.0000  -30.0000 2645.8276   14.9908
   -7.5000   52.5000  -30.0000 2555.1382   15.6304
    0.0000   52.5000  -30.0000 2577.8193   15.5555
    7.5000   52.5000  -30.0000 2556.1497   15.6495
   -7.5000   60.0000  -30.0000 2410.6016   16.3935
    0.0000   60.0000  -30.0000 2428.4578   16.3386
    7.5000   60.0000  -30.0000 2410.9446   16.4204
   -7.5000  -30.0000  -22.5000 2139.6963   23.5102
    0.0000  -30.0000  -22.5000 2156.8379   23.3229
    7.5000  -30.0000  -22.5000 2150.2930   23.4080
   -7.5000  -22.5000  -22.5000 2288.6116   20.7526
    0.0000  -22.5000  -22.5000 2305.0693   20.6040
    7.5000  -22.5000  -22.5000 2296.9556   20.6762
   -7.5000  -15.0000  -22.5000 2415.4976   18.5586
    0.0000  -15.0000  -22.5000 2433.9575   18.4352
    7.5000  -15.0000  -22.5000 2424.9775   18.4868
   -7.5000   -7.5000  -22.5000 2527.4893   16.7684
    0.0000   -7.5000  -22.5000 2551.4114   16.6533
    7.5000   -7.5000  -22.5000 2539.5315   16.6850
   -7.5000    0.0000  -22.5000 2623.7861   15.4104
    0.0000    0.0000  -22.5000 2648.9385   15.2836
    7.5000    0.0000  -22.5000 2631.7126   15.3128
   -7.5000    7.5000  -22.5000 2707.9795   14.4382
    0.0000    7.5000  -22.5000 2733.2610   14.3191
    7.5000    7.5000  -22.5000 2713.3157   14.3504
   -7.5000   15.0000  -22.5000 2760.4453   13.8205
    0.0000   15.0000  -22.5000 2790.2498   13.7348
    7.5000   15.0000  -22.5000 2761.2151   13.8000
   -7.5000   22.5000  -22.5000 2800.9568   13.5230
    0.0000   22.5000  -22.5000 2826.5188   13.4654
    7.5000   22.5000  -22.5000 2795.6243   13.5154
   -7.5000   30.0000  -22.5000 2811.7915   13.6084
    0.0000   30.0000  -22.5000 2835.5415   13.5652
    7.5000   30.0000  -22.5000 2805.6484   13.6063
   -7.5000   37.5000  -22.5000 2794.8220   13.9226
    0.0000   37.5000  -22.5000 2824.4529   13.8652
    7.5000   37.5000  -22.5000 2793.9170   13.9272
   -7.5000   45.0000  -22.5000 2749.1550   14.4142
    0.0000   45.0000  -22.5000 2776.6519   14.3222
    7.5000   45.0000  -22.5000 2752.4858   14.4210
   -7.5000   52.5000  -22.5000 2656.2910   15.0425
    0.0000   52.5000  -22.5000 2680.7810   14.9555
    7.5000   52.5000  -22.5000 2659.3254   15.0638
   -7.5000   60.0000  -22.5000 2506.1252   15.7972
    0.0000   60.0000  -22.5000 2525.2351   15.7284
    7.5000   60.0000  -22.5000 2506.5940   15.8659
   -7.5000  -30.0000  -15.0000 2157.0605   23.1011
    0.0000  -30.0000  -15.0000 2175.6841   22.9155
    7.5000  -30.0000  -15.0000 2165.5637   23.0010
   -7.5000  -22.5000  -15.0000 2300.4253   20.2887
    0.0000  -22.5000  -15.0000 2322.4233   20.0915
    7.5000  -22.5000  -15.0000 2308.9221   20.1981
   -7.5000  -15.0000  -15.0000 2431.8003   18.0604
    0.0000  -15.0000  -15.0000 2452.8091   17.9087
    7.5000  -15.0000  -15.0000 2439.7224   18.0150
   -7.5000   -7.5000  -15.0000 2548.2778   16.3160
    0.0000   -7.5000  -15.0000 2577.4729   16.1567
    7.5000   -7.5000  -15.0000 2563.2166   16.2779
   -7.5000    0.0000  -15.0000 2648.2183   14.9643
    0.0000    0.0000  -15.0000 2680.3018   14.8147
    7.5000    0.0000  -15.0000 2668.5591   14.9068
   -7.5000    7.5000  -15.0000 2745.4028   14.0331
    0.0000    7.5000  -15.0000 2780.2241   13.8956
    7.5000    7.5000  -15.0000 2763.2324   13.9530
   -7.5000   15.0000  -15.0000 2811.6465   13.3883
    0.0000   15.0000  -15.0000 2849.2859   13.2693
    7.5000   15.0000  -15.0000 2824.0095   13.3498
   -7.5000   22.5000  -15.0000 2865.8577   13.0229
    0.0000   22.5000  -15.0000 2897.1082   12.8977
    7.5000   22.5000  -15.0000 2866.3389   13.0405
   -7.5000   30.0000  -15.0000 2888.6165   13.0685
    0.0000   30.0000  -15.0000 2910.6685   12.9527
    7.5000   30.0000  -15.0000 2879.5972   13.0971
   -7.5000   37.5000  -15.0000 2866.2998   13.4266
    0.0000   37.5000  -15.0000 2894.2295   13.2924
    7.5000   37.5000  -15.0000 2865.0457   13.4199
   -7.5000   45.0000  -15.0000 2816.1267   13.9233
    0.0000   45.0000  -15.0000 2842.3813   13.7769
    7.5000   45.0000  -15.0000 2819.2795   13.9397
   -7.5000   52.5000  -15.0000 2718.8235   14.5521
    0.0000   52.5000  -15.0000 2741.2529   14.3902
    7.5000   52.5000  -15.0000 2721.1553   14.6129
   -7.5000   60.0000  -15.0000 2563.7751   15.3102
    0.0000   60.0000  -15.0000 2581.8555   15.1449
    7.5000   60.0000  -15.0000 2562.5059   15.3798
   -7.5000  -30.0000   -7.5000 2153.2776   22.8236
    0.0000  -30.0000   -7.5000 2176.2593   22.5613
    7.5000  -30.0000   -7.5000 2165.8625   22.7466
   -7.5000  -22.5000   -7.5000 2287.7043   19.8951
    0.0000  -22.5000   -7.5000 2313.6096   19.6734
    7.5000  -22.5000   -7.5000 2306.8118   19.9171
   -7.5000  -15.0000   -7.5000 2422.2229   17.6539
    0.0000  -15.0000   -7.5000 2445.2261   17.4851
    7.5000  -15.0000   -7.5000 2438.9365   17.6951
   -7.5000   -7.5000   -7.5000 2544.2217   15.9437
    0.0000   -7.5000   -7.5000 2572.4404   15.7625
    7.5000   -7.5000   -7.5000 2564.6172   15.9393
   -7.5000    0.0000   -7.5000 2653.3157   14.5980
    0.0000    0.0000   -7.5000 2685.5630   14.4352
    7.5000    0.0000   -7.5000 2676.7366   14.5870
   -7.5000    7.5000   -7.5000 2764.8677   13.6644
    0.0000    7.5000   -7.5000 2803.5203   13.5315
    7.5000    7.5000   -7.5000 2788.4072   13.6409
   -7.5000   15.0000   -7.5000 2853.2209   13.0953
    0.0000   15.0000   -7.5000 2895.0793   12.9772
    7.5000   15.0000   -7.5000 2869.9456   13.0433
   -7.5000   22.5000   -7.5000 2915.9036   12.7381
    0.0000   22.5000   -7.5000 2956.1023   12.5764
    7.5000   22.5000   -7.5000 2920.8159   12.7334
   -7.5000   30.0000   -7.5000 2937.6096   12.6814
    0.0000   30.0000   -7.5000 2961.0166   12.4650
    7.5000   30.0000   -7.5000 2928.5144   12.7545
   -7.5000   37.5000   -7.5000 2912.0269   13.0085
    0.0000   37.5000   -7.5000 2929.9280   12.7793
    7.5000   37.5000   -7.5000 2905.5854   13.0637
   -7.5000   45.0000   -7.5000 2860.7302   13.5088
    0.0000   45.0000   -7.5000 2879.7361   13.3024
    7.5000   45.0000   -7.5000 2851.1233   13.5708
   -7.5000   52.5000   -7.5000 2753.6426   14.1430
    0.0000   52.5000   -7.5000 2774.1924   13.9560
    7.5000   52.5000   -7.5000 2751.1934   14.1721
   -7.5000   60.0000   -7.5000 2594.5984   14.9206
    0.0000   60.0000   -7.5000 2606.7258   14.7440
    7.5000   60.0000   -7.5000 2591.2598   14.9319
   -7.5000  -30.0000    0.0000 2136.1367   22.7030
    0.0000  -30.0000    0.0000 2158.3074   22.4178
    7.5000  -30.0000    0.0000 2156.5891   22.7601
   -7.5000  -22.5000    0.0000 2265.8855   19.7655
    0.0000  -22.5000    0.0000 2289.5999   19.5710
    7.5000  -22.5000    0.0000 2288.7058   19.9289
   -7.5000  -15.0000    0.0000 2400.3762   17.5555
    0.0000  -15.0000    0.0000 2422.5505   17.3656
    7.5000  -15.0000    0.0000 2420.3408   17.6946
   -7.5000   -7.5000    0.0000 2525.6445   15.8197
    0.0000   -7.5000    0.0000 2549.9790   15.6258
    7.5000   -7.5000    0.0000 2546.1636   15.8978
   -7.5000    0.0000    0.0000 2648.0391   14.4450
    0.0000    0.0000    0.0000 2673.3560   14.2604
    7.5000    0.0000    0.0000 2667.3921   14.5047
   -7.5000    7.5000    0.0000 2767.4526   13.5015
    0.0000    7.5000    0.0000 2798.2954   13.3184
    7.5000    7.5000    0.0000 2786.3887   13.5572
   -7.5000   15.0000    0.0000 2872.5103   12.9921
    0.0000   15.0000    0.0000 2907.1313   12.8196
    7.5000   15.0000    0.0000 2881.6333   12.9945
   -7.5000   22.5000    0.0000 2943.5527   12.7329
    0.0000   22.5000    0.0000 2982.3040   12.6050
    7.5000   22.5000    0.0000 2942.4907   12.7274
   -7.5000   30.0000    0.0000 2966.4973   12.6076
    0.0000   30.0000    0.0000 2993.0610   12.4365
    7.5000   30.0000    0.0000 2952.7490   12.6788
   -7.5000   37.5000    0.0000 2936.7222   12.7853
    0.0000   37.5000    0.0000 2955.6609   12.5896
    7.5000   37.5000    0.0000 2923.0916   12.8805
   -7.5000   45.0000    0.0000 2876.5815   13.2536
    0.0000   45.0000    0.0000 2896.0791   13.0615
    7.5000   45.0000    0.0000 2864.1165   13.3009
   -7.5000   52.5000    0.0000 2765.1155   13.9161
    0.0000   52.5000    0.0000 2780.6882   13.7608
    7.5000   52.5000    0.0000 2759.5977   13.9135
   -7.5000   60.0000    0.0000 2603.6541   14.7076
    0.0000   60.0000    0.0000 2612.8596   14.5836
    7.5000   60.0000    0.0000 2595.6289   14.7075
   -7.5000  -30.0000    7.5000 2118.5833   23.0084
    0.0000  -30.0000    7.5000 2142.7043   22.7357
    7.5000  -30.0000    7.5000 2137.1384   23.1604
   -7.5000  -22.5000    7.5000 2246.2451   19.9524
    0.0000  -22.5000    7.5000 2268.8816   19.6844
    7.5000  -22.5000    7.5000 2261.3708   20.1546
   -7.5000  -15.0000    7.5000 2374.4167   17.6815
    0.0000  -15.0000    7.5000 2395.8540   17.4371
    7.5000  -15.0000    7.5000 2390.4795   17.9144
   -7.5000   -7.5000    7.5000 2498.4138   15.9232
    0.0000   -7.5000    7.5000 2516.1594   15.6692
    7.5000   -7.5000    7.5000 2513.6702   16.0694
   -7.5000    0.0000    7.5000 2624.6636   14.5686
    0.0000    0.0000    7.5000 2643.9314   14.3309
    7.5000    0.0000    7.5000 2639.2415   14.6995
   -7.5000    7.5000    7.5000 2751.1443   13.6603
    0.0000    7.5000    7.5000 2773.4214   13.4613
    7.5000    7.5000    7.5000 2759.2708   13.7587
   -7.5000   15.0000    7.5000 2863.8069   13.1223
    0.0000   15.0000    7.5000 2893.7454   13.0182
    7.5000   15.0000    7.5000 2861.2476   13.1954
   -7.5000   22.5000    7.5000 2937.9802   12.7665
    0.0000   22.5000    7.5000 2977.4275   12.7105
    7.5000   22.5000    7.5000 2927.4084   12.8799
   -7.5000   30.0000    7.5000 2962.4907   12.6252
    0.0000   30.0000    7.5000 2989.2173   12.4777
    7.5000   30.0000    7.5000 2941.4365   12.7800
   -7.5000   37.5000    7.5000 2931.1980   12.7861
    0.0000   37.5000    7.5000 2953.7527   12.6652
    7.5000   37.5000    7.5000 2912.7639   12.8850
   -7.5000   45.0000    7.5000 2875.3738   13.2531
    0.0000   45.0000    7.5000 2894.7078   13.1603
    7.5000   45.0000    7.5000 2853.0308   13.3227
   -7.5000   52.5000    7.5000 2754.9009   13.9668
    0.0000   52.5000    7.5000 2768.2349   13.8663
    7.5000   52.5000    7.5000 2743.9917   13.9803
   -7.5000   60.0000    7.5000 2594.2937   14.7465
    0.0000   60.0000    7.5000 2602.1685   14.6596
    7.5000   60.0000    7.5000 2585.3936   14.7492
   -7.5000  -30.0000   15.0000 2089.2590   23.5634
    0.0000  -30.0000   15.0000 2111.9065   23.3470
    7.5000  -30.0000   15.0000 2105.3137   23.7934
   -7.5000  -22.5000   15.0000 2218.2949   20.4417
    0.0000  -22.5000   15.0000 2237.0662   20.1945
    7.5000  -22.5000   15.0000 2229.3584   20.7163
   -7.5000  -15.0000   15.0000 2343.1052   18.1397
    0.0000  -15.0000   15.0000 2362.3660   17.9461
    7.5000  -15.0000   15.0000 2353.5178   18.4043
   -7.5000   -7.5000   15.0000 2467.8894   16.3706
    0.0000   -7.5000   15.0000 2482.9067   16.1952
    7.5000   -7.5000   15.0000 2471.2449   16.6043
   -7.5000    0.0000   15.0000 2592.5881   15.0266
    0.0000    0.0000   15.0000 2612.7170   14.8530
    7.5000    0.0000   15.0000 2594.4495   15.2091
   -7.5000    7.5000   15.0000 2714.4346   14.0735
    0.0000    7.5000   15.0000 2736.3259   13.8999
    7.5000    7.5000   15.0000 2714.0117   14.1985
   -7.5000   15.0000   15.0000 2819.2715   13.4245
    0.0000   15.0000   15.0000 2845.1370   13.2916
    7.5000   15.0000   15.0000 2815.5396   13.5336
   -7.5000   22.5000   15.0000 2897.1670   12.9917
    0.0000   22.5000   15.0000 2925.4543   12.8322
    7.5000   22.5000   15.0000 2888.7930   13.1672
   -7.5000   30.0000   15.0000 2928.0481   12.8127
    0.0000   30.0000   15.0000 2948.0112   12.6401
    7.5000   30.0000   15.0000 2912.9683   12.9956
   -7.5000   37.5000   15.0000 2903.5505   13.0297
    0.0000   37.5000   15.0000 2931.6082   12.8986
    7.5000   37.5000   15.0000 2885.6680   13.1451
   -7.5000   45.0000   15.0000 2848.3127   13.5469
    0.0000   45.0000   15.0000 2868.8999   13.4281
    7.5000   45.0000   15.0000 2824.5176   13.6175
   -7.5000   52.5000   15.0000 2728.9065   14.2953
    0.0000   52.5000   15.0000 2742.5181   14.1782
    7.5000   52.5000   15.0000 2714.3376   14.3291
   -7.5000   60.0000   15.0000 2566.4377   15.0840
    0.0000   60.0000   15.0000 2572.7405   14.9851
    7.5000   60.0000   15.0000 2555.7822   15.1235
   -7.5000  -30.0000   22.5000 2049.0645   24.5524
    0.0000  -30.0000   22.5000 2067.4976   24.3454
    7.5000  -30.0000   22.5000 2059.6521   24.7473
   -7.5000  -22.5000   22.5000 2185.5142   21.2569
    0.0000  -22.5000   22.5000 2200.5647   21.1975
    7.5000  -22.5000   22.5000 2189.2708   21.6302
   -7.5000  -15.0000   22.5000 2309.1921   18.8893
    0.0000  -15.0000   22.5000 2325.9094   18.8322
    7.5000  -15.0000   22.5000 2310.4329   19.2692
   -7.5000   -7.5000   22.5000 2431.2229   17.0742
    0.0000   -7.5000   22.5000 2448.9985   16.9632
    7.5000   -7.5000   22.5000 2428.9636   17.3640
   -7.5000    0.0000   22.5000 2548.8167   15.6739
    0.0000    0.0000   22.5000 2570.6985   15.5378
    7.5000    0.0000   22.5000 2549.2837   15.9047
   -7.5000    7.5000   22.5000 2663.2935   14.6544
    0.0000    7.5000   22.5000 2682.2505   14.5062
    7.5000    7.5000   22.5000 2663.2993   14.8375
   -7.5000   15.0000   22.5000 2766.5444   13.9362
    0.0000   15.0000   22.5000 2787.5823   13.7906
    7.5000   15.0000   22.5000 2765.1008   14.1048
   -7.5000   22.5000   22.5000 2839.0645   13.4655
    0.0000   22.5000   22.5000 2857.7942   13.2880
    7.5000   22.5000   22.5000 2829.3088   13.6708
   -7.5000   30.0000   22.5000 2864.5217   13.3281
    0.0000   30.0000   22.5000 2878.9248   13.1509
    7.5000   30.0000   22.5000 2852.8198   13.4893
   -7.5000   37.5000   22.5000 2840.3381   13.5315
    0.0000   37.5000   22.5000 2863.9343   13.3759
    7.5000   37.5000   22.5000 2832.2505   13.6716
   -7.5000   45.0000   22.5000 2788.4331   14.0384
    0.0000   45.0000   22.5000 2808.7468   13.9025
    7.5000   45.0000   22.5000 2776.0842   14.1477
   -7.5000   52.5000   22.5000 2685.5547   14.7158
    0.0000   52.5000   22.5000 2700.6216   14.5857
    7.5000   52.5000   22.5000 2672.9072   14.8038
   -7.5000   60.0000   22.5000 2525.0332   15.5203
    0.0000   60.0000   22.5000 2539.4373   15.3939
    7.5000   60.0000   22.5000 2512.5293   15.5979
   -7.5000  -30.0000   30.0000 1991.4795   25.7895
    0.0000  -30.0000   30.0000 2006.0393   25.7331
    7.5000  -30.0000   30.0000 1998.9769   26.1467
   -7.5000  -22.5000   30.0000 2137.4070   22.3916
    0.0000  -22.5000   30.0000 2150.7585   22.3707
    7.5000  -22.5000   30.0000 2135.7119   22.8496
   -7.5000  -15.0000   30.0000 2264.7881   19.8922
    0.0000  -15.0000   30.0000 2277.0527   19.8469
    7.5000  -15.0000   30.0000 2259.1941   20.3381
   -7.5000   -7.5000   30.0000 2386.2913   17.9409
    0.0000   -7.5000   30.0000 2402.5752   17.8919
    7.5000   -7.5000   30.0000 2378.8547   18.3443
   -7.5000    0.0000   30.0000 2497.1582   16.4687
    0.0000    0.0000   30.0000 2519.6238   16.3694
    7.5000    0.0000   30.0000 2494.7002   16.7901
   -7.5000    7.5000   30.0000 2613.4480   15.3767
    0.0000    7.5000   30.0000 2633.6694   15.2268
    7.5000    7.5000   30.0000 2606.5320   15.6357
   -7.5000   15.0000   30.0000 2703.7598   14.6339
    0.0000   15.0000   30.0000 2721.2395   14.4457
    7.5000   15.0000   30.0000 2694.8198   14.8510
   -7.5000   22.5000   30.0000 2761.5276   14.1567
    0.0000   22.5000   30.0000 2774.7869   13.9863
    7.5000   22.5000   30.0000 2747.6179   14.3718
   -7.5000   30.0000   30.0000 2775.5022   14.0441
    0.0000   30.0000   30.0000 2786.1677   13.8891
    7.5000   30.0000   30.0000 2765.9822   14.2559
   -7.5000   37.5000   30.0000 2755.0496   14.2258
    0.0000   37.5000   30.0000 2773.7483   14.0854
    7.5000   37.5000   30.0000 2754.2183   14.3748
   -7.5000   45.0000   30.0000 2707.3467   14.7317
    0.0000   45.0000   30.0000 2727.8103   14.5847
    7.5000   45.0000   30.0000 2703.8848   14.8301
   -7.5000   52.5000   30.0000 2621.8311   15.3691
    0.0000   52.5000   30.0000 2639.3069   15.2496
    7.5000   52.5000   30.0000 2605.0305   15.4690
   -7.5000   60.0000   30.0000 2468.0105   16.1010
    0.0000   60.0000   30.0000 2485.6296   16.0095
    7.5000   60.0000   30.0000 2459.4473   16.2149
   -7.5000  -30.0000   37.5000 1932.3203   27.2775
    0.0000  -30.0000   37.5000 1945.7942   27.2984
    7.5000  -30.0000   37.5000 1934.2216   27.7975
   -7.5000  -22.5000   37.5000 2084.0903   23.7057
    0.0000  -22.5000   37.5000 2096.4390   23.7079
    7.5000  -22.5000   37.5000 2082.1484   24.2402
   -7.5000  -15.0000   37.5000 2212.4824   21.0588
    0.0000  -15.0000   37.5000 2228.3596   21.0492
    7.5000  -15.0000   37.5000 2202.0671   21.5594
   -7.5000   -7.5000   37.5000 2334.9629   19.0261
    0.0000   -7.5000   37.5000 2351.6072   18.9760
    7.5000   -7.5000   37.5000 2321.4487   19.4482
   -7.5000    0.0000   37.5000 2445.7292   17.4497
    0.0000    0.0000   37.5000 2465.7151   17.3607
    7.5000    0.0000   37.5000 2430.4866   17.7969
   -7.5000    7.5000   37.5000 2550.2083   16.3199
    0.0000    7.5000   37.5000 2572.8948   16.1823
    7.5000    7.5000   37.5000 2534.7710   16.5742
   -7.5000   15.0000   37.5000 2626.7559   15.5338
    0.0000   15.0000   37.5000 2645.2861   15.3790
    7.5000   15.0000   37.5000 2609.0000   15.7480
   -7.5000   22.5000   37.5000 2676.7988   15.0493
    0.0000   22.5000   37.5000 2689.1416   14.9491
    7.5000   22.5000   37.5000 2659.0923   15.2676
   -7.5000   30.0000   37.5000 2674.8777   14.9347
    0.0000   30.0000   37.5000 2691.4578   14.8220
    7.5000   30.0000   37.5000 2669.6235   15.1508
   -7.5000   37.5000   37.5000 2660.8237   15.1088
    0.0000   37.5000   37.5000 2678.7893   15.0121
    7.5000   37.5000   37.5000 2659.8066   15.2695
   -7.5000   45.0000   37.5000 2625.3433   15.5644
    0.0000   45.0000   37.5000 2642.5811   15.4564
    7.5000   45.0000   37.5000 2620.4663   15.6889
   -7.5000   52.5000   37.5000 2545.5015   16.1685
    0.0000   52.5000   37.5000 2561.9663   16.0319
    7.5000   52.5000   37.5000 2532.1472   16.2768
   -7.5000   60.0000   37.5000 2406.3936   16.8514
    0.0000   60.0000   37.5000 2418.7568   16.7466
    7.5000   60.0000   37.5000 2392.2988   16.9676
   -7.5000  -30.0000   45.0000 1866.9076   29.1347
    0.0000  -30.0000   45.0000 1877.9746   29.1413
    7.5000  -30.0000   45.0000 1863.8231   29.8110
   -7.5000  -22.5000   45.0000 2021.4614   25.2749
    0.0000  -22.5000   45.0000 2033.6594   25.3311
    7.5000  -22.5000   45.0000 2014.5968   25.9397
   -7.5000  -15.0000   45.0000 2152.4124   22.5050
    0.0000  -15.0000   45.0000 2166.9771   22.4798
    7.5000  -15.0000   45.0000 2135.3320   23.0273
   -7.5000   -7.5000   45.0000 2275.7429   20.3719
    0.0000   -7.5000   45.0000 2288.9927   20.3443
    7.5000   -7.5000   45.0000 2250.2458   20.7650
   -7.5000    0.0000   45.0000 2382.0178   18.7283
    0.0000    0.0000   45.0000 2400.9094   18.6841
    7.5000    0.0000   45.0000 2355.4785   19.0262
   -7.5000    7.5000   45.0000 2477.9192   17.5176
    0.0000    7.5000   45.0000 2495.5791   17.4348
    7.5000    7.5000   45.0000 2454.6992   17.7698
   -7.5000   15.0000   45.0000 2537.8596   16.6640
    0.0000   15.0000   45.0000 2554.6516   16.5992
    7.5000   15.0000   45.0000 2518.4189   16.9064
   -7.5000   22.5000   45.0000 2573.7974   16.1865
    0.0000   22.5000   45.0000 2587.3142   16.1347
    7.5000   22.5000   45.0000 2558.9900   16.4030
   -7.5000   30.0000   45.0000 2574.6057   16.0477
    0.0000   30.0000   45.0000 2589.7832   15.9939
    7.5000   30.0000   45.0000 2570.0745   16.2704
   -7.5000   37.5000   45.0000 2559.8777   16.1937
    0.0000   37.5000   45.0000 2577.2229   16.1416
    7.5000   37.5000   45.0000 2560.4255   16.3885
   -7.5000   45.0000   45.0000 2529.7573   16.6273
    0.0000   45.0000   45.0000 2544.8289   16.5713
    7.5000   45.0000   45.0000 2525.6260   16.7817
   -7.5000   52.5000   45.0000 2459.6941   17.1429
    0.0000   52.5000   45.0000 2476.4263   17.0825
    7.5000   52.5000   45.0000 2447.4246   17.2978
   -7.5000   60.0000   45.0000 2331.5869   17.8000
    0.0000   60.0000   45.0000 2344.6316   17.7232
    7.5000   60.0000   45.0000 2315.1848   17.9222

---------------------------------------------------------------------
imgreg_4dfp /opt/freesurfer/average/711-2C_as_mni_average_305 /opt/freesurfer/average/711-2B_as_mni_average_305_mask talsrcimg_g11 none talsrcimg_to_711-2C_as_mni_average_305_t4 1283
---------------------------------------------------------------------

freesurfer imgreg_4dfp.c
/opt/freesurfer/average/711-2C_as_mni_average_305.4dfp.img
       256       256       256         1
  1.000000  1.000000  1.000000
orientation T byte_order littleendian
Reading image: /opt/freesurfer/average/711-2C_as_mni_average_305.4dfp.img
dimensions:      256       256       256
mmppix:       1.0000   -1.0000   -1.0000
center:     128.0000 -129.0000 -129.0000
/opt/freesurfer/average/711-2B_as_mni_average_305_mask.4dfp.img
       256       256       256         1
  1.000000  1.000000  1.000000
orientation T byte_order littleendian
Reading mask: /opt/freesurfer/average/711-2B_as_mni_average_305_mask.4dfp.img (2306576 pixels)
talsrcimg_g11.4dfp.img
       256       256       256         1
  1.000000  1.000000  1.000000
orientation T byte_order littleendian
Reading image: talsrcimg_g11.4dfp.img
dimensions:      256       256       256
mmppix:       1.0000   -1.0000   -1.0000
center:     128.0000 -129.0000 -129.0000
rotation matrix determinant  1.000000
fimgreg.f
image alignment mode   1283 decimal      503 hex
parameters
    0.0000   30.0000    0.0000    0.0000    0.0000    0.0000
eta,q 0.94026 12.48244
niter,ni,del,rscale     5    3   12.0000    1.2000
parameter  2  0.895836 ->  0.500000 qaram    1.1500
parameter  3 -0.515923 -> -0.500000 qaram    1.1500
parameter  4  1.301907 ->  0.500000 qaram    1.1500
parameters
   -0.9284   26.5500    3.4500   -3.4500    2.5698   -1.0386
eta,q 0.95113 12.53426
  0.0696  0.0586  0.0692  0.0497  0.0620  0.0513
  0.0634  0.0566  0.0650  0.0497  0.0572  0.0499
  0.0613  0.0579  0.0601  0.0515  0.0531  0.0491
  0.0617  0.0612  0.0564  0.0541  0.0500  0.0487
  0.0640  0.0630  0.0544  0.0573  0.0487  0.0493
  0.0693  0.0644  0.0547  0.0605  0.0492  0.0515
  0.0752  0.0687  0.0568  0.0644  0.0514  0.0550
niter,ni,del,rscale     7    3   12.0000    1.2000
parameters
   -1.5204   27.4818    2.5763   -6.7467    3.1447   -1.6719
eta,q 0.95317 12.54679
  0.0602  0.0719  0.0584  0.0507  0.0542  0.0503
  0.0537  0.0588  0.0534  0.0473  0.0505  0.0481
  0.0502  0.0507  0.0500  0.0471  0.0480  0.0471
  0.0489  0.0490  0.0498  0.0494  0.0467  0.0468
  0.0506  0.0518  0.0525  0.0530  0.0472  0.0472
  0.0576  0.0557  0.0574  0.0567  0.0484  0.0492
  0.0662  0.0597  0.0635  0.0596  0.0521  0.0526
niter,ni,del,rscale     6    3   12.0000    1.2000
parameters
   -1.6751   28.7477    1.7422   -8.7830    3.5028   -1.8411
eta,q 0.95423 12.54097
  0.0604  0.0685  0.0576  0.0507  0.0528  0.0507
  0.0525  0.0578  0.0521  0.0473  0.0492  0.0478
  0.0483  0.0498  0.0481  0.0457  0.0466  0.0462
  0.0468  0.0469  0.0474  0.0470  0.0458  0.0458
  0.0478  0.0483  0.0512  0.0502  0.0457  0.0464
  0.0541  0.0517  0.0567  0.0542  0.0471  0.0484
  0.0618  0.0559  0.0626  0.0580  0.0520  0.0511
niter,ni,del,rscale     5    3   12.0000    1.2000
parameters
   -2.0145   29.9451    1.3034  -10.7191    3.5629   -1.5877
eta,q 0.95550 12.51239
  0.0587  0.0652  0.0581  0.0494  0.0536  0.0509
  0.0510  0.0569  0.0518  0.0473  0.0485  0.0482
  0.0472  0.0491  0.0472  0.0445  0.0453  0.0457
  0.0458  0.0459  0.0462  0.0460  0.0445  0.0445
  0.0472  0.0470  0.0493  0.0488  0.0455  0.0453
  0.0539  0.0503  0.0547  0.0528  0.0484  0.0474
  0.0620  0.0552  0.0605  0.0575  0.0530  0.0501
niter,ni,del,rscale     4    3   12.0000    1.2000
parameters
   -2.0733   30.9141    1.0300  -11.7141    3.5783   -1.5126
eta,q 0.95644 12.48208
  0.0598  0.0626  0.0580  0.0509  0.0529  0.0502
  0.0522  0.0559  0.0513  0.0480  0.0477  0.0471
  0.0471  0.0489  0.0460  0.0443  0.0444  0.0445
  0.0445  0.0445  0.0443  0.0442  0.0436  0.0436
  0.0454  0.0450  0.0477  0.0474  0.0449  0.0446
  0.0522  0.0494  0.0532  0.0511  0.0480  0.0469
  0.0614  0.0559  0.0596  0.0556  0.0524  0.0498
niter,ni,del,rscale     3    3   12.0000    1.2000
parameters
   -1.9908   31.3585    0.9067  -12.1350    3.5363   -1.6056
eta,q 0.95697 12.47049
  0.0601  0.0604  0.0585  0.0521  0.0522  0.0497
  0.0520  0.0542  0.0514  0.0491  0.0472  0.0464
  0.0465  0.0476  0.0454  0.0450  0.0439  0.0439
  0.0436  0.0435  0.0433  0.0432  0.0430  0.0430
  0.0444  0.0446  0.0466  0.0462  0.0444  0.0443
  0.0509  0.0509  0.0524  0.0502  0.0476  0.0468
  0.0602  0.0577  0.0591  0.0544  0.0522  0.0499
niter,ni,del,rscale     2    3   12.0000    1.2000
parameters
   -1.9447   31.5725    0.8697  -12.2955    3.5188   -1.6666
eta,q 0.95718 12.46527
  0.0596  0.0596  0.0588  0.0527  0.0521  0.0497
  0.0514  0.0533  0.0516  0.0498  0.0471  0.0464
  0.0459  0.0472  0.0453  0.0454  0.0438  0.0438
  0.0430  0.0430  0.0429  0.0429  0.0428  0.0428
  0.0440  0.0448  0.0461  0.0457  0.0442  0.0440
  0.0506  0.0518  0.0520  0.0497  0.0473  0.0467
  0.0599  0.0584  0.0588  0.0540  0.0520  0.0498
niter,ni,del,rscale     1    3   12.0000    1.2000
parameters
   -1.9322   31.6646    0.8633  -12.3585    3.5140   -1.6996
eta,q 0.95725 12.46252
  0.0592  0.0592  0.0589  0.0529  0.0520  0.0497
  0.0510  0.0528  0.0516  0.0500  0.0471  0.0464
  0.0455  0.0469  0.0452  0.0457  0.0437  0.0438
  0.0428  0.0428  0.0428  0.0428  0.0428  0.0428
  0.0439  0.0450  0.0459  0.0455  0.0441  0.0439
  0.0506  0.0523  0.0518  0.0496  0.0472  0.0466
  0.0598  0.0589  0.0587  0.0538  0.0519  0.0498
registration optimization eta report
parameter search radius
    6.0000    6.9000    6.9000    6.9000    6.0000    6.0000
100000*second partial in parameter space
       46.       32.       32.       20.       25.       19.
  0.0592  0.0592  0.0589  0.0529  0.0520  0.0497
  0.0510  0.0528  0.0516  0.0500  0.0471  0.0464
  0.0455  0.0469  0.0452  0.0457  0.0437  0.0438
  0.0428  0.0428  0.0428  0.0428  0.0428  0.0428
  0.0439  0.0450  0.0459  0.0455  0.0441  0.0439
  0.0506  0.0523  0.0518  0.0496  0.0472  0.0466
  0.0598  0.0589  0.0587  0.0538  0.0519  0.0498
   -1.9322   31.6646    0.8633  -12.3585    3.5140   -1.6996
eta,q 0.95725 12.46252

---------------------------------------------------------------------
imgreg_4dfp /opt/freesurfer/average/711-2C_as_mni_average_305 /opt/freesurfer/average/711-2B_as_mni_average_305_mask talsrcimg_g11 none talsrcimg_to_711-2C_as_mni_average_305_t4 3335
---------------------------------------------------------------------

freesurfer imgreg_4dfp.c
/opt/freesurfer/average/711-2C_as_mni_average_305.4dfp.img
       256       256       256         1
  1.000000  1.000000  1.000000
orientation T byte_order littleendian
Reading image: /opt/freesurfer/average/711-2C_as_mni_average_305.4dfp.img
dimensions:      256       256       256
mmppix:       1.0000   -1.0000   -1.0000
center:     128.0000 -129.0000 -129.0000
/opt/freesurfer/average/711-2B_as_mni_average_305_mask.4dfp.img
       256       256       256         1
  1.000000  1.000000  1.000000
orientation T byte_order littleendian
Reading mask: /opt/freesurfer/average/711-2B_as_mni_average_305_mask.4dfp.img (2306576 pixels)
talsrcimg_g11.4dfp.img
       256       256       256         1
  1.000000  1.000000  1.000000
orientation T byte_order littleendian
Reading image: talsrcimg_g11.4dfp.img
dimensions:      256       256       256
mmppix:       1.0000   -1.0000   -1.0000
center:     128.0000 -129.0000 -129.0000
fimgreg.f
image alignment mode   3335 decimal      D07 hex
parameters
   -1.9322   31.6646    0.8633   -0.2319   -2.3991   -2.5009
    4.2084   -5.3497   -2.9603   21.5710    6.1292  -21.3626
eta,q 0.95664 12.59112
niter,ni,del,rscale     5    3    5.0000    1.2000
parameter  4  2.452206 ->  0.500000 qaram    1.1500
parameter  5  3.768664 ->  0.500000 qaram    1.1500
parameter  6  0.680497 ->  0.500000 qaram    1.1500
parameters
   -1.6620   31.7119    0.5507   -4.3719   -6.5391   -6.6409
    3.8919   -3.5764   -1.9674   18.3605    5.1251  -22.0053
eta,q 0.97146 12.40863
  0.0467  0.0455  0.0448  0.0349  0.0285  0.0300  0.0327  0.0373  0.0322  0.0297  0.0297  0.0299
  0.0450  0.0443  0.0439  0.0365  0.0308  0.0298  0.0311  0.0342  0.0308  0.0288  0.0290  0.0290
  0.0439  0.0435  0.0434  0.0394  0.0338  0.0301  0.0301  0.0315  0.0299  0.0287  0.0286  0.0286
  0.0434  0.0433  0.0433  0.0433  0.0372  0.0315  0.0298  0.0298  0.0294  0.0294  0.0286  0.0286
  0.0435  0.0436  0.0437  0.0477  0.0410  0.0343  0.0303  0.0295  0.0295  0.0307  0.0289  0.0289
  0.0442  0.0443  0.0446  0.0521  0.0450  0.0381  0.0315  0.0305  0.0300  0.0329  0.0296  0.0294
  0.0455  0.0452  0.0458  0.0562  0.0486  0.0423  0.0331  0.0326  0.0310  0.0359  0.0305  0.0303
niter,ni,del,rscale     7    3    5.0000    1.2000
parameter  4  0.600278 ->  0.500000 qaram    1.3225
parameter  5  1.075385 ->  0.500000 qaram    1.3225
parameters
   -1.6073   31.8696    0.3508   -9.1329  -11.3001   -8.1114
    4.3046   -3.5914   -1.9201   18.5102    4.3985  -24.4940
eta,q 0.97623 11.98908
  0.0328  0.0317  0.0299  0.0275  0.0234  0.0260  0.0271  0.0285  0.0265  0.0275  0.0248  0.0245
  0.0305  0.0301  0.0291  0.0272  0.0238  0.0246  0.0255  0.0261  0.0252  0.0259  0.0244  0.0239
  0.0290  0.0291  0.0286  0.0273  0.0249  0.0240  0.0245  0.0245  0.0243  0.0246  0.0241  0.0238
  0.0285  0.0285  0.0285  0.0285  0.0271  0.0241  0.0240  0.0240  0.0240  0.0240  0.0240  0.0240
  0.0290  0.0287  0.0288  0.0314  0.0305  0.0245  0.0242  0.0245  0.0242  0.0242  0.0242  0.0246
  0.0303  0.0296  0.0294  0.0357  0.0342  0.0259  0.0251  0.0261  0.0251  0.0254  0.0246  0.0254
  0.0324  0.0311  0.0305  0.0405  0.0380  0.0288  0.0265  0.0286  0.0265  0.0275  0.0253  0.0263
niter,ni,del,rscale     7    3    5.0000    1.2000
parameters
   -1.5294   31.9693    0.5278  -10.4550  -15.1214   -7.4142
    4.0553   -3.5461   -2.1606   19.3252    4.6641  -24.7461
eta,q 0.97678 11.76260
  0.0277  0.0272  0.0257  0.0268  0.0248  0.0263  0.0259  0.0278  0.0256  0.0270  0.0243  0.0246
  0.0256  0.0253  0.0247  0.0252  0.0236  0.0246  0.0244  0.0254  0.0243  0.0252  0.0238  0.0238
  0.0243  0.0242  0.0241  0.0242  0.0233  0.0236  0.0235  0.0239  0.0235  0.0239  0.0234  0.0233
  0.0238  0.0238  0.0238  0.0237  0.0239  0.0233  0.0233  0.0233  0.0233  0.0233  0.0232  0.0232
  0.0241  0.0241  0.0239  0.0241  0.0256  0.0234  0.0238  0.0238  0.0237  0.0233  0.0233  0.0234
  0.0253  0.0250  0.0244  0.0262  0.0289  0.0240  0.0248  0.0253  0.0246  0.0241  0.0236  0.0240
  0.0272  0.0266  0.0253  0.0303  0.0330  0.0254  0.0262  0.0277  0.0259  0.0258  0.0242  0.0248
niter,ni,del,rscale     6    3    5.0000    1.2000
parameters
   -1.5626   32.0702    0.7691  -10.3814  -15.5690   -7.1024
    4.0726   -3.5443   -2.2388   19.4662    4.7221  -24.7183
eta,q 0.97682 11.75778
  0.0267  0.0266  0.0252  0.0269  0.0271  0.0260  0.0261  0.0276  0.0256  0.0264  0.0243  0.0247
  0.0248  0.0247  0.0242  0.0251  0.0251  0.0244  0.0245  0.0253  0.0243  0.0247  0.0237  0.0239
  0.0236  0.0236  0.0235  0.0239  0.0237  0.0235  0.0235  0.0237  0.0234  0.0236  0.0234  0.0233
  0.0232  0.0232  0.0232  0.0232  0.0232  0.0232  0.0232  0.0232  0.0232  0.0232  0.0232  0.0232
  0.0237  0.0235  0.0233  0.0231  0.0236  0.0232  0.0236  0.0237  0.0235  0.0234  0.0233  0.0234
  0.0249  0.0245  0.0237  0.0243  0.0252  0.0239  0.0245  0.0253  0.0244  0.0244  0.0236  0.0239
  0.0269  0.0260  0.0245  0.0274  0.0284  0.0258  0.0260  0.0276  0.0257  0.0263  0.0243  0.0247
niter,ni,del,rscale     5    3    5.0000    1.2000
parameters
   -1.5707   32.0959    0.8066  -10.3620  -15.6091   -7.0908
    4.0836   -3.5453   -2.2554   19.4670    4.7207  -24.7163
eta,q 0.97682 11.75647
  0.0268  0.0263  0.0248  0.0268  0.0274  0.0259  0.0261  0.0276  0.0257  0.0263  0.0242  0.0247
  0.0248  0.0246  0.0240  0.0251  0.0253  0.0243  0.0245  0.0252  0.0243  0.0246  0.0237  0.0239
  0.0236  0.0235  0.0234  0.0239  0.0238  0.0234  0.0235  0.0237  0.0235  0.0236  0.0233  0.0233
  0.0232  0.0232  0.0232  0.0232  0.0232  0.0232  0.0232  0.0232  0.0232  0.0232  0.0232  0.0232
  0.0236  0.0235  0.0233  0.0231  0.0235  0.0232  0.0236  0.0237  0.0235  0.0234  0.0233  0.0234
  0.0248  0.0246  0.0239  0.0243  0.0249  0.0240  0.0245  0.0253  0.0243  0.0245  0.0237  0.0239
  0.0268  0.0261  0.0248  0.0275  0.0279  0.0261  0.0260  0.0276  0.0257  0.0264  0.0243  0.0247
niter,ni,del,rscale     4    3    5.0000    1.2000
parameters
   -1.5716   32.1007    0.8121  -10.3596  -15.6120   -7.0902
    4.0823   -3.5439   -2.2558   19.4675    4.7225  -24.7154
eta,q 0.97682 11.75635
  0.0268  0.0263  0.0248  0.0268  0.0274  0.0259  0.0261  0.0276  0.0257  0.0263  0.0242  0.0247
  0.0248  0.0245  0.0239  0.0250  0.0253  0.0243  0.0245  0.0253  0.0243  0.0246  0.0237  0.0239
  0.0236  0.0235  0.0234  0.0239  0.0238  0.0234  0.0235  0.0237  0.0235  0.0236  0.0233  0.0233
  0.0232  0.0232  0.0232  0.0232  0.0232  0.0232  0.0232  0.0232  0.0232  0.0232  0.0232  0.0232
  0.0236  0.0236  0.0233  0.0231  0.0235  0.0232  0.0236  0.0237  0.0235  0.0234  0.0233  0.0234
  0.0248  0.0246  0.0239  0.0243  0.0248  0.0240  0.0245  0.0252  0.0243  0.0245  0.0237  0.0239
  0.0268  0.0262  0.0248  0.0276  0.0279  0.0261  0.0260  0.0276  0.0256  0.0264  0.0243  0.0247
registration optimization eta report
parameter search radius
    2.4000    2.4000    2.4000    9.5220    9.5220    8.2800
    7.2000    7.2000    7.2000    7.2000    7.2000    7.2000
100000*second partial in parameter space
       62.       53.       28.        5.        5.        4.
        5.        9.        5.        6.        2.        3.
  0.0268  0.0263  0.0248  0.0268  0.0274  0.0259  0.0261  0.0276  0.0257  0.0263  0.0242  0.0247
  0.0248  0.0245  0.0239  0.0250  0.0253  0.0243  0.0245  0.0253  0.0243  0.0246  0.0237  0.0239
  0.0236  0.0235  0.0234  0.0239  0.0238  0.0234  0.0235  0.0237  0.0235  0.0236  0.0233  0.0233
  0.0232  0.0232  0.0232  0.0232  0.0232  0.0232  0.0232  0.0232  0.0232  0.0232  0.0232  0.0232
  0.0236  0.0236  0.0233  0.0231  0.0235  0.0232  0.0236  0.0237  0.0235  0.0234  0.0233  0.0234
  0.0248  0.0246  0.0239  0.0243  0.0248  0.0240  0.0245  0.0252  0.0243  0.0245  0.0237  0.0239
  0.0268  0.0262  0.0248  0.0276  0.0279  0.0261  0.0260  0.0276  0.0256  0.0264  0.0243  0.0247
   -1.5716   32.1007    0.8121  -10.3596  -15.6120   -7.0902
    4.0823   -3.5439   -2.2558   19.4675    4.7225  -24.7154
eta,q 0.97682 11.75635

---------------------------------------------------------------------
imgreg_4dfp /opt/freesurfer/average/711-2C_as_mni_average_305 /opt/freesurfer/average/711-2B_as_mni_average_305_mask talsrcimg_g11 none talsrcimg_to_711-2C_as_mni_average_305_t4 2311
---------------------------------------------------------------------

freesurfer imgreg_4dfp.c
/opt/freesurfer/average/711-2C_as_mni_average_305.4dfp.img
       256       256       256         1
  1.000000  1.000000  1.000000
orientation T byte_order littleendian
Reading image: /opt/freesurfer/average/711-2C_as_mni_average_305.4dfp.img
dimensions:      256       256       256
mmppix:       1.0000   -1.0000   -1.0000
center:     128.0000 -129.0000 -129.0000
/opt/freesurfer/average/711-2B_as_mni_average_305_mask.4dfp.img
       256       256       256         1
  1.000000  1.000000  1.000000
orientation T byte_order littleendian
Reading mask: /opt/freesurfer/average/711-2B_as_mni_average_305_mask.4dfp.img (2306576 pixels)
talsrcimg_g11.4dfp.img
       256       256       256         1
  1.000000  1.000000  1.000000
orientation T byte_order littleendian
Reading image: talsrcimg_g11.4dfp.img
dimensions:      256       256       256
mmppix:       1.0000   -1.0000   -1.0000
center:     128.0000 -129.0000 -129.0000
fimgreg.f
image alignment mode   2311 decimal      907 hex
parameters
   -1.5716   32.1007    0.8121  -10.3596  -15.6120   -7.0902
    4.0823   -3.5439   -2.2558   19.4675    4.7225  -24.7154
eta,q 0.97682 11.75635
niter,ni,del,rscale     5    3    5.0000    0.8000
parameters
   -1.5762   32.0658    0.8336   -8.7892  -15.0864   -6.4027
    4.2170   -3.5597   -2.1179   20.0256    4.8085  -24.6869
eta,q 0.97704 11.92437
  0.0248  0.0245  0.0239  0.0244  0.0244  0.0239  0.0244  0.0251  0.0242  0.0247  0.0235  0.0237
  0.0239  0.0237  0.0235  0.0239  0.0237  0.0234  0.0237  0.0239  0.0236  0.0239  0.0232  0.0233
  0.0234  0.0233  0.0233  0.0234  0.0232  0.0231  0.0232  0.0232  0.0232  0.0233  0.0230  0.0231
  0.0232  0.0232  0.0232  0.0232  0.0230  0.0230  0.0230  0.0230  0.0230  0.0230  0.0230  0.0230
  0.0234  0.0234  0.0232  0.0230  0.0231  0.0230  0.0231  0.0232  0.0231  0.0230  0.0230  0.0230
  0.0239  0.0239  0.0235  0.0231  0.0234  0.0231  0.0236  0.0240  0.0235  0.0233  0.0232  0.0233
  0.0248  0.0246  0.0239  0.0235  0.0239  0.0235  0.0243  0.0251  0.0241  0.0241  0.0235  0.0237
niter,ni,del,rscale     4    3    5.0000    0.7000
parameters
   -1.5773   31.9981    0.7500   -8.8242  -15.0105   -6.1383
    4.2073   -3.5610   -2.1047   20.1743    4.8118  -24.7129
eta,q 0.97706 11.94699
  0.0243  0.0239  0.0235  0.0237  0.0239  0.0236  0.0240  0.0246  0.0238  0.0242  0.0234  0.0235
  0.0235  0.0234  0.0232  0.0233  0.0234  0.0233  0.0234  0.0237  0.0233  0.0236  0.0231  0.0232
  0.0231  0.0230  0.0230  0.0231  0.0231  0.0231  0.0231  0.0231  0.0230  0.0231  0.0230  0.0230
  0.0230  0.0230  0.0230  0.0230  0.0230  0.0230  0.0229  0.0229  0.0229  0.0229  0.0229  0.0229
  0.0231  0.0231  0.0230  0.0230  0.0231  0.0229  0.0231  0.0231  0.0230  0.0230  0.0230  0.0230
  0.0235  0.0235  0.0233  0.0232  0.0233  0.0231  0.0234  0.0237  0.0233  0.0234  0.0231  0.0232
  0.0243  0.0241  0.0236  0.0239  0.0238  0.0235  0.0240  0.0246  0.0238  0.0241  0.0234  0.0235
niter,ni,del,rscale     3    3    5.0000    0.6000
parameters
   -1.5768   31.9779    0.7422   -8.6139  -15.0475   -5.9273
    4.2135   -3.5762   -2.0945   20.3147    4.7949  -24.7209
eta,q 0.97710 11.96981
  0.0239  0.0237  0.0234  0.0235  0.0236  0.0234  0.0237  0.0241  0.0236  0.0238  0.0232  0.0234
  0.0234  0.0233  0.0231  0.0233  0.0232  0.0232  0.0233  0.0234  0.0232  0.0234  0.0230  0.0231
  0.0230  0.0230  0.0230  0.0231  0.0230  0.0230  0.0230  0.0230  0.0230  0.0231  0.0229  0.0230
  0.0229  0.0229  0.0229  0.0229  0.0229  0.0229  0.0229  0.0229  0.0229  0.0229  0.0229  0.0229
  0.0230  0.0230  0.0230  0.0229  0.0230  0.0229  0.0230  0.0231  0.0230  0.0230  0.0229  0.0230
  0.0234  0.0233  0.0231  0.0231  0.0232  0.0230  0.0233  0.0235  0.0232  0.0232  0.0230  0.0231
  0.0239  0.0238  0.0234  0.0235  0.0236  0.0234  0.0237  0.0241  0.0236  0.0238  0.0232  0.0234
niter,ni,del,rscale     2    3    5.0000    0.5000
parameters
   -1.5816   31.9693    0.7329   -8.4486  -15.1138   -5.6911
    4.2145   -3.5955   -2.0901   20.4492    4.7574  -24.7506
eta,q 0.97712 11.98952
  0.0236  0.0235  0.0232  0.0233  0.0234  0.0232  0.0234  0.0237  0.0233  0.0236  0.0231  0.0232
  0.0232  0.0231  0.0230  0.0232  0.0231  0.0231  0.0231  0.0233  0.0231  0.0232  0.0230  0.0230
  0.0230  0.0230  0.0229  0.0230  0.0229  0.0230  0.0229  0.0230  0.0229  0.0230  0.0229  0.0229
  0.0229  0.0229  0.0229  0.0229  0.0229  0.0229  0.0229  0.0229  0.0229  0.0229  0.0229  0.0229
  0.0230  0.0230  0.0229  0.0229  0.0230  0.0229  0.0229  0.0230  0.0229  0.0229  0.0229  0.0229
  0.0232  0.0232  0.0230  0.0230  0.0231  0.0230  0.0231  0.0233  0.0231  0.0231  0.0230  0.0230
  0.0236  0.0235  0.0232  0.0233  0.0234  0.0232  0.0234  0.0238  0.0233  0.0235  0.0231  0.0232
niter,ni,del,rscale     1    3    5.0000    0.4000
parameters
   -1.5863   31.9608    0.7243   -8.2788  -15.1749   -5.4288
    4.2190   -3.6077   -2.0816   20.5709    4.7025  -24.7913
eta,q 0.97715 12.00997
  0.0233  0.0232  0.0231  0.0232  0.0232  0.0231  0.0232  0.0234  0.0231  0.0233  0.0230  0.0231
  0.0231  0.0230  0.0230  0.0230  0.0230  0.0230  0.0230  0.0231  0.0230  0.0231  0.0229  0.0229
  0.0229  0.0229  0.0229  0.0229  0.0229  0.0229  0.0229  0.0229  0.0229  0.0229  0.0229  0.0229
  0.0229  0.0229  0.0229  0.0229  0.0229  0.0229  0.0229  0.0229  0.0229  0.0229  0.0229  0.0228
  0.0229  0.0229  0.0229  0.0229  0.0229  0.0228  0.0229  0.0229  0.0229  0.0229  0.0229  0.0229
  0.0231  0.0230  0.0230  0.0230  0.0230  0.0229  0.0230  0.0231  0.0230  0.0230  0.0229  0.0229
  0.0233  0.0232  0.0231  0.0231  0.0232  0.0231  0.0232  0.0234  0.0231  0.0232  0.0230  0.0231
registration optimization eta report
parameter search radius
    0.8000    0.8000    0.8000    2.4000    2.4000    2.4000
    2.4000    2.4000    2.4000    2.4000    2.4000    2.4000
100000*second partial in parameter space
       69.       56.       33.        5.        5.        4.
        6.       10.        5.        7.        3.        4.
  0.0233  0.0232  0.0231  0.0232  0.0232  0.0231  0.0232  0.0234  0.0231  0.0233  0.0230  0.0231
  0.0231  0.0230  0.0230  0.0230  0.0230  0.0230  0.0230  0.0231  0.0230  0.0231  0.0229  0.0229
  0.0229  0.0229  0.0229  0.0229  0.0229  0.0229  0.0229  0.0229  0.0229  0.0229  0.0229  0.0229
  0.0229  0.0229  0.0229  0.0229  0.0229  0.0229  0.0229  0.0229  0.0229  0.0229  0.0229  0.0228
  0.0229  0.0229  0.0229  0.0229  0.0229  0.0228  0.0229  0.0229  0.0229  0.0229  0.0229  0.0229
  0.0231  0.0230  0.0230  0.0230  0.0230  0.0229  0.0230  0.0231  0.0230  0.0230  0.0229  0.0229
  0.0233  0.0232  0.0231  0.0231  0.0232  0.0231  0.0232  0.0234  0.0231  0.0232  0.0230  0.0231
   -1.5863   31.9608    0.7243   -8.2788  -15.1749   -5.4288
    4.2190   -3.6077   -2.0816   20.5709    4.7025  -24.7913
eta,q 0.97715 12.00997

---------------------------------------------------------------------
imgreg_4dfp /opt/freesurfer/average/711-2C_as_mni_average_305 /opt/freesurfer/average/711-2B_as_mni_average_305_mask talsrcimg_g11 none talsrcimg_to_711-2C_as_mni_average_305_t4 2311
---------------------------------------------------------------------

freesurfer imgreg_4dfp.c
/opt/freesurfer/average/711-2C_as_mni_average_305.4dfp.img
       256       256       256         1
  1.000000  1.000000  1.000000
orientation T byte_order littleendian
Reading image: /opt/freesurfer/average/711-2C_as_mni_average_305.4dfp.img
dimensions:      256       256       256
mmppix:       1.0000   -1.0000   -1.0000
center:     128.0000 -129.0000 -129.0000
/opt/freesurfer/average/711-2B_as_mni_average_305_mask.4dfp.img
       256       256       256         1
  1.000000  1.000000  1.000000
orientation T byte_order littleendian
Reading mask: /opt/freesurfer/average/711-2B_as_mni_average_305_mask.4dfp.img (2306576 pixels)
talsrcimg_g11.4dfp.img
       256       256       256         1
  1.000000  1.000000  1.000000
orientation T byte_order littleendian
Reading image: talsrcimg_g11.4dfp.img
dimensions:      256       256       256
mmppix:       1.0000   -1.0000   -1.0000
center:     128.0000 -129.0000 -129.0000
fimgreg.f
image alignment mode   2311 decimal      907 hex
parameters
   -1.5863   31.9608    0.7243   -8.2788  -15.1749   -5.4288
    4.2190   -3.6077   -2.0816   20.5709    4.7025  -24.7913
eta,q 0.97715 12.00997
niter,ni,del,rscale     5    3    5.0000    0.8000
parameters
   -1.5834   31.9824    0.7279   -8.8884  -15.1225   -6.1188
    4.1955   -3.5475   -2.1175   20.1322    4.7859  -24.6973
eta,q 0.97706 11.93750
  0.0246  0.0244  0.0237  0.0237  0.0242  0.0236  0.0243  0.0252  0.0241  0.0242  0.0235  0.0237
  0.0237  0.0235  0.0232  0.0233  0.0235  0.0232  0.0236  0.0239  0.0234  0.0235  0.0232  0.0233
  0.0230  0.0230  0.0229  0.0230  0.0230  0.0230  0.0231  0.0232  0.0231  0.0231  0.0230  0.0230
  0.0228  0.0229  0.0229  0.0228  0.0229  0.0229  0.0229  0.0229  0.0229  0.0229  0.0229  0.0229
  0.0230  0.0230  0.0230  0.0230  0.0230  0.0230  0.0231  0.0232  0.0231  0.0231  0.0230  0.0230
  0.0236  0.0235  0.0232  0.0235  0.0234  0.0235  0.0236  0.0239  0.0235  0.0238  0.0232  0.0233
  0.0246  0.0243  0.0237  0.0247  0.0241  0.0244  0.0243  0.0250  0.0241  0.0249  0.0235  0.0237
niter,ni,del,rscale     4    3    5.0000    0.7000
parameters
   -1.5770   31.9835    0.7502   -8.7862  -15.0327   -6.1314
    4.2060   -3.5609   -2.1046   20.1752    4.8078  -24.7048
eta,q 0.97707 11.94780
  0.0243  0.0240  0.0236  0.0237  0.0239  0.0235  0.0240  0.0246  0.0238  0.0241  0.0234  0.0235
  0.0235  0.0234  0.0232  0.0234  0.0234  0.0232  0.0234  0.0237  0.0233  0.0235  0.0231  0.0232
  0.0231  0.0231  0.0230  0.0231  0.0230  0.0230  0.0230  0.0231  0.0230  0.0231  0.0230  0.0230
  0.0229  0.0229  0.0229  0.0229  0.0229  0.0229  0.0229  0.0229  0.0229  0.0229  0.0229  0.0229
  0.0231  0.0231  0.0230  0.0229  0.0230  0.0229  0.0231  0.0231  0.0230  0.0230  0.0230  0.0230
  0.0235  0.0234  0.0232  0.0232  0.0233  0.0231  0.0234  0.0237  0.0233  0.0234  0.0231  0.0232
  0.0242  0.0240  0.0235  0.0238  0.0238  0.0236  0.0240  0.0246  0.0238  0.0241  0.0234  0.0235
niter,ni,del,rscale     3    3    5.0000    0.6000
parameters
   -1.5780   31.9778    0.7397   -8.6181  -15.0556   -5.9213
    4.2169   -3.5760   -2.0926   20.3181    4.7998  -24.7238
eta,q 0.97710 11.96964
  0.0239  0.0237  0.0234  0.0235  0.0236  0.0234  0.0237  0.0241  0.0236  0.0238  0.0232  0.0233
  0.0234  0.0233  0.0231  0.0233  0.0232  0.0232  0.0233  0.0234  0.0232  0.0234  0.0230  0.0231
  0.0230  0.0230  0.0230  0.0231  0.0230  0.0230  0.0230  0.0230  0.0230  0.0231  0.0229  0.0230
  0.0229  0.0229  0.0229  0.0229  0.0229  0.0229  0.0229  0.0229  0.0229  0.0229  0.0229  0.0229
  0.0230  0.0230  0.0230  0.0229  0.0230  0.0229  0.0230  0.0231  0.0230  0.0230  0.0229  0.0230
  0.0234  0.0233  0.0231  0.0231  0.0232  0.0230  0.0233  0.0235  0.0232  0.0232  0.0230  0.0231
  0.0239  0.0237  0.0234  0.0235  0.0236  0.0234  0.0237  0.0241  0.0236  0.0238  0.0232  0.0234
niter,ni,del,rscale     2    3    5.0000    0.5000
parameters
   -1.5809   31.9684    0.7362   -8.4484  -15.1152   -5.6813
    4.2162   -3.5932   -2.0919   20.4474    4.7571  -24.7408
eta,q 0.97713 11.98967
  0.0236  0.0235  0.0232  0.0233  0.0234  0.0232  0.0234  0.0237  0.0233  0.0235  0.0231  0.0232
  0.0232  0.0231  0.0230  0.0232  0.0231  0.0231  0.0231  0.0233  0.0231  0.0232  0.0230  0.0230
  0.0230  0.0230  0.0229  0.0230  0.0229  0.0230  0.0229  0.0230  0.0229  0.0230  0.0229  0.0229
  0.0229  0.0229  0.0229  0.0229  0.0229  0.0229  0.0229  0.0229  0.0229  0.0229  0.0229  0.0229
  0.0230  0.0230  0.0229  0.0229  0.0230  0.0229  0.0229  0.0230  0.0229  0.0229  0.0229  0.0229
  0.0232  0.0232  0.0230  0.0230  0.0231  0.0229  0.0231  0.0233  0.0231  0.0231  0.0230  0.0230
  0.0236  0.0235  0.0232  0.0233  0.0234  0.0232  0.0234  0.0238  0.0233  0.0235  0.0231  0.0232
niter,ni,del,rscale     1    3    5.0000    0.4000
parameters
   -1.5849   31.9605    0.7264   -8.2788  -15.1881   -5.4252
    4.2178   -3.6110   -2.0825   20.5665    4.7183  -24.7876
eta,q 0.97715 12.00929
  0.0233  0.0232  0.0231  0.0232  0.0232  0.0231  0.0232  0.0234  0.0232  0.0233  0.0230  0.0231
  0.0231  0.0230  0.0230  0.0230  0.0230  0.0230  0.0230  0.0231  0.0230  0.0231  0.0229  0.0229
  0.0229  0.0229  0.0229  0.0229  0.0229  0.0229  0.0229  0.0229  0.0229  0.0229  0.0229  0.0229
  0.0229  0.0229  0.0229  0.0229  0.0229  0.0229  0.0229  0.0229  0.0229  0.0229  0.0229  0.0228
  0.0229  0.0229  0.0229  0.0229  0.0229  0.0228  0.0229  0.0229  0.0229  0.0229  0.0229  0.0229
  0.0231  0.0230  0.0230  0.0229  0.0230  0.0229  0.0230  0.0231  0.0230  0.0230  0.0229  0.0230
  0.0233  0.0232  0.0231  0.0231  0.0232  0.0231  0.0232  0.0234  0.0231  0.0232  0.0230  0.0231
registration optimization eta report
parameter search radius
    0.8000    0.8000    0.8000    2.4000    2.4000    2.4000
    2.4000    2.4000    2.4000    2.4000    2.4000    2.4000
100000*second partial in parameter space
       69.       56.       33.        5.        5.        4.
        6.       10.        5.        7.        3.        4.
  0.0233  0.0232  0.0231  0.0232  0.0232  0.0231  0.0232  0.0234  0.0232  0.0233  0.0230  0.0231
  0.0231  0.0230  0.0230  0.0230  0.0230  0.0230  0.0230  0.0231  0.0230  0.0231  0.0229  0.0229
  0.0229  0.0229  0.0229  0.0229  0.0229  0.0229  0.0229  0.0229  0.0229  0.0229  0.0229  0.0229
  0.0229  0.0229  0.0229  0.0229  0.0229  0.0229  0.0229  0.0229  0.0229  0.0229  0.0229  0.0228
  0.0229  0.0229  0.0229  0.0229  0.0229  0.0228  0.0229  0.0229  0.0229  0.0229  0.0229  0.0229
  0.0231  0.0230  0.0230  0.0229  0.0230  0.0229  0.0230  0.0231  0.0230  0.0230  0.0229  0.0230
  0.0233  0.0232  0.0231  0.0231  0.0232  0.0231  0.0232  0.0234  0.0231  0.0232  0.0230  0.0231
   -1.5849   31.9605    0.7264   -8.2788  -15.1881   -5.4252
    4.2178   -3.6110   -2.0825   20.5665    4.7183  -24.7876
eta,q 0.97715 12.00929

---------------------------------------------------------------------
compute_vox2vox talsrcimg talsrcimg_to_711-2C_as_mni_average_305_t4 /opt/freesurfer/average/711-2C_as_mni_average_305
---------------------------------------------------------------------

freesurfer compute_vox2vox.c
Reading: talsrcimg.4dfp.ifh
Reading: talsrcimg_to_711-2C_as_mni_average_305_t4
Reading: /opt/freesurfer/average/711-2C_as_mni_average_305.4dfp.ifh
Writing: talsrcimg_to_711-2C_as_mni_average_305_t4_vox2vox.txt

start time Mon Mar 9 13:38:21 CET 2026
end		time Mon Mar 9 13:39:48 CET 2026

mpr2mni305 success

avi2talxfm orig_nu.mgz /opt/freesurfer/average/mni305.cor.mgz talsrcimg_to_711-2C_as_mni_average_305_t4_vox2vox.txt transforms/talairach.auto.xfm
avi2talxfm done
mv -f /out/sourcedata/freesurfer/sub-v1s22x0050472_ses-1/mri/talsrcimg_to_711-2C_as_mni_average_305_t4_vox2vox.txt /out/sourcedata/freesurfer/sub-v1s22x0050472_ses-1/mri/transforms/talsrcimg_to_711-2C_as_mni_average_305_t4_vox2vox.txt
lta_convert --src orig_nu.mgz --trg /opt/freesurfer/average/mni305.cor.mgz --inxfm transforms/talairach.auto.xfm --outlta transforms/talairach.auto.xfm.lta --subject fsaverage
7.3.2

--src: orig_nu.mgz src image (geometry).
--trg: /opt/freesurfer/average/mni305.cor.mgz trg image (geometry).
--inmni: transforms/talairach.auto.xfm input MNI/XFM transform.
--outlta: transforms/talairach.auto.xfm.lta output LTA.
--s: fsaverage subject name
 LTA read, type : 1
 1.08679   0.05007  -0.03941  -2.80167;
-0.04440   0.99213   0.29217  -51.74057;
 0.03745  -0.23936   1.10726  -2.37602;
 0.00000   0.00000   0.00000   1.00000;
setting subject to fsaverage
Writing  LTA to file transforms/talairach.auto.xfm.lta...
lta_convert successful.
 
 
Started at Mon Mar 9 13:38:20 CET 2026
Ended   at Mon Mar  9 13:39:49 CET 2026
talairach_avi done
