status file for recon-all
Mon Mar  9 14:26:00 CET 2026
#@# Tessellate lh Mon Mar  9 14:26:00 CET 2026
#@# Smooth1 lh Mon Mar  9 14:26:04 CET 2026
#@# Inflation1 lh Mon Mar  9 14:26:06 CET 2026
#@# QSphere lh Mon Mar  9 14:26:15 CET 2026
#@# Fix Topology lh Mon Mar  9 14:27:18 CET 2026
#@# Smooth2 lh Mon Mar  9 14:31:44 CET 2026
#@# Inflation2 lh Mon Mar  9 14:31:47 CET 2026
#@# Curv .H and .K lh Mon Mar  9 14:31:56 CET 2026
#@# Sphere lh Mon Mar  9 14:32:40 CET 2026
#@# Surf Reg lh Mon Mar  9 14:34:24 CET 2026
#@# Jacobian white lh Mon Mar  9 14:37:01 CET 2026
#@# AvgCurv lh Mon Mar  9 14:37:01 CET 2026
#@# Cortical Parc lh Mon Mar  9 14:37:02 CET 2026
#@# white curv lh Mon Mar  9 14:42:11 CET 2026
#@# white area lh Mon Mar  9 14:42:13 CET 2026
#@# pial curv lh Mon Mar  9 14:42:13 CET 2026
#@# pial area lh Mon Mar  9 14:42:15 CET 2026
#@# thickness lh Mon Mar  9 14:42:16 CET 2026
#@# area and vertex vol lh Mon Mar  9 14:42:44 CET 2026
#@# Curvature Stats lh Mon Mar  9 14:42:45 CET 2026
#@# Cortical Parc 2 lh Mon Mar  9 14:42:47 CET 2026
#@# Cortical Parc 3 lh Mon Mar  9 14:42:59 CET 2026
#@# WM/GM Contrast lh Mon Mar  9 14:43:08 CET 2026
recon-all -s sub-v1s22x0050466_ses-1 finished without error at Mon Mar  9 14:43:13 CET 2026



#New# invocation of recon-all 



status file for recon-all
Mon Mar  9 15:07:53 CET 2026
#@# white curv lh Mon Mar  9 15:07:53 CET 2026
#@# white area lh Mon Mar  9 15:07:53 CET 2026
#@# pial curv lh Mon Mar  9 15:07:53 CET 2026
#@# pial area lh Mon Mar  9 15:07:53 CET 2026
#@# thickness lh Mon Mar  9 15:07:53 CET 2026
#@# area and vertex vol lh Mon Mar  9 15:07:53 CET 2026
#@# Parcellation Stats lh Mon Mar  9 15:07:53 CET 2026
#@# Parcellation Stats 2 lh Mon Mar  9 15:08:10 CET 2026
#@# Parcellation Stats 3 lh Mon Mar  9 15:08:18 CET 2026
#@# BA_exvivo Labels lh Mon Mar  9 15:08:26 CET 2026
recon-all -s sub-v1s22x0050466_ses-1 finished without error at Mon Mar  9 15:10:40 CET 2026
