status file for recon-all
Mon Mar  9 12:47:40 CET 2026
#@# MotionCor Mon Mar  9 12:47:46 CET 2026
#@# Talairach Mon Mar  9 12:48:04 CET 2026
#@# Talairach Failure Detection Mon Mar  9 12:52:28 CET 2026
#@# Nu Intensity Correction Mon Mar  9 12:52:28 CET 2026
#@# Intensity Normalization Mon Mar  9 12:55:41 CET 2026
recon-all -s sub-v1s22x0050466_ses-1 finished without error at Mon Mar  9 12:57:17 CET 2026



#New# invocation of recon-all 



status file for recon-all
Mon Mar  9 13:07:58 CET 2026
#@# EM Registration Mon Mar  9 13:07:58 CET 2026
recon-all -s sub-v1s22x0050466_ses-1 finished without error at Mon Mar  9 13:09:20 CET 2026



#New# invocation of recon-all 



status file for recon-all
Mon Mar  9 13:09:24 CET 2026
#@# CA Normalize Mon Mar  9 13:09:24 CET 2026
#@# CA Reg Mon Mar  9 13:10:47 CET 2026
#@# SubCort Seg Mon Mar  9 13:53:56 CET 2026
#@# CC Seg Mon Mar  9 14:20:02 CET 2026
#@# Merge ASeg Mon Mar  9 14:20:39 CET 2026
#@# Intensity Normalization2 Mon Mar  9 14:20:39 CET 2026
#@# Mask BFS Mon Mar  9 14:23:01 CET 2026
#@# WM Segmentation Mon Mar  9 14:23:02 CET 2026
#@# Fill Mon Mar  9 14:24:53 CET 2026
recon-all -s sub-v1s22x0050466_ses-1 finished without error at Mon Mar  9 14:25:55 CET 2026



#New# invocation of recon-all 



status file for recon-all
Mon Mar  9 15:01:29 CET 2026
#@# white curv lh Mon Mar  9 15:01:29 CET 2026
#@# white area lh Mon Mar  9 15:01:29 CET 2026
#@# pial curv lh Mon Mar  9 15:01:29 CET 2026
#@# pial area lh Mon Mar  9 15:01:29 CET 2026
#@# thickness lh Mon Mar  9 15:01:29 CET 2026
#@# area and vertex vol lh Mon Mar  9 15:01:29 CET 2026
#@# white curv rh Mon Mar  9 15:01:29 CET 2026
#@# white area rh Mon Mar  9 15:01:29 CET 2026
#@# pial curv rh Mon Mar  9 15:01:29 CET 2026
#@# pial area rh Mon Mar  9 15:01:29 CET 2026
#@# thickness rh Mon Mar  9 15:01:29 CET 2026
#@# area and vertex vol rh Mon Mar  9 15:01:29 CET 2026
#@# Cortical ribbon mask Mon Mar  9 15:01:29 CET 2026
recon-all -s sub-v1s22x0050466_ses-1 finished without error at Mon Mar  9 15:07:49 CET 2026



#New# invocation of recon-all 



status file for recon-all
Mon Mar  9 15:13:36 CET 2026
#@# white curv lh Mon Mar  9 15:13:36 CET 2026
#@# white area lh Mon Mar  9 15:13:36 CET 2026
#@# pial curv lh Mon Mar  9 15:13:36 CET 2026
#@# pial area lh Mon Mar  9 15:13:36 CET 2026
#@# thickness lh Mon Mar  9 15:13:36 CET 2026
#@# area and vertex vol lh Mon Mar  9 15:13:36 CET 2026
#@# white curv rh Mon Mar  9 15:13:36 CET 2026
#@# white area rh Mon Mar  9 15:13:36 CET 2026
#@# pial curv rh Mon Mar  9 15:13:36 CET 2026
#@# pial area rh Mon Mar  9 15:13:36 CET 2026
#@# thickness rh Mon Mar  9 15:13:36 CET 2026
#@# area and vertex vol rh Mon Mar  9 15:13:36 CET 2026
#@# Curvature Stats lh Mon Mar  9 15:13:36 CET 2026
#@# Curvature Stats rh Mon Mar  9 15:13:38 CET 2026
#@# Relabel Hypointensities Mon Mar  9 15:13:40 CET 2026
#@# APas-to-ASeg Mon Mar  9 15:13:53 CET 2026
#@# AParc-to-ASeg aparc Mon Mar  9 15:14:00 CET 2026
#@# AParc-to-ASeg aparc.a2009s Mon Mar  9 15:14:20 CET 2026
#@# AParc-to-ASeg aparc.DKTatlas Mon Mar  9 15:14:41 CET 2026
#@# WMParc Mon Mar  9 15:15:01 CET 2026
#@# ASeg Stats Mon Mar  9 15:18:36 CET 2026
recon-all -s sub-v1s22x0050466_ses-1 finished without error at Mon Mar  9 15:19:06 CET 2026
