status file for recon-all
Mon Mar  9 14:30:46 CET 2026
#@# Tessellate rh Mon Mar  9 14:30:46 CET 2026
#@# Smooth1 rh Mon Mar  9 14:30:50 CET 2026
#@# Inflation1 rh Mon Mar  9 14:30:54 CET 2026
#@# QSphere rh Mon Mar  9 14:31:14 CET 2026
#@# Fix Topology rh Mon Mar  9 14:33:13 CET 2026
#@# Smooth2 rh Mon Mar  9 14:42:20 CET 2026
#@# Inflation2 rh Mon Mar  9 14:42:24 CET 2026
#@# Curv .H and .K rh Mon Mar  9 14:42:48 CET 2026
#@# Sphere rh Mon Mar  9 14:43:51 CET 2026
#@# Surf Reg rh Mon Mar  9 14:47:59 CET 2026
#@# Jacobian white rh Mon Mar  9 14:56:26 CET 2026
#@# AvgCurv rh Mon Mar  9 14:56:27 CET 2026
#@# Cortical Parc rh Mon Mar  9 14:56:29 CET 2026
#@# white curv rh Mon Mar  9 15:06:52 CET 2026
#@# white area rh Mon Mar  9 15:06:55 CET 2026
#@# pial curv rh Mon Mar  9 15:06:56 CET 2026
#@# pial area rh Mon Mar  9 15:06:58 CET 2026
#@# thickness rh Mon Mar  9 15:06:59 CET 2026
#@# area and vertex vol rh Mon Mar  9 15:07:47 CET 2026
#@# Curvature Stats rh Mon Mar  9 15:07:49 CET 2026
#@# Cortical Parc 2 rh Mon Mar  9 15:07:53 CET 2026
#@# Cortical Parc 3 rh Mon Mar  9 15:08:11 CET 2026
#@# WM/GM Contrast rh Mon Mar  9 15:08:25 CET 2026
recon-all -s sub-v1s22x0050432_ses-1 finished without error at Mon Mar  9 15:08:32 CET 2026



#New# invocation of recon-all 



status file for recon-all
Mon Mar  9 15:21:30 CET 2026
#@# white curv rh Mon Mar  9 15:21:30 CET 2026
#@# white area rh Mon Mar  9 15:21:30 CET 2026
#@# pial curv rh Mon Mar  9 15:21:30 CET 2026
#@# pial area rh Mon Mar  9 15:21:30 CET 2026
#@# thickness rh Mon Mar  9 15:21:30 CET 2026
#@# area and vertex vol rh Mon Mar  9 15:21:30 CET 2026
#@# Parcellation Stats rh Mon Mar  9 15:21:30 CET 2026
#@# Parcellation Stats 2 rh Mon Mar  9 15:22:02 CET 2026
#@# Parcellation Stats 3 rh Mon Mar  9 15:22:19 CET 2026
#@# BA_exvivo Labels rh Mon Mar  9 15:22:34 CET 2026
recon-all -s sub-v1s22x0050432_ses-1 finished without error at Mon Mar  9 15:26:14 CET 2026
