status file for recon-all
Mon Mar  9 13:44:52 CET 2026
#@# Tessellate lh Mon Mar  9 13:44:52 CET 2026
#@# Smooth1 lh Mon Mar  9 13:44:56 CET 2026
#@# Inflation1 lh Mon Mar  9 13:45:00 CET 2026
#@# QSphere lh Mon Mar  9 13:45:18 CET 2026
#@# Fix Topology lh Mon Mar  9 13:46:56 CET 2026
#@# Smooth2 lh Mon Mar  9 13:57:19 CET 2026
#@# Inflation2 lh Mon Mar  9 13:57:23 CET 2026
#@# Curv .H and .K lh Mon Mar  9 13:57:42 CET 2026
#@# Sphere lh Mon Mar  9 13:58:43 CET 2026
#@# Surf Reg lh Mon Mar  9 14:06:31 CET 2026
#@# Jacobian white lh Mon Mar  9 14:17:32 CET 2026
#@# AvgCurv lh Mon Mar  9 14:17:33 CET 2026
#@# Cortical Parc lh Mon Mar  9 14:17:34 CET 2026
#@# white curv lh Mon Mar  9 14:29:13 CET 2026
#@# white area lh Mon Mar  9 14:29:16 CET 2026
#@# pial curv lh Mon Mar  9 14:29:17 CET 2026
#@# pial area lh Mon Mar  9 14:29:19 CET 2026
#@# thickness lh Mon Mar  9 14:29:20 CET 2026
#@# area and vertex vol lh Mon Mar  9 14:29:59 CET 2026
#@# Curvature Stats lh Mon Mar  9 14:30:01 CET 2026
#@# Cortical Parc 2 lh Mon Mar  9 14:30:05 CET 2026
#@# Cortical Parc 3 lh Mon Mar  9 14:30:22 CET 2026
#@# WM/GM Contrast lh Mon Mar  9 14:30:37 CET 2026
recon-all -s sub-v1s22x0050432_ses-1 finished without error at Mon Mar  9 14:30:43 CET 2026



#New# invocation of recon-all 



status file for recon-all
Mon Mar  9 15:16:45 CET 2026
#@# white curv lh Mon Mar  9 15:16:45 CET 2026
#@# white area lh Mon Mar  9 15:16:45 CET 2026
#@# pial curv lh Mon Mar  9 15:16:45 CET 2026
#@# pial area lh Mon Mar  9 15:16:45 CET 2026
#@# thickness lh Mon Mar  9 15:16:45 CET 2026
#@# area and vertex vol lh Mon Mar  9 15:16:45 CET 2026
#@# Parcellation Stats lh Mon Mar  9 15:16:45 CET 2026
#@# Parcellation Stats 2 lh Mon Mar  9 15:17:15 CET 2026
#@# Parcellation Stats 3 lh Mon Mar  9 15:17:29 CET 2026
#@# BA_exvivo Labels lh Mon Mar  9 15:17:44 CET 2026
recon-all -s sub-v1s22x0050432_ses-1 finished without error at Mon Mar  9 15:21:26 CET 2026
