status file for recon-all
Mon Mar  9 11:42:20 CET 2026
#@# MotionCor Mon Mar  9 11:42:28 CET 2026
#@# Talairach Mon Mar  9 11:42:49 CET 2026
#@# Talairach Failure Detection Mon Mar  9 11:47:15 CET 2026
#@# Nu Intensity Correction Mon Mar  9 11:47:15 CET 2026
#@# Intensity Normalization Mon Mar  9 11:50:32 CET 2026
recon-all -s sub-v1s22x0050432_ses-1 finished without error at Mon Mar  9 11:52:10 CET 2026



#New# invocation of recon-all 



status file for recon-all
Mon Mar  9 12:04:35 CET 2026
#@# EM Registration Mon Mar  9 12:04:35 CET 2026
recon-all -s sub-v1s22x0050432_ses-1 finished without error at Mon Mar  9 12:06:52 CET 2026



#New# invocation of recon-all 



status file for recon-all
Mon Mar  9 12:06:55 CET 2026
#@# CA Normalize Mon Mar  9 12:06:55 CET 2026
#@# CA Reg Mon Mar  9 12:08:15 CET 2026
#@# SubCort Seg Mon Mar  9 13:02:00 CET 2026
#@# CC Seg Mon Mar  9 13:38:17 CET 2026
#@# Merge ASeg Mon Mar  9 13:39:09 CET 2026
#@# Intensity Normalization2 Mon Mar  9 13:39:09 CET 2026
#@# Mask BFS Mon Mar  9 13:41:32 CET 2026
#@# WM Segmentation Mon Mar  9 13:41:33 CET 2026
#@# Fill Mon Mar  9 13:43:44 CET 2026
recon-all -s sub-v1s22x0050432_ses-1 finished without error at Mon Mar  9 13:44:46 CET 2026



#New# invocation of recon-all 



status file for recon-all
Mon Mar  9 15:08:36 CET 2026
#@# white curv lh Mon Mar  9 15:08:36 CET 2026
#@# white area lh Mon Mar  9 15:08:37 CET 2026
#@# pial curv lh Mon Mar  9 15:08:37 CET 2026
#@# pial area lh Mon Mar  9 15:08:37 CET 2026
#@# thickness lh Mon Mar  9 15:08:37 CET 2026
#@# area and vertex vol lh Mon Mar  9 15:08:37 CET 2026
#@# white curv rh Mon Mar  9 15:08:37 CET 2026
#@# white area rh Mon Mar  9 15:08:37 CET 2026
#@# pial curv rh Mon Mar  9 15:08:37 CET 2026
#@# pial area rh Mon Mar  9 15:08:37 CET 2026
#@# thickness rh Mon Mar  9 15:08:37 CET 2026
#@# area and vertex vol rh Mon Mar  9 15:08:37 CET 2026
#@# Cortical ribbon mask Mon Mar  9 15:08:37 CET 2026
recon-all -s sub-v1s22x0050432_ses-1 finished without error at Mon Mar  9 15:16:41 CET 2026



#New# invocation of recon-all 



status file for recon-all
Mon Mar  9 15:26:19 CET 2026
#@# white curv lh Mon Mar  9 15:26:19 CET 2026
#@# white area lh Mon Mar  9 15:26:19 CET 2026
#@# pial curv lh Mon Mar  9 15:26:19 CET 2026
#@# pial area lh Mon Mar  9 15:26:19 CET 2026
#@# thickness lh Mon Mar  9 15:26:19 CET 2026
#@# area and vertex vol lh Mon Mar  9 15:26:19 CET 2026
#@# white curv rh Mon Mar  9 15:26:19 CET 2026
#@# white area rh Mon Mar  9 15:26:19 CET 2026
#@# pial curv rh Mon Mar  9 15:26:19 CET 2026
#@# pial area rh Mon Mar  9 15:26:19 CET 2026
#@# thickness rh Mon Mar  9 15:26:19 CET 2026
#@# area and vertex vol rh Mon Mar  9 15:26:19 CET 2026
#@# Curvature Stats lh Mon Mar  9 15:26:19 CET 2026
#@# Curvature Stats rh Mon Mar  9 15:26:23 CET 2026
#@# Relabel Hypointensities Mon Mar  9 15:26:27 CET 2026
#@# APas-to-ASeg Mon Mar  9 15:26:45 CET 2026
#@# AParc-to-ASeg aparc Mon Mar  9 15:26:56 CET 2026
#@# AParc-to-ASeg aparc.a2009s Mon Mar  9 15:27:41 CET 2026
#@# AParc-to-ASeg aparc.DKTatlas Mon Mar  9 15:28:24 CET 2026
#@# WMParc Mon Mar  9 15:29:08 CET 2026
#@# ASeg Stats Mon Mar  9 15:33:14 CET 2026
recon-all -s sub-v1s22x0050432_ses-1 finished without error at Mon Mar  9 15:34:00 CET 2026
