/out/sourcedata/freesurfer/sub-v1s22x0050438_ses-1/mri
/opt/freesurfer/bin/talairach_avi
--i orig_nu.mgz --xfm transforms/talairach.auto.xfm
talairach_avi 7.3.2
Linux dna079 5.14.0-427.37.1.el9_4.x86_64 #1 SMP PREEMPT_DYNAMIC Fri Sep 13 12:41:50 EDT 2024 x86_64 x86_64 x86_64 GNU/Linux
Mon Mar  9 11:58:04 CET 2026
mri_convert orig_nu.mgz talsrcimg.img 
reading from orig_nu.mgz...
TR=0.00, TE=0.00, TI=0.00, flip angle=0.00
i_ras = (-1, 0, -3.72529e-09)
j_ras = (3.72529e-09, 0, -1)
k_ras = (0, 1, 0)
writing to talsrcimg.img...
Analyze Output Matrix
-1.00000   0.00000   0.00000   131.17255;
 0.00000   0.00000   1.00000  -79.06912;
-0.00000  -1.00000   0.00000   123.10062;
 0.00000   0.00000   0.00000   1.00000;
--------------------
INFO: set hdr.hist.orient to -1
mpr2mni305 talsrcimg
Mon Mar  9 11:58:04 CET 2026
/opt/freesurfer/bin/mpr2mni305 talsrcimg
mpr2mni305 7.3.2
target=711-2C_as_mni_average_305

---------------------------------------------------------------------
analyzeto4dfp talsrcimg -O0 -y
---------------------------------------------------------------------

freesurfer ifh2hdr.c
Mon Mar  9 11:58:04 2026
Writing: talsrcimg.4dfp.hdr
freesurfer analyzeto4dfp.c
Reading: talsrcimg.hdr
header size 348 bytes
hdr.dime.datatype	offset=70	value=2
hdr.dime.bitpix		offset=72	value=8
hdr.hist.orient		offset=252	value=-1
dimensionality     4
dimensions       256       256       256         1
Reading: talsrcimg.img
Writing: talsrcimg.4dfp.img
Writing: talsrcimg.4dfp.ifh
ifh2hdr talsrcimg -r0to184
ori=2

---------------------------------------------------------------------
gauss_4dfp talsrcimg 1.1
---------------------------------------------------------------------

freesurfer gauss_4dfp.c
Reading: talsrcimg.4dfp.img
Writing: talsrcimg_g11.4dfp.img
image dimensions 256 256 256 padded to 288 288 288
processing volume 1freesurfer ifh2hdr.c
Mon Mar  9 11:58:06 2026
Writing: talsrcimg_g11.4dfp.hdr

Writing: talsrcimg_g11.4dfp.ifh
including: talsrcimg.4dfp.img.rec in talsrcimg_g11.4dfp.img.rec

---------------------------------------------------------------------
imgreg_4dfp /opt/freesurfer/average/711-2C_as_mni_average_305 none talsrcimg_g11 none talsrcimg_to_711-2C_as_mni_average_305_t4 4355
---------------------------------------------------------------------

freesurfer imgreg_4dfp.c
/opt/freesurfer/average/711-2C_as_mni_average_305.4dfp.img
       256       256       256         1
  1.000000  1.000000  1.000000
orientation T byte_order littleendian
Reading image: /opt/freesurfer/average/711-2C_as_mni_average_305.4dfp.img
dimensions:      256       256       256
mmppix:       1.0000   -1.0000   -1.0000
center:     128.0000 -129.0000 -129.0000
talsrcimg_g11.4dfp.img
       256       256       256         1
  1.000000  1.000000  1.000000
orientation T byte_order littleendian
Reading image: talsrcimg_g11.4dfp.img
dimensions:      256       256       256
mmppix:       1.0000   -1.0000   -1.0000
center:     128.0000 -129.0000 -129.0000
t4_read: open error in t4_sub.f l:  41 t4_file(1:l)talsrcimg_to_711-2C_as_mni_average_305_t4 
t4_read: transform initialized to I4
rotation matrix determinant  1.000000
image alignment mode   4355 decimal     1103 hex
   -7.5000  -45.0000  -45.0000 5610.3955   22.5383
    0.0000  -45.0000  -45.0000 5794.2344   22.5685
    7.5000  -45.0000  -45.0000 5556.4800   22.5940
   -7.5000  -37.5000  -45.0000 6158.0098   21.6771
    0.0000  -37.5000  -45.0000 6384.8936   21.6984
    7.5000  -37.5000  -45.0000 6132.6274   21.7108
   -7.5000  -30.0000  -45.0000 6978.4248   21.0150
    0.0000  -30.0000  -45.0000 7264.6040   21.0179
    7.5000  -30.0000  -45.0000 6968.6167   21.0203
   -7.5000  -22.5000  -45.0000 7849.2256   20.5082
    0.0000  -22.5000  -45.0000 8198.5303   20.5034
    7.5000  -22.5000  -45.0000 7849.1431   20.5137
   -7.5000  -15.0000  -45.0000 8802.5273   20.2519
    0.0000  -15.0000  -45.0000 9223.6406   20.2533
    7.5000  -15.0000  -45.0000 8806.5186   20.2766
   -7.5000   -7.5000  -45.0000 9806.1484   20.1638
    0.0000   -7.5000  -45.000010269.5713   20.1816
    7.5000   -7.5000  -45.0000 9805.0732   20.2096
   -7.5000    0.0000  -45.000010781.0576   20.1452
    0.0000    0.0000  -45.000011300.0010   20.1724
    7.5000    0.0000  -45.000010744.4229   20.1926
   -7.5000    7.5000  -45.000010901.5889   20.1457
    0.0000    7.5000  -45.000011429.9775   20.1658
    7.5000    7.5000  -45.000010848.4980   20.1736
   -7.5000   15.0000  -45.000010858.6406   20.1444
    0.0000   15.0000  -45.000011386.3281   20.1487
    7.5000   15.0000  -45.000010806.7051   20.1512
   -7.5000   22.5000  -45.000010746.8809   20.1423
    0.0000   22.5000  -45.000011282.5762   20.1379
    7.5000   22.5000  -45.000010708.6807   20.1482
   -7.5000   30.0000  -45.000010591.0781   19.8815
    0.0000   30.0000  -45.000011084.4990   19.8832
    7.5000   30.0000  -45.000010521.2695   19.9061
   -7.5000   37.5000  -45.000010682.6279   19.8741
    0.0000   37.5000  -45.000011178.2158   19.8913
    7.5000   37.5000  -45.000010615.0361   19.9186
   -7.5000   45.0000  -45.000010311.9980   19.3720
    0.0000   45.0000  -45.000010818.0771   19.3982
    7.5000   45.0000  -45.000010240.1426   19.4176
   -7.5000  -45.0000  -37.5000 5890.4175   22.4070
    0.0000  -45.0000  -37.5000 6113.5103   22.4213
    7.5000  -45.0000  -37.5000 5873.6235   22.4447
   -7.5000  -37.5000  -37.5000 6469.0366   21.5408
    0.0000  -37.5000  -37.5000 6740.6006   21.5528
    7.5000  -37.5000  -37.5000 6478.8989   21.5657
   -7.5000  -30.0000  -37.5000 7344.1133   20.8755
    0.0000  -30.0000  -37.5000 7663.2109   20.8755
    7.5000  -30.0000  -37.5000 7349.5649   20.8838
   -7.5000  -22.5000  -37.5000 8303.9609   20.3816
    0.0000  -22.5000  -37.5000 8675.4238   20.3735
    7.5000  -22.5000  -37.5000 8289.2080   20.3918
   -7.5000  -15.0000  -37.5000 9336.2969   20.1435
    0.0000  -15.0000  -37.5000 9781.6660   20.1367
    7.5000  -15.0000  -37.5000 9312.6270   20.1655
   -7.5000   -7.5000  -37.500010398.7539   20.0626
    0.0000   -7.5000  -37.500010912.8447   20.0676
    7.5000   -7.5000  -37.500010384.3916   20.0964
   -7.5000    0.0000  -37.500011425.5684   20.0392
    0.0000    0.0000  -37.500012000.5908   20.0532
    7.5000    0.0000  -37.500011384.2910   20.0712
   -7.5000    7.5000  -37.500011547.7480   20.0266
    0.0000    7.5000  -37.500012121.6631   20.0387
    7.5000    7.5000  -37.500011482.2344   20.0467
   -7.5000   15.0000  -37.500011477.5586   20.0167
    0.0000   15.0000  -37.500012037.8271   20.0184
    7.5000   15.0000  -37.500011444.1758   20.0263
   -7.5000   22.5000  -37.500011357.9668   20.0214
    0.0000   22.5000  -37.500011913.0312   20.0138
    7.5000   22.5000  -37.500011314.0195   20.0318
   -7.5000   30.0000  -37.500011182.8467   19.7757
    0.0000   30.0000  -37.500011685.4023   19.7693
    7.5000   30.0000  -37.500011093.2139   19.7977
   -7.5000   37.5000  -37.500011246.9473   19.7744
    0.0000   37.5000  -37.500011764.8662   19.7790
    7.5000   37.5000  -37.500011158.2285   19.8072
   -7.5000   45.0000  -37.500010854.0029   19.2701
    0.0000   45.0000  -37.500011376.6162   19.2836
    7.5000   45.0000  -37.500010754.0293   19.3009
   -7.5000  -45.0000  -30.0000 6277.1860   23.3559
    0.0000  -45.0000  -30.0000 6528.8037   23.3561
    7.5000  -45.0000  -30.0000 6279.6626   23.3722
   -7.5000  -37.5000  -30.0000 6887.8560   22.4402
    0.0000  -37.5000  -30.0000 7201.3481   22.4430
    7.5000  -37.5000  -30.0000 6906.4019   22.4490
   -7.5000  -30.0000  -30.0000 7850.7344   21.7336
    0.0000  -30.0000  -30.0000 8219.5234   21.7290
    7.5000  -30.0000  -30.0000 7851.1523   21.7344
   -7.5000  -22.5000  -30.0000 8921.5039   21.2207
    0.0000  -22.5000  -30.0000 9349.7090   21.2086
    7.5000  -22.5000  -30.0000 8912.9688   21.2279
   -7.5000  -15.0000  -30.000010044.5771   20.9846
    0.0000  -15.0000  -30.000010551.4170   20.9712
    7.5000  -15.0000  -30.000010033.9658   21.0014
   -7.5000   -7.5000  -30.000011183.2832   20.9106
    0.0000   -7.5000  -30.000011734.7510   20.9053
    7.5000   -7.5000  -30.000011137.1953   20.9319
   -7.5000    0.0000  -30.000012281.5625   20.8869
    0.0000    0.0000  -30.000012885.1367   20.8898
    7.5000    0.0000  -30.000012229.3467   20.9017
   -7.5000    7.5000  -30.000012413.3643   20.8630
    0.0000    7.5000  -30.000013023.1045   20.8673
    7.5000    7.5000  -30.000012346.0938   20.8691
   -7.5000   15.0000  -30.000012340.9951   20.8406
    0.0000   15.0000  -30.000012917.7686   20.8381
    7.5000   15.0000  -30.000012281.3203   20.8433
   -7.5000   22.5000  -30.000012210.6787   20.8443
    0.0000   22.5000  -30.000012773.4512   20.8328
    7.5000   22.5000  -30.000012126.6396   20.8517
   -7.5000   30.0000  -30.000011989.2969   20.6037
    0.0000   30.0000  -30.000012513.3877   20.5909
    7.5000   30.0000  -30.000011856.1143   20.6205
   -7.5000   37.5000  -30.000012042.6348   20.6122
    0.0000   37.5000  -30.000012596.2910   20.6068
    7.5000   37.5000  -30.000011919.4561   20.6326
   -7.5000   45.0000  -30.000011576.2510   20.1000
    0.0000   45.0000  -30.000012141.9404   20.1028
    7.5000   45.0000  -30.000011468.2354   20.1142
   -7.5000  -45.0000  -22.5000 6670.7598   24.1581
    0.0000  -45.0000  -22.5000 6945.7544   24.1631
    7.5000  -45.0000  -22.5000 6674.1157   24.1756
   -7.5000  -37.5000  -22.5000 7350.3540   23.2145
    0.0000  -37.5000  -22.5000 7688.4424   23.2197
    7.5000  -37.5000  -22.5000 7371.6895   23.2189
   -7.5000  -30.0000  -22.5000 8418.7646   22.4820
    0.0000  -30.0000  -22.5000 8799.8457   22.4767
    7.5000  -30.0000  -22.5000 8413.5537   22.4730
   -7.5000  -22.5000  -22.5000 9566.3936   21.9447
    0.0000  -22.5000  -22.500010016.2344   21.9323
    7.5000  -22.5000  -22.5000 9549.9863   21.9436
   -7.5000  -15.0000  -22.500010755.5879   21.6951
    0.0000  -15.0000  -22.500011263.0410   21.6839
    7.5000  -15.0000  -22.500010730.9844   21.7094
   -7.5000   -7.5000  -22.500011971.7031   21.6219
    0.0000   -7.5000  -22.500012534.5781   21.6207
    7.5000   -7.5000  -22.500011907.0996   21.6446
   -7.5000    0.0000  -22.500013145.5723   21.6045
    0.0000    0.0000  -22.500013764.1768   21.6117
    7.5000    0.0000  -22.500013085.8711   21.6207
   -7.5000    7.5000  -22.500013297.6836   21.5839
    0.0000    7.5000  -22.500013908.1455   21.5899
    7.5000    7.5000  -22.500013218.6758   21.5860
   -7.5000   15.0000  -22.500013224.5986   21.5578
    0.0000   15.0000  -22.500013815.1230   21.5547
    7.5000   15.0000  -22.500013128.0088   21.5512
   -7.5000   22.5000  -22.500013066.3184   21.5531
    0.0000   22.5000  -22.500013654.7227   21.5413
    7.5000   22.5000  -22.500012956.1562   21.5526
   -7.5000   30.0000  -22.500012809.6279   21.3048
    0.0000   30.0000  -22.500013396.2539   21.2941
    7.5000   30.0000  -22.500012696.5049   21.3190
   -7.5000   37.5000  -22.500012880.2900   21.3167
    0.0000   37.5000  -22.500013492.5518   21.3152
    7.5000   37.5000  -22.500012760.2412   21.3386
   -7.5000   45.0000  -22.500012343.3027   20.8062
    0.0000   45.0000  -22.500012959.3545   20.8131
    7.5000   45.0000  -22.500012261.1699   20.8218
   -7.5000  -45.0000  -15.0000 7079.2363   24.7284
    0.0000  -45.0000  -15.0000 7353.9414   24.7519
    7.5000  -45.0000  -15.0000 7077.2026   24.7668
   -7.5000  -37.5000  -15.0000 7828.9092   23.7770
    0.0000  -37.5000  -15.0000 8161.2173   23.7934
    7.5000  -37.5000  -15.0000 7844.2134   23.7919
   -7.5000  -30.0000  -15.0000 8974.7334   23.0373
    0.0000  -30.0000  -15.0000 9355.2949   23.0356
    7.5000  -30.0000  -15.0000 8964.2168   23.0257
   -7.5000  -22.5000  -15.000010172.1680   22.4788
    0.0000  -22.5000  -15.000010632.8467   22.4699
    7.5000  -22.5000  -15.000010136.8330   22.4728
   -7.5000  -15.0000  -15.000011420.4404   22.2074
    0.0000  -15.0000  -15.000011936.6719   22.2051
    7.5000  -15.0000  -15.000011368.0244   22.2246
   -7.5000   -7.5000  -15.000012697.0645   22.1270
    0.0000   -7.5000  -15.000013282.8252   22.1403
    7.5000   -7.5000  -15.000012638.6318   22.1634
   -7.5000    0.0000  -15.000013958.8486   22.1154
    0.0000    0.0000  -15.000014624.3545   22.1381
    7.5000    0.0000  -15.000013896.3945   22.1499
   -7.5000    7.5000  -15.000014179.5107   22.1077
    0.0000    7.5000  -15.000014816.2832   22.1236
    7.5000    7.5000  -15.000014097.3760   22.1194
   -7.5000   15.0000  -15.000014110.2920   22.0890
    0.0000   15.0000  -15.000014704.0576   22.0892
    7.5000   15.0000  -15.000014000.8887   22.0799
   -7.5000   22.5000  -15.000013918.1729   22.0751
    0.0000   22.5000  -15.000014494.3086   22.0668
    7.5000   22.5000  -15.000013799.4170   22.0699
   -7.5000   30.0000  -15.000013626.7900   21.8109
    0.0000   30.0000  -15.000014202.6895   21.8088
    7.5000   30.0000  -15.000013513.2148   21.8280
   -7.5000   37.5000  -15.000013707.1289   21.8177
    0.0000   37.5000  -15.000014342.5205   21.8305
    7.5000   37.5000  -15.000013609.0020   21.8530
   -7.5000   45.0000  -15.000013122.5244   21.3111
    0.0000   45.0000  -15.000013755.3799   21.3330
    7.5000   45.0000  -15.000013046.7354   21.3443
   -7.5000  -45.0000   -7.5000 7457.2734   25.0059
    0.0000  -45.0000   -7.5000 7754.0942   25.0432
    7.5000  -45.0000   -7.5000 7470.0977   25.0655
   -7.5000  -37.5000   -7.5000 8288.5947   24.0563
    0.0000  -37.5000   -7.5000 8645.2139   24.0815
    7.5000  -37.5000   -7.5000 8309.0791   24.0874
   -7.5000  -30.0000   -7.5000 9528.5596   23.3221
    0.0000  -30.0000   -7.5000 9947.6709   23.3243
    7.5000  -30.0000   -7.5000 9509.9404   23.3182
   -7.5000  -22.5000   -7.500010817.8682   22.7567
    0.0000  -22.5000   -7.500011303.1797   22.7514
    7.5000  -22.5000   -7.500010756.2266   22.7547
   -7.5000  -15.0000   -7.500012132.0654   22.4708
    0.0000  -15.0000   -7.500012647.8145   22.4752
    7.5000  -15.0000   -7.500012052.3525   22.4949
   -7.5000   -7.5000   -7.500013474.4814   22.3788
    0.0000   -7.5000   -7.500014055.5996   22.4027
    7.5000   -7.5000   -7.500013410.5527   22.4289
   -7.5000    0.0000   -7.500014844.7432   22.3650
    0.0000    0.0000   -7.500015511.2207   22.3990
    7.5000    0.0000   -7.500014764.0479   22.4169
   -7.5000    7.5000   -7.500015134.7402   22.3674
    0.0000    7.5000   -7.500015805.5273   22.3910
    7.5000    7.5000   -7.500015034.4668   22.3933
   -7.5000   15.0000   -7.500015155.7393   22.3612
    0.0000   15.0000   -7.500015794.4492   22.3652
    7.5000   15.0000   -7.500015033.1465   22.3595
   -7.5000   22.5000   -7.500014901.4639   22.3449
    0.0000   22.5000   -7.500015512.9258   22.3402
    7.5000   22.5000   -7.500014805.6260   22.3437
   -7.5000   30.0000   -7.500014538.2373   22.0688
    0.0000   30.0000   -7.500015115.1260   22.0732
    7.5000   30.0000   -7.500014463.2783   22.0926
   -7.5000   37.5000   -7.500014621.7910   22.0654
    0.0000   37.5000   -7.500015270.1914   22.0886
    7.5000   37.5000   -7.500014560.0557   22.1141
   -7.5000   45.0000   -7.500014026.1953   21.5556
    0.0000   45.0000   -7.500014679.3916   21.5884
    7.5000   45.0000   -7.500013938.0488   21.6057
   -7.5000  -45.0000    0.0000 7797.4590   25.0532
    0.0000  -45.0000    0.0000 8103.5356   25.0879
    7.5000  -45.0000    0.0000 7813.3940   25.1171
   -7.5000  -37.5000    0.0000 8700.6123   24.1012
    0.0000  -37.5000    0.0000 9057.7373   24.1257
    7.5000  -37.5000    0.0000 8708.8545   24.1403
   -7.5000  -30.0000    0.0000 9994.7988   23.3694
    0.0000  -30.0000    0.000010429.0938   23.3733
    7.5000  -30.0000    0.0000 9966.7891   23.3767
   -7.5000  -22.5000    0.000011310.1436   22.8097
    0.0000  -22.5000    0.000011848.1016   22.8048
    7.5000  -22.5000    0.000011259.5400   22.8168
   -7.5000  -15.0000    0.000012651.5059   22.5267
    0.0000  -15.0000    0.000013263.2480   22.5288
    7.5000  -15.0000    0.000012585.1074   22.5549
   -7.5000   -7.5000    0.000014018.6689   22.4291
    0.0000   -7.5000    0.000014729.2900   22.4495
    7.5000   -7.5000    0.000013978.4717   22.4811
   -7.5000    0.0000    0.000015430.1064   22.4080
    0.0000    0.0000    0.000016197.6436   22.4392
    7.5000    0.0000    0.000015385.8926   22.4622
   -7.5000    7.5000    0.000015873.1729   22.4083
    0.0000    7.5000    0.000016680.0820   22.4314
    7.5000    7.5000    0.000015780.5869   22.4408
   -7.5000   15.0000    0.000016145.8467   22.4070
    0.0000   15.0000    0.000017043.1855   22.4124
    7.5000   15.0000    0.000016058.6943   22.4158
   -7.5000   22.5000    0.000016010.1133   22.3980
    0.0000   22.5000    0.000016845.2891   22.3935
    7.5000   22.5000    0.000015926.2588   22.4054
   -7.5000   30.0000    0.000015567.1914   22.1240
    0.0000   30.0000    0.000016311.7021   22.1263
    7.5000   30.0000    0.000015491.8154   22.1521
   -7.5000   37.5000    0.000015592.8574   22.1155
    0.0000   37.5000    0.000016395.3555   22.1354
    7.5000   37.5000    0.000015511.5557   22.1660
   -7.5000   45.0000    0.000014907.0547   21.5987
    0.0000   45.0000    0.000015726.0830   21.6288
    7.5000   45.0000    0.000014761.5371   21.6510
   -7.5000  -45.0000    7.5000 7462.7783   25.0669
    0.0000  -45.0000    7.5000 7787.3281   25.0831
    7.5000  -45.0000    7.5000 7465.1060   25.1095
   -7.5000  -37.5000    7.5000 8368.6777   24.0981
    0.0000  -37.5000    7.5000 8776.9395   24.1116
    7.5000  -37.5000    7.5000 8351.2402   24.1262
   -7.5000  -30.0000    7.5000 9649.7852   23.3540
    0.0000  -30.0000    7.500010139.4893   23.3542
    7.5000  -30.0000    7.5000 9614.2246   23.3635
   -7.5000  -22.5000    7.500010900.2207   22.8016
    0.0000  -22.5000    7.500011489.7197   22.7927
    7.5000  -22.5000    7.500010920.5879   22.8133
   -7.5000  -15.0000    7.500012194.2383   22.5354
    0.0000  -15.0000    7.500012808.6768   22.5279
    7.5000  -15.0000    7.500012211.5615   22.5602
   -7.5000   -7.5000    7.500013523.7246   22.4450
    0.0000   -7.5000    7.500014213.8281   22.4506
    7.5000   -7.5000    7.500013560.6230   22.4831
   -7.5000    0.0000    7.500014876.8135   22.4187
    0.0000    0.0000    7.500015636.6279   22.4345
    7.5000    0.0000    7.500014924.1533   22.4548
   -7.5000    7.5000    7.500015351.6035   22.4046
    0.0000    7.5000    7.500016277.8486   22.4182
    7.5000    7.5000    7.500015370.4883   22.4273
   -7.5000   15.0000    7.500015751.1484   22.3934
    0.0000   15.0000    7.500017146.3398   22.3954
    7.5000   15.0000    7.500015768.1777   22.4044
   -7.5000   22.5000    7.500015847.4795   22.3915
    0.0000   22.5000    7.500017104.5938   22.3832
    7.5000   22.5000    7.500015720.9102   22.4034
   -7.5000   30.0000    7.500015448.5898   22.1326
    0.0000   30.0000    7.500016443.8555   22.1256
    7.5000   30.0000    7.500015189.2012   22.1574
   -7.5000   37.5000    7.500015363.4775   22.1312
    0.0000   37.5000    7.500016307.1650   22.1365
    7.5000   37.5000    7.500015064.8066   22.1681
   -7.5000   45.0000    7.500014559.9297   21.6090
    0.0000   45.0000    7.500015456.5898   21.6243
    7.5000   45.0000    7.500014294.7783   21.6438
   -7.5000  -45.0000   15.0000 7089.8135   25.0907
    0.0000  -45.0000   15.0000 7405.2104   25.0909
    7.5000  -45.0000   15.0000 7059.5156   25.1083
   -7.5000  -37.5000   15.0000 7964.2983   24.1067
    0.0000  -37.5000   15.0000 8364.6572   24.1098
    7.5000  -37.5000   15.0000 7934.1997   24.1163
   -7.5000  -30.0000   15.0000 9168.5762   23.3473
    0.0000  -30.0000   15.0000 9666.0049   23.3424
    7.5000  -30.0000   15.0000 9159.9902   23.3482
   -7.5000  -22.5000   15.000010362.0244   22.7961
    0.0000  -22.5000   15.000010946.2109   22.7832
    7.5000  -22.5000   15.000010413.4492   22.8040
   -7.5000  -15.0000   15.000011612.3584   22.5424
    0.0000  -15.0000   15.000012248.1367   22.5281
    7.5000  -15.0000   15.000011649.8008   22.5605
   -7.5000   -7.5000   15.000012919.2773   22.4629
    0.0000   -7.5000   15.000013669.8711   22.4572
    7.5000   -7.5000   15.000012950.3867   22.4858
   -7.5000    0.0000   15.000014221.9561   22.4375
    0.0000    0.0000   15.000015099.1064   22.4406
    7.5000    0.0000   15.000014260.1895   22.4534
   -7.5000    7.5000   15.000014593.0811   22.4118
    0.0000    7.5000   15.000015640.1201   22.4164
    7.5000    7.5000   15.000014662.5303   22.4184
   -7.5000   15.0000   15.000014834.2900   22.3877
    0.0000   15.0000   15.000016010.1201   22.3850
    7.5000   15.0000   15.000014838.9863   22.3907
   -7.5000   22.5000   15.000014844.1543   22.3868
    0.0000   22.5000   15.000015801.5205   22.3745
    7.5000   22.5000   15.000014686.8184   22.3947
   -7.5000   30.0000   15.000014539.8809   22.1397
    0.0000   30.0000   15.000015390.6982   22.1260
    7.5000   30.0000   15.000014319.5742   22.1578
   -7.5000   37.5000   15.000014549.2744   22.1489
    0.0000   37.5000   15.000015461.2275   22.1430
    7.5000   37.5000   15.000014332.8105   22.1709
   -7.5000   45.0000   15.000013779.3125   21.6271
    0.0000   45.0000   15.000014680.1904   21.6301
    7.5000   45.0000   15.000013601.8994   21.6424
   -7.5000  -45.0000   22.5000 6649.4639   25.1947
    0.0000  -45.0000   22.5000 6972.4116   25.1998
    7.5000  -45.0000   22.5000 6591.8521   25.2129
   -7.5000  -37.5000   22.5000 7475.9907   24.2131
    0.0000  -37.5000   22.5000 7880.1030   24.2183
    7.5000  -37.5000   22.5000 7414.1084   24.2174
   -7.5000  -30.0000   22.5000 8596.7129   23.4504
    0.0000  -30.0000   22.5000 9127.8086   23.4445
    7.5000  -30.0000   22.5000 8580.3232   23.4406
   -7.5000  -22.5000   22.5000 9766.5225   22.8897
    0.0000  -22.5000   22.500010359.3652   22.8763
    7.5000  -22.5000   22.5000 9747.8457   22.8882
   -7.5000  -15.0000   22.500010993.0088   22.6280
    0.0000  -15.0000   22.500011632.3604   22.6160
    7.5000  -15.0000   22.500010955.9980   22.6426
   -7.5000   -7.5000   22.500012207.0850   22.5509
    0.0000   -7.5000   22.500012892.1445   22.5494
    7.5000   -7.5000   22.500012190.2197   22.5745
   -7.5000    0.0000   22.500013392.3057   22.5325
    0.0000    0.0000   22.500014142.5859   22.5397
    7.5000    0.0000   22.500013435.6221   22.5492
   -7.5000    7.5000   22.500013648.2139   22.5110
    0.0000    7.5000   22.500014485.8340   22.5171
    7.5000    7.5000   22.500013744.8877   22.5129
   -7.5000   15.0000   22.500013734.3975   22.4841
    0.0000   15.0000   22.500014525.3271   22.4805
    7.5000   15.0000   22.500013791.9561   22.4768
   -7.5000   22.5000   22.500013612.5850   22.4760
    0.0000   22.5000   22.500014230.2080   22.4633
    7.5000   22.5000   22.500013592.9893   22.4750
   -7.5000   30.0000   22.500013368.6768   22.2235
    0.0000   30.0000   22.500013967.7129   22.2119
    7.5000   30.0000   22.500013345.3613   22.2381
   -7.5000   37.5000   22.500013486.0283   22.2356
    0.0000   37.5000   22.500014169.4180   22.2338
    7.5000   37.5000   22.500013452.8887   22.2583
   -7.5000   45.0000   22.500012880.2373   21.7187
    0.0000   45.0000   22.500013568.3604   21.7257
    7.5000   45.0000   22.500012825.3857   21.7348
   -7.5000  -45.0000   30.0000 6156.9634   25.5240
    0.0000  -45.0000   30.0000 6461.2534   25.5481
    7.5000  -45.0000   30.0000 6100.0620   25.5638
   -7.5000  -37.5000   30.0000 6927.8472   24.5386
    0.0000  -37.5000   30.0000 7304.9771   24.5555
    7.5000  -37.5000   30.0000 6871.2251   24.5539
   -7.5000  -30.0000   30.0000 7986.0815   23.7731
    0.0000  -30.0000   30.0000 8468.9570   23.7709
    7.5000  -30.0000   30.0000 7972.1284   23.7605
   -7.5000  -22.5000   30.0000 9090.5283   23.1955
    0.0000  -22.5000   30.0000 9600.0879   23.1856
    7.5000  -22.5000   30.0000 9069.4648   23.1885
   -7.5000  -15.0000   30.000010206.9961   22.9135
    0.0000  -15.0000   30.000010741.3027   22.9104
    7.5000  -15.0000   30.000010200.7129   22.9307
   -7.5000   -7.5000   30.000011294.7031   22.8286
    0.0000   -7.5000   30.000011862.6670   22.8419
    7.5000   -7.5000   30.000011341.0400   22.8659
   -7.5000    0.0000   30.000012403.1279   22.8161
    0.0000    0.0000   30.000013048.7441   22.8395
    7.5000    0.0000   30.000012482.0859   22.8516
   -7.5000    7.5000   30.000012610.0127   22.8081
    0.0000    7.5000   30.000013314.5850   22.8246
    7.5000    7.5000   30.000012723.9268   22.8200
   -7.5000   15.0000   30.000012645.2422   22.7889
    0.0000   15.0000   30.000013256.9209   22.7888
    7.5000   15.0000   30.000012684.9736   22.7789
   -7.5000   22.5000   30.000012479.0254   22.7723
    0.0000   22.5000   30.000013016.0498   22.7632
    7.5000   22.5000   30.000012500.5664   22.7663
   -7.5000   30.0000   30.000012251.4092   22.5024
    0.0000   30.0000   30.000012787.6865   22.4995
    7.5000   30.0000   30.000012266.3408   22.5195
   -7.5000   37.5000   30.000012422.2842   22.5091
    0.0000   37.5000   30.000013004.5186   22.5219
    7.5000   37.5000   30.000012415.1191   22.5453
   -7.5000   45.0000   30.000011957.3477   21.9921
    0.0000   45.0000   30.000012531.6436   22.0146
    7.5000   45.0000   30.000011920.1113   22.0263
   -7.5000  -45.0000   37.5000 5898.1836   26.0146
    0.0000  -45.0000   37.5000 6204.6924   26.0536
    7.5000  -45.0000   37.5000 5876.9199   26.0777
   -7.5000  -37.5000   37.5000 6621.7979   25.0119
    0.0000  -37.5000   37.5000 6991.6133   25.0379
    7.5000  -37.5000   37.5000 6628.6343   25.0443
   -7.5000  -30.0000   37.5000 7651.3696   24.2396
    0.0000  -30.0000   37.5000 8087.5840   24.2407
    7.5000  -30.0000   37.5000 7683.8540   24.2343
   -7.5000  -22.5000   37.5000 8707.0957   23.6473
    0.0000  -22.5000   37.5000 9187.5137   23.6403
    7.5000  -22.5000   37.5000 8749.1250   23.6439
   -7.5000  -15.0000   37.5000 9755.6982   23.3458
    0.0000  -15.0000   37.500010284.1641   23.3492
    7.5000  -15.0000   37.5000 9826.7070   23.3703
   -7.5000   -7.5000   37.500010808.7676   23.2459
    0.0000   -7.5000   37.500011380.6729   23.2705
    7.5000   -7.5000   37.500010915.7607   23.2985
   -7.5000    0.0000   37.500011889.8350   23.2305
    0.0000    0.0000   37.500012502.7334   23.2662
    7.5000    0.0000   37.500011998.5742   23.2853
   -7.5000    7.5000   37.500012108.7178   23.2336
    0.0000    7.5000   37.500012735.2568   23.2581
    7.5000    7.5000   37.500012208.8076   23.2604
   -7.5000   15.0000   37.500012109.2217   23.2277
    0.0000   15.0000   37.500012653.1699   23.2309
    7.5000   15.0000   37.500012153.2705   23.2247
   -7.5000   22.5000   37.500011919.2461   23.2110
    0.0000   22.5000   37.500012438.2803   23.2047
    7.5000   22.5000   37.500011974.8213   23.2085
   -7.5000   30.0000   37.500011687.7070   22.9246
    0.0000   30.0000   37.500012201.6914   22.9281
    7.5000   30.0000   37.500011722.5557   22.9489
   -7.5000   37.5000   37.500011862.6592   22.9201
    0.0000   37.5000   37.500012408.4023   22.9440
    7.5000   37.5000   37.500011869.6963   22.9712
   -7.5000   45.0000   37.500011477.6562   22.3916
    0.0000   45.0000   37.500011991.1846   22.4259
    7.5000   45.0000   37.500011454.1318   22.4443
   -7.5000  -45.0000   45.0000 5436.0063   26.6344
    0.0000  -45.0000   45.0000 5727.9497   26.6712
    7.5000  -45.0000   45.0000 5446.7871   26.7049
   -7.5000  -37.5000   45.0000 6109.1084   25.5863
    0.0000  -37.5000   45.0000 6455.9043   25.6121
    7.5000  -37.5000   45.0000 6150.8359   25.6291
   -7.5000  -30.0000   45.0000 7038.3823   24.7862
    0.0000  -30.0000   45.0000 7443.4902   24.7896
    7.5000  -30.0000   45.0000 7115.8628   24.7943
   -7.5000  -22.5000   45.0000 8001.0278   24.1772
    0.0000  -22.5000   45.0000 8440.4082   24.1711
    7.5000  -22.5000   45.0000 8088.0474   24.1858
   -7.5000  -15.0000   45.0000 8970.2324   23.8663
    0.0000  -15.0000   45.0000 9458.7061   23.8676
    7.5000  -15.0000   45.0000 9080.2451   23.8983
   -7.5000   -7.5000   45.0000 9953.8877   23.7556
    0.0000   -7.5000   45.000010480.6152   23.7768
    7.5000   -7.5000   45.000010075.6787   23.8131
   -7.5000    0.0000   45.000010941.2754   23.7326
    0.0000    0.0000   45.000011505.5859   23.7657
    7.5000    0.0000   45.000011070.9580   23.7918
   -7.5000    7.5000   45.000011127.3877   23.7350
    0.0000    7.5000   45.000011679.6426   23.7594
    7.5000    7.5000   45.000011234.1357   23.7701
   -7.5000   15.0000   45.000011113.6602   23.7347
    0.0000   15.0000   45.000011615.3135   23.7400
    7.5000   15.0000   45.000011186.4170   23.7443
   -7.5000   22.5000   45.000010915.6768   23.7239
    0.0000   22.5000   45.000011430.4834   23.7184
    7.5000   22.5000   45.000011003.0068   23.7328
   -7.5000   30.0000   45.000010685.5840   23.4301
    0.0000   30.0000   45.000011182.4854   23.4317
    7.5000   30.0000   45.000010750.6973   23.4619
   -7.5000   37.5000   45.000010853.8643   23.4198
    0.0000   37.5000   45.000011361.2451   23.4404
    7.5000   37.5000   45.000010881.5410   23.4757
   -7.5000   45.0000   45.000010514.1201   22.8859
    0.0000   45.0000   45.000011004.8789   22.9178
    7.5000   45.0000   45.000010534.4092   22.9429

---------------------------------------------------------------------
imgreg_4dfp /opt/freesurfer/average/711-2C_as_mni_average_305 /opt/freesurfer/average/711-2B_as_mni_average_305_mask talsrcimg_g11 none talsrcimg_to_711-2C_as_mni_average_305_t4 4355
---------------------------------------------------------------------

freesurfer imgreg_4dfp.c
/opt/freesurfer/average/711-2C_as_mni_average_305.4dfp.img
       256       256       256         1
  1.000000  1.000000  1.000000
orientation T byte_order littleendian
Reading image: /opt/freesurfer/average/711-2C_as_mni_average_305.4dfp.img
dimensions:      256       256       256
mmppix:       1.0000   -1.0000   -1.0000
center:     128.0000 -129.0000 -129.0000
/opt/freesurfer/average/711-2B_as_mni_average_305_mask.4dfp.img
       256       256       256         1
  1.000000  1.000000  1.000000
orientation T byte_order littleendian
Reading mask: /opt/freesurfer/average/711-2B_as_mni_average_305_mask.4dfp.img (2306576 pixels)
talsrcimg_g11.4dfp.img
       256       256       256         1
  1.000000  1.000000  1.000000
orientation T byte_order littleendian
Reading image: talsrcimg_g11.4dfp.img
dimensions:      256       256       256
mmppix:       1.0000   -1.0000   -1.0000
center:     128.0000 -129.0000 -129.0000
rotation matrix determinant  1.000000
image alignment mode   4355 decimal     1103 hex
   -7.5000  -30.0000  -37.5000 1984.4314   30.2057
    0.0000  -30.0000  -37.5000 1998.7056   30.1842
    7.5000  -30.0000  -37.5000 1998.8954   30.1620
   -7.5000  -22.5000  -37.5000 2118.0359   26.7745
    0.0000  -22.5000  -37.5000 2135.0291   26.7696
    7.5000  -22.5000  -37.5000 2124.6997   26.7084
   -7.5000  -15.0000  -37.5000 2241.4355   24.1279
    0.0000  -15.0000  -37.5000 2259.9075   24.1200
    7.5000  -15.0000  -37.5000 2245.4883   24.0701
   -7.5000   -7.5000  -37.5000 2342.3857   22.0629
    0.0000   -7.5000  -37.5000 2364.2822   22.0677
    7.5000   -7.5000  -37.5000 2347.9504   22.0203
   -7.5000    0.0000  -37.5000 2418.3076   20.5016
    0.0000    0.0000  -37.5000 2435.7397   20.5094
    7.5000    0.0000  -37.5000 2413.4641   20.5074
   -7.5000    7.5000  -37.5000 2462.8579   19.3676
    0.0000    7.5000  -37.5000 2477.6606   19.3296
    7.5000    7.5000  -37.5000 2457.0215   19.3863
   -7.5000   15.0000  -37.5000 2482.5281   18.6504
    0.0000   15.0000  -37.5000 2503.1362   18.5785
    7.5000   15.0000  -37.5000 2488.0461   18.6687
   -7.5000   22.5000  -37.5000 2494.3223   18.2820
    0.0000   22.5000  -37.5000 2514.7620   18.2062
    7.5000   22.5000  -37.5000 2504.5557   18.2924
   -7.5000   30.0000  -37.5000 2493.4160   18.3255
    0.0000   30.0000  -37.5000 2511.2830   18.1658
    7.5000   30.0000  -37.5000 2503.8823   18.2703
   -7.5000   37.5000  -37.5000 2470.2283   18.6047
    0.0000   37.5000  -37.5000 2497.6736   18.4843
    7.5000   37.5000  -37.5000 2489.1479   18.5840
   -7.5000   45.0000  -37.5000 2443.1438   19.2535
    0.0000   45.0000  -37.5000 2471.4624   19.1770
    7.5000   45.0000  -37.5000 2458.3152   19.2115
   -7.5000   52.5000  -37.5000 2373.0598   20.0542
    0.0000   52.5000  -37.5000 2403.3335   20.0216
    7.5000   52.5000  -37.5000 2391.5996   20.0257
   -7.5000   60.0000  -37.5000 2249.8923   20.9883
    0.0000   60.0000  -37.5000 2278.6785   20.9665
    7.5000   60.0000  -37.5000 2261.9326   20.9910
   -7.5000  -30.0000  -30.0000 2068.1628   29.5889
    0.0000  -30.0000  -30.0000 2085.5854   29.5107
    7.5000  -30.0000  -30.0000 2084.5911   29.4119
   -7.5000  -22.5000  -30.0000 2216.9441   26.1989
    0.0000  -22.5000  -30.0000 2234.1909   26.1387
    7.5000  -22.5000  -30.0000 2226.4099   26.0531
   -7.5000  -15.0000  -30.0000 2347.1433   23.5513
    0.0000  -15.0000  -30.0000 2369.1975   23.5215
    7.5000  -15.0000  -30.0000 2350.9082   23.4374
   -7.5000   -7.5000  -30.0000 2452.5984   21.4899
    0.0000   -7.5000  -30.0000 2472.9700   21.4315
    7.5000   -7.5000  -30.0000 2452.2671   21.4123
   -7.5000    0.0000  -30.0000 2531.7114   19.9329
    0.0000    0.0000  -30.0000 2553.9360   19.8291
    7.5000    0.0000  -30.0000 2534.7192   19.8550
   -7.5000    7.5000  -30.0000 2582.7935   18.7870
    0.0000    7.5000  -30.0000 2603.2271   18.6110
    7.5000    7.5000  -30.0000 2588.1863   18.6532
   -7.5000   15.0000  -30.0000 2613.0540   17.9755
    0.0000   15.0000  -30.0000 2636.6375   17.8214
    7.5000   15.0000  -30.0000 2626.9460   17.9230
   -7.5000   22.5000  -30.0000 2634.9124   17.5627
    0.0000   22.5000  -30.0000 2655.0630   17.4642
    7.5000   22.5000  -30.0000 2646.4167   17.5442
   -7.5000   30.0000  -30.0000 2632.5815   17.5930
    0.0000   30.0000  -30.0000 2654.4077   17.4403
    7.5000   30.0000  -30.0000 2647.7703   17.5844
   -7.5000   37.5000  -30.0000 2612.0110   17.8890
    0.0000   37.5000  -30.0000 2640.7053   17.7557
    7.5000   37.5000  -30.0000 2632.3743   17.8724
   -7.5000   45.0000  -30.0000 2579.9023   18.5157
    0.0000   45.0000  -30.0000 2612.4087   18.4122
    7.5000   45.0000  -30.0000 2599.7065   18.5199
   -7.5000   52.5000  -30.0000 2501.6228   19.3401
    0.0000   52.5000  -30.0000 2536.1191   19.2552
    7.5000   52.5000  -30.0000 2529.0869   19.2966
   -7.5000   60.0000  -30.0000 2374.8135   20.2316
    0.0000   60.0000  -30.0000 2405.4563   20.1843
    7.5000   60.0000  -30.0000 2394.6184   20.2562
   -7.5000  -30.0000  -22.5000 2130.3394   28.8827
    0.0000  -30.0000  -22.5000 2146.9739   28.7938
    7.5000  -30.0000  -22.5000 2145.1887   28.7875
   -7.5000  -22.5000  -22.5000 2284.1426   25.5335
    0.0000  -22.5000  -22.5000 2303.4800   25.4122
    7.5000  -22.5000  -22.5000 2290.9771   25.3841
   -7.5000  -15.0000  -22.5000 2413.5679   22.8188
    0.0000  -15.0000  -22.5000 2436.3718   22.7110
    7.5000  -15.0000  -22.5000 2416.2720   22.7240
   -7.5000   -7.5000  -22.5000 2527.0242   20.7599
    0.0000   -7.5000  -22.5000 2542.5886   20.6127
    7.5000   -7.5000  -22.5000 2523.1289   20.6795
   -7.5000    0.0000  -22.5000 2615.6323   19.1750
    0.0000    0.0000  -22.5000 2629.7966   19.0243
    7.5000    0.0000  -22.5000 2616.6187   19.0894
   -7.5000    7.5000  -22.5000 2674.5996   18.0410
    0.0000    7.5000  -22.5000 2693.5713   17.8688
    7.5000    7.5000  -22.5000 2684.1277   17.9169
   -7.5000   15.0000  -22.5000 2711.0999   17.2128
    0.0000   15.0000  -22.5000 2734.6995   17.0221
    7.5000   15.0000  -22.5000 2725.8489   17.1116
   -7.5000   22.5000  -22.5000 2737.8235   16.7401
    0.0000   22.5000  -22.5000 2763.4016   16.6371
    7.5000   22.5000  -22.5000 2755.2039   16.7294
   -7.5000   30.0000  -22.5000 2738.5576   16.7308
    0.0000   30.0000  -22.5000 2766.7209   16.6280
    7.5000   30.0000  -22.5000 2761.7266   16.7768
   -7.5000   37.5000  -22.5000 2724.7246   17.0937
    0.0000   37.5000  -22.5000 2755.7539   16.9382
    7.5000   37.5000  -22.5000 2750.6821   17.0985
   -7.5000   45.0000  -22.5000 2694.5327   17.7469
    0.0000   45.0000  -22.5000 2721.9341   17.5686
    7.5000   45.0000  -22.5000 2718.7395   17.7289
   -7.5000   52.5000  -22.5000 2609.3398   18.5412
    0.0000   52.5000  -22.5000 2636.1802   18.3918
    7.5000   52.5000  -22.5000 2634.9375   18.5012
   -7.5000   60.0000  -22.5000 2469.8425   19.4299
    0.0000   60.0000  -22.5000 2494.3367   19.3158
    7.5000   60.0000  -22.5000 2490.4148   19.3932
   -7.5000  -30.0000  -15.0000 2167.4414   28.2851
    0.0000  -30.0000  -15.0000 2177.2852   28.1503
    7.5000  -30.0000  -15.0000 2174.4858   28.3059
   -7.5000  -22.5000  -15.0000 2314.0176   24.8423
    0.0000  -22.5000  -15.0000 2328.6335   24.7185
    7.5000  -22.5000  -15.0000 2314.4958   24.8226
   -7.5000  -15.0000  -15.0000 2437.1780   22.1259
    0.0000  -15.0000  -15.0000 2459.1436   22.0296
    7.5000  -15.0000  -15.0000 2439.2771   22.0985
   -7.5000   -7.5000  -15.0000 2553.6365   20.1022
    0.0000   -7.5000  -15.0000 2571.3887   19.9754
    7.5000   -7.5000  -15.0000 2555.5820   20.0531
   -7.5000    0.0000  -15.0000 2652.3818   18.5042
    0.0000    0.0000  -15.0000 2673.2671   18.3878
    7.5000    0.0000  -15.0000 2662.5369   18.4616
   -7.5000    7.5000  -15.0000 2728.4231   17.3540
    0.0000    7.5000  -15.0000 2749.1116   17.2033
    7.5000    7.5000  -15.0000 2741.0610   17.2945
   -7.5000   15.0000  -15.0000 2773.7007   16.5301
    0.0000   15.0000  -15.0000 2794.5322   16.3525
    7.5000   15.0000  -15.0000 2787.2014   16.4816
   -7.5000   22.5000  -15.0000 2804.8188   16.0177
    0.0000   22.5000  -15.0000 2829.0232   15.8232
    7.5000   22.5000  -15.0000 2822.9346   16.0216
   -7.5000   30.0000  -15.0000 2813.0388   15.9707
    0.0000   30.0000  -15.0000 2833.8091   15.8051
    7.5000   30.0000  -15.0000 2834.8496   16.0348
   -7.5000   37.5000  -15.0000 2803.2249   16.3617
    0.0000   37.5000  -15.0000 2826.7590   16.1869
    7.5000   37.5000  -15.0000 2828.4075   16.3940
   -7.5000   45.0000  -15.0000 2769.0549   17.0245
    0.0000   45.0000  -15.0000 2790.6990   16.8440
    7.5000   45.0000  -15.0000 2793.6433   17.0105
   -7.5000   52.5000  -15.0000 2683.7229   17.8283
    0.0000   52.5000  -15.0000 2701.8357   17.6541
    7.5000   52.5000  -15.0000 2706.0896   17.8032
   -7.5000   60.0000  -15.0000 2542.4639   18.6850
    0.0000   60.0000  -15.0000 2560.9004   18.5497
    7.5000   60.0000  -15.0000 2556.2483   18.6978
   -7.5000  -30.0000   -7.5000 2169.5654   27.7756
    0.0000  -30.0000   -7.5000 2193.9724   27.6662
    7.5000  -30.0000   -7.5000 2186.3464   27.8914
   -7.5000  -22.5000   -7.5000 2316.0808   24.3741
    0.0000  -22.5000   -7.5000 2341.3411   24.2245
    7.5000  -22.5000   -7.5000 2323.2097   24.3994
   -7.5000  -15.0000   -7.5000 2439.9082   21.7148
    0.0000  -15.0000   -7.5000 2460.4082   21.5127
    7.5000  -15.0000   -7.5000 2446.2495   21.6951
   -7.5000   -7.5000   -7.5000 2558.3184   19.6593
    0.0000   -7.5000   -7.5000 2578.3596   19.4506
    7.5000   -7.5000   -7.5000 2570.0552   19.6280
   -7.5000    0.0000   -7.5000 2669.1375   18.0344
    0.0000    0.0000   -7.5000 2690.4302   17.8743
    7.5000    0.0000   -7.5000 2684.3533   18.0511
   -7.5000    7.5000   -7.5000 2757.9346   16.8861
    0.0000    7.5000   -7.5000 2782.6152   16.6837
    7.5000    7.5000   -7.5000 2777.9363   16.8534
   -7.5000   15.0000   -7.5000 2820.7371   16.0553
    0.0000   15.0000   -7.5000 2842.1841   15.8161
    7.5000   15.0000   -7.5000 2840.9392   16.0280
   -7.5000   22.5000   -7.5000 2859.7673   15.5213
    0.0000   22.5000   -7.5000 2885.2585   15.2462
    7.5000   22.5000   -7.5000 2878.4287   15.5296
   -7.5000   30.0000   -7.5000 2872.2175   15.4178
    0.0000   30.0000   -7.5000 2886.7659   15.1357
    7.5000   30.0000   -7.5000 2891.7505   15.5051
   -7.5000   37.5000   -7.5000 2863.0183   15.8113
    0.0000   37.5000   -7.5000 2877.9539   15.5619
    7.5000   37.5000   -7.5000 2887.6848   15.8835
   -7.5000   45.0000   -7.5000 2827.2869   16.4458
    0.0000   45.0000   -7.5000 2845.7810   16.2172
    7.5000   45.0000   -7.5000 2854.4590   16.4883
   -7.5000   52.5000   -7.5000 2740.7153   17.2274
    0.0000   52.5000   -7.5000 2755.3354   17.0020
    7.5000   52.5000   -7.5000 2760.3726   17.2620
   -7.5000   60.0000   -7.5000 2588.5251   18.1343
    0.0000   60.0000   -7.5000 2604.4231   17.9369
    7.5000   60.0000   -7.5000 2602.9185   18.1838
   -7.5000  -30.0000    0.0000 2164.3630   27.7718
    0.0000  -30.0000    0.0000 2181.8711   27.5012
    7.5000  -30.0000    0.0000 2185.6914   27.8153
   -7.5000  -22.5000    0.0000 2297.9209   24.2193
    0.0000  -22.5000    0.0000 2318.4146   24.0114
    7.5000  -22.5000    0.0000 2314.6218   24.2135
   -7.5000  -15.0000    0.0000 2418.4480   21.4742
    0.0000  -15.0000    0.0000 2442.4692   21.2976
    7.5000  -15.0000    0.0000 2436.9946   21.4879
   -7.5000   -7.5000    0.0000 2537.6057   19.3614
    0.0000   -7.5000    0.0000 2569.0845   19.2091
    7.5000   -7.5000    0.0000 2561.3052   19.3902
   -7.5000    0.0000    0.0000 2653.8184   17.7845
    0.0000    0.0000    0.0000 2688.2466   17.5922
    7.5000    0.0000    0.0000 2682.3215   17.7935
   -7.5000    7.5000    0.0000 2756.3882   16.6315
    0.0000    7.5000    0.0000 2792.8091   16.4457
    7.5000    7.5000    0.0000 2787.8708   16.6209
   -7.5000   15.0000    0.0000 2845.4988   15.8755
    0.0000   15.0000    0.0000 2877.2432   15.6989
    7.5000   15.0000    0.0000 2871.6484   15.8499
   -7.5000   22.5000    0.0000 2907.2993   15.4332
    0.0000   22.5000    0.0000 2941.8516   15.2096
    7.5000   22.5000    0.0000 2928.8274   15.4431
   -7.5000   30.0000    0.0000 2917.2932   15.1888
    0.0000   30.0000    0.0000 2938.5391   14.9541
    7.5000   30.0000    0.0000 2937.5461   15.3009
   -7.5000   37.5000    0.0000 2892.1560   15.4639
    0.0000   37.5000    0.0000 2917.2686   15.3345
    7.5000   37.5000    0.0000 2918.5862   15.5735
   -7.5000   45.0000    0.0000 2847.3149   16.0413
    0.0000   45.0000    0.0000 2877.7842   15.8973
    7.5000   45.0000    0.0000 2878.0679   16.0620
   -7.5000   52.5000    0.0000 2762.2874   16.8346
    0.0000   52.5000    0.0000 2788.7366   16.6755
    7.5000   52.5000    0.0000 2784.7908   16.8047
   -7.5000   60.0000    0.0000 2609.3220   17.7698
    0.0000   60.0000    0.0000 2634.0273   17.6373
    7.5000   60.0000    0.0000 2625.6956   17.7590
   -7.5000  -30.0000    7.5000 2143.7117   28.0738
    0.0000  -30.0000    7.5000 2167.3508   27.9091
    7.5000  -30.0000    7.5000 2166.8801   28.1132
   -7.5000  -22.5000    7.5000 2273.5471   24.3709
    0.0000  -22.5000    7.5000 2301.3804   24.2003
    7.5000  -22.5000    7.5000 2298.0784   24.4158
   -7.5000  -15.0000    7.5000 2389.9778   21.5281
    0.0000  -15.0000    7.5000 2416.8469   21.3333
    7.5000  -15.0000    7.5000 2418.1702   21.6656
   -7.5000   -7.5000    7.5000 2513.0176   19.4334
    0.0000   -7.5000    7.5000 2543.1794   19.1744
    7.5000   -7.5000    7.5000 2547.8262   19.5073
   -7.5000    0.0000    7.5000 2632.7581   17.8139
    0.0000    0.0000    7.5000 2668.6318   17.5824
    7.5000    0.0000    7.5000 2678.7312   17.8768
   -7.5000    7.5000    7.5000 2748.6797   16.6513
    0.0000    7.5000    7.5000 2787.7080   16.4917
    7.5000    7.5000    7.5000 2790.3118   16.6914
   -7.5000   15.0000    7.5000 2854.8281   15.9781
    0.0000   15.0000    7.5000 2906.2280   15.9738
    7.5000   15.0000    7.5000 2889.1338   15.9453
   -7.5000   22.5000    7.5000 2928.2695   15.5585
    0.0000   22.5000    7.5000 2996.4324   15.6630
    7.5000   22.5000    7.5000 2954.3459   15.5187
   -7.5000   30.0000    7.5000 2942.8391   15.2974
    0.0000   30.0000    7.5000 2999.5227   15.2516
    7.5000   30.0000    7.5000 2960.9834   15.2954
   -7.5000   37.5000    7.5000 2908.2139   15.4245
    0.0000   37.5000    7.5000 2953.1980   15.2175
    7.5000   37.5000    7.5000 2932.8567   15.3502
   -7.5000   45.0000    7.5000 2856.4060   15.8989
    0.0000   45.0000    7.5000 2890.6267   15.7049
    7.5000   45.0000    7.5000 2880.6602   15.8170
   -7.5000   52.5000    7.5000 2766.6365   16.6528
    0.0000   52.5000    7.5000 2786.4985   16.4749
    7.5000   52.5000    7.5000 2787.6108   16.5644
   -7.5000   60.0000    7.5000 2614.6326   17.5672
    0.0000   60.0000    7.5000 2631.9475   17.4141
    7.5000   60.0000    7.5000 2633.0701   17.5164
   -7.5000  -30.0000   15.0000 2114.0759   28.5848
    0.0000  -30.0000   15.0000 2141.4622   28.4205
    7.5000  -30.0000   15.0000 2144.4634   28.6318
   -7.5000  -22.5000   15.0000 2244.4788   24.7380
    0.0000  -22.5000   15.0000 2274.8442   24.5691
    7.5000  -22.5000   15.0000 2277.7058   24.9032
   -7.5000  -15.0000   15.0000 2363.1985   21.9796
    0.0000  -15.0000   15.0000 2391.6951   21.7429
    7.5000  -15.0000   15.0000 2395.6240   22.0883
   -7.5000   -7.5000   15.0000 2484.5894   19.9085
    0.0000   -7.5000   15.0000 2520.3525   19.7428
    7.5000   -7.5000   15.0000 2520.8887   19.9840
   -7.5000    0.0000   15.0000 2603.0298   18.3057
    0.0000    0.0000   15.0000 2647.2795   18.1910
    7.5000    0.0000   15.0000 2645.4180   18.3400
   -7.5000    7.5000   15.0000 2722.4661   17.0671
    0.0000    7.5000   15.0000 2764.9775   17.0064
    7.5000    7.5000   15.0000 2758.1147   17.1049
   -7.5000   15.0000   15.0000 2829.6489   16.2400
    0.0000   15.0000   15.0000 2878.2148   16.2485
    7.5000   15.0000   15.0000 2861.9819   16.2303
   -7.5000   22.5000   15.0000 2905.6941   15.6890
    0.0000   22.5000   15.0000 2961.4023   15.6436
    7.5000   22.5000   15.0000 2925.9170   15.6707
   -7.5000   30.0000   15.0000 2929.1533   15.5110
    0.0000   30.0000   15.0000 2970.1475   15.2684
    7.5000   30.0000   15.0000 2941.0417   15.4166
   -7.5000   37.5000   15.0000 2903.8652   15.6831
    0.0000   37.5000   15.0000 2945.1604   15.4602
    7.5000   37.5000   15.0000 2923.1477   15.5870
   -7.5000   45.0000   15.0000 2845.0168   16.1431
    0.0000   45.0000   15.0000 2880.4636   16.0020
    7.5000   45.0000   15.0000 2864.7991   16.1122
   -7.5000   52.5000   15.0000 2744.8279   16.8346
    0.0000   52.5000   15.0000 2765.9292   16.7061
    7.5000   52.5000   15.0000 2759.2273   16.7789
   -7.5000   60.0000   15.0000 2594.6680   17.7148
    0.0000   60.0000   15.0000 2609.7129   17.5524
    7.5000   60.0000   15.0000 2608.8477   17.6365
   -7.5000  -30.0000   22.5000 2075.4988   29.3709
    0.0000  -30.0000   22.5000 2111.5962   29.3596
    7.5000  -30.0000   22.5000 2111.2354   29.4697
   -7.5000  -22.5000   22.5000 2216.0991   25.4420
    0.0000  -22.5000   22.5000 2249.4663   25.4143
    7.5000  -22.5000   22.5000 2241.4854   25.6370
   -7.5000  -15.0000   22.5000 2344.9971   22.7067
    0.0000  -15.0000   22.5000 2377.5886   22.6001
    7.5000  -15.0000   22.5000 2367.2808   22.8791
   -7.5000   -7.5000   22.5000 2460.8086   20.5909
    0.0000   -7.5000   22.5000 2498.6746   20.4704
    7.5000   -7.5000   22.5000 2493.2297   20.7299
   -7.5000    0.0000   22.5000 2576.4629   18.9138
    0.0000    0.0000   22.5000 2613.7278   18.7532
    7.5000    0.0000   22.5000 2618.1760   19.0025
   -7.5000    7.5000   22.5000 2689.6599   17.5847
    0.0000    7.5000   22.5000 2723.8140   17.4290
    7.5000    7.5000   22.5000 2733.3022   17.6492
   -7.5000   15.0000   22.5000 2792.2126   16.6356
    0.0000   15.0000   22.5000 2831.2021   16.5529
    7.5000   15.0000   22.5000 2834.0168   16.6894
   -7.5000   22.5000   22.5000 2861.0447   16.0125
    0.0000   22.5000   22.5000 2898.9666   15.7559
    7.5000   22.5000   22.5000 2890.0591   16.0231
   -7.5000   30.0000   22.5000 2891.8064   15.8805
    0.0000   30.0000   22.5000 2925.3879   15.5613
    7.5000   30.0000   22.5000 2917.6956   15.8475
   -7.5000   37.5000   22.5000 2875.1963   16.0965
    0.0000   37.5000   22.5000 2917.9854   15.8682
    7.5000   37.5000   22.5000 2904.6448   16.0624
   -7.5000   45.0000   22.5000 2819.7288   16.6355
    0.0000   45.0000   22.5000 2855.5598   16.4519
    7.5000   45.0000   22.5000 2841.4272   16.6175
   -7.5000   52.5000   22.5000 2713.6912   17.3537
    0.0000   52.5000   22.5000 2735.1084   17.2166
    7.5000   52.5000   22.5000 2729.4385   17.3354
   -7.5000   60.0000   22.5000 2561.4390   18.1480
    0.0000   60.0000   22.5000 2579.0261   18.0217
    7.5000   60.0000   22.5000 2575.7012   18.1078
   -7.5000  -30.0000   30.0000 2029.2206   30.4709
    0.0000  -30.0000   30.0000 2068.2222   30.6208
    7.5000  -30.0000   30.0000 2066.4707   30.7110
   -7.5000  -22.5000   30.0000 2181.1501   26.5221
    0.0000  -22.5000   30.0000 2212.3796   26.4593
    7.5000  -22.5000   30.0000 2207.7288   26.7304
   -7.5000  -15.0000   30.0000 2313.7739   23.6183
    0.0000  -15.0000   30.0000 2344.2876   23.4768
    7.5000  -15.0000   30.0000 2336.8245   23.8309
   -7.5000   -7.5000   30.0000 2428.8499   21.3906
    0.0000   -7.5000   30.0000 2460.7588   21.1697
    7.5000   -7.5000   30.0000 2462.2739   21.5845
   -7.5000    0.0000   30.0000 2542.9795   19.6295
    0.0000    0.0000   30.0000 2575.6155   19.3941
    7.5000    0.0000   30.0000 2583.0049   19.7811
   -7.5000    7.5000   30.0000 2654.5095   18.2161
    0.0000    7.5000   30.0000 2685.0818   18.0078
    7.5000    7.5000   30.0000 2696.3528   18.3440
   -7.5000   15.0000   30.0000 2745.1445   17.2301
    0.0000   15.0000   30.0000 2772.0647   16.9403
    7.5000   15.0000   30.0000 2782.4727   17.2285
   -7.5000   22.5000   30.0000 2802.0974   16.5740
    0.0000   22.5000   30.0000 2833.3682   16.1988
    7.5000   22.5000   30.0000 2838.8228   16.5707
   -7.5000   30.0000   30.0000 2836.8562   16.4263
    0.0000   30.0000   30.0000 2863.9565   16.1174
    7.5000   30.0000   30.0000 2864.9487   16.4264
   -7.5000   37.5000   30.0000 2818.4395   16.6881
    0.0000   37.5000   30.0000 2855.6704   16.4893
    7.5000   37.5000   30.0000 2848.0698   16.7187
   -7.5000   45.0000   30.0000 2768.5215   17.2713
    0.0000   45.0000   30.0000 2801.8269   17.1217
    7.5000   45.0000   30.0000 2791.4971   17.3054
   -7.5000   52.5000   30.0000 2669.2588   18.0165
    0.0000   52.5000   30.0000 2690.9919   17.8679
    7.5000   52.5000   30.0000 2683.2546   18.0202
   -7.5000   60.0000   30.0000 2517.8262   18.8425
    0.0000   60.0000   30.0000 2541.3225   18.7000
    7.5000   60.0000   30.0000 2531.7637   18.7956
   -7.5000  -30.0000   37.5000 1982.3231   31.7169
    0.0000  -30.0000   37.5000 2018.9194   31.6503
    7.5000  -30.0000   37.5000 2026.2113   32.1067
   -7.5000  -22.5000   37.5000 2140.9153   27.7011
    0.0000  -22.5000   37.5000 2168.5217   27.4623
    7.5000  -22.5000   37.5000 2170.2061   27.9359
   -7.5000  -15.0000   37.5000 2270.7812   24.6251
    0.0000  -15.0000   37.5000 2299.3428   24.3735
    7.5000  -15.0000   37.5000 2302.4016   24.9362
   -7.5000   -7.5000   37.5000 2388.3171   22.3336
    0.0000   -7.5000   37.5000 2418.6072   22.0140
    7.5000   -7.5000   37.5000 2424.9978   22.5617
   -7.5000    0.0000   37.5000 2504.4192   20.4759
    0.0000    0.0000   37.5000 2528.5417   20.1821
    7.5000    0.0000   37.5000 2538.2766   20.6864
   -7.5000    7.5000   37.5000 2608.7339   19.0360
    0.0000    7.5000   37.5000 2632.0999   18.7322
    7.5000    7.5000   37.5000 2643.9167   19.1893
   -7.5000   15.0000   37.5000 2687.0068   18.0442
    0.0000   15.0000   37.5000 2713.6787   17.6398
    7.5000   15.0000   37.5000 2722.1218   18.0405
   -7.5000   22.5000   37.5000 2741.8689   17.3621
    0.0000   22.5000   37.5000 2766.9412   16.9977
    7.5000   22.5000   37.5000 2777.8835   17.3871
   -7.5000   30.0000   37.5000 2765.4836   17.2355
    0.0000   30.0000   37.5000 2789.6667   16.9113
    7.5000   30.0000   37.5000 2795.1885   17.2490
   -7.5000   37.5000   37.5000 2747.5591   17.4707
    0.0000   37.5000   37.5000 2777.6792   17.2379
    7.5000   37.5000   37.5000 2775.1335   17.5187
   -7.5000   45.0000   37.5000 2701.3701   18.0762
    0.0000   45.0000   37.5000 2727.8047   17.9020
    7.5000   45.0000   37.5000 2721.7163   18.1172
   -7.5000   52.5000   37.5000 2601.8342   18.8477
    0.0000   52.5000   37.5000 2626.3176   18.6735
    7.5000   52.5000   37.5000 2624.8848   18.8657
   -7.5000   60.0000   37.5000 2463.6245   19.6114
    0.0000   60.0000   37.5000 2486.0413   19.4556
    7.5000   60.0000   37.5000 2479.8145   19.5742
   -7.5000  -30.0000   45.0000 1932.8231   33.2689
    0.0000  -30.0000   45.0000 1962.6068   33.0775
    7.5000  -30.0000   45.0000 1972.3635   33.8234
   -7.5000  -22.5000   45.0000 2089.3496   28.9795
    0.0000  -22.5000   45.0000 2113.6743   28.7224
    7.5000  -22.5000   45.0000 2118.0706   29.3575
   -7.5000  -15.0000   45.0000 2220.3135   25.8071
    0.0000  -15.0000   45.0000 2245.9131   25.4614
    7.5000  -15.0000   45.0000 2250.8188   26.1125
   -7.5000   -7.5000   45.0000 2339.2039   23.3603
    0.0000   -7.5000   45.0000 2362.8843   23.0331
    7.5000   -7.5000   45.0000 2372.9119   23.6324
   -7.5000    0.0000   45.0000 2450.1230   21.5174
    0.0000    0.0000   45.0000 2468.8604   21.1622
    7.5000    0.0000   45.0000 2480.8250   21.7289
   -7.5000    7.5000   45.0000 2547.6238   20.1058
    0.0000    7.5000   45.0000 2564.2634   19.7029
    7.5000    7.5000   45.0000 2577.8337   20.2059
   -7.5000   15.0000   45.0000 2613.9980   19.0703
    0.0000   15.0000   45.0000 2643.3098   18.6895
    7.5000   15.0000   45.0000 2648.7512   19.1179
   -7.5000   22.5000   45.0000 2659.0251   18.3959
    0.0000   22.5000   45.0000 2684.5117   18.0984
    7.5000   22.5000   45.0000 2693.3833   18.4523
   -7.5000   30.0000   45.0000 2672.6802   18.2718
    0.0000   30.0000   45.0000 2695.0332   17.9894
    7.5000   30.0000   45.0000 2702.5730   18.3274
   -7.5000   37.5000   45.0000 2659.2986   18.4928
    0.0000   37.5000   45.0000 2683.7825   18.2805
    7.5000   37.5000   45.0000 2684.4807   18.5774
   -7.5000   45.0000   45.0000 2618.0957   19.0796
    0.0000   45.0000   45.0000 2645.1677   18.8649
    7.5000   45.0000   45.0000 2644.2031   19.1316
   -7.5000   52.5000   45.0000 2531.2344   19.8430
    0.0000   52.5000   45.0000 2563.0371   19.6457
    7.5000   52.5000   45.0000 2557.9185   19.8264
   -7.5000   60.0000   45.0000 2399.6785   20.6845
    0.0000   60.0000   45.0000 2422.5505   20.4569
    7.5000   60.0000   45.0000 2413.3823   20.5706
   -7.5000  -30.0000   52.5000 1870.0743   35.2856
    0.0000  -30.0000   52.5000 1896.8607   34.9789
    7.5000  -30.0000   52.5000 1908.8776   35.7729
   -7.5000  -22.5000   52.5000 2028.4578   30.7400
    0.0000  -22.5000   52.5000 2053.6001   30.3172
    7.5000  -22.5000   52.5000 2058.3992   31.0171
   -7.5000  -15.0000   52.5000 2157.6096   27.3606
    0.0000  -15.0000   52.5000 2185.7732   26.9683
    7.5000  -15.0000   52.5000 2186.9873   27.5862
   -7.5000   -7.5000   52.5000 2272.7109   24.7850
    0.0000   -7.5000   52.5000 2302.2351   24.4309
    7.5000   -7.5000   52.5000 2306.2727   25.0187
   -7.5000    0.0000   52.5000 2379.4727   22.8458
    0.0000    0.0000   52.5000 2406.1733   22.4755
    7.5000    0.0000   52.5000 2413.5334   23.0500
   -7.5000    7.5000   52.5000 2469.7942   21.4096
    0.0000    7.5000   52.5000 2493.8945   20.9999
    7.5000    7.5000   52.5000 2502.8794   21.4963
   -7.5000   15.0000   52.5000 2523.6533   20.3168
    0.0000   15.0000   52.5000 2555.6467   20.0202
    7.5000   15.0000   52.5000 2562.1284   20.4193
   -7.5000   22.5000   52.5000 2565.1758   19.6753
    0.0000   22.5000   52.5000 2589.1101   19.4482
    7.5000   22.5000   52.5000 2597.7200   19.7690
   -7.5000   30.0000   52.5000 2572.0635   19.5827
    0.0000   30.0000   52.5000 2600.4158   19.3845
    7.5000   30.0000   52.5000 2605.9749   19.6603
   -7.5000   37.5000   52.5000 2564.0786   19.7857
    0.0000   37.5000   52.5000 2592.3645   19.6473
    7.5000   37.5000   52.5000 2593.7153   19.9225
   -7.5000   45.0000   52.5000 2524.3926   20.3096
    0.0000   45.0000   52.5000 2556.9565   20.1508
    7.5000   45.0000   52.5000 2554.4851   20.4115
   -7.5000   52.5000   52.5000 2451.9937   21.0484
    0.0000   52.5000   52.5000 2485.0498   20.8359
    7.5000   52.5000   52.5000 2476.5154   21.0028
   -7.5000   60.0000   52.5000 2320.1343   21.9099
    0.0000   60.0000   52.5000 2346.2876   21.6746
    7.5000   60.0000   52.5000 2341.7651   21.7681

---------------------------------------------------------------------
imgreg_4dfp /opt/freesurfer/average/711-2C_as_mni_average_305 /opt/freesurfer/average/711-2B_as_mni_average_305_mask talsrcimg_g11 none talsrcimg_to_711-2C_as_mni_average_305_t4 1283
---------------------------------------------------------------------

freesurfer imgreg_4dfp.c
/opt/freesurfer/average/711-2C_as_mni_average_305.4dfp.img
       256       256       256         1
  1.000000  1.000000  1.000000
orientation T byte_order littleendian
Reading image: /opt/freesurfer/average/711-2C_as_mni_average_305.4dfp.img
dimensions:      256       256       256
mmppix:       1.0000   -1.0000   -1.0000
center:     128.0000 -129.0000 -129.0000
/opt/freesurfer/average/711-2B_as_mni_average_305_mask.4dfp.img
       256       256       256         1
  1.000000  1.000000  1.000000
orientation T byte_order littleendian
Reading mask: /opt/freesurfer/average/711-2B_as_mni_average_305_mask.4dfp.img (2306576 pixels)
talsrcimg_g11.4dfp.img
       256       256       256         1
  1.000000  1.000000  1.000000
orientation T byte_order littleendian
Reading image: talsrcimg_g11.4dfp.img
dimensions:      256       256       256
mmppix:       1.0000   -1.0000   -1.0000
center:     128.0000 -129.0000 -129.0000
rotation matrix determinant  1.000000
fimgreg.f
image alignment mode   1283 decimal      503 hex
parameters
    0.0000   30.0000    7.5000    0.0000    0.0000    0.0000
eta,q 0.94168 15.33825
niter,ni,del,rscale     5    3   12.0000    1.2000
parameter  2  1.503878 ->  0.500000 qaram    1.1500
parameter  4  0.603754 ->  0.500000 qaram    1.1500
parameter  6  0.858022 ->  0.500000 qaram    1.1500
parameters
    0.2573   26.5500    8.5485   -3.4500   -0.8517   -3.4500
eta,q 0.95015 15.50499
  0.0759  0.0546  0.0728  0.0548  0.0594  0.0502
  0.0671  0.0550  0.0648  0.0532  0.0559  0.0498
  0.0617  0.0569  0.0579  0.0538  0.0539  0.0505
  0.0607  0.0603  0.0550  0.0550  0.0532  0.0533
  0.0622  0.0651  0.0558  0.0566  0.0551  0.0579
  0.0658  0.0694  0.0590  0.0584  0.0594  0.0629
  0.0729  0.0730  0.0634  0.0603  0.0639  0.0675
niter,ni,del,rscale     7    3   12.0000    1.2000
parameters
   -0.0571   27.7192    8.2714   -4.9306   -0.7102   -5.3266
eta,q 0.95146 15.50402
  0.0666  0.0698  0.0632  0.0536  0.0581  0.0527
  0.0577  0.0614  0.0550  0.0504  0.0533  0.0500
  0.0515  0.0528  0.0505  0.0489  0.0502  0.0486
  0.0498  0.0498  0.0505  0.0504  0.0491  0.0491
  0.0535  0.0517  0.0534  0.0522  0.0496  0.0513
  0.0615  0.0548  0.0582  0.0539  0.0525  0.0559
  0.0691  0.0595  0.0638  0.0572  0.0576  0.0619
niter,ni,del,rscale     6    3   12.0000    1.2000
parameters
    0.0792   28.5362    7.7755   -6.6477   -1.0039   -5.8863
eta,q 0.95367 15.53770
  0.0689  0.0671  0.0615  0.0523  0.0564  0.0540
  0.0599  0.0586  0.0528  0.0482  0.0508  0.0497
  0.0517  0.0515  0.0483  0.0462  0.0472  0.0470
  0.0485  0.0485  0.0488  0.0483  0.0465  0.0464
  0.0510  0.0504  0.0525  0.0516  0.0484  0.0481
  0.0583  0.0548  0.0579  0.0536  0.0525  0.0517
  0.0675  0.0595  0.0640  0.0563  0.0581  0.0568
niter,ni,del,rscale     5    3   12.0000    1.2000
parameters
    0.4404   29.1870    7.3281   -7.3506   -1.4555   -6.0211
eta,q 0.95478 15.52280
  0.0701  0.0665  0.0610  0.0536  0.0556  0.0545
  0.0607  0.0587  0.0518  0.0499  0.0498  0.0497
  0.0510  0.0508  0.0464  0.0458  0.0459  0.0464
  0.0463  0.0462  0.0463  0.0459  0.0454  0.0452
  0.0484  0.0490  0.0502  0.0493  0.0477  0.0466
  0.0560  0.0550  0.0568  0.0530  0.0526  0.0503
  0.0662  0.0602  0.0639  0.0556  0.0586  0.0551
niter,ni,del,rscale     4    3   12.0000    1.2000
parameters
    0.6590   29.4651    7.1289   -7.7257   -1.7068   -6.0372
eta,q 0.95484 15.51717
  0.0691  0.0653  0.0624  0.0542  0.0562  0.0545
  0.0592  0.0573  0.0528  0.0506  0.0502  0.0499
  0.0491  0.0490  0.0465  0.0465  0.0461  0.0465
  0.0452  0.0453  0.0455  0.0454  0.0452  0.0452
  0.0484  0.0497  0.0489  0.0482  0.0472  0.0462
  0.0561  0.0559  0.0556  0.0523  0.0517  0.0500
  0.0664  0.0618  0.0633  0.0555  0.0579  0.0548
niter,ni,del,rscale     3    3   12.0000    1.2000
parameters
    0.7489   29.6011    7.0345   -7.9208   -1.8106   -6.0332
eta,q 0.95482 15.51350
  0.0681  0.0649  0.0631  0.0544  0.0567  0.0545
  0.0581  0.0567  0.0535  0.0511  0.0507  0.0500
  0.0483  0.0484  0.0468  0.0469  0.0463  0.0466
  0.0452  0.0452  0.0453  0.0453  0.0452  0.0452
  0.0488  0.0500  0.0486  0.0477  0.0470  0.0461
  0.0566  0.0563  0.0551  0.0517  0.0512  0.0499
  0.0669  0.0625  0.0632  0.0553  0.0574  0.0547
niter,ni,del,rscale     2    3   12.0000    1.2000
parameters
    0.7867   29.6665    6.9910   -8.0136   -1.8548   -6.0322
eta,q 0.95479 15.51133
  0.0678  0.0646  0.0634  0.0545  0.0569  0.0545
  0.0577  0.0564  0.0539  0.0513  0.0508  0.0500
  0.0480  0.0481  0.0470  0.0472  0.0464  0.0467
  0.0452  0.0452  0.0453  0.0453  0.0452  0.0452
  0.0490  0.0502  0.0484  0.0474  0.0469  0.0461
  0.0568  0.0565  0.0549  0.0514  0.0510  0.0499
  0.0671  0.0628  0.0630  0.0551  0.0571  0.0547
niter,ni,del,rscale     1    3   12.0000    1.2000
parameters
    0.8036   29.6964    6.9702   -8.0563   -1.8747   -6.0309
eta,q 0.95477 15.51020
  0.0676  0.0645  0.0636  0.0546  0.0570  0.0545
  0.0575  0.0563  0.0540  0.0514  0.0509  0.0500
  0.0479  0.0480  0.0470  0.0474  0.0465  0.0467
  0.0452  0.0452  0.0453  0.0452  0.0452  0.0452
  0.0492  0.0503  0.0483  0.0473  0.0469  0.0461
  0.0569  0.0566  0.0548  0.0513  0.0510  0.0499
  0.0672  0.0630  0.0630  0.0550  0.0570  0.0547
registration optimization eta report
parameter search radius
    6.0000    6.9000    6.0000    6.9000    6.0000    6.9000
100000*second partial in parameter space
       60.       36.       49.       19.       32.       19.
  0.0676  0.0645  0.0636  0.0546  0.0570  0.0545
  0.0575  0.0563  0.0540  0.0514  0.0509  0.0500
  0.0479  0.0480  0.0470  0.0474  0.0465  0.0467
  0.0452  0.0452  0.0453  0.0452  0.0452  0.0452
  0.0492  0.0503  0.0483  0.0473  0.0469  0.0461
  0.0569  0.0566  0.0548  0.0513  0.0510  0.0499
  0.0672  0.0630  0.0630  0.0550  0.0570  0.0547
    0.8036   29.6964    6.9702   -8.0563   -1.8747   -6.0309
eta,q 0.95477 15.51020

---------------------------------------------------------------------
imgreg_4dfp /opt/freesurfer/average/711-2C_as_mni_average_305 /opt/freesurfer/average/711-2B_as_mni_average_305_mask talsrcimg_g11 none talsrcimg_to_711-2C_as_mni_average_305_t4 3335
---------------------------------------------------------------------

freesurfer imgreg_4dfp.c
/opt/freesurfer/average/711-2C_as_mni_average_305.4dfp.img
       256       256       256         1
  1.000000  1.000000  1.000000
orientation T byte_order littleendian
Reading image: /opt/freesurfer/average/711-2C_as_mni_average_305.4dfp.img
dimensions:      256       256       256
mmppix:       1.0000   -1.0000   -1.0000
center:     128.0000 -129.0000 -129.0000
/opt/freesurfer/average/711-2B_as_mni_average_305_mask.4dfp.img
       256       256       256         1
  1.000000  1.000000  1.000000
orientation T byte_order littleendian
Reading mask: /opt/freesurfer/average/711-2B_as_mni_average_305_mask.4dfp.img (2306576 pixels)
talsrcimg_g11.4dfp.img
       256       256       256         1
  1.000000  1.000000  1.000000
orientation T byte_order littleendian
Reading image: talsrcimg_g11.4dfp.img
dimensions:      256       256       256
mmppix:       1.0000   -1.0000   -1.0000
center:     128.0000 -129.0000 -129.0000
fimgreg.f
image alignment mode   3335 decimal      D07 hex
parameters
    0.8036   29.6964    6.9702   -0.6067   -1.4867   -1.0399
    9.9468    4.6936  -10.5008   13.5967   -3.2714  -14.0071
eta,q 0.95494 15.58179
niter,ni,del,rscale     5    3    5.0000    1.2000
parameter  4  1.466922 ->  0.500000 qaram    1.1500
parameter  5  3.731344 ->  0.500000 qaram    1.1500
parameter 10  0.503524 ->  0.500000 qaram    1.1500
parameters
    0.8531   29.3834    6.8961   -4.7467   -5.6267   -4.2890
    7.7511    4.6754   -8.3531    9.4567   -1.0373  -12.9196
eta,q 0.97221 15.53392
  0.0497  0.0469  0.0482  0.0357  0.0268  0.0308  0.0313  0.0362  0.0331  0.0291  0.0302  0.0303
  0.0473  0.0458  0.0464  0.0369  0.0292  0.0300  0.0299  0.0324  0.0313  0.0281  0.0291  0.0289
  0.0457  0.0452  0.0453  0.0399  0.0330  0.0296  0.0294  0.0301  0.0301  0.0281  0.0284  0.0282
  0.0451  0.0451  0.0450  0.0450  0.0375  0.0302  0.0297  0.0294  0.0294  0.0292  0.0280  0.0278
  0.0455  0.0456  0.0455  0.0514  0.0424  0.0332  0.0310  0.0301  0.0292  0.0310  0.0278  0.0279
  0.0470  0.0467  0.0468  0.0583  0.0474  0.0396  0.0331  0.0324  0.0295  0.0339  0.0280  0.0283
  0.0494  0.0482  0.0486  0.0648  0.0517  0.0466  0.0359  0.0364  0.0303  0.0378  0.0285  0.0291
niter,ni,del,rscale     7    3    5.0000    1.2000
parameter  4  0.522068 ->  0.500000 qaram    1.3225
parameter  5  0.667584 ->  0.500000 qaram    1.3225
parameters
    1.0011   29.8763    6.2623   -9.5077  -10.3877   -5.0592
    8.3539    4.1257   -7.9346    9.6960   -1.7435  -14.6079
eta,q 0.97579 15.05090
  0.0326  0.0327  0.0284  0.0270  0.0252  0.0260  0.0276  0.0279  0.0266  0.0290  0.0249  0.0250
  0.0300  0.0304  0.0278  0.0267  0.0244  0.0250  0.0260  0.0260  0.0254  0.0267  0.0246  0.0245
  0.0284  0.0287  0.0275  0.0267  0.0247  0.0245  0.0249  0.0247  0.0246  0.0250  0.0243  0.0242
  0.0278  0.0278  0.0276  0.0275  0.0267  0.0243  0.0244  0.0243  0.0243  0.0243  0.0243  0.0243
  0.0281  0.0277  0.0281  0.0303  0.0308  0.0242  0.0244  0.0249  0.0244  0.0247  0.0244  0.0247
  0.0294  0.0284  0.0290  0.0355  0.0359  0.0250  0.0253  0.0266  0.0251  0.0261  0.0247  0.0253
  0.0315  0.0299  0.0302  0.0419  0.0408  0.0281  0.0268  0.0294  0.0262  0.0288  0.0252  0.0262
niter,ni,del,rscale     7    3    5.0000    1.2000
parameters
    1.3005   30.8537    6.9994  -10.4947  -12.4626   -4.8409
    7.7476    4.0567   -8.0716   10.0623   -2.1475  -15.9044
eta,q 0.97642 14.85365
  0.0284  0.0297  0.0258  0.0266  0.0275  0.0260  0.0260  0.0277  0.0256  0.0285  0.0244  0.0244
  0.0263  0.0273  0.0248  0.0248  0.0255  0.0248  0.0246  0.0257  0.0245  0.0260  0.0240  0.0239
  0.0249  0.0254  0.0240  0.0239  0.0240  0.0239  0.0238  0.0242  0.0238  0.0243  0.0237  0.0236
  0.0242  0.0241  0.0236  0.0234  0.0235  0.0236  0.0236  0.0236  0.0236  0.0236  0.0236  0.0236
  0.0243  0.0236  0.0234  0.0236  0.0252  0.0238  0.0241  0.0241  0.0239  0.0241  0.0237  0.0239
  0.0251  0.0238  0.0236  0.0253  0.0292  0.0241  0.0253  0.0257  0.0246  0.0255  0.0241  0.0245
  0.0268  0.0248  0.0241  0.0295  0.0349  0.0261  0.0270  0.0280  0.0258  0.0277  0.0246  0.0253
niter,ni,del,rscale     6    3    5.0000    1.2000
parameters
    1.4255   31.1741    7.1733  -10.0670  -13.0926   -4.9380
    7.6148    4.0270   -8.0261   10.3172   -2.5995  -16.4536
eta,q 0.97642 14.83782
  0.0273  0.0274  0.0251  0.0274  0.0288  0.0259  0.0263  0.0278  0.0256  0.0283  0.0243  0.0246
  0.0253  0.0255  0.0243  0.0254  0.0265  0.0247  0.0248  0.0256  0.0246  0.0258  0.0239  0.0240
  0.0241  0.0242  0.0238  0.0241  0.0246  0.0239  0.0239  0.0242  0.0238  0.0242  0.0237  0.0237
  0.0236  0.0236  0.0235  0.0235  0.0234  0.0236  0.0236  0.0236  0.0236  0.0236  0.0236  0.0236
  0.0238  0.0236  0.0236  0.0233  0.0238  0.0238  0.0239  0.0240  0.0238  0.0241  0.0237  0.0238
  0.0248  0.0244  0.0240  0.0243  0.0267  0.0242  0.0249  0.0256  0.0245  0.0255  0.0241  0.0243
  0.0266  0.0258  0.0247  0.0273  0.0317  0.0265  0.0266  0.0279  0.0256  0.0277  0.0246  0.0250
niter,ni,del,rscale     5    3    5.0000    1.2000
parameters
    1.4582   31.2710    7.1870  -10.0806  -13.2068   -4.9521
    7.5576    4.0370   -7.9489   10.4368   -2.7699  -16.6041
eta,q 0.97639 14.83062
  0.0270  0.0267  0.0250  0.0273  0.0292  0.0260  0.0264  0.0278  0.0256  0.0282  0.0244  0.0248
  0.0251  0.0250  0.0242  0.0253  0.0269  0.0248  0.0249  0.0257  0.0246  0.0257  0.0240  0.0241
  0.0240  0.0240  0.0238  0.0242  0.0249  0.0239  0.0239  0.0242  0.0239  0.0242  0.0237  0.0237
  0.0236  0.0236  0.0236  0.0236  0.0236  0.0236  0.0236  0.0236  0.0236  0.0236  0.0236  0.0236
  0.0239  0.0239  0.0237  0.0235  0.0236  0.0238  0.0239  0.0241  0.0238  0.0242  0.0237  0.0238
  0.0250  0.0248  0.0242  0.0247  0.0260  0.0242  0.0249  0.0256  0.0245  0.0257  0.0240  0.0242
  0.0268  0.0262  0.0250  0.0280  0.0307  0.0265  0.0266  0.0279  0.0256  0.0278  0.0245  0.0249
niter,ni,del,rscale     4    3    5.0000    1.2000
parameters
    1.4658   31.3007    7.1767  -10.0711  -13.2293   -4.9551
    7.5395    4.0466   -7.9049   10.4835   -2.8242  -16.6585
eta,q 0.97638 14.83066
  0.0269  0.0266  0.0250  0.0273  0.0293  0.0260  0.0264  0.0279  0.0256  0.0281  0.0245  0.0248
  0.0251  0.0249  0.0243  0.0254  0.0269  0.0248  0.0249  0.0257  0.0246  0.0256  0.0240  0.0242
  0.0240  0.0239  0.0238  0.0242  0.0250  0.0239  0.0240  0.0242  0.0239  0.0241  0.0237  0.0238
  0.0236  0.0236  0.0236  0.0236  0.0236  0.0236  0.0236  0.0236  0.0236  0.0236  0.0236  0.0236
  0.0239  0.0239  0.0238  0.0235  0.0236  0.0238  0.0239  0.0241  0.0238  0.0242  0.0237  0.0237
  0.0250  0.0249  0.0242  0.0247  0.0259  0.0242  0.0249  0.0256  0.0245  0.0257  0.0240  0.0242
  0.0269  0.0264  0.0250  0.0280  0.0306  0.0265  0.0265  0.0279  0.0256  0.0279  0.0245  0.0249
niter,ni,del,rscale     3    3    5.0000    1.2000
parameters
    1.4671   31.3096    7.1722  -10.0647  -13.2349   -4.9588
    7.5283    4.0521   -7.8882   10.4976   -2.8433  -16.6738
eta,q 0.97638 14.83086
  0.0269  0.0265  0.0250  0.0273  0.0293  0.0260  0.0264  0.0279  0.0256  0.0280  0.0245  0.0248
  0.0251  0.0249  0.0243  0.0254  0.0270  0.0248  0.0249  0.0256  0.0246  0.0256  0.0240  0.0242
  0.0240  0.0239  0.0238  0.0242  0.0250  0.0239  0.0240  0.0242  0.0239  0.0241  0.0237  0.0238
  0.0236  0.0236  0.0236  0.0236  0.0236  0.0236  0.0236  0.0236  0.0236  0.0236  0.0236  0.0236
  0.0240  0.0240  0.0238  0.0235  0.0236  0.0238  0.0239  0.0241  0.0239  0.0242  0.0237  0.0237
  0.0251  0.0249  0.0242  0.0247  0.0259  0.0242  0.0249  0.0256  0.0245  0.0257  0.0240  0.0242
  0.0270  0.0264  0.0250  0.0280  0.0305  0.0265  0.0265  0.0279  0.0256  0.0279  0.0245  0.0249
registration optimization eta report
parameter search radius
    2.4000    2.4000    2.4000    9.5220    9.5220    7.2000
    7.2000    7.2000    7.2000    8.2800    7.2000    7.2000
100000*second partial in parameter space
       58.       49.       24.        5.        7.        5.
        6.        8.        4.        6.        2.        2.
  0.0269  0.0265  0.0250  0.0273  0.0293  0.0260  0.0264  0.0279  0.0256  0.0280  0.0245  0.0248
  0.0251  0.0249  0.0243  0.0254  0.0270  0.0248  0.0249  0.0256  0.0246  0.0256  0.0240  0.0242
  0.0240  0.0239  0.0238  0.0242  0.0250  0.0239  0.0240  0.0242  0.0239  0.0241  0.0237  0.0238
  0.0236  0.0236  0.0236  0.0236  0.0236  0.0236  0.0236  0.0236  0.0236  0.0236  0.0236  0.0236
  0.0240  0.0240  0.0238  0.0235  0.0236  0.0238  0.0239  0.0241  0.0239  0.0242  0.0237  0.0237
  0.0251  0.0249  0.0242  0.0247  0.0259  0.0242  0.0249  0.0256  0.0245  0.0257  0.0240  0.0242
  0.0270  0.0264  0.0250  0.0280  0.0305  0.0265  0.0265  0.0279  0.0256  0.0279  0.0245  0.0249
    1.4671   31.3096    7.1722  -10.0647  -13.2349   -4.9588
    7.5283    4.0521   -7.8882   10.4976   -2.8433  -16.6738
eta,q 0.97638 14.83086

---------------------------------------------------------------------
imgreg_4dfp /opt/freesurfer/average/711-2C_as_mni_average_305 /opt/freesurfer/average/711-2B_as_mni_average_305_mask talsrcimg_g11 none talsrcimg_to_711-2C_as_mni_average_305_t4 2311
---------------------------------------------------------------------

freesurfer imgreg_4dfp.c
/opt/freesurfer/average/711-2C_as_mni_average_305.4dfp.img
       256       256       256         1
  1.000000  1.000000  1.000000
orientation T byte_order littleendian
Reading image: /opt/freesurfer/average/711-2C_as_mni_average_305.4dfp.img
dimensions:      256       256       256
mmppix:       1.0000   -1.0000   -1.0000
center:     128.0000 -129.0000 -129.0000
/opt/freesurfer/average/711-2B_as_mni_average_305_mask.4dfp.img
       256       256       256         1
  1.000000  1.000000  1.000000
orientation T byte_order littleendian
Reading mask: /opt/freesurfer/average/711-2B_as_mni_average_305_mask.4dfp.img (2306576 pixels)
talsrcimg_g11.4dfp.img
       256       256       256         1
  1.000000  1.000000  1.000000
orientation T byte_order littleendian
Reading image: talsrcimg_g11.4dfp.img
dimensions:      256       256       256
mmppix:       1.0000   -1.0000   -1.0000
center:     128.0000 -129.0000 -129.0000
fimgreg.f
image alignment mode   2311 decimal      907 hex
parameters
    1.4671   31.3096    7.1722  -10.0647  -13.2349   -4.9588
    7.5283    4.0521   -7.8882   10.4976   -2.8433  -16.6738
eta,q 0.97638 14.83086
niter,ni,del,rscale     5    3    5.0000    0.8000
parameters
    1.4877   31.2935    7.2003   -8.4670  -12.0836   -4.1571
    7.6228    4.2152   -7.7710   10.6805   -2.8884  -16.4537
eta,q 0.97675 15.06754
  0.0251  0.0249  0.0243  0.0247  0.0258  0.0244  0.0247  0.0254  0.0243  0.0250  0.0237  0.0239
  0.0243  0.0242  0.0239  0.0243  0.0248  0.0238  0.0240  0.0242  0.0238  0.0241  0.0234  0.0235
  0.0238  0.0238  0.0237  0.0239  0.0240  0.0234  0.0235  0.0235  0.0234  0.0235  0.0233  0.0233
  0.0236  0.0236  0.0236  0.0236  0.0234  0.0232  0.0233  0.0233  0.0233  0.0232  0.0233  0.0232
  0.0238  0.0238  0.0237  0.0234  0.0232  0.0233  0.0234  0.0234  0.0234  0.0234  0.0233  0.0233
  0.0242  0.0242  0.0239  0.0235  0.0235  0.0234  0.0238  0.0241  0.0237  0.0239  0.0235  0.0235
  0.0251  0.0249  0.0242  0.0239  0.0244  0.0238  0.0247  0.0251  0.0242  0.0247  0.0237  0.0238
niter,ni,del,rscale     4    3    5.0000    0.7000
parameters
    1.4486   31.1493    7.0562   -8.5827  -11.9291   -4.0497
    7.7531    4.2707   -7.7567   10.6759   -2.7243  -16.2520
eta,q 0.97677 15.08253
  0.0244  0.0241  0.0236  0.0239  0.0248  0.0238  0.0244  0.0248  0.0240  0.0245  0.0236  0.0237
  0.0238  0.0236  0.0234  0.0236  0.0241  0.0234  0.0238  0.0239  0.0236  0.0238  0.0234  0.0234
  0.0234  0.0233  0.0233  0.0234  0.0235  0.0232  0.0234  0.0234  0.0233  0.0234  0.0233  0.0233
  0.0233  0.0232  0.0232  0.0232  0.0232  0.0232  0.0232  0.0232  0.0232  0.0232  0.0232  0.0232
  0.0234  0.0235  0.0233  0.0233  0.0233  0.0233  0.0233  0.0234  0.0233  0.0234  0.0233  0.0233
  0.0238  0.0239  0.0235  0.0236  0.0238  0.0233  0.0236  0.0239  0.0236  0.0238  0.0234  0.0234
  0.0245  0.0246  0.0238  0.0242  0.0247  0.0237  0.0243  0.0247  0.0240  0.0245  0.0235  0.0236
niter,ni,del,rscale     3    3    5.0000    0.6000
parameters
    1.4383   31.1175    7.0382   -8.3918  -11.8098   -3.8122
    7.8180    4.3271   -7.7615   10.7216   -2.6713  -16.1520
eta,q 0.97679 15.11963
  0.0241  0.0240  0.0236  0.0238  0.0244  0.0236  0.0240  0.0243  0.0238  0.0242  0.0235  0.0235
  0.0236  0.0236  0.0234  0.0236  0.0238  0.0233  0.0236  0.0237  0.0235  0.0236  0.0233  0.0234
  0.0233  0.0233  0.0233  0.0234  0.0234  0.0232  0.0233  0.0233  0.0233  0.0233  0.0232  0.0233
  0.0232  0.0232  0.0232  0.0232  0.0232  0.0232  0.0232  0.0232  0.0232  0.0232  0.0232  0.0232
  0.0233  0.0233  0.0233  0.0232  0.0233  0.0232  0.0233  0.0233  0.0233  0.0233  0.0232  0.0232
  0.0236  0.0236  0.0234  0.0234  0.0236  0.0232  0.0235  0.0237  0.0235  0.0236  0.0233  0.0233
  0.0241  0.0241  0.0236  0.0238  0.0244  0.0235  0.0240  0.0243  0.0238  0.0241  0.0234  0.0235
niter,ni,del,rscale     2    3    5.0000    0.5000
parameters
    1.4191   31.0882    6.9776   -8.1857  -11.6808   -3.5926
    7.8826    4.3860   -7.7511   10.8122   -2.6165  -16.0709
eta,q 0.97680 15.15894
  0.0238  0.0238  0.0234  0.0237  0.0241  0.0234  0.0238  0.0240  0.0236  0.0239  0.0234  0.0234
  0.0235  0.0235  0.0233  0.0235  0.0237  0.0232  0.0235  0.0235  0.0234  0.0235  0.0233  0.0233
  0.0233  0.0233  0.0232  0.0233  0.0234  0.0232  0.0233  0.0233  0.0233  0.0233  0.0232  0.0232
  0.0232  0.0232  0.0232  0.0232  0.0232  0.0232  0.0232  0.0232  0.0232  0.0232  0.0232  0.0232
  0.0233  0.0233  0.0232  0.0232  0.0232  0.0232  0.0233  0.0233  0.0232  0.0233  0.0232  0.0232
  0.0235  0.0235  0.0233  0.0233  0.0235  0.0232  0.0234  0.0235  0.0234  0.0235  0.0233  0.0233
  0.0239  0.0238  0.0235  0.0236  0.0240  0.0233  0.0238  0.0239  0.0236  0.0238  0.0234  0.0234
niter,ni,del,rscale     1    3    5.0000    0.4000
parameter  6 -0.636204 -> -0.500000 qaram    1.1500
parameters
    1.3959   31.0580    6.8904   -7.9849  -11.5625   -2.2126
    7.9675    4.5174   -7.8383   11.1979   -2.6799  -16.0421
eta,q 0.97686 15.26880
  0.0236  0.0236  0.0233  0.0235  0.0238  0.0232  0.0235  0.0237  0.0234  0.0237  0.0233  0.0233
  0.0234  0.0234  0.0232  0.0234  0.0235  0.0232  0.0233  0.0234  0.0233  0.0234  0.0232  0.0232
  0.0232  0.0232  0.0232  0.0233  0.0233  0.0232  0.0232  0.0232  0.0232  0.0232  0.0231  0.0232
  0.0232  0.0232  0.0232  0.0232  0.0232  0.0232  0.0231  0.0231  0.0232  0.0231  0.0231  0.0231
  0.0233  0.0233  0.0232  0.0232  0.0232  0.0232  0.0232  0.0232  0.0232  0.0231  0.0232  0.0232
  0.0234  0.0234  0.0233  0.0233  0.0234  0.0231  0.0233  0.0233  0.0233  0.0232  0.0232  0.0232
  0.0236  0.0236  0.0234  0.0234  0.0237  0.0232  0.0235  0.0236  0.0234  0.0234  0.0233  0.0233
niter,ni,del,rscale     1    3    5.0000    0.4000
parameters
    1.3398   30.9679    6.5124   -7.5839  -11.3648   -2.7610
    7.9781    4.6709   -7.7790   11.3197   -2.6190  -15.9146
eta,q 0.97689 15.29004
  0.0235  0.0234  0.0231  0.0235  0.0237  0.0233  0.0235  0.0237  0.0234  0.0235  0.0232  0.0233
  0.0233  0.0232  0.0231  0.0233  0.0234  0.0232  0.0233  0.0234  0.0232  0.0233  0.0232  0.0232
  0.0232  0.0231  0.0231  0.0232  0.0232  0.0232  0.0232  0.0232  0.0231  0.0232  0.0231  0.0231
  0.0231  0.0231  0.0231  0.0231  0.0231  0.0231  0.0231  0.0231  0.0231  0.0231  0.0231  0.0231
  0.0232  0.0232  0.0232  0.0231  0.0231  0.0231  0.0232  0.0231  0.0231  0.0231  0.0231  0.0231
  0.0234  0.0234  0.0233  0.0231  0.0232  0.0233  0.0233  0.0233  0.0232  0.0233  0.0232  0.0232
  0.0236  0.0236  0.0235  0.0233  0.0236  0.0239  0.0235  0.0235  0.0234  0.0235  0.0232  0.0232
registration optimization eta report
parameter search radius
    0.8000    0.8000    0.8000    2.4000    2.4000    2.7600
    2.4000    2.4000    2.4000    2.4000    2.4000    2.4000
100000*second partial in parameter space
       64.       60.       29.        5.       10.        7.
        7.        8.        5.        7.        2.        2.
  0.0235  0.0234  0.0231  0.0235  0.0237  0.0233  0.0235  0.0237  0.0234  0.0235  0.0232  0.0233
  0.0233  0.0232  0.0231  0.0233  0.0234  0.0232  0.0233  0.0234  0.0232  0.0233  0.0232  0.0232
  0.0232  0.0231  0.0231  0.0232  0.0232  0.0232  0.0232  0.0232  0.0231  0.0232  0.0231  0.0231
  0.0231  0.0231  0.0231  0.0231  0.0231  0.0231  0.0231  0.0231  0.0231  0.0231  0.0231  0.0231
  0.0232  0.0232  0.0232  0.0231  0.0231  0.0231  0.0232  0.0231  0.0231  0.0231  0.0231  0.0231
  0.0234  0.0234  0.0233  0.0231  0.0232  0.0233  0.0233  0.0233  0.0232  0.0233  0.0232  0.0232
  0.0236  0.0236  0.0235  0.0233  0.0236  0.0239  0.0235  0.0235  0.0234  0.0235  0.0232  0.0232
    1.3398   30.9679    6.5124   -7.5839  -11.3648   -2.7610
    7.9781    4.6709   -7.7790   11.3197   -2.6190  -15.9146
eta,q 0.97689 15.29004

---------------------------------------------------------------------
imgreg_4dfp /opt/freesurfer/average/711-2C_as_mni_average_305 /opt/freesurfer/average/711-2B_as_mni_average_305_mask talsrcimg_g11 none talsrcimg_to_711-2C_as_mni_average_305_t4 2311
---------------------------------------------------------------------

freesurfer imgreg_4dfp.c
/opt/freesurfer/average/711-2C_as_mni_average_305.4dfp.img
       256       256       256         1
  1.000000  1.000000  1.000000
orientation T byte_order littleendian
Reading image: /opt/freesurfer/average/711-2C_as_mni_average_305.4dfp.img
dimensions:      256       256       256
mmppix:       1.0000   -1.0000   -1.0000
center:     128.0000 -129.0000 -129.0000
/opt/freesurfer/average/711-2B_as_mni_average_305_mask.4dfp.img
       256       256       256         1
  1.000000  1.000000  1.000000
orientation T byte_order littleendian
Reading mask: /opt/freesurfer/average/711-2B_as_mni_average_305_mask.4dfp.img (2306576 pixels)
talsrcimg_g11.4dfp.img
       256       256       256         1
  1.000000  1.000000  1.000000
orientation T byte_order littleendian
Reading image: talsrcimg_g11.4dfp.img
dimensions:      256       256       256
mmppix:       1.0000   -1.0000   -1.0000
center:     128.0000 -129.0000 -129.0000
fimgreg.f
image alignment mode   2311 decimal      907 hex
parameters
    1.3398   30.9679    6.5124   -7.5840  -11.3648   -2.7610
    7.9781    4.6709   -7.7790   11.3197   -2.6190  -15.9146
eta,q 0.97689 15.29004
niter,ni,del,rscale     5    3    5.0000    0.8000
parameters
    1.2853   30.9429    6.5399   -8.2824  -11.6376   -3.8946
    7.9826    4.4813   -7.6801   10.9346   -2.3342  -16.0222
eta,q 0.97675 15.15397
  0.0246  0.0246  0.0238  0.0239  0.0250  0.0236  0.0247  0.0250  0.0243  0.0245  0.0237  0.0238
  0.0238  0.0238  0.0234  0.0236  0.0241  0.0234  0.0239  0.0240  0.0237  0.0238  0.0234  0.0235
  0.0233  0.0233  0.0232  0.0233  0.0235  0.0233  0.0235  0.0234  0.0234  0.0233  0.0233  0.0233
  0.0231  0.0231  0.0231  0.0231  0.0232  0.0232  0.0233  0.0233  0.0233  0.0233  0.0232  0.0233
  0.0233  0.0233  0.0232  0.0232  0.0233  0.0231  0.0234  0.0235  0.0234  0.0235  0.0233  0.0233
  0.0239  0.0238  0.0234  0.0238  0.0242  0.0238  0.0239  0.0242  0.0237  0.0241  0.0234  0.0235
  0.0249  0.0247  0.0238  0.0251  0.0258  0.0255  0.0247  0.0254  0.0242  0.0250  0.0236  0.0238
niter,ni,del,rscale     4    3    5.0000    0.7000
parameters
    1.3770   31.0519    6.9216   -8.4638  -11.7669   -3.8534
    7.8886    4.3674   -7.7706   10.7433   -2.5409  -16.0979
eta,q 0.97678 15.12071
  0.0246  0.0245  0.0239  0.0239  0.0247  0.0237  0.0242  0.0246  0.0240  0.0243  0.0235  0.0236
  0.0239  0.0239  0.0236  0.0236  0.0240  0.0234  0.0237  0.0238  0.0236  0.0237  0.0233  0.0234
  0.0234  0.0234  0.0234  0.0233  0.0235  0.0232  0.0233  0.0234  0.0233  0.0233  0.0232  0.0233
  0.0233  0.0232  0.0232  0.0232  0.0232  0.0232  0.0232  0.0232  0.0232  0.0232  0.0232  0.0232
  0.0233  0.0233  0.0232  0.0232  0.0233  0.0232  0.0233  0.0234  0.0233  0.0234  0.0233  0.0233
  0.0237  0.0236  0.0233  0.0235  0.0239  0.0232  0.0237  0.0239  0.0236  0.0239  0.0234  0.0234
  0.0243  0.0242  0.0234  0.0242  0.0250  0.0238  0.0244  0.0248  0.0240  0.0245  0.0236  0.0237
niter,ni,del,rscale     3    3    5.0000    0.6000
parameters
    1.4090   31.0776    6.9737   -8.3435  -11.7422   -3.7487
    7.8812    4.3590   -7.7694   10.7513   -2.6090  -16.1043
eta,q 0.97679 15.13443
  0.0241  0.0241  0.0236  0.0238  0.0243  0.0235  0.0240  0.0243  0.0238  0.0241  0.0234  0.0235
  0.0236  0.0236  0.0234  0.0235  0.0238  0.0233  0.0236  0.0237  0.0235  0.0236  0.0233  0.0233
  0.0233  0.0233  0.0233  0.0233  0.0234  0.0232  0.0233  0.0233  0.0233  0.0233  0.0232  0.0232
  0.0232  0.0232  0.0232  0.0232  0.0232  0.0232  0.0232  0.0232  0.0232  0.0232  0.0232  0.0232
  0.0233  0.0233  0.0232  0.0232  0.0233  0.0232  0.0233  0.0233  0.0233  0.0233  0.0232  0.0232
  0.0236  0.0236  0.0233  0.0234  0.0237  0.0232  0.0235  0.0237  0.0235  0.0236  0.0233  0.0233
  0.0241  0.0240  0.0235  0.0238  0.0244  0.0235  0.0240  0.0243  0.0238  0.0241  0.0235  0.0235
niter,ni,del,rscale     2    3    5.0000    0.5000
parameters
    1.4065   31.0726    6.9551   -8.1739  -11.6591   -3.5251
    7.9109    4.4053   -7.7586   10.8318   -2.5816  -16.0398
eta,q 0.97680 15.16694
  0.0238  0.0238  0.0234  0.0236  0.0240  0.0233  0.0238  0.0240  0.0236  0.0239  0.0234  0.0234
  0.0235  0.0235  0.0233  0.0235  0.0236  0.0232  0.0235  0.0235  0.0234  0.0235  0.0233  0.0233
  0.0233  0.0233  0.0232  0.0233  0.0233  0.0232  0.0233  0.0233  0.0232  0.0233  0.0232  0.0232
  0.0232  0.0232  0.0232  0.0232  0.0232  0.0232  0.0232  0.0232  0.0232  0.0232  0.0232  0.0232
  0.0233  0.0233  0.0232  0.0232  0.0232  0.0232  0.0233  0.0233  0.0232  0.0233  0.0232  0.0232
  0.0235  0.0235  0.0233  0.0233  0.0235  0.0232  0.0234  0.0235  0.0234  0.0235  0.0233  0.0233
  0.0238  0.0238  0.0235  0.0236  0.0240  0.0233  0.0238  0.0239  0.0236  0.0238  0.0234  0.0234
niter,ni,del,rscale     1    3    5.0000    0.4000
parameter  6 -0.932917 -> -0.500000 qaram    1.1500
parameters
    1.3907   31.0482    6.8687   -7.9595  -11.5442   -2.1451
    7.9745    4.5225   -7.8597   11.2235   -2.6873  -16.0292
eta,q 0.97687 15.27610
  0.0236  0.0236  0.0233  0.0235  0.0238  0.0232  0.0235  0.0237  0.0234  0.0237  0.0232  0.0233
  0.0234  0.0234  0.0232  0.0234  0.0235  0.0232  0.0233  0.0234  0.0232  0.0234  0.0232  0.0232
  0.0232  0.0232  0.0232  0.0233  0.0233  0.0232  0.0232  0.0232  0.0232  0.0232  0.0231  0.0231
  0.0232  0.0232  0.0232  0.0232  0.0232  0.0232  0.0231  0.0231  0.0231  0.0231  0.0231  0.0231
  0.0232  0.0232  0.0232  0.0232  0.0232  0.0232  0.0232  0.0232  0.0232  0.0231  0.0232  0.0231
  0.0234  0.0234  0.0233  0.0233  0.0234  0.0231  0.0233  0.0233  0.0233  0.0232  0.0232  0.0232
  0.0236  0.0236  0.0234  0.0234  0.0237  0.0232  0.0235  0.0236  0.0234  0.0234  0.0233  0.0233
niter,ni,del,rscale     1    3    5.0000    0.4000
parameters
    1.3335   30.9603    6.4987   -7.5793  -11.3541   -2.7156
    7.9805    4.6701   -7.7848   11.3377   -2.6291  -15.9183
eta,q 0.97690 15.29428
  0.0235  0.0234  0.0231  0.0235  0.0237  0.0233  0.0235  0.0236  0.0234  0.0235  0.0232  0.0233
  0.0233  0.0232  0.0231  0.0233  0.0234  0.0232  0.0233  0.0233  0.0232  0.0233  0.0232  0.0232
  0.0232  0.0231  0.0231  0.0232  0.0232  0.0231  0.0232  0.0232  0.0231  0.0232  0.0231  0.0231
  0.0231  0.0231  0.0231  0.0231  0.0231  0.0231  0.0231  0.0231  0.0231  0.0231  0.0231  0.0231
  0.0232  0.0232  0.0232  0.0231  0.0231  0.0231  0.0231  0.0231  0.0231  0.0231  0.0231  0.0231
  0.0233  0.0234  0.0233  0.0231  0.0232  0.0233  0.0233  0.0233  0.0232  0.0233  0.0232  0.0232
  0.0236  0.0236  0.0235  0.0233  0.0236  0.0240  0.0235  0.0235  0.0234  0.0235  0.0232  0.0232
registration optimization eta report
parameter search radius
    0.8000    0.8000    0.8000    2.4000    2.4000    2.7600
    2.4000    2.4000    2.4000    2.4000    2.4000    2.4000
100000*second partial in parameter space
       64.       61.       30.        5.       10.        8.
        7.        8.        4.        7.        2.        2.
  0.0235  0.0234  0.0231  0.0235  0.0237  0.0233  0.0235  0.0236  0.0234  0.0235  0.0232  0.0233
  0.0233  0.0232  0.0231  0.0233  0.0234  0.0232  0.0233  0.0233  0.0232  0.0233  0.0232  0.0232
  0.0232  0.0231  0.0231  0.0232  0.0232  0.0231  0.0232  0.0232  0.0231  0.0232  0.0231  0.0231
  0.0231  0.0231  0.0231  0.0231  0.0231  0.0231  0.0231  0.0231  0.0231  0.0231  0.0231  0.0231
  0.0232  0.0232  0.0232  0.0231  0.0231  0.0231  0.0231  0.0231  0.0231  0.0231  0.0231  0.0231
  0.0233  0.0234  0.0233  0.0231  0.0232  0.0233  0.0233  0.0233  0.0232  0.0233  0.0232  0.0232
  0.0236  0.0236  0.0235  0.0233  0.0236  0.0240  0.0235  0.0235  0.0234  0.0235  0.0232  0.0232
    1.3335   30.9603    6.4987   -7.5793  -11.3541   -2.7156
    7.9805    4.6701   -7.7848   11.3377   -2.6291  -15.9183
eta,q 0.97690 15.29428

---------------------------------------------------------------------
compute_vox2vox talsrcimg talsrcimg_to_711-2C_as_mni_average_305_t4 /opt/freesurfer/average/711-2C_as_mni_average_305
---------------------------------------------------------------------

freesurfer compute_vox2vox.c
Reading: talsrcimg.4dfp.ifh
Reading: talsrcimg_to_711-2C_as_mni_average_305_t4
Reading: /opt/freesurfer/average/711-2C_as_mni_average_305.4dfp.ifh
Writing: talsrcimg_to_711-2C_as_mni_average_305_t4_vox2vox.txt

start time Mon Mar 9 11:58:04 CET 2026
end		time Mon Mar 9 11:58:18 CET 2026

mpr2mni305 success

avi2talxfm orig_nu.mgz /opt/freesurfer/average/mni305.cor.mgz talsrcimg_to_711-2C_as_mni_average_305_t4_vox2vox.txt transforms/talairach.auto.xfm
avi2talxfm done
mv -f /out/sourcedata/freesurfer/sub-v1s22x0050438_ses-1/mri/talsrcimg_to_711-2C_as_mni_average_305_t4_vox2vox.txt /out/sourcedata/freesurfer/sub-v1s22x0050438_ses-1/mri/transforms/talsrcimg_to_711-2C_as_mni_average_305_t4_vox2vox.txt
lta_convert --src orig_nu.mgz --trg /opt/freesurfer/average/mni305.cor.mgz --inxfm transforms/talairach.auto.xfm --outlta transforms/talairach.auto.xfm.lta --subject fsaverage
7.3.2

--src: orig_nu.mgz src image (geometry).
--trg: /opt/freesurfer/average/mni305.cor.mgz trg image (geometry).
--inmni: transforms/talairach.auto.xfm input MNI/XFM transform.
--outlta: transforms/talairach.auto.xfm.lta output LTA.
--s: fsaverage subject name
 LTA read, type : 1
 1.07216  -0.03940  -0.10360   1.02086;
 0.04347   1.00525   0.17660  -61.29848;
 0.08860  -0.13203   1.09640  -20.46904;
 0.00000   0.00000   0.00000   1.00000;
setting subject to fsaverage
Writing  LTA to file transforms/talairach.auto.xfm.lta...
lta_convert successful.
 
 
Started at Mon Mar 9 11:58:04 CET 2026
Ended   at Mon Mar  9 11:58:18 CET 2026
talairach_avi done
