/out/sourcedata/freesurfer/sub-v1s22x0050460_ses-1/mri
/opt/freesurfer/bin/talairach_avi
--i orig_nu.mgz --xfm transforms/talairach.auto.xfm
talairach_avi 7.3.2
Linux dna076 5.14.0-427.37.1.el9_4.x86_64 #1 SMP PREEMPT_DYNAMIC Fri Sep 13 12:41:50 EDT 2024 x86_64 x86_64 x86_64 GNU/Linux
Mon Mar  9 12:38:03 CET 2026
mri_convert orig_nu.mgz talsrcimg.img 
reading from orig_nu.mgz...
TR=0.00, TE=0.00, TI=0.00, flip angle=0.00
i_ras = (-1, 0, 0)
j_ras = (0, 0, -1)
k_ras = (0, 1, 0)
writing to talsrcimg.img...
Analyze Output Matrix
-1.00000   0.00000   0.00000   129.90237;
 0.00000   0.00000   1.00000  -86.71625;
 0.00000  -1.00000   0.00000   138.93007;
 0.00000   0.00000   0.00000   1.00000;
--------------------
INFO: set hdr.hist.orient to -1
mpr2mni305 talsrcimg
Mon Mar  9 12:38:04 CET 2026
/opt/freesurfer/bin/mpr2mni305 talsrcimg
mpr2mni305 7.3.2
target=711-2C_as_mni_average_305

---------------------------------------------------------------------
analyzeto4dfp talsrcimg -O0 -y
---------------------------------------------------------------------

freesurfer ifh2hdr.c
Mon Mar  9 12:38:04 2026
Writing: talsrcimg.4dfp.hdr
freesurfer analyzeto4dfp.c
Reading: talsrcimg.hdr
header size 348 bytes
hdr.dime.datatype	offset=70	value=2
hdr.dime.bitpix		offset=72	value=8
hdr.hist.orient		offset=252	value=-1
dimensionality     4
dimensions       256       256       256         1
Reading: talsrcimg.img
Writing: talsrcimg.4dfp.img
Writing: talsrcimg.4dfp.ifh
ifh2hdr talsrcimg -r0to241
ori=2

---------------------------------------------------------------------
gauss_4dfp talsrcimg 1.1
---------------------------------------------------------------------

freesurfer gauss_4dfp.c
Reading: talsrcimg.4dfp.img
Writing: talsrcimg_g11.4dfp.img
image dimensions 256 256 256 padded to 288 288 288
processing volume 1freesurfer ifh2hdr.c
Mon Mar  9 12:38:05 2026
Writing: talsrcimg_g11.4dfp.hdr

Writing: talsrcimg_g11.4dfp.ifh
including: talsrcimg.4dfp.img.rec in talsrcimg_g11.4dfp.img.rec

---------------------------------------------------------------------
imgreg_4dfp /opt/freesurfer/average/711-2C_as_mni_average_305 none talsrcimg_g11 none talsrcimg_to_711-2C_as_mni_average_305_t4 4355
---------------------------------------------------------------------

freesurfer imgreg_4dfp.c
/opt/freesurfer/average/711-2C_as_mni_average_305.4dfp.img
       256       256       256         1
  1.000000  1.000000  1.000000
orientation T byte_order littleendian
Reading image: /opt/freesurfer/average/711-2C_as_mni_average_305.4dfp.img
dimensions:      256       256       256
mmppix:       1.0000   -1.0000   -1.0000
center:     128.0000 -129.0000 -129.0000
talsrcimg_g11.4dfp.img
       256       256       256         1
  1.000000  1.000000  1.000000
orientation T byte_order littleendian
Reading image: talsrcimg_g11.4dfp.img
dimensions:      256       256       256
mmppix:       1.0000   -1.0000   -1.0000
center:     128.0000 -129.0000 -129.0000
t4_read: open error in t4_sub.f l:  41 t4_file(1:l)talsrcimg_to_711-2C_as_mni_average_305_t4 
t4_read: transform initialized to I4
rotation matrix determinant  1.000000
image alignment mode   4355 decimal     1103 hex
   -7.5000  -45.0000  -45.0000 6386.5117   14.3204
    0.0000  -45.0000  -45.0000 6722.1665   14.3156
    7.5000  -45.0000  -45.0000 6455.0361   14.2827
   -7.5000  -37.5000  -45.0000 6936.2988   13.9628
    0.0000  -37.5000  -45.0000 7286.7427   13.9611
    7.5000  -37.5000  -45.0000 6986.1333   13.9327
   -7.5000  -30.0000  -45.0000 7764.8901   13.6747
    0.0000  -30.0000  -45.0000 8155.7500   13.6750
    7.5000  -30.0000  -45.0000 7814.0459   13.6492
   -7.5000  -22.5000  -45.0000 8719.5928   13.5042
    0.0000  -22.5000  -45.0000 9167.6895   13.5035
    7.5000  -22.5000  -45.0000 8790.3809   13.4764
   -7.5000  -15.0000  -45.0000 9788.8477   13.3859
    0.0000  -15.0000  -45.000010272.6318   13.3828
    7.5000  -15.0000  -45.0000 9852.0645   13.3535
   -7.5000   -7.5000  -45.000010802.9014   13.3700
    0.0000   -7.5000  -45.000011337.7988   13.3651
    7.5000   -7.5000  -45.000010852.0020   13.3350
   -7.5000    0.0000  -45.000011670.1484   13.3899
    0.0000    0.0000  -45.000012264.6543   13.3859
    7.5000    0.0000  -45.000011728.1221   13.3570
   -7.5000    7.5000  -45.000011604.3125   13.4328
    0.0000    7.5000  -45.000012192.5059   13.4314
    7.5000    7.5000  -45.000011691.2803   13.4049
   -7.5000   15.0000  -45.000011407.7656   13.4561
    0.0000   15.0000  -45.000011991.2051   13.4564
    7.5000   15.0000  -45.000011503.3721   13.4311
   -7.5000   22.5000  -45.000011212.7314   13.4272
    0.0000   22.5000  -45.000011767.7842   13.4265
    7.5000   22.5000  -45.000011263.2148   13.3996
   -7.5000   30.0000  -45.000011016.0342   13.2074
    0.0000   30.0000  -45.000011548.6543   13.2043
    7.5000   30.0000  -45.000011036.1943   13.1754
   -7.5000   37.5000  -45.000011038.5283   13.1919
    0.0000   37.5000  -45.000011589.6797   13.1870
    7.5000   37.5000  -45.000011039.0918   13.1573
   -7.5000   45.0000  -45.000010376.8467   12.8760
    0.0000   45.0000  -45.000010884.5693   12.8721
    7.5000   45.0000  -45.000010384.9033   12.8443
   -7.5000  -45.0000  -37.5000 6775.1421   14.1667
    0.0000  -45.0000  -37.5000 7114.6646   14.1631
    7.5000  -45.0000  -37.5000 6817.6089   14.1209
   -7.5000  -37.5000  -37.5000 7366.0820   13.8111
    0.0000  -37.5000  -37.5000 7714.3037   13.8100
    7.5000  -37.5000  -37.5000 7386.3228   13.7761
   -7.5000  -30.0000  -37.5000 8263.8418   13.5198
    0.0000  -30.0000  -37.5000 8669.5508   13.5204
    7.5000  -30.0000  -37.5000 8300.8936   13.4911
   -7.5000  -22.5000  -37.5000 9297.9639   13.3464
    0.0000  -22.5000  -37.5000 9773.1006   13.3455
    7.5000  -22.5000  -37.5000 9362.3604   13.3129
   -7.5000  -15.0000  -37.500010415.6289   13.2326
    0.0000  -15.0000  -37.500010946.5195   13.2295
    7.5000  -15.0000  -37.500010473.8057   13.1914
   -7.5000   -7.5000  -37.500011465.4277   13.2221
    0.0000   -7.5000  -37.500012036.2559   13.2178
    7.5000   -7.5000  -37.500011507.4746   13.1780
   -7.5000    0.0000  -37.500012370.7480   13.2452
    0.0000    0.0000  -37.500013001.6162   13.2423
    7.5000    0.0000  -37.500012444.0996   13.2054
   -7.5000    7.5000  -37.500012317.1914   13.2851
    0.0000    7.5000  -37.500012931.5146   13.2848
    7.5000    7.5000  -37.500012396.7637   13.2534
   -7.5000   15.0000  -37.500012112.6904   13.3024
    0.0000   15.0000  -37.500012714.5635   13.3031
    7.5000   15.0000  -37.500012173.4434   13.2743
   -7.5000   22.5000  -37.500011879.8955   13.2710
    0.0000   22.5000  -37.500012442.1768   13.2702
    7.5000   22.5000  -37.500011887.9414   13.2378
   -7.5000   30.0000  -37.500011648.3633   13.0561
    0.0000   30.0000  -37.500012184.7676   13.0530
    7.5000   30.0000  -37.500011639.2100   13.0155
   -7.5000   37.5000  -37.500011640.3838   13.0459
    0.0000   37.5000  -37.500012175.8086   13.0417
    7.5000   37.5000  -37.500011623.8945   13.0024
   -7.5000   45.0000  -37.500010940.0508   12.7368
    0.0000   45.0000  -37.500011432.4775   12.7341
    7.5000   45.0000  -37.500010939.0205   12.6985
   -7.5000  -45.0000  -30.0000 7293.1621   14.7345
    0.0000  -45.0000  -30.0000 7650.6548   14.7335
    7.5000  -45.0000  -30.0000 7323.8628   14.6853
   -7.5000  -37.5000  -30.0000 7959.2148   14.3654
    0.0000  -37.5000  -30.0000 8330.1201   14.3663
    7.5000  -37.5000  -30.0000 7965.3853   14.3304
   -7.5000  -30.0000  -30.0000 8937.7393   14.0633
    0.0000  -30.0000  -30.0000 9369.1250   14.0653
    7.5000  -30.0000  -30.0000 8974.5674   14.0372
   -7.5000  -22.5000  -30.000010069.1123   13.8832
    0.0000  -22.5000  -30.000010566.7842   13.8830
    7.5000  -22.5000  -30.000010123.9580   13.8508
   -7.5000  -15.0000  -30.000011259.4043   13.7644
    0.0000  -15.0000  -30.000011818.9238   13.7617
    7.5000  -15.0000  -30.000011312.9707   13.7204
   -7.5000   -7.5000  -30.000012372.9023   13.7515
    0.0000   -7.5000  -30.000012977.2598   13.7486
    7.5000   -7.5000  -30.000012429.6660   13.7029
   -7.5000    0.0000  -30.000013350.5615   13.7742
    0.0000    0.0000  -30.000014025.7656   13.7737
    7.5000    0.0000  -30.000013421.1221   13.7318
   -7.5000    7.5000  -30.000013300.7383   13.8172
    0.0000    7.5000  -30.000013962.3398   13.8192
    7.5000    7.5000  -30.000013366.7852   13.7861
   -7.5000   15.0000  -30.000013088.9473   13.8370
    0.0000   15.0000  -30.000013704.3721   13.8391
    7.5000   15.0000  -30.000013119.9043   13.8116
   -7.5000   22.5000  -30.000012802.0039   13.8034
    0.0000   22.5000  -30.000013361.0791   13.8033
    7.5000   22.5000  -30.000012785.3184   13.7713
   -7.5000   30.0000  -30.000012519.2383   13.5821
    0.0000   30.0000  -30.000013063.8945   13.5794
    7.5000   30.0000  -30.000012515.6572   13.5387
   -7.5000   37.5000  -30.000012488.2236   13.5695
    0.0000   37.5000  -30.000013009.3008   13.5666
    7.5000   37.5000  -30.000012461.4658   13.5215
   -7.5000   45.0000  -30.000011738.6162   13.2552
    0.0000   45.0000  -30.000012217.2412   13.2548
    7.5000   45.0000  -30.000011738.4609   13.2145
   -7.5000  -45.0000  -22.5000 7836.0488   15.2155
    0.0000  -45.0000  -22.5000 8194.1416   15.2181
    7.5000  -45.0000  -22.5000 7854.3311   15.1752
   -7.5000  -37.5000  -22.5000 8560.0049   14.8388
    0.0000  -37.5000  -22.5000 8937.3574   14.8440
    7.5000  -37.5000  -22.5000 8559.9268   14.8129
   -7.5000  -30.0000  -22.5000 9629.2305   14.5363
    0.0000  -30.0000  -22.500010073.1475   14.5415
    7.5000  -30.0000  -22.5000 9650.9727   14.5189
   -7.5000  -22.5000  -22.500010829.3711   14.3552
    0.0000  -22.5000  -22.500011340.0693   14.3571
    7.5000  -22.5000  -22.500010865.3809   14.3313
   -7.5000  -15.0000  -22.500012088.8750   14.2305
    0.0000  -15.0000  -22.500012672.2969   14.2289
    7.5000  -15.0000  -22.500012141.1338   14.1937
   -7.5000   -7.5000  -22.500013280.7598   14.2089
    0.0000   -7.5000  -22.500013933.9883   14.2078
    7.5000   -7.5000  -22.500013348.2051   14.1673
   -7.5000    0.0000  -22.500014321.1191   14.2262
    0.0000    0.0000  -22.500015051.4912   14.2292
    7.5000    0.0000  -22.500014417.4668   14.1919
   -7.5000    7.5000  -22.500014286.8359   14.2739
    0.0000    7.5000  -22.500014995.6445   14.2798
    7.5000    7.5000  -22.500014354.5020   14.2513
   -7.5000   15.0000  -22.500014067.8691   14.3026
    0.0000   15.0000  -22.500014731.7686   14.3079
    7.5000   15.0000  -22.500014092.9453   14.2858
   -7.5000   22.5000  -22.500013727.0400   14.2719
    0.0000   22.5000  -22.500014323.5703   14.2738
    7.5000   22.5000  -22.500013709.4346   14.2482
   -7.5000   30.0000  -22.500013424.2734   14.0442
    0.0000   30.0000  -22.500014010.0332   14.0426
    7.5000   30.0000  -22.500013416.3682   14.0079
   -7.5000   37.5000  -22.500013342.7070   14.0230
    0.0000   37.5000  -22.500013890.5176   14.0219
    7.5000   37.5000  -22.500013308.9570   13.9820
   -7.5000   45.0000  -22.500012532.0840   13.7005
    0.0000   45.0000  -22.500013013.6953   13.7034
    7.5000   45.0000  -22.500012521.3828   13.6675
   -7.5000  -45.0000  -15.0000 8370.8916   15.5533
    0.0000  -45.0000  -15.0000 8724.4385   15.5565
    7.5000  -45.0000  -15.0000 8380.3340   15.5238
   -7.5000  -37.5000  -15.0000 9142.9062   15.1719
    0.0000  -37.5000  -15.0000 9530.9561   15.1790
    7.5000  -37.5000  -15.0000 9144.7607   15.1538
   -7.5000  -30.0000  -15.000010281.2559   14.8694
    0.0000  -30.0000  -15.000010755.7578   14.8769
    7.5000  -30.0000  -15.000010314.2432   14.8578
   -7.5000  -22.5000  -15.000011545.1172   14.6874
    0.0000  -22.5000  -15.000012085.5928   14.6915
    7.5000  -22.5000  -15.000011589.3359   14.6710
   -7.5000  -15.0000  -15.000012895.3164   14.5577
    0.0000  -15.0000  -15.000013481.9326   14.5575
    7.5000  -15.0000  -15.000012924.6621   14.5310
   -7.5000   -7.5000  -15.000014189.9863   14.5301
    0.0000   -7.5000  -15.000014885.0820   14.5296
    7.5000   -7.5000  -15.000014249.9561   14.4993
   -7.5000    0.0000  -15.000015330.5684   14.5445
    0.0000    0.0000  -15.000016099.7334   14.5480
    7.5000    0.0000  -15.000015432.3555   14.5194
   -7.5000    7.5000  -15.000015269.0215   14.5959
    0.0000    7.5000  -15.000016019.1475   14.6032
    7.5000    7.5000  -15.000015347.4316   14.5800
   -7.5000   15.0000  -15.000015025.4609   14.6310
    0.0000   15.0000  -15.000015724.8584   14.6384
    7.5000   15.0000  -15.000015029.5947   14.6197
   -7.5000   22.5000  -15.000014675.4756   14.6017
    0.0000   22.5000  -15.000015306.8828   14.6059
    7.5000   22.5000  -15.000014634.0576   14.5854
   -7.5000   30.0000  -15.000014331.2266   14.3692
    0.0000   30.0000  -15.000014953.2021   14.3690
    7.5000   30.0000  -15.000014305.9355   14.3428
   -7.5000   37.5000  -15.000014172.5703   14.3420
    0.0000   37.5000  -15.000014751.7920   14.3416
    7.5000   37.5000  -15.000014121.7471   14.3117
   -7.5000   45.0000  -15.000013308.4951   14.0155
    0.0000   45.0000  -15.000013817.3682   14.0189
    7.5000   45.0000  -15.000013283.1006   13.9914
   -7.5000  -45.0000   -7.5000 8894.5537   15.7324
    0.0000  -45.0000   -7.5000 9274.2002   15.7319
    7.5000  -45.0000   -7.5000 8906.2676   15.7023
   -7.5000  -37.5000   -7.5000 9726.6562   15.3448
    0.0000  -37.5000   -7.500010154.7559   15.3486
    7.5000  -37.5000   -7.5000 9753.4785   15.3231
   -7.5000  -30.0000   -7.500010941.3857   15.0354
    0.0000  -30.0000   -7.500011463.3604   15.0408
    7.5000  -30.0000   -7.500010998.4014   15.0186
   -7.5000  -22.5000   -7.500012294.9590   14.8490
    0.0000  -22.5000   -7.500012875.8438   14.8524
    7.5000  -22.5000   -7.500012338.5850   14.8300
   -7.5000  -15.0000   -7.500013704.0957   14.7180
    0.0000  -15.0000   -7.500014346.2725   14.7177
    7.5000  -15.0000   -7.500013719.7803   14.6928
   -7.5000   -7.5000   -7.500015091.5410   14.6941
    0.0000   -7.5000   -7.500015824.4727   14.6920
    7.5000   -7.5000   -7.500015115.5498   14.6655
   -7.5000    0.0000   -7.500016401.5879   14.7120
    0.0000    0.0000   -7.500017210.1680   14.7121
    7.5000    0.0000   -7.500016454.2129   14.6863
   -7.5000    7.5000   -7.500016355.3691   14.7627
    0.0000    7.5000   -7.500017199.5703   14.7664
    7.5000    7.5000   -7.500016428.3379   14.7428
   -7.5000   15.0000   -7.500016021.3350   14.7947
    0.0000   15.0000   -7.500016854.2090   14.8001
    7.5000   15.0000   -7.500016058.3252   14.7783
   -7.5000   22.5000   -7.500015640.2627   14.7609
    0.0000   22.5000   -7.500016346.2715   14.7644
    7.5000   22.5000   -7.500015588.7275   14.7420
   -7.5000   30.0000   -7.500015257.6172   14.5270
    0.0000   30.0000   -7.500015928.5420   14.5267
    7.5000   30.0000   -7.500015212.4873   14.5021
   -7.5000   37.5000   -7.500015034.8262   14.5035
    0.0000   37.5000   -7.500015670.6992   14.5015
    7.5000   37.5000   -7.500014965.2705   14.4753
   -7.5000   45.0000   -7.500014133.3223   14.1796
    0.0000   45.0000   -7.500014705.0518   14.1797
    7.5000   45.0000   -7.500014065.5098   14.1548
   -7.5000  -45.0000    0.0000 9379.5410   15.7853
    0.0000  -45.0000    0.0000 9787.8350   15.7818
    7.5000  -45.0000    0.0000 9422.5615   15.7458
   -7.5000  -37.5000    0.000010268.2598   15.3909
    0.0000  -37.5000    0.000010735.9990   15.3910
    7.5000  -37.5000    0.000010305.2002   15.3599
   -7.5000  -30.0000    0.000011542.8076   15.0713
    0.0000  -30.0000    0.000012110.9775   15.0733
    7.5000  -30.0000    0.000011590.9453   15.0450
   -7.5000  -22.5000    0.000012938.4990   14.8808
    0.0000  -22.5000    0.000013593.7783   14.8814
    7.5000  -22.5000    0.000012974.4521   14.8516
   -7.5000  -15.0000    0.000014351.8350   14.7522
    0.0000  -15.0000    0.000015076.1484   14.7500
    7.5000  -15.0000    0.000014373.0791   14.7179
   -7.5000   -7.5000    0.000015794.1543   14.7362
    0.0000   -7.5000    0.000016568.5566   14.7322
    7.5000   -7.5000    0.000015792.4551   14.6993
   -7.5000    0.0000    0.000017290.4766   14.7593
    0.0000    0.0000    0.000018174.9492   14.7566
    7.5000    0.0000    0.000017297.1719   14.7251
   -7.5000    7.5000    0.000017391.7070   14.8059
    0.0000    7.5000    0.000018515.9531   14.8062
    7.5000    7.5000    0.000017502.6719   14.7773
   -7.5000   15.0000    0.000017079.9492   14.8299
    0.0000   15.0000    0.000018205.5859   14.8319
    7.5000   15.0000    0.000017121.0352   14.8041
   -7.5000   22.5000    0.000016559.5723   14.7924
    0.0000   22.5000    0.000017530.5527   14.7930
    7.5000   22.5000    0.000016478.6855   14.7634
   -7.5000   30.0000    0.000016109.1309   14.5612
    0.0000   30.0000    0.000016983.7188   14.5590
    7.5000   30.0000    0.000016024.7861   14.5272
   -7.5000   37.5000    0.000015814.8457   14.5455
    0.0000   37.5000    0.000016634.9805   14.5416
    7.5000   37.5000    0.000015688.2158   14.5091
   -7.5000   45.0000    0.000014851.3486   14.2263
    0.0000   45.0000    0.000015609.9365   14.2236
    7.5000   45.0000    0.000014738.3643   14.1933
   -7.5000  -45.0000    7.5000 9079.8242   15.8130
    0.0000  -45.0000    7.5000 9517.1807   15.8094
    7.5000  -45.0000    7.5000 9139.4229   15.7629
   -7.5000  -37.5000    7.5000 9982.1982   15.4150
    0.0000  -37.5000    7.500010451.0254   15.4142
    7.5000  -37.5000    7.500010019.1406   15.3770
   -7.5000  -30.0000    7.500011246.4912   15.0886
    0.0000  -30.0000    7.500011776.5332   15.0896
    7.5000  -30.0000    7.500011287.6895   15.0575
   -7.5000  -22.5000    7.500012608.5303   14.8948
    0.0000  -22.5000    7.500013208.7637   14.8941
    7.5000  -22.5000    7.500012637.0928   14.8584
   -7.5000  -15.0000    7.500013977.0957   14.7680
    0.0000  -15.0000    7.500014652.2812   14.7649
    7.5000  -15.0000    7.500014002.7227   14.7230
   -7.5000   -7.5000    7.500015364.1221   14.7567
    0.0000   -7.5000    7.500016094.5918   14.7523
    7.5000   -7.5000    7.500015369.4160   14.7085
   -7.5000    0.0000    7.500016800.0137   14.7828
    0.0000    0.0000    7.500017771.5723   14.7800
    7.5000    0.0000    7.500016839.2617   14.7394
   -7.5000    7.5000    7.500017010.5527   14.8273
    0.0000    7.5000    7.500018544.7441   14.8274
    7.5000    7.5000    7.500017156.1777   14.7929
   -7.5000   15.0000    7.500016902.3965   14.8462
    0.0000   15.0000    7.500018538.4121   14.8474
    7.5000   15.0000    7.500016903.5312   14.8159
   -7.5000   22.5000    7.500016396.0625   14.8060
    0.0000   22.5000    7.500017738.9336   14.8055
    7.5000   22.5000    7.500016259.5176   14.7700
   -7.5000   30.0000    7.500015858.1152   14.5767
    0.0000   30.0000    7.500016946.8789   14.5736
    7.5000   30.0000    7.500015724.3193   14.5323
   -7.5000   37.5000    7.500015401.9443   14.5657
    0.0000   37.5000    7.500016349.2920   14.5614
    7.5000   37.5000    7.500015276.2314   14.5181
   -7.5000   45.0000    7.500014423.9121   14.2489
    0.0000   45.0000    7.500015226.2666   14.2462
    7.5000   45.0000    7.500014318.1357   14.2071
   -7.5000  -45.0000   15.0000 8697.5186   15.8265
    0.0000  -45.0000   15.0000 9116.5371   15.8256
    7.5000  -45.0000   15.0000 8741.3682   15.7739
   -7.5000  -37.5000   15.0000 9564.4141   15.4299
    0.0000  -37.5000   15.000010028.0107   15.4310
    7.5000  -37.5000   15.0000 9596.3760   15.3926
   -7.5000  -30.0000   15.000010756.7529   15.1052
    0.0000  -30.0000   15.000011287.9521   15.1075
    7.5000  -30.0000   15.000010807.5000   15.0775
   -7.5000  -22.5000   15.000012035.3213   14.9117
    0.0000  -22.5000   15.000012613.3057   14.9117
    7.5000  -22.5000   15.000012073.0225   14.8773
   -7.5000  -15.0000   15.000013332.0889   14.7840
    0.0000  -15.0000   15.000013965.9238   14.7813
    7.5000  -15.0000   15.000013374.5225   14.7371
   -7.5000   -7.5000   15.000014707.0586   14.7703
    0.0000   -7.5000   15.000015416.4551   14.7673
    7.5000   -7.5000   15.000014729.4766   14.7183
   -7.5000    0.0000   15.000016088.7520   14.7947
    0.0000    0.0000   15.000017100.9980   14.7943
    7.5000    0.0000   15.000016171.0479   14.7494
   -7.5000    7.5000   15.000016188.3037   14.8408
    0.0000    7.5000   15.000017523.9395   14.8432
    7.5000    7.5000   15.000016357.3262   14.8078
   -7.5000   15.0000   15.000016043.8027   14.8620
    0.0000   15.0000   15.000017344.3730   14.8645
    7.5000   15.0000   15.000016062.0957   14.8351
   -7.5000   22.5000   15.000015672.3262   14.8227
    0.0000   22.5000   15.000016811.9648   14.8228
    7.5000   22.5000   15.000015552.0576   14.7885
   -7.5000   30.0000   15.000015143.0342   14.5926
    0.0000   30.0000   15.000016140.6562   14.5899
    7.5000   30.0000   15.000015051.5986   14.5462
   -7.5000   37.5000   15.000014651.5430   14.5791
    0.0000   37.5000   15.000015559.3672   14.5762
    7.5000   37.5000   15.000014581.2432   14.5278
   -7.5000   45.0000   15.000013714.2285   14.2604
    0.0000   45.0000   15.000014494.6533   14.2600
    7.5000   45.0000   15.000013620.8994   14.2168
   -7.5000  -45.0000   22.5000 8190.5630   15.8695
    0.0000  -45.0000   22.5000 8633.4307   15.8729
    7.5000  -45.0000   22.5000 8231.0078   15.8281
   -7.5000  -37.5000   22.5000 9007.7383   15.4763
    0.0000  -37.5000   22.5000 9486.1455   15.4823
    7.5000  -37.5000   22.5000 9052.8320   15.4500
   -7.5000  -30.0000   22.500010149.0547   15.1597
    0.0000  -30.0000   22.500010668.2617   15.1658
    7.5000  -30.0000   22.500010213.4590   15.1423
   -7.5000  -22.5000   22.500011359.2715   14.9696
    0.0000  -22.5000   22.500011928.6387   14.9721
    7.5000  -22.5000   22.500011420.2500   14.9453
   -7.5000  -15.0000   22.500012628.6631   14.8384
    0.0000  -15.0000   22.500013221.4434   14.8373
    7.5000  -15.0000   22.500012672.5693   14.8007
   -7.5000   -7.5000   22.500013943.5859   14.8159
    0.0000   -7.5000   22.500014587.2588   14.8153
    7.5000   -7.5000   22.500013968.4902   14.7731
   -7.5000    0.0000   22.500015148.9004   14.8345
    0.0000    0.0000   22.500015994.6045   14.8382
    7.5000    0.0000   22.500015259.6523   14.7993
   -7.5000    7.5000   22.500015104.4502   14.8848
    0.0000    7.5000   22.500016033.6191   14.8916
    7.5000    7.5000   22.500015281.4902   14.8620
   -7.5000   15.0000   22.500014915.6309   14.9149
    0.0000   15.0000   22.500015717.5664   14.9211
    7.5000   15.0000   22.500014975.0820   14.8982
   -7.5000   22.5000   22.500014652.4316   14.8800
    0.0000   22.5000   22.500015402.6846   14.8826
    7.5000   22.5000   22.500014626.2891   14.8560
   -7.5000   30.0000   22.500014261.1582   14.6463
    0.0000   30.0000   22.500015004.2334   14.6451
    7.5000   30.0000   22.500014227.2383   14.6090
   -7.5000   37.5000   22.500013827.8057   14.6241
    0.0000   37.5000   22.500014553.2764   14.6236
    7.5000   37.5000   22.500013797.8311   14.5819
   -7.5000   45.0000   22.500012958.6074   14.2987
    0.0000   45.0000   22.500013610.3848   14.3023
    7.5000   45.0000   22.500012895.6211   14.2648
   -7.5000  -45.0000   30.0000 7662.7886   16.0267
    0.0000  -45.0000   30.0000 8054.1274   16.0309
    7.5000  -45.0000   30.0000 7687.4175   15.9969
   -7.5000  -37.5000   30.0000 8415.1133   15.6325
    0.0000  -37.5000   30.0000 8823.9883   15.6407
    7.5000  -37.5000   30.0000 8450.5859   15.6147
   -7.5000  -30.0000   30.0000 9479.1543   15.3185
    0.0000  -30.0000   30.0000 9915.5156   15.3270
    7.5000  -30.0000   30.0000 9532.9072   15.3074
   -7.5000  -22.5000   30.000010645.4385   15.1286
    0.0000  -22.5000   30.000011117.6270   15.1336
    7.5000  -22.5000   30.000010685.1777   15.1124
   -7.5000  -15.0000   30.000011834.6611   14.9924
    0.0000  -15.0000   30.000012322.7666   14.9928
    7.5000  -15.0000   30.000011854.7295   14.9654
   -7.5000   -7.5000   30.000013015.0322   14.9642
    0.0000   -7.5000   30.000013576.8975   14.9645
    7.5000   -7.5000   30.000013059.6182   14.9332
   -7.5000    0.0000   30.000014069.9209   14.9806
    0.0000    0.0000   30.000014752.0898   14.9850
    7.5000    0.0000   30.000014186.3213   14.9556
   -7.5000    7.5000   30.000013999.8203   15.0350
    0.0000    7.5000   30.000014677.6660   15.0433
    7.5000    7.5000   30.000014132.5439   15.0195
   -7.5000   15.0000   30.000013782.7764   15.0712
    0.0000   15.0000   30.000014397.1865   15.0796
    7.5000   15.0000   30.000013860.2471   15.0604
   -7.5000   22.5000   30.000013563.5127   15.0376
    0.0000   22.5000   30.000014165.9043   15.0426
    7.5000   22.5000   30.000013591.5439   15.0215
   -7.5000   30.0000   30.000013259.6387   14.7982
    0.0000   30.0000   30.000013855.9922   14.7987
    7.5000   30.0000   30.000013267.6172   14.7715
   -7.5000   37.5000   30.000012890.4141   14.7706
    0.0000   37.5000   30.000013490.4248   14.7708
    7.5000   37.5000   30.000012879.1758   14.7399
   -7.5000   45.0000   30.000012106.8037   14.4395
    0.0000   45.0000   30.000012664.9160   14.4438
    7.5000   45.0000   30.000012048.3027   14.4155
   -7.5000  -45.0000   37.5000 7388.3970   16.2851
    0.0000  -45.0000   37.5000 7731.5122   16.2853
    7.5000  -45.0000   37.5000 7397.0293   16.2536
   -7.5000  -37.5000   37.5000 8111.7793   15.8818
    0.0000  -37.5000   37.5000 8480.8057   15.8864
    7.5000  -37.5000   37.5000 8135.9443   15.8593
   -7.5000  -30.0000   37.5000 9147.7617   15.5583
    0.0000  -30.0000   37.5000 9543.7510   15.5646
    7.5000  -30.0000   37.5000 9166.3594   15.5412
   -7.5000  -22.5000   37.500010281.6201   15.3634
    0.0000  -22.5000   37.500010716.6631   15.3677
    7.5000  -22.5000   37.500010298.6182   15.3440
   -7.5000  -15.0000   37.500011413.3037   15.2240
    0.0000  -15.0000   37.500011880.5508   15.2244
    7.5000  -15.0000   37.500011443.3721   15.1980
   -7.5000   -7.5000   37.500012531.5957   15.2001
    0.0000   -7.5000   37.500013073.4707   15.1986
    7.5000   -7.5000   37.500012607.7871   15.1705
   -7.5000    0.0000   37.500013536.3486   15.2213
    0.0000    0.0000   37.500014134.9102   15.2219
    7.5000    0.0000   37.500013639.0742   15.1946
   -7.5000    7.5000   37.500013472.6357   15.2759
    0.0000    7.5000   37.500014024.4561   15.2804
    7.5000    7.5000   37.500013541.2500   15.2554
   -7.5000   15.0000   37.500013237.4883   15.3086
    0.0000   15.0000   37.500013766.5127   15.3149
    7.5000   15.0000   37.500013287.9668   15.2919
   -7.5000   22.5000   37.500012998.9268   15.2706
    0.0000   22.5000   37.500013551.5938   15.2750
    7.5000   22.5000   37.500013033.4219   15.2513
   -7.5000   30.0000   37.500012738.6611   15.0268
    0.0000   30.0000   37.500013296.8232   15.0272
    7.5000   30.0000   37.500012764.2852   15.0011
   -7.5000   37.5000   37.500012417.5176   15.0034
    0.0000   37.5000   37.500012941.7686   15.0019
    7.5000   37.5000   37.500012408.2773   14.9741
   -7.5000   45.0000   37.500011658.0596   14.6715
    0.0000   45.0000   37.500012172.0078   14.6722
    7.5000   45.0000   37.500011631.1602   14.6458
   -7.5000  -45.0000   45.0000 6808.9033   16.5859
    0.0000  -45.0000   45.0000 7132.8989   16.5803
    7.5000  -45.0000   45.0000 6822.5381   16.5418
   -7.5000  -37.5000   45.0000 7482.1953   16.1665
    0.0000  -37.5000   45.0000 7824.4585   16.1648
    7.5000  -37.5000   45.0000 7505.2871   16.1318
   -7.5000  -30.0000   45.0000 8442.6426   15.8249
    0.0000  -30.0000   45.0000 8828.5439   15.8258
    7.5000  -30.0000   45.0000 8461.8564   15.7964
   -7.5000  -22.5000   45.0000 9474.2822   15.6218
    0.0000  -22.5000   45.0000 9897.4414   15.6217
    7.5000  -22.5000   45.0000 9494.9053   15.5911
   -7.5000  -15.0000   45.000010524.3379   15.4812
    0.0000  -15.0000   45.000010953.7041   15.4781
    7.5000  -15.0000   45.000010540.9658   15.4448
   -7.5000   -7.5000   45.000011537.4707   15.4652
    0.0000   -7.5000   45.000012015.0176   15.4596
    7.5000   -7.5000   45.000011592.0264   15.4251
   -7.5000    0.0000   45.000012454.7939   15.4932
    0.0000    0.0000   45.000012983.2383   15.4886
    7.5000    0.0000   45.000012545.7529   15.4552
   -7.5000    7.5000   45.000012373.0254   15.5461
    0.0000    7.5000   45.000012851.9316   15.5447
    7.5000    7.5000   45.000012442.0801   15.5142
   -7.5000   15.0000   45.000012137.0195   15.5711
    0.0000   15.0000   45.000012601.1650   15.5720
    7.5000   15.0000   45.000012193.3477   15.5432
   -7.5000   22.5000   45.000011924.9805   15.5270
    0.0000   22.5000   45.000012408.3594   15.5269
    7.5000   22.5000   45.000011950.0771   15.4964
   -7.5000   30.0000   45.000011704.2998   15.2794
    0.0000   30.0000   45.000012181.7559   15.2763
    7.5000   30.0000   45.000011697.2412   15.2435
   -7.5000   37.5000   45.000011412.2686   15.2637
    0.0000   37.5000   45.000011871.8994   15.2582
    7.5000   37.5000   45.000011397.6484   15.2242
   -7.5000   45.0000   45.000010721.8545   14.9405
    0.0000   45.0000   45.000011197.6113   14.9360
    7.5000   45.0000   45.000010716.7891   14.9038

---------------------------------------------------------------------
imgreg_4dfp /opt/freesurfer/average/711-2C_as_mni_average_305 /opt/freesurfer/average/711-2B_as_mni_average_305_mask talsrcimg_g11 none talsrcimg_to_711-2C_as_mni_average_305_t4 4355
---------------------------------------------------------------------

freesurfer imgreg_4dfp.c
/opt/freesurfer/average/711-2C_as_mni_average_305.4dfp.img
       256       256       256         1
  1.000000  1.000000  1.000000
orientation T byte_order littleendian
Reading image: /opt/freesurfer/average/711-2C_as_mni_average_305.4dfp.img
dimensions:      256       256       256
mmppix:       1.0000   -1.0000   -1.0000
center:     128.0000 -129.0000 -129.0000
/opt/freesurfer/average/711-2B_as_mni_average_305_mask.4dfp.img
       256       256       256         1
  1.000000  1.000000  1.000000
orientation T byte_order littleendian
Reading mask: /opt/freesurfer/average/711-2B_as_mni_average_305_mask.4dfp.img (2306576 pixels)
talsrcimg_g11.4dfp.img
       256       256       256         1
  1.000000  1.000000  1.000000
orientation T byte_order littleendian
Reading image: talsrcimg_g11.4dfp.img
dimensions:      256       256       256
mmppix:       1.0000   -1.0000   -1.0000
center:     128.0000 -129.0000 -129.0000
rotation matrix determinant  1.000000
image alignment mode   4355 decimal     1103 hex
   -7.5000  -37.5000  -37.5000 2055.0361   20.3785
    0.0000  -37.5000  -37.5000 2053.9277   20.2638
    7.5000  -37.5000  -37.5000 2045.2222   20.2807
   -7.5000  -30.0000  -37.5000 2160.0796   18.1869
    0.0000  -30.0000  -37.5000 2168.8958   18.1024
    7.5000  -30.0000  -37.5000 2160.1113   18.1439
   -7.5000  -22.5000  -37.5000 2271.4268   16.4603
    0.0000  -22.5000  -37.5000 2288.0139   16.3607
    7.5000  -22.5000  -37.5000 2283.3342   16.4381
   -7.5000  -15.0000  -37.5000 2375.6348   15.0902
    0.0000  -15.0000  -37.5000 2397.5920   14.9894
    7.5000  -15.0000  -37.5000 2386.8728   15.0618
   -7.5000   -7.5000  -37.5000 2448.5115   14.0679
    0.0000   -7.5000  -37.5000 2466.1848   13.9433
    7.5000   -7.5000  -37.5000 2453.0876   14.0192
   -7.5000    0.0000  -37.5000 2489.1062   13.3868
    0.0000    0.0000  -37.5000 2507.3672   13.2566
    7.5000    0.0000  -37.5000 2499.4648   13.3322
   -7.5000    7.5000  -37.5000 2512.6506   12.9920
    0.0000    7.5000  -37.5000 2525.5825   12.8649
    7.5000    7.5000  -37.5000 2517.1653   12.9478
   -7.5000   15.0000  -37.5000 2521.8245   12.7784
    0.0000   15.0000  -37.5000 2532.7791   12.6224
    7.5000   15.0000  -37.5000 2522.3071   12.7127
   -7.5000   22.5000  -37.5000 2519.5942   12.8083
    0.0000   22.5000  -37.5000 2534.7744   12.6129
    7.5000   22.5000  -37.5000 2519.1047   12.6725
   -7.5000   30.0000  -37.5000 2499.8037   13.0324
    0.0000   30.0000  -37.5000 2520.8306   12.8324
    7.5000   30.0000  -37.5000 2506.5046   12.8770
   -7.5000   37.5000  -37.5000 2466.5039   13.4957
    0.0000   37.5000  -37.5000 2489.7180   13.3201
    7.5000   37.5000  -37.5000 2478.6892   13.3701
   -7.5000   45.0000  -37.5000 2408.0667   14.2378
    0.0000   45.0000  -37.5000 2433.9929   14.1040
    7.5000   45.0000  -37.5000 2418.8020   14.1312
   -7.5000   52.5000  -37.5000 2310.9099   15.1350
    0.0000   52.5000  -37.5000 2331.2983   14.9996
    7.5000   52.5000  -37.5000 2321.8357   15.0434
   -7.5000  -37.5000  -30.0000 2147.1794   19.7311
    0.0000  -37.5000  -30.0000 2150.5254   19.5723
    7.5000  -37.5000  -30.0000 2140.1702   19.6942
   -7.5000  -30.0000  -30.0000 2266.0437   17.6269
    0.0000  -30.0000  -30.0000 2276.9612   17.4671
    7.5000  -30.0000  -30.0000 2265.3472   17.5621
   -7.5000  -22.5000  -30.0000 2383.1775   15.8800
    0.0000  -22.5000  -30.0000 2404.3452   15.7521
    7.5000  -22.5000  -30.0000 2395.3491   15.8790
   -7.5000  -15.0000  -30.0000 2491.6628   14.5483
    0.0000  -15.0000  -30.0000 2512.2612   14.4198
    7.5000  -15.0000  -30.0000 2505.5427   14.5199
   -7.5000   -7.5000  -30.0000 2565.7930   13.5496
    0.0000   -7.5000  -30.0000 2585.2566   13.3929
    7.5000   -7.5000  -30.0000 2579.5879   13.4858
   -7.5000    0.0000  -30.0000 2619.7969   12.8661
    0.0000    0.0000  -30.0000 2638.4253   12.7036
    7.5000    0.0000  -30.0000 2630.6716   12.8025
   -7.5000    7.5000  -30.0000 2655.1877   12.4618
    0.0000    7.5000  -30.0000 2670.8867   12.3088
    7.5000    7.5000  -30.0000 2660.5764   12.4156
   -7.5000   15.0000  -30.0000 2669.9070   12.2244
    0.0000   15.0000  -30.0000 2681.3208   12.0715
    7.5000   15.0000  -30.0000 2670.9609   12.1650
   -7.5000   22.5000  -30.0000 2667.6702   12.2281
    0.0000   22.5000  -30.0000 2684.0562   12.0416
    7.5000   22.5000  -30.0000 2668.9907   12.1524
   -7.5000   30.0000  -30.0000 2646.5417   12.4512
    0.0000   30.0000  -30.0000 2669.5703   12.2551
    7.5000   30.0000  -30.0000 2659.9507   12.3543
   -7.5000   37.5000  -30.0000 2609.5623   12.9048
    0.0000   37.5000  -30.0000 2637.0808   12.7202
    7.5000   37.5000  -30.0000 2628.3323   12.8146
   -7.5000   45.0000  -30.0000 2550.5645   13.6176
    0.0000   45.0000  -30.0000 2576.2144   13.4541
    7.5000   45.0000  -30.0000 2563.8083   13.5353
   -7.5000   52.5000  -30.0000 2446.7039   14.4877
    0.0000   52.5000  -30.0000 2465.9968   14.3264
    7.5000   52.5000  -30.0000 2454.8611   14.4157
   -7.5000  -37.5000  -22.5000 2212.0884   19.1022
    0.0000  -37.5000  -22.5000 2218.0459   18.8968
    7.5000  -37.5000  -22.5000 2207.4961   19.0146
   -7.5000  -30.0000  -22.5000 2339.2432   16.9985
    0.0000  -30.0000  -22.5000 2353.7090   16.8392
    7.5000  -30.0000  -22.5000 2339.9607   16.9558
   -7.5000  -22.5000  -22.5000 2458.4822   15.2631
    0.0000  -22.5000  -22.5000 2480.4502   15.1321
    7.5000  -22.5000  -22.5000 2468.2126   15.2334
   -7.5000  -15.0000  -22.5000 2570.9199   13.9411
    0.0000  -15.0000  -22.5000 2594.8540   13.7889
    7.5000  -15.0000  -22.5000 2585.2676   13.8857
   -7.5000   -7.5000  -22.5000 2657.8960   12.9485
    0.0000   -7.5000  -22.5000 2676.6753   12.7916
    7.5000   -7.5000  -22.5000 2669.5383   12.8896
   -7.5000    0.0000  -22.5000 2717.5510   12.2602
    0.0000    0.0000  -22.5000 2737.1941   12.1111
    7.5000    0.0000  -22.5000 2729.2039   12.1938
   -7.5000    7.5000  -22.5000 2764.5234   11.8355
    0.0000    7.5000  -22.5000 2784.3682   11.6804
    7.5000    7.5000  -22.5000 2771.6199   11.7720
   -7.5000   15.0000  -22.5000 2786.2439   11.5963
    0.0000   15.0000  -22.5000 2806.0776   11.4230
    7.5000   15.0000  -22.5000 2792.1438   11.5279
   -7.5000   22.5000  -22.5000 2788.0642   11.5829
    0.0000   22.5000  -22.5000 2806.0085   11.4120
    7.5000   22.5000  -22.5000 2792.1001   11.5240
   -7.5000   30.0000  -22.5000 2771.9941   11.8365
    0.0000   30.0000  -22.5000 2791.9771   11.6346
    7.5000   30.0000  -22.5000 2780.1409   11.7550
   -7.5000   37.5000  -22.5000 2735.7092   12.2944
    0.0000   37.5000  -22.5000 2759.7329   12.1011
    7.5000   37.5000  -22.5000 2747.4463   12.2077
   -7.5000   45.0000  -22.5000 2664.0903   12.9601
    0.0000   45.0000  -22.5000 2686.7334   12.7851
    7.5000   45.0000  -22.5000 2676.3928   12.8682
   -7.5000   52.5000  -22.5000 2547.3364   13.8158
    0.0000   52.5000  -22.5000 2568.3079   13.6292
    7.5000   52.5000  -22.5000 2559.8828   13.7403
   -7.5000  -37.5000  -15.0000 2250.0271   18.5775
    0.0000  -37.5000  -15.0000 2259.0051   18.3468
    7.5000  -37.5000  -15.0000 2251.7812   18.4696
   -7.5000  -30.0000  -15.0000 2371.4666   16.4822
    0.0000  -30.0000  -15.0000 2391.2246   16.2993
    7.5000  -30.0000  -15.0000 2383.1047   16.4021
   -7.5000  -22.5000  -15.0000 2488.7712   14.7562
    0.0000  -22.5000  -15.0000 2513.4915   14.6038
    7.5000  -22.5000  -15.0000 2509.1641   14.6858
   -7.5000  -15.0000  -15.0000 2610.9348   13.3959
    0.0000  -15.0000  -15.0000 2632.2209   13.2460
    7.5000  -15.0000  -15.0000 2628.7859   13.3009
   -7.5000   -7.5000  -15.0000 2711.4324   12.4007
    0.0000   -7.5000  -15.0000 2733.0127   12.2675
    7.5000   -7.5000  -15.0000 2725.2659   12.3421
   -7.5000    0.0000  -15.0000 2783.8438   11.7248
    0.0000    0.0000  -15.0000 2802.4253   11.5821
    7.5000    0.0000  -15.0000 2797.0728   11.6727
   -7.5000    7.5000  -15.0000 2838.7869   11.2919
    0.0000    7.5000  -15.0000 2855.6519   11.1207
    7.5000    7.5000  -15.0000 2843.0220   11.2304
   -7.5000   15.0000  -15.0000 2866.8057   11.0370
    0.0000   15.0000  -15.0000 2888.9229   10.8383
    7.5000   15.0000  -15.0000 2866.5691   10.9555
   -7.5000   22.5000  -15.0000 2878.5308   11.0266
    0.0000   22.5000  -15.0000 2895.8479   10.8151
    7.5000   22.5000  -15.0000 2878.6099   10.9385
   -7.5000   30.0000  -15.0000 2860.8906   11.2607
    0.0000   30.0000  -15.0000 2880.9949   11.0697
    7.5000   30.0000  -15.0000 2865.6812   11.1812
   -7.5000   37.5000  -15.0000 2816.9553   11.7102
    0.0000   37.5000  -15.0000 2843.3469   11.5199
    7.5000   37.5000  -15.0000 2823.4756   11.6479
   -7.5000   45.0000  -15.0000 2740.2419   12.3719
    0.0000   45.0000  -15.0000 2760.0227   12.2004
    7.5000   45.0000  -15.0000 2748.4121   12.3020
   -7.5000   52.5000  -15.0000 2614.0928   13.2244
    0.0000   52.5000  -15.0000 2633.2188   13.0478
    7.5000   52.5000  -15.0000 2623.6843   13.1591
   -7.5000  -37.5000   -7.5000 2267.2852   18.1368
    0.0000  -37.5000   -7.5000 2280.9392   17.8951
    7.5000  -37.5000   -7.5000 2274.4717   18.0115
   -7.5000  -30.0000   -7.5000 2384.8538   16.0565
    0.0000  -30.0000   -7.5000 2408.4717   15.8559
    7.5000  -30.0000   -7.5000 2405.6462   15.9725
   -7.5000  -22.5000   -7.5000 2508.7839   14.3377
    0.0000  -22.5000   -7.5000 2531.6704   14.1531
    7.5000  -22.5000   -7.5000 2530.7314   14.2346
   -7.5000  -15.0000   -7.5000 2636.2375   12.9885
    0.0000  -15.0000   -7.5000 2655.7642   12.8059
    7.5000  -15.0000   -7.5000 2650.3623   12.8506
   -7.5000   -7.5000   -7.5000 2740.0698   11.9684
    0.0000   -7.5000   -7.5000 2763.2969   11.8333
    7.5000   -7.5000   -7.5000 2756.1462   11.8627
   -7.5000    0.0000   -7.5000 2828.1462   11.3006
    0.0000    0.0000   -7.5000 2846.6809   11.1624
    7.5000    0.0000   -7.5000 2841.4924   11.2258
   -7.5000    7.5000   -7.5000 2893.2993   10.8802
    0.0000    7.5000   -7.5000 2911.0632   10.7235
    7.5000    7.5000   -7.5000 2897.2678   10.8192
   -7.5000   15.0000   -7.5000 2930.6377   10.5938
    0.0000   15.0000   -7.5000 2956.7166   10.4038
    7.5000   15.0000   -7.5000 2928.5283   10.5233
   -7.5000   22.5000   -7.5000 2942.9702   10.5561
    0.0000   22.5000   -7.5000 2966.0662   10.3273
    7.5000   22.5000   -7.5000 2942.7783   10.4708
   -7.5000   30.0000   -7.5000 2919.8171   10.7992
    0.0000   30.0000   -7.5000 2942.9648   10.5821
    7.5000   30.0000   -7.5000 2924.3682   10.7157
   -7.5000   37.5000   -7.5000 2870.6357   11.2561
    0.0000   37.5000   -7.5000 2895.5317   11.0504
    7.5000   37.5000   -7.5000 2876.8630   11.1864
   -7.5000   45.0000   -7.5000 2789.0396   11.9418
    0.0000   45.0000   -7.5000 2809.1709   11.7339
    7.5000   45.0000   -7.5000 2794.4150   11.8734
   -7.5000   52.5000   -7.5000 2657.4365   12.7972
    0.0000   52.5000   -7.5000 2679.4282   12.5850
    7.5000   52.5000   -7.5000 2665.2153   12.7196
   -7.5000  -37.5000    0.0000 2277.3022   17.9430
    0.0000  -37.5000    0.0000 2289.8215   17.6539
    7.5000  -37.5000    0.0000 2287.8506   17.7816
   -7.5000  -30.0000    0.0000 2397.7246   15.8246
    0.0000  -30.0000    0.0000 2412.5061   15.6124
    7.5000  -30.0000    0.0000 2412.8928   15.6929
   -7.5000  -22.5000    0.0000 2518.7573   14.0702
    0.0000  -22.5000    0.0000 2540.0039   13.8788
    7.5000  -22.5000    0.0000 2532.9556   13.9174
   -7.5000  -15.0000    0.0000 2641.2808   12.6873
    0.0000  -15.0000    0.0000 2659.4087   12.5297
    7.5000  -15.0000    0.0000 2652.3330   12.5445
   -7.5000   -7.5000    0.0000 2752.6885   11.6748
    0.0000   -7.5000    0.0000 2773.9175   11.5506
    7.5000   -7.5000    0.0000 2764.6809   11.5486
   -7.5000    0.0000    0.0000 2853.2676   11.0367
    0.0000    0.0000    0.0000 2872.4971   10.9165
    7.5000    0.0000    0.0000 2864.5525   10.9222
   -7.5000    7.5000    0.0000 2931.2048   10.6657
    0.0000    7.5000    0.0000 2959.5691   10.5865
    7.5000    7.5000    0.0000 2940.1194   10.5802
   -7.5000   15.0000    0.0000 2980.0964   10.3811
    0.0000   15.0000    0.0000 3018.6055   10.2895
    7.5000   15.0000    0.0000 2980.9097   10.3161
   -7.5000   22.5000    0.0000 2987.4446   10.3088
    0.0000   22.5000    0.0000 3023.4277   10.1332
    7.5000   22.5000    0.0000 2984.3589   10.2137
   -7.5000   30.0000    0.0000 2957.6868   10.5136
    0.0000   30.0000    0.0000 2989.4419   10.3417
    7.5000   30.0000    0.0000 2959.1096   10.4172
   -7.5000   37.5000    0.0000 2902.7073   10.9725
    0.0000   37.5000    0.0000 2931.6902   10.7827
    7.5000   37.5000    0.0000 2908.7012   10.8576
   -7.5000   45.0000    0.0000 2812.6897   11.6721
    0.0000   45.0000    0.0000 2840.7393   11.4831
    7.5000   45.0000    0.0000 2822.8750   11.5425
   -7.5000   52.5000    0.0000 2676.4053   12.5334
    0.0000   52.5000    0.0000 2703.7004   12.3549
    7.5000   52.5000    0.0000 2687.4216   12.4205
   -7.5000  -37.5000    7.5000 2276.0947   17.9174
    0.0000  -37.5000    7.5000 2289.7737   17.6298
    7.5000  -37.5000    7.5000 2286.4204   17.7623
   -7.5000  -30.0000    7.5000 2397.5161   15.7862
    0.0000  -30.0000    7.5000 2408.6787   15.5217
    7.5000  -30.0000    7.5000 2406.9666   15.6505
   -7.5000  -22.5000    7.5000 2521.9749   14.0059
    0.0000  -22.5000    7.5000 2533.4136   13.7675
    7.5000  -22.5000    7.5000 2525.4058   13.8587
   -7.5000  -15.0000    7.5000 2643.7126   12.6128
    0.0000  -15.0000    7.5000 2653.8684   12.4130
    7.5000  -15.0000    7.5000 2648.5278   12.4841
   -7.5000   -7.5000    7.5000 2758.0769   11.5678
    0.0000   -7.5000    7.5000 2775.7283   11.4441
    7.5000   -7.5000    7.5000 2765.8953   11.4676
   -7.5000    0.0000    7.5000 2860.2944   10.9039
    0.0000    0.0000    7.5000 2883.7827   10.8419
    7.5000    0.0000    7.5000 2870.1006   10.8354
   -7.5000    7.5000    7.5000 2950.7373   10.5588
    0.0000    7.5000    7.5000 2993.7625   10.6160
    7.5000    7.5000    7.5000 2959.1323   10.5102
   -7.5000   15.0000    7.5000 3012.7275   10.3519
    0.0000   15.0000    7.5000 3080.5764   10.4816
    7.5000   15.0000    7.5000 3016.7646   10.2920
   -7.5000   22.5000    7.5000 3006.6895   10.2813
    0.0000   22.5000    7.5000 3066.2048   10.3013
    7.5000   22.5000    7.5000 3010.8489   10.1757
   -7.5000   30.0000    7.5000 2969.9978   10.4415
    0.0000   30.0000    7.5000 3009.3037   10.3116
    7.5000   30.0000    7.5000 2976.0115   10.3152
   -7.5000   37.5000    7.5000 2911.6543   10.8276
    0.0000   37.5000    7.5000 2945.3098   10.6431
    7.5000   37.5000    7.5000 2921.0916   10.7083
   -7.5000   45.0000    7.5000 2820.7212   11.5232
    0.0000   45.0000    7.5000 2849.9417   11.3187
    7.5000   45.0000    7.5000 2832.8735   11.3938
   -7.5000   52.5000    7.5000 2690.4187   12.3848
    0.0000   52.5000    7.5000 2713.8220   12.1946
    7.5000   52.5000    7.5000 2699.0732   12.2728
   -7.5000  -37.5000   15.0000 2266.4233   18.0700
    0.0000  -37.5000   15.0000 2280.0151   17.7660
    7.5000  -37.5000   15.0000 2269.6648   17.9496
   -7.5000  -30.0000   15.0000 2389.1594   15.8725
    0.0000  -30.0000   15.0000 2398.4260   15.6220
    7.5000  -30.0000   15.0000 2392.7109   15.7659
   -7.5000  -22.5000   15.0000 2508.2673   14.0543
    0.0000  -22.5000   15.0000 2518.0583   13.8525
    7.5000  -22.5000   15.0000 2511.1509   13.9717
   -7.5000  -15.0000   15.0000 2628.5103   12.6689
    0.0000  -15.0000   15.0000 2639.1487   12.5406
    7.5000  -15.0000   15.0000 2634.0381   12.5798
   -7.5000   -7.5000   15.0000 2750.7554   11.6567
    0.0000   -7.5000   15.0000 2765.8896   11.5886
    7.5000   -7.5000   15.0000 2756.7046   11.6113
   -7.5000    0.0000   15.0000 2860.0166   10.9910
    0.0000    0.0000   15.0000 2883.7046   11.0032
    7.5000    0.0000   15.0000 2861.4224   10.9792
   -7.5000    7.5000   15.0000 2947.6853   10.6042
    0.0000    7.5000   15.0000 2987.0435   10.7113
    7.5000    7.5000   15.0000 2948.2065   10.6168
   -7.5000   15.0000   15.0000 3003.3381   10.3469
    0.0000   15.0000   15.0000 3062.7881   10.4452
    7.5000   15.0000   15.0000 3002.0305   10.3407
   -7.5000   22.5000   15.0000 3000.5962   10.3749
    0.0000   22.5000   15.0000 3053.8284   10.3232
    7.5000   22.5000   15.0000 3000.9419   10.2826
   -7.5000   30.0000   15.0000 2956.6758   10.5663
    0.0000   30.0000   15.0000 2993.3604   10.4407
    7.5000   30.0000   15.0000 2963.3896   10.4363
   -7.5000   37.5000   15.0000 2896.1746   10.9277
    0.0000   37.5000   15.0000 2929.8860   10.7910
    7.5000   37.5000   15.0000 2903.0701   10.8108
   -7.5000   45.0000   15.0000 2807.8589   11.5774
    0.0000   45.0000   15.0000 2830.6562   11.4268
    7.5000   45.0000   15.0000 2810.0088   11.4528
   -7.5000   52.5000   15.0000 2681.8469   12.4243
    0.0000   52.5000   15.0000 2695.2405   12.2604
    7.5000   52.5000   15.0000 2682.9856   12.2884
   -7.5000  -37.5000   22.5000 2240.2517   18.3470
    0.0000  -37.5000   22.5000 2252.4185   18.1800
    7.5000  -37.5000   22.5000 2240.4209   18.3316
   -7.5000  -30.0000   22.5000 2366.8513   16.1440
    0.0000  -30.0000   22.5000 2379.3086   16.0009
    7.5000  -30.0000   22.5000 2368.0767   16.1586
   -7.5000  -22.5000   22.5000 2485.9609   14.3502
    0.0000  -22.5000   22.5000 2501.2041   14.1926
    7.5000  -22.5000   22.5000 2487.1238   14.3392
   -7.5000  -15.0000   22.5000 2613.5227   12.9575
    0.0000  -15.0000   22.5000 2624.5942   12.8350
    7.5000  -15.0000   22.5000 2613.5010   12.9618
   -7.5000   -7.5000   22.5000 2741.9026   11.9548
    0.0000   -7.5000   22.5000 2747.4829   11.8479
    7.5000   -7.5000   22.5000 2739.2561   11.9463
   -7.5000    0.0000   22.5000 2846.6440   11.2504
    0.0000    0.0000   22.5000 2859.3518   11.2235
    7.5000    0.0000   22.5000 2845.7595   11.2601
   -7.5000    7.5000   22.5000 2919.3501   10.7714
    0.0000    7.5000   22.5000 2949.7227   10.8179
    7.5000    7.5000   22.5000 2922.9456   10.8195
   -7.5000   15.0000   22.5000 2968.9863   10.4910
    0.0000   15.0000   22.5000 3001.7478   10.4589
    7.5000   15.0000   22.5000 2961.0078   10.5052
   -7.5000   22.5000   22.5000 2977.0432   10.5526
    0.0000   22.5000   22.5000 3009.8789   10.4523
    7.5000   22.5000   22.5000 2969.0959   10.5101
   -7.5000   30.0000   22.5000 2931.7478   10.8547
    0.0000   30.0000   22.5000 2961.8425   10.7247
    7.5000   30.0000   22.5000 2936.4375   10.7561
   -7.5000   37.5000   22.5000 2865.4678   11.2545
    0.0000   37.5000   22.5000 2893.4641   11.1135
    7.5000   37.5000   22.5000 2870.7510   11.1552
   -7.5000   45.0000   22.5000 2773.8047   11.8824
    0.0000   45.0000   22.5000 2797.1077   11.7416
    7.5000   45.0000   22.5000 2777.3928   11.7713
   -7.5000   52.5000   22.5000 2652.9607   12.6459
    0.0000   52.5000   22.5000 2668.0317   12.4936
    7.5000   52.5000   22.5000 2653.0715   12.5167
   -7.5000  -37.5000   30.0000 2206.4790   18.9043
    0.0000  -37.5000   30.0000 2216.5879   18.7515
    7.5000  -37.5000   30.0000 2205.6274   18.9925
   -7.5000  -30.0000   30.0000 2337.3398   16.6167
    0.0000  -30.0000   30.0000 2344.6655   16.4645
    7.5000  -30.0000   30.0000 2331.4773   16.7339
   -7.5000  -22.5000   30.0000 2464.7407   14.7700
    0.0000  -22.5000   30.0000 2473.2361   14.6064
    7.5000  -22.5000   30.0000 2460.1802   14.8402
   -7.5000  -15.0000   30.0000 2593.0962   13.4040
    0.0000  -15.0000   30.0000 2598.5090   13.2013
    7.5000  -15.0000   30.0000 2587.9705   13.3958
   -7.5000   -7.5000   30.0000 2716.3303   12.3650
    0.0000   -7.5000   30.0000 2721.4097   12.2092
    7.5000   -7.5000   30.0000 2715.5449   12.3667
   -7.5000    0.0000   30.0000 2813.0708   11.6199
    0.0000    0.0000   30.0000 2821.7925   11.5428
    7.5000    0.0000   30.0000 2810.4329   11.6567
   -7.5000    7.5000   30.0000 2880.5854   11.1273
    0.0000    7.5000   30.0000 2896.4678   11.0426
    7.5000    7.5000   30.0000 2879.0396   11.1625
   -7.5000   15.0000   30.0000 2913.2078   10.8371
    0.0000   15.0000   30.0000 2939.7422   10.7326
    7.5000   15.0000   30.0000 2912.0554   10.8468
   -7.5000   22.5000   30.0000 2925.0847   10.8712
    0.0000   22.5000   30.0000 2951.1697   10.7887
    7.5000   22.5000   30.0000 2919.1865   10.8609
   -7.5000   30.0000   30.0000 2880.4661   11.2037
    0.0000   30.0000   30.0000 2902.3777   11.1041
    7.5000   30.0000   30.0000 2879.9207   11.1471
   -7.5000   37.5000   30.0000 2812.1548   11.6739
    0.0000   37.5000   30.0000 2833.7754   11.5541
    7.5000   37.5000   30.0000 2816.2380   11.6046
   -7.5000   45.0000   30.0000 2728.7146   12.3164
    0.0000   45.0000   30.0000 2747.9417   12.1903
    7.5000   45.0000   30.0000 2729.6299   12.2297
   -7.5000   52.5000   30.0000 2604.7339   13.0562
    0.0000   52.5000   30.0000 2626.2217   12.9187
    7.5000   52.5000   30.0000 2608.4297   12.9456
   -7.5000  -37.5000   37.5000 2169.0603   19.6209
    0.0000  -37.5000   37.5000 2180.5049   19.3946
    7.5000  -37.5000   37.5000 2164.5012   19.6765
   -7.5000  -30.0000   37.5000 2300.4741   17.2768
    0.0000  -30.0000   37.5000 2313.3354   17.0143
    7.5000  -30.0000   37.5000 2293.7468   17.3143
   -7.5000  -22.5000   37.5000 2432.8904   15.3839
    0.0000  -22.5000   37.5000 2445.4651   15.1256
    7.5000  -22.5000   37.5000 2427.0576   15.3844
   -7.5000  -15.0000   37.5000 2560.4302   13.9555
    0.0000  -15.0000   37.5000 2570.1208   13.7176
    7.5000  -15.0000   37.5000 2557.8879   13.9626
   -7.5000   -7.5000   37.5000 2676.0696   12.8869
    0.0000   -7.5000   37.5000 2687.2703   12.7101
    7.5000   -7.5000   37.5000 2677.6990   12.9249
   -7.5000    0.0000   37.5000 2765.3562   12.1347
    0.0000    0.0000   37.5000 2777.9473   11.9878
    7.5000    0.0000   37.5000 2765.1350   12.1806
   -7.5000    7.5000   37.5000 2824.7727   11.6452
    0.0000    7.5000   37.5000 2842.8445   11.4641
    7.5000    7.5000   37.5000 2825.3320   11.6522
   -7.5000   15.0000   37.5000 2853.2874   11.3590
    0.0000   15.0000   37.5000 2877.6575   11.1836
    7.5000   15.0000   37.5000 2852.6934   11.3555
   -7.5000   22.5000   37.5000 2853.0510   11.3912
    0.0000   22.5000   37.5000 2877.4070   11.2670
    7.5000   22.5000   37.5000 2846.3013   11.3818
   -7.5000   30.0000   37.5000 2809.4209   11.7095
    0.0000   30.0000   37.5000 2832.3840   11.5850
    7.5000   30.0000   37.5000 2812.4475   11.6511
   -7.5000   37.5000   37.5000 2748.2219   12.2086
    0.0000   37.5000   37.5000 2766.3354   12.0809
    7.5000   37.5000   37.5000 2751.4631   12.1403
   -7.5000   45.0000   37.5000 2667.1484   12.8640
    0.0000   45.0000   37.5000 2685.6763   12.7174
    7.5000   45.0000   37.5000 2671.4546   12.7619
   -7.5000   52.5000   37.5000 2546.0571   13.6253
    0.0000   52.5000   37.5000 2566.3188   13.4608
    7.5000   52.5000   37.5000 2557.6804   13.4928
   -7.5000  -37.5000   45.0000 2126.6099   20.5228
    0.0000  -37.5000   45.0000 2143.9868   20.2464
    7.5000  -37.5000   45.0000 2122.6750   20.5747
   -7.5000  -30.0000   45.0000 2259.6140   18.1110
    0.0000  -30.0000   45.0000 2279.0024   17.8156
    7.5000  -30.0000   45.0000 2252.4666   18.1210
   -7.5000  -22.5000   45.0000 2387.5945   16.1325
    0.0000  -22.5000   45.0000 2406.7395   15.8768
    7.5000  -22.5000   45.0000 2384.8447   16.1308
   -7.5000  -15.0000   45.0000 2511.0071   14.6684
    0.0000  -15.0000   45.0000 2524.5813   14.4207
    7.5000  -15.0000   45.0000 2508.4087   14.6744
   -7.5000   -7.5000   45.0000 2620.8933   13.5764
    0.0000   -7.5000   45.0000 2634.9521   13.3687
    7.5000   -7.5000   45.0000 2618.8879   13.5986
   -7.5000    0.0000   45.0000 2701.9688   12.8168
    0.0000    0.0000   45.0000 2717.6138   12.6166
    7.5000    0.0000   45.0000 2701.7417   12.8591
   -7.5000    7.5000   45.0000 2751.3601   12.3156
    0.0000    7.5000   45.0000 2767.6292   12.1083
    7.5000    7.5000   45.0000 2752.8491   12.3501
   -7.5000   15.0000   45.0000 2773.8457   12.0324
    0.0000   15.0000   45.0000 2791.8665   11.8517
    7.5000   15.0000   45.0000 2774.6196   12.0511
   -7.5000   22.5000   45.0000 2769.4661   12.0754
    0.0000   22.5000   45.0000 2791.3323   11.8999
    7.5000   22.5000   45.0000 2767.2417   12.0608
   -7.5000   30.0000   45.0000 2734.7239   12.3582
    0.0000   30.0000   45.0000 2751.5115   12.1925
    7.5000   30.0000   45.0000 2730.0938   12.3196
   -7.5000   37.5000   45.0000 2675.8406   12.8744
    0.0000   37.5000   45.0000 2688.7900   12.7170
    7.5000   37.5000   45.0000 2674.5439   12.8254
   -7.5000   45.0000   45.0000 2595.0925   13.5392
    0.0000   45.0000   45.0000 2618.5332   13.3683
    7.5000   45.0000   45.0000 2601.9683   13.4719
   -7.5000   52.5000   45.0000 2474.3547   14.3152
    0.0000   52.5000   45.0000 2498.3704   14.1388
    7.5000   52.5000   45.0000 2484.4192   14.2134
   -7.5000  -37.5000   52.5000 2080.3577   21.6948
    0.0000  -37.5000   52.5000 2097.4495   21.4963
    7.5000  -37.5000   52.5000 2073.8220   21.7832
   -7.5000  -30.0000   52.5000 2212.1709   19.1749
    0.0000  -30.0000   52.5000 2233.0820   18.9445
    7.5000  -30.0000   52.5000 2201.1584   19.2055
   -7.5000  -22.5000   52.5000 2340.9404   17.1154
    0.0000  -22.5000   52.5000 2359.1990   16.8965
    7.5000  -22.5000   52.5000 2327.6174   17.0932
   -7.5000  -15.0000   52.5000 2452.4634   15.5879
    0.0000  -15.0000   52.5000 2468.7156   15.3644
    7.5000  -15.0000   52.5000 2447.4077   15.5900
   -7.5000   -7.5000   52.5000 2553.5930   14.4439
    0.0000   -7.5000   52.5000 2570.4143   14.2312
    7.5000   -7.5000   52.5000 2549.6782   14.4621
   -7.5000    0.0000   52.5000 2633.7922   13.6913
    0.0000    0.0000   52.5000 2649.4600   13.4519
    7.5000    0.0000   52.5000 2629.5762   13.7068
   -7.5000    7.5000   52.5000 2673.6475   13.1807
    0.0000    7.5000   52.5000 2687.6575   12.9853
    7.5000    7.5000   52.5000 2672.0420   13.2242
   -7.5000   15.0000   52.5000 2689.8193   12.9122
    0.0000   15.0000   52.5000 2702.9604   12.7419
    7.5000   15.0000   52.5000 2689.1973   12.9222
   -7.5000   22.5000   52.5000 2686.8867   12.9115
    0.0000   22.5000   52.5000 2702.4531   12.7483
    7.5000   22.5000   52.5000 2687.6724   12.8870
   -7.5000   30.0000   52.5000 2657.3789   13.1842
    0.0000   30.0000   52.5000 2675.7073   13.0175
    7.5000   30.0000   52.5000 2656.1218   13.1657
   -7.5000   37.5000   52.5000 2599.8008   13.7052
    0.0000   37.5000   52.5000 2615.8542   13.5325
    7.5000   37.5000   52.5000 2601.4478   13.6479
   -7.5000   45.0000   52.5000 2521.8276   14.3716
    0.0000   45.0000   52.5000 2541.3489   14.2174
    7.5000   45.0000   52.5000 2525.8572   14.3135
   -7.5000   52.5000   52.5000 2405.4675   15.1839
    0.0000   52.5000   52.5000 2424.5623   15.0210
    7.5000   52.5000   52.5000 2407.1890   15.0740

---------------------------------------------------------------------
imgreg_4dfp /opt/freesurfer/average/711-2C_as_mni_average_305 /opt/freesurfer/average/711-2B_as_mni_average_305_mask talsrcimg_g11 none talsrcimg_to_711-2C_as_mni_average_305_t4 1283
---------------------------------------------------------------------

freesurfer imgreg_4dfp.c
/opt/freesurfer/average/711-2C_as_mni_average_305.4dfp.img
       256       256       256         1
  1.000000  1.000000  1.000000
orientation T byte_order littleendian
Reading image: /opt/freesurfer/average/711-2C_as_mni_average_305.4dfp.img
dimensions:      256       256       256
mmppix:       1.0000   -1.0000   -1.0000
center:     128.0000 -129.0000 -129.0000
/opt/freesurfer/average/711-2B_as_mni_average_305_mask.4dfp.img
       256       256       256         1
  1.000000  1.000000  1.000000
orientation T byte_order littleendian
Reading mask: /opt/freesurfer/average/711-2B_as_mni_average_305_mask.4dfp.img (2306576 pixels)
talsrcimg_g11.4dfp.img
       256       256       256         1
  1.000000  1.000000  1.000000
orientation T byte_order littleendian
Reading image: talsrcimg_g11.4dfp.img
dimensions:      256       256       256
mmppix:       1.0000   -1.0000   -1.0000
center:     128.0000 -129.0000 -129.0000
rotation matrix determinant  1.000000
fimgreg.f
image alignment mode   1283 decimal      503 hex
parameters
    0.0000   15.0000    7.5000    0.0000    0.0000    0.0000
eta,q 0.96496 10.51130
niter,ni,del,rscale     5    3   12.0000    1.2000
parameters
    0.4067   16.9782    9.6615    0.9371    2.6442    1.0590
eta,q 0.97050 10.44513
  0.0507  0.0547  0.0467  0.0422  0.0447  0.0352
  0.0432  0.0468  0.0407  0.0352  0.0389  0.0328
  0.0371  0.0376  0.0357  0.0312  0.0342  0.0307
  0.0335  0.0330  0.0324  0.0308  0.0310  0.0296
  0.0338  0.0324  0.0308  0.0316  0.0297  0.0295
  0.0389  0.0338  0.0318  0.0332  0.0301  0.0302
  0.0480  0.0382  0.0350  0.0354  0.0321  0.0326
niter,ni,del,rscale     4    3   12.0000    1.2000
parameters
   -0.2446   17.1350   10.0586    0.7248    3.0815    0.6096
eta,q 0.97078 10.44571
  0.0420  0.0431  0.0396  0.0354  0.0381  0.0329
  0.0341  0.0345  0.0339  0.0304  0.0333  0.0307
  0.0296  0.0298  0.0301  0.0287  0.0301  0.0295
  0.0295  0.0291  0.0292  0.0293  0.0292  0.0292
  0.0327  0.0309  0.0304  0.0307  0.0299  0.0296
  0.0390  0.0348  0.0326  0.0322  0.0320  0.0314
  0.0483  0.0405  0.0367  0.0349  0.0356  0.0346
niter,ni,del,rscale     3    3   12.0000    1.2000
parameters
   -0.3827   17.2428   10.0630    0.6207    3.3033    0.5326
eta,q 0.97082 10.44157
  0.0445  0.0432  0.0380  0.0357  0.0372  0.0333
  0.0358  0.0343  0.0327  0.0307  0.0327  0.0310
  0.0302  0.0297  0.0294  0.0287  0.0298  0.0295
  0.0292  0.0292  0.0292  0.0292  0.0291  0.0292
  0.0317  0.0311  0.0305  0.0307  0.0300  0.0294
  0.0370  0.0351  0.0329  0.0321  0.0322  0.0309
  0.0455  0.0407  0.0374  0.0348  0.0358  0.0337
niter,ni,del,rscale     2    3   12.0000    1.2000
parameters
   -0.4379   17.2809   10.0429    0.5863    3.3670    0.5114
eta,q 0.97085 10.44049
  0.0450  0.0430  0.0378  0.0359  0.0367  0.0334
  0.0361  0.0340  0.0325  0.0309  0.0324  0.0310
  0.0303  0.0296  0.0293  0.0288  0.0297  0.0295
  0.0292  0.0292  0.0292  0.0292  0.0291  0.0291
  0.0315  0.0312  0.0305  0.0307  0.0300  0.0294
  0.0367  0.0354  0.0329  0.0321  0.0324  0.0308
  0.0450  0.0410  0.0374  0.0347  0.0361  0.0336
niter,ni,del,rscale     1    3   12.0000    1.2000
parameters
   -0.4545   17.2926   10.0350    0.5740    3.3856    0.5050
eta,q 0.97086 10.44015
  0.0452  0.0429  0.0378  0.0360  0.0366  0.0334
  0.0362  0.0339  0.0325  0.0310  0.0323  0.0310
  0.0303  0.0295  0.0293  0.0288  0.0296  0.0295
  0.0291  0.0291  0.0291  0.0291  0.0291  0.0291
  0.0315  0.0313  0.0304  0.0307  0.0301  0.0294
  0.0366  0.0355  0.0328  0.0321  0.0324  0.0308
  0.0448  0.0411  0.0373  0.0347  0.0362  0.0336
registration optimization eta report
parameter search radius
    6.0000    6.0000    6.0000    6.0000    6.0000    6.0000
100000*second partial in parameter space
       44.       36.       24.       17.       20.       12.
  0.0452  0.0429  0.0378  0.0360  0.0366  0.0334
  0.0362  0.0339  0.0325  0.0310  0.0323  0.0310
  0.0303  0.0295  0.0293  0.0288  0.0296  0.0295
  0.0291  0.0291  0.0291  0.0291  0.0291  0.0291
  0.0315  0.0313  0.0304  0.0307  0.0301  0.0294
  0.0366  0.0355  0.0328  0.0321  0.0324  0.0308
  0.0448  0.0411  0.0373  0.0347  0.0362  0.0336
   -0.4545   17.2926   10.0350    0.5740    3.3856    0.5050
eta,q 0.97086 10.44015

---------------------------------------------------------------------
imgreg_4dfp /opt/freesurfer/average/711-2C_as_mni_average_305 /opt/freesurfer/average/711-2B_as_mni_average_305_mask talsrcimg_g11 none talsrcimg_to_711-2C_as_mni_average_305_t4 3335
---------------------------------------------------------------------

freesurfer imgreg_4dfp.c
/opt/freesurfer/average/711-2C_as_mni_average_305.4dfp.img
       256       256       256         1
  1.000000  1.000000  1.000000
orientation T byte_order littleendian
Reading image: /opt/freesurfer/average/711-2C_as_mni_average_305.4dfp.img
dimensions:      256       256       256
mmppix:       1.0000   -1.0000   -1.0000
center:     128.0000 -129.0000 -129.0000
/opt/freesurfer/average/711-2B_as_mni_average_305_mask.4dfp.img
       256       256       256         1
  1.000000  1.000000  1.000000
orientation T byte_order littleendian
Reading mask: /opt/freesurfer/average/711-2B_as_mni_average_305_mask.4dfp.img (2306576 pixels)
talsrcimg_g11.4dfp.img
       256       256       256         1
  1.000000  1.000000  1.000000
orientation T byte_order littleendian
Reading image: talsrcimg_g11.4dfp.img
dimensions:      256       256       256
mmppix:       1.0000   -1.0000   -1.0000
center:     128.0000 -129.0000 -129.0000
fimgreg.f
image alignment mode   3335 decimal      D07 hex
parameters
   -0.4545   17.2926   10.0350   -0.1784   -0.0094   -0.1795
   -0.9406   -5.8963    0.8799   -1.0538    5.9056    1.0001
eta,q 0.97199 10.46097
niter,ni,del,rscale     5    3    5.0000    1.2000
parameter  5  1.857117 ->  0.500000 qaram    1.1500
parameter 12  0.898164 ->  0.500000 qaram    1.1500
parameters
   -0.6083   17.4852   10.1051   -1.8218   -4.1494   -1.7541
    0.2421   -5.8570    1.6986   -2.5832    8.3710   -3.1399
eta,q 0.97635 10.29872
  0.0310  0.0304  0.0298  0.0298  0.0236  0.0262  0.0280  0.0291  0.0270  0.0267  0.0261  0.0236
  0.0293  0.0292  0.0288  0.0289  0.0242  0.0255  0.0264  0.0265  0.0259  0.0252  0.0253  0.0236
  0.0282  0.0284  0.0282  0.0282  0.0257  0.0249  0.0253  0.0249  0.0251  0.0245  0.0247  0.0239
  0.0280  0.0280  0.0280  0.0280  0.0281  0.0245  0.0247  0.0246  0.0246  0.0246  0.0245  0.0244
  0.0286  0.0281  0.0281  0.0287  0.0308  0.0249  0.0247  0.0254  0.0247  0.0255  0.0244  0.0252
  0.0299  0.0287  0.0287  0.0307  0.0334  0.0270  0.0253  0.0268  0.0252  0.0273  0.0245  0.0261
  0.0318  0.0298  0.0296  0.0338  0.0360  0.0305  0.0264  0.0287  0.0262  0.0297  0.0247  0.0273
niter,ni,del,rscale     6    3    5.0000    1.2000
parameters
   -0.3807   17.3407    9.8996   -0.6255   -7.5382   -0.7877
   -0.3119   -5.9547    1.6257   -1.8066    9.6181   -5.1020
eta,q 0.97805 10.29316
  0.0271  0.0261  0.0247  0.0267  0.0244  0.0251  0.0245  0.0269  0.0242  0.0262  0.0238  0.0229
  0.0254  0.0246  0.0240  0.0255  0.0229  0.0240  0.0232  0.0243  0.0231  0.0241  0.0230  0.0223
  0.0242  0.0238  0.0237  0.0244  0.0224  0.0231  0.0223  0.0225  0.0224  0.0228  0.0224  0.0220
  0.0237  0.0236  0.0236  0.0236  0.0233  0.0224  0.0222  0.0222  0.0221  0.0221  0.0221  0.0221
  0.0237  0.0240  0.0238  0.0232  0.0255  0.0219  0.0226  0.0229  0.0224  0.0223  0.0221  0.0225
  0.0245  0.0251  0.0243  0.0237  0.0286  0.0223  0.0237  0.0246  0.0231  0.0232  0.0224  0.0233
  0.0261  0.0268  0.0251  0.0256  0.0322  0.0245  0.0254  0.0270  0.0243  0.0247  0.0229  0.0243
niter,ni,del,rscale     5    3    5.0000    1.2000
parameters
   -0.4820   17.6692    9.8262    0.0695   -8.0874   -0.8985
   -0.2791   -6.1437    1.4773   -1.1321   10.0385   -5.4900
eta,q 0.97829 10.29686
  0.0249  0.0255  0.0233  0.0252  0.0260  0.0243  0.0246  0.0265  0.0238  0.0256  0.0233  0.0232
  0.0233  0.0238  0.0225  0.0240  0.0241  0.0233  0.0231  0.0239  0.0227  0.0236  0.0225  0.0223
  0.0223  0.0226  0.0220  0.0228  0.0225  0.0224  0.0221  0.0222  0.0220  0.0223  0.0219  0.0218
  0.0220  0.0220  0.0219  0.0219  0.0217  0.0217  0.0218  0.0218  0.0218  0.0218  0.0217  0.0217
  0.0224  0.0220  0.0221  0.0216  0.0224  0.0213  0.0221  0.0225  0.0220  0.0219  0.0219  0.0220
  0.0236  0.0227  0.0226  0.0225  0.0246  0.0225  0.0230  0.0243  0.0228  0.0228  0.0223  0.0226
  0.0255  0.0241  0.0234  0.0247  0.0278  0.0256  0.0246  0.0269  0.0240  0.0243  0.0230  0.0234
niter,ni,del,rscale     4    3    5.0000    1.2000
parameters
   -0.5589   17.8086    9.7618    0.2112   -8.2119   -0.9341
   -0.1925   -6.2740    1.4137   -0.8779   10.2405   -5.6743
eta,q 0.97832 10.29798
  0.0249  0.0248  0.0231  0.0249  0.0263  0.0243  0.0246  0.0265  0.0237  0.0251  0.0232  0.0232
  0.0231  0.0233  0.0223  0.0237  0.0243  0.0233  0.0230  0.0239  0.0226  0.0232  0.0224  0.0223
  0.0220  0.0222  0.0218  0.0226  0.0226  0.0224  0.0220  0.0222  0.0219  0.0221  0.0219  0.0218
  0.0217  0.0217  0.0217  0.0217  0.0217  0.0217  0.0217  0.0217  0.0217  0.0217  0.0217  0.0217
  0.0222  0.0219  0.0219  0.0216  0.0221  0.0212  0.0220  0.0224  0.0219  0.0220  0.0218  0.0219
  0.0234  0.0228  0.0224  0.0229  0.0240  0.0224  0.0229  0.0242  0.0226  0.0230  0.0223  0.0225
  0.0254  0.0242  0.0233  0.0254  0.0271  0.0255  0.0245  0.0268  0.0239  0.0246  0.0230  0.0233
niter,ni,del,rscale     3    3    5.0000    1.2000
parameters
   -0.5867   17.8627    9.7309    0.2453   -8.2559   -0.9541
   -0.1505   -6.3383    1.3735   -0.7734   10.3462   -5.7579
eta,q 0.97832 10.29787
  0.0250  0.0246  0.0231  0.0249  0.0263  0.0244  0.0246  0.0266  0.0237  0.0249  0.0232  0.0233
  0.0232  0.0231  0.0223  0.0237  0.0244  0.0233  0.0230  0.0240  0.0226  0.0231  0.0224  0.0224
  0.0221  0.0221  0.0218  0.0226  0.0227  0.0224  0.0220  0.0222  0.0219  0.0221  0.0218  0.0218
  0.0217  0.0217  0.0217  0.0217  0.0217  0.0217  0.0217  0.0217  0.0217  0.0217  0.0217  0.0217
  0.0221  0.0220  0.0219  0.0217  0.0220  0.0212  0.0220  0.0224  0.0219  0.0220  0.0219  0.0219
  0.0233  0.0229  0.0224  0.0230  0.0239  0.0223  0.0229  0.0241  0.0226  0.0231  0.0223  0.0225
  0.0252  0.0244  0.0232  0.0255  0.0270  0.0254  0.0245  0.0267  0.0238  0.0247  0.0230  0.0233
niter,ni,del,rscale     2    3    5.0000    1.2000
parameters
   -0.5983   17.8862    9.7143    0.2602   -8.2770   -0.9661
   -0.1276   -6.3663    1.3531   -0.7246   10.3862   -5.7881
eta,q 0.97831 10.29768
  0.0251  0.0245  0.0232  0.0248  0.0263  0.0244  0.0246  0.0266  0.0237  0.0248  0.0231  0.0233
  0.0232  0.0230  0.0223  0.0237  0.0244  0.0233  0.0230  0.0240  0.0226  0.0231  0.0223  0.0224
  0.0221  0.0220  0.0218  0.0226  0.0227  0.0224  0.0220  0.0222  0.0219  0.0221  0.0218  0.0219
  0.0217  0.0217  0.0217  0.0217  0.0217  0.0217  0.0217  0.0217  0.0217  0.0217  0.0217  0.0217
  0.0221  0.0220  0.0219  0.0217  0.0220  0.0212  0.0220  0.0223  0.0219  0.0221  0.0219  0.0219
  0.0232  0.0229  0.0224  0.0230  0.0239  0.0223  0.0230  0.0241  0.0226  0.0231  0.0223  0.0224
  0.0252  0.0244  0.0232  0.0256  0.0270  0.0254  0.0245  0.0267  0.0238  0.0247  0.0231  0.0233
registration optimization eta report
parameter search radius
    2.4000    2.4000    2.4000    7.2000    8.2800    7.2000
    7.2000    7.2000    7.2000    7.2000    7.2000    8.2800
100000*second partial in parameter space
       60.       48.       26.        7.        7.        6.
        6.       10.        4.        6.        3.        2.
  0.0251  0.0245  0.0232  0.0248  0.0263  0.0244  0.0246  0.0266  0.0237  0.0248  0.0231  0.0233
  0.0232  0.0230  0.0223  0.0237  0.0244  0.0233  0.0230  0.0240  0.0226  0.0231  0.0223  0.0224
  0.0221  0.0220  0.0218  0.0226  0.0227  0.0224  0.0220  0.0222  0.0219  0.0221  0.0218  0.0219
  0.0217  0.0217  0.0217  0.0217  0.0217  0.0217  0.0217  0.0217  0.0217  0.0217  0.0217  0.0217
  0.0221  0.0220  0.0219  0.0217  0.0220  0.0212  0.0220  0.0223  0.0219  0.0221  0.0219  0.0219
  0.0232  0.0229  0.0224  0.0230  0.0239  0.0223  0.0230  0.0241  0.0226  0.0231  0.0223  0.0224
  0.0252  0.0244  0.0232  0.0256  0.0270  0.0254  0.0245  0.0267  0.0238  0.0247  0.0231  0.0233
   -0.5983   17.8862    9.7143    0.2602   -8.2770   -0.9661
   -0.1276   -6.3663    1.3531   -0.7246   10.3862   -5.7881
eta,q 0.97831 10.29768

---------------------------------------------------------------------
imgreg_4dfp /opt/freesurfer/average/711-2C_as_mni_average_305 /opt/freesurfer/average/711-2B_as_mni_average_305_mask talsrcimg_g11 none talsrcimg_to_711-2C_as_mni_average_305_t4 2311
---------------------------------------------------------------------

freesurfer imgreg_4dfp.c
/opt/freesurfer/average/711-2C_as_mni_average_305.4dfp.img
       256       256       256         1
  1.000000  1.000000  1.000000
orientation T byte_order littleendian
Reading image: /opt/freesurfer/average/711-2C_as_mni_average_305.4dfp.img
dimensions:      256       256       256
mmppix:       1.0000   -1.0000   -1.0000
center:     128.0000 -129.0000 -129.0000
/opt/freesurfer/average/711-2B_as_mni_average_305_mask.4dfp.img
       256       256       256         1
  1.000000  1.000000  1.000000
orientation T byte_order littleendian
Reading mask: /opt/freesurfer/average/711-2B_as_mni_average_305_mask.4dfp.img (2306576 pixels)
talsrcimg_g11.4dfp.img
       256       256       256         1
  1.000000  1.000000  1.000000
orientation T byte_order littleendian
Reading image: talsrcimg_g11.4dfp.img
dimensions:      256       256       256
mmppix:       1.0000   -1.0000   -1.0000
center:     128.0000 -129.0000 -129.0000
fimgreg.f
image alignment mode   2311 decimal      907 hex
parameters
   -0.5983   17.8862    9.7143    0.2602   -8.2770   -0.9661
   -0.1276   -6.3663    1.3531   -0.7246   10.3862   -5.7881
eta,q 0.97831 10.29768
niter,ni,del,rscale     5    3    5.0000    0.8000
parameters
   -0.5944   17.8954    9.7151    0.9751   -7.8658    0.0186
   -0.2386   -6.3013    1.3550   -0.5930   10.4365   -5.9667
eta,q 0.97871 10.35471
  0.0232  0.0230  0.0223  0.0237  0.0238  0.0231  0.0226  0.0241  0.0223  0.0230  0.0222  0.0219
  0.0224  0.0223  0.0220  0.0229  0.0228  0.0225  0.0219  0.0227  0.0217  0.0221  0.0217  0.0215
  0.0219  0.0218  0.0218  0.0222  0.0220  0.0220  0.0214  0.0217  0.0214  0.0215  0.0214  0.0213
  0.0217  0.0217  0.0217  0.0217  0.0216  0.0215  0.0213  0.0213  0.0213  0.0213  0.0213  0.0213
  0.0219  0.0218  0.0218  0.0216  0.0216  0.0212  0.0215  0.0216  0.0214  0.0214  0.0214  0.0214
  0.0224  0.0223  0.0220  0.0220  0.0222  0.0214  0.0220  0.0225  0.0217  0.0220  0.0217  0.0216
  0.0232  0.0230  0.0224  0.0230  0.0233  0.0225  0.0228  0.0240  0.0223  0.0228  0.0221  0.0220
niter,ni,del,rscale     4    3    5.0000    0.7000
parameters
   -0.6797   17.8719    9.7004    0.8295   -7.7999    0.1341
   -0.1817   -6.3826    1.3754   -0.6009   10.4750   -5.9966
eta,q 0.97874 10.35744
  0.0225  0.0223  0.0219  0.0227  0.0229  0.0226  0.0224  0.0234  0.0220  0.0225  0.0220  0.0217
  0.0218  0.0217  0.0215  0.0221  0.0221  0.0221  0.0218  0.0222  0.0216  0.0218  0.0216  0.0215
  0.0214  0.0214  0.0213  0.0215  0.0216  0.0217  0.0214  0.0215  0.0214  0.0214  0.0213  0.0213
  0.0213  0.0213  0.0213  0.0213  0.0213  0.0213  0.0213  0.0213  0.0213  0.0213  0.0213  0.0213
  0.0215  0.0214  0.0214  0.0214  0.0214  0.0211  0.0214  0.0216  0.0213  0.0214  0.0214  0.0213
  0.0220  0.0218  0.0216  0.0221  0.0220  0.0216  0.0217  0.0223  0.0216  0.0218  0.0216  0.0215
  0.0228  0.0224  0.0219  0.0231  0.0229  0.0228  0.0223  0.0235  0.0220  0.0225  0.0219  0.0218
niter,ni,del,rscale     3    3    5.0000    0.6000
parameters
   -0.6843   17.8728    9.6907    0.8646   -7.7659    0.3562
   -0.2090   -6.3838    1.3863   -0.5986   10.4836   -6.0420
eta,q 0.97878 10.36421
  0.0222  0.0220  0.0217  0.0224  0.0225  0.0223  0.0220  0.0229  0.0218  0.0222  0.0217  0.0216
  0.0217  0.0216  0.0215  0.0219  0.0219  0.0219  0.0216  0.0220  0.0215  0.0216  0.0215  0.0214
  0.0214  0.0214  0.0213  0.0215  0.0215  0.0216  0.0213  0.0214  0.0213  0.0213  0.0213  0.0213
  0.0213  0.0213  0.0213  0.0213  0.0213  0.0213  0.0212  0.0212  0.0212  0.0212  0.0212  0.0212
  0.0214  0.0214  0.0213  0.0213  0.0214  0.0211  0.0213  0.0214  0.0213  0.0213  0.0213  0.0213
  0.0217  0.0216  0.0215  0.0218  0.0218  0.0215  0.0216  0.0220  0.0215  0.0216  0.0215  0.0214
  0.0222  0.0220  0.0217  0.0225  0.0225  0.0223  0.0220  0.0229  0.0218  0.0222  0.0217  0.0216
niter,ni,del,rscale     2    3    5.0000    0.5000
parameters
   -0.6936   17.8738    9.6936    0.8842   -7.7413    0.5787
   -0.2260   -6.3712    1.4146   -0.6009   10.4569   -6.0870
eta,q 0.97882 10.36979
  0.0219  0.0218  0.0216  0.0221  0.0221  0.0220  0.0217  0.0224  0.0216  0.0219  0.0216  0.0214
  0.0215  0.0215  0.0214  0.0217  0.0216  0.0217  0.0214  0.0217  0.0214  0.0215  0.0213  0.0213
  0.0213  0.0213  0.0213  0.0214  0.0214  0.0214  0.0212  0.0213  0.0212  0.0213  0.0212  0.0212
  0.0212  0.0212  0.0212  0.0212  0.0212  0.0212  0.0212  0.0212  0.0212  0.0212  0.0212  0.0212
  0.0213  0.0213  0.0213  0.0213  0.0213  0.0211  0.0212  0.0213  0.0212  0.0213  0.0212  0.0212
  0.0215  0.0215  0.0214  0.0216  0.0216  0.0214  0.0214  0.0217  0.0214  0.0215  0.0214  0.0213
  0.0219  0.0218  0.0216  0.0221  0.0221  0.0220  0.0217  0.0224  0.0216  0.0219  0.0216  0.0214
niter,ni,del,rscale     1    3    5.0000    0.4000
parameters
   -0.7009   17.8717    9.7008    0.8865   -7.7191    0.7784
   -0.2540   -6.3492    1.4542   -0.6025   10.4178   -6.1445
eta,q 0.97884 10.37427
  0.0216  0.0215  0.0214  0.0218  0.0218  0.0218  0.0215  0.0220  0.0214  0.0216  0.0214  0.0213
  0.0214  0.0213  0.0213  0.0215  0.0215  0.0215  0.0213  0.0215  0.0213  0.0214  0.0213  0.0212
  0.0212  0.0212  0.0212  0.0213  0.0213  0.0213  0.0212  0.0213  0.0212  0.0212  0.0212  0.0212
  0.0212  0.0212  0.0212  0.0212  0.0212  0.0212  0.0212  0.0212  0.0212  0.0212  0.0212  0.0212
  0.0212  0.0212  0.0212  0.0212  0.0212  0.0211  0.0212  0.0212  0.0212  0.0212  0.0212  0.0212
  0.0214  0.0213  0.0213  0.0214  0.0214  0.0213  0.0213  0.0215  0.0213  0.0214  0.0213  0.0212
  0.0216  0.0215  0.0214  0.0218  0.0218  0.0217  0.0215  0.0219  0.0214  0.0216  0.0214  0.0213
registration optimization eta report
parameter search radius
    0.8000    0.8000    0.8000    2.4000    2.4000    2.4000
    2.4000    2.4000    2.4000    2.4000    2.4000    2.4000
100000*second partial in parameter space
       70.       57.       37.       10.       10.       10.
        6.       14.        5.        8.        4.        3.
  0.0216  0.0215  0.0214  0.0218  0.0218  0.0218  0.0215  0.0220  0.0214  0.0216  0.0214  0.0213
  0.0214  0.0213  0.0213  0.0215  0.0215  0.0215  0.0213  0.0215  0.0213  0.0214  0.0213  0.0212
  0.0212  0.0212  0.0212  0.0213  0.0213  0.0213  0.0212  0.0213  0.0212  0.0212  0.0212  0.0212
  0.0212  0.0212  0.0212  0.0212  0.0212  0.0212  0.0212  0.0212  0.0212  0.0212  0.0212  0.0212
  0.0212  0.0212  0.0212  0.0212  0.0212  0.0211  0.0212  0.0212  0.0212  0.0212  0.0212  0.0212
  0.0214  0.0213  0.0213  0.0214  0.0214  0.0213  0.0213  0.0215  0.0213  0.0214  0.0213  0.0212
  0.0216  0.0215  0.0214  0.0218  0.0218  0.0217  0.0215  0.0219  0.0214  0.0216  0.0214  0.0213
   -0.7009   17.8717    9.7008    0.8865   -7.7191    0.7784
   -0.2540   -6.3492    1.4542   -0.6025   10.4178   -6.1445
eta,q 0.97884 10.37427

---------------------------------------------------------------------
imgreg_4dfp /opt/freesurfer/average/711-2C_as_mni_average_305 /opt/freesurfer/average/711-2B_as_mni_average_305_mask talsrcimg_g11 none talsrcimg_to_711-2C_as_mni_average_305_t4 2311
---------------------------------------------------------------------

freesurfer imgreg_4dfp.c
/opt/freesurfer/average/711-2C_as_mni_average_305.4dfp.img
       256       256       256         1
  1.000000  1.000000  1.000000
orientation T byte_order littleendian
Reading image: /opt/freesurfer/average/711-2C_as_mni_average_305.4dfp.img
dimensions:      256       256       256
mmppix:       1.0000   -1.0000   -1.0000
center:     128.0000 -129.0000 -129.0000
/opt/freesurfer/average/711-2B_as_mni_average_305_mask.4dfp.img
       256       256       256         1
  1.000000  1.000000  1.000000
orientation T byte_order littleendian
Reading mask: /opt/freesurfer/average/711-2B_as_mni_average_305_mask.4dfp.img (2306576 pixels)
talsrcimg_g11.4dfp.img
       256       256       256         1
  1.000000  1.000000  1.000000
orientation T byte_order littleendian
Reading image: talsrcimg_g11.4dfp.img
dimensions:      256       256       256
mmppix:       1.0000   -1.0000   -1.0000
center:     128.0000 -129.0000 -129.0000
fimgreg.f
image alignment mode   2311 decimal      907 hex
parameters
   -0.7009   17.8717    9.7008    0.8865   -7.7191    0.7784
   -0.2540   -6.3492    1.4542   -0.6025   10.4178   -6.1445
eta,q 0.97884 10.37426
niter,ni,del,rscale     5    3    5.0000    0.8000
parameters
   -0.6977   17.8498    9.7522    0.4590   -7.8705    0.1147
   -0.1681   -6.4524    1.4064   -0.6268   10.4633   -5.9514
eta,q 0.97869 10.34809
  0.0229  0.0225  0.0222  0.0228  0.0231  0.0226  0.0227  0.0239  0.0223  0.0229  0.0222  0.0220
  0.0219  0.0218  0.0216  0.0220  0.0222  0.0221  0.0220  0.0225  0.0217  0.0220  0.0217  0.0216
  0.0214  0.0213  0.0213  0.0214  0.0215  0.0216  0.0215  0.0216  0.0214  0.0215  0.0214  0.0214
  0.0212  0.0212  0.0212  0.0212  0.0212  0.0212  0.0213  0.0213  0.0213  0.0213  0.0213  0.0213
  0.0214  0.0213  0.0213  0.0214  0.0214  0.0213  0.0215  0.0217  0.0214  0.0215  0.0214  0.0214
  0.0220  0.0218  0.0216  0.0223  0.0222  0.0224  0.0219  0.0226  0.0218  0.0221  0.0217  0.0216
  0.0229  0.0226  0.0221  0.0238  0.0235  0.0244  0.0226  0.0241  0.0223  0.0229  0.0221  0.0219
niter,ni,del,rscale     4    3    5.0000    0.7000
parameters
   -0.6578   17.8685    9.6990    0.7415   -7.8020    0.1376
   -0.2120   -6.3877    1.3860   -0.6153   10.4776   -6.0029
eta,q 0.97873 10.35570
  0.0227  0.0224  0.0219  0.0229  0.0229  0.0225  0.0223  0.0235  0.0220  0.0225  0.0219  0.0217
  0.0219  0.0218  0.0216  0.0222  0.0221  0.0221  0.0217  0.0223  0.0216  0.0218  0.0216  0.0215
  0.0215  0.0214  0.0214  0.0217  0.0215  0.0216  0.0214  0.0215  0.0214  0.0214  0.0213  0.0213
  0.0213  0.0213  0.0213  0.0213  0.0213  0.0213  0.0213  0.0213  0.0213  0.0213  0.0213  0.0213
  0.0214  0.0214  0.0214  0.0213  0.0214  0.0212  0.0214  0.0215  0.0213  0.0214  0.0214  0.0213
  0.0218  0.0218  0.0216  0.0218  0.0219  0.0217  0.0218  0.0222  0.0216  0.0218  0.0216  0.0215
  0.0225  0.0223  0.0220  0.0227  0.0229  0.0229  0.0224  0.0234  0.0221  0.0225  0.0219  0.0218
niter,ni,del,rscale     3    3    5.0000    0.6000
parameters
   -0.6747   17.8718    9.6854    0.8539   -7.7607    0.3543
   -0.2180   -6.3772    1.3860   -0.6027   10.4784   -6.0558
eta,q 0.97878 10.36395
  0.0222  0.0220  0.0217  0.0225  0.0225  0.0223  0.0220  0.0229  0.0218  0.0222  0.0217  0.0216
  0.0217  0.0216  0.0215  0.0219  0.0219  0.0219  0.0216  0.0220  0.0215  0.0216  0.0215  0.0214
  0.0214  0.0214  0.0213  0.0215  0.0215  0.0216  0.0213  0.0214  0.0213  0.0213  0.0213  0.0213
  0.0213  0.0213  0.0213  0.0213  0.0213  0.0213  0.0212  0.0212  0.0212  0.0212  0.0212  0.0212
  0.0214  0.0214  0.0213  0.0213  0.0214  0.0211  0.0213  0.0214  0.0213  0.0213  0.0213  0.0213
  0.0217  0.0216  0.0215  0.0217  0.0218  0.0215  0.0216  0.0220  0.0215  0.0216  0.0215  0.0214
  0.0223  0.0220  0.0218  0.0225  0.0225  0.0223  0.0220  0.0229  0.0218  0.0221  0.0217  0.0216
niter,ni,del,rscale     2    3    5.0000    0.5000
parameters
   -0.6904   17.8731    9.6939    0.8840   -7.7378    0.5784
   -0.2295   -6.3659    1.4091   -0.6005   10.4586   -6.0897
eta,q 0.97882 10.36989
  0.0219  0.0218  0.0216  0.0221  0.0221  0.0220  0.0217  0.0224  0.0216  0.0219  0.0216  0.0214
  0.0215  0.0215  0.0214  0.0217  0.0216  0.0217  0.0214  0.0217  0.0214  0.0215  0.0213  0.0213
  0.0213  0.0213  0.0213  0.0214  0.0213  0.0214  0.0212  0.0213  0.0212  0.0213  0.0212  0.0212
  0.0212  0.0212  0.0212  0.0212  0.0212  0.0212  0.0212  0.0212  0.0212  0.0212  0.0212  0.0212
  0.0213  0.0213  0.0213  0.0213  0.0213  0.0211  0.0212  0.0213  0.0212  0.0213  0.0212  0.0212
  0.0215  0.0215  0.0214  0.0216  0.0216  0.0214  0.0214  0.0217  0.0214  0.0215  0.0214  0.0213
  0.0219  0.0218  0.0216  0.0221  0.0221  0.0220  0.0217  0.0224  0.0216  0.0219  0.0216  0.0214
niter,ni,del,rscale     1    3    5.0000    0.4000
parameters
   -0.6991   17.8703    9.7011    0.8923   -7.7169    0.7779
   -0.2466   -6.3490    1.4554   -0.6100   10.4242   -6.1328
eta,q 0.97885 10.37437
  0.0216  0.0215  0.0214  0.0218  0.0218  0.0218  0.0215  0.0220  0.0214  0.0216  0.0214  0.0213
  0.0214  0.0213  0.0213  0.0215  0.0215  0.0215  0.0213  0.0215  0.0213  0.0214  0.0213  0.0212
  0.0212  0.0212  0.0212  0.0213  0.0213  0.0213  0.0212  0.0213  0.0212  0.0212  0.0212  0.0212
  0.0212  0.0212  0.0212  0.0212  0.0212  0.0212  0.0212  0.0212  0.0212  0.0212  0.0212  0.0211
  0.0212  0.0212  0.0212  0.0212  0.0212  0.0211  0.0212  0.0212  0.0212  0.0212  0.0212  0.0212
  0.0214  0.0213  0.0213  0.0214  0.0214  0.0213  0.0213  0.0215  0.0213  0.0214  0.0213  0.0212
  0.0216  0.0215  0.0214  0.0218  0.0218  0.0217  0.0215  0.0220  0.0214  0.0216  0.0214  0.0213
registration optimization eta report
parameter search radius
    0.8000    0.8000    0.8000    2.4000    2.4000    2.4000
    2.4000    2.4000    2.4000    2.4000    2.4000    2.4000
100000*second partial in parameter space
       71.       56.       37.       10.       10.       10.
        6.       14.        5.        8.        4.        3.
  0.0216  0.0215  0.0214  0.0218  0.0218  0.0218  0.0215  0.0220  0.0214  0.0216  0.0214  0.0213
  0.0214  0.0213  0.0213  0.0215  0.0215  0.0215  0.0213  0.0215  0.0213  0.0214  0.0213  0.0212
  0.0212  0.0212  0.0212  0.0213  0.0213  0.0213  0.0212  0.0213  0.0212  0.0212  0.0212  0.0212
  0.0212  0.0212  0.0212  0.0212  0.0212  0.0212  0.0212  0.0212  0.0212  0.0212  0.0212  0.0211
  0.0212  0.0212  0.0212  0.0212  0.0212  0.0211  0.0212  0.0212  0.0212  0.0212  0.0212  0.0212
  0.0214  0.0213  0.0213  0.0214  0.0214  0.0213  0.0213  0.0215  0.0213  0.0214  0.0213  0.0212
  0.0216  0.0215  0.0214  0.0218  0.0218  0.0217  0.0215  0.0220  0.0214  0.0216  0.0214  0.0213
   -0.6991   17.8703    9.7011    0.8923   -7.7169    0.7779
   -0.2466   -6.3490    1.4554   -0.6100   10.4242   -6.1328
eta,q 0.97885 10.37437

---------------------------------------------------------------------
compute_vox2vox talsrcimg talsrcimg_to_711-2C_as_mni_average_305_t4 /opt/freesurfer/average/711-2C_as_mni_average_305
---------------------------------------------------------------------

freesurfer compute_vox2vox.c
Reading: talsrcimg.4dfp.ifh
Reading: talsrcimg_to_711-2C_as_mni_average_305_t4
Reading: /opt/freesurfer/average/711-2C_as_mni_average_305.4dfp.ifh
Writing: talsrcimg_to_711-2C_as_mni_average_305_t4_vox2vox.txt

start time Mon Mar 9 12:38:04 CET 2026
end		time Mon Mar 9 12:38:18 CET 2026

mpr2mni305 success

avi2talxfm orig_nu.mgz /opt/freesurfer/average/mni305.cor.mgz talsrcimg_to_711-2C_as_mni_average_305_t4_vox2vox.txt transforms/talairach.auto.xfm
avi2talxfm done
mv -f /out/sourcedata/freesurfer/sub-v1s22x0050460_ses-1/mri/talsrcimg_to_711-2C_as_mni_average_305_t4_vox2vox.txt /out/sourcedata/freesurfer/sub-v1s22x0050460_ses-1/mri/transforms/talsrcimg_to_711-2C_as_mni_average_305_t4_vox2vox.txt
lta_convert --src orig_nu.mgz --trg /opt/freesurfer/average/mni305.cor.mgz --inxfm transforms/talairach.auto.xfm --outlta transforms/talairach.auto.xfm.lta --subject fsaverage
7.3.2

--src: orig_nu.mgz src image (geometry).
--trg: /opt/freesurfer/average/mni305.cor.mgz trg image (geometry).
--inmni: transforms/talairach.auto.xfm input MNI/XFM transform.
--outlta: transforms/talairach.auto.xfm.lta output LTA.
--s: fsaverage subject name
 LTA read, type : 1
 0.98465   0.06207   0.00676  -3.55278;
-0.10283   0.98620   0.06526  -53.07465;
-0.01621   0.00554   1.08395  -30.41332;
 0.00000   0.00000   0.00000   1.00000;
setting subject to fsaverage
Writing  LTA to file transforms/talairach.auto.xfm.lta...
lta_convert successful.
 
 
Started at Mon Mar 9 12:38:03 CET 2026
Ended   at Mon Mar  9 12:38:18 CET 2026
talairach_avi done
