/out/sourcedata/freesurfer/sub-v1s22x0050446_ses-1/mri
/opt/freesurfer/bin/talairach_avi
--i orig_nu.mgz --xfm transforms/talairach.auto.xfm
talairach_avi 7.3.2
Linux dna061 5.14.0-427.37.1.el9_4.x86_64 #1 SMP PREEMPT_DYNAMIC Fri Sep 13 12:41:50 EDT 2024 x86_64 x86_64 x86_64 GNU/Linux
Mon Mar  9 12:13:35 CET 2026
mri_convert orig_nu.mgz talsrcimg.img 
reading from orig_nu.mgz...
TR=0.00, TE=0.00, TI=0.00, flip angle=0.00
i_ras = (-1, 0, 0)
j_ras = (0, 0, -1)
k_ras = (0, 1, 0)
writing to talsrcimg.img...
Analyze Output Matrix
-1.00000   0.00000   0.00000   128.82437;
 0.00000   0.00000   1.00000  -83.71803;
 0.00000  -1.00000   0.00000   147.92470;
 0.00000   0.00000   0.00000   1.00000;
--------------------
INFO: set hdr.hist.orient to -1
mpr2mni305 talsrcimg
Mon Mar  9 12:13:35 CET 2026
/opt/freesurfer/bin/mpr2mni305 talsrcimg
mpr2mni305 7.3.2
target=711-2C_as_mni_average_305

---------------------------------------------------------------------
analyzeto4dfp talsrcimg -O0 -y
---------------------------------------------------------------------

freesurfer ifh2hdr.c
Mon Mar  9 12:13:35 2026
Writing: talsrcimg.4dfp.hdr
freesurfer analyzeto4dfp.c
Reading: talsrcimg.hdr
header size 348 bytes
hdr.dime.datatype	offset=70	value=2
hdr.dime.bitpix		offset=72	value=8
hdr.hist.orient		offset=252	value=-1
dimensionality     4
dimensions       256       256       256         1
Reading: talsrcimg.img
Writing: talsrcimg.4dfp.img
Writing: talsrcimg.4dfp.ifh
ifh2hdr talsrcimg -r0to180
ori=2

---------------------------------------------------------------------
gauss_4dfp talsrcimg 1.1
---------------------------------------------------------------------

freesurfer gauss_4dfp.c
Reading: talsrcimg.4dfp.img
Writing: talsrcimg_g11.4dfp.img
image dimensions 256 256 256 padded to 288 288 288
processing volume 1freesurfer ifh2hdr.c
Mon Mar  9 12:13:37 2026
Writing: talsrcimg_g11.4dfp.hdr

Writing: talsrcimg_g11.4dfp.ifh
including: talsrcimg.4dfp.img.rec in talsrcimg_g11.4dfp.img.rec

---------------------------------------------------------------------
imgreg_4dfp /opt/freesurfer/average/711-2C_as_mni_average_305 none talsrcimg_g11 none talsrcimg_to_711-2C_as_mni_average_305_t4 4355
---------------------------------------------------------------------

freesurfer imgreg_4dfp.c
/opt/freesurfer/average/711-2C_as_mni_average_305.4dfp.img
       256       256       256         1
  1.000000  1.000000  1.000000
orientation T byte_order littleendian
Reading image: /opt/freesurfer/average/711-2C_as_mni_average_305.4dfp.img
dimensions:      256       256       256
mmppix:       1.0000   -1.0000   -1.0000
center:     128.0000 -129.0000 -129.0000
talsrcimg_g11.4dfp.img
       256       256       256         1
  1.000000  1.000000  1.000000
orientation T byte_order littleendian
Reading image: talsrcimg_g11.4dfp.img
dimensions:      256       256       256
mmppix:       1.0000   -1.0000   -1.0000
center:     128.0000 -129.0000 -129.0000
t4_read: open error in t4_sub.f l:  41 t4_file(1:l)talsrcimg_to_711-2C_as_mni_average_305_t4 
t4_read: transform initialized to I4
rotation matrix determinant  1.000000
image alignment mode   4355 decimal     1103 hex
   -7.5000  -45.0000  -45.0000 7489.1045   20.1287
    0.0000  -45.0000  -45.0000 7911.2812   20.0701
    7.5000  -45.0000  -45.0000 7666.5298   20.0354
   -7.5000  -37.5000  -45.0000 8035.3130   19.7655
    0.0000  -37.5000  -45.0000 8484.2256   19.7159
    7.5000  -37.5000  -45.0000 8215.9932   19.6713
   -7.5000  -30.0000  -45.0000 8953.0527   19.6530
    0.0000  -30.0000  -45.0000 9443.0400   19.6083
    7.5000  -30.0000  -45.0000 9153.5889   19.5567
   -7.5000  -22.5000  -45.0000 9793.5957   19.6243
    0.0000  -22.5000  -45.000010321.7988   19.5762
    7.5000  -22.5000  -45.000010021.0781   19.5274
   -7.5000  -15.0000  -45.000010586.5615   19.6422
    0.0000  -15.0000  -45.000011174.0508   19.5874
    7.5000  -15.0000  -45.000010873.1504   19.5486
   -7.5000   -7.5000  -45.000011366.1289   19.6295
    0.0000   -7.5000  -45.000011996.0898   19.5711
    7.5000   -7.5000  -45.000011694.4736   19.5394
   -7.5000    0.0000  -45.000012103.1318   19.5966
    0.0000    0.0000  -45.000012785.3379   19.5403
    7.5000    0.0000  -45.000012464.4756   19.5060
   -7.5000    7.5000  -45.000011921.3008   19.5760
    0.0000    7.5000  -45.000012542.7910   19.5271
    7.5000    7.5000  -45.000012231.8506   19.4834
   -7.5000   15.0000  -45.000011505.8271   19.5859
    0.0000   15.0000  -45.000012082.6240   19.5415
    7.5000   15.0000  -45.000011765.3174   19.4902
   -7.5000   22.5000  -45.000010998.1035   19.6164
    0.0000   22.5000  -45.000011603.0928   19.5683
    7.5000   22.5000  -45.000011294.5977   19.5195
   -7.5000   30.0000  -45.000010219.3242   19.3804
    0.0000   30.0000  -45.000010775.2549   19.3264
    7.5000   30.0000  -45.000010504.0381   19.2881
   -7.5000   37.5000  -45.0000 9833.3662   19.3679
    0.0000   37.5000  -45.000010337.1445   19.3103
    7.5000   37.5000  -45.000010102.0664   19.2790
   -7.5000   45.0000  -45.0000 9076.3672   18.8445
    0.0000   45.0000  -45.0000 9540.5498   18.7903
    7.5000   45.0000  -45.0000 9327.5518   18.7574
   -7.5000  -45.0000  -37.5000 7920.5781   19.9289
    0.0000  -45.0000  -37.5000 8368.2998   19.8808
    7.5000  -45.0000  -37.5000 8117.9658   19.8520
   -7.5000  -37.5000  -37.5000 8507.1396   19.5696
    0.0000  -37.5000  -37.5000 8996.9658   19.5306
    7.5000  -37.5000  -37.5000 8708.8457   19.4936
   -7.5000  -30.0000  -37.5000 9468.9023   19.4586
    0.0000  -30.0000  -37.500010005.7158   19.4221
    7.5000  -30.0000  -37.5000 9695.5928   19.3762
   -7.5000  -22.5000  -37.500010366.5322   19.4339
    0.0000  -22.5000  -37.500010939.4053   19.3908
    7.5000  -22.5000  -37.500010633.2510   19.3437
   -7.5000  -15.0000  -37.500011192.5918   19.4561
    0.0000  -15.0000  -37.500011827.5693   19.4046
    7.5000  -15.0000  -37.500011509.3438   19.3642
   -7.5000   -7.5000  -37.500012011.6768   19.4429
    0.0000   -7.5000  -37.500012686.5400   19.3905
    7.5000   -7.5000  -37.500012370.5977   19.3595
   -7.5000    0.0000  -37.500012771.1406   19.4071
    0.0000    0.0000  -37.500013528.7256   19.3606
    7.5000    0.0000  -37.500013168.9316   19.3323
   -7.5000    7.5000  -37.500012554.7178   19.3846
    0.0000    7.5000  -37.500013289.3691   19.3461
    7.5000    7.5000  -37.500012935.1699   19.3098
   -7.5000   15.0000  -37.500012078.9307   19.3933
    0.0000   15.0000  -37.500012746.3545   19.3570
    7.5000   15.0000  -37.500012385.3145   19.3114
   -7.5000   22.5000  -37.500011562.9492   19.4261
    0.0000   22.5000  -37.500012210.7734   19.3830
    7.5000   22.5000  -37.500011888.5186   19.3358
   -7.5000   30.0000  -37.500010778.6387   19.1968
    0.0000   30.0000  -37.500011359.2744   19.1460
    7.5000   30.0000  -37.500011085.4287   19.1061
   -7.5000   37.5000  -37.500010327.0391   19.1838
    0.0000   37.5000  -37.500010860.2617   19.1321
    7.5000   37.5000  -37.500010627.5146   19.1015
   -7.5000   45.0000  -37.5000 9508.7891   18.6622
    0.0000   45.0000  -37.5000 9964.5254   18.6176
    7.5000   45.0000  -37.5000 9773.1650   18.5903
   -7.5000  -45.0000  -30.0000 8498.1836   20.6369
    0.0000  -45.0000  -30.0000 8984.8184   20.5953
    7.5000  -45.0000  -30.0000 8715.5039   20.5714
   -7.5000  -37.5000  -30.0000 9145.4844   20.2662
    0.0000  -37.5000  -30.0000 9678.1328   20.2332
    7.5000  -37.5000  -30.0000 9379.9551   20.2062
   -7.5000  -30.0000  -30.000010173.9258   20.1502
    0.0000  -30.0000  -30.000010773.8906   20.1185
    7.5000  -30.0000  -30.000010440.3135   20.0857
   -7.5000  -22.5000  -30.000011133.8447   20.1234
    0.0000  -22.5000  -30.000011784.0703   20.0840
    7.5000  -22.5000  -30.000011443.7188   20.0473
   -7.5000  -15.0000  -30.000012003.9072   20.1457
    0.0000  -15.0000  -30.000012727.3232   20.0979
    7.5000  -15.0000  -30.000012364.4053   20.0623
   -7.5000   -7.5000  -30.000012865.2363   20.1331
    0.0000   -7.5000  -30.000013645.3301   20.0860
    7.5000   -7.5000  -30.000013286.5156   20.0578
   -7.5000    0.0000  -30.000013662.5430   20.0981
    0.0000    0.0000  -30.000014545.0508   20.0582
    7.5000    0.0000  -30.000014135.0215   20.0350
   -7.5000    7.5000  -30.000013413.8936   20.0758
    0.0000    7.5000  -30.000014242.2529   20.0433
    7.5000    7.5000  -30.000013833.8613   20.0169
   -7.5000   15.0000  -30.000012866.1074   20.0834
    0.0000   15.0000  -30.000013636.3779   20.0519
    7.5000   15.0000  -30.000013221.2305   20.0194
   -7.5000   22.5000  -30.000012363.1758   20.1133
    0.0000   22.5000  -30.000013046.4355   20.0739
    7.5000   22.5000  -30.000012678.0605   20.0371
   -7.5000   30.0000  -30.000011535.5811   19.8791
    0.0000   30.0000  -30.000012167.7588   19.8320
    7.5000   30.0000  -30.000011853.4258   19.7969
   -7.5000   37.5000  -30.000011034.1025   19.8667
    0.0000   37.5000  -30.000011608.1367   19.8202
    7.5000   37.5000  -30.000011341.7246   19.7924
   -7.5000   45.0000  -30.000010116.0420   19.3409
    0.0000   45.0000  -30.000010611.0400   19.3026
    7.5000   45.0000  -30.000010385.3271   19.2802
   -7.5000  -45.0000  -22.5000 9129.7891   21.3270
    0.0000  -45.0000  -22.5000 9643.4141   21.2791
    7.5000  -45.0000  -22.5000 9348.5234   21.2524
   -7.5000  -37.5000  -22.5000 9810.7764   20.9438
    0.0000  -37.5000  -22.500010392.3750   20.9041
    7.5000  -37.5000  -22.500010076.2129   20.8797
   -7.5000  -30.0000  -22.500010895.8604   20.8201
    0.0000  -30.0000  -22.500011550.0342   20.7843
    7.5000  -30.0000  -22.500011211.8301   20.7615
   -7.5000  -22.5000  -22.500011957.4170   20.7875
    0.0000  -22.5000  -22.500012697.2197   20.7474
    7.5000  -22.5000  -22.500012322.5020   20.7223
   -7.5000  -15.0000  -22.500012891.0654   20.8061
    0.0000  -15.0000  -22.500013711.1875   20.7594
    7.5000  -15.0000  -22.500013316.9541   20.7319
   -7.5000   -7.5000  -22.500013775.2041   20.7967
    0.0000   -7.5000  -22.500014690.9004   20.7485
    7.5000   -7.5000  -22.500014263.2959   20.7219
   -7.5000    0.0000  -22.500014620.1055   20.7677
    0.0000    0.0000  -22.500015658.0088   20.7224
    7.5000    0.0000  -22.500015163.3135   20.6970
   -7.5000    7.5000  -22.500014370.3008   20.7462
    0.0000    7.5000  -22.500015312.3477   20.7071
    7.5000    7.5000  -22.500014826.3242   20.6833
   -7.5000   15.0000  -22.500013753.4473   20.7513
    0.0000   15.0000  -22.500014610.8164   20.7157
    7.5000   15.0000  -22.500014156.1299   20.6931
   -7.5000   22.5000  -22.500013206.7715   20.7756
    0.0000   22.5000  -22.500013966.4277   20.7355
    7.5000   22.5000  -22.500013524.6768   20.7104
   -7.5000   30.0000  -22.500012347.9805   20.5339
    0.0000   30.0000  -22.500013039.0400   20.4879
    7.5000   30.0000  -22.500012634.6396   20.4608
   -7.5000   37.5000  -22.500011783.2988   20.5247
    0.0000   37.5000  -22.500012407.9150   20.4771
    7.5000   37.5000  -22.500012065.4785   20.4509
   -7.5000   45.0000  -22.500010793.7881   20.0003
    0.0000   45.0000  -22.500011329.5371   19.9567
    7.5000   45.0000  -22.500011068.7217   19.9322
   -7.5000  -45.0000  -15.0000 9730.9854   21.8217
    0.0000  -45.0000  -15.000010303.9043   21.7628
    7.5000  -45.0000  -15.0000 9977.2461   21.7297
   -7.5000  -37.5000  -15.000010442.6318   21.4300
    0.0000  -37.5000  -15.000011079.8213   21.3794
    7.5000  -37.5000  -15.000010729.7256   21.3481
   -7.5000  -30.0000  -15.000011603.5430   21.3009
    0.0000  -30.0000  -15.000012312.9893   21.2571
    7.5000  -30.0000  -15.000011958.4834   21.2312
   -7.5000  -22.5000  -15.000012728.6494   21.2632
    0.0000  -22.5000  -15.000013564.3379   21.2184
    7.5000  -22.5000  -15.000013155.6934   21.1946
   -7.5000  -15.0000  -15.000013762.1973   21.2789
    0.0000  -15.0000  -15.000014695.9199   21.2289
    7.5000  -15.0000  -15.000014269.1982   21.2054
   -7.5000   -7.5000  -15.000014728.0186   21.2729
    0.0000   -7.5000  -15.000015772.1523   21.2183
    7.5000   -7.5000  -15.000015308.0088   21.1919
   -7.5000    0.0000  -15.000015639.5859   21.2485
    0.0000    0.0000  -15.000016800.3398   21.1930
    7.5000    0.0000  -15.000016251.7393   21.1613
   -7.5000    7.5000  -15.000015393.9326   21.2269
    0.0000    7.5000  -15.000016442.0703   21.1771
    7.5000    7.5000  -15.000015858.6475   21.1465
   -7.5000   15.0000  -15.000014705.2998   21.2301
    0.0000   15.0000  -15.000015648.7734   21.1866
    7.5000   15.0000  -15.000015102.1963   21.1608
   -7.5000   22.5000  -15.000014058.1660   21.2502
    0.0000   22.5000  -15.000014897.8135   21.2053
    7.5000   22.5000  -15.000014359.8877   21.1815
   -7.5000   30.0000  -15.000013150.2266   21.0035
    0.0000   30.0000  -15.000013898.3203   20.9541
    7.5000   30.0000  -15.000013425.4785   20.9310
   -7.5000   37.5000  -15.000012583.7803   20.9976
    0.0000   37.5000  -15.000013251.2979   20.9437
    7.5000   37.5000  -15.000012848.8936   20.9176
   -7.5000   45.0000  -15.000011529.8057   20.4757
    0.0000   45.0000  -15.000012136.3145   20.4222
    7.5000   45.0000  -15.000011820.0107   20.3917
   -7.5000  -45.0000   -7.500010346.1230   22.0684
    0.0000  -45.0000   -7.500010989.0703   22.0033
    7.5000  -45.0000   -7.500010603.0762   21.9660
   -7.5000  -37.5000   -7.500011068.5781   21.6740
    0.0000  -37.5000   -7.500011783.7422   21.6177
    7.5000  -37.5000   -7.500011373.0361   21.5751
   -7.5000  -30.0000   -7.500012276.1299   21.5464
    0.0000  -30.0000   -7.500013071.6455   21.4972
    7.5000  -30.0000   -7.500012631.1924   21.4547
   -7.5000  -22.5000   -7.500013476.8252   21.5097
    0.0000  -22.5000   -7.500014396.9922   21.4594
    7.5000  -22.5000   -7.500013952.4238   21.4221
   -7.5000  -15.0000   -7.500014590.1660   21.5262
    0.0000  -15.0000   -7.500015670.5469   21.4704
    7.5000  -15.0000   -7.500015221.0000   21.4405
   -7.5000   -7.5000   -7.500015715.2168   21.5187
    0.0000   -7.5000   -7.500016958.2344   21.4576
    7.5000   -7.5000   -7.500016443.7207   21.4284
   -7.5000    0.0000   -7.500016731.2969   21.4911
    0.0000    0.0000   -7.500018086.9746   21.4290
    7.5000    0.0000   -7.500017452.0156   21.3927
   -7.5000    7.5000   -7.500016501.5215   21.4686
    0.0000    7.5000   -7.500017682.0293   21.4133
    7.5000    7.5000   -7.500016942.2207   21.3715
   -7.5000   15.0000   -7.500015730.7363   21.4742
    0.0000   15.0000   -7.500016803.7031   21.4253
    7.5000   15.0000   -7.500016083.1719   21.3831
   -7.5000   22.5000   -7.500014998.3672   21.4941
    0.0000   22.5000   -7.500015964.2002   21.4438
    7.5000   22.5000   -7.500015293.6602   21.4065
   -7.5000   30.0000   -7.500014020.7773   21.2470
    0.0000   30.0000   -7.500014925.2471   21.1920
    7.5000   30.0000   -7.500014349.7725   21.1624
   -7.5000   37.5000   -7.500013413.4121   21.2396
    0.0000   37.5000   -7.500014279.6592   21.1793
    7.5000   37.5000   -7.500013789.1230   21.1505
   -7.5000   45.0000   -7.500012328.5801   20.7134
    0.0000   45.0000   -7.500013149.7803   20.6535
    7.5000   45.0000   -7.500012713.8477   20.6186
   -7.5000  -45.0000    0.000010854.8164   22.1218
    0.0000  -45.0000    0.000011535.7061   22.0586
    7.5000  -45.0000    0.000011127.3877   22.0212
   -7.5000  -37.5000    0.000011598.5918   21.7267
    0.0000  -37.5000    0.000012331.0215   21.6729
    7.5000  -37.5000    0.000011912.8311   21.6247
   -7.5000  -30.0000    0.000012873.3643   21.6023
    0.0000  -30.0000    0.000013652.5801   21.5539
    7.5000  -30.0000    0.000013193.6133   21.4984
   -7.5000  -22.5000    0.000014127.5361   21.5707
    0.0000  -22.5000    0.000015013.9688   21.5189
    7.5000  -22.5000    0.000014543.3330   21.4671
   -7.5000  -15.0000    0.000015306.8545   21.5919
    0.0000  -15.0000    0.000016380.1113   21.5328
    7.5000  -15.0000    0.000015940.5479   21.4922
   -7.5000   -7.5000    0.000016563.3535   21.5808
    0.0000   -7.5000    0.000017998.2324   21.5178
    7.5000   -7.5000    0.000017530.4590   21.4843
   -7.5000    0.0000    0.000017807.4805   21.5461
    0.0000    0.0000    0.000019462.3691   21.4852
    7.5000    0.0000    0.000018789.5762   21.4483
   -7.5000    7.5000    0.000017538.0859   21.5218
    0.0000    7.5000    0.000019001.5176   21.4688
    7.5000    7.5000    0.000018105.0117   21.4215
   -7.5000   15.0000    0.000016683.8594   21.5298
    0.0000   15.0000    0.000018017.4180   21.4817
    7.5000   15.0000    0.000017115.6445   21.4266
   -7.5000   22.5000    0.000015787.4580   21.5552
    0.0000   22.5000    0.000017049.3770   21.5033
    7.5000   22.5000    0.000016230.1104   21.4515
   -7.5000   30.0000    0.000014758.2861   21.3125
    0.0000   30.0000    0.000015948.0547   21.2542
    7.5000   30.0000    0.000015261.0225   21.2140
   -7.5000   37.5000    0.000014139.4102   21.3015
    0.0000   37.5000    0.000015273.7900   21.2393
    7.5000   37.5000    0.000014697.4932   21.2062
   -7.5000   45.0000    0.000013021.4385   20.7680
    0.0000   45.0000    0.000014031.9590   20.7093
    7.5000   45.0000    0.000013530.7510   20.6737
   -7.5000  -45.0000    7.500010537.6777   22.1412
    0.0000  -45.0000    7.500011190.3037   22.0885
    7.5000  -45.0000    7.500010809.8770   22.0570
   -7.5000  -37.5000    7.500011253.9600   21.7446
    0.0000  -37.5000    7.500011939.4355   21.7016
    7.5000  -37.5000    7.500011544.4697   21.6607
   -7.5000  -30.0000    7.500012493.6084   21.6217
    0.0000  -30.0000    7.500013181.5664   21.5812
    7.5000  -30.0000    7.500012759.5771   21.5305
   -7.5000  -22.5000    7.500013707.7783   21.5943
    0.0000  -22.5000    7.500014437.2998   21.5465
    7.5000  -22.5000    7.500013980.7031   21.4947
   -7.5000  -15.0000    7.500014881.3008   21.6190
    0.0000  -15.0000    7.500015787.5713   21.5623
    7.5000  -15.0000    7.500015325.2832   21.5181
   -7.5000   -7.5000    7.500016172.2842   21.6049
    0.0000   -7.5000    7.500017605.2168   21.5474
    7.5000   -7.5000    7.500017155.9160   21.5137
   -7.5000    0.0000    7.500017415.9727   21.5655
    0.0000    0.0000    7.500019359.6348   21.5146
    7.5000    0.0000    7.500018857.5977   21.4836
   -7.5000    7.5000    7.500017186.2441   21.5405
    0.0000    7.5000    7.500019045.0469   21.4981
    7.5000    7.5000    7.500018352.7656   21.4580
   -7.5000   15.0000    7.500016241.0996   21.5496
    0.0000   15.0000    7.500017896.8574   21.5094
    7.5000   15.0000    7.500017169.9590   21.4590
   -7.5000   22.5000    7.500015256.9111   21.5786
    0.0000   22.5000    7.500016718.3086   21.5309
    7.5000   22.5000    7.500016036.0518   21.4791
   -7.5000   30.0000    7.500014268.1865   21.3392
    0.0000   30.0000    7.500015529.1602   21.2832
    7.5000   30.0000    7.500014941.4854   21.2396
   -7.5000   37.5000    7.500013710.6133   21.3253
    0.0000   37.5000    7.500014849.6396   21.2686
    7.5000   37.5000    7.500014309.3232   21.2353
   -7.5000   45.0000    7.500012648.1777   20.7867
    0.0000   45.0000    7.500013668.3555   20.7376
    7.5000   45.0000    7.500013148.3906   20.7077
   -7.5000  -45.0000   15.000010076.0117   22.1623
    0.0000  -45.0000   15.000010682.2109   22.1174
    7.5000  -45.0000   15.000010346.6348   22.0918
   -7.5000  -37.5000   15.000010777.1465   21.7644
    0.0000  -37.5000   15.000011381.2168   21.7290
    7.5000  -37.5000   15.000011058.5527   21.6999
   -7.5000  -30.0000   15.000011960.9785   21.6404
    0.0000  -30.0000   15.000012587.3672   21.6063
    7.5000  -30.0000   15.000012241.6406   21.5711
   -7.5000  -22.5000   15.000013143.0703   21.6121
    0.0000  -22.5000   15.000013841.5547   21.5697
    7.5000  -22.5000   15.000013450.6279   21.5301
   -7.5000  -15.0000   15.000014321.8623   21.6357
    0.0000  -15.0000   15.000015270.2832   21.5843
    7.5000  -15.0000   15.000014823.9766   21.5460
   -7.5000   -7.5000   15.000015590.5420   21.6215
    0.0000   -7.5000   15.000017041.8633   21.5708
    7.5000   -7.5000   15.000016555.1152   21.5405
   -7.5000    0.0000   15.000016773.0781   21.5836
    0.0000    0.0000   15.000018533.4004   21.5407
    7.5000    0.0000   15.000017954.6172   21.5157
   -7.5000    7.5000   15.000016495.5820   21.5600
    0.0000    7.5000   15.000018141.3848   21.5250
    7.5000    7.5000   15.000017479.6016   21.4966
   -7.5000   15.0000   15.000015639.3438   21.5687
    0.0000   15.0000   15.000017061.9238   21.5348
    7.5000   15.0000   15.000016442.1133   21.4999
   -7.5000   22.5000   15.000014632.6182   21.5964
    0.0000   22.5000   15.000015852.2988   21.5540
    7.5000   22.5000   15.000015322.8770   21.5145
   -7.5000   30.0000   15.000013653.9238   21.3557
    0.0000   30.0000   15.000014694.5742   21.3050
    7.5000   30.0000   15.000014237.5684   21.2672
   -7.5000   37.5000   15.000013119.8379   21.3417
    0.0000   37.5000   15.000014078.1123   21.2917
    7.5000   37.5000   15.000013651.1416   21.2618
   -7.5000   45.0000   15.000012102.6201   20.8041
    0.0000   45.0000   15.000012996.3750   20.7628
    7.5000   45.0000   15.000012551.7832   20.7387
   -7.5000  -45.0000   22.5000 9545.0244   22.2562
    0.0000  -45.0000   22.500010105.6416   22.2059
    7.5000  -45.0000   22.5000 9826.9307   22.1775
   -7.5000  -37.5000   22.500010212.7539   21.8573
    0.0000  -37.5000   22.500010801.3125   21.8156
    7.5000  -37.5000   22.500010523.6914   21.7896
   -7.5000  -30.0000   22.500011318.6279   21.7278
    0.0000  -30.0000   22.500011972.9756   21.6902
    7.5000  -30.0000   22.500011677.0859   21.6659
   -7.5000  -22.5000   22.500012422.7812   21.6932
    0.0000  -22.5000   22.500013166.3350   21.6513
    7.5000  -22.5000   22.500012829.9961   21.6245
   -7.5000  -15.0000   22.500013512.4629   21.7121
    0.0000  -15.0000   22.500014433.1592   21.6633
    7.5000  -15.0000   22.500014045.6631   21.6341
   -7.5000   -7.5000   22.500014644.5703   21.7020
    0.0000   -7.5000   22.500015802.0898   21.6515
    7.5000   -7.5000   22.500015399.6621   21.6232
   -7.5000    0.0000   22.500015659.2295   21.6718
    0.0000    0.0000   22.500016846.6406   21.6244
    7.5000    0.0000   22.500016402.2559   21.5973
   -7.5000    7.5000   22.500015462.4189   21.6500
    0.0000    7.5000   22.500016527.8613   21.6089
    7.5000    7.5000   22.500016058.9629   21.5835
   -7.5000   15.0000   22.500014733.1045   21.6556
    0.0000   15.0000   22.500015772.6348   21.6183
    7.5000   15.0000   22.500015282.1396   21.5942
   -7.5000   22.5000   22.500013819.7676   21.6775
    0.0000   22.5000   22.500014744.8955   21.6355
    7.5000   22.5000   22.500014299.9727   21.6088
   -7.5000   30.0000   22.500012888.8604   21.4311
    0.0000   30.0000   22.500013706.2422   21.3830
    7.5000   30.0000   22.500013300.7471   21.3541
   -7.5000   37.5000   22.500012395.1162   21.4211
    0.0000   37.5000   22.500013158.0117   21.3713
    7.5000   37.5000   22.500012786.9941   21.3434
   -7.5000   45.0000   22.500011434.9043   20.8892
    0.0000   45.0000   22.500012187.0205   20.8434
    7.5000   45.0000   22.500011798.0820   20.8173
   -7.5000  -45.0000   30.0000 8968.2949   22.5763
    0.0000  -45.0000   30.0000 9539.3262   22.5153
    7.5000  -45.0000   30.0000 9247.2422   22.4795
   -7.5000  -37.5000   30.0000 9585.0088   22.1708
    0.0000  -37.5000   30.000010196.4502   22.1187
    7.5000  -37.5000   30.0000 9898.6211   22.0848
   -7.5000  -30.0000   30.000010604.6533   22.0337
    0.0000  -30.0000   30.000011253.1416   21.9888
    7.5000  -30.0000   30.000010944.7021   21.9607
   -7.5000  -22.5000   30.000011637.1641   21.9925
    0.0000  -22.5000   30.000012304.6396   21.9464
    7.5000  -22.5000   30.000011964.1846   21.9206
   -7.5000  -15.0000   30.000012637.0674   22.0080
    0.0000  -15.0000   30.000013382.2041   21.9562
    7.5000  -15.0000   30.000013058.6084   21.9308
   -7.5000   -7.5000   30.000013598.9521   22.0025
    0.0000   -7.5000   30.000014455.7949   21.9458
    7.5000   -7.5000   30.000014125.8643   21.9171
   -7.5000    0.0000   30.000014550.0977   21.9787
    0.0000    0.0000   30.000015326.5225   21.9210
    7.5000    0.0000   30.000014955.5752   21.8869
   -7.5000    7.5000   30.000014374.4297   21.9564
    0.0000    7.5000   30.000015141.4756   21.9051
    7.5000    7.5000   30.000014746.0312   21.8720
   -7.5000   15.0000   30.000013785.9736   21.9589
    0.0000   15.0000   30.000014616.6826   21.9144
    7.5000   15.0000   30.000014198.4111   21.8865
   -7.5000   22.5000   30.000012934.7363   21.9765
    0.0000   22.5000   30.000013718.2080   21.9304
    7.5000   22.5000   30.000013305.4238   21.9046
   -7.5000   30.0000   30.000012074.8828   21.7232
    0.0000   30.0000   30.000012791.5596   21.6721
    7.5000   30.0000   30.000012408.5059   21.6469
   -7.5000   37.5000   30.000011631.1973   21.7178
    0.0000   37.5000   30.000012280.8682   21.6618
    7.5000   37.5000   30.000011940.0576   21.6335
   -7.5000   45.0000   30.000010703.5049   21.1849
    0.0000   45.0000   30.000011328.5420   21.1293
    7.5000   45.0000   30.000011005.2148   21.0964
   -7.5000  -45.0000   37.5000 8683.6201   22.9814
    0.0000  -45.0000   37.5000 9180.7842   22.9127
    7.5000  -45.0000   37.5000 8878.5244   22.8718
   -7.5000  -37.5000   37.5000 9291.8066   22.5699
    0.0000  -37.5000   37.5000 9802.7002   22.5108
    7.5000  -37.5000   37.5000 9501.2881   22.4641
   -7.5000  -30.0000   37.500010282.6738   22.4306
    0.0000  -30.0000   37.500010828.4248   22.3791
    7.5000  -30.0000   37.500010513.9580   22.3321
   -7.5000  -22.5000   37.500011269.0703   22.3883
    0.0000  -22.5000   37.500011845.8252   22.3352
    7.5000  -22.5000   37.500011519.2686   22.2937
   -7.5000  -15.0000   37.500012184.3213   22.4047
    0.0000  -15.0000   37.500012849.7588   22.3452
    7.5000  -15.0000   37.500012539.1045   22.3118
   -7.5000   -7.5000   37.500013077.4346   22.3983
    0.0000   -7.5000   37.500013776.0898   22.3332
    7.5000   -7.5000   37.500013449.9912   22.3009
   -7.5000    0.0000   37.500013968.2793   22.3712
    0.0000    0.0000   37.500014623.0635   22.3054
    7.5000    0.0000   37.500014234.2783   22.2657
   -7.5000    7.5000   37.500013816.6338   22.3478
    0.0000    7.5000   37.500014448.5547   22.2896
    7.5000    7.5000   37.500014060.3721   22.2438
   -7.5000   15.0000   37.500013311.3945   22.3525
    0.0000   15.0000   37.500014015.1133   22.3013
    7.5000   15.0000   37.500013610.3193   22.2548
   -7.5000   22.5000   37.500012535.3691   22.3720
    0.0000   22.5000   37.500013208.3164   22.3188
    7.5000   22.5000   37.500012816.1709   22.2773
   -7.5000   30.0000   37.500011695.2500   22.1148
    0.0000   30.0000   37.500012333.5352   22.0561
    7.5000   30.0000   37.500011974.0977   22.0231
   -7.5000   37.5000   37.500011229.9053   22.1084
    0.0000   37.5000   37.500011872.2559   22.0442
    7.5000   37.5000   37.500011523.9775   22.0123
   -7.5000   45.0000   37.500010351.9580   21.5632
    0.0000   45.0000   37.500010937.6621   21.4998
    7.5000   45.0000   37.500010628.6045   21.4616
   -7.5000  -45.0000   45.0000 8006.5635   23.4181
    0.0000  -45.0000   45.0000 8420.1289   23.3485
    7.5000  -45.0000   45.0000 8142.6914   23.3054
   -7.5000  -37.5000   45.0000 8580.5293   22.9934
    0.0000  -37.5000   45.0000 9039.8730   22.9343
    7.5000  -37.5000   45.0000 8745.6611   22.8785
   -7.5000  -30.0000   45.0000 9500.9629   22.8485
    0.0000  -30.0000   45.0000 9982.6602   22.7955
    7.5000  -30.0000   45.0000 9676.4746   22.7312
   -7.5000  -22.5000   45.000010399.3604   22.8097
    0.0000  -22.5000   45.000010914.0869   22.7528
    7.5000  -22.5000   45.000010599.0166   22.6927
   -7.5000  -15.0000   45.000011231.1562   22.8349
    0.0000  -15.0000   45.000011824.8789   22.7698
    7.5000  -15.0000   45.000011511.2109   22.7225
   -7.5000   -7.5000   45.000012025.3750   22.8275
    0.0000   -7.5000   45.000012633.8818   22.7581
    7.5000   -7.5000   45.000012299.2500   22.7192
   -7.5000    0.0000   45.000012803.7285   22.7919
    0.0000    0.0000   45.000013400.4121   22.7248
    7.5000    0.0000   45.000013025.6846   22.6822
   -7.5000    7.5000   45.000012647.4443   22.7626
    0.0000    7.5000   45.000013232.2676   22.7044
    7.5000    7.5000   45.000012863.5674   22.6497
   -7.5000   15.0000   45.000012244.5918   22.7669
    0.0000   15.0000   45.000012837.6924   22.7143
    7.5000   15.0000   45.000012482.7617   22.6505
   -7.5000   22.5000   45.000011568.6074   22.7928
    0.0000   22.5000   45.000012137.4365   22.7358
    7.5000   22.5000   45.000011794.6572   22.6758
   -7.5000   30.0000   45.000010793.1807   22.5374
    0.0000   30.0000   45.000011362.0830   22.4732
    7.5000   30.0000   45.000011041.3438   22.4265
   -7.5000   37.5000   45.000010406.1660   22.5301
    0.0000   37.5000   45.000010938.1621   22.4616
    7.5000   37.5000   45.000010652.8516   22.4232
   -7.5000   45.0000   45.0000 9557.1074   21.9787
    0.0000   45.0000   45.000010065.8096   21.9140
    7.5000   45.0000   45.0000 9778.4531   21.8730

---------------------------------------------------------------------
imgreg_4dfp /opt/freesurfer/average/711-2C_as_mni_average_305 /opt/freesurfer/average/711-2B_as_mni_average_305_mask talsrcimg_g11 none talsrcimg_to_711-2C_as_mni_average_305_t4 4355
---------------------------------------------------------------------

freesurfer imgreg_4dfp.c
/opt/freesurfer/average/711-2C_as_mni_average_305.4dfp.img
       256       256       256         1
  1.000000  1.000000  1.000000
orientation T byte_order littleendian
Reading image: /opt/freesurfer/average/711-2C_as_mni_average_305.4dfp.img
dimensions:      256       256       256
mmppix:       1.0000   -1.0000   -1.0000
center:     128.0000 -129.0000 -129.0000
/opt/freesurfer/average/711-2B_as_mni_average_305_mask.4dfp.img
       256       256       256         1
  1.000000  1.000000  1.000000
orientation T byte_order littleendian
Reading mask: /opt/freesurfer/average/711-2B_as_mni_average_305_mask.4dfp.img (2306576 pixels)
talsrcimg_g11.4dfp.img
       256       256       256         1
  1.000000  1.000000  1.000000
orientation T byte_order littleendian
Reading image: talsrcimg_g11.4dfp.img
dimensions:      256       256       256
mmppix:       1.0000   -1.0000   -1.0000
center:     128.0000 -129.0000 -129.0000
rotation matrix determinant  1.000000
image alignment mode   4355 decimal     1103 hex
   -7.5000  -45.0000  -45.0000 2129.7888   27.8374
    0.0000  -45.0000  -45.0000 2148.0264   27.3241
    7.5000  -45.0000  -45.0000 2153.7271   27.3048
   -7.5000  -37.5000  -45.0000 2229.2766   25.3471
    0.0000  -37.5000  -45.0000 2250.2634   24.9126
    7.5000  -37.5000  -45.0000 2254.6855   24.8860
   -7.5000  -30.0000  -45.0000 2311.7898   23.5546
    0.0000  -30.0000  -45.0000 2334.9800   23.0976
    7.5000  -30.0000  -45.0000 2338.3828   23.1421
   -7.5000  -22.5000  -45.0000 2361.2288   22.4202
    0.0000  -22.5000  -45.0000 2387.1868   21.8699
    7.5000  -22.5000  -45.0000 2391.6638   21.9395
   -7.5000  -15.0000  -45.0000 2387.9146   21.6721
    0.0000  -15.0000  -45.0000 2418.5422   21.1442
    7.5000  -15.0000  -45.0000 2423.7258   21.2304
   -7.5000   -7.5000  -45.0000 2396.0754   21.2259
    0.0000   -7.5000  -45.0000 2428.9883   20.6275
    7.5000   -7.5000  -45.0000 2436.0505   20.6835
   -7.5000    0.0000  -45.0000 2402.7100   21.0152
    0.0000    0.0000  -45.0000 2433.3394   20.3741
    7.5000    0.0000  -45.0000 2444.1672   20.3862
   -7.5000    7.5000  -45.0000 2411.0427   21.0749
    0.0000    7.5000  -45.0000 2431.9109   20.4087
    7.5000    7.5000  -45.0000 2437.5818   20.3828
   -7.5000   15.0000  -45.0000 2387.2544   21.5031
    0.0000   15.0000  -45.0000 2405.3975   20.7419
    7.5000   15.0000  -45.0000 2419.6765   20.7703
   -7.5000   22.5000  -45.0000 2351.3987   22.3051
    0.0000   22.5000  -45.0000 2381.8342   21.5247
    7.5000   22.5000  -45.0000 2393.6245   21.4835
   -7.5000   30.0000  -45.0000 2296.6204   23.4145
    0.0000   30.0000  -45.0000 2331.1208   22.6475
    7.5000   30.0000  -45.0000 2339.4238   22.6003
   -7.5000   37.5000  -45.0000 2242.0742   24.9159
    0.0000   37.5000  -45.0000 2272.1663   24.1085
    7.5000   37.5000  -45.0000 2279.7466   24.0933
   -7.5000   45.0000  -45.0000 2161.4302   26.9400
    0.0000   45.0000  -45.0000 2192.5952   26.0699
    7.5000   45.0000  -45.0000 2192.2529   26.0824
   -7.5000  -45.0000  -37.5000 2198.6550   26.1628
    0.0000  -45.0000  -37.5000 2224.3079   25.7349
    7.5000  -45.0000  -37.5000 2229.9966   25.7133
   -7.5000  -37.5000  -37.5000 2305.5701   23.8415
    0.0000  -37.5000  -37.5000 2333.0471   23.4281
    7.5000  -37.5000  -37.5000 2338.0110   23.4534
   -7.5000  -30.0000  -37.5000 2387.5869   22.1576
    0.0000  -30.0000  -37.5000 2420.0103   21.7701
    7.5000  -30.0000  -37.5000 2426.5684   21.8141
   -7.5000  -22.5000  -37.5000 2436.2898   20.9862
    0.0000  -22.5000  -37.5000 2469.4348   20.5459
    7.5000  -22.5000  -37.5000 2481.1582   20.5948
   -7.5000  -15.0000  -37.5000 2469.1865   20.2683
    0.0000  -15.0000  -37.5000 2500.0752   19.7690
    7.5000  -15.0000  -37.5000 2511.4375   19.8205
   -7.5000   -7.5000  -37.5000 2487.8840   19.7456
    0.0000   -7.5000  -37.5000 2518.9978   19.1879
    7.5000   -7.5000  -37.5000 2528.6519   19.2415
   -7.5000    0.0000  -37.5000 2496.6624   19.4915
    0.0000    0.0000  -37.5000 2525.5493   18.9272
    7.5000    0.0000  -37.5000 2536.2690   18.9330
   -7.5000    7.5000  -37.5000 2497.4392   19.5437
    0.0000    7.5000  -37.5000 2526.7573   18.9425
    7.5000    7.5000  -37.5000 2532.9131   18.9083
   -7.5000   15.0000  -37.5000 2475.9817   19.9153
    0.0000   15.0000  -37.5000 2503.6204   19.2987
    7.5000   15.0000  -37.5000 2512.9543   19.2559
   -7.5000   22.5000  -37.5000 2435.8235   20.6496
    0.0000   22.5000  -37.5000 2476.8281   19.9771
    7.5000   22.5000  -37.5000 2490.1335   19.9285
   -7.5000   30.0000  -37.5000 2391.1790   21.7011
    0.0000   30.0000  -37.5000 2426.8110   20.9790
    7.5000   30.0000  -37.5000 2439.8428   20.9601
   -7.5000   37.5000  -37.5000 2324.0898   23.0839
    0.0000   37.5000  -37.5000 2361.8430   22.3108
    7.5000   37.5000  -37.5000 2374.7725   22.3143
   -7.5000   45.0000  -37.5000 2234.3872   24.9632
    0.0000   45.0000  -37.5000 2267.6360   24.1570
    7.5000   45.0000  -37.5000 2277.2866   24.2147
   -7.5000  -45.0000  -30.0000 2298.7974   25.5671
    0.0000  -45.0000  -30.0000 2329.9653   25.1659
    7.5000  -45.0000  -30.0000 2340.4324   25.2168
   -7.5000  -37.5000  -30.0000 2410.2500   23.2521
    0.0000  -37.5000  -30.0000 2448.9241   22.8688
    7.5000  -37.5000  -30.0000 2458.1770   22.8773
   -7.5000  -30.0000  -30.0000 2497.6274   21.5046
    0.0000  -30.0000  -30.0000 2537.1719   21.1497
    7.5000  -30.0000  -30.0000 2546.7651   21.1811
   -7.5000  -22.5000  -30.0000 2552.6411   20.3343
    0.0000  -22.5000  -30.0000 2589.5056   19.9437
    7.5000  -22.5000  -30.0000 2606.1267   19.9688
   -7.5000  -15.0000  -30.0000 2590.3323   19.5069
    0.0000  -15.0000  -30.0000 2623.6150   19.1071
    7.5000  -15.0000  -30.0000 2635.0618   19.0529
   -7.5000   -7.5000  -30.0000 2620.6797   18.9555
    0.0000   -7.5000  -30.0000 2651.4292   18.4962
    7.5000   -7.5000  -30.0000 2664.7891   18.4465
   -7.5000    0.0000  -30.0000 2625.8198   18.7331
    0.0000    0.0000  -30.0000 2656.0735   18.2713
    7.5000    0.0000  -30.0000 2670.7473   18.2013
   -7.5000    7.5000  -30.0000 2621.6709   18.7386
    0.0000    7.5000  -30.0000 2654.9460   18.1973
    7.5000    7.5000  -30.0000 2667.5869   18.1732
   -7.5000   15.0000  -30.0000 2600.6792   19.0795
    0.0000   15.0000  -30.0000 2640.7158   18.5033
    7.5000   15.0000  -30.0000 2652.4917   18.4758
   -7.5000   22.5000  -30.0000 2570.8906   19.8052
    0.0000   22.5000  -30.0000 2609.2471   19.1597
    7.5000   22.5000  -30.0000 2624.3191   19.1075
   -7.5000   30.0000  -30.0000 2521.1096   20.8557
    0.0000   30.0000  -30.0000 2556.5637   20.1494
    7.5000   30.0000  -30.0000 2571.9717   20.0832
   -7.5000   37.5000  -30.0000 2450.4224   22.2459
    0.0000   37.5000  -30.0000 2487.2546   21.4914
    7.5000   37.5000  -30.0000 2503.5964   21.4125
   -7.5000   45.0000  -30.0000 2348.6997   24.0721
    0.0000   45.0000  -30.0000 2387.3953   23.2966
    7.5000   45.0000  -30.0000 2399.2085   23.2647
   -7.5000  -45.0000  -22.5000 2372.3953   24.7206
    0.0000  -45.0000  -22.5000 2405.0278   24.4179
    7.5000  -45.0000  -22.5000 2415.9294   24.4844
   -7.5000  -37.5000  -22.5000 2486.2651   22.4053
    0.0000  -37.5000  -22.5000 2526.5671   22.1350
    7.5000  -37.5000  -22.5000 2538.1414   22.1630
   -7.5000  -30.0000  -22.5000 2575.0369   20.6461
    0.0000  -30.0000  -22.5000 2612.4897   20.3559
    7.5000  -30.0000  -22.5000 2625.0132   20.3790
   -7.5000  -22.5000  -22.5000 2639.0059   19.4421
    0.0000  -22.5000  -22.5000 2677.0962   19.1301
    7.5000  -22.5000  -22.5000 2690.2834   19.1004
   -7.5000  -15.0000  -22.5000 2682.2917   18.6185
    0.0000  -15.0000  -22.5000 2719.4697   18.2639
    7.5000  -15.0000  -22.5000 2732.5559   18.1927
   -7.5000   -7.5000  -22.5000 2716.9163   18.0437
    0.0000   -7.5000  -22.5000 2758.6951   17.6500
    7.5000   -7.5000  -22.5000 2769.3455   17.5360
   -7.5000    0.0000  -22.5000 2728.5173   17.8532
    0.0000    0.0000  -22.5000 2771.4634   17.4222
    7.5000    0.0000  -22.5000 2781.5078   17.3140
   -7.5000    7.5000  -22.5000 2729.2061   17.8636
    0.0000    7.5000  -22.5000 2765.8137   17.3203
    7.5000    7.5000  -22.5000 2780.3911   17.2518
   -7.5000   15.0000  -22.5000 2709.3813   18.2454
    0.0000   15.0000  -22.5000 2751.2654   17.6077
    7.5000   15.0000  -22.5000 2766.2515   17.5471
   -7.5000   22.5000  -22.5000 2684.1409   18.9257
    0.0000   22.5000  -22.5000 2722.1279   18.2525
    7.5000   22.5000  -22.5000 2733.3584   18.1613
   -7.5000   30.0000  -22.5000 2629.5747   19.8971
    0.0000   30.0000  -22.5000 2666.2349   19.2448
    7.5000   30.0000  -22.5000 2672.2119   19.1017
   -7.5000   37.5000  -22.5000 2546.7144   21.2335
    0.0000   37.5000  -22.5000 2585.8875   20.5553
    7.5000   37.5000  -22.5000 2593.9358   20.4013
   -7.5000   45.0000  -22.5000 2440.9824   23.0103
    0.0000   45.0000  -22.5000 2484.9692   22.3285
    7.5000   45.0000  -22.5000 2494.6177   22.1914
   -7.5000  -45.0000  -15.0000 2401.7520   23.9968
    0.0000  -45.0000  -15.0000 2442.0667   23.6984
    7.5000  -45.0000  -15.0000 2449.7766   23.7658
   -7.5000  -37.5000  -15.0000 2515.4009   21.7054
    0.0000  -37.5000  -15.0000 2559.2241   21.3869
    7.5000  -37.5000  -15.0000 2568.4365   21.4238
   -7.5000  -30.0000  -15.0000 2611.9001   19.9002
    0.0000  -30.0000  -15.0000 2647.2007   19.6307
    7.5000  -30.0000  -15.0000 2656.7703   19.5741
   -7.5000  -22.5000  -15.0000 2684.7483   18.6715
    0.0000  -22.5000  -15.0000 2718.3896   18.3669
    7.5000  -22.5000  -15.0000 2730.4875   18.3264
   -7.5000  -15.0000  -15.0000 2737.5261   17.8085
    0.0000  -15.0000  -15.0000 2777.4395   17.4862
    7.5000  -15.0000  -15.0000 2790.1626   17.4155
   -7.5000   -7.5000  -15.0000 2779.1445   17.2537
    0.0000   -7.5000  -15.0000 2826.9980   16.8693
    7.5000   -7.5000  -15.0000 2839.1089   16.7510
   -7.5000    0.0000  -15.0000 2798.0818   17.0553
    0.0000    0.0000  -15.0000 2847.5093   16.6187
    7.5000    0.0000  -15.0000 2848.3716   16.4262
   -7.5000    7.5000  -15.0000 2811.3918   17.0993
    0.0000    7.5000  -15.0000 2847.2434   16.5274
    7.5000    7.5000  -15.0000 2853.5630   16.3663
   -7.5000   15.0000  -15.0000 2789.4290   17.4580
    0.0000   15.0000  -15.0000 2832.4094   16.8066
    7.5000   15.0000  -15.0000 2837.8191   16.6484
   -7.5000   22.5000  -15.0000 2756.8687   18.1144
    0.0000   22.5000  -15.0000 2796.1890   17.4403
    7.5000   22.5000  -15.0000 2799.7642   17.2785
   -7.5000   30.0000  -15.0000 2700.8162   19.0719
    0.0000   30.0000  -15.0000 2737.3013   18.4109
    7.5000   30.0000  -15.0000 2735.6064   18.2221
   -7.5000   37.5000  -15.0000 2620.3652   20.4119
    0.0000   37.5000  -15.0000 2653.3740   19.7140
    7.5000   37.5000  -15.0000 2654.4675   19.5263
   -7.5000   45.0000  -15.0000 2509.4380   22.1509
    0.0000   45.0000  -15.0000 2550.8823   21.4349
    7.5000   45.0000  -15.0000 2558.5808   21.2653
   -7.5000  -45.0000   -7.5000 2415.6238   23.5145
    0.0000  -45.0000   -7.5000 2459.9160   23.1165
    7.5000  -45.0000   -7.5000 2467.8833   23.0923
   -7.5000  -37.5000   -7.5000 2527.6687   21.1582
    0.0000  -37.5000   -7.5000 2572.4363   20.8181
    7.5000  -37.5000   -7.5000 2582.7002   20.7192
   -7.5000  -30.0000   -7.5000 2624.0151   19.3360
    0.0000  -30.0000   -7.5000 2665.2588   19.0325
    7.5000  -30.0000   -7.5000 2672.3738   18.8918
   -7.5000  -22.5000   -7.5000 2708.4478   18.0058
    0.0000  -22.5000   -7.5000 2747.8049   17.7660
    7.5000  -22.5000   -7.5000 2757.2510   17.6238
   -7.5000  -15.0000   -7.5000 2775.4062   17.1189
    0.0000  -15.0000   -7.5000 2817.3203   16.8718
    7.5000  -15.0000   -7.5000 2826.7878   16.7500
   -7.5000   -7.5000   -7.5000 2825.7585   16.6311
    0.0000   -7.5000   -7.5000 2871.3779   16.3579
    7.5000   -7.5000   -7.5000 2881.3364   16.1816
   -7.5000    0.0000   -7.5000 2847.6252   16.3893
    0.0000    0.0000   -7.5000 2906.7544   16.0167
    7.5000    0.0000   -7.5000 2904.7468   15.7820
   -7.5000    7.5000   -7.5000 2867.3613   16.4334
    0.0000    7.5000   -7.5000 2913.0999   15.8757
    7.5000    7.5000   -7.5000 2904.6406   15.6187
   -7.5000   15.0000   -7.5000 2850.1938   16.7572
    0.0000   15.0000   -7.5000 2891.8789   16.1992
    7.5000   15.0000   -7.5000 2884.0674   15.9091
   -7.5000   22.5000   -7.5000 2811.7139   17.4267
    0.0000   22.5000   -7.5000 2854.4299   16.8576
    7.5000   22.5000   -7.5000 2846.4382   16.5629
   -7.5000   30.0000   -7.5000 2749.2258   18.3855
    0.0000   30.0000   -7.5000 2793.4255   17.8041
    7.5000   30.0000   -7.5000 2785.6157   17.5544
   -7.5000   37.5000   -7.5000 2662.8901   19.6990
    0.0000   37.5000   -7.5000 2708.2234   19.1083
    7.5000   37.5000   -7.5000 2701.6479   18.8642
   -7.5000   45.0000   -7.5000 2555.9575   21.4791
    0.0000   45.0000   -7.5000 2604.9382   20.8197
    7.5000   45.0000   -7.5000 2598.8691   20.5841
   -7.5000  -45.0000    0.0000 2413.8647   23.1806
    0.0000  -45.0000    0.0000 2454.6272   22.7596
    7.5000  -45.0000    0.0000 2458.5752   22.6358
   -7.5000  -37.5000    0.0000 2521.9827   20.8300
    0.0000  -37.5000    0.0000 2559.7239   20.3932
    7.5000  -37.5000    0.0000 2573.1411   20.3086
   -7.5000  -30.0000    0.0000 2625.1819   19.0007
    0.0000  -30.0000    0.0000 2659.2476   18.5640
    7.5000  -30.0000    0.0000 2672.6326   18.5021
   -7.5000  -22.5000    0.0000 2722.8318   17.6379
    0.0000  -22.5000    0.0000 2754.4658   17.2841
    7.5000  -22.5000    0.0000 2772.3662   17.1946
   -7.5000  -15.0000    0.0000 2797.7737   16.7407
    0.0000  -15.0000    0.0000 2836.2144   16.4404
    7.5000  -15.0000    0.0000 2849.3904   16.3146
   -7.5000   -7.5000    0.0000 2860.8850   16.2865
    0.0000   -7.5000    0.0000 2903.7227   16.0388
    7.5000   -7.5000    0.0000 2916.2664   15.8778
   -7.5000    0.0000    0.0000 2892.4524   16.1518
    0.0000    0.0000    0.0000 2951.2703   15.8879
    7.5000    0.0000    0.0000 2957.3821   15.6974
   -7.5000    7.5000    0.0000 2906.5510   16.1593
    0.0000    7.5000    0.0000 2962.7073   15.7004
    7.5000    7.5000    0.0000 2954.1978   15.4138
   -7.5000   15.0000    0.0000 2886.4131   16.3888
    0.0000   15.0000    0.0000 2933.0076   15.8799
    7.5000   15.0000    0.0000 2919.0630   15.5815
   -7.5000   22.5000    0.0000 2842.3340   16.9532
    0.0000   22.5000    0.0000 2890.9111   16.4605
    7.5000   22.5000    0.0000 2884.6663   16.2075
   -7.5000   30.0000    0.0000 2775.4565   17.9133
    0.0000   30.0000    0.0000 2819.5349   17.4180
    7.5000   30.0000    0.0000 2821.0134   17.2044
   -7.5000   37.5000    0.0000 2686.1050   19.3201
    0.0000   37.5000    0.0000 2729.4937   18.7700
    7.5000   37.5000    0.0000 2733.9634   18.5939
   -7.5000   45.0000    0.0000 2579.8818   21.0557
    0.0000   45.0000    0.0000 2624.8972   20.4498
    7.5000   45.0000    0.0000 2625.0000   20.3498
   -7.5000  -45.0000    7.5000 2408.0322   23.2381
    0.0000  -45.0000    7.5000 2437.6040   22.6828
    7.5000  -45.0000    7.5000 2447.8101   22.6405
   -7.5000  -37.5000    7.5000 2513.2400   20.8197
    0.0000  -37.5000    7.5000 2544.9688   20.2469
    7.5000  -37.5000    7.5000 2556.3391   20.1849
   -7.5000  -30.0000    7.5000 2622.3560   18.9475
    0.0000  -30.0000    7.5000 2646.6143   18.4048
    7.5000  -30.0000    7.5000 2657.9834   18.3115
   -7.5000  -22.5000    7.5000 2725.2634   17.5501
    0.0000  -22.5000    7.5000 2747.2390   17.0524
    7.5000  -22.5000    7.5000 2760.7305   16.9676
   -7.5000  -15.0000    7.5000 2809.7971   16.6075
    0.0000  -15.0000    7.5000 2841.6611   16.2413
    7.5000  -15.0000    7.5000 2852.8572   16.1308
   -7.5000   -7.5000    7.5000 2882.3000   16.2345
    0.0000   -7.5000    7.5000 2929.8069   16.0076
    7.5000   -7.5000    7.5000 2943.8823   15.8588
   -7.5000    0.0000    7.5000 2925.0137   16.0913
    0.0000    0.0000    7.5000 3002.1294   16.0093
    7.5000    0.0000    7.5000 3011.8303   15.8721
   -7.5000    7.5000    7.5000 2932.1665   16.1247
    0.0000    7.5000    7.5000 3016.0178   15.9041
    7.5000    7.5000    7.5000 3015.7532   15.7724
   -7.5000   15.0000    7.5000 2896.8667   16.2285
    0.0000   15.0000    7.5000 2955.5615   15.8816
    7.5000   15.0000    7.5000 2953.9163   15.7089
   -7.5000   22.5000    7.5000 2853.9846   16.7467
    0.0000   22.5000    7.5000 2905.2515   16.2618
    7.5000   22.5000    7.5000 2909.1484   16.1222
   -7.5000   30.0000    7.5000 2789.4080   17.7304
    0.0000   30.0000    7.5000 2830.6426   17.1920
    7.5000   30.0000    7.5000 2840.0129   17.0484
   -7.5000   37.5000    7.5000 2700.2278   19.1411
    0.0000   37.5000    7.5000 2738.4592   18.5580
    7.5000   37.5000    7.5000 2745.2227   18.4291
   -7.5000   45.0000    7.5000 2589.5015   20.9228
    0.0000   45.0000    7.5000 2633.8757   20.2846
    7.5000   45.0000    7.5000 2634.0466   20.1800
   -7.5000  -45.0000   15.0000 2390.7461   23.4809
    0.0000  -45.0000   15.0000 2416.5269   22.7795
    7.5000  -45.0000   15.0000 2424.7197   22.8189
   -7.5000  -37.5000   15.0000 2500.8577   21.0739
    0.0000  -37.5000   15.0000 2521.0398   20.3580
    7.5000  -37.5000   15.0000 2527.8831   20.3271
   -7.5000  -30.0000   15.0000 2610.6582   19.1745
    0.0000  -30.0000   15.0000 2627.4268   18.5354
    7.5000  -30.0000   15.0000 2630.8328   18.5092
   -7.5000  -22.5000   15.0000 2718.0737   17.7497
    0.0000  -22.5000   15.0000 2738.5073   17.2151
    7.5000  -22.5000   15.0000 2745.2039   17.2289
   -7.5000  -15.0000   15.0000 2804.5098   16.8467
    0.0000  -15.0000   15.0000 2842.0444   16.4813
    7.5000  -15.0000   15.0000 2850.0491   16.4707
   -7.5000   -7.5000   15.0000 2882.4214   16.3945
    0.0000   -7.5000   15.0000 2938.6077   16.2343
    7.5000   -7.5000   15.0000 2947.3606   16.1313
   -7.5000    0.0000   15.0000 2928.8740   16.1667
    0.0000    0.0000   15.0000 3019.2361   16.0873
    7.5000    0.0000   15.0000 3021.9473   15.9567
   -7.5000    7.5000   15.0000 2931.5798   16.1688
    0.0000    7.5000   15.0000 3029.0576   15.9078
    7.5000    7.5000   15.0000 3021.2571   15.7551
   -7.5000   15.0000   15.0000 2891.7581   16.3935
    0.0000   15.0000   15.0000 2961.0674   15.9670
    7.5000   15.0000   15.0000 2957.0603   15.8319
   -7.5000   22.5000   15.0000 2845.4849   16.9086
    0.0000   22.5000   15.0000 2898.2002   16.4199
    7.5000   22.5000   15.0000 2902.9167   16.2888
   -7.5000   30.0000   15.0000 2779.1458   17.8566
    0.0000   30.0000   15.0000 2820.4326   17.3550
    7.5000   30.0000   15.0000 2826.6216   17.2193
   -7.5000   37.5000   15.0000 2692.9390   19.2249
    0.0000   37.5000   15.0000 2730.5054   18.6558
    7.5000   37.5000   15.0000 2735.1165   18.5222
   -7.5000   45.0000   15.0000 2583.1028   20.9788
    0.0000   45.0000   15.0000 2621.2585   20.3169
    7.5000   45.0000   15.0000 2623.5874   20.2188
   -7.5000  -45.0000   22.5000 2368.7029   24.0178
    0.0000  -45.0000   22.5000 2391.2957   23.1805
    7.5000  -45.0000   22.5000 2398.3623   23.3794
   -7.5000  -37.5000   22.5000 2481.8389   21.5439
    0.0000  -37.5000   22.5000 2500.8857   20.8079
    7.5000  -37.5000   22.5000 2504.4067   20.9434
   -7.5000  -30.0000   22.5000 2592.7986   19.6178
    0.0000  -30.0000   22.5000 2608.8616   19.0033
    7.5000  -30.0000   22.5000 2614.0889   19.1131
   -7.5000  -22.5000   22.5000 2695.6145   18.1763
    0.0000  -22.5000   22.5000 2716.4092   17.6818
    7.5000  -22.5000   22.5000 2723.6550   17.7503
   -7.5000  -15.0000   22.5000 2783.2766   17.2111
    0.0000  -15.0000   22.5000 2819.5300   16.8166
    7.5000  -15.0000   22.5000 2827.9756   16.8861
   -7.5000   -7.5000   22.5000 2864.6216   16.6586
    0.0000   -7.5000   22.5000 2919.4387   16.3579
    7.5000   -7.5000   22.5000 2924.6772   16.3544
   -7.5000    0.0000   22.5000 2905.8726   16.2878
    0.0000    0.0000   22.5000 2984.7415   15.9848
    7.5000    0.0000   22.5000 2989.8269   15.9595
   -7.5000    7.5000   22.5000 2911.2458   16.3420
    0.0000    7.5000   22.5000 2984.8501   15.8476
    7.5000    7.5000   22.5000 2982.2517   15.7988
   -7.5000   15.0000   22.5000 2877.2756   16.7004
    0.0000   15.0000   22.5000 2942.2812   16.2046
    7.5000   15.0000   22.5000 2940.8608   16.0780
   -7.5000   22.5000   22.5000 2829.4692   17.3227
    0.0000   22.5000   22.5000 2876.9236   16.8353
    7.5000   22.5000   22.5000 2882.8579   16.6844
   -7.5000   30.0000   22.5000 2760.5466   18.2733
    0.0000   30.0000   22.5000 2796.3733   17.7576
    7.5000   30.0000   22.5000 2802.1130   17.5992
   -7.5000   37.5000   22.5000 2670.3140   19.5796
    0.0000   37.5000   22.5000 2705.3088   19.0383
    7.5000   37.5000   22.5000 2709.4778   18.8853
   -7.5000   45.0000   22.5000 2564.6819   21.2722
    0.0000   45.0000   22.5000 2602.5493   20.6478
    7.5000   45.0000   22.5000 2601.0916   20.5166
   -7.5000  -45.0000   30.0000 2342.7573   24.7924
    0.0000  -45.0000   30.0000 2362.5208   24.0489
    7.5000  -45.0000   30.0000 2366.9646   24.3447
   -7.5000  -37.5000   30.0000 2453.7458   22.2229
    0.0000  -37.5000   30.0000 2477.6692   21.5960
    7.5000  -37.5000   30.0000 2480.5281   21.7976
   -7.5000  -30.0000   30.0000 2559.9275   20.2477
    0.0000  -30.0000   30.0000 2586.5779   19.6780
    7.5000  -30.0000   30.0000 2588.6377   19.8051
   -7.5000  -22.5000   30.0000 2663.3293   18.7990
    0.0000  -22.5000   30.0000 2689.0479   18.2249
    7.5000  -22.5000   30.0000 2692.5261   18.3379
   -7.5000  -15.0000   30.0000 2755.0032   17.8308
    0.0000  -15.0000   30.0000 2784.2542   17.3053
    7.5000  -15.0000   30.0000 2790.9741   17.4065
   -7.5000   -7.5000   30.0000 2830.6299   17.1268
    0.0000   -7.5000   30.0000 2872.1455   16.6850
    7.5000   -7.5000   30.0000 2881.4919   16.7438
   -7.5000    0.0000   30.0000 2873.7766   16.7404
    0.0000    0.0000   30.0000 2920.2715   16.2348
    7.5000    0.0000   30.0000 2931.8103   16.2284
   -7.5000    7.5000   30.0000 2875.9946   16.7872
    0.0000    7.5000   30.0000 2931.6047   16.2339
    7.5000    7.5000   30.0000 2929.5581   16.1950
   -7.5000   15.0000   30.0000 2847.1240   17.2174
    0.0000   15.0000   30.0000 2910.1765   16.7469
    7.5000   15.0000   30.0000 2901.5374   16.6293
   -7.5000   22.5000   30.0000 2794.9187   17.9167
    0.0000   22.5000   30.0000 2841.3398   17.4825
    7.5000   22.5000   30.0000 2840.8728   17.3267
   -7.5000   30.0000   30.0000 2726.3589   18.8852
    0.0000   30.0000   30.0000 2761.2507   18.4294
    7.5000   30.0000   30.0000 2763.7959   18.2631
   -7.5000   37.5000   30.0000 2637.7126   20.1956
    0.0000   37.5000   30.0000 2669.9016   19.6716
    7.5000   37.5000   30.0000 2674.4202   19.5241
   -7.5000   45.0000   30.0000 2527.5515   21.8014
    0.0000   45.0000   30.0000 2560.6001   21.2267
    7.5000   45.0000   30.0000 2562.6326   21.0729
   -7.5000  -45.0000   37.5000 2309.4216   25.7712
    0.0000  -45.0000   37.5000 2325.9526   25.0421
    7.5000  -45.0000   37.5000 2329.0247   25.2970
   -7.5000  -37.5000   37.5000 2423.2764   23.1511
    0.0000  -37.5000   37.5000 2447.2698   22.4606
    7.5000  -37.5000   37.5000 2448.1211   22.6326
   -7.5000  -30.0000   37.5000 2530.9788   21.1419
    0.0000  -30.0000   37.5000 2556.7527   20.4799
    7.5000  -30.0000   37.5000 2556.1345   20.6210
   -7.5000  -22.5000   37.5000 2631.9971   19.6588
    0.0000  -22.5000   37.5000 2657.8884   19.0009
    7.5000  -22.5000   37.5000 2656.8733   19.1128
   -7.5000  -15.0000   37.5000 2714.9360   18.6259
    0.0000  -15.0000   37.5000 2747.9280   18.0111
    7.5000  -15.0000   37.5000 2749.3254   18.1097
   -7.5000   -7.5000   37.5000 2781.6704   17.8570
    0.0000   -7.5000   37.5000 2818.7690   17.2582
    7.5000   -7.5000   37.5000 2823.6121   17.3418
   -7.5000    0.0000   37.5000 2829.2087   17.4375
    0.0000    0.0000   37.5000 2861.5498   16.7832
    7.5000    0.0000   37.5000 2868.0496   16.7900
   -7.5000    7.5000   37.5000 2824.5488   17.4840
    0.0000    7.5000   37.5000 2860.9897   16.8992
    7.5000    7.5000   37.5000 2863.0249   16.8950
   -7.5000   15.0000   37.5000 2796.0256   17.9090
    0.0000   15.0000   37.5000 2844.8542   17.4527
    7.5000   15.0000   37.5000 2844.3870   17.3785
   -7.5000   22.5000   37.5000 2744.8862   18.6907
    0.0000   22.5000   37.5000 2787.3738   18.2351
    7.5000   22.5000   37.5000 2784.4224   18.1278
   -7.5000   30.0000   37.5000 2681.1929   19.7540
    0.0000   30.0000   37.5000 2711.8611   19.2367
    7.5000   30.0000   37.5000 2713.4634   19.1483
   -7.5000   37.5000   37.5000 2592.0784   21.0652
    0.0000   37.5000   37.5000 2626.7180   20.5194
    7.5000   37.5000   37.5000 2627.4258   20.4177
   -7.5000   45.0000   37.5000 2487.5598   22.6967
    0.0000   45.0000   37.5000 2513.2295   22.1183
    7.5000   45.0000   37.5000 2519.1965   22.0532
   -7.5000  -45.0000   45.0000 2261.0010   26.9112
    0.0000  -45.0000   45.0000 2280.1487   26.0822
    7.5000  -45.0000   45.0000 2284.4458   26.2993
   -7.5000  -37.5000   45.0000 2382.7808   24.2711
    0.0000  -37.5000   45.0000 2413.0237   23.4816
    7.5000  -37.5000   45.0000 2411.9053   23.5990
   -7.5000  -30.0000   45.0000 2490.6055   22.2492
    0.0000  -30.0000   45.0000 2517.7075   21.4969
    7.5000  -30.0000   45.0000 2511.9919   21.6133
   -7.5000  -22.5000   45.0000 2583.5640   20.7242
    0.0000  -22.5000   45.0000 2612.1768   20.0259
    7.5000  -22.5000   45.0000 2608.4199   20.1223
   -7.5000  -15.0000   45.0000 2657.1389   19.6129
    0.0000  -15.0000   45.0000 2693.4707   18.9454
    7.5000  -15.0000   45.0000 2693.7798   19.0344
   -7.5000   -7.5000   45.0000 2718.8623   18.7948
    0.0000   -7.5000   45.0000 2755.6670   18.1518
    7.5000   -7.5000   45.0000 2756.5278   18.2057
   -7.5000    0.0000   45.0000 2756.4128   18.3887
    0.0000    0.0000   45.0000 2791.6497   17.7323
    7.5000    0.0000   45.0000 2788.3298   17.7446
   -7.5000    7.5000   45.0000 2751.8286   18.4403
    0.0000    7.5000   45.0000 2783.3628   17.8354
    7.5000    7.5000   45.0000 2783.9143   17.8606
   -7.5000   15.0000   45.0000 2725.2612   18.8782
    0.0000   15.0000   45.0000 2762.8147   18.3542
    7.5000   15.0000   45.0000 2766.7302   18.3281
   -7.5000   22.5000   45.0000 2681.5168   19.6635
    0.0000   22.5000   45.0000 2717.8467   19.1542
    7.5000   22.5000   45.0000 2719.1470   19.1126
   -7.5000   30.0000   45.0000 2616.9404   20.7402
    0.0000   30.0000   45.0000 2650.3865   20.2215
    7.5000   30.0000   45.0000 2651.6377   20.1371
   -7.5000   37.5000   45.0000 2537.4263   22.1047
    0.0000   37.5000   45.0000 2564.8835   21.5358
    7.5000   37.5000   45.0000 2568.0845   21.4896
   -7.5000   45.0000   45.0000 2427.3604   23.7900
    0.0000   45.0000   45.0000 2454.1409   23.1990
    7.5000   45.0000   45.0000 2456.0312   23.1725

---------------------------------------------------------------------
imgreg_4dfp /opt/freesurfer/average/711-2C_as_mni_average_305 /opt/freesurfer/average/711-2B_as_mni_average_305_mask talsrcimg_g11 none talsrcimg_to_711-2C_as_mni_average_305_t4 1283
---------------------------------------------------------------------

freesurfer imgreg_4dfp.c
/opt/freesurfer/average/711-2C_as_mni_average_305.4dfp.img
       256       256       256         1
  1.000000  1.000000  1.000000
orientation T byte_order littleendian
Reading image: /opt/freesurfer/average/711-2C_as_mni_average_305.4dfp.img
dimensions:      256       256       256
mmppix:       1.0000   -1.0000   -1.0000
center:     128.0000 -129.0000 -129.0000
/opt/freesurfer/average/711-2B_as_mni_average_305_mask.4dfp.img
       256       256       256         1
  1.000000  1.000000  1.000000
orientation T byte_order littleendian
Reading mask: /opt/freesurfer/average/711-2B_as_mni_average_305_mask.4dfp.img (2306576 pixels)
talsrcimg_g11.4dfp.img
       256       256       256         1
  1.000000  1.000000  1.000000
orientation T byte_order littleendian
Reading image: talsrcimg_g11.4dfp.img
dimensions:      256       256       256
mmppix:       1.0000   -1.0000   -1.0000
center:     128.0000 -129.0000 -129.0000
rotation matrix determinant  1.000000
fimgreg.f
image alignment mode   1283 decimal      503 hex
parameters
    0.0000    7.5000   15.0000    0.0000    0.0000    0.0000
eta,q 0.94983 15.94077
niter,ni,del,rscale     5    3   12.0000    1.2000
parameter  1 -0.580279 -> -0.500000 qaram    1.1500
parameter  2  0.634518 ->  0.500000 qaram    1.1500
parameter  3  0.692406 ->  0.500000 qaram    1.1500
parameter  4  1.524474 ->  0.500000 qaram    1.1500
parameters
    3.4500    4.0500   11.5500   -3.4500    1.9637   -0.0876
eta,q 0.96288 16.15935
  0.0781  0.0451  0.0408  0.0351  0.0505  0.0421
  0.0689  0.0430  0.0403  0.0368  0.0459  0.0389
  0.0605  0.0442  0.0416  0.0385  0.0411  0.0372
  0.0528  0.0471  0.0433  0.0404  0.0373  0.0371
  0.0477  0.0509  0.0461  0.0434  0.0371  0.0374
  0.0481  0.0567  0.0514  0.0475  0.0384  0.0391
  0.0520  0.0640  0.0575  0.0512  0.0409  0.0424
niter,ni,del,rscale     7    3   12.0000    1.2000
parameters
    3.5521    4.5150   11.4465   -6.8568    1.7402    0.0378
eta,q 0.96582 16.14672
  0.0628  0.0556  0.0473  0.0372  0.0432  0.0404
  0.0520  0.0471  0.0402  0.0341  0.0372  0.0370
  0.0400  0.0403  0.0365  0.0349  0.0343  0.0350
  0.0371  0.0372  0.0372  0.0371  0.0343  0.0342
  0.0402  0.0394  0.0391  0.0393  0.0361  0.0348
  0.0482  0.0449  0.0419  0.0424  0.0391  0.0365
  0.0630  0.0509  0.0462  0.0475  0.0434  0.0400
niter,ni,del,rscale     6    3   12.0000    1.2000
parameters
    3.5883    5.1456   10.8546   -6.4856    1.7586    0.1368
eta,q 0.96589 16.14494
  0.0612  0.0574  0.0459  0.0439  0.0438  0.0395
  0.0485  0.0460  0.0381  0.0388  0.0376  0.0364
  0.0370  0.0380  0.0341  0.0343  0.0343  0.0347
  0.0342  0.0342  0.0343  0.0339  0.0341  0.0341
  0.0382  0.0364  0.0376  0.0356  0.0357  0.0344
  0.0471  0.0429  0.0428  0.0383  0.0385  0.0359
  0.0609  0.0494  0.0486  0.0409  0.0425  0.0393
niter,ni,del,rscale     5    3   12.0000    1.2000
parameters
    3.6097    5.1683   10.8556   -6.4352    1.7510    0.1478
eta,q 0.96583 16.14490
  0.0611  0.0528  0.0485  0.0430  0.0437  0.0393
  0.0485  0.0432  0.0397  0.0380  0.0377  0.0363
  0.0369  0.0361  0.0348  0.0339  0.0343  0.0347
  0.0341  0.0341  0.0341  0.0341  0.0342  0.0342
  0.0380  0.0376  0.0368  0.0360  0.0358  0.0344
  0.0470  0.0447  0.0414  0.0387  0.0386  0.0360
  0.0613  0.0510  0.0467  0.0414  0.0426  0.0395
registration optimization eta report
parameter search radius
    6.9000    6.9000    6.9000    6.9000    6.0000    6.0000
100000*second partial in parameter space
       56.       36.       28.       17.       25.       15.
  0.0611  0.0528  0.0485  0.0430  0.0437  0.0393
  0.0485  0.0432  0.0397  0.0380  0.0377  0.0363
  0.0369  0.0361  0.0348  0.0339  0.0343  0.0347
  0.0341  0.0341  0.0341  0.0341  0.0342  0.0342
  0.0380  0.0376  0.0368  0.0360  0.0358  0.0344
  0.0470  0.0447  0.0414  0.0387  0.0386  0.0360
  0.0613  0.0510  0.0467  0.0414  0.0426  0.0395
    3.6097    5.1683   10.8556   -6.4352    1.7510    0.1478
eta,q 0.96583 16.14490

---------------------------------------------------------------------
imgreg_4dfp /opt/freesurfer/average/711-2C_as_mni_average_305 /opt/freesurfer/average/711-2B_as_mni_average_305_mask talsrcimg_g11 none talsrcimg_to_711-2C_as_mni_average_305_t4 3335
---------------------------------------------------------------------

freesurfer imgreg_4dfp.c
/opt/freesurfer/average/711-2C_as_mni_average_305.4dfp.img
       256       256       256         1
  1.000000  1.000000  1.000000
orientation T byte_order littleendian
Reading image: /opt/freesurfer/average/711-2C_as_mni_average_305.4dfp.img
dimensions:      256       256       256
mmppix:       1.0000   -1.0000   -1.0000
center:     128.0000 -129.0000 -129.0000
/opt/freesurfer/average/711-2B_as_mni_average_305_mask.4dfp.img
       256       256       256         1
  1.000000  1.000000  1.000000
orientation T byte_order littleendian
Reading mask: /opt/freesurfer/average/711-2B_as_mni_average_305_mask.4dfp.img (2306576 pixels)
talsrcimg_g11.4dfp.img
       256       256       256         1
  1.000000  1.000000  1.000000
orientation T byte_order littleendian
Reading image: talsrcimg_g11.4dfp.img
dimensions:      256       256       256
mmppix:       1.0000   -1.0000   -1.0000
center:     128.0000 -129.0000 -129.0000
fimgreg.f
image alignment mode   3335 decimal      D07 hex
parameters
    3.6097    5.1683   10.8556   -0.0470   -0.6295   -0.6765
    0.0862   -3.0652    0.2578   11.2001    3.0556  -11.2027
eta,q 0.96765 16.20683
niter,ni,del,rscale     5    3    5.0000    1.2000
parameter  4  1.226504 ->  0.500000 qaram    1.1500
parameter  5  0.522331 ->  0.500000 qaram    1.1500
parameter 12  0.925110 ->  0.500000 qaram    1.1500
parameters
    3.4573    5.4976   11.1406   -4.1870   -4.7695    0.0935
    1.3474   -3.6826    1.2294    8.0859    2.1037  -15.3427
eta,q 0.97569 16.06712
  0.0358  0.0362  0.0342  0.0271  0.0275  0.0302  0.0315  0.0316  0.0285  0.0267  0.0263  0.0243
  0.0339  0.0342  0.0332  0.0273  0.0266  0.0286  0.0290  0.0286  0.0274  0.0257  0.0258  0.0242
  0.0327  0.0329  0.0326  0.0291  0.0267  0.0274  0.0273  0.0267  0.0266  0.0254  0.0254  0.0246
  0.0323  0.0324  0.0323  0.0323  0.0276  0.0266  0.0264  0.0263  0.0262  0.0262  0.0254  0.0254
  0.0329  0.0325  0.0324  0.0363  0.0297  0.0262  0.0264  0.0273  0.0262  0.0277  0.0257  0.0264
  0.0344  0.0332  0.0327  0.0410  0.0330  0.0269  0.0272  0.0300  0.0267  0.0298  0.0262  0.0278
  0.0370  0.0345  0.0335  0.0453  0.0369  0.0295  0.0289  0.0339  0.0276  0.0325  0.0270  0.0293
niter,ni,del,rscale     7    3    5.0000    1.2000
parameters
    3.3514    5.7912   11.0076   -7.0499   -4.4485    2.2662
    1.0381   -4.0360    1.0480    9.0555    2.1510  -18.3987
eta,q 0.97707 16.10661
  0.0287  0.0281  0.0257  0.0262  0.0294  0.0278  0.0268  0.0285  0.0256  0.0280  0.0244  0.0238
  0.0262  0.0262  0.0249  0.0248  0.0269  0.0261  0.0249  0.0254  0.0243  0.0259  0.0237  0.0231
  0.0247  0.0249  0.0244  0.0240  0.0250  0.0249  0.0237  0.0238  0.0236  0.0243  0.0233  0.0229
  0.0243  0.0243  0.0243  0.0242  0.0240  0.0240  0.0234  0.0233  0.0233  0.0233  0.0232  0.0232
  0.0251  0.0244  0.0245  0.0265  0.0241  0.0233  0.0239  0.0241  0.0237  0.0234  0.0233  0.0240
  0.0268  0.0252  0.0251  0.0305  0.0258  0.0235  0.0254  0.0262  0.0245  0.0244  0.0237  0.0253
  0.0295  0.0266  0.0260  0.0355  0.0292  0.0252  0.0274  0.0296  0.0258  0.0261  0.0244  0.0269
niter,ni,del,rscale     6    3    5.0000    1.2000
parameters
    3.3525    5.8726   10.9873   -7.6534   -4.8055    1.8196
    1.1327   -4.1823    1.0142    9.9486    1.9151  -18.7832
eta,q 0.97688 16.05113
  0.0274  0.0265  0.0247  0.0273  0.0280  0.0261  0.0271  0.0283  0.0255  0.0276  0.0241  0.0252
  0.0249  0.0246  0.0237  0.0253  0.0256  0.0248  0.0250  0.0253  0.0242  0.0255  0.0235  0.0239
  0.0235  0.0234  0.0231  0.0237  0.0239  0.0238  0.0237  0.0237  0.0235  0.0240  0.0232  0.0233
  0.0229  0.0229  0.0229  0.0229  0.0230  0.0231  0.0232  0.0232  0.0232  0.0232  0.0231  0.0231
  0.0234  0.0233  0.0232  0.0232  0.0234  0.0230  0.0236  0.0238  0.0235  0.0233  0.0232  0.0234
  0.0249  0.0243  0.0238  0.0256  0.0257  0.0244  0.0249  0.0256  0.0243  0.0242  0.0236  0.0243
  0.0274  0.0260  0.0247  0.0299  0.0297  0.0283  0.0269  0.0286  0.0255  0.0259  0.0243  0.0256
niter,ni,del,rscale     5    3    5.0000    1.2000
parameters
    3.3546    6.0098   10.9266   -7.6216   -4.8408    1.6952
    1.2127   -4.1377    1.1499   10.1743    1.8401  -18.9534
eta,q 0.97686 16.04931
  0.0274  0.0267  0.0248  0.0279  0.0283  0.0263  0.0270  0.0285  0.0254  0.0268  0.0241  0.0253
  0.0251  0.0248  0.0238  0.0258  0.0259  0.0249  0.0250  0.0254  0.0242  0.0249  0.0236  0.0240
  0.0236  0.0236  0.0232  0.0241  0.0241  0.0239  0.0236  0.0237  0.0234  0.0237  0.0233  0.0233
  0.0231  0.0231  0.0231  0.0231  0.0231  0.0231  0.0231  0.0231  0.0231  0.0231  0.0231  0.0231
  0.0236  0.0234  0.0234  0.0231  0.0234  0.0229  0.0236  0.0237  0.0234  0.0235  0.0232  0.0234
  0.0250  0.0243  0.0240  0.0249  0.0253  0.0241  0.0249  0.0254  0.0241  0.0246  0.0236  0.0242
  0.0274  0.0259  0.0249  0.0288  0.0291  0.0276  0.0268  0.0283  0.0253  0.0265  0.0242  0.0255
niter,ni,del,rscale     4    3    5.0000    1.2000
parameters
    3.3493    6.0476   10.8843   -7.6044   -4.8563    1.6672
    1.2102   -4.1312    1.1996   10.2624    1.8364  -19.0175
eta,q 0.97686 16.05052
  0.0274  0.0264  0.0248  0.0279  0.0284  0.0264  0.0269  0.0285  0.0254  0.0267  0.0242  0.0254
  0.0251  0.0246  0.0238  0.0258  0.0260  0.0250  0.0249  0.0254  0.0242  0.0248  0.0236  0.0240
  0.0237  0.0235  0.0233  0.0242  0.0241  0.0240  0.0236  0.0237  0.0234  0.0236  0.0233  0.0233
  0.0231  0.0231  0.0231  0.0231  0.0231  0.0231  0.0231  0.0231  0.0231  0.0231  0.0231  0.0231
  0.0236  0.0235  0.0234  0.0231  0.0234  0.0229  0.0236  0.0237  0.0234  0.0235  0.0232  0.0234
  0.0251  0.0245  0.0240  0.0249  0.0253  0.0240  0.0250  0.0254  0.0241  0.0246  0.0236  0.0242
  0.0275  0.0261  0.0249  0.0288  0.0291  0.0275  0.0269  0.0284  0.0253  0.0266  0.0242  0.0254
niter,ni,del,rscale     3    3    5.0000    1.2000
parameters
    3.3478    6.0622   10.8692   -7.5972   -4.8668    1.6536
    1.2076   -4.1315    1.2189   10.2956    1.8361  -19.0432
eta,q 0.97686 16.05059
  0.0274  0.0263  0.0249  0.0279  0.0284  0.0264  0.0270  0.0285  0.0253  0.0266  0.0242  0.0254
  0.0251  0.0246  0.0239  0.0258  0.0260  0.0250  0.0249  0.0254  0.0242  0.0248  0.0236  0.0241
  0.0237  0.0235  0.0233  0.0242  0.0241  0.0240  0.0236  0.0237  0.0234  0.0236  0.0233  0.0233
  0.0231  0.0231  0.0231  0.0231  0.0231  0.0231  0.0231  0.0231  0.0231  0.0231  0.0231  0.0231
  0.0236  0.0235  0.0234  0.0231  0.0234  0.0229  0.0236  0.0237  0.0234  0.0235  0.0232  0.0234
  0.0251  0.0245  0.0240  0.0249  0.0253  0.0240  0.0250  0.0255  0.0241  0.0247  0.0236  0.0242
  0.0275  0.0262  0.0248  0.0289  0.0291  0.0275  0.0269  0.0284  0.0253  0.0266  0.0242  0.0254
registration optimization eta report
parameter search radius
    2.4000    2.4000    2.4000    8.2800    8.2800    7.2000
    7.2000    7.2000    7.2000    7.2000    7.2000    8.2800
100000*second partial in parameter space
       74.       54.       30.        8.        8.        7.
        7.       10.        4.        7.        2.        3.
  0.0274  0.0263  0.0249  0.0279  0.0284  0.0264  0.0270  0.0285  0.0253  0.0266  0.0242  0.0254
  0.0251  0.0246  0.0239  0.0258  0.0260  0.0250  0.0249  0.0254  0.0242  0.0248  0.0236  0.0241
  0.0237  0.0235  0.0233  0.0242  0.0241  0.0240  0.0236  0.0237  0.0234  0.0236  0.0233  0.0233
  0.0231  0.0231  0.0231  0.0231  0.0231  0.0231  0.0231  0.0231  0.0231  0.0231  0.0231  0.0231
  0.0236  0.0235  0.0234  0.0231  0.0234  0.0229  0.0236  0.0237  0.0234  0.0235  0.0232  0.0234
  0.0251  0.0245  0.0240  0.0249  0.0253  0.0240  0.0250  0.0255  0.0241  0.0247  0.0236  0.0242
  0.0275  0.0262  0.0248  0.0289  0.0291  0.0275  0.0269  0.0284  0.0253  0.0266  0.0242  0.0254
    3.3478    6.0622   10.8692   -7.5972   -4.8668    1.6536
    1.2076   -4.1315    1.2189   10.2956    1.8361  -19.0432
eta,q 0.97686 16.05059

---------------------------------------------------------------------
imgreg_4dfp /opt/freesurfer/average/711-2C_as_mni_average_305 /opt/freesurfer/average/711-2B_as_mni_average_305_mask talsrcimg_g11 none talsrcimg_to_711-2C_as_mni_average_305_t4 2311
---------------------------------------------------------------------

freesurfer imgreg_4dfp.c
/opt/freesurfer/average/711-2C_as_mni_average_305.4dfp.img
       256       256       256         1
  1.000000  1.000000  1.000000
orientation T byte_order littleendian
Reading image: /opt/freesurfer/average/711-2C_as_mni_average_305.4dfp.img
dimensions:      256       256       256
mmppix:       1.0000   -1.0000   -1.0000
center:     128.0000 -129.0000 -129.0000
/opt/freesurfer/average/711-2B_as_mni_average_305_mask.4dfp.img
       256       256       256         1
  1.000000  1.000000  1.000000
orientation T byte_order littleendian
Reading mask: /opt/freesurfer/average/711-2B_as_mni_average_305_mask.4dfp.img (2306576 pixels)
talsrcimg_g11.4dfp.img
       256       256       256         1
  1.000000  1.000000  1.000000
orientation T byte_order littleendian
Reading image: talsrcimg_g11.4dfp.img
dimensions:      256       256       256
mmppix:       1.0000   -1.0000   -1.0000
center:     128.0000 -129.0000 -129.0000
fimgreg.f
image alignment mode   2311 decimal      907 hex
parameters
    3.3478    6.0622   10.8692   -7.5972   -4.8668    1.6536
    1.2076   -4.1315    1.2189   10.2956    1.8361  -19.0432
eta,q 0.97686 16.05059
niter,ni,del,rscale     5    3    5.0000    0.8000
parameters
    3.3605    6.0494   10.8115   -6.6318   -4.4476    2.5012
    1.1720   -3.9384    1.2343   10.1960    2.1945  -19.3925
eta,q 0.97725 16.15975
  0.0251  0.0245  0.0239  0.0254  0.0251  0.0248  0.0246  0.0256  0.0238  0.0245  0.0234  0.0234
  0.0240  0.0238  0.0234  0.0244  0.0241  0.0241  0.0236  0.0240  0.0232  0.0235  0.0231  0.0230
  0.0234  0.0233  0.0232  0.0236  0.0234  0.0235  0.0230  0.0231  0.0229  0.0229  0.0229  0.0228
  0.0231  0.0231  0.0231  0.0231  0.0230  0.0230  0.0228  0.0228  0.0228  0.0228  0.0228  0.0228
  0.0233  0.0233  0.0233  0.0230  0.0230  0.0227  0.0230  0.0230  0.0229  0.0230  0.0228  0.0229
  0.0240  0.0238  0.0235  0.0233  0.0235  0.0231  0.0236  0.0238  0.0232  0.0237  0.0229  0.0232
  0.0251  0.0246  0.0239  0.0242  0.0246  0.0241  0.0246  0.0252  0.0238  0.0246  0.0232  0.0236
niter,ni,del,rscale     4    3    5.0000    0.7000
parameters
    3.3225    5.9817   10.7885   -6.6886   -4.4633    2.6744
    1.1645   -4.0036    1.1646   10.1931    2.2963  -19.4577
eta,q 0.97728 16.16473
  0.0242  0.0238  0.0234  0.0242  0.0243  0.0242  0.0241  0.0247  0.0235  0.0242  0.0232  0.0233
  0.0234  0.0232  0.0230  0.0235  0.0235  0.0236  0.0234  0.0236  0.0231  0.0234  0.0229  0.0230
  0.0229  0.0228  0.0228  0.0230  0.0230  0.0231  0.0229  0.0229  0.0228  0.0229  0.0228  0.0228
  0.0228  0.0228  0.0228  0.0227  0.0228  0.0228  0.0227  0.0227  0.0227  0.0227  0.0227  0.0227
  0.0229  0.0229  0.0229  0.0228  0.0229  0.0227  0.0229  0.0230  0.0228  0.0229  0.0228  0.0228
  0.0235  0.0233  0.0231  0.0233  0.0234  0.0232  0.0234  0.0236  0.0231  0.0234  0.0229  0.0230
  0.0244  0.0240  0.0234  0.0245  0.0244  0.0243  0.0241  0.0248  0.0236  0.0241  0.0231  0.0233
niter,ni,del,rscale     3    3    5.0000    0.6000
parameters
    3.3200    5.9842   10.8074   -6.5748   -4.4619    2.8660
    1.1727   -3.9902    1.1448   10.1355    2.3163  -19.5566
eta,q 0.97731 16.17675
  0.0239  0.0236  0.0233  0.0238  0.0238  0.0239  0.0238  0.0242  0.0233  0.0238  0.0230  0.0231
  0.0232  0.0231  0.0229  0.0233  0.0233  0.0234  0.0232  0.0234  0.0230  0.0232  0.0228  0.0229
  0.0228  0.0228  0.0228  0.0229  0.0229  0.0230  0.0228  0.0229  0.0228  0.0228  0.0227  0.0227
  0.0227  0.0227  0.0227  0.0227  0.0227  0.0227  0.0227  0.0227  0.0227  0.0227  0.0227  0.0227
  0.0228  0.0228  0.0228  0.0227  0.0228  0.0227  0.0228  0.0228  0.0228  0.0228  0.0227  0.0228
  0.0232  0.0231  0.0230  0.0231  0.0232  0.0231  0.0232  0.0233  0.0230  0.0232  0.0228  0.0229
  0.0239  0.0236  0.0232  0.0238  0.0239  0.0238  0.0237  0.0242  0.0233  0.0238  0.0230  0.0231
niter,ni,del,rscale     2    3    5.0000    0.5000
parameters
    3.3143    5.9776   10.8205   -6.4670   -4.4573    3.0491
    1.1741   -3.9786    1.1114   10.0657    2.3436  -19.6332
eta,q 0.97733 16.18819
  0.0235  0.0233  0.0231  0.0235  0.0235  0.0236  0.0234  0.0237  0.0231  0.0234  0.0229  0.0230
  0.0230  0.0229  0.0228  0.0231  0.0231  0.0232  0.0230  0.0231  0.0229  0.0230  0.0228  0.0228
  0.0228  0.0228  0.0227  0.0228  0.0228  0.0229  0.0228  0.0228  0.0227  0.0227  0.0227  0.0227
  0.0227  0.0227  0.0227  0.0227  0.0227  0.0227  0.0227  0.0227  0.0227  0.0227  0.0227  0.0227
  0.0228  0.0228  0.0227  0.0227  0.0227  0.0227  0.0228  0.0228  0.0227  0.0228  0.0227  0.0227
  0.0231  0.0230  0.0229  0.0229  0.0230  0.0230  0.0230  0.0231  0.0229  0.0231  0.0228  0.0228
  0.0235  0.0233  0.0230  0.0235  0.0235  0.0235  0.0234  0.0237  0.0231  0.0235  0.0229  0.0230
niter,ni,del,rscale     1    3    5.0000    0.4000
parameters
    3.3071    5.9724   10.8409   -6.3727   -4.4530    3.1930
    1.1751   -3.9686    1.0781   10.0176    2.3530  -19.7248
eta,q 0.97734 16.19728
  0.0232  0.0231  0.0229  0.0232  0.0232  0.0233  0.0231  0.0233  0.0229  0.0232  0.0228  0.0228
  0.0229  0.0228  0.0228  0.0229  0.0229  0.0230  0.0229  0.0230  0.0228  0.0229  0.0227  0.0227
  0.0227  0.0227  0.0227  0.0228  0.0227  0.0228  0.0227  0.0227  0.0227  0.0227  0.0227  0.0227
  0.0227  0.0227  0.0227  0.0227  0.0227  0.0227  0.0227  0.0227  0.0227  0.0227  0.0227  0.0227
  0.0227  0.0227  0.0227  0.0227  0.0227  0.0227  0.0227  0.0227  0.0227  0.0227  0.0227  0.0227
  0.0229  0.0228  0.0228  0.0228  0.0229  0.0229  0.0229  0.0230  0.0228  0.0229  0.0227  0.0228
  0.0232  0.0231  0.0229  0.0232  0.0232  0.0232  0.0231  0.0233  0.0229  0.0232  0.0228  0.0229
registration optimization eta report
parameter search radius
    0.8000    0.8000    0.8000    2.4000    2.4000    2.4000
    2.4000    2.4000    2.4000    2.4000    2.4000    2.4000
100000*second partial in parameter space
       82.       61.       36.        9.        9.       10.
        8.       12.        5.        9.        2.        3.
  0.0232  0.0231  0.0229  0.0232  0.0232  0.0233  0.0231  0.0233  0.0229  0.0232  0.0228  0.0228
  0.0229  0.0228  0.0228  0.0229  0.0229  0.0230  0.0229  0.0230  0.0228  0.0229  0.0227  0.0227
  0.0227  0.0227  0.0227  0.0228  0.0227  0.0228  0.0227  0.0227  0.0227  0.0227  0.0227  0.0227
  0.0227  0.0227  0.0227  0.0227  0.0227  0.0227  0.0227  0.0227  0.0227  0.0227  0.0227  0.0227
  0.0227  0.0227  0.0227  0.0227  0.0227  0.0227  0.0227  0.0227  0.0227  0.0227  0.0227  0.0227
  0.0229  0.0228  0.0228  0.0228  0.0229  0.0229  0.0229  0.0230  0.0228  0.0229  0.0227  0.0228
  0.0232  0.0231  0.0229  0.0232  0.0232  0.0232  0.0231  0.0233  0.0229  0.0232  0.0228  0.0229
    3.3071    5.9724   10.8409   -6.3727   -4.4530    3.1930
    1.1751   -3.9686    1.0781   10.0176    2.3530  -19.7248
eta,q 0.97734 16.19728

---------------------------------------------------------------------
imgreg_4dfp /opt/freesurfer/average/711-2C_as_mni_average_305 /opt/freesurfer/average/711-2B_as_mni_average_305_mask talsrcimg_g11 none talsrcimg_to_711-2C_as_mni_average_305_t4 2311
---------------------------------------------------------------------

freesurfer imgreg_4dfp.c
/opt/freesurfer/average/711-2C_as_mni_average_305.4dfp.img
       256       256       256         1
  1.000000  1.000000  1.000000
orientation T byte_order littleendian
Reading image: /opt/freesurfer/average/711-2C_as_mni_average_305.4dfp.img
dimensions:      256       256       256
mmppix:       1.0000   -1.0000   -1.0000
center:     128.0000 -129.0000 -129.0000
/opt/freesurfer/average/711-2B_as_mni_average_305_mask.4dfp.img
       256       256       256         1
  1.000000  1.000000  1.000000
orientation T byte_order littleendian
Reading mask: /opt/freesurfer/average/711-2B_as_mni_average_305_mask.4dfp.img (2306576 pixels)
talsrcimg_g11.4dfp.img
       256       256       256         1
  1.000000  1.000000  1.000000
orientation T byte_order littleendian
Reading image: talsrcimg_g11.4dfp.img
dimensions:      256       256       256
mmppix:       1.0000   -1.0000   -1.0000
center:     128.0000 -129.0000 -129.0000
fimgreg.f
image alignment mode   2311 decimal      907 hex
parameters
    3.3071    5.9724   10.8409   -6.3727   -4.4530    3.1930
    1.1751   -3.9686    1.0781   10.0176    2.3530  -19.7248
eta,q 0.97734 16.19728
niter,ni,del,rscale     5    3    5.0000    0.8000
parameters
    3.3057    5.9748   10.9173   -6.8490   -4.6796    2.6664
    1.1967   -4.0974    1.0736   10.2839    2.1827  -19.4206
eta,q 0.97723 16.14631
  0.0248  0.0242  0.0237  0.0243  0.0245  0.0243  0.0246  0.0252  0.0238  0.0248  0.0232  0.0237
  0.0236  0.0233  0.0231  0.0235  0.0236  0.0236  0.0236  0.0238  0.0232  0.0237  0.0230  0.0231
  0.0229  0.0228  0.0228  0.0229  0.0230  0.0231  0.0230  0.0230  0.0229  0.0230  0.0228  0.0229
  0.0227  0.0227  0.0227  0.0227  0.0227  0.0227  0.0228  0.0228  0.0228  0.0228  0.0228  0.0228
  0.0229  0.0228  0.0228  0.0229  0.0229  0.0229  0.0230  0.0231  0.0229  0.0229  0.0228  0.0228
  0.0236  0.0234  0.0230  0.0238  0.0237  0.0238  0.0236  0.0239  0.0232  0.0235  0.0230  0.0230
  0.0248  0.0242  0.0235  0.0255  0.0251  0.0258  0.0246  0.0255  0.0238  0.0244  0.0233  0.0234
niter,ni,del,rscale     4    3    5.0000    0.7000
parameters
    3.3180    6.0018   10.8473   -6.6702   -4.5422    2.6898
    1.2143   -4.0074    1.1531   10.2109    2.2269  -19.4725
eta,q 0.97727 16.16194
  0.0243  0.0239  0.0234  0.0243  0.0243  0.0241  0.0242  0.0248  0.0236  0.0241  0.0231  0.0233
  0.0235  0.0233  0.0230  0.0236  0.0235  0.0236  0.0234  0.0237  0.0231  0.0233  0.0229  0.0230
  0.0229  0.0229  0.0228  0.0231  0.0230  0.0231  0.0229  0.0230  0.0228  0.0229  0.0228  0.0228
  0.0228  0.0228  0.0228  0.0228  0.0227  0.0227  0.0227  0.0227  0.0227  0.0227  0.0227  0.0227
  0.0229  0.0229  0.0229  0.0227  0.0228  0.0228  0.0229  0.0229  0.0228  0.0229  0.0228  0.0228
  0.0234  0.0232  0.0231  0.0232  0.0233  0.0233  0.0234  0.0235  0.0231  0.0234  0.0229  0.0230
  0.0243  0.0238  0.0235  0.0242  0.0242  0.0244  0.0241  0.0246  0.0235  0.0242  0.0231  0.0233
niter,ni,del,rscale     3    3    5.0000    0.6000
parameters
    3.3182    5.9865   10.8152   -6.5649   -4.4745    2.8678
    1.1849   -3.9847    1.1474   10.1417    2.3058  -19.5473
eta,q 0.97731 16.17665
  0.0239  0.0236  0.0232  0.0238  0.0239  0.0239  0.0237  0.0242  0.0233  0.0238  0.0230  0.0231
  0.0232  0.0231  0.0229  0.0233  0.0233  0.0234  0.0231  0.0234  0.0230  0.0232  0.0228  0.0229
  0.0228  0.0228  0.0228  0.0229  0.0229  0.0230  0.0228  0.0229  0.0228  0.0228  0.0227  0.0227
  0.0227  0.0227  0.0227  0.0227  0.0227  0.0227  0.0227  0.0227  0.0227  0.0227  0.0227  0.0227
  0.0228  0.0228  0.0228  0.0227  0.0228  0.0227  0.0228  0.0228  0.0228  0.0228  0.0227  0.0228
  0.0232  0.0231  0.0230  0.0231  0.0232  0.0231  0.0232  0.0233  0.0230  0.0232  0.0228  0.0229
  0.0239  0.0236  0.0232  0.0239  0.0239  0.0239  0.0238  0.0242  0.0233  0.0238  0.0230  0.0231
niter,ni,del,rscale     2    3    5.0000    0.5000
parameters
    3.3117    5.9793   10.8238   -6.4672   -4.4580    3.0481
    1.1697   -3.9765    1.1166   10.0669    2.3508  -19.6229
eta,q 0.97733 16.18804
  0.0235  0.0233  0.0231  0.0235  0.0235  0.0236  0.0234  0.0237  0.0231  0.0234  0.0229  0.0230
  0.0230  0.0229  0.0228  0.0231  0.0231  0.0232  0.0230  0.0231  0.0229  0.0230  0.0228  0.0228
  0.0228  0.0228  0.0227  0.0228  0.0228  0.0229  0.0228  0.0228  0.0227  0.0227  0.0227  0.0227
  0.0227  0.0227  0.0227  0.0227  0.0227  0.0227  0.0227  0.0227  0.0227  0.0227  0.0227  0.0227
  0.0228  0.0228  0.0227  0.0227  0.0227  0.0227  0.0228  0.0228  0.0227  0.0228  0.0227  0.0227
  0.0231  0.0230  0.0229  0.0230  0.0230  0.0230  0.0230  0.0231  0.0229  0.0231  0.0228  0.0228
  0.0235  0.0233  0.0230  0.0235  0.0235  0.0235  0.0234  0.0237  0.0231  0.0235  0.0229  0.0230
niter,ni,del,rscale     1    3    5.0000    0.4000
parameters
    3.3082    5.9713   10.8418   -6.3788   -4.4484    3.1961
    1.1747   -3.9658    1.0830   10.0197    2.3241  -19.7246
eta,q 0.97734 16.19722
  0.0232  0.0231  0.0229  0.0232  0.0232  0.0233  0.0231  0.0233  0.0229  0.0232  0.0228  0.0228
  0.0229  0.0228  0.0228  0.0229  0.0229  0.0230  0.0229  0.0230  0.0228  0.0229  0.0227  0.0227
  0.0227  0.0227  0.0227  0.0228  0.0227  0.0228  0.0227  0.0227  0.0227  0.0227  0.0227  0.0227
  0.0227  0.0227  0.0227  0.0227  0.0227  0.0227  0.0227  0.0227  0.0227  0.0227  0.0227  0.0227
  0.0227  0.0227  0.0227  0.0227  0.0227  0.0227  0.0227  0.0227  0.0227  0.0227  0.0227  0.0227
  0.0229  0.0228  0.0228  0.0228  0.0229  0.0229  0.0229  0.0230  0.0228  0.0229  0.0227  0.0228
  0.0232  0.0231  0.0229  0.0232  0.0232  0.0232  0.0231  0.0233  0.0229  0.0232  0.0228  0.0229
registration optimization eta report
parameter search radius
    0.8000    0.8000    0.8000    2.4000    2.4000    2.4000
    2.4000    2.4000    2.4000    2.4000    2.4000    2.4000
100000*second partial in parameter space
       82.       61.       36.        9.        9.       10.
        8.       12.        5.        9.        2.        3.
  0.0232  0.0231  0.0229  0.0232  0.0232  0.0233  0.0231  0.0233  0.0229  0.0232  0.0228  0.0228
  0.0229  0.0228  0.0228  0.0229  0.0229  0.0230  0.0229  0.0230  0.0228  0.0229  0.0227  0.0227
  0.0227  0.0227  0.0227  0.0228  0.0227  0.0228  0.0227  0.0227  0.0227  0.0227  0.0227  0.0227
  0.0227  0.0227  0.0227  0.0227  0.0227  0.0227  0.0227  0.0227  0.0227  0.0227  0.0227  0.0227
  0.0227  0.0227  0.0227  0.0227  0.0227  0.0227  0.0227  0.0227  0.0227  0.0227  0.0227  0.0227
  0.0229  0.0228  0.0228  0.0228  0.0229  0.0229  0.0229  0.0230  0.0228  0.0229  0.0227  0.0228
  0.0232  0.0231  0.0229  0.0232  0.0232  0.0232  0.0231  0.0233  0.0229  0.0232  0.0228  0.0229
    3.3082    5.9713   10.8418   -6.3788   -4.4484    3.1961
    1.1747   -3.9658    1.0830   10.0197    2.3241  -19.7246
eta,q 0.97734 16.19722

---------------------------------------------------------------------
compute_vox2vox talsrcimg talsrcimg_to_711-2C_as_mni_average_305_t4 /opt/freesurfer/average/711-2C_as_mni_average_305
---------------------------------------------------------------------

freesurfer compute_vox2vox.c
Reading: talsrcimg.4dfp.ifh
Reading: talsrcimg_to_711-2C_as_mni_average_305_t4
Reading: /opt/freesurfer/average/711-2C_as_mni_average_305.4dfp.ifh
Writing: talsrcimg_to_711-2C_as_mni_average_305_t4_vox2vox.txt

start time Mon Mar 9 12:13:35 CET 2026
end		time Mon Mar 9 12:15:08 CET 2026

mpr2mni305 success

avi2talxfm orig_nu.mgz /opt/freesurfer/average/mni305.cor.mgz talsrcimg_to_711-2C_as_mni_average_305_t4_vox2vox.txt transforms/talairach.auto.xfm
avi2talxfm done
mv -f /out/sourcedata/freesurfer/sub-v1s22x0050446_ses-1/mri/talsrcimg_to_711-2C_as_mni_average_305_t4_vox2vox.txt /out/sourcedata/freesurfer/sub-v1s22x0050446_ses-1/mri/transforms/talsrcimg_to_711-2C_as_mni_average_305_t4_vox2vox.txt
lta_convert --src orig_nu.mgz --trg /opt/freesurfer/average/mni305.cor.mgz --inxfm transforms/talairach.auto.xfm --outlta transforms/talairach.auto.xfm.lta --subject fsaverage
7.3.2

--src: orig_nu.mgz src image (geometry).
--trg: /opt/freesurfer/average/mni305.cor.mgz trg image (geometry).
--inmni: transforms/talairach.auto.xfm input MNI/XFM transform.
--outlta: transforms/talairach.auto.xfm.lta output LTA.
--s: fsaverage subject name
 LTA read, type : 1
 1.06716   0.04145  -0.00456  -5.51441;
-0.02583   0.94898   0.19622  -58.11568;
-0.00939  -0.09998   1.02603  -20.00333;
 0.00000   0.00000   0.00000   1.00000;
setting subject to fsaverage
Writing  LTA to file transforms/talairach.auto.xfm.lta...
lta_convert successful.
 
 
Started at Mon Mar 9 12:13:35 CET 2026
Ended   at Mon Mar  9 12:15:08 CET 2026
talairach_avi done
