status file for recon-all
Mon Mar  9 15:52:54 CET 2026
#@# MotionCor Mon Mar  9 15:53:00 CET 2026
#@# Talairach Mon Mar  9 15:53:10 CET 2026
#@# Talairach Failure Detection Mon Mar  9 15:56:01 CET 2026
#@# Nu Intensity Correction Mon Mar  9 15:56:01 CET 2026
#@# Intensity Normalization Mon Mar  9 15:58:48 CET 2026
recon-all -s sub-v1s22x0050506_ses-1 finished without error at Mon Mar  9 15:59:54 CET 2026



#New# invocation of recon-all 



status file for recon-all
Mon Mar  9 16:09:02 CET 2026
#@# EM Registration Mon Mar  9 16:09:02 CET 2026
recon-all -s sub-v1s22x0050506_ses-1 finished without error at Mon Mar  9 16:10:16 CET 2026



#New# invocation of recon-all 



status file for recon-all
Mon Mar  9 16:10:18 CET 2026
#@# CA Normalize Mon Mar  9 16:10:18 CET 2026
#@# CA Reg Mon Mar  9 16:11:12 CET 2026
#@# SubCort Seg Mon Mar  9 16:49:57 CET 2026
#@# CC Seg Mon Mar  9 17:10:08 CET 2026
#@# Merge ASeg Mon Mar  9 17:10:24 CET 2026
#@# Intensity Normalization2 Mon Mar  9 17:10:24 CET 2026
#@# Mask BFS Mon Mar  9 17:11:55 CET 2026
#@# WM Segmentation Mon Mar  9 17:11:56 CET 2026
#@# Fill Mon Mar  9 17:13:28 CET 2026
recon-all -s sub-v1s22x0050506_ses-1 finished without error at Mon Mar  9 17:14:05 CET 2026



#New# invocation of recon-all 



status file for recon-all
Mon Mar  9 17:56:29 CET 2026
#@# white curv lh Mon Mar  9 17:56:29 CET 2026
#@# white area lh Mon Mar  9 17:56:29 CET 2026
#@# pial curv lh Mon Mar  9 17:56:29 CET 2026
#@# pial area lh Mon Mar  9 17:56:29 CET 2026
#@# thickness lh Mon Mar  9 17:56:29 CET 2026
#@# area and vertex vol lh Mon Mar  9 17:56:29 CET 2026
#@# white curv rh Mon Mar  9 17:56:29 CET 2026
#@# white area rh Mon Mar  9 17:56:29 CET 2026
#@# pial curv rh Mon Mar  9 17:56:29 CET 2026
#@# pial area rh Mon Mar  9 17:56:29 CET 2026
#@# thickness rh Mon Mar  9 17:56:29 CET 2026
#@# area and vertex vol rh Mon Mar  9 17:56:29 CET 2026
#@# Cortical ribbon mask Mon Mar  9 17:56:29 CET 2026
recon-all -s sub-v1s22x0050506_ses-1 finished without error at Mon Mar  9 18:01:37 CET 2026



#New# invocation of recon-all 



status file for recon-all
Mon Mar  9 18:07:09 CET 2026
#@# white curv lh Mon Mar  9 18:07:10 CET 2026
#@# white area lh Mon Mar  9 18:07:10 CET 2026
#@# pial curv lh Mon Mar  9 18:07:10 CET 2026
#@# pial area lh Mon Mar  9 18:07:10 CET 2026
#@# thickness lh Mon Mar  9 18:07:10 CET 2026
#@# area and vertex vol lh Mon Mar  9 18:07:10 CET 2026
#@# white curv rh Mon Mar  9 18:07:10 CET 2026
#@# white area rh Mon Mar  9 18:07:10 CET 2026
#@# pial curv rh Mon Mar  9 18:07:10 CET 2026
#@# pial area rh Mon Mar  9 18:07:10 CET 2026
#@# thickness rh Mon Mar  9 18:07:10 CET 2026
#@# area and vertex vol rh Mon Mar  9 18:07:10 CET 2026
#@# Curvature Stats lh Mon Mar  9 18:07:10 CET 2026
#@# Curvature Stats rh Mon Mar  9 18:07:12 CET 2026
#@# Relabel Hypointensities Mon Mar  9 18:07:14 CET 2026
#@# APas-to-ASeg Mon Mar  9 18:07:24 CET 2026
#@# AParc-to-ASeg aparc Mon Mar  9 18:07:31 CET 2026
#@# AParc-to-ASeg aparc.a2009s Mon Mar  9 18:07:58 CET 2026
#@# AParc-to-ASeg aparc.DKTatlas Mon Mar  9 18:08:25 CET 2026
#@# WMParc Mon Mar  9 18:08:54 CET 2026
#@# ASeg Stats Mon Mar  9 18:11:30 CET 2026
recon-all -s sub-v1s22x0050506_ses-1 finished without error at Mon Mar  9 18:11:49 CET 2026
