status file for recon-all
Mon Mar  9 13:50:26 CET 2026
#@# Tessellate rh Mon Mar  9 13:50:26 CET 2026
#@# Smooth1 rh Mon Mar  9 13:50:28 CET 2026
#@# Inflation1 rh Mon Mar  9 13:50:31 CET 2026
#@# QSphere rh Mon Mar  9 13:50:44 CET 2026
#@# Fix Topology rh Mon Mar  9 13:52:06 CET 2026
#@# Smooth2 rh Mon Mar  9 13:57:23 CET 2026
#@# Inflation2 rh Mon Mar  9 13:57:25 CET 2026
#@# Curv .H and .K rh Mon Mar  9 13:57:40 CET 2026
#@# Sphere rh Mon Mar  9 13:58:20 CET 2026
#@# Surf Reg rh Mon Mar  9 14:01:05 CET 2026
#@# Jacobian white rh Mon Mar  9 14:04:59 CET 2026
#@# AvgCurv rh Mon Mar  9 14:05:00 CET 2026
#@# Cortical Parc rh Mon Mar  9 14:05:01 CET 2026
#@# white curv rh Mon Mar  9 14:11:33 CET 2026
#@# white area rh Mon Mar  9 14:11:35 CET 2026
#@# pial curv rh Mon Mar  9 14:11:35 CET 2026
#@# pial area rh Mon Mar  9 14:11:37 CET 2026
#@# thickness rh Mon Mar  9 14:11:38 CET 2026
#@# area and vertex vol rh Mon Mar  9 14:11:58 CET 2026
#@# Curvature Stats rh Mon Mar  9 14:12:00 CET 2026
#@# Cortical Parc 2 rh Mon Mar  9 14:12:02 CET 2026
#@# Cortical Parc 3 rh Mon Mar  9 14:12:13 CET 2026
#@# WM/GM Contrast rh Mon Mar  9 14:12:21 CET 2026
recon-all -s sub-v1s22x0050440_ses-1 finished without error at Mon Mar  9 14:12:25 CET 2026



#New# invocation of recon-all 



status file for recon-all
Mon Mar  9 14:20:08 CET 2026
#@# white curv rh Mon Mar  9 14:20:08 CET 2026
#@# white area rh Mon Mar  9 14:20:08 CET 2026
#@# pial curv rh Mon Mar  9 14:20:08 CET 2026
#@# pial area rh Mon Mar  9 14:20:08 CET 2026
#@# thickness rh Mon Mar  9 14:20:08 CET 2026
#@# area and vertex vol rh Mon Mar  9 14:20:08 CET 2026
#@# Parcellation Stats rh Mon Mar  9 14:20:08 CET 2026
#@# Parcellation Stats 2 rh Mon Mar  9 14:20:24 CET 2026
#@# Parcellation Stats 3 rh Mon Mar  9 14:20:34 CET 2026
#@# BA_exvivo Labels rh Mon Mar  9 14:20:42 CET 2026
recon-all -s sub-v1s22x0050440_ses-1 finished without error at Mon Mar  9 14:22:58 CET 2026
