status file for recon-all
Mon Mar  9 17:16:41 CET 2026
#@# Tessellate lh Mon Mar  9 17:16:41 CET 2026
#@# Smooth1 lh Mon Mar  9 17:16:44 CET 2026
#@# Inflation1 lh Mon Mar  9 17:16:47 CET 2026
#@# QSphere lh Mon Mar  9 17:17:01 CET 2026
#@# Fix Topology lh Mon Mar  9 17:18:02 CET 2026
#@# Smooth2 lh Mon Mar  9 17:24:11 CET 2026
#@# Inflation2 lh Mon Mar  9 17:24:14 CET 2026
#@# Curv .H and .K lh Mon Mar  9 17:24:28 CET 2026
#@# Sphere lh Mon Mar  9 17:25:18 CET 2026
#@# Surf Reg lh Mon Mar  9 17:28:22 CET 2026
#@# Jacobian white lh Mon Mar  9 17:32:30 CET 2026
#@# AvgCurv lh Mon Mar  9 17:32:30 CET 2026
#@# Cortical Parc lh Mon Mar  9 17:32:31 CET 2026
#@# white curv lh Mon Mar  9 17:39:12 CET 2026
#@# white area lh Mon Mar  9 17:39:14 CET 2026
#@# pial curv lh Mon Mar  9 17:39:15 CET 2026
#@# pial area lh Mon Mar  9 17:39:17 CET 2026
#@# thickness lh Mon Mar  9 17:39:18 CET 2026
#@# area and vertex vol lh Mon Mar  9 17:39:48 CET 2026
#@# Curvature Stats lh Mon Mar  9 17:39:50 CET 2026
#@# Cortical Parc 2 lh Mon Mar  9 17:39:52 CET 2026
#@# Cortical Parc 3 lh Mon Mar  9 17:40:06 CET 2026
#@# WM/GM Contrast lh Mon Mar  9 17:40:17 CET 2026
recon-all -s sub-v1s22x0050493_ses-1 finished without error at Mon Mar  9 17:40:23 CET 2026



#New# invocation of recon-all 



status file for recon-all
Mon Mar  9 18:09:43 CET 2026
#@# white curv lh Mon Mar  9 18:09:43 CET 2026
#@# white area lh Mon Mar  9 18:09:43 CET 2026
#@# pial curv lh Mon Mar  9 18:09:43 CET 2026
#@# pial area lh Mon Mar  9 18:09:43 CET 2026
#@# thickness lh Mon Mar  9 18:09:43 CET 2026
#@# area and vertex vol lh Mon Mar  9 18:09:43 CET 2026
#@# Parcellation Stats lh Mon Mar  9 18:09:43 CET 2026
#@# Parcellation Stats 2 lh Mon Mar  9 18:10:03 CET 2026
#@# Parcellation Stats 3 lh Mon Mar  9 18:10:13 CET 2026
#@# BA_exvivo Labels lh Mon Mar  9 18:10:22 CET 2026
recon-all -s sub-v1s22x0050493_ses-1 finished without error at Mon Mar  9 18:12:58 CET 2026
