status file for recon-all
Mon Mar  9 18:06:19 CET 2026
#@# Tessellate rh Mon Mar  9 18:06:19 CET 2026
#@# Smooth1 rh Mon Mar  9 18:06:23 CET 2026
#@# Inflation1 rh Mon Mar  9 18:06:26 CET 2026
#@# QSphere rh Mon Mar  9 18:06:40 CET 2026
#@# Fix Topology rh Mon Mar  9 18:07:46 CET 2026
#@# Smooth2 rh Mon Mar  9 18:14:25 CET 2026
#@# Inflation2 rh Mon Mar  9 18:14:28 CET 2026
#@# Curv .H and .K rh Mon Mar  9 18:14:45 CET 2026
#@# Sphere rh Mon Mar  9 18:15:38 CET 2026
#@# Surf Reg rh Mon Mar  9 18:18:32 CET 2026
#@# Jacobian white rh Mon Mar  9 18:23:25 CET 2026
#@# AvgCurv rh Mon Mar  9 18:23:26 CET 2026
#@# Cortical Parc rh Mon Mar  9 18:23:27 CET 2026
#@# white curv rh Mon Mar  9 18:30:18 CET 2026
#@# white area rh Mon Mar  9 18:30:19 CET 2026
#@# pial curv rh Mon Mar  9 18:30:20 CET 2026
#@# pial area rh Mon Mar  9 18:30:22 CET 2026
#@# thickness rh Mon Mar  9 18:30:23 CET 2026
#@# area and vertex vol rh Mon Mar  9 18:30:55 CET 2026
#@# Curvature Stats rh Mon Mar  9 18:30:57 CET 2026
#@# Cortical Parc 2 rh Mon Mar  9 18:31:00 CET 2026
#@# Cortical Parc 3 rh Mon Mar  9 18:31:15 CET 2026
#@# WM/GM Contrast rh Mon Mar  9 18:31:27 CET 2026
recon-all -s sub-v1s22x0050502_ses-1 finished without error at Mon Mar  9 18:31:32 CET 2026



#New# invocation of recon-all 



status file for recon-all
Mon Mar  9 18:41:19 CET 2026
#@# white curv rh Mon Mar  9 18:41:19 CET 2026
#@# white area rh Mon Mar  9 18:41:19 CET 2026
#@# pial curv rh Mon Mar  9 18:41:19 CET 2026
#@# pial area rh Mon Mar  9 18:41:19 CET 2026
#@# thickness rh Mon Mar  9 18:41:19 CET 2026
#@# area and vertex vol rh Mon Mar  9 18:41:19 CET 2026
#@# Parcellation Stats rh Mon Mar  9 18:41:19 CET 2026
#@# Parcellation Stats 2 rh Mon Mar  9 18:41:42 CET 2026
#@# Parcellation Stats 3 rh Mon Mar  9 18:41:54 CET 2026
#@# BA_exvivo Labels rh Mon Mar  9 18:42:05 CET 2026
recon-all -s sub-v1s22x0050502_ses-1 finished without error at Mon Mar  9 18:44:55 CET 2026
