/out/sourcedata/freesurfer/sub-v1s22x0050529_ses-1/mri
/opt/freesurfer/bin/talairach_avi
--i orig_nu.mgz --xfm transforms/talairach.auto.xfm
talairach_avi 7.3.2
Linux dna020 5.14.0-427.37.1.el9_4.x86_64 #1 SMP PREEMPT_DYNAMIC Fri Sep 13 12:41:50 EDT 2024 x86_64 x86_64 x86_64 GNU/Linux
Mon Mar  9 16:47:45 CET 2026
mri_convert orig_nu.mgz talsrcimg.img 
reading from orig_nu.mgz...
TR=0.00, TE=0.00, TI=0.00, flip angle=0.00
i_ras = (-1, 0, 0)
j_ras = (0, 0, -1)
k_ras = (0, 1, 0)
writing to talsrcimg.img...
Analyze Output Matrix
-1.00000   0.00000   0.00000   128.82437;
 0.00000   0.00000   1.00000  -87.81554;
 0.00000  -1.00000   0.00000   134.80508;
 0.00000   0.00000   0.00000   1.00000;
--------------------
INFO: set hdr.hist.orient to -1
mpr2mni305 talsrcimg
Mon Mar  9 16:47:45 CET 2026
/opt/freesurfer/bin/mpr2mni305 talsrcimg
mpr2mni305 7.3.2
target=711-2C_as_mni_average_305

---------------------------------------------------------------------
analyzeto4dfp talsrcimg -O0 -y
---------------------------------------------------------------------

freesurfer ifh2hdr.c
Mon Mar  9 16:47:46 2026
Writing: talsrcimg.4dfp.hdr
freesurfer analyzeto4dfp.c
Reading: talsrcimg.hdr
header size 348 bytes
hdr.dime.datatype	offset=70	value=2
hdr.dime.bitpix		offset=72	value=8
hdr.hist.orient		offset=252	value=-1
dimensionality     4
dimensions       256       256       256         1
Reading: talsrcimg.img
Writing: talsrcimg.4dfp.img
Writing: talsrcimg.4dfp.ifh
ifh2hdr talsrcimg -r0to182
ori=2

---------------------------------------------------------------------
gauss_4dfp talsrcimg 1.1
---------------------------------------------------------------------

freesurfer gauss_4dfp.c
Reading: talsrcimg.4dfp.img
Writing: talsrcimg_g11.4dfp.img
image dimensions 256 256 256 padded to 288 288 288
processing volume 1freesurfer ifh2hdr.c
Mon Mar  9 16:47:47 2026
Writing: talsrcimg_g11.4dfp.hdr

Writing: talsrcimg_g11.4dfp.ifh
including: talsrcimg.4dfp.img.rec in talsrcimg_g11.4dfp.img.rec

---------------------------------------------------------------------
imgreg_4dfp /opt/freesurfer/average/711-2C_as_mni_average_305 none talsrcimg_g11 none talsrcimg_to_711-2C_as_mni_average_305_t4 4355
---------------------------------------------------------------------

freesurfer imgreg_4dfp.c
/opt/freesurfer/average/711-2C_as_mni_average_305.4dfp.img
       256       256       256         1
  1.000000  1.000000  1.000000
orientation T byte_order littleendian
Reading image: /opt/freesurfer/average/711-2C_as_mni_average_305.4dfp.img
dimensions:      256       256       256
mmppix:       1.0000   -1.0000   -1.0000
center:     128.0000 -129.0000 -129.0000
talsrcimg_g11.4dfp.img
       256       256       256         1
  1.000000  1.000000  1.000000
orientation T byte_order littleendian
Reading image: talsrcimg_g11.4dfp.img
dimensions:      256       256       256
mmppix:       1.0000   -1.0000   -1.0000
center:     128.0000 -129.0000 -129.0000
t4_read: open error in t4_sub.f l:  41 t4_file(1:l)talsrcimg_to_711-2C_as_mni_average_305_t4 
t4_read: transform initialized to I4
rotation matrix determinant  1.000000
image alignment mode   4355 decimal     1103 hex
   -7.5000  -45.0000  -45.0000 6203.2866   22.4832
    0.0000  -45.0000  -45.0000 6440.0410   22.4649
    7.5000  -45.0000  -45.0000 6135.6260   22.4700
   -7.5000  -37.5000  -45.0000 6741.9688   21.8172
    0.0000  -37.5000  -45.0000 6988.7241   21.7821
    7.5000  -37.5000  -45.0000 6635.5776   21.7814
   -7.5000  -30.0000  -45.0000 7561.6553   21.2842
    0.0000  -30.0000  -45.0000 7838.1182   21.2264
    7.5000  -30.0000  -45.0000 7402.2256   21.2072
   -7.5000  -22.5000  -45.0000 8446.0967   20.9233
    0.0000  -22.5000  -45.0000 8767.1348   20.8642
    7.5000  -22.5000  -45.0000 8248.6260   20.8356
   -7.5000  -15.0000  -45.0000 9377.5811   20.8535
    0.0000  -15.0000  -45.0000 9754.2422   20.8127
    7.5000  -15.0000  -45.0000 9169.0713   20.7909
   -7.5000   -7.5000  -45.000010316.5479   20.8079
    0.0000   -7.5000  -45.000010751.7051   20.7888
    7.5000   -7.5000  -45.000010093.5059   20.7865
   -7.5000    0.0000  -45.000011128.0332   20.7901
    0.0000    0.0000  -45.000011609.6992   20.7783
    7.5000    0.0000  -45.000010871.8145   20.7885
   -7.5000    7.5000  -45.000011130.1328   20.7645
    0.0000    7.5000  -45.000011557.6094   20.7352
    7.5000    7.5000  -45.000010802.7412   20.7378
   -7.5000   15.0000  -45.000011010.8701   20.7568
    0.0000   15.0000  -45.000011430.4414   20.7028
    7.5000   15.0000  -45.000010630.4326   20.6870
   -7.5000   22.5000  -45.000010897.2383   20.7789
    0.0000   22.5000  -45.000011285.2363   20.7205
    7.5000   22.5000  -45.000010484.6777   20.6934
   -7.5000   30.0000  -45.000010584.6240   20.5297
    0.0000   30.0000  -45.000010944.1660   20.4894
    7.5000   30.0000  -45.000010188.8252   20.4684
   -7.5000   37.5000  -45.000010473.5850   20.5303
    0.0000   37.5000  -45.000010869.8857   20.5114
    7.5000   37.5000  -45.000010120.3926   20.5091
   -7.5000   45.0000  -45.0000 9951.2979   19.9921
    0.0000   45.0000  -45.000010337.4844   19.9808
    7.5000   45.0000  -45.0000 9648.9287   19.9906
   -7.5000  -45.0000  -37.5000 6499.3828   22.1659
    0.0000  -45.0000  -37.5000 6739.0474   22.1501
    7.5000  -45.0000  -37.5000 6391.6504   22.1564
   -7.5000  -37.5000  -37.5000 7071.6128   21.5209
    0.0000  -37.5000  -37.5000 7312.9434   21.4856
    7.5000  -37.5000  -37.5000 6920.8447   21.4877
   -7.5000  -30.0000  -37.5000 7937.4023   20.9966
    0.0000  -30.0000  -37.5000 8223.0938   20.9393
    7.5000  -30.0000  -37.5000 7765.4302   20.9260
   -7.5000  -22.5000  -37.5000 8884.5576   20.6329
    0.0000  -22.5000  -37.5000 9208.9365   20.5767
    7.5000  -22.5000  -37.5000 8665.9561   20.5538
   -7.5000  -15.0000  -37.5000 9894.1484   20.5584
    0.0000  -15.0000  -37.500010263.7695   20.5228
    7.5000  -15.0000  -37.5000 9653.3457   20.5043
   -7.5000   -7.5000  -37.500010899.4248   20.5198
    0.0000   -7.5000  -37.500011318.8242   20.5055
    7.5000   -7.5000  -37.500010618.4229   20.5040
   -7.5000    0.0000  -37.500011777.4297   20.5118
    0.0000    0.0000  -37.500012235.7861   20.5019
    7.5000    0.0000  -37.500011445.5654   20.5125
   -7.5000    7.5000  -37.500011761.3047   20.4919
    0.0000    7.5000  -37.500012166.1973   20.4622
    7.5000    7.5000  -37.500011357.8867   20.4674
   -7.5000   15.0000  -37.500011589.6445   20.4810
    0.0000   15.0000  -37.500011992.2441   20.4272
    7.5000   15.0000  -37.500011174.7422   20.4169
   -7.5000   22.5000  -37.500011437.9502   20.4921
    0.0000   22.5000  -37.500011806.5693   20.4365
    7.5000   22.5000  -37.500010975.1016   20.4150
   -7.5000   30.0000  -37.500011121.2197   20.2401
    0.0000   30.0000  -37.500011479.2061   20.2048
    7.5000   30.0000  -37.500010674.3281   20.1870
   -7.5000   37.5000  -37.500011002.4014   20.2460
    0.0000   37.5000  -37.500011391.6826   20.2319
    7.5000   37.5000  -37.500010591.2480   20.2304
   -7.5000   45.0000  -37.500010457.7344   19.7245
    0.0000   45.0000  -37.500010836.1699   19.7150
    7.5000   45.0000  -37.500010095.3066   19.7252
   -7.5000  -45.0000  -30.0000 6909.0781   22.9820
    0.0000  -45.0000  -30.0000 7162.8296   22.9640
    7.5000  -45.0000  -30.0000 6779.6641   22.9862
   -7.5000  -37.5000  -30.0000 7544.3267   22.3143
    0.0000  -37.5000  -30.0000 7806.3511   22.2759
    7.5000  -37.5000  -30.0000 7370.7998   22.2939
   -7.5000  -30.0000  -30.0000 8484.3623   21.7777
    0.0000  -30.0000  -30.0000 8790.3398   21.7170
    7.5000  -30.0000  -30.0000 8298.0234   21.7168
   -7.5000  -22.5000  -30.0000 9507.2197   21.4032
    0.0000  -22.5000  -30.0000 9845.1426   21.3447
    7.5000  -22.5000  -30.0000 9269.3672   21.3318
   -7.5000  -15.0000  -30.000010592.2012   21.3245
    0.0000  -15.0000  -30.000010958.7646   21.2878
    7.5000  -15.0000  -30.000010303.2666   21.2779
   -7.5000   -7.5000  -30.000011665.7568   21.2819
    0.0000   -7.5000  -30.000012083.2559   21.2664
    7.5000   -7.5000  -30.000011347.3379   21.2753
   -7.5000    0.0000  -30.000012659.9648   21.2689
    0.0000    0.0000  -30.000013114.7100   21.2566
    7.5000    0.0000  -30.000012256.6416   21.2807
   -7.5000    7.5000  -30.000012639.1689   21.2488
    0.0000    7.5000  -30.000013043.3428   21.2160
    7.5000    7.5000  -30.000012161.2188   21.2354
   -7.5000   15.0000  -30.000012443.1611   21.2429
    0.0000   15.0000  -30.000012823.1797   21.1860
    7.5000   15.0000  -30.000011934.6279   21.1880
   -7.5000   22.5000  -30.000012261.4834   21.2544
    0.0000   22.5000  -30.000012596.4619   21.1966
    7.5000   22.5000  -30.000011724.3135   21.1850
   -7.5000   30.0000  -30.000011904.4941   20.9965
    0.0000   30.0000  -30.000012247.7012   20.9602
    7.5000   30.0000  -30.000011401.1436   20.9509
   -7.5000   37.5000  -30.000011764.5664   21.0000
    0.0000   37.5000  -30.000012144.9766   20.9846
    7.5000   37.5000  -30.000011297.7119   20.9934
   -7.5000   45.0000  -30.000011184.6357   20.4676
    0.0000   45.0000  -30.000011547.0010   20.4558
    7.5000   45.0000  -30.000010730.5664   20.4790
   -7.5000  -45.0000  -22.5000 7317.2363   23.7393
    0.0000  -45.0000  -22.5000 7585.0532   23.7168
    7.5000  -45.0000  -22.5000 7191.4326   23.7510
   -7.5000  -37.5000  -22.5000 8005.8706   23.0454
    0.0000  -37.5000  -22.5000 8300.1025   23.0049
    7.5000  -37.5000  -22.5000 7866.1816   23.0336
   -7.5000  -30.0000  -22.5000 9054.3672   22.5034
    0.0000  -30.0000  -22.5000 9383.9727   22.4406
    7.5000  -30.0000  -22.5000 8870.0166   22.4464
   -7.5000  -22.5000  -22.500010139.7432   22.1306
    0.0000  -22.5000  -22.500010499.8301   22.0686
    7.5000  -22.5000  -22.5000 9901.5684   22.0594
   -7.5000  -15.0000  -22.500011263.8652   22.0518
    0.0000  -15.0000  -22.500011660.1631   22.0093
    7.5000  -15.0000  -22.500010991.4824   22.0038
   -7.5000   -7.5000  -22.500012423.7100   21.9953
    0.0000   -7.5000  -22.500012872.8057   21.9737
    7.5000   -7.5000  -22.500012109.7676   21.9901
   -7.5000    0.0000  -22.500013545.4609   21.9666
    0.0000    0.0000  -22.500014000.4600   21.9500
    7.5000    0.0000  -22.500013120.0127   21.9845
   -7.5000    7.5000  -22.500013522.5781   21.9443
    0.0000    7.5000  -22.500013950.1338   21.9092
    7.5000    7.5000  -22.500013020.5439   21.9382
   -7.5000   15.0000  -22.500013323.7988   21.9503
    0.0000   15.0000  -22.500013700.9521   21.8915
    7.5000   15.0000  -22.500012771.0010   21.8992
   -7.5000   22.5000  -22.500013121.0420   21.9742
    0.0000   22.5000  -22.500013451.4727   21.9128
    7.5000   22.5000  -22.500012525.6797   21.9048
   -7.5000   30.0000  -22.500012732.4014   21.7156
    0.0000   30.0000  -22.500013091.3760   21.6736
    7.5000   30.0000  -22.500012171.6182   21.6686
   -7.5000   37.5000  -22.500012576.2891   21.7072
    0.0000   37.5000  -22.500012937.2500   21.6859
    7.5000   37.5000  -22.500012031.3027   21.7021
   -7.5000   45.0000  -22.500011918.1475   21.1549
    0.0000   45.0000  -22.500012261.5791   21.1389
    7.5000   45.0000  -22.500011411.6279   21.1721
   -7.5000  -45.0000  -15.0000 7703.8271   24.3086
    0.0000  -45.0000  -15.0000 7991.2964   24.2831
    7.5000  -45.0000  -15.0000 7602.5562   24.3169
   -7.5000  -37.5000  -15.0000 8467.2393   23.5932
    0.0000  -37.5000  -15.0000 8780.0771   23.5527
    7.5000  -37.5000  -15.0000 8331.5322   23.5794
   -7.5000  -30.0000  -15.0000 9599.4443   23.0434
    0.0000  -30.0000  -15.0000 9937.3086   22.9795
    7.5000  -30.0000  -15.0000 9375.6553   22.9799
   -7.5000  -22.5000  -15.000010738.3271   22.6735
    0.0000  -22.5000  -15.000011093.5732   22.6077
    7.5000  -22.5000  -15.000010456.7881   22.5921
   -7.5000  -15.0000  -15.000011894.1182   22.5981
    0.0000  -15.0000  -15.000012284.6729   22.5493
    7.5000  -15.0000  -15.000011592.2461   22.5395
   -7.5000   -7.5000  -15.000013148.9043   22.5332
    0.0000   -7.5000  -15.000013586.2852   22.5058
    7.5000   -7.5000  -15.000012785.5684   22.5209
   -7.5000    0.0000  -15.000014411.9131   22.4937
    0.0000    0.0000  -15.000014882.7334   22.4747
    7.5000    0.0000  -15.000013953.5850   22.5093
   -7.5000    7.5000  -15.000014430.4297   22.4674
    0.0000    7.5000  -15.000014894.1729   22.4321
    7.5000    7.5000  -15.000013882.8398   22.4592
   -7.5000   15.0000  -15.000014248.8457   22.4784
    0.0000   15.0000  -15.000014626.4492   22.4185
    7.5000   15.0000  -15.000013634.7646   22.4212
   -7.5000   22.5000  -15.000014017.3652   22.5121
    0.0000   22.5000  -15.000014325.2559   22.4470
    7.5000   22.5000  -15.000013355.6279   22.4327
   -7.5000   30.0000  -15.000013630.7305   22.2564
    0.0000   30.0000  -15.000013957.8389   22.2081
    7.5000   30.0000  -15.000012980.3271   22.1990
   -7.5000   37.5000  -15.000013468.6279   22.2412
    0.0000   37.5000  -15.000013804.2607   22.2141
    7.5000   37.5000  -15.000012823.5957   22.2291
   -7.5000   45.0000  -15.000012664.7178   21.6756
    0.0000   45.0000  -15.000013003.6357   21.6573
    7.5000   45.0000  -15.000012090.5732   21.6906
   -7.5000  -45.0000   -7.5000 8158.6406   24.6323
    0.0000  -45.0000   -7.5000 8462.6455   24.6074
    7.5000  -45.0000   -7.5000 8008.3857   24.6257
   -7.5000  -37.5000   -7.5000 8973.2021   23.9088
    0.0000  -37.5000   -7.5000 9300.1211   23.8689
    7.5000  -37.5000   -7.5000 8791.4219   23.8794
   -7.5000  -30.0000   -7.500010145.0498   23.3440
    0.0000  -30.0000   -7.500010494.0586   23.2801
    7.5000  -30.0000   -7.5000 9888.0811   23.2654
   -7.5000  -22.5000   -7.500011320.4688   22.9644
    0.0000  -22.5000   -7.500011696.1113   22.8979
    7.5000  -22.5000   -7.500011015.8857   22.8701
   -7.5000  -15.0000   -7.500012536.8652   22.8890
    0.0000  -15.0000   -7.500012933.0791   22.8398
    7.5000  -15.0000   -7.500012206.9844   22.8200
   -7.5000   -7.5000   -7.500013854.5625   22.8291
    0.0000   -7.5000   -7.500014315.4014   22.8022
    7.5000   -7.5000   -7.500013475.4473   22.8071
   -7.5000    0.0000   -7.500015276.6592   22.7972
    0.0000    0.0000   -7.500015801.1797   22.7795
    7.5000    0.0000   -7.500014771.5762   22.8014
   -7.5000    7.5000   -7.500015546.0918   22.7699
    0.0000    7.5000   -7.500016054.6289   22.7358
    7.5000    7.5000   -7.500014844.7998   22.7483
   -7.5000   15.0000   -7.500015441.2988   22.7731
    0.0000   15.0000   -7.500015827.4541   22.7133
    7.5000   15.0000   -7.500014625.5723   22.7018
   -7.5000   22.5000   -7.500015147.3574   22.7995
    0.0000   22.5000   -7.500015435.6152   22.7338
    7.5000   22.5000   -7.500014324.9365   22.7074
   -7.5000   30.0000   -7.500014706.8379   22.5422
    0.0000   30.0000   -7.500015022.8818   22.4936
    7.5000   30.0000   -7.500013883.2402   22.4747
   -7.5000   37.5000   -7.500014539.3496   22.5327
    0.0000   37.5000   -7.500014872.3271   22.5061
    7.5000   37.5000   -7.500013678.3818   22.5110
   -7.5000   45.0000   -7.500013640.3447   21.9723
    0.0000   45.0000   -7.500013973.3135   21.9552
    7.5000   45.0000   -7.500012844.5801   21.9762
   -7.5000  -45.0000    0.0000 8525.9834   24.7205
    0.0000  -45.0000    0.0000 8879.3975   24.7004
    7.5000  -45.0000    0.0000 8327.3320   24.7039
   -7.5000  -37.5000    0.0000 9402.2646   23.9990
    0.0000  -37.5000    0.0000 9777.3428   23.9608
    7.5000  -37.5000    0.0000 9183.9619   23.9577
   -7.5000  -30.0000    0.000010610.3350   23.4194
    0.0000  -30.0000    0.000011008.5684   23.3568
    7.5000  -30.0000    0.000010328.1504   23.3338
   -7.5000  -22.5000    0.000011830.3770   23.0248
    0.0000  -22.5000    0.000012251.9893   22.9611
    7.5000  -22.5000    0.000011505.3994   22.9282
   -7.5000  -15.0000    0.000013140.5459   22.9467
    0.0000  -15.0000    0.000013576.3291   22.9029
    7.5000  -15.0000    0.000012755.3350   22.8778
   -7.5000   -7.5000    0.000014526.7764   22.8988
    0.0000   -7.5000    0.000015009.2266   22.8781
    7.5000   -7.5000    0.000014108.3809   22.8741
   -7.5000    0.0000    0.000016118.3223   22.8825
    0.0000    0.0000    0.000016690.5723   22.8694
    7.5000    0.0000    0.000015502.6387   22.8787
   -7.5000    7.5000    0.000016773.0977   22.8567
    0.0000    7.5000    0.000017417.3633   22.8246
    7.5000    7.5000    0.000015687.1934   22.8253
   -7.5000   15.0000    0.000016996.9375   22.8473
    0.0000   15.0000    0.000017527.0391   22.7887
    7.5000   15.0000    0.000015669.4014   22.7695
   -7.5000   22.5000    0.000016546.8242   22.8606
    0.0000   22.5000    0.000016899.8750   22.7976
    7.5000   22.5000    0.000015288.7158   22.7665
   -7.5000   30.0000    0.000015849.2939   22.6001
    0.0000   30.0000    0.000016189.9531   22.5567
    7.5000   30.0000    0.000014661.1904   22.5325
   -7.5000   37.5000    0.000015517.1406   22.6020
    0.0000   37.5000    0.000015883.6895   22.5816
    7.5000   37.5000    0.000014393.7539   22.5777
   -7.5000   45.0000    0.000014498.6895   22.0561
    0.0000   45.0000    0.000014844.0938   22.0435
    7.5000   45.0000    0.000013470.1709   22.0524
   -7.5000  -45.0000    7.5000 8226.3076   24.7163
    0.0000  -45.0000    7.5000 8571.3906   24.6992
    7.5000  -45.0000    7.5000 7987.3862   24.7069
   -7.5000  -37.5000    7.5000 9085.4844   23.9978
    0.0000  -37.5000    7.5000 9488.6250   23.9591
    7.5000  -37.5000    7.5000 8827.7402   23.9621
   -7.5000  -30.0000    7.500010246.7627   23.4133
    0.0000  -30.0000    7.500010685.7031   23.3499
    7.5000  -30.0000    7.5000 9913.6885   23.3358
   -7.5000  -22.5000    7.500011463.8037   23.0087
    0.0000  -22.5000    7.500011930.2793   22.9465
    7.5000  -22.5000    7.500011053.1260   22.9215
   -7.5000  -15.0000    7.500012772.4658   22.9272
    0.0000  -15.0000    7.500013290.0752   22.8878
    7.5000  -15.0000    7.500012270.9180   22.8678
   -7.5000   -7.5000    7.500014122.6758   22.8862
    0.0000   -7.5000    7.500014700.6895   22.8707
    7.5000   -7.5000    7.500013556.8018   22.8695
   -7.5000    0.0000    7.500015614.6318   22.8779
    0.0000    0.0000    7.500016266.2598   22.8673
    7.5000    0.0000    7.500014844.7090   22.8798
   -7.5000    7.5000    7.500016364.2500   22.8542
    0.0000    7.5000    7.500017104.9902   22.8217
    7.5000    7.5000    7.500015065.8359   22.8280
   -7.5000   15.0000    7.500016874.8848   22.8403
    0.0000   15.0000    7.500017582.9199   22.7808
    7.5000   15.0000    7.500015210.2783   22.7699
   -7.5000   22.5000    7.500016421.0703   22.8448
    0.0000   22.5000    7.500017059.7480   22.7834
    7.5000   22.5000    7.500014957.8730   22.7600
   -7.5000   30.0000    7.500015563.1855   22.5811
    0.0000   30.0000    7.500016108.6660   22.5422
    7.5000   30.0000    7.500014308.1172   22.5229
   -7.5000   37.5000    7.500015138.3057   22.5896
    0.0000   37.5000    7.500015615.7822   22.5743
    7.5000   37.5000    7.500013987.1426   22.5732
   -7.5000   45.0000    7.500014051.8330   22.0516
    0.0000   45.0000    7.500014472.0498   22.0414
    7.5000   45.0000    7.500013082.7373   22.0534
   -7.5000  -45.0000   15.0000 7736.8921   24.6842
    0.0000  -45.0000   15.0000 8078.5537   24.6649
    7.5000  -45.0000   15.0000 7490.8965   24.6886
   -7.5000  -37.5000   15.0000 8598.0205   23.9671
    0.0000  -37.5000   15.0000 8991.3525   23.9257
    7.5000  -37.5000   15.0000 8298.6309   23.9450
   -7.5000  -30.0000   15.0000 9738.3672   23.3906
    0.0000  -30.0000   15.000010163.4541   23.3254
    7.5000  -30.0000   15.0000 9353.7002   23.3251
   -7.5000  -22.5000   15.000010929.2383   22.9882
    0.0000  -22.5000   15.000011380.4697   22.9254
    7.5000  -22.5000   15.000010480.2363   22.9115
   -7.5000  -15.0000   15.000012163.9951   22.9036
    0.0000  -15.0000   15.000012653.7939   22.8642
    7.5000  -15.0000   15.000011647.7217   22.8535
   -7.5000   -7.5000   15.000013413.0645   22.8578
    0.0000   -7.5000   15.000013928.9658   22.8411
    7.5000   -7.5000   15.000012849.2871   22.8506
   -7.5000    0.0000   15.000014784.1445   22.8438
    0.0000    0.0000   15.000015321.5215   22.8307
    7.5000    0.0000   15.000014010.0537   22.8564
   -7.5000    7.5000   15.000015279.1240   22.8224
    0.0000    7.5000   15.000015890.3291   22.7870
    7.5000    7.5000   15.000014198.0703   22.8079
   -7.5000   15.0000   15.000015338.3613   22.8161
    0.0000   15.0000   15.000016053.0127   22.7549
    7.5000   15.0000   15.000014354.6260   22.7570
   -7.5000   22.5000   15.000014867.4336   22.8234
    0.0000   22.5000   15.000015575.2314   22.7613
    7.5000   22.5000   15.000014114.3076   22.7488
   -7.5000   30.0000   15.000014359.5146   22.5580
    0.0000   30.0000   15.000014995.8311   22.5189
    7.5000   30.0000   15.000013620.8467   22.5089
   -7.5000   37.5000   15.000014196.9941   22.5616
    0.0000   37.5000   15.000014742.6523   22.5451
    7.5000   37.5000   15.000013407.0020   22.5545
   -7.5000   45.0000   15.000013204.5762   22.0188
    0.0000   45.0000   15.000013678.7568   22.0061
    7.5000   45.0000   15.000012510.0752   22.0310
   -7.5000  -45.0000   22.5000 7150.6372   24.7889
    0.0000  -45.0000   22.5000 7445.6489   24.7653
    7.5000  -45.0000   22.5000 6941.2783   24.8001
   -7.5000  -37.5000   22.5000 7996.2300   24.0609
    0.0000  -37.5000   22.5000 8325.4102   24.0183
    7.5000  -37.5000   22.5000 7735.9263   24.0473
   -7.5000  -30.0000   22.5000 9088.7090   23.4919
    0.0000  -30.0000   22.5000 9447.6084   23.4258
    7.5000  -30.0000   22.5000 8765.5859   23.4308
   -7.5000  -22.5000   22.500010191.3955   23.1004
    0.0000  -22.5000   22.500010569.1172   23.0351
    7.5000  -22.5000   22.5000 9832.4941   23.0245
   -7.5000  -15.0000   22.500011298.7871   23.0174
    0.0000  -15.0000   22.500011712.4307   22.9728
    7.5000  -15.0000   22.500010923.7324   22.9660
   -7.5000   -7.5000   22.500012399.5283   22.9581
    0.0000   -7.5000   22.500012855.7002   22.9355
    7.5000   -7.5000   22.500012050.4707   22.9517
   -7.5000    0.0000   22.500013559.5215   22.9281
    0.0000    0.0000   22.500014065.1514   22.9108
    7.5000    0.0000   22.500013077.4707   22.9460
   -7.5000    7.5000   22.500013764.2559   22.9050
    0.0000    7.5000   22.500014393.2158   22.8680
    7.5000    7.5000   22.500013237.7178   22.8975
   -7.5000   15.0000   22.500013590.5088   22.9114
    0.0000   15.0000   22.500014260.2246   22.8494
    7.5000   15.0000   22.500013317.1875   22.8564
   -7.5000   22.5000   22.500013220.7842   22.9328
    0.0000   22.5000   22.500013871.9629   22.8682
    7.5000   22.5000   22.500013058.7549   22.8588
   -7.5000   30.0000   22.500012990.4004   22.6694
    0.0000   30.0000   22.500013525.7637   22.6253
    7.5000   30.0000   22.500012663.0176   22.6191
   -7.5000   37.5000   22.500013027.7637   22.6605
    0.0000   37.5000   22.500013520.1621   22.6383
    7.5000   37.5000   22.500012562.8086   22.6543
   -7.5000   45.0000   22.500012215.6143   22.1001
    0.0000   45.0000   22.500012670.9375   22.0834
    7.5000   45.0000   22.500011769.3887   22.1173
   -7.5000  -45.0000   30.0000 6648.4780   25.4418
    0.0000  -45.0000   30.0000 6887.5630   25.4133
    7.5000  -45.0000   30.0000 6467.1499   25.4463
   -7.5000  -37.5000   30.0000 7448.2983   24.6780
    0.0000  -37.5000   30.0000 7706.1753   24.6340
    7.5000  -37.5000   30.0000 7218.2944   24.6594
   -7.5000  -30.0000   30.0000 8466.0605   24.0915
    0.0000  -30.0000   30.0000 8745.0342   24.0227
    7.5000  -30.0000   30.0000 8205.6982   24.0202
   -7.5000  -22.5000   30.0000 9471.2129   23.6919
    0.0000  -22.5000   30.0000 9767.7705   23.6209
    7.5000  -22.5000   30.0000 9196.7168   23.6014
   -7.5000  -15.0000   30.000010482.0654   23.6110
    0.0000  -15.0000   30.000010826.0117   23.5577
    7.5000  -15.0000   30.000010237.9346   23.5446
   -7.5000   -7.5000   30.000011513.7725   23.5422
    0.0000   -7.5000   30.000011920.4814   23.5120
    7.5000   -7.5000   30.000011288.4561   23.5255
   -7.5000    0.0000   30.000012571.6436   23.5012
    0.0000    0.0000   30.000013072.2998   23.4800
    7.5000    0.0000   30.000012269.4297   23.5141
   -7.5000    7.5000   30.000012679.7246   23.4726
    0.0000    7.5000   30.000013222.3438   23.4344
    7.5000    7.5000   30.000012418.8115   23.4605
   -7.5000   15.0000   30.000012476.0195   23.4828
    0.0000   15.0000   30.000013032.4072   23.4185
    7.5000   15.0000   30.000012396.2881   23.4186
   -7.5000   22.5000   30.000012235.9727   23.5159
    0.0000   22.5000   30.000012752.1553   23.4456
    7.5000   22.5000   30.000012167.0342   23.4275
   -7.5000   30.0000   30.000012049.7627   23.2523
    0.0000   30.0000   30.000012526.1191   23.1998
    7.5000   30.0000   30.000011858.2607   23.1873
   -7.5000   37.5000   30.000012100.9014   23.2371
    0.0000   37.5000   30.000012547.5352   23.2073
    7.5000   37.5000   30.000011804.9688   23.2207
   -7.5000   45.0000   30.000011406.4229   22.6524
    0.0000   45.0000   30.000011814.2031   22.6321
    7.5000   45.0000   30.000011082.4355   22.6649
   -7.5000  -45.0000   37.5000 6458.3730   26.2683
    0.0000  -45.0000   37.5000 6677.5508   26.2411
    7.5000  -45.0000   37.5000 6267.0034   26.2567
   -7.5000  -37.5000   37.5000 7217.8892   25.4645
    0.0000  -37.5000   37.5000 7440.8560   25.4208
    7.5000  -37.5000   37.5000 6983.6118   25.4274
   -7.5000  -30.0000   37.5000 8203.6709   24.8444
    0.0000  -30.0000   37.5000 8437.7725   24.7741
    7.5000  -30.0000   37.5000 7960.5830   24.7528
   -7.5000  -22.5000   37.5000 9168.9434   24.4216
    0.0000  -22.5000   37.5000 9426.4121   24.3482
    7.5000  -22.5000   37.5000 8918.1768   24.3129
   -7.5000  -15.0000   37.500010168.3633   24.3404
    0.0000  -15.0000   37.500010476.1289   24.2858
    7.5000  -15.0000   37.5000 9957.4746   24.2600
   -7.5000   -7.5000   37.500011190.7363   24.2701
    0.0000   -7.5000   37.500011557.6162   24.2406
    7.5000   -7.5000   37.500010969.0244   24.2423
   -7.5000    0.0000   37.500012210.3223   24.2284
    0.0000    0.0000   37.500012679.8867   24.2095
    7.5000    0.0000   37.500011957.5254   24.2296
   -7.5000    7.5000   37.500012258.2773   24.1952
    0.0000    7.5000   37.500012718.4150   24.1581
    7.5000    7.5000   37.500012038.3623   24.1675
   -7.5000   15.0000   37.500012065.1602   24.2007
    0.0000   15.0000   37.500012508.6855   24.1351
    7.5000   15.0000   37.500011913.0537   24.1177
   -7.5000   22.5000   37.500011847.6416   24.2363
    0.0000   22.5000   37.500012264.2520   24.1637
    7.5000   22.5000   37.500011708.7275   24.1302
   -7.5000   30.0000   37.500011665.2930   23.9691
    0.0000   30.0000   37.500012064.9160   23.9151
    7.5000   30.0000   37.500011466.0283   23.8903
   -7.5000   37.5000   37.500011741.6562   23.9555
    0.0000   37.5000   37.500012127.8789   23.9264
    7.5000   37.5000   37.500011489.5703   23.9281
   -7.5000   45.0000   37.500011098.4395   23.3534
    0.0000   45.0000   37.500011458.6943   23.3352
    7.5000   45.0000   37.500010819.5938   23.3546
   -7.5000  -45.0000   45.0000 6014.2334   27.0819
    0.0000  -45.0000   45.0000 6204.1738   27.0542
    7.5000  -45.0000   45.0000 5819.7085   27.0532
   -7.5000  -37.5000   45.0000 6697.6118   26.2458
    0.0000  -37.5000   45.0000 6899.3442   26.1970
    7.5000  -37.5000   45.0000 6492.9468   26.1873
   -7.5000  -30.0000   45.0000 7606.9795   25.5882
    0.0000  -30.0000   45.0000 7806.2388   25.5104
    7.5000  -30.0000   45.0000 7385.8975   25.4768
   -7.5000  -22.5000   45.0000 8527.9707   25.1281
    0.0000  -22.5000   45.0000 8743.4355   25.0489
    7.5000  -22.5000   45.0000 8277.3623   25.0048
   -7.5000  -15.0000   45.0000 9476.3711   25.0343
    0.0000  -15.0000   45.0000 9724.4746   24.9789
    7.5000  -15.0000   45.0000 9229.2402   24.9450
   -7.5000   -7.5000   45.000010421.6484   24.9620
    0.0000   -7.5000   45.000010736.7109   24.9347
    7.5000   -7.5000   45.000010180.1699   24.9262
   -7.5000    0.0000   45.000011333.4951   24.9298
    0.0000    0.0000   45.000011726.7109   24.9118
    7.5000    0.0000   45.000011087.0898   24.9183
   -7.5000    7.5000   45.000011351.4492   24.9026
    0.0000    7.5000   45.000011722.2812   24.8621
    7.5000    7.5000   45.000011103.0469   24.8574
   -7.5000   15.0000   45.000011172.7686   24.9045
    0.0000   15.0000   45.000011550.8809   24.8320
    7.5000   15.0000   45.000010958.3086   24.8033
   -7.5000   22.5000   45.000010986.6611   24.9324
    0.0000   22.5000   45.000011344.6484   24.8543
    7.5000   22.5000   45.000010770.4961   24.8123
   -7.5000   30.0000   45.000010788.7344   24.6486
    0.0000   30.0000   45.000011142.7324   24.5939
    7.5000   30.0000   45.000010546.0771   24.5612
   -7.5000   37.5000   45.000010874.6152   24.6364
    0.0000   37.5000   45.000011227.8662   24.6094
    7.5000   37.5000   45.000010606.3203   24.6010
   -7.5000   45.0000   45.000010300.1973   24.0403
    0.0000   45.0000   45.000010630.6318   24.0230
    7.5000   45.0000   45.000010020.7256   24.0293

---------------------------------------------------------------------
imgreg_4dfp /opt/freesurfer/average/711-2C_as_mni_average_305 /opt/freesurfer/average/711-2B_as_mni_average_305_mask talsrcimg_g11 none talsrcimg_to_711-2C_as_mni_average_305_t4 4355
---------------------------------------------------------------------

freesurfer imgreg_4dfp.c
/opt/freesurfer/average/711-2C_as_mni_average_305.4dfp.img
       256       256       256         1
  1.000000  1.000000  1.000000
orientation T byte_order littleendian
Reading image: /opt/freesurfer/average/711-2C_as_mni_average_305.4dfp.img
dimensions:      256       256       256
mmppix:       1.0000   -1.0000   -1.0000
center:     128.0000 -129.0000 -129.0000
/opt/freesurfer/average/711-2B_as_mni_average_305_mask.4dfp.img
       256       256       256         1
  1.000000  1.000000  1.000000
orientation T byte_order littleendian
Reading mask: /opt/freesurfer/average/711-2B_as_mni_average_305_mask.4dfp.img (2306576 pixels)
talsrcimg_g11.4dfp.img
       256       256       256         1
  1.000000  1.000000  1.000000
orientation T byte_order littleendian
Reading image: talsrcimg_g11.4dfp.img
dimensions:      256       256       256
mmppix:       1.0000   -1.0000   -1.0000
center:     128.0000 -129.0000 -129.0000
rotation matrix determinant  1.000000
image alignment mode   4355 decimal     1103 hex
   -7.5000  -30.0000  -37.5000 2137.3677   27.9508
    0.0000  -30.0000  -37.5000 2142.1990   27.9786
    7.5000  -30.0000  -37.5000 2103.0867   28.1297
   -7.5000  -22.5000  -37.5000 2253.5669   25.3796
    0.0000  -22.5000  -37.5000 2262.2432   25.4281
    7.5000  -22.5000  -37.5000 2222.0693   25.4976
   -7.5000  -15.0000  -37.5000 2355.3069   23.4102
    0.0000  -15.0000  -37.5000 2360.5164   23.4549
    7.5000  -15.0000  -37.5000 2321.5908   23.4645
   -7.5000   -7.5000  -37.5000 2430.4360   21.8197
    0.0000   -7.5000  -37.5000 2433.6667   21.8589
    7.5000   -7.5000  -37.5000 2393.2319   21.8495
   -7.5000    0.0000  -37.5000 2467.2275   20.7130
    0.0000    0.0000  -37.5000 2464.3992   20.6981
    7.5000    0.0000  -37.5000 2427.2446   20.7156
   -7.5000    7.5000  -37.5000 2492.3870   19.9789
    0.0000    7.5000  -37.5000 2486.3669   19.9266
    7.5000    7.5000  -37.5000 2445.6907   20.0061
   -7.5000   15.0000  -37.5000 2497.1577   19.4971
    0.0000   15.0000  -37.5000 2490.3782   19.4811
    7.5000   15.0000  -37.5000 2457.0049   19.5356
   -7.5000   22.5000  -37.5000 2500.3613   19.5844
    0.0000   22.5000  -37.5000 2487.0374   19.5225
    7.5000   22.5000  -37.5000 2450.3489   19.6594
   -7.5000   30.0000  -37.5000 2478.9976   19.9878
    0.0000   30.0000  -37.5000 2471.0217   20.0127
    7.5000   30.0000  -37.5000 2434.0317   20.1759
   -7.5000   37.5000  -37.5000 2447.1641   20.8268
    0.0000   37.5000  -37.5000 2450.6941   20.8598
    7.5000   37.5000  -37.5000 2411.2773   21.0860
   -7.5000   45.0000  -37.5000 2392.7180   21.9785
    0.0000   45.0000  -37.5000 2396.7529   22.0572
    7.5000   45.0000  -37.5000 2356.6812   22.3456
   -7.5000   52.5000  -37.5000 2296.6775   23.3096
    0.0000   52.5000  -37.5000 2300.4102   23.3450
    7.5000   52.5000  -37.5000 2263.8799   23.6937
   -7.5000   60.0000  -37.5000 2158.4658   24.7538
    0.0000   60.0000  -37.5000 2155.2947   24.7874
    7.5000   60.0000  -37.5000 2121.0200   25.1007
   -7.5000  -30.0000  -30.0000 2225.8269   27.5017
    0.0000  -30.0000  -30.0000 2233.0737   27.4881
    7.5000  -30.0000  -30.0000 2197.5813   27.7572
   -7.5000  -22.5000  -30.0000 2348.1714   24.9325
    0.0000  -22.5000  -30.0000 2356.2375   24.9003
    7.5000  -22.5000  -30.0000 2317.2166   25.1217
   -7.5000  -15.0000  -30.0000 2453.5310   22.8650
    0.0000  -15.0000  -30.0000 2457.0537   22.8383
    7.5000  -15.0000  -30.0000 2420.3855   23.0379
   -7.5000   -7.5000  -30.0000 2533.1553   21.3088
    0.0000   -7.5000  -30.0000 2533.7275   21.2265
    7.5000   -7.5000  -30.0000 2496.9500   21.3527
   -7.5000    0.0000  -30.0000 2578.2876   20.1590
    0.0000    0.0000  -30.0000 2577.2046   20.0480
    7.5000    0.0000  -30.0000 2539.6221   20.0970
   -7.5000    7.5000  -30.0000 2611.4551   19.3295
    0.0000    7.5000  -30.0000 2607.5637   19.2136
    7.5000    7.5000  -30.0000 2568.4675   19.3308
   -7.5000   15.0000  -30.0000 2621.7773   18.8013
    0.0000   15.0000  -30.0000 2613.9260   18.7744
    7.5000   15.0000  -30.0000 2582.3647   18.9145
   -7.5000   22.5000  -30.0000 2622.1133   18.8756
    0.0000   22.5000  -30.0000 2607.8081   18.7943
    7.5000   22.5000  -30.0000 2580.8958   18.9951
   -7.5000   30.0000  -30.0000 2607.0310   19.2855
    0.0000   30.0000  -30.0000 2598.5120   19.2584
    7.5000   30.0000  -30.0000 2570.6548   19.4817
   -7.5000   37.5000  -30.0000 2576.5522   20.0676
    0.0000   37.5000  -30.0000 2577.1396   20.0674
    7.5000   37.5000  -30.0000 2544.7107   20.3494
   -7.5000   45.0000  -30.0000 2521.2478   21.1604
    0.0000   45.0000  -30.0000 2519.3467   21.1877
    7.5000   45.0000  -30.0000 2484.7468   21.5219
   -7.5000   52.5000  -30.0000 2421.4526   22.4768
    0.0000   52.5000  -30.0000 2419.6116   22.4605
    7.5000   52.5000  -30.0000 2384.6731   22.7935
   -7.5000   60.0000  -30.0000 2272.2212   23.9096
    0.0000   60.0000  -30.0000 2271.4382   23.8776
    7.5000   60.0000  -30.0000 2238.5269   24.2088
   -7.5000  -30.0000  -22.5000 2281.2390   26.9202
    0.0000  -30.0000  -22.5000 2290.3877   26.8927
    7.5000  -30.0000  -22.5000 2264.9355   27.2841
   -7.5000  -22.5000  -22.5000 2405.3386   24.3266
    0.0000  -22.5000  -22.5000 2413.6982   24.2841
    7.5000  -22.5000  -22.5000 2385.0698   24.6621
   -7.5000  -15.0000  -22.5000 2509.7441   22.2535
    0.0000  -15.0000  -22.5000 2514.9119   22.2010
    7.5000  -15.0000  -22.5000 2486.9585   22.5128
   -7.5000   -7.5000  -22.5000 2594.5002   20.6496
    0.0000   -7.5000  -22.5000 2599.2761   20.5174
    7.5000   -7.5000  -22.5000 2567.7065   20.7546
   -7.5000    0.0000  -22.5000 2650.9617   19.4404
    0.0000    0.0000  -22.5000 2649.8914   19.2939
    7.5000    0.0000  -22.5000 2620.6948   19.4711
   -7.5000    7.5000  -22.5000 2693.6763   18.5634
    0.0000    7.5000  -22.5000 2687.9814   18.3870
    7.5000    7.5000  -22.5000 2657.0505   18.6270
   -7.5000   15.0000  -22.5000 2713.8582   18.0565
    0.0000   15.0000  -22.5000 2704.4629   17.9258
    7.5000   15.0000  -22.5000 2674.9072   18.1753
   -7.5000   22.5000  -22.5000 2709.3354   18.1216
    0.0000   22.5000  -22.5000 2696.4817   17.9518
    7.5000   22.5000  -22.5000 2675.3896   18.2580
   -7.5000   30.0000  -22.5000 2697.1567   18.5611
    0.0000   30.0000  -22.5000 2695.1904   18.4606
    7.5000   30.0000  -22.5000 2669.9849   18.7252
   -7.5000   37.5000  -22.5000 2673.5879   19.2938
    0.0000   37.5000  -22.5000 2669.8650   19.2300
    7.5000   37.5000  -22.5000 2642.0811   19.5506
   -7.5000   45.0000  -22.5000 2619.8301   20.3246
    0.0000   45.0000  -22.5000 2612.0320   20.2621
    7.5000   45.0000  -22.5000 2584.3848   20.6361
   -7.5000   52.5000  -22.5000 2514.0142   21.5873
    0.0000   52.5000  -22.5000 2504.4175   21.5318
    7.5000   52.5000  -22.5000 2478.2283   21.9063
   -7.5000   60.0000  -22.5000 2353.9849   23.0306
    0.0000   60.0000  -22.5000 2352.1296   22.9219
    7.5000   60.0000  -22.5000 2327.1287   23.2768
   -7.5000  -30.0000  -15.0000 2298.8789   26.4739
    0.0000  -30.0000  -15.0000 2307.9062   26.3936
    7.5000  -30.0000  -15.0000 2283.0173   26.9187
   -7.5000  -22.5000  -15.0000 2420.8025   23.8696
    0.0000  -22.5000  -15.0000 2427.8933   23.7601
    7.5000  -22.5000  -15.0000 2403.8030   24.1784
   -7.5000  -15.0000  -15.0000 2520.5508   21.7555
    0.0000  -15.0000  -15.0000 2524.5107   21.6017
    7.5000  -15.0000  -15.0000 2502.7717   21.9996
   -7.5000   -7.5000  -15.0000 2615.3293   20.0856
    0.0000   -7.5000  -15.0000 2616.5818   19.9159
    7.5000   -7.5000  -15.0000 2595.2297   20.2840
   -7.5000    0.0000  -15.0000 2686.2664   18.8368
    0.0000    0.0000  -15.0000 2685.7480   18.6724
    7.5000    0.0000  -15.0000 2669.4124   19.0090
   -7.5000    7.5000  -15.0000 2734.8782   18.0402
    0.0000    7.5000  -15.0000 2729.0955   17.8141
    7.5000    7.5000  -15.0000 2706.1790   18.1437
   -7.5000   15.0000  -15.0000 2764.9336   17.4878
    0.0000   15.0000  -15.0000 2749.0122   17.2541
    7.5000   15.0000  -15.0000 2723.7556   17.6624
   -7.5000   22.5000  -15.0000 2770.0615   17.4939
    0.0000   22.5000  -15.0000 2746.7222   17.2540
    7.5000   22.5000  -15.0000 2730.5896   17.7271
   -7.5000   30.0000  -15.0000 2758.7944   17.9566
    0.0000   30.0000  -15.0000 2750.4150   17.7768
    7.5000   30.0000  -15.0000 2732.8359   18.1601
   -7.5000   37.5000  -15.0000 2731.0764   18.6499
    0.0000   37.5000  -15.0000 2722.9680   18.5370
    7.5000   37.5000  -15.0000 2703.9849   18.9248
   -7.5000   45.0000  -15.0000 2672.2102   19.5686
    0.0000   45.0000  -15.0000 2663.3708   19.5030
    7.5000   45.0000  -15.0000 2644.3928   19.9402
   -7.5000   52.5000  -15.0000 2571.7859   20.7678
    0.0000   52.5000  -15.0000 2558.4624   20.7353
    7.5000   52.5000  -15.0000 2539.5889   21.1902
   -7.5000   60.0000  -15.0000 2415.8076   22.2175
    0.0000   60.0000  -15.0000 2413.4690   22.1001
    7.5000   60.0000  -15.0000 2387.6333   22.5333
   -7.5000  -30.0000   -7.5000 2302.5977   26.3579
    0.0000  -30.0000   -7.5000 2304.1626   26.2030
    7.5000  -30.0000   -7.5000 2287.0020   26.7387
   -7.5000  -22.5000   -7.5000 2420.9421   23.6057
    0.0000  -22.5000   -7.5000 2418.0496   23.4005
    7.5000  -22.5000   -7.5000 2403.0520   23.9092
   -7.5000  -15.0000   -7.5000 2517.7151   21.4210
    0.0000  -15.0000   -7.5000 2514.4214   21.2660
    7.5000  -15.0000   -7.5000 2500.9094   21.7163
   -7.5000   -7.5000   -7.5000 2620.1543   19.7555
    0.0000   -7.5000   -7.5000 2614.7415   19.5800
    7.5000   -7.5000   -7.5000 2597.8682   19.9708
   -7.5000    0.0000   -7.5000 2707.5903   18.5097
    0.0000    0.0000   -7.5000 2698.6917   18.3305
    7.5000    0.0000   -7.5000 2687.4336   18.6911
   -7.5000    7.5000   -7.5000 2773.2830   17.8367
    0.0000    7.5000   -7.5000 2756.9399   17.6098
    7.5000    7.5000   -7.5000 2744.2546   17.8433
   -7.5000   15.0000   -7.5000 2817.6025   17.3820
    0.0000   15.0000   -7.5000 2793.2883   17.1010
    7.5000   15.0000   -7.5000 2764.2212   17.4155
   -7.5000   22.5000   -7.5000 2829.5508   17.1366
    0.0000   22.5000   -7.5000 2792.7976   16.8541
    7.5000   22.5000   -7.5000 2773.7424   17.3464
   -7.5000   30.0000   -7.5000 2811.6990   17.5425
    0.0000   30.0000   -7.5000 2788.5212   17.3136
    7.5000   30.0000   -7.5000 2771.4905   17.6963
   -7.5000   37.5000   -7.5000 2782.3162   18.1989
    0.0000   37.5000   -7.5000 2766.8276   18.0181
    7.5000   37.5000   -7.5000 2746.9529   18.3786
   -7.5000   45.0000   -7.5000 2720.1526   19.0632
    0.0000   45.0000   -7.5000 2711.0100   19.0110
    7.5000   45.0000   -7.5000 2689.4370   19.3932
   -7.5000   52.5000   -7.5000 2622.5471   20.2681
    0.0000   52.5000   -7.5000 2609.2305   20.1852
    7.5000   52.5000   -7.5000 2588.2644   20.5500
   -7.5000   60.0000   -7.5000 2471.9431   21.6886
    0.0000   60.0000   -7.5000 2458.8667   21.5773
    7.5000   60.0000   -7.5000 2426.4502   21.9233
   -7.5000  -30.0000    0.0000 2279.2432   26.4622
    0.0000  -30.0000    0.0000 2287.6555   26.4270
    7.5000  -30.0000    0.0000 2270.6653   26.8886
   -7.5000  -22.5000    0.0000 2396.0017   23.5915
    0.0000  -22.5000    0.0000 2397.9670   23.5218
    7.5000  -22.5000    0.0000 2384.2266   23.9675
   -7.5000  -15.0000    0.0000 2498.9434   21.4205
    0.0000  -15.0000    0.0000 2496.3582   21.3208
    7.5000  -15.0000    0.0000 2487.9211   21.7314
   -7.5000   -7.5000    0.0000 2613.2886   19.7787
    0.0000   -7.5000    0.0000 2608.1853   19.6887
    7.5000   -7.5000    0.0000 2598.2151   19.9929
   -7.5000    0.0000    0.0000 2728.3040   18.6351
    0.0000    0.0000    0.0000 2718.8958   18.5492
    7.5000    0.0000    0.0000 2699.1321   18.7360
   -7.5000    7.5000    0.0000 2821.9534   18.1074
    0.0000    7.5000    0.0000 2811.6819   17.9773
    7.5000    7.5000    0.0000 2774.9727   17.9270
   -7.5000   15.0000    0.0000 2885.5964   17.8363
    0.0000   15.0000    0.0000 2877.0093   17.6870
    7.5000   15.0000    0.0000 2809.7083   17.4811
   -7.5000   22.5000    0.0000 2887.2317   17.2806
    0.0000   22.5000    0.0000 2860.3608   17.1174
    7.5000   22.5000    0.0000 2817.7871   17.2813
   -7.5000   30.0000    0.0000 2856.4736   17.3887
    0.0000   30.0000    0.0000 2829.7336   17.2262
    7.5000   30.0000    0.0000 2790.8711   17.3987
   -7.5000   37.5000    0.0000 2813.2212   17.8856
    0.0000   37.5000    0.0000 2798.3994   17.7890
    7.5000   37.5000    0.0000 2767.4907   17.9494
   -7.5000   45.0000    0.0000 2751.8528   18.7313
    0.0000   45.0000    0.0000 2744.5486   18.6989
    7.5000   45.0000    0.0000 2708.8643   18.8999
   -7.5000   52.5000    0.0000 2651.7458   19.9734
    0.0000   52.5000    0.0000 2645.1604   19.9425
    7.5000   52.5000    0.0000 2605.6880   20.1182
   -7.5000   60.0000    0.0000 2496.7444   21.4410
    0.0000   60.0000    0.0000 2486.9983   21.3758
    7.5000   60.0000    0.0000 2444.7351   21.4569
   -7.5000  -30.0000    7.5000 2243.6858   26.8780
    0.0000  -30.0000    7.5000 2265.2544   27.0883
    7.5000  -30.0000    7.5000 2247.1599   27.3662
   -7.5000  -22.5000    7.5000 2362.4509   24.0040
    0.0000  -22.5000    7.5000 2374.8987   24.1620
    7.5000  -22.5000    7.5000 2359.6130   24.4342
   -7.5000  -15.0000    7.5000 2479.9023   21.8541
    0.0000  -15.0000    7.5000 2489.4419   21.9851
    7.5000  -15.0000    7.5000 2465.8733   22.1609
   -7.5000   -7.5000    7.5000 2609.9219   20.1840
    0.0000   -7.5000    7.5000 2618.4233   20.2984
    7.5000   -7.5000    7.5000 2584.2144   20.3600
   -7.5000    0.0000    7.5000 2735.6509   18.9764
    0.0000    0.0000    7.5000 2746.0056   19.0964
    7.5000    0.0000    7.5000 2692.1462   19.0545
   -7.5000    7.5000    7.5000 2852.7666   18.3730
    0.0000    7.5000    7.5000 2863.6836   18.4508
    7.5000    7.5000    7.5000 2781.8423   18.2274
   -7.5000   15.0000    7.5000 2938.3591   18.1994
    0.0000   15.0000    7.5000 2952.4871   18.2626
    7.5000   15.0000    7.5000 2838.7134   17.7830
   -7.5000   22.5000    7.5000 2959.7268   17.7382
    0.0000   22.5000    7.5000 2954.4656   17.7287
    7.5000   22.5000    7.5000 2851.5300   17.4696
   -7.5000   30.0000    7.5000 2898.6912   17.4350
    0.0000   30.0000    7.5000 2885.1074   17.4663
    7.5000   30.0000    7.5000 2815.4863   17.4443
   -7.5000   37.5000    7.5000 2834.9023   17.6514
    0.0000   37.5000    7.5000 2826.5859   17.7120
    7.5000   37.5000    7.5000 2775.8242   17.8567
   -7.5000   45.0000    7.5000 2762.1311   18.5238
    0.0000   45.0000    7.5000 2756.7502   18.5513
    7.5000   45.0000    7.5000 2718.2144   18.7431
   -7.5000   52.5000    7.5000 2656.9631   19.8026
    0.0000   52.5000    7.5000 2651.7939   19.7648
    7.5000   52.5000    7.5000 2614.8921   19.9376
   -7.5000   60.0000    7.5000 2501.5049   21.2361
    0.0000   60.0000    7.5000 2493.0020   21.1575
    7.5000   60.0000    7.5000 2455.6753   21.3049
   -7.5000  -30.0000   15.0000 2226.0439   27.8052
    0.0000  -30.0000   15.0000 2249.2317   28.0940
    7.5000  -30.0000   15.0000 2217.1357   28.3899
   -7.5000  -22.5000   15.0000 2347.4910   24.7942
    0.0000  -22.5000   15.0000 2362.7683   25.0986
    7.5000  -22.5000   15.0000 2334.7034   25.3676
   -7.5000  -15.0000   15.0000 2463.8069   22.5127
    0.0000  -15.0000   15.0000 2473.0000   22.7448
    7.5000  -15.0000   15.0000 2445.2424   22.9876
   -7.5000   -7.5000   15.0000 2600.0405   20.6366
    0.0000   -7.5000   15.0000 2603.5979   20.8703
    7.5000   -7.5000   15.0000 2568.6089   21.0137
   -7.5000    0.0000   15.0000 2724.0122   19.2457
    0.0000    0.0000   15.0000 2730.6116   19.4639
    7.5000    0.0000   15.0000 2680.7939   19.5379
   -7.5000    7.5000   15.0000 2835.9900   18.4652
    0.0000    7.5000   15.0000 2848.9905   18.6364
    7.5000    7.5000   15.0000 2781.1282   18.5986
   -7.5000   15.0000   15.0000 2925.0210   18.0149
    0.0000   15.0000   15.0000 2939.4070   18.1712
    7.5000   15.0000   15.0000 2847.1753   18.0521
   -7.5000   22.5000   15.0000 2940.2341   17.3808
    0.0000   22.5000   15.0000 2945.0769   17.5759
    7.5000   22.5000   15.0000 2863.9917   17.7510
   -7.5000   30.0000   15.0000 2888.8369   17.3241
    0.0000   30.0000   15.0000 2888.7168   17.5301
    7.5000   30.0000   15.0000 2822.0439   17.8074
   -7.5000   37.5000   15.0000 2835.8997   17.8833
    0.0000   37.5000   15.0000 2829.2842   18.0133
    7.5000   37.5000   15.0000 2770.2766   18.2343
   -7.5000   45.0000   15.0000 2754.2134   18.7929
    0.0000   45.0000   15.0000 2752.8496   18.8716
    7.5000   45.0000   15.0000 2707.7859   19.0885
   -7.5000   52.5000   15.0000 2643.8674   19.9502
    0.0000   52.5000   15.0000 2638.0510   19.9388
    7.5000   52.5000   15.0000 2598.4077   20.1377
   -7.5000   60.0000   15.0000 2486.1638   21.2443
    0.0000   60.0000   15.0000 2480.1458   21.1992
    7.5000   60.0000   15.0000 2436.9429   21.3445
   -7.5000  -30.0000   22.5000 2206.2632   28.8248
    0.0000  -30.0000   22.5000 2222.4612   29.1702
    7.5000  -30.0000   22.5000 2200.5356   29.7060
   -7.5000  -22.5000   22.5000 2330.4050   25.5455
    0.0000  -22.5000   22.5000 2339.9089   25.8424
    7.5000  -22.5000   22.5000 2320.7195   26.4505
   -7.5000  -15.0000   22.5000 2445.5513   22.9908
    0.0000  -15.0000   22.5000 2449.5339   23.2482
    7.5000  -15.0000   22.5000 2435.2798   23.8215
   -7.5000   -7.5000   22.5000 2569.8977   20.9411
    0.0000   -7.5000   22.5000 2572.4690   21.1607
    7.5000   -7.5000   22.5000 2556.7139   21.6503
   -7.5000    0.0000   22.5000 2681.3940   19.3745
    0.0000    0.0000   22.5000 2690.2473   19.6261
    7.5000    0.0000   22.5000 2663.6843   20.0301
   -7.5000    7.5000   22.5000 2780.3376   18.4122
    0.0000    7.5000   22.5000 2798.0764   18.6405
    7.5000    7.5000   22.5000 2760.3416   18.9331
   -7.5000   15.0000   22.5000 2860.2366   17.6440
    0.0000   15.0000   22.5000 2880.8601   17.9686
    7.5000   15.0000   22.5000 2830.8352   18.3447
   -7.5000   22.5000   22.5000 2878.7908   17.0792
    0.0000   22.5000   22.5000 2890.8694   17.3498
    7.5000   22.5000   22.5000 2848.5737   18.0321
   -7.5000   30.0000   22.5000 2871.9290   17.4226
    0.0000   30.0000   22.5000 2871.0945   17.5734
    7.5000   30.0000   22.5000 2815.4172   18.0955
   -7.5000   37.5000   22.5000 2830.7346   18.2291
    0.0000   37.5000   22.5000 2827.5710   18.2669
    7.5000   37.5000   22.5000 2772.0603   18.6599
   -7.5000   45.0000   22.5000 2739.0090   19.2470
    0.0000   45.0000   22.5000 2742.2754   19.2728
    7.5000   45.0000   22.5000 2703.3145   19.5900
   -7.5000   52.5000   22.5000 2629.8701   20.4587
    0.0000   52.5000   22.5000 2627.1877   20.4617
    7.5000   52.5000   22.5000 2585.8738   20.7037
   -7.5000   60.0000   22.5000 2470.4585   21.7262
    0.0000   60.0000   22.5000 2465.7947   21.6647
    7.5000   60.0000   22.5000 2418.2698   21.8587
   -7.5000  -30.0000   30.0000 2163.8745   29.7179
    0.0000  -30.0000   30.0000 2174.3706   30.0037
    7.5000  -30.0000   30.0000 2169.9458   30.9358
   -7.5000  -22.5000   30.0000 2291.5017   26.2486
    0.0000  -22.5000   30.0000 2297.0427   26.4596
    7.5000  -22.5000   30.0000 2290.8511   27.3641
   -7.5000  -15.0000   30.0000 2410.8635   23.5230
    0.0000  -15.0000   30.0000 2411.4932   23.7193
    7.5000  -15.0000   30.0000 2400.9324   24.6139
   -7.5000   -7.5000   30.0000 2529.7195   21.3818
    0.0000   -7.5000   30.0000 2532.9575   21.6215
    7.5000   -7.5000   30.0000 2517.1606   22.3928
   -7.5000    0.0000   30.0000 2638.8804   19.7894
    0.0000    0.0000   30.0000 2647.0474   20.0477
    7.5000    0.0000   30.0000 2625.3237   20.6789
   -7.5000    7.5000   30.0000 2734.4106   18.7568
    0.0000    7.5000   30.0000 2742.1003   18.9633
    7.5000    7.5000   30.0000 2719.9043   19.5641
   -7.5000   15.0000   30.0000 2795.4082   17.8573
    0.0000   15.0000   30.0000 2805.0740   18.1360
    7.5000   15.0000   30.0000 2778.3538   18.9135
   -7.5000   22.5000   30.0000 2833.1934   17.5354
    0.0000   22.5000   30.0000 2830.9492   17.7206
    7.5000   22.5000   30.0000 2806.7751   18.5410
   -7.5000   30.0000   30.0000 2836.9661   17.9490
    0.0000   30.0000   30.0000 2836.9026   18.0657
    7.5000   30.0000   30.0000 2789.8035   18.6278
   -7.5000   37.5000   30.0000 2799.3743   18.7165
    0.0000   37.5000   30.0000 2797.1909   18.7997
    7.5000   37.5000   30.0000 2746.4878   19.2056
   -7.5000   45.0000   30.0000 2714.0742   19.7984
    0.0000   45.0000   30.0000 2715.3276   19.8010
    7.5000   45.0000   30.0000 2674.2563   20.1929
   -7.5000   52.5000   30.0000 2601.3896   21.0237
    0.0000   52.5000   30.0000 2597.4944   21.0237
    7.5000   52.5000   30.0000 2556.2234   21.3701
   -7.5000   60.0000   30.0000 2440.2222   22.3750
    0.0000   60.0000   30.0000 2436.0725   22.3187
    7.5000   60.0000   30.0000 2393.7290   22.5533
   -7.5000  -30.0000   37.5000 2116.2354   30.8211
    0.0000  -30.0000   37.5000 2125.0051   30.9091
    7.5000  -30.0000   37.5000 2128.3633   32.1379
   -7.5000  -22.5000   37.5000 2252.5332   27.1526
    0.0000  -22.5000   37.5000 2253.9055   27.2293
    7.5000  -22.5000   37.5000 2250.2026   28.4213
   -7.5000  -15.0000   37.5000 2374.3369   24.2913
    0.0000  -15.0000   37.5000 2370.9253   24.4709
    7.5000  -15.0000   37.5000 2367.5161   25.5748
   -7.5000   -7.5000   37.5000 2495.3733   22.1610
    0.0000   -7.5000   37.5000 2491.4351   22.3728
    7.5000   -7.5000   37.5000 2482.3308   23.3544
   -7.5000    0.0000   37.5000 2599.1619   20.5673
    0.0000    0.0000   37.5000 2600.6655   20.7798
    7.5000    0.0000   37.5000 2587.6208   21.6362
   -7.5000    7.5000   37.5000 2684.4148   19.4053
    0.0000    7.5000   37.5000 2690.5095   19.5994
    7.5000    7.5000   37.5000 2671.1387   20.4317
   -7.5000   15.0000   37.5000 2743.6448   18.5903
    0.0000   15.0000   37.5000 2739.4453   18.7914
    7.5000   15.0000   37.5000 2719.7329   19.7094
   -7.5000   22.5000   37.5000 2777.8706   18.3693
    0.0000   22.5000   37.5000 2767.5498   18.5279
    7.5000   22.5000   37.5000 2751.1809   19.3335
   -7.5000   30.0000   37.5000 2776.9941   18.7583
    0.0000   30.0000   37.5000 2773.2957   18.8655
    7.5000   30.0000   37.5000 2740.8850   19.4929
   -7.5000   37.5000   37.5000 2743.6741   19.5104
    0.0000   37.5000   37.5000 2742.5117   19.6171
    7.5000   37.5000   37.5000 2704.3577   20.1276
   -7.5000   45.0000   37.5000 2675.9727   20.5411
    0.0000   45.0000   37.5000 2670.3755   20.6018
    7.5000   45.0000   37.5000 2634.7468   21.0880
   -7.5000   52.5000   37.5000 2568.1431   21.7743
    0.0000   52.5000   37.5000 2563.7070   21.8029
    7.5000   52.5000   37.5000 2523.4343   22.2325
   -7.5000   60.0000   37.5000 2402.9185   23.2142
    0.0000   60.0000   37.5000 2404.5894   23.1814
    7.5000   60.0000   37.5000 2365.1677   23.4271
   -7.5000  -30.0000   45.0000 2067.9048   32.0723
    0.0000  -30.0000   45.0000 2068.1423   32.0562
    7.5000  -30.0000   45.0000 2080.3450   33.6319
   -7.5000  -22.5000   45.0000 2210.5967   28.2589
    0.0000  -22.5000   45.0000 2205.0649   28.2371
    7.5000  -22.5000   45.0000 2204.9919   29.6918
   -7.5000  -15.0000   45.0000 2335.7058   25.3547
    0.0000  -15.0000   45.0000 2321.8315   25.4074
    7.5000  -15.0000   45.0000 2321.3582   26.6949
   -7.5000   -7.5000   45.0000 2446.8347   23.2521
    0.0000   -7.5000   45.0000 2435.8735   23.3662
    7.5000   -7.5000   45.0000 2430.4910   24.5066
   -7.5000    0.0000   45.0000 2544.5703   21.6059
    0.0000    0.0000   45.0000 2541.5186   21.7814
    7.5000    0.0000   45.0000 2521.4526   22.7676
   -7.5000    7.5000   45.0000 2625.5679   20.4233
    0.0000    7.5000   45.0000 2621.0808   20.5526
    7.5000    7.5000   45.0000 2601.0176   21.5575
   -7.5000   15.0000   45.0000 2676.7786   19.6826
    0.0000   15.0000   45.0000 2668.0061   19.8395
    7.5000   15.0000   45.0000 2649.0269   20.7422
   -7.5000   22.5000   45.0000 2705.4563   19.5193
    0.0000   22.5000   45.0000 2694.4968   19.6398
    7.5000   22.5000   45.0000 2675.3401   20.4594
   -7.5000   30.0000   45.0000 2704.2097   19.8141
    0.0000   30.0000   45.0000 2697.5383   19.9305
    7.5000   30.0000   45.0000 2666.3342   20.5966
   -7.5000   37.5000   45.0000 2671.9587   20.5193
    0.0000   37.5000   45.0000 2669.5608   20.6369
    7.5000   37.5000   45.0000 2634.9165   21.2310
   -7.5000   45.0000   45.0000 2616.5076   21.5290
    0.0000   45.0000   45.0000 2610.7617   21.6232
    7.5000   45.0000   45.0000 2572.7332   22.1567
   -7.5000   52.5000   45.0000 2511.9392   22.7713
    0.0000   52.5000   45.0000 2507.4375   22.8074
    7.5000   52.5000   45.0000 2466.5037   23.3127
   -7.5000   60.0000   45.0000 2346.7190   24.2152
    0.0000   60.0000   45.0000 2343.7454   24.2090
    7.5000   60.0000   45.0000 2311.2546   24.5963
   -7.5000  -30.0000   52.5000 2017.0078   33.4524
    0.0000  -30.0000   52.5000 2011.2623   33.3563
    7.5000  -30.0000   52.5000 2022.9775   35.2251
   -7.5000  -22.5000   52.5000 2160.9888   29.5465
    0.0000  -22.5000   52.5000 2146.6960   29.4641
    7.5000  -22.5000   52.5000 2152.9800   31.1705
   -7.5000  -15.0000   52.5000 2288.0981   26.6767
    0.0000  -15.0000   52.5000 2269.0024   26.6615
    7.5000  -15.0000   52.5000 2263.3933   28.0990
   -7.5000   -7.5000   52.5000 2395.5977   24.5363
    0.0000   -7.5000   52.5000 2381.6238   24.6407
    7.5000   -7.5000   52.5000 2368.4326   25.8614
   -7.5000    0.0000   52.5000 2482.6750   22.9028
    0.0000    0.0000   52.5000 2477.6443   23.0153
    7.5000    0.0000   52.5000 2456.3479   24.0882
   -7.5000    7.5000   52.5000 2551.3337   21.6857
    0.0000    7.5000   52.5000 2544.4519   21.7988
    7.5000    7.5000   52.5000 2528.9651   22.8269
   -7.5000   15.0000   52.5000 2598.3328   21.0011
    0.0000   15.0000   52.5000 2588.1194   21.1370
    7.5000   15.0000   52.5000 2577.3110   22.0585
   -7.5000   22.5000   52.5000 2622.8215   20.8707
    0.0000   22.5000   52.5000 2615.0884   21.0124
    7.5000   22.5000   52.5000 2596.5139   21.8652
   -7.5000   30.0000   52.5000 2618.0781   21.1079
    0.0000   30.0000   52.5000 2614.1250   21.2396
    7.5000   30.0000   52.5000 2593.6050   21.9259
   -7.5000   37.5000   52.5000 2599.8792   21.7354
    0.0000   37.5000   52.5000 2593.7214   21.8825
    7.5000   37.5000   52.5000 2564.9033   22.5186
   -7.5000   45.0000   52.5000 2554.2117   22.6579
    0.0000   45.0000   52.5000 2543.1050   22.7722
    7.5000   45.0000   52.5000 2504.1492   23.4052
   -7.5000   52.5000   52.5000 2445.2651   23.9766
    0.0000   52.5000   52.5000 2438.7175   23.9985
    7.5000   52.5000   52.5000 2405.9736   24.5768
   -7.5000   60.0000   52.5000 2282.4353   25.4013
    0.0000   60.0000   52.5000 2279.6929   25.4182
    7.5000   60.0000   52.5000 2253.0901   25.8601

---------------------------------------------------------------------
imgreg_4dfp /opt/freesurfer/average/711-2C_as_mni_average_305 /opt/freesurfer/average/711-2B_as_mni_average_305_mask talsrcimg_g11 none talsrcimg_to_711-2C_as_mni_average_305_t4 1283
---------------------------------------------------------------------

freesurfer imgreg_4dfp.c
/opt/freesurfer/average/711-2C_as_mni_average_305.4dfp.img
       256       256       256         1
  1.000000  1.000000  1.000000
orientation T byte_order littleendian
Reading image: /opt/freesurfer/average/711-2C_as_mni_average_305.4dfp.img
dimensions:      256       256       256
mmppix:       1.0000   -1.0000   -1.0000
center:     128.0000 -129.0000 -129.0000
/opt/freesurfer/average/711-2B_as_mni_average_305_mask.4dfp.img
       256       256       256         1
  1.000000  1.000000  1.000000
orientation T byte_order littleendian
Reading mask: /opt/freesurfer/average/711-2B_as_mni_average_305_mask.4dfp.img (2306576 pixels)
talsrcimg_g11.4dfp.img
       256       256       256         1
  1.000000  1.000000  1.000000
orientation T byte_order littleendian
Reading image: talsrcimg_g11.4dfp.img
dimensions:      256       256       256
mmppix:       1.0000   -1.0000   -1.0000
center:     128.0000 -129.0000 -129.0000
rotation matrix determinant  1.000000
fimgreg.f
image alignment mode   1283 decimal      503 hex
parameters
   -7.5000   22.5000    7.5000    0.0000    0.0000    0.0000
eta,q 0.92732 17.83658
niter,ni,del,rscale     5    3   12.0000    1.2000
parameter  1 -0.522215 -> -0.500000 qaram    1.1500
parameter  2  0.785944 ->  0.500000 qaram    1.1500
parameter  4  0.750834 ->  0.500000 qaram    1.1500
parameters
   -4.0500   19.0500    9.6502   -3.4500    2.9027    1.3697
eta,q 0.94169 18.12844
  0.0977  0.0636  0.0834  0.0618  0.0725  0.0677
  0.0873  0.0629  0.0737  0.0604  0.0665  0.0647
  0.0771  0.0649  0.0666  0.0612  0.0628  0.0619
  0.0698  0.0671  0.0637  0.0633  0.0606  0.0592
  0.0672  0.0717  0.0633  0.0652  0.0594  0.0583
  0.0668  0.0791  0.0638  0.0667  0.0592  0.0599
  0.0702  0.0853  0.0663  0.0703  0.0605  0.0633
niter,ni,del,rscale     7    3   12.0000    1.2000
parameters
   -4.3045   20.4464    8.9412   -4.6955    2.5500    1.1914
eta,q 0.94343 18.14328
  0.0821  0.0843  0.0662  0.0632  0.0647  0.0634
  0.0709  0.0747  0.0592  0.0603  0.0608  0.0605
  0.0624  0.0651  0.0572  0.0569  0.0574  0.0577
  0.0583  0.0584  0.0573  0.0571  0.0566  0.0565
  0.0626  0.0580  0.0587  0.0606  0.0579  0.0574
  0.0736  0.0632  0.0633  0.0647  0.0622  0.0604
  0.0859  0.0709  0.0719  0.0681  0.0669  0.0649
niter,ni,del,rscale     6    3   12.0000    1.2000
parameters
   -4.2798   21.0388    8.7347   -5.5931    2.3739    1.1038
eta,q 0.94364 18.21184
  0.0825  0.0800  0.0684  0.0633  0.0658  0.0629
  0.0718  0.0716  0.0590  0.0611  0.0610  0.0599
  0.0632  0.0619  0.0561  0.0575  0.0572  0.0574
  0.0566  0.0565  0.0566  0.0565  0.0563  0.0563
  0.0593  0.0591  0.0576  0.0592  0.0577  0.0570
  0.0707  0.0653  0.0613  0.0639  0.0619  0.0598
  0.0839  0.0746  0.0691  0.0677  0.0669  0.0638
niter,ni,del,rscale     5    3   12.0000    1.2000
parameters
   -4.2734   21.3960    8.6063   -6.1534    2.3623    0.9863
eta,q 0.94348 18.24748
  0.0825  0.0789  0.0690  0.0634  0.0667  0.0627
  0.0716  0.0704  0.0592  0.0616  0.0615  0.0598
  0.0629  0.0607  0.0559  0.0586  0.0575  0.0574
  0.0564  0.0563  0.0565  0.0564  0.0565  0.0565
  0.0590  0.0600  0.0577  0.0581  0.0577  0.0573
  0.0705  0.0659  0.0612  0.0627  0.0618  0.0599
  0.0844  0.0758  0.0688  0.0670  0.0666  0.0634
niter,ni,del,rscale     4    3   12.0000    1.2000
parameters
   -4.3096   21.5909    8.5204   -6.4838    2.4128    0.8875
eta,q 0.94331 18.26785
  0.0824  0.0780  0.0696  0.0636  0.0671  0.0628
  0.0713  0.0694  0.0597  0.0618  0.0618  0.0599
  0.0627  0.0603  0.0561  0.0593  0.0578  0.0575
  0.0565  0.0566  0.0566  0.0566  0.0567  0.0567
  0.0592  0.0604  0.0580  0.0578  0.0579  0.0576
  0.0707  0.0664  0.0615  0.0618  0.0618  0.0601
  0.0849  0.0765  0.0690  0.0664  0.0665  0.0633
niter,ni,del,rscale     3    3   12.0000    1.2000
parameters
   -4.3569   21.6911    8.4693   -6.6617    2.4675    0.8306
eta,q 0.94317 18.28002
  0.0825  0.0773  0.0701  0.0637  0.0672  0.0629
  0.0713  0.0688  0.0602  0.0619  0.0619  0.0601
  0.0626  0.0603  0.0564  0.0597  0.0579  0.0577
  0.0567  0.0567  0.0568  0.0568  0.0568  0.0568
  0.0594  0.0606  0.0582  0.0576  0.0581  0.0577
  0.0707  0.0667  0.0618  0.0613  0.0620  0.0601
  0.0850  0.0769  0.0691  0.0660  0.0665  0.0633
niter,ni,del,rscale     2    3   12.0000    1.2000
parameters
   -4.3928   21.7431    8.4496   -6.7492    2.5065    0.7986
eta,q 0.94306 18.28517
  0.0826  0.0770  0.0704  0.0638  0.0672  0.0630
  0.0714  0.0685  0.0606  0.0619  0.0619  0.0602
  0.0626  0.0604  0.0566  0.0599  0.0580  0.0578
  0.0568  0.0569  0.0569  0.0569  0.0569  0.0569
  0.0595  0.0606  0.0583  0.0576  0.0583  0.0578
  0.0707  0.0669  0.0619  0.0610  0.0622  0.0602
  0.0849  0.0771  0.0692  0.0657  0.0665  0.0633
niter,ni,del,rscale     1    3   12.0000    1.2000
parameters
   -4.4159   21.7660    8.4409   -6.7893    2.5301    0.7805
eta,q 0.94300 18.28780
  0.0827  0.0768  0.0705  0.0638  0.0672  0.0631
  0.0715  0.0684  0.0607  0.0619  0.0618  0.0603
  0.0627  0.0604  0.0567  0.0600  0.0580  0.0579
  0.0569  0.0570  0.0570  0.0570  0.0570  0.0570
  0.0595  0.0607  0.0584  0.0575  0.0584  0.0578
  0.0706  0.0670  0.0620  0.0609  0.0622  0.0602
  0.0849  0.0773  0.0692  0.0656  0.0666  0.0632
registration optimization eta report
parameter search radius
    6.9000    6.9000    6.0000    6.9000    6.0000    6.0000
100000*second partial in parameter space
       55.       40.       37.       15.       27.       17.
  0.0827  0.0768  0.0705  0.0638  0.0672  0.0631
  0.0715  0.0684  0.0607  0.0619  0.0618  0.0603
  0.0627  0.0604  0.0567  0.0600  0.0580  0.0579
  0.0569  0.0570  0.0570  0.0570  0.0570  0.0570
  0.0595  0.0607  0.0584  0.0575  0.0584  0.0578
  0.0706  0.0670  0.0620  0.0609  0.0622  0.0602
  0.0849  0.0773  0.0692  0.0656  0.0666  0.0632
   -4.4159   21.7660    8.4409   -6.7893    2.5301    0.7805
eta,q 0.94300 18.28780

---------------------------------------------------------------------
imgreg_4dfp /opt/freesurfer/average/711-2C_as_mni_average_305 /opt/freesurfer/average/711-2B_as_mni_average_305_mask talsrcimg_g11 none talsrcimg_to_711-2C_as_mni_average_305_t4 3335
---------------------------------------------------------------------

freesurfer imgreg_4dfp.c
/opt/freesurfer/average/711-2C_as_mni_average_305.4dfp.img
       256       256       256         1
  1.000000  1.000000  1.000000
orientation T byte_order littleendian
Reading image: /opt/freesurfer/average/711-2C_as_mni_average_305.4dfp.img
dimensions:      256       256       256
mmppix:       1.0000   -1.0000   -1.0000
center:     128.0000 -129.0000 -129.0000
/opt/freesurfer/average/711-2B_as_mni_average_305_mask.4dfp.img
       256       256       256         1
  1.000000  1.000000  1.000000
orientation T byte_order littleendian
Reading mask: /opt/freesurfer/average/711-2B_as_mni_average_305_mask.4dfp.img (2306576 pixels)
talsrcimg_g11.4dfp.img
       256       256       256         1
  1.000000  1.000000  1.000000
orientation T byte_order littleendian
Reading image: talsrcimg_g11.4dfp.img
dimensions:      256       256       256
mmppix:       1.0000   -1.0000   -1.0000
center:     128.0000 -129.0000 -129.0000
fimgreg.f
image alignment mode   3335 decimal      D07 hex
parameters
   -4.4159   21.7660    8.4409   -0.1067   -0.7033   -0.7980
   -0.8308   -4.5441    1.3608   11.7611    4.4144  -11.8104
eta,q 0.94767 18.43289
niter,ni,del,rscale     5    3    5.0000    1.2000
parameter  4  1.825917 ->  0.500000 qaram    1.1500
parameter  5  1.191269 ->  0.500000 qaram    1.1500
parameter 12 -0.587080 -> -0.500000 qaram    1.1500
parameters
   -4.1677   21.8284    8.4748   -4.2467   -4.8433   -3.5185
   -1.4580   -3.6221    3.2778    9.6561    1.8281   -7.6704
eta,q 0.96585 18.20203
  0.0584  0.0559  0.0549  0.0376  0.0341  0.0364  0.0394  0.0427  0.0398  0.0367  0.0352  0.0377
  0.0554  0.0540  0.0534  0.0408  0.0352  0.0357  0.0373  0.0390  0.0379  0.0353  0.0348  0.0364
  0.0533  0.0527  0.0525  0.0456  0.0375  0.0356  0.0359  0.0367  0.0364  0.0348  0.0346  0.0353
  0.0523  0.0522  0.0522  0.0522  0.0420  0.0357  0.0356  0.0356  0.0355  0.0352  0.0348  0.0346
  0.0525  0.0526  0.0525  0.0607  0.0485  0.0369  0.0365  0.0356  0.0352  0.0363  0.0353  0.0342
  0.0538  0.0537  0.0534  0.0703  0.0558  0.0400  0.0384  0.0370  0.0357  0.0383  0.0360  0.0342
  0.0565  0.0556  0.0546  0.0788  0.0626  0.0456  0.0409  0.0398  0.0369  0.0410  0.0370  0.0344
niter,ni,del,rscale     7    3    5.0000    1.2000
parameter  2 -0.598221 -> -0.500000 qaram    1.1500
parameter  4  0.789193 ->  0.500000 qaram    1.3225
parameter  5  0.577378 ->  0.500000 qaram    1.3225
parameters
   -4.3614   23.2084    8.7995   -9.0077   -9.6043   -3.6315
   -1.4977   -3.7654    4.8005    9.3827    1.5493  -10.9058
eta,q 0.97418 17.63280
  0.0384  0.0418  0.0349  0.0274  0.0263  0.0288  0.0291  0.0309  0.0292  0.0293  0.0273  0.0264
  0.0359  0.0387  0.0339  0.0273  0.0262  0.0273  0.0273  0.0285  0.0277  0.0275  0.0266  0.0259
  0.0344  0.0361  0.0332  0.0290  0.0264  0.0265  0.0264  0.0268  0.0267  0.0264  0.0262  0.0258
  0.0341  0.0341  0.0328  0.0327  0.0276  0.0262  0.0262  0.0262  0.0262  0.0260  0.0260  0.0260
  0.0350  0.0330  0.0328  0.0389  0.0315  0.0263  0.0265  0.0268  0.0261  0.0264  0.0262  0.0266
  0.0370  0.0328  0.0332  0.0471  0.0381  0.0270  0.0274  0.0287  0.0264  0.0277  0.0267  0.0274
  0.0400  0.0336  0.0341  0.0570  0.0455  0.0293  0.0291  0.0314  0.0275  0.0300  0.0275  0.0283
niter,ni,del,rscale     7    3    5.0000    1.2000
parameters
   -4.5112   24.3638    9.5039  -11.9178  -12.1363   -3.3896
   -1.6135   -3.9745    4.8114   10.3750    0.9839  -12.2774
eta,q 0.97555 17.20741
  0.0297  0.0330  0.0278  0.0276  0.0274  0.0279  0.0273  0.0295  0.0269  0.0297  0.0256  0.0256
  0.0275  0.0298  0.0265  0.0259  0.0255  0.0262  0.0258  0.0270  0.0257  0.0272  0.0250  0.0248
  0.0262  0.0274  0.0256  0.0249  0.0247  0.0250  0.0249  0.0252  0.0249  0.0255  0.0246  0.0245
  0.0258  0.0258  0.0250  0.0249  0.0248  0.0246  0.0246  0.0246  0.0246  0.0246  0.0245  0.0245
  0.0265  0.0251  0.0249  0.0269  0.0258  0.0249  0.0250  0.0254  0.0249  0.0247  0.0248  0.0250
  0.0282  0.0253  0.0251  0.0319  0.0295  0.0256  0.0259  0.0273  0.0257  0.0258  0.0252  0.0256
  0.0309  0.0265  0.0258  0.0403  0.0369  0.0277  0.0275  0.0302  0.0269  0.0275  0.0260  0.0265
niter,ni,del,rscale     6    3    5.0000    1.2000
parameters
   -4.6303   24.3616    9.6524  -12.3819  -12.4235   -3.0915
   -1.6139   -3.9953    4.7535   10.5634    0.7828  -12.3216
eta,q 0.97548 17.16439
  0.0283  0.0287  0.0264  0.0294  0.0292  0.0280  0.0274  0.0296  0.0269  0.0288  0.0257  0.0263
  0.0261  0.0264  0.0254  0.0271  0.0268  0.0262  0.0259  0.0270  0.0256  0.0266  0.0251  0.0252
  0.0248  0.0249  0.0247  0.0254  0.0251  0.0250  0.0249  0.0252  0.0248  0.0251  0.0246  0.0246
  0.0245  0.0244  0.0244  0.0244  0.0245  0.0245  0.0245  0.0245  0.0245  0.0245  0.0245  0.0245
  0.0251  0.0250  0.0246  0.0247  0.0249  0.0248  0.0249  0.0251  0.0248  0.0250  0.0247  0.0248
  0.0267  0.0264  0.0251  0.0268  0.0262  0.0255  0.0259  0.0270  0.0257  0.0263  0.0251  0.0254
  0.0291  0.0286  0.0260  0.0316  0.0307  0.0276  0.0274  0.0298  0.0270  0.0283  0.0259  0.0262
niter,ni,del,rscale     5    3    5.0000    1.2000
parameters
   -4.6633   24.3552    9.7074  -12.3680  -12.4266   -3.0684
   -1.6147   -3.9979    4.7614   10.5569    0.7526  -12.2980
eta,q 0.97548 17.16467
  0.0286  0.0287  0.0264  0.0298  0.0294  0.0278  0.0274  0.0297  0.0269  0.0286  0.0258  0.0263
  0.0263  0.0264  0.0254  0.0274  0.0270  0.0260  0.0259  0.0270  0.0256  0.0264  0.0251  0.0252
  0.0249  0.0250  0.0247  0.0256  0.0252  0.0249  0.0248  0.0252  0.0248  0.0250  0.0247  0.0246
  0.0245  0.0245  0.0245  0.0245  0.0245  0.0245  0.0245  0.0245  0.0245  0.0245  0.0245  0.0245
  0.0251  0.0250  0.0247  0.0246  0.0248  0.0248  0.0249  0.0251  0.0248  0.0251  0.0247  0.0248
  0.0265  0.0265  0.0252  0.0264  0.0260  0.0256  0.0259  0.0270  0.0256  0.0265  0.0251  0.0253
  0.0288  0.0287  0.0262  0.0307  0.0302  0.0280  0.0274  0.0297  0.0269  0.0285  0.0258  0.0261
niter,ni,del,rscale     4    3    5.0000    1.2000
parameters
   -4.6652   24.3515    9.7109  -12.3704  -12.4234   -3.0642
   -1.6164   -3.9987    4.7654   10.5512    0.7475  -12.2927
eta,q 0.97549 17.16475
  0.0287  0.0287  0.0263  0.0298  0.0294  0.0277  0.0274  0.0297  0.0269  0.0286  0.0258  0.0263
  0.0264  0.0264  0.0253  0.0274  0.0270  0.0260  0.0259  0.0270  0.0256  0.0264  0.0251  0.0252
  0.0250  0.0250  0.0247  0.0256  0.0252  0.0249  0.0248  0.0252  0.0248  0.0250  0.0247  0.0246
  0.0245  0.0245  0.0245  0.0245  0.0245  0.0245  0.0245  0.0245  0.0245  0.0245  0.0245  0.0245
  0.0250  0.0250  0.0247  0.0246  0.0248  0.0248  0.0249  0.0251  0.0248  0.0251  0.0247  0.0248
  0.0264  0.0265  0.0253  0.0264  0.0260  0.0256  0.0259  0.0270  0.0256  0.0265  0.0251  0.0253
  0.0287  0.0287  0.0263  0.0308  0.0302  0.0280  0.0274  0.0297  0.0269  0.0285  0.0258  0.0261
registration optimization eta report
parameter search radius
    2.4000    2.7600    2.4000    9.5220    9.5220    7.2000
    7.2000    7.2000    7.2000    7.2000    7.2000    8.2800
100000*second partial in parameter space
       73.       55.       31.        6.        6.        7.
        6.       10.        5.        8.        2.        2.
  0.0287  0.0287  0.0263  0.0298  0.0294  0.0277  0.0274  0.0297  0.0269  0.0286  0.0258  0.0263
  0.0264  0.0264  0.0253  0.0274  0.0270  0.0260  0.0259  0.0270  0.0256  0.0264  0.0251  0.0252
  0.0250  0.0250  0.0247  0.0256  0.0252  0.0249  0.0248  0.0252  0.0248  0.0250  0.0247  0.0246
  0.0245  0.0245  0.0245  0.0245  0.0245  0.0245  0.0245  0.0245  0.0245  0.0245  0.0245  0.0245
  0.0250  0.0250  0.0247  0.0246  0.0248  0.0248  0.0249  0.0251  0.0248  0.0251  0.0247  0.0248
  0.0264  0.0265  0.0253  0.0264  0.0260  0.0256  0.0259  0.0270  0.0256  0.0265  0.0251  0.0253
  0.0287  0.0287  0.0263  0.0308  0.0302  0.0280  0.0274  0.0297  0.0269  0.0285  0.0258  0.0261
   -4.6652   24.3515    9.7109  -12.3704  -12.4234   -3.0642
   -1.6164   -3.9987    4.7654   10.5512    0.7475  -12.2927
eta,q 0.97549 17.16475

---------------------------------------------------------------------
imgreg_4dfp /opt/freesurfer/average/711-2C_as_mni_average_305 /opt/freesurfer/average/711-2B_as_mni_average_305_mask talsrcimg_g11 none talsrcimg_to_711-2C_as_mni_average_305_t4 2311
---------------------------------------------------------------------

freesurfer imgreg_4dfp.c
/opt/freesurfer/average/711-2C_as_mni_average_305.4dfp.img
       256       256       256         1
  1.000000  1.000000  1.000000
orientation T byte_order littleendian
Reading image: /opt/freesurfer/average/711-2C_as_mni_average_305.4dfp.img
dimensions:      256       256       256
mmppix:       1.0000   -1.0000   -1.0000
center:     128.0000 -129.0000 -129.0000
/opt/freesurfer/average/711-2B_as_mni_average_305_mask.4dfp.img
       256       256       256         1
  1.000000  1.000000  1.000000
orientation T byte_order littleendian
Reading mask: /opt/freesurfer/average/711-2B_as_mni_average_305_mask.4dfp.img (2306576 pixels)
talsrcimg_g11.4dfp.img
       256       256       256         1
  1.000000  1.000000  1.000000
orientation T byte_order littleendian
Reading image: talsrcimg_g11.4dfp.img
dimensions:      256       256       256
mmppix:       1.0000   -1.0000   -1.0000
center:     128.0000 -129.0000 -129.0000
fimgreg.f
image alignment mode   2311 decimal      907 hex
parameters
   -4.6652   24.3515    9.7109  -12.3704  -12.4234   -3.0642
   -1.6164   -3.9987    4.7654   10.5512    0.7475  -12.2927
eta,q 0.97548 17.16476
niter,ni,del,rscale     5    3    5.0000    0.8000
parameters
   -4.6765   24.3391    9.7179  -11.1911  -11.7364   -2.7926
   -1.5548   -4.0370    4.8780   10.4882    0.8769  -12.4537
eta,q 0.97564 17.35633
  0.0264  0.0260  0.0253  0.0265  0.0258  0.0259  0.0257  0.0269  0.0255  0.0262  0.0250  0.0249
  0.0253  0.0252  0.0249  0.0256  0.0250  0.0250  0.0250  0.0255  0.0249  0.0252  0.0247  0.0246
  0.0247  0.0247  0.0246  0.0250  0.0245  0.0245  0.0245  0.0247  0.0245  0.0246  0.0244  0.0244
  0.0245  0.0245  0.0245  0.0245  0.0244  0.0244  0.0244  0.0244  0.0244  0.0244  0.0244  0.0244
  0.0248  0.0247  0.0246  0.0243  0.0244  0.0245  0.0245  0.0247  0.0245  0.0246  0.0244  0.0245
  0.0254  0.0252  0.0249  0.0246  0.0247  0.0249  0.0249  0.0256  0.0248  0.0253  0.0246  0.0246
  0.0264  0.0260  0.0253  0.0253  0.0251  0.0255  0.0256  0.0270  0.0254  0.0263  0.0250  0.0250
niter,ni,del,rscale     4    3    5.0000    0.7000
parameters
   -4.6111   24.3809    9.6843  -11.1486  -11.8004   -2.8514
   -1.5500   -4.0078    4.9192   10.5263    0.8488  -12.5770
eta,q 0.97565 17.35210
  0.0260  0.0256  0.0249  0.0256  0.0251  0.0253  0.0253  0.0263  0.0252  0.0259  0.0248  0.0248
  0.0251  0.0249  0.0246  0.0250  0.0247  0.0247  0.0248  0.0253  0.0247  0.0251  0.0246  0.0245
  0.0246  0.0245  0.0244  0.0246  0.0244  0.0244  0.0245  0.0246  0.0245  0.0245  0.0244  0.0244
  0.0244  0.0244  0.0244  0.0244  0.0244  0.0244  0.0244  0.0244  0.0244  0.0244  0.0244  0.0244
  0.0245  0.0245  0.0244  0.0244  0.0245  0.0245  0.0245  0.0246  0.0244  0.0245  0.0244  0.0244
  0.0250  0.0248  0.0247  0.0249  0.0247  0.0248  0.0248  0.0252  0.0247  0.0250  0.0246  0.0246
  0.0257  0.0254  0.0250  0.0257  0.0251  0.0253  0.0253  0.0263  0.0252  0.0258  0.0248  0.0248
niter,ni,del,rscale     3    3    5.0000    0.6000
parameters
   -4.6071   24.3959    9.6732  -11.0524  -11.8559   -2.9142
   -1.5369   -3.9956    4.9256   10.5456    0.8421  -12.6441
eta,q 0.97566 17.35041
  0.0255  0.0252  0.0248  0.0253  0.0249  0.0251  0.0251  0.0258  0.0250  0.0255  0.0247  0.0247
  0.0249  0.0247  0.0245  0.0248  0.0246  0.0246  0.0247  0.0250  0.0246  0.0249  0.0245  0.0245
  0.0245  0.0245  0.0244  0.0245  0.0244  0.0244  0.0244  0.0245  0.0244  0.0245  0.0244  0.0244
  0.0244  0.0244  0.0244  0.0244  0.0244  0.0243  0.0243  0.0243  0.0243  0.0243  0.0243  0.0243
  0.0245  0.0244  0.0244  0.0244  0.0244  0.0245  0.0244  0.0245  0.0244  0.0245  0.0244  0.0244
  0.0249  0.0247  0.0246  0.0247  0.0246  0.0247  0.0247  0.0250  0.0246  0.0248  0.0245  0.0245
  0.0255  0.0252  0.0248  0.0253  0.0249  0.0250  0.0251  0.0258  0.0250  0.0254  0.0247  0.0247
niter,ni,del,rscale     2    3    5.0000    0.5000
parameters
   -4.6006   24.4091    9.6597  -10.9597  -11.9111   -3.0107
   -1.5315   -3.9759    4.9356   10.5615    0.8357  -12.7006
eta,q 0.97566 17.34533
  0.0251  0.0249  0.0247  0.0250  0.0247  0.0248  0.0248  0.0254  0.0248  0.0251  0.0246  0.0245
  0.0247  0.0246  0.0245  0.0247  0.0245  0.0245  0.0246  0.0248  0.0245  0.0247  0.0244  0.0244
  0.0244  0.0244  0.0244  0.0245  0.0244  0.0244  0.0244  0.0245  0.0244  0.0244  0.0244  0.0243
  0.0243  0.0243  0.0243  0.0243  0.0243  0.0243  0.0243  0.0243  0.0243  0.0243  0.0243  0.0243
  0.0244  0.0244  0.0244  0.0244  0.0244  0.0244  0.0244  0.0244  0.0244  0.0244  0.0244  0.0244
  0.0247  0.0246  0.0245  0.0246  0.0245  0.0246  0.0246  0.0248  0.0245  0.0247  0.0244  0.0244
  0.0251  0.0249  0.0247  0.0250  0.0247  0.0248  0.0248  0.0254  0.0248  0.0251  0.0246  0.0246
niter,ni,del,rscale     1    3    5.0000    0.4000
parameters
   -4.5956   24.4235    9.6400  -10.8817  -11.9717   -3.1191
   -1.5176   -3.9569    4.9475   10.5592    0.8416  -12.7478
eta,q 0.97567 17.33710
  0.0248  0.0247  0.0245  0.0248  0.0246  0.0247  0.0247  0.0250  0.0246  0.0248  0.0245  0.0245
  0.0246  0.0245  0.0244  0.0246  0.0244  0.0245  0.0245  0.0246  0.0245  0.0246  0.0244  0.0244
  0.0244  0.0244  0.0244  0.0244  0.0243  0.0243  0.0244  0.0244  0.0244  0.0244  0.0243  0.0243
  0.0243  0.0243  0.0243  0.0243  0.0243  0.0243  0.0243  0.0243  0.0243  0.0243  0.0243  0.0243
  0.0244  0.0244  0.0244  0.0244  0.0244  0.0244  0.0244  0.0244  0.0244  0.0244  0.0243  0.0243
  0.0246  0.0245  0.0244  0.0245  0.0245  0.0245  0.0245  0.0246  0.0245  0.0246  0.0244  0.0244
  0.0248  0.0247  0.0245  0.0248  0.0246  0.0247  0.0247  0.0250  0.0246  0.0248  0.0245  0.0245
registration optimization eta report
parameter search radius
    0.8000    0.8000    0.8000    2.4000    2.4000    2.4000
    2.4000    2.4000    2.4000    2.4000    2.4000    2.4000
100000*second partial in parameter space
       78.       59.       32.        8.        4.        6.
        6.       12.        5.        9.        3.        2.
  0.0248  0.0247  0.0245  0.0248  0.0246  0.0247  0.0247  0.0250  0.0246  0.0248  0.0245  0.0245
  0.0246  0.0245  0.0244  0.0246  0.0244  0.0245  0.0245  0.0246  0.0245  0.0246  0.0244  0.0244
  0.0244  0.0244  0.0244  0.0244  0.0243  0.0243  0.0244  0.0244  0.0244  0.0244  0.0243  0.0243
  0.0243  0.0243  0.0243  0.0243  0.0243  0.0243  0.0243  0.0243  0.0243  0.0243  0.0243  0.0243
  0.0244  0.0244  0.0244  0.0244  0.0244  0.0244  0.0244  0.0244  0.0244  0.0244  0.0243  0.0243
  0.0246  0.0245  0.0244  0.0245  0.0245  0.0245  0.0245  0.0246  0.0245  0.0246  0.0244  0.0244
  0.0248  0.0247  0.0245  0.0248  0.0246  0.0247  0.0247  0.0250  0.0246  0.0248  0.0245  0.0245
   -4.5956   24.4235    9.6400  -10.8817  -11.9717   -3.1191
   -1.5176   -3.9569    4.9475   10.5592    0.8416  -12.7478
eta,q 0.97567 17.33710

---------------------------------------------------------------------
imgreg_4dfp /opt/freesurfer/average/711-2C_as_mni_average_305 /opt/freesurfer/average/711-2B_as_mni_average_305_mask talsrcimg_g11 none talsrcimg_to_711-2C_as_mni_average_305_t4 2311
---------------------------------------------------------------------

freesurfer imgreg_4dfp.c
/opt/freesurfer/average/711-2C_as_mni_average_305.4dfp.img
       256       256       256         1
  1.000000  1.000000  1.000000
orientation T byte_order littleendian
Reading image: /opt/freesurfer/average/711-2C_as_mni_average_305.4dfp.img
dimensions:      256       256       256
mmppix:       1.0000   -1.0000   -1.0000
center:     128.0000 -129.0000 -129.0000
/opt/freesurfer/average/711-2B_as_mni_average_305_mask.4dfp.img
       256       256       256         1
  1.000000  1.000000  1.000000
orientation T byte_order littleendian
Reading mask: /opt/freesurfer/average/711-2B_as_mni_average_305_mask.4dfp.img (2306576 pixels)
talsrcimg_g11.4dfp.img
       256       256       256         1
  1.000000  1.000000  1.000000
orientation T byte_order littleendian
Reading image: talsrcimg_g11.4dfp.img
dimensions:      256       256       256
mmppix:       1.0000   -1.0000   -1.0000
center:     128.0000 -129.0000 -129.0000
fimgreg.f
image alignment mode   2311 decimal      907 hex
parameters
   -4.5956   24.4235    9.6400  -10.8817  -11.9717   -3.1191
   -1.5176   -3.9569    4.9475   10.5592    0.8416  -12.7478
eta,q 0.97567 17.33710
niter,ni,del,rscale     5    3    5.0000    0.8000
parameters
   -4.5873   24.4266    9.6277  -11.2172  -11.7638   -2.8690
   -1.5518   -4.0098    4.9163   10.6049    0.8640  -12.5890
eta,q 0.97564 17.35503
  0.0263  0.0258  0.0251  0.0257  0.0255  0.0258  0.0256  0.0268  0.0254  0.0263  0.0250  0.0250
  0.0252  0.0250  0.0247  0.0250  0.0249  0.0250  0.0249  0.0255  0.0248  0.0253  0.0246  0.0246
  0.0246  0.0245  0.0244  0.0245  0.0245  0.0245  0.0245  0.0247  0.0245  0.0246  0.0244  0.0244
  0.0243  0.0243  0.0243  0.0243  0.0243  0.0243  0.0244  0.0244  0.0244  0.0244  0.0244  0.0244
  0.0245  0.0245  0.0244  0.0245  0.0245  0.0245  0.0245  0.0247  0.0245  0.0246  0.0244  0.0244
  0.0252  0.0250  0.0247  0.0252  0.0248  0.0249  0.0249  0.0256  0.0248  0.0252  0.0246  0.0246
  0.0263  0.0258  0.0252  0.0263  0.0253  0.0255  0.0257  0.0270  0.0255  0.0262  0.0250  0.0249
niter,ni,del,rscale     4    3    5.0000    0.7000
parameters
   -4.6061   24.3991    9.6646  -11.1384  -11.8050   -2.8579
   -1.5486   -4.0073    4.9176   10.5633    0.8502  -12.6087
eta,q 0.97565 17.35463
  0.0258  0.0254  0.0250  0.0256  0.0251  0.0254  0.0253  0.0263  0.0252  0.0258  0.0248  0.0248
  0.0250  0.0249  0.0247  0.0250  0.0247  0.0248  0.0248  0.0253  0.0247  0.0250  0.0246  0.0245
  0.0245  0.0245  0.0244  0.0246  0.0244  0.0244  0.0245  0.0246  0.0245  0.0245  0.0244  0.0244
  0.0244  0.0244  0.0244  0.0244  0.0243  0.0244  0.0244  0.0244  0.0244  0.0244  0.0244  0.0244
  0.0246  0.0245  0.0244  0.0244  0.0245  0.0245  0.0245  0.0246  0.0244  0.0245  0.0244  0.0244
  0.0251  0.0249  0.0246  0.0248  0.0247  0.0248  0.0248  0.0252  0.0247  0.0251  0.0246  0.0245
  0.0259  0.0255  0.0249  0.0256  0.0251  0.0253  0.0253  0.0263  0.0252  0.0258  0.0248  0.0248
niter,ni,del,rscale     3    3    5.0000    0.6000
parameters
   -4.6034   24.4030    9.6688  -11.0462  -11.8538   -2.9144
   -1.5377   -3.9968    4.9269   10.5548    0.8414  -12.6496
eta,q 0.97566 17.35185
  0.0255  0.0252  0.0248  0.0253  0.0249  0.0251  0.0251  0.0258  0.0250  0.0254  0.0247  0.0247
  0.0249  0.0247  0.0246  0.0248  0.0246  0.0246  0.0247  0.0250  0.0246  0.0248  0.0245  0.0245
  0.0245  0.0245  0.0244  0.0245  0.0244  0.0244  0.0244  0.0245  0.0244  0.0245  0.0244  0.0244
  0.0244  0.0244  0.0244  0.0244  0.0243  0.0243  0.0243  0.0243  0.0243  0.0243  0.0243  0.0243
  0.0245  0.0244  0.0244  0.0244  0.0244  0.0245  0.0244  0.0245  0.0244  0.0245  0.0244  0.0244
  0.0249  0.0247  0.0246  0.0247  0.0246  0.0247  0.0247  0.0250  0.0246  0.0249  0.0245  0.0245
  0.0255  0.0252  0.0248  0.0253  0.0249  0.0250  0.0251  0.0258  0.0250  0.0254  0.0247  0.0247
niter,ni,del,rscale     2    3    5.0000    0.5000
parameters
   -4.5992   24.4127    9.6596  -10.9575  -11.9038   -3.0125
   -1.5282   -3.9749    4.9474   10.5638    0.8369  -12.6964
eta,q 0.97566 17.34616
  0.0251  0.0249  0.0247  0.0250  0.0247  0.0248  0.0248  0.0254  0.0248  0.0251  0.0246  0.0245
  0.0247  0.0246  0.0245  0.0247  0.0245  0.0245  0.0246  0.0248  0.0245  0.0247  0.0244  0.0244
  0.0244  0.0244  0.0244  0.0245  0.0244  0.0244  0.0244  0.0245  0.0244  0.0244  0.0244  0.0243
  0.0243  0.0243  0.0243  0.0243  0.0243  0.0243  0.0243  0.0243  0.0243  0.0243  0.0243  0.0243
  0.0244  0.0244  0.0244  0.0244  0.0244  0.0244  0.0244  0.0244  0.0244  0.0244  0.0244  0.0244
  0.0247  0.0246  0.0245  0.0246  0.0245  0.0246  0.0246  0.0248  0.0245  0.0247  0.0244  0.0244
  0.0251  0.0249  0.0247  0.0250  0.0247  0.0249  0.0248  0.0254  0.0248  0.0251  0.0246  0.0245
niter,ni,del,rscale     1    3    5.0000    0.4000
parameters
   -4.5937   24.4252    9.6418  -10.8789  -11.9635   -3.1148
   -1.5022   -3.9551    4.9585   10.5635    0.8427  -12.7428
eta,q 0.97567 17.33840
  0.0248  0.0247  0.0245  0.0248  0.0246  0.0247  0.0247  0.0250  0.0246  0.0248  0.0245  0.0245
  0.0246  0.0245  0.0244  0.0246  0.0244  0.0245  0.0245  0.0246  0.0245  0.0246  0.0244  0.0244
  0.0244  0.0244  0.0244  0.0244  0.0243  0.0243  0.0244  0.0244  0.0244  0.0244  0.0243  0.0243
  0.0243  0.0243  0.0243  0.0243  0.0243  0.0243  0.0243  0.0243  0.0243  0.0243  0.0243  0.0243
  0.0244  0.0244  0.0244  0.0244  0.0244  0.0244  0.0244  0.0244  0.0244  0.0244  0.0243  0.0244
  0.0246  0.0245  0.0244  0.0245  0.0245  0.0245  0.0245  0.0246  0.0245  0.0246  0.0244  0.0244
  0.0248  0.0247  0.0245  0.0248  0.0246  0.0247  0.0246  0.0250  0.0246  0.0248  0.0245  0.0245
registration optimization eta report
parameter search radius
    0.8000    0.8000    0.8000    2.4000    2.4000    2.4000
    2.4000    2.4000    2.4000    2.4000    2.4000    2.4000
100000*second partial in parameter space
       79.       59.       32.        8.        4.        6.
        6.       12.        5.        9.        3.        2.
  0.0248  0.0247  0.0245  0.0248  0.0246  0.0247  0.0247  0.0250  0.0246  0.0248  0.0245  0.0245
  0.0246  0.0245  0.0244  0.0246  0.0244  0.0245  0.0245  0.0246  0.0245  0.0246  0.0244  0.0244
  0.0244  0.0244  0.0244  0.0244  0.0243  0.0243  0.0244  0.0244  0.0244  0.0244  0.0243  0.0243
  0.0243  0.0243  0.0243  0.0243  0.0243  0.0243  0.0243  0.0243  0.0243  0.0243  0.0243  0.0243
  0.0244  0.0244  0.0244  0.0244  0.0244  0.0244  0.0244  0.0244  0.0244  0.0244  0.0243  0.0244
  0.0246  0.0245  0.0244  0.0245  0.0245  0.0245  0.0245  0.0246  0.0245  0.0246  0.0244  0.0244
  0.0248  0.0247  0.0245  0.0248  0.0246  0.0247  0.0246  0.0250  0.0246  0.0248  0.0245  0.0245
   -4.5937   24.4252    9.6418  -10.8789  -11.9635   -3.1148
   -1.5022   -3.9551    4.9585   10.5635    0.8427  -12.7428
eta,q 0.97567 17.33840

---------------------------------------------------------------------
compute_vox2vox talsrcimg talsrcimg_to_711-2C_as_mni_average_305_t4 /opt/freesurfer/average/711-2C_as_mni_average_305
---------------------------------------------------------------------

freesurfer compute_vox2vox.c
Reading: talsrcimg.4dfp.ifh
Reading: talsrcimg_to_711-2C_as_mni_average_305_t4
Reading: /opt/freesurfer/average/711-2C_as_mni_average_305.4dfp.ifh
Writing: talsrcimg_to_711-2C_as_mni_average_305_t4_vox2vox.txt

start time Mon Mar 9 16:47:45 CET 2026
end		time Mon Mar 9 16:49:10 CET 2026

mpr2mni305 success

avi2talxfm orig_nu.mgz /opt/freesurfer/average/mni305.cor.mgz talsrcimg_to_711-2C_as_mni_average_305_t4_vox2vox.txt transforms/talairach.auto.xfm
avi2talxfm done
mv -f /out/sourcedata/freesurfer/sub-v1s22x0050529_ses-1/mri/talsrcimg_to_711-2C_as_mni_average_305_t4_vox2vox.txt /out/sourcedata/freesurfer/sub-v1s22x0050529_ses-1/mri/transforms/talsrcimg_to_711-2C_as_mni_average_305_t4_vox2vox.txt
lta_convert --src orig_nu.mgz --trg /opt/freesurfer/average/mni305.cor.mgz --inxfm transforms/talairach.auto.xfm --outlta transforms/talairach.auto.xfm.lta --subject fsaverage
7.3.2

--src: orig_nu.mgz src image (geometry).
--trg: /opt/freesurfer/average/mni305.cor.mgz trg image (geometry).
--inmni: transforms/talairach.auto.xfm input MNI/XFM transform.
--outlta: transforms/talairach.auto.xfm.lta output LTA.
--s: fsaverage subject name
 LTA read, type : 1
 1.12025   0.04297   0.02534   2.43596;
-0.01776   1.01543   0.14668  -56.11397;
-0.06097  -0.12426   1.11687  -27.86237;
 0.00000   0.00000   0.00000   1.00000;
setting subject to fsaverage
Writing  LTA to file transforms/talairach.auto.xfm.lta...
lta_convert successful.
 
 
Started at Mon Mar 9 16:47:45 CET 2026
Ended   at Mon Mar  9 16:49:11 CET 2026
talairach_avi done
