status file for recon-all
Mon Mar  9 16:37:17 CET 2026
#@# MotionCor Mon Mar  9 16:37:24 CET 2026
#@# Talairach Mon Mar  9 16:37:43 CET 2026
#@# Talairach Failure Detection Mon Mar  9 16:42:09 CET 2026
#@# Nu Intensity Correction Mon Mar  9 16:42:09 CET 2026
#@# Intensity Normalization Mon Mar  9 16:45:24 CET 2026
recon-all -s sub-v1s22x0050526_ses-1 finished without error at Mon Mar  9 16:47:03 CET 2026



#New# invocation of recon-all 



status file for recon-all
Mon Mar  9 16:58:02 CET 2026
#@# EM Registration Mon Mar  9 16:58:02 CET 2026
recon-all -s sub-v1s22x0050526_ses-1 finished without error at Mon Mar  9 16:59:48 CET 2026



#New# invocation of recon-all 



status file for recon-all
Mon Mar  9 16:59:52 CET 2026
#@# CA Normalize Mon Mar  9 16:59:52 CET 2026
#@# CA Reg Mon Mar  9 17:01:15 CET 2026
#@# SubCort Seg Mon Mar  9 17:46:18 CET 2026
#@# CC Seg Mon Mar  9 18:17:00 CET 2026
#@# Merge ASeg Mon Mar  9 18:17:33 CET 2026
#@# Intensity Normalization2 Mon Mar  9 18:17:33 CET 2026
#@# Mask BFS Mon Mar  9 18:19:51 CET 2026
#@# WM Segmentation Mon Mar  9 18:19:52 CET 2026
#@# Fill Mon Mar  9 18:21:48 CET 2026
recon-all -s sub-v1s22x0050526_ses-1 finished without error at Mon Mar  9 18:22:50 CET 2026



#New# invocation of recon-all 



status file for recon-all
Mon Mar  9 19:02:11 CET 2026
#@# white curv lh Mon Mar  9 19:02:11 CET 2026
#@# white area lh Mon Mar  9 19:02:11 CET 2026
#@# pial curv lh Mon Mar  9 19:02:11 CET 2026
#@# pial area lh Mon Mar  9 19:02:11 CET 2026
#@# thickness lh Mon Mar  9 19:02:11 CET 2026
#@# area and vertex vol lh Mon Mar  9 19:02:11 CET 2026
#@# white curv rh Mon Mar  9 19:02:11 CET 2026
#@# white area rh Mon Mar  9 19:02:11 CET 2026
#@# pial curv rh Mon Mar  9 19:02:11 CET 2026
#@# pial area rh Mon Mar  9 19:02:11 CET 2026
#@# thickness rh Mon Mar  9 19:02:11 CET 2026
#@# area and vertex vol rh Mon Mar  9 19:02:11 CET 2026
#@# Cortical ribbon mask Mon Mar  9 19:02:11 CET 2026
recon-all -s sub-v1s22x0050526_ses-1 finished without error at Mon Mar  9 19:09:27 CET 2026



#New# invocation of recon-all 



status file for recon-all
Mon Mar  9 19:15:37 CET 2026
#@# white curv lh Mon Mar  9 19:15:37 CET 2026
#@# white area lh Mon Mar  9 19:15:38 CET 2026
#@# pial curv lh Mon Mar  9 19:15:38 CET 2026
#@# pial area lh Mon Mar  9 19:15:38 CET 2026
#@# thickness lh Mon Mar  9 19:15:38 CET 2026
#@# area and vertex vol lh Mon Mar  9 19:15:38 CET 2026
#@# white curv rh Mon Mar  9 19:15:38 CET 2026
#@# white area rh Mon Mar  9 19:15:38 CET 2026
#@# pial curv rh Mon Mar  9 19:15:38 CET 2026
#@# pial area rh Mon Mar  9 19:15:38 CET 2026
#@# thickness rh Mon Mar  9 19:15:38 CET 2026
#@# area and vertex vol rh Mon Mar  9 19:15:38 CET 2026
#@# Curvature Stats lh Mon Mar  9 19:15:38 CET 2026
#@# Curvature Stats rh Mon Mar  9 19:15:40 CET 2026
#@# Relabel Hypointensities Mon Mar  9 19:15:42 CET 2026
#@# APas-to-ASeg Mon Mar  9 19:15:56 CET 2026
#@# AParc-to-ASeg aparc Mon Mar  9 19:16:04 CET 2026
#@# AParc-to-ASeg aparc.a2009s Mon Mar  9 19:16:22 CET 2026
#@# AParc-to-ASeg aparc.DKTatlas Mon Mar  9 19:16:40 CET 2026
#@# WMParc Mon Mar  9 19:16:58 CET 2026
#@# ASeg Stats Mon Mar  9 19:20:46 CET 2026
recon-all -s sub-v1s22x0050526_ses-1 finished without error at Mon Mar  9 19:21:18 CET 2026
