status file for recon-all
Mon Mar  9 15:02:19 CET 2026
#@# Tessellate rh Mon Mar  9 15:02:19 CET 2026
#@# Smooth1 rh Mon Mar  9 15:02:22 CET 2026
#@# Inflation1 rh Mon Mar  9 15:02:25 CET 2026
#@# QSphere rh Mon Mar  9 15:02:39 CET 2026
#@# Fix Topology rh Mon Mar  9 15:04:14 CET 2026
#@# Smooth2 rh Mon Mar  9 15:09:33 CET 2026
#@# Inflation2 rh Mon Mar  9 15:09:36 CET 2026
#@# Curv .H and .K rh Mon Mar  9 15:09:51 CET 2026
#@# Sphere rh Mon Mar  9 15:10:39 CET 2026
#@# Surf Reg rh Mon Mar  9 15:13:35 CET 2026
#@# Jacobian white rh Mon Mar  9 15:17:01 CET 2026
#@# AvgCurv rh Mon Mar  9 15:17:02 CET 2026
#@# Cortical Parc rh Mon Mar  9 15:17:03 CET 2026
#@# white curv rh Mon Mar  9 15:23:08 CET 2026
#@# white area rh Mon Mar  9 15:23:10 CET 2026
#@# pial curv rh Mon Mar  9 15:23:11 CET 2026
#@# pial area rh Mon Mar  9 15:23:13 CET 2026
#@# thickness rh Mon Mar  9 15:23:14 CET 2026
#@# area and vertex vol rh Mon Mar  9 15:23:46 CET 2026
#@# Curvature Stats rh Mon Mar  9 15:23:48 CET 2026
#@# Cortical Parc 2 rh Mon Mar  9 15:23:51 CET 2026
#@# Cortical Parc 3 rh Mon Mar  9 15:24:06 CET 2026
#@# WM/GM Contrast rh Mon Mar  9 15:24:16 CET 2026
recon-all -s sub-v1s22x0050465_ses-1 finished without error at Mon Mar  9 15:24:22 CET 2026



#New# invocation of recon-all 



status file for recon-all
Mon Mar  9 15:32:23 CET 2026
#@# white curv rh Mon Mar  9 15:32:23 CET 2026
#@# white area rh Mon Mar  9 15:32:23 CET 2026
#@# pial curv rh Mon Mar  9 15:32:23 CET 2026
#@# pial area rh Mon Mar  9 15:32:23 CET 2026
#@# thickness rh Mon Mar  9 15:32:23 CET 2026
#@# area and vertex vol rh Mon Mar  9 15:32:23 CET 2026
#@# Parcellation Stats rh Mon Mar  9 15:32:23 CET 2026
#@# Parcellation Stats 2 rh Mon Mar  9 15:32:43 CET 2026
#@# Parcellation Stats 3 rh Mon Mar  9 15:32:52 CET 2026
#@# BA_exvivo Labels rh Mon Mar  9 15:33:02 CET 2026
recon-all -s sub-v1s22x0050465_ses-1 finished without error at Mon Mar  9 15:35:55 CET 2026
