status file for recon-all
Mon Mar  9 14:39:19 CET 2026
#@# Tessellate lh Mon Mar  9 14:39:19 CET 2026
#@# Smooth1 lh Mon Mar  9 14:39:22 CET 2026
#@# Inflation1 lh Mon Mar  9 14:39:25 CET 2026
#@# QSphere lh Mon Mar  9 14:39:38 CET 2026
#@# Fix Topology lh Mon Mar  9 14:40:54 CET 2026
#@# Smooth2 lh Mon Mar  9 14:45:55 CET 2026
#@# Inflation2 lh Mon Mar  9 14:45:58 CET 2026
#@# Curv .H and .K lh Mon Mar  9 14:46:13 CET 2026
#@# Sphere lh Mon Mar  9 14:47:01 CET 2026
#@# Surf Reg lh Mon Mar  9 14:50:55 CET 2026
#@# Jacobian white lh Mon Mar  9 14:55:11 CET 2026
#@# AvgCurv lh Mon Mar  9 14:55:12 CET 2026
#@# Cortical Parc lh Mon Mar  9 14:55:13 CET 2026
#@# white curv lh Mon Mar  9 15:01:04 CET 2026
#@# white area lh Mon Mar  9 15:01:06 CET 2026
#@# pial curv lh Mon Mar  9 15:01:07 CET 2026
#@# pial area lh Mon Mar  9 15:01:08 CET 2026
#@# thickness lh Mon Mar  9 15:01:09 CET 2026
#@# area and vertex vol lh Mon Mar  9 15:01:41 CET 2026
#@# Curvature Stats lh Mon Mar  9 15:01:42 CET 2026
#@# Cortical Parc 2 lh Mon Mar  9 15:01:45 CET 2026
#@# Cortical Parc 3 lh Mon Mar  9 15:02:00 CET 2026
#@# WM/GM Contrast lh Mon Mar  9 15:02:11 CET 2026
recon-all -s sub-v1s22x0050465_ses-1 finished without error at Mon Mar  9 15:02:16 CET 2026



#New# invocation of recon-all 



status file for recon-all
Mon Mar  9 15:28:49 CET 2026
#@# white curv lh Mon Mar  9 15:28:49 CET 2026
#@# white area lh Mon Mar  9 15:28:49 CET 2026
#@# pial curv lh Mon Mar  9 15:28:49 CET 2026
#@# pial area lh Mon Mar  9 15:28:49 CET 2026
#@# thickness lh Mon Mar  9 15:28:49 CET 2026
#@# area and vertex vol lh Mon Mar  9 15:28:49 CET 2026
#@# Parcellation Stats lh Mon Mar  9 15:28:49 CET 2026
#@# Parcellation Stats 2 lh Mon Mar  9 15:29:08 CET 2026
#@# Parcellation Stats 3 lh Mon Mar  9 15:29:18 CET 2026
#@# BA_exvivo Labels lh Mon Mar  9 15:29:28 CET 2026
recon-all -s sub-v1s22x0050465_ses-1 finished without error at Mon Mar  9 15:32:21 CET 2026
