status file for recon-all
Mon Mar  9 15:20:52 CET 2026
#@# Tessellate lh Mon Mar  9 15:20:52 CET 2026
#@# Smooth1 lh Mon Mar  9 15:20:54 CET 2026
#@# Inflation1 lh Mon Mar  9 15:20:56 CET 2026
#@# QSphere lh Mon Mar  9 15:21:09 CET 2026
#@# Fix Topology lh Mon Mar  9 15:22:25 CET 2026
#@# Smooth2 lh Mon Mar  9 15:27:16 CET 2026
#@# Inflation2 lh Mon Mar  9 15:27:19 CET 2026
#@# Curv .H and .K lh Mon Mar  9 15:27:34 CET 2026
#@# Sphere lh Mon Mar  9 15:28:13 CET 2026
#@# Surf Reg lh Mon Mar  9 15:31:14 CET 2026
#@# Jacobian white lh Mon Mar  9 15:37:52 CET 2026
#@# AvgCurv lh Mon Mar  9 15:37:53 CET 2026
#@# Cortical Parc lh Mon Mar  9 15:37:54 CET 2026
#@# white curv lh Mon Mar  9 15:44:13 CET 2026
#@# white area lh Mon Mar  9 15:44:15 CET 2026
#@# pial curv lh Mon Mar  9 15:44:15 CET 2026
#@# pial area lh Mon Mar  9 15:44:17 CET 2026
#@# thickness lh Mon Mar  9 15:44:17 CET 2026
#@# area and vertex vol lh Mon Mar  9 15:44:38 CET 2026
#@# Curvature Stats lh Mon Mar  9 15:44:39 CET 2026
#@# Cortical Parc 2 lh Mon Mar  9 15:44:40 CET 2026
#@# Cortical Parc 3 lh Mon Mar  9 15:44:51 CET 2026
#@# WM/GM Contrast lh Mon Mar  9 15:44:59 CET 2026
recon-all -s sub-v1s22x0050474_ses-1 finished without error at Mon Mar  9 15:45:04 CET 2026



#New# invocation of recon-all 



status file for recon-all
Mon Mar  9 16:16:06 CET 2026
#@# white curv lh Mon Mar  9 16:16:06 CET 2026
#@# white area lh Mon Mar  9 16:16:06 CET 2026
#@# pial curv lh Mon Mar  9 16:16:06 CET 2026
#@# pial area lh Mon Mar  9 16:16:06 CET 2026
#@# thickness lh Mon Mar  9 16:16:06 CET 2026
#@# area and vertex vol lh Mon Mar  9 16:16:06 CET 2026
#@# Parcellation Stats lh Mon Mar  9 16:16:06 CET 2026
#@# Parcellation Stats 2 lh Mon Mar  9 16:16:22 CET 2026
#@# Parcellation Stats 3 lh Mon Mar  9 16:16:30 CET 2026
#@# BA_exvivo Labels lh Mon Mar  9 16:16:38 CET 2026
recon-all -s sub-v1s22x0050474_ses-1 finished without error at Mon Mar  9 16:18:45 CET 2026
