status file for recon-all
Mon Mar  9 13:47:43 CET 2026
#@# MotionCor Mon Mar  9 13:47:49 CET 2026
#@# Talairach Mon Mar  9 13:47:58 CET 2026
#@# Talairach Failure Detection Mon Mar  9 13:50:48 CET 2026
#@# Nu Intensity Correction Mon Mar  9 13:50:48 CET 2026
#@# Intensity Normalization Mon Mar  9 13:53:33 CET 2026
recon-all -s sub-v1s22x0050474_ses-1 finished without error at Mon Mar  9 13:54:38 CET 2026



#New# invocation of recon-all 



status file for recon-all
Mon Mar  9 14:03:56 CET 2026
#@# EM Registration Mon Mar  9 14:03:56 CET 2026
recon-all -s sub-v1s22x0050474_ses-1 finished without error at Mon Mar  9 14:08:26 CET 2026



#New# invocation of recon-all 



status file for recon-all
Mon Mar  9 14:08:28 CET 2026
#@# CA Normalize Mon Mar  9 14:08:28 CET 2026
#@# CA Reg Mon Mar  9 14:09:22 CET 2026
#@# SubCort Seg Mon Mar  9 14:56:29 CET 2026
#@# CC Seg Mon Mar  9 15:16:43 CET 2026
#@# Merge ASeg Mon Mar  9 15:17:03 CET 2026
#@# Intensity Normalization2 Mon Mar  9 15:17:03 CET 2026
#@# Mask BFS Mon Mar  9 15:18:37 CET 2026
#@# WM Segmentation Mon Mar  9 15:18:38 CET 2026
#@# Fill Mon Mar  9 15:20:09 CET 2026
recon-all -s sub-v1s22x0050474_ses-1 finished without error at Mon Mar  9 15:20:46 CET 2026



#New# invocation of recon-all 



status file for recon-all
Mon Mar  9 16:12:04 CET 2026
#@# white curv lh Mon Mar  9 16:12:04 CET 2026
#@# white area lh Mon Mar  9 16:12:05 CET 2026
#@# pial curv lh Mon Mar  9 16:12:05 CET 2026
#@# pial area lh Mon Mar  9 16:12:05 CET 2026
#@# thickness lh Mon Mar  9 16:12:05 CET 2026
#@# area and vertex vol lh Mon Mar  9 16:12:05 CET 2026
#@# white curv rh Mon Mar  9 16:12:05 CET 2026
#@# white area rh Mon Mar  9 16:12:05 CET 2026
#@# pial curv rh Mon Mar  9 16:12:05 CET 2026
#@# pial area rh Mon Mar  9 16:12:05 CET 2026
#@# thickness rh Mon Mar  9 16:12:05 CET 2026
#@# area and vertex vol rh Mon Mar  9 16:12:05 CET 2026
#@# Cortical ribbon mask Mon Mar  9 16:12:05 CET 2026
recon-all -s sub-v1s22x0050474_ses-1 finished without error at Mon Mar  9 16:16:01 CET 2026



#New# invocation of recon-all 



status file for recon-all
Mon Mar  9 16:21:28 CET 2026
#@# white curv lh Mon Mar  9 16:21:28 CET 2026
#@# white area lh Mon Mar  9 16:21:28 CET 2026
#@# pial curv lh Mon Mar  9 16:21:28 CET 2026
#@# pial area lh Mon Mar  9 16:21:28 CET 2026
#@# thickness lh Mon Mar  9 16:21:28 CET 2026
#@# area and vertex vol lh Mon Mar  9 16:21:28 CET 2026
#@# white curv rh Mon Mar  9 16:21:28 CET 2026
#@# white area rh Mon Mar  9 16:21:28 CET 2026
#@# pial curv rh Mon Mar  9 16:21:28 CET 2026
#@# pial area rh Mon Mar  9 16:21:28 CET 2026
#@# thickness rh Mon Mar  9 16:21:28 CET 2026
#@# area and vertex vol rh Mon Mar  9 16:21:28 CET 2026
#@# Curvature Stats lh Mon Mar  9 16:21:28 CET 2026
#@# Curvature Stats rh Mon Mar  9 16:21:30 CET 2026
#@# Relabel Hypointensities Mon Mar  9 16:21:32 CET 2026
#@# APas-to-ASeg Mon Mar  9 16:21:42 CET 2026
#@# AParc-to-ASeg aparc Mon Mar  9 16:21:49 CET 2026
#@# AParc-to-ASeg aparc.a2009s Mon Mar  9 16:22:06 CET 2026
#@# AParc-to-ASeg aparc.DKTatlas Mon Mar  9 16:22:30 CET 2026
#@# WMParc Mon Mar  9 16:22:54 CET 2026
#@# ASeg Stats Mon Mar  9 16:24:55 CET 2026
recon-all -s sub-v1s22x0050474_ses-1 finished without error at Mon Mar  9 16:25:17 CET 2026
