/out/sourcedata/freesurfer/sub-v1s22x0050521_ses-1/mri
/opt/freesurfer/bin/talairach_avi
--i orig_nu.mgz --xfm transforms/talairach.auto.xfm
talairach_avi 7.3.2
Linux dna067 5.14.0-427.37.1.el9_4.x86_64 #1 SMP PREEMPT_DYNAMIC Fri Sep 13 12:41:50 EDT 2024 x86_64 x86_64 x86_64 GNU/Linux
Mon Mar  9 16:17:21 CET 2026
mri_convert orig_nu.mgz talsrcimg.img 
reading from orig_nu.mgz...
TR=0.00, TE=0.00, TI=0.00, flip angle=0.00
i_ras = (-1, -4.46678e-23, 0)
j_ras = (0, 0, -1)
k_ras = (4.30134e-23, 1, 1.05879e-22)
writing to talsrcimg.img...
Analyze Output Matrix
-1.00000   0.00000   0.00000   128.83301;
-0.00000   0.00000   1.00000  -92.24103;
 0.00000  -1.00000   0.00000   106.07397;
 0.00000   0.00000   0.00000   1.00000;
--------------------
INFO: set hdr.hist.orient to -1
mpr2mni305 talsrcimg
Mon Mar  9 16:17:21 CET 2026
/opt/freesurfer/bin/mpr2mni305 talsrcimg
mpr2mni305 7.3.2
target=711-2C_as_mni_average_305

---------------------------------------------------------------------
analyzeto4dfp talsrcimg -O0 -y
---------------------------------------------------------------------

freesurfer ifh2hdr.c
Mon Mar  9 16:17:22 2026
Writing: talsrcimg.4dfp.hdr
freesurfer analyzeto4dfp.c
Reading: talsrcimg.hdr
header size 348 bytes
hdr.dime.datatype	offset=70	value=2
hdr.dime.bitpix		offset=72	value=8
hdr.hist.orient		offset=252	value=-1
dimensionality     4
dimensions       256       256       256         1
Reading: talsrcimg.img
Writing: talsrcimg.4dfp.img
Writing: talsrcimg.4dfp.ifh
ifh2hdr talsrcimg -r0to182
ori=2

---------------------------------------------------------------------
gauss_4dfp talsrcimg 1.1
---------------------------------------------------------------------

freesurfer gauss_4dfp.c
Reading: talsrcimg.4dfp.img
Writing: talsrcimg_g11.4dfp.img
image dimensions 256 256 256 padded to 288 288 288
processing volume 1freesurfer ifh2hdr.c
Mon Mar  9 16:17:23 2026
Writing: talsrcimg_g11.4dfp.hdr

Writing: talsrcimg_g11.4dfp.ifh
including: talsrcimg.4dfp.img.rec in talsrcimg_g11.4dfp.img.rec

---------------------------------------------------------------------
imgreg_4dfp /opt/freesurfer/average/711-2C_as_mni_average_305 none talsrcimg_g11 none talsrcimg_to_711-2C_as_mni_average_305_t4 4355
---------------------------------------------------------------------

freesurfer imgreg_4dfp.c
/opt/freesurfer/average/711-2C_as_mni_average_305.4dfp.img
       256       256       256         1
  1.000000  1.000000  1.000000
orientation T byte_order littleendian
Reading image: /opt/freesurfer/average/711-2C_as_mni_average_305.4dfp.img
dimensions:      256       256       256
mmppix:       1.0000   -1.0000   -1.0000
center:     128.0000 -129.0000 -129.0000
talsrcimg_g11.4dfp.img
       256       256       256         1
  1.000000  1.000000  1.000000
orientation T byte_order littleendian
Reading image: talsrcimg_g11.4dfp.img
dimensions:      256       256       256
mmppix:       1.0000   -1.0000   -1.0000
center:     128.0000 -129.0000 -129.0000
t4_read: open error in t4_sub.f l:  41 t4_file(1:l)talsrcimg_to_711-2C_as_mni_average_305_t4 
t4_read: transform initialized to I4
rotation matrix determinant  1.000000
image alignment mode   4355 decimal     1103 hex
   -7.5000  -45.0000  -45.0000 6062.9297   22.6683
    0.0000  -45.0000  -45.0000 6300.9087   22.6666
    7.5000  -45.0000  -45.0000 6096.9429   22.6861
   -7.5000  -37.5000  -45.0000 6598.6396   21.9929
    0.0000  -37.5000  -45.0000 6871.9189   21.9866
    7.5000  -37.5000  -45.0000 6626.6021   21.9931
   -7.5000  -30.0000  -45.0000 7438.2979   21.5020
    0.0000  -30.0000  -45.0000 7755.5938   21.4828
    7.5000  -30.0000  -45.0000 7466.3193   21.4715
   -7.5000  -22.5000  -45.0000 8352.9004   21.2753
    0.0000  -22.5000  -45.0000 8740.5986   21.2522
    7.5000  -22.5000  -45.0000 8392.7236   21.2386
   -7.5000  -15.0000  -45.0000 9283.2686   21.1934
    0.0000  -15.0000  -45.0000 9748.1846   21.1785
    7.5000  -15.0000  -45.0000 9337.3398   21.1783
   -7.5000   -7.5000  -45.000010221.5352   21.1106
    0.0000   -7.5000  -45.000010741.0605   21.1079
    7.5000   -7.5000  -45.000010261.1211   21.1232
   -7.5000    0.0000  -45.000011078.7949   21.0696
    0.0000    0.0000  -45.000011654.5059   21.0710
    7.5000    0.0000  -45.000011105.7471   21.0894
   -7.5000    7.5000  -45.000011087.3799   21.0613
    0.0000    7.5000  -45.000011667.4033   21.0551
    7.5000    7.5000  -45.000011091.6348   21.0596
   -7.5000   15.0000  -45.000010949.7676   21.0779
    0.0000   15.0000  -45.000011519.1768   21.0593
    7.5000   15.0000  -45.000010931.6729   21.0473
   -7.5000   22.5000  -45.000010746.8398   21.1039
    0.0000   22.5000  -45.000011307.5537   21.0808
    7.5000   22.5000  -45.000010722.9375   21.0669
   -7.5000   30.0000  -45.000010378.3457   20.8381
    0.0000   30.0000  -45.000010917.2324   20.8233
    7.5000   30.0000  -45.000010359.3408   20.8229
   -7.5000   37.5000  -45.000010296.6406   20.8145
    0.0000   37.5000  -45.000010846.9717   20.8115
    7.5000   37.5000  -45.000010278.0527   20.8265
   -7.5000   45.0000  -45.0000 9804.3086   20.2609
    0.0000   45.0000  -45.000010356.0654   20.2623
    7.5000   45.0000  -45.0000 9778.2227   20.2800
   -7.5000  -45.0000  -37.5000 6384.3071   22.6055
    0.0000  -45.0000  -37.5000 6637.1289   22.5894
    7.5000  -45.0000  -37.5000 6407.4814   22.6024
   -7.5000  -37.5000  -37.5000 6952.8667   21.9298
    0.0000  -37.5000  -37.5000 7246.0063   21.9131
    7.5000  -37.5000  -37.5000 6964.0225   21.9128
   -7.5000  -30.0000  -37.5000 7845.0547   21.4360
    0.0000  -30.0000  -37.5000 8187.7456   21.4102
    7.5000  -30.0000  -37.5000 7848.3652   21.3905
   -7.5000  -22.5000  -37.5000 8842.2295   21.2114
    0.0000  -22.5000  -37.5000 9254.4062   21.1825
    7.5000  -22.5000  -37.5000 8857.5674   21.1603
   -7.5000  -15.0000  -37.5000 9830.7754   21.1349
    0.0000  -15.0000  -37.500010301.4082   21.1120
    7.5000  -15.0000  -37.5000 9844.5107   21.1052
   -7.5000   -7.5000  -37.500010801.9268   21.0569
    0.0000   -7.5000  -37.500011360.7178   21.0432
    7.5000   -7.5000  -37.500010816.3018   21.0533
   -7.5000    0.0000  -37.500011716.3594   21.0169
    0.0000    0.0000  -37.500012312.9629   21.0062
    7.5000    0.0000  -37.500011692.0078   21.0189
   -7.5000    7.5000  -37.500011705.2422   21.0034
    0.0000    7.5000  -37.500012315.8516   20.9876
    7.5000    7.5000  -37.500011669.5098   20.9855
   -7.5000   15.0000  -37.500011561.2520   21.0146
    0.0000   15.0000  -37.500012166.8604   20.9896
    7.5000   15.0000  -37.500011523.5273   20.9695
   -7.5000   22.5000  -37.500011348.7686   21.0408
    0.0000   22.5000  -37.500011968.2383   21.0121
    7.5000   22.5000  -37.500011323.0146   20.9896
   -7.5000   30.0000  -37.500010932.8535   20.7804
    0.0000   30.0000  -37.500011525.9492   20.7578
    7.5000   30.0000  -37.500010890.0898   20.7508
   -7.5000   37.5000  -37.500010815.0986   20.7614
    0.0000   37.5000  -37.500011428.1846   20.7477
    7.5000   37.5000  -37.500010766.3408   20.7575
   -7.5000   45.0000  -37.500010282.6846   20.2102
    0.0000   45.0000  -37.500010885.6426   20.2000
    7.5000   45.0000  -37.500010238.3604   20.2122
   -7.5000  -45.0000  -30.0000 6772.9409   23.5615
    0.0000  -45.0000  -30.0000 7049.4224   23.5438
    7.5000  -45.0000  -30.0000 6782.9487   23.5502
   -7.5000  -37.5000  -30.0000 7419.4658   22.8653
    0.0000  -37.5000  -30.0000 7733.8228   22.8492
    7.5000  -37.5000  -30.0000 7408.9712   22.8446
   -7.5000  -30.0000  -30.0000 8414.9502   22.3558
    0.0000  -30.0000  -30.0000 8798.3525   22.3282
    7.5000  -30.0000  -30.0000 8383.3193   22.3023
   -7.5000  -22.5000  -30.0000 9503.7480   22.1197
    0.0000  -22.5000  -30.0000 9942.0732   22.0853
    7.5000  -22.5000  -30.0000 9468.3193   22.0542
   -7.5000  -15.0000  -30.000010552.8291   22.0348
    0.0000  -15.0000  -30.000011049.3662   22.0049
    7.5000  -15.0000  -30.000010526.0684   21.9883
   -7.5000   -7.5000  -30.000011578.9316   21.9487
    0.0000   -7.5000  -30.000012158.8428   21.9304
    7.5000   -7.5000  -30.000011544.8984   21.9322
   -7.5000    0.0000  -30.000012559.9727   21.9067
    0.0000    0.0000  -30.000013201.4951   21.8950
    7.5000    0.0000  -30.000012499.5557   21.9024
   -7.5000    7.5000  -30.000012547.1973   21.8990
    0.0000    7.5000  -30.000013188.3711   21.8835
    7.5000    7.5000  -30.000012458.3584   21.8774
   -7.5000   15.0000  -30.000012403.7207   21.9161
    0.0000   15.0000  -30.000013043.4248   21.8895
    7.5000   15.0000  -30.000012320.8799   21.8633
   -7.5000   22.5000  -30.000012151.0332   21.9398
    0.0000   22.5000  -30.000012806.6094   21.9057
    7.5000   22.5000  -30.000012068.9688   21.8744
   -7.5000   30.0000  -30.000011673.9141   21.6673
    0.0000   30.0000  -30.000012313.2422   21.6379
    7.5000   30.0000  -30.000011615.5400   21.6212
   -7.5000   37.5000  -30.000011533.1885   21.6427
    0.0000   37.5000  -30.000012188.3975   21.6244
    7.5000   37.5000  -30.000011474.3799   21.6262
   -7.5000   45.0000  -30.000010940.5273   21.0814
    0.0000   45.0000  -30.000011580.2383   21.0702
    7.5000   45.0000  -30.000010893.0586   21.0773
   -7.5000  -45.0000  -22.5000 7196.0044   24.3841
    0.0000  -45.0000  -22.5000 7493.1621   24.3813
    7.5000  -45.0000  -22.5000 7194.3374   24.3887
   -7.5000  -37.5000  -22.5000 7927.8745   23.6740
    0.0000  -37.5000  -22.5000 8285.8115   23.6695
    7.5000  -37.5000  -22.5000 7916.1919   23.6690
   -7.5000  -30.0000  -22.5000 9019.6211   23.1591
    0.0000  -30.0000  -22.5000 9426.7871   23.1359
    7.5000  -30.0000  -22.5000 8981.4189   23.1139
   -7.5000  -22.5000  -22.500010167.0605   22.9138
    0.0000  -22.5000  -22.500010654.0371   22.8791
    7.5000  -22.5000  -22.500010147.8057   22.8490
   -7.5000  -15.0000  -22.500011253.8037   22.8162
    0.0000  -15.0000  -22.500011834.4775   22.7873
    7.5000  -15.0000  -22.500011260.6064   22.7680
   -7.5000   -7.5000  -22.500012323.2725   22.7166
    0.0000   -7.5000  -22.500012988.9014   22.7057
    7.5000   -7.5000  -22.500012326.8408   22.7050
   -7.5000    0.0000  -22.500013385.4375   22.6702
    0.0000    0.0000  -22.500014124.2832   22.6713
    7.5000    0.0000  -22.500013366.7461   22.6798
   -7.5000    7.5000  -22.500013373.0332   22.6730
    0.0000    7.5000  -22.500014073.3135   22.6680
    7.5000    7.5000  -22.500013291.4150   22.6659
   -7.5000   15.0000  -22.500013198.3135   22.7031
    0.0000   15.0000  -22.500013889.1836   22.6807
    7.5000   15.0000  -22.500013114.3213   22.6583
   -7.5000   22.5000  -22.500012921.1406   22.7263
    0.0000   22.5000  -22.500013619.4961   22.6919
    7.5000   22.5000  -22.500012854.1875   22.6614
   -7.5000   30.0000  -22.500012417.4736   22.4396
    0.0000   30.0000  -22.500013130.1855   22.4110
    7.5000   30.0000  -22.500012381.4209   22.3917
   -7.5000   37.5000  -22.500012283.7881   22.4034
    0.0000   37.5000  -22.500013010.3232   22.3925
    7.5000   37.5000  -22.500012260.8760   22.3917
   -7.5000   45.0000  -22.500011616.6475   21.8326
    0.0000   45.0000  -22.500012322.4033   21.8335
    7.5000   45.0000  -22.500011598.0801   21.8418
   -7.5000  -45.0000  -15.0000 7631.3403   24.9780
    0.0000  -45.0000  -15.0000 7975.5649   24.9916
    7.5000  -45.0000  -15.0000 7634.9839   25.0062
   -7.5000  -37.5000  -15.0000 8432.4561   24.2525
    0.0000  -37.5000  -15.0000 8840.0967   24.2596
    7.5000  -37.5000  -15.0000 8431.9062   24.2678
   -7.5000  -30.0000  -15.0000 9588.0469   23.7313
    0.0000  -30.0000  -15.000010036.4160   23.7153
    7.5000  -30.0000  -15.0000 9574.0186   23.7033
   -7.5000  -22.5000  -15.000010774.7617   23.4813
    0.0000  -22.5000  -15.000011309.8281   23.4522
    7.5000  -22.5000  -15.000010796.1357   23.4316
   -7.5000  -15.0000  -15.000011921.1904   23.3774
    0.0000  -15.0000  -15.000012556.9688   23.3564
    7.5000  -15.0000  -15.000011970.1025   23.3440
   -7.5000   -7.5000  -15.000013079.5791   23.2701
    0.0000   -7.5000  -15.000013806.4131   23.2713
    7.5000   -7.5000  -15.000013132.4121   23.2759
   -7.5000    0.0000  -15.000014180.6758   23.2200
    0.0000    0.0000  -15.000015007.6094   23.2348
    7.5000    0.0000  -15.000014199.1025   23.2497
   -7.5000    7.5000  -15.000014132.2676   23.2267
    0.0000    7.5000  -15.000014897.3438   23.2325
    7.5000    7.5000  -15.000014108.9180   23.2386
   -7.5000   15.0000  -15.000013945.5322   23.2637
    0.0000   15.0000  -15.000014665.6729   23.2482
    7.5000   15.0000  -15.000013929.2012   23.2354
   -7.5000   22.5000  -15.000013684.1318   23.2881
    0.0000   22.5000  -15.000014413.4111   23.2592
    7.5000   22.5000  -15.000013675.9863   23.2382
   -7.5000   30.0000  -15.000013182.5576   22.9951
    0.0000   30.0000  -15.000013950.6631   22.9743
    7.5000   30.0000  -15.000013204.5078   22.9617
   -7.5000   37.5000  -15.000013034.4658   22.9526
    0.0000   37.5000  -15.000013828.5547   22.9536
    7.5000   37.5000  -15.000013064.1367   22.9581
   -7.5000   45.0000  -15.000012331.2959   22.3755
    0.0000   45.0000  -15.000013070.6035   22.3897
    7.5000   45.0000  -15.000012338.7031   22.4042
   -7.5000  -45.0000   -7.5000 8078.9741   25.2642
    0.0000  -45.0000   -7.5000 8459.8525   25.2777
    7.5000  -45.0000   -7.5000 8111.8701   25.2991
   -7.5000  -37.5000   -7.5000 8916.3008   24.5224
    0.0000  -37.5000   -7.5000 9348.1152   24.5282
    7.5000  -37.5000   -7.5000 8942.9111   24.5395
   -7.5000  -30.0000   -7.500010141.3350   23.9883
    0.0000  -30.0000   -7.500010634.8887   23.9735
    7.5000  -30.0000   -7.500010141.4141   23.9657
   -7.5000  -22.5000   -7.500011401.1562   23.7362
    0.0000  -22.5000   -7.500012002.3730   23.7122
    7.5000  -22.5000   -7.500011427.6162   23.6988
   -7.5000  -15.0000   -7.500012632.0410   23.6371
    0.0000  -15.0000   -7.500013337.6729   23.6226
    7.5000  -15.0000   -7.500012688.4307   23.6195
   -7.5000   -7.5000   -7.500013823.6465   23.5350
    0.0000   -7.5000   -7.500014620.9990   23.5399
    7.5000   -7.5000   -7.500013942.8154   23.5531
   -7.5000    0.0000   -7.500015047.6309   23.4855
    0.0000    0.0000   -7.500015950.2246   23.5000
    7.5000    0.0000   -7.500015163.1357   23.5206
   -7.5000    7.5000   -7.500015041.8594   23.4854
    0.0000    7.5000   -7.500015864.5596   23.4902
    7.5000    7.5000   -7.500015123.4541   23.4993
   -7.5000   15.0000   -7.500014830.7393   23.5158
    0.0000   15.0000   -7.500015542.4824   23.5014
    7.5000   15.0000   -7.500014946.0117   23.4927
   -7.5000   22.5000   -7.500014546.5059   23.5381
    0.0000   22.5000   -7.500015266.5742   23.5142
    7.5000   22.5000   -7.500014646.5000   23.5003
   -7.5000   30.0000   -7.500014061.0488   23.2498
    0.0000   30.0000   -7.500014823.4629   23.2354
    7.5000   30.0000   -7.500014162.7793   23.2320
   -7.5000   37.5000   -7.500013907.9336   23.2133
    0.0000   37.5000   -7.500014677.8789   23.2180
    7.5000   37.5000   -7.500013981.9121   23.2309
   -7.5000   45.0000   -7.500013149.7695   22.6356
    0.0000   45.0000   -7.500013920.3096   22.6496
    7.5000   45.0000   -7.500013205.0537   22.6694
   -7.5000  -45.0000    0.0000 8439.6348   25.3018
    0.0000  -45.0000    0.0000 8843.4199   25.2997
    7.5000  -45.0000    0.0000 8474.2217   25.3215
   -7.5000  -37.5000    0.0000 9342.7832   24.5483
    0.0000  -37.5000    0.0000 9776.1426   24.5409
    7.5000  -37.5000    0.0000 9360.8994   24.5481
   -7.5000  -30.0000    0.000010600.2471   24.0013
    0.0000  -30.0000    0.000011098.3555   23.9796
    7.5000  -30.0000    0.000010615.9414   23.9668
   -7.5000  -22.5000    0.000011895.4326   23.7499
    0.0000  -22.5000    0.000012524.5195   23.7238
    7.5000  -22.5000    0.000011948.8340   23.7085
   -7.5000  -15.0000    0.000013187.5967   23.6600
    0.0000  -15.0000    0.000013935.8184   23.6433
    7.5000  -15.0000    0.000013265.4609   23.6430
   -7.5000   -7.5000    0.000014451.3896   23.5683
    0.0000   -7.5000    0.000015288.3418   23.5651
    7.5000   -7.5000    0.000014598.2793   23.5822
   -7.5000    0.0000    0.000015758.9111   23.5216
    0.0000    0.0000    0.000016742.3164   23.5231
    7.5000    0.0000    0.000015975.0918   23.5435
   -7.5000    7.5000    0.000015950.4453   23.5109
    0.0000    7.5000    0.000016907.3789   23.5037
    7.5000    7.5000    0.000016205.2305   23.5087
   -7.5000   15.0000    0.000015819.0205   23.5291
    0.0000   15.0000    0.000016610.3301   23.5080
    7.5000   15.0000    0.000016088.6514   23.4944
   -7.5000   22.5000    0.000015539.9814   23.5513
    0.0000   22.5000    0.000016159.7227   23.5254
    7.5000   22.5000    0.000015695.7051   23.5096
   -7.5000   30.0000    0.000014982.7607   23.2726
    0.0000   30.0000    0.000015609.9863   23.2560
    7.5000   30.0000    0.000015090.8379   23.2554
   -7.5000   37.5000    0.000014803.5537   23.2468
    0.0000   37.5000    0.000015503.7109   23.2434
    7.5000   37.5000    0.000014857.4424   23.2601
   -7.5000   45.0000    0.000013990.9121   22.6722
    0.0000   45.0000    0.000014754.8984   22.6735
    7.5000   45.0000    0.000013995.7139   22.6932
   -7.5000  -45.0000    7.5000 8139.5088   25.2958
    0.0000  -45.0000    7.5000 8500.5166   25.2778
    7.5000  -45.0000    7.5000 8167.8345   25.2923
   -7.5000  -37.5000    7.5000 9012.1709   24.5397
    0.0000  -37.5000    7.5000 9442.9365   24.5211
    7.5000  -37.5000    7.5000 9034.6836   24.5207
   -7.5000  -30.0000    7.500010198.5645   23.9871
    0.0000  -30.0000    7.500010725.6416   23.9582
    7.5000  -30.0000    7.500010235.8018   23.9362
   -7.5000  -22.5000    7.500011450.8955   23.7358
    0.0000  -22.5000    7.500012096.4336   23.7034
    7.5000  -22.5000    7.500011535.8926   23.6785
   -7.5000  -15.0000    7.500012676.5967   23.6501
    0.0000  -15.0000    7.500013411.4062   23.6245
    7.5000  -15.0000    7.500012836.0605   23.6169
   -7.5000   -7.5000    7.500013947.2881   23.5629
    0.0000   -7.5000    7.500014698.3047   23.5476
    7.5000   -7.5000    7.500014164.4961   23.5588
   -7.5000    0.0000    7.500015263.5479   23.5182
    0.0000    0.0000    7.500016250.6914   23.5062
    7.5000    0.0000    7.500015567.4238   23.5204
   -7.5000    7.5000    7.500015620.6748   23.5031
    0.0000    7.5000    7.500016738.0293   23.4855
    7.5000    7.5000    7.500016063.5957   23.4831
   -7.5000   15.0000    7.500015745.0674   23.5156
    0.0000   15.0000    7.500016484.2520   23.4876
    7.5000   15.0000    7.500015959.5732   23.4651
   -7.5000   22.5000    7.500015389.9531   23.5373
    0.0000   22.5000    7.500015844.2051   23.5052
    7.5000   22.5000    7.500015346.7852   23.4800
   -7.5000   30.0000    7.500014733.4883   23.2626
    0.0000   30.0000    7.500015232.8174   23.2373
    7.5000   30.0000    7.500014605.6406   23.2294
   -7.5000   37.5000    7.500014504.7783   23.2413
    0.0000   37.5000    7.500015157.9307   23.2259
    7.5000   37.5000    7.500014375.7051   23.2369
   -7.5000   45.0000    7.500013646.5674   22.6688
    0.0000   45.0000    7.500014384.0176   22.6573
    7.5000   45.0000    7.500013522.4756   22.6709
   -7.5000  -45.0000   15.0000 7751.7217   25.3173
    0.0000  -45.0000   15.0000 8117.9712   25.2984
    7.5000  -45.0000   15.0000 7790.0879   25.3053
   -7.5000  -37.5000   15.0000 8585.9395   24.5695
    0.0000  -37.5000   15.0000 9017.6934   24.5522
    7.5000  -37.5000   15.0000 8647.4971   24.5474
   -7.5000  -30.0000   15.0000 9727.9238   24.0219
    0.0000  -30.0000   15.000010225.8428   23.9923
    7.5000  -30.0000   15.0000 9806.8145   23.9645
   -7.5000  -22.5000   15.000010925.3232   23.7681
    0.0000  -22.5000   15.000011522.0078   23.7312
    7.5000  -22.5000   15.000011068.0957   23.6977
   -7.5000  -15.0000   15.000012094.8945   23.6766
    0.0000  -15.0000   15.000012769.4150   23.6446
    7.5000  -15.0000   15.000012266.5654   23.6267
   -7.5000   -7.5000   15.000013309.5488   23.5839
    0.0000   -7.5000   15.000013980.2227   23.5642
    7.5000   -7.5000   15.000013508.8975   23.5662
   -7.5000    0.0000   15.000014564.3447   23.5387
    0.0000    0.0000   15.000015399.2783   23.5262
    7.5000    0.0000   15.000014834.6592   23.5342
   -7.5000    7.5000   15.000014875.0186   23.5306
    0.0000    7.5000   15.000015873.3613   23.5140
    7.5000    7.5000   15.000015162.0596   23.5074
   -7.5000   15.0000   15.000014961.6504   23.5492
    0.0000   15.0000   15.000015774.5273   23.5206
    7.5000   15.0000   15.000014957.6143   23.4925
   -7.5000   22.5000   15.000014640.7822   23.5694
    0.0000   22.5000   15.000015398.1992   23.5329
    7.5000   22.5000   15.000014517.6152   23.4991
   -7.5000   30.0000   15.000013991.5654   23.2886
    0.0000   30.0000   15.000014782.5664   23.2569
    7.5000   30.0000   15.000013885.4346   23.2390
   -7.5000   37.5000   15.000013739.6836   23.2619
    0.0000   37.5000   15.000014585.1895   23.2423
    7.5000   37.5000   15.000013682.9219   23.2442
   -7.5000   45.0000   15.000012899.6084   22.6886
    0.0000   45.0000   15.000013719.8555   22.6765
    7.5000   45.0000   15.000012872.1641   22.6842
   -7.5000  -45.0000   22.5000 7280.8091   25.4262
    0.0000  -45.0000   22.5000 7625.5088   25.4234
    7.5000  -45.0000   22.5000 7332.7969   25.4312
   -7.5000  -37.5000   22.5000 8086.9829   24.6895
    0.0000  -37.5000   22.5000 8509.8613   24.6848
    7.5000  -37.5000   22.5000 8178.0425   24.6842
   -7.5000  -30.0000   22.5000 9183.2754   24.1500
    0.0000  -30.0000   22.5000 9694.2412   24.1258
    7.5000  -30.0000   22.5000 9275.8936   24.1025
   -7.5000  -22.5000   22.500010314.9502   23.8921
    0.0000  -22.5000   22.500010910.8252   23.8559
    7.5000  -22.5000   22.500010422.2490   23.8242
   -7.5000  -15.0000   22.500011425.8682   23.7889
    0.0000  -15.0000   22.500012064.5752   23.7587
    7.5000  -15.0000   22.500011554.2744   23.7386
   -7.5000   -7.5000   22.500012572.6250   23.6846
    0.0000   -7.5000   22.500013213.0605   23.6734
    7.5000   -7.5000   22.500012728.3711   23.6727
   -7.5000    0.0000   22.500013774.3164   23.6371
    0.0000    0.0000   22.500014524.0869   23.6382
    7.5000    0.0000   22.500013972.4473   23.6472
   -7.5000    7.5000   22.500013969.7939   23.6408
    0.0000    7.5000   22.500014723.6318   23.6357
    7.5000    7.5000   22.500014126.4834   23.6334
   -7.5000   15.0000   22.500013917.3330   23.6724
    0.0000   15.0000   22.500014511.0518   23.6490
    7.5000   15.0000   22.500013862.1592   23.6253
   -7.5000   22.5000   22.500013590.8340   23.6921
    0.0000   22.5000   22.500014196.7695   23.6562
    7.5000   22.5000   22.500013555.2822   23.6242
   -7.5000   30.0000   22.500013049.6396   23.3991
    0.0000   30.0000   22.500013723.5254   23.3693
    7.5000   30.0000   22.500013115.3662   23.3492
   -7.5000   37.5000   22.500012886.8750   23.3613
    0.0000   37.5000   22.500013629.9980   23.3500
    7.5000   37.5000   22.500012996.5459   23.3492
   -7.5000   45.0000   22.500012136.8809   22.7834
    0.0000   45.0000   22.500012857.1484   22.7845
    7.5000   45.0000   22.500012230.0498   22.7932
   -7.5000  -45.0000   30.0000 6719.9165   25.6045
    0.0000  -45.0000   30.0000 7051.0024   25.6188
    7.5000  -45.0000   30.0000 6756.4771   25.6335
   -7.5000  -37.5000   30.0000 7490.7715   24.8678
    0.0000  -37.5000   30.0000 7920.1792   24.8752
    7.5000  -37.5000   30.0000 7555.4956   24.8829
   -7.5000  -30.0000   30.0000 8542.5576   24.3266
    0.0000  -30.0000   30.0000 9049.2129   24.3099
    7.5000  -30.0000   30.0000 8604.5518   24.2968
   -7.5000  -22.5000   30.0000 9604.4082   24.0661
    0.0000  -22.5000   30.000010135.4600   24.0359
    7.5000  -22.5000   30.0000 9674.0586   24.0139
   -7.5000  -15.0000   30.000010650.7500   23.9579
    0.0000  -15.0000   30.000011211.9717   23.9362
    7.5000  -15.0000   30.000010744.7783   23.9228
   -7.5000   -7.5000   30.000011694.7002   23.8476
    0.0000   -7.5000   30.000012291.3643   23.8490
    7.5000   -7.5000   30.000011832.5830   23.8534
   -7.5000    0.0000   30.000012738.7344   23.7971
    0.0000    0.0000   30.000013413.5283   23.8125
    7.5000    0.0000   30.000012909.8242   23.8275
   -7.5000    7.5000   30.000012836.0723   23.8045
    0.0000    7.5000   30.000013468.6738   23.8104
    7.5000    7.5000   30.000012961.9512   23.8162
   -7.5000   15.0000   30.000012687.6611   23.8420
    0.0000   15.0000   30.000013227.0859   23.8258
    7.5000   15.0000   30.000012715.2090   23.8119
   -7.5000   22.5000   30.000012378.9141   23.8634
    0.0000   22.5000   30.000012925.6768   23.8335
    7.5000   22.5000   30.000012451.2480   23.8111
   -7.5000   30.0000   30.000011917.7451   23.5652
    0.0000   30.0000   30.000012489.0723   23.5437
    7.5000   30.0000   30.000012052.2686   23.5302
   -7.5000   37.5000   30.000011840.4893   23.5221
    0.0000   37.5000   30.000012445.6797   23.5232
    7.5000   37.5000   30.000011984.9316   23.5274
   -7.5000   45.0000   30.000011213.1943   22.9377
    0.0000   45.0000   30.000011831.2334   22.9525
    7.5000   45.0000   30.000011348.4707   22.9670
   -7.5000  -45.0000   37.5000 6416.3657   26.1138
    0.0000  -45.0000   37.5000 6753.9321   26.1294
    7.5000  -45.0000   37.5000 6441.1138   26.1528
   -7.5000  -37.5000   37.5000 7187.2544   25.3479
    0.0000  -37.5000   37.5000 7607.5088   25.3549
    7.5000  -37.5000   37.5000 7234.0869   25.3671
   -7.5000  -30.0000   37.5000 8219.2441   24.7797
    0.0000  -30.0000   37.5000 8693.4336   24.7646
    7.5000  -30.0000   37.5000 8282.7852   24.7561
   -7.5000  -22.5000   37.5000 9214.9512   24.5108
    0.0000  -22.5000   37.5000 9705.1934   24.4858
    7.5000  -22.5000   37.5000 9279.4482   24.4716
   -7.5000  -15.0000   37.500010198.0391   24.4048
    0.0000  -15.0000   37.500010741.0186   24.3902
    7.5000  -15.0000   37.500010270.9365   24.3871
   -7.5000   -7.5000   37.500011173.4404   24.2964
    0.0000   -7.5000   37.500011792.8271   24.3027
    7.5000   -7.5000   37.500011305.3359   24.3172
   -7.5000    0.0000   37.500012156.7256   24.2443
    0.0000    0.0000   37.500012845.8066   24.2609
    7.5000    0.0000   37.500012321.2461   24.2832
   -7.5000    7.5000   37.500012220.2461   24.2447
    0.0000    7.5000   37.500012852.5146   24.2505
    7.5000    7.5000   37.500012352.2676   24.2602
   -7.5000   15.0000   37.500012071.4756   24.2769
    0.0000   15.0000   37.500012632.1426   24.2621
    7.5000   15.0000   37.500012149.7314   24.2527
   -7.5000   22.5000   37.500011782.9482   24.3004
    0.0000   22.5000   37.500012348.2227   24.2756
    7.5000   22.5000   37.500011905.2695   24.2608
   -7.5000   30.0000   37.500011366.5938   24.0031
    0.0000   30.0000   37.500011930.0430   23.9886
    7.5000   30.0000   37.500011510.4502   23.9851
   -7.5000   37.5000   37.500011309.8916   23.9644
    0.0000   37.5000   37.500011890.6172   23.9704
    7.5000   37.5000   37.500011449.4385   23.9846
   -7.5000   45.0000   37.500010741.6709   23.3688
    0.0000   45.0000   37.500011338.2031   23.3847
    7.5000   45.0000   37.500010892.4717   23.4062
   -7.5000  -45.0000   45.0000 5834.0654   26.6293
    0.0000  -45.0000   45.0000 6127.3198   26.6273
    7.5000  -45.0000   45.0000 5880.1167   26.6539
   -7.5000  -37.5000   45.0000 6539.1250   25.8249
    0.0000  -37.5000   45.0000 6880.9478   25.8158
    7.5000  -37.5000   45.0000 6591.1699   25.8251
   -7.5000  -30.0000   45.0000 7462.2744   25.2209
    0.0000  -30.0000   45.0000 7841.6162   25.1953
    7.5000  -30.0000   45.0000 7510.9971   25.1818
   -7.5000  -22.5000   45.0000 8361.5371   24.9400
    0.0000  -22.5000   45.0000 8784.3936   24.9097
    7.5000  -22.5000   45.0000 8416.4932   24.8936
   -7.5000  -15.0000   45.0000 9267.5664   24.8390
    0.0000  -15.0000   45.0000 9771.7568   24.8200
    7.5000  -15.0000   45.0000 9339.1699   24.8209
   -7.5000   -7.5000   45.000010172.0762   24.7379
    0.0000   -7.5000   45.000010755.5498   24.7345
    7.5000   -7.5000   45.000010298.6084   24.7551
   -7.5000    0.0000   45.000011078.9170   24.6876
    0.0000    0.0000   45.000011714.8340   24.6893
    7.5000    0.0000   45.000011222.1221   24.7138
   -7.5000    7.5000   45.000011133.6963   24.6769
    0.0000    7.5000   45.000011724.8623   24.6681
    7.5000    7.5000   45.000011243.4043   24.6748
   -7.5000   15.0000   45.000010985.6260   24.6967
    0.0000   15.0000   45.000011549.0059   24.6718
    7.5000   15.0000   45.000011104.8545   24.6574
   -7.5000   22.5000   45.000010730.4014   24.7203
    0.0000   22.5000   45.000011283.8809   24.6902
    7.5000   22.5000   45.000010860.9043   24.6735
   -7.5000   30.0000   45.000010368.9639   24.4254
    0.0000   30.0000   45.000010899.0068   24.4065
    7.5000   30.0000   45.000010505.8047   24.4070
   -7.5000   37.5000   45.000010349.9619   24.3972
    0.0000   37.5000   45.000010873.2842   24.3936
    7.5000   37.5000   45.000010476.5986   24.4139
   -7.5000   45.0000   45.0000 9836.2383   23.8068
    0.0000   45.0000   45.000010397.7686   23.8084
    7.5000   45.0000   45.0000 9987.0312   23.8321

---------------------------------------------------------------------
imgreg_4dfp /opt/freesurfer/average/711-2C_as_mni_average_305 /opt/freesurfer/average/711-2B_as_mni_average_305_mask talsrcimg_g11 none talsrcimg_to_711-2C_as_mni_average_305_t4 4355
---------------------------------------------------------------------

freesurfer imgreg_4dfp.c
/opt/freesurfer/average/711-2C_as_mni_average_305.4dfp.img
       256       256       256         1
  1.000000  1.000000  1.000000
orientation T byte_order littleendian
Reading image: /opt/freesurfer/average/711-2C_as_mni_average_305.4dfp.img
dimensions:      256       256       256
mmppix:       1.0000   -1.0000   -1.0000
center:     128.0000 -129.0000 -129.0000
/opt/freesurfer/average/711-2B_as_mni_average_305_mask.4dfp.img
       256       256       256         1
  1.000000  1.000000  1.000000
orientation T byte_order littleendian
Reading mask: /opt/freesurfer/average/711-2B_as_mni_average_305_mask.4dfp.img (2306576 pixels)
talsrcimg_g11.4dfp.img
       256       256       256         1
  1.000000  1.000000  1.000000
orientation T byte_order littleendian
Reading image: talsrcimg_g11.4dfp.img
dimensions:      256       256       256
mmppix:       1.0000   -1.0000   -1.0000
center:     128.0000 -129.0000 -129.0000
rotation matrix determinant  1.000000
image alignment mode   4355 decimal     1103 hex
   -7.5000  -37.5000  -45.0000 1917.5984   32.3715
    0.0000  -37.5000  -45.0000 1930.9968   32.1010
    7.5000  -37.5000  -45.0000 1918.0385   32.2646
   -7.5000  -30.0000  -45.0000 2028.5844   28.8092
    0.0000  -30.0000  -45.0000 2040.7992   28.5813
    7.5000  -30.0000  -45.0000 2030.2477   28.5996
   -7.5000  -22.5000  -45.0000 2128.6750   25.9618
    0.0000  -22.5000  -45.0000 2144.3586   25.8087
    7.5000  -22.5000  -45.0000 2134.2625   25.7637
   -7.5000  -15.0000  -45.0000 2216.5813   23.7698
    0.0000  -15.0000  -45.0000 2232.8035   23.6606
    7.5000  -15.0000  -45.0000 2225.3630   23.5937
   -7.5000   -7.5000  -45.0000 2286.6836   22.1948
    0.0000   -7.5000  -45.0000 2301.7830   22.1383
    7.5000   -7.5000  -45.0000 2289.4429   22.0466
   -7.5000    0.0000  -45.0000 2316.7117   21.2065
    0.0000    0.0000  -45.0000 2342.6331   21.1714
    7.5000    0.0000  -45.0000 2321.4189   21.0997
   -7.5000    7.5000  -45.0000 2335.7061   20.6037
    0.0000    7.5000  -45.0000 2364.3323   20.5399
    7.5000    7.5000  -45.0000 2343.3181   20.4848
   -7.5000   15.0000  -45.0000 2341.9949   20.3471
    0.0000   15.0000  -45.0000 2373.5002   20.2120
    7.5000   15.0000  -45.0000 2352.6365   20.1524
   -7.5000   22.5000  -45.0000 2346.9546   20.3283
    0.0000   22.5000  -45.0000 2381.3577   20.2048
    7.5000   22.5000  -45.0000 2358.9907   20.0789
   -7.5000   30.0000  -45.0000 2337.0969   20.6701
    0.0000   30.0000  -45.0000 2366.1917   20.5417
    7.5000   30.0000  -45.0000 2349.2622   20.3953
   -7.5000   37.5000  -45.0000 2298.5894   21.3840
    0.0000   37.5000  -45.0000 2330.7925   21.2628
    7.5000   37.5000  -45.0000 2318.8667   21.1400
   -7.5000   45.0000  -45.0000 2241.9978   22.4694
    0.0000   45.0000  -45.0000 2275.0728   22.2999
    7.5000   45.0000  -45.0000 2262.2349   22.2176
   -7.5000   52.5000  -45.0000 2156.0300   23.8494
    0.0000   52.5000  -45.0000 2183.3298   23.6069
    7.5000   52.5000  -45.0000 2165.7686   23.5468
   -7.5000  -37.5000  -37.5000 1967.8418   30.5052
    0.0000  -37.5000  -37.5000 1978.0801   30.3629
    7.5000  -37.5000  -37.5000 1966.2319   30.3547
   -7.5000  -30.0000  -37.5000 2086.6104   27.1236
    0.0000  -30.0000  -37.5000 2097.2292   27.0012
    7.5000  -30.0000  -37.5000 2086.5305   26.9335
   -7.5000  -22.5000  -37.5000 2200.1528   24.4235
    0.0000  -22.5000  -37.5000 2214.6614   24.3609
    7.5000  -22.5000  -37.5000 2202.8772   24.1979
   -7.5000  -15.0000  -37.5000 2293.9641   22.2741
    0.0000  -15.0000  -37.5000 2310.0095   22.2270
    7.5000  -15.0000  -37.5000 2297.9099   22.0806
   -7.5000   -7.5000  -37.5000 2365.7112   20.7455
    0.0000   -7.5000  -37.5000 2389.6233   20.6909
    7.5000   -7.5000  -37.5000 2372.2725   20.5834
   -7.5000    0.0000  -37.5000 2402.0303   19.7883
    0.0000    0.0000  -37.5000 2429.0391   19.7430
    7.5000    0.0000  -37.5000 2404.8987   19.6814
   -7.5000    7.5000  -37.5000 2425.1887   19.1895
    0.0000    7.5000  -37.5000 2453.1624   19.1320
    7.5000    7.5000  -37.5000 2430.8181   19.0492
   -7.5000   15.0000  -37.5000 2433.7246   18.8981
    0.0000   15.0000  -37.5000 2462.6284   18.7946
    7.5000   15.0000  -37.5000 2441.7898   18.7043
   -7.5000   22.5000  -37.5000 2439.0923   18.8818
    0.0000   22.5000  -37.5000 2476.7158   18.7819
    7.5000   22.5000  -37.5000 2454.2266   18.7034
   -7.5000   30.0000  -37.5000 2426.0986   19.2197
    0.0000   30.0000  -37.5000 2460.1333   19.0948
    7.5000   30.0000  -37.5000 2442.5669   18.9974
   -7.5000   37.5000  -37.5000 2391.0933   19.8693
    0.0000   37.5000  -37.5000 2429.4871   19.7622
    7.5000   37.5000  -37.5000 2410.1477   19.6663
   -7.5000   45.0000  -37.5000 2332.6174   20.8233
    0.0000   45.0000  -37.5000 2365.8137   20.7290
    7.5000   45.0000  -37.5000 2349.6807   20.6533
   -7.5000   52.5000  -37.5000 2241.0784   22.0424
    0.0000   52.5000  -37.5000 2266.7422   21.8768
    7.5000   52.5000  -37.5000 2248.7004   21.8102
   -7.5000  -37.5000  -30.0000 2042.5497   29.9290
    0.0000  -37.5000  -30.0000 2049.8071   29.7935
    7.5000  -37.5000  -30.0000 2042.8673   29.7212
   -7.5000  -30.0000  -30.0000 2179.1646   26.5458
    0.0000  -30.0000  -30.0000 2190.9541   26.5056
    7.5000  -30.0000  -30.0000 2178.6963   26.3753
   -7.5000  -22.5000  -30.0000 2307.0261   23.8839
    0.0000  -22.5000  -30.0000 2321.4978   23.9004
    7.5000  -22.5000  -30.0000 2304.3494   23.7040
   -7.5000  -15.0000  -30.0000 2405.0588   21.8202
    0.0000  -15.0000  -30.0000 2425.1106   21.7782
    7.5000  -15.0000  -30.0000 2403.4631   21.5829
   -7.5000   -7.5000  -30.0000 2482.1050   20.1888
    0.0000   -7.5000  -30.0000 2504.8386   20.1456
    7.5000   -7.5000  -30.0000 2483.0828   19.9956
   -7.5000    0.0000  -30.0000 2531.8999   19.0908
    0.0000    0.0000  -30.0000 2555.2451   19.0096
    7.5000    0.0000  -30.0000 2533.3748   18.9098
   -7.5000    7.5000  -30.0000 2560.0122   18.4739
    0.0000    7.5000  -30.0000 2583.5566   18.3780
    7.5000    7.5000  -30.0000 2565.9963   18.3199
   -7.5000   15.0000  -30.0000 2576.0532   18.1936
    0.0000   15.0000  -30.0000 2597.7019   18.1106
    7.5000   15.0000  -30.0000 2584.9990   18.0502
   -7.5000   22.5000  -30.0000 2575.4436   18.2820
    0.0000   22.5000  -30.0000 2604.8611   18.1632
    7.5000   22.5000  -30.0000 2587.2224   18.0651
   -7.5000   30.0000  -30.0000 2560.5601   18.6037
    0.0000   30.0000  -30.0000 2591.5779   18.4752
    7.5000   30.0000  -30.0000 2578.3855   18.3901
   -7.5000   37.5000  -30.0000 2525.1655   19.2285
    0.0000   37.5000  -30.0000 2561.1570   19.1208
    7.5000   37.5000  -30.0000 2546.3840   19.0348
   -7.5000   45.0000  -30.0000 2465.3921   20.0864
    0.0000   45.0000  -30.0000 2498.5164   20.0172
    7.5000   45.0000  -30.0000 2486.4058   19.9417
   -7.5000   52.5000  -30.0000 2364.8794   21.2648
    0.0000   52.5000  -30.0000 2396.4622   21.1193
    7.5000   52.5000  -30.0000 2379.5486   21.0626
   -7.5000  -37.5000  -22.5000 2102.1729   29.3441
    0.0000  -37.5000  -22.5000 2119.0708   29.3070
    7.5000  -37.5000  -22.5000 2111.9927   29.1684
   -7.5000  -30.0000  -22.5000 2248.5212   25.9252
    0.0000  -30.0000  -22.5000 2263.4465   25.9299
    7.5000  -30.0000  -22.5000 2254.1201   25.8030
   -7.5000  -22.5000  -22.5000 2375.3511   23.2538
    0.0000  -22.5000  -22.5000 2398.2502   23.2478
    7.5000  -22.5000  -22.5000 2381.4241   23.1494
   -7.5000  -15.0000  -22.5000 2473.2385   21.1132
    0.0000  -15.0000  -22.5000 2501.1260   21.0749
    7.5000  -15.0000  -22.5000 2479.9429   20.9978
   -7.5000   -7.5000  -22.5000 2552.5408   19.4825
    0.0000   -7.5000  -22.5000 2581.3635   19.4375
    7.5000   -7.5000  -22.5000 2561.2466   19.3088
   -7.5000    0.0000  -22.5000 2618.0486   18.3158
    0.0000    0.0000  -22.5000 2650.8721   18.2416
    7.5000    0.0000  -22.5000 2636.8708   18.1161
   -7.5000    7.5000  -22.5000 2658.6782   17.6362
    0.0000    7.5000  -22.5000 2685.4585   17.5454
    7.5000    7.5000  -22.5000 2677.9258   17.4664
   -7.5000   15.0000  -22.5000 2679.6492   17.3128
    0.0000   15.0000  -22.5000 2709.2451   17.2438
    7.5000   15.0000  -22.5000 2695.3860   17.1873
   -7.5000   22.5000  -22.5000 2686.2930   17.4427
    0.0000   22.5000  -22.5000 2716.4761   17.3447
    7.5000   22.5000  -22.5000 2701.1035   17.2734
   -7.5000   30.0000  -22.5000 2669.8123   17.8145
    0.0000   30.0000  -22.5000 2706.1440   17.7091
    7.5000   30.0000  -22.5000 2695.0198   17.6395
   -7.5000   37.5000  -22.5000 2631.1477   18.4189
    0.0000   37.5000  -22.5000 2671.1372   18.3084
    7.5000   37.5000  -22.5000 2664.9746   18.2754
   -7.5000   45.0000  -22.5000 2571.3215   19.2760
    0.0000   45.0000  -22.5000 2609.2786   19.1522
    7.5000   45.0000  -22.5000 2602.0625   19.1369
   -7.5000   52.5000  -22.5000 2468.2100   20.3838
    0.0000   52.5000  -22.5000 2501.9016   20.1894
    7.5000   52.5000  -22.5000 2491.1362   20.1650
   -7.5000  -37.5000  -15.0000 2129.6328   28.7210
    0.0000  -37.5000  -15.0000 2158.1914   28.7644
    7.5000  -37.5000  -15.0000 2138.3591   28.6646
   -7.5000  -30.0000  -15.0000 2270.5596   25.2789
    0.0000  -30.0000  -15.0000 2296.5452   25.2810
    7.5000  -30.0000  -15.0000 2280.1912   25.2843
   -7.5000  -22.5000  -15.0000 2394.8806   22.5883
    0.0000  -22.5000  -15.0000 2425.3152   22.5511
    7.5000  -22.5000  -15.0000 2410.1958   22.5927
   -7.5000  -15.0000  -15.0000 2495.2053   20.4333
    0.0000  -15.0000  -15.0000 2529.8118   20.3672
    7.5000  -15.0000  -15.0000 2517.4905   20.4141
   -7.5000   -7.5000  -15.0000 2588.9109   18.8188
    0.0000   -7.5000  -15.0000 2622.5049   18.6904
    7.5000   -7.5000  -15.0000 2609.4438   18.6871
   -7.5000    0.0000  -15.0000 2663.0581   17.6061
    0.0000    0.0000  -15.0000 2702.0071   17.4949
    7.5000    0.0000  -15.0000 2688.4763   17.4544
   -7.5000    7.5000  -15.0000 2709.3000   16.8269
    0.0000    7.5000  -15.0000 2749.0088   16.7249
    7.5000    7.5000  -15.0000 2738.7366   16.7073
   -7.5000   15.0000  -15.0000 2743.0396   16.4586
    0.0000   15.0000  -15.0000 2781.3066   16.3378
    7.5000   15.0000  -15.0000 2768.5688   16.3697
   -7.5000   22.5000  -15.0000 2758.9734   16.5955
    0.0000   22.5000  -15.0000 2798.6187   16.4517
    7.5000   22.5000  -15.0000 2786.8357   16.4871
   -7.5000   30.0000  -15.0000 2742.2642   17.0402
    0.0000   30.0000  -15.0000 2785.5759   16.8898
    7.5000   30.0000  -15.0000 2782.5437   16.9042
   -7.5000   37.5000  -15.0000 2703.1338   17.6332
    0.0000   37.5000  -15.0000 2747.6038   17.4777
    7.5000   37.5000  -15.0000 2745.9805   17.4955
   -7.5000   45.0000  -15.0000 2645.8425   18.4964
    0.0000   45.0000  -15.0000 2679.1223   18.2664
    7.5000   45.0000  -15.0000 2677.9690   18.3213
   -7.5000   52.5000  -15.0000 2537.4829   19.5355
    0.0000   52.5000  -15.0000 2568.7468   19.3028
    7.5000   52.5000  -15.0000 2564.6921   19.3150
   -7.5000  -37.5000   -7.5000 2132.3618   28.1911
    0.0000  -37.5000   -7.5000 2152.7695   28.1441
    7.5000  -37.5000   -7.5000 2143.5979   28.2274
   -7.5000  -30.0000   -7.5000 2266.2646   24.6777
    0.0000  -30.0000   -7.5000 2291.3025   24.6240
    7.5000  -30.0000   -7.5000 2277.4978   24.7587
   -7.5000  -22.5000   -7.5000 2393.3323   21.9751
    0.0000  -22.5000   -7.5000 2429.1179   21.8735
    7.5000  -22.5000   -7.5000 2412.2498   22.0142
   -7.5000  -15.0000   -7.5000 2502.1401   19.8723
    0.0000  -15.0000   -7.5000 2541.7935   19.7376
    7.5000  -15.0000   -7.5000 2526.0271   19.8461
   -7.5000   -7.5000   -7.5000 2598.7686   18.2386
    0.0000   -7.5000   -7.5000 2638.4924   18.0752
    7.5000   -7.5000   -7.5000 2630.6694   18.1767
   -7.5000    0.0000   -7.5000 2687.5256   17.0587
    0.0000    0.0000   -7.5000 2726.7705   16.8841
    7.5000    0.0000   -7.5000 2724.1196   17.0020
   -7.5000    7.5000   -7.5000 2747.0212   16.2573
    0.0000    7.5000   -7.5000 2798.5562   16.0490
    7.5000    7.5000   -7.5000 2789.1338   16.2090
   -7.5000   15.0000   -7.5000 2793.7014   15.8156
    0.0000   15.0000   -7.5000 2832.9402   15.5160
    7.5000   15.0000   -7.5000 2831.0276   15.7652
   -7.5000   22.5000   -7.5000 2814.7527   15.9072
    0.0000   22.5000   -7.5000 2847.8528   15.5876
    7.5000   22.5000   -7.5000 2851.2188   15.7938
   -7.5000   30.0000   -7.5000 2796.8840   16.3332
    0.0000   30.0000   -7.5000 2834.6870   16.0737
    7.5000   30.0000   -7.5000 2840.8220   16.2092
   -7.5000   37.5000   -7.5000 2759.4551   16.9788
    0.0000   37.5000   -7.5000 2791.1934   16.6841
    7.5000   37.5000   -7.5000 2801.5056   16.8317
   -7.5000   45.0000   -7.5000 2697.9512   17.8000
    0.0000   45.0000   -7.5000 2727.4580   17.4856
    7.5000   45.0000   -7.5000 2731.1714   17.6590
   -7.5000   52.5000   -7.5000 2588.0244   18.8058
    0.0000   52.5000   -7.5000 2616.6987   18.4874
    7.5000   52.5000   -7.5000 2615.4924   18.6340
   -7.5000  -37.5000    0.0000 2120.3755   28.1632
    0.0000  -37.5000    0.0000 2137.5928   27.9766
    7.5000  -37.5000    0.0000 2132.9832   28.2393
   -7.5000  -30.0000    0.0000 2251.9004   24.5750
    0.0000  -30.0000    0.0000 2270.3059   24.2734
    7.5000  -30.0000    0.0000 2267.7844   24.5997
   -7.5000  -22.5000    0.0000 2376.4529   21.7629
    0.0000  -22.5000    0.0000 2403.2266   21.4901
    7.5000  -22.5000    0.0000 2402.1646   21.7863
   -7.5000  -15.0000    0.0000 2494.4680   19.6409
    0.0000  -15.0000    0.0000 2525.6602   19.3867
    7.5000  -15.0000    0.0000 2520.3584   19.6228
   -7.5000   -7.5000    0.0000 2595.4912   17.9875
    0.0000   -7.5000    0.0000 2628.4282   17.7536
    7.5000   -7.5000    0.0000 2630.6455   17.9616
   -7.5000    0.0000    0.0000 2692.2307   16.8079
    0.0000    0.0000    0.0000 2724.0610   16.5709
    7.5000    0.0000    0.0000 2732.1406   16.7528
   -7.5000    7.5000    0.0000 2775.2437   16.0240
    0.0000    7.5000    0.0000 2816.3359   15.7281
    7.5000    7.5000    0.0000 2821.8103   15.9563
   -7.5000   15.0000    0.0000 2830.2771   15.5862
    0.0000   15.0000    0.0000 2859.0591   15.0830
    7.5000   15.0000    0.0000 2868.7781   15.5239
   -7.5000   22.5000    0.0000 2854.6799   15.5590
    0.0000   22.5000    0.0000 2874.1201   15.0398
    7.5000   22.5000    0.0000 2892.6516   15.4445
   -7.5000   30.0000    0.0000 2833.9299   15.9675
    0.0000   30.0000    0.0000 2856.5847   15.5158
    7.5000   30.0000    0.0000 2877.8179   15.7889
   -7.5000   37.5000    0.0000 2795.1389   16.6067
    0.0000   37.5000    0.0000 2819.9302   16.1368
    7.5000   37.5000    0.0000 2830.8105   16.3709
   -7.5000   45.0000    0.0000 2732.2002   17.4240
    0.0000   45.0000    0.0000 2756.6951   17.0197
    7.5000   45.0000    0.0000 2758.0864   17.1847
   -7.5000   52.5000    0.0000 2620.9475   18.4614
    0.0000   52.5000    0.0000 2642.9270   18.1231
    7.5000   52.5000    0.0000 2635.8337   18.1944
   -7.5000  -37.5000    7.5000 2096.5442   28.3616
    0.0000  -37.5000    7.5000 2112.2781   28.0753
    7.5000  -37.5000    7.5000 2117.8440   28.4229
   -7.5000  -30.0000    7.5000 2220.4504   24.7137
    0.0000  -30.0000    7.5000 2241.6177   24.4220
    7.5000  -30.0000    7.5000 2245.1301   24.7546
   -7.5000  -22.5000    7.5000 2350.5947   21.8536
    0.0000  -22.5000    7.5000 2373.0781   21.5614
    7.5000  -22.5000    7.5000 2374.5930   21.8850
   -7.5000  -15.0000    7.5000 2469.7327   19.6646
    0.0000  -15.0000    7.5000 2494.5857   19.3761
    7.5000  -15.0000    7.5000 2497.7236   19.6577
   -7.5000   -7.5000    7.5000 2579.1270   18.0247
    0.0000   -7.5000    7.5000 2602.5754   17.7102
    7.5000   -7.5000    7.5000 2614.7043   18.0340
   -7.5000    0.0000    7.5000 2682.3962   16.8450
    0.0000    0.0000    7.5000 2706.6501   16.4596
    7.5000    0.0000    7.5000 2724.2646   16.8103
   -7.5000    7.5000    7.5000 2780.8904   16.1101
    0.0000    7.5000    7.5000 2808.2451   15.7584
    7.5000    7.5000    7.5000 2827.8042   16.0747
   -7.5000   15.0000    7.5000 2847.4824   15.7917
    0.0000   15.0000    7.5000 2878.2429   15.3760
    7.5000   15.0000    7.5000 2889.8792   15.7144
   -7.5000   22.5000    7.5000 2878.0583   15.6186
    0.0000   22.5000    7.5000 2895.5842   15.0249
    7.5000   22.5000    7.5000 2906.7803   15.3531
   -7.5000   30.0000    7.5000 2853.6877   15.8019
    0.0000   30.0000    7.5000 2876.6050   15.2312
    7.5000   30.0000    7.5000 2876.6790   15.3975
   -7.5000   37.5000    7.5000 2808.6938   16.3235
    0.0000   37.5000    7.5000 2839.1135   15.9141
    7.5000   37.5000    7.5000 2835.5227   15.9565
   -7.5000   45.0000    7.5000 2738.0103   17.1787
    0.0000   45.0000    7.5000 2767.2578   16.9198
    7.5000   45.0000    7.5000 2761.9465   16.9099
   -7.5000   52.5000    7.5000 2626.0066   18.2928
    0.0000   52.5000    7.5000 2654.0720   18.0857
    7.5000   52.5000    7.5000 2643.2134   18.0005
   -7.5000  -37.5000   15.0000 2063.8000   28.8562
    0.0000  -37.5000   15.0000 2080.4602   28.5623
    7.5000  -37.5000   15.0000 2091.5654   29.0856
   -7.5000  -30.0000   15.0000 2186.6567   25.0301
    0.0000  -30.0000   15.0000 2204.0715   24.7105
    7.5000  -30.0000   15.0000 2213.6152   25.2186
   -7.5000  -22.5000   15.0000 2313.1538   22.1839
    0.0000  -22.5000   15.0000 2330.3809   21.7720
    7.5000  -22.5000   15.0000 2344.4419   22.2400
   -7.5000  -15.0000   15.0000 2427.0474   20.0170
    0.0000  -15.0000   15.0000 2445.3245   19.5646
    7.5000  -15.0000   15.0000 2459.4749   20.0025
   -7.5000   -7.5000   15.0000 2538.5447   18.3912
    0.0000   -7.5000   15.0000 2560.8252   17.9625
    7.5000   -7.5000   15.0000 2575.9463   18.3430
   -7.5000    0.0000   15.0000 2646.3657   17.2115
    0.0000    0.0000   15.0000 2672.1052   16.7899
    7.5000    0.0000   15.0000 2685.0867   17.1268
   -7.5000    7.5000   15.0000 2750.2434   16.5029
    0.0000    7.5000   15.0000 2785.8079   16.1990
    7.5000    7.5000   15.0000 2792.2004   16.4586
   -7.5000   15.0000   15.0000 2824.2852   16.0919
    0.0000   15.0000   15.0000 2861.1436   15.7470
    7.5000   15.0000   15.0000 2853.4985   15.9277
   -7.5000   22.5000   15.0000 2860.4807   15.8851
    0.0000   22.5000   15.0000 2889.1736   15.4600
    7.5000   22.5000   15.0000 2869.6453   15.4819
   -7.5000   30.0000   15.0000 2839.7202   15.8721
    0.0000   30.0000   15.0000 2882.4006   15.6003
    7.5000   30.0000   15.0000 2862.6741   15.5163
   -7.5000   37.5000   15.0000 2795.4536   16.2967
    0.0000   37.5000   15.0000 2846.9817   16.1027
    7.5000   37.5000   15.0000 2827.1157   16.0437
   -7.5000   45.0000   15.0000 2724.4919   17.2311
    0.0000   45.0000   15.0000 2767.1345   17.0473
    7.5000   45.0000   15.0000 2754.5149   16.9875
   -7.5000   52.5000   15.0000 2608.6492   18.4044
    0.0000   52.5000   15.0000 2645.5994   18.2125
    7.5000   52.5000   15.0000 2633.9497   18.1124
   -7.5000  -37.5000   22.5000 2019.8087   29.7831
    0.0000  -37.5000   22.5000 2032.4713   29.5311
    7.5000  -37.5000   22.5000 2050.5447   30.1009
   -7.5000  -30.0000   22.5000 2143.9924   25.8666
    0.0000  -30.0000   22.5000 2159.8298   25.4745
    7.5000  -30.0000   22.5000 2171.0466   26.0490
   -7.5000  -22.5000   22.5000 2266.3918   22.9385
    0.0000  -22.5000   22.5000 2281.4031   22.4865
    7.5000  -22.5000   22.5000 2291.7236   23.0101
   -7.5000  -15.0000   22.5000 2380.8062   20.7354
    0.0000  -15.0000   22.5000 2398.3613   20.3217
    7.5000  -15.0000   22.5000 2404.9612   20.7356
   -7.5000   -7.5000   22.5000 2494.2644   19.0699
    0.0000   -7.5000   22.5000 2516.6455   18.6306
    7.5000   -7.5000   22.5000 2523.6619   19.0327
   -7.5000    0.0000   22.5000 2603.5786   17.8903
    0.0000    0.0000   22.5000 2631.3381   17.4342
    7.5000    0.0000   22.5000 2637.6177   17.7704
   -7.5000    7.5000   22.5000 2700.4041   17.0746
    0.0000    7.5000   22.5000 2736.8013   16.6680
    7.5000    7.5000   22.5000 2736.8782   16.9163
   -7.5000   15.0000   22.5000 2779.5391   16.5404
    0.0000   15.0000   22.5000 2812.9692   16.0445
    7.5000   15.0000   22.5000 2805.9326   16.2188
   -7.5000   22.5000   22.5000 2822.8235   16.2810
    0.0000   22.5000   22.5000 2851.8550   15.8205
    7.5000   22.5000   22.5000 2845.8386   15.8945
   -7.5000   30.0000   22.5000 2811.2732   16.3801
    0.0000   30.0000   22.5000 2851.1936   16.0699
    7.5000   30.0000   22.5000 2848.2847   16.1049
   -7.5000   37.5000   22.5000 2766.4482   16.8333
    0.0000   37.5000   22.5000 2818.6897   16.6279
    7.5000   37.5000   22.5000 2807.1536   16.6396
   -7.5000   45.0000   22.5000 2696.4102   17.6254
    0.0000   45.0000   22.5000 2745.5679   17.4959
    7.5000   45.0000   22.5000 2729.7024   17.4845
   -7.5000   52.5000   22.5000 2572.2383   18.7611
    0.0000   52.5000   22.5000 2618.6042   18.6003
    7.5000   52.5000   22.5000 2600.8906   18.5497
   -7.5000  -37.5000   30.0000 1963.5930   31.3796
    0.0000  -37.5000   30.0000 1973.5773   31.1424
    7.5000  -37.5000   30.0000 1990.8024   31.5619
   -7.5000  -30.0000   30.0000 2097.5444   27.2806
    0.0000  -30.0000   30.0000 2109.7266   27.0142
    7.5000  -30.0000   30.0000 2114.6724   27.4093
   -7.5000  -22.5000   30.0000 2216.8909   24.2301
    0.0000  -22.5000   30.0000 2232.2021   23.9106
    7.5000  -22.5000   30.0000 2232.2505   24.3038
   -7.5000  -15.0000   30.0000 2332.6970   21.9082
    0.0000  -15.0000   30.0000 2351.6963   21.5099
    7.5000  -15.0000   30.0000 2349.8740   21.9030
   -7.5000   -7.5000   30.0000 2445.1948   20.1245
    0.0000   -7.5000   30.0000 2469.5688   19.6245
    7.5000   -7.5000   30.0000 2469.4543   20.0199
   -7.5000    0.0000   30.0000 2549.4287   18.8153
    0.0000    0.0000   30.0000 2576.6904   18.2814
    7.5000    0.0000   30.0000 2578.8877   18.5892
   -7.5000    7.5000   30.0000 2642.9419   17.8186
    0.0000    7.5000   30.0000 2672.6775   17.3533
    7.5000    7.5000   30.0000 2676.9688   17.5968
   -7.5000   15.0000   30.0000 2712.0269   17.1636
    0.0000   15.0000   30.0000 2743.4214   16.6539
    7.5000   15.0000   30.0000 2740.1814   16.8355
   -7.5000   22.5000   30.0000 2750.3445   16.8982
    0.0000   22.5000   30.0000 2777.6318   16.5070
    7.5000   22.5000   30.0000 2782.3459   16.6224
   -7.5000   30.0000   30.0000 2743.6545   17.0775
    0.0000   30.0000   30.0000 2780.7485   16.7587
    7.5000   30.0000   30.0000 2786.8940   16.8481
   -7.5000   37.5000   30.0000 2708.6697   17.5737
    0.0000   37.5000   30.0000 2751.2910   17.3288
    7.5000   37.5000   30.0000 2749.1211   17.3994
   -7.5000   45.0000   30.0000 2643.5349   18.3565
    0.0000   45.0000   30.0000 2694.3000   18.1833
    7.5000   45.0000   30.0000 2678.6636   18.2169
   -7.5000   52.5000   30.0000 2525.6797   19.4621
    0.0000   52.5000   30.0000 2578.6277   19.2923
    7.5000   52.5000   30.0000 2562.0701   19.2807
   -7.5000  -37.5000   37.5000 1905.5901   33.5271
    0.0000  -37.5000   37.5000 1920.1779   33.4152
    7.5000  -37.5000   37.5000 1927.8353   33.6258
   -7.5000  -30.0000   37.5000 2047.3634   29.1252
    0.0000  -30.0000   37.5000 2059.9316   28.9967
    7.5000  -30.0000   37.5000 2063.4148   29.2715
   -7.5000  -22.5000   37.5000 2163.7131   25.8677
    0.0000  -22.5000   37.5000 2179.4680   25.5407
    7.5000  -22.5000   37.5000 2178.6538   25.8538
   -7.5000  -15.0000   37.5000 2277.9731   23.3016
    0.0000  -15.0000   37.5000 2300.7769   22.8473
    7.5000  -15.0000   37.5000 2294.1321   23.1629
   -7.5000   -7.5000   37.5000 2388.1113   21.3316
    0.0000   -7.5000   37.5000 2423.3025   20.8684
    7.5000   -7.5000   37.5000 2412.7766   21.1397
   -7.5000    0.0000   37.5000 2489.6501   19.8316
    0.0000    0.0000   37.5000 2526.1252   19.3723
    7.5000    0.0000   37.5000 2516.8142   19.6449
   -7.5000    7.5000   37.5000 2582.4868   18.7416
    0.0000    7.5000   37.5000 2610.7087   18.2750
    7.5000    7.5000   37.5000 2612.2209   18.4945
   -7.5000   15.0000   37.5000 2643.1121   18.0612
    0.0000   15.0000   37.5000 2671.8354   17.5816
    7.5000   15.0000   37.5000 2669.3210   17.7653
   -7.5000   22.5000   37.5000 2669.0005   17.8135
    0.0000   22.5000   37.5000 2701.6699   17.4343
    7.5000   22.5000   37.5000 2703.7944   17.5560
   -7.5000   30.0000   37.5000 2657.6208   18.0129
    0.0000   30.0000   37.5000 2698.3218   17.7020
    7.5000   30.0000   37.5000 2700.7795   17.7871
   -7.5000   37.5000   37.5000 2628.1150   18.4935
    0.0000   37.5000   37.5000 2669.1943   18.2305
    7.5000   37.5000   37.5000 2668.6194   18.3310
   -7.5000   45.0000   37.5000 2568.3958   19.2680
    0.0000   45.0000   37.5000 2619.7488   19.0827
    7.5000   45.0000   37.5000 2609.7073   19.1466
   -7.5000   52.5000   37.5000 2464.9993   20.2934
    0.0000   52.5000   37.5000 2514.0220   20.1275
    7.5000   52.5000   37.5000 2502.8142   20.1567
   -7.5000  -37.5000   45.0000 1843.4882   35.8545
    0.0000  -37.5000   45.0000 1857.0317   35.7821
    7.5000  -37.5000   45.0000 1860.9484   36.0916
   -7.5000  -30.0000   45.0000 1985.4797   31.1265
    0.0000  -30.0000   45.0000 2001.7798   30.8744
    7.5000  -30.0000   45.0000 1998.9918   31.1687
   -7.5000  -22.5000   45.0000 2106.1174   27.4672
    0.0000  -22.5000   45.0000 2123.5474   27.0742
    7.5000  -22.5000   45.0000 2116.6118   27.3846
   -7.5000  -15.0000   45.0000 2216.3123   24.7538
    0.0000  -15.0000   45.0000 2248.5132   24.3318
    7.5000  -15.0000   45.0000 2234.5403   24.6046
   -7.5000   -7.5000   45.0000 2326.1545   22.6925
    0.0000   -7.5000   45.0000 2365.3872   22.2576
    7.5000   -7.5000   45.0000 2348.5767   22.4872
   -7.5000    0.0000   45.0000 2421.2708   21.1290
    0.0000    0.0000   45.0000 2461.7078   20.6906
    7.5000    0.0000   45.0000 2446.8518   20.9031
   -7.5000    7.5000   45.0000 2505.5366   19.9472
    0.0000    7.5000   45.0000 2538.5159   19.5478
    7.5000    7.5000   45.0000 2531.7634   19.7094
   -7.5000   15.0000   45.0000 2556.9148   19.2172
    0.0000   15.0000   45.0000 2590.3357   18.8544
    7.5000   15.0000   45.0000 2585.5239   19.0078
   -7.5000   22.5000   45.0000 2580.8149   18.9571
    0.0000   22.5000   45.0000 2618.9902   18.6409
    7.5000   22.5000   45.0000 2612.4077   18.7230
   -7.5000   30.0000   45.0000 2568.2805   19.1733
    0.0000   30.0000   45.0000 2606.6279   18.8723
    7.5000   30.0000   45.0000 2606.0994   18.9309
   -7.5000   37.5000   45.0000 2538.3857   19.6722
    0.0000   37.5000   45.0000 2575.2715   19.4619
    7.5000   37.5000   45.0000 2575.8376   19.5368
   -7.5000   45.0000   45.0000 2483.5203   20.4219
    0.0000   45.0000   45.0000 2536.5803   20.1989
    7.5000   45.0000   45.0000 2530.3760   20.2844
   -7.5000   52.5000   45.0000 2394.8628   21.3297
    0.0000   52.5000   45.0000 2440.7615   21.1272
    7.5000   52.5000   45.0000 2434.5415   21.1910

---------------------------------------------------------------------
imgreg_4dfp /opt/freesurfer/average/711-2C_as_mni_average_305 /opt/freesurfer/average/711-2B_as_mni_average_305_mask talsrcimg_g11 none talsrcimg_to_711-2C_as_mni_average_305_t4 1283
---------------------------------------------------------------------

freesurfer imgreg_4dfp.c
/opt/freesurfer/average/711-2C_as_mni_average_305.4dfp.img
       256       256       256         1
  1.000000  1.000000  1.000000
orientation T byte_order littleendian
Reading image: /opt/freesurfer/average/711-2C_as_mni_average_305.4dfp.img
dimensions:      256       256       256
mmppix:       1.0000   -1.0000   -1.0000
center:     128.0000 -129.0000 -129.0000
/opt/freesurfer/average/711-2B_as_mni_average_305_mask.4dfp.img
       256       256       256         1
  1.000000  1.000000  1.000000
orientation T byte_order littleendian
Reading mask: /opt/freesurfer/average/711-2B_as_mni_average_305_mask.4dfp.img (2306576 pixels)
talsrcimg_g11.4dfp.img
       256       256       256         1
  1.000000  1.000000  1.000000
orientation T byte_order littleendian
Reading image: talsrcimg_g11.4dfp.img
dimensions:      256       256       256
mmppix:       1.0000   -1.0000   -1.0000
center:     128.0000 -129.0000 -129.0000
rotation matrix determinant  1.000000
fimgreg.f
image alignment mode   1283 decimal      503 hex
parameters
    7.5000   22.5000    7.5000    0.0000    0.0000    0.0000
eta,q 0.91125 15.46665
niter,ni,del,rscale     5    3   12.0000    1.2000
parameter  1  0.562778 ->  0.500000 qaram    1.1500
parameter  4  3.230043 ->  0.500000 qaram    1.1500
parameters
    4.0500   21.2591    5.3316   -3.4500    1.9485   -1.1439
eta,q 0.91948 15.37494
  0.0892  0.0923  0.0881  0.0787  0.0912  0.0824
  0.0872  0.0880  0.0851  0.0804  0.0886  0.0811
  0.0887  0.0863  0.0845  0.0824  0.0837  0.0806
  0.0904  0.0880  0.0867  0.0844  0.0809  0.0807
  0.0941  0.0902  0.0884  0.0871  0.0807  0.0814
  0.1010  0.0930  0.0897  0.0897  0.0822  0.0826
  0.1094  0.0963  0.0918  0.0926  0.0838  0.0843
niter,ni,del,rscale     6    3   12.0000    1.2000
parameter  4 20.637730 ->  0.500000 qaram    1.3225
parameters
    3.6285   21.6772    5.4723   -7.4175    1.8684   -0.7772
eta,q 0.92409 15.29426
  0.0938  0.0889  0.0874  0.0734  0.0833  0.0803
  0.0913  0.0831  0.0852  0.0752  0.0801  0.0774
  0.0835  0.0801  0.0822  0.0781  0.0768  0.0758
  0.0805  0.0805  0.0808  0.0809  0.0759  0.0759
  0.0833  0.0818  0.0823  0.0830  0.0773  0.0763
  0.0908  0.0830  0.0840  0.0857  0.0800  0.0771
  0.1003  0.0855  0.0873  0.0883  0.0838  0.0789
niter,ni,del,rscale     6    3   12.0000    1.2000
parameter  4  0.798358 ->  0.500000 qaram    1.5209
parameters
    2.6690   22.5539    5.8153  -11.9801    1.4544   -1.7965
eta,q 0.92821 15.11247
  0.0865  0.0861  0.0878  0.0742  0.0809  0.0759
  0.0847  0.0803  0.0856  0.0721  0.0764  0.0735
  0.0786  0.0775  0.0793  0.0732  0.0724  0.0720
  0.0759  0.0760  0.0761  0.0760  0.0723  0.0720
  0.0801  0.0768  0.0771  0.0803  0.0751  0.0735
  0.0880  0.0789  0.0811  0.0839  0.0785  0.0762
  0.0960  0.0807  0.0876  0.0875  0.0825  0.0795
niter,ni,del,rscale     6    3   12.0000    1.2000
parameters
    1.9339   23.9592    5.6534  -13.3799    0.5397   -1.8990
eta,q 0.92943 14.97185
  0.0835  0.0898  0.0838  0.0810  0.0781  0.0788
  0.0818  0.0820  0.0795  0.0767  0.0740  0.0752
  0.0772  0.0756  0.0747  0.0711  0.0710  0.0720
  0.0718  0.0728  0.0728  0.0729  0.0712  0.0706
  0.0749  0.0732  0.0737  0.0766  0.0745  0.0718
  0.0834  0.0757  0.0786  0.0818  0.0782  0.0754
  0.0930  0.0786  0.0869  0.0861  0.0824  0.0797
niter,ni,del,rscale     5    3   12.0000    1.2000
parameters
    1.7644   24.5341    5.5055  -14.2831    0.1336   -1.9619
eta,q 0.92992 14.94670
  0.0834  0.0860  0.0837  0.0818  0.0783  0.0797
  0.0794  0.0782  0.0791  0.0782  0.0745  0.0755
  0.0760  0.0729  0.0737  0.0723  0.0713  0.0718
  0.0706  0.0709  0.0710  0.0711  0.0701  0.0701
  0.0719  0.0727  0.0725  0.0756  0.0725  0.0716
  0.0789  0.0769  0.0782  0.0810  0.0763  0.0755
  0.0872  0.0799  0.0869  0.0861  0.0804  0.0804
niter,ni,del,rscale     4    3   12.0000    1.2000
parameters
    1.7668   24.8565    5.3996  -14.7572    0.0308   -1.9990
eta,q 0.92991 14.94394
  0.0832  0.0843  0.0840  0.0825  0.0786  0.0799
  0.0781  0.0776  0.0795  0.0794  0.0752  0.0756
  0.0748  0.0726  0.0735  0.0741  0.0718  0.0719
  0.0701  0.0701  0.0702  0.0702  0.0701  0.0701
  0.0707  0.0728  0.0719  0.0750  0.0716  0.0715
  0.0775  0.0774  0.0782  0.0801  0.0753  0.0755
  0.0849  0.0805  0.0870  0.0857  0.0794  0.0804
niter,ni,del,rscale     3    3   12.0000    1.2000
parameters
    1.7864   25.0236    5.3157  -14.9911    0.0210   -2.0107
eta,q 0.92985 14.94457
  0.0829  0.0833  0.0841  0.0829  0.0786  0.0799
  0.0777  0.0774  0.0798  0.0800  0.0754  0.0757
  0.0745  0.0725  0.0737  0.0751  0.0720  0.0720
  0.0701  0.0701  0.0701  0.0702  0.0701  0.0701
  0.0707  0.0730  0.0717  0.0745  0.0714  0.0716
  0.0773  0.0778  0.0781  0.0796  0.0750  0.0755
  0.0842  0.0809  0.0872  0.0852  0.0792  0.0803
niter,ni,del,rscale     2    3   12.0000    1.2000
parameters
    1.8072   25.1137    5.2680  -15.0863    0.0466   -2.0094
eta,q 0.92983 14.94366
  0.0828  0.0828  0.0842  0.0831  0.0787  0.0800
  0.0775  0.0773  0.0800  0.0803  0.0755  0.0757
  0.0744  0.0725  0.0738  0.0755  0.0721  0.0720
  0.0701  0.0701  0.0701  0.0702  0.0702  0.0702
  0.0707  0.0731  0.0715  0.0743  0.0713  0.0717
  0.0773  0.0780  0.0780  0.0794  0.0749  0.0755
  0.0839  0.0811  0.0871  0.0849  0.0791  0.0802
niter,ni,del,rscale     1    3   12.0000    1.2000
parameters
    1.8218   25.1505    5.2435  -15.1213    0.0682   -2.0063
eta,q 0.92983 14.94345
  0.0827  0.0825  0.0842  0.0831  0.0786  0.0799
  0.0775  0.0772  0.0801  0.0804  0.0755  0.0757
  0.0744  0.0724  0.0739  0.0757  0.0721  0.0720
  0.0702  0.0701  0.0702  0.0702  0.0702  0.0702
  0.0708  0.0732  0.0714  0.0741  0.0714  0.0717
  0.0773  0.0781  0.0779  0.0792  0.0749  0.0754
  0.0839  0.0812  0.0870  0.0847  0.0791  0.0802
registration optimization eta report
parameter search radius
    6.9000    6.0000    6.0000    9.1253    6.0000    6.0000
100000*second partial in parameter space
       26.       30.       42.       14.       23.       26.
  0.0827  0.0825  0.0842  0.0831  0.0786  0.0799
  0.0775  0.0772  0.0801  0.0804  0.0755  0.0757
  0.0744  0.0724  0.0739  0.0757  0.0721  0.0720
  0.0702  0.0701  0.0702  0.0702  0.0702  0.0702
  0.0708  0.0732  0.0714  0.0741  0.0714  0.0717
  0.0773  0.0781  0.0779  0.0792  0.0749  0.0754
  0.0839  0.0812  0.0870  0.0847  0.0791  0.0802
    1.8218   25.1505    5.2435  -15.1213    0.0682   -2.0063
eta,q 0.92983 14.94345

---------------------------------------------------------------------
imgreg_4dfp /opt/freesurfer/average/711-2C_as_mni_average_305 /opt/freesurfer/average/711-2B_as_mni_average_305_mask talsrcimg_g11 none talsrcimg_to_711-2C_as_mni_average_305_t4 3335
---------------------------------------------------------------------

freesurfer imgreg_4dfp.c
/opt/freesurfer/average/711-2C_as_mni_average_305.4dfp.img
       256       256       256         1
  1.000000  1.000000  1.000000
orientation T byte_order littleendian
Reading image: /opt/freesurfer/average/711-2C_as_mni_average_305.4dfp.img
dimensions:      256       256       256
mmppix:       1.0000   -1.0000   -1.0000
center:     128.0000 -129.0000 -129.0000
/opt/freesurfer/average/711-2B_as_mni_average_305_mask.4dfp.img
       256       256       256         1
  1.000000  1.000000  1.000000
orientation T byte_order littleendian
Reading mask: /opt/freesurfer/average/711-2B_as_mni_average_305_mask.4dfp.img (2306576 pixels)
talsrcimg_g11.4dfp.img
       256       256       256         1
  1.000000  1.000000  1.000000
orientation T byte_order littleendian
Reading image: talsrcimg_g11.4dfp.img
dimensions:      256       256       256
mmppix:       1.0000   -1.0000   -1.0000
center:     128.0000 -129.0000 -129.0000
fimgreg.f
image alignment mode   3335 decimal      D07 hex
parameters
    1.8218   25.1505    5.2435   -0.0614   -3.5227   -3.4625
    3.4108    0.7985   -3.5010   26.0744    0.1189  -26.0864
eta,q 0.92731 15.08051
niter,ni,del,rscale     5    3    5.0000    1.2000
parameter  4 -4.943302 ->  0.500000 qaram    1.1500
parameter  5********** ->  0.500000 qaram    1.1500
parameter  6  1.486366 ->  0.500000 qaram    1.1500
parameter  8 -0.545297 -> -0.500000 qaram    1.1500
parameter 10  0.516746 ->  0.500000 qaram    1.1500
parameter 12 -0.677239 -> -0.500000 qaram    1.1500
parameters
    2.7268   24.9484    5.3162   -4.2014   -7.6627   -7.6025
    1.9070    4.9385   -3.2329   21.9344   -0.1793  -21.9464
eta,q 0.96055 15.51648
  0.0745  0.0736  0.0747  0.0536  0.0472  0.0437  0.0477  0.0573  0.0452  0.0420  0.0442  0.0478
  0.0738  0.0728  0.0737  0.0601  0.0510  0.0449  0.0461  0.0536  0.0436  0.0408  0.0422  0.0450
  0.0732  0.0724  0.0728  0.0662  0.0562  0.0477  0.0453  0.0494  0.0426  0.0409  0.0410  0.0425
  0.0727  0.0724  0.0724  0.0724  0.0618  0.0524  0.0455  0.0453  0.0423  0.0423  0.0407  0.0407
  0.0724  0.0728  0.0725  0.0784  0.0674  0.0593  0.0465  0.0425  0.0425  0.0446  0.0414  0.0397
  0.0725  0.0733  0.0733  0.0836  0.0723  0.0659  0.0483  0.0426  0.0434  0.0482  0.0428  0.0394
  0.0731  0.0738  0.0746  0.0878  0.0763  0.0717  0.0506  0.0457  0.0448  0.0531  0.0447  0.0398
niter,ni,del,rscale     7    3    5.0000    1.2000
parameter  4  1.047433 ->  0.500000 qaram    1.3225
parameter  5  0.750802 ->  0.500000 qaram    1.3225
parameters
    1.6393   25.3926    5.2452   -8.9624  -12.4237   -9.3080
    3.9179    2.6687   -3.4327   21.4022   -2.3429  -24.1084
eta,q 0.97347 15.40800
  0.0402  0.0428  0.0409  0.0300  0.0283  0.0308  0.0339  0.0313  0.0297  0.0308  0.0274  0.0278
  0.0385  0.0406  0.0392  0.0304  0.0275  0.0292  0.0312  0.0277  0.0280  0.0287  0.0268  0.0268
  0.0383  0.0390  0.0382  0.0324  0.0281  0.0282  0.0291  0.0269  0.0271  0.0274  0.0267  0.0265
  0.0395  0.0382  0.0381  0.0380  0.0306  0.0275  0.0279  0.0276  0.0269  0.0269  0.0269  0.0267
  0.0420  0.0381  0.0385  0.0468  0.0353  0.0281  0.0276  0.0298  0.0274  0.0275  0.0273  0.0274
  0.0456  0.0389  0.0395  0.0563  0.0411  0.0315  0.0282  0.0341  0.0283  0.0293  0.0279  0.0284
  0.0499  0.0404  0.0411  0.0641  0.0459  0.0389  0.0297  0.0403  0.0299  0.0323  0.0286  0.0296
niter,ni,del,rscale     7    3    5.0000    1.2000
parameters
    1.3929   26.5714    5.0359  -12.8579  -14.8848   -8.9089
    4.4149    2.4444   -2.7302   22.4646   -3.1259  -27.0658
eta,q 0.97488 15.12175
  0.0306  0.0329  0.0270  0.0269  0.0289  0.0290  0.0291  0.0316  0.0283  0.0299  0.0259  0.0261
  0.0282  0.0302  0.0261  0.0259  0.0272  0.0271  0.0273  0.0275  0.0269  0.0276  0.0256  0.0252
  0.0268  0.0281  0.0257  0.0255  0.0259  0.0260  0.0262  0.0258  0.0260  0.0261  0.0255  0.0251
  0.0265  0.0265  0.0256  0.0256  0.0255  0.0257  0.0256  0.0256  0.0255  0.0255  0.0255  0.0255
  0.0274  0.0257  0.0259  0.0288  0.0274  0.0249  0.0257  0.0265  0.0256  0.0256  0.0256  0.0261
  0.0295  0.0257  0.0265  0.0371  0.0316  0.0253  0.0266  0.0285  0.0262  0.0264  0.0258  0.0271
  0.0328  0.0267  0.0276  0.0473  0.0372  0.0294  0.0284  0.0317  0.0275  0.0281  0.0262  0.0282
niter,ni,del,rscale     6    3    5.0000    1.2000
parameters
    1.5700   27.1753    4.8468  -14.2129  -16.1830   -9.4699
    4.2803    2.5274   -2.4516   23.3647   -2.7831  -27.8401
eta,q 0.97453 14.92618
  0.0294  0.0296  0.0261  0.0289  0.0297  0.0282  0.0286  0.0317  0.0279  0.0293  0.0261  0.0272
  0.0272  0.0275  0.0253  0.0270  0.0277  0.0266  0.0270  0.0277  0.0268  0.0271  0.0258  0.0259
  0.0258  0.0260  0.0249  0.0257  0.0261  0.0258  0.0259  0.0259  0.0259  0.0259  0.0256  0.0254
  0.0251  0.0251  0.0249  0.0248  0.0251  0.0254  0.0255  0.0255  0.0255  0.0255  0.0255  0.0255
  0.0253  0.0249  0.0251  0.0248  0.0260  0.0245  0.0258  0.0262  0.0257  0.0257  0.0255  0.0259
  0.0264  0.0254  0.0256  0.0277  0.0293  0.0259  0.0270  0.0281  0.0264  0.0264  0.0257  0.0267
  0.0284  0.0267  0.0265  0.0353  0.0345  0.0310  0.0290  0.0310  0.0277  0.0278  0.0260  0.0276
niter,ni,del,rscale     5    3    5.0000    1.2000
parameters
    1.5935   27.5805    4.5554  -14.1397  -16.8163   -9.7881
    4.2161    2.5672   -2.3272   24.2557   -3.0915  -28.4350
eta,q 0.97448 14.90301
  0.0290  0.0291  0.0263  0.0297  0.0302  0.0282  0.0286  0.0314  0.0278  0.0289  0.0260  0.0273
  0.0271  0.0273  0.0257  0.0277  0.0282  0.0266  0.0271  0.0276  0.0267  0.0269  0.0257  0.0259
  0.0259  0.0261  0.0254  0.0263  0.0265  0.0259  0.0260  0.0259  0.0259  0.0259  0.0256  0.0255
  0.0255  0.0255  0.0254  0.0253  0.0253  0.0255  0.0256  0.0256  0.0256  0.0256  0.0256  0.0256
  0.0258  0.0254  0.0256  0.0249  0.0256  0.0246  0.0258  0.0263  0.0257  0.0257  0.0256  0.0260
  0.0270  0.0260  0.0261  0.0259  0.0283  0.0257  0.0270  0.0281  0.0265  0.0263  0.0258  0.0266
  0.0289  0.0273  0.0268  0.0311  0.0331  0.0303  0.0289  0.0308  0.0278  0.0275  0.0261  0.0276
niter,ni,del,rscale     4    3    5.0000    1.2000
parameters
    1.6133   27.8186    4.3505  -14.2767  -17.2321  -10.0468
    4.2116    2.6312   -2.2019   24.8664   -3.1569  -28.7326
eta,q 0.97434 14.86765
  0.0290  0.0286  0.0264  0.0296  0.0304  0.0283  0.0287  0.0314  0.0279  0.0286  0.0261  0.0276
  0.0271  0.0271  0.0258  0.0277  0.0284  0.0267  0.0272  0.0277  0.0268  0.0268  0.0258  0.0261
  0.0259  0.0260  0.0255  0.0263  0.0267  0.0260  0.0261  0.0260  0.0260  0.0259  0.0257  0.0256
  0.0255  0.0255  0.0255  0.0255  0.0255  0.0256  0.0257  0.0257  0.0257  0.0257  0.0257  0.0257
  0.0259  0.0256  0.0257  0.0250  0.0256  0.0247  0.0259  0.0264  0.0258  0.0258  0.0257  0.0260
  0.0270  0.0263  0.0261  0.0262  0.0280  0.0257  0.0270  0.0281  0.0266  0.0264  0.0258  0.0267
  0.0289  0.0277  0.0268  0.0315  0.0327  0.0301  0.0289  0.0308  0.0278  0.0277  0.0262  0.0275
niter,ni,del,rscale     3    3    5.0000    1.2000
parameters
    1.6246   28.0072    4.1888  -14.3398  -17.5527  -10.2766
    4.1971    2.6582   -2.1448   25.3696   -3.2407  -28.9508
eta,q 0.97424 14.84229
  0.0290  0.0286  0.0266  0.0296  0.0305  0.0283  0.0287  0.0313  0.0279  0.0284  0.0262  0.0277
  0.0272  0.0271  0.0260  0.0278  0.0285  0.0267  0.0272  0.0277  0.0269  0.0268  0.0259  0.0262
  0.0261  0.0261  0.0257  0.0264  0.0268  0.0261  0.0262  0.0261  0.0261  0.0260  0.0258  0.0258
  0.0257  0.0257  0.0256  0.0256  0.0256  0.0257  0.0258  0.0258  0.0258  0.0258  0.0258  0.0258
  0.0260  0.0258  0.0258  0.0252  0.0256  0.0248  0.0260  0.0264  0.0260  0.0259  0.0258  0.0261
  0.0271  0.0265  0.0262  0.0262  0.0279  0.0258  0.0271  0.0282  0.0267  0.0265  0.0259  0.0267
  0.0290  0.0278  0.0268  0.0313  0.0325  0.0300  0.0289  0.0308  0.0279  0.0277  0.0262  0.0275
niter,ni,del,rscale     2    3    5.0000    1.2000
parameters
    1.6362   28.1702    4.0512  -14.4262  -17.8394  -10.4983
    4.1885    2.6795   -2.1073   25.8187   -3.3061  -29.1176
eta,q 0.97413 14.81513
  0.0291  0.0286  0.0267  0.0296  0.0304  0.0283  0.0288  0.0313  0.0280  0.0283  0.0263  0.0277
  0.0273  0.0271  0.0261  0.0278  0.0286  0.0268  0.0273  0.0277  0.0269  0.0268  0.0260  0.0263
  0.0262  0.0262  0.0258  0.0265  0.0270  0.0261  0.0263  0.0262  0.0262  0.0261  0.0259  0.0259
  0.0258  0.0258  0.0258  0.0257  0.0258  0.0258  0.0259  0.0259  0.0259  0.0259  0.0259  0.0259
  0.0261  0.0259  0.0259  0.0253  0.0257  0.0250  0.0261  0.0265  0.0261  0.0260  0.0259  0.0262
  0.0272  0.0267  0.0263  0.0263  0.0279  0.0258  0.0272  0.0282  0.0268  0.0265  0.0260  0.0268
  0.0290  0.0279  0.0269  0.0313  0.0324  0.0299  0.0290  0.0308  0.0280  0.0278  0.0263  0.0275
niter,ni,del,rscale     1    3    5.0000    1.2000
parameters
    1.6456   28.3284    3.9114  -14.5021  -18.1269  -10.7510
    4.1747    2.6887   -2.0865   26.2530   -3.2434  -29.2376
eta,q 0.97401 14.78510
  0.0291  0.0286  0.0268  0.0297  0.0304  0.0283  0.0288  0.0313  0.0280  0.0283  0.0264  0.0277
  0.0274  0.0272  0.0262  0.0278  0.0286  0.0268  0.0274  0.0278  0.0270  0.0269  0.0261  0.0264
  0.0263  0.0263  0.0259  0.0266  0.0270  0.0262  0.0264  0.0263  0.0263  0.0262  0.0260  0.0260
  0.0259  0.0259  0.0259  0.0259  0.0259  0.0259  0.0260  0.0260  0.0260  0.0260  0.0260  0.0260
  0.0262  0.0260  0.0260  0.0255  0.0258  0.0251  0.0262  0.0266  0.0262  0.0261  0.0260  0.0263
  0.0273  0.0268  0.0264  0.0264  0.0279  0.0259  0.0272  0.0283  0.0269  0.0266  0.0261  0.0268
  0.0291  0.0280  0.0270  0.0312  0.0324  0.0299  0.0290  0.0308  0.0281  0.0278  0.0264  0.0275
registration optimization eta report
parameter search radius
    2.4000    2.4000    2.4000    9.5220    9.5220    8.2800
    7.2000    8.2800    7.2000    8.2800    7.2000    8.2800
100000*second partial in parameter space
       56.       42.       18.        5.        6.        5.
        6.        7.        4.        3.        1.        2.
  0.0291  0.0286  0.0268  0.0297  0.0304  0.0283  0.0288  0.0313  0.0280  0.0283  0.0264  0.0277
  0.0274  0.0272  0.0262  0.0278  0.0286  0.0268  0.0274  0.0278  0.0270  0.0269  0.0261  0.0264
  0.0263  0.0263  0.0259  0.0266  0.0270  0.0262  0.0264  0.0263  0.0263  0.0262  0.0260  0.0260
  0.0259  0.0259  0.0259  0.0259  0.0259  0.0259  0.0260  0.0260  0.0260  0.0260  0.0260  0.0260
  0.0262  0.0260  0.0260  0.0255  0.0258  0.0251  0.0262  0.0266  0.0262  0.0261  0.0260  0.0263
  0.0273  0.0268  0.0264  0.0264  0.0279  0.0259  0.0272  0.0283  0.0269  0.0266  0.0261  0.0268
  0.0291  0.0280  0.0270  0.0312  0.0324  0.0299  0.0290  0.0308  0.0281  0.0278  0.0264  0.0275
    1.6456   28.3284    3.9114  -14.5021  -18.1269  -10.7510
    4.1747    2.6887   -2.0865   26.2530   -3.2434  -29.2376
eta,q 0.97401 14.78510

---------------------------------------------------------------------
imgreg_4dfp /opt/freesurfer/average/711-2C_as_mni_average_305 /opt/freesurfer/average/711-2B_as_mni_average_305_mask talsrcimg_g11 none talsrcimg_to_711-2C_as_mni_average_305_t4 2311
---------------------------------------------------------------------

freesurfer imgreg_4dfp.c
/opt/freesurfer/average/711-2C_as_mni_average_305.4dfp.img
       256       256       256         1
  1.000000  1.000000  1.000000
orientation T byte_order littleendian
Reading image: /opt/freesurfer/average/711-2C_as_mni_average_305.4dfp.img
dimensions:      256       256       256
mmppix:       1.0000   -1.0000   -1.0000
center:     128.0000 -129.0000 -129.0000
/opt/freesurfer/average/711-2B_as_mni_average_305_mask.4dfp.img
       256       256       256         1
  1.000000  1.000000  1.000000
orientation T byte_order littleendian
Reading mask: /opt/freesurfer/average/711-2B_as_mni_average_305_mask.4dfp.img (2306576 pixels)
talsrcimg_g11.4dfp.img
       256       256       256         1
  1.000000  1.000000  1.000000
orientation T byte_order littleendian
Reading image: talsrcimg_g11.4dfp.img
dimensions:      256       256       256
mmppix:       1.0000   -1.0000   -1.0000
center:     128.0000 -129.0000 -129.0000
fimgreg.f
image alignment mode   2311 decimal      907 hex
parameters
    1.6456   28.3284    3.9114  -14.5021  -18.1269  -10.7510
    4.1747    2.6887   -2.0865   26.2530   -3.2434  -29.2376
eta,q 0.97401 14.78509
niter,ni,del,rscale     5    3    5.0000    0.8000
parameter  4 -0.703713 -> -0.500000 qaram    1.1500
parameter  6 -0.640984 -> -0.500000 qaram    1.1500
parameters
    1.6663   28.4886    3.7556  -11.7421  -17.1568   -7.9910
    3.2305    3.1874   -2.7942   27.6162   -2.7601  -29.2650
eta,q 0.97548 15.28211
  0.0275  0.0273  0.0263  0.0272  0.0276  0.0265  0.0259  0.0285  0.0255  0.0267  0.0255  0.0256
  0.0267  0.0266  0.0261  0.0266  0.0268  0.0261  0.0251  0.0263  0.0250  0.0257  0.0249  0.0249
  0.0262  0.0262  0.0260  0.0263  0.0261  0.0258  0.0247  0.0250  0.0247  0.0250  0.0246  0.0245
  0.0260  0.0260  0.0260  0.0260  0.0256  0.0255  0.0247  0.0246  0.0247  0.0246  0.0245  0.0245
  0.0261  0.0260  0.0260  0.0257  0.0255  0.0250  0.0251  0.0249  0.0249  0.0245  0.0246  0.0247
  0.0266  0.0263  0.0262  0.0256  0.0258  0.0246  0.0261  0.0257  0.0254  0.0247  0.0248  0.0250
  0.0274  0.0268  0.0265  0.0258  0.0267  0.0254  0.0276  0.0269  0.0262  0.0252  0.0251  0.0255
niter,ni,del,rscale     6    3    5.0000    0.9000
parameters
    1.6723   28.3842    4.1811  -12.6784  -16.7170   -9.1532
    4.1232    2.6833   -2.8135   27.0260   -3.1269  -29.1133
eta,q 0.97515 15.16943
  0.0268  0.0260  0.0266  0.0261  0.0269  0.0265  0.0274  0.0272  0.0262  0.0258  0.0254  0.0260
  0.0256  0.0252  0.0256  0.0254  0.0260  0.0261  0.0263  0.0255  0.0255  0.0252  0.0250  0.0252
  0.0248  0.0247  0.0249  0.0249  0.0253  0.0254  0.0255  0.0248  0.0250  0.0249  0.0248  0.0249
  0.0245  0.0245  0.0245  0.0245  0.0246  0.0245  0.0250  0.0249  0.0248  0.0248  0.0249  0.0248
  0.0247  0.0247  0.0245  0.0244  0.0244  0.0246  0.0249  0.0255  0.0250  0.0250  0.0250  0.0250
  0.0255  0.0254  0.0247  0.0256  0.0251  0.0268  0.0254  0.0265  0.0254  0.0255  0.0252  0.0253
  0.0268  0.0264  0.0252  0.0292  0.0267  0.0315  0.0263  0.0278  0.0263  0.0265  0.0254  0.0257
niter,ni,del,rscale     5    3    5.0000    0.8000
parameters
    1.6352   28.2196    4.0478  -12.5155  -16.4838   -9.0526
    4.0036    2.6962   -2.7211   26.8659   -3.1344  -29.1714
eta,q 0.97528 15.19913
  0.0264  0.0259  0.0254  0.0264  0.0267  0.0265  0.0263  0.0272  0.0259  0.0257  0.0252  0.0256
  0.0256  0.0252  0.0250  0.0257  0.0259  0.0260  0.0255  0.0255  0.0253  0.0251  0.0249  0.0250
  0.0250  0.0249  0.0249  0.0252  0.0252  0.0255  0.0249  0.0248  0.0249  0.0248  0.0247  0.0247
  0.0248  0.0248  0.0248  0.0248  0.0248  0.0248  0.0247  0.0247  0.0247  0.0247  0.0247  0.0247
  0.0250  0.0251  0.0250  0.0246  0.0248  0.0242  0.0249  0.0251  0.0248  0.0248  0.0248  0.0249
  0.0256  0.0256  0.0252  0.0250  0.0253  0.0249  0.0255  0.0258  0.0252  0.0252  0.0250  0.0251
  0.0266  0.0264  0.0256  0.0268  0.0266  0.0274  0.0266  0.0269  0.0258  0.0259  0.0252  0.0255
niter,ni,del,rscale     4    3    5.0000    0.7000
parameters
    1.6283   28.1326    4.0810  -12.1271  -16.2672   -8.5793
    3.8378    2.7484   -2.8430   26.7542   -2.9076  -29.0839
eta,q 0.97557 15.26300
  0.0260  0.0256  0.0253  0.0260  0.0262  0.0262  0.0257  0.0266  0.0253  0.0253  0.0250  0.0253
  0.0253  0.0251  0.0250  0.0255  0.0255  0.0258  0.0250  0.0252  0.0248  0.0248  0.0246  0.0247
  0.0249  0.0248  0.0248  0.0251  0.0250  0.0253  0.0246  0.0245  0.0245  0.0245  0.0245  0.0245
  0.0247  0.0247  0.0247  0.0247  0.0246  0.0246  0.0244  0.0244  0.0244  0.0244  0.0244  0.0244
  0.0248  0.0249  0.0248  0.0245  0.0246  0.0241  0.0246  0.0248  0.0245  0.0245  0.0245  0.0245
  0.0253  0.0253  0.0250  0.0248  0.0251  0.0246  0.0251  0.0254  0.0249  0.0248  0.0246  0.0248
  0.0260  0.0259  0.0253  0.0260  0.0261  0.0264  0.0260  0.0263  0.0254  0.0254  0.0248  0.0251
niter,ni,del,rscale     3    3    5.0000    0.6000
parameters
    1.6158   28.0475    4.1861  -11.6954  -15.9739   -8.1204
    3.7369    2.7418   -3.0160   26.5261   -2.6361  -28.8792
eta,q 0.97587 15.32324
  0.0254  0.0251  0.0251  0.0255  0.0256  0.0260  0.0252  0.0259  0.0248  0.0248  0.0247  0.0249
  0.0249  0.0247  0.0247  0.0251  0.0251  0.0255  0.0246  0.0248  0.0244  0.0244  0.0244  0.0244
  0.0245  0.0245  0.0245  0.0247  0.0246  0.0250  0.0243  0.0242  0.0242  0.0242  0.0242  0.0242
  0.0244  0.0244  0.0244  0.0244  0.0243  0.0243  0.0241  0.0241  0.0241  0.0241  0.0241  0.0241
  0.0245  0.0245  0.0245  0.0243  0.0243  0.0239  0.0242  0.0244  0.0242  0.0242  0.0242  0.0242
  0.0249  0.0248  0.0246  0.0245  0.0247  0.0244  0.0247  0.0250  0.0245  0.0245  0.0243  0.0244
  0.0255  0.0253  0.0248  0.0254  0.0254  0.0259  0.0253  0.0257  0.0249  0.0251  0.0245  0.0247
niter,ni,del,rscale     2    3    5.0000    0.5000
parameters
    1.5829   27.9263    4.3040  -11.3131  -15.6600   -7.6782
    3.6829    2.7166   -3.1555   26.1919   -2.3720  -28.6245
eta,q 0.97612 15.37185
  0.0248  0.0246  0.0247  0.0250  0.0251  0.0256  0.0247  0.0252  0.0244  0.0244  0.0244  0.0245
  0.0244  0.0243  0.0244  0.0246  0.0247  0.0252  0.0242  0.0244  0.0241  0.0241  0.0241  0.0241
  0.0242  0.0241  0.0242  0.0244  0.0243  0.0246  0.0240  0.0240  0.0239  0.0239  0.0239  0.0239
  0.0241  0.0241  0.0241  0.0241  0.0241  0.0240  0.0239  0.0239  0.0239  0.0239  0.0239  0.0239
  0.0242  0.0242  0.0242  0.0240  0.0240  0.0238  0.0240  0.0241  0.0240  0.0240  0.0239  0.0239
  0.0245  0.0245  0.0243  0.0242  0.0243  0.0242  0.0243  0.0245  0.0242  0.0243  0.0240  0.0241
  0.0249  0.0249  0.0245  0.0248  0.0248  0.0254  0.0247  0.0251  0.0245  0.0247  0.0242  0.0243
niter,ni,del,rscale     1    3    5.0000    0.4000
parameters
    1.5423   27.7880    4.4202  -10.9986  -15.3795   -7.3122
    3.6564    2.6699   -3.2438   25.8159   -2.1368  -28.3565
eta,q 0.97630 15.40602
  0.0243  0.0241  0.0243  0.0245  0.0246  0.0252  0.0242  0.0246  0.0241  0.0240  0.0241  0.0242
  0.0241  0.0240  0.0241  0.0242  0.0242  0.0247  0.0240  0.0241  0.0239  0.0238  0.0239  0.0239
  0.0239  0.0239  0.0239  0.0240  0.0240  0.0242  0.0238  0.0238  0.0237  0.0237  0.0237  0.0238
  0.0239  0.0239  0.0239  0.0239  0.0238  0.0238  0.0237  0.0237  0.0237  0.0237  0.0237  0.0237
  0.0240  0.0240  0.0239  0.0238  0.0238  0.0237  0.0238  0.0239  0.0238  0.0238  0.0237  0.0237
  0.0241  0.0241  0.0240  0.0239  0.0240  0.0240  0.0240  0.0242  0.0239  0.0240  0.0238  0.0238
  0.0244  0.0244  0.0241  0.0244  0.0243  0.0248  0.0243  0.0246  0.0241  0.0243  0.0239  0.0240
registration optimization eta report
parameter search radius
    0.8000    0.8000    0.8000    2.7600    2.4000    2.7600
    2.4000    2.4000    2.4000    2.4000    2.4000    2.4000
100000*second partial in parameter space
       79.       63.       51.        7.       11.       15.
       10.       15.        7.        8.        5.        6.
  0.0243  0.0241  0.0243  0.0245  0.0246  0.0252  0.0242  0.0246  0.0241  0.0240  0.0241  0.0242
  0.0241  0.0240  0.0241  0.0242  0.0242  0.0247  0.0240  0.0241  0.0239  0.0238  0.0239  0.0239
  0.0239  0.0239  0.0239  0.0240  0.0240  0.0242  0.0238  0.0238  0.0237  0.0237  0.0237  0.0238
  0.0239  0.0239  0.0239  0.0239  0.0238  0.0238  0.0237  0.0237  0.0237  0.0237  0.0237  0.0237
  0.0240  0.0240  0.0239  0.0238  0.0238  0.0237  0.0238  0.0239  0.0238  0.0238  0.0237  0.0237
  0.0241  0.0241  0.0240  0.0239  0.0240  0.0240  0.0240  0.0242  0.0239  0.0240  0.0238  0.0238
  0.0244  0.0244  0.0241  0.0244  0.0243  0.0248  0.0243  0.0246  0.0241  0.0243  0.0239  0.0240
    1.5423   27.7880    4.4202  -10.9986  -15.3795   -7.3122
    3.6564    2.6699   -3.2438   25.8159   -2.1368  -28.3565
eta,q 0.97630 15.40602

---------------------------------------------------------------------
imgreg_4dfp /opt/freesurfer/average/711-2C_as_mni_average_305 /opt/freesurfer/average/711-2B_as_mni_average_305_mask talsrcimg_g11 none talsrcimg_to_711-2C_as_mni_average_305_t4 2311
---------------------------------------------------------------------

freesurfer imgreg_4dfp.c
/opt/freesurfer/average/711-2C_as_mni_average_305.4dfp.img
       256       256       256         1
  1.000000  1.000000  1.000000
orientation T byte_order littleendian
Reading image: /opt/freesurfer/average/711-2C_as_mni_average_305.4dfp.img
dimensions:      256       256       256
mmppix:       1.0000   -1.0000   -1.0000
center:     128.0000 -129.0000 -129.0000
/opt/freesurfer/average/711-2B_as_mni_average_305_mask.4dfp.img
       256       256       256         1
  1.000000  1.000000  1.000000
orientation T byte_order littleendian
Reading mask: /opt/freesurfer/average/711-2B_as_mni_average_305_mask.4dfp.img (2306576 pixels)
talsrcimg_g11.4dfp.img
       256       256       256         1
  1.000000  1.000000  1.000000
orientation T byte_order littleendian
Reading image: talsrcimg_g11.4dfp.img
dimensions:      256       256       256
mmppix:       1.0000   -1.0000   -1.0000
center:     128.0000 -129.0000 -129.0000
fimgreg.f
image alignment mode   2311 decimal      907 hex
parameters
    1.5423   27.7880    4.4202  -10.9986  -15.3795   -7.3122
    3.6564    2.6699   -3.2438   25.8159   -2.1368  -28.3565
eta,q 0.97630 15.40602
niter,ni,del,rscale     5    3    5.0000    0.8000
parameters
    1.4744   27.6155    4.5925  -11.7950  -15.5713   -7.7887
    4.1416    2.5690   -3.0346   25.2717   -2.5705  -28.0950
eta,q 0.97604 15.31857
  0.0257  0.0250  0.0254  0.0249  0.0258  0.0259  0.0261  0.0268  0.0253  0.0251  0.0246  0.0253
  0.0246  0.0242  0.0245  0.0244  0.0250  0.0254  0.0251  0.0249  0.0246  0.0244  0.0242  0.0244
  0.0239  0.0238  0.0239  0.0240  0.0243  0.0246  0.0244  0.0240  0.0242  0.0241  0.0240  0.0240
  0.0237  0.0237  0.0237  0.0237  0.0238  0.0238  0.0240  0.0240  0.0240  0.0240  0.0240  0.0239
  0.0240  0.0240  0.0238  0.0238  0.0239  0.0239  0.0240  0.0245  0.0241  0.0242  0.0241  0.0241
  0.0248  0.0247  0.0242  0.0248  0.0248  0.0252  0.0245  0.0254  0.0245  0.0248  0.0244  0.0244
  0.0261  0.0258  0.0248  0.0273  0.0266  0.0281  0.0255  0.0267  0.0251  0.0258  0.0248  0.0249
niter,ni,del,rscale     4    3    5.0000    0.7000
parameters
    1.5331   27.5861    4.5380  -11.7107  -15.4865   -7.6377
    3.9094    2.6111   -3.0399   25.2540   -2.6435  -28.1395
eta,q 0.97613 15.33374
  0.0255  0.0250  0.0247  0.0251  0.0256  0.0257  0.0252  0.0263  0.0249  0.0250  0.0245  0.0248
  0.0247  0.0244  0.0243  0.0246  0.0249  0.0252  0.0245  0.0247  0.0243  0.0244  0.0241  0.0242
  0.0242  0.0241  0.0240  0.0242  0.0243  0.0246  0.0240  0.0240  0.0240  0.0240  0.0239  0.0239
  0.0240  0.0239  0.0239  0.0240  0.0239  0.0239  0.0239  0.0239  0.0239  0.0239  0.0239  0.0239
  0.0241  0.0241  0.0241  0.0239  0.0240  0.0237  0.0240  0.0242  0.0240  0.0240  0.0240  0.0240
  0.0245  0.0245  0.0244  0.0242  0.0245  0.0244  0.0246  0.0249  0.0243  0.0244  0.0242  0.0243
  0.0253  0.0252  0.0248  0.0254  0.0257  0.0261  0.0256  0.0259  0.0249  0.0251  0.0245  0.0247
niter,ni,del,rscale     3    3    5.0000    0.6000
parameters
    1.5393   27.5770    4.5487  -11.4273  -15.3592   -7.3917
    3.7592    2.6487   -3.1262   25.2749   -2.5056  -28.0994
eta,q 0.97626 15.36858
  0.0250  0.0247  0.0246  0.0248  0.0252  0.0254  0.0248  0.0257  0.0245  0.0247  0.0243  0.0245
  0.0244  0.0242  0.0242  0.0244  0.0246  0.0250  0.0242  0.0245  0.0241  0.0242  0.0240  0.0240
  0.0240  0.0240  0.0239  0.0241  0.0241  0.0244  0.0239  0.0238  0.0238  0.0239  0.0238  0.0238
  0.0239  0.0239  0.0239  0.0239  0.0238  0.0238  0.0237  0.0237  0.0237  0.0237  0.0237  0.0237
  0.0240  0.0240  0.0240  0.0238  0.0239  0.0236  0.0239  0.0240  0.0238  0.0238  0.0238  0.0239
  0.0243  0.0243  0.0242  0.0240  0.0243  0.0242  0.0243  0.0246  0.0241  0.0241  0.0240  0.0241
  0.0250  0.0248  0.0245  0.0248  0.0252  0.0255  0.0250  0.0254  0.0246  0.0247  0.0242  0.0244
niter,ni,del,rscale     2    3    5.0000    0.5000
parameters
    1.5289   27.5548    4.5845  -11.1434  -15.2194   -7.1441
    3.6974    2.6482   -3.2049   25.2279   -2.3243  -28.0177
eta,q 0.97636 15.39834
  0.0245  0.0243  0.0243  0.0245  0.0247  0.0251  0.0244  0.0250  0.0242  0.0243  0.0241  0.0242
  0.0241  0.0240  0.0240  0.0242  0.0243  0.0247  0.0240  0.0242  0.0239  0.0239  0.0238  0.0239
  0.0238  0.0238  0.0238  0.0239  0.0239  0.0241  0.0237  0.0237  0.0237  0.0237  0.0237  0.0237
  0.0237  0.0237  0.0237  0.0237  0.0237  0.0237  0.0236  0.0236  0.0236  0.0236  0.0236  0.0236
  0.0238  0.0238  0.0238  0.0237  0.0237  0.0236  0.0237  0.0238  0.0237  0.0237  0.0237  0.0237
  0.0241  0.0240  0.0240  0.0238  0.0240  0.0240  0.0240  0.0243  0.0239  0.0240  0.0238  0.0239
  0.0246  0.0244  0.0242  0.0244  0.0247  0.0250  0.0245  0.0249  0.0242  0.0244  0.0240  0.0241
niter,ni,del,rscale     1    3    5.0000    0.4000
parameters
    1.5074   27.5124    4.6324  -10.9252  -15.0810   -6.9282
    3.6754    2.6212   -3.2732   25.1137   -2.1564  -27.9074
eta,q 0.97643 15.41963
  0.0241  0.0240  0.0240  0.0241  0.0243  0.0247  0.0241  0.0245  0.0239  0.0240  0.0239  0.0240
  0.0239  0.0238  0.0238  0.0239  0.0240  0.0243  0.0238  0.0239  0.0237  0.0237  0.0237  0.0237
  0.0237  0.0237  0.0237  0.0238  0.0237  0.0239  0.0236  0.0236  0.0236  0.0236  0.0236  0.0236
  0.0236  0.0236  0.0236  0.0236  0.0236  0.0236  0.0236  0.0236  0.0236  0.0236  0.0236  0.0236
  0.0237  0.0237  0.0237  0.0236  0.0236  0.0236  0.0236  0.0237  0.0236  0.0236  0.0236  0.0236
  0.0239  0.0238  0.0238  0.0237  0.0238  0.0239  0.0238  0.0240  0.0237  0.0238  0.0237  0.0237
  0.0242  0.0241  0.0239  0.0241  0.0242  0.0246  0.0241  0.0245  0.0240  0.0241  0.0238  0.0239
registration optimization eta report
parameter search radius
    0.8000    0.8000    0.8000    2.4000    2.4000    2.4000
    2.4000    2.4000    2.4000    2.4000    2.4000    2.4000
100000*second partial in parameter space
       83.       65.       56.        8.       12.       18.
       10.       16.        6.        8.        5.        6.
  0.0241  0.0240  0.0240  0.0241  0.0243  0.0247  0.0241  0.0245  0.0239  0.0240  0.0239  0.0240
  0.0239  0.0238  0.0238  0.0239  0.0240  0.0243  0.0238  0.0239  0.0237  0.0237  0.0237  0.0237
  0.0237  0.0237  0.0237  0.0238  0.0237  0.0239  0.0236  0.0236  0.0236  0.0236  0.0236  0.0236
  0.0236  0.0236  0.0236  0.0236  0.0236  0.0236  0.0236  0.0236  0.0236  0.0236  0.0236  0.0236
  0.0237  0.0237  0.0237  0.0236  0.0236  0.0236  0.0236  0.0237  0.0236  0.0236  0.0236  0.0236
  0.0239  0.0238  0.0238  0.0237  0.0238  0.0239  0.0238  0.0240  0.0237  0.0238  0.0237  0.0237
  0.0242  0.0241  0.0239  0.0241  0.0242  0.0246  0.0241  0.0245  0.0240  0.0241  0.0238  0.0239
    1.5074   27.5124    4.6324  -10.9252  -15.0810   -6.9282
    3.6754    2.6212   -3.2732   25.1137   -2.1564  -27.9074
eta,q 0.97643 15.41963

---------------------------------------------------------------------
compute_vox2vox talsrcimg talsrcimg_to_711-2C_as_mni_average_305_t4 /opt/freesurfer/average/711-2C_as_mni_average_305
---------------------------------------------------------------------

freesurfer compute_vox2vox.c
Reading: talsrcimg.4dfp.ifh
Reading: talsrcimg_to_711-2C_as_mni_average_305_t4
Reading: /opt/freesurfer/average/711-2C_as_mni_average_305.4dfp.ifh
Writing: talsrcimg_to_711-2C_as_mni_average_305_t4_vox2vox.txt

start time Mon Mar 9 16:17:21 CET 2026
end		time Mon Mar 9 16:17:35 CET 2026

mpr2mni305 success

avi2talxfm orig_nu.mgz /opt/freesurfer/average/mni305.cor.mgz talsrcimg_to_711-2C_as_mni_average_305_t4_vox2vox.txt transforms/talairach.auto.xfm
avi2talxfm done
mv -f /out/sourcedata/freesurfer/sub-v1s22x0050521_ses-1/mri/talsrcimg_to_711-2C_as_mni_average_305_t4_vox2vox.txt /out/sourcedata/freesurfer/sub-v1s22x0050521_ses-1/mri/transforms/talsrcimg_to_711-2C_as_mni_average_305_t4_vox2vox.txt
lta_convert --src orig_nu.mgz --trg /opt/freesurfer/average/mni305.cor.mgz --inxfm transforms/talairach.auto.xfm --outlta transforms/talairach.auto.xfm.lta --subject fsaverage
7.3.2

--src: orig_nu.mgz src image (geometry).
--trg: /opt/freesurfer/average/mni305.cor.mgz trg image (geometry).
--inmni: transforms/talairach.auto.xfm input MNI/XFM transform.
--outlta: transforms/talairach.auto.xfm.lta output LTA.
--s: fsaverage subject name
 LTA read, type : 1
 1.12025  -0.01696  -0.05406  -0.56848;
 0.03573   0.98638   0.32261  -42.36877;
 0.03261  -0.29236   1.08010   6.81151;
 0.00000   0.00000   0.00000   1.00000;
setting subject to fsaverage
Writing  LTA to file transforms/talairach.auto.xfm.lta...
lta_convert successful.
 
 
Started at Mon Mar 9 16:17:21 CET 2026
Ended   at Mon Mar  9 16:17:36 CET 2026
talairach_avi done
