/out/sourcedata/freesurfer/sub-v1s22x0050458_ses-1/mri
/opt/freesurfer/bin/talairach_avi
--i orig_nu.mgz --xfm transforms/talairach.auto.xfm
talairach_avi 7.3.2
Linux dna080 5.14.0-427.37.1.el9_4.x86_64 #1 SMP PREEMPT_DYNAMIC Fri Sep 13 12:41:50 EDT 2024 x86_64 x86_64 x86_64 GNU/Linux
Mon Mar  9 12:30:50 CET 2026
mri_convert orig_nu.mgz talsrcimg.img 
reading from orig_nu.mgz...
TR=0.00, TE=0.00, TI=0.00, flip angle=0.00
i_ras = (-1, 0, 0)
j_ras = (0, 0, -1)
k_ras = (0, 1, 0)
writing to talsrcimg.img...
Analyze Output Matrix
-1.00000   0.00000   0.00000   128.82437;
 0.00000   0.00000   1.00000  -84.52861;
 0.00000  -1.00000   0.00000   134.47340;
 0.00000   0.00000   0.00000   1.00000;
--------------------
INFO: set hdr.hist.orient to -1
mpr2mni305 talsrcimg
Mon Mar  9 12:30:50 CET 2026
/opt/freesurfer/bin/mpr2mni305 talsrcimg
mpr2mni305 7.3.2
target=711-2C_as_mni_average_305

---------------------------------------------------------------------
analyzeto4dfp talsrcimg -O0 -y
---------------------------------------------------------------------

freesurfer ifh2hdr.c
Mon Mar  9 12:30:50 2026
Writing: talsrcimg.4dfp.hdr
freesurfer analyzeto4dfp.c
Reading: talsrcimg.hdr
header size 348 bytes
hdr.dime.datatype	offset=70	value=2
hdr.dime.bitpix		offset=72	value=8
hdr.hist.orient		offset=252	value=-1
dimensionality     4
dimensions       256       256       256         1
Reading: talsrcimg.img
Writing: talsrcimg.4dfp.img
Writing: talsrcimg.4dfp.ifh
ifh2hdr talsrcimg -r0to196
ori=2

---------------------------------------------------------------------
gauss_4dfp talsrcimg 1.1
---------------------------------------------------------------------

freesurfer gauss_4dfp.c
Reading: talsrcimg.4dfp.img
Writing: talsrcimg_g11.4dfp.img
image dimensions 256 256 256 padded to 288 288 288
processing volume 1freesurfer ifh2hdr.c
Mon Mar  9 12:30:52 2026
Writing: talsrcimg_g11.4dfp.hdr

Writing: talsrcimg_g11.4dfp.ifh
including: talsrcimg.4dfp.img.rec in talsrcimg_g11.4dfp.img.rec

---------------------------------------------------------------------
imgreg_4dfp /opt/freesurfer/average/711-2C_as_mni_average_305 none talsrcimg_g11 none talsrcimg_to_711-2C_as_mni_average_305_t4 4355
---------------------------------------------------------------------

freesurfer imgreg_4dfp.c
/opt/freesurfer/average/711-2C_as_mni_average_305.4dfp.img
       256       256       256         1
  1.000000  1.000000  1.000000
orientation T byte_order littleendian
Reading image: /opt/freesurfer/average/711-2C_as_mni_average_305.4dfp.img
dimensions:      256       256       256
mmppix:       1.0000   -1.0000   -1.0000
center:     128.0000 -129.0000 -129.0000
talsrcimg_g11.4dfp.img
       256       256       256         1
  1.000000  1.000000  1.000000
orientation T byte_order littleendian
Reading image: talsrcimg_g11.4dfp.img
dimensions:      256       256       256
mmppix:       1.0000   -1.0000   -1.0000
center:     128.0000 -129.0000 -129.0000
t4_read: open error in t4_sub.f l:  41 t4_file(1:l)talsrcimg_to_711-2C_as_mni_average_305_t4 
t4_read: transform initialized to I4
rotation matrix determinant  1.000000
image alignment mode   4355 decimal     1103 hex
   -7.5000  -45.0000  -45.0000 7907.3071   17.9683
    0.0000  -45.0000  -45.0000 8263.7285   17.9741
    7.5000  -45.0000  -45.0000 7948.8682   17.9425
   -7.5000  -37.5000  -45.0000 8448.9131   17.8379
    0.0000  -37.5000  -45.0000 8838.9834   17.8466
    7.5000  -37.5000  -45.0000 8480.1611   17.8182
   -7.5000  -30.0000  -45.0000 9323.1514   17.7791
    0.0000  -30.0000  -45.0000 9750.3916   17.7866
    7.5000  -30.0000  -45.0000 9352.4482   17.7691
   -7.5000  -22.5000  -45.000010158.9639   17.7402
    0.0000  -22.5000  -45.000010647.1904   17.7430
    7.5000  -22.5000  -45.000010170.8301   17.7347
   -7.5000  -15.0000  -45.000010904.5303   17.7336
    0.0000  -15.0000  -45.000011410.7266   17.7334
    7.5000  -15.0000  -45.000010895.1689   17.7247
   -7.5000   -7.5000  -45.000011609.6094   17.7359
    0.0000   -7.5000  -45.000012161.5225   17.7371
    7.5000   -7.5000  -45.000011620.8281   17.7178
   -7.5000    0.0000  -45.000012310.5557   17.7439
    0.0000    0.0000  -45.000012905.9629   17.7493
    7.5000    0.0000  -45.000012327.5615   17.7202
   -7.5000    7.5000  -45.000011939.8223   17.7467
    0.0000    7.5000  -45.000012524.8486   17.7553
    7.5000    7.5000  -45.000011938.8457   17.7281
   -7.5000   15.0000  -45.000011366.7334   17.7446
    0.0000   15.0000  -45.000011921.7383   17.7521
    7.5000   15.0000  -45.000011346.4346   17.7350
   -7.5000   22.5000  -45.000010810.0869   17.7371
    0.0000   22.5000  -45.000011371.4902   17.7400
    7.5000   22.5000  -45.000010763.9131   17.7317
   -7.5000   30.0000  -45.000010098.3789   17.4973
    0.0000   30.0000  -45.000010649.8066   17.4971
    7.5000   30.0000  -45.000010057.0127   17.4885
   -7.5000   37.5000  -45.0000 9591.7422   17.4996
    0.0000   37.5000  -45.000010114.6797   17.5007
    7.5000   37.5000  -45.0000 9535.7715   17.4817
   -7.5000   45.0000  -45.0000 8735.5459   17.0628
    0.0000   45.0000  -45.0000 9198.1221   17.0681
    7.5000   45.0000  -45.0000 8675.4424   17.0401
   -7.5000  -45.0000  -37.5000 8318.5723   17.9126
    0.0000  -45.0000  -37.5000 8726.9092   17.9237
    7.5000  -45.0000  -37.5000 8351.4062   17.8962
   -7.5000  -37.5000  -37.5000 8908.0059   17.7890
    0.0000  -37.5000  -37.5000 9335.8867   17.7960
    7.5000  -37.5000  -37.5000 8918.1592   17.7705
   -7.5000  -30.0000  -37.5000 9821.6143   17.7374
    0.0000  -30.0000  -37.500010307.6816   17.7389
    7.5000  -30.0000  -37.5000 9840.5088   17.7219
   -7.5000  -22.5000  -37.500010714.9951   17.6991
    0.0000  -22.5000  -37.500011262.6787   17.6985
    7.5000  -22.5000  -37.500010723.4502   17.6893
   -7.5000  -15.0000  -37.500011473.4756   17.6870
    0.0000  -15.0000  -37.500012059.5117   17.6890
    7.5000  -15.0000  -37.500011492.0693   17.6803
   -7.5000   -7.5000  -37.500012209.0518   17.6826
    0.0000   -7.5000  -37.500012833.7646   17.6904
    7.5000   -7.5000  -37.500012231.3457   17.6736
   -7.5000    0.0000  -37.500012915.8506   17.6894
    0.0000    0.0000  -37.500013585.9766   17.7000
    7.5000    0.0000  -37.500012932.1045   17.6750
   -7.5000    7.5000  -37.500012538.8447   17.6982
    0.0000    7.5000  -37.500013201.4639   17.7051
    7.5000    7.5000  -37.500012549.4473   17.6808
   -7.5000   15.0000  -37.500011937.6035   17.7028
    0.0000   15.0000  -37.500012569.2061   17.7044
    7.5000   15.0000  -37.500011925.1094   17.6878
   -7.5000   22.5000  -37.500011329.5713   17.6961
    0.0000   22.5000  -37.500011940.9785   17.6955
    7.5000   22.5000  -37.500011282.2510   17.6863
   -7.5000   30.0000  -37.500010588.5371   17.4513
    0.0000   30.0000  -37.500011196.9844   17.4533
    7.5000   30.0000  -37.500010565.1543   17.4447
   -7.5000   37.5000  -37.500010059.0742   17.4470
    0.0000   37.5000  -37.500010645.0840   17.4547
    7.5000   37.5000  -37.500010031.3154   17.4381
   -7.5000   45.0000  -37.5000 9154.0596   17.0105
    0.0000   45.0000  -37.5000 9653.3994   17.0207
    7.5000   45.0000  -37.5000 9104.0752   16.9966
   -7.5000  -45.0000  -30.0000 8863.4629   18.6585
    0.0000  -45.0000  -30.0000 9318.9609   18.6747
    7.5000  -45.0000  -30.0000 8902.3076   18.6591
   -7.5000  -37.5000  -30.0000 9511.9707   18.5324
    0.0000  -37.5000  -30.0000 9991.7500   18.5384
    7.5000  -37.5000  -30.0000 9536.0645   18.5217
   -7.5000  -30.0000  -30.000010473.9561   18.4835
    0.0000  -30.0000  -30.000011007.9043   18.4807
    7.5000  -30.0000  -30.000010488.8232   18.4701
   -7.5000  -22.5000  -30.000011429.7373   18.4450
    0.0000  -22.5000  -30.000012028.8848   18.4433
    7.5000  -22.5000  -30.000011446.7061   18.4406
   -7.5000  -15.0000  -30.000012253.0498   18.4296
    0.0000  -15.0000  -30.000012908.1709   18.4368
    7.5000  -15.0000  -30.000012273.7725   18.4368
   -7.5000   -7.5000  -30.000013033.1963   18.4205
    0.0000   -7.5000  -30.000013716.2578   18.4363
    7.5000   -7.5000  -30.000013051.6270   18.4312
   -7.5000    0.0000  -30.000013771.4531   18.4261
    0.0000    0.0000  -30.000014491.5977   18.4416
    7.5000    0.0000  -30.000013789.7910   18.4282
   -7.5000    7.5000  -30.000013367.4482   18.4379
    0.0000    7.5000  -30.000014096.7305   18.4439
    7.5000    7.5000  -30.000013396.4561   18.4284
   -7.5000   15.0000  -30.000012728.6465   18.4472
    0.0000   15.0000  -30.000013429.7568   18.4446
    7.5000   15.0000  -30.000012745.4141   18.4344
   -7.5000   22.5000  -30.000012012.0449   18.4400
    0.0000   22.5000  -30.000012691.8350   18.4383
    7.5000   22.5000  -30.000011998.0215   18.4355
   -7.5000   30.0000  -30.000011232.2803   18.1857
    0.0000   30.0000  -30.000011891.6611   18.1928
    7.5000   30.0000  -30.000011237.6582   18.1929
   -7.5000   37.5000  -30.000010691.5537   18.1768
    0.0000   37.5000  -30.000011313.3047   18.1924
    7.5000   37.5000  -30.000010686.8125   18.1873
   -7.5000   45.0000  -30.0000 9727.2246   17.7319
    0.0000   45.0000  -30.000010275.5713   17.7468
    7.5000   45.0000  -30.0000 9704.2158   17.7339
   -7.5000  -45.0000  -22.5000 9430.7725   19.2947
    0.0000  -45.0000  -22.5000 9924.3506   19.3099
    7.5000  -45.0000  -22.5000 9475.3320   19.3017
   -7.5000  -37.5000  -22.500010106.6816   19.1620
    0.0000  -37.5000  -22.500010642.8203   19.1692
    7.5000  -37.5000  -22.500010146.2881   19.1583
   -7.5000  -30.0000  -22.500011109.6592   19.1101
    0.0000  -30.0000  -22.500011708.9355   19.1110
    7.5000  -30.0000  -22.500011155.4941   19.1063
   -7.5000  -22.5000  -22.500012128.4209   19.0712
    0.0000  -22.5000  -22.500012789.7109   19.0738
    7.5000  -22.5000  -22.500012185.8584   19.0782
   -7.5000  -15.0000  -22.500013055.3018   19.0572
    0.0000  -15.0000  -22.500013757.9639   19.0677
    7.5000  -15.0000  -22.500013102.5410   19.0766
   -7.5000   -7.5000  -22.500013892.0244   19.0491
    0.0000   -7.5000  -22.500014615.4893   19.0653
    7.5000   -7.5000  -22.500013927.8564   19.0695
   -7.5000    0.0000  -22.500014684.8184   19.0543
    0.0000    0.0000  -22.500015447.1426   19.0689
    7.5000    0.0000  -22.500014724.4248   19.0628
   -7.5000    7.5000  -22.500014251.8887   19.0644
    0.0000    7.5000  -22.500015053.1162   19.0717
    7.5000    7.5000  -22.500014341.3672   19.0619
   -7.5000   15.0000  -22.500013534.7295   19.0727
    0.0000   15.0000  -22.500014322.4814   19.0738
    7.5000   15.0000  -22.500013629.9053   19.0694
   -7.5000   22.5000  -22.500012721.3965   19.0647
    0.0000   22.5000  -22.500013466.5479   19.0673
    7.5000   22.5000  -22.500012801.9814   19.0717
   -7.5000   30.0000  -22.500011889.1582   18.8079
    0.0000   30.0000  -22.500012589.5439   18.8182
    7.5000   30.0000  -22.500011950.0557   18.8271
   -7.5000   37.5000  -22.500011342.0693   18.8000
    0.0000   37.5000  -22.500012013.3291   18.8159
    7.5000   37.5000  -22.500011393.8936   18.8201
   -7.5000   45.0000  -22.500010349.8271   18.3502
    0.0000   45.0000  -22.500010953.9023   18.3643
    7.5000   45.0000  -22.500010356.1250   18.3584
   -7.5000  -45.0000  -15.0000 9967.6221   19.7594
    0.0000  -45.0000  -15.000010485.0918   19.7696
    7.5000  -45.0000  -15.0000 9993.6855   19.7562
   -7.5000  -37.5000  -15.000010656.4551   19.6178
    0.0000  -37.5000  -15.000011234.3799   19.6277
    7.5000  -37.5000  -15.000010696.1133   19.6126
   -7.5000  -30.0000  -15.000011702.2598   19.5591
    0.0000  -30.0000  -15.000012333.5049   19.5667
    7.5000  -30.0000  -15.000011762.8154   19.5604
   -7.5000  -22.5000  -15.000012765.6201   19.5191
    0.0000  -22.5000  -15.000013459.1934   19.5255
    7.5000  -22.5000  -15.000012865.3428   19.5298
   -7.5000  -15.0000  -15.000013809.2979   19.5098
    0.0000  -15.0000  -15.000014574.7598   19.5181
    7.5000  -15.0000  -15.000013922.3076   19.5261
   -7.5000   -7.5000  -15.000014764.4756   19.5073
    0.0000   -7.5000  -15.000015537.4170   19.5169
    7.5000   -7.5000  -15.000014853.5166   19.5176
   -7.5000    0.0000  -15.000015611.3662   19.5132
    0.0000    0.0000  -15.000016415.0000   19.5229
    7.5000    0.0000  -15.000015693.6934   19.5119
   -7.5000    7.5000  -15.000015143.5371   19.5182
    0.0000    7.5000  -15.000015995.4092   19.5280
    7.5000    7.5000  -15.000015273.8535   19.5140
   -7.5000   15.0000  -15.000014360.9658   19.5211
    0.0000   15.0000  -15.000015233.2871   19.5287
    7.5000   15.0000  -15.000014524.7129   19.5229
   -7.5000   22.5000  -15.000013508.9951   19.5116
    0.0000   22.5000  -15.000014320.0420   19.5180
    7.5000   22.5000  -15.000013633.5488   19.5223
   -7.5000   30.0000  -15.000012654.9600   19.2573
    0.0000   30.0000  -15.000013383.7217   19.2655
    7.5000   30.0000  -15.000012721.6973   19.2734
   -7.5000   37.5000  -15.000012100.3271   19.2549
    0.0000   37.5000  -15.000012822.3340   19.2643
    7.5000   37.5000  -15.000012170.6436   19.2650
   -7.5000   45.0000  -15.000011038.7656   18.8035
    0.0000   45.0000  -15.000011720.9307   18.8129
    7.5000   45.0000  -15.000011091.9502   18.8022
   -7.5000  -45.0000   -7.500010504.4463   19.9960
    0.0000  -45.0000   -7.500011022.4102   20.0026
    7.5000  -45.0000   -7.500010541.3311   19.9763
   -7.5000  -37.5000   -7.500011222.8311   19.8497
    0.0000  -37.5000   -7.500011788.6504   19.8607
    7.5000  -37.5000   -7.500011280.4033   19.8360
   -7.5000  -30.0000   -7.500012327.5244   19.7848
    0.0000  -30.0000   -7.500012959.9766   19.7954
    7.5000  -30.0000   -7.500012423.8047   19.7821
   -7.5000  -22.5000   -7.500013472.1162   19.7425
    0.0000  -22.5000   -7.500014187.9141   19.7489
    7.5000  -22.5000   -7.500013632.4600   19.7466
   -7.5000  -15.0000   -7.500014670.4580   19.7363
    0.0000  -15.0000   -7.500015508.1924   19.7395
    7.5000  -15.0000   -7.500014837.9805   19.7386
   -7.5000   -7.5000   -7.500015794.1279   19.7393
    0.0000   -7.5000   -7.500016676.2246   19.7419
    7.5000   -7.5000   -7.500015951.6855   19.7304
   -7.5000    0.0000   -7.500016696.0742   19.7470
    0.0000    0.0000   -7.500017611.6582   19.7532
    7.5000    0.0000   -7.500016866.3984   19.7295
   -7.5000    7.5000   -7.500016164.1250   19.7488
    0.0000    7.5000   -7.500017081.0391   19.7597
    7.5000    7.5000   -7.500016351.2422   19.7362
   -7.5000   15.0000   -7.500015382.3652   19.7465
    0.0000   15.0000   -7.500016322.2598   19.7571
    7.5000   15.0000   -7.500015595.7598   19.7443
   -7.5000   22.5000   -7.500014466.1299   19.7328
    0.0000   22.5000   -7.500015373.6855   19.7392
    7.5000   22.5000   -7.500014641.7256   19.7369
   -7.5000   30.0000   -7.500013546.6416   19.4804
    0.0000   30.0000   -7.500014405.1211   19.4835
    7.5000   30.0000   -7.500013664.9297   19.4827
   -7.5000   37.5000   -7.500012988.3125   19.4833
    0.0000   37.5000   -7.500013813.0098   19.4859
    7.5000   37.5000   -7.500013057.9189   19.4746
   -7.5000   45.0000   -7.500011836.0488   19.0324
    0.0000   45.0000   -7.500012641.6738   19.0384
    7.5000   45.0000   -7.500011916.8945   19.0155
   -7.5000  -45.0000    0.000010906.9365   20.0404
    0.0000  -45.0000    0.000011475.2637   20.0472
    7.5000  -45.0000    0.000010994.7871   20.0120
   -7.5000  -37.5000    0.000011643.7041   19.8964
    0.0000  -37.5000    0.000012269.0957   19.9064
    7.5000  -37.5000    0.000011759.7227   19.8747
   -7.5000  -30.0000    0.000012842.6211   19.8317
    0.0000  -30.0000    0.000013545.1455   19.8403
    7.5000  -30.0000    0.000012979.7012   19.8207
   -7.5000  -22.5000    0.000014081.5312   19.7879
    0.0000  -22.5000    0.000014855.0742   19.7913
    7.5000  -22.5000    0.000014256.9258   19.7819
   -7.5000  -15.0000    0.000015474.1582   19.7796
    0.0000  -15.0000    0.000016449.5605   19.7797
    7.5000  -15.0000    0.000015667.4072   19.7698
   -7.5000   -7.5000    0.000016881.4062   19.7817
    0.0000   -7.5000    0.000018085.4141   19.7833
    7.5000   -7.5000    0.000017126.9746   19.7618
   -7.5000    0.0000    0.000017972.7812   19.7909
    0.0000    0.0000    0.000019204.8574   19.7973
    7.5000    0.0000    0.000018222.0273   19.7649
   -7.5000    7.5000    0.000017374.7441   19.7951
    0.0000    7.5000    0.000018460.8223   19.8049
    7.5000    7.5000    0.000017594.2207   19.7745
   -7.5000   15.0000    0.000016477.9082   19.7933
    0.0000   15.0000    0.000017527.9766   19.8019
    7.5000   15.0000    0.000016694.0195   19.7828
   -7.5000   22.5000    0.000015409.5088   19.7781
    0.0000   22.5000    0.000016461.4980   19.7816
    7.5000   22.5000    0.000015611.5225   19.7722
   -7.5000   30.0000    0.000014341.9160   19.5236
    0.0000   30.0000    0.000015367.2021   19.5237
    7.5000   30.0000    0.000014503.0049   19.5140
   -7.5000   37.5000    0.000013757.9160   19.5257
    0.0000   37.5000    0.000014713.5488   19.5273
    7.5000   37.5000    0.000013829.5791   19.5061
   -7.5000   45.0000    0.000012512.9814   19.0762
    0.0000   45.0000    0.000013426.5264   19.0823
    7.5000   45.0000    0.000012581.4688   19.0510
   -7.5000  -45.0000    7.500010535.6494   20.0413
    0.0000  -45.0000    7.500011099.1992   20.0536
    7.5000  -45.0000    7.500010628.4658   20.0228
   -7.5000  -37.5000    7.500011270.1289   19.9029
    0.0000  -37.5000    7.500011907.3936   19.9107
    7.5000  -37.5000    7.500011399.5938   19.8821
   -7.5000  -30.0000    7.500012470.7549   19.8450
    0.0000  -30.0000    7.500013161.0977   19.8466
    7.5000  -30.0000    7.500012608.6670   19.8274
   -7.5000  -22.5000    7.500013701.1982   19.8019
    0.0000  -22.5000    7.500014477.8750   19.8012
    7.5000  -22.5000    7.500013859.2100   19.7907
   -7.5000  -15.0000    7.500015061.4170   19.7883
    0.0000  -15.0000    7.500016219.2090   19.7905
    7.5000  -15.0000    7.500015295.2656   19.7807
   -7.5000   -7.5000    7.500016489.4512   19.7837
    0.0000   -7.5000    7.500018093.9512   19.7924
    7.5000   -7.5000    7.500016820.6035   19.7735
   -7.5000    0.0000    7.500017605.8340   19.7916
    0.0000    0.0000    7.500019096.9648   19.8034
    7.5000    0.0000    7.500017895.1133   19.7753
   -7.5000    7.5000    7.500016922.3926   19.8014
    0.0000    7.5000    7.500018084.0586   19.8091
    7.5000    7.5000    7.500017115.2637   19.7817
   -7.5000   15.0000    7.500015943.0361   19.8063
    0.0000   15.0000    7.500016994.1934   19.8080
    7.5000   15.0000    7.500016103.4951   19.7893
   -7.5000   22.5000    7.500014841.5293   19.7921
    0.0000   22.5000    7.500015908.8916   19.7914
    7.5000   22.5000    7.500015052.6680   19.7810
   -7.5000   30.0000    7.500013751.0527   19.5322
    0.0000   30.0000    7.500014741.5234   19.5344
    7.5000   30.0000    7.500013909.2842   19.5247
   -7.5000   37.5000    7.500013197.6504   19.5276
    0.0000   37.5000    7.500014090.7451   19.5362
    7.5000   37.5000    7.500013286.9404   19.5175
   -7.5000   45.0000    7.500012027.6660   19.0768
    0.0000   45.0000    7.500012856.2236   19.0882
    7.5000   45.0000    7.500012105.1953   19.0611
   -7.5000  -45.0000   15.0000 9997.5566   20.0491
    0.0000  -45.0000   15.000010537.3555   20.0665
    7.5000  -45.0000   15.000010096.8965   20.0499
   -7.5000  -37.5000   15.000010763.1660   19.9136
    0.0000  -37.5000   15.000011353.3174   19.9200
    7.5000  -37.5000   15.000010850.3125   19.9022
   -7.5000  -30.0000   15.000011882.8730   19.8609
    0.0000  -30.0000   15.000012537.0010   19.8579
    7.5000  -30.0000   15.000011989.0283   19.8466
   -7.5000  -22.5000   15.000013015.3789   19.8195
    0.0000  -22.5000   15.000013744.1104   19.8176
    7.5000  -22.5000   15.000013126.0586   19.8147
   -7.5000  -15.0000   15.000014197.7412   19.8029
    0.0000  -15.0000   15.000015274.1260   19.8105
    7.5000  -15.0000   15.000014390.6016   19.8107
   -7.5000   -7.5000   15.000015394.6875   19.7932
    0.0000   -7.5000   15.000016678.2617   19.8101
    7.5000   -7.5000   15.000015622.6475   19.8047
   -7.5000    0.0000   15.000016303.6172   19.7992
    0.0000    0.0000   15.000017441.2383   19.8159
    7.5000    0.0000   15.000016449.7441   19.8016
   -7.5000    7.5000   15.000015723.3857   19.8120
    0.0000    7.5000   15.000016729.6426   19.8184
    7.5000    7.5000   15.000015852.5410   19.8018
   -7.5000   15.0000   15.000014935.0908   19.8219
    0.0000   15.0000   15.000015931.3486   19.8190
    7.5000   15.0000   15.000015111.8428   19.8083
   -7.5000   22.5000   15.000013991.2217   19.8097
    0.0000   22.5000   15.000014997.7139   19.8078
    7.5000   22.5000   15.000014251.5654   19.8050
   -7.5000   30.0000   15.000012965.4062   19.5466
    0.0000   30.0000   15.000013868.4688   19.5541
    7.5000   30.0000   15.000013162.2559   19.5543
   -7.5000   37.5000   15.000012440.5459   19.5370
    0.0000   37.5000   15.000013254.1895   19.5537
    7.5000   37.5000   15.000012619.1338   19.5484
   -7.5000   45.0000   15.000011388.9150   19.0842
    0.0000   45.0000   15.000012114.9639   19.1002
    7.5000   45.0000   15.000011498.7021   19.0864
   -7.5000  -45.0000   22.5000 9297.6074   20.1282
    0.0000  -45.0000   22.5000 9789.6094   20.1440
    7.5000  -45.0000   22.5000 9394.5410   20.1365
   -7.5000  -37.5000   22.5000 9986.9424   19.9891
    0.0000  -37.5000   22.500010518.9932   19.9966
    7.5000  -37.5000   22.500010060.6006   19.9862
   -7.5000  -30.0000   22.500011002.6982   19.9345
    0.0000  -30.0000   22.500011545.0342   19.9353
    7.5000  -30.0000   22.500011063.2783   19.9313
   -7.5000  -22.5000   22.500012035.5371   19.8933
    0.0000  -22.5000   22.500012639.2197   19.8958
    7.5000  -22.5000   22.500012113.6963   19.9015
   -7.5000  -15.0000   22.500013104.0117   19.8785
    0.0000  -15.0000   22.500013928.6475   19.8893
    7.5000  -15.0000   22.500013258.3398   19.8998
   -7.5000   -7.5000   22.500014118.5693   19.8704
    0.0000   -7.5000   22.500014959.4482   19.8872
    7.5000   -7.5000   22.500014279.1816   19.8927
   -7.5000    0.0000   22.500014864.6406   19.8762
    0.0000    0.0000   22.500015596.3740   19.8914
    7.5000    0.0000   22.500014977.3154   19.8860
   -7.5000    7.5000   22.500014434.4561   19.8869
    0.0000    7.5000   22.500015133.2822   19.8944
    7.5000    7.5000   22.500014551.3057   19.8851
   -7.5000   15.0000   22.500013818.8291   19.8953
    0.0000   15.0000   22.500014556.5977   19.8962
    7.5000   15.0000   22.500013964.5850   19.8927
   -7.5000   22.5000   22.500013050.5342   19.8834
    0.0000   22.5000   22.500013804.9062   19.8860
    7.5000   22.5000   22.500013228.5576   19.8917
   -7.5000   30.0000   22.500012134.4365   19.6213
    0.0000   30.0000   22.500012826.5322   19.6319
    7.5000   30.0000   22.500012286.8789   19.6423
   -7.5000   37.5000   22.500011635.6221   19.6132
    0.0000   37.5000   22.500012319.1113   19.6299
    7.5000   37.5000   22.500011785.9121   19.6353
   -7.5000   45.0000   22.500010671.6318   19.1583
    0.0000   45.0000   22.500011311.7539   19.1730
    7.5000   45.0000   22.500010788.5947   19.1679
   -7.5000  -45.0000   30.0000 8501.4590   20.4321
    0.0000  -45.0000   30.0000 8941.2266   20.4430
    7.5000  -45.0000   30.0000 8580.7373   20.4310
   -7.5000  -37.5000   30.0000 9135.9521   20.2833
    0.0000  -37.5000   30.0000 9583.9326   20.2938
    7.5000  -37.5000   30.0000 9188.5684   20.2799
   -7.5000  -30.0000   30.000010041.3203   20.2211
    0.0000  -30.0000   30.000010539.2607   20.2290
    7.5000  -30.0000   30.000010113.2920   20.2246
   -7.5000  -22.5000   30.000011019.4854   20.1780
    0.0000  -22.5000   30.000011615.8770   20.1848
    7.5000  -22.5000   30.000011134.3535   20.1917
   -7.5000  -15.0000   30.000012012.1807   20.1676
    0.0000  -15.0000   30.000012722.7520   20.1766
    7.5000  -15.0000   30.000012168.0557   20.1875
   -7.5000   -7.5000   30.000012893.3359   20.1655
    0.0000   -7.5000   30.000013554.8994   20.1758
    7.5000   -7.5000   30.000013006.2441   20.1788
   -7.5000    0.0000   30.000013561.8418   20.1725
    0.0000    0.0000   30.000014196.7861   20.1830
    7.5000    0.0000   30.000013668.0859   20.1734
   -7.5000    7.5000   30.000013238.4395   20.1783
    0.0000    7.5000   30.000013874.3125   20.1886
    7.5000    7.5000   30.000013343.6475   20.1760
   -7.5000   15.0000   30.000012751.0518   20.1810
    0.0000   15.0000   30.000013347.0596   20.1890
    7.5000   15.0000   30.000012843.7812   20.1850
   -7.5000   22.5000   30.000012105.0156   20.1680
    0.0000   22.5000   30.000012691.7705   20.1748
    7.5000   22.5000   30.000012188.7061   20.1817
   -7.5000   30.0000   30.000011284.1729   19.9066
    0.0000   30.0000   30.000011832.7793   19.9155
    7.5000   30.0000   30.000011353.4111   19.9262
   -7.5000   37.5000   30.000010803.5713   19.9045
    0.0000   37.5000   30.000011374.1094   19.9147
    7.5000   37.5000   30.000010904.8633   19.9177
   -7.5000   45.0000   30.0000 9915.2793   19.4440
    0.0000   45.0000   30.000010471.2568   19.4541
    7.5000   45.0000   30.000010037.2207   19.4448
   -7.5000  -45.0000   37.5000 8157.2168   21.0912
    0.0000  -45.0000   37.5000 8552.4111   21.0988
    7.5000  -45.0000   37.5000 8231.3691   21.0735
   -7.5000  -37.5000   37.5000 8761.8994   20.9266
    0.0000  -37.5000   37.5000 9175.5605   20.9388
    7.5000  -37.5000   37.5000 8817.1787   20.9152
   -7.5000  -30.0000   37.5000 9678.0645   20.8562
    0.0000  -30.0000   37.500010138.0674   20.8681
    7.5000  -30.0000   37.5000 9747.8428   20.8579
   -7.5000  -22.5000   37.500010640.4658   20.8130
    0.0000  -22.5000   37.500011197.2725   20.8208
    7.5000  -22.5000   37.500010751.2969   20.8236
   -7.5000  -15.0000   37.500011592.9219   20.8087
    0.0000  -15.0000   37.500012199.1895   20.8134
    7.5000  -15.0000   37.500011683.3320   20.8178
   -7.5000   -7.5000   37.500012392.4014   20.8105
    0.0000   -7.5000   37.500012987.5557   20.8144
    7.5000   -7.5000   37.500012468.0957   20.8061
   -7.5000    0.0000   37.500013020.3369   20.8150
    0.0000    0.0000   37.500013644.3730   20.8221
    7.5000    0.0000   37.500013110.1689   20.7996
   -7.5000    7.5000   37.500012730.4326   20.8148
    0.0000    7.5000   37.500013324.6387   20.8267
    7.5000    7.5000   37.500012804.6426   20.8045
   -7.5000   15.0000   37.500012285.4297   20.8138
    0.0000   15.0000   37.500012846.3574   20.8257
    7.5000   15.0000   37.500012350.0996   20.8160
   -7.5000   22.5000   37.500011695.8311   20.8027
    0.0000   22.5000   37.500012244.5391   20.8105
    7.5000   22.5000   37.500011761.2998   20.8133
   -7.5000   30.0000   37.500010927.9434   20.5394
    0.0000   30.0000   37.500011442.0713   20.5440
    7.5000   30.0000   37.500010982.3682   20.5484
   -7.5000   37.5000   37.500010491.2891   20.5411
    0.0000   37.5000   37.500011012.4795   20.5450
    7.5000   37.5000   37.500010541.9014   20.5369
   -7.5000   45.0000   37.5000 9632.1895   20.0633
    0.0000   45.0000   37.500010103.9121   20.0701
    7.5000   45.0000   37.5000 9691.5000   20.0484
   -7.5000  -45.0000   45.0000 7543.8511   21.8344
    0.0000  -45.0000   45.0000 7868.0171   21.8432
    7.5000  -45.0000   45.0000 7581.6343   21.8065
   -7.5000  -37.5000   45.0000 8110.2510   21.6685
    0.0000  -37.5000   45.0000 8463.9453   21.6809
    7.5000  -37.5000   45.0000 8139.4873   21.6475
   -7.5000  -30.0000   45.0000 8980.8037   21.6014
    0.0000  -30.0000   45.0000 9391.8828   21.6118
    7.5000  -30.0000   45.0000 9029.3525   21.5931
   -7.5000  -22.5000   45.0000 9872.9521   21.5535
    0.0000  -22.5000   45.000010353.3545   21.5581
    7.5000  -22.5000   45.0000 9935.7783   21.5524
   -7.5000  -15.0000   45.000010729.0107   21.5394
    0.0000  -15.0000   45.000011227.4805   21.5401
    7.5000  -15.0000   45.000010755.7969   21.5349
   -7.5000   -7.5000   45.000011442.2959   21.5313
    0.0000   -7.5000   45.000011973.8066   21.5340
    7.5000   -7.5000   45.000011473.5430   21.5147
   -7.5000    0.0000   45.000012022.3623   21.5366
    0.0000    0.0000   45.000012608.1172   21.5448
    7.5000    0.0000   45.000012092.3506   21.5115
   -7.5000    7.5000   45.000011768.9072   21.5476
    0.0000    7.5000   45.000012337.8701   21.5597
    7.5000    7.5000   45.000011819.4121   21.5279
   -7.5000   15.0000   45.000011363.3438   21.5555
    0.0000   15.0000   45.000011895.0293   21.5660
    7.5000   15.0000   45.000011390.6914   21.5478
   -7.5000   22.5000   45.000010829.8955   21.5428
    0.0000   22.5000   45.000011343.9619   21.5473
    7.5000   22.5000   45.000010884.0703   21.5417
   -7.5000   30.0000   45.000010127.9629   21.2588
    0.0000   30.0000   45.000010650.8535   21.2595
    7.5000   30.0000   45.000010212.6631   21.2543
   -7.5000   37.5000   45.0000 9718.9326   21.2508
    0.0000   37.5000   45.000010201.0303   21.2535
    7.5000   37.5000   45.0000 9778.9570   21.2344
   -7.5000   45.0000   45.0000 8922.1855   20.7682
    0.0000   45.0000   45.0000 9352.7090   20.7761
    7.5000   45.0000   45.0000 8961.9346   20.7440

---------------------------------------------------------------------
imgreg_4dfp /opt/freesurfer/average/711-2C_as_mni_average_305 /opt/freesurfer/average/711-2B_as_mni_average_305_mask talsrcimg_g11 none talsrcimg_to_711-2C_as_mni_average_305_t4 4355
---------------------------------------------------------------------

freesurfer imgreg_4dfp.c
/opt/freesurfer/average/711-2C_as_mni_average_305.4dfp.img
       256       256       256         1
  1.000000  1.000000  1.000000
orientation T byte_order littleendian
Reading image: /opt/freesurfer/average/711-2C_as_mni_average_305.4dfp.img
dimensions:      256       256       256
mmppix:       1.0000   -1.0000   -1.0000
center:     128.0000 -129.0000 -129.0000
/opt/freesurfer/average/711-2B_as_mni_average_305_mask.4dfp.img
       256       256       256         1
  1.000000  1.000000  1.000000
orientation T byte_order littleendian
Reading mask: /opt/freesurfer/average/711-2B_as_mni_average_305_mask.4dfp.img (2306576 pixels)
talsrcimg_g11.4dfp.img
       256       256       256         1
  1.000000  1.000000  1.000000
orientation T byte_order littleendian
Reading image: talsrcimg_g11.4dfp.img
dimensions:      256       256       256
mmppix:       1.0000   -1.0000   -1.0000
center:     128.0000 -129.0000 -129.0000
rotation matrix determinant  1.000000
image alignment mode   4355 decimal     1103 hex
   -7.5000  -45.0000  -45.0000 2197.4319   22.0822
    0.0000  -45.0000  -45.0000 2211.7964   22.0066
    7.5000  -45.0000  -45.0000 2196.6089   22.0175
   -7.5000  -37.5000  -45.0000 2290.9524   20.2012
    0.0000  -37.5000  -45.0000 2306.3491   20.1744
    7.5000  -37.5000  -45.0000 2288.1309   20.1305
   -7.5000  -30.0000  -45.0000 2364.9775   18.8402
    0.0000  -30.0000  -45.0000 2379.3525   18.7958
    7.5000  -30.0000  -45.0000 2361.3474   18.7861
   -7.5000  -22.5000  -45.0000 2415.3447   17.9423
    0.0000  -22.5000  -45.0000 2430.8418   17.8813
    7.5000  -22.5000  -45.0000 2411.5857   17.8500
   -7.5000  -15.0000  -45.0000 2434.6440   17.4479
    0.0000  -15.0000  -45.0000 2456.5659   17.3603
    7.5000  -15.0000  -45.0000 2429.4185   17.3683
   -7.5000   -7.5000  -45.0000 2442.9885   17.2469
    0.0000   -7.5000  -45.0000 2464.4121   17.1938
    7.5000   -7.5000  -45.0000 2438.3601   17.1787
   -7.5000    0.0000  -45.0000 2440.1858   17.4326
    0.0000    0.0000  -45.0000 2465.1086   17.3604
    7.5000    0.0000  -45.0000 2442.3208   17.3430
   -7.5000    7.5000  -45.0000 2430.3889   17.8718
    0.0000    7.5000  -45.0000 2457.6868   17.8309
    7.5000    7.5000  -45.0000 2429.9075   17.8084
   -7.5000   15.0000  -45.0000 2396.1941   18.5851
    0.0000   15.0000  -45.0000 2424.6733   18.5501
    7.5000   15.0000  -45.0000 2399.0063   18.5048
   -7.5000   22.5000  -45.0000 2349.5835   19.5236
    0.0000   22.5000  -45.0000 2376.3020   19.4963
    7.5000   22.5000  -45.0000 2353.3896   19.4831
   -7.5000   30.0000  -45.0000 2284.8691   20.7658
    0.0000   30.0000  -45.0000 2307.0706   20.7525
    7.5000   30.0000  -45.0000 2288.1597   20.7603
   -7.5000   37.5000  -45.0000 2207.6431   22.5473
    0.0000   37.5000  -45.0000 2225.0415   22.4497
    7.5000   37.5000  -45.0000 2206.3120   22.5073
   -7.5000   45.0000  -45.0000 2108.1228   24.9388
    0.0000   45.0000  -45.0000 2122.4055   24.8275
    7.5000   45.0000  -45.0000 2102.3894   24.8908
   -7.5000  -45.0000  -37.5000 2261.2041   20.9167
    0.0000  -45.0000  -37.5000 2281.6467   20.9436
    7.5000  -45.0000  -37.5000 2259.9885   20.8769
   -7.5000  -37.5000  -37.5000 2365.6086   19.1408
    0.0000  -37.5000  -37.5000 2384.5918   19.1608
    7.5000  -37.5000  -37.5000 2361.3030   19.0962
   -7.5000  -30.0000  -37.5000 2446.1670   17.7563
    0.0000  -30.0000  -37.5000 2468.0645   17.7341
    7.5000  -30.0000  -37.5000 2440.9963   17.7045
   -7.5000  -22.5000  -37.5000 2501.5593   16.8073
    0.0000  -22.5000  -37.5000 2527.6436   16.7766
    7.5000  -22.5000  -37.5000 2494.6458   16.7569
   -7.5000  -15.0000  -37.5000 2522.9863   16.2791
    0.0000  -15.0000  -37.5000 2546.3420   16.2292
    7.5000  -15.0000  -37.5000 2516.1809   16.2381
   -7.5000   -7.5000  -37.5000 2534.1577   16.0510
    0.0000   -7.5000  -37.5000 2559.4788   16.0235
    7.5000   -7.5000  -37.5000 2530.8098   16.0320
   -7.5000    0.0000  -37.5000 2530.4639   16.2193
    0.0000    0.0000  -37.5000 2557.3005   16.1671
    7.5000    0.0000  -37.5000 2531.8904   16.1673
   -7.5000    7.5000  -37.5000 2517.5554   16.6259
    0.0000    7.5000  -37.5000 2549.1548   16.6054
    7.5000    7.5000  -37.5000 2521.4707   16.5947
   -7.5000   15.0000  -37.5000 2487.3730   17.2529
    0.0000   15.0000  -37.5000 2518.0325   17.2311
    7.5000   15.0000  -37.5000 2491.6377   17.2458
   -7.5000   22.5000  -37.5000 2438.7573   18.1052
    0.0000   22.5000  -37.5000 2468.1733   18.0917
    7.5000   22.5000  -37.5000 2445.4534   18.1089
   -7.5000   30.0000  -37.5000 2370.0825   19.2110
    0.0000   30.0000  -37.5000 2398.7234   19.2296
    7.5000   30.0000  -37.5000 2373.6521   19.2553
   -7.5000   37.5000  -37.5000 2284.9661   20.8094
    0.0000   37.5000  -37.5000 2311.3840   20.8005
    7.5000   37.5000  -37.5000 2291.3813   20.8617
   -7.5000   45.0000  -37.5000 2180.3394   23.0408
    0.0000   45.0000  -37.5000 2199.5129   22.9988
    7.5000   45.0000  -37.5000 2184.9763   23.0217
   -7.5000  -45.0000  -30.0000 2350.8545   20.6239
    0.0000  -45.0000  -30.0000 2371.4519   20.6309
    7.5000  -45.0000  -30.0000 2348.9026   20.5759
   -7.5000  -37.5000  -30.0000 2465.8445   18.7950
    0.0000  -37.5000  -30.0000 2486.9856   18.7989
    7.5000  -37.5000  -30.0000 2462.5950   18.7960
   -7.5000  -30.0000  -30.0000 2549.9158   17.3572
    0.0000  -30.0000  -30.0000 2572.9299   17.3487
    7.5000  -30.0000  -30.0000 2543.4839   17.3420
   -7.5000  -22.5000  -30.0000 2610.4570   16.3922
    0.0000  -22.5000  -30.0000 2637.2505   16.3529
    7.5000  -22.5000  -30.0000 2605.9895   16.3312
   -7.5000  -15.0000  -30.0000 2642.3218   15.7793
    0.0000  -15.0000  -30.0000 2665.7908   15.7191
    7.5000  -15.0000  -30.0000 2639.8110   15.7272
   -7.5000   -7.5000  -30.0000 2661.8022   15.4918
    0.0000   -7.5000  -30.0000 2686.1611   15.4614
    7.5000   -7.5000  -30.0000 2656.6055   15.4839
   -7.5000    0.0000  -30.0000 2660.9836   15.6047
    0.0000    0.0000  -30.0000 2681.8386   15.5724
    7.5000    0.0000  -30.0000 2660.7261   15.5949
   -7.5000    7.5000  -30.0000 2642.6982   16.0218
    0.0000    7.5000  -30.0000 2675.9395   15.9807
    7.5000    7.5000  -30.0000 2652.5547   16.0182
   -7.5000   15.0000  -30.0000 2616.7126   16.6272
    0.0000   15.0000  -30.0000 2647.7654   16.5816
    7.5000   15.0000  -30.0000 2629.6621   16.6184
   -7.5000   22.5000  -30.0000 2566.6587   17.4343
    0.0000   22.5000  -30.0000 2596.4407   17.4114
    7.5000   22.5000  -30.0000 2576.1296   17.4545
   -7.5000   30.0000  -30.0000 2492.2766   18.4858
    0.0000   30.0000  -30.0000 2524.3184   18.4937
    7.5000   30.0000  -30.0000 2503.8376   18.5356
   -7.5000   37.5000  -30.0000 2402.9944   20.0247
    0.0000   37.5000  -30.0000 2431.9880   20.0048
    7.5000   37.5000  -30.0000 2412.7710   20.0536
   -7.5000   45.0000  -30.0000 2292.3967   22.0706
    0.0000   45.0000  -30.0000 2318.1135   22.0599
    7.5000   45.0000  -30.0000 2300.8496   22.0568
   -7.5000  -45.0000  -22.5000 2406.2314   20.2200
    0.0000  -45.0000  -22.5000 2430.6233   20.2061
    7.5000  -45.0000  -22.5000 2410.0498   20.1466
   -7.5000  -37.5000  -22.5000 2523.7349   18.3396
    0.0000  -37.5000  -22.5000 2550.8286   18.3246
    7.5000  -37.5000  -22.5000 2524.0361   18.3203
   -7.5000  -30.0000  -22.5000 2607.5349   16.9070
    0.0000  -30.0000  -22.5000 2634.8633   16.8275
    7.5000  -30.0000  -22.5000 2609.9968   16.8450
   -7.5000  -22.5000  -22.5000 2675.4211   15.9010
    0.0000  -22.5000  -22.5000 2704.6882   15.8057
    7.5000  -22.5000  -22.5000 2682.9705   15.8389
   -7.5000  -15.0000  -22.5000 2722.4331   15.2248
    0.0000  -15.0000  -22.5000 2749.3796   15.1353
    7.5000  -15.0000  -22.5000 2731.7742   15.1906
   -7.5000   -7.5000  -22.5000 2746.4077   14.8982
    0.0000   -7.5000  -22.5000 2776.2415   14.7968
    7.5000   -7.5000  -22.5000 2754.9287   14.8866
   -7.5000    0.0000  -22.5000 2755.9565   14.9474
    0.0000    0.0000  -22.5000 2780.3513   14.8743
    7.5000    0.0000  -22.5000 2759.3877   14.9578
   -7.5000    7.5000  -22.5000 2745.9858   15.3323
    0.0000    7.5000  -22.5000 2780.5945   15.2759
    7.5000    7.5000  -22.5000 2762.8201   15.3498
   -7.5000   15.0000  -22.5000 2717.4045   15.9554
    0.0000   15.0000  -22.5000 2749.0193   15.8910
    7.5000   15.0000  -22.5000 2738.1736   15.9569
   -7.5000   22.5000  -22.5000 2671.0344   16.7187
    0.0000   22.5000  -22.5000 2694.2969   16.6655
    7.5000   22.5000  -22.5000 2683.0757   16.7290
   -7.5000   30.0000  -22.5000 2595.9546   17.7192
    0.0000   30.0000  -22.5000 2621.2185   17.6840
    7.5000   30.0000  -22.5000 2606.0281   17.7453
   -7.5000   37.5000  -22.5000 2497.5132   19.1752
    0.0000   37.5000  -22.5000 2521.5381   19.1263
    7.5000   37.5000  -22.5000 2506.7822   19.1514
   -7.5000   45.0000  -22.5000 2383.6836   21.1318
    0.0000   45.0000  -22.5000 2409.4690   21.0902
    7.5000   45.0000  -22.5000 2396.3789   21.0709
   -7.5000  -45.0000  -15.0000 2415.3069   19.8403
    0.0000  -45.0000  -15.0000 2443.8215   19.7845
    7.5000  -45.0000  -15.0000 2421.0708   19.7815
   -7.5000  -37.5000  -15.0000 2531.9141   17.9277
    0.0000  -37.5000  -15.0000 2561.2554   17.8450
    7.5000  -37.5000  -15.0000 2538.6599   17.8842
   -7.5000  -30.0000  -15.0000 2625.1206   16.4628
    0.0000  -30.0000  -15.0000 2656.4214   16.3398
    7.5000  -30.0000  -15.0000 2635.2017   16.4134
   -7.5000  -22.5000  -15.0000 2703.4253   15.4311
    0.0000  -22.5000  -15.0000 2731.9067   15.2781
    7.5000  -22.5000  -15.0000 2713.9387   15.3795
   -7.5000  -15.0000  -15.0000 2762.0981   14.7701
    0.0000  -15.0000  -15.0000 2789.5796   14.6113
    7.5000  -15.0000  -15.0000 2775.5659   14.7563
   -7.5000   -7.5000  -15.0000 2801.9944   14.4548
    0.0000   -7.5000  -15.0000 2833.7158   14.2701
    7.5000   -7.5000  -15.0000 2817.0593   14.4230
   -7.5000    0.0000  -15.0000 2821.5720   14.3898
    0.0000    0.0000  -15.0000 2845.2341   14.2280
    7.5000    0.0000  -15.0000 2828.4187   14.4029
   -7.5000    7.5000  -15.0000 2820.3691   14.7332
    0.0000    7.5000  -15.0000 2850.8347   14.6218
    7.5000    7.5000  -15.0000 2837.4722   14.7545
   -7.5000   15.0000  -15.0000 2785.7920   15.3577
    0.0000   15.0000  -15.0000 2819.2302   15.2556
    7.5000   15.0000  -15.0000 2812.8225   15.3587
   -7.5000   22.5000  -15.0000 2738.8228   16.0977
    0.0000   22.5000  -15.0000 2763.3406   16.0103
    7.5000   22.5000  -15.0000 2756.1919   16.0883
   -7.5000   30.0000  -15.0000 2664.0042   17.0893
    0.0000   30.0000  -15.0000 2683.5442   16.9836
    7.5000   30.0000  -15.0000 2674.0510   17.0700
   -7.5000   37.5000  -15.0000 2565.3691   18.4360
    0.0000   37.5000  -15.0000 2587.1772   18.3489
    7.5000   37.5000  -15.0000 2577.1301   18.4143
   -7.5000   45.0000  -15.0000 2446.8140   20.3055
    0.0000   45.0000  -15.0000 2469.3164   20.1921
    7.5000   45.0000  -15.0000 2460.2666   20.2485
   -7.5000  -45.0000   -7.5000 2405.0842   19.5847
    0.0000  -45.0000   -7.5000 2427.7456   19.3662
    7.5000  -45.0000   -7.5000 2408.2988   19.5087
   -7.5000  -37.5000   -7.5000 2520.9336   17.6682
    0.0000  -37.5000   -7.5000 2544.0532   17.4685
    7.5000  -37.5000   -7.5000 2529.6670   17.6308
   -7.5000  -30.0000   -7.5000 2623.5103   16.2148
    0.0000  -30.0000   -7.5000 2646.7898   15.9993
    7.5000  -30.0000   -7.5000 2634.7161   16.1944
   -7.5000  -22.5000   -7.5000 2712.2036   15.1894
    0.0000  -22.5000   -7.5000 2731.0640   14.9594
    7.5000  -22.5000   -7.5000 2727.6099   15.1765
   -7.5000  -15.0000   -7.5000 2783.8010   14.5581
    0.0000  -15.0000   -7.5000 2807.8330   14.3587
    7.5000  -15.0000   -7.5000 2802.7402   14.5434
   -7.5000   -7.5000   -7.5000 2837.4412   14.2265
    0.0000   -7.5000   -7.5000 2868.1562   13.9958
    7.5000   -7.5000   -7.5000 2858.6018   14.1987
   -7.5000    0.0000   -7.5000 2868.6931   14.0716
    0.0000    0.0000   -7.5000 2890.5979   13.8318
    7.5000    0.0000   -7.5000 2881.4924   14.1005
   -7.5000    7.5000   -7.5000 2872.3367   14.3195
    0.0000    7.5000   -7.5000 2894.3806   14.1041
    7.5000    7.5000   -7.5000 2888.0881   14.3481
   -7.5000   15.0000   -7.5000 2836.9326   14.9199
    0.0000   15.0000   -7.5000 2861.1028   14.7231
    7.5000   15.0000   -7.5000 2863.7856   14.9002
   -7.5000   22.5000   -7.5000 2790.6265   15.6163
    0.0000   22.5000   -7.5000 2811.0481   15.4407
    7.5000   22.5000   -7.5000 2810.7463   15.6010
   -7.5000   30.0000   -7.5000 2709.3665   16.5364
    0.0000   30.0000   -7.5000 2728.0808   16.3384
    7.5000   30.0000   -7.5000 2726.4312   16.5006
   -7.5000   37.5000   -7.5000 2610.5605   17.8576
    0.0000   37.5000   -7.5000 2627.2278   17.6575
    7.5000   37.5000   -7.5000 2622.6050   17.8158
   -7.5000   45.0000   -7.5000 2489.5305   19.6619
    0.0000   45.0000   -7.5000 2510.9080   19.4701
    7.5000   45.0000   -7.5000 2499.8870   19.6261
   -7.5000  -45.0000    0.0000 2372.2180   19.6348
    0.0000  -45.0000    0.0000 2385.6074   19.3680
    7.5000  -45.0000    0.0000 2376.7896   19.5541
   -7.5000  -37.5000    0.0000 2487.8906   17.7041
    0.0000  -37.5000    0.0000 2503.4780   17.4832
    7.5000  -37.5000    0.0000 2496.9438   17.6707
   -7.5000  -30.0000    0.0000 2597.8059   16.2898
    0.0000  -30.0000    0.0000 2617.9167   16.0706
    7.5000  -30.0000    0.0000 2606.4055   16.2312
   -7.5000  -22.5000    0.0000 2697.8584   15.2650
    0.0000  -22.5000    0.0000 2713.6836   15.0631
    7.5000  -22.5000    0.0000 2710.1301   15.2218
   -7.5000  -15.0000    0.0000 2785.3472   14.6246
    0.0000  -15.0000    0.0000 2806.4580   14.4389
    7.5000  -15.0000    0.0000 2806.5208   14.5936
   -7.5000   -7.5000    0.0000 2858.6484   14.3366
    0.0000   -7.5000    0.0000 2893.3293   14.1794
    7.5000   -7.5000    0.0000 2886.6279   14.2629
   -7.5000    0.0000    0.0000 2903.0522   14.1522
    0.0000    0.0000    0.0000 2936.5452   13.9548
    7.5000    0.0000    0.0000 2922.0166   14.1328
   -7.5000    7.5000    0.0000 2902.4641   14.2058
    0.0000    7.5000    0.0000 2927.2361   14.0030
    7.5000    7.5000    0.0000 2921.5134   14.2150
   -7.5000   15.0000    0.0000 2865.3354   14.6305
    0.0000   15.0000    0.0000 2890.1555   14.4415
    7.5000   15.0000    0.0000 2888.8325   14.6254
   -7.5000   22.5000    0.0000 2811.0630   15.2648
    0.0000   22.5000    0.0000 2833.4915   15.0713
    7.5000   22.5000    0.0000 2828.3799   15.2161
   -7.5000   30.0000    0.0000 2727.4980   16.1514
    0.0000   30.0000    0.0000 2750.9946   15.9619
    7.5000   30.0000    0.0000 2743.1082   16.0695
   -7.5000   37.5000    0.0000 2628.4619   17.4689
    0.0000   37.5000    0.0000 2649.6187   17.3018
    7.5000   37.5000    0.0000 2640.4077   17.3995
   -7.5000   45.0000    0.0000 2508.8240   19.2326
    0.0000   45.0000    0.0000 2531.6692   19.1398
    7.5000   45.0000    0.0000 2515.4614   19.1838
   -7.5000  -45.0000    7.5000 2338.6116   20.1892
    0.0000  -45.0000    7.5000 2341.0066   19.8716
    7.5000  -45.0000    7.5000 2346.8762   20.0699
   -7.5000  -37.5000    7.5000 2457.4324   18.2247
    0.0000  -37.5000    7.5000 2462.9319   17.9253
    7.5000  -37.5000    7.5000 2469.7681   18.1212
   -7.5000  -30.0000    7.5000 2575.1274   16.7657
    0.0000  -30.0000    7.5000 2580.8687   16.5153
    7.5000  -30.0000    7.5000 2585.9531   16.6969
   -7.5000  -22.5000    7.5000 2680.0183   15.7124
    0.0000  -22.5000    7.5000 2694.8440   15.4889
    7.5000  -22.5000    7.5000 2695.8542   15.6469
   -7.5000  -15.0000    7.5000 2783.7678   14.9904
    0.0000  -15.0000    7.5000 2811.0974   14.8362
    7.5000  -15.0000    7.5000 2807.4939   14.9430
   -7.5000   -7.5000    7.5000 2869.3826   14.6035
    0.0000   -7.5000    7.5000 2917.4915   14.6124
    7.5000   -7.5000    7.5000 2897.9797   14.5613
   -7.5000    0.0000    7.5000 2909.5767   14.3577
    0.0000    0.0000    7.5000 2974.7712   14.3724
    7.5000    0.0000    7.5000 2938.8850   14.3233
   -7.5000    7.5000    7.5000 2904.1550   14.2755
    0.0000    7.5000    7.5000 2948.9539   14.0993
    7.5000    7.5000    7.5000 2927.2649   14.2406
   -7.5000   15.0000    7.5000 2868.0977   14.5045
    0.0000   15.0000    7.5000 2890.6160   14.1844
    7.5000   15.0000    7.5000 2887.1152   14.3815
   -7.5000   22.5000    7.5000 2807.4482   15.0628
    0.0000   22.5000    7.5000 2830.5710   14.7768
    7.5000   22.5000    7.5000 2828.8123   14.9627
   -7.5000   30.0000    7.5000 2725.9189   15.9534
    0.0000   30.0000    7.5000 2742.6780   15.7413
    7.5000   30.0000    7.5000 2735.6118   15.8823
   -7.5000   37.5000    7.5000 2626.9875   17.2777
    0.0000   37.5000    7.5000 2645.0972   17.1329
    7.5000   37.5000    7.5000 2637.1187   17.1954
   -7.5000   45.0000    7.5000 2505.1433   19.0444
    0.0000   45.0000    7.5000 2530.7593   18.9489
    7.5000   45.0000    7.5000 2518.7017   18.9849
   -7.5000  -45.0000   15.0000 2302.9536   21.1111
    0.0000  -45.0000   15.0000 2305.6917   20.7327
    7.5000  -45.0000   15.0000 2313.4561   21.0283
   -7.5000  -37.5000   15.0000 2429.5952   19.1268
    0.0000  -37.5000   15.0000 2435.8582   18.7781
    7.5000  -37.5000   15.0000 2438.1699   18.9788
   -7.5000  -30.0000   15.0000 2546.4934   17.6024
    0.0000  -30.0000   15.0000 2557.0767   17.3190
    7.5000  -30.0000   15.0000 2557.9648   17.4563
   -7.5000  -22.5000   15.0000 2654.2610   16.3758
    0.0000  -22.5000   15.0000 2675.4343   16.1465
    7.5000  -22.5000   15.0000 2667.7698   16.2701
   -7.5000  -15.0000   15.0000 2761.6248   15.4895
    0.0000  -15.0000   15.0000 2788.3203   15.3385
    7.5000  -15.0000   15.0000 2770.9041   15.4036
   -7.5000   -7.5000   15.0000 2839.3298   14.9489
    0.0000   -7.5000   15.0000 2884.4177   14.9185
    7.5000   -7.5000   15.0000 2856.6765   14.8708
   -7.5000    0.0000   15.0000 2887.9382   14.5898
    0.0000    0.0000   15.0000 2937.9729   14.4272
    7.5000    0.0000   15.0000 2905.6372   14.5050
   -7.5000    7.5000   15.0000 2887.7893   14.4878
    0.0000    7.5000   15.0000 2916.0376   14.1670
    7.5000    7.5000   15.0000 2900.8667   14.3403
   -7.5000   15.0000   15.0000 2854.6396   14.7158
    0.0000   15.0000   15.0000 2877.4851   14.4483
    7.5000   15.0000   15.0000 2869.4619   14.5813
   -7.5000   22.5000   15.0000 2793.6848   15.2932
    0.0000   22.5000   15.0000 2823.8540   15.1146
    7.5000   22.5000   15.0000 2820.7632   15.2252
   -7.5000   30.0000   15.0000 2711.5200   16.2013
    0.0000   30.0000   15.0000 2728.7673   16.0688
    7.5000   30.0000   15.0000 2720.1831   16.1656
   -7.5000   37.5000   15.0000 2616.9897   17.4758
    0.0000   37.5000   15.0000 2631.5305   17.3474
    7.5000   37.5000   15.0000 2624.4507   17.4013
   -7.5000   45.0000   15.0000 2498.7434   19.1258
    0.0000   45.0000   15.0000 2521.0205   19.0397
    7.5000   45.0000   15.0000 2505.1982   19.0863
   -7.5000  -45.0000   22.5000 2270.5469   22.2922
    0.0000  -45.0000   22.5000 2277.5474   21.9198
    7.5000  -45.0000   22.5000 2276.1279   22.1455
   -7.5000  -37.5000   22.5000 2395.8892   20.0721
    0.0000  -37.5000   22.5000 2403.7329   19.6980
    7.5000  -37.5000   22.5000 2398.2529   19.8722
   -7.5000  -30.0000   22.5000 2508.5469   18.3493
    0.0000  -30.0000   22.5000 2519.7952   18.0326
    7.5000  -30.0000   22.5000 2513.4717   18.1712
   -7.5000  -22.5000   22.5000 2614.5566   17.0235
    0.0000  -22.5000   22.5000 2634.0715   16.6991
    7.5000  -22.5000   22.5000 2625.3167   16.8480
   -7.5000  -15.0000   22.5000 2712.8938   16.0440
    0.0000  -15.0000   22.5000 2736.4290   15.8035
    7.5000  -15.0000   22.5000 2726.7998   15.9076
   -7.5000   -7.5000   22.5000 2793.5627   15.3589
    0.0000   -7.5000   22.5000 2831.6707   15.1713
    7.5000   -7.5000   22.5000 2814.2986   15.2479
   -7.5000    0.0000   22.5000 2849.5098   14.9146
    0.0000    0.0000   22.5000 2873.9724   14.5224
    7.5000    0.0000   22.5000 2860.3486   14.7647
   -7.5000    7.5000   22.5000 2857.0579   14.8714
    0.0000    7.5000   22.5000 2882.8645   14.4521
    7.5000    7.5000   22.5000 2870.3962   14.6636
   -7.5000   15.0000   22.5000 2824.2188   15.1594
    0.0000   15.0000   22.5000 2854.9011   14.8554
    7.5000   15.0000   22.5000 2844.5049   15.0106
   -7.5000   22.5000   22.5000 2768.3474   15.7813
    0.0000   22.5000   22.5000 2803.7698   15.5244
    7.5000   22.5000   22.5000 2793.3433   15.6601
   -7.5000   30.0000   22.5000 2684.3169   16.6978
    0.0000   30.0000   22.5000 2708.1367   16.5398
    7.5000   30.0000   22.5000 2702.9536   16.6357
   -7.5000   37.5000   22.5000 2587.1101   17.9412
    0.0000   37.5000   22.5000 2608.3496   17.8486
    7.5000   37.5000   22.5000 2596.2634   17.9047
   -7.5000   45.0000   22.5000 2472.8574   19.6037
    0.0000   45.0000   22.5000 2497.6309   19.5298
    7.5000   45.0000   22.5000 2478.8325   19.5445
   -7.5000  -45.0000   30.0000 2224.1729   23.5354
    0.0000  -45.0000   30.0000 2230.9456   23.0863
    7.5000  -45.0000   30.0000 2225.4507   23.2927
   -7.5000  -37.5000   30.0000 2348.5994   21.0559
    0.0000  -37.5000   30.0000 2356.1243   20.6721
    7.5000  -37.5000   30.0000 2346.3003   20.8134
   -7.5000  -30.0000   30.0000 2454.4795   19.1671
    0.0000  -30.0000   30.0000 2467.8181   18.7875
    7.5000  -30.0000   30.0000 2459.6821   18.9685
   -7.5000  -22.5000   30.0000 2562.5022   17.7732
    0.0000  -22.5000   30.0000 2580.8855   17.3857
    7.5000  -22.5000   30.0000 2575.6848   17.5781
   -7.5000  -15.0000   30.0000 2657.8232   16.7422
    0.0000  -15.0000   30.0000 2681.3430   16.4068
    7.5000  -15.0000   30.0000 2675.5283   16.5508
   -7.5000   -7.5000   30.0000 2732.2732   15.9639
    0.0000   -7.5000   30.0000 2758.0449   15.5479
    7.5000   -7.5000   30.0000 2750.1987   15.7710
   -7.5000    0.0000   30.0000 2780.4102   15.4452
    0.0000    0.0000   30.0000 2801.2520   14.9839
    7.5000    0.0000   30.0000 2792.0747   15.2202
   -7.5000    7.5000   30.0000 2797.6650   15.4205
    0.0000    7.5000   30.0000 2819.9607   15.0306
    7.5000    7.5000   30.0000 2811.7349   15.2125
   -7.5000   15.0000   30.0000 2775.2573   15.7609
    0.0000   15.0000   30.0000 2794.6348   15.4366
    7.5000   15.0000   30.0000 2788.3628   15.6067
   -7.5000   22.5000   30.0000 2723.4285   16.4044
    0.0000   22.5000   30.0000 2748.5046   16.1047
    7.5000   22.5000   30.0000 2740.2866   16.2706
   -7.5000   30.0000   30.0000 2646.8755   17.3096
    0.0000   30.0000   30.0000 2669.7927   17.0625
    7.5000   30.0000   30.0000 2659.0916   17.1920
   -7.5000   37.5000   30.0000 2546.2332   18.5954
    0.0000   37.5000   30.0000 2571.7102   18.3961
    7.5000   37.5000   30.0000 2558.6255   18.4715
   -7.5000   45.0000   30.0000 2428.4182   20.2736
    0.0000   45.0000   30.0000 2455.6567   20.0986
    7.5000   45.0000   30.0000 2444.3547   20.1435
   -7.5000  -45.0000   37.5000 2174.1179   24.8213
    0.0000  -45.0000   37.5000 2180.4780   24.2473
    7.5000  -45.0000   37.5000 2179.8967   24.4827
   -7.5000  -37.5000   37.5000 2296.4951   22.2460
    0.0000  -37.5000   37.5000 2300.8184   21.6676
    7.5000  -37.5000   37.5000 2297.4419   21.8320
   -7.5000  -30.0000   37.5000 2404.4243   20.2421
    0.0000  -30.0000   37.5000 2411.2173   19.7006
    7.5000  -30.0000   37.5000 2408.8733   19.9379
   -7.5000  -22.5000   37.5000 2513.3716   18.7178
    0.0000  -22.5000   37.5000 2530.6250   18.2645
    7.5000  -22.5000   37.5000 2520.2610   18.4302
   -7.5000  -15.0000   37.5000 2601.1165   17.5913
    0.0000  -15.0000   37.5000 2624.3191   17.1364
    7.5000  -15.0000   37.5000 2610.8984   17.3033
   -7.5000   -7.5000   37.5000 2671.0759   16.7476
    0.0000   -7.5000   37.5000 2694.9189   16.2154
    7.5000   -7.5000   37.5000 2678.8936   16.4491
   -7.5000    0.0000   37.5000 2708.6238   16.1996
    0.0000    0.0000   37.5000 2736.2678   15.7903
    7.5000    0.0000   37.5000 2718.4026   15.9741
   -7.5000    7.5000   37.5000 2723.4587   16.2030
    0.0000    7.5000   37.5000 2746.6733   15.8349
    7.5000    7.5000   37.5000 2733.5283   15.9853
   -7.5000   15.0000   37.5000 2704.9771   16.5575
    0.0000   15.0000   37.5000 2721.9783   16.2217
    7.5000   15.0000   37.5000 2716.0505   16.3565
   -7.5000   22.5000   37.5000 2657.4226   17.1713
    0.0000   22.5000   37.5000 2677.9392   16.8477
    7.5000   22.5000   37.5000 2672.0327   17.0141
   -7.5000   30.0000   37.5000 2583.6755   18.0813
    0.0000   30.0000   37.5000 2606.8484   17.8163
    7.5000   30.0000   37.5000 2596.9194   17.9375
   -7.5000   37.5000   37.5000 2494.9646   19.2979
    0.0000   37.5000   37.5000 2522.8665   19.0944
    7.5000   37.5000   37.5000 2504.8777   19.2104
   -7.5000   45.0000   37.5000 2372.5269   21.0070
    0.0000   45.0000   37.5000 2399.6245   20.8203
    7.5000   45.0000   37.5000 2388.0056   20.8923
   -7.5000  -45.0000   45.0000 2120.4312   26.3421
    0.0000  -45.0000   45.0000 2120.3450   25.6038
    7.5000  -45.0000   45.0000 2116.8477   25.8295
   -7.5000  -37.5000   45.0000 2237.9053   23.5784
    0.0000  -37.5000   45.0000 2244.0681   22.9380
    7.5000  -37.5000   45.0000 2235.5991   23.0748
   -7.5000  -30.0000   45.0000 2344.2349   21.4927
    0.0000  -30.0000   45.0000 2350.9497   20.9015
    7.5000  -30.0000   45.0000 2344.1519   21.0421
   -7.5000  -22.5000   45.0000 2447.0374   19.8961
    0.0000  -22.5000   45.0000 2460.5100   19.3878
    7.5000  -22.5000   45.0000 2449.8274   19.5214
   -7.5000  -15.0000   45.0000 2531.6533   18.6745
    0.0000  -15.0000   45.0000 2550.6848   18.1282
    7.5000  -15.0000   45.0000 2534.9810   18.2891
   -7.5000   -7.5000   45.0000 2596.2756   17.6988
    0.0000   -7.5000   45.0000 2621.7456   17.2408
    7.5000   -7.5000   45.0000 2598.6194   17.4041
   -7.5000    0.0000   45.0000 2629.4512   17.1691
    0.0000    0.0000   45.0000 2655.8062   16.8632
    7.5000    0.0000   45.0000 2636.5720   16.9734
   -7.5000    7.5000   45.0000 2640.9751   17.2062
    0.0000    7.5000   45.0000 2666.1929   16.9120
    7.5000    7.5000   45.0000 2649.7297   16.9842
   -7.5000   15.0000   45.0000 2617.4663   17.5789
    0.0000   15.0000   45.0000 2637.3164   17.2582
    7.5000   15.0000   45.0000 2625.6895   17.3307
   -7.5000   22.5000   45.0000 2575.3359   18.1482
    0.0000   22.5000   45.0000 2598.5137   17.8424
    7.5000   22.5000   45.0000 2591.7852   17.9499
   -7.5000   30.0000   45.0000 2510.3711   18.9996
    0.0000   30.0000   45.0000 2545.1082   18.7152
    7.5000   30.0000   45.0000 2533.1118   18.8127
   -7.5000   37.5000   45.0000 2426.0940   20.2331
    0.0000   37.5000   45.0000 2451.8013   20.0123
    7.5000   37.5000   45.0000 2436.3455   20.0646
   -7.5000   45.0000   45.0000 2303.6433   21.9599
    0.0000   45.0000   45.0000 2326.7939   21.7644
    7.5000   45.0000   45.0000 2312.9441   21.8214

---------------------------------------------------------------------
imgreg_4dfp /opt/freesurfer/average/711-2C_as_mni_average_305 /opt/freesurfer/average/711-2B_as_mni_average_305_mask talsrcimg_g11 none talsrcimg_to_711-2C_as_mni_average_305_t4 1283
---------------------------------------------------------------------

freesurfer imgreg_4dfp.c
/opt/freesurfer/average/711-2C_as_mni_average_305.4dfp.img
       256       256       256         1
  1.000000  1.000000  1.000000
orientation T byte_order littleendian
Reading image: /opt/freesurfer/average/711-2C_as_mni_average_305.4dfp.img
dimensions:      256       256       256
mmppix:       1.0000   -1.0000   -1.0000
center:     128.0000 -129.0000 -129.0000
/opt/freesurfer/average/711-2B_as_mni_average_305_mask.4dfp.img
       256       256       256         1
  1.000000  1.000000  1.000000
orientation T byte_order littleendian
Reading mask: /opt/freesurfer/average/711-2B_as_mni_average_305_mask.4dfp.img (2306576 pixels)
talsrcimg_g11.4dfp.img
       256       256       256         1
  1.000000  1.000000  1.000000
orientation T byte_order littleendian
Reading image: talsrcimg_g11.4dfp.img
dimensions:      256       256       256
mmppix:       1.0000   -1.0000   -1.0000
center:     128.0000 -129.0000 -129.0000
rotation matrix determinant  1.000000
fimgreg.f
image alignment mode   1283 decimal      503 hex
parameters
    0.0000    0.0000    7.5000    0.0000    0.0000    0.0000
eta,q 0.93578 14.40976
niter,ni,del,rscale     5    3   12.0000    1.2000
parameter  4  1.695393 ->  0.500000 qaram    1.1500
parameters
    1.6155    0.5888    7.7461   -3.4500   -2.3048    1.4909
eta,q 0.94394 14.44198
  0.0834  0.0780  0.0754  0.0569  0.0593  0.0646
  0.0761  0.0683  0.0691  0.0575  0.0561  0.0607
  0.0689  0.0623  0.0636  0.0589  0.0564  0.0575
  0.0641  0.0616  0.0617  0.0619  0.0578  0.0562
  0.0620  0.0635  0.0647  0.0648  0.0598  0.0562
  0.0646  0.0667  0.0688  0.0674  0.0639  0.0570
  0.0712  0.0708  0.0723  0.0708  0.0702  0.0589
niter,ni,del,rscale     5    3   12.0000    1.2000
parameters
    2.0704    1.2316    7.2688   -5.6975   -1.9991    1.5428
eta,q 0.94404 14.43191
  0.0768  0.0736  0.0714  0.0595  0.0608  0.0603
  0.0685  0.0647  0.0657  0.0560  0.0586  0.0580
  0.0596  0.0587  0.0583  0.0560  0.0566  0.0569
  0.0561  0.0562  0.0563  0.0559  0.0560  0.0560
  0.0579  0.0579  0.0619  0.0588  0.0559  0.0559
  0.0637  0.0619  0.0698  0.0644  0.0571  0.0574
  0.0721  0.0667  0.0753  0.0677  0.0605  0.0607
niter,ni,del,rscale     4    3   12.0000    1.2000
parameters
    1.9364    2.2187    6.7488   -7.3657   -1.6731    1.7608
eta,q 0.94577 14.38556
  0.0720  0.0725  0.0689  0.0595  0.0597  0.0598
  0.0637  0.0637  0.0639  0.0549  0.0578  0.0578
  0.0572  0.0587  0.0580  0.0540  0.0561  0.0558
  0.0560  0.0559  0.0558  0.0558  0.0545  0.0543
  0.0587  0.0566  0.0592  0.0572  0.0542  0.0547
  0.0650  0.0597  0.0670  0.0609  0.0563  0.0566
  0.0730  0.0636  0.0746  0.0654  0.0596  0.0598
niter,ni,del,rscale     3    3   12.0000    1.2000
parameters
    1.6092    3.0564    6.3184   -8.8970   -1.6322    1.9154
eta,q 0.94758 14.36435
  0.0698  0.0715  0.0681  0.0589  0.0591  0.0597
  0.0613  0.0634  0.0627  0.0549  0.0565  0.0568
  0.0551  0.0570  0.0570  0.0519  0.0544  0.0539
  0.0542  0.0540  0.0545  0.0546  0.0525  0.0524
  0.0582  0.0564  0.0576  0.0570  0.0526  0.0532
  0.0647  0.0595  0.0651  0.0600  0.0556  0.0556
  0.0720  0.0633  0.0733  0.0642  0.0600  0.0596
niter,ni,del,rscale     2    3   12.0000    1.2000
parameters
    1.3859    3.7929    5.8790  -10.4016   -1.9503    1.7496
eta,q 0.94878 14.40800
  0.0699  0.0708  0.0677  0.0578  0.0587  0.0595
  0.0604  0.0632  0.0619  0.0554  0.0551  0.0558
  0.0538  0.0555  0.0557  0.0515  0.0526  0.0523
  0.0524  0.0523  0.0527  0.0529  0.0512  0.0512
  0.0566  0.0549  0.0563  0.0571  0.0522  0.0529
  0.0638  0.0588  0.0646  0.0593  0.0561  0.0563
  0.0707  0.0633  0.0734  0.0632  0.0611  0.0604
niter,ni,del,rscale     1    3   12.0000    1.2000
parameters
    1.4300    4.6240    5.4661  -12.3528   -2.3250    1.5236
eta,q 0.94878 14.52243
  0.0713  0.0704  0.0673  0.0562  0.0597  0.0586
  0.0612  0.0636  0.0617  0.0551  0.0554  0.0552
  0.0539  0.0558  0.0552  0.0517  0.0524  0.0520
  0.0512  0.0512  0.0515  0.0518  0.0513  0.0513
  0.0546  0.0532  0.0547  0.0566  0.0529  0.0527
  0.0622  0.0574  0.0636  0.0604  0.0571  0.0556
  0.0696  0.0629  0.0740  0.0625  0.0619  0.0600
registration optimization eta report
parameter search radius
    6.0000    6.0000    6.0000    6.9000    6.0000    6.0000
100000*second partial in parameter space
       52.       40.       51.       14.       26.       22.
  0.0713  0.0704  0.0673  0.0562  0.0597  0.0586
  0.0612  0.0636  0.0617  0.0551  0.0554  0.0552
  0.0539  0.0558  0.0552  0.0517  0.0524  0.0520
  0.0512  0.0512  0.0515  0.0518  0.0513  0.0513
  0.0546  0.0532  0.0547  0.0566  0.0529  0.0527
  0.0622  0.0574  0.0636  0.0604  0.0571  0.0556
  0.0696  0.0629  0.0740  0.0625  0.0619  0.0600
    1.4300    4.6240    5.4661  -12.3528   -2.3250    1.5236
eta,q 0.94878 14.52243

---------------------------------------------------------------------
imgreg_4dfp /opt/freesurfer/average/711-2C_as_mni_average_305 /opt/freesurfer/average/711-2B_as_mni_average_305_mask talsrcimg_g11 none talsrcimg_to_711-2C_as_mni_average_305_t4 3335
---------------------------------------------------------------------

freesurfer imgreg_4dfp.c
/opt/freesurfer/average/711-2C_as_mni_average_305.4dfp.img
       256       256       256         1
  1.000000  1.000000  1.000000
orientation T byte_order littleendian
Reading image: /opt/freesurfer/average/711-2C_as_mni_average_305.4dfp.img
dimensions:      256       256       256
mmppix:       1.0000   -1.0000   -1.0000
center:     128.0000 -129.0000 -129.0000
/opt/freesurfer/average/711-2B_as_mni_average_305_mask.4dfp.img
       256       256       256         1
  1.000000  1.000000  1.000000
orientation T byte_order littleendian
Reading mask: /opt/freesurfer/average/711-2B_as_mni_average_305_mask.4dfp.img (2306576 pixels)
talsrcimg_g11.4dfp.img
       256       256       256         1
  1.000000  1.000000  1.000000
orientation T byte_order littleendian
Reading image: talsrcimg_g11.4dfp.img
dimensions:      256       256       256
mmppix:       1.0000   -1.0000   -1.0000
center:     128.0000 -129.0000 -129.0000
fimgreg.f
image alignment mode   3335 decimal      D07 hex
parameters
    1.4300    4.6240    5.4661   -0.1176   -2.3727   -2.3955
   -3.4649    3.3926    2.6567   21.4910   -4.0568  -21.3755
eta,q 0.94805 14.46485
niter,ni,del,rscale     5    3    5.0000    1.2000
parameter  4  7.798944 ->  0.500000 qaram    1.1500
parameter  5  2.458950 ->  0.500000 qaram    1.1500
parameter  6  0.641971 ->  0.500000 qaram    1.1500
parameters
    1.5780    5.4228    5.1886   -4.2576   -6.5127   -6.5355
   -2.6429    3.6927    1.1276   18.9549   -2.5038  -18.3868
eta,q 0.97085 14.52625
  0.0558  0.0563  0.0542  0.0347  0.0292  0.0310  0.0355  0.0395  0.0315  0.0309  0.0325  0.0321
  0.0538  0.0544  0.0527  0.0382  0.0318  0.0303  0.0329  0.0348  0.0305  0.0297  0.0310  0.0308
  0.0525  0.0529  0.0518  0.0441  0.0352  0.0304  0.0310  0.0315  0.0300  0.0295  0.0300  0.0299
  0.0519  0.0519  0.0516  0.0516  0.0396  0.0326  0.0301  0.0301  0.0301  0.0300  0.0295  0.0293
  0.0522  0.0516  0.0523  0.0591  0.0450  0.0381  0.0304  0.0309  0.0307  0.0310  0.0294  0.0292
  0.0532  0.0520  0.0537  0.0654  0.0507  0.0451  0.0315  0.0337  0.0319  0.0330  0.0298  0.0292
  0.0550  0.0529  0.0558  0.0708  0.0557  0.0515  0.0336  0.0382  0.0335  0.0360  0.0307  0.0296
niter,ni,del,rscale     7    3    5.0000    1.2000
parameter  4  0.683431 ->  0.500000 qaram    1.3225
parameter  5  0.918793 ->  0.500000 qaram    1.3225
parameter 12  0.516062 ->  0.500000 qaram    1.1500
parameters
    1.6905    6.5386    4.0991   -9.0186  -11.2737   -7.6377
   -1.3540    3.7346    1.9242   19.7450   -4.1714  -22.5268
eta,q 0.97906 14.25434
  0.0349  0.0350  0.0286  0.0252  0.0206  0.0250  0.0255  0.0270  0.0244  0.0262  0.0220  0.0213
  0.0318  0.0326  0.0280  0.0245  0.0210  0.0234  0.0237  0.0242  0.0230  0.0241  0.0215  0.0210
  0.0299  0.0306  0.0279  0.0250  0.0222  0.0223  0.0224  0.0223  0.0220  0.0224  0.0213  0.0210
  0.0291  0.0291  0.0284  0.0279  0.0245  0.0213  0.0216  0.0215  0.0215  0.0214  0.0213  0.0213
  0.0296  0.0284  0.0293  0.0334  0.0285  0.0216  0.0215  0.0218  0.0215  0.0215  0.0216  0.0219
  0.0312  0.0285  0.0306  0.0411  0.0336  0.0241  0.0222  0.0237  0.0222  0.0226  0.0222  0.0228
  0.0338  0.0295  0.0322  0.0483  0.0387  0.0299  0.0236  0.0273  0.0234  0.0247  0.0231  0.0238
niter,ni,del,rscale     7    3    5.0000    1.2000
parameters
    1.6457    7.1290    3.5619  -10.9126  -14.9685   -7.9148
   -1.6501    3.6293    1.8149   20.6913   -5.7571  -24.3719
eta,q 0.97974 13.98114
  0.0252  0.0259  0.0217  0.0249  0.0220  0.0240  0.0231  0.0249  0.0229  0.0249  0.0209  0.0213
  0.0229  0.0236  0.0209  0.0230  0.0209  0.0223  0.0217  0.0225  0.0216  0.0228  0.0205  0.0206
  0.0214  0.0219  0.0207  0.0215  0.0204  0.0212  0.0208  0.0210  0.0208  0.0213  0.0203  0.0203
  0.0209  0.0209  0.0207  0.0206  0.0210  0.0204  0.0205  0.0205  0.0205  0.0205  0.0204  0.0203
  0.0215  0.0207  0.0212  0.0218  0.0229  0.0200  0.0209  0.0209  0.0208  0.0205  0.0206  0.0208
  0.0230  0.0213  0.0220  0.0260  0.0269  0.0216  0.0220  0.0225  0.0217  0.0215  0.0210  0.0217
  0.0256  0.0227  0.0231  0.0332  0.0327  0.0259  0.0235  0.0253  0.0231  0.0232  0.0217  0.0228
niter,ni,del,rscale     6    3    5.0000    1.2000
parameters
    1.6657    7.3115    3.6643  -10.9976  -15.9722   -7.8707
   -1.7248    3.6576    1.8814   20.9884   -5.9335  -24.8797
eta,q 0.97969 13.92987
  0.0243  0.0241  0.0220  0.0256  0.0238  0.0240  0.0231  0.0249  0.0229  0.0239  0.0211  0.0217
  0.0221  0.0221  0.0210  0.0234  0.0220  0.0223  0.0216  0.0223  0.0215  0.0221  0.0207  0.0210
  0.0208  0.0208  0.0204  0.0217  0.0208  0.0212  0.0207  0.0208  0.0206  0.0209  0.0204  0.0205
  0.0203  0.0203  0.0202  0.0202  0.0203  0.0203  0.0203  0.0203  0.0203  0.0203  0.0203  0.0203
  0.0207  0.0205  0.0204  0.0200  0.0208  0.0197  0.0207  0.0208  0.0206  0.0206  0.0204  0.0206
  0.0220  0.0215  0.0209  0.0223  0.0226  0.0210  0.0217  0.0223  0.0215  0.0217  0.0207  0.0212
  0.0242  0.0231  0.0216  0.0273  0.0267  0.0252  0.0232  0.0249  0.0228  0.0234  0.0212  0.0222
niter,ni,del,rscale     5    3    5.0000    1.2000
parameters
    1.6671    7.3593    3.6946  -10.9450  -16.0736   -7.8620
   -1.7370    3.6608    1.9161   21.0649   -5.9686  -24.9529
eta,q 0.97969 13.93092
  0.0242  0.0237  0.0219  0.0258  0.0244  0.0240  0.0231  0.0249  0.0229  0.0236  0.0212  0.0219
  0.0221  0.0219  0.0210  0.0235  0.0225  0.0223  0.0217  0.0222  0.0215  0.0219  0.0207  0.0210
  0.0208  0.0207  0.0205  0.0218  0.0211  0.0212  0.0207  0.0208  0.0206  0.0208  0.0204  0.0205
  0.0203  0.0203  0.0203  0.0203  0.0203  0.0203  0.0203  0.0203  0.0203  0.0203  0.0203  0.0203
  0.0208  0.0207  0.0205  0.0200  0.0205  0.0196  0.0206  0.0208  0.0206  0.0207  0.0204  0.0205
  0.0221  0.0217  0.0210  0.0222  0.0219  0.0210  0.0217  0.0223  0.0215  0.0218  0.0207  0.0211
  0.0243  0.0234  0.0218  0.0270  0.0253  0.0253  0.0232  0.0249  0.0228  0.0236  0.0212  0.0220
niter,ni,del,rscale     4    3    5.0000    1.2000
parameters
    1.6672    7.3708    3.6954  -10.9432  -16.0867   -7.8608
   -1.7437    3.6603    1.9289   21.0805   -5.9804  -24.9664
eta,q 0.97969 13.93110
  0.0242  0.0236  0.0218  0.0257  0.0244  0.0240  0.0231  0.0249  0.0229  0.0236  0.0212  0.0219
  0.0221  0.0218  0.0209  0.0235  0.0225  0.0223  0.0217  0.0222  0.0215  0.0219  0.0207  0.0211
  0.0208  0.0207  0.0204  0.0218  0.0211  0.0212  0.0207  0.0208  0.0206  0.0208  0.0204  0.0205
  0.0203  0.0203  0.0203  0.0203  0.0203  0.0203  0.0203  0.0203  0.0203  0.0203  0.0203  0.0203
  0.0207  0.0207  0.0205  0.0201  0.0205  0.0196  0.0206  0.0208  0.0206  0.0207  0.0204  0.0205
  0.0221  0.0218  0.0210  0.0223  0.0219  0.0211  0.0217  0.0223  0.0215  0.0218  0.0207  0.0210
  0.0243  0.0235  0.0218  0.0271  0.0252  0.0254  0.0232  0.0249  0.0228  0.0236  0.0212  0.0220
registration optimization eta report
parameter search radius
    2.4000    2.4000    2.4000    9.5220    9.5220    8.2800
    7.2000    7.2000    7.2000    7.2000    7.2000    8.2800
100000*second partial in parameter space
       68.       56.       26.        7.        5.        7.
        5.        9.        5.        6.        2.        2.
  0.0242  0.0236  0.0218  0.0257  0.0244  0.0240  0.0231  0.0249  0.0229  0.0236  0.0212  0.0219
  0.0221  0.0218  0.0209  0.0235  0.0225  0.0223  0.0217  0.0222  0.0215  0.0219  0.0207  0.0211
  0.0208  0.0207  0.0204  0.0218  0.0211  0.0212  0.0207  0.0208  0.0206  0.0208  0.0204  0.0205
  0.0203  0.0203  0.0203  0.0203  0.0203  0.0203  0.0203  0.0203  0.0203  0.0203  0.0203  0.0203
  0.0207  0.0207  0.0205  0.0201  0.0205  0.0196  0.0206  0.0208  0.0206  0.0207  0.0204  0.0205
  0.0221  0.0218  0.0210  0.0223  0.0219  0.0211  0.0217  0.0223  0.0215  0.0218  0.0207  0.0210
  0.0243  0.0235  0.0218  0.0271  0.0252  0.0254  0.0232  0.0249  0.0228  0.0236  0.0212  0.0220
    1.6672    7.3708    3.6954  -10.9432  -16.0867   -7.8608
   -1.7437    3.6603    1.9289   21.0805   -5.9804  -24.9664
eta,q 0.97969 13.93110

---------------------------------------------------------------------
imgreg_4dfp /opt/freesurfer/average/711-2C_as_mni_average_305 /opt/freesurfer/average/711-2B_as_mni_average_305_mask talsrcimg_g11 none talsrcimg_to_711-2C_as_mni_average_305_t4 2311
---------------------------------------------------------------------

freesurfer imgreg_4dfp.c
/opt/freesurfer/average/711-2C_as_mni_average_305.4dfp.img
       256       256       256         1
  1.000000  1.000000  1.000000
orientation T byte_order littleendian
Reading image: /opt/freesurfer/average/711-2C_as_mni_average_305.4dfp.img
dimensions:      256       256       256
mmppix:       1.0000   -1.0000   -1.0000
center:     128.0000 -129.0000 -129.0000
/opt/freesurfer/average/711-2B_as_mni_average_305_mask.4dfp.img
       256       256       256         1
  1.000000  1.000000  1.000000
orientation T byte_order littleendian
Reading mask: /opt/freesurfer/average/711-2B_as_mni_average_305_mask.4dfp.img (2306576 pixels)
talsrcimg_g11.4dfp.img
       256       256       256         1
  1.000000  1.000000  1.000000
orientation T byte_order littleendian
Reading image: talsrcimg_g11.4dfp.img
dimensions:      256       256       256
mmppix:       1.0000   -1.0000   -1.0000
center:     128.0000 -129.0000 -129.0000
fimgreg.f
image alignment mode   2311 decimal      907 hex
parameters
    1.6672    7.3708    3.6954  -10.9432  -16.0867   -7.8608
   -1.7437    3.6603    1.9289   21.0805   -5.9804  -24.9664
eta,q 0.97969 13.93109
niter,ni,del,rscale     5    3    5.0000    0.8000
parameters
    1.6800    7.3516    3.6468   -9.1718  -15.2177   -5.8339
   -1.9710    4.0208    1.9486   21.2757   -5.2835  -24.7145
eta,q 0.98082 14.18154
  0.0221  0.0218  0.0210  0.0226  0.0215  0.0217  0.0206  0.0228  0.0205  0.0212  0.0201  0.0200
  0.0211  0.0209  0.0206  0.0218  0.0208  0.0211  0.0198  0.0209  0.0198  0.0202  0.0196  0.0196
  0.0205  0.0205  0.0204  0.0210  0.0203  0.0205  0.0193  0.0197  0.0193  0.0195  0.0193  0.0193
  0.0203  0.0203  0.0203  0.0203  0.0199  0.0199  0.0192  0.0192  0.0192  0.0192  0.0192  0.0192
  0.0205  0.0205  0.0204  0.0199  0.0199  0.0193  0.0194  0.0194  0.0193  0.0194  0.0192  0.0192
  0.0211  0.0210  0.0207  0.0201  0.0201  0.0193  0.0200  0.0203  0.0198  0.0199  0.0194  0.0195
  0.0221  0.0218  0.0210  0.0208  0.0207  0.0202  0.0209  0.0218  0.0204  0.0209  0.0197  0.0198
niter,ni,del,rscale     4    3    5.0000    0.7000
parameters
    1.7057    7.3977    4.0870   -9.1550  -15.3677   -5.8497
   -1.7858    3.9445    1.8493   21.3024   -5.2282  -24.4626
eta,q 0.98090 14.17405
  0.0209  0.0205  0.0205  0.0208  0.0200  0.0208  0.0204  0.0212  0.0200  0.0205  0.0196  0.0197
  0.0199  0.0198  0.0198  0.0201  0.0195  0.0202  0.0197  0.0200  0.0195  0.0198  0.0193  0.0194
  0.0194  0.0193  0.0194  0.0195  0.0192  0.0196  0.0193  0.0193  0.0192  0.0193  0.0192  0.0192
  0.0192  0.0192  0.0192  0.0191  0.0191  0.0191  0.0191  0.0191  0.0191  0.0191  0.0191  0.0191
  0.0193  0.0193  0.0191  0.0192  0.0192  0.0190  0.0192  0.0194  0.0192  0.0193  0.0192  0.0192
  0.0199  0.0197  0.0192  0.0198  0.0196  0.0197  0.0196  0.0201  0.0196  0.0197  0.0193  0.0193
  0.0207  0.0203  0.0195  0.0211  0.0202  0.0214  0.0202  0.0214  0.0201  0.0205  0.0196  0.0195
niter,ni,del,rscale     3    3    5.0000    0.6000
parameters
    1.7084    7.4064    4.1083   -9.0261  -15.3227   -5.5590
   -1.7741    3.9415    1.8338   21.2878   -5.2872  -24.4184
eta,q 0.98098 14.19176
  0.0203  0.0200  0.0197  0.0205  0.0198  0.0206  0.0199  0.0207  0.0197  0.0201  0.0194  0.0194
  0.0196  0.0195  0.0194  0.0199  0.0195  0.0201  0.0194  0.0198  0.0194  0.0195  0.0192  0.0192
  0.0192  0.0192  0.0192  0.0194  0.0192  0.0195  0.0191  0.0192  0.0191  0.0192  0.0191  0.0191
  0.0191  0.0191  0.0191  0.0191  0.0191  0.0191  0.0190  0.0190  0.0190  0.0190  0.0190  0.0190
  0.0192  0.0192  0.0192  0.0191  0.0191  0.0190  0.0191  0.0192  0.0191  0.0192  0.0191  0.0191
  0.0196  0.0195  0.0193  0.0196  0.0194  0.0194  0.0194  0.0198  0.0194  0.0195  0.0192  0.0192
  0.0203  0.0200  0.0196  0.0205  0.0198  0.0205  0.0199  0.0207  0.0198  0.0201  0.0194  0.0194
niter,ni,del,rscale     2    3    5.0000    0.5000
parameters
    1.7030    7.4105    4.1882   -8.9357  -15.3284   -5.2921
   -1.7837    3.9421    1.8256   21.2922   -5.3673  -24.3354
eta,q 0.98103 14.20302
  0.0199  0.0197  0.0195  0.0200  0.0195  0.0202  0.0196  0.0202  0.0195  0.0198  0.0193  0.0193
  0.0194  0.0193  0.0192  0.0196  0.0193  0.0198  0.0192  0.0195  0.0192  0.0193  0.0191  0.0191
  0.0191  0.0191  0.0191  0.0192  0.0191  0.0193  0.0190  0.0191  0.0190  0.0191  0.0190  0.0190
  0.0190  0.0190  0.0190  0.0190  0.0190  0.0190  0.0190  0.0190  0.0190  0.0190  0.0190  0.0190
  0.0191  0.0191  0.0190  0.0191  0.0191  0.0189  0.0190  0.0191  0.0190  0.0191  0.0190  0.0190
  0.0194  0.0193  0.0192  0.0194  0.0192  0.0193  0.0192  0.0195  0.0192  0.0193  0.0191  0.0191
  0.0199  0.0197  0.0194  0.0200  0.0196  0.0201  0.0196  0.0202  0.0195  0.0198  0.0193  0.0192
niter,ni,del,rscale     1    3    5.0000    0.4000
parameters
    1.7013    7.4145    4.2624   -8.8767  -15.3338   -5.0686
   -1.7873    3.9378    1.8075   21.2863   -5.4291  -24.2517
eta,q 0.98107 14.21059
  0.0195  0.0194  0.0193  0.0196  0.0193  0.0199  0.0193  0.0197  0.0193  0.0194  0.0191  0.0191
  0.0192  0.0192  0.0191  0.0193  0.0191  0.0195  0.0191  0.0193  0.0191  0.0192  0.0190  0.0190
  0.0190  0.0190  0.0190  0.0191  0.0190  0.0192  0.0190  0.0190  0.0190  0.0190  0.0190  0.0190
  0.0190  0.0190  0.0190  0.0190  0.0190  0.0190  0.0189  0.0189  0.0189  0.0189  0.0189  0.0189
  0.0190  0.0190  0.0190  0.0190  0.0190  0.0189  0.0190  0.0190  0.0190  0.0190  0.0190  0.0189
  0.0192  0.0191  0.0191  0.0192  0.0191  0.0192  0.0191  0.0193  0.0191  0.0192  0.0190  0.0190
  0.0195  0.0194  0.0192  0.0196  0.0193  0.0197  0.0193  0.0197  0.0193  0.0194  0.0191  0.0191
registration optimization eta report
parameter search radius
    0.8000    0.8000    0.8000    2.4000    2.4000    2.4000
    2.4000    2.4000    2.4000    2.4000    2.4000    2.4000
100000*second partial in parameter space
       85.       64.       43.       12.        6.       14.
        7.       14.        6.        9.        4.        3.
  0.0195  0.0194  0.0193  0.0196  0.0193  0.0199  0.0193  0.0197  0.0193  0.0194  0.0191  0.0191
  0.0192  0.0192  0.0191  0.0193  0.0191  0.0195  0.0191  0.0193  0.0191  0.0192  0.0190  0.0190
  0.0190  0.0190  0.0190  0.0191  0.0190  0.0192  0.0190  0.0190  0.0190  0.0190  0.0190  0.0190
  0.0190  0.0190  0.0190  0.0190  0.0190  0.0190  0.0189  0.0189  0.0189  0.0189  0.0189  0.0189
  0.0190  0.0190  0.0190  0.0190  0.0190  0.0189  0.0190  0.0190  0.0190  0.0190  0.0190  0.0189
  0.0192  0.0191  0.0191  0.0192  0.0191  0.0192  0.0191  0.0193  0.0191  0.0192  0.0190  0.0190
  0.0195  0.0194  0.0192  0.0196  0.0193  0.0197  0.0193  0.0197  0.0193  0.0194  0.0191  0.0191
    1.7013    7.4145    4.2624   -8.8767  -15.3338   -5.0686
   -1.7873    3.9378    1.8075   21.2863   -5.4291  -24.2517
eta,q 0.98107 14.21059

---------------------------------------------------------------------
imgreg_4dfp /opt/freesurfer/average/711-2C_as_mni_average_305 /opt/freesurfer/average/711-2B_as_mni_average_305_mask talsrcimg_g11 none talsrcimg_to_711-2C_as_mni_average_305_t4 2311
---------------------------------------------------------------------

freesurfer imgreg_4dfp.c
/opt/freesurfer/average/711-2C_as_mni_average_305.4dfp.img
       256       256       256         1
  1.000000  1.000000  1.000000
orientation T byte_order littleendian
Reading image: /opt/freesurfer/average/711-2C_as_mni_average_305.4dfp.img
dimensions:      256       256       256
mmppix:       1.0000   -1.0000   -1.0000
center:     128.0000 -129.0000 -129.0000
/opt/freesurfer/average/711-2B_as_mni_average_305_mask.4dfp.img
       256       256       256         1
  1.000000  1.000000  1.000000
orientation T byte_order littleendian
Reading mask: /opt/freesurfer/average/711-2B_as_mni_average_305_mask.4dfp.img (2306576 pixels)
talsrcimg_g11.4dfp.img
       256       256       256         1
  1.000000  1.000000  1.000000
orientation T byte_order littleendian
Reading image: talsrcimg_g11.4dfp.img
dimensions:      256       256       256
mmppix:       1.0000   -1.0000   -1.0000
center:     128.0000 -129.0000 -129.0000
fimgreg.f
image alignment mode   2311 decimal      907 hex
parameters
    1.7013    7.4145    4.2624   -8.8767  -15.3338   -5.0686
   -1.7873    3.9378    1.8075   21.2863   -5.4291  -24.2517
eta,q 0.98107 14.21059
niter,ni,del,rscale     5    3    5.0000    0.8000
parameters
    1.6996    7.4228    4.3247   -9.3441  -15.5323   -5.7824
   -1.7356    3.9153    1.8215   21.2859   -5.3058  -24.3027
eta,q 0.98087 14.15695
  0.0211  0.0206  0.0202  0.0209  0.0201  0.0208  0.0206  0.0218  0.0204  0.0209  0.0198  0.0198
  0.0199  0.0197  0.0195  0.0200  0.0195  0.0202  0.0198  0.0203  0.0197  0.0200  0.0194  0.0194
  0.0192  0.0191  0.0191  0.0193  0.0191  0.0195  0.0193  0.0194  0.0193  0.0194  0.0192  0.0192
  0.0189  0.0189  0.0189  0.0189  0.0190  0.0190  0.0191  0.0191  0.0191  0.0191  0.0191  0.0191
  0.0192  0.0191  0.0190  0.0192  0.0191  0.0192  0.0193  0.0194  0.0193  0.0193  0.0192  0.0192
  0.0199  0.0197  0.0194  0.0203  0.0196  0.0207  0.0198  0.0203  0.0197  0.0200  0.0194  0.0194
  0.0211  0.0205  0.0200  0.0223  0.0204  0.0235  0.0206  0.0219  0.0204  0.0210  0.0197  0.0198
niter,ni,del,rscale     4    3    5.0000    0.7000
parameters
    1.7183    7.4066    4.1445   -9.1540  -15.3662   -5.7703
   -1.7645    3.9493    1.8422   21.2691   -5.2410  -24.4045
eta,q 0.98092 14.17611
  0.0207  0.0203  0.0197  0.0209  0.0201  0.0208  0.0202  0.0213  0.0201  0.0205  0.0196  0.0196
  0.0199  0.0197  0.0193  0.0201  0.0196  0.0202  0.0196  0.0201  0.0195  0.0198  0.0193  0.0193
  0.0193  0.0193  0.0191  0.0195  0.0193  0.0196  0.0192  0.0193  0.0192  0.0193  0.0191  0.0191
  0.0191  0.0191  0.0191  0.0191  0.0191  0.0191  0.0191  0.0191  0.0191  0.0191  0.0191  0.0191
  0.0193  0.0193  0.0193  0.0191  0.0191  0.0190  0.0192  0.0193  0.0192  0.0193  0.0191  0.0192
  0.0198  0.0197  0.0196  0.0197  0.0195  0.0197  0.0196  0.0200  0.0195  0.0197  0.0193  0.0193
  0.0207  0.0204  0.0201  0.0209  0.0200  0.0213  0.0203  0.0212  0.0200  0.0205  0.0195  0.0196
niter,ni,del,rscale     3    3    5.0000    0.6000
parameters
    1.7099    7.4049    4.1366   -9.0302  -15.3282   -5.5436
   -1.7676    3.9448    1.8306   21.2833   -5.2942  -24.3920
eta,q 0.98099 14.19151
  0.0203  0.0200  0.0196  0.0205  0.0198  0.0205  0.0199  0.0207  0.0197  0.0201  0.0194  0.0194
  0.0196  0.0195  0.0193  0.0198  0.0194  0.0200  0.0194  0.0198  0.0193  0.0195  0.0192  0.0192
  0.0192  0.0192  0.0191  0.0194  0.0192  0.0195  0.0191  0.0192  0.0191  0.0192  0.0191  0.0191
  0.0191  0.0191  0.0191  0.0191  0.0191  0.0191  0.0190  0.0190  0.0190  0.0190  0.0190  0.0190
  0.0192  0.0192  0.0192  0.0191  0.0191  0.0190  0.0191  0.0192  0.0191  0.0191  0.0191  0.0191
  0.0196  0.0195  0.0193  0.0196  0.0194  0.0194  0.0194  0.0198  0.0194  0.0195  0.0192  0.0192
  0.0203  0.0200  0.0196  0.0204  0.0198  0.0206  0.0199  0.0207  0.0197  0.0201  0.0194  0.0194
niter,ni,del,rscale     2    3    5.0000    0.5000
parameters
    1.7044    7.4088    4.1930   -8.9398  -15.3303   -5.2865
   -1.7778    3.9391    1.8206   21.2900   -5.3631  -24.3247
eta,q 0.98103 14.20270
  0.0198  0.0197  0.0195  0.0200  0.0195  0.0202  0.0196  0.0202  0.0195  0.0198  0.0193  0.0193
  0.0194  0.0193  0.0192  0.0196  0.0193  0.0198  0.0192  0.0195  0.0192  0.0193  0.0191  0.0191
  0.0191  0.0191  0.0191  0.0192  0.0191  0.0193  0.0190  0.0191  0.0190  0.0191  0.0190  0.0190
  0.0190  0.0190  0.0190  0.0190  0.0190  0.0190  0.0190  0.0190  0.0190  0.0190  0.0190  0.0190
  0.0191  0.0191  0.0190  0.0191  0.0191  0.0189  0.0190  0.0191  0.0190  0.0191  0.0190  0.0190
  0.0194  0.0193  0.0192  0.0194  0.0192  0.0193  0.0192  0.0195  0.0192  0.0193  0.0191  0.0191
  0.0199  0.0197  0.0194  0.0200  0.0196  0.0201  0.0196  0.0202  0.0195  0.0198  0.0193  0.0192
niter,ni,del,rscale     1    3    5.0000    0.4000
parameters
    1.6997    7.4152    4.2632   -8.8740  -15.3387   -5.0662
   -1.7799    3.9389    1.8088   21.2889   -5.4324  -24.2452
eta,q 0.98107 14.21044
  0.0195  0.0194  0.0193  0.0196  0.0193  0.0199  0.0193  0.0197  0.0193  0.0194  0.0191  0.0191
  0.0192  0.0192  0.0191  0.0193  0.0191  0.0195  0.0191  0.0193  0.0191  0.0192  0.0190  0.0190
  0.0190  0.0190  0.0190  0.0191  0.0190  0.0192  0.0190  0.0190  0.0190  0.0190  0.0189  0.0190
  0.0190  0.0190  0.0190  0.0190  0.0190  0.0190  0.0189  0.0189  0.0189  0.0189  0.0189  0.0189
  0.0190  0.0190  0.0190  0.0190  0.0190  0.0189  0.0190  0.0190  0.0190  0.0190  0.0190  0.0190
  0.0192  0.0191  0.0191  0.0192  0.0191  0.0192  0.0191  0.0193  0.0191  0.0192  0.0190  0.0190
  0.0195  0.0194  0.0192  0.0196  0.0193  0.0197  0.0193  0.0197  0.0193  0.0194  0.0191  0.0191
registration optimization eta report
parameter search radius
    0.8000    0.8000    0.8000    2.4000    2.4000    2.4000
    2.4000    2.4000    2.4000    2.4000    2.4000    2.4000
100000*second partial in parameter space
       85.       64.       43.       12.        6.       14.
        7.       14.        6.        9.        4.        3.
  0.0195  0.0194  0.0193  0.0196  0.0193  0.0199  0.0193  0.0197  0.0193  0.0194  0.0191  0.0191
  0.0192  0.0192  0.0191  0.0193  0.0191  0.0195  0.0191  0.0193  0.0191  0.0192  0.0190  0.0190
  0.0190  0.0190  0.0190  0.0191  0.0190  0.0192  0.0190  0.0190  0.0190  0.0190  0.0189  0.0190
  0.0190  0.0190  0.0190  0.0190  0.0190  0.0190  0.0189  0.0189  0.0189  0.0189  0.0189  0.0189
  0.0190  0.0190  0.0190  0.0190  0.0190  0.0189  0.0190  0.0190  0.0190  0.0190  0.0190  0.0190
  0.0192  0.0191  0.0191  0.0192  0.0191  0.0192  0.0191  0.0193  0.0191  0.0192  0.0190  0.0190
  0.0195  0.0194  0.0192  0.0196  0.0193  0.0197  0.0193  0.0197  0.0193  0.0194  0.0191  0.0191
    1.6997    7.4152    4.2632   -8.8740  -15.3387   -5.0662
   -1.7799    3.9389    1.8088   21.2889   -5.4324  -24.2452
eta,q 0.98107 14.21044

---------------------------------------------------------------------
compute_vox2vox talsrcimg talsrcimg_to_711-2C_as_mni_average_305_t4 /opt/freesurfer/average/711-2C_as_mni_average_305
---------------------------------------------------------------------

freesurfer compute_vox2vox.c
Reading: talsrcimg.4dfp.ifh
Reading: talsrcimg_to_711-2C_as_mni_average_305_t4
Reading: /opt/freesurfer/average/711-2C_as_mni_average_305.4dfp.ifh
Writing: talsrcimg_to_711-2C_as_mni_average_305_t4_vox2vox.txt

start time Mon Mar 9 12:30:50 CET 2026
end		time Mon Mar 9 12:31:05 CET 2026

mpr2mni305 success

avi2talxfm orig_nu.mgz /opt/freesurfer/average/mni305.cor.mgz talsrcimg_to_711-2C_as_mni_average_305_t4_vox2vox.txt transforms/talairach.auto.xfm
avi2talxfm done
mv -f /out/sourcedata/freesurfer/sub-v1s22x0050458_ses-1/mri/talsrcimg_to_711-2C_as_mni_average_305_t4_vox2vox.txt /out/sourcedata/freesurfer/sub-v1s22x0050458_ses-1/mri/transforms/talsrcimg_to_711-2C_as_mni_average_305_t4_vox2vox.txt
lta_convert --src orig_nu.mgz --trg /opt/freesurfer/average/mni305.cor.mgz --inxfm transforms/talairach.auto.xfm --outlta transforms/talairach.auto.xfm.lta --subject fsaverage
7.3.2

--src: orig_nu.mgz src image (geometry).
--trg: /opt/freesurfer/average/mni305.cor.mgz trg image (geometry).
--inmni: transforms/talairach.auto.xfm input MNI/XFM transform.
--outlta: transforms/talairach.auto.xfm.lta output LTA.
--s: fsaverage subject name
 LTA read, type : 1
 1.09436  -0.04751   0.00940   0.47905;
 0.05323   0.98749   0.28392  -51.87774;
-0.03677  -0.24730   1.10958  -2.44022;
 0.00000   0.00000   0.00000   1.00000;
setting subject to fsaverage
Writing  LTA to file transforms/talairach.auto.xfm.lta...
lta_convert successful.
 
 
Started at Mon Mar 9 12:30:50 CET 2026
Ended   at Mon Mar  9 12:31:05 CET 2026
talairach_avi done
