status file for recon-all
Mon Mar  9 17:46:08 CET 2026
#@# Tessellate rh Mon Mar  9 17:46:08 CET 2026
#@# Smooth1 rh Mon Mar  9 17:46:10 CET 2026
#@# Inflation1 rh Mon Mar  9 17:46:13 CET 2026
#@# QSphere rh Mon Mar  9 17:46:27 CET 2026
#@# Fix Topology rh Mon Mar  9 17:47:54 CET 2026
#@# Smooth2 rh Mon Mar  9 17:53:05 CET 2026
#@# Inflation2 rh Mon Mar  9 17:53:07 CET 2026
#@# Curv .H and .K rh Mon Mar  9 17:53:20 CET 2026
#@# Sphere rh Mon Mar  9 17:54:03 CET 2026
#@# Surf Reg rh Mon Mar  9 17:57:39 CET 2026
#@# Jacobian white rh Mon Mar  9 18:02:25 CET 2026
#@# AvgCurv rh Mon Mar  9 18:02:25 CET 2026
#@# Cortical Parc rh Mon Mar  9 18:02:26 CET 2026
#@# white curv rh Mon Mar  9 18:09:16 CET 2026
#@# white area rh Mon Mar  9 18:09:17 CET 2026
#@# pial curv rh Mon Mar  9 18:09:18 CET 2026
#@# pial area rh Mon Mar  9 18:09:19 CET 2026
#@# thickness rh Mon Mar  9 18:09:20 CET 2026
#@# area and vertex vol rh Mon Mar  9 18:09:43 CET 2026
#@# Curvature Stats rh Mon Mar  9 18:09:44 CET 2026
#@# Cortical Parc 2 rh Mon Mar  9 18:09:46 CET 2026
#@# Cortical Parc 3 rh Mon Mar  9 18:09:58 CET 2026
#@# WM/GM Contrast rh Mon Mar  9 18:10:06 CET 2026
recon-all -s sub-v1s22x0050512_ses-1 finished without error at Mon Mar  9 18:10:10 CET 2026



#New# invocation of recon-all 



status file for recon-all
Mon Mar  9 18:19:51 CET 2026
#@# white curv rh Mon Mar  9 18:19:51 CET 2026
#@# white area rh Mon Mar  9 18:19:51 CET 2026
#@# pial curv rh Mon Mar  9 18:19:51 CET 2026
#@# pial area rh Mon Mar  9 18:19:51 CET 2026
#@# thickness rh Mon Mar  9 18:19:51 CET 2026
#@# area and vertex vol rh Mon Mar  9 18:19:51 CET 2026
#@# Parcellation Stats rh Mon Mar  9 18:19:51 CET 2026
#@# Parcellation Stats 2 rh Mon Mar  9 18:20:10 CET 2026
#@# Parcellation Stats 3 rh Mon Mar  9 18:20:20 CET 2026
#@# BA_exvivo Labels rh Mon Mar  9 18:20:29 CET 2026
recon-all -s sub-v1s22x0050512_ses-1 finished without error at Mon Mar  9 18:22:49 CET 2026
