status file for recon-all
Mon Mar  9 17:24:26 CET 2026
#@# Tessellate lh Mon Mar  9 17:24:26 CET 2026
#@# Smooth1 lh Mon Mar  9 17:24:28 CET 2026
#@# Inflation1 lh Mon Mar  9 17:24:31 CET 2026
#@# QSphere lh Mon Mar  9 17:24:44 CET 2026
#@# Fix Topology lh Mon Mar  9 17:25:41 CET 2026
#@# Smooth2 lh Mon Mar  9 17:30:42 CET 2026
#@# Inflation2 lh Mon Mar  9 17:30:45 CET 2026
#@# Curv .H and .K lh Mon Mar  9 17:31:00 CET 2026
#@# Sphere lh Mon Mar  9 17:31:42 CET 2026
#@# Surf Reg lh Mon Mar  9 17:34:07 CET 2026
#@# Jacobian white lh Mon Mar  9 17:38:36 CET 2026
#@# AvgCurv lh Mon Mar  9 17:38:37 CET 2026
#@# Cortical Parc lh Mon Mar  9 17:38:37 CET 2026
#@# white curv lh Mon Mar  9 17:45:13 CET 2026
#@# white area lh Mon Mar  9 17:45:14 CET 2026
#@# pial curv lh Mon Mar  9 17:45:15 CET 2026
#@# pial area lh Mon Mar  9 17:45:16 CET 2026
#@# thickness lh Mon Mar  9 17:45:17 CET 2026
#@# area and vertex vol lh Mon Mar  9 17:45:38 CET 2026
#@# Curvature Stats lh Mon Mar  9 17:45:40 CET 2026
#@# Cortical Parc 2 lh Mon Mar  9 17:45:41 CET 2026
#@# Cortical Parc 3 lh Mon Mar  9 17:45:53 CET 2026
#@# WM/GM Contrast lh Mon Mar  9 17:46:01 CET 2026
recon-all -s sub-v1s22x0050512_ses-1 finished without error at Mon Mar  9 17:46:05 CET 2026



#New# invocation of recon-all 



status file for recon-all
Mon Mar  9 18:16:48 CET 2026
#@# white curv lh Mon Mar  9 18:16:48 CET 2026
#@# white area lh Mon Mar  9 18:16:48 CET 2026
#@# pial curv lh Mon Mar  9 18:16:48 CET 2026
#@# pial area lh Mon Mar  9 18:16:48 CET 2026
#@# thickness lh Mon Mar  9 18:16:48 CET 2026
#@# area and vertex vol lh Mon Mar  9 18:16:48 CET 2026
#@# Parcellation Stats lh Mon Mar  9 18:16:48 CET 2026
#@# Parcellation Stats 2 lh Mon Mar  9 18:17:07 CET 2026
#@# Parcellation Stats 3 lh Mon Mar  9 18:17:17 CET 2026
#@# BA_exvivo Labels lh Mon Mar  9 18:17:26 CET 2026
recon-all -s sub-v1s22x0050512_ses-1 finished without error at Mon Mar  9 18:19:47 CET 2026
