status file for recon-all
Mon Mar  9 15:59:07 CET 2026
#@# MotionCor Mon Mar  9 15:59:13 CET 2026
#@# Talairach Mon Mar  9 15:59:23 CET 2026
#@# Talairach Failure Detection Mon Mar  9 16:02:13 CET 2026
#@# Nu Intensity Correction Mon Mar  9 16:02:13 CET 2026
#@# Intensity Normalization Mon Mar  9 16:05:00 CET 2026
recon-all -s sub-v1s22x0050512_ses-1 finished without error at Mon Mar  9 16:06:03 CET 2026



#New# invocation of recon-all 



status file for recon-all
Mon Mar  9 16:15:34 CET 2026
#@# EM Registration Mon Mar  9 16:15:34 CET 2026
recon-all -s sub-v1s22x0050512_ses-1 finished without error at Mon Mar  9 16:17:18 CET 2026



#New# invocation of recon-all 



status file for recon-all
Mon Mar  9 16:17:21 CET 2026
#@# CA Normalize Mon Mar  9 16:17:21 CET 2026
#@# CA Reg Mon Mar  9 16:18:15 CET 2026
#@# SubCort Seg Mon Mar  9 16:57:00 CET 2026
#@# CC Seg Mon Mar  9 17:20:07 CET 2026
#@# Merge ASeg Mon Mar  9 17:20:30 CET 2026
#@# Intensity Normalization2 Mon Mar  9 17:20:30 CET 2026
#@# Mask BFS Mon Mar  9 17:22:00 CET 2026
#@# WM Segmentation Mon Mar  9 17:22:01 CET 2026
#@# Fill Mon Mar  9 17:23:43 CET 2026
recon-all -s sub-v1s22x0050512_ses-1 finished without error at Mon Mar  9 17:24:22 CET 2026



#New# invocation of recon-all 



status file for recon-all
Mon Mar  9 18:10:14 CET 2026
#@# white curv lh Mon Mar  9 18:10:14 CET 2026
#@# white area lh Mon Mar  9 18:10:14 CET 2026
#@# pial curv lh Mon Mar  9 18:10:14 CET 2026
#@# pial area lh Mon Mar  9 18:10:14 CET 2026
#@# thickness lh Mon Mar  9 18:10:14 CET 2026
#@# area and vertex vol lh Mon Mar  9 18:10:14 CET 2026
#@# white curv rh Mon Mar  9 18:10:14 CET 2026
#@# white area rh Mon Mar  9 18:10:14 CET 2026
#@# pial curv rh Mon Mar  9 18:10:14 CET 2026
#@# pial area rh Mon Mar  9 18:10:14 CET 2026
#@# thickness rh Mon Mar  9 18:10:14 CET 2026
#@# area and vertex vol rh Mon Mar  9 18:10:14 CET 2026
#@# Cortical ribbon mask Mon Mar  9 18:10:14 CET 2026
recon-all -s sub-v1s22x0050512_ses-1 finished without error at Mon Mar  9 18:16:44 CET 2026



#New# invocation of recon-all 



status file for recon-all
Mon Mar  9 18:22:52 CET 2026
#@# white curv lh Mon Mar  9 18:22:52 CET 2026
#@# white area lh Mon Mar  9 18:22:52 CET 2026
#@# pial curv lh Mon Mar  9 18:22:52 CET 2026
#@# pial area lh Mon Mar  9 18:22:52 CET 2026
#@# thickness lh Mon Mar  9 18:22:52 CET 2026
#@# area and vertex vol lh Mon Mar  9 18:22:52 CET 2026
#@# white curv rh Mon Mar  9 18:22:52 CET 2026
#@# white area rh Mon Mar  9 18:22:52 CET 2026
#@# pial curv rh Mon Mar  9 18:22:52 CET 2026
#@# pial area rh Mon Mar  9 18:22:52 CET 2026
#@# thickness rh Mon Mar  9 18:22:52 CET 2026
#@# area and vertex vol rh Mon Mar  9 18:22:52 CET 2026
#@# Curvature Stats lh Mon Mar  9 18:22:52 CET 2026
#@# Curvature Stats rh Mon Mar  9 18:22:54 CET 2026
#@# Relabel Hypointensities Mon Mar  9 18:22:57 CET 2026
#@# APas-to-ASeg Mon Mar  9 18:23:09 CET 2026
#@# AParc-to-ASeg aparc Mon Mar  9 18:23:16 CET 2026
#@# AParc-to-ASeg aparc.a2009s Mon Mar  9 18:23:46 CET 2026
#@# AParc-to-ASeg aparc.DKTatlas Mon Mar  9 18:24:19 CET 2026
#@# WMParc Mon Mar  9 18:24:44 CET 2026
#@# ASeg Stats Mon Mar  9 18:26:33 CET 2026
recon-all -s sub-v1s22x0050512_ses-1 finished without error at Mon Mar  9 18:26:52 CET 2026
