status file for recon-all
Thu Mar 12 17:21:03 CET 2026
#@# Tessellate lh Thu Mar 12 17:21:03 CET 2026
#@# Smooth1 lh Thu Mar 12 17:21:06 CET 2026
#@# Inflation1 lh Thu Mar 12 17:21:08 CET 2026
#@# QSphere lh Thu Mar 12 17:21:17 CET 2026
#@# Fix Topology lh Thu Mar 12 17:22:12 CET 2026
#@# Smooth2 lh Thu Mar 12 17:27:35 CET 2026
#@# Inflation2 lh Thu Mar 12 17:27:37 CET 2026
#@# Curv .H and .K lh Thu Mar 12 17:27:47 CET 2026
#@# Sphere lh Thu Mar 12 17:28:30 CET 2026
#@# Surf Reg lh Thu Mar 12 17:31:13 CET 2026
#@# Jacobian white lh Thu Mar 12 17:34:30 CET 2026
#@# AvgCurv lh Thu Mar 12 17:34:30 CET 2026
#@# Cortical Parc lh Thu Mar 12 17:34:31 CET 2026
#@# white curv lh Thu Mar 12 17:39:35 CET 2026
#@# white area lh Thu Mar 12 17:39:37 CET 2026
#@# pial curv lh Thu Mar 12 17:39:37 CET 2026
#@# pial area lh Thu Mar 12 17:39:39 CET 2026
#@# thickness lh Thu Mar 12 17:39:39 CET 2026
#@# area and vertex vol lh Thu Mar 12 17:40:02 CET 2026
#@# Curvature Stats lh Thu Mar 12 17:40:03 CET 2026
#@# Cortical Parc 2 lh Thu Mar 12 17:40:05 CET 2026
#@# Cortical Parc 3 lh Thu Mar 12 17:40:16 CET 2026
#@# WM/GM Contrast lh Thu Mar 12 17:40:24 CET 2026
recon-all -s sub-v1s22x0050484_ses-1 finished without error at Thu Mar 12 17:40:28 CET 2026



#New# invocation of recon-all 



status file for recon-all
Thu Mar 12 18:02:44 CET 2026
#@# white curv lh Thu Mar 12 18:02:44 CET 2026
#@# white area lh Thu Mar 12 18:02:44 CET 2026
#@# pial curv lh Thu Mar 12 18:02:44 CET 2026
#@# pial area lh Thu Mar 12 18:02:44 CET 2026
#@# thickness lh Thu Mar 12 18:02:44 CET 2026
#@# area and vertex vol lh Thu Mar 12 18:02:44 CET 2026
#@# Parcellation Stats lh Thu Mar 12 18:02:44 CET 2026
#@# Parcellation Stats 2 lh Thu Mar 12 18:03:02 CET 2026
#@# Parcellation Stats 3 lh Thu Mar 12 18:03:11 CET 2026
#@# BA_exvivo Labels lh Thu Mar 12 18:03:21 CET 2026
recon-all -s sub-v1s22x0050484_ses-1 finished without error at Thu Mar 12 18:05:27 CET 2026
