status file for recon-all
Thu Mar 12 17:40:31 CET 2026
#@# Tessellate rh Thu Mar 12 17:40:31 CET 2026
#@# Smooth1 rh Thu Mar 12 17:40:34 CET 2026
#@# Inflation1 rh Thu Mar 12 17:40:36 CET 2026
#@# QSphere rh Thu Mar 12 17:40:46 CET 2026
#@# Fix Topology rh Thu Mar 12 17:41:29 CET 2026
#@# Smooth2 rh Thu Mar 12 17:46:27 CET 2026
#@# Inflation2 rh Thu Mar 12 17:46:30 CET 2026
#@# Curv .H and .K rh Thu Mar 12 17:46:40 CET 2026
#@# Sphere rh Thu Mar 12 17:47:23 CET 2026
#@# Surf Reg rh Thu Mar 12 17:48:57 CET 2026
#@# Jacobian white rh Thu Mar 12 17:52:16 CET 2026
#@# AvgCurv rh Thu Mar 12 17:52:16 CET 2026
#@# Cortical Parc rh Thu Mar 12 17:52:17 CET 2026
#@# white curv rh Thu Mar 12 17:57:45 CET 2026
#@# white area rh Thu Mar 12 17:57:47 CET 2026
#@# pial curv rh Thu Mar 12 17:57:47 CET 2026
#@# pial area rh Thu Mar 12 17:57:49 CET 2026
#@# thickness rh Thu Mar 12 17:57:49 CET 2026
#@# area and vertex vol rh Thu Mar 12 17:58:12 CET 2026
#@# Curvature Stats rh Thu Mar 12 17:58:13 CET 2026
#@# Cortical Parc 2 rh Thu Mar 12 17:58:15 CET 2026
#@# Cortical Parc 3 rh Thu Mar 12 17:58:26 CET 2026
#@# WM/GM Contrast rh Thu Mar 12 17:58:35 CET 2026
recon-all -s sub-v1s22x0050484_ses-1 finished without error at Thu Mar 12 17:58:38 CET 2026



#New# invocation of recon-all 



status file for recon-all
Thu Mar 12 18:05:29 CET 2026
#@# white curv rh Thu Mar 12 18:05:30 CET 2026
#@# white area rh Thu Mar 12 18:05:30 CET 2026
#@# pial curv rh Thu Mar 12 18:05:30 CET 2026
#@# pial area rh Thu Mar 12 18:05:30 CET 2026
#@# thickness rh Thu Mar 12 18:05:30 CET 2026
#@# area and vertex vol rh Thu Mar 12 18:05:30 CET 2026
#@# Parcellation Stats rh Thu Mar 12 18:05:30 CET 2026
#@# Parcellation Stats 2 rh Thu Mar 12 18:05:48 CET 2026
#@# Parcellation Stats 3 rh Thu Mar 12 18:05:58 CET 2026
#@# BA_exvivo Labels rh Thu Mar 12 18:06:07 CET 2026
recon-all -s sub-v1s22x0050484_ses-1 finished without error at Thu Mar 12 18:08:12 CET 2026
