status file for recon-all
Thu Mar 12 16:02:15 CET 2026
#@# MotionCor Thu Mar 12 16:02:21 CET 2026
#@# Talairach Thu Mar 12 16:02:30 CET 2026
#@# Talairach Failure Detection Thu Mar 12 16:05:19 CET 2026
#@# Nu Intensity Correction Thu Mar 12 16:05:19 CET 2026
#@# Intensity Normalization Thu Mar 12 16:08:05 CET 2026
recon-all -s sub-v1s22x0050484_ses-1 finished without error at Thu Mar 12 16:09:13 CET 2026



#New# invocation of recon-all 



status file for recon-all
Thu Mar 12 16:18:27 CET 2026
#@# EM Registration Thu Mar 12 16:18:27 CET 2026
recon-all -s sub-v1s22x0050484_ses-1 finished without error at Thu Mar 12 16:19:32 CET 2026



#New# invocation of recon-all 



status file for recon-all
Thu Mar 12 16:19:34 CET 2026
#@# CA Normalize Thu Mar 12 16:19:34 CET 2026
#@# CA Reg Thu Mar 12 16:20:28 CET 2026
#@# SubCort Seg Thu Mar 12 16:55:07 CET 2026
#@# CC Seg Thu Mar 12 17:16:52 CET 2026
#@# Merge ASeg Thu Mar 12 17:17:11 CET 2026
#@# Intensity Normalization2 Thu Mar 12 17:17:11 CET 2026
#@# Mask BFS Thu Mar 12 17:18:48 CET 2026
#@# WM Segmentation Thu Mar 12 17:18:48 CET 2026
#@# Fill Thu Mar 12 17:20:20 CET 2026
recon-all -s sub-v1s22x0050484_ses-1 finished without error at Thu Mar 12 17:20:59 CET 2026



#New# invocation of recon-all 



status file for recon-all
Thu Mar 12 17:58:42 CET 2026
#@# white curv lh Thu Mar 12 17:58:42 CET 2026
#@# white area lh Thu Mar 12 17:58:42 CET 2026
#@# pial curv lh Thu Mar 12 17:58:42 CET 2026
#@# pial area lh Thu Mar 12 17:58:42 CET 2026
#@# thickness lh Thu Mar 12 17:58:42 CET 2026
#@# area and vertex vol lh Thu Mar 12 17:58:42 CET 2026
#@# white curv rh Thu Mar 12 17:58:42 CET 2026
#@# white area rh Thu Mar 12 17:58:42 CET 2026
#@# pial curv rh Thu Mar 12 17:58:42 CET 2026
#@# pial area rh Thu Mar 12 17:58:42 CET 2026
#@# thickness rh Thu Mar 12 17:58:42 CET 2026
#@# area and vertex vol rh Thu Mar 12 17:58:42 CET 2026
#@# Cortical ribbon mask Thu Mar 12 17:58:42 CET 2026
recon-all -s sub-v1s22x0050484_ses-1 finished without error at Thu Mar 12 18:02:38 CET 2026



#New# invocation of recon-all 



status file for recon-all
Thu Mar 12 18:08:16 CET 2026
#@# white curv lh Thu Mar 12 18:08:16 CET 2026
#@# white area lh Thu Mar 12 18:08:16 CET 2026
#@# pial curv lh Thu Mar 12 18:08:16 CET 2026
#@# pial area lh Thu Mar 12 18:08:16 CET 2026
#@# thickness lh Thu Mar 12 18:08:16 CET 2026
#@# area and vertex vol lh Thu Mar 12 18:08:16 CET 2026
#@# white curv rh Thu Mar 12 18:08:16 CET 2026
#@# white area rh Thu Mar 12 18:08:16 CET 2026
#@# pial curv rh Thu Mar 12 18:08:16 CET 2026
#@# pial area rh Thu Mar 12 18:08:16 CET 2026
#@# thickness rh Thu Mar 12 18:08:16 CET 2026
#@# area and vertex vol rh Thu Mar 12 18:08:16 CET 2026
#@# Curvature Stats lh Thu Mar 12 18:08:16 CET 2026
#@# Curvature Stats rh Thu Mar 12 18:08:18 CET 2026
#@# Relabel Hypointensities Thu Mar 12 18:08:20 CET 2026
#@# APas-to-ASeg Thu Mar 12 18:08:31 CET 2026
#@# AParc-to-ASeg aparc Thu Mar 12 18:08:37 CET 2026
#@# AParc-to-ASeg aparc.a2009s Thu Mar 12 18:08:59 CET 2026
#@# AParc-to-ASeg aparc.DKTatlas Thu Mar 12 18:09:23 CET 2026
#@# WMParc Thu Mar 12 18:09:47 CET 2026
#@# ASeg Stats Thu Mar 12 18:11:41 CET 2026
recon-all -s sub-v1s22x0050484_ses-1 finished without error at Thu Mar 12 18:11:58 CET 2026
