/out/sourcedata/freesurfer/sub-v1s22x0050443_ses-1/mri
/opt/freesurfer/bin/talairach_avi
--i orig_nu.mgz --xfm transforms/talairach.auto.xfm
talairach_avi 7.3.2
Linux dna078 5.14.0-427.37.1.el9_4.x86_64 #1 SMP PREEMPT_DYNAMIC Fri Sep 13 12:41:50 EDT 2024 x86_64 x86_64 x86_64 GNU/Linux
Mon Mar  9 12:06:13 CET 2026
mri_convert orig_nu.mgz talsrcimg.img 
reading from orig_nu.mgz...
TR=0.00, TE=0.00, TI=0.00, flip angle=0.00
i_ras = (-1, -1.01636e-09, 0)
j_ras = (1.86265e-09, 2.91038e-11, -1)
k_ras = (1.01636e-09, 1, 2.91038e-11)
writing to talsrcimg.img...
Analyze Output Matrix
-1.00000   0.00000   0.00000   131.16872;
-0.00000   0.00000   1.00000  -82.95544;
 0.00000  -1.00000   0.00000   122.34625;
 0.00000   0.00000   0.00000   1.00000;
--------------------
INFO: set hdr.hist.orient to -1
mpr2mni305 talsrcimg
Mon Mar  9 12:06:13 CET 2026
/opt/freesurfer/bin/mpr2mni305 talsrcimg
mpr2mni305 7.3.2
target=711-2C_as_mni_average_305

---------------------------------------------------------------------
analyzeto4dfp talsrcimg -O0 -y
---------------------------------------------------------------------

freesurfer ifh2hdr.c
Mon Mar  9 12:06:13 2026
Writing: talsrcimg.4dfp.hdr
freesurfer analyzeto4dfp.c
Reading: talsrcimg.hdr
header size 348 bytes
hdr.dime.datatype	offset=70	value=2
hdr.dime.bitpix		offset=72	value=8
hdr.hist.orient		offset=252	value=-1
dimensionality     4
dimensions       256       256       256         1
Reading: talsrcimg.img
Writing: talsrcimg.4dfp.img
Writing: talsrcimg.4dfp.ifh
ifh2hdr talsrcimg -r0to255
ori=2

---------------------------------------------------------------------
gauss_4dfp talsrcimg 1.1
---------------------------------------------------------------------

freesurfer gauss_4dfp.c
Reading: talsrcimg.4dfp.img
Writing: talsrcimg_g11.4dfp.img
image dimensions 256 256 256 padded to 288 288 288
processing volume 1freesurfer ifh2hdr.c
Mon Mar  9 12:06:14 2026
Writing: talsrcimg_g11.4dfp.hdr

Writing: talsrcimg_g11.4dfp.ifh
including: talsrcimg.4dfp.img.rec in talsrcimg_g11.4dfp.img.rec

---------------------------------------------------------------------
imgreg_4dfp /opt/freesurfer/average/711-2C_as_mni_average_305 none talsrcimg_g11 none talsrcimg_to_711-2C_as_mni_average_305_t4 4355
---------------------------------------------------------------------

freesurfer imgreg_4dfp.c
/opt/freesurfer/average/711-2C_as_mni_average_305.4dfp.img
       256       256       256         1
  1.000000  1.000000  1.000000
orientation T byte_order littleendian
Reading image: /opt/freesurfer/average/711-2C_as_mni_average_305.4dfp.img
dimensions:      256       256       256
mmppix:       1.0000   -1.0000   -1.0000
center:     128.0000 -129.0000 -129.0000
talsrcimg_g11.4dfp.img
       256       256       256         1
  1.000000  1.000000  1.000000
orientation T byte_order littleendian
Reading image: talsrcimg_g11.4dfp.img
dimensions:      256       256       256
mmppix:       1.0000   -1.0000   -1.0000
center:     128.0000 -129.0000 -129.0000
t4_read: open error in t4_sub.f l:  41 t4_file(1:l)talsrcimg_to_711-2C_as_mni_average_305_t4 
t4_read: transform initialized to I4
rotation matrix determinant  1.000000
image alignment mode   4355 decimal     1103 hex
   -7.5000  -45.0000  -45.0000 5759.2773   13.8507
    0.0000  -45.0000  -45.0000 5988.2573   13.8383
    7.5000  -45.0000  -45.0000 5758.4238   13.8376
   -7.5000  -37.5000  -45.0000 6326.6470   13.3809
    0.0000  -37.5000  -45.0000 6586.6084   13.3706
    7.5000  -37.5000  -45.0000 6347.2065   13.3639
   -7.5000  -30.0000  -45.0000 7182.3735   13.0167
    0.0000  -30.0000  -45.0000 7484.7241   13.0094
    7.5000  -30.0000  -45.0000 7200.9326   13.0012
   -7.5000  -22.5000  -45.0000 8102.3086   12.7259
    0.0000  -22.5000  -45.0000 8448.7656   12.7187
    7.5000  -22.5000  -45.0000 8100.2622   12.7162
   -7.5000  -15.0000  -45.0000 9085.8447   12.5592
    0.0000  -15.0000  -45.0000 9495.4775   12.5503
    7.5000  -15.0000  -45.0000 9074.9268   12.5554
   -7.5000   -7.5000  -45.000010112.1895   12.5174
    0.0000   -7.5000  -45.000010587.8242   12.5062
    7.5000   -7.5000  -45.000010090.9346   12.5138
   -7.5000    0.0000  -45.000011022.9990   12.5350
    0.0000    0.0000  -45.000011554.4521   12.5242
    7.5000    0.0000  -45.000010993.5127   12.5265
   -7.5000    7.5000  -45.000011071.3770   12.5475
    0.0000    7.5000  -45.000011620.5166   12.5397
    7.5000    7.5000  -45.000011046.0850   12.5355
   -7.5000   15.0000  -45.000010979.4814   12.5434
    0.0000   15.0000  -45.000011524.0479   12.5378
    7.5000   15.0000  -45.000010942.8115   12.5322
   -7.5000   22.5000  -45.000010841.8643   12.5234
    0.0000   22.5000  -45.000011375.6602   12.5176
    7.5000   22.5000  -45.000010800.0518   12.5164
   -7.5000   30.0000  -45.000010660.5557   12.3436
    0.0000   30.0000  -45.000011177.5713   12.3355
    7.5000   30.0000  -45.000010614.2627   12.3408
   -7.5000   37.5000  -45.000010763.6504   12.3492
    0.0000   37.5000  -45.000011289.2891   12.3383
    7.5000   37.5000  -45.000010699.0361   12.3457
   -7.5000   45.0000  -45.000010421.9424   12.0539
    0.0000   45.0000  -45.000010943.9746   12.0435
    7.5000   45.0000  -45.000010365.3750   12.0457
   -7.5000  -45.0000  -37.5000 6096.6099   13.6621
    0.0000  -45.0000  -37.5000 6338.0044   13.6459
    7.5000  -45.0000  -37.5000 6101.6943   13.6377
   -7.5000  -37.5000  -37.5000 6686.3677   13.1981
    0.0000  -37.5000  -37.5000 6962.8047   13.1855
    7.5000  -37.5000  -37.5000 6705.5269   13.1752
   -7.5000  -30.0000  -37.5000 7591.1577   12.8425
    0.0000  -30.0000  -37.5000 7919.5977   12.8338
    7.5000  -30.0000  -37.5000 7597.9761   12.8229
   -7.5000  -22.5000  -37.5000 8569.7197   12.5614
    0.0000  -22.5000  -37.5000 8967.3447   12.5532
    7.5000  -22.5000  -37.5000 8560.1719   12.5463
   -7.5000  -15.0000  -37.5000 9637.9336   12.3971
    0.0000  -15.0000  -37.500010096.7842   12.3870
    7.5000  -15.0000  -37.5000 9623.3545   12.3854
   -7.5000   -7.5000  -37.500010731.2578   12.3517
    0.0000   -7.5000  -37.500011255.0693   12.3390
    7.5000   -7.5000  -37.500010704.3164   12.3390
   -7.5000    0.0000  -37.500011708.9385   12.3634
    0.0000    0.0000  -37.500012309.4688   12.3505
    7.5000    0.0000  -37.500011672.4951   12.3475
   -7.5000    7.5000  -37.500011755.1562   12.3731
    0.0000    7.5000  -37.500012365.2188   12.3633
    7.5000    7.5000  -37.500011693.9658   12.3562
   -7.5000   15.0000  -37.500011622.3701   12.3724
    0.0000   15.0000  -37.500012231.3906   12.3655
    7.5000   15.0000  -37.500011575.5508   12.3572
   -7.5000   22.5000  -37.500011483.7500   12.3579
    0.0000   22.5000  -37.500012068.5098   12.3511
    7.5000   22.5000  -37.500011437.2559   12.3456
   -7.5000   30.0000  -37.500011281.5430   12.1827
    0.0000   30.0000  -37.500011846.8779   12.1734
    7.5000   30.0000  -37.500011239.7559   12.1722
   -7.5000   37.5000  -37.500011352.0508   12.1856
    0.0000   37.5000  -37.500011939.9707   12.1732
    7.5000   37.5000  -37.500011302.3115   12.1732
   -7.5000   45.0000  -37.500010964.3359   11.8889
    0.0000   45.0000  -37.500011559.8965   11.8765
    7.5000   45.0000  -37.500010906.6816   11.8736
   -7.5000  -45.0000  -30.0000 6511.2832   14.0710
    0.0000  -45.0000  -30.0000 6790.2847   14.0516
    7.5000  -45.0000  -30.0000 6530.6479   14.0360
   -7.5000  -37.5000  -30.0000 7153.4038   13.5884
    0.0000  -37.5000  -30.0000 7473.2363   13.5725
    7.5000  -37.5000  -30.0000 7176.1851   13.5599
   -7.5000  -30.0000  -30.0000 8139.8760   13.2222
    0.0000  -30.0000  -30.0000 8519.5361   13.2106
    7.5000  -30.0000  -30.0000 8148.0371   13.1996
   -7.5000  -22.5000  -30.0000 9218.7080   12.9381
    0.0000  -22.5000  -30.0000 9662.0029   12.9289
    7.5000  -22.5000  -30.0000 9214.2168   12.9202
   -7.5000  -15.0000  -30.000010389.4023   12.7715
    0.0000  -15.0000  -30.000010895.4629   12.7617
    7.5000  -15.0000  -30.000010365.2939   12.7550
   -7.5000   -7.5000  -30.000011550.4863   12.7238
    0.0000   -7.5000  -30.000012133.8633   12.7110
    7.5000   -7.5000  -30.000011526.1309   12.7039
   -7.5000    0.0000  -30.000012613.5547   12.7312
    0.0000    0.0000  -30.000013254.8281   12.7168
    7.5000    0.0000  -30.000012563.3994   12.7082
   -7.5000    7.5000  -30.000012649.2129   12.7364
    0.0000    7.5000  -30.000013297.3789   12.7240
    7.5000    7.5000  -30.000012588.0039   12.7150
   -7.5000   15.0000  -30.000012508.6240   12.7359
    0.0000   15.0000  -30.000013151.6260   12.7266
    7.5000   15.0000  -30.000012442.4307   12.7181
   -7.5000   22.5000  -30.000012338.8057   12.7244
    0.0000   22.5000  -30.000012970.4365   12.7167
    7.5000   22.5000  -30.000012279.7500   12.7096
   -7.5000   30.0000  -30.000012083.8428   12.5509
    0.0000   30.0000  -30.000012713.9365   12.5419
    7.5000   30.0000  -30.000012033.2910   12.5357
   -7.5000   37.5000  -30.000012143.3203   12.5540
    0.0000   37.5000  -30.000012785.7158   12.5414
    7.5000   37.5000  -30.000012087.7832   12.5343
   -7.5000   45.0000  -30.000011721.3428   12.2516
    0.0000   45.0000  -30.000012333.1230   12.2377
    7.5000   45.0000  -30.000011654.0254   12.2295
   -7.5000  -45.0000  -22.5000 6939.8730   14.4335
    0.0000  -45.0000  -22.5000 7246.9956   14.4184
    7.5000  -45.0000  -22.5000 6954.6514   14.4044
   -7.5000  -37.5000  -22.5000 7642.5386   13.9358
    0.0000  -37.5000  -22.5000 7991.4712   13.9216
    7.5000  -37.5000  -22.5000 7649.6685   13.9120
   -7.5000  -30.0000  -22.5000 8735.6406   13.5600
    0.0000  -30.0000  -22.5000 9159.4102   13.5496
    7.5000  -30.0000  -22.5000 8727.5342   13.5434
   -7.5000  -22.5000  -22.5000 9905.9785   13.2735
    0.0000  -22.5000  -22.500010393.8086   13.2671
    7.5000  -22.5000  -22.5000 9889.3145   13.2633
   -7.5000  -15.0000  -22.500011118.6055   13.1085
    0.0000  -15.0000  -22.500011678.8877   13.1034
    7.5000  -15.0000  -22.500011113.4834   13.1002
   -7.5000   -7.5000  -22.500012384.6484   13.0617
    0.0000   -7.5000  -22.500013019.3281   13.0541
    7.5000   -7.5000  -22.500012372.5146   13.0485
   -7.5000    0.0000  -22.500013543.6172   13.0678
    0.0000    0.0000  -22.500014221.6982   13.0570
    7.5000    0.0000  -22.500013497.0049   13.0493
   -7.5000    7.5000  -22.500013563.4307   13.0690
    0.0000    7.5000  -22.500014214.3154   13.0583
    7.5000    7.5000  -22.500013492.1270   13.0518
   -7.5000   15.0000  -22.500013405.3623   13.0656
    0.0000   15.0000  -22.500014073.2852   13.0575
    7.5000   15.0000  -22.500013322.0010   13.0534
   -7.5000   22.5000  -22.500013222.2441   13.0550
    0.0000   22.5000  -22.500013911.2803   13.0502
    7.5000   22.5000  -22.500013150.2861   13.0479
   -7.5000   30.0000  -22.500012918.8828   12.8843
    0.0000   30.0000  -22.500013631.0938   12.8801
    7.5000   30.0000  -22.500012877.4209   12.8774
   -7.5000   37.5000  -22.500012981.1846   12.8894
    0.0000   37.5000  -22.500013691.4717   12.8818
    7.5000   37.5000  -22.500012920.4199   12.8763
   -7.5000   45.0000  -22.500012473.3320   12.5849
    0.0000   45.0000  -22.500013142.4248   12.5745
    7.5000   45.0000  -22.500012402.1533   12.5671
   -7.5000  -45.0000  -15.0000 7386.0288   14.7427
    0.0000  -45.0000  -15.0000 7717.5210   14.7348
    7.5000  -45.0000  -15.0000 7393.8945   14.7285
   -7.5000  -37.5000  -15.0000 8144.6714   14.2359
    0.0000  -37.5000  -15.0000 8527.2969   14.2271
    7.5000  -37.5000  -15.0000 8160.8306   14.2219
   -7.5000  -30.0000  -15.0000 9324.6641   13.8500
    0.0000  -30.0000  -15.0000 9788.2539   13.8443
    7.5000  -30.0000  -15.0000 9335.9404   13.8423
   -7.5000  -22.5000  -15.000010557.6846   13.5541
    0.0000  -22.5000  -15.000011088.9834   13.5521
    7.5000  -22.5000  -15.000010567.7080   13.5543
   -7.5000  -15.0000  -15.000011830.5273   13.3858
    0.0000  -15.0000  -15.000012441.3242   13.3855
    7.5000  -15.0000  -15.000011859.0791   13.3902
   -7.5000   -7.5000  -15.000013187.8096   13.3401
    0.0000   -7.5000  -15.000013887.7393   13.3376
    7.5000   -7.5000  -15.000013197.5244   13.3397
   -7.5000    0.0000  -15.000014457.3115   13.3497
    0.0000    0.0000  -15.000015215.4404   13.3441
    7.5000    0.0000  -15.000014463.3408   13.3418
   -7.5000    7.5000  -15.000014503.2490   13.3519
    0.0000    7.5000  -15.000015243.1104   13.3460
    7.5000    7.5000  -15.000014485.9209   13.3429
   -7.5000   15.0000  -15.000014332.2383   13.3453
    0.0000   15.0000  -15.000015050.9473   13.3416
    7.5000   15.0000  -15.000014265.2275   13.3414
   -7.5000   22.5000  -15.000014133.9121   13.3309
    0.0000   22.5000  -15.000014864.4326   13.3304
    7.5000   22.5000  -15.000014078.7520   13.3339
   -7.5000   30.0000  -15.000013807.2627   13.1587
    0.0000   30.0000  -15.000014584.5801   13.1592
    7.5000   30.0000  -15.000013792.2061   13.1642
   -7.5000   37.5000  -15.000013854.6943   13.1659
    0.0000   37.5000  -15.000014645.4033   13.1635
    7.5000   37.5000  -15.000013821.0303   13.1656
   -7.5000   45.0000  -15.000013248.1650   12.8642
    0.0000   45.0000  -15.000013985.9424   12.8588
    7.5000   45.0000  -15.000013204.3535   12.8565
   -7.5000  -45.0000   -7.5000 7822.2808   14.9020
    0.0000  -45.0000   -7.5000 8181.2832   14.8969
    7.5000  -45.0000   -7.5000 7837.7407   14.8974
   -7.5000  -37.5000   -7.5000 8661.2627   14.3961
    0.0000  -37.5000   -7.5000 9066.4912   14.3910
    7.5000  -37.5000   -7.5000 8670.4541   14.3876
   -7.5000  -30.0000   -7.5000 9926.6758   14.0061
    0.0000  -30.0000   -7.500010414.9023   14.0035
    7.5000  -30.0000   -7.5000 9937.9443   14.0009
   -7.5000  -22.5000   -7.500011252.8271   13.7006
    0.0000  -22.5000   -7.500011787.1484   13.6991
    7.5000  -22.5000   -7.500011266.5527   13.7023
   -7.5000  -15.0000   -7.500012596.1836   13.5256
    0.0000  -15.0000   -7.500013197.1846   13.5240
    7.5000  -15.0000   -7.500012623.4814   13.5331
   -7.5000   -7.5000   -7.500014003.8232   13.4789
    0.0000   -7.5000   -7.500014724.3906   13.4757
    7.5000   -7.5000   -7.500014030.1865   13.4846
   -7.5000    0.0000   -7.500015397.4229   13.4932
    0.0000    0.0000   -7.500016207.8066   13.4890
    7.5000    0.0000   -7.500015424.1729   13.4919
   -7.5000    7.5000   -7.500015560.0713   13.5004
    0.0000    7.5000   -7.500016373.2666   13.4977
    7.5000    7.5000   -7.500015586.7168   13.4961
   -7.5000   15.0000   -7.500015398.0615   13.4940
    0.0000   15.0000   -7.500016179.7256   13.4931
    7.5000   15.0000   -7.500015389.4424   13.4924
   -7.5000   22.5000   -7.500015132.1797   13.4733
    0.0000   22.5000   -7.500015908.6279   13.4734
    7.5000   22.5000   -7.500015116.2451   13.4777
   -7.5000   30.0000   -7.500014770.3330   13.2957
    0.0000   30.0000   -7.500015555.3447   13.2948
    7.5000   30.0000   -7.500014788.2051   13.3041
   -7.5000   37.5000   -7.500014806.0820   13.3026
    0.0000   37.5000   -7.500015634.6621   13.2994
    7.5000   37.5000   -7.500014833.8125   13.3082
   -7.5000   45.0000   -7.500014159.1699   13.0049
    0.0000   45.0000   -7.500014930.4629   13.0009
    7.5000   45.0000   -7.500014162.8994   13.0036
   -7.5000  -45.0000    0.0000 8238.8936   14.9466
    0.0000  -45.0000    0.0000 8609.3867   14.9376
    7.5000  -45.0000    0.0000 8263.0566   14.9382
   -7.5000  -37.5000    0.0000 9154.7217   14.4438
    0.0000  -37.5000    0.0000 9577.3594   14.4370
    7.5000  -37.5000    0.0000 9179.8213   14.4316
   -7.5000  -30.0000    0.000010495.0596   14.0543
    0.0000  -30.0000    0.000011001.9238   14.0505
    7.5000  -30.0000    0.000010522.1104   14.0437
   -7.5000  -22.5000    0.000011879.6904   13.7447
    0.0000  -22.5000    0.000012454.0264   13.7404
    7.5000  -22.5000    0.000011912.4473   13.7393
   -7.5000  -15.0000    0.000013308.2900   13.5649
    0.0000  -15.0000    0.000013969.1299   13.5585
    7.5000  -15.0000    0.000013346.3525   13.5651
   -7.5000   -7.5000    0.000014757.8682   13.5163
    0.0000   -7.5000    0.000015520.8105   13.5080
    7.5000   -7.5000    0.000014803.2930   13.5169
   -7.5000    0.0000    0.000016173.4209   13.5320
    0.0000    0.0000    0.000017041.4590   13.5244
    7.5000    0.0000    0.000016246.5508   13.5278
   -7.5000    7.5000    0.000016467.3477   13.5428
    0.0000    7.5000    0.000017393.1602   13.5386
    7.5000    7.5000    0.000016531.5098   13.5355
   -7.5000   15.0000    0.000016496.4316   13.5388
    0.0000   15.0000    0.000017418.9629   13.5367
    7.5000   15.0000    0.000016549.7598   13.5323
   -7.5000   22.5000    0.000016222.2568   13.5163
    0.0000   22.5000    0.000017050.7090   13.5135
    7.5000   22.5000    0.000016262.5488   13.5136
   -7.5000   30.0000    0.000015781.9775   13.3346
    0.0000   30.0000    0.000016503.2910   13.3291
    7.5000   30.0000    0.000015827.0605   13.3359
   -7.5000   37.5000    0.000015801.4707   13.3398
    0.0000   37.5000    0.000016573.8672   13.3317
    7.5000   37.5000    0.000015819.3691   13.3404
   -7.5000   45.0000    0.000015070.5410   13.0432
    0.0000   45.0000    0.000015846.5605   13.0360
    7.5000   45.0000    0.000015031.9795   13.0392
   -7.5000  -45.0000    7.5000 8028.9004   14.9773
    0.0000  -45.0000    7.5000 8379.4629   14.9612
    7.5000  -45.0000    7.5000 8047.3242   14.9534
   -7.5000  -37.5000    7.5000 8946.0986   14.4716
    0.0000  -37.5000    7.5000 9393.4277   14.4596
    7.5000  -37.5000    7.5000 8990.0098   14.4494
   -7.5000  -30.0000    7.500010254.2207   14.0833
    0.0000  -30.0000    7.500010781.6494   14.0754
    7.5000  -30.0000    7.500010310.6855   14.0645
   -7.5000  -22.5000    7.500011620.0996   13.7766
    0.0000  -22.5000    7.500012181.8682   13.7690
    7.5000  -22.5000    7.500011685.3301   13.7623
   -7.5000  -15.0000    7.500013000.9678   13.5967
    0.0000  -15.0000    7.500013632.1465   13.5868
    7.5000  -15.0000    7.500013073.3320   13.5857
   -7.5000   -7.5000    7.500014371.9697   13.5463
    0.0000   -7.5000    7.500015067.3262   13.5337
    7.5000   -7.5000    7.500014473.2334   13.5344
   -7.5000    0.0000    7.500015709.3760   13.5586
    0.0000    0.0000    7.500016428.4512   13.5461
    7.5000    0.0000    7.500015833.3203   13.5436
   -7.5000    7.5000    7.500016009.6416   13.5682
    0.0000    7.5000    7.500016834.0352   13.5592
    7.5000    7.5000    7.500016131.5029   13.5524
   -7.5000   15.0000    7.500016218.0703   13.5669
    0.0000   15.0000    7.500017313.7988   13.5610
    7.5000   15.0000    7.500016313.6953   13.5528
   -7.5000   22.5000    7.500016150.6719   13.5473
    0.0000   22.5000    7.500017205.8125   13.5413
    7.5000   22.5000    7.500016178.9951   13.5360
   -7.5000   30.0000    7.500015698.7539   13.3659
    0.0000   30.0000    7.500016573.8340   13.3569
    7.5000   30.0000    7.500015681.5400   13.3562
   -7.5000   37.5000    7.500015595.2363   13.3694
    0.0000   37.5000    7.500016429.5312   13.3571
    7.5000   37.5000    7.500015541.6240   13.3577
   -7.5000   45.0000    7.500014754.4541   13.0689
    0.0000   45.0000    7.500015563.1299   13.0569
    7.5000   45.0000    7.500014689.6025   13.0544
   -7.5000  -45.0000   15.0000 7715.2417   15.0064
    0.0000  -45.0000   15.0000 8070.4072   14.9870
    7.5000  -45.0000   15.0000 7742.6138   14.9715
   -7.5000  -37.5000   15.0000 8625.0713   14.4936
    0.0000  -37.5000   15.0000 9061.1592   14.4779
    7.5000  -37.5000   15.0000 8677.2217   14.4655
   -7.5000  -30.0000   15.0000 9892.5645   14.1052
    0.0000  -30.0000   15.000010366.3379   14.0940
    7.5000  -30.0000   15.0000 9953.6807   14.0832
   -7.5000  -22.5000   15.000011180.3682   13.8044
    0.0000  -22.5000   15.000011688.5156   13.7954
    7.5000  -22.5000   15.000011265.2412   13.7870
   -7.5000  -15.0000   15.000012492.3604   13.6278
    0.0000  -15.0000   15.000013085.3164   13.6181
    7.5000  -15.0000   15.000012595.9531   13.6117
   -7.5000   -7.5000   15.000013841.3809   13.5768
    0.0000   -7.5000   15.000014485.0645   13.5641
    7.5000   -7.5000   15.000013953.5811   13.5572
   -7.5000    0.0000   15.000015131.4150   13.5842
    0.0000    0.0000   15.000015806.9639   13.5699
    7.5000    0.0000   15.000015254.0908   13.5616
   -7.5000    7.5000   15.000015465.6855   13.5894
    0.0000    7.5000   15.000016309.9482   13.5773
    7.5000    7.5000   15.000015609.2998   13.5686
   -7.5000   15.0000   15.000015692.9229   13.5892
    0.0000   15.0000   15.000016842.0430   13.5802
    7.5000   15.0000   15.000015836.3730   13.5721
   -7.5000   22.5000   15.000015651.3701   13.5745
    0.0000   22.5000   15.000016715.7324   13.5672
    7.5000   22.5000   15.000015727.6182   13.5603
   -7.5000   30.0000   15.000015188.4863   13.3966
    0.0000   30.0000   15.000016112.2832   13.3878
    7.5000   30.0000   15.000015228.2754   13.3819
   -7.5000   37.5000   15.000015051.3486   13.3996
    0.0000   37.5000   15.000015927.3193   13.3870
    7.5000   37.5000   15.000015077.3857   13.3803
   -7.5000   45.0000   15.000014157.6494   13.0936
    0.0000   45.0000   15.000015002.0312   13.0798
    7.5000   45.0000   15.000014192.9697   13.0718
   -7.5000  -45.0000   22.5000 7318.8379   15.0791
    0.0000  -45.0000   22.5000 7656.4287   15.0644
    7.5000  -45.0000   22.5000 7356.0859   15.0510
   -7.5000  -37.5000   22.5000 8182.4497   14.5601
    0.0000  -37.5000   22.5000 8609.8223   14.5464
    7.5000  -37.5000   22.5000 8252.4150   14.5376
   -7.5000  -30.0000   22.5000 9398.8193   14.1671
    0.0000  -30.0000   22.5000 9874.8096   14.1574
    7.5000  -30.0000   22.5000 9454.8145   14.1520
   -7.5000  -22.5000   22.500010652.5635   13.8665
    0.0000  -22.5000   22.500011184.2246   13.8610
    7.5000  -22.5000   22.500010706.5879   13.8582
   -7.5000  -15.0000   22.500011922.9746   13.6931
    0.0000  -15.0000   22.500012549.4062   13.6889
    7.5000  -15.0000   22.500012003.9482   13.6866
   -7.5000   -7.5000   22.500013221.3301   13.6440
    0.0000   -7.5000   22.500013903.6543   13.6371
    7.5000   -7.5000   22.500013295.6475   13.6323
   -7.5000    0.0000   22.500014458.0703   13.6505
    0.0000    0.0000   22.500015191.0254   13.6403
    7.5000    0.0000   22.500014562.7275   13.6333
   -7.5000    7.5000   22.500014743.0273   13.6519
    0.0000    7.5000   22.500015621.6104   13.6418
    7.5000    7.5000   22.500014908.4141   13.6360
   -7.5000   15.0000   22.500014881.5332   13.6482
    0.0000   15.0000   22.500015807.1084   13.6408
    7.5000   15.0000   22.500015052.0947   13.6376
   -7.5000   22.5000   22.500014722.6074   13.6349
    0.0000   22.5000   22.500015476.6836   13.6310
    7.5000   22.5000   22.500014821.2373   13.6296
   -7.5000   30.0000   22.500014329.3408   13.4605
    0.0000   30.0000   22.500015020.8037   13.4572
    7.5000   30.0000   22.500014384.2031   13.4553
   -7.5000   37.5000   22.500014288.3691   13.4659
    0.0000   37.5000   22.500015003.8750   13.4591
    7.5000   37.5000   22.500014343.8770   13.4543
   -7.5000   45.0000   22.500013434.9639   13.1575
    0.0000   45.0000   22.500014135.3877   13.1477
    7.5000   45.0000   22.500013522.7656   13.1409
   -7.5000  -45.0000   30.0000 6865.6865   15.2696
    0.0000  -45.0000   30.0000 7235.2598   15.2632
    7.5000  -45.0000   30.0000 6910.6274   15.2581
   -7.5000  -37.5000   30.0000 7687.9492   14.7415
    0.0000  -37.5000   30.0000 8133.2144   14.7339
    7.5000  -37.5000   30.0000 7742.9819   14.7300
   -7.5000  -30.0000   30.0000 8861.1807   14.3392
    0.0000  -30.0000   30.0000 9368.9365   14.3350
    7.5000  -30.0000   30.0000 8898.7998   14.3344
   -7.5000  -22.5000   30.000010050.0654   14.0317
    0.0000  -22.5000   30.000010609.9580   14.0315
    7.5000  -22.5000   30.000010081.5723   14.0355
   -7.5000  -15.0000   30.000011248.5176   13.8571
    0.0000  -15.0000   30.000011876.5762   13.8587
    7.5000  -15.0000   30.000011310.9707   13.8653
   -7.5000   -7.5000   30.000012430.6455   13.8096
    0.0000   -7.5000   30.000013104.7607   13.8089
    7.5000   -7.5000   30.000012544.3809   13.8127
   -7.5000    0.0000   30.000013574.8008   13.8196
    0.0000    0.0000   30.000014269.7100   13.8155
    7.5000    0.0000   30.000013698.6221   13.8144
   -7.5000    7.5000   30.000013804.1211   13.8206
    0.0000    7.5000   30.000014511.6943   13.8161
    7.5000    7.5000   30.000013943.1973   13.8142
   -7.5000   15.0000   30.000013789.0938   13.8125
    0.0000   15.0000   30.000014428.5098   13.8104
    7.5000   15.0000   30.000013911.1738   13.8116
   -7.5000   22.5000   30.000013571.0605   13.7964
    0.0000   22.5000   30.000014080.5410   13.7977
    7.5000   22.5000   30.000013645.7637   13.8030
   -7.5000   30.0000   30.000013290.0820   13.6209
    0.0000   30.0000   30.000013821.6807   13.6232
    7.5000   30.0000   30.000013334.3389   13.6301
   -7.5000   37.5000   30.000013365.9600   13.6293
    0.0000   37.5000   30.000013965.6436   13.6286
    7.5000   37.5000   30.000013402.6602   13.6324
   -7.5000   45.0000   30.000012638.5938   13.3205
    0.0000   45.0000   30.000013242.8389   13.3165
    7.5000   45.0000   30.000012696.7959   13.3155
   -7.5000  -45.0000   37.5000 6672.5239   15.5284
    0.0000  -45.0000   37.5000 7021.7964   15.5257
    7.5000  -45.0000   37.5000 6722.4121   15.5288
   -7.5000  -37.5000   37.5000 7467.7261   14.9922
    0.0000  -37.5000   37.5000 7878.6606   14.9894
    7.5000  -37.5000   37.5000 7524.1650   14.9883
   -7.5000  -30.0000   37.5000 8597.8789   14.5813
    0.0000  -30.0000   37.5000 9072.6338   14.5816
    7.5000  -30.0000   37.5000 8651.3936   14.5816
   -7.5000  -22.5000   37.5000 9746.5107   14.2625
    0.0000  -22.5000   37.500010272.3379   14.2645
    7.5000  -22.5000   37.5000 9796.8223   14.2711
   -7.5000  -15.0000   37.500010907.7578   14.0807
    0.0000  -15.0000   37.500011490.1357   14.0827
    7.5000  -15.0000   37.500010980.9492   14.0955
   -7.5000   -7.5000   37.500012036.4580   14.0310
    0.0000   -7.5000   37.500012675.3008   14.0308
    7.5000   -7.5000   37.500012135.5869   14.0429
   -7.5000    0.0000   37.500013156.2480   14.0447
    0.0000    0.0000   37.500013828.2617   14.0430
    7.5000    0.0000   37.500013263.7529   14.0483
   -7.5000    7.5000   37.500013331.2051   14.0496
    0.0000    7.5000   37.500013992.7207   14.0495
    7.5000    7.5000   37.500013430.1904   14.0500
   -7.5000   15.0000   37.500013254.8691   14.0415
    0.0000   15.0000   37.500013847.4619   14.0436
    7.5000   15.0000   37.500013348.8721   14.0456
   -7.5000   22.5000   37.500013057.2314   14.0216
    0.0000   22.5000   37.500013587.8281   14.0252
    7.5000   22.5000   37.500013125.0000   14.0328
   -7.5000   30.0000   37.500012826.7402   13.8396
    0.0000   30.0000   37.500013367.1816   13.8422
    7.5000   30.0000   37.500012870.7109   13.8552
   -7.5000   37.5000   37.500012965.9062   13.8478
    0.0000   37.5000   37.500013524.8828   13.8476
    7.5000   37.5000   37.500012986.0830   13.8596
   -7.5000   45.0000   37.500012282.6982   13.5375
    0.0000   45.0000   37.500012841.3105   13.5359
    7.5000   45.0000   37.500012317.5352   13.5409
   -7.5000  -45.0000   45.0000 6195.5654   15.8193
    0.0000  -45.0000   45.0000 6497.7344   15.8125
    7.5000  -45.0000   45.0000 6244.2148   15.8137
   -7.5000  -37.5000   45.0000 6928.4268   15.2692
    0.0000  -37.5000   45.0000 7287.8926   15.2649
    7.5000  -37.5000   45.0000 6984.5620   15.2595
   -7.5000  -30.0000   45.0000 7961.4912   14.8490
    0.0000  -30.0000   45.0000 8391.6006   14.8484
    7.5000  -30.0000   45.0000 8017.6880   14.8418
   -7.5000  -22.5000   45.0000 9028.3672   14.5201
    0.0000  -22.5000   45.0000 9529.8486   14.5196
    7.5000  -22.5000   45.0000 9086.8311   14.5197
   -7.5000  -15.0000   45.000010102.2539   14.3305
    0.0000  -15.0000   45.000010652.2490   14.3279
    7.5000  -15.0000   45.000010167.1777   14.3365
   -7.5000   -7.5000   45.000011149.5254   14.2758
    0.0000   -7.5000   45.000011749.0195   14.2706
    7.5000   -7.5000   45.000011222.3076   14.2812
   -7.5000    0.0000   45.000012185.6875   14.2892
    0.0000    0.0000   45.000012827.2832   14.2843
    7.5000    0.0000   45.000012269.5195   14.2885
   -7.5000    7.5000   45.000012324.5381   14.2970
    0.0000    7.5000   45.000012955.4170   14.2956
    7.5000    7.5000   45.000012407.6064   14.2927
   -7.5000   15.0000   45.000012232.7139   14.2920
    0.0000   15.0000   45.000012803.8672   14.2934
    7.5000   15.0000   45.000012312.2900   14.2895
   -7.5000   22.5000   45.000012044.5684   14.2718
    0.0000   22.5000   45.000012598.4902   14.2730
    7.5000   22.5000   45.000012114.9736   14.2744
   -7.5000   30.0000   45.000011833.7861   14.0824
    0.0000   30.0000   45.000012375.3350   14.0807
    7.5000   30.0000   45.000011886.7871   14.0894
   -7.5000   37.5000   45.000011993.2607   14.0881
    0.0000   37.5000   45.000012528.6758   14.0830
    7.5000   37.5000   45.000012030.1836   14.0935
   -7.5000   45.0000   45.000011390.1074   13.7794
    0.0000   45.0000   45.000011893.9258   13.7747
    7.5000   45.0000   45.000011422.7129   13.7787

---------------------------------------------------------------------
imgreg_4dfp /opt/freesurfer/average/711-2C_as_mni_average_305 /opt/freesurfer/average/711-2B_as_mni_average_305_mask talsrcimg_g11 none talsrcimg_to_711-2C_as_mni_average_305_t4 4355
---------------------------------------------------------------------

freesurfer imgreg_4dfp.c
/opt/freesurfer/average/711-2C_as_mni_average_305.4dfp.img
       256       256       256         1
  1.000000  1.000000  1.000000
orientation T byte_order littleendian
Reading image: /opt/freesurfer/average/711-2C_as_mni_average_305.4dfp.img
dimensions:      256       256       256
mmppix:       1.0000   -1.0000   -1.0000
center:     128.0000 -129.0000 -129.0000
/opt/freesurfer/average/711-2B_as_mni_average_305_mask.4dfp.img
       256       256       256         1
  1.000000  1.000000  1.000000
orientation T byte_order littleendian
Reading mask: /opt/freesurfer/average/711-2B_as_mni_average_305_mask.4dfp.img (2306576 pixels)
talsrcimg_g11.4dfp.img
       256       256       256         1
  1.000000  1.000000  1.000000
orientation T byte_order littleendian
Reading image: talsrcimg_g11.4dfp.img
dimensions:      256       256       256
mmppix:       1.0000   -1.0000   -1.0000
center:     128.0000 -129.0000 -129.0000
rotation matrix determinant  1.000000
image alignment mode   4355 decimal     1103 hex
   -7.5000  -30.0000  -45.0000 2006.2831   20.2230
    0.0000  -30.0000  -45.0000 2015.6039   20.0523
    7.5000  -30.0000  -45.0000 2006.1200   20.1391
   -7.5000  -22.5000  -45.0000 2120.1804   17.9447
    0.0000  -22.5000  -45.0000 2129.4221   17.8276
    7.5000  -22.5000  -45.0000 2121.1140   17.8631
   -7.5000  -15.0000  -45.0000 2224.7456   16.1547
    0.0000  -15.0000  -45.0000 2238.9048   16.1156
    7.5000  -15.0000  -45.0000 2227.8120   16.1039
   -7.5000   -7.5000  -45.0000 2320.2234   14.8908
    0.0000   -7.5000  -45.0000 2332.0027   14.8863
    7.5000   -7.5000  -45.0000 2322.6719   14.8766
   -7.5000    0.0000  -45.0000 2375.3899   14.0305
    0.0000    0.0000  -45.0000 2390.7209   14.0277
    7.5000    0.0000  -45.0000 2375.6606   13.9978
   -7.5000    7.5000  -45.0000 2410.5222   13.3831
    0.0000    7.5000  -45.0000 2432.2708   13.3566
    7.5000    7.5000  -45.0000 2415.1401   13.3194
   -7.5000   15.0000  -45.0000 2433.0437   12.9490
    0.0000   15.0000  -45.0000 2453.8616   12.9071
    7.5000   15.0000  -45.0000 2437.9998   12.9027
   -7.5000   22.5000  -45.0000 2436.7830   12.7835
    0.0000   22.5000  -45.0000 2462.0669   12.7185
    7.5000   22.5000  -45.0000 2445.6199   12.7240
   -7.5000   30.0000  -45.0000 2434.9114   12.7965
    0.0000   30.0000  -45.0000 2459.7341   12.7720
    7.5000   30.0000  -45.0000 2439.3655   12.7733
   -7.5000   37.5000  -45.0000 2413.3669   13.0736
    0.0000   37.5000  -45.0000 2438.4204   13.0252
    7.5000   37.5000  -45.0000 2417.5916   13.0473
   -7.5000   45.0000  -45.0000 2368.9185   13.5908
    0.0000   45.0000  -45.0000 2393.6367   13.5375
    7.5000   45.0000  -45.0000 2379.2158   13.5495
   -7.5000   52.5000  -45.0000 2287.6912   14.2510
    0.0000   52.5000  -45.0000 2307.2720   14.1796
    7.5000   52.5000  -45.0000 2294.9353   14.1909
   -7.5000   60.0000  -45.0000 2170.0312   14.9906
    0.0000   60.0000  -45.0000 2183.9795   14.8829
    7.5000   60.0000  -45.0000 2171.1401   14.9140
   -7.5000  -30.0000  -37.5000 2061.6853   18.8720
    0.0000  -30.0000  -37.5000 2071.1670   18.7729
    7.5000  -30.0000  -37.5000 2064.0579   18.7932
   -7.5000  -22.5000  -37.5000 2184.4077   16.7200
    0.0000  -22.5000  -37.5000 2198.8181   16.6854
    7.5000  -22.5000  -37.5000 2187.7400   16.6538
   -7.5000  -15.0000  -37.5000 2302.2573   15.1275
    0.0000  -15.0000  -37.5000 2319.8552   15.1264
    7.5000  -15.0000  -37.5000 2306.6470   15.0568
   -7.5000   -7.5000  -37.5000 2403.2278   13.9142
    0.0000   -7.5000  -37.5000 2423.0154   13.9354
    7.5000   -7.5000  -37.5000 2404.6616   13.8780
   -7.5000    0.0000  -37.5000 2462.3171   13.0664
    0.0000    0.0000  -37.5000 2485.6045   13.0533
    7.5000    0.0000  -37.5000 2463.4319   13.0162
   -7.5000    7.5000  -37.5000 2502.5862   12.4451
    0.0000    7.5000  -37.5000 2525.9688   12.4357
    7.5000    7.5000  -37.5000 2504.5232   12.4106
   -7.5000   15.0000  -37.5000 2519.3054   12.0445
    0.0000   15.0000  -37.5000 2545.8904   12.0293
    7.5000   15.0000  -37.5000 2525.8928   12.0060
   -7.5000   22.5000  -37.5000 2532.0737   11.8670
    0.0000   22.5000  -37.5000 2553.9160   11.8348
    7.5000   22.5000  -37.5000 2543.3914   11.8395
   -7.5000   30.0000  -37.5000 2528.3086   11.8853
    0.0000   30.0000  -37.5000 2556.9448   11.8615
    7.5000   30.0000  -37.5000 2540.0842   11.8698
   -7.5000   37.5000  -37.5000 2503.4216   12.1143
    0.0000   37.5000  -37.5000 2535.8188   12.0922
    7.5000   37.5000  -37.5000 2516.7820   12.1344
   -7.5000   45.0000  -37.5000 2462.4297   12.5834
    0.0000   45.0000  -37.5000 2495.0784   12.5588
    7.5000   45.0000  -37.5000 2475.0408   12.5698
   -7.5000   52.5000  -37.5000 2381.0999   13.1818
    0.0000   52.5000  -37.5000 2407.7290   13.1495
    7.5000   52.5000  -37.5000 2390.6362   13.1476
   -7.5000   60.0000  -37.5000 2253.1948   13.8491
    0.0000   60.0000  -37.5000 2276.2883   13.7944
    7.5000   60.0000  -37.5000 2258.0547   13.8053
   -7.5000  -30.0000  -30.0000 2149.9424   18.3389
    0.0000  -30.0000  -30.0000 2165.4595   18.3142
    7.5000  -30.0000  -30.0000 2156.3250   18.2826
   -7.5000  -22.5000  -30.0000 2287.8384   16.2616
    0.0000  -22.5000  -30.0000 2305.7461   16.2371
    7.5000  -22.5000  -30.0000 2293.9951   16.2104
   -7.5000  -15.0000  -30.0000 2415.9282   14.6989
    0.0000  -15.0000  -30.0000 2434.5835   14.6643
    7.5000  -15.0000  -30.0000 2421.5974   14.6419
   -7.5000   -7.5000  -30.0000 2520.4971   13.4923
    0.0000   -7.5000  -30.0000 2542.2131   13.4782
    7.5000   -7.5000  -30.0000 2521.9475   13.4423
   -7.5000    0.0000  -30.0000 2586.4402   12.6195
    0.0000    0.0000  -30.0000 2610.4966   12.6000
    7.5000    0.0000  -30.0000 2589.6218   12.5470
   -7.5000    7.5000  -30.0000 2633.5586   11.9846
    0.0000    7.5000  -30.0000 2656.4751   11.9486
    7.5000    7.5000  -30.0000 2638.8105   11.9259
   -7.5000   15.0000  -30.0000 2657.3723   11.5845
    0.0000   15.0000  -30.0000 2682.3003   11.5572
    7.5000   15.0000  -30.0000 2663.3987   11.5729
   -7.5000   22.5000  -30.0000 2671.4468   11.4265
    0.0000   22.5000  -30.0000 2691.8184   11.3811
    7.5000   22.5000  -30.0000 2682.7090   11.3985
   -7.5000   30.0000  -30.0000 2665.2468   11.4411
    0.0000   30.0000  -30.0000 2692.9722   11.4088
    7.5000   30.0000  -30.0000 2678.1707   11.4439
   -7.5000   37.5000  -30.0000 2642.5659   11.6586
    0.0000   37.5000  -30.0000 2672.8386   11.6252
    7.5000   37.5000  -30.0000 2655.1521   11.6581
   -7.5000   45.0000  -30.0000 2601.5732   12.0785
    0.0000   45.0000  -30.0000 2631.0029   12.0564
    7.5000   45.0000  -30.0000 2613.8596   12.0742
   -7.5000   52.5000  -30.0000 2513.2942   12.6447
    0.0000   52.5000  -30.0000 2545.2502   12.6216
    7.5000   52.5000  -30.0000 2522.6887   12.6488
   -7.5000   60.0000  -30.0000 2380.7703   13.3106
    0.0000   60.0000  -30.0000 2404.3833   13.2690
    7.5000   60.0000  -30.0000 2386.0808   13.3028
   -7.5000  -30.0000  -22.5000 2218.4346   17.7637
    0.0000  -30.0000  -22.5000 2234.3125   17.7603
    7.5000  -30.0000  -22.5000 2223.5928   17.7375
   -7.5000  -22.5000  -22.5000 2360.8872   15.7097
    0.0000  -22.5000  -22.5000 2380.0464   15.7122
    7.5000  -22.5000  -22.5000 2367.8276   15.6977
   -7.5000  -15.0000  -22.5000 2486.1626   14.1199
    0.0000  -15.0000  -22.5000 2505.7261   14.1136
    7.5000  -15.0000  -22.5000 2494.6831   14.1356
   -7.5000   -7.5000  -22.5000 2594.8423   12.9684
    0.0000   -7.5000  -22.5000 2619.9194   12.9284
    7.5000   -7.5000  -22.5000 2602.1680   12.9537
   -7.5000    0.0000  -22.5000 2669.4480   12.1013
    0.0000    0.0000  -22.5000 2695.0154   12.0434
    7.5000    0.0000  -22.5000 2678.4028   12.0503
   -7.5000    7.5000  -22.5000 2727.3970   11.4504
    0.0000    7.5000  -22.5000 2747.2971   11.3924
    7.5000    7.5000  -22.5000 2734.2297   11.3966
   -7.5000   15.0000  -22.5000 2765.8984   11.0261
    0.0000   15.0000  -22.5000 2788.9253   10.9671
    7.5000   15.0000  -22.5000 2766.7615   11.0064
   -7.5000   22.5000  -22.5000 2784.8499   10.8491
    0.0000   22.5000  -22.5000 2808.1838   10.8115
    7.5000   22.5000  -22.5000 2791.3450   10.8475
   -7.5000   30.0000  -22.5000 2780.0767   10.8829
    0.0000   30.0000  -22.5000 2810.8533   10.8587
    7.5000   30.0000  -22.5000 2791.6528   10.8854
   -7.5000   37.5000  -22.5000 2759.9402   11.0980
    0.0000   37.5000  -22.5000 2789.3318   11.0665
    7.5000   37.5000  -22.5000 2767.5774   11.1184
   -7.5000   45.0000  -22.5000 2716.0942   11.5157
    0.0000   45.0000  -22.5000 2745.3350   11.4731
    7.5000   45.0000  -22.5000 2726.2810   11.5154
   -7.5000   52.5000  -22.5000 2621.0266   12.0591
    0.0000   52.5000  -22.5000 2647.4810   11.9991
    7.5000   52.5000  -22.5000 2630.9297   12.0394
   -7.5000   60.0000  -22.5000 2476.0730   12.6897
    0.0000   60.0000  -22.5000 2502.1069   12.6252
    7.5000   60.0000  -22.5000 2483.2939   12.6695
   -7.5000  -30.0000  -15.0000 2248.3210   17.2144
    0.0000  -30.0000  -15.0000 2268.2627   17.1634
    7.5000  -30.0000  -15.0000 2257.0986   17.2440
   -7.5000  -22.5000  -15.0000 2389.7520   15.1277
    0.0000  -22.5000  -15.0000 2413.3508   15.1227
    7.5000  -22.5000  -15.0000 2404.4397   15.2135
   -7.5000  -15.0000  -15.0000 2516.6033   13.5404
    0.0000  -15.0000  -15.0000 2540.8308   13.5416
    7.5000  -15.0000  -15.0000 2530.1724   13.6238
   -7.5000   -7.5000  -15.0000 2633.0464   12.3992
    0.0000   -7.5000  -15.0000 2662.5854   12.3793
    7.5000   -7.5000  -15.0000 2642.3679   12.4407
   -7.5000    0.0000  -15.0000 2717.9714   11.5752
    0.0000    0.0000  -15.0000 2745.1863   11.5381
    7.5000    0.0000  -15.0000 2729.0161   11.5879
   -7.5000    7.5000  -15.0000 2779.9282   10.9390
    0.0000    7.5000  -15.0000 2808.0024   10.8923
    7.5000    7.5000  -15.0000 2793.0352   10.9263
   -7.5000   15.0000  -15.0000 2830.0337   10.4884
    0.0000   15.0000  -15.0000 2858.4746   10.4250
    7.5000   15.0000  -15.0000 2832.7166   10.4755
   -7.5000   22.5000  -15.0000 2863.8662   10.2772
    0.0000   22.5000  -15.0000 2889.1990   10.2375
    7.5000   22.5000  -15.0000 2866.4775   10.2867
   -7.5000   30.0000  -15.0000 2863.2314   10.3214
    0.0000   30.0000  -15.0000 2892.0486   10.2851
    7.5000   30.0000  -15.0000 2877.4019   10.3427
   -7.5000   37.5000  -15.0000 2839.8762   10.5529
    0.0000   37.5000  -15.0000 2870.9758   10.4965
    7.5000   37.5000  -15.0000 2853.7917   10.5651
   -7.5000   45.0000  -15.0000 2788.4998   10.9561
    0.0000   45.0000  -15.0000 2818.3213   10.8830
    7.5000   45.0000  -15.0000 2802.4929   10.9530
   -7.5000   52.5000  -15.0000 2692.7532   11.4884
    0.0000   52.5000  -15.0000 2715.1240   11.4144
    7.5000   52.5000  -15.0000 2703.6213   11.4857
   -7.5000   60.0000  -15.0000 2539.6331   12.1267
    0.0000   60.0000  -15.0000 2561.3103   12.0400
    7.5000   60.0000  -15.0000 2547.3655   12.1142
   -7.5000  -30.0000   -7.5000 2260.7114   16.7431
    0.0000  -30.0000   -7.5000 2281.9014   16.6823
    7.5000  -30.0000   -7.5000 2269.0688   16.8283
   -7.5000  -22.5000   -7.5000 2403.6738   14.6816
    0.0000  -22.5000   -7.5000 2425.4062   14.6252
    7.5000  -22.5000   -7.5000 2414.7864   14.7923
   -7.5000  -15.0000   -7.5000 2529.8064   13.1100
    0.0000  -15.0000   -7.5000 2551.8020   13.0429
    7.5000  -15.0000   -7.5000 2541.5513   13.1980
   -7.5000   -7.5000   -7.5000 2652.5105   11.9654
    0.0000   -7.5000   -7.5000 2679.4106   11.8918
    7.5000   -7.5000   -7.5000 2659.8423   12.0084
   -7.5000    0.0000   -7.5000 2745.9519   11.1183
    0.0000    0.0000   -7.5000 2773.8071   11.0584
    7.5000    0.0000   -7.5000 2756.1294   11.1410
   -7.5000    7.5000   -7.5000 2817.4558   10.5322
    0.0000    7.5000   -7.5000 2847.0862   10.4598
    7.5000    7.5000   -7.5000 2831.9355   10.5235
   -7.5000   15.0000   -7.5000 2874.8333   10.0792
    0.0000   15.0000   -7.5000 2909.8220    9.9750
    7.5000   15.0000   -7.5000 2882.8018   10.0772
   -7.5000   22.5000   -7.5000 2916.5823    9.8002
    0.0000   22.5000   -7.5000 2949.7112    9.6861
    7.5000   22.5000   -7.5000 2919.0688    9.8206
   -7.5000   30.0000   -7.5000 2919.3442    9.8274
    0.0000   30.0000   -7.5000 2943.8530    9.7369
    7.5000   30.0000   -7.5000 2932.6582    9.8601
   -7.5000   37.5000   -7.5000 2890.9043   10.0797
    0.0000   37.5000   -7.5000 2922.8352    9.9698
    7.5000   37.5000   -7.5000 2914.0579   10.0870
   -7.5000   45.0000   -7.5000 2842.6765   10.5027
    0.0000   45.0000   -7.5000 2874.6509   10.3742
    7.5000   45.0000   -7.5000 2864.6389   10.5057
   -7.5000   52.5000   -7.5000 2744.1567   11.0612
    0.0000   52.5000   -7.5000 2768.4084   10.9153
    7.5000   52.5000   -7.5000 2757.8877   11.0474
   -7.5000   60.0000   -7.5000 2587.5813   11.6808
    0.0000   60.0000   -7.5000 2610.8777   11.5469
    7.5000   60.0000   -7.5000 2595.3862   11.6694
   -7.5000  -30.0000    0.0000 2266.8792   16.4950
    0.0000  -30.0000    0.0000 2287.4109   16.3501
    7.5000  -30.0000    0.0000 2278.5469   16.5697
   -7.5000  -22.5000    0.0000 2404.6846   14.4595
    0.0000  -22.5000    0.0000 2425.0210   14.3139
    7.5000  -22.5000    0.0000 2416.9839   14.5250
   -7.5000  -15.0000    0.0000 2532.1145   12.8956
    0.0000  -15.0000    0.0000 2555.2776   12.7577
    7.5000  -15.0000    0.0000 2545.3867   12.9284
   -7.5000   -7.5000    0.0000 2653.6907   11.7311
    0.0000   -7.5000    0.0000 2683.5537   11.6134
    7.5000   -7.5000    0.0000 2667.2932   11.7428
   -7.5000    0.0000    0.0000 2756.7517   10.8448
    0.0000    0.0000    0.0000 2785.5269   10.7338
    7.5000    0.0000    0.0000 2770.8789   10.8403
   -7.5000    7.5000    0.0000 2845.2307   10.2302
    0.0000    7.5000    0.0000 2875.5327   10.1340
    7.5000    7.5000    0.0000 2860.6108   10.2319
   -7.5000   15.0000    0.0000 2910.8457    9.8451
    0.0000   15.0000    0.0000 2950.5356    9.7413
    7.5000   15.0000    0.0000 2927.2119    9.8120
   -7.5000   22.5000    0.0000 2955.9387    9.6027
    0.0000   22.5000    0.0000 2996.6470    9.4474
    7.5000   22.5000    0.0000 2968.0498    9.6043
   -7.5000   30.0000    0.0000 2960.2026    9.5700
    0.0000   30.0000    0.0000 2984.1609    9.4001
    7.5000   30.0000    0.0000 2972.6340    9.5955
   -7.5000   37.5000    0.0000 2927.9106    9.7778
    0.0000   37.5000    0.0000 2953.8640    9.6242
    7.5000   37.5000    0.0000 2948.6243    9.7670
   -7.5000   45.0000    0.0000 2878.3147   10.1899
    0.0000   45.0000    0.0000 2909.6270   10.0345
    7.5000   45.0000    0.0000 2898.2893   10.1530
   -7.5000   52.5000    0.0000 2772.7173   10.7530
    0.0000   52.5000    0.0000 2805.0369   10.6046
    7.5000   52.5000    0.0000 2793.1453   10.7027
   -7.5000   60.0000    0.0000 2611.0110   11.4169
    0.0000   60.0000    0.0000 2641.6135   11.3007
    7.5000   60.0000    0.0000 2625.1804   11.3613
   -7.5000  -30.0000    7.5000 2257.2666   16.4371
    0.0000  -30.0000    7.5000 2281.2817   16.2470
    7.5000  -30.0000    7.5000 2275.4067   16.4800
   -7.5000  -22.5000    7.5000 2397.3018   14.3931
    0.0000  -22.5000    7.5000 2415.1768   14.2084
    7.5000  -22.5000    7.5000 2413.7690   14.4545
   -7.5000  -15.0000    7.5000 2526.3826   12.8243
    0.0000  -15.0000    7.5000 2547.9526   12.6124
    7.5000  -15.0000    7.5000 2541.1162   12.8240
   -7.5000   -7.5000    7.5000 2645.7446   11.6086
    0.0000   -7.5000    7.5000 2672.2563   11.4123
    7.5000   -7.5000    7.5000 2666.6943   11.6068
   -7.5000    0.0000    7.5000 2749.9739   10.7015
    0.0000    0.0000    7.5000 2777.6741   10.5246
    7.5000    0.0000    7.5000 2773.6099   10.6953
   -7.5000    7.5000    7.5000 2852.0012   10.0887
    0.0000    7.5000    7.5000 2881.4575    9.9322
    7.5000    7.5000    7.5000 2875.0061   10.0695
   -7.5000   15.0000    7.5000 2937.2095    9.7536
    0.0000   15.0000    7.5000 2982.1025    9.6477
    7.5000   15.0000    7.5000 2955.7622    9.7059
   -7.5000   22.5000    7.5000 2990.6968    9.6042
    0.0000   22.5000    7.5000 3050.2812    9.5139
    7.5000   22.5000    7.5000 3002.1833    9.5408
   -7.5000   30.0000    7.5000 2982.0591    9.5287
    0.0000   30.0000    7.5000 3022.3979    9.4301
    7.5000   30.0000    7.5000 2995.9739    9.5087
   -7.5000   37.5000    7.5000 2948.2944    9.6183
    0.0000   37.5000    7.5000 2979.8953    9.5062
    7.5000   37.5000    7.5000 2967.0569    9.5861
   -7.5000   45.0000    7.5000 2898.7080    9.9946
    0.0000   45.0000    7.5000 2929.8342    9.8436
    7.5000   45.0000    7.5000 2918.9802    9.9305
   -7.5000   52.5000    7.5000 2788.6941   10.5813
    0.0000   52.5000    7.5000 2818.1667   10.4317
    7.5000   52.5000    7.5000 2808.4045   10.5007
   -7.5000   60.0000    7.5000 2624.9866   11.2662
    0.0000   60.0000    7.5000 2653.0439   11.1373
    7.5000   60.0000    7.5000 2639.5576   11.2066
   -7.5000  -30.0000   15.0000 2250.6343   16.5539
    0.0000  -30.0000   15.0000 2274.7485   16.2479
    7.5000  -30.0000   15.0000 2266.4829   16.5364
   -7.5000  -22.5000   15.0000 2385.6423   14.4478
    0.0000  -22.5000   15.0000 2401.2463   14.1442
    7.5000  -22.5000   15.0000 2403.4399   14.4759
   -7.5000  -15.0000   15.0000 2509.1108   12.8809
    0.0000  -15.0000   15.0000 2528.2043   12.6027
    7.5000  -15.0000   15.0000 2527.2603   12.8673
   -7.5000   -7.5000   15.0000 2631.0723   11.6944
    0.0000   -7.5000   15.0000 2652.2786   11.4525
    7.5000   -7.5000   15.0000 2654.2759   11.6721
   -7.5000    0.0000   15.0000 2737.7791   10.7737
    0.0000    0.0000   15.0000 2762.4971   10.5758
    7.5000    0.0000   15.0000 2762.4854   10.7444
   -7.5000    7.5000   15.0000 2847.1277   10.1510
    0.0000    7.5000   15.0000 2878.3545    9.9905
    7.5000    7.5000   15.0000 2868.7542   10.0897
   -7.5000   15.0000   15.0000 2940.2551    9.7906
    0.0000   15.0000   15.0000 2988.7402    9.7060
    7.5000   15.0000   15.0000 2959.8635    9.7326
   -7.5000   22.5000   15.0000 3001.8787    9.6217
    0.0000   22.5000   15.0000 3073.5239    9.5504
    7.5000   22.5000   15.0000 3021.2085    9.5703
   -7.5000   30.0000   15.0000 2996.1040    9.5620
    0.0000   30.0000   15.0000 3045.9514    9.4342
    7.5000   30.0000   15.0000 3009.7830    9.5213
   -7.5000   37.5000   15.0000 2954.6565    9.6458
    0.0000   37.5000   15.0000 2991.0894    9.5148
    7.5000   37.5000   15.0000 2972.5051    9.5866
   -7.5000   45.0000   15.0000 2895.8892   10.0095
    0.0000   45.0000   15.0000 2930.7861    9.8916
    7.5000   45.0000   15.0000 2913.6560    9.9449
   -7.5000   52.5000   15.0000 2784.4670   10.5788
    0.0000   52.5000   15.0000 2812.4011   10.4659
    7.5000   52.5000   15.0000 2799.8813   10.5110
   -7.5000   60.0000   15.0000 2622.6208   11.2641
    0.0000   60.0000   15.0000 2647.8584   11.1465
    7.5000   60.0000   15.0000 2637.8347   11.1820
   -7.5000  -30.0000   22.5000 2237.3989   16.7995
    0.0000  -30.0000   22.5000 2256.7449   16.4668
    7.5000  -30.0000   22.5000 2251.3411   16.7460
   -7.5000  -22.5000   22.5000 2371.9009   14.6800
    0.0000  -22.5000   22.5000 2389.2009   14.3835
    7.5000  -22.5000   22.5000 2383.8333   14.6500
   -7.5000  -15.0000   22.5000 2494.1875   13.0880
    0.0000  -15.0000   22.5000 2517.6375   12.8609
    7.5000  -15.0000   22.5000 2510.3665   13.0886
   -7.5000   -7.5000   22.5000 2615.7627   11.8901
    0.0000   -7.5000   22.5000 2638.9207   11.6659
    7.5000   -7.5000   22.5000 2632.5498   11.8466
   -7.5000    0.0000   22.5000 2725.8953   10.9492
    0.0000    0.0000   22.5000 2749.4216   10.7341
    7.5000    0.0000   22.5000 2744.0442   10.8997
   -7.5000    7.5000   22.5000 2837.1421   10.2832
    0.0000    7.5000   22.5000 2869.6738   10.0973
    7.5000    7.5000   22.5000 2858.7952   10.2371
   -7.5000   15.0000   22.5000 2924.4612    9.8935
    0.0000   15.0000   22.5000 2972.3088    9.7479
    7.5000   15.0000   22.5000 2949.4099    9.8330
   -7.5000   22.5000   22.5000 2981.6924    9.6657
    0.0000   22.5000   22.5000 3041.2542    9.4966
    7.5000   22.5000   22.5000 3005.4348    9.6282
   -7.5000   30.0000   22.5000 2980.8928    9.6520
    0.0000   30.0000   22.5000 3026.7222    9.4094
    7.5000   30.0000   22.5000 2995.3660    9.5852
   -7.5000   37.5000   22.5000 2943.3003    9.8298
    0.0000   37.5000   22.5000 2985.2244    9.6394
    7.5000   37.5000   22.5000 2962.1138    9.7405
   -7.5000   45.0000   22.5000 2879.9446   10.1928
    0.0000   45.0000   22.5000 2913.4053   10.0417
    7.5000   45.0000   22.5000 2900.7644   10.1090
   -7.5000   52.5000   22.5000 2767.5583   10.7514
    0.0000   52.5000   22.5000 2792.2390   10.6325
    7.5000   52.5000   22.5000 2782.4648   10.6737
   -7.5000   60.0000   22.5000 2608.4919   11.3739
    0.0000   60.0000   22.5000 2631.5764   11.2599
    7.5000   60.0000   22.5000 2621.1033   11.3016
   -7.5000  -30.0000   30.0000 2209.5095   17.2162
    0.0000  -30.0000   30.0000 2224.9766   16.9373
    7.5000  -30.0000   30.0000 2213.7292   17.1244
   -7.5000  -22.5000   30.0000 2346.1343   15.0188
    0.0000  -22.5000   30.0000 2366.8667   14.7983
    7.5000  -22.5000   30.0000 2353.1755   14.9960
   -7.5000  -15.0000   30.0000 2468.7224   13.4070
    0.0000  -15.0000   30.0000 2496.5249   13.1644
    7.5000  -15.0000   30.0000 2479.0637   13.3718
   -7.5000   -7.5000   30.0000 2586.4341   12.1648
    0.0000   -7.5000   30.0000 2616.7744   11.9150
    7.5000   -7.5000   30.0000 2606.4570   12.1371
   -7.5000    0.0000   30.0000 2698.0867   11.1846
    0.0000    0.0000   30.0000 2723.4182   10.9307
    7.5000    0.0000   30.0000 2719.3018   11.1504
   -7.5000    7.5000   30.0000 2809.2590   10.4861
    0.0000    7.5000   30.0000 2835.6160   10.2378
    7.5000    7.5000   30.0000 2830.9529   10.4238
   -7.5000   15.0000   30.0000 2888.9521   10.0109
    0.0000   15.0000   30.0000 2921.8591    9.7775
    7.5000   15.0000   30.0000 2913.7234    9.9559
   -7.5000   22.5000   30.0000 2932.1592    9.7569
    0.0000   22.5000   30.0000 2965.9248    9.4714
    7.5000   22.5000   30.0000 2953.6658    9.6968
   -7.5000   30.0000   30.0000 2940.4539    9.7783
    0.0000   30.0000   30.0000 2973.8174    9.5501
    7.5000   30.0000   30.0000 2956.1516    9.7160
   -7.5000   37.5000   30.0000 2906.6997   10.0486
    0.0000   37.5000   30.0000 2944.2249    9.8843
    7.5000   37.5000   30.0000 2922.3389    9.9742
   -7.5000   45.0000   30.0000 2847.1306   10.4776
    0.0000   45.0000   30.0000 2878.9756   10.3160
    7.5000   45.0000   30.0000 2865.0598   10.3844
   -7.5000   52.5000   30.0000 2737.0999   11.0191
    0.0000   52.5000   30.0000 2767.0947   10.8903
    7.5000   52.5000   30.0000 2756.3064   10.9475
   -7.5000   60.0000   30.0000 2580.6160   11.6182
    0.0000   60.0000   30.0000 2604.7764   11.5074
    7.5000   60.0000   30.0000 2594.0154   11.5423
   -7.5000  -30.0000   37.5000 2168.0984   17.7092
    0.0000  -30.0000   37.5000 2181.7903   17.4963
    7.5000  -30.0000   37.5000 2174.4792   17.6265
   -7.5000  -22.5000   37.5000 2313.4348   15.4558
    0.0000  -22.5000   37.5000 2332.6870   15.2509
    7.5000  -22.5000   37.5000 2321.6887   15.4441
   -7.5000  -15.0000   37.5000 2441.4067   13.7946
    0.0000  -15.0000   37.5000 2466.3601   13.5659
    7.5000  -15.0000   37.5000 2452.8252   13.7710
   -7.5000   -7.5000   37.5000 2558.9023   12.5186
    0.0000   -7.5000   37.5000 2591.9893   12.2848
    7.5000   -7.5000   37.5000 2574.3411   12.4909
   -7.5000    0.0000   37.5000 2675.4055   11.5406
    0.0000    0.0000   37.5000 2704.5327   11.2873
    7.5000    0.0000   37.5000 2691.6975   11.5011
   -7.5000    7.5000   37.5000 2780.3279   10.8376
    0.0000    7.5000   37.5000 2809.2605   10.5879
    7.5000    7.5000   37.5000 2797.7856   10.7782
   -7.5000   15.0000   37.5000 2849.5339   10.3542
    0.0000   15.0000   37.5000 2878.9304   10.0785
    7.5000   15.0000   37.5000 2870.6548   10.2842
   -7.5000   22.5000   37.5000 2887.5525   10.0837
    0.0000   22.5000   37.5000 2917.5439    9.8344
    7.5000   22.5000   37.5000 2907.1440   10.0131
   -7.5000   30.0000   37.5000 2892.7683   10.1216
    0.0000   30.0000   37.5000 2928.8545    9.9292
    7.5000   30.0000   37.5000 2910.0986   10.0633
   -7.5000   37.5000   37.5000 2857.2744   10.4114
    0.0000   37.5000   37.5000 2892.8308   10.2482
    7.5000   37.5000   37.5000 2873.8171   10.3364
   -7.5000   45.0000   37.5000 2800.1140   10.8612
    0.0000   45.0000   37.5000 2828.0310   10.6933
    7.5000   45.0000   37.5000 2815.1521   10.7681
   -7.5000   52.5000   37.5000 2692.7151   11.3828
    0.0000   52.5000   37.5000 2722.4973   11.2409
    7.5000   52.5000   37.5000 2712.2471   11.3132
   -7.5000   60.0000   37.5000 2540.5020   11.9718
    0.0000   60.0000   37.5000 2568.2954   11.8514
    7.5000   60.0000   37.5000 2553.9622   11.9034
   -7.5000  -30.0000   45.0000 2130.3513   18.3695
    0.0000  -30.0000   45.0000 2145.8728   18.2018
    7.5000  -30.0000   45.0000 2139.4575   18.2925
   -7.5000  -22.5000   45.0000 2278.5430   16.0957
    0.0000  -22.5000   45.0000 2303.9023   15.9157
    7.5000  -22.5000   45.0000 2290.7197   16.0306
   -7.5000  -15.0000   45.0000 2410.2673   14.3872
    0.0000  -15.0000   45.0000 2439.0457   14.1649
    7.5000  -15.0000   45.0000 2420.7698   14.3116
   -7.5000   -7.5000   45.0000 2529.4360   13.0551
    0.0000   -7.5000   45.0000 2560.0269   12.8436
    7.5000   -7.5000   45.0000 2539.4932   12.9958
   -7.5000    0.0000   45.0000 2642.8547   12.0755
    0.0000    0.0000   45.0000 2675.9204   11.8317
    7.5000    0.0000   45.0000 2656.1768   11.9923
   -7.5000    7.5000   45.0000 2735.2192   11.3754
    0.0000    7.5000   45.0000 2771.2102   11.1173
    7.5000    7.5000   45.0000 2752.7336   11.2683
   -7.5000   15.0000   45.0000 2796.3625   10.8717
    0.0000   15.0000   45.0000 2830.3906   10.6158
    7.5000   15.0000   45.0000 2815.9871   10.7676
   -7.5000   22.5000   45.0000 2833.4678   10.5927
    0.0000   22.5000   45.0000 2865.6868   10.3849
    7.5000   22.5000   45.0000 2851.1655   10.5251
   -7.5000   30.0000   45.0000 2831.8889   10.6454
    0.0000   30.0000   45.0000 2868.4617   10.4641
    7.5000   30.0000   45.0000 2852.3960   10.5713
   -7.5000   37.5000   45.0000 2794.8401   10.9254
    0.0000   37.5000   45.0000 2828.4805   10.7694
    7.5000   37.5000   45.0000 2814.7957   10.8487
   -7.5000   45.0000   45.0000 2740.6807   11.3730
    0.0000   45.0000   45.0000 2764.5081   11.2073
    7.5000   45.0000   45.0000 2754.2117   11.2813
   -7.5000   52.5000   45.0000 2640.4399   11.8900
    0.0000   52.5000   45.0000 2670.0796   11.7401
    7.5000   52.5000   45.0000 2657.2124   11.8048
   -7.5000   60.0000   45.0000 2493.7329   12.4687
    0.0000   60.0000   45.0000 2518.9573   12.3461
    7.5000   60.0000   45.0000 2502.7957   12.3638

---------------------------------------------------------------------
imgreg_4dfp /opt/freesurfer/average/711-2C_as_mni_average_305 /opt/freesurfer/average/711-2B_as_mni_average_305_mask talsrcimg_g11 none talsrcimg_to_711-2C_as_mni_average_305_t4 1283
---------------------------------------------------------------------

freesurfer imgreg_4dfp.c
/opt/freesurfer/average/711-2C_as_mni_average_305.4dfp.img
       256       256       256         1
  1.000000  1.000000  1.000000
orientation T byte_order littleendian
Reading image: /opt/freesurfer/average/711-2C_as_mni_average_305.4dfp.img
dimensions:      256       256       256
mmppix:       1.0000   -1.0000   -1.0000
center:     128.0000 -129.0000 -129.0000
/opt/freesurfer/average/711-2B_as_mni_average_305_mask.4dfp.img
       256       256       256         1
  1.000000  1.000000  1.000000
orientation T byte_order littleendian
Reading mask: /opt/freesurfer/average/711-2B_as_mni_average_305_mask.4dfp.img (2306576 pixels)
talsrcimg_g11.4dfp.img
       256       256       256         1
  1.000000  1.000000  1.000000
orientation T byte_order littleendian
Reading image: talsrcimg_g11.4dfp.img
dimensions:      256       256       256
mmppix:       1.0000   -1.0000   -1.0000
center:     128.0000 -129.0000 -129.0000
rotation matrix determinant  1.000000
fimgreg.f
image alignment mode   1283 decimal      503 hex
parameters
    0.0000   22.5000   15.0000    0.0000    0.0000    0.0000
eta,q 0.96321  9.57682
niter,ni,del,rscale     5    3   12.0000    1.2000
parameter  4  0.542549 ->  0.500000 qaram    1.1500
parameters
    0.5947   24.3665   14.3126   -3.4500   -0.4975   -1.7723
eta,q 0.96737  9.49831
  0.0565  0.0579  0.0413  0.0357  0.0402  0.0359
  0.0487  0.0477  0.0383  0.0330  0.0364  0.0335
  0.0411  0.0400  0.0360  0.0332  0.0340  0.0326
  0.0366  0.0357  0.0356  0.0353  0.0328  0.0331
  0.0366  0.0356  0.0373  0.0387  0.0340  0.0352
  0.0428  0.0378  0.0405  0.0417  0.0380  0.0389
  0.0513  0.0405  0.0444  0.0450  0.0438  0.0428
niter,ni,del,rscale     5    3   12.0000    1.2000
parameters
    0.4620   25.2179   13.6595   -2.8755   -0.3837   -1.9293
eta,q 0.96708  9.47600
  0.0499  0.0542  0.0394  0.0457  0.0412  0.0382
  0.0408  0.0447  0.0355  0.0402  0.0375  0.0353
  0.0343  0.0355  0.0332  0.0344  0.0345  0.0336
  0.0326  0.0326  0.0330  0.0328  0.0330  0.0329
  0.0347  0.0345  0.0353  0.0346  0.0331  0.0335
  0.0421  0.0390  0.0384  0.0378  0.0363  0.0355
  0.0513  0.0441  0.0416  0.0418  0.0414  0.0391
niter,ni,del,rscale     4    3   12.0000    1.2000
parameters
    0.3971   25.2295   13.7599   -2.7347   -0.3423   -1.9858
eta,q 0.96701  9.47184
  0.0497  0.0489  0.0413  0.0446  0.0412  0.0385
  0.0407  0.0388  0.0370  0.0386  0.0375  0.0355
  0.0345  0.0329  0.0341  0.0337  0.0345  0.0338
  0.0329  0.0329  0.0329  0.0329  0.0330  0.0330
  0.0345  0.0361  0.0343  0.0353  0.0333  0.0335
  0.0414  0.0411  0.0373  0.0386  0.0366  0.0354
  0.0504  0.0462  0.0403  0.0427  0.0418  0.0390
niter,ni,del,rscale     3    3   12.0000    1.2000
parameters
    0.3945   25.2008   13.8013   -2.6875   -0.3372   -2.0035
eta,q 0.96701  9.47108
  0.0500  0.0486  0.0412  0.0443  0.0411  0.0385
  0.0411  0.0386  0.0369  0.0383  0.0374  0.0356
  0.0348  0.0329  0.0340  0.0335  0.0345  0.0338
  0.0330  0.0330  0.0330  0.0330  0.0330  0.0330
  0.0344  0.0362  0.0344  0.0353  0.0333  0.0335
  0.0412  0.0411  0.0374  0.0388  0.0367  0.0354
  0.0502  0.0463  0.0404  0.0429  0.0419  0.0389
registration optimization eta report
parameter search radius
    6.0000    6.0000    6.0000    6.9000    6.0000    6.0000
100000*second partial in parameter space
       48.       40.       21.       22.       24.       16.
  0.0500  0.0486  0.0412  0.0443  0.0411  0.0385
  0.0411  0.0386  0.0369  0.0383  0.0374  0.0356
  0.0348  0.0329  0.0340  0.0335  0.0345  0.0338
  0.0330  0.0330  0.0330  0.0330  0.0330  0.0330
  0.0344  0.0362  0.0344  0.0353  0.0333  0.0335
  0.0412  0.0411  0.0374  0.0388  0.0367  0.0354
  0.0502  0.0463  0.0404  0.0429  0.0419  0.0389
    0.3945   25.2008   13.8013   -2.6875   -0.3372   -2.0035
eta,q 0.96701  9.47108

---------------------------------------------------------------------
imgreg_4dfp /opt/freesurfer/average/711-2C_as_mni_average_305 /opt/freesurfer/average/711-2B_as_mni_average_305_mask talsrcimg_g11 none talsrcimg_to_711-2C_as_mni_average_305_t4 3335
---------------------------------------------------------------------

freesurfer imgreg_4dfp.c
/opt/freesurfer/average/711-2C_as_mni_average_305.4dfp.img
       256       256       256         1
  1.000000  1.000000  1.000000
orientation T byte_order littleendian
Reading image: /opt/freesurfer/average/711-2C_as_mni_average_305.4dfp.img
dimensions:      256       256       256
mmppix:       1.0000   -1.0000   -1.0000
center:     128.0000 -129.0000 -129.0000
/opt/freesurfer/average/711-2B_as_mni_average_305_mask.4dfp.img
       256       256       256         1
  1.000000  1.000000  1.000000
orientation T byte_order littleendian
Reading mask: /opt/freesurfer/average/711-2B_as_mni_average_305_mask.4dfp.img (2306576 pixels)
talsrcimg_g11.4dfp.img
       256       256       256         1
  1.000000  1.000000  1.000000
orientation T byte_order littleendian
Reading image: talsrcimg_g11.4dfp.img
dimensions:      256       256       256
mmppix:       1.0000   -1.0000   -1.0000
center:     128.0000 -129.0000 -129.0000
fimgreg.f
image alignment mode   3335 decimal      D07 hex
parameters
    0.3945   25.2008   13.8013   -0.0629   -0.1701   -0.1117
    3.4646    0.7514   -3.4960    4.6654   -0.5885   -4.6887
eta,q 0.96678  9.57217
niter,ni,del,rscale     5    3    5.0000    1.2000
parameter  4  1.757205 ->  0.500000 qaram    1.1500
parameter  5  1.473644 ->  0.500000 qaram    1.1500
parameter 12  0.622889 ->  0.500000 qaram    1.1500
parameters
    0.6382   25.3500   14.2025   -4.2029   -4.3101    2.3278
    2.2855    2.5066   -2.3407    3.6704   -1.1101   -8.8287
eta,q 0.97659  9.54556
  0.0363  0.0354  0.0348  0.0272  0.0239  0.0273  0.0267  0.0316  0.0270  0.0266  0.0250  0.0237
  0.0348  0.0343  0.0340  0.0279  0.0244  0.0261  0.0253  0.0286  0.0256  0.0250  0.0244  0.0234
  0.0337  0.0335  0.0335  0.0298  0.0258  0.0252  0.0245  0.0260  0.0246  0.0241  0.0240  0.0235
  0.0332  0.0332  0.0332  0.0331  0.0283  0.0246  0.0245  0.0244  0.0241  0.0240  0.0239  0.0239
  0.0333  0.0333  0.0331  0.0368  0.0314  0.0245  0.0253  0.0241  0.0241  0.0248  0.0242  0.0246
  0.0340  0.0339  0.0334  0.0402  0.0344  0.0246  0.0268  0.0250  0.0246  0.0264  0.0247  0.0256
  0.0353  0.0349  0.0340  0.0438  0.0375  0.0252  0.0287  0.0271  0.0256  0.0286  0.0253  0.0267
niter,ni,del,rscale     7    3    5.0000    1.2000
parameters
    0.6551   25.5159   14.5208   -8.1437   -8.0902    4.8422
    2.2042    2.3324   -2.0776    4.9541   -2.7133  -10.1785
eta,q 0.97836  9.42639
  0.0276  0.0267  0.0253  0.0238  0.0231  0.0243  0.0245  0.0258  0.0240  0.0256  0.0224  0.0229
  0.0253  0.0249  0.0244  0.0230  0.0222  0.0232  0.0231  0.0235  0.0229  0.0238  0.0219  0.0221
  0.0239  0.0238  0.0237  0.0227  0.0220  0.0224  0.0222  0.0222  0.0222  0.0226  0.0217  0.0217
  0.0234  0.0234  0.0234  0.0234  0.0227  0.0220  0.0219  0.0219  0.0219  0.0219  0.0218  0.0217
  0.0239  0.0237  0.0234  0.0259  0.0246  0.0219  0.0222  0.0224  0.0220  0.0218  0.0221  0.0221
  0.0252  0.0245  0.0238  0.0299  0.0279  0.0219  0.0232  0.0238  0.0227  0.0224  0.0226  0.0229
  0.0274  0.0258  0.0245  0.0341  0.0317  0.0224  0.0247  0.0262  0.0238  0.0237  0.0232  0.0239
niter,ni,del,rscale     6    3    5.0000    1.2000
parameters
    0.6330   25.9076   14.8820   -8.5833   -9.2466    4.4264
    2.0997    2.2800   -1.8280    5.3812   -3.0111  -10.6709
eta,q 0.97843  9.34936
  0.0251  0.0250  0.0234  0.0249  0.0243  0.0232  0.0242  0.0255  0.0237  0.0245  0.0226  0.0231
  0.0232  0.0234  0.0225  0.0234  0.0229  0.0223  0.0228  0.0233  0.0226  0.0231  0.0220  0.0223
  0.0220  0.0222  0.0219  0.0223  0.0219  0.0218  0.0219  0.0220  0.0219  0.0221  0.0217  0.0217
  0.0216  0.0216  0.0216  0.0215  0.0216  0.0216  0.0216  0.0216  0.0216  0.0216  0.0216  0.0216
  0.0220  0.0217  0.0216  0.0216  0.0222  0.0216  0.0220  0.0221  0.0218  0.0217  0.0218  0.0219
  0.0233  0.0222  0.0219  0.0232  0.0239  0.0222  0.0229  0.0234  0.0224  0.0225  0.0222  0.0225
  0.0252  0.0234  0.0226  0.0267  0.0271  0.0242  0.0244  0.0255  0.0235  0.0240  0.0227  0.0235
niter,ni,del,rscale     5    3    5.0000    1.2000
parameters
    0.6383   26.0645   14.9241   -8.6141   -9.4184    4.5097
    2.0339    2.2579   -1.7383    5.6444   -3.0730  -10.9095
eta,q 0.97845  9.34549
  0.0250  0.0245  0.0231  0.0251  0.0249  0.0234  0.0242  0.0255  0.0236  0.0243  0.0226  0.0232
  0.0231  0.0230  0.0223  0.0235  0.0234  0.0225  0.0228  0.0232  0.0226  0.0230  0.0220  0.0223
  0.0220  0.0220  0.0218  0.0223  0.0222  0.0218  0.0219  0.0219  0.0219  0.0221  0.0217  0.0217
  0.0216  0.0216  0.0216  0.0216  0.0216  0.0216  0.0216  0.0216  0.0216  0.0216  0.0216  0.0216
  0.0219  0.0218  0.0217  0.0215  0.0218  0.0215  0.0219  0.0220  0.0218  0.0217  0.0217  0.0218
  0.0231  0.0225  0.0222  0.0228  0.0230  0.0219  0.0229  0.0234  0.0225  0.0226  0.0221  0.0224
  0.0250  0.0238  0.0230  0.0259  0.0257  0.0237  0.0243  0.0254  0.0235  0.0241  0.0226  0.0234
niter,ni,del,rscale     4    3    5.0000    1.2000
parameters
    0.6365   26.1174   14.9040   -8.6314   -9.4752    4.4969
    2.0174    2.2472   -1.6971    5.7559   -3.0890  -11.0156
eta,q 0.97844  9.34308
  0.0249  0.0243  0.0230  0.0250  0.0250  0.0234  0.0242  0.0255  0.0236  0.0242  0.0226  0.0232
  0.0231  0.0228  0.0223  0.0235  0.0234  0.0224  0.0228  0.0232  0.0225  0.0229  0.0221  0.0224
  0.0219  0.0219  0.0218  0.0224  0.0222  0.0218  0.0219  0.0219  0.0218  0.0220  0.0217  0.0218
  0.0216  0.0215  0.0216  0.0216  0.0216  0.0216  0.0216  0.0216  0.0216  0.0216  0.0216  0.0216
  0.0219  0.0219  0.0217  0.0215  0.0218  0.0215  0.0219  0.0220  0.0218  0.0218  0.0217  0.0218
  0.0231  0.0227  0.0222  0.0228  0.0230  0.0220  0.0228  0.0234  0.0225  0.0227  0.0221  0.0224
  0.0249  0.0240  0.0231  0.0259  0.0256  0.0238  0.0242  0.0254  0.0236  0.0242  0.0226  0.0233
niter,ni,del,rscale     3    3    5.0000    1.2000
parameters
    0.6344   26.1432   14.8913   -8.6432   -9.4948    4.4975
    2.0087    2.2410   -1.6843    5.8114   -3.0955  -11.0621
eta,q 0.97845  9.34237
  0.0249  0.0242  0.0230  0.0250  0.0250  0.0234  0.0242  0.0255  0.0236  0.0241  0.0226  0.0232
  0.0231  0.0228  0.0223  0.0235  0.0234  0.0224  0.0228  0.0232  0.0225  0.0229  0.0221  0.0224
  0.0219  0.0219  0.0218  0.0223  0.0222  0.0218  0.0219  0.0219  0.0218  0.0220  0.0217  0.0218
  0.0216  0.0216  0.0216  0.0216  0.0216  0.0216  0.0216  0.0216  0.0216  0.0216  0.0216  0.0216
  0.0219  0.0219  0.0217  0.0215  0.0218  0.0215  0.0219  0.0220  0.0218  0.0218  0.0217  0.0218
  0.0231  0.0228  0.0222  0.0228  0.0229  0.0220  0.0228  0.0234  0.0225  0.0227  0.0221  0.0224
  0.0249  0.0241  0.0231  0.0259  0.0255  0.0238  0.0242  0.0254  0.0236  0.0242  0.0226  0.0233
niter,ni,del,rscale     2    3    5.0000    1.2000
parameters
    0.6335   26.1555   14.8871   -8.6495   -9.5058    4.4929
    2.0091    2.2345   -1.6762    5.8374   -3.0944  -11.0890
eta,q 0.97844  9.34174
  0.0249  0.0242  0.0230  0.0250  0.0250  0.0234  0.0242  0.0255  0.0236  0.0241  0.0226  0.0232
  0.0231  0.0228  0.0223  0.0235  0.0234  0.0224  0.0228  0.0232  0.0225  0.0229  0.0221  0.0224
  0.0219  0.0218  0.0218  0.0223  0.0222  0.0218  0.0219  0.0219  0.0218  0.0220  0.0217  0.0218
  0.0216  0.0216  0.0216  0.0216  0.0216  0.0216  0.0216  0.0216  0.0216  0.0216  0.0216  0.0216
  0.0219  0.0219  0.0217  0.0215  0.0218  0.0215  0.0219  0.0220  0.0218  0.0218  0.0217  0.0218
  0.0231  0.0228  0.0222  0.0227  0.0229  0.0220  0.0228  0.0233  0.0225  0.0227  0.0221  0.0224
  0.0249  0.0241  0.0231  0.0258  0.0255  0.0238  0.0242  0.0254  0.0236  0.0243  0.0226  0.0233
registration optimization eta report
parameter search radius
    2.4000    2.4000    2.4000    8.2800    8.2800    7.2000
    7.2000    7.2000    7.2000    7.2000    7.2000    8.2800
100000*second partial in parameter space
       58.       45.       26.        6.        5.        4.
        5.        8.        4.        5.        2.        2.
  0.0249  0.0242  0.0230  0.0250  0.0250  0.0234  0.0242  0.0255  0.0236  0.0241  0.0226  0.0232
  0.0231  0.0228  0.0223  0.0235  0.0234  0.0224  0.0228  0.0232  0.0225  0.0229  0.0221  0.0224
  0.0219  0.0218  0.0218  0.0223  0.0222  0.0218  0.0219  0.0219  0.0218  0.0220  0.0217  0.0218
  0.0216  0.0216  0.0216  0.0216  0.0216  0.0216  0.0216  0.0216  0.0216  0.0216  0.0216  0.0216
  0.0219  0.0219  0.0217  0.0215  0.0218  0.0215  0.0219  0.0220  0.0218  0.0218  0.0217  0.0218
  0.0231  0.0228  0.0222  0.0227  0.0229  0.0220  0.0228  0.0233  0.0225  0.0227  0.0221  0.0224
  0.0249  0.0241  0.0231  0.0258  0.0255  0.0238  0.0242  0.0254  0.0236  0.0243  0.0226  0.0233
    0.6335   26.1555   14.8871   -8.6495   -9.5058    4.4929
    2.0091    2.2345   -1.6762    5.8374   -3.0944  -11.0890
eta,q 0.97844  9.34174

---------------------------------------------------------------------
imgreg_4dfp /opt/freesurfer/average/711-2C_as_mni_average_305 /opt/freesurfer/average/711-2B_as_mni_average_305_mask talsrcimg_g11 none talsrcimg_to_711-2C_as_mni_average_305_t4 2311
---------------------------------------------------------------------

freesurfer imgreg_4dfp.c
/opt/freesurfer/average/711-2C_as_mni_average_305.4dfp.img
       256       256       256         1
  1.000000  1.000000  1.000000
orientation T byte_order littleendian
Reading image: /opt/freesurfer/average/711-2C_as_mni_average_305.4dfp.img
dimensions:      256       256       256
mmppix:       1.0000   -1.0000   -1.0000
center:     128.0000 -129.0000 -129.0000
/opt/freesurfer/average/711-2B_as_mni_average_305_mask.4dfp.img
       256       256       256         1
  1.000000  1.000000  1.000000
orientation T byte_order littleendian
Reading mask: /opt/freesurfer/average/711-2B_as_mni_average_305_mask.4dfp.img (2306576 pixels)
talsrcimg_g11.4dfp.img
       256       256       256         1
  1.000000  1.000000  1.000000
orientation T byte_order littleendian
Reading image: talsrcimg_g11.4dfp.img
dimensions:      256       256       256
mmppix:       1.0000   -1.0000   -1.0000
center:     128.0000 -129.0000 -129.0000
fimgreg.f
image alignment mode   2311 decimal      907 hex
parameters
    0.6335   26.1555   14.8871   -8.6495   -9.5058    4.4929
    2.0091    2.2345   -1.6762    5.8374   -3.0944  -11.0890
eta,q 0.97844  9.34174
niter,ni,del,rscale     5    3    5.0000    0.8000
parameters
    0.6359   26.1385   14.9280   -7.4961   -8.9805    5.5027
    1.9844    2.3789   -1.5483    6.1424   -2.8779  -10.9639
eta,q 0.97866  9.43936
  0.0231  0.0227  0.0223  0.0232  0.0229  0.0223  0.0226  0.0234  0.0223  0.0227  0.0219  0.0220
  0.0222  0.0221  0.0219  0.0225  0.0222  0.0219  0.0219  0.0222  0.0218  0.0220  0.0216  0.0217
  0.0217  0.0217  0.0217  0.0220  0.0217  0.0216  0.0215  0.0215  0.0215  0.0216  0.0214  0.0214
  0.0216  0.0216  0.0216  0.0216  0.0214  0.0214  0.0214  0.0214  0.0214  0.0214  0.0213  0.0213
  0.0217  0.0217  0.0216  0.0214  0.0215  0.0213  0.0215  0.0215  0.0214  0.0214  0.0214  0.0214
  0.0222  0.0221  0.0218  0.0216  0.0218  0.0214  0.0219  0.0221  0.0217  0.0218  0.0216  0.0216
  0.0231  0.0228  0.0222  0.0222  0.0225  0.0218  0.0226  0.0231  0.0223  0.0224  0.0218  0.0220
niter,ni,del,rscale     4    3    5.0000    0.7000
parameters
    0.6343   26.0694   14.7750   -7.4340   -8.9658    5.4482
    2.0162    2.3698   -1.5157    6.1602   -2.8672  -10.9863
eta,q 0.97867  9.44226
  0.0225  0.0222  0.0218  0.0225  0.0224  0.0219  0.0223  0.0228  0.0221  0.0223  0.0218  0.0218
  0.0219  0.0217  0.0215  0.0219  0.0218  0.0216  0.0218  0.0219  0.0217  0.0218  0.0215  0.0216
  0.0215  0.0214  0.0214  0.0215  0.0214  0.0214  0.0214  0.0214  0.0214  0.0215  0.0214  0.0214
  0.0213  0.0213  0.0213  0.0213  0.0213  0.0213  0.0213  0.0213  0.0213  0.0213  0.0213  0.0213
  0.0215  0.0215  0.0214  0.0214  0.0214  0.0213  0.0214  0.0215  0.0214  0.0214  0.0214  0.0214
  0.0219  0.0218  0.0217  0.0217  0.0218  0.0215  0.0217  0.0219  0.0217  0.0217  0.0215  0.0216
  0.0226  0.0224  0.0220  0.0225  0.0224  0.0220  0.0223  0.0228  0.0221  0.0223  0.0217  0.0218
niter,ni,del,rscale     3    3    5.0000    0.6000
parameters
    0.6278   26.0774   14.7678   -7.2993   -8.9477    5.7140
    2.0301    2.3877   -1.4776    6.2524   -2.8381  -10.9926
eta,q 0.97869  9.45616
  0.0222  0.0220  0.0217  0.0222  0.0221  0.0217  0.0220  0.0224  0.0219  0.0220  0.0216  0.0217
  0.0217  0.0216  0.0215  0.0218  0.0217  0.0215  0.0216  0.0217  0.0216  0.0217  0.0214  0.0215
  0.0214  0.0214  0.0214  0.0215  0.0214  0.0214  0.0214  0.0214  0.0214  0.0214  0.0213  0.0214
  0.0213  0.0213  0.0213  0.0213  0.0213  0.0213  0.0213  0.0213  0.0213  0.0213  0.0213  0.0213
  0.0214  0.0214  0.0214  0.0213  0.0214  0.0213  0.0214  0.0214  0.0214  0.0214  0.0213  0.0214
  0.0217  0.0216  0.0215  0.0216  0.0217  0.0214  0.0216  0.0217  0.0216  0.0216  0.0215  0.0215
  0.0222  0.0220  0.0217  0.0222  0.0221  0.0217  0.0220  0.0224  0.0219  0.0220  0.0216  0.0217
niter,ni,del,rscale     2    3    5.0000    0.5000
parameters
    0.6253   26.0760   14.7391   -7.1782   -8.9691    5.9196
    2.0561    2.4048   -1.4356    6.3278   -2.8062  -11.0126
eta,q 0.97871  9.46611
  0.0219  0.0218  0.0216  0.0219  0.0218  0.0216  0.0218  0.0220  0.0217  0.0218  0.0215  0.0216
  0.0216  0.0215  0.0214  0.0216  0.0215  0.0214  0.0215  0.0216  0.0215  0.0215  0.0214  0.0214
  0.0214  0.0214  0.0213  0.0214  0.0214  0.0214  0.0213  0.0214  0.0213  0.0214  0.0213  0.0213
  0.0213  0.0213  0.0213  0.0213  0.0213  0.0213  0.0213  0.0213  0.0213  0.0213  0.0213  0.0213
  0.0214  0.0214  0.0213  0.0213  0.0214  0.0213  0.0213  0.0214  0.0213  0.0213  0.0213  0.0213
  0.0216  0.0215  0.0214  0.0215  0.0215  0.0213  0.0215  0.0216  0.0215  0.0215  0.0214  0.0214
  0.0219  0.0218  0.0216  0.0219  0.0218  0.0216  0.0218  0.0220  0.0217  0.0218  0.0215  0.0216
niter,ni,del,rscale     1    3    5.0000    0.4000
parameters
    0.6199   26.0764   14.7185   -7.0715   -9.0030    6.1688
    2.0872    2.4266   -1.3995    6.3874   -2.7919  -11.0478
eta,q 0.97872  9.47591
  0.0217  0.0216  0.0215  0.0217  0.0216  0.0215  0.0216  0.0218  0.0215  0.0216  0.0214  0.0214
  0.0215  0.0214  0.0214  0.0215  0.0214  0.0214  0.0214  0.0215  0.0214  0.0214  0.0213  0.0214
  0.0213  0.0213  0.0213  0.0214  0.0213  0.0213  0.0213  0.0213  0.0213  0.0213  0.0213  0.0213
  0.0213  0.0213  0.0213  0.0213  0.0213  0.0213  0.0213  0.0213  0.0213  0.0213  0.0213  0.0213
  0.0213  0.0213  0.0213  0.0213  0.0213  0.0213  0.0213  0.0213  0.0213  0.0213  0.0213  0.0213
  0.0215  0.0214  0.0214  0.0214  0.0214  0.0213  0.0214  0.0215  0.0214  0.0214  0.0213  0.0214
  0.0217  0.0216  0.0215  0.0217  0.0216  0.0214  0.0216  0.0217  0.0215  0.0216  0.0214  0.0215
registration optimization eta report
parameter search radius
    0.8000    0.8000    0.8000    2.4000    2.4000    2.4000
    2.4000    2.4000    2.4000    2.4000    2.4000    2.4000
100000*second partial in parameter space
       64.       50.       29.        7.        6.        3.
        6.        8.        5.        6.        3.        3.
  0.0217  0.0216  0.0215  0.0217  0.0216  0.0215  0.0216  0.0218  0.0215  0.0216  0.0214  0.0214
  0.0215  0.0214  0.0214  0.0215  0.0214  0.0214  0.0214  0.0215  0.0214  0.0214  0.0213  0.0214
  0.0213  0.0213  0.0213  0.0214  0.0213  0.0213  0.0213  0.0213  0.0213  0.0213  0.0213  0.0213
  0.0213  0.0213  0.0213  0.0213  0.0213  0.0213  0.0213  0.0213  0.0213  0.0213  0.0213  0.0213
  0.0213  0.0213  0.0213  0.0213  0.0213  0.0213  0.0213  0.0213  0.0213  0.0213  0.0213  0.0213
  0.0215  0.0214  0.0214  0.0214  0.0214  0.0213  0.0214  0.0215  0.0214  0.0214  0.0213  0.0214
  0.0217  0.0216  0.0215  0.0217  0.0216  0.0214  0.0216  0.0217  0.0215  0.0216  0.0214  0.0215
    0.6199   26.0764   14.7185   -7.0715   -9.0030    6.1688
    2.0872    2.4266   -1.3995    6.3874   -2.7919  -11.0478
eta,q 0.97872  9.47591

---------------------------------------------------------------------
imgreg_4dfp /opt/freesurfer/average/711-2C_as_mni_average_305 /opt/freesurfer/average/711-2B_as_mni_average_305_mask talsrcimg_g11 none talsrcimg_to_711-2C_as_mni_average_305_t4 2311
---------------------------------------------------------------------

freesurfer imgreg_4dfp.c
/opt/freesurfer/average/711-2C_as_mni_average_305.4dfp.img
       256       256       256         1
  1.000000  1.000000  1.000000
orientation T byte_order littleendian
Reading image: /opt/freesurfer/average/711-2C_as_mni_average_305.4dfp.img
dimensions:      256       256       256
mmppix:       1.0000   -1.0000   -1.0000
center:     128.0000 -129.0000 -129.0000
/opt/freesurfer/average/711-2B_as_mni_average_305_mask.4dfp.img
       256       256       256         1
  1.000000  1.000000  1.000000
orientation T byte_order littleendian
Reading mask: /opt/freesurfer/average/711-2B_as_mni_average_305_mask.4dfp.img (2306576 pixels)
talsrcimg_g11.4dfp.img
       256       256       256         1
  1.000000  1.000000  1.000000
orientation T byte_order littleendian
Reading image: talsrcimg_g11.4dfp.img
dimensions:      256       256       256
mmppix:       1.0000   -1.0000   -1.0000
center:     128.0000 -129.0000 -129.0000
fimgreg.f
image alignment mode   2311 decimal      907 hex
parameters
    0.6199   26.0764   14.7185   -7.0715   -9.0030    6.1688
    2.0872    2.4266   -1.3995    6.3874   -2.7919  -11.0478
eta,q 0.97872  9.47591
niter,ni,del,rscale     5    3    5.0000    0.8000
parameters
    0.6128   26.0801   14.6862   -7.5541   -9.0451    5.2696
    2.0125    2.3413   -1.5305    6.1604   -2.8366  -11.0310
eta,q 0.97865  9.43083
  0.0229  0.0225  0.0220  0.0225  0.0226  0.0219  0.0226  0.0232  0.0222  0.0225  0.0219  0.0220
  0.0220  0.0218  0.0216  0.0219  0.0219  0.0216  0.0219  0.0221  0.0218  0.0219  0.0216  0.0217
  0.0214  0.0214  0.0214  0.0215  0.0215  0.0214  0.0215  0.0215  0.0215  0.0215  0.0214  0.0214
  0.0213  0.0213  0.0213  0.0213  0.0213  0.0213  0.0213  0.0213  0.0213  0.0213  0.0213  0.0213
  0.0215  0.0214  0.0214  0.0214  0.0215  0.0213  0.0215  0.0216  0.0215  0.0215  0.0214  0.0214
  0.0220  0.0218  0.0216  0.0221  0.0219  0.0219  0.0219  0.0222  0.0218  0.0220  0.0216  0.0216
  0.0229  0.0225  0.0220  0.0235  0.0227  0.0231  0.0227  0.0233  0.0224  0.0228  0.0219  0.0220
niter,ni,del,rscale     4    3    5.0000    0.7000
parameters
    0.6272   26.0976   14.7851   -7.4427   -8.9650    5.5002
    2.0184    2.3625   -1.5129    6.2067   -2.8522  -10.9927
eta,q 0.97867  9.44379
  0.0226  0.0223  0.0220  0.0225  0.0224  0.0219  0.0223  0.0228  0.0221  0.0223  0.0218  0.0218
  0.0219  0.0218  0.0216  0.0220  0.0218  0.0216  0.0218  0.0219  0.0217  0.0218  0.0215  0.0216
  0.0215  0.0215  0.0214  0.0216  0.0215  0.0214  0.0214  0.0215  0.0214  0.0215  0.0214  0.0214
  0.0213  0.0213  0.0213  0.0213  0.0213  0.0213  0.0213  0.0213  0.0213  0.0213  0.0213  0.0213
  0.0215  0.0214  0.0214  0.0214  0.0214  0.0213  0.0214  0.0215  0.0214  0.0214  0.0214  0.0214
  0.0219  0.0218  0.0215  0.0217  0.0218  0.0214  0.0217  0.0219  0.0217  0.0217  0.0215  0.0216
  0.0225  0.0223  0.0218  0.0225  0.0223  0.0219  0.0223  0.0227  0.0221  0.0223  0.0217  0.0218
niter,ni,del,rscale     3    3    5.0000    0.6000
parameters
    0.6273   26.0853   14.7619   -7.2972   -8.9620    5.7071
    2.0274    2.3876   -1.4630    6.2645   -2.8449  -11.0064
eta,q 0.97870  9.45560
  0.0222  0.0220  0.0217  0.0222  0.0221  0.0217  0.0220  0.0224  0.0219  0.0220  0.0216  0.0217
  0.0217  0.0216  0.0215  0.0218  0.0217  0.0215  0.0216  0.0218  0.0216  0.0217  0.0214  0.0215
  0.0214  0.0214  0.0214  0.0215  0.0214  0.0214  0.0214  0.0214  0.0214  0.0214  0.0213  0.0214
  0.0213  0.0213  0.0213  0.0213  0.0213  0.0213  0.0213  0.0213  0.0213  0.0213  0.0213  0.0213
  0.0214  0.0214  0.0214  0.0213  0.0214  0.0213  0.0214  0.0214  0.0214  0.0214  0.0213  0.0213
  0.0217  0.0217  0.0215  0.0216  0.0217  0.0214  0.0216  0.0217  0.0216  0.0216  0.0215  0.0215
  0.0222  0.0220  0.0217  0.0222  0.0221  0.0217  0.0220  0.0223  0.0219  0.0220  0.0216  0.0217
niter,ni,del,rscale     2    3    5.0000    0.5000
parameters
    0.6260   26.0769   14.7385   -7.1792   -8.9652    5.9226
    2.0535    2.4057   -1.4353    6.3313   -2.8065  -11.0286
eta,q 0.97871  9.46635
  0.0219  0.0218  0.0216  0.0219  0.0218  0.0216  0.0218  0.0220  0.0217  0.0218  0.0215  0.0216
  0.0216  0.0215  0.0214  0.0216  0.0215  0.0214  0.0215  0.0216  0.0215  0.0215  0.0214  0.0214
  0.0214  0.0214  0.0213  0.0214  0.0214  0.0214  0.0214  0.0214  0.0213  0.0214  0.0213  0.0213
  0.0213  0.0213  0.0213  0.0213  0.0213  0.0213  0.0213  0.0213  0.0213  0.0213  0.0213  0.0213
  0.0214  0.0214  0.0213  0.0213  0.0214  0.0213  0.0213  0.0214  0.0213  0.0213  0.0213  0.0213
  0.0216  0.0215  0.0214  0.0215  0.0215  0.0213  0.0215  0.0216  0.0215  0.0215  0.0214  0.0214
  0.0219  0.0218  0.0216  0.0219  0.0218  0.0216  0.0218  0.0220  0.0217  0.0218  0.0215  0.0216
niter,ni,del,rscale     1    3    5.0000    0.4000
parameters
    0.6195   26.0779   14.7220   -7.0766   -9.0006    6.1666
    2.0832    2.4240   -1.3909    6.3923   -2.7940  -11.0458
eta,q 0.97872  9.47572
  0.0217  0.0216  0.0215  0.0217  0.0216  0.0215  0.0216  0.0218  0.0216  0.0216  0.0214  0.0214
  0.0215  0.0214  0.0214  0.0215  0.0214  0.0214  0.0214  0.0215  0.0214  0.0214  0.0213  0.0214
  0.0213  0.0213  0.0213  0.0214  0.0213  0.0213  0.0213  0.0213  0.0213  0.0213  0.0213  0.0213
  0.0213  0.0213  0.0213  0.0213  0.0213  0.0213  0.0213  0.0213  0.0213  0.0213  0.0213  0.0213
  0.0213  0.0213  0.0213  0.0213  0.0213  0.0213  0.0213  0.0213  0.0213  0.0213  0.0213  0.0213
  0.0215  0.0214  0.0214  0.0214  0.0215  0.0213  0.0214  0.0215  0.0214  0.0214  0.0213  0.0214
  0.0217  0.0216  0.0215  0.0217  0.0216  0.0214  0.0216  0.0217  0.0215  0.0216  0.0214  0.0215
registration optimization eta report
parameter search radius
    0.8000    0.8000    0.8000    2.4000    2.4000    2.4000
    2.4000    2.4000    2.4000    2.4000    2.4000    2.4000
100000*second partial in parameter space
       63.       50.       29.        7.        6.        3.
        6.        8.        5.        6.        3.        3.
  0.0217  0.0216  0.0215  0.0217  0.0216  0.0215  0.0216  0.0218  0.0216  0.0216  0.0214  0.0214
  0.0215  0.0214  0.0214  0.0215  0.0214  0.0214  0.0214  0.0215  0.0214  0.0214  0.0213  0.0214
  0.0213  0.0213  0.0213  0.0214  0.0213  0.0213  0.0213  0.0213  0.0213  0.0213  0.0213  0.0213
  0.0213  0.0213  0.0213  0.0213  0.0213  0.0213  0.0213  0.0213  0.0213  0.0213  0.0213  0.0213
  0.0213  0.0213  0.0213  0.0213  0.0213  0.0213  0.0213  0.0213  0.0213  0.0213  0.0213  0.0213
  0.0215  0.0214  0.0214  0.0214  0.0215  0.0213  0.0214  0.0215  0.0214  0.0214  0.0213  0.0214
  0.0217  0.0216  0.0215  0.0217  0.0216  0.0214  0.0216  0.0217  0.0215  0.0216  0.0214  0.0215
    0.6195   26.0779   14.7220   -7.0766   -9.0006    6.1666
    2.0832    2.4240   -1.3909    6.3923   -2.7940  -11.0458
eta,q 0.97872  9.47572

---------------------------------------------------------------------
compute_vox2vox talsrcimg talsrcimg_to_711-2C_as_mni_average_305_t4 /opt/freesurfer/average/711-2C_as_mni_average_305
---------------------------------------------------------------------

freesurfer compute_vox2vox.c
Reading: talsrcimg.4dfp.ifh
Reading: talsrcimg_to_711-2C_as_mni_average_305_t4
Reading: /opt/freesurfer/average/711-2C_as_mni_average_305.4dfp.ifh
Writing: talsrcimg_to_711-2C_as_mni_average_305_t4_vox2vox.txt

start time Mon Mar 9 12:06:13 CET 2026
end		time Mon Mar 9 12:06:26 CET 2026

mpr2mni305 success

avi2talxfm orig_nu.mgz /opt/freesurfer/average/mni305.cor.mgz talsrcimg_to_711-2C_as_mni_average_305_t4_vox2vox.txt transforms/talairach.auto.xfm
avi2talxfm done
mv -f /out/sourcedata/freesurfer/sub-v1s22x0050443_ses-1/mri/talsrcimg_to_711-2C_as_mni_average_305_t4_vox2vox.txt /out/sourcedata/freesurfer/sub-v1s22x0050443_ses-1/mri/transforms/talsrcimg_to_711-2C_as_mni_average_305_t4_vox2vox.txt
lta_convert --src orig_nu.mgz --trg /opt/freesurfer/average/mni305.cor.mgz --inxfm transforms/talairach.auto.xfm --outlta transforms/talairach.auto.xfm.lta --subject fsaverage
7.3.2

--src: orig_nu.mgz src image (geometry).
--trg: /opt/freesurfer/average/mni305.cor.mgz trg image (geometry).
--inmni: transforms/talairach.auto.xfm input MNI/XFM transform.
--outlta: transforms/talairach.auto.xfm.lta output LTA.
--s: fsaverage subject name
 LTA read, type : 1
 1.07506  -0.02290  -0.02739  -1.09703;
 0.02978   0.93445   0.11274  -59.12176;
 0.01434  -0.06599   1.09057  -17.27937;
 0.00000   0.00000   0.00000   1.00000;
setting subject to fsaverage
Writing  LTA to file transforms/talairach.auto.xfm.lta...
lta_convert successful.
 
 
Started at Mon Mar 9 12:06:13 CET 2026
Ended   at Mon Mar  9 12:06:27 CET 2026
talairach_avi done
