/out/sourcedata/freesurfer/sub-v1s22x0050464_ses-1/mri
/opt/freesurfer/bin/talairach_avi
--i orig_nu.mgz --xfm transforms/talairach.auto.xfm
talairach_avi 7.3.2
Linux dna029 5.14.0-427.37.1.el9_4.x86_64 #1 SMP PREEMPT_DYNAMIC Fri Sep 13 12:41:50 EDT 2024 x86_64 x86_64 x86_64 GNU/Linux
Mon Mar  9 12:49:18 CET 2026
mri_convert orig_nu.mgz talsrcimg.img 
reading from orig_nu.mgz...
TR=0.00, TE=0.00, TI=0.00, flip angle=0.00
i_ras = (-1, -1.86265e-09, 0)
j_ras = (0, 0, -1)
k_ras = (-1.86265e-09, 1, 0)
writing to talsrcimg.img...
Analyze Output Matrix
-1.00000   0.00000  -0.00000   128.83472;
-0.00000   0.00000   1.00000  -95.35297;
 0.00000  -1.00000   0.00000   105.43559;
 0.00000   0.00000   0.00000   1.00000;
--------------------
INFO: set hdr.hist.orient to -1
mpr2mni305 talsrcimg
Mon Mar  9 12:49:19 CET 2026
/opt/freesurfer/bin/mpr2mni305 talsrcimg
mpr2mni305 7.3.2
target=711-2C_as_mni_average_305

---------------------------------------------------------------------
analyzeto4dfp talsrcimg -O0 -y
---------------------------------------------------------------------

freesurfer ifh2hdr.c
Mon Mar  9 12:49:19 2026
Writing: talsrcimg.4dfp.hdr
freesurfer analyzeto4dfp.c
Reading: talsrcimg.hdr
header size 348 bytes
hdr.dime.datatype	offset=70	value=2
hdr.dime.bitpix		offset=72	value=8
hdr.hist.orient		offset=252	value=-1
dimensionality     4
dimensions       256       256       256         1
Reading: talsrcimg.img
Writing: talsrcimg.4dfp.img
Writing: talsrcimg.4dfp.ifh
ifh2hdr talsrcimg -r0to174
ori=2

---------------------------------------------------------------------
gauss_4dfp talsrcimg 1.1
---------------------------------------------------------------------

freesurfer gauss_4dfp.c
Reading: talsrcimg.4dfp.img
Writing: talsrcimg_g11.4dfp.img
image dimensions 256 256 256 padded to 288 288 288
processing volume 1freesurfer ifh2hdr.c
Mon Mar  9 12:49:21 2026
Writing: talsrcimg_g11.4dfp.hdr

Writing: talsrcimg_g11.4dfp.ifh
including: talsrcimg.4dfp.img.rec in talsrcimg_g11.4dfp.img.rec

---------------------------------------------------------------------
imgreg_4dfp /opt/freesurfer/average/711-2C_as_mni_average_305 none talsrcimg_g11 none talsrcimg_to_711-2C_as_mni_average_305_t4 4355
---------------------------------------------------------------------

freesurfer imgreg_4dfp.c
/opt/freesurfer/average/711-2C_as_mni_average_305.4dfp.img
       256       256       256         1
  1.000000  1.000000  1.000000
orientation T byte_order littleendian
Reading image: /opt/freesurfer/average/711-2C_as_mni_average_305.4dfp.img
dimensions:      256       256       256
mmppix:       1.0000   -1.0000   -1.0000
center:     128.0000 -129.0000 -129.0000
talsrcimg_g11.4dfp.img
       256       256       256         1
  1.000000  1.000000  1.000000
orientation T byte_order littleendian
Reading image: talsrcimg_g11.4dfp.img
dimensions:      256       256       256
mmppix:       1.0000   -1.0000   -1.0000
center:     128.0000 -129.0000 -129.0000
t4_read: open error in t4_sub.f l:  41 t4_file(1:l)talsrcimg_to_711-2C_as_mni_average_305_t4 
t4_read: transform initialized to I4
rotation matrix determinant  1.000000
image alignment mode   4355 decimal     1103 hex
   -7.5000  -45.0000  -45.0000 5362.9810   25.1477
    0.0000  -45.0000  -45.0000 5549.3267   25.1153
    7.5000  -45.0000  -45.0000 5329.7197   25.1126
   -7.5000  -37.5000  -45.0000 5923.2104   24.2910
    0.0000  -37.5000  -45.0000 6113.7212   24.2577
    7.5000  -37.5000  -45.0000 5887.3496   24.2658
   -7.5000  -30.0000  -45.0000 6716.9541   23.6635
    0.0000  -30.0000  -45.0000 6952.2285   23.6276
    7.5000  -30.0000  -45.0000 6681.5913   23.6298
   -7.5000  -22.5000  -45.0000 7563.9385   23.2970
    0.0000  -22.5000  -45.0000 7857.7319   23.2540
    7.5000  -22.5000  -45.0000 7524.3521   23.2428
   -7.5000  -15.0000  -45.0000 8455.7441   23.1633
    0.0000  -15.0000  -45.0000 8825.3340   23.1177
    7.5000  -15.0000  -45.0000 8432.4512   23.0991
   -7.5000   -7.5000  -45.0000 9388.4551   23.1078
    0.0000   -7.5000  -45.0000 9808.9121   23.0714
    7.5000   -7.5000  -45.0000 9361.2344   23.0586
   -7.5000    0.0000  -45.000010275.0967   23.1130
    0.0000    0.0000  -45.000010732.0029   23.0836
    7.5000    0.0000  -45.000010247.2266   23.0844
   -7.5000    7.5000  -45.000010333.0127   23.1060
    0.0000    7.5000  -45.000010792.2959   23.0761
    7.5000    7.5000  -45.000010297.6904   23.0849
   -7.5000   15.0000  -45.000010206.4053   23.0831
    0.0000   15.0000  -45.000010714.8311   23.0494
    7.5000   15.0000  -45.000010165.2471   23.0522
   -7.5000   22.5000  -45.000010089.3477   23.0550
    0.0000   22.5000  -45.000010600.6064   23.0132
    7.5000   22.5000  -45.000010065.3896   23.0025
   -7.5000   30.0000  -45.0000 9897.9121   22.7544
    0.0000   30.0000  -45.000010398.3193   22.7102
    7.5000   30.0000  -45.0000 9859.3652   22.6924
   -7.5000   37.5000  -45.0000 9914.4912   22.7825
    0.0000   37.5000  -45.000010395.1367   22.7467
    7.5000   37.5000  -45.0000 9865.4463   22.7343
   -7.5000   45.0000  -45.0000 9542.9590   22.2259
    0.0000   45.0000  -45.0000 9993.4258   22.1977
    7.5000   45.0000  -45.0000 9469.2314   22.1984
   -7.5000  -45.0000  -37.5000 5687.4834   24.7657
    0.0000  -45.0000  -37.5000 5877.3823   24.7406
    7.5000  -45.0000  -37.5000 5653.2061   24.7411
   -7.5000  -37.5000  -37.5000 6245.7515   23.9398
    0.0000  -37.5000  -37.5000 6459.2725   23.9184
    7.5000  -37.5000  -37.5000 6217.9531   23.9271
   -7.5000  -30.0000  -37.5000 7083.6016   23.3411
    0.0000  -30.0000  -37.5000 7352.0542   23.3145
    7.5000  -30.0000  -37.5000 7049.8994   23.3153
   -7.5000  -22.5000  -37.5000 8011.5918   22.9886
    0.0000  -22.5000  -37.5000 8353.8154   22.9472
    7.5000  -22.5000  -37.5000 7981.5356   22.9339
   -7.5000  -15.0000  -37.5000 8978.3965   22.8519
    0.0000  -15.0000  -37.5000 9383.8750   22.8039
    7.5000  -15.0000  -37.5000 8944.2861   22.7841
   -7.5000   -7.5000  -37.5000 9976.5752   22.7819
    0.0000   -7.5000  -37.500010418.8604   22.7453
    7.5000   -7.5000  -37.5000 9926.0693   22.7338
   -7.5000    0.0000  -37.500010929.1406   22.7801
    0.0000    0.0000  -37.500011410.1797   22.7568
    7.5000    0.0000  -37.500010851.9141   22.7594
   -7.5000    7.5000  -37.500010945.6729   22.7835
    0.0000    7.5000  -37.500011445.0117   22.7647
    7.5000    7.5000  -37.500010866.6338   22.7738
   -7.5000   15.0000  -37.500010803.0742   22.7737
    0.0000   15.0000  -37.500011346.9941   22.7488
    7.5000   15.0000  -37.500010737.0781   22.7503
   -7.5000   22.5000  -37.500010679.2998   22.7518
    0.0000   22.5000  -37.500011183.0674   22.7116
    7.5000   22.5000  -37.500010595.6504   22.6988
   -7.5000   30.0000  -37.500010441.9131   22.4496
    0.0000   30.0000  -37.500010927.9551   22.4030
    7.5000   30.0000  -37.500010383.3174   22.3840
   -7.5000   37.5000  -37.500010451.5488   22.4615
    0.0000   37.5000  -37.500010943.0928   22.4256
    7.5000   37.5000  -37.500010402.1631   22.4143
   -7.5000   45.0000  -37.500010066.4277   21.9058
    0.0000   45.0000  -37.500010541.9268   21.8834
    7.5000   45.0000  -37.5000 9970.7969   21.8859
   -7.5000  -45.0000  -30.0000 6131.8579   25.7521
    0.0000  -45.0000  -30.0000 6334.0688   25.7093
    7.5000  -45.0000  -30.0000 6097.7007   25.7146
   -7.5000  -37.5000  -30.0000 6724.8379   24.9086
    0.0000  -37.5000  -30.0000 6972.7622   24.8727
    7.5000  -37.5000  -30.0000 6704.0635   24.8838
   -7.5000  -30.0000  -30.0000 7645.5400   24.3051
    0.0000  -30.0000  -30.0000 7967.7759   24.2659
    7.5000  -30.0000  -30.0000 7618.2969   24.2676
   -7.5000  -22.5000  -30.0000 8682.6807   23.9428
    0.0000  -22.5000  -30.0000 9043.1211   23.8897
    7.5000  -22.5000  -30.0000 8626.6846   23.8759
   -7.5000  -15.0000  -30.0000 9762.4482   23.7888
    0.0000  -15.0000  -30.000010181.2949   23.7283
    7.5000  -15.0000  -30.0000 9700.4541   23.7084
   -7.5000   -7.5000  -30.000010831.9268   23.6984
    0.0000   -7.5000  -30.000011298.7783   23.6474
    7.5000   -7.5000  -30.000010747.8828   23.6379
   -7.5000    0.0000  -30.000011842.3770   23.6913
    0.0000    0.0000  -30.000012377.1660   23.6532
    7.5000    0.0000  -30.000011739.5869   23.6587
   -7.5000    7.5000  -30.000011848.8867   23.7078
    0.0000    7.5000  -30.000012402.0420   23.6762
    7.5000    7.5000  -30.000011759.9893   23.6872
   -7.5000   15.0000  -30.000011707.2236   23.7142
    0.0000   15.0000  -30.000012269.3789   23.6775
    7.5000   15.0000  -30.000011631.1650   23.6799
   -7.5000   22.5000  -30.000011557.1494   23.6931
    0.0000   22.5000  -30.000012058.8076   23.6415
    7.5000   22.5000  -30.000011436.9443   23.6282
   -7.5000   30.0000  -30.000011322.0342   23.3721
    0.0000   30.0000  -30.000011809.8262   23.3132
    7.5000   30.0000  -30.000011218.3584   23.2941
   -7.5000   37.5000  -30.000011325.4834   23.3675
    0.0000   37.5000  -30.000011823.6836   23.3173
    7.5000   37.5000  -30.000011203.9287   23.3080
   -7.5000   45.0000  -30.000010872.7881   22.7987
    0.0000   45.0000  -30.000011355.4863   22.7621
    7.5000   45.0000  -30.000010734.7676   22.7674
   -7.5000  -45.0000  -22.5000 6557.1089   26.6467
    0.0000  -45.0000  -22.5000 6788.5034   26.5796
    7.5000  -45.0000  -22.5000 6524.0474   26.5902
   -7.5000  -37.5000  -22.5000 7208.5757   25.7804
    0.0000  -37.5000  -22.5000 7498.7275   25.7171
    7.5000  -37.5000  -22.5000 7188.6099   25.7320
   -7.5000  -30.0000  -22.5000 8236.0635   25.1607
    0.0000  -30.0000  -22.5000 8587.7676   25.1002
    7.5000  -30.0000  -22.5000 8203.8926   25.1064
   -7.5000  -22.5000  -22.5000 9402.7373   24.7814
    0.0000  -22.5000  -22.5000 9815.8076   24.7189
    7.5000  -22.5000  -22.5000 9344.9805   24.7107
   -7.5000  -15.0000  -22.500010577.6094   24.6140
    0.0000  -15.0000  -22.500011046.5869   24.5489
    7.5000  -15.0000  -22.500010495.4941   24.5350
   -7.5000   -7.5000  -22.500011711.0068   24.5202
    0.0000   -7.5000  -22.500012232.5635   24.4582
    7.5000   -7.5000  -22.500011606.1943   24.4540
   -7.5000    0.0000  -22.500012793.0635   24.5168
    0.0000    0.0000  -22.500013357.5928   24.4582
    7.5000    0.0000  -22.500012649.4697   24.4675
   -7.5000    7.5000  -22.500012811.3281   24.5382
    0.0000    7.5000  -22.500013395.8818   24.4813
    7.5000    7.5000  -22.500012665.0986   24.4959
   -7.5000   15.0000  -22.500012677.1309   24.5486
    0.0000   15.0000  -22.500013255.9512   24.4917
    7.5000   15.0000  -22.500012554.2119   24.4983
   -7.5000   22.5000  -22.500012476.5049   24.5209
    0.0000   22.5000  -22.500013041.9766   24.4600
    7.5000   22.5000  -22.500012351.7314   24.4522
   -7.5000   30.0000  -22.500012202.1113   24.1862
    0.0000   30.0000  -22.500012769.5654   24.1229
    7.5000   30.0000  -22.500012085.3252   24.1097
   -7.5000   37.5000  -22.500012196.1729   24.1814
    0.0000   37.5000  -22.500012747.6230   24.1204
    7.5000   37.5000  -22.500012063.3857   24.1164
   -7.5000   45.0000  -22.500011659.5752   23.6109
    0.0000   45.0000  -22.500012188.1143   23.5545
    7.5000   45.0000  -22.500011522.9229   23.5634
   -7.5000  -45.0000  -15.0000 7004.8105   27.3087
    0.0000  -45.0000  -15.0000 7263.2275   27.2317
    7.5000  -45.0000  -15.0000 6967.5000   27.2442
   -7.5000  -37.5000  -15.0000 7724.4419   26.4156
    0.0000  -37.5000  -15.0000 8056.0542   26.3370
    7.5000  -37.5000  -15.0000 7694.9976   26.3544
   -7.5000  -30.0000  -15.0000 8846.3398   25.7694
    0.0000  -30.0000  -15.0000 9242.7705   25.6985
    7.5000  -30.0000  -15.0000 8813.4980   25.7085
   -7.5000  -22.5000  -15.000010094.0547   25.3734
    0.0000  -22.5000  -15.000010570.5400   25.3111
    7.5000  -22.5000  -15.000010063.7061   25.3084
   -7.5000  -15.0000  -15.000011328.4385   25.2040
    0.0000  -15.0000  -15.000011869.3730   25.1440
    7.5000  -15.0000  -15.000011282.8848   25.1357
   -7.5000   -7.5000  -15.000012562.5420   25.1227
    0.0000   -7.5000  -15.000013143.0840   25.0610
    7.5000   -7.5000  -15.000012479.0967   25.0603
   -7.5000    0.0000  -15.000013718.8672   25.1274
    0.0000    0.0000  -15.000014356.0518   25.0603
    7.5000    0.0000  -15.000013614.2744   25.0716
   -7.5000    7.5000  -15.000013754.7129   25.1423
    0.0000    7.5000  -15.000014395.5977   25.0713
    7.5000    7.5000  -15.000013634.1436   25.0883
   -7.5000   15.0000  -15.000013597.3330   25.1430
    0.0000   15.0000  -15.000014231.7295   25.0761
    7.5000   15.0000  -15.000013454.7461   25.0863
   -7.5000   22.5000  -15.000013327.5889   25.1058
    0.0000   22.5000  -15.000014022.1094   25.0451
    7.5000   22.5000  -15.000013252.4268   25.0426
   -7.5000   30.0000  -15.000013046.2246   24.7695
    0.0000   30.0000  -15.000013746.5146   24.7111
    7.5000   30.0000  -15.000012968.9395   24.7033
   -7.5000   37.5000  -15.000013039.1240   24.7790
    0.0000   37.5000  -15.000013724.5127   24.7183
    7.5000   37.5000  -15.000012947.0879   24.7177
   -7.5000   45.0000  -15.000012428.0957   24.2135
    0.0000   45.0000  -15.000013063.8496   24.1489
    7.5000   45.0000  -15.000012348.0439   24.1598
   -7.5000  -45.0000   -7.5000 7458.4189   27.6307
    0.0000  -45.0000   -7.5000 7780.6616   27.5719
    7.5000  -45.0000   -7.5000 7453.2808   27.5786
   -7.5000  -37.5000   -7.5000 8262.6084   26.7119
    0.0000  -37.5000   -7.5000 8636.4805   26.6488
    7.5000  -37.5000   -7.5000 8237.5068   26.6637
   -7.5000  -30.0000   -7.5000 9478.4287   26.0405
    0.0000  -30.0000   -7.5000 9905.7520   25.9814
    7.5000  -30.0000   -7.5000 9437.2539   25.9894
   -7.5000  -22.5000   -7.500010770.0713   25.6387
    0.0000  -22.5000   -7.500011269.9775   25.5847
    7.5000  -22.5000   -7.500010747.3135   25.5795
   -7.5000  -15.0000   -7.500012073.3223   25.4811
    0.0000  -15.0000   -7.500012656.0967   25.4292
    7.5000  -15.0000   -7.500012050.1768   25.4177
   -7.5000   -7.5000   -7.500013416.7900   25.4152
    0.0000   -7.5000   -7.500014052.2148   25.3661
    7.5000   -7.5000   -7.500013381.5889   25.3611
   -7.5000    0.0000   -7.500014707.3369   25.4231
    0.0000    0.0000   -7.500015420.1035   25.3714
    7.5000    0.0000   -7.500014670.0449   25.3792
   -7.5000    7.5000   -7.500014708.1084   25.4240
    0.0000    7.5000   -7.500015430.7354   25.3670
    7.5000    7.5000   -7.500014655.6182   25.3819
   -7.5000   15.0000   -7.500014478.8994   25.4087
    0.0000   15.0000   -7.500015196.4111   25.3529
    7.5000   15.0000   -7.500014408.4873   25.3611
   -7.5000   22.5000   -7.500014205.7305   25.3667
    0.0000   22.5000   -7.500015001.9766   25.3141
    7.5000   22.5000   -7.500014214.2549   25.3092
   -7.5000   30.0000   -7.500013931.9365   25.0415
    0.0000   30.0000   -7.500014732.6553   24.9911
    7.5000   30.0000   -7.500013951.3750   24.9803
   -7.5000   37.5000   -7.500013925.6787   25.0667
    0.0000   37.5000   -7.500014735.3271   25.0184
    7.5000   37.5000   -7.500013981.2344   25.0136
   -7.5000   45.0000   -7.500013249.0801   24.5031
    0.0000   45.0000   -7.500013995.6709   24.4533
    7.5000   45.0000   -7.500013298.7451   24.4608
   -7.5000  -45.0000    0.0000 7878.2051   27.6748
    0.0000  -45.0000    0.0000 8237.0283   27.6425
    7.5000  -45.0000    0.0000 7857.7422   27.6424
   -7.5000  -37.5000    0.0000 8727.1484   26.7449
    0.0000  -37.5000    0.0000 9126.5967   26.7107
    7.5000  -37.5000    0.0000 8703.7373   26.7211
   -7.5000  -30.0000    0.000010012.7666   26.0634
    0.0000  -30.0000    0.000010470.0117   26.0261
    7.5000  -30.0000    0.0000 9985.4062   26.0296
   -7.5000  -22.5000    0.000011363.1357   25.6638
    0.0000  -22.5000    0.000011896.0195   25.6192
    7.5000  -22.5000    0.000011361.3174   25.6083
   -7.5000  -15.0000    0.000012756.8975   25.5167
    0.0000  -15.0000    0.000013360.5293   25.4698
    7.5000  -15.0000    0.000012781.9258   25.4516
   -7.5000   -7.5000    0.000014173.7988   25.4555
    0.0000   -7.5000    0.000014887.7627   25.4188
    7.5000   -7.5000    0.000014223.8955   25.4074
   -7.5000    0.0000    0.000015568.4160   25.4616
    0.0000    0.0000    0.000016372.4648   25.4321
    7.5000    0.0000    0.000015607.0322   25.4350
   -7.5000    7.5000    0.000015656.9502   25.4554
    0.0000    7.5000    0.000016514.3984   25.4247
    7.5000    7.5000    0.000015664.1934   25.4357
   -7.5000   15.0000    0.000015344.5820   25.4317
    0.0000   15.0000    0.000016227.1416   25.3968
    7.5000   15.0000    0.000015406.0381   25.4006
   -7.5000   22.5000    0.000015008.3828   25.3923
    0.0000   22.5000    0.000015913.4297   25.3489
    7.5000   22.5000    0.000015175.7842   25.3384
   -7.5000   30.0000    0.000014733.2275   25.0775
    0.0000   30.0000    0.000015608.3799   25.0320
    7.5000   30.0000    0.000014938.7793   25.0146
   -7.5000   37.5000    0.000014738.5615   25.1072
    0.0000   37.5000    0.000015612.0361   25.0712
    7.5000   37.5000    0.000014970.4248   25.0600
   -7.5000   45.0000    0.000014049.8223   24.5421
    0.0000   45.0000    0.000014899.0586   24.5137
    7.5000   45.0000    0.000014243.5645   24.5164
   -7.5000  -45.0000    7.5000 7664.3208   27.6541
    0.0000  -45.0000    7.5000 8018.2417   27.6268
    7.5000  -45.0000    7.5000 7666.6626   27.6272
   -7.5000  -37.5000    7.5000 8540.7178   26.7334
    0.0000  -37.5000    7.5000 8940.1289   26.7101
    7.5000  -37.5000    7.5000 8539.1602   26.7197
   -7.5000  -30.0000    7.5000 9794.4316   26.0656
    0.0000  -30.0000    7.500010268.9648   26.0366
    7.5000  -30.0000    7.5000 9782.9648   26.0375
   -7.5000  -22.5000    7.500011094.2949   25.6724
    0.0000  -22.5000    7.500011651.1533   25.6270
    7.5000  -22.5000    7.500011111.5059   25.6121
   -7.5000  -15.0000    7.500012428.1152   25.5203
    0.0000  -15.0000    7.500013053.1797   25.4674
    7.5000  -15.0000    7.500012469.4111   25.4453
   -7.5000   -7.5000    7.500013794.2793   25.4429
    0.0000   -7.5000    7.500014506.3555   25.4027
    7.5000   -7.5000    7.500013877.7822   25.3897
   -7.5000    0.0000    7.500015148.2852   25.4412
    0.0000    0.0000    7.500015993.9512   25.4158
    7.5000    0.0000    7.500015264.4316   25.4185
   -7.5000    7.5000    7.500015411.2949   25.4447
    0.0000    7.5000    7.500016438.5371   25.4243
    7.5000    7.5000    7.500015514.3896   25.4344
   -7.5000   15.0000    7.500015228.5654   25.4333
    0.0000   15.0000    7.500016324.0381   25.4061
    7.5000   15.0000    7.500015497.1748   25.4077
   -7.5000   22.5000    7.500014875.4375   25.4003
    0.0000   22.5000    7.500015841.0039   25.3562
    7.5000   22.5000    7.500015237.7715   25.3419
   -7.5000   30.0000    7.500014575.0088   25.0811
    0.0000   30.0000    7.500015432.6777   25.0296
    7.5000   30.0000    7.500014897.2217   25.0084
   -7.5000   37.5000    7.500014643.4707   25.0948
    0.0000   37.5000    7.500015512.4502   25.0554
    7.5000   37.5000    7.500014888.0615   25.0426
   -7.5000   45.0000    7.500013963.8203   24.5224
    0.0000   45.0000    7.500014882.9883   24.4979
    7.5000   45.0000    7.500014145.8984   24.5005
   -7.5000  -45.0000   15.0000 7318.3311   27.6463
    0.0000  -45.0000   15.0000 7695.6787   27.6006
    7.5000  -45.0000   15.0000 7351.2192   27.6065
   -7.5000  -37.5000   15.0000 8189.7925   26.7409
    0.0000  -37.5000   15.0000 8639.8447   26.7026
    7.5000  -37.5000   15.0000 8247.4951   26.7146
   -7.5000  -30.0000   15.0000 9405.0791   26.0934
    0.0000  -30.0000   15.0000 9939.9160   26.0516
    7.5000  -30.0000   15.0000 9488.2617   26.0535
   -7.5000  -22.5000   15.000010679.0039   25.7049
    0.0000  -22.5000   15.000011254.1455   25.6481
    7.5000  -22.5000   15.000010754.7324   25.6335
   -7.5000  -15.0000   15.000011971.1270   25.5398
    0.0000  -15.0000   15.000012569.9170   25.4751
    7.5000  -15.0000   15.000012034.4180   25.4538
   -7.5000   -7.5000   15.000013245.7158   25.4425
    0.0000   -7.5000   15.000013904.8447   25.3879
    7.5000   -7.5000   15.000013320.2441   25.3779
   -7.5000    0.0000   15.000014517.4854   25.4344
    0.0000    0.0000   15.000015265.1729   25.3938
    7.5000    0.0000   15.000014660.6670   25.3999
   -7.5000    7.5000   15.000014831.3652   25.4521
    0.0000    7.5000   15.000015831.2441   25.4183
    7.5000    7.5000   15.000014998.6855   25.4304
   -7.5000   15.0000   15.000014901.4160   25.4592
    0.0000   15.0000   15.000015980.8027   25.4200
    7.5000   15.0000   15.000015067.8896   25.4227
   -7.5000   22.5000   15.000014683.8193   25.4314
    0.0000   22.5000   15.000015536.3105   25.3762
    7.5000   22.5000   15.000014761.6475   25.3620
   -7.5000   30.0000   15.000014336.6475   25.0998
    0.0000   30.0000   15.000015060.4727   25.0368
    7.5000   30.0000   15.000014303.3398   25.0164
   -7.5000   37.5000   15.000014318.9062   25.0946
    0.0000   37.5000   15.000015074.7539   25.0409
    7.5000   37.5000   15.000014252.0635   25.0311
   -7.5000   45.0000   15.000013575.8486   24.5159
    0.0000   45.0000   15.000014388.9043   24.4767
    7.5000   45.0000   15.000013537.8730   24.4825
   -7.5000  -45.0000   22.5000 6956.0288   27.7148
    0.0000  -45.0000   22.5000 7309.4023   27.6452
    7.5000  -45.0000   22.5000 6985.0464   27.6569
   -7.5000  -37.5000   22.5000 7799.5684   26.8142
    0.0000  -37.5000   22.5000 8220.2539   26.7485
    7.5000  -37.5000   22.5000 7850.3823   26.7647
   -7.5000  -30.0000   22.5000 8951.5625   26.1693
    0.0000  -30.0000   22.5000 9457.1465   26.1066
    7.5000  -30.0000   22.5000 9053.3076   26.1137
   -7.5000  -22.5000   22.500010141.3447   25.7739
    0.0000  -22.5000   22.500010684.6328   25.7090
    7.5000  -22.5000   22.500010253.8486   25.7011
   -7.5000  -15.0000   22.500011366.4482   25.5993
    0.0000  -15.0000   22.500011940.6660   25.5317
    7.5000  -15.0000   22.500011470.1211   25.5178
   -7.5000   -7.5000   22.500012565.2227   25.5016
    0.0000   -7.5000   22.500013186.9189   25.4372
    7.5000   -7.5000   22.500012675.0713   25.4334
   -7.5000    0.0000   22.500013812.8799   25.4982
    0.0000    0.0000   22.500014463.3174   25.4374
    7.5000    0.0000   22.500013923.1611   25.4477
   -7.5000    7.5000   22.500014111.5801   25.5206
    0.0000    7.5000   22.500014884.2842   25.4617
    7.5000    7.5000   22.500014215.8828   25.4774
   -7.5000   15.0000   22.500014222.9736   25.5315
    0.0000   15.0000   22.500014903.5469   25.4725
    7.5000   15.0000   22.500014191.2158   25.4800
   -7.5000   22.5000   22.500014059.8301   25.4985
    0.0000   22.5000   22.500014689.3086   25.4353
    7.5000   22.5000   22.500013927.1826   25.4278
   -7.5000   30.0000   22.500013746.7393   25.1577
    0.0000   30.0000   22.500014455.0273   25.0919
    7.5000   30.0000   22.500013606.5166   25.0788
   -7.5000   37.5000   22.500013692.2451   25.1527
    0.0000   37.5000   22.500014475.7998   25.0894
    7.5000   37.5000   22.500013607.5488   25.0858
   -7.5000   45.0000   22.500012926.7412   24.5773
    0.0000   45.0000   22.500013738.4287   24.5187
    7.5000   45.0000   22.500012927.8037   24.5287
   -7.5000  -45.0000   30.0000 6511.4658   27.8534
    0.0000  -45.0000   30.0000 6826.6997   27.7753
    7.5000  -45.0000   30.0000 6533.7144   27.7895
   -7.5000  -37.5000   30.0000 7310.2188   26.9469
    0.0000  -37.5000   30.0000 7688.0146   26.8671
    7.5000  -37.5000   30.0000 7347.5098   26.8865
   -7.5000  -30.0000   30.0000 8422.7568   26.2918
    0.0000  -30.0000   30.0000 8880.5605   26.2200
    7.5000  -30.0000   30.0000 8495.0576   26.2316
   -7.5000  -22.5000   30.0000 9577.6924   25.8842
    0.0000  -22.5000   30.000010067.9561   25.8212
    7.5000  -22.5000   30.0000 9630.4531   25.8197
   -7.5000  -15.0000   30.000010713.8584   25.7100
    0.0000  -15.0000   30.000011233.4785   25.6493
    7.5000  -15.0000   30.000010749.1738   25.6421
   -7.5000   -7.5000   30.000011849.1846   25.6273
    0.0000   -7.5000   30.000012370.7998   25.5650
    7.5000   -7.5000   30.000011846.8438   25.5656
   -7.5000    0.0000   30.000013042.3877   25.6333
    0.0000    0.0000   30.000013605.2646   25.5654
    7.5000    0.0000   30.000013043.3027   25.5783
   -7.5000    7.5000   30.000013251.4375   25.6488
    0.0000    7.5000   30.000013835.6475   25.5768
    7.5000    7.5000   30.000013259.4990   25.5955
   -7.5000   15.0000   30.000013228.9033   25.6487
    0.0000   15.0000   30.000013705.4941   25.5809
    7.5000   15.0000   30.000013154.6455   25.5927
   -7.5000   22.5000   30.000013000.2490   25.6069
    0.0000   22.5000   30.000013531.3477   25.5455
    7.5000   22.5000   30.000012947.9561   25.5442
   -7.5000   30.0000   30.000012732.6885   25.2661
    0.0000   30.0000   30.000013336.3984   25.2070
    7.5000   30.0000   30.000012719.2734   25.2003
   -7.5000   37.5000   30.000012724.9541   25.2766
    0.0000   37.5000   30.000013399.0801   25.2153
    7.5000   37.5000   30.000012743.4053   25.2159
   -7.5000   45.0000   30.000012108.4141   24.7076
    0.0000   45.0000   30.000012778.6719   24.6421
    7.5000   45.0000   30.000012172.7119   24.6545
   -7.5000  -45.0000   37.5000 6271.4897   28.1215
    0.0000  -45.0000   37.5000 6595.7329   28.0624
    7.5000  -45.0000   37.5000 6318.4902   28.0713
   -7.5000  -37.5000   37.5000 7066.7964   27.1911
    0.0000  -37.5000   37.5000 7449.1987   27.1278
    7.5000  -37.5000   37.5000 7101.4595   27.1450
   -7.5000  -30.0000   37.5000 8151.6533   26.5140
    0.0000  -30.0000   37.5000 8611.2861   26.4548
    7.5000  -30.0000   37.5000 8204.8652   26.4649
   -7.5000  -22.5000   37.5000 9283.5488   26.0982
    0.0000  -22.5000   37.5000 9767.4414   26.0442
    7.5000  -22.5000   37.5000 9308.0947   26.0406
   -7.5000  -15.0000   37.500010388.9102   25.9362
    0.0000  -15.0000   37.500010902.5840   25.8844
    7.5000  -15.0000   37.500010417.9219   25.8741
   -7.5000   -7.5000   37.500011512.9033   25.8701
    0.0000   -7.5000   37.500012060.6328   25.8210
    7.5000   -7.5000   37.500011520.0459   25.8173
   -7.5000    0.0000   37.500012611.3662   25.8794
    0.0000    0.0000   37.500013208.2734   25.8277
    7.5000    0.0000   37.500012641.8535   25.8371
   -7.5000    7.5000   37.500012746.1885   25.8791
    0.0000    7.5000   37.500013303.6299   25.8219
    7.5000    7.5000   37.500012717.2871   25.8389
   -7.5000   15.0000   37.500012666.5938   25.8612
    0.0000   15.0000   37.500013140.2275   25.8054
    7.5000   15.0000   37.500012581.7266   25.8155
   -7.5000   22.5000   37.500012414.1309   25.8172
    0.0000   22.5000   37.500012942.0186   25.7646
    7.5000   22.5000   37.500012400.6406   25.7612
   -7.5000   30.0000   37.500012170.4629   25.4877
    0.0000   30.0000   37.500012733.1621   25.4373
    7.5000   30.0000   37.500012180.5850   25.4277
   -7.5000   37.5000   37.500012220.6582   25.5158
    0.0000   37.5000   37.500012781.2695   25.4675
    7.5000   37.5000   37.500012233.7656   25.4640
   -7.5000   45.0000   37.500011701.2705   24.9448
    0.0000   45.0000   37.500012260.9375   24.8949
    7.5000   45.0000   37.500011730.3984   24.9040
   -7.5000  -45.0000   45.0000 5760.5625   28.4786
    0.0000  -45.0000   45.0000 6088.8584   28.4471
    7.5000  -45.0000   45.0000 5842.0918   28.4509
   -7.5000  -37.5000   45.0000 6495.9932   27.5213
    0.0000  -37.5000   45.0000 6883.9634   27.4883
    7.5000  -37.5000   45.0000 6573.6680   27.5031
   -7.5000  -30.0000   45.0000 7491.5742   26.8247
    0.0000  -30.0000   45.0000 7930.1572   26.7890
    7.5000  -30.0000   45.0000 7563.7266   26.7964
   -7.5000  -22.5000   45.0000 8530.2607   26.4008
    0.0000  -22.5000   45.0000 8995.9346   26.3571
    7.5000  -22.5000   45.0000 8585.5693   26.3492
   -7.5000  -15.0000   45.0000 9576.9951   26.2431
    0.0000  -15.0000   45.000010054.3799   26.1965
    7.5000  -15.0000   45.0000 9596.6494   26.1806
   -7.5000   -7.5000   45.000010584.5566   26.1781
    0.0000   -7.5000   45.000011125.9375   26.1417
    7.5000   -7.5000   45.000010609.0391   26.1325
   -7.5000    0.0000   45.000011567.0771   26.1852
    0.0000    0.0000   45.000012164.2363   26.1565
    7.5000    0.0000   45.000011637.8721   26.1623
   -7.5000    7.5000   45.000011660.7461   26.1795
    0.0000    7.5000   45.000012223.9902   26.1502
    7.5000    7.5000   45.000011673.1504   26.1649
   -7.5000   15.0000   45.000011583.1562   26.1545
    0.0000   15.0000   45.000012062.5791   26.1211
    7.5000   15.0000   45.000011545.2178   26.1287
   -7.5000   22.5000   45.000011361.1670   26.1120
    0.0000   22.5000   45.000011849.6689   26.0695
    7.5000   22.5000   45.000011354.6348   26.0620
   -7.5000   30.0000   45.000011128.1943   25.7853
    0.0000   30.0000   45.000011605.2344   25.7400
    7.5000   30.0000   45.000011125.3203   25.7250
   -7.5000   37.5000   45.000011197.2070   25.8170
    0.0000   37.5000   45.000011669.8633   25.7812
    7.5000   37.5000   45.000011208.0273   25.7723
   -7.5000   45.0000   45.000010746.8477   25.2510
    0.0000   45.0000   45.000011244.9521   25.2233
    7.5000   45.0000   45.000010770.6641   25.2289

---------------------------------------------------------------------
imgreg_4dfp /opt/freesurfer/average/711-2C_as_mni_average_305 /opt/freesurfer/average/711-2B_as_mni_average_305_mask talsrcimg_g11 none talsrcimg_to_711-2C_as_mni_average_305_t4 4355
---------------------------------------------------------------------

freesurfer imgreg_4dfp.c
/opt/freesurfer/average/711-2C_as_mni_average_305.4dfp.img
       256       256       256         1
  1.000000  1.000000  1.000000
orientation T byte_order littleendian
Reading image: /opt/freesurfer/average/711-2C_as_mni_average_305.4dfp.img
dimensions:      256       256       256
mmppix:       1.0000   -1.0000   -1.0000
center:     128.0000 -129.0000 -129.0000
/opt/freesurfer/average/711-2B_as_mni_average_305_mask.4dfp.img
       256       256       256         1
  1.000000  1.000000  1.000000
orientation T byte_order littleendian
Reading mask: /opt/freesurfer/average/711-2B_as_mni_average_305_mask.4dfp.img (2306576 pixels)
talsrcimg_g11.4dfp.img
       256       256       256         1
  1.000000  1.000000  1.000000
orientation T byte_order littleendian
Reading image: talsrcimg_g11.4dfp.img
dimensions:      256       256       256
mmppix:       1.0000   -1.0000   -1.0000
center:     128.0000 -129.0000 -129.0000
rotation matrix determinant  1.000000
image alignment mode   4355 decimal     1103 hex
   -7.5000  -37.5000  -45.0000 1776.5594   42.3865
    0.0000  -37.5000  -45.0000 1773.8513   41.8925
    7.5000  -37.5000  -45.0000 1762.2948   42.3667
   -7.5000  -30.0000  -45.0000 1890.7853   37.1070
    0.0000  -30.0000  -45.0000 1890.0918   36.7495
    7.5000  -30.0000  -45.0000 1877.6621   37.1049
   -7.5000  -22.5000  -45.0000 1993.3801   33.0401
    0.0000  -22.5000  -45.0000 1994.9164   32.7502
    7.5000  -22.5000  -45.0000 1980.4397   33.0346
   -7.5000  -15.0000  -45.0000 2091.5354   29.7093
    0.0000  -15.0000  -45.0000 2097.7688   29.6127
    7.5000  -15.0000  -45.0000 2083.4016   29.7401
   -7.5000   -7.5000  -45.0000 2178.6531   27.3724
    0.0000   -7.5000  -45.0000 2185.0269   27.3623
    7.5000   -7.5000  -45.0000 2173.1575   27.4199
   -7.5000    0.0000  -45.0000 2237.2354   25.6409
    0.0000    0.0000  -45.0000 2242.9124   25.6143
    7.5000    0.0000  -45.0000 2234.3738   25.6942
   -7.5000    7.5000  -45.0000 2276.8252   24.5080
    0.0000    7.5000  -45.0000 2283.1594   24.4349
    7.5000    7.5000  -45.0000 2272.0159   24.5266
   -7.5000   15.0000  -45.0000 2296.2402   23.8637
    0.0000   15.0000  -45.0000 2303.4478   23.7368
    7.5000   15.0000  -45.0000 2292.9978   23.8790
   -7.5000   22.5000  -45.0000 2300.1394   23.7360
    0.0000   22.5000  -45.0000 2314.9775   23.6377
    7.5000   22.5000  -45.0000 2302.4736   23.7966
   -7.5000   30.0000  -45.0000 2293.1470   23.9754
    0.0000   30.0000  -45.0000 2312.0396   23.8978
    7.5000   30.0000  -45.0000 2293.9482   24.0789
   -7.5000   37.5000  -45.0000 2263.7927   24.6889
    0.0000   37.5000  -45.0000 2285.6663   24.5543
    7.5000   37.5000  -45.0000 2261.7124   24.7081
   -7.5000   45.0000  -45.0000 2215.4065   25.7814
    0.0000   45.0000  -45.0000 2234.5435   25.6791
    7.5000   45.0000  -45.0000 2215.8359   25.8158
   -7.5000   52.5000  -45.0000 2133.0952   27.1033
    0.0000   52.5000  -45.0000 2149.1255   27.0326
    7.5000   52.5000  -45.0000 2130.1191   27.1862
   -7.5000  -37.5000  -37.5000 1825.5300   39.4428
    0.0000  -37.5000  -37.5000 1830.8115   39.1597
    7.5000  -37.5000  -37.5000 1825.2395   39.5924
   -7.5000  -30.0000  -37.5000 1943.1772   34.5150
    0.0000  -30.0000  -37.5000 1952.3634   34.3217
    7.5000  -30.0000  -37.5000 1941.7288   34.5921
   -7.5000  -22.5000  -37.5000 2064.4744   30.6995
    0.0000  -22.5000  -37.5000 2076.4866   30.5373
    7.5000  -22.5000  -37.5000 2062.1560   30.6469
   -7.5000  -15.0000  -37.5000 2169.1179   27.5784
    0.0000  -15.0000  -37.5000 2179.1582   27.5889
    7.5000  -15.0000  -37.5000 2164.7910   27.6091
   -7.5000   -7.5000  -37.5000 2265.5042   25.3178
    0.0000   -7.5000  -37.5000 2270.9487   25.3525
    7.5000   -7.5000  -37.5000 2263.4185   25.3518
   -7.5000    0.0000  -37.5000 2336.8071   23.7144
    0.0000    0.0000  -37.5000 2343.1228   23.7454
    7.5000    0.0000  -37.5000 2331.4136   23.7757
   -7.5000    7.5000  -37.5000 2370.5034   22.6759
    0.0000    7.5000  -37.5000 2382.1433   22.6605
    7.5000    7.5000  -37.5000 2363.6462   22.7399
   -7.5000   15.0000  -37.5000 2389.6587   22.0577
    0.0000   15.0000  -37.5000 2405.4517   22.0099
    7.5000   15.0000  -37.5000 2384.0945   22.1276
   -7.5000   22.5000  -37.5000 2397.8462   21.9221
    0.0000   22.5000  -37.5000 2413.8186   21.7976
    7.5000   22.5000  -37.5000 2393.8047   21.9713
   -7.5000   30.0000  -37.5000 2388.1658   21.9832
    0.0000   30.0000  -37.5000 2405.1140   21.9063
    7.5000   30.0000  -37.5000 2385.7017   22.0512
   -7.5000   37.5000  -37.5000 2365.2385   22.5926
    0.0000   37.5000  -37.5000 2386.8843   22.4707
    7.5000   37.5000  -37.5000 2370.0715   22.6770
   -7.5000   45.0000  -37.5000 2319.6023   23.6292
    0.0000   45.0000  -37.5000 2340.4026   23.5353
    7.5000   45.0000  -37.5000 2325.6147   23.7232
   -7.5000   52.5000  -37.5000 2228.8030   24.8694
    0.0000   52.5000  -37.5000 2248.2480   24.7809
    7.5000   52.5000  -37.5000 2232.2471   24.9443
   -7.5000  -37.5000  -30.0000 1901.4764   38.1167
    0.0000  -37.5000  -30.0000 1907.3198   37.9010
    7.5000  -37.5000  -30.0000 1909.2781   38.2885
   -7.5000  -30.0000  -30.0000 2034.5532   33.3423
    0.0000  -30.0000  -30.0000 2046.7794   33.2028
    7.5000  -30.0000  -30.0000 2041.2366   33.4075
   -7.5000  -22.5000  -30.0000 2169.2715   29.6622
    0.0000  -22.5000  -30.0000 2178.6379   29.5766
    7.5000  -22.5000  -30.0000 2170.4973   29.5999
   -7.5000  -15.0000  -30.0000 2286.7764   26.7278
    0.0000  -15.0000  -30.0000 2297.8374   26.6783
    7.5000  -15.0000  -30.0000 2292.4878   26.6570
   -7.5000   -7.5000  -30.0000 2387.2739   24.3443
    0.0000   -7.5000  -30.0000 2397.8694   24.3420
    7.5000   -7.5000  -30.0000 2388.8687   24.3376
   -7.5000    0.0000  -30.0000 2465.5396   22.7420
    0.0000    0.0000  -30.0000 2478.0071   22.7489
    7.5000    0.0000  -30.0000 2461.7000   22.7874
   -7.5000    7.5000  -30.0000 2503.5229   21.7694
    0.0000    7.5000  -30.0000 2521.1555   21.7188
    7.5000    7.5000  -30.0000 2499.3250   21.8209
   -7.5000   15.0000  -30.0000 2523.6497   21.1467
    0.0000   15.0000  -30.0000 2544.7141   21.0714
    7.5000   15.0000  -30.0000 2524.0452   21.2073
   -7.5000   22.5000  -30.0000 2537.0403   20.9837
    0.0000   22.5000  -30.0000 2552.3564   20.8363
    7.5000   22.5000  -30.0000 2536.2056   21.0190
   -7.5000   30.0000  -30.0000 2532.5305   21.0140
    0.0000   30.0000  -30.0000 2548.4609   20.8672
    7.5000   30.0000  -30.0000 2536.6030   21.1073
   -7.5000   37.5000  -30.0000 2513.0581   21.5752
    0.0000   37.5000  -30.0000 2528.5083   21.3752
    7.5000   37.5000  -30.0000 2509.4563   21.6390
   -7.5000   45.0000  -30.0000 2465.5732   22.5350
    0.0000   45.0000  -30.0000 2483.3613   22.3508
    7.5000   45.0000  -30.0000 2462.9248   22.5521
   -7.5000   52.5000  -30.0000 2370.5220   23.6775
    0.0000   52.5000  -30.0000 2390.2446   23.5667
    7.5000   52.5000  -30.0000 2371.1982   23.7298
   -7.5000  -37.5000  -22.5000 1963.2784   36.6576
    0.0000  -37.5000  -22.5000 1968.7375   36.5896
    7.5000  -37.5000  -22.5000 1963.2108   36.8808
   -7.5000  -30.0000  -22.5000 2108.4487   32.0838
    0.0000  -30.0000  -22.5000 2113.1082   32.0164
    7.5000  -30.0000  -22.5000 2105.1692   32.2083
   -7.5000  -22.5000  -22.5000 2254.9260   28.4970
    0.0000  -22.5000  -22.5000 2262.9102   28.4466
    7.5000  -22.5000  -22.5000 2252.9890   28.4758
   -7.5000  -15.0000  -22.5000 2382.3406   25.6052
    0.0000  -15.0000  -22.5000 2394.8298   25.5785
    7.5000  -15.0000  -22.5000 2381.3162   25.5927
   -7.5000   -7.5000  -22.5000 2486.8494   23.3656
    0.0000   -7.5000  -22.5000 2499.6240   23.3374
    7.5000   -7.5000  -22.5000 2482.7815   23.3588
   -7.5000    0.0000  -22.5000 2565.8650   21.7419
    0.0000    0.0000  -22.5000 2577.8008   21.6593
    7.5000    0.0000  -22.5000 2555.9824   21.7086
   -7.5000    7.5000  -22.5000 2614.1824   20.7010
    0.0000    7.5000  -22.5000 2629.1184   20.5389
    7.5000    7.5000  -22.5000 2606.0981   20.6506
   -7.5000   15.0000  -22.5000 2648.5095   20.0890
    0.0000   15.0000  -22.5000 2663.5171   19.9297
    7.5000   15.0000  -22.5000 2646.6450   20.0847
   -7.5000   22.5000  -22.5000 2662.8867   19.9381
    0.0000   22.5000  -22.5000 2674.0967   19.7520
    7.5000   22.5000  -22.5000 2666.9614   19.9422
   -7.5000   30.0000  -22.5000 2653.5928   20.0069
    0.0000   30.0000  -22.5000 2669.4443   19.8342
    7.5000   30.0000  -22.5000 2653.5967   20.0544
   -7.5000   37.5000  -22.5000 2633.7095   20.4958
    0.0000   37.5000  -22.5000 2650.5537   20.3022
    7.5000   37.5000  -22.5000 2626.7871   20.5438
   -7.5000   45.0000  -22.5000 2583.9055   21.3581
    0.0000   45.0000  -22.5000 2602.6626   21.1598
    7.5000   45.0000  -22.5000 2583.5459   21.4175
   -7.5000   52.5000  -22.5000 2483.0132   22.4373
    0.0000   52.5000  -22.5000 2507.5520   22.2249
    7.5000   52.5000  -22.5000 2492.2590   22.4661
   -7.5000  -37.5000  -15.0000 2002.6097   35.6224
    0.0000  -37.5000  -15.0000 2009.6118   35.5183
    7.5000  -37.5000  -15.0000 2001.1489   35.6635
   -7.5000  -30.0000  -15.0000 2153.4961   30.9929
    0.0000  -30.0000  -15.0000 2160.1831   30.9021
    7.5000  -30.0000  -15.0000 2149.5989   31.0279
   -7.5000  -22.5000  -15.0000 2305.8000   27.3795
    0.0000  -22.5000  -15.0000 2317.9336   27.3686
    7.5000  -22.5000  -15.0000 2301.8848   27.3981
   -7.5000  -15.0000  -15.0000 2433.6533   24.5058
    0.0000  -15.0000  -15.0000 2453.7966   24.4932
    7.5000  -15.0000  -15.0000 2432.0156   24.5778
   -7.5000   -7.5000  -15.0000 2543.7793   22.3607
    0.0000   -7.5000  -15.0000 2562.1672   22.2807
    7.5000   -7.5000  -15.0000 2539.5635   22.3972
   -7.5000    0.0000  -15.0000 2626.9167   20.7811
    0.0000    0.0000  -15.0000 2647.4504   20.6499
    7.5000    0.0000  -15.0000 2622.2454   20.7678
   -7.5000    7.5000  -15.0000 2692.4446   19.6539
    0.0000    7.5000  -15.0000 2708.5156   19.4400
    7.5000    7.5000  -15.0000 2690.9871   19.6280
   -7.5000   15.0000  -15.0000 2735.1587   18.9756
    0.0000   15.0000  -15.0000 2750.0090   18.8138
    7.5000   15.0000  -15.0000 2728.9912   19.0226
   -7.5000   22.5000  -15.0000 2751.8772   18.7708
    0.0000   22.5000  -15.0000 2771.5625   18.6524
    7.5000   22.5000  -15.0000 2752.3296   18.7960
   -7.5000   30.0000  -15.0000 2743.4844   18.9279
    0.0000   30.0000  -15.0000 2769.0369   18.7987
    7.5000   30.0000  -15.0000 2745.3333   18.9999
   -7.5000   37.5000  -15.0000 2724.7905   19.4980
    0.0000   37.5000  -15.0000 2745.6780   19.3087
    7.5000   37.5000  -15.0000 2723.3672   19.5666
   -7.5000   45.0000  -15.0000 2670.8191   20.3018
    0.0000   45.0000  -15.0000 2691.3611   20.0848
    7.5000   45.0000  -15.0000 2674.7195   20.3558
   -7.5000   52.5000  -15.0000 2570.9351   21.3523
    0.0000   52.5000  -15.0000 2585.9172   21.0637
    7.5000   52.5000  -15.0000 2576.8713   21.3700
   -7.5000  -37.5000   -7.5000 2028.2731   34.4801
    0.0000  -37.5000   -7.5000 2042.6917   34.5410
    7.5000  -37.5000   -7.5000 2031.1729   34.7539
   -7.5000  -30.0000   -7.5000 2180.1201   30.0065
    0.0000  -30.0000   -7.5000 2195.6631   29.9153
    7.5000  -30.0000   -7.5000 2179.6736   30.1223
   -7.5000  -22.5000   -7.5000 2324.7129   26.4538
    0.0000  -22.5000   -7.5000 2346.4321   26.3612
    7.5000  -22.5000   -7.5000 2326.5845   26.5069
   -7.5000  -15.0000   -7.5000 2452.1392   23.6645
    0.0000  -15.0000   -7.5000 2475.3594   23.5487
    7.5000  -15.0000   -7.5000 2453.5583   23.6979
   -7.5000   -7.5000   -7.5000 2570.1614   21.5209
    0.0000   -7.5000   -7.5000 2593.9797   21.4310
    7.5000   -7.5000   -7.5000 2571.9724   21.5702
   -7.5000    0.0000   -7.5000 2668.7551   19.9101
    0.0000    0.0000   -7.5000 2695.8831   19.8230
    7.5000    0.0000   -7.5000 2673.1526   19.9707
   -7.5000    7.5000   -7.5000 2743.6509   18.7153
    0.0000    7.5000   -7.5000 2770.3198   18.5917
    7.5000    7.5000   -7.5000 2748.9121   18.7765
   -7.5000   15.0000   -7.5000 2788.9421   17.9280
    0.0000   15.0000   -7.5000 2810.6514   17.8052
    7.5000   15.0000   -7.5000 2783.5972   18.0689
   -7.5000   22.5000   -7.5000 2822.6851   17.6302
    0.0000   22.5000   -7.5000 2845.2026   17.5624
    7.5000   22.5000   -7.5000 2822.1609   17.8034
   -7.5000   30.0000   -7.5000 2821.8677   17.9183
    0.0000   30.0000   -7.5000 2849.3306   17.7794
    7.5000   30.0000   -7.5000 2831.5510   18.0421
   -7.5000   37.5000   -7.5000 2798.0845   18.5125
    0.0000   37.5000   -7.5000 2822.7102   18.3462
    7.5000   37.5000   -7.5000 2813.8140   18.6554
   -7.5000   45.0000   -7.5000 2736.8269   19.3404
    0.0000   45.0000   -7.5000 2756.7134   19.1052
    7.5000   45.0000   -7.5000 2752.0142   19.4241
   -7.5000   52.5000   -7.5000 2637.1780   20.4036
    0.0000   52.5000   -7.5000 2651.7317   20.1090
    7.5000   52.5000   -7.5000 2639.9260   20.4369
   -7.5000  -37.5000    0.0000 2031.2012   33.8968
    0.0000  -37.5000    0.0000 2046.8815   33.8704
    7.5000  -37.5000    0.0000 2037.8262   34.0312
   -7.5000  -30.0000    0.0000 2176.9351   29.3663
    0.0000  -30.0000    0.0000 2196.8420   29.2248
    7.5000  -30.0000    0.0000 2185.6108   29.5224
   -7.5000  -22.5000    0.0000 2317.0547   25.8065
    0.0000  -22.5000    0.0000 2342.4143   25.6390
    7.5000  -22.5000    0.0000 2328.8770   25.9440
   -7.5000  -15.0000    0.0000 2450.2725   23.0755
    0.0000  -15.0000    0.0000 2473.7471   22.9130
    7.5000  -15.0000    0.0000 2464.2256   23.2262
   -7.5000   -7.5000    0.0000 2573.7283   20.9586
    0.0000   -7.5000    0.0000 2599.4478   20.8408
    7.5000   -7.5000    0.0000 2589.8079   21.0931
   -7.5000    0.0000    0.0000 2676.8235   19.3373
    0.0000    0.0000    0.0000 2707.3811   19.2210
    7.5000    0.0000    0.0000 2697.2637   19.4687
   -7.5000    7.5000    0.0000 2769.5198   18.1788
    0.0000    7.5000    0.0000 2805.8684   18.0796
    7.5000    7.5000    0.0000 2790.7153   18.2804
   -7.5000   15.0000    0.0000 2822.7175   17.2589
    0.0000   15.0000    0.0000 2862.1658   17.1369
    7.5000   15.0000    0.0000 2836.1311   17.4314
   -7.5000   22.5000    0.0000 2865.5339   16.8488
    0.0000   22.5000    0.0000 2901.9351   16.7431
    7.5000   22.5000    0.0000 2879.5144   17.1148
   -7.5000   30.0000    0.0000 2874.0330   17.1460
    0.0000   30.0000    0.0000 2905.7363   16.9788
    7.5000   30.0000    0.0000 2896.2568   17.3574
   -7.5000   37.5000    0.0000 2845.8669   17.7833
    0.0000   37.5000    0.0000 2873.6782   17.5499
    7.5000   37.5000    0.0000 2875.2041   17.9362
   -7.5000   45.0000    0.0000 2791.4351   18.7100
    0.0000   45.0000    0.0000 2811.4602   18.3953
    7.5000   45.0000    0.0000 2811.0571   18.8249
   -7.5000   52.5000    0.0000 2684.1592   19.7383
    0.0000   52.5000    0.0000 2702.5759   19.4168
    7.5000   52.5000    0.0000 2693.3926   19.8415
   -7.5000  -37.5000    7.5000 2024.9382   33.9448
    0.0000  -37.5000    7.5000 2043.2942   33.7027
    7.5000  -37.5000    7.5000 2032.2435   34.0439
   -7.5000  -30.0000    7.5000 2169.5117   29.3519
    0.0000  -30.0000    7.5000 2185.5562   28.9362
    7.5000  -30.0000    7.5000 2179.1094   29.3647
   -7.5000  -22.5000    7.5000 2306.5615   25.6948
    0.0000  -22.5000    7.5000 2324.5515   25.3048
    7.5000  -22.5000    7.5000 2319.3210   25.6842
   -7.5000  -15.0000    7.5000 2436.0427   22.8494
    0.0000  -15.0000    7.5000 2454.7363   22.5505
    7.5000  -15.0000    7.5000 2452.3228   22.9026
   -7.5000   -7.5000    7.5000 2561.7419   20.6631
    0.0000   -7.5000    7.5000 2585.2385   20.4239
    7.5000   -7.5000    7.5000 2582.9219   20.7480
   -7.5000    0.0000    7.5000 2669.8921   18.9936
    0.0000    0.0000    7.5000 2699.7810   18.8153
    7.5000    0.0000    7.5000 2696.2175   19.1377
   -7.5000    7.5000    7.5000 2777.9980   17.8835
    0.0000    7.5000    7.5000 2815.8665   17.7342
    7.5000    7.5000    7.5000 2806.2732   17.9760
   -7.5000   15.0000    7.5000 2852.1724   17.0343
    0.0000   15.0000    7.5000 2905.4783   16.9315
    7.5000   15.0000    7.5000 2879.3062   17.1235
   -7.5000   22.5000    7.5000 2902.0261   16.4603
    0.0000   22.5000    7.5000 2945.8545   16.2964
    7.5000   22.5000    7.5000 2927.9509   16.7172
   -7.5000   30.0000    7.5000 2905.6392   16.7113
    0.0000   30.0000    7.5000 2946.4468   16.5085
    7.5000   30.0000    7.5000 2935.1289   16.9831
   -7.5000   37.5000    7.5000 2883.7024   17.4039
    0.0000   37.5000    7.5000 2915.6074   17.1363
    7.5000   37.5000    7.5000 2908.0061   17.5273
   -7.5000   45.0000    7.5000 2822.9861   18.2967
    0.0000   45.0000    7.5000 2855.4172   18.0050
    7.5000   45.0000    7.5000 2844.6345   18.3262
   -7.5000   52.5000    7.5000 2708.1392   19.3708
    0.0000   52.5000    7.5000 2736.8357   19.0690
    7.5000   52.5000    7.5000 2724.9360   19.3759
   -7.5000  -37.5000   15.0000 2004.0475   34.2681
    0.0000  -37.5000   15.0000 2023.5830   34.0143
    7.5000  -37.5000   15.0000 2018.0377   34.4219
   -7.5000  -30.0000   15.0000 2146.8511   29.5987
    0.0000  -30.0000   15.0000 2163.8806   29.2096
    7.5000  -30.0000   15.0000 2157.5544   29.5671
   -7.5000  -22.5000   15.0000 2280.2612   25.8418
    0.0000  -22.5000   15.0000 2298.5967   25.4018
    7.5000  -22.5000   15.0000 2290.3359   25.7470
   -7.5000  -15.0000   15.0000 2410.6882   22.9294
    0.0000  -15.0000   15.0000 2424.8220   22.4723
    7.5000  -15.0000   15.0000 2421.5300   22.8429
   -7.5000   -7.5000   15.0000 2537.6125   20.7037
    0.0000   -7.5000   15.0000 2551.1858   20.2950
    7.5000   -7.5000   15.0000 2547.1328   20.6268
   -7.5000    0.0000   15.0000 2648.8484   19.0112
    0.0000    0.0000   15.0000 2668.1270   18.6607
    7.5000    0.0000   15.0000 2668.1736   19.0095
   -7.5000    7.5000   15.0000 2761.4338   17.8931
    0.0000    7.5000   15.0000 2790.4333   17.5774
    7.5000    7.5000   15.0000 2792.2971   17.8709
   -7.5000   15.0000   15.0000 2853.4827   17.1633
    0.0000   15.0000   15.0000 2899.3252   16.9209
    7.5000   15.0000   15.0000 2884.7859   17.0917
   -7.5000   22.5000   15.0000 2923.2810   16.6956
    0.0000   22.5000   15.0000 2981.3281   16.4854
    7.5000   22.5000   15.0000 2945.5244   16.7059
   -7.5000   30.0000   15.0000 2925.2239   16.7334
    0.0000   30.0000   15.0000 2974.3582   16.3815
    7.5000   30.0000   15.0000 2934.5442   16.6722
   -7.5000   37.5000   15.0000 2892.8679   17.2075
    0.0000   37.5000   15.0000 2929.0774   16.8621
    7.5000   37.5000   15.0000 2903.8625   17.0828
   -7.5000   45.0000   15.0000 2820.8259   18.0660
    0.0000   45.0000   15.0000 2854.2563   17.8168
    7.5000   45.0000   15.0000 2835.3613   18.0080
   -7.5000   52.5000   15.0000 2713.5012   19.1561
    0.0000   52.5000   15.0000 2735.0193   18.9405
    7.5000   52.5000   15.0000 2723.0518   19.1025
   -7.5000  -37.5000   22.5000 1977.2531   35.1569
    0.0000  -37.5000   22.5000 1990.6649   34.6640
    7.5000  -37.5000   22.5000 1983.8619   35.1093
   -7.5000  -30.0000   22.5000 2121.5347   30.0923
    0.0000  -30.0000   22.5000 2138.6421   29.5831
    7.5000  -30.0000   22.5000 2132.5352   30.0131
   -7.5000  -22.5000   22.5000 2252.0945   26.1863
    0.0000  -22.5000   22.5000 2263.6406   25.5604
    7.5000  -22.5000   22.5000 2263.6958   26.0037
   -7.5000  -15.0000   22.5000 2382.5010   23.3050
    0.0000  -15.0000   22.5000 2384.4988   22.6456
    7.5000  -15.0000   22.5000 2389.6255   23.0710
   -7.5000   -7.5000   22.5000 2504.2844   21.1287
    0.0000   -7.5000   22.5000 2507.2192   20.5259
    7.5000   -7.5000   22.5000 2513.4412   20.9427
   -7.5000    0.0000   22.5000 2624.5278   19.5025
    0.0000    0.0000   22.5000 2633.5308   18.9640
    7.5000    0.0000   22.5000 2638.9609   19.3327
   -7.5000    7.5000   22.5000 2742.3494   18.3888
    0.0000    7.5000   22.5000 2756.7830   17.8948
    7.5000    7.5000   22.5000 2757.5386   18.1829
   -7.5000   15.0000   22.5000 2840.0547   17.6672
    0.0000   15.0000   22.5000 2870.5481   17.2803
    7.5000   15.0000   22.5000 2854.8123   17.4667
   -7.5000   22.5000   22.5000 2910.5208   17.2044
    0.0000   22.5000   22.5000 2946.3872   16.7201
    7.5000   22.5000   22.5000 2917.7305   16.9476
   -7.5000   30.0000   22.5000 2920.2004   17.1532
    0.0000   30.0000   22.5000 2962.3064   16.8122
    7.5000   30.0000   22.5000 2925.3340   16.9155
   -7.5000   37.5000   22.5000 2887.5740   17.5286
    0.0000   37.5000   22.5000 2925.9106   17.3313
    7.5000   37.5000   22.5000 2897.6316   17.4046
   -7.5000   45.0000   22.5000 2815.5615   18.3390
    0.0000   45.0000   22.5000 2848.2209   18.1520
    7.5000   45.0000   22.5000 2825.4839   18.2845
   -7.5000   52.5000   22.5000 2701.8320   19.3841
    0.0000   52.5000   22.5000 2721.6553   19.1723
    7.5000   52.5000   22.5000 2709.4431   19.3397
   -7.5000  -37.5000   30.0000 1930.6091   36.3141
    0.0000  -37.5000   30.0000 1938.6543   35.6031
    7.5000  -37.5000   30.0000 1941.5568   36.0609
   -7.5000  -30.0000   30.0000 2083.2302   31.1040
    0.0000  -30.0000   30.0000 2095.0457   30.3313
    7.5000  -30.0000   30.0000 2098.9578   30.7759
   -7.5000  -22.5000   30.0000 2220.2776   27.0734
    0.0000  -22.5000   30.0000 2225.1033   26.2806
    7.5000  -22.5000   30.0000 2229.2244   26.6780
   -7.5000  -15.0000   30.0000 2344.5366   24.0493
    0.0000  -15.0000   30.0000 2348.2197   23.3143
    7.5000  -15.0000   30.0000 2351.0120   23.7283
   -7.5000   -7.5000   30.0000 2460.4690   21.8515
    0.0000   -7.5000   30.0000 2463.4468   21.1736
    7.5000   -7.5000   30.0000 2465.5007   21.5690
   -7.5000    0.0000   30.0000 2583.6833   20.2518
    0.0000    0.0000   30.0000 2590.1326   19.5935
    7.5000    0.0000   30.0000 2591.9988   19.9781
   -7.5000    7.5000   30.0000 2700.9563   19.0848
    0.0000    7.5000   30.0000 2708.3201   18.5001
    7.5000    7.5000   30.0000 2712.4041   18.8359
   -7.5000   15.0000   30.0000 2788.9163   18.2164
    0.0000   15.0000   30.0000 2813.5791   17.6349
    7.5000   15.0000   30.0000 2803.6418   17.9296
   -7.5000   22.5000   30.0000 2855.8611   17.6723
    0.0000   22.5000   30.0000 2888.6638   17.1340
    7.5000   22.5000   30.0000 2870.8408   17.3811
   -7.5000   30.0000   30.0000 2875.2544   17.6134
    0.0000   30.0000   30.0000 2918.6499   17.2642
    7.5000   30.0000   30.0000 2893.2441   17.4597
   -7.5000   37.5000   30.0000 2843.2563   18.0548
    0.0000   37.5000   30.0000 2887.2981   17.7771
    7.5000   37.5000   30.0000 2865.9509   17.9980
   -7.5000   45.0000   30.0000 2780.5994   18.9136
    0.0000   45.0000   30.0000 2818.7468   18.6600
    7.5000   45.0000   30.0000 2805.3718   18.9034
   -7.5000   52.5000   30.0000 2666.1431   19.9617
    0.0000   52.5000   30.0000 2684.3843   19.7382
    7.5000   52.5000   30.0000 2679.3435   19.9494
   -7.5000  -37.5000   37.5000 1879.4044   37.9978
    0.0000  -37.5000   37.5000 1888.3783   37.0188
    7.5000  -37.5000   37.5000 1896.9221   37.4111
   -7.5000  -30.0000   37.5000 2032.6783   32.4107
    0.0000  -30.0000   37.5000 2043.8859   31.5963
    7.5000  -30.0000   37.5000 2043.7635   31.9200
   -7.5000  -22.5000   37.5000 2176.3684   28.1855
    0.0000  -22.5000   37.5000 2183.6040   27.4455
    7.5000  -22.5000   37.5000 2176.6909   27.8216
   -7.5000  -15.0000   37.5000 2296.7639   25.1274
    0.0000  -15.0000   37.5000 2306.7034   24.4765
    7.5000  -15.0000   37.5000 2300.7849   24.8034
   -7.5000   -7.5000   37.5000 2417.9500   22.9519
    0.0000   -7.5000   37.5000 2429.3025   22.2583
    7.5000   -7.5000   37.5000 2421.2029   22.5835
   -7.5000    0.0000   37.5000 2534.7927   21.2250
    0.0000    0.0000   37.5000 2548.3862   20.5511
    7.5000    0.0000   37.5000 2545.9299   20.8749
   -7.5000    7.5000   37.5000 2646.1836   19.8809
    0.0000    7.5000   37.5000 2654.2881   19.1907
    7.5000    7.5000   37.5000 2656.8062   19.5472
   -7.5000   15.0000   37.5000 2730.9656   18.9785
    0.0000   15.0000   37.5000 2748.3108   18.2553
    7.5000   15.0000   37.5000 2743.5168   18.6157
   -7.5000   22.5000   37.5000 2781.5352   18.3327
    0.0000   22.5000   37.5000 2806.7725   17.8775
    7.5000   22.5000   37.5000 2803.4890   18.1586
   -7.5000   30.0000   37.5000 2808.8562   18.2933
    0.0000   30.0000   37.5000 2837.4673   17.9774
    7.5000   30.0000   37.5000 2826.6438   18.2048
   -7.5000   37.5000   37.5000 2781.9595   18.7647
    0.0000   37.5000   37.5000 2809.5439   18.4649
    7.5000   37.5000   37.5000 2801.4419   18.7463
   -7.5000   45.0000   37.5000 2725.7083   19.6395
    0.0000   45.0000   37.5000 2757.7681   19.3188
    7.5000   45.0000   37.5000 2749.3960   19.6171
   -7.5000   52.5000   37.5000 2615.3433   20.7334
    0.0000   52.5000   37.5000 2643.0107   20.4709
    7.5000   52.5000   37.5000 2634.8992   20.7277
   -7.5000  -37.5000   45.0000 1818.1903   40.1107
    0.0000  -37.5000   45.0000 1832.2053   39.2938
    7.5000  -37.5000   45.0000 1841.3624   39.4780
   -7.5000  -30.0000   45.0000 1971.4226   34.0751
    0.0000  -30.0000   45.0000 1984.7822   33.3738
    7.5000  -30.0000   45.0000 1982.7655   33.5929
   -7.5000  -22.5000   45.0000 2118.1487   29.6900
    0.0000  -22.5000   45.0000 2129.3096   28.9765
    7.5000  -22.5000   45.0000 2125.2849   29.2792
   -7.5000  -15.0000   45.0000 2244.9617   26.5735
    0.0000  -15.0000   45.0000 2254.7793   25.8511
    7.5000  -15.0000   45.0000 2246.6780   26.1146
   -7.5000   -7.5000   45.0000 2362.4849   24.1610
    0.0000   -7.5000   45.0000 2378.9277   23.4617
    7.5000   -7.5000   45.0000 2368.6147   23.7361
   -7.5000    0.0000   45.0000 2475.7214   22.2861
    0.0000    0.0000   45.0000 2495.3259   21.6629
    7.5000    0.0000   45.0000 2487.9702   21.9616
   -7.5000    7.5000   45.0000 2579.2971   20.9103
    0.0000    7.5000   45.0000 2595.3333   20.2116
    7.5000    7.5000   45.0000 2590.9172   20.5365
   -7.5000   15.0000   45.0000 2655.5305   19.9203
    0.0000   15.0000   45.0000 2673.9260   19.2599
    7.5000   15.0000   45.0000 2666.3745   19.5800
   -7.5000   22.5000   45.0000 2702.1348   19.3069
    0.0000   22.5000   45.0000 2722.4802   18.8598
    7.5000   22.5000   45.0000 2721.3887   19.1334
   -7.5000   30.0000   45.0000 2719.0361   19.3029
    0.0000   30.0000   45.0000 2741.6162   18.9448
    7.5000   30.0000   45.0000 2737.2080   19.1680
   -7.5000   37.5000   45.0000 2693.1167   19.7861
    0.0000   37.5000   45.0000 2713.9949   19.4167
    7.5000   37.5000   45.0000 2713.7302   19.6913
   -7.5000   45.0000   45.0000 2645.9951   20.5842
    0.0000   45.0000   45.0000 2673.1973   20.2399
    7.5000   45.0000   45.0000 2666.0005   20.5275
   -7.5000   52.5000   45.0000 2545.1580   21.5825
    0.0000   52.5000   45.0000 2574.0198   21.3385
    7.5000   52.5000   45.0000 2565.5850   21.6090

---------------------------------------------------------------------
imgreg_4dfp /opt/freesurfer/average/711-2C_as_mni_average_305 /opt/freesurfer/average/711-2B_as_mni_average_305_mask talsrcimg_g11 none talsrcimg_to_711-2C_as_mni_average_305_t4 1283
---------------------------------------------------------------------

freesurfer imgreg_4dfp.c
/opt/freesurfer/average/711-2C_as_mni_average_305.4dfp.img
       256       256       256         1
  1.000000  1.000000  1.000000
orientation T byte_order littleendian
Reading image: /opt/freesurfer/average/711-2C_as_mni_average_305.4dfp.img
dimensions:      256       256       256
mmppix:       1.0000   -1.0000   -1.0000
center:     128.0000 -129.0000 -129.0000
/opt/freesurfer/average/711-2B_as_mni_average_305_mask.4dfp.img
       256       256       256         1
  1.000000  1.000000  1.000000
orientation T byte_order littleendian
Reading mask: /opt/freesurfer/average/711-2B_as_mni_average_305_mask.4dfp.img (2306576 pixels)
talsrcimg_g11.4dfp.img
       256       256       256         1
  1.000000  1.000000  1.000000
orientation T byte_order littleendian
Reading image: talsrcimg_g11.4dfp.img
dimensions:      256       256       256
mmppix:       1.0000   -1.0000   -1.0000
center:     128.0000 -129.0000 -129.0000
rotation matrix determinant  1.000000
fimgreg.f
image alignment mode   1283 decimal      503 hex
parameters
    0.0000   22.5000   15.0000    0.0000    0.0000    0.0000
eta,q 0.93616 16.57991
niter,ni,del,rscale     5    3   12.0000    1.2000
parameter  4  1.083441 ->  0.500000 qaram    1.1500
parameter  6  0.508221 ->  0.500000 qaram    1.1500
parameters
    0.2728   24.8034   15.4157   -3.4500   -2.1838   -3.4500
eta,q 0.94382 16.32422
  0.0759  0.0846  0.0720  0.0587  0.0612  0.0577
  0.0698  0.0751  0.0670  0.0582  0.0591  0.0564
  0.0655  0.0669  0.0626  0.0591  0.0576  0.0564
  0.0623  0.0617  0.0610  0.0609  0.0583  0.0576
  0.0641  0.0606  0.0639  0.0635  0.0620  0.0597
  0.0691  0.0629  0.0663  0.0657  0.0680  0.0625
  0.0735  0.0648  0.0684  0.0679  0.0731  0.0661
niter,ni,del,rscale     6    3   12.0000    1.2000
parameters
    0.1238   26.5840   15.2777   -5.4861   -2.3271   -3.0700
eta,q 0.94432 16.24036
  0.0718  0.0740  0.0695  0.0586  0.0609  0.0621
  0.0645  0.0651  0.0625  0.0564  0.0586  0.0592
  0.0588  0.0599  0.0569  0.0556  0.0565  0.0567
  0.0562  0.0562  0.0561  0.0559  0.0556  0.0556
  0.0590  0.0563  0.0603  0.0584  0.0560  0.0563
  0.0654  0.0584  0.0650  0.0607  0.0580  0.0579
  0.0736  0.0603  0.0684  0.0626  0.0624  0.0611
niter,ni,del,rscale     5    3   12.0000    1.2000
parameter  4  0.720761 ->  0.500000 qaram    1.3225
parameters
    0.3296   28.3622   15.0369   -9.4536   -2.4617   -2.6521
eta,q 0.94828 16.24991
  0.0718  0.0681  0.0681  0.0547  0.0612  0.0605
  0.0647  0.0619  0.0607  0.0519  0.0566  0.0577
  0.0592  0.0578  0.0556  0.0529  0.0536  0.0545
  0.0557  0.0555  0.0558  0.0555  0.0519  0.0520
  0.0566  0.0558  0.0600  0.0580  0.0532  0.0522
  0.0625  0.0565  0.0643  0.0606  0.0568  0.0555
  0.0708  0.0585  0.0671  0.0626  0.0626  0.0597
niter,ni,del,rscale     5    3   12.0000    1.2000
parameters
    0.5413   30.2989   14.2917  -10.1252   -2.5408   -2.6897
eta,q 0.94994 16.20623
  0.0708  0.0693  0.0635  0.0604  0.0600  0.0582
  0.0625  0.0637  0.0550  0.0550  0.0551  0.0552
  0.0560  0.0570  0.0500  0.0501  0.0519  0.0520
  0.0517  0.0515  0.0518  0.0504  0.0500  0.0500
  0.0539  0.0519  0.0577  0.0530  0.0512  0.0506
  0.0609  0.0537  0.0633  0.0584  0.0550  0.0541
  0.0688  0.0567  0.0644  0.0632  0.0612  0.0597
niter,ni,del,rscale     4    3   12.0000    1.2000
parameters
    0.6654   30.5716   14.1705  -10.4064   -2.6552   -2.7039
eta,q 0.95001 16.21297
  0.0687  0.0639  0.0660  0.0613  0.0597  0.0581
  0.0601  0.0570  0.0573  0.0560  0.0548  0.0551
  0.0539  0.0504  0.0510  0.0508  0.0517  0.0520
  0.0501  0.0500  0.0503  0.0502  0.0500  0.0500
  0.0532  0.0524  0.0548  0.0524  0.0511  0.0505
  0.0593  0.0557  0.0614  0.0572  0.0549  0.0538
  0.0673  0.0607  0.0637  0.0626  0.0611  0.0596
niter,ni,del,rscale     3    3   12.0000    1.2000
parameters
    0.7115   30.6816   14.1310  -10.5179   -2.7143   -2.7054
eta,q 0.94996 16.21626
  0.0681  0.0634  0.0662  0.0618  0.0598  0.0581
  0.0594  0.0563  0.0577  0.0564  0.0550  0.0551
  0.0536  0.0500  0.0513  0.0513  0.0518  0.0520
  0.0500  0.0500  0.0501  0.0501  0.0500  0.0500
  0.0533  0.0527  0.0543  0.0521  0.0511  0.0505
  0.0593  0.0561  0.0609  0.0567  0.0548  0.0537
  0.0675  0.0612  0.0636  0.0623  0.0608  0.0595
niter,ni,del,rscale     2    3   12.0000    1.2000
parameters
    0.7311   30.7312   14.1170  -10.5650   -2.7399   -2.7066
eta,q 0.94991 16.21773
  0.0679  0.0632  0.0662  0.0619  0.0599  0.0581
  0.0592  0.0561  0.0578  0.0566  0.0550  0.0551
  0.0535  0.0499  0.0514  0.0515  0.0519  0.0520
  0.0500  0.0500  0.0501  0.0501  0.0501  0.0501
  0.0533  0.0528  0.0541  0.0520  0.0511  0.0505
  0.0593  0.0563  0.0608  0.0566  0.0547  0.0537
  0.0675  0.0614  0.0635  0.0622  0.0606  0.0595
registration optimization eta report
parameter search radius
    6.0000    6.0000    6.0000    7.9350    6.0000    6.9000
100000*second partial in parameter space
       47.       34.       39.       19.       28.       18.
  0.0679  0.0632  0.0662  0.0619  0.0599  0.0581
  0.0592  0.0561  0.0578  0.0566  0.0550  0.0551
  0.0535  0.0499  0.0514  0.0515  0.0519  0.0520
  0.0500  0.0500  0.0501  0.0501  0.0501  0.0501
  0.0533  0.0528  0.0541  0.0520  0.0511  0.0505
  0.0593  0.0563  0.0608  0.0566  0.0547  0.0537
  0.0675  0.0614  0.0635  0.0622  0.0606  0.0595
    0.7311   30.7312   14.1170  -10.5650   -2.7399   -2.7066
eta,q 0.94991 16.21773

---------------------------------------------------------------------
imgreg_4dfp /opt/freesurfer/average/711-2C_as_mni_average_305 /opt/freesurfer/average/711-2B_as_mni_average_305_mask talsrcimg_g11 none talsrcimg_to_711-2C_as_mni_average_305_t4 3335
---------------------------------------------------------------------

freesurfer imgreg_4dfp.c
/opt/freesurfer/average/711-2C_as_mni_average_305.4dfp.img
       256       256       256         1
  1.000000  1.000000  1.000000
orientation T byte_order littleendian
Reading image: /opt/freesurfer/average/711-2C_as_mni_average_305.4dfp.img
dimensions:      256       256       256
mmppix:       1.0000   -1.0000   -1.0000
center:     128.0000 -129.0000 -129.0000
/opt/freesurfer/average/711-2B_as_mni_average_305_mask.4dfp.img
       256       256       256         1
  1.000000  1.000000  1.000000
orientation T byte_order littleendian
Reading mask: /opt/freesurfer/average/711-2B_as_mni_average_305_mask.4dfp.img (2306576 pixels)
talsrcimg_g11.4dfp.img
       256       256       256         1
  1.000000  1.000000  1.000000
orientation T byte_order littleendian
Reading image: talsrcimg_g11.4dfp.img
dimensions:      256       256       256
mmppix:       1.0000   -1.0000   -1.0000
center:     128.0000 -129.0000 -129.0000
fimgreg.f
image alignment mode   3335 decimal      D07 hex
parameters
    0.7311   30.7312   14.1170   -0.2258   -1.7635   -1.8076
    3.7666    5.5598   -4.7168   18.0927   -4.7802  -18.3141
eta,q 0.94849 16.44669
niter,ni,del,rscale     5    3    5.0000    1.2000
parameter  4  2.183170 ->  0.500000 qaram    1.1500
parameter  5-20.402561 ->  0.500000 qaram    1.1500
parameter  6  0.862264 ->  0.500000 qaram    1.1500
parameters
    0.9950   30.7019   13.8263   -4.3658   -5.9035   -5.9476
    2.5545    6.7242   -3.4023   15.6637   -4.3397  -17.4344
eta,q 0.97095 16.51350
  0.0559  0.0531  0.0533  0.0393  0.0290  0.0296  0.0326  0.0404  0.0341  0.0314  0.0319  0.0318
  0.0536  0.0521  0.0521  0.0412  0.0337  0.0300  0.0311  0.0355  0.0322  0.0296  0.0303  0.0304
  0.0521  0.0516  0.0514  0.0453  0.0380  0.0312  0.0303  0.0320  0.0307  0.0290  0.0294  0.0294
  0.0515  0.0515  0.0515  0.0514  0.0421  0.0349  0.0303  0.0301  0.0299  0.0298  0.0290  0.0290
  0.0517  0.0518  0.0521  0.0581  0.0463  0.0416  0.0311  0.0300  0.0299  0.0315  0.0293  0.0292
  0.0526  0.0523  0.0530  0.0652  0.0503  0.0500  0.0327  0.0318  0.0306  0.0340  0.0300  0.0298
  0.0543  0.0530  0.0542  0.0711  0.0546  0.0576  0.0349  0.0356  0.0319  0.0374  0.0312  0.0306
niter,ni,del,rscale     7    3    5.0000    1.2000
parameter  2  0.632481 ->  0.500000 qaram    1.1500
parameter  5  1.524315 ->  0.500000 qaram    1.3225
parameters
    1.2880   29.3219   12.7066   -8.2625  -10.6645   -7.6106
    2.3951    6.8640   -3.4512   16.2499   -6.3727  -17.8226
eta,q 0.97853 16.28781
  0.0351  0.0283  0.0279  0.0273  0.0202  0.0240  0.0246  0.0260  0.0243  0.0259  0.0218  0.0228
  0.0321  0.0278  0.0273  0.0267  0.0208  0.0227  0.0230  0.0236  0.0228  0.0238  0.0216  0.0219
  0.0301  0.0280  0.0273  0.0266  0.0229  0.0219  0.0219  0.0222  0.0219  0.0224  0.0215  0.0215
  0.0291  0.0290  0.0278  0.0272  0.0266  0.0212  0.0216  0.0216  0.0216  0.0216  0.0215  0.0215
  0.0292  0.0305  0.0288  0.0303  0.0307  0.0211  0.0220  0.0220  0.0220  0.0216  0.0217  0.0217
  0.0304  0.0326  0.0304  0.0365  0.0349  0.0241  0.0232  0.0232  0.0229  0.0227  0.0221  0.0222
  0.0328  0.0351  0.0327  0.0445  0.0394  0.0324  0.0249  0.0258  0.0243  0.0249  0.0226  0.0230
niter,ni,del,rscale     7    3    5.0000    1.2000
parameters
    1.4196   29.5770   13.6786   -8.6237  -15.0286   -6.7379
    2.4296    6.9651   -3.5200   15.6087   -7.3855  -20.1293
eta,q 0.98035 16.04870
  0.0253  0.0270  0.0238  0.0244  0.0222  0.0245  0.0228  0.0242  0.0223  0.0226  0.0205  0.0203
  0.0233  0.0241  0.0228  0.0229  0.0206  0.0226  0.0212  0.0218  0.0210  0.0208  0.0201  0.0198
  0.0220  0.0222  0.0220  0.0218  0.0201  0.0212  0.0202  0.0203  0.0201  0.0199  0.0198  0.0196
  0.0215  0.0215  0.0214  0.0211  0.0212  0.0201  0.0199  0.0199  0.0199  0.0199  0.0198  0.0198
  0.0217  0.0217  0.0211  0.0210  0.0245  0.0195  0.0202  0.0204  0.0202  0.0205  0.0201  0.0202
  0.0228  0.0230  0.0212  0.0222  0.0293  0.0202  0.0212  0.0217  0.0211  0.0217  0.0205  0.0209
  0.0245  0.0252  0.0217  0.0263  0.0336  0.0239  0.0227  0.0239  0.0224  0.0236  0.0210  0.0216
niter,ni,del,rscale     6    3    5.0000    1.2000
parameters
    1.5288   30.2296   13.7199   -8.0048  -16.1229   -7.1071
    2.3136    7.0145   -3.5088   16.1418   -7.6306  -20.8139
eta,q 0.98059 16.01012
  0.0236  0.0260  0.0210  0.0233  0.0244  0.0233  0.0223  0.0239  0.0220  0.0234  0.0204  0.0206
  0.0215  0.0231  0.0202  0.0216  0.0220  0.0215  0.0207  0.0213  0.0206  0.0213  0.0198  0.0198
  0.0201  0.0209  0.0196  0.0202  0.0201  0.0202  0.0197  0.0198  0.0197  0.0199  0.0195  0.0194
  0.0196  0.0196  0.0194  0.0194  0.0192  0.0194  0.0194  0.0194  0.0194  0.0194  0.0194  0.0194
  0.0200  0.0194  0.0194  0.0190  0.0204  0.0191  0.0198  0.0200  0.0197  0.0198  0.0196  0.0197
  0.0211  0.0202  0.0200  0.0197  0.0236  0.0210  0.0209  0.0214  0.0206  0.0208  0.0200  0.0202
  0.0229  0.0220  0.0210  0.0231  0.0280  0.0255  0.0225  0.0235  0.0220  0.0222  0.0205  0.0209
niter,ni,del,rscale     5    3    5.0000    1.2000
parameters
    1.5725   30.4049   13.6635   -7.8795  -16.3738   -7.1061
    2.2463    7.1057   -3.4933   16.4090   -7.7545  -21.0767
eta,q 0.98057 16.01246
  0.0231  0.0241  0.0209  0.0231  0.0252  0.0236  0.0223  0.0240  0.0219  0.0231  0.0205  0.0208
  0.0210  0.0217  0.0201  0.0215  0.0227  0.0218  0.0208  0.0212  0.0206  0.0210  0.0199  0.0199
  0.0198  0.0201  0.0196  0.0202  0.0207  0.0204  0.0198  0.0198  0.0197  0.0198  0.0195  0.0195
  0.0194  0.0194  0.0194  0.0194  0.0194  0.0194  0.0194  0.0194  0.0194  0.0194  0.0194  0.0194
  0.0198  0.0197  0.0195  0.0191  0.0199  0.0190  0.0198  0.0200  0.0197  0.0199  0.0196  0.0197
  0.0209  0.0210  0.0201  0.0201  0.0225  0.0205  0.0208  0.0214  0.0206  0.0209  0.0200  0.0201
  0.0228  0.0231  0.0212  0.0240  0.0267  0.0249  0.0225  0.0235  0.0219  0.0224  0.0205  0.0208
niter,ni,del,rscale     4    3    5.0000    1.2000
parameters
    1.5813   30.4573   13.6188   -7.8544  -16.4419   -7.1064
    2.2272    7.1476   -3.4860   16.5171   -7.7890  -21.1699
eta,q 0.98056 16.01449
  0.0229  0.0237  0.0209  0.0231  0.0254  0.0237  0.0224  0.0240  0.0219  0.0229  0.0205  0.0208
  0.0210  0.0214  0.0202  0.0215  0.0229  0.0218  0.0208  0.0212  0.0206  0.0209  0.0199  0.0199
  0.0198  0.0200  0.0196  0.0202  0.0208  0.0204  0.0198  0.0198  0.0198  0.0198  0.0195  0.0195
  0.0194  0.0194  0.0194  0.0194  0.0194  0.0194  0.0194  0.0194  0.0194  0.0194  0.0194  0.0194
  0.0198  0.0198  0.0196  0.0191  0.0198  0.0190  0.0198  0.0201  0.0197  0.0199  0.0196  0.0197
  0.0210  0.0212  0.0201  0.0203  0.0223  0.0205  0.0208  0.0214  0.0206  0.0210  0.0200  0.0201
  0.0229  0.0234  0.0212  0.0242  0.0264  0.0250  0.0224  0.0236  0.0219  0.0225  0.0205  0.0208
niter,ni,del,rscale     3    3    5.0000    1.2000
parameters
    1.5830   30.4760   13.6004   -7.8415  -16.4628   -7.1074
    2.2220    7.1636   -3.4870   16.5579   -7.7992  -21.2106
eta,q 0.98055 16.01579
  0.0229  0.0236  0.0210  0.0231  0.0254  0.0237  0.0224  0.0239  0.0219  0.0229  0.0206  0.0209
  0.0210  0.0214  0.0202  0.0215  0.0230  0.0218  0.0208  0.0212  0.0206  0.0209  0.0199  0.0200
  0.0198  0.0199  0.0197  0.0202  0.0208  0.0204  0.0198  0.0198  0.0198  0.0197  0.0195  0.0195
  0.0194  0.0194  0.0194  0.0194  0.0194  0.0194  0.0194  0.0194  0.0194  0.0194  0.0195  0.0195
  0.0199  0.0199  0.0196  0.0191  0.0197  0.0190  0.0198  0.0201  0.0197  0.0200  0.0196  0.0197
  0.0210  0.0213  0.0201  0.0203  0.0222  0.0205  0.0208  0.0215  0.0206  0.0211  0.0200  0.0201
  0.0229  0.0235  0.0211  0.0242  0.0263  0.0250  0.0224  0.0236  0.0219  0.0226  0.0205  0.0208
registration optimization eta report
parameter search radius
    2.4000    2.7600    2.4000    8.2800    9.5220    8.2800
    7.2000    7.2000    7.2000    7.2000    7.2000    7.2000
100000*second partial in parameter space
       60.       54.       28.        6.        7.        7.
        6.        8.        5.        6.        2.        3.
  0.0229  0.0236  0.0210  0.0231  0.0254  0.0237  0.0224  0.0239  0.0219  0.0229  0.0206  0.0209
  0.0210  0.0214  0.0202  0.0215  0.0230  0.0218  0.0208  0.0212  0.0206  0.0209  0.0199  0.0200
  0.0198  0.0199  0.0197  0.0202  0.0208  0.0204  0.0198  0.0198  0.0198  0.0197  0.0195  0.0195
  0.0194  0.0194  0.0194  0.0194  0.0194  0.0194  0.0194  0.0194  0.0194  0.0194  0.0195  0.0195
  0.0199  0.0199  0.0196  0.0191  0.0197  0.0190  0.0198  0.0201  0.0197  0.0200  0.0196  0.0197
  0.0210  0.0213  0.0201  0.0203  0.0222  0.0205  0.0208  0.0215  0.0206  0.0211  0.0200  0.0201
  0.0229  0.0235  0.0211  0.0242  0.0263  0.0250  0.0224  0.0236  0.0219  0.0226  0.0205  0.0208
    1.5830   30.4760   13.6004   -7.8415  -16.4628   -7.1074
    2.2220    7.1636   -3.4870   16.5579   -7.7992  -21.2106
eta,q 0.98055 16.01579

---------------------------------------------------------------------
imgreg_4dfp /opt/freesurfer/average/711-2C_as_mni_average_305 /opt/freesurfer/average/711-2B_as_mni_average_305_mask talsrcimg_g11 none talsrcimg_to_711-2C_as_mni_average_305_t4 2311
---------------------------------------------------------------------

freesurfer imgreg_4dfp.c
/opt/freesurfer/average/711-2C_as_mni_average_305.4dfp.img
       256       256       256         1
  1.000000  1.000000  1.000000
orientation T byte_order littleendian
Reading image: /opt/freesurfer/average/711-2C_as_mni_average_305.4dfp.img
dimensions:      256       256       256
mmppix:       1.0000   -1.0000   -1.0000
center:     128.0000 -129.0000 -129.0000
/opt/freesurfer/average/711-2B_as_mni_average_305_mask.4dfp.img
       256       256       256         1
  1.000000  1.000000  1.000000
orientation T byte_order littleendian
Reading mask: /opt/freesurfer/average/711-2B_as_mni_average_305_mask.4dfp.img (2306576 pixels)
talsrcimg_g11.4dfp.img
       256       256       256         1
  1.000000  1.000000  1.000000
orientation T byte_order littleendian
Reading image: talsrcimg_g11.4dfp.img
dimensions:      256       256       256
mmppix:       1.0000   -1.0000   -1.0000
center:     128.0000 -129.0000 -129.0000
fimgreg.f
image alignment mode   2311 decimal      907 hex
parameters
    1.5830   30.4760   13.6004   -7.8415  -16.4628   -7.1074
    2.2220    7.1636   -3.4870   16.5579   -7.7992  -21.2106
eta,q 0.98055 16.01578
niter,ni,del,rscale     5    3    5.0000    0.8000
parameters
    1.5699   30.4798   13.6872   -6.0823  -15.7948   -5.6480
    2.0571    7.2369   -3.4522   16.8941   -7.4309  -20.6561
eta,q 0.98114 16.23831
  0.0210  0.0209  0.0202  0.0211  0.0216  0.0211  0.0203  0.0215  0.0201  0.0208  0.0197  0.0197
  0.0201  0.0201  0.0198  0.0204  0.0206  0.0203  0.0195  0.0198  0.0194  0.0197  0.0192  0.0192
  0.0196  0.0196  0.0196  0.0198  0.0197  0.0196  0.0190  0.0189  0.0190  0.0191  0.0189  0.0189
  0.0194  0.0194  0.0195  0.0194  0.0192  0.0191  0.0188  0.0188  0.0188  0.0188  0.0189  0.0189
  0.0196  0.0196  0.0195  0.0192  0.0191  0.0188  0.0190  0.0192  0.0190  0.0190  0.0189  0.0189
  0.0202  0.0201  0.0197  0.0192  0.0196  0.0188  0.0196  0.0199  0.0194  0.0195  0.0191  0.0191
  0.0210  0.0209  0.0201  0.0198  0.0207  0.0198  0.0205  0.0211  0.0201  0.0202  0.0194  0.0193
niter,ni,del,rscale     4    3    5.0000    0.7000
parameters
    1.5955   30.3700   13.1795   -6.3973  -15.5036   -5.4998
    2.1881    7.2196   -3.4460   17.0951   -7.6816  -20.9447
eta,q 0.98128 16.26862
  0.0202  0.0199  0.0190  0.0198  0.0206  0.0201  0.0200  0.0207  0.0197  0.0201  0.0192  0.0192
  0.0195  0.0193  0.0188  0.0193  0.0198  0.0196  0.0193  0.0194  0.0192  0.0193  0.0189  0.0189
  0.0190  0.0189  0.0188  0.0190  0.0192  0.0192  0.0189  0.0188  0.0189  0.0189  0.0187  0.0187
  0.0189  0.0189  0.0189  0.0188  0.0188  0.0188  0.0188  0.0187  0.0187  0.0187  0.0188  0.0187
  0.0190  0.0191  0.0191  0.0188  0.0188  0.0185  0.0188  0.0191  0.0189  0.0189  0.0189  0.0188
  0.0194  0.0195  0.0194  0.0193  0.0193  0.0189  0.0192  0.0196  0.0192  0.0192  0.0191  0.0190
  0.0201  0.0202  0.0200  0.0206  0.0203  0.0204  0.0198  0.0204  0.0197  0.0198  0.0193  0.0193
niter,ni,del,rscale     3    3    5.0000    0.6000
parameters
    1.5463   30.3284   13.1114   -6.2911  -15.4236   -5.2304
    2.1304    7.2776   -3.4057   17.1946   -7.5868  -20.9357
eta,q 0.98136 16.29700
  0.0196  0.0195  0.0192  0.0196  0.0200  0.0198  0.0195  0.0202  0.0194  0.0196  0.0191  0.0191
  0.0191  0.0191  0.0189  0.0192  0.0194  0.0194  0.0190  0.0192  0.0190  0.0190  0.0188  0.0188
  0.0188  0.0188  0.0188  0.0189  0.0189  0.0190  0.0187  0.0187  0.0187  0.0187  0.0187  0.0187
  0.0187  0.0187  0.0187  0.0187  0.0187  0.0187  0.0186  0.0186  0.0186  0.0186  0.0186  0.0186
  0.0188  0.0188  0.0188  0.0187  0.0188  0.0185  0.0187  0.0189  0.0187  0.0187  0.0187  0.0187
  0.0192  0.0192  0.0190  0.0189  0.0192  0.0188  0.0190  0.0193  0.0190  0.0190  0.0188  0.0188
  0.0198  0.0197  0.0193  0.0197  0.0200  0.0199  0.0195  0.0199  0.0193  0.0195  0.0190  0.0190
niter,ni,del,rscale     2    3    5.0000    0.5000
parameters
    1.5318   30.3080   13.0338   -6.0578  -15.3502   -4.9484
    2.1256    7.3178   -3.3741   17.2950   -7.3945  -20.9012
eta,q 0.98145 16.32827
  0.0193  0.0192  0.0189  0.0193  0.0195  0.0196  0.0192  0.0197  0.0191  0.0192  0.0190  0.0189
  0.0189  0.0189  0.0188  0.0190  0.0191  0.0192  0.0188  0.0189  0.0188  0.0188  0.0187  0.0187
  0.0187  0.0187  0.0187  0.0188  0.0188  0.0189  0.0186  0.0186  0.0186  0.0186  0.0186  0.0186
  0.0186  0.0186  0.0186  0.0186  0.0186  0.0186  0.0185  0.0185  0.0185  0.0185  0.0185  0.0185
  0.0187  0.0187  0.0187  0.0186  0.0187  0.0185  0.0186  0.0187  0.0186  0.0186  0.0186  0.0186
  0.0189  0.0189  0.0188  0.0188  0.0190  0.0187  0.0188  0.0190  0.0188  0.0188  0.0187  0.0187
  0.0193  0.0193  0.0191  0.0193  0.0195  0.0195  0.0192  0.0195  0.0190  0.0191  0.0188  0.0188
niter,ni,del,rscale     1    3    5.0000    0.4000
parameters
    1.5030   30.2845   12.9634   -5.8237  -15.2767   -4.6831
    2.1309    7.3557   -3.3462   17.3860   -7.1283  -20.8420
eta,q 0.98153 16.35673
  0.0190  0.0189  0.0188  0.0190  0.0192  0.0193  0.0189  0.0192  0.0188  0.0189  0.0188  0.0187
  0.0187  0.0187  0.0186  0.0188  0.0188  0.0190  0.0187  0.0188  0.0186  0.0187  0.0186  0.0186
  0.0186  0.0186  0.0186  0.0187  0.0186  0.0188  0.0185  0.0185  0.0185  0.0185  0.0185  0.0185
  0.0185  0.0185  0.0185  0.0185  0.0185  0.0185  0.0185  0.0185  0.0185  0.0185  0.0185  0.0185
  0.0186  0.0186  0.0186  0.0185  0.0186  0.0184  0.0185  0.0186  0.0185  0.0185  0.0185  0.0185
  0.0188  0.0187  0.0187  0.0186  0.0188  0.0186  0.0187  0.0188  0.0186  0.0186  0.0186  0.0186
  0.0190  0.0190  0.0188  0.0189  0.0191  0.0192  0.0189  0.0191  0.0188  0.0189  0.0186  0.0186
registration optimization eta report
parameter search radius
    0.8000    0.8000    0.8000    2.4000    2.4000    2.4000
    2.4000    2.4000    2.4000    2.4000    2.4000    2.4000
100000*second partial in parameter space
       70.       62.       40.        8.       10.       12.
        7.       12.        6.        7.        4.        3.
  0.0190  0.0189  0.0188  0.0190  0.0192  0.0193  0.0189  0.0192  0.0188  0.0189  0.0188  0.0187
  0.0187  0.0187  0.0186  0.0188  0.0188  0.0190  0.0187  0.0188  0.0186  0.0187  0.0186  0.0186
  0.0186  0.0186  0.0186  0.0187  0.0186  0.0188  0.0185  0.0185  0.0185  0.0185  0.0185  0.0185
  0.0185  0.0185  0.0185  0.0185  0.0185  0.0185  0.0185  0.0185  0.0185  0.0185  0.0185  0.0185
  0.0186  0.0186  0.0186  0.0185  0.0186  0.0184  0.0185  0.0186  0.0185  0.0185  0.0185  0.0185
  0.0188  0.0187  0.0187  0.0186  0.0188  0.0186  0.0187  0.0188  0.0186  0.0186  0.0186  0.0186
  0.0190  0.0190  0.0188  0.0189  0.0191  0.0192  0.0189  0.0191  0.0188  0.0189  0.0186  0.0186
    1.5030   30.2845   12.9634   -5.8237  -15.2767   -4.6831
    2.1309    7.3557   -3.3462   17.3860   -7.1283  -20.8420
eta,q 0.98153 16.35673

---------------------------------------------------------------------
imgreg_4dfp /opt/freesurfer/average/711-2C_as_mni_average_305 /opt/freesurfer/average/711-2B_as_mni_average_305_mask talsrcimg_g11 none talsrcimg_to_711-2C_as_mni_average_305_t4 2311
---------------------------------------------------------------------

freesurfer imgreg_4dfp.c
/opt/freesurfer/average/711-2C_as_mni_average_305.4dfp.img
       256       256       256         1
  1.000000  1.000000  1.000000
orientation T byte_order littleendian
Reading image: /opt/freesurfer/average/711-2C_as_mni_average_305.4dfp.img
dimensions:      256       256       256
mmppix:       1.0000   -1.0000   -1.0000
center:     128.0000 -129.0000 -129.0000
/opt/freesurfer/average/711-2B_as_mni_average_305_mask.4dfp.img
       256       256       256         1
  1.000000  1.000000  1.000000
orientation T byte_order littleendian
Reading mask: /opt/freesurfer/average/711-2B_as_mni_average_305_mask.4dfp.img (2306576 pixels)
talsrcimg_g11.4dfp.img
       256       256       256         1
  1.000000  1.000000  1.000000
orientation T byte_order littleendian
Reading image: talsrcimg_g11.4dfp.img
dimensions:      256       256       256
mmppix:       1.0000   -1.0000   -1.0000
center:     128.0000 -129.0000 -129.0000
fimgreg.f
image alignment mode   2311 decimal      907 hex
parameters
    1.5030   30.2845   12.9634   -5.8237  -15.2767   -4.6831
    2.1309    7.3557   -3.3462   17.3860   -7.1283  -20.8420
eta,q 0.98153 16.35673
niter,ni,del,rscale     5    3    5.0000    0.8000
parameters
    1.4298   30.2430   12.9371   -6.6342  -15.4177   -5.4779
    2.2628    7.2747   -3.4340   17.2362   -7.4968  -20.8936
eta,q 0.98123 16.27946
  0.0202  0.0200  0.0196  0.0197  0.0205  0.0202  0.0203  0.0212  0.0200  0.0202  0.0194  0.0195
  0.0192  0.0191  0.0189  0.0192  0.0196  0.0196  0.0195  0.0196  0.0193  0.0193  0.0189  0.0190
  0.0187  0.0186  0.0186  0.0187  0.0189  0.0191  0.0190  0.0188  0.0189  0.0189  0.0188  0.0188
  0.0185  0.0185  0.0185  0.0185  0.0186  0.0186  0.0188  0.0188  0.0188  0.0188  0.0188  0.0188
  0.0187  0.0187  0.0186  0.0186  0.0188  0.0187  0.0189  0.0192  0.0190  0.0190  0.0190  0.0189
  0.0194  0.0192  0.0190  0.0197  0.0196  0.0202  0.0194  0.0199  0.0194  0.0195  0.0192  0.0191
  0.0206  0.0202  0.0197  0.0219  0.0210  0.0231  0.0202  0.0211  0.0201  0.0203  0.0195  0.0194
niter,ni,del,rscale     4    3    5.0000    0.7000
parameters
    1.5063   30.3097   13.1124   -6.4215  -15.4351   -5.4341
    2.1870    7.2609   -3.4300   17.1599   -7.5789  -20.8972
eta,q 0.98129 16.28186
  0.0202  0.0201  0.0196  0.0199  0.0203  0.0201  0.0198  0.0207  0.0197  0.0199  0.0193  0.0193
  0.0194  0.0194  0.0192  0.0194  0.0196  0.0196  0.0192  0.0194  0.0192  0.0192  0.0189  0.0189
  0.0190  0.0189  0.0189  0.0190  0.0190  0.0192  0.0189  0.0188  0.0188  0.0188  0.0187  0.0187
  0.0188  0.0188  0.0188  0.0188  0.0187  0.0187  0.0187  0.0187  0.0187  0.0187  0.0187  0.0187
  0.0189  0.0189  0.0188  0.0187  0.0189  0.0185  0.0188  0.0190  0.0188  0.0189  0.0188  0.0188
  0.0192  0.0192  0.0189  0.0190  0.0194  0.0190  0.0193  0.0196  0.0192  0.0193  0.0190  0.0190
  0.0199  0.0198  0.0193  0.0200  0.0205  0.0206  0.0199  0.0204  0.0197  0.0199  0.0192  0.0192
niter,ni,del,rscale     3    3    5.0000    0.6000
parameters
    1.5330   30.3158   13.0922   -6.2431  -15.3946   -5.2015
    2.1559    7.2808   -3.4115   17.2089   -7.5341  -20.8932
eta,q 0.98137 16.30339
  0.0197  0.0196  0.0192  0.0196  0.0199  0.0198  0.0195  0.0202  0.0194  0.0195  0.0191  0.0190
  0.0192  0.0191  0.0189  0.0192  0.0193  0.0194  0.0190  0.0191  0.0190  0.0190  0.0188  0.0188
  0.0188  0.0188  0.0188  0.0189  0.0189  0.0190  0.0187  0.0187  0.0187  0.0187  0.0186  0.0186
  0.0187  0.0187  0.0187  0.0187  0.0187  0.0187  0.0186  0.0186  0.0186  0.0186  0.0186  0.0186
  0.0188  0.0188  0.0188  0.0186  0.0188  0.0185  0.0187  0.0189  0.0187  0.0187  0.0187  0.0187
  0.0191  0.0191  0.0189  0.0189  0.0192  0.0188  0.0190  0.0193  0.0189  0.0190  0.0188  0.0188
  0.0196  0.0196  0.0192  0.0196  0.0200  0.0199  0.0195  0.0199  0.0193  0.0195  0.0190  0.0190
niter,ni,del,rscale     2    3    5.0000    0.5000
parameters
    1.5247   30.3009   13.0233   -6.0509  -15.3318   -4.9340
    2.1466    7.3161   -3.3734   17.3053   -7.3656  -20.8764
eta,q 0.98146 16.33078
  0.0193  0.0192  0.0189  0.0193  0.0195  0.0195  0.0192  0.0197  0.0191  0.0192  0.0189  0.0188
  0.0189  0.0189  0.0188  0.0190  0.0191  0.0192  0.0188  0.0189  0.0188  0.0188  0.0187  0.0187
  0.0187  0.0187  0.0186  0.0188  0.0188  0.0189  0.0186  0.0186  0.0186  0.0186  0.0186  0.0186
  0.0186  0.0186  0.0186  0.0186  0.0186  0.0186  0.0185  0.0185  0.0185  0.0185  0.0185  0.0185
  0.0187  0.0187  0.0187  0.0186  0.0187  0.0185  0.0186  0.0187  0.0186  0.0186  0.0186  0.0186
  0.0189  0.0189  0.0188  0.0188  0.0190  0.0187  0.0188  0.0190  0.0188  0.0188  0.0187  0.0187
  0.0193  0.0193  0.0190  0.0193  0.0195  0.0195  0.0192  0.0195  0.0190  0.0191  0.0188  0.0188
niter,ni,del,rscale     1    3    5.0000    0.4000
parameters
    1.4960   30.2828   12.9586   -5.8167  -15.2715   -4.6793
    2.1450    7.3511   -3.3477   17.3851   -7.1144  -20.8315
eta,q 0.98153 16.35754
  0.0190  0.0189  0.0188  0.0190  0.0191  0.0193  0.0189  0.0192  0.0188  0.0189  0.0188  0.0187
  0.0187  0.0187  0.0186  0.0188  0.0188  0.0190  0.0187  0.0188  0.0186  0.0187  0.0186  0.0186
  0.0186  0.0186  0.0186  0.0187  0.0186  0.0187  0.0185  0.0185  0.0185  0.0185  0.0185  0.0185
  0.0185  0.0185  0.0185  0.0185  0.0185  0.0185  0.0185  0.0185  0.0185  0.0185  0.0185  0.0185
  0.0186  0.0186  0.0186  0.0185  0.0186  0.0184  0.0185  0.0186  0.0185  0.0185  0.0185  0.0185
  0.0188  0.0187  0.0187  0.0186  0.0188  0.0186  0.0187  0.0188  0.0186  0.0186  0.0185  0.0186
  0.0190  0.0190  0.0188  0.0189  0.0191  0.0192  0.0189  0.0191  0.0188  0.0189  0.0187  0.0186
registration optimization eta report
parameter search radius
    0.8000    0.8000    0.8000    2.4000    2.4000    2.4000
    2.4000    2.4000    2.4000    2.4000    2.4000    2.4000
100000*second partial in parameter space
       70.       62.       40.        8.       11.       12.
        7.       12.        6.        7.        4.        3.
  0.0190  0.0189  0.0188  0.0190  0.0191  0.0193  0.0189  0.0192  0.0188  0.0189  0.0188  0.0187
  0.0187  0.0187  0.0186  0.0188  0.0188  0.0190  0.0187  0.0188  0.0186  0.0187  0.0186  0.0186
  0.0186  0.0186  0.0186  0.0187  0.0186  0.0187  0.0185  0.0185  0.0185  0.0185  0.0185  0.0185
  0.0185  0.0185  0.0185  0.0185  0.0185  0.0185  0.0185  0.0185  0.0185  0.0185  0.0185  0.0185
  0.0186  0.0186  0.0186  0.0185  0.0186  0.0184  0.0185  0.0186  0.0185  0.0185  0.0185  0.0185
  0.0188  0.0187  0.0187  0.0186  0.0188  0.0186  0.0187  0.0188  0.0186  0.0186  0.0185  0.0186
  0.0190  0.0190  0.0188  0.0189  0.0191  0.0192  0.0189  0.0191  0.0188  0.0189  0.0187  0.0186
    1.4960   30.2828   12.9586   -5.8167  -15.2715   -4.6793
    2.1450    7.3511   -3.3477   17.3851   -7.1144  -20.8315
eta,q 0.98153 16.35754

---------------------------------------------------------------------
compute_vox2vox talsrcimg talsrcimg_to_711-2C_as_mni_average_305_t4 /opt/freesurfer/average/711-2C_as_mni_average_305
---------------------------------------------------------------------

freesurfer compute_vox2vox.c
Reading: talsrcimg.4dfp.ifh
Reading: talsrcimg_to_711-2C_as_mni_average_305_t4
Reading: /opt/freesurfer/average/711-2C_as_mni_average_305.4dfp.ifh
Writing: talsrcimg_to_711-2C_as_mni_average_305_t4_vox2vox.txt

start time Mon Mar 9 12:49:19 CET 2026
end		time Mon Mar 9 12:50:45 CET 2026

mpr2mni305 success

avi2talxfm orig_nu.mgz /opt/freesurfer/average/mni305.cor.mgz talsrcimg_to_711-2C_as_mni_average_305_t4_vox2vox.txt transforms/talairach.auto.xfm
avi2talxfm done
mv -f /out/sourcedata/freesurfer/sub-v1s22x0050464_ses-1/mri/talsrcimg_to_711-2C_as_mni_average_305_t4_vox2vox.txt /out/sourcedata/freesurfer/sub-v1s22x0050464_ses-1/mri/transforms/talsrcimg_to_711-2C_as_mni_average_305_t4_vox2vox.txt
lta_convert --src orig_nu.mgz --trg /opt/freesurfer/average/mni305.cor.mgz --inxfm transforms/talairach.auto.xfm --outlta transforms/talairach.auto.xfm.lta --subject fsaverage
7.3.2

--src: orig_nu.mgz src image (geometry).
--trg: /opt/freesurfer/average/mni305.cor.mgz trg image (geometry).
--inmni: transforms/talairach.auto.xfm input MNI/XFM transform.
--outlta: transforms/talairach.auto.xfm.lta output LTA.
--s: fsaverage subject name
 LTA read, type : 1
 1.05464  -0.07318  -0.04469   2.23442;
 0.08405   0.99823   0.24330  -48.27155;
 0.02442  -0.20772   1.12855   1.85849;
 0.00000   0.00000   0.00000   1.00000;
setting subject to fsaverage
Writing  LTA to file transforms/talairach.auto.xfm.lta...
lta_convert successful.
 
 
Started at Mon Mar 9 12:49:18 CET 2026
Ended   at Mon Mar  9 12:50:45 CET 2026
talairach_avi done
