status file for recon-all
Mon Mar  9 12:35:02 CET 2026
#@# MotionCor Mon Mar  9 12:35:08 CET 2026
#@# Talairach Mon Mar  9 12:35:16 CET 2026
#@# Talairach Failure Detection Mon Mar  9 12:38:06 CET 2026
#@# Nu Intensity Correction Mon Mar  9 12:38:06 CET 2026
#@# Intensity Normalization Mon Mar  9 12:40:51 CET 2026
recon-all -s sub-v1s22x0050459_ses-1 finished without error at Mon Mar  9 12:41:54 CET 2026



#New# invocation of recon-all 



status file for recon-all
Mon Mar  9 12:50:40 CET 2026
#@# EM Registration Mon Mar  9 12:50:40 CET 2026
recon-all -s sub-v1s22x0050459_ses-1 finished without error at Mon Mar  9 12:52:16 CET 2026



#New# invocation of recon-all 



status file for recon-all
Mon Mar  9 12:52:18 CET 2026
#@# CA Normalize Mon Mar  9 12:52:18 CET 2026
#@# CA Reg Mon Mar  9 12:53:12 CET 2026
#@# SubCort Seg Mon Mar  9 13:31:31 CET 2026
#@# CC Seg Mon Mar  9 13:51:02 CET 2026
#@# Merge ASeg Mon Mar  9 13:51:22 CET 2026
#@# Intensity Normalization2 Mon Mar  9 13:51:22 CET 2026
#@# Mask BFS Mon Mar  9 13:52:49 CET 2026
#@# WM Segmentation Mon Mar  9 13:52:49 CET 2026
#@# Fill Mon Mar  9 13:54:20 CET 2026
recon-all -s sub-v1s22x0050459_ses-1 finished without error at Mon Mar  9 13:54:58 CET 2026



#New# invocation of recon-all 



status file for recon-all
Mon Mar  9 14:27:30 CET 2026
#@# white curv lh Mon Mar  9 14:27:30 CET 2026
#@# white area lh Mon Mar  9 14:27:30 CET 2026
#@# pial curv lh Mon Mar  9 14:27:30 CET 2026
#@# pial area lh Mon Mar  9 14:27:30 CET 2026
#@# thickness lh Mon Mar  9 14:27:30 CET 2026
#@# area and vertex vol lh Mon Mar  9 14:27:30 CET 2026
#@# white curv rh Mon Mar  9 14:27:30 CET 2026
#@# white area rh Mon Mar  9 14:27:30 CET 2026
#@# pial curv rh Mon Mar  9 14:27:30 CET 2026
#@# pial area rh Mon Mar  9 14:27:30 CET 2026
#@# thickness rh Mon Mar  9 14:27:30 CET 2026
#@# area and vertex vol rh Mon Mar  9 14:27:30 CET 2026
#@# Cortical ribbon mask Mon Mar  9 14:27:30 CET 2026
recon-all -s sub-v1s22x0050459_ses-1 finished without error at Mon Mar  9 14:31:20 CET 2026



#New# invocation of recon-all 



status file for recon-all
Mon Mar  9 14:36:22 CET 2026
#@# white curv lh Mon Mar  9 14:36:22 CET 2026
#@# white area lh Mon Mar  9 14:36:22 CET 2026
#@# pial curv lh Mon Mar  9 14:36:22 CET 2026
#@# pial area lh Mon Mar  9 14:36:22 CET 2026
#@# thickness lh Mon Mar  9 14:36:22 CET 2026
#@# area and vertex vol lh Mon Mar  9 14:36:22 CET 2026
#@# white curv rh Mon Mar  9 14:36:22 CET 2026
#@# white area rh Mon Mar  9 14:36:22 CET 2026
#@# pial curv rh Mon Mar  9 14:36:22 CET 2026
#@# pial area rh Mon Mar  9 14:36:22 CET 2026
#@# thickness rh Mon Mar  9 14:36:22 CET 2026
#@# area and vertex vol rh Mon Mar  9 14:36:22 CET 2026
#@# Curvature Stats lh Mon Mar  9 14:36:22 CET 2026
#@# Curvature Stats rh Mon Mar  9 14:36:24 CET 2026
#@# Relabel Hypointensities Mon Mar  9 14:36:25 CET 2026
#@# APas-to-ASeg Mon Mar  9 14:36:36 CET 2026
#@# AParc-to-ASeg aparc Mon Mar  9 14:36:41 CET 2026
#@# AParc-to-ASeg aparc.a2009s Mon Mar  9 14:37:00 CET 2026
#@# AParc-to-ASeg aparc.DKTatlas Mon Mar  9 14:37:19 CET 2026
#@# WMParc Mon Mar  9 14:37:38 CET 2026
#@# ASeg Stats Mon Mar  9 14:39:27 CET 2026
recon-all -s sub-v1s22x0050459_ses-1 finished without error at Mon Mar  9 14:39:44 CET 2026
