/out/sourcedata/freesurfer/sub-v1s22x0050525_ses-1/mri
/opt/freesurfer/bin/talairach_avi
--i orig_nu.mgz --xfm transforms/talairach.auto.xfm
talairach_avi 7.3.2
Linux dna061 5.14.0-427.37.1.el9_4.x86_64 #1 SMP PREEMPT_DYNAMIC Fri Sep 13 12:41:50 EDT 2024 x86_64 x86_64 x86_64 GNU/Linux
Mon Mar  9 16:36:18 CET 2026
mri_convert orig_nu.mgz talsrcimg.img 
reading from orig_nu.mgz...
TR=0.00, TE=0.00, TI=0.00, flip angle=0.00
i_ras = (-1, -3.72529e-09, 0)
j_ras = (0, 0, -1)
k_ras = (3.72529e-09, 1, 0)
writing to talsrcimg.img...
Analyze Output Matrix
-1.00000   0.00000   0.00000   132.68246;
-0.00000   0.00000   1.00000  -88.34832;
 0.00000  -1.00000   0.00000   129.45497;
 0.00000   0.00000   0.00000   1.00000;
--------------------
INFO: set hdr.hist.orient to -1
mpr2mni305 talsrcimg
Mon Mar  9 16:36:19 CET 2026
/opt/freesurfer/bin/mpr2mni305 talsrcimg
mpr2mni305 7.3.2
target=711-2C_as_mni_average_305

---------------------------------------------------------------------
analyzeto4dfp talsrcimg -O0 -y
---------------------------------------------------------------------

freesurfer ifh2hdr.c
Mon Mar  9 16:36:19 2026
Writing: talsrcimg.4dfp.hdr
freesurfer analyzeto4dfp.c
Reading: talsrcimg.hdr
header size 348 bytes
hdr.dime.datatype	offset=70	value=2
hdr.dime.bitpix		offset=72	value=8
hdr.hist.orient		offset=252	value=-1
dimensionality     4
dimensions       256       256       256         1
Reading: talsrcimg.img
Writing: talsrcimg.4dfp.img
Writing: talsrcimg.4dfp.ifh
ifh2hdr talsrcimg -r0to178
ori=2

---------------------------------------------------------------------
gauss_4dfp talsrcimg 1.1
---------------------------------------------------------------------

freesurfer gauss_4dfp.c
Reading: talsrcimg.4dfp.img
Writing: talsrcimg_g11.4dfp.img
image dimensions 256 256 256 padded to 288 288 288
processing volume 1freesurfer ifh2hdr.c
Mon Mar  9 16:36:21 2026
Writing: talsrcimg_g11.4dfp.hdr

Writing: talsrcimg_g11.4dfp.ifh
including: talsrcimg.4dfp.img.rec in talsrcimg_g11.4dfp.img.rec

---------------------------------------------------------------------
imgreg_4dfp /opt/freesurfer/average/711-2C_as_mni_average_305 none talsrcimg_g11 none talsrcimg_to_711-2C_as_mni_average_305_t4 4355
---------------------------------------------------------------------

freesurfer imgreg_4dfp.c
/opt/freesurfer/average/711-2C_as_mni_average_305.4dfp.img
       256       256       256         1
  1.000000  1.000000  1.000000
orientation T byte_order littleendian
Reading image: /opt/freesurfer/average/711-2C_as_mni_average_305.4dfp.img
dimensions:      256       256       256
mmppix:       1.0000   -1.0000   -1.0000
center:     128.0000 -129.0000 -129.0000
talsrcimg_g11.4dfp.img
       256       256       256         1
  1.000000  1.000000  1.000000
orientation T byte_order littleendian
Reading image: talsrcimg_g11.4dfp.img
dimensions:      256       256       256
mmppix:       1.0000   -1.0000   -1.0000
center:     128.0000 -129.0000 -129.0000
t4_read: open error in t4_sub.f l:  41 t4_file(1:l)talsrcimg_to_711-2C_as_mni_average_305_t4 
t4_read: transform initialized to I4
rotation matrix determinant  1.000000
image alignment mode   4355 decimal     1103 hex
   -7.5000  -45.0000  -45.0000 7339.7778   18.2355
    0.0000  -45.0000  -45.0000 7735.1982   18.2925
    7.5000  -45.0000  -45.0000 7372.6216   18.3090
   -7.5000  -37.5000  -45.0000 7884.0869   17.7628
    0.0000  -37.5000  -45.0000 8291.5312   17.8022
    7.5000  -37.5000  -45.0000 7903.9663   17.8127
   -7.5000  -30.0000  -45.0000 8736.6270   17.3936
    0.0000  -30.0000  -45.0000 9147.2842   17.4251
    7.5000  -30.0000  -45.0000 8748.5137   17.4254
   -7.5000  -22.5000  -45.0000 9697.2070   17.2180
    0.0000  -22.5000  -45.000010125.0762   17.2573
    7.5000  -22.5000  -45.0000 9692.3652   17.2500
   -7.5000  -15.0000  -45.000010659.0342   17.1293
    0.0000  -15.0000  -45.000011106.8809   17.1832
    7.5000  -15.0000  -45.000010627.1650   17.1792
   -7.5000   -7.5000  -45.000011597.7178   17.0515
    0.0000   -7.5000  -45.000012061.9082   17.1110
    7.5000   -7.5000  -45.000011532.6113   17.1186
   -7.5000    0.0000  -45.000012506.5898   17.0339
    0.0000    0.0000  -45.000012954.1787   17.0854
    7.5000    0.0000  -45.000012392.1523   17.0999
   -7.5000    7.5000  -45.000012465.5938   17.0575
    0.0000    7.5000  -45.000012877.1582   17.0963
    7.5000    7.5000  -45.000012311.9990   17.1079
   -7.5000   15.0000  -45.000012143.8506   17.0902
    0.0000   15.0000  -45.000012581.5234   17.1230
    7.5000   15.0000  -45.000011969.7471   17.1251
   -7.5000   22.5000  -45.000011682.7725   17.0957
    0.0000   22.5000  -45.000012129.7393   17.1358
    7.5000   22.5000  -45.000011510.8447   17.1298
   -7.5000   30.0000  -45.000011074.1973   16.8487
    0.0000   30.0000  -45.000011508.2002   16.9022
    7.5000   30.0000  -45.000010950.2402   16.8989
   -7.5000   37.5000  -45.000010898.5361   16.8164
    0.0000   37.5000  -45.000011343.3867   16.8750
    7.5000   37.5000  -45.000010787.4521   16.8826
   -7.5000   45.0000  -45.000010206.5469   16.3801
    0.0000   45.0000  -45.000010616.3848   16.4297
    7.5000   45.0000  -45.000010116.2344   16.4436
   -7.5000  -45.0000  -37.5000 7624.8311   18.2172
    0.0000  -45.0000  -37.5000 8046.3506   18.2792
    7.5000  -45.0000  -37.5000 7660.7598   18.2863
   -7.5000  -37.5000  -37.5000 8211.0361   17.7392
    0.0000  -37.5000  -37.5000 8636.5234   17.7882
    7.5000  -37.5000  -37.5000 8237.8828   17.7946
   -7.5000  -30.0000  -37.5000 9136.8730   17.3609
    0.0000  -30.0000  -37.5000 9578.1338   17.4012
    7.5000  -30.0000  -37.5000 9146.0879   17.4034
   -7.5000  -22.5000  -37.500010158.3047   17.1803
    0.0000  -22.5000  -37.500010603.2578   17.2236
    7.5000  -22.5000  -37.500010131.8535   17.2203
   -7.5000  -15.0000  -37.500011165.4375   17.0957
    0.0000  -15.0000  -37.500011632.9834   17.1494
    7.5000  -15.0000  -37.500011129.2715   17.1465
   -7.5000   -7.5000  -37.500012138.6045   17.0290
    0.0000   -7.5000  -37.500012634.2783   17.0889
    7.5000   -7.5000  -37.500012087.6025   17.0917
   -7.5000    0.0000  -37.500013077.0684   17.0170
    0.0000    0.0000  -37.500013574.4922   17.0737
    7.5000    0.0000  -37.500012974.7734   17.0808
   -7.5000    7.5000  -37.500013042.3418   17.0355
    0.0000    7.5000  -37.500013489.5918   17.0831
    7.5000    7.5000  -37.500012879.1426   17.0912
   -7.5000   15.0000  -37.500012720.2607   17.0588
    0.0000   15.0000  -37.500013174.2900   17.0998
    7.5000   15.0000  -37.500012528.5029   17.1037
   -7.5000   22.5000  -37.500012217.5664   17.0592
    0.0000   22.5000  -37.500012657.8281   17.1033
    7.5000   22.5000  -37.500012017.7871   17.1012
   -7.5000   30.0000  -37.500011590.9639   16.8165
    0.0000   30.0000  -37.500012020.6064   16.8697
    7.5000   30.0000  -37.500011434.7305   16.8675
   -7.5000   37.5000  -37.500011421.7871   16.7941
    0.0000   37.5000  -37.500011830.3271   16.8532
    7.5000   37.5000  -37.500011271.1436   16.8561
   -7.5000   45.0000  -37.500010717.0615   16.3639
    0.0000   45.0000  -37.500011097.9453   16.4184
    7.5000   45.0000  -37.500010603.8496   16.4253
   -7.5000  -45.0000  -30.0000 8032.5664   19.0051
    0.0000  -45.0000  -30.0000 8476.3184   19.0671
    7.5000  -45.0000  -30.0000 8066.0791   19.0671
   -7.5000  -37.5000  -30.0000 8682.1533   18.4982
    0.0000  -37.5000  -30.0000 9128.6855   18.5505
    7.5000  -37.5000  -30.0000 8705.1738   18.5535
   -7.5000  -30.0000  -30.0000 9687.2646   18.0951
    0.0000  -30.0000  -30.000010149.5850   18.1388
    7.5000  -30.0000  -30.0000 9686.4951   18.1417
   -7.5000  -22.5000  -30.000010758.5703   17.9049
    0.0000  -22.5000  -30.000011211.6201   17.9489
    7.5000  -22.5000  -30.000010727.0068   17.9474
   -7.5000  -15.0000  -30.000011832.9863   17.8221
    0.0000  -15.0000  -30.000012334.4072   17.8726
    7.5000  -15.0000  -30.000011801.9434   17.8690
   -7.5000   -7.5000  -30.000012922.3359   17.7616
    0.0000   -7.5000  -30.000013454.2949   17.8181
    7.5000   -7.5000  -30.000012847.8838   17.8162
   -7.5000    0.0000  -30.000013944.0908   17.7514
    0.0000    0.0000  -30.000014479.8252   17.8084
    7.5000    0.0000  -30.000013816.3662   17.8098
   -7.5000    7.5000  -30.000013890.4150   17.7642
    0.0000    7.5000  -30.000014379.9922   17.8150
    7.5000    7.5000  -30.000013686.0449   17.8199
   -7.5000   15.0000  -30.000013552.3584   17.7803
    0.0000   15.0000  -30.000014028.0361   17.8246
    7.5000   15.0000  -30.000013307.9277   17.8292
   -7.5000   22.5000  -30.000012998.1260   17.7770
    0.0000   22.5000  -30.000013473.2686   17.8219
    7.5000   22.5000  -30.000012778.0527   17.8216
   -7.5000   30.0000  -30.000012354.7051   17.5333
    0.0000   30.0000  -30.000012821.3701   17.5835
    7.5000   30.0000  -30.000012153.7148   17.5805
   -7.5000   37.5000  -30.000012144.5410   17.5184
    0.0000   37.5000  -30.000012568.1846   17.5741
    7.5000   37.5000  -30.000011940.4756   17.5723
   -7.5000   45.0000  -30.000011415.8320   17.0826
    0.0000   45.0000  -30.000011790.1836   17.1374
    7.5000   45.0000  -30.000011257.3369   17.1389
   -7.5000  -45.0000  -22.5000 8426.8369   19.6514
    0.0000  -45.0000  -22.5000 8882.2598   19.7072
    7.5000  -45.0000  -22.5000 8474.1416   19.7113
   -7.5000  -37.5000  -22.5000 9140.3125   19.1276
    0.0000  -37.5000  -22.5000 9599.0664   19.1718
    7.5000  -37.5000  -22.5000 9162.7520   19.1764
   -7.5000  -30.0000  -22.500010217.3359   18.7151
    0.0000  -30.0000  -22.500010681.0273   18.7513
    7.5000  -30.0000  -22.500010207.6465   18.7529
   -7.5000  -22.5000  -22.500011360.2959   18.5230
    0.0000  -22.5000  -22.500011815.3613   18.5617
    7.5000  -22.5000  -22.500011300.9375   18.5582
   -7.5000  -15.0000  -22.500012477.9961   18.4379
    0.0000  -15.0000  -22.500012988.3027   18.4836
    7.5000  -15.0000  -22.500012407.1143   18.4788
   -7.5000   -7.5000  -22.500013675.4805   18.3714
    0.0000   -7.5000  -22.500014262.7471   18.4227
    7.5000   -7.5000  -22.500013576.9277   18.4220
   -7.5000    0.0000  -22.500014837.5869   18.3566
    0.0000    0.0000  -22.500015454.4609   18.4076
    7.5000    0.0000  -22.500014684.5117   18.4115
   -7.5000    7.5000  -22.500014749.9277   18.3697
    0.0000    7.5000  -22.500015340.0322   18.4130
    7.5000    7.5000  -22.500014522.6777   18.4189
   -7.5000   15.0000  -22.500014397.6240   18.3898
    0.0000   15.0000  -22.500014926.9297   18.4269
    7.5000   15.0000  -22.500014094.5889   18.4302
   -7.5000   22.5000  -22.500013838.8115   18.3889
    0.0000   22.5000  -22.500014348.9160   18.4284
    7.5000   22.5000  -22.500013530.4590   18.4263
   -7.5000   30.0000  -22.500013141.7080   18.1417
    0.0000   30.0000  -22.500013643.4170   18.1872
    7.5000   30.0000  -22.500012857.2295   18.1832
   -7.5000   37.5000  -22.500012848.3535   18.1227
    0.0000   37.5000  -22.500013336.3955   18.1733
    7.5000   37.5000  -22.500012596.1719   18.1727
   -7.5000   45.0000  -22.500012057.0049   17.6783
    0.0000   45.0000  -22.500012486.4346   17.7274
    7.5000   45.0000  -22.500011874.3242   17.7312
   -7.5000  -45.0000  -15.0000 8799.2295   20.0982
    0.0000  -45.0000  -15.0000 9229.6602   20.1492
    7.5000  -45.0000  -15.0000 8843.8721   20.1645
   -7.5000  -37.5000  -15.0000 9553.0059   19.5707
    0.0000  -37.5000  -15.0000 9991.1045   19.6045
    7.5000  -37.5000  -15.0000 9562.9590   19.6139
   -7.5000  -30.0000  -15.000010675.1670   19.1599
    0.0000  -30.0000  -15.000011135.3320   19.1854
    7.5000  -30.0000  -15.000010648.6016   19.1847
   -7.5000  -22.5000  -15.000011873.1357   18.9685
    0.0000  -22.5000  -15.000012332.9062   19.0010
    7.5000  -22.5000  -15.000011795.4375   18.9935
   -7.5000  -15.0000  -15.000013030.9092   18.8767
    0.0000  -15.0000  -15.000013559.2344   18.9211
    7.5000  -15.0000  -15.000012953.9902   18.9157
   -7.5000   -7.5000  -15.000014309.5254   18.7974
    0.0000   -7.5000  -15.000014971.3770   18.8478
    7.5000   -7.5000  -15.000014199.7256   18.8531
   -7.5000    0.0000  -15.000015635.1143   18.7772
    0.0000    0.0000  -15.000016385.2246   18.8230
    7.5000    0.0000  -15.000015471.8135   18.8355
   -7.5000    7.5000  -15.000015633.8125   18.7964
    0.0000    7.5000  -15.000016379.8447   18.8302
    7.5000    7.5000  -15.000015356.0342   18.8399
   -7.5000   15.0000  -15.000015261.3369   18.8269
    0.0000   15.0000  -15.000015930.4932   18.8539
    7.5000   15.0000  -15.000014856.0557   18.8551
   -7.5000   22.5000  -15.000014660.4150   18.8295
    0.0000   22.5000  -15.000015267.4277   18.8630
    7.5000   22.5000  -15.000014252.3262   18.8569
   -7.5000   30.0000  -15.000013874.1953   18.5753
    0.0000   30.0000  -15.000014499.2334   18.6196
    7.5000   30.0000  -15.000013529.6777   18.6149
   -7.5000   37.5000  -15.000013576.7734   18.5456
    0.0000   37.5000  -15.000014188.8721   18.5954
    7.5000   37.5000  -15.000013271.3447   18.6006
   -7.5000   45.0000  -15.000012747.3008   18.0943
    0.0000   45.0000  -15.000013311.3516   18.1385
    7.5000   45.0000  -15.000012509.7578   18.1504
   -7.5000  -45.0000   -7.5000 9191.1875   20.3171
    0.0000  -45.0000   -7.5000 9583.6797   20.3712
    7.5000  -45.0000   -7.5000 9193.6445   20.3935
   -7.5000  -37.5000   -7.5000 9954.5830   19.7908
    0.0000  -37.5000   -7.500010380.2695   19.8241
    7.5000  -37.5000   -7.5000 9920.8633   19.8370
   -7.5000  -30.0000   -7.500011119.5723   19.3819
    0.0000  -30.0000   -7.500011570.0283   19.4069
    7.5000  -30.0000   -7.500011049.5791   19.4057
   -7.5000  -22.5000   -7.500012357.6621   19.1894
    0.0000  -22.5000   -7.500012870.9629   19.2247
    7.5000  -22.5000   -7.500012262.7363   19.2149
   -7.5000  -15.0000   -7.500013571.0830   19.0920
    0.0000  -15.0000   -7.500014182.8213   19.1435
    7.5000  -15.0000   -7.500013486.6260   19.1383
   -7.5000   -7.5000   -7.500014919.5713   19.0045
    0.0000   -7.5000   -7.500015677.0498   19.0620
    7.5000   -7.5000   -7.500014815.8662   19.0717
   -7.5000    0.0000   -7.500016398.5469   18.9826
    0.0000    0.0000   -7.500017354.9336   19.0312
    7.5000    0.0000   -7.500016239.3066   19.0496
   -7.5000    7.5000   -7.500016690.8906   19.0077
    0.0000    7.5000   -7.500017779.9785   19.0411
    7.5000    7.5000   -7.500016329.9707   19.0544
   -7.5000   15.0000   -7.500016382.7363   19.0449
    0.0000   15.0000   -7.500017422.4863   19.0715
    7.5000   15.0000   -7.500015829.3926   19.0723
   -7.5000   22.5000   -7.500015669.4150   19.0466
    0.0000   22.5000   -7.500016594.3574   19.0829
    7.5000   22.5000   -7.500015128.1318   19.0745
   -7.5000   30.0000   -7.500014763.3008   18.7860
    0.0000   30.0000   -7.500015636.7256   18.8373
    7.5000   30.0000   -7.500014294.0391   18.8328
   -7.5000   37.5000   -7.500014459.8623   18.7493
    0.0000   37.5000   -7.500015309.6797   18.8060
    7.5000   37.5000   -7.500014026.5615   18.8156
   -7.5000   45.0000   -7.500013548.5771   18.2957
    0.0000   45.0000   -7.500014326.8721   18.3425
    7.5000   45.0000   -7.500013186.2910   18.3602
   -7.5000  -45.0000    0.0000 9452.8271   20.3610
    0.0000  -45.0000    0.0000 9844.4375   20.4243
    7.5000  -45.0000    0.0000 9430.4229   20.4430
   -7.5000  -37.5000    0.000010272.4160   19.8341
    0.0000  -37.5000    0.000010707.5410   19.8777
    7.5000  -37.5000    0.000010216.6973   19.8897
   -7.5000  -30.0000    0.000011487.0928   19.4221
    0.0000  -30.0000    0.000011985.1016   19.4569
    7.5000  -30.0000    0.000011393.7705   19.4575
   -7.5000  -22.5000    0.000012805.1826   19.2260
    0.0000  -22.5000    0.000013388.4951   19.2695
    7.5000  -22.5000    0.000012689.2295   19.2616
   -7.5000  -15.0000    0.000014083.3623   19.1273
    0.0000  -15.0000    0.000014764.5664   19.1871
    7.5000  -15.0000    0.000013943.1904   19.1829
   -7.5000   -7.5000    0.000015450.5957   19.0413
    0.0000   -7.5000    0.000016274.2812   19.1073
    7.5000   -7.5000    0.000015309.0029   19.1162
   -7.5000    0.0000    0.000017050.3477   19.0221
    0.0000    0.0000    0.000018134.7461   19.0794
    7.5000    0.0000    0.000016845.2109   19.0957
   -7.5000    7.5000    0.000017599.9355   19.0482
    0.0000    7.5000    0.000019185.8789   19.0911
    7.5000    7.5000    0.000017084.9199   19.1043
   -7.5000   15.0000    0.000017468.9082   19.0841
    0.0000   15.0000    0.000019123.9375   19.1202
    7.5000   15.0000    0.000016795.4668   19.1228
   -7.5000   22.5000    0.000016546.0137   19.0836
    0.0000   22.5000    0.000017981.3984   19.1279
    7.5000   22.5000    0.000015979.5430   19.1215
   -7.5000   30.0000    0.000015463.5000   18.8214
    0.0000   30.0000    0.000016685.6543   18.8808
    7.5000   30.0000    0.000014966.3252   18.8774
   -7.5000   37.5000    0.000015049.0840   18.7860
    0.0000   37.5000    0.000016138.3613   18.8512
    7.5000   37.5000    0.000014599.9150   18.8599
   -7.5000   45.0000    0.000014058.7715   18.3351
    0.0000   45.0000    0.000014946.5332   18.3903
    7.5000   45.0000    0.000013694.9111   18.4061
   -7.5000  -45.0000    7.5000 9043.3018   20.3855
    0.0000  -45.0000    7.5000 9500.9150   20.4549
    7.5000  -45.0000    7.5000 8968.6230   20.4627
   -7.5000  -37.5000    7.5000 9834.3867   19.8506
    0.0000  -37.5000    7.500010339.6133   19.9055
    7.5000  -37.5000    7.5000 9732.8701   19.9125
   -7.5000  -30.0000    7.500010990.3652   19.4272
    0.0000  -30.0000    7.500011521.9072   19.4723
    7.5000  -30.0000    7.500010851.7539   19.4748
   -7.5000  -22.5000    7.500012248.9561   19.2252
    0.0000  -22.5000    7.500012850.3018   19.2735
    7.5000  -22.5000    7.500012092.9170   19.2699
   -7.5000  -15.0000    7.500013491.0078   19.1304
    0.0000  -15.0000    7.500014169.5127   19.1905
    7.5000  -15.0000    7.500013309.9043   19.1872
   -7.5000   -7.5000    7.500014797.9580   19.0558
    0.0000   -7.5000    7.500015588.2920   19.1228
    7.5000   -7.5000    7.500014586.2910   19.1260
   -7.5000    0.0000    7.500016332.5771   19.0424
    0.0000    0.0000    7.500017343.6309   19.1058
    7.5000    0.0000    7.500016032.5205   19.1138
   -7.5000    7.5000    7.500016753.5781   19.0632
    0.0000    7.5000    7.500018054.5000   19.1164
    7.5000    7.5000    7.500016220.9795   19.1255
   -7.5000   15.0000    7.500016452.9785   19.0891
    0.0000   15.0000    7.500017730.7285   19.1350
    7.5000   15.0000    7.500015948.9170   19.1394
   -7.5000   22.5000    7.500015580.8408   19.0835
    0.0000   22.5000    7.500016716.1699   19.1327
    7.5000   22.5000    7.500015240.4639   19.1304
   -7.5000   30.0000    7.500014659.0986   18.8253
    0.0000   30.0000    7.500015667.6240   18.8849
    7.5000   30.0000    7.500014360.6396   18.8824
   -7.5000   37.5000    7.500014324.0381   18.8003
    0.0000   37.5000    7.500015232.5869   18.8665
    7.5000   37.5000    7.500014003.8711   18.8696
   -7.5000   45.0000    7.500013357.9785   18.3547
    0.0000   45.0000    7.500014142.9355   18.4158
    7.5000   45.0000    7.500013087.8584   18.4235
   -7.5000  -45.0000   15.0000 8482.9590   20.4337
    0.0000  -45.0000   15.0000 8917.8398   20.5008
    7.5000  -45.0000   15.0000 8407.2227   20.5012
   -7.5000  -37.5000   15.0000 9250.8076   19.8895
    0.0000  -37.5000   15.0000 9726.3574   19.9462
    7.5000  -37.5000   15.0000 9134.0361   19.9499
   -7.5000  -30.0000   15.000010305.8320   19.4555
    0.0000  -30.0000   15.000010830.0566   19.5029
    7.5000  -30.0000   15.000010181.3174   19.5064
   -7.5000  -22.5000   15.000011475.1367   19.2504
    0.0000  -22.5000   15.000012021.1660   19.2982
    7.5000  -22.5000   15.000011313.4414   19.2970
   -7.5000  -15.0000   15.000012634.6582   19.1610
    0.0000  -15.0000   15.000013235.5713   19.2158
    7.5000  -15.0000   15.000012462.1104   19.2122
   -7.5000   -7.5000   15.000013777.0098   19.0959
    0.0000   -7.5000   15.000014439.1377   19.1571
    7.5000   -7.5000   15.000013634.9199   19.1555
   -7.5000    0.0000   15.000015091.0996   19.0853
    0.0000    0.0000   15.000015900.0234   19.1470
    7.5000    0.0000   15.000014896.8867   19.1490
   -7.5000    7.5000   15.000015253.1377   19.0993
    0.0000    7.5000   15.000016180.3379   19.1543
    7.5000    7.5000   15.000014976.3018   19.1600
   -7.5000   15.0000   15.000014847.4736   19.1166
    0.0000   15.0000   15.000015709.8906   19.1647
    7.5000   15.0000   15.000014638.5713   19.1699
   -7.5000   22.5000   15.000014191.1357   19.1086
    0.0000   22.5000   15.000014944.7021   19.1572
    7.5000   22.5000   15.000014030.3633   19.1572
   -7.5000   30.0000   15.000013533.1611   18.8560
    0.0000   30.0000   15.000014262.0420   18.9105
    7.5000   30.0000   15.000013342.4951   18.9076
   -7.5000   37.5000   15.000013313.9590   18.8400
    0.0000   37.5000   15.000013995.9023   18.9004
    7.5000   37.5000   15.000013066.2412   18.8989
   -7.5000   45.0000   15.000012472.7207   18.3961
    0.0000   45.0000   15.000013105.8281   18.4555
    7.5000   45.0000   15.000012251.0498   18.4574
   -7.5000  -45.0000   22.5000 7760.5620   20.6426
    0.0000  -45.0000   22.5000 8173.2173   20.7029
    7.5000  -45.0000   22.5000 7697.6460   20.7093
   -7.5000  -37.5000   22.5000 8493.1084   20.0922
    0.0000  -37.5000   22.5000 8924.7803   20.1402
    7.5000  -37.5000   22.5000 8412.2842   20.1472
   -7.5000  -30.0000   22.5000 9486.2861   19.6537
    0.0000  -30.0000   22.5000 9935.5146   19.6931
    7.5000  -30.0000   22.5000 9391.6885   19.6964
   -7.5000  -22.5000   22.500010534.7871   19.4490
    0.0000  -22.5000   22.500010987.2227   19.4908
    7.5000  -22.5000   22.500010409.9238   19.4888
   -7.5000  -15.0000   22.500011549.1025   19.3581
    0.0000  -15.0000   22.500012033.0771   19.4074
    7.5000  -15.0000   22.500011475.9346   19.4040
   -7.5000   -7.5000   22.500012604.9131   19.2878
    0.0000   -7.5000   22.500013145.0137   19.3431
    7.5000   -7.5000   22.500012567.9707   19.3442
   -7.5000    0.0000   22.500013794.7334   19.2727
    0.0000    0.0000   22.500014435.2656   19.3278
    7.5000    0.0000   22.500013698.8506   19.3340
   -7.5000    7.5000   22.500013871.8906   19.2870
    0.0000    7.5000   22.500014563.5537   19.3340
    7.5000    7.5000   22.500013736.8418   19.3420
   -7.5000   15.0000   22.500013528.1543   19.3081
    0.0000   15.0000   22.500014173.3428   19.3485
    7.5000   15.0000   22.500013430.6270   19.3536
   -7.5000   22.5000   22.500013037.0000   19.3037
    0.0000   22.5000   22.500013641.9014   19.3465
    7.5000   22.5000   22.500012930.8467   19.3457
   -7.5000   30.0000   22.500012505.1807   19.0492
    0.0000   30.0000   22.500013088.2354   19.0983
    7.5000   30.0000   22.500012348.3369   19.0955
   -7.5000   37.5000   22.500012313.9053   19.0293
    0.0000   37.5000   22.500012903.8740   19.0839
    7.5000   37.5000   22.500012124.9502   19.0850
   -7.5000   45.0000   22.500011526.9414   18.5767
    0.0000   45.0000   22.500012095.0918   18.6298
    7.5000   45.0000   22.500011349.5439   18.6357
   -7.5000  -45.0000   30.0000 7020.5547   21.1419
    0.0000  -45.0000   30.0000 7366.0684   21.1995
    7.5000  -45.0000   30.0000 6985.4961   21.2214
   -7.5000  -37.5000   30.0000 7715.6616   20.5778
    0.0000  -37.5000   30.0000 8066.4893   20.6166
    7.5000  -37.5000   30.0000 7659.9990   20.6315
   -7.5000  -30.0000   30.0000 8640.7861   20.1293
    0.0000  -30.0000   30.0000 9011.5391   20.1584
    7.5000  -30.0000   30.0000 8591.3896   20.1618
   -7.5000  -22.5000   30.0000 9600.4707   19.9212
    0.0000  -22.5000   30.0000 9979.4287   19.9578
    7.5000  -22.5000   30.0000 9561.7900   19.9532
   -7.5000  -15.0000   30.000010548.6016   19.8223
    0.0000  -15.0000   30.000010964.8975   19.8720
    7.5000  -15.0000   30.000010543.0654   19.8698
   -7.5000   -7.5000   30.000011565.5859   19.7368
    0.0000   -7.5000   30.000012020.6494   19.7933
    7.5000   -7.5000   30.000011573.9541   19.8033
   -7.5000    0.0000   30.000012647.3086   19.7149
    0.0000    0.0000   30.000013170.2607   19.7666
    7.5000    0.0000   30.000012616.4961   19.7848
   -7.5000    7.5000   30.000012683.2773   19.7349
    0.0000    7.5000   30.000013198.0107   19.7733
    7.5000    7.5000   30.000012622.2656   19.7883
   -7.5000   15.0000   30.000012394.2168   19.7670
    0.0000   15.0000   30.000012901.4893   19.7976
    7.5000   15.0000   30.000012336.7705   19.8028
   -7.5000   22.5000   30.000012014.0176   19.7681
    0.0000   22.5000   30.000012498.5908   19.8058
    7.5000   22.5000   30.000011924.5537   19.8026
   -7.5000   30.0000   30.000011545.7598   19.5037
    0.0000   30.0000   30.000012016.3291   19.5531
    7.5000   30.0000   30.000011419.4434   19.5517
   -7.5000   37.5000   30.000011397.5068   19.4721
    0.0000   37.5000   30.000011873.3916   19.5279
    7.5000   37.5000   30.000011246.9883   19.5377
   -7.5000   45.0000   30.000010690.3857   19.0029
    0.0000   45.0000   30.000011156.0059   19.0528
    7.5000   45.0000   30.000010539.1973   19.0702
   -7.5000  -45.0000   37.5000 6703.9136   22.0557
    0.0000  -45.0000   37.5000 7016.1484   22.1237
    7.5000  -45.0000   37.5000 6671.6948   22.1567
   -7.5000  -37.5000   37.5000 7363.4106   21.4584
    0.0000  -37.5000   37.5000 7688.5386   21.4998
    7.5000  -37.5000   37.5000 7325.1562   21.5206
   -7.5000  -30.0000   37.5000 8251.2285   20.9801
    0.0000  -30.0000   37.5000 8586.3672   21.0104
    7.5000  -30.0000   37.5000 8221.5576   21.0143
   -7.5000  -22.5000   37.5000 9196.3506   20.7527
    0.0000  -22.5000   37.5000 9548.2734   20.7962
    7.5000  -22.5000   37.5000 9178.7822   20.7902
   -7.5000  -15.0000   37.500010149.8340   20.6379
    0.0000  -15.0000   37.500010508.4336   20.7023
    7.5000  -15.0000   37.500010146.1426   20.7027
   -7.5000   -7.5000   37.500011152.4990   20.5373
    0.0000   -7.5000   37.500011575.6729   20.6092
    7.5000   -7.5000   37.500011144.2490   20.6275
   -7.5000    0.0000   37.500012160.0889   20.5143
    0.0000    0.0000   37.500012624.0459   20.5749
    7.5000    0.0000   37.500012125.2656   20.6025
   -7.5000    7.5000   37.500012187.4463   20.5446
    0.0000    7.5000   37.500012618.0557   20.5856
    7.5000    7.5000   37.500012101.7979   20.6064
   -7.5000   15.0000   37.500011922.9414   20.5865
    0.0000   15.0000   37.500012362.7832   20.6187
    7.5000   15.0000   37.500011831.0840   20.6246
   -7.5000   22.5000   37.500011581.9492   20.5869
    0.0000   22.5000   37.500012006.8887   20.6315
    7.5000   22.5000   37.500011480.0391   20.6271
   -7.5000   30.0000   37.500011132.9795   20.3028
    0.0000   30.0000   37.500011555.5068   20.3667
    7.5000   30.0000   37.500011028.2295   20.3679
   -7.5000   37.5000   37.500011010.2842   20.2614
    0.0000   37.5000   37.500011437.4199   20.3323
    7.5000   37.5000   37.500010882.2754   20.3504
   -7.5000   45.0000   37.500010372.6484   19.7735
    0.0000   45.0000   37.500010781.6719   19.8319
    7.5000   45.0000   37.500010201.3037   19.8585
   -7.5000  -45.0000   45.0000 6184.8291   23.0589
    0.0000  -45.0000   45.0000 6483.6328   23.1512
    7.5000  -45.0000   45.0000 6135.3540   23.1875
   -7.5000  -37.5000   45.0000 6770.5552   22.4088
    0.0000  -37.5000   45.0000 7082.5508   22.4729
    7.5000  -37.5000   45.0000 6718.7109   22.4978
   -7.5000  -30.0000   45.0000 7565.8706   21.8827
    0.0000  -30.0000   45.0000 7879.4854   21.9321
    7.5000  -30.0000   45.0000 7525.6851   21.9408
   -7.5000  -22.5000   45.0000 8454.8398   21.6279
    0.0000  -22.5000   45.0000 8780.5488   21.6879
    7.5000  -22.5000   45.0000 8412.2998   21.6861
   -7.5000  -15.0000   45.0000 9369.5146   21.5021
    0.0000  -15.0000   45.0000 9724.8799   21.5848
    7.5000  -15.0000   45.0000 9320.9971   21.5896
   -7.5000   -7.5000   45.000010313.1182   21.3969
    0.0000   -7.5000   45.000010704.6035   21.4896
    7.5000   -7.5000   45.000010260.6299   21.5122
   -7.5000    0.0000   45.000011211.2754   21.3778
    0.0000    0.0000   45.000011625.4727   21.4599
    7.5000    0.0000   45.000011135.5430   21.4916
   -7.5000    7.5000   45.000011186.8750   21.4114
    0.0000    7.5000   45.000011582.8340   21.4735
    7.5000    7.5000   45.000011100.4414   21.4990
   -7.5000   15.0000   45.000010967.5107   21.4518
    0.0000   15.0000   45.000011375.5117   21.5026
    7.5000   15.0000   45.000010857.4355   21.5133
   -7.5000   22.5000   45.000010682.6807   21.4478
    0.0000   22.5000   45.000011083.8408   21.5088
    7.5000   22.5000   45.000010582.7324   21.5088
   -7.5000   30.0000   45.000010290.8604   21.1478
    0.0000   30.0000   45.000010670.2422   21.2298
    7.5000   30.0000   45.000010188.8779   21.2354
   -7.5000   37.5000   45.000010175.3877   21.1069
    0.0000   37.5000   45.000010567.7500   21.1984
    7.5000   37.5000   45.000010048.8428   21.2207
   -7.5000   45.0000   45.0000 9599.2881   20.6151
    0.0000   45.0000   45.0000 9993.4043   20.6942
    7.5000   45.0000   45.0000 9428.2295   20.7248

---------------------------------------------------------------------
imgreg_4dfp /opt/freesurfer/average/711-2C_as_mni_average_305 /opt/freesurfer/average/711-2B_as_mni_average_305_mask talsrcimg_g11 none talsrcimg_to_711-2C_as_mni_average_305_t4 4355
---------------------------------------------------------------------

freesurfer imgreg_4dfp.c
/opt/freesurfer/average/711-2C_as_mni_average_305.4dfp.img
       256       256       256         1
  1.000000  1.000000  1.000000
orientation T byte_order littleendian
Reading image: /opt/freesurfer/average/711-2C_as_mni_average_305.4dfp.img
dimensions:      256       256       256
mmppix:       1.0000   -1.0000   -1.0000
center:     128.0000 -129.0000 -129.0000
/opt/freesurfer/average/711-2B_as_mni_average_305_mask.4dfp.img
       256       256       256         1
  1.000000  1.000000  1.000000
orientation T byte_order littleendian
Reading mask: /opt/freesurfer/average/711-2B_as_mni_average_305_mask.4dfp.img (2306576 pixels)
talsrcimg_g11.4dfp.img
       256       256       256         1
  1.000000  1.000000  1.000000
orientation T byte_order littleendian
Reading image: talsrcimg_g11.4dfp.img
dimensions:      256       256       256
mmppix:       1.0000   -1.0000   -1.0000
center:     128.0000 -129.0000 -129.0000
rotation matrix determinant  1.000000
image alignment mode   4355 decimal     1103 hex
   -7.5000  -37.5000  -45.0000 2203.3684   23.1892
    0.0000  -37.5000  -45.0000 2221.0520   23.0366
    7.5000  -37.5000  -45.0000 2196.9702   22.9521
   -7.5000  -30.0000  -45.0000 2293.3040   21.1859
    0.0000  -30.0000  -45.0000 2303.8735   20.9696
    7.5000  -30.0000  -45.0000 2288.2144   20.9248
   -7.5000  -22.5000  -45.0000 2372.9624   19.6680
    0.0000  -22.5000  -45.0000 2377.7988   19.4404
    7.5000  -22.5000  -45.0000 2363.9897   19.4517
   -7.5000  -15.0000  -45.0000 2434.2515   18.4822
    0.0000  -15.0000  -45.0000 2439.8994   18.2340
    7.5000  -15.0000  -45.0000 2422.9927   18.2804
   -7.5000   -7.5000  -45.0000 2471.4351   17.6848
    0.0000   -7.5000  -45.0000 2481.1899   17.4187
    7.5000   -7.5000  -45.0000 2461.6736   17.5014
   -7.5000    0.0000  -45.0000 2492.5725   17.2381
    0.0000    0.0000  -45.0000 2499.0776   16.9396
    7.5000    0.0000  -45.0000 2483.1855   17.0512
   -7.5000    7.5000  -45.0000 2502.5847   17.1217
    0.0000    7.5000  -45.0000 2506.2322   16.7801
    7.5000    7.5000  -45.0000 2492.2788   16.8958
   -7.5000   15.0000  -45.0000 2508.9946   17.1455
    0.0000   15.0000  -45.0000 2515.7603   16.8661
    7.5000   15.0000  -45.0000 2497.4141   16.9773
   -7.5000   22.5000  -45.0000 2507.0459   17.4752
    0.0000   22.5000  -45.0000 2512.5354   17.1942
    7.5000   22.5000  -45.0000 2495.5254   17.3019
   -7.5000   30.0000  -45.0000 2465.8003   17.9288
    0.0000   30.0000  -45.0000 2477.6860   17.7273
    7.5000   30.0000  -45.0000 2464.8462   17.8192
   -7.5000   37.5000  -45.0000 2422.5413   18.6445
    0.0000   37.5000  -45.0000 2439.8931   18.4688
    7.5000   37.5000  -45.0000 2419.6440   18.5749
   -7.5000   45.0000  -45.0000 2360.1279   19.6303
    0.0000   45.0000  -45.0000 2375.8289   19.5130
    7.5000   45.0000  -45.0000 2352.3484   19.6087
   -7.5000   52.5000  -45.0000 2253.9373   20.9303
    0.0000   52.5000  -45.0000 2274.2026   20.8500
    7.5000   52.5000  -45.0000 2246.9927   20.9190
   -7.5000  -37.5000  -37.5000 2250.3657   22.2633
    0.0000  -37.5000  -37.5000 2271.1833   22.0838
    7.5000  -37.5000  -37.5000 2247.5291   22.0660
   -7.5000  -30.0000  -37.5000 2352.8284   20.3414
    0.0000  -30.0000  -37.5000 2369.7666   20.0863
    7.5000  -30.0000  -37.5000 2346.9573   20.1184
   -7.5000  -22.5000  -37.5000 2439.3069   18.7482
    0.0000  -22.5000  -37.5000 2451.2190   18.4877
    7.5000  -22.5000  -37.5000 2431.0432   18.5615
   -7.5000  -15.0000  -37.5000 2508.7561   17.5385
    0.0000  -15.0000  -37.5000 2518.1057   17.2822
    7.5000  -15.0000  -37.5000 2501.6987   17.3698
   -7.5000   -7.5000  -37.5000 2546.9753   16.7333
    0.0000   -7.5000  -37.5000 2558.3711   16.4678
    7.5000   -7.5000  -37.5000 2542.0054   16.5347
   -7.5000    0.0000  -37.5000 2573.2979   16.2493
    0.0000    0.0000  -37.5000 2574.9548   15.9406
    7.5000    0.0000  -37.5000 2566.2993   16.0493
   -7.5000    7.5000  -37.5000 2585.2471   16.1018
    0.0000    7.5000  -37.5000 2589.8708   15.7840
    7.5000    7.5000  -37.5000 2576.8518   15.9158
   -7.5000   15.0000  -37.5000 2585.5242   16.0873
    0.0000   15.0000  -37.5000 2595.7302   15.8371
    7.5000   15.0000  -37.5000 2577.4690   15.9571
   -7.5000   22.5000  -37.5000 2584.6875   16.3418
    0.0000   22.5000  -37.5000 2593.6785   16.0882
    7.5000   22.5000  -37.5000 2574.1299   16.2339
   -7.5000   30.0000  -37.5000 2552.5398   16.7149
    0.0000   30.0000  -37.5000 2564.2788   16.4919
    7.5000   30.0000  -37.5000 2550.1453   16.6537
   -7.5000   37.5000  -37.5000 2508.0686   17.3614
    0.0000   37.5000  -37.5000 2522.5049   17.1602
    7.5000   37.5000  -37.5000 2504.6108   17.3413
   -7.5000   45.0000  -37.5000 2442.8665   18.3148
    0.0000   45.0000  -37.5000 2459.3347   18.1327
    7.5000   45.0000  -37.5000 2439.3433   18.2930
   -7.5000   52.5000  -37.5000 2336.8123   19.5279
    0.0000   52.5000  -37.5000 2352.2764   19.3851
    7.5000   52.5000  -37.5000 2334.8337   19.5567
   -7.5000  -37.5000  -30.0000 2333.1377   22.2551
    0.0000  -37.5000  -30.0000 2351.5466   22.0543
    7.5000  -37.5000  -30.0000 2331.3843   22.0497
   -7.5000  -30.0000  -30.0000 2445.6921   20.2979
    0.0000  -30.0000  -30.0000 2460.6155   20.0451
    7.5000  -30.0000  -30.0000 2441.2251   20.0884
   -7.5000  -22.5000  -30.0000 2534.0845   18.6101
    0.0000  -22.5000  -30.0000 2545.7339   18.3372
    7.5000  -22.5000  -30.0000 2532.1846   18.4178
   -7.5000  -15.0000  -30.0000 2607.9949   17.3180
    0.0000  -15.0000  -30.0000 2617.8594   17.0415
    7.5000  -15.0000  -30.0000 2608.4241   17.1174
   -7.5000   -7.5000  -30.0000 2662.4351   16.4078
    0.0000   -7.5000  -30.0000 2667.9177   16.1380
    7.5000   -7.5000  -30.0000 2659.7607   16.2191
   -7.5000    0.0000  -30.0000 2692.3909   15.9175
    0.0000    0.0000  -30.0000 2697.2859   15.6194
    7.5000    0.0000  -30.0000 2690.3977   15.6930
   -7.5000    7.5000  -30.0000 2710.8115   15.7009
    0.0000    7.5000  -30.0000 2714.6074   15.3780
    7.5000    7.5000  -30.0000 2701.7747   15.4856
   -7.5000   15.0000  -30.0000 2709.8982   15.6782
    0.0000   15.0000  -30.0000 2713.6453   15.4060
    7.5000   15.0000  -30.0000 2699.0247   15.5509
   -7.5000   22.5000  -30.0000 2707.7822   15.8980
    0.0000   22.5000  -30.0000 2713.6990   15.6240
    7.5000   22.5000  -30.0000 2699.2634   15.7775
   -7.5000   30.0000  -30.0000 2681.4395   16.2687
    0.0000   30.0000  -30.0000 2691.1277   15.9878
    7.5000   30.0000  -30.0000 2676.1494   16.1617
   -7.5000   37.5000  -30.0000 2641.1255   16.8906
    0.0000   37.5000  -30.0000 2650.0645   16.6249
    7.5000   37.5000  -30.0000 2633.0779   16.8075
   -7.5000   45.0000  -30.0000 2573.2661   17.7932
    0.0000   45.0000  -30.0000 2583.6936   17.5676
    7.5000   45.0000  -30.0000 2567.1138   17.7309
   -7.5000   52.5000  -30.0000 2457.1389   18.9577
    0.0000   52.5000  -30.0000 2467.0205   18.7849
    7.5000   52.5000  -30.0000 2455.9543   18.9617
   -7.5000  -37.5000  -22.5000 2378.2241   22.1298
    0.0000  -37.5000  -22.5000 2393.7942   21.8994
    7.5000  -37.5000  -22.5000 2382.6519   21.9323
   -7.5000  -30.0000  -22.5000 2493.2109   20.1238
    0.0000  -30.0000  -22.5000 2507.4675   19.8561
    7.5000  -30.0000  -22.5000 2497.8333   19.8972
   -7.5000  -22.5000  -22.5000 2587.3501   18.3971
    0.0000  -22.5000  -22.5000 2597.3767   18.0989
    7.5000  -22.5000  -22.5000 2590.4751   18.1763
   -7.5000  -15.0000  -22.5000 2664.6570   17.0165
    0.0000  -15.0000  -22.5000 2671.3083   16.7472
    7.5000  -15.0000  -22.5000 2666.4675   16.8312
   -7.5000   -7.5000  -22.5000 2734.9387   16.0492
    0.0000   -7.5000  -22.5000 2739.5950   15.7939
    7.5000   -7.5000  -22.5000 2732.5923   15.8564
   -7.5000    0.0000  -22.5000 2775.5417   15.5342
    0.0000    0.0000  -22.5000 2779.6418   15.2746
    7.5000    0.0000  -22.5000 2771.7485   15.2919
   -7.5000    7.5000  -22.5000 2797.1428   15.2886
    0.0000    7.5000  -22.5000 2801.9224   14.9733
    7.5000    7.5000  -22.5000 2787.2063   15.0639
   -7.5000   15.0000  -22.5000 2805.3645   15.2131
    0.0000   15.0000  -22.5000 2802.2668   14.9053
    7.5000   15.0000  -22.5000 2785.9399   15.0371
   -7.5000   22.5000  -22.5000 2809.4275   15.3921
    0.0000   22.5000  -22.5000 2803.3740   15.0865
    7.5000   22.5000  -22.5000 2788.8901   15.2631
   -7.5000   30.0000  -22.5000 2779.4302   15.7751
    0.0000   30.0000  -22.5000 2783.5112   15.4937
    7.5000   30.0000  -22.5000 2763.3967   15.6276
   -7.5000   37.5000  -22.5000 2739.4873   16.3539
    0.0000   37.5000  -22.5000 2744.0916   16.1144
    7.5000   37.5000  -22.5000 2723.3855   16.2565
   -7.5000   45.0000  -22.5000 2670.1313   17.1791
    0.0000   45.0000  -22.5000 2676.2698   16.9799
    7.5000   45.0000  -22.5000 2661.4958   17.1819
   -7.5000   52.5000  -22.5000 2558.9585   18.3524
    0.0000   52.5000  -22.5000 2561.8347   18.1484
    7.5000   52.5000  -22.5000 2544.6062   18.3779
   -7.5000  -37.5000  -15.0000 2375.7371   22.0995
    0.0000  -37.5000  -15.0000 2390.7712   21.7952
    7.5000  -37.5000  -15.0000 2385.5051   21.9086
   -7.5000  -30.0000  -15.0000 2497.1233   20.0128
    0.0000  -30.0000  -15.0000 2508.0796   19.7105
    7.5000  -30.0000  -15.0000 2503.4958   19.8193
   -7.5000  -22.5000  -15.0000 2595.5142   18.2487
    0.0000  -22.5000  -15.0000 2598.4561   17.9422
    7.5000  -22.5000  -15.0000 2600.1311   18.0550
   -7.5000  -15.0000  -15.0000 2673.9702   16.8341
    0.0000  -15.0000  -15.0000 2677.3228   16.5519
    7.5000  -15.0000  -15.0000 2680.9824   16.6549
   -7.5000   -7.5000  -15.0000 2754.9314   15.8336
    0.0000   -7.5000  -15.0000 2757.4263   15.6377
    7.5000   -7.5000  -15.0000 2754.5613   15.6720
   -7.5000    0.0000  -15.0000 2809.6479   15.2822
    0.0000    0.0000  -15.0000 2809.1917   15.1357
    7.5000    0.0000  -15.0000 2806.3196   15.1193
   -7.5000    7.5000  -15.0000 2846.7988   15.0420
    0.0000    7.5000  -15.0000 2844.3413   14.8631
    7.5000    7.5000  -15.0000 2830.4575   14.8256
   -7.5000   15.0000  -15.0000 2858.5222   14.8760
    0.0000   15.0000  -15.0000 2852.6755   14.6245
    7.5000   15.0000  -15.0000 2827.6223   14.6979
   -7.5000   22.5000  -15.0000 2861.2463   14.9605
    0.0000   22.5000  -15.0000 2853.4573   14.7170
    7.5000   22.5000  -15.0000 2830.5244   14.8480
   -7.5000   30.0000  -15.0000 2832.1816   15.3448
    0.0000   30.0000  -15.0000 2833.3445   15.1432
    7.5000   30.0000  -15.0000 2808.5222   15.2297
   -7.5000   37.5000  -15.0000 2795.9580   15.8776
    0.0000   37.5000  -15.0000 2798.3176   15.7069
    7.5000   37.5000  -15.0000 2776.9810   15.8192
   -7.5000   45.0000  -15.0000 2728.1421   16.7010
    0.0000   45.0000  -15.0000 2735.2749   16.5483
    7.5000   45.0000  -15.0000 2718.6414   16.7272
   -7.5000   52.5000  -15.0000 2618.6272   17.8655
    0.0000   52.5000  -15.0000 2620.2295   17.6715
    7.5000   52.5000  -15.0000 2604.3770   17.8602
   -7.5000  -37.5000   -7.5000 2354.0950   22.2641
    0.0000  -37.5000   -7.5000 2361.9734   21.9753
    7.5000  -37.5000   -7.5000 2365.8914   22.0812
   -7.5000  -30.0000   -7.5000 2469.5212   19.9942
    0.0000  -30.0000   -7.5000 2477.4353   19.7744
    7.5000  -30.0000   -7.5000 2479.5999   19.8674
   -7.5000  -22.5000   -7.5000 2572.7051   18.1932
    0.0000  -22.5000   -7.5000 2578.9990   18.0002
    7.5000  -22.5000   -7.5000 2577.3447   18.0841
   -7.5000  -15.0000   -7.5000 2658.3335   16.7792
    0.0000  -15.0000   -7.5000 2666.2246   16.6560
    7.5000  -15.0000   -7.5000 2661.8252   16.6970
   -7.5000   -7.5000   -7.5000 2748.6987   15.8409
    0.0000   -7.5000   -7.5000 2758.8811   15.7956
    7.5000   -7.5000   -7.5000 2749.3579   15.7508
   -7.5000    0.0000   -7.5000 2820.2917   15.2652
    0.0000    0.0000   -7.5000 2833.3792   15.2836
    7.5000    0.0000   -7.5000 2815.2717   15.1497
   -7.5000    7.5000   -7.5000 2880.6169   15.0408
    0.0000    7.5000   -7.5000 2894.6201   15.1130
    7.5000    7.5000   -7.5000 2859.9390   14.8279
   -7.5000   15.0000   -7.5000 2898.2932   14.8753
    0.0000   15.0000   -7.5000 2917.3987   14.9016
    7.5000   15.0000   -7.5000 2858.6418   14.6573
   -7.5000   22.5000   -7.5000 2893.6658   14.7539
    0.0000   22.5000   -7.5000 2910.9990   14.7393
    7.5000   22.5000   -7.5000 2851.3862   14.6673
   -7.5000   30.0000   -7.5000 2859.1331   15.0057
    0.0000   30.0000   -7.5000 2883.6304   15.0092
    7.5000   30.0000   -7.5000 2825.0544   14.9376
   -7.5000   37.5000   -7.5000 2823.7185   15.4990
    0.0000   37.5000   -7.5000 2850.8408   15.5130
    7.5000   37.5000   -7.5000 2802.6589   15.4842
   -7.5000   45.0000   -7.5000 2756.4316   16.3445
    0.0000   45.0000   -7.5000 2782.5195   16.3219
    7.5000   45.0000   -7.5000 2743.0879   16.3194
   -7.5000   52.5000   -7.5000 2648.1589   17.5363
    0.0000   52.5000   -7.5000 2668.5630   17.4652
    7.5000   52.5000   -7.5000 2634.1245   17.4973
   -7.5000  -37.5000    0.0000 2316.3884   22.7935
    0.0000  -37.5000    0.0000 2324.5137   22.6394
    7.5000  -37.5000    0.0000 2333.0374   22.7404
   -7.5000  -30.0000    0.0000 2426.7200   20.4485
    0.0000  -30.0000    0.0000 2436.6899   20.3151
    7.5000  -30.0000    0.0000 2443.5532   20.4349
   -7.5000  -22.5000    0.0000 2535.3320   18.6109
    0.0000  -22.5000    0.0000 2545.8757   18.5285
    7.5000  -22.5000    0.0000 2550.0251   18.5970
   -7.5000  -15.0000    0.0000 2631.0647   17.1840
    0.0000  -15.0000    0.0000 2643.5398   17.1486
    7.5000  -15.0000    0.0000 2642.3384   17.1502
   -7.5000   -7.5000    0.0000 2731.3540   16.1754
    0.0000   -7.5000    0.0000 2753.2986   16.2145
    7.5000   -7.5000    0.0000 2737.0005   16.1143
   -7.5000    0.0000    0.0000 2823.9343   15.5316
    0.0000    0.0000    0.0000 2857.8960   15.6938
    7.5000    0.0000    0.0000 2818.9473   15.4578
   -7.5000    7.5000    0.0000 2899.8799   15.3830
    0.0000    7.5000    0.0000 2947.4832   15.6657
    7.5000    7.5000    0.0000 2883.5994   15.2007
   -7.5000   15.0000    0.0000 2937.3828   15.2687
    0.0000   15.0000    0.0000 3006.5454   15.6693
    7.5000   15.0000    0.0000 2897.6519   14.9808
   -7.5000   22.5000    0.0000 2919.1394   14.9090
    0.0000   22.5000    0.0000 2972.0715   15.1874
    7.5000   22.5000    0.0000 2874.5569   14.8025
   -7.5000   30.0000    0.0000 2873.1902   14.8781
    0.0000   30.0000    0.0000 2912.6333   15.0228
    7.5000   30.0000    0.0000 2841.9539   14.8995
   -7.5000   37.5000    0.0000 2829.4512   15.3551
    0.0000   37.5000    0.0000 2862.3552   15.3799
    7.5000   37.5000    0.0000 2806.9321   15.4075
   -7.5000   45.0000    0.0000 2764.9573   16.2865
    0.0000   45.0000    0.0000 2783.1545   16.2343
    7.5000   45.0000    0.0000 2750.6641   16.2711
   -7.5000   52.5000    0.0000 2662.7998   17.4970
    0.0000   52.5000    0.0000 2677.0520   17.3898
    7.5000   52.5000    0.0000 2649.5100   17.4683
   -7.5000  -37.5000    7.5000 2281.0205   23.8158
    0.0000  -37.5000    7.5000 2298.7607   23.7223
    7.5000  -37.5000    7.5000 2297.9053   23.7636
   -7.5000  -30.0000    7.5000 2388.2893   21.3388
    0.0000  -30.0000    7.5000 2405.8892   21.2430
    7.5000  -30.0000    7.5000 2404.8210   21.3265
   -7.5000  -22.5000    7.5000 2501.4434   19.4068
    0.0000  -22.5000    7.5000 2517.8577   19.3843
    7.5000  -22.5000    7.5000 2514.2053   19.4368
   -7.5000  -15.0000    7.5000 2605.5999   17.9437
    0.0000  -15.0000    7.5000 2621.6724   17.9813
    7.5000  -15.0000    7.5000 2615.4053   17.9481
   -7.5000   -7.5000    7.5000 2715.4812   16.7877
    0.0000   -7.5000    7.5000 2743.9739   16.9439
    7.5000   -7.5000    7.5000 2719.1123   16.7901
   -7.5000    0.0000    7.5000 2826.3740   16.0661
    0.0000    0.0000    7.5000 2867.0603   16.3172
    7.5000    0.0000    7.5000 2820.6262   16.0805
   -7.5000    7.5000    7.5000 2913.3733   15.7758
    0.0000    7.5000    7.5000 2961.3501   16.0913
    7.5000    7.5000    7.5000 2891.4766   15.6717
   -7.5000   15.0000    7.5000 2952.5610   15.4778
    0.0000   15.0000    7.5000 3007.9751   15.8332
    7.5000   15.0000    7.5000 2911.7195   15.3520
   -7.5000   22.5000    7.5000 2926.4136   15.0799
    0.0000   22.5000    7.5000 2961.6025   15.2267
    7.5000   22.5000    7.5000 2897.0288   15.1644
   -7.5000   30.0000    7.5000 2884.6338   15.1144
    0.0000   30.0000    7.5000 2912.7844   15.1585
    7.5000   30.0000    7.5000 2857.0554   15.2626
   -7.5000   37.5000    7.5000 2839.7268   15.6547
    0.0000   37.5000    7.5000 2865.1936   15.6904
    7.5000   37.5000    7.5000 2816.9016   15.7655
   -7.5000   45.0000    7.5000 2761.7778   16.5796
    0.0000   45.0000    7.5000 2773.3594   16.5391
    7.5000   45.0000    7.5000 2744.5256   16.6032
   -7.5000   52.5000    7.5000 2656.7332   17.7231
    0.0000   52.5000    7.5000 2662.1309   17.5883
    7.5000   52.5000    7.5000 2643.3628   17.6721
   -7.5000  -37.5000   15.0000 2243.1948   25.2826
    0.0000  -37.5000   15.0000 2268.1982   25.2738
    7.5000  -37.5000   15.0000 2253.9014   25.2226
   -7.5000  -30.0000   15.0000 2350.4915   22.4958
    0.0000  -30.0000   15.0000 2373.1455   22.5075
    7.5000  -30.0000   15.0000 2363.4177   22.5586
   -7.5000  -22.5000   15.0000 2463.2085   20.4018
    0.0000  -22.5000   15.0000 2483.2205   20.4424
    7.5000  -22.5000   15.0000 2471.6257   20.5143
   -7.5000  -15.0000   15.0000 2571.5728   18.7544
    0.0000  -15.0000   15.0000 2598.6838   18.8467
    7.5000  -15.0000   15.0000 2578.3594   18.8582
   -7.5000   -7.5000   15.0000 2685.2249   17.4506
    0.0000   -7.5000   15.0000 2709.8613   17.5475
    7.5000   -7.5000   15.0000 2690.6958   17.5495
   -7.5000    0.0000   15.0000 2789.7437   16.5545
    0.0000    0.0000   15.0000 2818.3901   16.6985
    7.5000    0.0000   15.0000 2791.1428   16.6669
   -7.5000    7.5000   15.0000 2870.7407   16.0672
    0.0000    7.5000   15.0000 2909.3862   16.2514
    7.5000    7.5000   15.0000 2865.1301   16.0271
   -7.5000   15.0000   15.0000 2903.9951   15.5282
    0.0000   15.0000   15.0000 2944.7263   15.6860
    7.5000   15.0000   15.0000 2884.4238   15.6405
   -7.5000   22.5000   15.0000 2898.4880   15.2075
    0.0000   22.5000   15.0000 2919.7344   15.2098
    7.5000   22.5000   15.0000 2879.5061   15.4530
   -7.5000   30.0000   15.0000 2867.3445   15.4334
    0.0000   30.0000   15.0000 2897.4761   15.4376
    7.5000   30.0000   15.0000 2848.7734   15.5966
   -7.5000   37.5000   15.0000 2826.8909   16.1356
    0.0000   37.5000   15.0000 2847.6882   16.1019
    7.5000   37.5000   15.0000 2805.6511   16.2261
   -7.5000   45.0000   15.0000 2744.0986   17.1821
    0.0000   45.0000   15.0000 2759.5923   17.1256
    7.5000   45.0000   15.0000 2733.2981   17.2139
   -7.5000   52.5000   15.0000 2632.7710   18.3219
    0.0000   52.5000   15.0000 2640.2898   18.2065
    7.5000   52.5000   15.0000 2617.1243   18.2983
   -7.5000  -37.5000   22.5000 2200.6023   26.8170
    0.0000  -37.5000   22.5000 2223.5415   26.8324
    7.5000  -37.5000   22.5000 2211.4519   26.9269
   -7.5000  -30.0000   22.5000 2311.6106   23.7062
    0.0000  -30.0000   22.5000 2333.1272   23.7268
    7.5000  -30.0000   22.5000 2326.2664   24.0096
   -7.5000  -22.5000   22.5000 2422.8628   21.3814
    0.0000  -22.5000   22.5000 2439.2966   21.3426
    7.5000  -22.5000   22.5000 2429.6516   21.6350
   -7.5000  -15.0000   22.5000 2531.8540   19.5384
    0.0000  -15.0000   22.5000 2548.9160   19.5337
    7.5000  -15.0000   22.5000 2541.8806   19.7896
   -7.5000   -7.5000   22.5000 2634.7305   18.0953
    0.0000   -7.5000   22.5000 2656.1003   18.0882
    7.5000   -7.5000   22.5000 2649.8079   18.3507
   -7.5000    0.0000   22.5000 2733.7720   17.1616
    0.0000    0.0000   22.5000 2752.5200   17.1819
    7.5000    0.0000   22.5000 2743.6531   17.3227
   -7.5000    7.5000   22.5000 2814.5674   16.5262
    0.0000    7.5000   22.5000 2844.6404   16.5671
    7.5000    7.5000   22.5000 2818.7847   16.5832
   -7.5000   15.0000   22.5000 2844.1628   15.9496
    0.0000   15.0000   22.5000 2871.2368   15.9286
    7.5000   15.0000   22.5000 2840.7566   16.1644
   -7.5000   22.5000   22.5000 2852.9941   15.7571
    0.0000   22.5000   22.5000 2872.7827   15.7284
    7.5000   22.5000   22.5000 2839.5476   15.9781
   -7.5000   30.0000   22.5000 2828.4058   16.0263
    0.0000   30.0000   22.5000 2855.1416   16.0473
    7.5000   30.0000   22.5000 2813.8086   16.1934
   -7.5000   37.5000   22.5000 2794.1904   16.6771
    0.0000   37.5000   22.5000 2817.7327   16.6707
    7.5000   37.5000   22.5000 2777.5012   16.7920
   -7.5000   45.0000   22.5000 2711.8887   17.6936
    0.0000   45.0000   22.5000 2729.9963   17.6061
    7.5000   45.0000   22.5000 2698.1082   17.7616
   -7.5000   52.5000   22.5000 2597.8911   18.9313
    0.0000   52.5000   22.5000 2605.3086   18.8234
    7.5000   52.5000   22.5000 2579.2090   18.9335
   -7.5000  -37.5000   30.0000 2144.4766   28.2784
    0.0000  -37.5000   30.0000 2156.1731   28.1735
    7.5000  -37.5000   30.0000 2160.2173   28.6534
   -7.5000  -30.0000   30.0000 2259.8811   25.0200
    0.0000  -30.0000   30.0000 2271.1667   24.8857
    7.5000  -30.0000   30.0000 2276.4419   25.4889
   -7.5000  -22.5000   30.0000 2374.5562   22.4484
    0.0000  -22.5000   30.0000 2383.2002   22.2977
    7.5000  -22.5000   30.0000 2383.1755   22.8697
   -7.5000  -15.0000   30.0000 2482.5190   20.4556
    0.0000  -15.0000   30.0000 2492.8787   20.2891
    7.5000  -15.0000   30.0000 2492.0867   20.8498
   -7.5000   -7.5000   30.0000 2583.2109   18.9963
    0.0000   -7.5000   30.0000 2595.2598   18.8668
    7.5000   -7.5000   30.0000 2593.2732   19.3423
   -7.5000    0.0000   30.0000 2674.3604   17.9418
    0.0000    0.0000   30.0000 2686.3567   17.8774
    7.5000    0.0000   30.0000 2683.8188   18.2126
   -7.5000    7.5000   30.0000 2746.8857   17.1509
    0.0000    7.5000   30.0000 2760.5637   17.0537
    7.5000    7.5000   30.0000 2750.3457   17.3978
   -7.5000   15.0000   30.0000 2774.8638   16.6103
    0.0000   15.0000   30.0000 2789.5959   16.5630
    7.5000   15.0000   30.0000 2769.2739   16.9036
   -7.5000   22.5000   30.0000 2787.1074   16.6062
    0.0000   22.5000   30.0000 2799.9563   16.5072
    7.5000   22.5000   30.0000 2776.3706   16.8131
   -7.5000   30.0000   30.0000 2762.0701   16.8590
    0.0000   30.0000   30.0000 2782.9297   16.8081
    7.5000   30.0000   30.0000 2753.9705   17.0293
   -7.5000   37.5000   30.0000 2733.0659   17.4879
    0.0000   37.5000   30.0000 2752.7297   17.4504
    7.5000   37.5000   30.0000 2717.9329   17.6265
   -7.5000   45.0000   30.0000 2661.7021   18.4627
    0.0000   45.0000   30.0000 2676.7715   18.3648
    7.5000   45.0000   30.0000 2644.1470   18.5475
   -7.5000   52.5000   30.0000 2553.0173   19.6706
    0.0000   52.5000   30.0000 2559.3208   19.5270
    7.5000   52.5000   30.0000 2537.8286   19.7127
   -7.5000  -37.5000   37.5000 2083.2253   29.7906
    0.0000  -37.5000   37.5000 2093.0127   29.5502
    7.5000  -37.5000   37.5000 2104.2546   30.4493
   -7.5000  -30.0000   37.5000 2201.9512   26.4083
    0.0000  -30.0000   37.5000 2208.8433   26.1220
    7.5000  -30.0000   37.5000 2216.8567   27.0165
   -7.5000  -22.5000   37.5000 2319.6135   23.7003
    0.0000  -22.5000   37.5000 2320.1702   23.4139
    7.5000  -22.5000   37.5000 2326.6538   24.2813
   -7.5000  -15.0000   37.5000 2430.3206   21.6286
    0.0000  -15.0000   37.5000 2427.5884   21.3502
    7.5000  -15.0000   37.5000 2432.7568   22.1560
   -7.5000   -7.5000   37.5000 2527.0430   20.1060
    0.0000   -7.5000   37.5000 2532.9619   19.8939
    7.5000   -7.5000   37.5000 2533.4465   20.5425
   -7.5000    0.0000   37.5000 2610.3320   18.9244
    0.0000    0.0000   37.5000 2618.5178   18.7684
    7.5000    0.0000   37.5000 2614.6553   19.2720
   -7.5000    7.5000   37.5000 2669.7244   18.0854
    0.0000    7.5000   37.5000 2682.8518   17.9188
    7.5000    7.5000   37.5000 2673.3835   18.4474
   -7.5000   15.0000   37.5000 2702.3452   17.6130
    0.0000   15.0000   37.5000 2710.5415   17.5210
    7.5000   15.0000   37.5000 2693.0522   17.9292
   -7.5000   22.5000   37.5000 2708.7952   17.6242
    0.0000   22.5000   37.5000 2714.8145   17.5101
    7.5000   22.5000   37.5000 2698.1633   17.8935
   -7.5000   30.0000   37.5000 2680.2402   17.9179
    0.0000   30.0000   37.5000 2697.1902   17.8149
    7.5000   30.0000   37.5000 2676.7605   18.1088
   -7.5000   37.5000   37.5000 2654.4136   18.4980
    0.0000   37.5000   37.5000 2669.4014   18.3663
    7.5000   37.5000   37.5000 2644.5625   18.6702
   -7.5000   45.0000   37.5000 2597.8196   19.4166
    0.0000   45.0000   37.5000 2607.4199   19.2697
    7.5000   45.0000   37.5000 2576.9941   19.5622
   -7.5000   52.5000   37.5000 2495.9160   20.5743
    0.0000   52.5000   37.5000 2500.5044   20.4531
    7.5000   52.5000   37.5000 2476.7317   20.7071
   -7.5000  -37.5000   45.0000 2012.5831   31.6790
    0.0000  -37.5000   45.0000 2020.4838   31.3991
    7.5000  -37.5000   45.0000 2026.4940   32.4140
   -7.5000  -30.0000   45.0000 2134.2476   28.0306
    0.0000  -30.0000   45.0000 2139.4053   27.6277
    7.5000  -30.0000   45.0000 2144.4404   28.7149
   -7.5000  -22.5000   45.0000 2251.1616   25.1562
    0.0000  -22.5000   45.0000 2253.7183   24.8154
    7.5000  -22.5000   45.0000 2257.3064   25.8411
   -7.5000  -15.0000   45.0000 2362.9536   23.0881
    0.0000  -15.0000   45.0000 2363.0889   22.7881
    7.5000  -15.0000   45.0000 2360.2568   23.6411
   -7.5000   -7.5000   45.0000 2458.4329   21.4623
    0.0000   -7.5000   45.0000 2464.4509   21.2557
    7.5000   -7.5000   45.0000 2458.8298   21.9542
   -7.5000    0.0000   45.0000 2532.6519   20.1918
    0.0000    0.0000   45.0000 2538.7229   19.9702
    7.5000    0.0000   45.0000 2529.0972   20.6451
   -7.5000    7.5000   45.0000 2581.5862   19.3231
    0.0000    7.5000   45.0000 2594.4604   19.1836
    7.5000    7.5000   45.0000 2581.4368   19.7781
   -7.5000   15.0000   45.0000 2610.9338   18.8472
    0.0000   15.0000   45.0000 2618.7483   18.8139
    7.5000   15.0000   45.0000 2603.6865   19.2207
   -7.5000   22.5000   45.0000 2617.9495   18.9200
    0.0000   22.5000   45.0000 2626.2041   18.8478
    7.5000   22.5000   45.0000 2610.3206   19.1955
   -7.5000   30.0000   45.0000 2589.4626   19.2227
    0.0000   30.0000   45.0000 2600.8872   19.1642
    7.5000   30.0000   45.0000 2588.7251   19.4589
   -7.5000   37.5000   45.0000 2562.3416   19.7401
    0.0000   37.5000   45.0000 2574.0898   19.6451
    7.5000   37.5000   45.0000 2552.6809   19.9676
   -7.5000   45.0000   45.0000 2520.2671   20.5261
    0.0000   45.0000   45.0000 2537.6689   20.4303
    7.5000   45.0000   45.0000 2498.1143   20.7786
   -7.5000   52.5000   45.0000 2423.6204   21.7631
    0.0000   52.5000   45.0000 2428.8267   21.6145
    7.5000   52.5000   45.0000 2401.7603   21.9129

---------------------------------------------------------------------
imgreg_4dfp /opt/freesurfer/average/711-2C_as_mni_average_305 /opt/freesurfer/average/711-2B_as_mni_average_305_mask talsrcimg_g11 none talsrcimg_to_711-2C_as_mni_average_305_t4 1283
---------------------------------------------------------------------

freesurfer imgreg_4dfp.c
/opt/freesurfer/average/711-2C_as_mni_average_305.4dfp.img
       256       256       256         1
  1.000000  1.000000  1.000000
orientation T byte_order littleendian
Reading image: /opt/freesurfer/average/711-2C_as_mni_average_305.4dfp.img
dimensions:      256       256       256
mmppix:       1.0000   -1.0000   -1.0000
center:     128.0000 -129.0000 -129.0000
/opt/freesurfer/average/711-2B_as_mni_average_305_mask.4dfp.img
       256       256       256         1
  1.000000  1.000000  1.000000
orientation T byte_order littleendian
Reading mask: /opt/freesurfer/average/711-2B_as_mni_average_305_mask.4dfp.img (2306576 pixels)
talsrcimg_g11.4dfp.img
       256       256       256         1
  1.000000  1.000000  1.000000
orientation T byte_order littleendian
Reading image: talsrcimg_g11.4dfp.img
dimensions:      256       256       256
mmppix:       1.0000   -1.0000   -1.0000
center:     128.0000 -129.0000 -129.0000
rotation matrix determinant  1.000000
fimgreg.f
image alignment mode   1283 decimal      503 hex
parameters
    0.0000   15.0000    7.5000    0.0000    0.0000    0.0000
eta,q 0.94419 15.84878
niter,ni,del,rscale     5    3   12.0000    1.2000
parameter  3  0.608669 ->  0.500000 qaram    1.1500
parameter  4  1.491349 ->  0.500000 qaram    1.1500
parameters
   -0.9488   15.1922    4.0500   -3.4500    0.0628    0.2319
eta,q 0.95472 15.94733
  0.0698  0.0693  0.0494  0.0446  0.0568  0.0510
  0.0591  0.0619  0.0486  0.0452  0.0507  0.0477
  0.0517  0.0548  0.0485  0.0457  0.0464  0.0457
  0.0525  0.0511  0.0508  0.0488  0.0453  0.0453
  0.0597  0.0534  0.0554  0.0522  0.0467  0.0454
  0.0705  0.0609  0.0604  0.0558  0.0508  0.0469
  0.0824  0.0671  0.0676  0.0577  0.0559  0.0503
niter,ni,del,rscale     6    3   12.0000    1.2000
parameter  4  0.713591 ->  0.500000 qaram    1.3225
parameters
   -1.0972   16.4000    3.1246   -7.4175    0.5711    0.7060
eta,q 0.95824 15.99256
  0.0688  0.0654  0.0535  0.0421  0.0537  0.0477
  0.0566  0.0572  0.0470  0.0417  0.0476  0.0446
  0.0477  0.0494  0.0442  0.0424  0.0437  0.0425
  0.0453  0.0452  0.0439  0.0438  0.0419  0.0417
  0.0496  0.0438  0.0465  0.0464  0.0428  0.0422
  0.0587  0.0479  0.0524  0.0510  0.0459  0.0435
  0.0705  0.0547  0.0597  0.0546  0.0500  0.0460
niter,ni,del,rscale     6    3   12.0000    1.2000
parameter  4  0.648212 ->  0.500000 qaram    1.5209
parameters
   -1.4014   17.8290    2.5356  -11.9801    1.4997    0.3091
eta,q 0.96334 16.01376
  0.0627  0.0587  0.0539  0.0387  0.0512  0.0423
  0.0525  0.0515  0.0461  0.0373  0.0449  0.0393
  0.0443  0.0457  0.0415  0.0380  0.0402  0.0371
  0.0418  0.0417  0.0404  0.0404  0.0372  0.0367
  0.0458  0.0402  0.0435  0.0425  0.0370  0.0374
  0.0549  0.0423  0.0507  0.0466  0.0400  0.0401
  0.0678  0.0487  0.0584  0.0514  0.0451  0.0444
niter,ni,del,rscale     6    3   12.0000    1.2000
parameters
   -1.9678   19.3776    1.8522  -13.2657    1.8850   -0.2054
eta,q 0.96690 16.02627
  0.0582  0.0597  0.0491  0.0439  0.0470  0.0395
  0.0469  0.0513  0.0393  0.0360  0.0401  0.0356
  0.0387  0.0429  0.0341  0.0338  0.0356  0.0334
  0.0367  0.0364  0.0338  0.0335  0.0333  0.0332
  0.0425  0.0336  0.0370  0.0370  0.0342  0.0345
  0.0539  0.0374  0.0449  0.0428  0.0383  0.0373
  0.0670  0.0458  0.0561  0.0498  0.0439  0.0420
niter,ni,del,rscale     5    3   12.0000    1.2000
parameters
   -2.0206   19.8857    1.5210  -14.0225    2.0839   -0.3588
eta,q 0.96772 16.01337
  0.0618  0.0548  0.0508  0.0449  0.0452  0.0396
  0.0487  0.0454  0.0393  0.0361  0.0388  0.0354
  0.0378  0.0378  0.0332  0.0327  0.0344  0.0327
  0.0331  0.0331  0.0325  0.0324  0.0323  0.0323
  0.0373  0.0334  0.0353  0.0349  0.0338  0.0334
  0.0488  0.0403  0.0430  0.0407  0.0380  0.0359
  0.0635  0.0497  0.0536  0.0485  0.0435  0.0403
niter,ni,del,rscale     4    3   12.0000    1.2000
parameters
   -2.0614   20.1432    1.3322  -14.3481    2.1792   -0.4330
eta,q 0.96809 16.00023
  0.0618  0.0532  0.0516  0.0462  0.0444  0.0394
  0.0483  0.0438  0.0397  0.0370  0.0382  0.0352
  0.0371  0.0365  0.0329  0.0323  0.0338  0.0324
  0.0323  0.0323  0.0321  0.0320  0.0319  0.0319
  0.0369  0.0334  0.0347  0.0341  0.0336  0.0329
  0.0484  0.0407  0.0423  0.0394  0.0379  0.0354
  0.0631  0.0510  0.0526  0.0473  0.0435  0.0397
niter,ni,del,rscale     3    3   12.0000    1.2000
parameters
   -2.0916   20.2582    1.2490  -14.4851    2.2397   -0.4675
eta,q 0.96822 15.99327
  0.0620  0.0523  0.0522  0.0468  0.0442  0.0393
  0.0482  0.0430  0.0400  0.0374  0.0380  0.0351
  0.0368  0.0357  0.0328  0.0322  0.0336  0.0323
  0.0319  0.0319  0.0318  0.0318  0.0318  0.0318
  0.0366  0.0335  0.0344  0.0338  0.0336  0.0328
  0.0483  0.0412  0.0418  0.0389  0.0379  0.0352
  0.0629  0.0519  0.0520  0.0466  0.0435  0.0394
niter,ni,del,rscale     2    3   12.0000    1.2000
parameters
   -2.1112   20.3044    1.2099  -14.5420    2.2765   -0.4803
eta,q 0.96828 15.98981
  0.0621  0.0519  0.0524  0.0470  0.0440  0.0393
  0.0482  0.0426  0.0402  0.0376  0.0379  0.0350
  0.0367  0.0354  0.0328  0.0322  0.0334  0.0323
  0.0318  0.0318  0.0318  0.0317  0.0317  0.0317
  0.0365  0.0336  0.0343  0.0337  0.0336  0.0327
  0.0482  0.0415  0.0416  0.0388  0.0379  0.0351
  0.0628  0.0523  0.0517  0.0464  0.0435  0.0393
registration optimization eta report
parameter search radius
    6.0000    6.0000    6.9000    9.1253    6.0000    6.0000
100000*second partial in parameter space
       83.       56.       43.       18.       33.       21.
  0.0621  0.0519  0.0524  0.0470  0.0440  0.0393
  0.0482  0.0426  0.0402  0.0376  0.0379  0.0350
  0.0367  0.0354  0.0328  0.0322  0.0334  0.0323
  0.0318  0.0318  0.0318  0.0317  0.0317  0.0317
  0.0365  0.0336  0.0343  0.0337  0.0336  0.0327
  0.0482  0.0415  0.0416  0.0388  0.0379  0.0351
  0.0628  0.0523  0.0517  0.0464  0.0435  0.0393
   -2.1112   20.3044    1.2099  -14.5420    2.2765   -0.4803
eta,q 0.96828 15.98981

---------------------------------------------------------------------
imgreg_4dfp /opt/freesurfer/average/711-2C_as_mni_average_305 /opt/freesurfer/average/711-2B_as_mni_average_305_mask talsrcimg_g11 none talsrcimg_to_711-2C_as_mni_average_305_t4 3335
---------------------------------------------------------------------

freesurfer imgreg_4dfp.c
/opt/freesurfer/average/711-2C_as_mni_average_305.4dfp.img
       256       256       256         1
  1.000000  1.000000  1.000000
orientation T byte_order littleendian
Reading image: /opt/freesurfer/average/711-2C_as_mni_average_305.4dfp.img
dimensions:      256       256       256
mmppix:       1.0000   -1.0000   -1.0000
center:     128.0000 -129.0000 -129.0000
/opt/freesurfer/average/711-2B_as_mni_average_305_mask.4dfp.img
       256       256       256         1
  1.000000  1.000000  1.000000
orientation T byte_order littleendian
Reading mask: /opt/freesurfer/average/711-2B_as_mni_average_305_mask.4dfp.img (2306576 pixels)
talsrcimg_g11.4dfp.img
       256       256       256         1
  1.000000  1.000000  1.000000
orientation T byte_order littleendian
Reading image: talsrcimg_g11.4dfp.img
dimensions:      256       256       256
mmppix:       1.0000   -1.0000   -1.0000
center:     128.0000 -129.0000 -129.0000
fimgreg.f
image alignment mode   3335 decimal      D07 hex
parameters
   -2.1112   20.3044    1.2099   -0.0824   -3.2154   -3.2800
    1.8087   -3.6343   -0.8376   25.1403    3.9722  -25.0892
eta,q 0.96885 16.01093
niter,ni,del,rscale     5    3    5.0000    1.2000
parameter  4  0.644900 ->  0.500000 qaram    1.1500
parameter  5  0.682559 ->  0.500000 qaram    1.1500
parameter 12  0.666483 ->  0.500000 qaram    1.1500
parameters
   -2.0603   20.9310    0.9143   -4.2224   -7.3554   -5.1730
    1.0293   -3.3359   -1.7199   23.4863    4.5737  -29.2292
eta,q 0.97488 15.75110
  0.0371  0.0381  0.0331  0.0281  0.0258  0.0284  0.0281  0.0317  0.0273  0.0276  0.0268  0.0254
  0.0339  0.0351  0.0316  0.0280  0.0255  0.0273  0.0267  0.0284  0.0263  0.0265  0.0263  0.0251
  0.0319  0.0326  0.0308  0.0287  0.0259  0.0260  0.0259  0.0265  0.0258  0.0258  0.0259  0.0253
  0.0311  0.0311  0.0307  0.0307  0.0281  0.0255  0.0258  0.0258  0.0257  0.0257  0.0257  0.0257
  0.0317  0.0308  0.0314  0.0352  0.0330  0.0270  0.0263  0.0262  0.0261  0.0265  0.0257  0.0262
  0.0336  0.0316  0.0327  0.0424  0.0398  0.0311  0.0275  0.0279  0.0269  0.0284  0.0260  0.0269
  0.0367  0.0335  0.0346  0.0509  0.0463  0.0375  0.0295  0.0307  0.0284  0.0318  0.0266  0.0279
niter,ni,del,rscale     7    3    5.0000    1.2000
parameter  2 -0.730766 -> -0.500000 qaram    1.1500
parameters
   -1.4873   22.3110    0.3603   -5.5663  -10.3841   -6.1574
    1.2372   -3.2145   -1.6482   24.5601    2.9218  -31.7822
eta,q 0.97670 15.48964
  0.0304  0.0318  0.0243  0.0262  0.0252  0.0258  0.0264  0.0276  0.0258  0.0267  0.0240  0.0244
  0.0279  0.0291  0.0234  0.0247  0.0240  0.0247  0.0250  0.0254  0.0247  0.0251  0.0237  0.0235
  0.0261  0.0268  0.0231  0.0237  0.0233  0.0241  0.0240  0.0242  0.0239  0.0241  0.0236  0.0233
  0.0251  0.0249  0.0232  0.0231  0.0233  0.0233  0.0237  0.0237  0.0237  0.0237  0.0236  0.0236
  0.0249  0.0237  0.0238  0.0234  0.0259  0.0231  0.0239  0.0240  0.0239  0.0237  0.0238  0.0243
  0.0255  0.0232  0.0247  0.0258  0.0313  0.0252  0.0247  0.0252  0.0246  0.0242  0.0242  0.0252
  0.0270  0.0237  0.0259  0.0317  0.0383  0.0298  0.0262  0.0274  0.0258  0.0253  0.0247  0.0261
niter,ni,del,rscale     7    3    5.0000    1.2000
parameters
   -1.3486   23.1692    0.2451   -5.2411  -12.0596   -6.5029
    1.1461   -3.2209   -1.5218   25.3795    2.2330  -32.5035
eta,q 0.97682 15.41624
  0.0273  0.0293  0.0242  0.0268  0.0262  0.0258  0.0259  0.0272  0.0253  0.0261  0.0238  0.0252
  0.0252  0.0267  0.0233  0.0251  0.0246  0.0246  0.0244  0.0247  0.0243  0.0244  0.0235  0.0236
  0.0238  0.0246  0.0229  0.0237  0.0234  0.0238  0.0235  0.0235  0.0235  0.0235  0.0233  0.0231
  0.0233  0.0233  0.0228  0.0228  0.0227  0.0231  0.0232  0.0232  0.0232  0.0232  0.0232  0.0232
  0.0236  0.0228  0.0230  0.0225  0.0235  0.0224  0.0235  0.0237  0.0234  0.0234  0.0234  0.0237
  0.0246  0.0233  0.0236  0.0234  0.0272  0.0238  0.0244  0.0250  0.0241  0.0239  0.0237  0.0245
  0.0264  0.0248  0.0245  0.0272  0.0333  0.0280  0.0261  0.0270  0.0253  0.0248  0.0241  0.0255
niter,ni,del,rscale     6    3    5.0000    1.2000
parameters
   -1.2908   23.4886    0.0642   -5.1817  -12.6769   -6.7743
    1.1016   -3.1725   -1.3957   25.7299    2.0641  -32.8374
eta,q 0.97664 15.37996
  0.0269  0.0275  0.0242  0.0269  0.0272  0.0259  0.0260  0.0275  0.0253  0.0257  0.0240  0.0256
  0.0249  0.0254  0.0235  0.0253  0.0254  0.0247  0.0246  0.0249  0.0243  0.0242  0.0236  0.0238
  0.0236  0.0239  0.0232  0.0240  0.0240  0.0240  0.0237  0.0236  0.0237  0.0235  0.0234  0.0233
  0.0232  0.0232  0.0231  0.0231  0.0231  0.0233  0.0234  0.0234  0.0234  0.0234  0.0234  0.0234
  0.0235  0.0232  0.0233  0.0228  0.0230  0.0225  0.0236  0.0238  0.0235  0.0237  0.0235  0.0238
  0.0247  0.0241  0.0238  0.0239  0.0253  0.0238  0.0246  0.0251  0.0242  0.0242  0.0237  0.0245
  0.0266  0.0260  0.0246  0.0280  0.0304  0.0280  0.0262  0.0271  0.0253  0.0251  0.0240  0.0255
niter,ni,del,rscale     5    3    5.0000    1.2000
parameters
   -1.2703   23.6001   -0.0256   -5.1704  -12.8422   -6.9198
    1.0855   -3.1576   -1.3523   25.8585    2.0042  -32.9412
eta,q 0.97655 15.36693
  0.0269  0.0270  0.0245  0.0271  0.0276  0.0260  0.0261  0.0275  0.0254  0.0256  0.0241  0.0259
  0.0250  0.0251  0.0238  0.0255  0.0258  0.0249  0.0247  0.0249  0.0244  0.0242  0.0237  0.0240
  0.0238  0.0239  0.0234  0.0242  0.0244  0.0241  0.0238  0.0237  0.0237  0.0235  0.0235  0.0234
  0.0234  0.0234  0.0233  0.0233  0.0233  0.0234  0.0234  0.0234  0.0234  0.0234  0.0235  0.0235
  0.0237  0.0236  0.0235  0.0230  0.0230  0.0226  0.0237  0.0239  0.0236  0.0238  0.0235  0.0238
  0.0249  0.0246  0.0239  0.0242  0.0248  0.0237  0.0246  0.0252  0.0243  0.0243  0.0237  0.0245
  0.0268  0.0266  0.0247  0.0283  0.0295  0.0278  0.0262  0.0272  0.0254  0.0252  0.0241  0.0255
niter,ni,del,rscale     4    3    5.0000    1.2000
parameters
   -1.2633   23.6355   -0.0675   -5.1696  -12.8876   -6.9733
    1.0719   -3.1530   -1.3384   25.9044    1.9808  -32.9706
eta,q 0.97653 15.36292
  0.0270  0.0269  0.0246  0.0272  0.0278  0.0261  0.0262  0.0275  0.0254  0.0255  0.0241  0.0259
  0.0250  0.0250  0.0239  0.0255  0.0259  0.0249  0.0247  0.0249  0.0244  0.0242  0.0237  0.0241
  0.0238  0.0239  0.0235  0.0243  0.0245  0.0241  0.0238  0.0237  0.0237  0.0235  0.0235  0.0234
  0.0234  0.0234  0.0234  0.0234  0.0234  0.0235  0.0235  0.0235  0.0235  0.0235  0.0235  0.0235
  0.0238  0.0237  0.0236  0.0231  0.0230  0.0226  0.0237  0.0240  0.0237  0.0238  0.0236  0.0238
  0.0250  0.0248  0.0240  0.0243  0.0247  0.0237  0.0246  0.0252  0.0243  0.0243  0.0238  0.0245
  0.0270  0.0268  0.0247  0.0284  0.0293  0.0276  0.0263  0.0272  0.0254  0.0253  0.0241  0.0255
niter,ni,del,rscale     3    3    5.0000    1.2000
parameters
   -1.2601   23.6463   -0.0808   -5.1678  -12.9007   -6.9870
    1.0674   -3.1474   -1.3271   25.9225    1.9740  -32.9798
eta,q 0.97652 15.36214
  0.0270  0.0268  0.0247  0.0272  0.0278  0.0261  0.0262  0.0275  0.0254  0.0255  0.0241  0.0260
  0.0251  0.0250  0.0239  0.0256  0.0260  0.0249  0.0247  0.0249  0.0244  0.0242  0.0237  0.0241
  0.0239  0.0239  0.0236  0.0243  0.0245  0.0242  0.0238  0.0237  0.0237  0.0235  0.0235  0.0234
  0.0235  0.0235  0.0235  0.0235  0.0235  0.0235  0.0235  0.0235  0.0235  0.0235  0.0235  0.0235
  0.0239  0.0238  0.0236  0.0232  0.0231  0.0226  0.0237  0.0240  0.0237  0.0238  0.0236  0.0238
  0.0250  0.0249  0.0240  0.0244  0.0247  0.0236  0.0246  0.0252  0.0243  0.0243  0.0238  0.0245
  0.0270  0.0269  0.0247  0.0284  0.0292  0.0275  0.0263  0.0272  0.0254  0.0253  0.0241  0.0256
registration optimization eta report
parameter search radius
    2.4000    2.7600    2.4000    8.2800    8.2800    7.2000
    7.2000    7.2000    7.2000    7.2000    7.2000    8.2800
100000*second partial in parameter space
       61.       44.       21.        6.        8.        7.
        5.        8.        4.        4.        1.        3.
  0.0270  0.0268  0.0247  0.0272  0.0278  0.0261  0.0262  0.0275  0.0254  0.0255  0.0241  0.0260
  0.0251  0.0250  0.0239  0.0256  0.0260  0.0249  0.0247  0.0249  0.0244  0.0242  0.0237  0.0241
  0.0239  0.0239  0.0236  0.0243  0.0245  0.0242  0.0238  0.0237  0.0237  0.0235  0.0235  0.0234
  0.0235  0.0235  0.0235  0.0235  0.0235  0.0235  0.0235  0.0235  0.0235  0.0235  0.0235  0.0235
  0.0239  0.0238  0.0236  0.0232  0.0231  0.0226  0.0237  0.0240  0.0237  0.0238  0.0236  0.0238
  0.0250  0.0249  0.0240  0.0244  0.0247  0.0236  0.0246  0.0252  0.0243  0.0243  0.0238  0.0245
  0.0270  0.0269  0.0247  0.0284  0.0292  0.0275  0.0263  0.0272  0.0254  0.0253  0.0241  0.0256
   -1.2601   23.6463   -0.0808   -5.1678  -12.9007   -6.9870
    1.0674   -3.1474   -1.3271   25.9225    1.9740  -32.9798
eta,q 0.97652 15.36214

---------------------------------------------------------------------
imgreg_4dfp /opt/freesurfer/average/711-2C_as_mni_average_305 /opt/freesurfer/average/711-2B_as_mni_average_305_mask talsrcimg_g11 none talsrcimg_to_711-2C_as_mni_average_305_t4 2311
---------------------------------------------------------------------

freesurfer imgreg_4dfp.c
/opt/freesurfer/average/711-2C_as_mni_average_305.4dfp.img
       256       256       256         1
  1.000000  1.000000  1.000000
orientation T byte_order littleendian
Reading image: /opt/freesurfer/average/711-2C_as_mni_average_305.4dfp.img
dimensions:      256       256       256
mmppix:       1.0000   -1.0000   -1.0000
center:     128.0000 -129.0000 -129.0000
/opt/freesurfer/average/711-2B_as_mni_average_305_mask.4dfp.img
       256       256       256         1
  1.000000  1.000000  1.000000
orientation T byte_order littleendian
Reading mask: /opt/freesurfer/average/711-2B_as_mni_average_305_mask.4dfp.img (2306576 pixels)
talsrcimg_g11.4dfp.img
       256       256       256         1
  1.000000  1.000000  1.000000
orientation T byte_order littleendian
Reading image: talsrcimg_g11.4dfp.img
dimensions:      256       256       256
mmppix:       1.0000   -1.0000   -1.0000
center:     128.0000 -129.0000 -129.0000
fimgreg.f
image alignment mode   2311 decimal      907 hex
parameters
   -1.2601   23.6463   -0.0808   -5.1678  -12.9007   -6.9870
    1.0674   -3.1474   -1.3271   25.9225    1.9740  -32.9798
eta,q 0.97652 15.36214
niter,ni,del,rscale     5    3    5.0000    0.8000
parameters
   -1.2526   23.6977   -0.1397   -3.3081  -11.5485   -5.4994
    0.7103   -2.8821   -1.5215   26.5665    2.5332  -32.6387
eta,q 0.97775 15.66863
  0.0251  0.0247  0.0239  0.0252  0.0253  0.0245  0.0236  0.0252  0.0232  0.0240  0.0230  0.0236
  0.0242  0.0240  0.0237  0.0245  0.0244  0.0239  0.0228  0.0234  0.0227  0.0230  0.0226  0.0227
  0.0237  0.0236  0.0235  0.0239  0.0237  0.0234  0.0224  0.0224  0.0223  0.0224  0.0223  0.0223
  0.0235  0.0235  0.0235  0.0235  0.0232  0.0228  0.0222  0.0222  0.0222  0.0222  0.0222  0.0222
  0.0236  0.0236  0.0235  0.0232  0.0228  0.0222  0.0224  0.0225  0.0224  0.0223  0.0223  0.0224
  0.0242  0.0239  0.0237  0.0232  0.0229  0.0221  0.0231  0.0232  0.0228  0.0226  0.0224  0.0227
  0.0250  0.0245  0.0240  0.0238  0.0240  0.0236  0.0242  0.0244  0.0234  0.0231  0.0227  0.0231
niter,ni,del,rscale     4    3    5.0000    0.7000
parameters
   -1.2867   23.5851   -0.0860   -3.4397  -11.2997   -5.4484
    1.0760   -3.0747   -1.5470   26.3571    2.7013  -32.6398
eta,q 0.97784 15.66997
  0.0236  0.0231  0.0230  0.0235  0.0238  0.0239  0.0235  0.0239  0.0229  0.0230  0.0226  0.0230
  0.0228  0.0226  0.0226  0.0229  0.0232  0.0235  0.0228  0.0228  0.0225  0.0225  0.0224  0.0224
  0.0224  0.0223  0.0223  0.0225  0.0227  0.0229  0.0224  0.0222  0.0223  0.0222  0.0222  0.0222
  0.0222  0.0223  0.0222  0.0223  0.0223  0.0222  0.0222  0.0222  0.0222  0.0222  0.0222  0.0222
  0.0224  0.0224  0.0223  0.0223  0.0221  0.0219  0.0222  0.0225  0.0222  0.0223  0.0222  0.0223
  0.0229  0.0228  0.0225  0.0227  0.0226  0.0227  0.0225  0.0231  0.0225  0.0226  0.0223  0.0225
  0.0237  0.0235  0.0229  0.0240  0.0238  0.0246  0.0232  0.0241  0.0230  0.0232  0.0225  0.0229
niter,ni,del,rscale     3    3    5.0000    0.6000
parameters
   -1.3104   23.5103   -0.0545   -3.3160  -11.0959   -5.1195
    1.0753   -3.1054   -1.5795   26.3303    2.8156  -32.4886
eta,q 0.97800 15.69904
  0.0232  0.0228  0.0227  0.0232  0.0234  0.0237  0.0229  0.0234  0.0226  0.0228  0.0224  0.0227
  0.0226  0.0224  0.0224  0.0227  0.0229  0.0232  0.0224  0.0225  0.0223  0.0223  0.0222  0.0223
  0.0223  0.0222  0.0222  0.0224  0.0225  0.0227  0.0221  0.0221  0.0221  0.0220  0.0220  0.0220
  0.0222  0.0222  0.0222  0.0222  0.0221  0.0221  0.0220  0.0220  0.0220  0.0220  0.0220  0.0220
  0.0223  0.0223  0.0222  0.0221  0.0221  0.0218  0.0221  0.0222  0.0221  0.0221  0.0220  0.0221
  0.0226  0.0226  0.0224  0.0224  0.0224  0.0223  0.0224  0.0226  0.0223  0.0223  0.0221  0.0223
  0.0233  0.0230  0.0227  0.0232  0.0234  0.0237  0.0229  0.0234  0.0226  0.0227  0.0223  0.0225
niter,ni,del,rscale     2    3    5.0000    0.5000
parameters
   -1.3248   23.4674    0.0338   -3.1862  -10.8408   -4.7790
    1.0944   -3.1251   -1.6175   26.2483    2.9022  -32.2940
eta,q 0.97816 15.72677
  0.0227  0.0225  0.0225  0.0227  0.0229  0.0233  0.0225  0.0229  0.0223  0.0224  0.0221  0.0224
  0.0223  0.0222  0.0222  0.0224  0.0225  0.0229  0.0221  0.0223  0.0220  0.0221  0.0220  0.0221
  0.0221  0.0220  0.0221  0.0222  0.0222  0.0224  0.0219  0.0219  0.0219  0.0219  0.0219  0.0219
  0.0220  0.0220  0.0220  0.0220  0.0220  0.0219  0.0218  0.0218  0.0218  0.0218  0.0218  0.0218
  0.0221  0.0221  0.0220  0.0220  0.0219  0.0218  0.0219  0.0220  0.0219  0.0219  0.0219  0.0219
  0.0223  0.0223  0.0221  0.0222  0.0222  0.0221  0.0221  0.0223  0.0220  0.0221  0.0220  0.0220
  0.0228  0.0226  0.0223  0.0227  0.0228  0.0231  0.0225  0.0229  0.0223  0.0224  0.0221  0.0222
niter,ni,del,rscale     1    3    5.0000    0.4000
parameters
   -1.3419   23.4030    0.1261   -3.1017  -10.5973   -4.4815
    1.1245   -3.1427   -1.6451   26.1371    2.9767  -32.0868
eta,q 0.97826 15.74851
  0.0223  0.0221  0.0222  0.0223  0.0225  0.0229  0.0222  0.0225  0.0220  0.0221  0.0220  0.0222
  0.0220  0.0220  0.0220  0.0221  0.0222  0.0225  0.0219  0.0220  0.0219  0.0219  0.0218  0.0219
  0.0219  0.0219  0.0219  0.0219  0.0220  0.0221  0.0218  0.0218  0.0218  0.0218  0.0218  0.0218
  0.0218  0.0218  0.0218  0.0218  0.0218  0.0218  0.0217  0.0217  0.0217  0.0217  0.0217  0.0217
  0.0219  0.0219  0.0218  0.0218  0.0218  0.0217  0.0218  0.0218  0.0218  0.0218  0.0218  0.0218
  0.0221  0.0220  0.0219  0.0220  0.0220  0.0220  0.0219  0.0221  0.0219  0.0220  0.0218  0.0219
  0.0224  0.0223  0.0221  0.0223  0.0224  0.0226  0.0222  0.0225  0.0221  0.0222  0.0219  0.0220
registration optimization eta report
parameter search radius
    0.8000    0.8000    0.8000    2.4000    2.4000    2.4000
    2.4000    2.4000    2.4000    2.4000    2.4000    2.4000
100000*second partial in parameter space
       77.       58.       48.        9.       10.       17.
        7.       12.        5.        7.        4.        6.
  0.0223  0.0221  0.0222  0.0223  0.0225  0.0229  0.0222  0.0225  0.0220  0.0221  0.0220  0.0222
  0.0220  0.0220  0.0220  0.0221  0.0222  0.0225  0.0219  0.0220  0.0219  0.0219  0.0218  0.0219
  0.0219  0.0219  0.0219  0.0219  0.0220  0.0221  0.0218  0.0218  0.0218  0.0218  0.0218  0.0218
  0.0218  0.0218  0.0218  0.0218  0.0218  0.0218  0.0217  0.0217  0.0217  0.0217  0.0217  0.0217
  0.0219  0.0219  0.0218  0.0218  0.0218  0.0217  0.0218  0.0218  0.0218  0.0218  0.0218  0.0218
  0.0221  0.0220  0.0219  0.0220  0.0220  0.0220  0.0219  0.0221  0.0219  0.0220  0.0218  0.0219
  0.0224  0.0223  0.0221  0.0223  0.0224  0.0226  0.0222  0.0225  0.0221  0.0222  0.0219  0.0220
   -1.3419   23.4030    0.1261   -3.1017  -10.5973   -4.4815
    1.1245   -3.1427   -1.6451   26.1371    2.9767  -32.0868
eta,q 0.97826 15.74851

---------------------------------------------------------------------
imgreg_4dfp /opt/freesurfer/average/711-2C_as_mni_average_305 /opt/freesurfer/average/711-2B_as_mni_average_305_mask talsrcimg_g11 none talsrcimg_to_711-2C_as_mni_average_305_t4 2311
---------------------------------------------------------------------

freesurfer imgreg_4dfp.c
/opt/freesurfer/average/711-2C_as_mni_average_305.4dfp.img
       256       256       256         1
  1.000000  1.000000  1.000000
orientation T byte_order littleendian
Reading image: /opt/freesurfer/average/711-2C_as_mni_average_305.4dfp.img
dimensions:      256       256       256
mmppix:       1.0000   -1.0000   -1.0000
center:     128.0000 -129.0000 -129.0000
/opt/freesurfer/average/711-2B_as_mni_average_305_mask.4dfp.img
       256       256       256         1
  1.000000  1.000000  1.000000
orientation T byte_order littleendian
Reading mask: /opt/freesurfer/average/711-2B_as_mni_average_305_mask.4dfp.img (2306576 pixels)
talsrcimg_g11.4dfp.img
       256       256       256         1
  1.000000  1.000000  1.000000
orientation T byte_order littleendian
Reading image: talsrcimg_g11.4dfp.img
dimensions:      256       256       256
mmppix:       1.0000   -1.0000   -1.0000
center:     128.0000 -129.0000 -129.0000
fimgreg.f
image alignment mode   2311 decimal      907 hex
parameters
   -1.3419   23.4030    0.1261   -3.1017  -10.5973   -4.4815
    1.1245   -3.1427   -1.6451   26.1371    2.9767  -32.0868
eta,q 0.97826 15.74850
niter,ni,del,rscale     5    3    5.0000    0.8000
parameters
   -1.3879   23.2874    0.2827   -3.8720  -11.1760   -5.1173
    1.2375   -3.2190   -1.5240   25.8088    2.6847  -32.3512
eta,q 0.97791 15.64917
  0.0236  0.0231  0.0233  0.0231  0.0234  0.0239  0.0235  0.0244  0.0232  0.0232  0.0226  0.0230
  0.0226  0.0223  0.0225  0.0225  0.0228  0.0233  0.0228  0.0229  0.0226  0.0225  0.0223  0.0224
  0.0220  0.0219  0.0219  0.0220  0.0222  0.0226  0.0223  0.0223  0.0223  0.0221  0.0222  0.0221
  0.0217  0.0217  0.0217  0.0217  0.0218  0.0219  0.0221  0.0221  0.0221  0.0221  0.0221  0.0221
  0.0220  0.0220  0.0218  0.0219  0.0219  0.0221  0.0222  0.0224  0.0222  0.0223  0.0222  0.0223
  0.0227  0.0226  0.0222  0.0230  0.0230  0.0237  0.0226  0.0232  0.0225  0.0227  0.0224  0.0226
  0.0239  0.0236  0.0228  0.0251  0.0253  0.0266  0.0235  0.0244  0.0231  0.0235  0.0227  0.0231
niter,ni,del,rscale     4    3    5.0000    0.7000
parameters
   -1.3082   23.4068    0.1433   -3.6381  -11.2453   -5.1688
    1.0913   -3.1563   -1.5141   26.0168    2.6362  -32.5198
eta,q 0.97793 15.66189
  0.0236  0.0233  0.0227  0.0234  0.0235  0.0238  0.0231  0.0240  0.0229  0.0232  0.0225  0.0228
  0.0228  0.0227  0.0223  0.0228  0.0229  0.0233  0.0226  0.0228  0.0225  0.0225  0.0222  0.0223
  0.0223  0.0223  0.0221  0.0224  0.0224  0.0227  0.0222  0.0222  0.0222  0.0222  0.0221  0.0221
  0.0221  0.0221  0.0221  0.0221  0.0220  0.0220  0.0221  0.0221  0.0221  0.0221  0.0221  0.0221
  0.0222  0.0221  0.0222  0.0220  0.0220  0.0218  0.0222  0.0223  0.0221  0.0222  0.0221  0.0222
  0.0226  0.0224  0.0225  0.0224  0.0226  0.0227  0.0226  0.0228  0.0224  0.0224  0.0223  0.0225
  0.0233  0.0230  0.0229  0.0234  0.0240  0.0246  0.0233  0.0237  0.0229  0.0229  0.0225  0.0228
niter,ni,del,rscale     3    3    5.0000    0.6000
parameters
   -1.3011   23.4490    0.0792   -3.3988  -11.0911   -4.9893
    1.0555   -3.1223   -1.5379   26.1546    2.7499  -32.4462
eta,q 0.97805 15.69379
  0.0231  0.0229  0.0226  0.0231  0.0232  0.0236  0.0228  0.0234  0.0226  0.0228  0.0223  0.0226
  0.0225  0.0225  0.0223  0.0227  0.0228  0.0231  0.0223  0.0225  0.0222  0.0223  0.0221  0.0222
  0.0222  0.0222  0.0221  0.0223  0.0223  0.0226  0.0221  0.0221  0.0220  0.0220  0.0220  0.0220
  0.0221  0.0221  0.0221  0.0221  0.0220  0.0220  0.0219  0.0219  0.0219  0.0220  0.0219  0.0219
  0.0222  0.0221  0.0222  0.0220  0.0220  0.0218  0.0220  0.0221  0.0220  0.0220  0.0220  0.0220
  0.0225  0.0224  0.0224  0.0223  0.0223  0.0224  0.0223  0.0226  0.0222  0.0223  0.0221  0.0222
  0.0231  0.0228  0.0227  0.0230  0.0233  0.0238  0.0229  0.0233  0.0226  0.0226  0.0223  0.0225
niter,ni,del,rscale     2    3    5.0000    0.5000
parameters
   -1.3162   23.4408    0.0930   -3.2265  -10.8535   -4.7250
    1.0761   -3.1298   -1.5888   26.1734    2.8683  -32.2775
eta,q 0.97817 15.72371
  0.0227  0.0225  0.0224  0.0227  0.0229  0.0233  0.0225  0.0229  0.0223  0.0224  0.0221  0.0224
  0.0223  0.0222  0.0221  0.0224  0.0225  0.0228  0.0221  0.0222  0.0220  0.0221  0.0220  0.0220
  0.0220  0.0220  0.0220  0.0221  0.0222  0.0223  0.0219  0.0219  0.0219  0.0219  0.0219  0.0219
  0.0219  0.0219  0.0219  0.0219  0.0219  0.0219  0.0218  0.0218  0.0218  0.0218  0.0218  0.0218
  0.0220  0.0220  0.0220  0.0219  0.0219  0.0218  0.0219  0.0220  0.0219  0.0219  0.0219  0.0219
  0.0223  0.0222  0.0221  0.0221  0.0221  0.0222  0.0221  0.0223  0.0220  0.0221  0.0219  0.0220
  0.0227  0.0225  0.0224  0.0227  0.0228  0.0232  0.0225  0.0229  0.0223  0.0224  0.0221  0.0222
niter,ni,del,rscale     1    3    5.0000    0.4000
parameters
   -1.3367   23.3947    0.1548   -3.1198  -10.6017   -4.4569
    1.1082   -3.1440   -1.6348   26.0999    2.9477  -32.0818
eta,q 0.97826 15.74714
  0.0223  0.0222  0.0222  0.0223  0.0225  0.0229  0.0222  0.0225  0.0220  0.0221  0.0220  0.0221
  0.0220  0.0220  0.0220  0.0221  0.0222  0.0225  0.0219  0.0220  0.0219  0.0219  0.0218  0.0219
  0.0219  0.0219  0.0219  0.0219  0.0220  0.0221  0.0218  0.0218  0.0218  0.0218  0.0218  0.0218
  0.0218  0.0218  0.0218  0.0218  0.0218  0.0218  0.0217  0.0217  0.0217  0.0217  0.0217  0.0217
  0.0219  0.0219  0.0219  0.0218  0.0218  0.0217  0.0218  0.0218  0.0218  0.0218  0.0218  0.0218
  0.0221  0.0220  0.0219  0.0220  0.0219  0.0220  0.0219  0.0221  0.0219  0.0219  0.0218  0.0219
  0.0223  0.0222  0.0221  0.0223  0.0223  0.0227  0.0222  0.0224  0.0221  0.0222  0.0219  0.0220
registration optimization eta report
parameter search radius
    0.8000    0.8000    0.8000    2.4000    2.4000    2.4000
    2.4000    2.4000    2.4000    2.4000    2.4000    2.4000
100000*second partial in parameter space
       77.       58.       47.        9.       10.       17.
        7.       12.        5.        7.        4.        6.
  0.0223  0.0222  0.0222  0.0223  0.0225  0.0229  0.0222  0.0225  0.0220  0.0221  0.0220  0.0221
  0.0220  0.0220  0.0220  0.0221  0.0222  0.0225  0.0219  0.0220  0.0219  0.0219  0.0218  0.0219
  0.0219  0.0219  0.0219  0.0219  0.0220  0.0221  0.0218  0.0218  0.0218  0.0218  0.0218  0.0218
  0.0218  0.0218  0.0218  0.0218  0.0218  0.0218  0.0217  0.0217  0.0217  0.0217  0.0217  0.0217
  0.0219  0.0219  0.0219  0.0218  0.0218  0.0217  0.0218  0.0218  0.0218  0.0218  0.0218  0.0218
  0.0221  0.0220  0.0219  0.0220  0.0219  0.0220  0.0219  0.0221  0.0219  0.0219  0.0218  0.0219
  0.0223  0.0222  0.0221  0.0223  0.0223  0.0227  0.0222  0.0224  0.0221  0.0222  0.0219  0.0220
   -1.3367   23.3947    0.1548   -3.1198  -10.6017   -4.4569
    1.1082   -3.1440   -1.6348   26.0999    2.9477  -32.0818
eta,q 0.97826 15.74714

---------------------------------------------------------------------
compute_vox2vox talsrcimg talsrcimg_to_711-2C_as_mni_average_305_t4 /opt/freesurfer/average/711-2C_as_mni_average_305
---------------------------------------------------------------------

freesurfer compute_vox2vox.c
Reading: talsrcimg.4dfp.ifh
Reading: talsrcimg_to_711-2C_as_mni_average_305_t4
Reading: /opt/freesurfer/average/711-2C_as_mni_average_305.4dfp.ifh
Writing: talsrcimg_to_711-2C_as_mni_average_305_t4_vox2vox.txt

start time Mon Mar 9 16:36:19 CET 2026
end		time Mon Mar 9 16:37:55 CET 2026

mpr2mni305 success

avi2talxfm orig_nu.mgz /opt/freesurfer/average/mni305.cor.mgz talsrcimg_to_711-2C_as_mni_average_305_t4_vox2vox.txt transforms/talairach.auto.xfm
avi2talxfm done
mv -f /out/sourcedata/freesurfer/sub-v1s22x0050525_ses-1/mri/talsrcimg_to_711-2C_as_mni_average_305_t4_vox2vox.txt /out/sourcedata/freesurfer/sub-v1s22x0050525_ses-1/mri/transforms/talsrcimg_to_711-2C_as_mni_average_305_t4_vox2vox.txt
lta_convert --src orig_nu.mgz --trg /opt/freesurfer/average/mni305.cor.mgz --inxfm transforms/talairach.auto.xfm --outlta transforms/talairach.auto.xfm.lta --subject fsaverage
7.3.2

--src: orig_nu.mgz src image (geometry).
--trg: /opt/freesurfer/average/mni305.cor.mgz trg image (geometry).
--inmni: transforms/talairach.auto.xfm input MNI/XFM transform.
--outlta: transforms/talairach.auto.xfm.lta output LTA.
--s: fsaverage subject name
 LTA read, type : 1
 1.03116   0.03408  -0.00055  -3.76238;
-0.02321   0.95244   0.34208  -47.01722;
 0.02563  -0.27744   1.01871  -13.31201;
 0.00000   0.00000   0.00000   1.00000;
setting subject to fsaverage
Writing  LTA to file transforms/talairach.auto.xfm.lta...
lta_convert successful.
 
 
Started at Mon Mar 9 16:36:18 CET 2026
Ended   at Mon Mar  9 16:37:55 CET 2026
talairach_avi done
