status file for recon-all
Mon Mar  9 18:37:39 CET 2026
#@# Tessellate rh Mon Mar  9 18:37:39 CET 2026
#@# Smooth1 rh Mon Mar  9 18:37:42 CET 2026
#@# Inflation1 rh Mon Mar  9 18:37:45 CET 2026
#@# QSphere rh Mon Mar  9 18:37:55 CET 2026
#@# Fix Topology rh Mon Mar  9 18:38:53 CET 2026
#@# Smooth2 rh Mon Mar  9 18:44:20 CET 2026
#@# Inflation2 rh Mon Mar  9 18:44:23 CET 2026
#@# Curv .H and .K rh Mon Mar  9 18:44:33 CET 2026
#@# Sphere rh Mon Mar  9 18:45:23 CET 2026
#@# Surf Reg rh Mon Mar  9 18:48:19 CET 2026
#@# Jacobian white rh Mon Mar  9 18:51:29 CET 2026
#@# AvgCurv rh Mon Mar  9 18:51:30 CET 2026
#@# Cortical Parc rh Mon Mar  9 18:51:31 CET 2026
#@# white curv rh Mon Mar  9 18:57:26 CET 2026
#@# white area rh Mon Mar  9 18:57:27 CET 2026
#@# pial curv rh Mon Mar  9 18:57:28 CET 2026
#@# pial area rh Mon Mar  9 18:57:29 CET 2026
#@# thickness rh Mon Mar  9 18:57:30 CET 2026
#@# area and vertex vol rh Mon Mar  9 18:58:00 CET 2026
#@# Curvature Stats rh Mon Mar  9 18:58:02 CET 2026
#@# Cortical Parc 2 rh Mon Mar  9 18:58:04 CET 2026
#@# Cortical Parc 3 rh Mon Mar  9 18:58:18 CET 2026
#@# WM/GM Contrast rh Mon Mar  9 18:58:27 CET 2026
recon-all -s sub-v1s22x0050530_ses-1 finished without error at Mon Mar  9 18:58:32 CET 2026



#New# invocation of recon-all 



status file for recon-all
Mon Mar  9 19:07:29 CET 2026
#@# white curv rh Mon Mar  9 19:07:29 CET 2026
#@# white area rh Mon Mar  9 19:07:29 CET 2026
#@# pial curv rh Mon Mar  9 19:07:29 CET 2026
#@# pial area rh Mon Mar  9 19:07:29 CET 2026
#@# thickness rh Mon Mar  9 19:07:29 CET 2026
#@# area and vertex vol rh Mon Mar  9 19:07:29 CET 2026
#@# Parcellation Stats rh Mon Mar  9 19:07:29 CET 2026
#@# Parcellation Stats 2 rh Mon Mar  9 19:07:48 CET 2026
#@# Parcellation Stats 3 rh Mon Mar  9 19:07:58 CET 2026
#@# BA_exvivo Labels rh Mon Mar  9 19:08:08 CET 2026
recon-all -s sub-v1s22x0050530_ses-1 finished without error at Mon Mar  9 19:10:35 CET 2026
