/out/sourcedata/freesurfer/sub-v1s22x0050510_ses-1/mri
/opt/freesurfer/bin/talairach_avi
--i orig_nu.mgz --xfm transforms/talairach.auto.xfm
talairach_avi 7.3.2
Linux dna029 5.14.0-427.37.1.el9_4.x86_64 #1 SMP PREEMPT_DYNAMIC Fri Sep 13 12:41:50 EDT 2024 x86_64 x86_64 x86_64 GNU/Linux
Mon Mar  9 16:01:55 CET 2026
mri_convert orig_nu.mgz talsrcimg.img 
reading from orig_nu.mgz...
TR=0.00, TE=0.00, TI=0.00, flip angle=0.00
i_ras = (-1, 0, 0)
j_ras = (0, 0, -1)
k_ras = (0, 1, 0)
writing to talsrcimg.img...
Analyze Output Matrix
-1.00000   0.00000   0.00000   124.17545;
 0.00000   0.00000   1.00000  -93.01585;
 0.00000  -1.00000   0.00000   134.87869;
 0.00000   0.00000   0.00000   1.00000;
--------------------
INFO: set hdr.hist.orient to -1
mpr2mni305 talsrcimg
Mon Mar  9 16:01:55 CET 2026
/opt/freesurfer/bin/mpr2mni305 talsrcimg
mpr2mni305 7.3.2
target=711-2C_as_mni_average_305

---------------------------------------------------------------------
analyzeto4dfp talsrcimg -O0 -y
---------------------------------------------------------------------

freesurfer ifh2hdr.c
Mon Mar  9 16:01:55 2026
Writing: talsrcimg.4dfp.hdr
freesurfer analyzeto4dfp.c
Reading: talsrcimg.hdr
header size 348 bytes
hdr.dime.datatype	offset=70	value=2
hdr.dime.bitpix		offset=72	value=8
hdr.hist.orient		offset=252	value=-1
dimensionality     4
dimensions       256       256       256         1
Reading: talsrcimg.img
Writing: talsrcimg.4dfp.img
Writing: talsrcimg.4dfp.ifh
ifh2hdr talsrcimg -r0to254
ori=2

---------------------------------------------------------------------
gauss_4dfp talsrcimg 1.1
---------------------------------------------------------------------

freesurfer gauss_4dfp.c
Reading: talsrcimg.4dfp.img
Writing: talsrcimg_g11.4dfp.img
image dimensions 256 256 256 padded to 288 288 288
processing volume 1freesurfer ifh2hdr.c
Mon Mar  9 16:01:57 2026
Writing: talsrcimg_g11.4dfp.hdr

Writing: talsrcimg_g11.4dfp.ifh
including: talsrcimg.4dfp.img.rec in talsrcimg_g11.4dfp.img.rec

---------------------------------------------------------------------
imgreg_4dfp /opt/freesurfer/average/711-2C_as_mni_average_305 none talsrcimg_g11 none talsrcimg_to_711-2C_as_mni_average_305_t4 4355
---------------------------------------------------------------------

freesurfer imgreg_4dfp.c
/opt/freesurfer/average/711-2C_as_mni_average_305.4dfp.img
       256       256       256         1
  1.000000  1.000000  1.000000
orientation T byte_order littleendian
Reading image: /opt/freesurfer/average/711-2C_as_mni_average_305.4dfp.img
dimensions:      256       256       256
mmppix:       1.0000   -1.0000   -1.0000
center:     128.0000 -129.0000 -129.0000
talsrcimg_g11.4dfp.img
       256       256       256         1
  1.000000  1.000000  1.000000
orientation T byte_order littleendian
Reading image: talsrcimg_g11.4dfp.img
dimensions:      256       256       256
mmppix:       1.0000   -1.0000   -1.0000
center:     128.0000 -129.0000 -129.0000
t4_read: open error in t4_sub.f l:  41 t4_file(1:l)talsrcimg_to_711-2C_as_mni_average_305_t4 
t4_read: transform initialized to I4
rotation matrix determinant  1.000000
image alignment mode   4355 decimal     1103 hex
   -7.5000  -45.0000  -45.0000 5588.4282   15.3095
    0.0000  -45.0000  -45.0000 5838.3711   15.3048
    7.5000  -45.0000  -45.0000 5661.1802   15.2940
   -7.5000  -37.5000  -45.0000 6089.4014   14.9975
    0.0000  -37.5000  -45.0000 6361.0898   15.0030
    7.5000  -37.5000  -45.0000 6164.6030   14.9991
   -7.5000  -30.0000  -45.0000 6879.9673   14.7562
    0.0000  -30.0000  -45.0000 7204.5835   14.7672
    7.5000  -30.0000  -45.0000 6961.6025   14.7699
   -7.5000  -22.5000  -45.0000 7845.8794   14.5082
    0.0000  -22.5000  -45.0000 8241.7314   14.5166
    7.5000  -22.5000  -45.0000 7939.5298   14.5208
   -7.5000  -15.0000  -45.0000 8847.6367   14.3317
    0.0000  -15.0000  -45.0000 9312.7168   14.3314
    7.5000  -15.0000  -45.0000 8962.1660   14.3294
   -7.5000   -7.5000  -45.0000 9943.2393   14.2946
    0.0000   -7.5000  -45.000010467.4902   14.2888
    7.5000   -7.5000  -45.000010031.6699   14.2801
   -7.5000    0.0000  -45.000010845.2988   14.3324
    0.0000    0.0000  -45.000011425.0908   14.3294
    7.5000    0.0000  -45.000010940.9863   14.3204
   -7.5000    7.5000  -45.000010769.7695   14.4328
    0.0000    7.5000  -45.000011359.6631   14.4377
    7.5000    7.5000  -45.000010872.9219   14.4339
   -7.5000   15.0000  -45.000010555.1055   14.4776
    0.0000   15.0000  -45.000011139.0889   14.4884
    7.5000   15.0000  -45.000010659.3545   14.4912
   -7.5000   22.5000  -45.000010386.9854   14.4125
    0.0000   22.5000  -45.000010927.3994   14.4209
    7.5000   22.5000  -45.000010456.2207   14.4251
   -7.5000   30.0000  -45.000010191.0215   14.1407
    0.0000   30.0000  -45.000010716.7217   14.1404
    7.5000   30.0000  -45.000010237.4766   14.1385
   -7.5000   37.5000  -45.000010369.8486   14.1041
    0.0000   37.5000  -45.000010930.6143   14.0984
    7.5000   37.5000  -45.000010411.0547   14.0898
   -7.5000   45.0000  -45.000010043.0879   13.7823
    0.0000   45.0000  -45.000010553.2285   13.7795
    7.5000   45.0000  -45.000010041.3057   13.7708
   -7.5000  -45.0000  -37.5000 5954.5479   15.1870
    0.0000  -45.0000  -37.5000 6237.5117   15.1755
    7.5000  -45.0000  -37.5000 6034.7793   15.1646
   -7.5000  -37.5000  -37.5000 6498.3667   14.8775
    0.0000  -37.5000  -37.5000 6809.1191   14.8742
    7.5000  -37.5000  -37.5000 6563.4053   14.8700
   -7.5000  -30.0000  -37.5000 7362.3804   14.6362
    0.0000  -30.0000  -37.5000 7744.1865   14.6400
    7.5000  -30.0000  -37.5000 7446.7827   14.6443
   -7.5000  -22.5000  -37.5000 8401.5488   14.3870
    0.0000  -22.5000  -37.5000 8849.6465   14.3928
    7.5000  -22.5000  -37.5000 8503.2139   14.4011
   -7.5000  -15.0000  -37.5000 9509.6201   14.2084
    0.0000  -15.0000  -37.500010029.5967   14.2082
    7.5000  -15.0000  -37.5000 9625.9160   14.2112
   -7.5000   -7.5000  -37.500010652.2354   14.1708
    0.0000   -7.5000  -37.500011226.3760   14.1633
    7.5000   -7.5000  -37.500010740.9678   14.1581
   -7.5000    0.0000  -37.500011602.8291   14.2110
    0.0000    0.0000  -37.500012230.2578   14.2021
    7.5000    0.0000  -37.500011693.1582   14.1938
   -7.5000    7.5000  -37.500011523.4209   14.3138
    0.0000    7.5000  -37.500012164.4326   14.3103
    7.5000    7.5000  -37.500011613.9746   14.3064
   -7.5000   15.0000  -37.500011291.8438   14.3599
    0.0000   15.0000  -37.500011937.2490   14.3638
    7.5000   15.0000  -37.500011375.1826   14.3682
   -7.5000   22.5000  -37.500011083.0879   14.2927
    0.0000   22.5000  -37.500011691.0127   14.2985
    7.5000   22.5000  -37.500011152.3896   14.3067
   -7.5000   30.0000  -37.500010834.6826   14.0190
    0.0000   30.0000  -37.500011417.9404   14.0189
    7.5000   30.0000  -37.500010884.9189   14.0218
   -7.5000   37.5000  -37.500011010.6855   13.9820
    0.0000   37.5000  -37.500011616.9521   13.9746
    7.5000   37.5000  -37.500011048.7881   13.9694
   -7.5000   45.0000  -37.500010644.0078   13.6656
    0.0000   45.0000  -37.500011213.2227   13.6570
    7.5000   45.0000  -37.500010652.7607   13.6491
   -7.5000  -45.0000  -30.0000 6455.6333   15.8073
    0.0000  -45.0000  -30.0000 6789.1650   15.7967
    7.5000  -45.0000  -30.0000 6539.0327   15.7880
   -7.5000  -37.5000  -30.0000 7051.3506   15.4856
    0.0000  -37.5000  -30.0000 7429.8281   15.4782
    7.5000  -37.5000  -30.0000 7124.9512   15.4768
   -7.5000  -30.0000  -30.0000 8019.0229   15.2343
    0.0000  -30.0000  -30.0000 8455.9023   15.2323
    7.5000  -30.0000  -30.0000 8094.9727   15.2403
   -7.5000  -22.5000  -30.0000 9136.8389   14.9721
    0.0000  -22.5000  -30.0000 9641.0889   14.9745
    7.5000  -22.5000  -30.0000 9237.8809   14.9873
   -7.5000  -15.0000  -30.000010318.6113   14.7836
    0.0000  -15.0000  -30.000010893.0615   14.7836
    7.5000  -15.0000  -30.000010429.9414   14.7906
   -7.5000   -7.5000  -30.000011523.3652   14.7462
    0.0000   -7.5000  -30.000012166.2246   14.7405
    7.5000   -7.5000  -30.000011604.0312   14.7383
   -7.5000    0.0000  -30.000012539.3379   14.7910
    0.0000    0.0000  -30.000013244.7676   14.7820
    7.5000    0.0000  -30.000012644.3848   14.7761
   -7.5000    7.5000  -30.000012457.4619   14.8995
    0.0000    7.5000  -30.000013160.8398   14.8920
    7.5000    7.5000  -30.000012556.3213   14.8907
   -7.5000   15.0000  -30.000012224.7969   14.9471
    0.0000   15.0000  -30.000012932.7236   14.9454
    7.5000   15.0000  -30.000012300.5225   14.9534
   -7.5000   22.5000  -30.000011988.7158   14.8724
    0.0000   22.5000  -30.000012654.5498   14.8748
    7.5000   22.5000  -30.000012048.9902   14.8875
   -7.5000   30.0000  -30.000011672.3340   14.5880
    0.0000   30.0000  -30.000012347.0420   14.5879
    7.5000   30.0000  -30.000011733.3438   14.5949
   -7.5000   37.5000  -30.000011834.4414   14.5511
    0.0000   37.5000  -30.000012514.1670   14.5455
    7.5000   37.5000  -30.000011878.3701   14.5433
   -7.5000   45.0000  -30.000011393.1670   14.2338
    0.0000   45.0000  -30.000012031.2109   14.2251
    7.5000   45.0000  -30.000011407.9648   14.2194
   -7.5000  -45.0000  -22.5000 6950.0776   16.3716
    0.0000  -45.0000  -22.5000 7320.8013   16.3703
    7.5000  -45.0000  -22.5000 7041.6685   16.3666
   -7.5000  -37.5000  -22.5000 7611.9834   16.0354
    0.0000  -37.5000  -22.5000 8018.9556   16.0336
    7.5000  -37.5000  -22.5000 7692.8525   16.0363
   -7.5000  -30.0000  -22.5000 8671.7090   15.7735
    0.0000  -30.0000  -22.5000 9139.8760   15.7724
    7.5000  -30.0000  -22.5000 8741.2051   15.7821
   -7.5000  -22.5000  -22.5000 9867.0527   15.5025
    0.0000  -22.5000  -22.500010427.1172   15.5033
    7.5000  -22.5000  -22.5000 9977.6025   15.5155
   -7.5000  -15.0000  -22.500011109.3496   15.3092
    0.0000  -15.0000  -22.500011753.3701   15.3090
    7.5000  -15.0000  -22.500011221.0605   15.3154
   -7.5000   -7.5000  -22.500012383.0303   15.2718
    0.0000   -7.5000  -22.500013082.6387   15.2706
    7.5000   -7.5000  -22.500012466.6182   15.2700
   -7.5000    0.0000  -22.500013449.0967   15.3177
    0.0000    0.0000  -22.500014220.2490   15.3161
    7.5000    0.0000  -22.500013571.1777   15.3138
   -7.5000    7.5000  -22.500013382.2861   15.4283
    0.0000    7.5000  -22.500014135.3027   15.4261
    7.5000    7.5000  -22.500013486.8623   15.4284
   -7.5000   15.0000  -22.500013153.6055   15.4762
    0.0000   15.0000  -22.500013940.3086   15.4753
    7.5000   15.0000  -22.500013255.0566   15.4849
   -7.5000   22.5000  -22.500012877.3711   15.3981
    0.0000   22.5000  -22.500013639.6055   15.3989
    7.5000   22.5000  -22.500012972.6523   15.4110
   -7.5000   30.0000  -22.500012520.4609   15.1089
    0.0000   30.0000  -22.500013286.9434   15.1087
    7.5000   30.0000  -22.500012615.6650   15.1150
   -7.5000   37.5000  -22.500012681.7373   15.0721
    0.0000   37.5000  -22.500013455.5479   15.0708
    7.5000   37.5000  -22.500012756.6562   15.0702
   -7.5000   45.0000  -22.500012150.8076   14.7517
    0.0000   45.0000  -22.500012870.1729   14.7501
    7.5000   45.0000  -22.500012175.7871   14.7480
   -7.5000  -45.0000  -15.0000 7447.4419   16.7999
    0.0000  -45.0000  -15.0000 7839.8145   16.8067
    7.5000  -45.0000  -15.0000 7544.7056   16.8036
   -7.5000  -37.5000  -15.0000 8205.6865   16.4515
    0.0000  -37.5000  -15.0000 8633.0547   16.4588
    7.5000  -37.5000  -15.0000 8281.3652   16.4611
   -7.5000  -30.0000  -15.0000 9357.2314   16.1801
    0.0000  -30.0000  -15.0000 9862.9229   16.1862
    7.5000  -30.0000  -15.0000 9432.5381   16.1936
   -7.5000  -22.5000  -15.000010628.1523   15.9037
    0.0000  -22.5000  -15.000011211.1133   15.9078
    7.5000  -22.5000  -15.000010731.5547   15.9161
   -7.5000  -15.0000  -15.000011927.8604   15.7096
    0.0000  -15.0000  -15.000012573.0098   15.7106
    7.5000  -15.0000  -15.000012029.7598   15.7132
   -7.5000   -7.5000  -15.000013237.0996   15.6727
    0.0000   -7.5000  -15.000013962.6768   15.6747
    7.5000   -7.5000  -15.000013351.7354   15.6720
   -7.5000    0.0000  -15.000014357.7178   15.7176
    0.0000    0.0000  -15.000015183.7168   15.7229
    7.5000    0.0000  -15.000014490.9941   15.7205
   -7.5000    7.5000  -15.000014282.9785   15.8280
    0.0000    7.5000  -15.000015099.7305   15.8343
    7.5000    7.5000  -15.000014404.1064   15.8362
   -7.5000   15.0000  -15.000014030.4629   15.8748
    0.0000   15.0000  -15.000014894.2305   15.8809
    7.5000   15.0000  -15.000014149.9971   15.8882
   -7.5000   22.5000  -15.000013744.4150   15.7958
    0.0000   22.5000  -15.000014576.4502   15.7998
    7.5000   22.5000  -15.000013843.8496   15.8082
   -7.5000   30.0000  -15.000013364.2891   15.5062
    0.0000   30.0000  -15.000014240.8584   15.5073
    7.5000   30.0000  -15.000013476.4727   15.5099
   -7.5000   37.5000  -15.000013543.3184   15.4699
    0.0000   37.5000  -15.000014408.6982   15.4719
    7.5000   37.5000  -15.000013609.7744   15.4691
   -7.5000   45.0000  -15.000012926.0068   15.1459
    0.0000   45.0000  -15.000013706.1807   15.1511
    7.5000   45.0000  -15.000012929.0840   15.1487
   -7.5000  -45.0000   -7.5000 7985.5327   17.0128
    0.0000  -45.0000   -7.5000 8388.6514   17.0163
    7.5000  -45.0000   -7.5000 8068.2725   17.0077
   -7.5000  -37.5000   -7.5000 8843.7080   16.6581
    0.0000  -37.5000   -7.5000 9314.8232   16.6686
    7.5000  -37.5000   -7.5000 8913.0146   16.6665
   -7.5000  -30.0000   -7.500010093.5234   16.3827
    0.0000  -30.0000   -7.500010648.1523   16.3950
    7.5000  -30.0000   -7.500010182.0352   16.3987
   -7.5000  -22.5000   -7.500011422.5576   16.1062
    0.0000  -22.5000   -7.500012026.4717   16.1143
    7.5000  -22.5000   -7.500011515.5684   16.1185
   -7.5000  -15.0000   -7.500012769.2891   15.9134
    0.0000  -15.0000   -7.500013453.1484   15.9138
    7.5000  -15.0000   -7.500012868.5518   15.9113
   -7.5000   -7.5000   -7.500014119.4805   15.8751
    0.0000   -7.5000   -7.500014887.7373   15.8737
    7.5000   -7.5000   -7.500014247.4717   15.8651
   -7.5000    0.0000   -7.500015338.1641   15.9173
    0.0000    0.0000   -7.500016194.8066   15.9207
    7.5000    0.0000   -7.500015478.5732   15.9130
   -7.5000    7.5000   -7.500015301.4277   16.0262
    0.0000    7.5000   -7.500016157.4619   16.0356
    7.5000    7.5000   -7.500015414.8535   16.0334
   -7.5000   15.0000   -7.500015038.2764   16.0733
    0.0000   15.0000   -7.500015936.4141   16.0854
    7.5000   15.0000   -7.500015125.8506   16.0891
   -7.5000   22.5000   -7.500014670.1855   15.9953
    0.0000   22.5000   -7.500015587.9893   16.0033
    7.5000   22.5000   -7.500014756.2998   16.0076
   -7.5000   30.0000   -7.500014264.5352   15.7070
    0.0000   30.0000   -7.500015183.2949   15.7075
    7.5000   30.0000   -7.500014348.6553   15.7049
   -7.5000   37.5000   -7.500014472.5430   15.6693
    0.0000   37.5000   -7.500015336.9932   15.6678
    7.5000   37.5000   -7.500014502.5850   15.6593
   -7.5000   45.0000   -7.500013720.4893   15.3412
    0.0000   45.0000   -7.500014545.5684   15.3445
    7.5000   45.0000   -7.500013719.2510   15.3371
   -7.5000  -45.0000    0.0000 8462.1494   17.0302
    0.0000  -45.0000    0.0000 8891.3506   17.0240
    7.5000  -45.0000    0.0000 8530.0576   17.0115
   -7.5000  -37.5000    0.0000 9387.7998   16.6779
    0.0000  -37.5000    0.0000 9898.4326   16.6833
    7.5000  -37.5000    0.0000 9463.8994   16.6783
   -7.5000  -30.0000    0.000010706.7305   16.4049
    0.0000  -30.0000    0.000011290.3574   16.4162
    7.5000  -30.0000    0.000010798.0430   16.4185
   -7.5000  -22.5000    0.000012134.5850   16.1295
    0.0000  -22.5000    0.000012739.2295   16.1380
    7.5000  -22.5000    0.000012206.5234   16.1419
   -7.5000  -15.0000    0.000013546.8545   15.9349
    0.0000  -15.0000    0.000014221.0469   15.9338
    7.5000  -15.0000    0.000013610.0566   15.9310
   -7.5000   -7.5000    0.000014963.3828   15.8934
    0.0000   -7.5000    0.000015693.8359   15.8863
    7.5000   -7.5000    0.000015054.5098   15.8761
   -7.5000    0.0000    0.000016279.7939   15.9345
    0.0000    0.0000    0.000017131.9121   15.9304
    7.5000    0.0000    0.000016418.2617   15.9199
   -7.5000    7.5000    0.000016323.4502   16.0451
    0.0000    7.5000    0.000017250.3945   16.0497
    7.5000    7.5000    0.000016435.4902   16.0450
   -7.5000   15.0000    0.000016064.1484   16.0949
    0.0000   15.0000    0.000016988.1855   16.1061
    7.5000   15.0000    0.000016072.9082   16.1086
   -7.5000   22.5000    0.000015612.8877   16.0185
    0.0000   22.5000    0.000016520.9922   16.0271
    7.5000   22.5000    0.000015609.6494   16.0310
   -7.5000   30.0000    0.000015150.4717   15.7287
    0.0000   30.0000    0.000016035.4404   15.7276
    7.5000   30.0000    0.000015185.1143   15.7248
   -7.5000   37.5000    0.000015311.7383   15.6877
    0.0000   37.5000    0.000016158.7822   15.6807
    7.5000   37.5000    0.000015315.1387   15.6707
   -7.5000   45.0000    0.000014434.5781   15.3590
    0.0000   45.0000    0.000015255.3145   15.3551
    7.5000   45.0000    0.000014431.6709   15.3450
   -7.5000  -45.0000    7.5000 8239.0938   16.9930
    0.0000  -45.0000    7.5000 8654.7949   16.9800
    7.5000  -45.0000    7.5000 8286.2627   16.9677
   -7.5000  -37.5000    7.5000 9155.4727   16.6463
    0.0000  -37.5000    7.5000 9682.7764   16.6426
    7.5000  -37.5000    7.5000 9258.6592   16.6378
   -7.5000  -30.0000    7.500010443.9795   16.3762
    0.0000  -30.0000    7.500011026.1582   16.3802
    7.5000  -30.0000    7.500010546.0859   16.3850
   -7.5000  -22.5000    7.500011842.3789   16.0974
    0.0000  -22.5000    7.500012454.7012   16.1037
    7.5000  -22.5000    7.500011920.7598   16.1129
   -7.5000  -15.0000    7.500013211.8096   15.8976
    0.0000  -15.0000    7.500013863.1582   15.8973
    7.5000  -15.0000    7.500013273.3408   15.9005
   -7.5000   -7.5000    7.500014580.9141   15.8556
    0.0000   -7.5000    7.500015275.2881   15.8471
    7.5000   -7.5000    7.500014646.8828   15.8411
   -7.5000    0.0000    7.500015873.8750   15.9005
    0.0000    0.0000    7.500016746.5352   15.8905
    7.5000    0.0000    7.500016009.1934   15.8811
   -7.5000    7.5000    7.500015969.4131   16.0155
    0.0000    7.5000    7.500016820.3301   16.0115
    7.5000    7.5000    7.500016086.0244   16.0070
   -7.5000   15.0000    7.500015747.8428   16.0670
    0.0000   15.0000    7.500016377.8076   16.0712
    7.5000   15.0000    7.500015710.9443   16.0761
   -7.5000   22.5000    7.500015336.0918   15.9867
    0.0000   22.5000    7.500015992.4531   15.9930
    7.5000   22.5000    7.500015262.4648   16.0022
   -7.5000   30.0000    7.500014843.9736   15.6918
    0.0000   30.0000    7.500015593.0381   15.6915
    7.5000   30.0000    7.500014829.8135   15.6947
   -7.5000   37.5000    7.500014958.8379   15.6504
    0.0000   37.5000    7.500015738.3906   15.6420
    7.5000   37.5000    7.500014957.7676   15.6361
   -7.5000   45.0000    7.500014052.1621   15.3263
    0.0000   45.0000    7.500014795.7666   15.3166
    7.5000   45.0000    7.500014049.3447   15.3076
   -7.5000  -45.0000   15.0000 7865.5176   16.9745
    0.0000  -45.0000   15.0000 8292.9521   16.9630
    7.5000  -45.0000   15.0000 7917.4790   16.9537
   -7.5000  -37.5000   15.0000 8773.7842   16.6290
    0.0000  -37.5000   15.0000 9270.7568   16.6210
    7.5000  -37.5000   15.0000 8851.4639   16.6196
   -7.5000  -30.0000   15.000010030.6611   16.3591
    0.0000  -30.0000   15.000010571.2061   16.3569
    7.5000  -30.0000   15.000010110.8125   16.3656
   -7.5000  -22.5000   15.000011366.6992   16.0776
    0.0000  -22.5000   15.000011957.0762   16.0802
    7.5000  -22.5000   15.000011469.1982   16.0938
   -7.5000  -15.0000   15.000012679.2490   15.8752
    0.0000  -15.0000   15.000013345.2891   15.8751
    7.5000  -15.0000   15.000012803.5215   15.8827
   -7.5000   -7.5000   15.000014004.1104   15.8350
    0.0000   -7.5000   15.000014708.6738   15.8289
    7.5000   -7.5000   15.000014115.1387   15.8266
   -7.5000    0.0000   15.000015175.8428   15.8831
    0.0000    0.0000   15.000016029.4863   15.8734
    7.5000    0.0000   15.000015345.6172   15.8671
   -7.5000    7.5000   15.000015161.3252   15.9996
    0.0000    7.5000   15.000016005.9229   15.9916
    7.5000    7.5000   15.000015368.6924   15.9902
   -7.5000   15.0000   15.000014995.2578   16.0507
    0.0000   15.0000   15.000015699.3301   16.0489
    7.5000   15.0000   15.000015121.7725   16.0575
   -7.5000   22.5000   15.000014721.6035   15.9670
    0.0000   22.5000   15.000015391.1182   15.9696
    7.5000   22.5000   15.000014779.4404   15.9832
   -7.5000   30.0000   15.000014306.8623   15.6697
    0.0000   30.0000   15.000015044.5596   15.6697
    7.5000   30.0000   15.000014349.6738   15.6771
   -7.5000   37.5000   15.000014416.2061   15.6301
    0.0000   37.5000   15.000015157.1387   15.6240
    7.5000   37.5000   15.000014439.2217   15.6217
   -7.5000   45.0000   15.000013503.9746   15.3095
    0.0000   45.0000   15.000014181.4238   15.3002
    7.5000   45.0000   15.000013508.9336   15.2940
   -7.5000  -45.0000   22.5000 7456.8154   17.0159
    0.0000  -45.0000   22.5000 7850.1670   17.0141
    7.5000  -45.0000   22.5000 7508.0601   17.0104
   -7.5000  -37.5000   22.5000 8314.8281   16.6656
    0.0000  -37.5000   22.5000 8784.5156   16.6633
    7.5000  -37.5000   22.5000 8388.4307   16.6663
   -7.5000  -30.0000   22.5000 9499.3604   16.3931
    0.0000  -30.0000   22.500010002.9180   16.3915
    7.5000  -30.0000   22.5000 9568.6338   16.4018
   -7.5000  -22.5000   22.500010737.1816   16.1115
    0.0000  -22.5000   22.500011331.6162   16.1119
    7.5000  -22.5000   22.500010843.6367   16.1247
   -7.5000  -15.0000   22.500012000.7764   15.9107
    0.0000  -15.0000   22.500012687.6846   15.9101
    7.5000  -15.0000   22.500012133.0928   15.9169
   -7.5000   -7.5000   22.500013230.6738   15.8719
    0.0000   -7.5000   22.500014033.2451   15.8702
    7.5000   -7.5000   22.500013397.7559   15.8697
   -7.5000    0.0000   22.500014345.8691   15.9193
    0.0000    0.0000   22.500015282.8027   15.9172
    7.5000    0.0000   22.500014549.0762   15.9150
   -7.5000    7.5000   22.500014329.3643   16.0339
    0.0000    7.5000   22.500015179.1025   16.0312
    7.5000    7.5000   22.500014485.0098   16.0338
   -7.5000   15.0000   22.500014139.2031   16.0837
    0.0000   15.0000   22.500014928.7188   16.0824
    7.5000   15.0000   22.500014250.3232   16.0925
   -7.5000   22.5000   22.500013895.5664   16.0004
    0.0000   22.5000   22.500014639.9561   16.0009
    7.5000   22.5000   22.500013988.6084   16.0135
   -7.5000   30.0000   22.500013531.0430   15.7048
    0.0000   30.0000   22.500014264.5859   15.7042
    7.5000   30.0000   22.500013610.6895   15.7108
   -7.5000   37.5000   22.500013645.8193   15.6665
    0.0000   37.5000   22.500014323.3135   15.6648
    7.5000   37.5000   22.500013695.8525   15.6643
   -7.5000   45.0000   22.500012781.8467   15.3443
    0.0000   45.0000   22.500013395.9658   15.3423
    7.5000   45.0000   22.500012810.9512   15.3402
   -7.5000  -45.0000   30.0000 6929.6108   17.1567
    0.0000  -45.0000   30.0000 7315.5688   17.1634
    7.5000  -45.0000   30.0000 7003.1372   17.1609
   -7.5000  -37.5000   30.0000 7723.9644   16.7971
    0.0000  -37.5000   30.0000 8170.3340   16.8042
    7.5000  -37.5000   30.0000 7805.5605   16.8072
   -7.5000  -30.0000   30.0000 8837.8584   16.5175
    0.0000  -30.0000   30.0000 9332.2900   16.5233
    7.5000  -30.0000   30.0000 8914.5400   16.5314
   -7.5000  -22.5000   30.000010038.8037   16.2344
    0.0000  -22.5000   30.000010606.1514   16.2381
    7.5000  -22.5000   30.000010134.3369   16.2472
   -7.5000  -15.0000   30.000011241.9219   16.0362
    0.0000  -15.0000   30.000011884.2793   16.0369
    7.5000  -15.0000   30.000011341.5420   16.0401
   -7.5000   -7.5000   30.000012405.4277   15.9989
    0.0000   -7.5000   30.000013120.2373   16.0006
    7.5000   -7.5000   30.000012509.5635   15.9983
   -7.5000    0.0000   30.000013468.3193   16.0441
    0.0000    0.0000   30.000014203.3311   16.0493
    7.5000    0.0000   30.000013578.9893   16.0474
   -7.5000    7.5000   30.000013425.2080   16.1561
    0.0000    7.5000   30.000014044.1631   16.1622
    7.5000    7.5000   30.000013487.1816   16.1647
   -7.5000   15.0000   30.000013192.2227   16.2037
    0.0000   15.0000   30.000013770.6914   16.2095
    7.5000   15.0000   30.000013252.2480   16.2175
   -7.5000   22.5000   30.000012917.2480   16.1218
    0.0000   22.5000   30.000013498.5654   16.1255
    7.5000   22.5000   30.000012982.7598   16.1345
   -7.5000   30.0000   30.000012597.0713   15.8287
    0.0000   30.0000   30.000013176.8438   15.8294
    7.5000   30.0000   30.000012662.6582   15.8325
   -7.5000   37.5000   30.000012714.5244   15.7918
    0.0000   37.5000   30.000013300.4492   15.7935
    7.5000   37.5000   30.000012786.6592   15.7913
   -7.5000   45.0000   30.000011933.3740   15.4647
    0.0000   45.0000   30.000012503.8994   15.4697
    7.5000   45.0000   30.000011993.2979   15.4678
   -7.5000  -45.0000   37.5000 6659.4858   17.3241
    0.0000  -45.0000   37.5000 7011.1748   17.3272
    7.5000  -45.0000   37.5000 6742.7861   17.3191
   -7.5000  -37.5000   37.5000 7436.0967   16.9597
    0.0000  -37.5000   37.5000 7825.8125   16.9700
    7.5000  -37.5000   37.5000 7517.7871   16.9687
   -7.5000  -30.0000   37.5000 8514.3037   16.6771
    0.0000  -30.0000   37.5000 8972.9395   16.6893
    7.5000  -30.0000   37.5000 8583.7490   16.6939
   -7.5000  -22.5000   37.5000 9667.2598   16.3943
    0.0000  -22.5000   37.500010196.2168   16.4022
    7.5000  -22.5000   37.5000 9735.4873   16.4073
   -7.5000  -15.0000   37.500010797.6992   16.1977
    0.0000  -15.0000   37.500011389.6787   16.1978
    7.5000  -15.0000   37.500010884.0781   16.1958
   -7.5000   -7.5000   37.500011899.9678   16.1592
    0.0000   -7.5000   37.500012569.2090   16.1572
    7.5000   -7.5000   37.500012002.6641   16.1490
   -7.5000    0.0000   37.500012905.5146   16.2011
    0.0000    0.0000   37.500013589.1436   16.2040
    7.5000    0.0000   37.500012999.3555   16.1969
   -7.5000    7.5000   37.500012831.9023   16.3108
    0.0000    7.5000   37.500013436.4473   16.3199
    7.5000    7.5000   37.500012919.9092   16.3185
   -7.5000   15.0000   37.500012607.2334   16.3586
    0.0000   15.0000   37.500013180.5840   16.3705
    7.5000   15.0000   37.500012693.8203   16.3752
   -7.5000   22.5000   37.500012335.9043   16.2799
    0.0000   22.5000   37.500012902.2627   16.2878
    7.5000   22.5000   37.500012402.9785   16.2930
   -7.5000   30.0000   37.500012061.8311   15.9881
    0.0000   30.0000   37.500012592.0801   15.9881
    7.5000   30.0000   37.500012110.7480   15.9862
   -7.5000   37.5000   37.500012202.0537   15.9501
    0.0000   37.5000   37.500012732.7949   15.9480
    7.5000   37.5000   37.500012255.9580   15.9400
   -7.5000   45.0000   37.500011481.8926   15.6160
    0.0000   45.0000   37.500012007.6465   15.6188
    7.5000   45.0000   37.500011529.1133   15.6120
   -7.5000  -45.0000   45.0000 6131.5454   17.5465
    0.0000  -45.0000   45.0000 6430.8999   17.5393
    7.5000  -45.0000   45.0000 6197.7896   17.5275
   -7.5000  -37.5000   45.0000 6819.8262   17.1792
    0.0000  -37.5000   45.0000 7166.5376   17.1842
    7.5000  -37.5000   45.0000 6888.2651   17.1804
   -7.5000  -30.0000   45.0000 7809.2021   16.8966
    0.0000  -30.0000   45.0000 8231.2588   16.9081
    7.5000  -30.0000   45.0000 7869.3931   16.9119
   -7.5000  -22.5000   45.0000 8871.2939   16.6124
    0.0000  -22.5000   45.0000 9371.5146   16.6208
    7.5000  -22.5000   45.0000 8928.8125   16.6262
   -7.5000  -15.0000   45.0000 9897.8018   16.4125
    0.0000  -15.0000   45.000010454.7881   16.4103
    7.5000  -15.0000   45.0000 9980.7500   16.4086
   -7.5000   -7.5000   45.000010907.3223   16.3686
    0.0000   -7.5000   45.000011518.7441   16.3601
    7.5000   -7.5000   45.000010994.3916   16.3507
   -7.5000    0.0000   45.000011831.5137   16.4096
    0.0000    0.0000   45.000012463.7139   16.4045
    7.5000    0.0000   45.000011899.4492   16.3948
   -7.5000    7.5000   45.000011756.0420   16.5240
    0.0000    7.5000   45.000012342.6953   16.5282
    7.5000    7.5000   45.000011841.2207   16.5246
   -7.5000   15.0000   45.000011522.6934   16.5767
    0.0000   15.0000   45.000012063.5742   16.5878
    7.5000   15.0000   45.000011603.2334   16.5919
   -7.5000   22.5000   45.000011279.2148   16.4986
    0.0000   22.5000   45.000011808.8213   16.5069
    7.5000   22.5000   45.000011330.8008   16.5123
   -7.5000   30.0000   45.000011048.9307   16.1986
    0.0000   30.0000   45.000011533.2812   16.1965
    7.5000   30.0000   45.000011067.1123   16.1948
   -7.5000   37.5000   45.000011200.3984   16.1553
    0.0000   37.5000   45.000011696.0312   16.1470
    7.5000   37.5000   45.000011228.2402   16.1377
   -7.5000   45.0000   45.000010552.9658   15.8241
    0.0000   45.0000   45.000011040.1621   15.8192
    7.5000   45.0000   45.000010584.1416   15.8099

---------------------------------------------------------------------
imgreg_4dfp /opt/freesurfer/average/711-2C_as_mni_average_305 /opt/freesurfer/average/711-2B_as_mni_average_305_mask talsrcimg_g11 none talsrcimg_to_711-2C_as_mni_average_305_t4 4355
---------------------------------------------------------------------

freesurfer imgreg_4dfp.c
/opt/freesurfer/average/711-2C_as_mni_average_305.4dfp.img
       256       256       256         1
  1.000000  1.000000  1.000000
orientation T byte_order littleendian
Reading image: /opt/freesurfer/average/711-2C_as_mni_average_305.4dfp.img
dimensions:      256       256       256
mmppix:       1.0000   -1.0000   -1.0000
center:     128.0000 -129.0000 -129.0000
/opt/freesurfer/average/711-2B_as_mni_average_305_mask.4dfp.img
       256       256       256         1
  1.000000  1.000000  1.000000
orientation T byte_order littleendian
Reading mask: /opt/freesurfer/average/711-2B_as_mni_average_305_mask.4dfp.img (2306576 pixels)
talsrcimg_g11.4dfp.img
       256       256       256         1
  1.000000  1.000000  1.000000
orientation T byte_order littleendian
Reading image: talsrcimg_g11.4dfp.img
dimensions:      256       256       256
mmppix:       1.0000   -1.0000   -1.0000
center:     128.0000 -129.0000 -129.0000
rotation matrix determinant  1.000000
image alignment mode   4355 decimal     1103 hex
   -7.5000  -37.5000  -45.0000 1759.8965   25.5915
    0.0000  -37.5000  -45.0000 1767.2562   25.3579
    7.5000  -37.5000  -45.0000 1770.7836   25.3474
   -7.5000  -30.0000  -45.0000 1851.0486   22.4543
    0.0000  -30.0000  -45.0000 1860.0366   22.2638
    7.5000  -30.0000  -45.0000 1859.2761   22.2409
   -7.5000  -22.5000  -45.0000 1971.3683   19.6709
    0.0000  -22.5000  -45.0000 1985.9204   19.5372
    7.5000  -22.5000  -45.0000 1988.2792   19.5142
   -7.5000  -15.0000  -45.0000 2078.7373   17.4902
    0.0000  -15.0000  -45.0000 2100.4084   17.4755
    7.5000  -15.0000  -45.0000 2100.9478   17.4280
   -7.5000   -7.5000  -45.0000 2193.7488   16.0779
    0.0000   -7.5000  -45.0000 2210.3582   16.0495
    7.5000   -7.5000  -45.0000 2207.1880   16.0384
   -7.5000    0.0000  -45.0000 2251.8142   15.2310
    0.0000    0.0000  -45.0000 2269.3228   15.1857
    7.5000    0.0000  -45.0000 2267.7075   15.1465
   -7.5000    7.5000  -45.0000 2272.6670   14.6393
    0.0000    7.5000  -45.0000 2293.6975   14.5526
    7.5000    7.5000  -45.0000 2291.0171   14.5488
   -7.5000   15.0000  -45.0000 2281.9316   14.1692
    0.0000   15.0000  -45.0000 2305.7896   14.0570
    7.5000   15.0000  -45.0000 2296.8208   14.0839
   -7.5000   22.5000  -45.0000 2290.1987   13.9307
    0.0000   22.5000  -45.0000 2308.9192   13.8118
    7.5000   22.5000  -45.0000 2304.9197   13.8290
   -7.5000   30.0000  -45.0000 2280.3694   14.0473
    0.0000   30.0000  -45.0000 2300.6477   13.8693
    7.5000   30.0000  -45.0000 2289.8650   13.8918
   -7.5000   37.5000  -45.0000 2253.1816   14.4755
    0.0000   37.5000  -45.0000 2277.9602   14.2922
    7.5000   37.5000  -45.0000 2264.6484   14.3195
   -7.5000   45.0000  -45.0000 2210.9524   15.2396
    0.0000   45.0000  -45.0000 2230.9683   15.0216
    7.5000   45.0000  -45.0000 2219.6023   15.0712
   -7.5000   52.5000  -45.0000 2125.4429   16.2683
    0.0000   52.5000  -45.0000 2139.0847   16.0167
    7.5000   52.5000  -45.0000 2127.6924   16.0999
   -7.5000  -37.5000  -37.5000 1818.8856   23.5651
    0.0000  -37.5000  -37.5000 1825.6989   23.3737
    7.5000  -37.5000  -37.5000 1832.1404   23.3596
   -7.5000  -30.0000  -37.5000 1916.6641   20.6853
    0.0000  -30.0000  -37.5000 1930.5881   20.6159
    7.5000  -30.0000  -37.5000 1931.9961   20.5459
   -7.5000  -22.5000  -37.5000 2045.5919   18.0993
    0.0000  -22.5000  -37.5000 2062.5950   18.0924
    7.5000  -22.5000  -37.5000 2063.1992   18.0145
   -7.5000  -15.0000  -37.5000 2169.4170   16.1555
    0.0000  -15.0000  -37.5000 2190.7041   16.1074
    7.5000  -15.0000  -37.5000 2191.5964   16.0935
   -7.5000   -7.5000  -37.5000 2282.5452   14.8153
    0.0000   -7.5000  -37.5000 2305.9038   14.7728
    7.5000   -7.5000  -37.5000 2295.6213   14.7552
   -7.5000    0.0000  -37.5000 2339.9697   13.9791
    0.0000    0.0000  -37.5000 2362.5139   13.9223
    7.5000    0.0000  -37.5000 2355.6406   13.9124
   -7.5000    7.5000  -37.5000 2361.6360   13.4565
    0.0000    7.5000  -37.5000 2389.7893   13.3937
    7.5000    7.5000  -37.5000 2383.2114   13.3859
   -7.5000   15.0000  -37.5000 2377.9915   13.0583
    0.0000   15.0000  -37.5000 2401.9316   12.9586
    7.5000   15.0000  -37.5000 2395.3218   12.9786
   -7.5000   22.5000  -37.5000 2388.2603   12.8331
    0.0000   22.5000  -37.5000 2414.3853   12.7364
    7.5000   22.5000  -37.5000 2405.5608   12.7455
   -7.5000   30.0000  -37.5000 2380.8840   12.8848
    0.0000   30.0000  -37.5000 2404.5537   12.7933
    7.5000   30.0000  -37.5000 2392.6482   12.8252
   -7.5000   37.5000  -37.5000 2352.1953   13.2753
    0.0000   37.5000  -37.5000 2380.9512   13.1525
    7.5000   37.5000  -37.5000 2368.1118   13.1500
   -7.5000   45.0000  -37.5000 2309.2683   13.9893
    0.0000   45.0000  -37.5000 2329.2368   13.8465
    7.5000   45.0000  -37.5000 2320.4541   13.8298
   -7.5000   52.5000  -37.5000 2218.3933   14.9476
    0.0000   52.5000  -37.5000 2235.3459   14.7567
    7.5000   52.5000  -37.5000 2221.7219   14.7893
   -7.5000  -37.5000  -30.0000 1900.9348   22.6098
    0.0000  -37.5000  -30.0000 1915.2708   22.5335
    7.5000  -37.5000  -30.0000 1920.9288   22.4384
   -7.5000  -30.0000  -30.0000 2012.4934   19.8250
    0.0000  -30.0000  -30.0000 2031.9609   19.8162
    7.5000  -30.0000  -30.0000 2030.1387   19.6872
   -7.5000  -22.5000  -30.0000 2151.1511   17.4097
    0.0000  -22.5000  -30.0000 2170.4331   17.3729
    7.5000  -22.5000  -30.0000 2169.1377   17.3198
   -7.5000  -15.0000  -30.0000 2280.5291   15.4932
    0.0000  -15.0000  -30.0000 2305.0664   15.4527
    7.5000  -15.0000  -30.0000 2303.2712   15.4297
   -7.5000   -7.5000  -30.0000 2396.0405   14.1605
    0.0000   -7.5000  -30.0000 2424.3755   14.0903
    7.5000   -7.5000  -30.0000 2411.5754   14.0743
   -7.5000    0.0000  -30.0000 2459.9097   13.3164
    0.0000    0.0000  -30.0000 2484.6731   13.2530
    7.5000    0.0000  -30.0000 2480.4968   13.2526
   -7.5000    7.5000  -30.0000 2493.3330   12.8114
    0.0000    7.5000  -30.0000 2517.7212   12.7534
    7.5000    7.5000  -30.0000 2513.8381   12.7645
   -7.5000   15.0000  -30.0000 2518.8506   12.4355
    0.0000   15.0000  -30.0000 2545.1296   12.3595
    7.5000   15.0000  -30.0000 2536.8286   12.3745
   -7.5000   22.5000  -30.0000 2540.0730   12.2409
    0.0000   22.5000  -30.0000 2567.5696   12.1321
    7.5000   22.5000  -30.0000 2558.8528   12.1739
   -7.5000   30.0000  -30.0000 2531.7737   12.2948
    0.0000   30.0000  -30.0000 2563.7595   12.2271
    7.5000   30.0000  -30.0000 2551.4885   12.2757
   -7.5000   37.5000  -30.0000 2502.0391   12.6847
    0.0000   37.5000  -30.0000 2533.6824   12.5885
    7.5000   37.5000  -30.0000 2520.7434   12.6063
   -7.5000   45.0000  -30.0000 2446.9102   13.3703
    0.0000   45.0000  -30.0000 2477.2422   13.2693
    7.5000   45.0000  -30.0000 2464.2627   13.2672
   -7.5000   52.5000  -30.0000 2347.8137   14.2701
    0.0000   52.5000  -30.0000 2372.2642   14.1413
    7.5000   52.5000  -30.0000 2356.5383   14.1645
   -7.5000  -37.5000  -22.5000 1958.7330   21.6765
    0.0000  -37.5000  -22.5000 1974.1089   21.4904
    7.5000  -37.5000  -22.5000 1982.6217   21.4455
   -7.5000  -30.0000  -22.5000 2073.8394   18.9788
    0.0000  -30.0000  -22.5000 2097.9436   18.8510
    7.5000  -30.0000  -22.5000 2099.6238   18.8207
   -7.5000  -22.5000  -22.5000 2220.6628   16.6197
    0.0000  -22.5000  -22.5000 2248.6287   16.5116
    7.5000  -22.5000  -22.5000 2246.5144   16.4889
   -7.5000  -15.0000  -22.5000 2355.6431   14.7423
    0.0000  -15.0000  -22.5000 2384.0996   14.7041
    7.5000  -15.0000  -22.5000 2380.5393   14.6557
   -7.5000   -7.5000  -22.5000 2477.6313   13.4444
    0.0000   -7.5000  -22.5000 2507.3738   13.3861
    7.5000   -7.5000  -22.5000 2496.5791   13.3578
   -7.5000    0.0000  -22.5000 2549.7041   12.6073
    0.0000    0.0000  -22.5000 2579.7854   12.5387
    7.5000    0.0000  -22.5000 2577.4133   12.5452
   -7.5000    7.5000  -22.5000 2596.4780   12.1000
    0.0000    7.5000  -22.5000 2625.5493   12.0431
    7.5000    7.5000  -22.5000 2621.9148   12.0873
   -7.5000   15.0000  -22.5000 2640.5366   11.7465
    0.0000   15.0000  -22.5000 2668.3887   11.6846
    7.5000   15.0000  -22.5000 2661.8176   11.7124
   -7.5000   22.5000  -22.5000 2666.6489   11.5841
    0.0000   22.5000  -22.5000 2700.3838   11.4945
    7.5000   22.5000  -22.5000 2689.4873   11.5519
   -7.5000   30.0000  -22.5000 2657.8196   11.6771
    0.0000   30.0000  -22.5000 2693.9302   11.6092
    7.5000   30.0000  -22.5000 2682.8042   11.6594
   -7.5000   37.5000  -22.5000 2625.6943   12.0866
    0.0000   37.5000  -22.5000 2665.1646   11.9967
    7.5000   37.5000  -22.5000 2649.2307   12.0341
   -7.5000   45.0000  -22.5000 2565.0229   12.7602
    0.0000   45.0000  -22.5000 2600.4880   12.6724
    7.5000   45.0000  -22.5000 2581.7407   12.6797
   -7.5000   52.5000  -22.5000 2454.8579   13.6087
    0.0000   52.5000  -22.5000 2483.5627   13.5112
    7.5000   52.5000  -22.5000 2468.2598   13.5019
   -7.5000  -37.5000  -15.0000 1992.5750   20.8529
    0.0000  -37.5000  -15.0000 2009.2878   20.6460
    7.5000  -37.5000  -15.0000 2017.1023   20.6453
   -7.5000  -30.0000  -15.0000 2119.2375   18.2156
    0.0000  -30.0000  -15.0000 2140.0737   18.0168
    7.5000  -30.0000  -15.0000 2143.7527   18.0672
   -7.5000  -22.5000  -15.0000 2265.3052   15.8628
    0.0000  -22.5000  -15.0000 2292.2073   15.7027
    7.5000  -22.5000  -15.0000 2292.5444   15.7627
   -7.5000  -15.0000  -15.0000 2399.7888   14.0213
    0.0000  -15.0000  -15.0000 2427.0852   13.9417
    7.5000  -15.0000  -15.0000 2428.5295   13.9800
   -7.5000   -7.5000  -15.0000 2529.5708   12.7618
    0.0000   -7.5000  -15.0000 2559.6316   12.6869
    7.5000   -7.5000  -15.0000 2557.2524   12.7023
   -7.5000    0.0000  -15.0000 2615.6472   11.9257
    0.0000    0.0000  -15.0000 2649.5012   11.8620
    7.5000    0.0000  -15.0000 2648.6348   11.8881
   -7.5000    7.5000  -15.0000 2679.2576   11.4408
    0.0000    7.5000  -15.0000 2711.6580   11.3710
    7.5000    7.5000  -15.0000 2705.0547   11.4198
   -7.5000   15.0000  -15.0000 2731.8308   11.1269
    0.0000   15.0000  -15.0000 2763.6790   11.0848
    7.5000   15.0000  -15.0000 2751.5002   11.1132
   -7.5000   22.5000  -15.0000 2763.0183   10.9881
    0.0000   22.5000  -15.0000 2799.5369   10.9034
    7.5000   22.5000  -15.0000 2784.5056   10.9559
   -7.5000   30.0000  -15.0000 2755.8967   11.1309
    0.0000   30.0000  -15.0000 2799.5566   11.0287
    7.5000   30.0000  -15.0000 2784.0249   11.0777
   -7.5000   37.5000  -15.0000 2724.6223   11.5371
    0.0000   37.5000  -15.0000 2764.5688   11.4497
    7.5000   37.5000  -15.0000 2742.5269   11.4901
   -7.5000   45.0000  -15.0000 2653.8892   12.2044
    0.0000   45.0000  -15.0000 2685.6396   12.1082
    7.5000   45.0000  -15.0000 2666.9646   12.1281
   -7.5000   52.5000  -15.0000 2532.5942   13.0336
    0.0000   52.5000  -15.0000 2559.1160   12.9193
    7.5000   52.5000  -15.0000 2546.1306   12.9217
   -7.5000  -37.5000   -7.5000 2015.3445   20.1501
    0.0000  -37.5000   -7.5000 2035.5887   19.9291
    7.5000  -37.5000   -7.5000 2042.7292   19.9564
   -7.5000  -30.0000   -7.5000 2148.8547   17.5554
    0.0000  -30.0000   -7.5000 2171.6516   17.3308
    7.5000  -30.0000   -7.5000 2176.3691   17.3945
   -7.5000  -22.5000   -7.5000 2293.1785   15.1962
    0.0000  -22.5000   -7.5000 2317.0024   15.0311
    7.5000  -22.5000   -7.5000 2319.6492   15.1252
   -7.5000  -15.0000   -7.5000 2430.7725   13.4357
    0.0000  -15.0000   -7.5000 2458.2244   13.2752
    7.5000  -15.0000   -7.5000 2455.6870   13.3600
   -7.5000   -7.5000   -7.5000 2566.0752   12.2080
    0.0000   -7.5000   -7.5000 2595.9038   12.0742
    7.5000   -7.5000   -7.5000 2593.4824   12.1384
   -7.5000    0.0000   -7.5000 2667.8154   11.3704
    0.0000    0.0000   -7.5000 2707.6631   11.2845
    7.5000    0.0000   -7.5000 2703.8218   11.3139
   -7.5000    7.5000   -7.5000 2749.3345   10.8933
    0.0000    7.5000   -7.5000 2787.4751   10.8101
    7.5000    7.5000   -7.5000 2780.6072   10.8579
   -7.5000   15.0000   -7.5000 2809.4829   10.6049
    0.0000   15.0000   -7.5000 2848.2222   10.5224
    7.5000   15.0000   -7.5000 2831.4790   10.5843
   -7.5000   22.5000   -7.5000 2845.2590   10.4907
    0.0000   22.5000   -7.5000 2886.8303   10.3961
    7.5000   22.5000   -7.5000 2865.9946   10.4615
   -7.5000   30.0000   -7.5000 2841.6060   10.6275
    0.0000   30.0000   -7.5000 2884.8438   10.5256
    7.5000   30.0000   -7.5000 2866.6838   10.5689
   -7.5000   37.5000   -7.5000 2800.2952   11.0502
    0.0000   37.5000   -7.5000 2832.4558   10.9342
    7.5000   37.5000   -7.5000 2818.6985   10.9754
   -7.5000   45.0000   -7.5000 2716.3245   11.6988
    0.0000   45.0000   -7.5000 2745.0991   11.5772
    7.5000   45.0000   -7.5000 2732.8481   11.6160
   -7.5000   52.5000   -7.5000 2583.6326   12.5193
    0.0000   52.5000   -7.5000 2611.2981   12.3985
    7.5000   52.5000   -7.5000 2599.2014   12.4397
   -7.5000  -37.5000    0.0000 2027.2390   19.7638
    0.0000  -37.5000    0.0000 2050.6953   19.4368
    7.5000  -37.5000    0.0000 2054.9124   19.5354
   -7.5000  -30.0000    0.0000 2158.9192   17.1153
    0.0000  -30.0000    0.0000 2183.4072   16.8256
    7.5000  -30.0000    0.0000 2185.1741   16.9724
   -7.5000  -22.5000    0.0000 2310.1338   14.8354
    0.0000  -22.5000    0.0000 2328.3606   14.5362
    7.5000  -22.5000    0.0000 2332.2939   14.7028
   -7.5000  -15.0000    0.0000 2452.5171   13.0974
    0.0000  -15.0000    0.0000 2475.0498   12.8401
    7.5000  -15.0000    0.0000 2471.6011   12.9590
   -7.5000   -7.5000    0.0000 2590.3518   11.8597
    0.0000   -7.5000    0.0000 2618.8147   11.6388
    7.5000   -7.5000    0.0000 2615.3528   11.7390
   -7.5000    0.0000    0.0000 2702.5947   11.0285
    0.0000    0.0000    0.0000 2739.2168   10.8455
    7.5000    0.0000    0.0000 2735.5364   10.9219
   -7.5000    7.5000    0.0000 2798.1965   10.5600
    0.0000    7.5000    0.0000 2840.0713   10.3946
    7.5000    7.5000    0.0000 2832.3740   10.4736
   -7.5000   15.0000    0.0000 2875.4832   10.2532
    0.0000   15.0000    0.0000 2931.5278   10.0792
    7.5000   15.0000    0.0000 2901.5115   10.1753
   -7.5000   22.5000    0.0000 2922.7300   10.1016
    0.0000   22.5000    0.0000 2967.1479    9.9577
    7.5000   22.5000    0.0000 2941.4309   10.0283
   -7.5000   30.0000    0.0000 2904.1265   10.2773
    0.0000   30.0000    0.0000 2947.8491   10.1428
    7.5000   30.0000    0.0000 2930.7275   10.1999
   -7.5000   37.5000    0.0000 2849.7261   10.7288
    0.0000   37.5000    0.0000 2884.3015   10.5564
    7.5000   37.5000    0.0000 2869.4819   10.6153
   -7.5000   45.0000    0.0000 2752.7559   11.3602
    0.0000   45.0000    0.0000 2787.0168   11.1844
    7.5000   45.0000    0.0000 2775.5120   11.2543
   -7.5000   52.5000    0.0000 2612.9924   12.1690
    0.0000   52.5000    0.0000 2641.5627   12.0050
    7.5000   52.5000    0.0000 2630.5315   12.0664
   -7.5000  -37.5000    7.5000 2033.0078   19.6961
    0.0000  -37.5000    7.5000 2059.0347   19.3171
    7.5000  -37.5000    7.5000 2063.4131   19.4918
   -7.5000  -30.0000    7.5000 2165.3928   16.9475
    0.0000  -30.0000    7.5000 2187.9651   16.6093
    7.5000  -30.0000    7.5000 2189.9739   16.8505
   -7.5000  -22.5000    7.5000 2315.5510   14.6528
    0.0000  -22.5000    7.5000 2332.5842   14.3086
    7.5000  -22.5000    7.5000 2335.9834   14.5347
   -7.5000  -15.0000    7.5000 2457.4988   12.9102
    0.0000  -15.0000    7.5000 2477.1050   12.6096
    7.5000  -15.0000    7.5000 2473.7905   12.7899
   -7.5000   -7.5000    7.5000 2596.5737   11.6667
    0.0000   -7.5000    7.5000 2620.5933   11.3982
    7.5000   -7.5000    7.5000 2617.9849   11.5583
   -7.5000    0.0000    7.5000 2720.0090   10.8315
    0.0000    0.0000    7.5000 2751.1770   10.5920
    7.5000    0.0000    7.5000 2746.5796   10.7381
   -7.5000    7.5000    7.5000 2827.1421   10.3428
    0.0000    7.5000    7.5000 2865.9512   10.1582
    7.5000    7.5000    7.5000 2853.9553   10.2719
   -7.5000   15.0000    7.5000 2907.1074   10.0537
    0.0000   15.0000    7.5000 2973.8418    9.8263
    7.5000   15.0000    7.5000 2933.4482    9.9857
   -7.5000   22.5000    7.5000 2964.0737    9.9146
    0.0000   22.5000    7.5000 3026.9656    9.6376
    7.5000   22.5000    7.5000 2985.5676    9.8311
   -7.5000   30.0000    7.5000 2937.6260   10.0959
    0.0000   30.0000    7.5000 2992.3005    9.9080
    7.5000   30.0000    7.5000 2968.5234   10.0103
   -7.5000   37.5000    7.5000 2870.9380   10.5385
    0.0000   37.5000    7.5000 2911.2769   10.3772
    7.5000   37.5000    7.5000 2898.2910   10.4456
   -7.5000   45.0000    7.5000 2771.3950   11.1607
    0.0000   45.0000    7.5000 2804.2979   10.9990
    7.5000   45.0000    7.5000 2795.9297   11.0406
   -7.5000   52.5000    7.5000 2625.9102   11.9573
    0.0000   52.5000    7.5000 2656.2024   11.7987
    7.5000   52.5000    7.5000 2646.4941   11.8418
   -7.5000  -37.5000   15.0000 2018.8029   19.7742
    0.0000  -37.5000   15.0000 2044.7532   19.4195
    7.5000  -37.5000   15.0000 2046.7852   19.6046
   -7.5000  -30.0000   15.0000 2153.5913   16.9833
    0.0000  -30.0000   15.0000 2174.3213   16.6186
    7.5000  -30.0000   15.0000 2177.1060   16.8779
   -7.5000  -22.5000   15.0000 2308.7136   14.7059
    0.0000  -22.5000   15.0000 2323.6604   14.3469
    7.5000  -22.5000   15.0000 2326.2107   14.5920
   -7.5000  -15.0000   15.0000 2451.5356   12.9531
    0.0000  -15.0000   15.0000 2473.2112   12.6254
    7.5000  -15.0000   15.0000 2469.9094   12.8503
   -7.5000   -7.5000   15.0000 2596.0674   11.7068
    0.0000   -7.5000   15.0000 2616.5457   11.4009
    7.5000   -7.5000   15.0000 2613.7749   11.5972
   -7.5000    0.0000   15.0000 2719.0732   10.8547
    0.0000    0.0000   15.0000 2744.6960   10.6010
    7.5000    0.0000   15.0000 2739.6760   10.7592
   -7.5000    7.5000   15.0000 2817.7568   10.3175
    0.0000    7.5000   15.0000 2856.4121   10.1437
    7.5000    7.5000   15.0000 2846.6650   10.2681
   -7.5000   15.0000   15.0000 2895.5439   10.0183
    0.0000   15.0000   15.0000 2956.1653    9.8142
    7.5000   15.0000   15.0000 2925.8308    9.9947
   -7.5000   22.5000   15.0000 2948.5955    9.9379
    0.0000   22.5000   15.0000 3006.4062    9.7542
    7.5000   22.5000   15.0000 2978.2764    9.8980
   -7.5000   30.0000   15.0000 2925.6670   10.1212
    0.0000   30.0000   15.0000 2983.6343    9.9766
    7.5000   30.0000   15.0000 2959.3982   10.0617
   -7.5000   37.5000   15.0000 2863.6318   10.5351
    0.0000   37.5000   15.0000 2908.2466   10.3801
    7.5000   37.5000   15.0000 2891.4387   10.4340
   -7.5000   45.0000   15.0000 2760.9199   11.1734
    0.0000   45.0000   15.0000 2793.6001   11.0039
    7.5000   45.0000   15.0000 2787.2683   11.0399
   -7.5000   52.5000   15.0000 2615.8372   11.9441
    0.0000   52.5000   15.0000 2644.3860   11.7786
    7.5000   52.5000   15.0000 2639.5378   11.8062
   -7.5000  -37.5000   22.5000 1997.2208   20.1261
    0.0000  -37.5000   22.5000 2022.9739   19.7615
    7.5000  -37.5000   22.5000 2021.9457   19.9698
   -7.5000  -30.0000   22.5000 2140.1240   17.2462
    0.0000  -30.0000   22.5000 2156.5432   16.8921
    7.5000  -30.0000   22.5000 2156.7786   17.1517
   -7.5000  -22.5000   22.5000 2295.3684   14.9085
    0.0000  -22.5000   22.5000 2313.8406   14.5990
    7.5000  -22.5000   22.5000 2310.1848   14.8158
   -7.5000  -15.0000   22.5000 2441.0571   13.1704
    0.0000  -15.0000   22.5000 2466.5798   12.8920
    7.5000  -15.0000   22.5000 2457.7307   13.0923
   -7.5000   -7.5000   22.5000 2581.5869   11.9524
    0.0000   -7.5000   22.5000 2609.4414   11.7100
    7.5000   -7.5000   22.5000 2598.8940   11.9016
   -7.5000    0.0000   22.5000 2703.8931   11.1384
    0.0000    0.0000   22.5000 2734.1235   10.9295
    7.5000    0.0000   22.5000 2719.1633   11.0848
   -7.5000    7.5000   22.5000 2795.7639   10.6350
    0.0000    7.5000   22.5000 2830.3774   10.4204
    7.5000    7.5000   22.5000 2815.7439   10.5696
   -7.5000   15.0000   22.5000 2862.8728   10.3213
    0.0000   15.0000   22.5000 2910.9294   10.0829
    7.5000   15.0000   22.5000 2884.1909   10.2590
   -7.5000   22.5000   22.5000 2904.8660   10.2141
    0.0000   22.5000   22.5000 2951.7393   10.0682
    7.5000   22.5000   22.5000 2930.1709   10.1666
   -7.5000   30.0000   22.5000 2880.2959   10.3822
    0.0000   30.0000   22.5000 2930.5789   10.2689
    7.5000   30.0000   22.5000 2906.9341   10.3274
   -7.5000   37.5000   22.5000 2821.3103   10.7734
    0.0000   37.5000   22.5000 2862.1687   10.6479
    7.5000   37.5000   22.5000 2843.7083   10.7078
   -7.5000   45.0000   22.5000 2727.5659   11.3848
    0.0000   45.0000   22.5000 2755.1421   11.2460
    7.5000   45.0000   22.5000 2748.0938   11.2801
   -7.5000   52.5000   22.5000 2590.5781   12.1226
    0.0000   52.5000   22.5000 2620.7905   11.9688
    7.5000   52.5000   22.5000 2611.4753   11.9801
   -7.5000  -37.5000   30.0000 1971.8773   20.5960
    0.0000  -37.5000   30.0000 1992.6266   20.3422
    7.5000  -37.5000   30.0000 1991.6421   20.5402
   -7.5000  -30.0000   30.0000 2118.3760   17.7395
    0.0000  -30.0000   30.0000 2136.1743   17.4782
    7.5000  -30.0000   30.0000 2127.7007   17.6972
   -7.5000  -22.5000   30.0000 2277.4705   15.4317
    0.0000  -22.5000   30.0000 2300.2688   15.1902
    7.5000  -22.5000   30.0000 2285.9651   15.4016
   -7.5000  -15.0000   30.0000 2422.2417   13.6904
    0.0000  -15.0000   30.0000 2448.7048   13.4557
    7.5000  -15.0000   30.0000 2431.6326   13.6525
   -7.5000   -7.5000   30.0000 2554.3955   12.5021
    0.0000   -7.5000   30.0000 2585.6714   12.2515
    7.5000   -7.5000   30.0000 2564.0747   12.4337
   -7.5000    0.0000   30.0000 2667.6443   11.6680
    0.0000    0.0000   30.0000 2698.1113   11.4025
    7.5000    0.0000   30.0000 2682.2869   11.5744
   -7.5000    7.5000   30.0000 2752.1499   11.1472
    0.0000    7.5000   30.0000 2783.5906   10.8221
    7.5000    7.5000   30.0000 2770.6274   11.0271
   -7.5000   15.0000   30.0000 2811.1213   10.8012
    0.0000   15.0000   30.0000 2839.6992   10.5068
    7.5000   15.0000   30.0000 2828.9963   10.6963
   -7.5000   22.5000   30.0000 2833.2168   10.6854
    0.0000   22.5000   30.0000 2872.9248   10.4558
    7.5000   22.5000   30.0000 2853.0615   10.5949
   -7.5000   30.0000   30.0000 2812.9775   10.8158
    0.0000   30.0000   30.0000 2855.1440   10.6258
    7.5000   30.0000   30.0000 2833.0366   10.7243
   -7.5000   37.5000   30.0000 2755.5527   11.2220
    0.0000   37.5000   30.0000 2787.3862   11.0354
    7.5000   37.5000   30.0000 2774.5815   11.1087
   -7.5000   45.0000   30.0000 2673.2080   11.7982
    0.0000   45.0000   30.0000 2697.8435   11.6425
    7.5000   45.0000   30.0000 2691.4116   11.6861
   -7.5000   52.5000   30.0000 2545.3286   12.4912
    0.0000   52.5000   30.0000 2572.7778   12.3446
    7.5000   52.5000   30.0000 2562.2903   12.3696
   -7.5000  -37.5000   37.5000 1943.1503   21.3548
    0.0000  -37.5000   37.5000 1959.8394   21.1324
    7.5000  -37.5000   37.5000 1959.6996   21.3628
   -7.5000  -30.0000   37.5000 2093.7393   18.5466
    0.0000  -30.0000   37.5000 2111.0347   18.3159
    7.5000  -30.0000   37.5000 2099.0405   18.4972
   -7.5000  -22.5000   37.5000 2249.8323   16.1877
    0.0000  -22.5000   37.5000 2272.6379   15.9783
    7.5000  -22.5000   37.5000 2252.1016   16.1360
   -7.5000  -15.0000   37.5000 2388.6023   14.3936
    0.0000  -15.0000   37.5000 2413.1348   14.1613
    7.5000  -15.0000   37.5000 2394.1125   14.3114
   -7.5000   -7.5000   37.5000 2512.6768   13.1466
    0.0000   -7.5000   37.5000 2545.9365   12.9067
    7.5000   -7.5000   37.5000 2523.0376   13.0651
   -7.5000    0.0000   37.5000 2616.6357   12.2736
    0.0000    0.0000   37.5000 2650.8374   12.0085
    7.5000    0.0000   37.5000 2629.1628   12.1791
   -7.5000    7.5000   37.5000 2691.3892   11.7293
    0.0000    7.5000   37.5000 2724.9792   11.4222
    7.5000    7.5000   37.5000 2708.3369   11.6260
   -7.5000   15.0000   37.5000 2738.2578   11.3738
    0.0000   15.0000   37.5000 2766.6628   11.1078
    7.5000   15.0000   37.5000 2758.3191   11.2958
   -7.5000   22.5000   37.5000 2753.2429   11.2611
    0.0000   22.5000   37.5000 2789.4065   11.0102
    7.5000   22.5000   37.5000 2769.0515   11.1601
   -7.5000   30.0000   37.5000 2738.9766   11.3734
    0.0000   30.0000   37.5000 2768.1279   11.1647
    7.5000   30.0000   37.5000 2748.6860   11.2865
   -7.5000   37.5000   37.5000 2683.0378   11.7461
    0.0000   37.5000   37.5000 2702.0872   11.5561
    7.5000   37.5000   37.5000 2692.7898   11.6596
   -7.5000   45.0000   37.5000 2606.0779   12.3191
    0.0000   45.0000   37.5000 2628.1216   12.1389
    7.5000   45.0000   37.5000 2618.0989   12.2147
   -7.5000   52.5000   37.5000 2488.4539   13.0027
    0.0000   52.5000   37.5000 2511.7776   12.8410
    7.5000   52.5000   37.5000 2502.2493   12.9107
   -7.5000  -37.5000   45.0000 1903.9742   22.3961
    0.0000  -37.5000   45.0000 1923.5959   22.1417
    7.5000  -37.5000   45.0000 1917.7866   22.3651
   -7.5000  -30.0000   45.0000 2051.1177   19.5016
    0.0000  -30.0000   45.0000 2075.4761   19.2984
    7.5000  -30.0000   45.0000 2056.0269   19.4218
   -7.5000  -22.5000   45.0000 2208.5044   17.1188
    0.0000  -22.5000   45.0000 2238.2888   16.9163
    7.5000  -22.5000   45.0000 2210.4626   17.0350
   -7.5000  -15.0000   45.0000 2341.3772   15.2187
    0.0000  -15.0000   45.0000 2371.7571   15.0260
    7.5000  -15.0000   45.0000 2344.7539   15.1344
   -7.5000   -7.5000   45.0000 2460.0415   13.9151
    0.0000   -7.5000   45.0000 2493.3384   13.6902
    7.5000   -7.5000   45.0000 2463.2192   13.8384
   -7.5000    0.0000   45.0000 2553.3984   13.0233
    0.0000    0.0000   45.0000 2587.7939   12.7665
    7.5000    0.0000   45.0000 2561.4500   12.9241
   -7.5000    7.5000   45.0000 2616.9712   12.4490
    0.0000    7.5000   45.0000 2650.4814   12.2093
    7.5000    7.5000   45.0000 2632.0273   12.3654
   -7.5000   15.0000   45.0000 2649.8228   12.0728
    0.0000   15.0000   45.0000 2676.2585   11.8587
    7.5000   15.0000   45.0000 2666.4683   12.0069
   -7.5000   22.5000   45.0000 2664.3391   11.9369
    0.0000   22.5000   45.0000 2697.7610   11.7283
    7.5000   22.5000   45.0000 2678.0918   11.8587
   -7.5000   30.0000   45.0000 2654.3967   12.0367
    0.0000   30.0000   45.0000 2680.1318   11.8205
    7.5000   30.0000   45.0000 2661.0071   11.9717
   -7.5000   37.5000   45.0000 2604.8586   12.4019
    0.0000   37.5000   45.0000 2625.8904   12.2008
    7.5000   37.5000   45.0000 2613.4312   12.3268
   -7.5000   45.0000   45.0000 2530.8318   12.9774
    0.0000   45.0000   45.0000 2554.0542   12.7864
    7.5000   45.0000   45.0000 2543.5029   12.8925
   -7.5000   52.5000   45.0000 2421.7485   13.6435
    0.0000   52.5000   45.0000 2441.2253   13.4992
    7.5000   52.5000   45.0000 2434.5598   13.5721

---------------------------------------------------------------------
imgreg_4dfp /opt/freesurfer/average/711-2C_as_mni_average_305 /opt/freesurfer/average/711-2B_as_mni_average_305_mask talsrcimg_g11 none talsrcimg_to_711-2C_as_mni_average_305_t4 1283
---------------------------------------------------------------------

freesurfer imgreg_4dfp.c
/opt/freesurfer/average/711-2C_as_mni_average_305.4dfp.img
       256       256       256         1
  1.000000  1.000000  1.000000
orientation T byte_order littleendian
Reading image: /opt/freesurfer/average/711-2C_as_mni_average_305.4dfp.img
dimensions:      256       256       256
mmppix:       1.0000   -1.0000   -1.0000
center:     128.0000 -129.0000 -129.0000
/opt/freesurfer/average/711-2B_as_mni_average_305_mask.4dfp.img
       256       256       256         1
  1.000000  1.000000  1.000000
orientation T byte_order littleendian
Reading mask: /opt/freesurfer/average/711-2B_as_mni_average_305_mask.4dfp.img (2306576 pixels)
talsrcimg_g11.4dfp.img
       256       256       256         1
  1.000000  1.000000  1.000000
orientation T byte_order littleendian
Reading image: talsrcimg_g11.4dfp.img
dimensions:      256       256       256
mmppix:       1.0000   -1.0000   -1.0000
center:     128.0000 -129.0000 -129.0000
rotation matrix determinant  1.000000
fimgreg.f
image alignment mode   1283 decimal      503 hex
parameters
    0.0000   22.5000    7.5000    0.0000    0.0000    0.0000
eta,q 0.95176  9.65531
niter,ni,del,rscale     5    3   12.0000    1.2000
parameters
    0.9368   23.2406    8.7095    2.9881    2.4239   -1.2828
eta,q 0.95389  9.54898
  0.0656  0.0596  0.0585  0.0598  0.0573  0.0501
  0.0566  0.0558  0.0530  0.0587  0.0533  0.0469
  0.0513  0.0534  0.0507  0.0553  0.0501  0.0460
  0.0506  0.0506  0.0501  0.0498  0.0479  0.0466
  0.0508  0.0506  0.0496  0.0476  0.0467  0.0482
  0.0525  0.0538  0.0505  0.0490  0.0470  0.0509
  0.0574  0.0564  0.0530  0.0519  0.0491  0.0541
niter,ni,del,rscale     4    3   12.0000    1.2000
parameters
    0.8036   22.4167    9.1359    3.3756    2.4207   -1.3741
eta,q 0.95423  9.51934
  0.0581  0.0562  0.0532  0.0569  0.0521  0.0524
  0.0504  0.0497  0.0487  0.0523  0.0488  0.0483
  0.0461  0.0456  0.0464  0.0465  0.0466  0.0459
  0.0461  0.0460  0.0455  0.0455  0.0458  0.0458
  0.0478  0.0499  0.0463  0.0478  0.0467  0.0467
  0.0516  0.0558  0.0486  0.0510  0.0492  0.0489
  0.0585  0.0616  0.0505  0.0536  0.0518  0.0523
niter,ni,del,rscale     3    3   12.0000    1.2000
parameters
    0.7612   22.2134    9.2429    3.5753    2.4340   -1.4169
eta,q 0.95417  9.51421
  0.0577  0.0585  0.0521  0.0562  0.0522  0.0525
  0.0499  0.0520  0.0481  0.0514  0.0488  0.0485
  0.0459  0.0465  0.0461  0.0461  0.0466  0.0461
  0.0458  0.0458  0.0457  0.0457  0.0458  0.0458
  0.0470  0.0483  0.0467  0.0481  0.0468  0.0467
  0.0506  0.0536  0.0490  0.0511  0.0492  0.0488
  0.0574  0.0596  0.0507  0.0539  0.0517  0.0523
niter,ni,del,rscale     2    3   12.0000    1.2000
parameters
    0.7404   22.1141    9.2710    3.6748    2.4551   -1.4331
eta,q 0.95416  9.51210
  0.0578  0.0590  0.0518  0.0559  0.0522  0.0525
  0.0499  0.0523  0.0480  0.0509  0.0488  0.0486
  0.0460  0.0467  0.0461  0.0459  0.0466  0.0461
  0.0458  0.0458  0.0458  0.0458  0.0458  0.0458
  0.0470  0.0482  0.0468  0.0482  0.0468  0.0467
  0.0505  0.0532  0.0491  0.0511  0.0492  0.0488
  0.0573  0.0592  0.0508  0.0540  0.0517  0.0523
niter,ni,del,rscale     1    3   12.0000    1.2000
parameters
    0.7249   22.0638    9.2750    3.7230    2.4721   -1.4429
eta,q 0.95415  9.51134
  0.0578  0.0592  0.0518  0.0557  0.0522  0.0525
  0.0499  0.0525  0.0480  0.0507  0.0488  0.0486
  0.0460  0.0468  0.0461  0.0458  0.0466  0.0462
  0.0458  0.0458  0.0458  0.0458  0.0459  0.0459
  0.0471  0.0482  0.0469  0.0483  0.0468  0.0467
  0.0505  0.0531  0.0491  0.0512  0.0492  0.0488
  0.0573  0.0590  0.0508  0.0541  0.0517  0.0523
registration optimization eta report
parameter search radius
    6.0000    6.0000    6.0000    6.0000    6.0000    6.0000
100000*second partial in parameter space
       34.       36.       15.       25.       17.       18.
  0.0578  0.0592  0.0518  0.0557  0.0522  0.0525
  0.0499  0.0525  0.0480  0.0507  0.0488  0.0486
  0.0460  0.0468  0.0461  0.0458  0.0466  0.0462
  0.0458  0.0458  0.0458  0.0458  0.0459  0.0459
  0.0471  0.0482  0.0469  0.0483  0.0468  0.0467
  0.0505  0.0531  0.0491  0.0512  0.0492  0.0488
  0.0573  0.0590  0.0508  0.0541  0.0517  0.0523
    0.7249   22.0638    9.2750    3.7230    2.4721   -1.4429
eta,q 0.95415  9.51134

---------------------------------------------------------------------
imgreg_4dfp /opt/freesurfer/average/711-2C_as_mni_average_305 /opt/freesurfer/average/711-2B_as_mni_average_305_mask talsrcimg_g11 none talsrcimg_to_711-2C_as_mni_average_305_t4 3335
---------------------------------------------------------------------

freesurfer imgreg_4dfp.c
/opt/freesurfer/average/711-2C_as_mni_average_305.4dfp.img
       256       256       256         1
  1.000000  1.000000  1.000000
orientation T byte_order littleendian
Reading image: /opt/freesurfer/average/711-2C_as_mni_average_305.4dfp.img
dimensions:      256       256       256
mmppix:       1.0000   -1.0000   -1.0000
center:     128.0000 -129.0000 -129.0000
/opt/freesurfer/average/711-2B_as_mni_average_305_mask.4dfp.img
       256       256       256         1
  1.000000  1.000000  1.000000
orientation T byte_order littleendian
Reading mask: /opt/freesurfer/average/711-2B_as_mni_average_305_mask.4dfp.img (2306576 pixels)
talsrcimg_g11.4dfp.img
       256       256       256         1
  1.000000  1.000000  1.000000
orientation T byte_order littleendian
Reading image: talsrcimg_g11.4dfp.img
dimensions:      256       256       256
mmppix:       1.0000   -1.0000   -1.0000
center:     128.0000 -129.0000 -129.0000
fimgreg.f
image alignment mode   3335 decimal      D07 hex
parameters
    0.7249   22.0638    9.2750   -0.1247   -0.2356   -0.3039
    2.2327   -4.4664   -2.5157   -6.3829    4.3134    6.4873
eta,q 0.95498  9.60103
niter,ni,del,rscale     5    3    5.0000    1.2000
parameter  4  2.350045 ->  0.500000 qaram    1.1500
parameter  5  4.999347 ->  0.500000 qaram    1.1500
parameter  6  1.745610 ->  0.500000 qaram    1.1500
parameter 12  0.857339 ->  0.500000 qaram    1.1500
parameters
    0.4509   21.9566    9.7322   -4.2647   -4.3756   -4.4439
    0.7685   -4.0104   -1.7270   -6.4717    3.8170    2.3473
eta,q 0.97264  9.35262
  0.0471  0.0463  0.0466  0.0384  0.0312  0.0273  0.0303  0.0351  0.0313  0.0324  0.0301  0.0273
  0.0458  0.0454  0.0457  0.0397  0.0336  0.0280  0.0290  0.0319  0.0298  0.0302  0.0291  0.0273
  0.0451  0.0450  0.0452  0.0419  0.0368  0.0306  0.0284  0.0295  0.0288  0.0288  0.0284  0.0276
  0.0450  0.0450  0.0450  0.0450  0.0402  0.0345  0.0285  0.0284  0.0283  0.0283  0.0283  0.0283
  0.0455  0.0452  0.0450  0.0487  0.0433  0.0386  0.0293  0.0288  0.0284  0.0290  0.0286  0.0292
  0.0466  0.0457  0.0453  0.0524  0.0467  0.0430  0.0307  0.0308  0.0291  0.0305  0.0295  0.0305
  0.0483  0.0465  0.0456  0.0555  0.0509  0.0475  0.0325  0.0337  0.0303  0.0324  0.0307  0.0319
niter,ni,del,rscale     7    3    5.0000    1.2000
parameter  5  1.028029 ->  0.500000 qaram    1.3225
parameters
    0.2817   21.8966    9.4458   -7.5227   -9.1366   -6.9961
    0.9546   -4.2662   -1.3233   -6.1526    4.5175    1.7202
eta,q 0.97686  9.15901
  0.0309  0.0302  0.0292  0.0287  0.0232  0.0260  0.0265  0.0282  0.0259  0.0273  0.0250  0.0248
  0.0288  0.0286  0.0280  0.0272  0.0232  0.0247  0.0248  0.0254  0.0245  0.0251  0.0240  0.0238
  0.0276  0.0276  0.0274  0.0265  0.0243  0.0233  0.0237  0.0237  0.0236  0.0238  0.0234  0.0232
  0.0274  0.0273  0.0273  0.0273  0.0266  0.0234  0.0232  0.0232  0.0232  0.0232  0.0232  0.0232
  0.0281  0.0278  0.0278  0.0297  0.0301  0.0258  0.0235  0.0241  0.0234  0.0235  0.0232  0.0235
  0.0297  0.0288  0.0289  0.0336  0.0339  0.0297  0.0246  0.0260  0.0241  0.0246  0.0236  0.0242
  0.0320  0.0305  0.0304  0.0381  0.0375  0.0347  0.0262  0.0288  0.0254  0.0267  0.0244  0.0253
niter,ni,del,rscale     7    3    5.0000    1.2000
parameters
    0.3555   22.4621    8.9448   -6.6916  -11.8560   -7.7398
    0.8397   -4.2228   -1.4657   -5.1281    4.8460    0.9161
eta,q 0.97760  9.07954
  0.0271  0.0273  0.0242  0.0281  0.0251  0.0265  0.0255  0.0278  0.0247  0.0266  0.0242  0.0239
  0.0250  0.0253  0.0233  0.0259  0.0233  0.0249  0.0239  0.0250  0.0234  0.0245  0.0233  0.0230
  0.0236  0.0239  0.0229  0.0242  0.0224  0.0235  0.0228  0.0231  0.0227  0.0231  0.0227  0.0225
  0.0231  0.0231  0.0230  0.0229  0.0227  0.0223  0.0225  0.0225  0.0225  0.0225  0.0225  0.0225
  0.0235  0.0230  0.0235  0.0227  0.0244  0.0229  0.0229  0.0231  0.0228  0.0226  0.0225  0.0228
  0.0247  0.0235  0.0245  0.0241  0.0276  0.0255  0.0240  0.0250  0.0236  0.0234  0.0230  0.0235
  0.0267  0.0246  0.0259  0.0270  0.0318  0.0295  0.0257  0.0276  0.0248  0.0247  0.0239  0.0245
niter,ni,del,rscale     6    3    5.0000    1.2000
parameters
    0.3916   22.9753    8.7879   -6.1980  -12.5307   -7.9500
    0.8857   -4.2021   -1.6654   -4.0406    5.0401    0.2264
eta,q 0.97783  9.06049
  0.0263  0.0262  0.0241  0.0272  0.0263  0.0267  0.0254  0.0274  0.0242  0.0260  0.0239  0.0238
  0.0242  0.0244  0.0230  0.0252  0.0244  0.0250  0.0238  0.0247  0.0231  0.0240  0.0230  0.0228
  0.0229  0.0231  0.0224  0.0234  0.0228  0.0235  0.0227  0.0229  0.0224  0.0228  0.0225  0.0223
  0.0224  0.0224  0.0223  0.0223  0.0222  0.0222  0.0223  0.0223  0.0223  0.0223  0.0222  0.0222
  0.0228  0.0223  0.0227  0.0223  0.0228  0.0224  0.0226  0.0229  0.0226  0.0223  0.0223  0.0226
  0.0241  0.0228  0.0235  0.0238  0.0248  0.0246  0.0237  0.0247  0.0233  0.0230  0.0229  0.0233
  0.0261  0.0239  0.0246  0.0267  0.0283  0.0281  0.0254  0.0274  0.0244  0.0242  0.0238  0.0242
niter,ni,del,rscale     5    3    5.0000    1.2000
parameters
    0.4013   23.3029    8.6384   -6.1502  -12.9475   -7.9865
    0.9841   -4.2389   -1.7915   -3.1509    5.1697   -0.3316
eta,q 0.97791  9.04476
  0.0261  0.0254  0.0240  0.0266  0.0263  0.0266  0.0253  0.0271  0.0240  0.0254  0.0238  0.0237
  0.0239  0.0238  0.0229  0.0248  0.0244  0.0250  0.0237  0.0245  0.0230  0.0237  0.0229  0.0227
  0.0226  0.0227  0.0223  0.0231  0.0229  0.0235  0.0226  0.0228  0.0223  0.0226  0.0224  0.0222
  0.0222  0.0222  0.0221  0.0221  0.0221  0.0221  0.0222  0.0222  0.0222  0.0222  0.0221  0.0221
  0.0226  0.0222  0.0225  0.0224  0.0226  0.0222  0.0225  0.0228  0.0224  0.0222  0.0222  0.0225
  0.0239  0.0229  0.0233  0.0241  0.0244  0.0243  0.0236  0.0246  0.0231  0.0229  0.0228  0.0232
  0.0260  0.0240  0.0245  0.0272  0.0277  0.0277  0.0252  0.0272  0.0241  0.0241  0.0237  0.0241
niter,ni,del,rscale     4    3    5.0000    1.2000
parameters
    0.4031   23.6043    8.5135   -6.2065  -13.3794   -8.0394
    1.0576   -4.2857   -1.9235   -2.2667    5.2981   -0.8340
eta,q 0.97795  9.02612
  0.0259  0.0252  0.0240  0.0264  0.0260  0.0266  0.0252  0.0270  0.0239  0.0251  0.0237  0.0237
  0.0238  0.0236  0.0229  0.0246  0.0242  0.0249  0.0236  0.0245  0.0229  0.0235  0.0229  0.0227
  0.0225  0.0226  0.0222  0.0230  0.0228  0.0234  0.0225  0.0227  0.0223  0.0226  0.0223  0.0222
  0.0221  0.0221  0.0221  0.0221  0.0221  0.0221  0.0221  0.0221  0.0221  0.0221  0.0221  0.0221
  0.0225  0.0222  0.0224  0.0224  0.0225  0.0222  0.0225  0.0228  0.0224  0.0222  0.0222  0.0224
  0.0238  0.0228  0.0232  0.0241  0.0242  0.0242  0.0235  0.0245  0.0230  0.0228  0.0227  0.0231
  0.0259  0.0239  0.0244  0.0272  0.0274  0.0276  0.0251  0.0271  0.0240  0.0239  0.0236  0.0240
niter,ni,del,rscale     3    3    5.0000    1.2000
parameters
    0.4089   23.9349    8.3744   -6.2862  -13.8896   -8.1319
    1.1332   -4.3345   -2.0726   -1.2357    5.4223   -1.3947
eta,q 0.97799  9.00284
  0.0258  0.0252  0.0239  0.0262  0.0257  0.0264  0.0251  0.0269  0.0238  0.0250  0.0236  0.0236
  0.0238  0.0236  0.0228  0.0244  0.0240  0.0248  0.0235  0.0244  0.0229  0.0235  0.0228  0.0226
  0.0225  0.0225  0.0222  0.0229  0.0227  0.0234  0.0225  0.0227  0.0223  0.0226  0.0223  0.0221
  0.0220  0.0220  0.0220  0.0220  0.0220  0.0221  0.0221  0.0221  0.0221  0.0221  0.0220  0.0220
  0.0225  0.0222  0.0224  0.0223  0.0224  0.0222  0.0225  0.0227  0.0223  0.0221  0.0222  0.0224
  0.0237  0.0228  0.0232  0.0240  0.0241  0.0242  0.0235  0.0245  0.0230  0.0226  0.0227  0.0230
  0.0258  0.0238  0.0243  0.0270  0.0272  0.0276  0.0250  0.0270  0.0239  0.0237  0.0236  0.0239
niter,ni,del,rscale     2    3    5.0000    1.2000
parameters
    0.4141   24.3424    8.2048   -6.3948  -14.5481   -8.2632
    1.2157   -4.3929   -2.1451    0.0079    5.5404   -2.0559
eta,q 0.97809  8.97010
  0.0257  0.0252  0.0237  0.0260  0.0254  0.0263  0.0250  0.0267  0.0238  0.0250  0.0234  0.0234
  0.0237  0.0236  0.0227  0.0243  0.0238  0.0247  0.0234  0.0243  0.0228  0.0236  0.0227  0.0225
  0.0224  0.0225  0.0221  0.0228  0.0226  0.0233  0.0224  0.0227  0.0222  0.0226  0.0222  0.0220
  0.0220  0.0220  0.0220  0.0219  0.0220  0.0220  0.0221  0.0221  0.0221  0.0221  0.0219  0.0219
  0.0224  0.0221  0.0223  0.0222  0.0224  0.0222  0.0224  0.0227  0.0223  0.0220  0.0221  0.0223
  0.0237  0.0226  0.0231  0.0238  0.0240  0.0242  0.0234  0.0244  0.0229  0.0225  0.0226  0.0229
  0.0257  0.0236  0.0243  0.0269  0.0271  0.0275  0.0248  0.0269  0.0238  0.0236  0.0234  0.0238
niter,ni,del,rscale     1    3    5.0000    1.2000
parameters
    0.4127   24.8224    8.0041   -6.5242  -15.3302   -8.4292
    1.2762   -4.4433   -2.0278    1.3470    5.6143   -2.7556
eta,q 0.97821  8.92876
  0.0255  0.0253  0.0235  0.0257  0.0250  0.0261  0.0248  0.0266  0.0238  0.0251  0.0232  0.0232
  0.0235  0.0237  0.0225  0.0240  0.0235  0.0245  0.0233  0.0242  0.0228  0.0236  0.0225  0.0223
  0.0223  0.0225  0.0220  0.0227  0.0224  0.0232  0.0223  0.0226  0.0222  0.0226  0.0220  0.0219
  0.0219  0.0219  0.0218  0.0218  0.0219  0.0219  0.0220  0.0220  0.0220  0.0220  0.0218  0.0218
  0.0223  0.0219  0.0222  0.0221  0.0223  0.0221  0.0223  0.0226  0.0221  0.0218  0.0219  0.0221
  0.0236  0.0224  0.0230  0.0237  0.0239  0.0241  0.0232  0.0242  0.0227  0.0223  0.0224  0.0228
  0.0255  0.0233  0.0242  0.0266  0.0269  0.0273  0.0246  0.0267  0.0237  0.0235  0.0232  0.0236
registration optimization eta report
parameter search radius
    2.4000    2.4000    2.4000    8.2800    9.5220    8.2800
    7.2000    7.2000    7.2000    7.2000    7.2000    8.2800
100000*second partial in parameter space
       63.       41.       35.        6.        5.        7.
        5.        9.        3.        4.        3.        2.
  0.0255  0.0253  0.0235  0.0257  0.0250  0.0261  0.0248  0.0266  0.0238  0.0251  0.0232  0.0232
  0.0235  0.0237  0.0225  0.0240  0.0235  0.0245  0.0233  0.0242  0.0228  0.0236  0.0225  0.0223
  0.0223  0.0225  0.0220  0.0227  0.0224  0.0232  0.0223  0.0226  0.0222  0.0226  0.0220  0.0219
  0.0219  0.0219  0.0218  0.0218  0.0219  0.0219  0.0220  0.0220  0.0220  0.0220  0.0218  0.0218
  0.0223  0.0219  0.0222  0.0221  0.0223  0.0221  0.0223  0.0226  0.0221  0.0218  0.0219  0.0221
  0.0236  0.0224  0.0230  0.0237  0.0239  0.0241  0.0232  0.0242  0.0227  0.0223  0.0224  0.0228
  0.0255  0.0233  0.0242  0.0266  0.0269  0.0273  0.0246  0.0267  0.0237  0.0235  0.0232  0.0236
    0.4127   24.8224    8.0041   -6.5242  -15.3302   -8.4292
    1.2762   -4.4433   -2.0278    1.3470    5.6143   -2.7556
eta,q 0.97821  8.92876

---------------------------------------------------------------------
imgreg_4dfp /opt/freesurfer/average/711-2C_as_mni_average_305 /opt/freesurfer/average/711-2B_as_mni_average_305_mask talsrcimg_g11 none talsrcimg_to_711-2C_as_mni_average_305_t4 2311
---------------------------------------------------------------------

freesurfer imgreg_4dfp.c
/opt/freesurfer/average/711-2C_as_mni_average_305.4dfp.img
       256       256       256         1
  1.000000  1.000000  1.000000
orientation T byte_order littleendian
Reading image: /opt/freesurfer/average/711-2C_as_mni_average_305.4dfp.img
dimensions:      256       256       256
mmppix:       1.0000   -1.0000   -1.0000
center:     128.0000 -129.0000 -129.0000
/opt/freesurfer/average/711-2B_as_mni_average_305_mask.4dfp.img
       256       256       256         1
  1.000000  1.000000  1.000000
orientation T byte_order littleendian
Reading mask: /opt/freesurfer/average/711-2B_as_mni_average_305_mask.4dfp.img (2306576 pixels)
talsrcimg_g11.4dfp.img
       256       256       256         1
  1.000000  1.000000  1.000000
orientation T byte_order littleendian
Reading image: talsrcimg_g11.4dfp.img
dimensions:      256       256       256
mmppix:       1.0000   -1.0000   -1.0000
center:     128.0000 -129.0000 -129.0000
fimgreg.f
image alignment mode   2311 decimal      907 hex
parameters
    0.4127   24.8224    8.0041   -6.5242  -15.3302   -8.4292
    1.2762   -4.4433   -2.0278    1.3470    5.6143   -2.7556
eta,q 0.97821  8.92876
niter,ni,del,rscale     5    3    5.0000    0.8000
parameters
    0.4085   25.2814    7.7939   -5.9570  -15.1863   -7.8441
    1.2763   -4.4869   -1.8955    2.5753    5.3451   -3.5408
eta,q 0.97857  8.95682
  0.0234  0.0235  0.0224  0.0234  0.0227  0.0238  0.0229  0.0239  0.0225  0.0234  0.0221  0.0218
  0.0225  0.0227  0.0220  0.0227  0.0222  0.0231  0.0222  0.0226  0.0220  0.0226  0.0217  0.0216
  0.0220  0.0221  0.0217  0.0221  0.0219  0.0222  0.0217  0.0218  0.0217  0.0220  0.0215  0.0214
  0.0218  0.0218  0.0217  0.0217  0.0217  0.0216  0.0216  0.0216  0.0216  0.0216  0.0215  0.0215
  0.0220  0.0217  0.0219  0.0217  0.0217  0.0216  0.0217  0.0219  0.0216  0.0215  0.0216  0.0216
  0.0225  0.0219  0.0223  0.0221  0.0220  0.0221  0.0222  0.0227  0.0219  0.0217  0.0218  0.0218
  0.0234  0.0223  0.0228  0.0229  0.0227  0.0233  0.0229  0.0239  0.0224  0.0222  0.0222  0.0222
niter,ni,del,rscale     4    3    5.0000    0.7000
parameters
    0.3856   25.4597    7.8528   -6.0274  -15.3292   -7.5752
    1.3162   -4.5133   -1.8438    2.9760    5.1990   -3.8143
eta,q 0.97862  8.95488
  0.0227  0.0226  0.0221  0.0226  0.0222  0.0232  0.0224  0.0232  0.0221  0.0226  0.0219  0.0218
  0.0220  0.0220  0.0218  0.0220  0.0218  0.0225  0.0219  0.0222  0.0217  0.0220  0.0216  0.0215
  0.0215  0.0216  0.0215  0.0216  0.0216  0.0218  0.0215  0.0216  0.0215  0.0216  0.0214  0.0214
  0.0214  0.0214  0.0214  0.0214  0.0214  0.0214  0.0214  0.0214  0.0214  0.0214  0.0214  0.0214
  0.0216  0.0215  0.0215  0.0215  0.0215  0.0215  0.0215  0.0216  0.0215  0.0214  0.0215  0.0215
  0.0220  0.0217  0.0217  0.0220  0.0218  0.0219  0.0218  0.0223  0.0217  0.0217  0.0217  0.0216
  0.0227  0.0221  0.0220  0.0228  0.0224  0.0230  0.0224  0.0233  0.0221  0.0223  0.0220  0.0219
niter,ni,del,rscale     3    3    5.0000    0.6000
parameters
    0.3713   25.5422    7.8891   -6.0193  -15.3582   -7.4193
    1.3283   -4.5336   -1.8165    3.1612    5.1336   -3.9576
eta,q 0.97864  8.95682
  0.0223  0.0221  0.0219  0.0223  0.0220  0.0228  0.0221  0.0227  0.0219  0.0222  0.0218  0.0217
  0.0218  0.0217  0.0216  0.0218  0.0217  0.0221  0.0217  0.0220  0.0216  0.0218  0.0215  0.0215
  0.0215  0.0215  0.0214  0.0215  0.0215  0.0216  0.0215  0.0215  0.0214  0.0215  0.0214  0.0214
  0.0214  0.0214  0.0214  0.0214  0.0214  0.0214  0.0214  0.0214  0.0214  0.0214  0.0214  0.0214
  0.0215  0.0214  0.0214  0.0215  0.0214  0.0214  0.0215  0.0215  0.0214  0.0214  0.0214  0.0214
  0.0218  0.0216  0.0216  0.0218  0.0217  0.0218  0.0217  0.0220  0.0216  0.0217  0.0216  0.0215
  0.0223  0.0220  0.0219  0.0223  0.0221  0.0227  0.0221  0.0228  0.0219  0.0221  0.0218  0.0217
niter,ni,del,rscale     2    3    5.0000    0.5000
parameters
    0.3609   25.5695    7.9200   -5.9811  -15.3154   -7.3110
    1.3339   -4.5468   -1.8072    3.2482    5.0970   -4.0382
eta,q 0.97864  8.96149
  0.0220  0.0219  0.0217  0.0220  0.0218  0.0224  0.0219  0.0223  0.0217  0.0219  0.0216  0.0216
  0.0216  0.0216  0.0215  0.0217  0.0216  0.0219  0.0216  0.0218  0.0215  0.0216  0.0215  0.0214
  0.0214  0.0214  0.0214  0.0215  0.0214  0.0215  0.0214  0.0215  0.0214  0.0214  0.0214  0.0214
  0.0214  0.0214  0.0214  0.0214  0.0214  0.0214  0.0214  0.0214  0.0214  0.0214  0.0214  0.0214
  0.0214  0.0214  0.0214  0.0214  0.0214  0.0214  0.0214  0.0215  0.0214  0.0214  0.0214  0.0214
  0.0217  0.0216  0.0215  0.0217  0.0216  0.0217  0.0216  0.0218  0.0215  0.0216  0.0215  0.0215
  0.0220  0.0218  0.0217  0.0220  0.0219  0.0223  0.0219  0.0223  0.0217  0.0219  0.0217  0.0216
niter,ni,del,rscale     1    3    5.0000    0.4000
parameters
    0.3499   25.5724    7.9490   -5.9696  -15.2530   -7.2169
    1.3429   -4.5573   -1.7889    3.2841    5.0725   -4.0759
eta,q 0.97865  8.96621
  0.0218  0.0217  0.0216  0.0218  0.0217  0.0220  0.0217  0.0220  0.0216  0.0217  0.0215  0.0215
  0.0215  0.0215  0.0215  0.0216  0.0215  0.0217  0.0215  0.0216  0.0215  0.0215  0.0214  0.0214
  0.0214  0.0214  0.0214  0.0214  0.0214  0.0214  0.0214  0.0214  0.0214  0.0214  0.0214  0.0214
  0.0214  0.0214  0.0214  0.0214  0.0214  0.0214  0.0214  0.0214  0.0213  0.0214  0.0213  0.0214
  0.0214  0.0214  0.0214  0.0214  0.0214  0.0214  0.0214  0.0214  0.0214  0.0214  0.0214  0.0214
  0.0216  0.0215  0.0214  0.0215  0.0215  0.0216  0.0215  0.0216  0.0215  0.0215  0.0214  0.0214
  0.0218  0.0217  0.0216  0.0218  0.0217  0.0219  0.0217  0.0220  0.0216  0.0217  0.0215  0.0215
registration optimization eta report
parameter search radius
    0.8000    0.8000    0.8000    2.4000    2.4000    2.4000
    2.4000    2.4000    2.4000    2.4000    2.4000    2.4000
100000*second partial in parameter space
       65.       48.       36.        8.        5.       11.
        6.       11.        4.        6.        3.        3.
  0.0218  0.0217  0.0216  0.0218  0.0217  0.0220  0.0217  0.0220  0.0216  0.0217  0.0215  0.0215
  0.0215  0.0215  0.0215  0.0216  0.0215  0.0217  0.0215  0.0216  0.0215  0.0215  0.0214  0.0214
  0.0214  0.0214  0.0214  0.0214  0.0214  0.0214  0.0214  0.0214  0.0214  0.0214  0.0214  0.0214
  0.0214  0.0214  0.0214  0.0214  0.0214  0.0214  0.0214  0.0214  0.0213  0.0214  0.0213  0.0214
  0.0214  0.0214  0.0214  0.0214  0.0214  0.0214  0.0214  0.0214  0.0214  0.0214  0.0214  0.0214
  0.0216  0.0215  0.0214  0.0215  0.0215  0.0216  0.0215  0.0216  0.0215  0.0215  0.0214  0.0214
  0.0218  0.0217  0.0216  0.0218  0.0217  0.0219  0.0217  0.0220  0.0216  0.0217  0.0215  0.0215
    0.3499   25.5724    7.9490   -5.9696  -15.2530   -7.2169
    1.3429   -4.5573   -1.7889    3.2841    5.0725   -4.0759
eta,q 0.97865  8.96621

---------------------------------------------------------------------
imgreg_4dfp /opt/freesurfer/average/711-2C_as_mni_average_305 /opt/freesurfer/average/711-2B_as_mni_average_305_mask talsrcimg_g11 none talsrcimg_to_711-2C_as_mni_average_305_t4 2311
---------------------------------------------------------------------

freesurfer imgreg_4dfp.c
/opt/freesurfer/average/711-2C_as_mni_average_305.4dfp.img
       256       256       256         1
  1.000000  1.000000  1.000000
orientation T byte_order littleendian
Reading image: /opt/freesurfer/average/711-2C_as_mni_average_305.4dfp.img
dimensions:      256       256       256
mmppix:       1.0000   -1.0000   -1.0000
center:     128.0000 -129.0000 -129.0000
/opt/freesurfer/average/711-2B_as_mni_average_305_mask.4dfp.img
       256       256       256         1
  1.000000  1.000000  1.000000
orientation T byte_order littleendian
Reading mask: /opt/freesurfer/average/711-2B_as_mni_average_305_mask.4dfp.img (2306576 pixels)
talsrcimg_g11.4dfp.img
       256       256       256         1
  1.000000  1.000000  1.000000
orientation T byte_order littleendian
Reading image: talsrcimg_g11.4dfp.img
dimensions:      256       256       256
mmppix:       1.0000   -1.0000   -1.0000
center:     128.0000 -129.0000 -129.0000
fimgreg.f
image alignment mode   2311 decimal      907 hex
parameters
    0.3499   25.5724    7.9490   -5.9696  -15.2530   -7.2169
    1.3429   -4.5573   -1.7889    3.2841    5.0725   -4.0759
eta,q 0.97865  8.96621
niter,ni,del,rscale     5    3    5.0000    0.8000
parameters
    0.3555   25.5769    7.9448   -6.2459  -15.6107   -7.4792
    1.3491   -4.5279   -1.8021    3.1614    5.1438   -3.9964
eta,q 0.97860  8.94121
  0.0230  0.0226  0.0223  0.0227  0.0223  0.0233  0.0227  0.0238  0.0223  0.0226  0.0221  0.0220
  0.0221  0.0219  0.0218  0.0221  0.0219  0.0224  0.0220  0.0225  0.0218  0.0220  0.0217  0.0217
  0.0215  0.0215  0.0215  0.0216  0.0215  0.0217  0.0215  0.0217  0.0215  0.0215  0.0215  0.0214
  0.0214  0.0214  0.0214  0.0213  0.0214  0.0214  0.0214  0.0214  0.0214  0.0214  0.0214  0.0214
  0.0215  0.0215  0.0214  0.0215  0.0215  0.0216  0.0215  0.0217  0.0215  0.0216  0.0215  0.0215
  0.0221  0.0219  0.0218  0.0222  0.0220  0.0225  0.0220  0.0225  0.0218  0.0220  0.0217  0.0216
  0.0230  0.0225  0.0223  0.0232  0.0228  0.0240  0.0227  0.0237  0.0223  0.0228  0.0221  0.0219
niter,ni,del,rscale     4    3    5.0000    0.7000
parameters
    0.3728   25.6251    7.8792   -6.1266  -15.5414   -7.5011
    1.3251   -4.5159   -1.8260    3.2802    5.1495   -4.0418
eta,q 0.97861  8.94495
  0.0227  0.0223  0.0220  0.0226  0.0222  0.0230  0.0224  0.0232  0.0221  0.0225  0.0219  0.0218
  0.0220  0.0218  0.0217  0.0221  0.0218  0.0223  0.0218  0.0222  0.0217  0.0219  0.0216  0.0216
  0.0215  0.0215  0.0215  0.0216  0.0216  0.0217  0.0215  0.0216  0.0215  0.0215  0.0214  0.0214
  0.0214  0.0214  0.0214  0.0214  0.0214  0.0214  0.0214  0.0214  0.0214  0.0214  0.0214  0.0214
  0.0215  0.0215  0.0215  0.0215  0.0214  0.0215  0.0215  0.0216  0.0215  0.0215  0.0214  0.0214
  0.0219  0.0218  0.0217  0.0219  0.0217  0.0221  0.0218  0.0222  0.0217  0.0218  0.0216  0.0216
  0.0226  0.0222  0.0221  0.0226  0.0223  0.0233  0.0224  0.0232  0.0221  0.0224  0.0219  0.0218
niter,ni,del,rscale     3    3    5.0000    0.6000
parameters
    0.3745   25.6321    7.8738   -6.0546  -15.4512   -7.4226
    1.3215   -4.5303   -1.8216    3.3380    5.1231   -4.0766
eta,q 0.97863  8.95149
  0.0223  0.0221  0.0219  0.0223  0.0220  0.0227  0.0221  0.0227  0.0219  0.0222  0.0218  0.0217
  0.0218  0.0217  0.0216  0.0219  0.0217  0.0221  0.0217  0.0220  0.0216  0.0217  0.0216  0.0215
  0.0215  0.0214  0.0214  0.0215  0.0215  0.0216  0.0215  0.0215  0.0214  0.0215  0.0214  0.0214
  0.0214  0.0214  0.0214  0.0214  0.0214  0.0214  0.0214  0.0214  0.0214  0.0214  0.0214  0.0214
  0.0215  0.0215  0.0214  0.0214  0.0214  0.0215  0.0215  0.0215  0.0214  0.0214  0.0214  0.0214
  0.0218  0.0217  0.0216  0.0218  0.0216  0.0219  0.0217  0.0220  0.0216  0.0217  0.0216  0.0215
  0.0223  0.0220  0.0219  0.0223  0.0220  0.0227  0.0221  0.0228  0.0219  0.0221  0.0218  0.0217
niter,ni,del,rscale     2    3    5.0000    0.5000
parameters
    0.3641   25.6249    7.9025   -6.0011  -15.3498   -7.3247
    1.3347   -4.5434   -1.8098    3.3545    5.0991   -4.0930
eta,q 0.97864  8.95876
  0.0220  0.0218  0.0217  0.0220  0.0218  0.0224  0.0219  0.0223  0.0217  0.0219  0.0216  0.0216
  0.0216  0.0216  0.0215  0.0217  0.0216  0.0219  0.0216  0.0218  0.0215  0.0216  0.0215  0.0215
  0.0214  0.0214  0.0214  0.0215  0.0215  0.0215  0.0214  0.0215  0.0214  0.0214  0.0214  0.0214
  0.0214  0.0214  0.0214  0.0214  0.0214  0.0214  0.0214  0.0214  0.0214  0.0214  0.0214  0.0214
  0.0214  0.0214  0.0214  0.0214  0.0214  0.0214  0.0214  0.0215  0.0214  0.0214  0.0214  0.0214
  0.0217  0.0216  0.0215  0.0216  0.0215  0.0217  0.0216  0.0218  0.0215  0.0216  0.0215  0.0215
  0.0220  0.0218  0.0217  0.0220  0.0218  0.0223  0.0219  0.0223  0.0217  0.0219  0.0217  0.0216
niter,ni,del,rscale     1    3    5.0000    0.4000
parameters
    0.3521   25.5990    7.9343   -5.9698  -15.2706   -7.2273
    1.3411   -4.5613   -1.8040    3.3385    5.0771   -4.1127
eta,q 0.97865  8.96493
  0.0218  0.0216  0.0216  0.0218  0.0217  0.0220  0.0217  0.0220  0.0216  0.0217  0.0215  0.0215
  0.0215  0.0215  0.0215  0.0216  0.0215  0.0217  0.0215  0.0216  0.0215  0.0215  0.0214  0.0214
  0.0214  0.0214  0.0214  0.0214  0.0214  0.0214  0.0214  0.0214  0.0214  0.0214  0.0214  0.0214
  0.0214  0.0214  0.0214  0.0214  0.0214  0.0214  0.0214  0.0214  0.0214  0.0214  0.0214  0.0214
  0.0214  0.0214  0.0214  0.0214  0.0214  0.0214  0.0214  0.0214  0.0214  0.0214  0.0214  0.0214
  0.0216  0.0215  0.0214  0.0215  0.0215  0.0216  0.0215  0.0217  0.0215  0.0215  0.0214  0.0214
  0.0218  0.0217  0.0216  0.0218  0.0217  0.0219  0.0217  0.0220  0.0216  0.0217  0.0215  0.0215
registration optimization eta report
parameter search radius
    0.8000    0.8000    0.8000    2.4000    2.4000    2.4000
    2.4000    2.4000    2.4000    2.4000    2.4000    2.4000
100000*second partial in parameter space
       65.       47.       35.        8.        5.       11.
        6.       11.        4.        6.        3.        3.
  0.0218  0.0216  0.0216  0.0218  0.0217  0.0220  0.0217  0.0220  0.0216  0.0217  0.0215  0.0215
  0.0215  0.0215  0.0215  0.0216  0.0215  0.0217  0.0215  0.0216  0.0215  0.0215  0.0214  0.0214
  0.0214  0.0214  0.0214  0.0214  0.0214  0.0214  0.0214  0.0214  0.0214  0.0214  0.0214  0.0214
  0.0214  0.0214  0.0214  0.0214  0.0214  0.0214  0.0214  0.0214  0.0214  0.0214  0.0214  0.0214
  0.0214  0.0214  0.0214  0.0214  0.0214  0.0214  0.0214  0.0214  0.0214  0.0214  0.0214  0.0214
  0.0216  0.0215  0.0214  0.0215  0.0215  0.0216  0.0215  0.0217  0.0215  0.0215  0.0214  0.0214
  0.0218  0.0217  0.0216  0.0218  0.0217  0.0219  0.0217  0.0220  0.0216  0.0217  0.0215  0.0215
    0.3521   25.5990    7.9343   -5.9698  -15.2706   -7.2273
    1.3411   -4.5613   -1.8040    3.3385    5.0771   -4.1127
eta,q 0.97865  8.96493

---------------------------------------------------------------------
compute_vox2vox talsrcimg talsrcimg_to_711-2C_as_mni_average_305_t4 /opt/freesurfer/average/711-2C_as_mni_average_305
---------------------------------------------------------------------

freesurfer compute_vox2vox.c
Reading: talsrcimg.4dfp.ifh
Reading: talsrcimg_to_711-2C_as_mni_average_305_t4
Reading: /opt/freesurfer/average/711-2C_as_mni_average_305.4dfp.ifh
Writing: talsrcimg_to_711-2C_as_mni_average_305_t4_vox2vox.txt

start time Mon Mar 9 16:01:55 CET 2026
end		time Mon Mar 9 16:03:21 CET 2026

mpr2mni305 success

avi2talxfm orig_nu.mgz /opt/freesurfer/average/mni305.cor.mgz talsrcimg_to_711-2C_as_mni_average_305_t4_vox2vox.txt transforms/talairach.auto.xfm
avi2talxfm done
mv -f /out/sourcedata/freesurfer/sub-v1s22x0050510_ses-1/mri/talsrcimg_to_711-2C_as_mni_average_305_t4_vox2vox.txt /out/sourcedata/freesurfer/sub-v1s22x0050510_ses-1/mri/transforms/talsrcimg_to_711-2C_as_mni_average_305_t4_vox2vox.txt
lta_convert --src orig_nu.mgz --trg /opt/freesurfer/average/mni305.cor.mgz --inxfm transforms/talairach.auto.xfm --outlta transforms/talairach.auto.xfm.lta --subject fsaverage
7.3.2

--src: orig_nu.mgz src image (geometry).
--trg: /opt/freesurfer/average/mni305.cor.mgz trg image (geometry).
--inmni: transforms/talairach.auto.xfm input MNI/XFM transform.
--outlta: transforms/talairach.auto.xfm.lta output LTA.
--s: fsaverage subject name
 LTA read, type : 1
 1.06037   0.05265  -0.01423   2.93081;
-0.05693   1.07320   0.05299  -48.98267;
 0.02482  -0.04117   1.17784  -35.19785;
 0.00000   0.00000   0.00000   1.00000;
setting subject to fsaverage
Writing  LTA to file transforms/talairach.auto.xfm.lta...
lta_convert successful.
 
 
Started at Mon Mar 9 16:01:55 CET 2026
Ended   at Mon Mar  9 16:03:21 CET 2026
talairach_avi done
