status file for recon-all
Mon Mar  9 18:37:51 CET 2026
#@# Tessellate lh Mon Mar  9 18:37:51 CET 2026
#@# Smooth1 lh Mon Mar  9 18:37:55 CET 2026
#@# Inflation1 lh Mon Mar  9 18:37:58 CET 2026
#@# QSphere lh Mon Mar  9 18:38:16 CET 2026
#@# Fix Topology lh Mon Mar  9 18:39:39 CET 2026
#@# Smooth2 lh Mon Mar  9 18:46:33 CET 2026
#@# Inflation2 lh Mon Mar  9 18:46:36 CET 2026
#@# Curv .H and .K lh Mon Mar  9 18:46:57 CET 2026
#@# Sphere lh Mon Mar  9 18:47:51 CET 2026
#@# Surf Reg lh Mon Mar  9 18:51:06 CET 2026
#@# Jacobian white lh Mon Mar  9 18:57:16 CET 2026
#@# AvgCurv lh Mon Mar  9 18:57:17 CET 2026
#@# Cortical Parc lh Mon Mar  9 18:57:18 CET 2026
#@# white curv lh Mon Mar  9 19:05:05 CET 2026
#@# white area lh Mon Mar  9 19:05:07 CET 2026
#@# pial curv lh Mon Mar  9 19:05:08 CET 2026
#@# pial area lh Mon Mar  9 19:05:10 CET 2026
#@# thickness lh Mon Mar  9 19:05:11 CET 2026
#@# area and vertex vol lh Mon Mar  9 19:05:46 CET 2026
#@# Curvature Stats lh Mon Mar  9 19:05:48 CET 2026
#@# Cortical Parc 2 lh Mon Mar  9 19:05:51 CET 2026
#@# Cortical Parc 3 lh Mon Mar  9 19:06:06 CET 2026
#@# WM/GM Contrast lh Mon Mar  9 19:06:18 CET 2026
recon-all -s sub-v1s22x0050528_ses-1 finished without error at Mon Mar  9 19:06:24 CET 2026



#New# invocation of recon-all 



status file for recon-all
Mon Mar  9 19:40:26 CET 2026
#@# white curv lh Mon Mar  9 19:40:26 CET 2026
#@# white area lh Mon Mar  9 19:40:26 CET 2026
#@# pial curv lh Mon Mar  9 19:40:26 CET 2026
#@# pial area lh Mon Mar  9 19:40:26 CET 2026
#@# thickness lh Mon Mar  9 19:40:26 CET 2026
#@# area and vertex vol lh Mon Mar  9 19:40:26 CET 2026
#@# Parcellation Stats lh Mon Mar  9 19:40:26 CET 2026
#@# Parcellation Stats 2 lh Mon Mar  9 19:40:50 CET 2026
#@# Parcellation Stats 3 lh Mon Mar  9 19:41:02 CET 2026
#@# BA_exvivo Labels lh Mon Mar  9 19:41:14 CET 2026
recon-all -s sub-v1s22x0050528_ses-1 finished without error at Mon Mar  9 19:44:25 CET 2026
