status file for recon-all
Mon Mar  9 14:27:28 CET 2026
#@# Tessellate rh Mon Mar  9 14:27:28 CET 2026
#@# Smooth1 rh Mon Mar  9 14:27:32 CET 2026
#@# Inflation1 rh Mon Mar  9 14:27:34 CET 2026
#@# QSphere rh Mon Mar  9 14:27:46 CET 2026
#@# Fix Topology rh Mon Mar  9 14:28:57 CET 2026
#@# Smooth2 rh Mon Mar  9 14:34:12 CET 2026
#@# Inflation2 rh Mon Mar  9 14:34:15 CET 2026
#@# Curv .H and .K rh Mon Mar  9 14:34:28 CET 2026
#@# Sphere rh Mon Mar  9 14:35:15 CET 2026
#@# Surf Reg rh Mon Mar  9 14:37:16 CET 2026
#@# Jacobian white rh Mon Mar  9 14:41:33 CET 2026
#@# AvgCurv rh Mon Mar  9 14:41:34 CET 2026
#@# Cortical Parc rh Mon Mar  9 14:41:34 CET 2026
#@# white curv rh Mon Mar  9 14:48:21 CET 2026
#@# white area rh Mon Mar  9 14:48:23 CET 2026
#@# pial curv rh Mon Mar  9 14:48:23 CET 2026
#@# pial area rh Mon Mar  9 14:48:25 CET 2026
#@# thickness rh Mon Mar  9 14:48:26 CET 2026
#@# area and vertex vol rh Mon Mar  9 14:48:55 CET 2026
#@# Curvature Stats rh Mon Mar  9 14:48:56 CET 2026
#@# Cortical Parc 2 rh Mon Mar  9 14:48:59 CET 2026
#@# Cortical Parc 3 rh Mon Mar  9 14:49:12 CET 2026
#@# WM/GM Contrast rh Mon Mar  9 14:49:22 CET 2026
recon-all -s sub-v1s22x0050451_ses-1 finished without error at Mon Mar  9 14:49:27 CET 2026



#New# invocation of recon-all 



status file for recon-all
Mon Mar  9 14:58:34 CET 2026
#@# white curv rh Mon Mar  9 14:58:34 CET 2026
#@# white area rh Mon Mar  9 14:58:34 CET 2026
#@# pial curv rh Mon Mar  9 14:58:34 CET 2026
#@# pial area rh Mon Mar  9 14:58:34 CET 2026
#@# thickness rh Mon Mar  9 14:58:34 CET 2026
#@# area and vertex vol rh Mon Mar  9 14:58:34 CET 2026
#@# Parcellation Stats rh Mon Mar  9 14:58:34 CET 2026
#@# Parcellation Stats 2 rh Mon Mar  9 14:58:52 CET 2026
#@# Parcellation Stats 3 rh Mon Mar  9 14:59:01 CET 2026
#@# BA_exvivo Labels rh Mon Mar  9 14:59:11 CET 2026
recon-all -s sub-v1s22x0050451_ses-1 finished without error at Mon Mar  9 15:01:54 CET 2026
