status file for recon-all
Mon Mar  9 13:42:32 CET 2026
#@# Tessellate lh Mon Mar  9 13:42:32 CET 2026
#@# Smooth1 lh Mon Mar  9 13:42:36 CET 2026
#@# Inflation1 lh Mon Mar  9 13:42:39 CET 2026
#@# QSphere lh Mon Mar  9 13:42:54 CET 2026
#@# Fix Topology lh Mon Mar  9 13:44:25 CET 2026
#@# Smooth2 lh Mon Mar  9 13:50:42 CET 2026
#@# Inflation2 lh Mon Mar  9 13:50:45 CET 2026
#@# Curv .H and .K lh Mon Mar  9 13:51:03 CET 2026
#@# Sphere lh Mon Mar  9 13:51:55 CET 2026
#@# Surf Reg lh Mon Mar  9 13:56:02 CET 2026
#@# Jacobian white lh Mon Mar  9 14:00:46 CET 2026
#@# AvgCurv lh Mon Mar  9 14:00:47 CET 2026
#@# Cortical Parc lh Mon Mar  9 14:00:48 CET 2026
#@# white curv lh Mon Mar  9 14:08:27 CET 2026
#@# white area lh Mon Mar  9 14:08:30 CET 2026
#@# pial curv lh Mon Mar  9 14:08:30 CET 2026
#@# pial area lh Mon Mar  9 14:08:33 CET 2026
#@# thickness lh Mon Mar  9 14:08:34 CET 2026
#@# area and vertex vol lh Mon Mar  9 14:09:09 CET 2026
#@# Curvature Stats lh Mon Mar  9 14:09:11 CET 2026
#@# Cortical Parc 2 lh Mon Mar  9 14:09:14 CET 2026
#@# Cortical Parc 3 lh Mon Mar  9 14:09:30 CET 2026
#@# WM/GM Contrast lh Mon Mar  9 14:09:41 CET 2026
recon-all -s sub-v1s22x0050435_ses-1 finished without error at Mon Mar  9 14:09:47 CET 2026



#New# invocation of recon-all 



status file for recon-all
Mon Mar  9 14:41:58 CET 2026
#@# white curv lh Mon Mar  9 14:41:58 CET 2026
#@# white area lh Mon Mar  9 14:41:58 CET 2026
#@# pial curv lh Mon Mar  9 14:41:58 CET 2026
#@# pial area lh Mon Mar  9 14:41:58 CET 2026
#@# thickness lh Mon Mar  9 14:41:58 CET 2026
#@# area and vertex vol lh Mon Mar  9 14:41:58 CET 2026
#@# Parcellation Stats lh Mon Mar  9 14:41:58 CET 2026
#@# Parcellation Stats 2 lh Mon Mar  9 14:42:20 CET 2026
#@# Parcellation Stats 3 lh Mon Mar  9 14:42:32 CET 2026
#@# BA_exvivo Labels lh Mon Mar  9 14:42:43 CET 2026
recon-all -s sub-v1s22x0050435_ses-1 finished without error at Mon Mar  9 14:45:49 CET 2026
