status file for recon-all
Mon Mar  9 18:33:46 CET 2026
#@# Tessellate rh Mon Mar  9 18:33:47 CET 2026
#@# Smooth1 rh Mon Mar  9 18:33:50 CET 2026
#@# Inflation1 rh Mon Mar  9 18:33:53 CET 2026
#@# QSphere rh Mon Mar  9 18:34:04 CET 2026
#@# Fix Topology rh Mon Mar  9 18:35:06 CET 2026
#@# Smooth2 rh Mon Mar  9 18:41:19 CET 2026
#@# Inflation2 rh Mon Mar  9 18:41:22 CET 2026
#@# Curv .H and .K rh Mon Mar  9 18:41:33 CET 2026
#@# Sphere rh Mon Mar  9 18:42:26 CET 2026
#@# Surf Reg rh Mon Mar  9 18:44:50 CET 2026
#@# Jacobian white rh Mon Mar  9 18:48:24 CET 2026
#@# AvgCurv rh Mon Mar  9 18:48:25 CET 2026
#@# Cortical Parc rh Mon Mar  9 18:48:25 CET 2026
#@# white curv rh Mon Mar  9 18:55:09 CET 2026
#@# white area rh Mon Mar  9 18:55:11 CET 2026
#@# pial curv rh Mon Mar  9 18:55:12 CET 2026
#@# pial area rh Mon Mar  9 18:55:14 CET 2026
#@# thickness rh Mon Mar  9 18:55:14 CET 2026
#@# area and vertex vol rh Mon Mar  9 18:55:47 CET 2026
#@# Curvature Stats rh Mon Mar  9 18:55:49 CET 2026
#@# Cortical Parc 2 rh Mon Mar  9 18:55:51 CET 2026
#@# Cortical Parc 3 rh Mon Mar  9 18:56:06 CET 2026
#@# WM/GM Contrast rh Mon Mar  9 18:56:16 CET 2026
recon-all -s sub-v1s22x0050523_ses-1 finished without error at Mon Mar  9 18:56:21 CET 2026



#New# invocation of recon-all 



status file for recon-all
Mon Mar  9 19:06:15 CET 2026
#@# white curv rh Mon Mar  9 19:06:15 CET 2026
#@# white area rh Mon Mar  9 19:06:15 CET 2026
#@# pial curv rh Mon Mar  9 19:06:15 CET 2026
#@# pial area rh Mon Mar  9 19:06:15 CET 2026
#@# thickness rh Mon Mar  9 19:06:16 CET 2026
#@# area and vertex vol rh Mon Mar  9 19:06:16 CET 2026
#@# Parcellation Stats rh Mon Mar  9 19:06:16 CET 2026
#@# Parcellation Stats 2 rh Mon Mar  9 19:06:38 CET 2026
#@# Parcellation Stats 3 rh Mon Mar  9 19:06:49 CET 2026
#@# BA_exvivo Labels rh Mon Mar  9 19:07:00 CET 2026
recon-all -s sub-v1s22x0050523_ses-1 finished without error at Mon Mar  9 19:09:37 CET 2026
