status file for recon-all
Mon Mar  9 18:10:50 CET 2026
#@# Tessellate lh Mon Mar  9 18:10:50 CET 2026
#@# Smooth1 lh Mon Mar  9 18:10:54 CET 2026
#@# Inflation1 lh Mon Mar  9 18:10:57 CET 2026
#@# QSphere lh Mon Mar  9 18:11:08 CET 2026
#@# Fix Topology lh Mon Mar  9 18:12:09 CET 2026
#@# Smooth2 lh Mon Mar  9 18:18:12 CET 2026
#@# Inflation2 lh Mon Mar  9 18:18:16 CET 2026
#@# Curv .H and .K lh Mon Mar  9 18:18:27 CET 2026
#@# Sphere lh Mon Mar  9 18:19:20 CET 2026
#@# Surf Reg lh Mon Mar  9 18:22:17 CET 2026
#@# Jacobian white lh Mon Mar  9 18:25:56 CET 2026
#@# AvgCurv lh Mon Mar  9 18:25:57 CET 2026
#@# Cortical Parc lh Mon Mar  9 18:25:58 CET 2026
#@# white curv lh Mon Mar  9 18:32:31 CET 2026
#@# white area lh Mon Mar  9 18:32:33 CET 2026
#@# pial curv lh Mon Mar  9 18:32:33 CET 2026
#@# pial area lh Mon Mar  9 18:32:35 CET 2026
#@# thickness lh Mon Mar  9 18:32:36 CET 2026
#@# area and vertex vol lh Mon Mar  9 18:33:10 CET 2026
#@# Curvature Stats lh Mon Mar  9 18:33:11 CET 2026
#@# Cortical Parc 2 lh Mon Mar  9 18:33:14 CET 2026
#@# Cortical Parc 3 lh Mon Mar  9 18:33:28 CET 2026
#@# WM/GM Contrast lh Mon Mar  9 18:33:39 CET 2026
recon-all -s sub-v1s22x0050523_ses-1 finished without error at Mon Mar  9 18:33:44 CET 2026



#New# invocation of recon-all 



status file for recon-all
Mon Mar  9 19:02:51 CET 2026
#@# white curv lh Mon Mar  9 19:02:51 CET 2026
#@# white area lh Mon Mar  9 19:02:51 CET 2026
#@# pial curv lh Mon Mar  9 19:02:51 CET 2026
#@# pial area lh Mon Mar  9 19:02:51 CET 2026
#@# thickness lh Mon Mar  9 19:02:51 CET 2026
#@# area and vertex vol lh Mon Mar  9 19:02:51 CET 2026
#@# Parcellation Stats lh Mon Mar  9 19:02:51 CET 2026
#@# Parcellation Stats 2 lh Mon Mar  9 19:03:13 CET 2026
#@# Parcellation Stats 3 lh Mon Mar  9 19:03:24 CET 2026
#@# BA_exvivo Labels lh Mon Mar  9 19:03:35 CET 2026
recon-all -s sub-v1s22x0050523_ses-1 finished without error at Mon Mar  9 19:06:12 CET 2026
