/out/sourcedata/freesurfer/sub-v1s22x0050481_ses-1/mri
/opt/freesurfer/bin/talairach_avi
--i orig_nu.mgz --xfm transforms/talairach.auto.xfm
talairach_avi 7.3.2
Linux dna067 5.14.0-427.37.1.el9_4.x86_64 #1 SMP PREEMPT_DYNAMIC Fri Sep 13 12:41:50 EDT 2024 x86_64 x86_64 x86_64 GNU/Linux
Mon Mar  9 14:16:01 CET 2026
mri_convert orig_nu.mgz talsrcimg.img 
reading from orig_nu.mgz...
TR=0.00, TE=0.00, TI=0.00, flip angle=0.00
i_ras = (-1, -9.27457e-10, 9.31323e-10)
j_ras = (0, 2.91038e-11, -1)
k_ras = (9.27457e-10, 1, 0)
writing to talsrcimg.img...
Analyze Output Matrix
-1.00000   0.00000   0.00000   131.90649;
-0.00000   0.00000   1.00000  -86.01620;
 0.00000  -1.00000   0.00000   130.22455;
 0.00000   0.00000   0.00000   1.00000;
--------------------
INFO: set hdr.hist.orient to -1
mpr2mni305 talsrcimg
Mon Mar  9 14:16:01 CET 2026
/opt/freesurfer/bin/mpr2mni305 talsrcimg
mpr2mni305 7.3.2
target=711-2C_as_mni_average_305

---------------------------------------------------------------------
analyzeto4dfp talsrcimg -O0 -y
---------------------------------------------------------------------

freesurfer ifh2hdr.c
Mon Mar  9 14:16:01 2026
Writing: talsrcimg.4dfp.hdr
freesurfer analyzeto4dfp.c
Reading: talsrcimg.hdr
header size 348 bytes
hdr.dime.datatype	offset=70	value=2
hdr.dime.bitpix		offset=72	value=8
hdr.hist.orient		offset=252	value=-1
dimensionality     4
dimensions       256       256       256         1
Reading: talsrcimg.img
Writing: talsrcimg.4dfp.img
Writing: talsrcimg.4dfp.ifh
ifh2hdr talsrcimg -r0to198
ori=2

---------------------------------------------------------------------
gauss_4dfp talsrcimg 1.1
---------------------------------------------------------------------

freesurfer gauss_4dfp.c
Reading: talsrcimg.4dfp.img
Writing: talsrcimg_g11.4dfp.img
image dimensions 256 256 256 padded to 288 288 288
processing volume 1freesurfer ifh2hdr.c
Mon Mar  9 14:16:02 2026
Writing: talsrcimg_g11.4dfp.hdr

Writing: talsrcimg_g11.4dfp.ifh
including: talsrcimg.4dfp.img.rec in talsrcimg_g11.4dfp.img.rec

---------------------------------------------------------------------
imgreg_4dfp /opt/freesurfer/average/711-2C_as_mni_average_305 none talsrcimg_g11 none talsrcimg_to_711-2C_as_mni_average_305_t4 4355
---------------------------------------------------------------------

freesurfer imgreg_4dfp.c
/opt/freesurfer/average/711-2C_as_mni_average_305.4dfp.img
       256       256       256         1
  1.000000  1.000000  1.000000
orientation T byte_order littleendian
Reading image: /opt/freesurfer/average/711-2C_as_mni_average_305.4dfp.img
dimensions:      256       256       256
mmppix:       1.0000   -1.0000   -1.0000
center:     128.0000 -129.0000 -129.0000
talsrcimg_g11.4dfp.img
       256       256       256         1
  1.000000  1.000000  1.000000
orientation T byte_order littleendian
Reading image: talsrcimg_g11.4dfp.img
dimensions:      256       256       256
mmppix:       1.0000   -1.0000   -1.0000
center:     128.0000 -129.0000 -129.0000
t4_read: open error in t4_sub.f l:  41 t4_file(1:l)talsrcimg_to_711-2C_as_mni_average_305_t4 
t4_read: transform initialized to I4
rotation matrix determinant  1.000000
image alignment mode   4355 decimal     1103 hex
   -7.5000  -45.0000  -45.0000 7138.1948   20.1979
    0.0000  -45.0000  -45.0000 7552.4121   20.1933
    7.5000  -45.0000  -45.0000 7279.6021   20.1665
   -7.5000  -37.5000  -45.0000 7735.1426   19.7885
    0.0000  -37.5000  -45.0000 8185.2280   19.7911
    7.5000  -37.5000  -45.0000 7872.0020   19.7771
   -7.5000  -30.0000  -45.0000 8694.9199   19.6676
    0.0000  -30.0000  -45.0000 9187.9746   19.6741
    7.5000  -30.0000  -45.0000 8828.0889   19.6615
   -7.5000  -22.5000  -45.0000 9673.7568   19.6071
    0.0000  -22.5000  -45.000010203.2393   19.6118
    7.5000  -22.5000  -45.0000 9773.2051   19.5891
   -7.5000  -15.0000  -45.000010599.2520   19.5728
    0.0000  -15.0000  -45.000011163.2100   19.5705
    7.5000  -15.0000  -45.000010656.0420   19.5355
   -7.5000   -7.5000  -45.000011479.6826   19.5515
    0.0000   -7.5000  -45.000012058.8193   19.5458
    7.5000   -7.5000  -45.000011522.1475   19.5103
   -7.5000    0.0000  -45.000012237.1055   19.5369
    0.0000    0.0000  -45.000012881.7832   19.5341
    7.5000    0.0000  -45.000012281.3232   19.5092
   -7.5000    7.5000  -45.000012102.1055   19.5335
    0.0000    7.5000  -45.000012777.6895   19.5363
    7.5000    7.5000  -45.000012122.2197   19.5222
   -7.5000   15.0000  -45.000011824.8984   19.5432
    0.0000   15.0000  -45.000012510.5195   19.5500
    7.5000   15.0000  -45.000011853.5430   19.5374
   -7.5000   22.5000  -45.000011374.2354   19.5507
    0.0000   22.5000  -45.000012072.5361   19.5555
    7.5000   22.5000  -45.000011414.5137   19.5325
   -7.5000   30.0000  -45.000010804.0098   19.2972
    0.0000   30.0000  -45.000011477.1416   19.2951
    7.5000   30.0000  -45.000010866.3340   19.2604
   -7.5000   37.5000  -45.000010552.9648   19.2904
    0.0000   37.5000  -45.000011207.5850   19.2848
    7.5000   37.5000  -45.000010649.2559   19.2497
   -7.5000   45.0000  -45.0000 9834.2246   18.7871
    0.0000   45.0000  -45.000010438.8477   18.7844
    7.5000   45.0000  -45.0000 9929.4473   18.7604
   -7.5000  -45.0000  -37.5000 7455.7559   20.2039
    0.0000  -45.0000  -37.5000 7890.2173   20.1979
    7.5000  -45.0000  -37.5000 7596.5811   20.1672
   -7.5000  -37.5000  -37.5000 8107.1460   19.7859
    0.0000  -37.5000  -37.5000 8563.2666   19.7873
    7.5000  -37.5000  -37.5000 8231.4824   19.7716
   -7.5000  -30.0000  -37.5000 9128.6113   19.6611
    0.0000  -30.0000  -37.5000 9634.6650   19.6699
    7.5000  -30.0000  -37.5000 9251.5342   19.6590
   -7.5000  -22.5000  -37.500010147.8066   19.6065
    0.0000  -22.5000  -37.500010679.7881   19.6174
    7.5000  -22.5000  -37.500010236.1309   19.5981
   -7.5000  -15.0000  -37.500011120.8701   19.5801
    0.0000  -15.0000  -37.500011685.5771   19.5846
    7.5000  -15.0000  -37.500011151.8408   19.5516
   -7.5000   -7.5000  -37.500012043.7852   19.5612
    0.0000   -7.5000  -37.500012631.3350   19.5582
    7.5000   -7.5000  -37.500012055.1055   19.5209
   -7.5000    0.0000  -37.500012834.1318   19.5425
    0.0000    0.0000  -37.500013471.8652   19.5386
    7.5000    0.0000  -37.500012810.0439   19.5102
   -7.5000    7.5000  -37.500012678.3242   19.5316
    0.0000    7.5000  -37.500013334.3633   19.5334
    7.5000    7.5000  -37.500012624.8633   19.5177
   -7.5000   15.0000  -37.500012410.1143   19.5379
    0.0000   15.0000  -37.500013098.0908   19.5470
    7.5000   15.0000  -37.500012366.0693   19.5361
   -7.5000   22.5000  -37.500011967.8721   19.5504
    0.0000   22.5000  -37.500012655.6621   19.5614
    7.5000   22.5000  -37.500011916.9043   19.5418
   -7.5000   30.0000  -37.500011360.1504   19.3042
    0.0000   30.0000  -37.500012019.0088   19.3088
    7.5000   30.0000  -37.500011353.3584   19.2760
   -7.5000   37.5000  -37.500011079.8174   19.2999
    0.0000   37.5000  -37.500011723.7344   19.2970
    7.5000   37.5000  -37.500011118.9229   19.2602
   -7.5000   45.0000  -37.500010326.4033   18.7925
    0.0000   45.0000  -37.500010913.6475   18.7887
    7.5000   45.0000  -37.500010371.6514   18.7614
   -7.5000  -45.0000  -30.0000 7896.7124   21.0340
    0.0000  -45.0000  -30.0000 8336.0010   21.0409
    7.5000  -45.0000  -30.0000 8032.3496   21.0182
   -7.5000  -37.5000  -30.0000 8603.6582   20.5919
    0.0000  -37.5000  -30.0000 9071.7930   20.6032
    7.5000  -37.5000  -30.0000 8731.4375   20.5938
   -7.5000  -30.0000  -30.0000 9689.6650   20.4605
    0.0000  -30.0000  -30.000010202.9541   20.4776
    7.5000  -30.0000  -30.0000 9816.9795   20.4704
   -7.5000  -22.5000  -30.000010798.1543   20.4123
    0.0000  -22.5000  -30.000011346.3760   20.4322
    7.5000  -22.5000  -30.000010884.5254   20.4145
   -7.5000  -15.0000  -30.000011841.0859   20.3932
    0.0000  -15.0000  -30.000012429.8447   20.4096
    7.5000  -15.0000  -30.000011875.7969   20.3784
   -7.5000   -7.5000  -30.000012814.3525   20.3722
    0.0000   -7.5000  -30.000013433.0400   20.3826
    7.5000   -7.5000  -30.000012820.0596   20.3505
   -7.5000    0.0000  -30.000013654.7969   20.3454
    0.0000    0.0000  -30.000014303.5156   20.3536
    7.5000    0.0000  -30.000013566.8057   20.3326
   -7.5000    7.5000  -30.000013462.5010   20.3270
    0.0000    7.5000  -30.000014115.3711   20.3386
    7.5000    7.5000  -30.000013349.9434   20.3291
   -7.5000   15.0000  -30.000013223.2617   20.3331
    0.0000   15.0000  -30.000013896.4863   20.3504
    7.5000   15.0000  -30.000013098.3838   20.3432
   -7.5000   22.5000  -30.000012778.6787   20.3526
    0.0000   22.5000  -30.000013441.6885   20.3725
    7.5000   22.5000  -30.000012638.6270   20.3546
   -7.5000   30.0000  -30.000012130.8887   20.1080
    0.0000   30.0000  -30.000012755.2051   20.1243
    7.5000   30.0000  -30.000012017.8516   20.0933
   -7.5000   37.5000  -30.000011809.1396   20.1020
    0.0000   37.5000  -30.000012439.7715   20.1123
    7.5000   37.5000  -30.000011748.1299   20.0806
   -7.5000   45.0000  -30.000010961.2832   19.5789
    0.0000   45.0000  -30.000011565.1680   19.5868
    7.5000   45.0000  -30.000010957.1758   19.5666
   -7.5000  -45.0000  -22.5000 8307.2646   21.7097
    0.0000  -45.0000  -22.5000 8773.2275   21.7334
    7.5000  -45.0000  -22.5000 8463.0303   21.7253
   -7.5000  -37.5000  -22.5000 9057.3770   21.2552
    0.0000  -37.5000  -22.5000 9528.0967   21.2793
    7.5000  -37.5000  -22.5000 9192.3555   21.2792
   -7.5000  -30.0000  -22.500010236.9707   21.1233
    0.0000  -30.0000  -22.500010726.7881   21.1467
    7.5000  -30.0000  -22.500010336.6416   21.1415
   -7.5000  -22.5000  -22.500011430.6367   21.0766
    0.0000  -22.5000  -22.500011945.6357   21.0992
    7.5000  -22.5000  -22.500011481.0566   21.0802
   -7.5000  -15.0000  -22.500012563.9502   21.0575
    0.0000  -15.0000  -22.500013126.1533   21.0797
    7.5000  -15.0000  -22.500012584.5615   21.0504
   -7.5000   -7.5000  -22.500013618.1650   21.0317
    0.0000   -7.5000  -22.500014223.7822   21.0545
    7.5000   -7.5000  -22.500013581.0752   21.0322
   -7.5000    0.0000  -22.500014518.2500   20.9998
    0.0000    0.0000  -22.500015123.9785   21.0234
    7.5000    0.0000  -22.500014340.4043   21.0160
   -7.5000    7.5000  -22.500014294.7812   20.9812
    0.0000    7.5000  -22.500014879.2520   21.0052
    7.5000    7.5000  -22.500014077.3320   21.0047
   -7.5000   15.0000  -22.500014061.9971   20.9913
    0.0000   15.0000  -22.500014697.3174   21.0150
    7.5000   15.0000  -22.500013821.6650   21.0097
   -7.5000   22.5000  -22.500013597.8936   21.0141
    0.0000   22.5000  -22.500014241.3213   21.0368
    7.5000   22.5000  -22.500013351.3057   21.0175
   -7.5000   30.0000  -22.500012882.9053   20.7667
    0.0000   30.0000  -22.500013499.0898   20.7886
    7.5000   30.0000  -22.500012683.3447   20.7595
   -7.5000   37.5000  -22.500012554.2607   20.7560
    0.0000   37.5000  -22.500013145.7158   20.7785
    7.5000   37.5000  -22.500012394.1680   20.7564
   -7.5000   45.0000  -22.500011663.1494   20.2238
    0.0000   45.0000  -22.500012239.0498   20.2465
    7.5000   45.0000  -22.500011557.4824   20.2394
   -7.5000  -45.0000  -15.0000 8753.5156   22.2041
    0.0000  -45.0000  -15.0000 9189.5088   22.2322
    7.5000  -45.0000  -15.0000 8878.6123   22.2292
   -7.5000  -37.5000  -15.0000 9525.1797   21.7478
    0.0000  -37.5000  -15.0000 9967.9912   21.7755
    7.5000  -37.5000  -15.0000 9626.5908   21.7776
   -7.5000  -30.0000  -15.000010752.0547   21.6176
    0.0000  -30.0000  -15.000011217.3398   21.6403
    7.5000  -30.0000  -15.000010806.0322   21.6330
   -7.5000  -22.5000  -15.000011981.5498   21.5647
    0.0000  -22.5000  -15.000012505.6797   21.5819
    7.5000  -22.5000  -15.000012014.6660   21.5593
   -7.5000  -15.0000  -15.000013181.6670   21.5376
    0.0000  -15.0000  -15.000013789.5029   21.5541
    7.5000  -15.0000  -15.000013225.3496   21.5234
   -7.5000   -7.5000  -15.000014379.2295   21.5084
    0.0000   -7.5000  -15.000015043.5244   21.5304
    7.5000   -7.5000  -15.000014330.2705   21.5110
   -7.5000    0.0000  -15.000015421.6709   21.4787
    0.0000    0.0000  -15.000016035.0762   21.5060
    7.5000    0.0000  -15.000015160.8223   21.5034
   -7.5000    7.5000  -15.000015213.1943   21.4669
    0.0000    7.5000  -15.000015720.0361   21.4943
    7.5000    7.5000  -15.000014828.3281   21.4958
   -7.5000   15.0000  -15.000014977.4717   21.4815
    0.0000   15.0000  -15.000015509.6582   21.5042
    7.5000   15.0000  -15.000014561.1406   21.4968
   -7.5000   22.5000  -15.000014484.0078   21.4997
    0.0000   22.5000  -15.000015078.3877   21.5169
    7.5000   22.5000  -15.000014084.4385   21.4939
   -7.5000   30.0000  -15.000013744.9053   21.2433
    0.0000   30.0000  -15.000014338.1123   21.2597
    7.5000   30.0000  -15.000013378.5625   21.2292
   -7.5000   37.5000  -15.000013403.1807   21.2294
    0.0000   37.5000  -15.000014014.6973   21.2511
    7.5000   37.5000  -15.000013086.3555   21.2319
   -7.5000   45.0000  -15.000012436.5752   20.6975
    0.0000   45.0000  -15.000013039.8193   20.7239
    7.5000   45.0000  -15.000012194.5488   20.7213
   -7.5000  -45.0000   -7.5000 9130.9922   22.4913
    0.0000  -45.0000   -7.5000 9609.8008   22.5040
    7.5000  -45.0000   -7.5000 9204.2461   22.4890
   -7.5000  -37.5000   -7.5000 9950.5713   22.0358
    0.0000  -37.5000   -7.500010447.6113   22.0523
    7.5000  -37.5000   -7.500010004.0137   22.0462
   -7.5000  -30.0000   -7.500011229.6895   21.9048
    0.0000  -30.0000   -7.500011768.7129   21.9189
    7.5000  -30.0000   -7.500011246.7939   21.9073
   -7.5000  -22.5000   -7.500012527.9297   21.8425
    0.0000  -22.5000   -7.500013093.2441   21.8506
    7.5000  -22.5000   -7.500012502.0557   21.8248
   -7.5000  -15.0000   -7.500013787.4238   21.8064
    0.0000  -15.0000   -7.500014431.2061   21.8101
    7.5000  -15.0000   -7.500013784.2490   21.7739
   -7.5000   -7.5000   -7.500015125.0723   21.7786
    0.0000   -7.5000   -7.500015950.8232   21.7852
    7.5000   -7.5000   -7.500015084.5684   21.7560
   -7.5000    0.0000   -7.500016524.8223   21.7564
    0.0000    0.0000   -7.500017334.7383   21.7695
    7.5000    0.0000   -7.500016211.3887   21.7557
   -7.5000    7.5000   -7.500016492.1992   21.7514
    0.0000    7.5000   -7.500017110.8398   21.7677
    7.5000    7.5000   -7.500015940.7031   21.7612
   -7.5000   15.0000   -7.500016223.6377   21.7662
    0.0000   15.0000   -7.500016802.7930   21.7804
    7.5000   15.0000   -7.500015586.3662   21.7688
   -7.5000   22.5000   -7.500015585.1543   21.7733
    0.0000   22.5000   -7.500016208.9092   21.7815
    7.5000   22.5000   -7.500014964.0107   21.7554
   -7.5000   30.0000   -7.500014695.7959   21.5077
    0.0000   30.0000   -7.500015333.1016   21.5114
    7.5000   30.0000   -7.500014142.6865   21.4755
   -7.5000   37.5000   -7.500014245.7061   21.4956
    0.0000   37.5000   -7.500014922.0684   21.5020
    7.5000   37.5000   -7.500013806.4023   21.4732
   -7.5000   45.0000   -7.500013178.8555   20.9691
    0.0000   45.0000   -7.500013853.6475   20.9817
    7.5000   45.0000   -7.500012846.0449   20.9684
   -7.5000  -45.0000    0.0000 9454.1553   22.5859
    0.0000  -45.0000    0.0000 9929.6953   22.5806
    7.5000  -45.0000    0.0000 9461.5010   22.5504
   -7.5000  -37.5000    0.000010304.9795   22.1275
    0.0000  -37.5000    0.000010812.0771   22.1302
    7.5000  -37.5000    0.000010280.6436   22.1144
   -7.5000  -30.0000    0.000011621.3311   21.9925
    0.0000  -30.0000    0.000012189.5049   21.9996
    7.5000  -30.0000    0.000011568.3369   21.9854
   -7.5000  -22.5000    0.000012956.1631   21.9259
    0.0000  -22.5000    0.000013604.0703   21.9311
    7.5000  -22.5000    0.000012861.1904   21.9056
   -7.5000  -15.0000    0.000014246.4609   21.8885
    0.0000  -15.0000    0.000015059.9043   21.8859
    7.5000  -15.0000    0.000014146.7969   21.8467
   -7.5000   -7.5000    0.000015715.5000   21.8646
    0.0000   -7.5000    0.000016854.5859   21.8581
    7.5000   -7.5000    0.000015504.4746   21.8182
   -7.5000    0.0000    0.000017359.4707   21.8473
    0.0000    0.0000    0.000018697.8125   21.8439
    7.5000    0.0000    0.000016961.6973   21.8159
   -7.5000    7.5000    0.000017440.5938   21.8425
    0.0000    7.5000    0.000018568.0996   21.8455
    7.5000    7.5000    0.000016929.2969   21.8297
   -7.5000   15.0000    0.000016992.9121   21.8535
    0.0000   15.0000    0.000017945.6992   21.8609
    7.5000   15.0000    0.000016498.2539   21.8467
   -7.5000   22.5000    0.000016225.9014   21.8558
    0.0000   22.5000    0.000017013.7676   21.8611
    7.5000   22.5000    0.000015695.0967   21.8354
   -7.5000   30.0000    0.000015276.6445   21.5887
    0.0000   30.0000    0.000015954.9111   21.5863
    7.5000   30.0000    0.000014736.2812   21.5475
   -7.5000   37.5000    0.000014789.7969   21.5810
    0.0000   37.5000    0.000015457.5889   21.5746
    7.5000   37.5000    0.000014325.0479   21.5352
   -7.5000   45.0000    0.000013705.4795   21.0583
    0.0000   45.0000    0.000014383.1084   21.0550
    7.5000   45.0000    0.000013346.0889   21.0281
   -7.5000  -45.0000    7.5000 8972.2842   22.6087
    0.0000  -45.0000    7.5000 9467.0498   22.6019
    7.5000  -45.0000    7.5000 8908.5684   22.5677
   -7.5000  -37.5000    7.5000 9807.7109   22.1410
    0.0000  -37.5000    7.500010323.5098   22.1425
    7.5000  -37.5000    7.5000 9720.8525   22.1249
   -7.5000  -30.0000    7.500011095.8525   22.0013
    0.0000  -30.0000    7.500011700.0615   22.0111
    7.5000  -30.0000    7.500010997.7100   21.9990
   -7.5000  -22.5000    7.500012444.4727   21.9402
    0.0000  -22.5000    7.500013132.8916   21.9524
    7.5000  -22.5000    7.500012274.4893   21.9308
   -7.5000  -15.0000    7.500013782.9453   21.9106
    0.0000  -15.0000    7.500014589.6523   21.9157
    7.5000  -15.0000    7.500013514.1553   21.8787
   -7.5000   -7.5000    7.500015164.0898   21.8895
    0.0000   -7.5000    7.500016210.6084   21.8861
    7.5000   -7.5000    7.500014791.6396   21.8445
   -7.5000    0.0000    7.500016429.2480   21.8686
    0.0000    0.0000    7.500017577.7109   21.8642
    7.5000    0.0000    7.500016054.0625   21.8324
   -7.5000    7.5000    7.500016162.4814   21.8564
    0.0000    7.5000    7.500017143.6738   21.8584
    7.5000    7.5000    7.500015922.0723   21.8409
   -7.5000   15.0000    7.500015703.3799   21.8634
    0.0000   15.0000    7.500016586.3809   21.8736
    7.5000   15.0000    7.500015539.0244   21.8614
   -7.5000   22.5000    7.500015165.7715   21.8703
    0.0000   22.5000    7.500015924.3740   21.8827
    7.5000   22.5000    7.500014880.1260   21.8607
   -7.5000   30.0000    7.500014423.6885   21.6103
    0.0000   30.0000    7.500015089.9209   21.6155
    7.5000   30.0000    7.500014033.4902   21.5788
   -7.5000   37.5000    7.500014035.6357   21.6055
    0.0000   37.5000    7.500014672.3877   21.6022
    7.5000   37.5000    7.500013642.5420   21.5611
   -7.5000   45.0000    7.500013053.9404   21.0788
    0.0000   45.0000    7.500013661.2568   21.0746
    7.5000   45.0000    7.500012702.6680   21.0439
   -7.5000  -45.0000   15.0000 8387.6904   22.6537
    0.0000  -45.0000   15.0000 8831.1084   22.6610
    7.5000  -45.0000   15.0000 8319.2080   22.6367
   -7.5000  -37.5000   15.0000 9212.4121   22.1765
    0.0000  -37.5000   15.0000 9673.2158   22.1885
    7.5000  -37.5000   15.0000 9123.9404   22.1786
   -7.5000  -30.0000   15.000010457.9648   22.0349
    0.0000  -30.0000   15.000010958.5420   22.0532
    7.5000  -30.0000   15.000010336.7910   22.0456
   -7.5000  -22.5000   15.000011668.6035   21.9830
    0.0000  -22.5000   15.000012224.3291   22.0043
    7.5000  -22.5000   15.000011517.4902   21.9854
   -7.5000  -15.0000   15.000012790.6133   21.9622
    0.0000  -15.0000   15.000013456.3516   21.9798
    7.5000  -15.0000   15.000012666.0508   21.9463
   -7.5000   -7.5000   15.000013928.2031   21.9392
    0.0000   -7.5000   15.000014785.7500   21.9504
    7.5000   -7.5000   15.000013850.1914   21.9159
   -7.5000    0.0000   15.000014929.4248   21.9101
    0.0000    0.0000   15.000015812.5508   21.9188
    7.5000    0.0000   15.000014950.9775   21.8964
   -7.5000    7.5000   15.000014656.1045   21.8904
    0.0000    7.5000   15.000015393.4043   21.9028
    7.5000    7.5000   15.000014703.7051   21.8928
   -7.5000   15.0000   15.000014337.4023   21.8973
    0.0000   15.0000   15.000015022.3340   21.9159
    7.5000   15.0000   15.000014321.7773   21.9082
   -7.5000   22.5000   15.000013993.3242   21.9137
    0.0000   22.5000   15.000014616.5576   21.9351
    7.5000   22.5000   15.000013810.6045   21.9158
   -7.5000   30.0000   15.000013414.3662   21.6614
    0.0000   30.0000   15.000013990.0938   21.6789
    7.5000   30.0000   15.000013132.6348   21.6456
   -7.5000   37.5000   15.000013117.5635   21.6546
    0.0000   37.5000   15.000013677.6738   21.6656
    7.5000   37.5000   15.000012808.3262   21.6315
   -7.5000   45.0000   15.000012227.5703   21.1188
    0.0000   45.0000   15.000012782.2949   21.1272
    7.5000   45.0000   15.000011943.6367   21.1056
   -7.5000  -45.0000   22.5000 7782.1724   23.0735
    0.0000  -45.0000   22.5000 8163.4941   23.0989
    7.5000  -45.0000   22.5000 7742.4849   23.0902
   -7.5000  -37.5000   22.5000 8551.1816   22.5794
    0.0000  -37.5000   22.5000 8953.4141   22.6050
    7.5000  -37.5000   22.5000 8490.0547   22.6050
   -7.5000  -30.0000   22.5000 9648.7080   22.4355
    0.0000  -30.0000   22.500010110.7236   22.4604
    7.5000  -30.0000   22.5000 9614.6719   22.4553
   -7.5000  -22.5000   22.500010691.5762   22.3851
    0.0000  -22.5000   22.500011246.5547   22.4093
    7.5000  -22.5000   22.500010700.9072   22.3893
   -7.5000  -15.0000   22.500011713.2539   22.3652
    0.0000  -15.0000   22.500012386.5518   22.3891
    7.5000  -15.0000   22.500011783.6299   22.3578
   -7.5000   -7.5000   22.500012782.2900   22.3375
    0.0000   -7.5000   22.500013563.0439   22.3621
    7.5000   -7.5000   22.500012923.3516   22.3381
   -7.5000    0.0000   22.500013715.5391   22.3024
    0.0000    0.0000   22.500014437.0869   22.3276
    7.5000    0.0000   22.500013897.0908   22.3198
   -7.5000    7.5000   22.500013537.4482   22.2816
    0.0000    7.5000   22.500014127.2744   22.3070
    7.5000    7.5000   22.500013645.2734   22.3068
   -7.5000   15.0000   22.500013278.9785   22.2921
    0.0000   15.0000   22.500013858.7988   22.3172
    7.5000   15.0000   22.500013296.3848   22.3120
   -7.5000   22.5000   22.500012945.9922   22.3140
    0.0000   22.5000   22.500013513.4209   22.3382
    7.5000   22.5000   22.500012869.5947   22.3179
   -7.5000   30.0000   22.500012436.9170   22.0590
    0.0000   30.0000   22.500012977.8955   22.0826
    7.5000   30.0000   22.500012295.5195   22.0515
   -7.5000   37.5000   22.500012203.7617   22.0477
    0.0000   37.5000   22.500012718.0244   22.0720
    7.5000   37.5000   22.500011982.8555   22.0483
   -7.5000   45.0000   22.500011419.4141   21.4969
    0.0000   45.0000   22.500011891.3301   21.5213
    7.5000   45.0000   22.500011191.2744   21.5137
   -7.5000  -45.0000   30.0000 7143.6436   23.6378
    0.0000  -45.0000   30.0000 7480.6846   23.6660
    7.5000  -45.0000   30.0000 7094.5195   23.6614
   -7.5000  -37.5000   30.0000 7828.5034   23.1306
    0.0000  -37.5000   30.0000 8227.2383   23.1582
    7.5000  -37.5000   30.0000 7802.3228   23.1595
   -7.5000  -30.0000   30.0000 8809.6670   22.9867
    0.0000  -30.0000   30.0000 9298.8564   23.0088
    7.5000  -30.0000   30.0000 8834.6016   22.9999
   -7.5000  -22.5000   30.0000 9769.3105   22.9288
    0.0000  -22.5000   30.000010329.2480   22.9454
    7.5000  -22.5000   30.0000 9858.9053   22.9195
   -7.5000  -15.0000   30.000010747.3613   22.8987
    0.0000  -15.0000   30.000011373.1621   22.9150
    7.5000  -15.0000   30.000010886.6670   22.8797
   -7.5000   -7.5000   30.000011742.8096   22.8648
    0.0000   -7.5000   30.000012412.8262   22.8869
    7.5000   -7.5000   30.000011946.1406   22.8641
   -7.5000    0.0000   30.000012592.6211   22.8303
    0.0000    0.0000   30.000013212.1523   22.8578
    7.5000    0.0000   30.000012776.3281   22.8538
   -7.5000    7.5000   30.000012448.9316   22.8174
    0.0000    7.5000   30.000012991.5449   22.8446
    7.5000    7.5000   30.000012536.3770   22.8454
   -7.5000   15.0000   30.000012218.4551   22.8349
    0.0000   15.0000   30.000012751.3135   22.8571
    7.5000   15.0000   30.000012241.1475   22.8482
   -7.5000   22.5000   30.000011903.4375   22.8542
    0.0000   22.5000   30.000012405.6660   22.8709
    7.5000   22.5000   30.000011869.9121   22.8446
   -7.5000   30.0000   30.000011460.6357   22.5850
    0.0000   30.0000   30.000011941.9746   22.6011
    7.5000   30.0000   30.000011371.9570   22.5661
   -7.5000   37.5000   30.000011275.6025   22.5682
    0.0000   37.5000   30.000011736.8066   22.5900
    7.5000   37.5000   30.000011134.5693   22.5674
   -7.5000   45.0000   30.000010562.5918   22.0058
    0.0000   45.0000   30.000011016.8320   22.0323
    7.5000   45.0000   30.000010414.7227   22.0284
   -7.5000  -45.0000   37.5000 6845.3389   24.5175
    0.0000  -45.0000   37.5000 7164.6392   24.5264
    7.5000  -45.0000   37.5000 6759.3350   24.5059
   -7.5000  -37.5000   37.5000 7477.7793   23.9824
    0.0000  -37.5000   37.5000 7892.3848   23.9960
    7.5000  -37.5000   37.5000 7457.3296   23.9869
   -7.5000  -30.0000   37.5000 8421.2324   23.8293
    0.0000  -30.0000   37.5000 8927.3301   23.8409
    7.5000  -30.0000   37.5000 8488.1943   23.8254
   -7.5000  -22.5000   37.5000 9389.3076   23.7588
    0.0000  -22.5000   37.5000 9924.9033   23.7640
    7.5000  -22.5000   37.5000 9475.1572   23.7311
   -7.5000  -15.0000   37.500010336.6416   23.7179
    0.0000  -15.0000   37.500010931.7188   23.7176
    7.5000  -15.0000   37.500010443.5391   23.6718
   -7.5000   -7.5000   37.500011270.7686   23.6829
    0.0000   -7.5000   37.500011867.9346   23.6853
    7.5000   -7.5000   37.500011393.1113   23.6480
   -7.5000    0.0000   37.500012086.2373   23.6535
    0.0000    0.0000   37.500012664.0254   23.6631
    7.5000    0.0000   37.500012181.1436   23.6442
   -7.5000    7.5000   37.500011952.9834   23.6466
    0.0000    7.5000   37.500012486.3066   23.6601
    7.5000    7.5000   37.500011985.0117   23.6506
   -7.5000   15.0000   37.500011738.2227   23.6657
    0.0000   15.0000   37.500012255.6963   23.6774
    7.5000   15.0000   37.500011721.8809   23.6620
   -7.5000   22.5000   37.500011416.3281   23.6781
    0.0000   22.5000   37.500011908.2100   23.6834
    7.5000   22.5000   37.500011379.6201   23.6501
   -7.5000   30.0000   37.500011005.2344   23.3921
    0.0000   30.0000   37.500011449.9971   23.3919
    7.5000   30.0000   37.500010910.9072   23.3466
   -7.5000   37.5000   37.500010847.1348   23.3757
    0.0000   37.5000   37.500011273.0557   23.3781
    7.5000   37.5000   37.500010711.1299   23.3412
   -7.5000   45.0000   37.500010154.8555   22.7992
    0.0000   45.0000   37.500010592.1709   22.8085
    7.5000   45.0000   37.500010032.8896   22.7903
   -7.5000  -45.0000   45.0000 6263.4966   25.4705
    0.0000  -45.0000   45.0000 6558.8628   25.4740
    7.5000  -45.0000   45.0000 6184.4434   25.4470
   -7.5000  -37.5000   45.0000 6827.1558   24.8854
    0.0000  -37.5000   45.0000 7211.1343   24.8977
    7.5000  -37.5000   45.0000 6825.3306   24.8898
   -7.5000  -30.0000   45.0000 7720.1450   24.7104
    0.0000  -30.0000   45.0000 8168.6440   24.7274
    7.5000  -30.0000   45.0000 7761.3188   24.7213
   -7.5000  -22.5000   45.0000 8637.2432   24.6331
    0.0000  -22.5000   45.0000 9124.6826   24.6475
    7.5000  -22.5000   45.0000 8679.5059   24.6257
   -7.5000  -15.0000   45.0000 9531.3350   24.5957
    0.0000  -15.0000   45.000010059.4453   24.6009
    7.5000  -15.0000   45.0000 9578.0596   24.5602
   -7.5000   -7.5000   45.000010382.7842   24.5672
    0.0000   -7.5000   45.000010897.7627   24.5684
    7.5000   -7.5000   45.000010426.3076   24.5272
   -7.5000    0.0000   45.000011102.9756   24.5387
    0.0000    0.0000   45.000011638.6094   24.5438
    7.5000    0.0000   45.000011141.5820   24.5189
   -7.5000    7.5000   45.000010976.0635   24.5235
    0.0000    7.5000   45.000011489.8008   24.5358
    7.5000    7.5000   45.000010971.6211   24.5274
   -7.5000   15.0000   45.000010774.7305   24.5339
    0.0000   15.0000   45.000011266.9385   24.5512
    7.5000   15.0000   45.000010737.0547   24.5449
   -7.5000   22.5000   45.000010465.2812   24.5455
    0.0000   22.5000   45.000010939.5342   24.5600
    7.5000   22.5000   45.000010428.2568   24.5377
   -7.5000   30.0000   45.000010091.6182   24.2543
    0.0000   30.0000   45.000010527.3408   24.2596
    7.5000   30.0000   45.000010004.1484   24.2193
   -7.5000   37.5000   45.0000 9951.5781   24.2463
    0.0000   37.5000   45.000010371.2051   24.2475
    7.5000   37.5000   45.0000 9829.3281   24.2068
   -7.5000   45.0000   45.0000 9326.2930   23.6632
    0.0000   45.0000   45.0000 9725.7529   23.6681
    7.5000   45.0000   45.0000 9206.3291   23.6441

---------------------------------------------------------------------
imgreg_4dfp /opt/freesurfer/average/711-2C_as_mni_average_305 /opt/freesurfer/average/711-2B_as_mni_average_305_mask talsrcimg_g11 none talsrcimg_to_711-2C_as_mni_average_305_t4 4355
---------------------------------------------------------------------

freesurfer imgreg_4dfp.c
/opt/freesurfer/average/711-2C_as_mni_average_305.4dfp.img
       256       256       256         1
  1.000000  1.000000  1.000000
orientation T byte_order littleendian
Reading image: /opt/freesurfer/average/711-2C_as_mni_average_305.4dfp.img
dimensions:      256       256       256
mmppix:       1.0000   -1.0000   -1.0000
center:     128.0000 -129.0000 -129.0000
/opt/freesurfer/average/711-2B_as_mni_average_305_mask.4dfp.img
       256       256       256         1
  1.000000  1.000000  1.000000
orientation T byte_order littleendian
Reading mask: /opt/freesurfer/average/711-2B_as_mni_average_305_mask.4dfp.img (2306576 pixels)
talsrcimg_g11.4dfp.img
       256       256       256         1
  1.000000  1.000000  1.000000
orientation T byte_order littleendian
Reading image: talsrcimg_g11.4dfp.img
dimensions:      256       256       256
mmppix:       1.0000   -1.0000   -1.0000
center:     128.0000 -129.0000 -129.0000
rotation matrix determinant  1.000000
image alignment mode   4355 decimal     1103 hex
   -7.5000  -45.0000  -45.0000 2001.6711   28.2682
    0.0000  -45.0000  -45.0000 2033.3103   27.8765
    7.5000  -45.0000  -45.0000 2033.7124   27.4728
   -7.5000  -37.5000  -45.0000 2135.7043   25.3232
    0.0000  -37.5000  -45.0000 2165.4971   24.9343
    7.5000  -37.5000  -45.0000 2159.8167   24.5542
   -7.5000  -30.0000  -45.0000 2256.5576   23.0425
    0.0000  -30.0000  -45.0000 2279.5605   22.6576
    7.5000  -30.0000  -45.0000 2274.6013   22.3369
   -7.5000  -22.5000  -45.0000 2356.8147   21.1057
    0.0000  -22.5000  -45.0000 2377.8521   20.7315
    7.5000  -22.5000  -45.0000 2370.3328   20.4912
   -7.5000  -15.0000  -45.0000 2431.4963   19.6969
    0.0000  -15.0000  -45.0000 2452.4355   19.3315
    7.5000  -15.0000  -45.0000 2440.8291   19.0977
   -7.5000   -7.5000  -45.0000 2484.9280   18.7660
    0.0000   -7.5000  -45.0000 2503.6367   18.4650
    7.5000   -7.5000  -45.0000 2491.0537   18.2609
   -7.5000    0.0000  -45.0000 2508.9192   18.2429
    0.0000    0.0000  -45.0000 2531.3538   18.0351
    7.5000    0.0000  -45.0000 2520.8721   17.8472
   -7.5000    7.5000  -45.0000 2522.6843   18.0786
    0.0000    7.5000  -45.0000 2548.6316   17.8955
    7.5000    7.5000  -45.0000 2536.7393   17.7025
   -7.5000   15.0000  -45.0000 2509.4517   18.2064
    0.0000   15.0000  -45.0000 2541.7717   18.0521
    7.5000   15.0000  -45.0000 2532.0269   17.9365
   -7.5000   22.5000  -45.0000 2491.5828   18.6943
    0.0000   22.5000  -45.0000 2524.7632   18.5415
    7.5000   22.5000  -45.0000 2512.0068   18.4488
   -7.5000   30.0000  -45.0000 2449.2600   19.5108
    0.0000   30.0000  -45.0000 2479.5603   19.3427
    7.5000   30.0000  -45.0000 2464.8730   19.2359
   -7.5000   37.5000  -45.0000 2382.5496   20.6345
    0.0000   37.5000  -45.0000 2408.2356   20.4609
    7.5000   37.5000  -45.0000 2395.4182   20.3340
   -7.5000   45.0000  -45.0000 2297.3691   22.0951
    0.0000   45.0000  -45.0000 2317.1692   21.8898
    7.5000   45.0000  -45.0000 2303.3040   21.8620
   -7.5000  -45.0000  -37.5000 2040.2577   27.1915
    0.0000  -45.0000  -37.5000 2073.7493   26.7287
    7.5000  -45.0000  -37.5000 2074.9883   26.3919
   -7.5000  -37.5000  -37.5000 2181.5259   24.3128
    0.0000  -37.5000  -37.5000 2211.2769   23.8369
    7.5000  -37.5000  -37.5000 2209.1355   23.5469
   -7.5000  -30.0000  -37.5000 2309.0093   22.0104
    0.0000  -30.0000  -37.5000 2329.7117   21.5961
    7.5000  -30.0000  -37.5000 2324.9680   21.3021
   -7.5000  -22.5000  -37.5000 2411.6907   20.1189
    0.0000  -22.5000  -37.5000 2425.8848   19.7269
    7.5000  -22.5000  -37.5000 2421.5977   19.4666
   -7.5000  -15.0000  -37.5000 2490.5989   18.6767
    0.0000  -15.0000  -37.5000 2506.5222   18.3273
    7.5000  -15.0000  -37.5000 2497.5110   18.1060
   -7.5000   -7.5000  -37.5000 2550.1553   17.6802
    0.0000   -7.5000  -37.5000 2564.7559   17.3583
    7.5000   -7.5000  -37.5000 2556.7654   17.1718
   -7.5000    0.0000  -37.5000 2582.9080   17.0813
    0.0000    0.0000  -37.5000 2598.6155   16.8989
    7.5000    0.0000  -37.5000 2590.6924   16.7157
   -7.5000    7.5000  -37.5000 2599.2883   16.8553
    0.0000    7.5000  -37.5000 2615.6096   16.7165
    7.5000    7.5000  -37.5000 2609.1755   16.5827
   -7.5000   15.0000  -37.5000 2592.2490   17.0184
    0.0000   15.0000  -37.5000 2621.2917   16.8911
    7.5000   15.0000  -37.5000 2612.5876   16.8060
   -7.5000   22.5000  -37.5000 2580.0508   17.5159
    0.0000   22.5000  -37.5000 2612.2412   17.3693
    7.5000   22.5000  -37.5000 2593.8320   17.3025
   -7.5000   30.0000  -37.5000 2539.3184   18.2933
    0.0000   30.0000  -37.5000 2567.9475   18.1129
    7.5000   30.0000  -37.5000 2550.2876   18.0483
   -7.5000   37.5000  -37.5000 2470.4734   19.3279
    0.0000   37.5000  -37.5000 2492.3174   19.1434
    7.5000   37.5000  -37.5000 2479.4634   19.0521
   -7.5000   45.0000  -37.5000 2381.1746   20.6859
    0.0000   45.0000  -37.5000 2398.1965   20.5235
    7.5000   45.0000  -37.5000 2383.3774   20.4389
   -7.5000  -45.0000  -30.0000 2109.4658   27.1269
    0.0000  -45.0000  -30.0000 2135.8091   26.6286
    7.5000  -45.0000  -30.0000 2139.5498   26.4007
   -7.5000  -37.5000  -30.0000 2256.3640   24.2419
    0.0000  -37.5000  -30.0000 2281.6934   23.7282
    7.5000  -37.5000  -30.0000 2282.4885   23.5312
   -7.5000  -30.0000  -30.0000 2382.7893   21.8586
    0.0000  -30.0000  -30.0000 2402.1514   21.3540
    7.5000  -30.0000  -30.0000 2404.5491   21.1696
   -7.5000  -22.5000  -30.0000 2493.6270   19.9228
    0.0000  -22.5000  -30.0000 2507.4763   19.4191
    7.5000  -22.5000  -30.0000 2506.6023   19.2386
   -7.5000  -15.0000  -30.0000 2578.4761   18.3789
    0.0000  -15.0000  -30.0000 2593.6367   17.9946
    7.5000  -15.0000  -30.0000 2589.1440   17.8021
   -7.5000   -7.5000  -30.0000 2647.5356   17.3175
    0.0000   -7.5000  -30.0000 2665.1426   16.9607
    7.5000   -7.5000  -30.0000 2661.4934   16.7994
   -7.5000    0.0000  -30.0000 2688.0596   16.6195
    0.0000    0.0000  -30.0000 2708.1257   16.3730
    7.5000    0.0000  -30.0000 2700.2610   16.2291
   -7.5000    7.5000  -30.0000 2711.8125   16.3332
    0.0000    7.5000  -30.0000 2728.6091   16.1191
    7.5000    7.5000  -30.0000 2722.4309   16.0120
   -7.5000   15.0000  -30.0000 2718.6978   16.5343
    0.0000   15.0000  -30.0000 2739.4907   16.3229
    7.5000   15.0000  -30.0000 2732.6306   16.2722
   -7.5000   22.5000  -30.0000 2708.6655   17.0603
    0.0000   22.5000  -30.0000 2734.0000   16.8515
    7.5000   22.5000  -30.0000 2721.4329   16.8278
   -7.5000   30.0000  -30.0000 2665.3977   17.8250
    0.0000   30.0000  -30.0000 2689.6836   17.6100
    7.5000   30.0000  -30.0000 2677.9087   17.5447
   -7.5000   37.5000  -30.0000 2597.5100   18.8133
    0.0000   37.5000  -30.0000 2617.6948   18.6071
    7.5000   37.5000  -30.0000 2603.9844   18.5486
   -7.5000   45.0000  -30.0000 2497.6277   20.1267
    0.0000   45.0000  -30.0000 2513.5300   19.9736
    7.5000   45.0000  -30.0000 2500.4006   19.9262
   -7.5000  -45.0000  -22.5000 2138.8835   27.0709
    0.0000  -45.0000  -22.5000 2165.9502   26.4095
    7.5000  -45.0000  -22.5000 2176.1763   26.3375
   -7.5000  -37.5000  -22.5000 2282.4199   24.0420
    0.0000  -37.5000  -22.5000 2308.5564   23.4365
    7.5000  -37.5000  -22.5000 2314.9919   23.3295
   -7.5000  -30.0000  -22.5000 2414.0647   21.6335
    0.0000  -30.0000  -22.5000 2433.2241   21.0119
    7.5000  -30.0000  -22.5000 2440.4062   20.9188
   -7.5000  -22.5000  -22.5000 2533.1257   19.6253
    0.0000  -22.5000  -22.5000 2548.0469   19.0336
    7.5000  -22.5000  -22.5000 2551.2063   18.9344
   -7.5000  -15.0000  -22.5000 2629.2573   18.0592
    0.0000  -15.0000  -22.5000 2642.8318   17.5096
    7.5000  -15.0000  -22.5000 2648.7346   17.4290
   -7.5000   -7.5000  -22.5000 2711.8828   16.9638
    0.0000   -7.5000  -22.5000 2724.4509   16.4917
    7.5000   -7.5000  -22.5000 2731.9875   16.3663
   -7.5000    0.0000  -22.5000 2767.5647   16.2222
    0.0000    0.0000  -22.5000 2780.5090   15.8104
    7.5000    0.0000  -22.5000 2778.5781   15.7076
   -7.5000    7.5000  -22.5000 2798.8796   15.8112
    0.0000    7.5000  -22.5000 2810.3445   15.4500
    7.5000    7.5000  -22.5000 2808.7888   15.4021
   -7.5000   15.0000  -22.5000 2811.8086   15.9704
    0.0000   15.0000  -22.5000 2829.3765   15.6814
    7.5000   15.0000  -22.5000 2822.2932   15.6560
   -7.5000   22.5000  -22.5000 2801.7300   16.5510
    0.0000   22.5000  -22.5000 2820.6094   16.2771
    7.5000   22.5000  -22.5000 2810.9453   16.2583
   -7.5000   30.0000  -22.5000 2754.5063   17.2871
    0.0000   30.0000  -22.5000 2773.6165   17.0258
    7.5000   30.0000  -22.5000 2769.2983   17.0001
   -7.5000   37.5000  -22.5000 2684.2161   18.2270
    0.0000   37.5000  -22.5000 2700.6643   17.9899
    7.5000   37.5000  -22.5000 2696.5620   18.0236
   -7.5000   45.0000  -22.5000 2584.7891   19.5267
    0.0000   45.0000  -22.5000 2601.6597   19.2804
    7.5000   45.0000  -22.5000 2590.3806   19.3572
   -7.5000  -45.0000  -15.0000 2148.3188   27.3928
    0.0000  -45.0000  -15.0000 2169.6023   26.6111
    7.5000  -45.0000  -15.0000 2183.7102   26.5974
   -7.5000  -37.5000  -15.0000 2286.6006   24.1341
    0.0000  -37.5000  -15.0000 2300.4475   23.3935
    7.5000  -37.5000  -15.0000 2317.7581   23.3787
   -7.5000  -30.0000  -15.0000 2415.7366   21.5530
    0.0000  -30.0000  -15.0000 2420.5886   20.8654
    7.5000  -30.0000  -15.0000 2442.6526   20.8512
   -7.5000  -22.5000  -15.0000 2532.2107   19.5053
    0.0000  -22.5000  -15.0000 2541.0564   18.8621
    7.5000  -22.5000  -15.0000 2560.1611   18.8073
   -7.5000  -15.0000  -15.0000 2635.9763   17.8858
    0.0000  -15.0000  -15.0000 2643.2004   17.3076
    7.5000  -15.0000  -15.0000 2662.9558   17.2694
   -7.5000   -7.5000  -15.0000 2732.8667   16.7769
    0.0000   -7.5000  -15.0000 2741.2021   16.2612
    7.5000   -7.5000  -15.0000 2755.3557   16.1520
   -7.5000    0.0000  -15.0000 2799.1121   16.0089
    0.0000    0.0000  -15.0000 2816.5190   15.5063
    7.5000    0.0000  -15.0000 2817.7600   15.4253
   -7.5000    7.5000  -15.0000 2846.8071   15.5385
    0.0000    7.5000  -15.0000 2854.3708   15.0321
    7.5000    7.5000  -15.0000 2853.7183   15.0302
   -7.5000   15.0000  -15.0000 2873.9749   15.6454
    0.0000   15.0000  -15.0000 2877.3481   15.2184
    7.5000   15.0000  -15.0000 2875.1611   15.2405
   -7.5000   22.5000  -15.0000 2862.9119   16.2098
    0.0000   22.5000  -15.0000 2871.4810   15.8616
    7.5000   22.5000  -15.0000 2865.0869   15.8390
   -7.5000   30.0000  -15.0000 2815.9075   16.9193
    0.0000   30.0000  -15.0000 2829.0747   16.5806
    7.5000   30.0000  -15.0000 2820.4961   16.5765
   -7.5000   37.5000  -15.0000 2741.5474   17.8183
    0.0000   37.5000  -15.0000 2758.3596   17.4950
    7.5000   37.5000  -15.0000 2752.4844   17.5676
   -7.5000   45.0000  -15.0000 2639.3901   19.0649
    0.0000   45.0000  -15.0000 2657.5093   18.7550
    7.5000   45.0000  -15.0000 2645.2849   18.8740
   -7.5000  -45.0000   -7.5000 2137.2275   27.7519
    0.0000  -45.0000   -7.5000 2154.0728   27.0806
    7.5000  -45.0000   -7.5000 2160.8914   26.7805
   -7.5000  -37.5000   -7.5000 2268.3113   24.2590
    0.0000  -37.5000   -7.5000 2283.5745   23.7049
    7.5000  -37.5000   -7.5000 2291.5447   23.5183
   -7.5000  -30.0000   -7.5000 2394.4048   21.6136
    0.0000  -30.0000   -7.5000 2408.0886   21.0640
    7.5000  -30.0000   -7.5000 2415.5151   20.8996
   -7.5000  -22.5000   -7.5000 2515.5381   19.4797
    0.0000  -22.5000   -7.5000 2528.9980   18.9681
    7.5000  -22.5000   -7.5000 2536.7991   18.8057
   -7.5000  -15.0000   -7.5000 2627.9919   17.8519
    0.0000  -15.0000   -7.5000 2634.3542   17.3727
    7.5000  -15.0000   -7.5000 2647.7883   17.2375
   -7.5000   -7.5000   -7.5000 2736.0613   16.7780
    0.0000   -7.5000   -7.5000 2738.6104   16.3581
    7.5000   -7.5000   -7.5000 2749.5354   16.1808
   -7.5000    0.0000   -7.5000 2824.9380   16.1330
    0.0000    0.0000   -7.5000 2840.8135   15.7870
    7.5000    0.0000   -7.5000 2834.1245   15.5833
   -7.5000    7.5000   -7.5000 2884.9890   15.6658
    0.0000    7.5000   -7.5000 2901.8462   15.2485
    7.5000    7.5000   -7.5000 2890.6333   15.1939
   -7.5000   15.0000   -7.5000 2912.6987   15.5870
    0.0000   15.0000   -7.5000 2928.7400   15.2038
    7.5000   15.0000   -7.5000 2907.0889   15.1632
   -7.5000   22.5000   -7.5000 2900.8623   15.9674
    0.0000   22.5000   -7.5000 2913.8914   15.6568
    7.5000   22.5000   -7.5000 2888.5181   15.5402
   -7.5000   30.0000   -7.5000 2848.6953   16.5609
    0.0000   30.0000   -7.5000 2860.5605   16.3063
    7.5000   30.0000   -7.5000 2837.0403   16.2344
   -7.5000   37.5000   -7.5000 2769.6914   17.4150
    0.0000   37.5000   -7.5000 2785.0444   17.1708
    7.5000   37.5000   -7.5000 2772.8232   17.1809
   -7.5000   45.0000   -7.5000 2665.0457   18.6729
    0.0000   45.0000   -7.5000 2683.0254   18.4562
    7.5000   45.0000   -7.5000 2665.9868   18.5159
   -7.5000  -45.0000    0.0000 2111.3594   28.4831
    0.0000  -45.0000    0.0000 2131.0906   27.7876
    7.5000  -45.0000    0.0000 2135.3472   27.5206
   -7.5000  -37.5000    0.0000 2235.8569   24.7436
    0.0000  -37.5000    0.0000 2255.1765   24.2195
    7.5000  -37.5000    0.0000 2257.0566   23.9933
   -7.5000  -30.0000    0.0000 2355.8157   21.9517
    0.0000  -30.0000    0.0000 2372.0132   21.4598
    7.5000  -30.0000    0.0000 2377.3989   21.2571
   -7.5000  -22.5000    0.0000 2481.5156   19.8099
    0.0000  -22.5000    0.0000 2497.2407   19.3672
    7.5000  -22.5000    0.0000 2499.1248   19.1208
   -7.5000  -15.0000    0.0000 2600.2749   18.1768
    0.0000  -15.0000    0.0000 2623.0913   17.8864
    7.5000  -15.0000    0.0000 2615.4529   17.5751
   -7.5000   -7.5000    0.0000 2719.4021   17.0912
    0.0000   -7.5000    0.0000 2754.7786   16.9700
    7.5000   -7.5000    0.0000 2726.3291   16.5681
   -7.5000    0.0000    0.0000 2824.6492   16.4185
    0.0000    0.0000    0.0000 2875.4019   16.4202
    7.5000    0.0000    0.0000 2825.5688   15.9630
   -7.5000    7.5000    0.0000 2900.4231   15.9504
    0.0000    7.5000    0.0000 2942.4182   15.8567
    7.5000    7.5000    0.0000 2894.1470   15.6079
   -7.5000   15.0000    0.0000 2927.5876   15.6823
    0.0000   15.0000    0.0000 2956.3086   15.5145
    7.5000   15.0000    0.0000 2917.0879   15.4377
   -7.5000   22.5000    0.0000 2910.4897   15.7893
    0.0000   22.5000    0.0000 2924.3069   15.6061
    7.5000   22.5000    0.0000 2897.7312   15.6175
   -7.5000   30.0000    0.0000 2849.9722   16.3633
    0.0000   30.0000    0.0000 2860.7825   16.1830
    7.5000   30.0000    0.0000 2839.0999   16.2265
   -7.5000   37.5000    0.0000 2766.5159   17.2868
    0.0000   37.5000    0.0000 2780.1790   17.0828
    7.5000   37.5000    0.0000 2767.5920   17.1022
   -7.5000   45.0000    0.0000 2663.0029   18.5590
    0.0000   45.0000    0.0000 2682.0627   18.3355
    7.5000   45.0000    0.0000 2670.1401   18.3803
   -7.5000  -45.0000    7.5000 2067.5459   29.4592
    0.0000  -45.0000    7.5000 2103.4141   28.9509
    7.5000  -45.0000    7.5000 2095.0972   28.4624
   -7.5000  -37.5000    7.5000 2198.9365   25.6388
    0.0000  -37.5000    7.5000 2227.3188   25.2055
    7.5000  -37.5000    7.5000 2219.8706   24.8941
   -7.5000  -30.0000    7.5000 2323.1150   22.6962
    0.0000  -30.0000    7.5000 2349.0942   22.4053
    7.5000  -30.0000    7.5000 2344.0229   22.1535
   -7.5000  -22.5000    7.5000 2451.1526   20.5184
    0.0000  -22.5000    7.5000 2478.7566   20.2957
    7.5000  -22.5000    7.5000 2468.2979   20.0233
   -7.5000  -15.0000    7.5000 2574.0894   18.8509
    0.0000  -15.0000    7.5000 2604.4314   18.6594
    7.5000  -15.0000    7.5000 2589.5859   18.3673
   -7.5000   -7.5000    7.5000 2693.0410   17.6278
    0.0000   -7.5000    7.5000 2731.5229   17.4982
    7.5000   -7.5000    7.5000 2710.8613   17.1709
   -7.5000    0.0000    7.5000 2795.1357   16.7352
    0.0000    0.0000    7.5000 2845.1514   16.6863
    7.5000    0.0000    7.5000 2810.7021   16.3696
   -7.5000    7.5000    7.5000 2864.9741   15.9958
    0.0000    7.5000    7.5000 2910.5916   15.8965
    7.5000    7.5000    7.5000 2876.2837   15.8630
   -7.5000   15.0000    7.5000 2890.3264   15.5770
    0.0000   15.0000    7.5000 2925.4888   15.4784
    7.5000   15.0000    7.5000 2904.3503   15.6320
   -7.5000   22.5000    7.5000 2887.8342   15.7213
    0.0000   22.5000    7.5000 2910.4150   15.6819
    7.5000   22.5000    7.5000 2888.1514   15.8270
   -7.5000   30.0000    7.5000 2835.8774   16.4624
    0.0000   30.0000    7.5000 2854.1726   16.3998
    7.5000   30.0000    7.5000 2829.7737   16.4684
   -7.5000   37.5000    7.5000 2749.4780   17.4960
    0.0000   37.5000    7.5000 2766.6321   17.3689
    7.5000   37.5000    7.5000 2750.0613   17.3709
   -7.5000   45.0000    7.5000 2648.5085   18.7919
    0.0000   45.0000    7.5000 2663.1885   18.5726
    7.5000   45.0000    7.5000 2649.9780   18.5759
   -7.5000  -45.0000   15.0000 2026.8315   30.8763
    0.0000  -45.0000   15.0000 2066.2749   30.5129
    7.5000  -45.0000   15.0000 2057.5510   30.0746
   -7.5000  -37.5000   15.0000 2162.9485   26.7852
    0.0000  -37.5000   15.0000 2193.1704   26.4544
    7.5000  -37.5000   15.0000 2186.1885   26.3016
   -7.5000  -30.0000   15.0000 2289.6755   23.6413
    0.0000  -30.0000   15.0000 2317.4404   23.4028
    7.5000  -30.0000   15.0000 2317.0959   23.4056
   -7.5000  -22.5000   15.0000 2414.3364   21.2881
    0.0000  -22.5000   15.0000 2439.9868   21.0364
    7.5000  -22.5000   15.0000 2439.3818   21.0662
   -7.5000  -15.0000   15.0000 2530.6030   19.4049
    0.0000  -15.0000   15.0000 2558.7441   19.1638
    7.5000  -15.0000   15.0000 2561.4731   19.1964
   -7.5000   -7.5000   15.0000 2637.5393   17.9708
    0.0000   -7.5000   15.0000 2676.4263   17.7990
    7.5000   -7.5000   15.0000 2679.0330   17.8138
   -7.5000    0.0000   15.0000 2732.3904   16.9586
    0.0000    0.0000   15.0000 2779.9497   16.8718
    7.5000    0.0000   15.0000 2774.1973   16.9085
   -7.5000    7.5000   15.0000 2806.0710   16.1437
    0.0000    7.5000   15.0000 2842.3669   15.9637
    7.5000    7.5000   15.0000 2842.4233   16.3039
   -7.5000   15.0000   15.0000 2839.0442   15.8291
    0.0000   15.0000   15.0000 2874.2500   15.6600
    7.5000   15.0000   15.0000 2867.9077   15.9842
   -7.5000   22.5000   15.0000 2848.6470   16.1413
    0.0000   22.5000   15.0000 2876.7754   16.0129
    7.5000   22.5000   15.0000 2859.3071   16.1728
   -7.5000   30.0000   15.0000 2810.0952   16.8905
    0.0000   30.0000   15.0000 2832.0698   16.8115
    7.5000   30.0000   15.0000 2806.9441   16.8497
   -7.5000   37.5000   15.0000 2727.2324   17.9402
    0.0000   37.5000   15.0000 2743.4348   17.8874
    7.5000   37.5000   15.0000 2729.5588   17.9050
   -7.5000   45.0000   15.0000 2626.3940   19.2365
    0.0000   45.0000   15.0000 2643.4929   19.1246
    7.5000   45.0000   15.0000 2626.9541   19.1436
   -7.5000  -45.0000   22.5000 1969.1722   32.4232
    0.0000  -45.0000   22.5000 2006.2914   32.2598
    7.5000  -45.0000   22.5000 2008.3464   32.0327
   -7.5000  -37.5000   22.5000 2110.4478   27.8402
    0.0000  -37.5000   22.5000 2143.0894   27.6743
    7.5000  -37.5000   22.5000 2147.1958   27.8343
   -7.5000  -30.0000   22.5000 2240.1990   24.4711
    0.0000  -30.0000   22.5000 2271.2876   24.3248
    7.5000  -30.0000   22.5000 2280.2874   24.6245
   -7.5000  -22.5000   22.5000 2362.4153   21.8806
    0.0000  -22.5000   22.5000 2391.5168   21.7709
    7.5000  -22.5000   22.5000 2399.5002   22.0814
   -7.5000  -15.0000   22.5000 2471.9500   19.8935
    0.0000  -15.0000   22.5000 2506.4199   19.8000
    7.5000  -15.0000   22.5000 2513.0625   20.1120
   -7.5000   -7.5000   22.5000 2581.3901   18.4869
    0.0000   -7.5000   22.5000 2621.2800   18.3513
    7.5000   -7.5000   22.5000 2630.4946   18.6549
   -7.5000    0.0000   22.5000 2680.4697   17.4565
    0.0000    0.0000   22.5000 2713.9976   17.3043
    7.5000    0.0000   22.5000 2720.8010   17.6771
   -7.5000    7.5000   22.5000 2753.3508   16.6387
    0.0000    7.5000   22.5000 2771.9619   16.4315
    7.5000    7.5000   22.5000 2783.0537   16.9425
   -7.5000   15.0000   22.5000 2786.6389   16.4808
    0.0000   15.0000   22.5000 2813.1914   16.2853
    7.5000   15.0000   22.5000 2809.1677   16.6221
   -7.5000   22.5000   22.5000 2791.9363   16.7966
    0.0000   22.5000   22.5000 2821.5396   16.6406
    7.5000   22.5000   22.5000 2809.0718   16.8366
   -7.5000   30.0000   22.5000 2759.7837   17.4926
    0.0000   30.0000   22.5000 2785.7217   17.3852
    7.5000   30.0000   22.5000 2764.7764   17.4705
   -7.5000   37.5000   22.5000 2689.2192   18.4945
    0.0000   37.5000   22.5000 2703.1995   18.4255
    7.5000   37.5000   22.5000 2685.4385   18.4914
   -7.5000   45.0000   22.5000 2591.3237   19.7861
    0.0000   45.0000   22.5000 2607.6838   19.7242
    7.5000   45.0000   22.5000 2591.2356   19.8158
   -7.5000  -45.0000   30.0000 1904.5497   33.8446
    0.0000  -45.0000   30.0000 1939.2330   33.8665
    7.5000  -45.0000   30.0000 1950.9984   33.9445
   -7.5000  -37.5000   30.0000 2049.3713   29.0021
    0.0000  -37.5000   30.0000 2084.0437   29.0245
    7.5000  -37.5000   30.0000 2097.9448   29.3292
   -7.5000  -30.0000   30.0000 2177.0024   25.4215
    0.0000  -30.0000   30.0000 2212.5806   25.4299
    7.5000  -30.0000   30.0000 2225.6140   25.9045
   -7.5000  -22.5000   30.0000 2301.8003   22.6772
    0.0000  -22.5000   30.0000 2334.3921   22.7412
    7.5000  -22.5000   30.0000 2345.9478   23.2726
   -7.5000  -15.0000   30.0000 2418.1021   20.6750
    0.0000  -15.0000   30.0000 2450.4785   20.6444
    7.5000  -15.0000   30.0000 2462.4990   21.2372
   -7.5000   -7.5000   30.0000 2528.8752   19.2761
    0.0000   -7.5000   30.0000 2560.0801   19.1245
    7.5000   -7.5000   30.0000 2575.4717   19.7138
   -7.5000    0.0000   30.0000 2620.8616   18.1832
    0.0000    0.0000   30.0000 2645.7288   18.0263
    7.5000    0.0000   30.0000 2653.4883   18.6270
   -7.5000    7.5000   30.0000 2688.9578   17.4637
    0.0000    7.5000   30.0000 2703.1826   17.2777
    7.5000    7.5000   30.0000 2708.0684   17.7841
   -7.5000   15.0000   30.0000 2717.0044   17.3727
    0.0000   15.0000   30.0000 2739.5876   17.1718
    7.5000   15.0000   30.0000 2737.4429   17.4981
   -7.5000   22.5000   30.0000 2719.1003   17.6599
    0.0000   22.5000   30.0000 2740.9382   17.4793
    7.5000   22.5000   30.0000 2737.9785   17.7234
   -7.5000   30.0000   30.0000 2692.4136   18.3324
    0.0000   30.0000   30.0000 2711.3945   18.1875
    7.5000   30.0000   30.0000 2698.3479   18.3533
   -7.5000   37.5000   30.0000 2630.1614   19.2759
    0.0000   37.5000   30.0000 2642.4619   19.1838
    7.5000   37.5000   30.0000 2625.0483   19.3166
   -7.5000   45.0000   30.0000 2537.2505   20.5078
    0.0000   45.0000   30.0000 2554.3936   20.4314
    7.5000   45.0000   30.0000 2537.9854   20.5805
   -7.5000  -45.0000   37.5000 1838.9900   35.6335
    0.0000  -45.0000   37.5000 1875.6329   35.7415
    7.5000  -45.0000   37.5000 1892.5088   36.1442
   -7.5000  -37.5000   37.5000 1982.4612   30.4618
    0.0000  -37.5000   37.5000 2025.1200   30.6695
    7.5000  -37.5000   37.5000 2039.9844   31.1833
   -7.5000  -30.0000   37.5000 2110.8201   26.6476
    0.0000  -30.0000   37.5000 2151.9124   26.8328
    7.5000  -30.0000   37.5000 2169.5286   27.5198
   -7.5000  -22.5000   37.5000 2244.6160   23.7720
    0.0000  -22.5000   37.5000 2275.7998   23.9092
    7.5000  -22.5000   37.5000 2290.7407   24.7280
   -7.5000  -15.0000   37.5000 2363.5227   21.7862
    0.0000  -15.0000   37.5000 2392.8030   21.7469
    7.5000  -15.0000   37.5000 2405.3826   22.5482
   -7.5000   -7.5000   37.5000 2466.6260   20.3221
    0.0000   -7.5000   37.5000 2497.0288   20.2128
    7.5000   -7.5000   37.5000 2505.3733   20.9245
   -7.5000    0.0000   37.5000 2553.9192   19.2547
    0.0000    0.0000   37.5000 2577.1062   19.1422
    7.5000    0.0000   37.5000 2580.4871   19.7775
   -7.5000    7.5000   37.5000 2614.1157   18.6213
    0.0000    7.5000   37.5000 2630.3274   18.4712
    7.5000    7.5000   37.5000 2628.8416   18.9373
   -7.5000   15.0000   37.5000 2639.2048   18.4881
    0.0000   15.0000   37.5000 2662.0830   18.3385
    7.5000   15.0000   37.5000 2657.1641   18.6692
   -7.5000   22.5000   37.5000 2638.2930   18.7607
    0.0000   22.5000   37.5000 2662.5913   18.6016
    7.5000   22.5000   37.5000 2657.2876   18.9083
   -7.5000   30.0000   37.5000 2613.4978   19.3763
    0.0000   30.0000   37.5000 2631.3262   19.2554
    7.5000   30.0000   37.5000 2622.2646   19.5049
   -7.5000   37.5000   37.5000 2558.7871   20.2914
    0.0000   37.5000   37.5000 2571.7842   20.2126
    7.5000   37.5000   37.5000 2554.4934   20.4208
   -7.5000   45.0000   37.5000 2475.4526   21.4585
    0.0000   45.0000   37.5000 2489.9993   21.4085
    7.5000   45.0000   37.5000 2469.5779   21.5911
   -7.5000  -45.0000   45.0000 1761.9316   37.9322
    0.0000  -45.0000   45.0000 1805.3839   38.0876
    7.5000  -45.0000   45.0000 1824.1047   38.7482
   -7.5000  -37.5000   45.0000 1907.5194   32.2681
    0.0000  -37.5000   45.0000 1955.0880   32.5616
    7.5000  -37.5000   45.0000 1974.9017   33.4572
   -7.5000  -30.0000   45.0000 2043.2333   28.2537
    0.0000  -30.0000   45.0000 2088.0808   28.5268
    7.5000  -30.0000   45.0000 2101.6694   29.5109
   -7.5000  -22.5000   45.0000 2180.3645   25.3324
    0.0000  -22.5000   45.0000 2215.1099   25.4819
    7.5000  -22.5000   45.0000 2221.1904   26.4290
   -7.5000  -15.0000   45.0000 2296.7661   23.2529
    0.0000  -15.0000   45.0000 2327.7561   23.2752
    7.5000  -15.0000   45.0000 2332.9536   24.1343
   -7.5000   -7.5000   45.0000 2397.4194   21.7421
    0.0000   -7.5000   45.0000 2422.2617   21.6698
    7.5000   -7.5000   45.0000 2427.6309   22.4392
   -7.5000    0.0000   45.0000 2474.8137   20.6545
    0.0000    0.0000   45.0000 2496.8796   20.6183
    7.5000    0.0000   45.0000 2496.0676   21.1683
   -7.5000    7.5000   45.0000 2525.6387   20.0617
    0.0000    7.5000   45.0000 2546.3684   19.9652
    7.5000    7.5000   45.0000 2539.9058   20.3821
   -7.5000   15.0000   45.0000 2545.6143   19.9069
    0.0000   15.0000   45.0000 2570.7886   19.7686
    7.5000   15.0000   45.0000 2564.1040   20.1068
   -7.5000   22.5000   45.0000 2543.9458   20.1402
    0.0000   22.5000   45.0000 2568.4636   20.0313
    7.5000   22.5000   45.0000 2562.5889   20.3459
   -7.5000   30.0000   45.0000 2520.2783   20.6982
    0.0000   30.0000   45.0000 2545.0161   20.6742
    7.5000   30.0000   45.0000 2530.2703   20.9268
   -7.5000   37.5000   45.0000 2478.6299   21.5408
    0.0000   37.5000   45.0000 2496.1409   21.5223
    7.5000   37.5000   45.0000 2473.0891   21.7275
   -7.5000   45.0000   45.0000 2396.2205   22.7176
    0.0000   45.0000   45.0000 2413.6541   22.7098
    7.5000   45.0000   45.0000 2394.5198   22.8568

---------------------------------------------------------------------
imgreg_4dfp /opt/freesurfer/average/711-2C_as_mni_average_305 /opt/freesurfer/average/711-2B_as_mni_average_305_mask talsrcimg_g11 none talsrcimg_to_711-2C_as_mni_average_305_t4 1283
---------------------------------------------------------------------

freesurfer imgreg_4dfp.c
/opt/freesurfer/average/711-2C_as_mni_average_305.4dfp.img
       256       256       256         1
  1.000000  1.000000  1.000000
orientation T byte_order littleendian
Reading image: /opt/freesurfer/average/711-2C_as_mni_average_305.4dfp.img
dimensions:      256       256       256
mmppix:       1.0000   -1.0000   -1.0000
center:     128.0000 -129.0000 -129.0000
/opt/freesurfer/average/711-2B_as_mni_average_305_mask.4dfp.img
       256       256       256         1
  1.000000  1.000000  1.000000
orientation T byte_order littleendian
Reading mask: /opt/freesurfer/average/711-2B_as_mni_average_305_mask.4dfp.img (2306576 pixels)
talsrcimg_g11.4dfp.img
       256       256       256         1
  1.000000  1.000000  1.000000
orientation T byte_order littleendian
Reading image: talsrcimg_g11.4dfp.img
dimensions:      256       256       256
mmppix:       1.0000   -1.0000   -1.0000
center:     128.0000 -129.0000 -129.0000
rotation matrix determinant  1.000000
fimgreg.f
image alignment mode   1283 decimal      503 hex
parameters
    0.0000   15.0000    0.0000    0.0000    0.0000    0.0000
eta,q 0.92887 15.55639
niter,ni,del,rscale     5    3   12.0000    1.2000
parameter  4  1.066334 ->  0.500000 qaram    1.1500
parameter  6  0.617822 ->  0.500000 qaram    1.1500
parameters
   -0.4740   13.4141    0.2306   -3.4500    1.6632   -3.4500
eta,q 0.93675 15.54319
  0.0820  0.0752  0.0783  0.0669  0.0748  0.0645
  0.0749  0.0721  0.0746  0.0662  0.0721  0.0634
  0.0709  0.0704  0.0719  0.0674  0.0693  0.0637
  0.0716  0.0706  0.0698  0.0696  0.0663  0.0657
  0.0753  0.0738  0.0707  0.0730  0.0659  0.0687
  0.0799  0.0788  0.0736  0.0763  0.0677  0.0728
  0.0822  0.0841  0.0776  0.0788  0.0695  0.0778
niter,ni,del,rscale     6    3   12.0000    1.2000
parameters
   -0.5286   13.6670   -0.5273   -5.5606    3.1722   -4.4411
eta,q 0.93802 15.48191
  0.0731  0.0754  0.0709  0.0662  0.0698  0.0679
  0.0680  0.0681  0.0665  0.0626  0.0659  0.0646
  0.0639  0.0634  0.0637  0.0617  0.0627  0.0624
  0.0632  0.0632  0.0634  0.0631  0.0617  0.0622
  0.0648  0.0652  0.0659  0.0657  0.0624  0.0643
  0.0679  0.0678  0.0702  0.0691  0.0625  0.0678
  0.0735  0.0722  0.0750  0.0725  0.0641  0.0719
niter,ni,del,rscale     5    3   12.0000    1.2000
parameters
   -0.8483   14.7112   -0.8846   -7.1117    4.0796   -4.8848
eta,q 0.93964 15.46798
  0.0694  0.0741  0.0709  0.0661  0.0669  0.0674
  0.0644  0.0676  0.0657  0.0629  0.0634  0.0639
  0.0611  0.0636  0.0624  0.0603  0.0610  0.0613
  0.0620  0.0618  0.0618  0.0617  0.0603  0.0604
  0.0624  0.0623  0.0639  0.0647  0.0605  0.0620
  0.0652  0.0638  0.0678  0.0677  0.0612  0.0653
  0.0715  0.0675  0.0727  0.0714  0.0637  0.0692
niter,ni,del,rscale     4    3   12.0000    1.2000
parameters
   -1.2160   15.4845   -1.1627   -8.0266    4.2984   -5.0416
eta,q 0.94046 15.47750
  0.0688  0.0723  0.0699  0.0666  0.0658  0.0672
  0.0626  0.0667  0.0646  0.0637  0.0623  0.0635
  0.0600  0.0621  0.0610  0.0596  0.0601  0.0606
  0.0604  0.0603  0.0605  0.0604  0.0596  0.0596
  0.0611  0.0611  0.0625  0.0629  0.0598  0.0611
  0.0646  0.0632  0.0661  0.0662  0.0613  0.0640
  0.0710  0.0674  0.0714  0.0707  0.0652  0.0678
niter,ni,del,rscale     3    3   12.0000    1.2000
parameters
   -1.2636   15.8871   -1.3957   -8.4100    4.3196   -5.0978
eta,q 0.94084 15.46859
  0.0700  0.0708  0.0696  0.0674  0.0653  0.0671
  0.0628  0.0657  0.0642  0.0646  0.0619  0.0635
  0.0593  0.0613  0.0604  0.0600  0.0599  0.0605
  0.0595  0.0595  0.0596  0.0595  0.0592  0.0592
  0.0605  0.0608  0.0618  0.0621  0.0595  0.0606
  0.0636  0.0640  0.0655  0.0650  0.0614  0.0635
  0.0696  0.0681  0.0707  0.0694  0.0656  0.0675
niter,ni,del,rscale     2    3   12.0000    1.2000
parameters
   -1.2455   16.0573   -1.5029   -8.5379    4.3217   -5.1287
eta,q 0.94094 15.46076
  0.0702  0.0698  0.0698  0.0678  0.0653  0.0671
  0.0628  0.0652  0.0644  0.0651  0.0618  0.0635
  0.0591  0.0609  0.0604  0.0604  0.0598  0.0606
  0.0592  0.0592  0.0592  0.0592  0.0591  0.0591
  0.0603  0.0611  0.0614  0.0617  0.0594  0.0604
  0.0633  0.0645  0.0652  0.0645  0.0614  0.0634
  0.0692  0.0685  0.0702  0.0687  0.0656  0.0674
niter,ni,del,rscale     1    3   12.0000    1.2000
parameters
   -1.2320   16.1157   -1.5471   -8.5804    4.3206   -5.1411
eta,q 0.94094 15.45817
  0.0701  0.0695  0.0700  0.0680  0.0652  0.0671
  0.0627  0.0650  0.0646  0.0652  0.0618  0.0635
  0.0590  0.0606  0.0605  0.0605  0.0598  0.0606
  0.0591  0.0591  0.0591  0.0591  0.0591  0.0591
  0.0603  0.0613  0.0612  0.0616  0.0594  0.0603
  0.0633  0.0647  0.0651  0.0644  0.0614  0.0634
  0.0691  0.0688  0.0699  0.0685  0.0656  0.0674
registration optimization eta report
parameter search radius
    6.0000    6.0000    6.0000    6.9000    6.0000    6.9000
100000*second partial in parameter space
       30.       27.       29.       18.       18.       17.
  0.0701  0.0695  0.0700  0.0680  0.0652  0.0671
  0.0627  0.0650  0.0646  0.0652  0.0618  0.0635
  0.0590  0.0606  0.0605  0.0605  0.0598  0.0606
  0.0591  0.0591  0.0591  0.0591  0.0591  0.0591
  0.0603  0.0613  0.0612  0.0616  0.0594  0.0603
  0.0633  0.0647  0.0651  0.0644  0.0614  0.0634
  0.0691  0.0688  0.0699  0.0685  0.0656  0.0674
   -1.2320   16.1157   -1.5471   -8.5804    4.3206   -5.1411
eta,q 0.94094 15.45817

---------------------------------------------------------------------
imgreg_4dfp /opt/freesurfer/average/711-2C_as_mni_average_305 /opt/freesurfer/average/711-2B_as_mni_average_305_mask talsrcimg_g11 none talsrcimg_to_711-2C_as_mni_average_305_t4 3335
---------------------------------------------------------------------

freesurfer imgreg_4dfp.c
/opt/freesurfer/average/711-2C_as_mni_average_305.4dfp.img
       256       256       256         1
  1.000000  1.000000  1.000000
orientation T byte_order littleendian
Reading image: /opt/freesurfer/average/711-2C_as_mni_average_305.4dfp.img
dimensions:      256       256       256
mmppix:       1.0000   -1.0000   -1.0000
center:     128.0000 -129.0000 -129.0000
/opt/freesurfer/average/711-2B_as_mni_average_305_mask.4dfp.img
       256       256       256         1
  1.000000  1.000000  1.000000
orientation T byte_order littleendian
Reading mask: /opt/freesurfer/average/711-2B_as_mni_average_305_mask.4dfp.img (2306576 pixels)
talsrcimg_g11.4dfp.img
       256       256       256         1
  1.000000  1.000000  1.000000
orientation T byte_order littleendian
Reading image: talsrcimg_g11.4dfp.img
dimensions:      256       256       256
mmppix:       1.0000   -1.0000   -1.0000
center:     128.0000 -129.0000 -129.0000
fimgreg.f
image alignment mode   3335 decimal      D07 hex
parameters
   -1.2320   16.1157   -1.5471   -0.6853   -1.6178   -1.4003
    9.9800   -6.0826   -8.9354   15.5272    7.5338  -14.8773
eta,q 0.94189 15.58253
niter,ni,del,rscale     5    3    5.0000    1.2000
parameter  4 10.251683 ->  0.500000 qaram    1.1500
parameter  5-34.503578 ->  0.500000 qaram    1.1500
parameter  6  0.565939 ->  0.500000 qaram    1.1500
parameter  7  0.601691 ->  0.500000 qaram    1.1500
parameters
   -1.4122   16.1797   -1.9677   -4.8253   -5.7578   -5.5403
    5.8400   -5.5373   -6.5110   17.0142    3.9982  -11.6937
eta,q 0.96267 15.57701
  0.0597  0.0593  0.0593  0.0420  0.0353  0.0390  0.0386  0.0459  0.0410  0.0428  0.0380  0.0400
  0.0586  0.0586  0.0584  0.0456  0.0391  0.0390  0.0382  0.0418  0.0397  0.0406  0.0376  0.0389
  0.0581  0.0582  0.0580  0.0512  0.0433  0.0393  0.0383  0.0392  0.0388  0.0389  0.0376  0.0381
  0.0581  0.0581  0.0581  0.0580  0.0470  0.0403  0.0391  0.0382  0.0382  0.0380  0.0380  0.0376
  0.0584  0.0582  0.0585  0.0645  0.0506  0.0430  0.0402  0.0388  0.0380  0.0381  0.0386  0.0374
  0.0591  0.0585  0.0594  0.0704  0.0545  0.0475  0.0418  0.0408  0.0382  0.0387  0.0397  0.0374
  0.0602  0.0591  0.0605  0.0754  0.0582  0.0544  0.0439  0.0436  0.0387  0.0400  0.0411  0.0377
niter,ni,del,rscale     7    3    5.0000    1.2000
parameter  4  0.852398 ->  0.500000 qaram    1.3225
parameter  5  1.834108 ->  0.500000 qaram    1.3225
parameter 12  0.810968 ->  0.500000 qaram    1.1500
parameters
   -1.3568   15.8329   -3.1291   -9.5863  -10.5188   -4.7763
    6.7940   -5.4498   -7.2107   17.2506    2.7016  -15.8337
eta,q 0.97360 15.49446
  0.0418  0.0387  0.0373  0.0322  0.0262  0.0298  0.0327  0.0322  0.0292  0.0309  0.0274  0.0265
  0.0395  0.0379  0.0371  0.0323  0.0268  0.0285  0.0301  0.0290  0.0279  0.0289  0.0271  0.0264
  0.0380  0.0374  0.0371  0.0337  0.0290  0.0277  0.0281  0.0275  0.0271  0.0275  0.0270  0.0265
  0.0373  0.0373  0.0373  0.0370  0.0325  0.0273  0.0271  0.0270  0.0270  0.0270  0.0270  0.0270
  0.0378  0.0377  0.0378  0.0432  0.0366  0.0267  0.0273  0.0275  0.0275  0.0272  0.0271  0.0276
  0.0392  0.0386  0.0387  0.0510  0.0401  0.0270  0.0286  0.0290  0.0286  0.0284  0.0274  0.0283
  0.0415  0.0400  0.0399  0.0583  0.0440  0.0296  0.0307  0.0318  0.0301  0.0306  0.0279  0.0292
niter,ni,del,rscale     7    3    5.0000    1.2000
parameter 12  0.567330 ->  0.500000 qaram    1.3225
parameters
   -1.0755   16.1401   -3.1828  -12.9406  -14.9502   -4.3920
    8.3300   -5.7879   -7.0394   17.7477    3.4218  -20.5947
eta,q 0.97535 15.15369
  0.0314  0.0306  0.0274  0.0282  0.0273  0.0279  0.0301  0.0287  0.0275  0.0285  0.0258  0.0249
  0.0290  0.0284  0.0268  0.0271  0.0259  0.0265  0.0281  0.0264  0.0262  0.0267  0.0254  0.0247
  0.0273  0.0270  0.0264  0.0263  0.0253  0.0257  0.0264  0.0253  0.0254  0.0255  0.0251  0.0247
  0.0264  0.0263  0.0263  0.0263  0.0264  0.0254  0.0253  0.0251  0.0251  0.0251  0.0250  0.0251
  0.0265  0.0265  0.0264  0.0286  0.0296  0.0251  0.0251  0.0257  0.0252  0.0253  0.0251  0.0257
  0.0276  0.0273  0.0268  0.0344  0.0343  0.0255  0.0260  0.0271  0.0260  0.0261  0.0253  0.0265
  0.0296  0.0288  0.0275  0.0435  0.0385  0.0279  0.0278  0.0292  0.0274  0.0276  0.0255  0.0275
niter,ni,del,rscale     7    3    5.0000    1.2000
parameters
   -0.8647   16.9736   -3.2021  -13.5297  -16.4404   -4.6596
    8.3787   -5.6137   -6.9959   18.7824    3.6125  -21.2830
eta,q 0.97546 15.03276
  0.0286  0.0297  0.0253  0.0288  0.0287  0.0270  0.0285  0.0286  0.0270  0.0281  0.0252  0.0261
  0.0267  0.0274  0.0247  0.0267  0.0267  0.0257  0.0266  0.0261  0.0257  0.0263  0.0248  0.0251
  0.0253  0.0257  0.0243  0.0252  0.0251  0.0249  0.0253  0.0249  0.0249  0.0251  0.0246  0.0247
  0.0246  0.0246  0.0242  0.0242  0.0243  0.0245  0.0246  0.0246  0.0246  0.0246  0.0245  0.0245
  0.0248  0.0242  0.0243  0.0240  0.0254  0.0242  0.0249  0.0250  0.0248  0.0247  0.0246  0.0249
  0.0258  0.0245  0.0247  0.0263  0.0288  0.0250  0.0263  0.0262  0.0256  0.0253  0.0248  0.0256
  0.0275  0.0256  0.0254  0.0320  0.0338  0.0284  0.0287  0.0280  0.0270  0.0264  0.0251  0.0266
niter,ni,del,rscale     6    3    5.0000    1.2000
parameters
   -0.7316   17.3149   -3.2895  -13.3555  -17.0332   -4.6863
    8.2318   -5.3753   -7.0505   19.4121    3.5939  -21.8087
eta,q 0.97542 15.02437
  0.0280  0.0281  0.0255  0.0293  0.0293  0.0271  0.0282  0.0286  0.0268  0.0275  0.0251  0.0262
  0.0263  0.0263  0.0249  0.0271  0.0272  0.0257  0.0265  0.0261  0.0256  0.0258  0.0248  0.0252
  0.0251  0.0251  0.0246  0.0256  0.0255  0.0250  0.0252  0.0249  0.0248  0.0249  0.0246  0.0247
  0.0245  0.0245  0.0245  0.0245  0.0244  0.0246  0.0246  0.0246  0.0246  0.0246  0.0246  0.0246
  0.0248  0.0246  0.0246  0.0240  0.0247  0.0242  0.0249  0.0250  0.0248  0.0248  0.0247  0.0249
  0.0257  0.0252  0.0250  0.0255  0.0273  0.0249  0.0264  0.0260  0.0256  0.0254  0.0248  0.0255
  0.0274  0.0265  0.0257  0.0303  0.0319  0.0280  0.0288  0.0278  0.0269  0.0265  0.0251  0.0265
niter,ni,del,rscale     5    3    5.0000    1.2000
parameters
   -0.6534   17.4924   -3.3835  -13.3450  -17.3471   -4.8201
    8.1645   -5.2232   -7.0734   19.8029    3.4801  -22.0656
eta,q 0.97533 15.00599
  0.0279  0.0276  0.0255  0.0291  0.0294  0.0271  0.0283  0.0285  0.0268  0.0272  0.0252  0.0264
  0.0262  0.0260  0.0250  0.0271  0.0274  0.0258  0.0265  0.0261  0.0256  0.0257  0.0249  0.0253
  0.0251  0.0250  0.0246  0.0256  0.0257  0.0250  0.0253  0.0250  0.0249  0.0249  0.0247  0.0248
  0.0246  0.0246  0.0246  0.0246  0.0246  0.0246  0.0247  0.0247  0.0247  0.0247  0.0247  0.0247
  0.0248  0.0247  0.0247  0.0241  0.0246  0.0242  0.0250  0.0251  0.0249  0.0249  0.0247  0.0249
  0.0258  0.0255  0.0251  0.0256  0.0269  0.0249  0.0263  0.0261  0.0256  0.0255  0.0249  0.0255
  0.0276  0.0268  0.0257  0.0306  0.0313  0.0282  0.0287  0.0279  0.0269  0.0266  0.0252  0.0264
niter,ni,del,rscale     4    3    5.0000    1.2000
parameters
   -0.5973   17.6099   -3.4735  -13.3552  -17.5560   -4.9441
    8.1057   -5.1088   -7.0769   20.0993    3.3019  -22.2248
eta,q 0.97527 14.99021
  0.0279  0.0274  0.0256  0.0291  0.0295  0.0271  0.0283  0.0284  0.0268  0.0271  0.0252  0.0264
  0.0262  0.0259  0.0250  0.0271  0.0275  0.0258  0.0266  0.0261  0.0257  0.0257  0.0249  0.0254
  0.0251  0.0250  0.0247  0.0257  0.0258  0.0251  0.0253  0.0251  0.0250  0.0250  0.0248  0.0249
  0.0247  0.0247  0.0246  0.0247  0.0247  0.0247  0.0247  0.0247  0.0247  0.0247  0.0247  0.0247
  0.0249  0.0249  0.0248  0.0242  0.0247  0.0243  0.0250  0.0251  0.0249  0.0249  0.0248  0.0249
  0.0259  0.0256  0.0251  0.0257  0.0268  0.0250  0.0264  0.0262  0.0256  0.0256  0.0250  0.0256
  0.0277  0.0269  0.0257  0.0306  0.0311  0.0282  0.0287  0.0280  0.0269  0.0266  0.0252  0.0265
niter,ni,del,rscale     3    3    5.0000    1.2000
parameters
   -0.5547   17.6995   -3.5502  -13.3736  -17.7249   -5.0560
    8.0516   -5.0140   -7.0335   20.3516    3.1240  -22.3334
eta,q 0.97521 14.97527
  0.0279  0.0274  0.0257  0.0291  0.0295  0.0272  0.0283  0.0284  0.0268  0.0270  0.0253  0.0265
  0.0262  0.0259  0.0251  0.0271  0.0275  0.0258  0.0266  0.0262  0.0258  0.0257  0.0250  0.0254
  0.0252  0.0251  0.0248  0.0257  0.0259  0.0251  0.0254  0.0251  0.0251  0.0250  0.0248  0.0249
  0.0247  0.0247  0.0247  0.0247  0.0247  0.0248  0.0248  0.0248  0.0248  0.0248  0.0248  0.0248
  0.0250  0.0249  0.0248  0.0242  0.0247  0.0244  0.0251  0.0252  0.0250  0.0250  0.0249  0.0250
  0.0260  0.0257  0.0252  0.0257  0.0267  0.0250  0.0264  0.0263  0.0256  0.0256  0.0250  0.0256
  0.0277  0.0270  0.0258  0.0306  0.0310  0.0282  0.0287  0.0281  0.0268  0.0266  0.0253  0.0265
niter,ni,del,rscale     2    3    5.0000    1.2000
parameters
   -0.5188   17.7811   -3.6240  -13.3972  -17.8868   -5.1745
    7.9901   -4.9248   -6.9864   20.5997    2.9162  -22.4251
eta,q 0.97515 14.95949
  0.0279  0.0274  0.0257  0.0291  0.0294  0.0272  0.0283  0.0285  0.0268  0.0270  0.0253  0.0265
  0.0263  0.0260  0.0252  0.0272  0.0275  0.0259  0.0266  0.0262  0.0258  0.0257  0.0250  0.0255
  0.0252  0.0251  0.0249  0.0258  0.0259  0.0252  0.0254  0.0252  0.0251  0.0251  0.0249  0.0250
  0.0248  0.0248  0.0248  0.0248  0.0248  0.0248  0.0248  0.0249  0.0249  0.0249  0.0249  0.0248
  0.0251  0.0250  0.0249  0.0243  0.0248  0.0245  0.0251  0.0253  0.0250  0.0251  0.0249  0.0250
  0.0261  0.0258  0.0253  0.0258  0.0267  0.0251  0.0264  0.0263  0.0257  0.0257  0.0251  0.0256
  0.0278  0.0270  0.0258  0.0307  0.0309  0.0282  0.0287  0.0281  0.0269  0.0266  0.0253  0.0265
niter,ni,del,rscale     1    3    5.0000    1.2000
parameters
   -0.4811   17.8646   -3.6993  -13.4226  -18.0548   -5.3080
    7.9257   -4.8335   -6.9388   20.8681    2.7185  -22.5068
eta,q 0.97509 14.94206
  0.0279  0.0274  0.0258  0.0291  0.0294  0.0272  0.0283  0.0285  0.0268  0.0270  0.0254  0.0265
  0.0263  0.0260  0.0252  0.0272  0.0275  0.0259  0.0267  0.0263  0.0259  0.0258  0.0251  0.0256
  0.0253  0.0252  0.0249  0.0258  0.0259  0.0252  0.0255  0.0252  0.0252  0.0251  0.0249  0.0251
  0.0249  0.0248  0.0248  0.0248  0.0249  0.0249  0.0249  0.0249  0.0249  0.0249  0.0249  0.0249
  0.0251  0.0251  0.0250  0.0244  0.0248  0.0245  0.0252  0.0253  0.0251  0.0251  0.0250  0.0251
  0.0261  0.0258  0.0253  0.0258  0.0267  0.0251  0.0265  0.0264  0.0257  0.0257  0.0252  0.0257
  0.0278  0.0271  0.0259  0.0306  0.0309  0.0282  0.0288  0.0281  0.0269  0.0266  0.0254  0.0265
registration optimization eta report
parameter search radius
    2.4000    2.4000    2.4000    9.5220    9.5220    8.2800
    8.2800    7.2000    7.2000    7.2000    7.2000    9.5220
100000*second partial in parameter space
       53.       41.       17.        6.        6.        4.
        5.        7.        4.        4.        1.        2.
  0.0279  0.0274  0.0258  0.0291  0.0294  0.0272  0.0283  0.0285  0.0268  0.0270  0.0254  0.0265
  0.0263  0.0260  0.0252  0.0272  0.0275  0.0259  0.0267  0.0263  0.0259  0.0258  0.0251  0.0256
  0.0253  0.0252  0.0249  0.0258  0.0259  0.0252  0.0255  0.0252  0.0252  0.0251  0.0249  0.0251
  0.0249  0.0248  0.0248  0.0248  0.0249  0.0249  0.0249  0.0249  0.0249  0.0249  0.0249  0.0249
  0.0251  0.0251  0.0250  0.0244  0.0248  0.0245  0.0252  0.0253  0.0251  0.0251  0.0250  0.0251
  0.0261  0.0258  0.0253  0.0258  0.0267  0.0251  0.0265  0.0264  0.0257  0.0257  0.0252  0.0257
  0.0278  0.0271  0.0259  0.0306  0.0309  0.0282  0.0288  0.0281  0.0269  0.0266  0.0254  0.0265
   -0.4811   17.8646   -3.6993  -13.4226  -18.0548   -5.3080
    7.9257   -4.8335   -6.9388   20.8681    2.7185  -22.5068
eta,q 0.97509 14.94206

---------------------------------------------------------------------
imgreg_4dfp /opt/freesurfer/average/711-2C_as_mni_average_305 /opt/freesurfer/average/711-2B_as_mni_average_305_mask talsrcimg_g11 none talsrcimg_to_711-2C_as_mni_average_305_t4 2311
---------------------------------------------------------------------

freesurfer imgreg_4dfp.c
/opt/freesurfer/average/711-2C_as_mni_average_305.4dfp.img
       256       256       256         1
  1.000000  1.000000  1.000000
orientation T byte_order littleendian
Reading image: /opt/freesurfer/average/711-2C_as_mni_average_305.4dfp.img
dimensions:      256       256       256
mmppix:       1.0000   -1.0000   -1.0000
center:     128.0000 -129.0000 -129.0000
/opt/freesurfer/average/711-2B_as_mni_average_305_mask.4dfp.img
       256       256       256         1
  1.000000  1.000000  1.000000
orientation T byte_order littleendian
Reading mask: /opt/freesurfer/average/711-2B_as_mni_average_305_mask.4dfp.img (2306576 pixels)
talsrcimg_g11.4dfp.img
       256       256       256         1
  1.000000  1.000000  1.000000
orientation T byte_order littleendian
Reading image: talsrcimg_g11.4dfp.img
dimensions:      256       256       256
mmppix:       1.0000   -1.0000   -1.0000
center:     128.0000 -129.0000 -129.0000
fimgreg.f
image alignment mode   2311 decimal      907 hex
parameters
   -0.4811   17.8646   -3.6993  -13.4226  -18.0548   -5.3080
    7.9257   -4.8335   -6.9388   20.8681    2.7185  -22.5068
eta,q 0.97509 14.94207
niter,ni,del,rscale     5    3    5.0000    0.8000
parameter  4 -0.578309 -> -0.500000 qaram    1.1500
parameter  6 -0.527665 -> -0.500000 qaram    1.1500
parameters
   -0.4106   17.9468   -3.8025  -10.6626  -17.3173   -2.5480
    7.0393   -4.2899   -7.4211   21.4118    3.0250  -22.8566
eta,q 0.97625 15.35122
  0.0264  0.0261  0.0253  0.0265  0.0263  0.0252  0.0250  0.0271  0.0247  0.0251  0.0243  0.0243
  0.0256  0.0254  0.0250  0.0259  0.0255  0.0248  0.0243  0.0253  0.0241  0.0243  0.0241  0.0239
  0.0251  0.0251  0.0249  0.0253  0.0249  0.0246  0.0239  0.0243  0.0238  0.0239  0.0239  0.0238
  0.0249  0.0249  0.0249  0.0249  0.0244  0.0243  0.0239  0.0238  0.0238  0.0238  0.0238  0.0238
  0.0250  0.0250  0.0250  0.0245  0.0243  0.0240  0.0243  0.0239  0.0240  0.0238  0.0238  0.0239
  0.0254  0.0253  0.0251  0.0244  0.0247  0.0239  0.0252  0.0246  0.0244  0.0241  0.0239  0.0241
  0.0262  0.0259  0.0254  0.0248  0.0256  0.0243  0.0264  0.0259  0.0252  0.0245  0.0242  0.0244
niter,ni,del,rscale     6    3    5.0000    0.9000
parameters
   -0.5916   17.7662   -3.3054  -11.6016  -16.8758   -3.6971
    7.8552   -4.7640   -7.4436   20.4826    4.2782  -22.5531
eta,q 0.97608 15.25110
  0.0256  0.0250  0.0253  0.0257  0.0260  0.0252  0.0265  0.0259  0.0253  0.0248  0.0244  0.0246
  0.0245  0.0242  0.0246  0.0250  0.0251  0.0248  0.0254  0.0247  0.0246  0.0242  0.0242  0.0242
  0.0239  0.0238  0.0240  0.0243  0.0244  0.0243  0.0246  0.0241  0.0242  0.0240  0.0240  0.0240
  0.0238  0.0237  0.0237  0.0237  0.0239  0.0238  0.0241  0.0240  0.0240  0.0240  0.0239  0.0239
  0.0242  0.0240  0.0237  0.0239  0.0238  0.0240  0.0241  0.0244  0.0241  0.0243  0.0239  0.0240
  0.0251  0.0246  0.0238  0.0255  0.0244  0.0252  0.0245  0.0252  0.0246  0.0248  0.0240  0.0241
  0.0266  0.0256  0.0242  0.0290  0.0257  0.0288  0.0255  0.0267  0.0253  0.0256  0.0241  0.0245
niter,ni,del,rscale     5    3    5.0000    0.8000
parameters
   -0.6845   17.5954   -3.4828  -11.5313  -16.4586   -3.6239
    7.9850   -4.9997   -7.6529   20.0984    4.2717  -22.4863
eta,q 0.97622 15.27848
  0.0254  0.0249  0.0243  0.0257  0.0257  0.0251  0.0256  0.0255  0.0248  0.0247  0.0241  0.0243
  0.0245  0.0243  0.0240  0.0251  0.0250  0.0246  0.0247  0.0245  0.0242  0.0241  0.0239  0.0240
  0.0240  0.0240  0.0239  0.0245  0.0243  0.0243  0.0241  0.0240  0.0239  0.0238  0.0238  0.0238
  0.0239  0.0239  0.0239  0.0239  0.0239  0.0238  0.0238  0.0238  0.0238  0.0238  0.0238  0.0238
  0.0242  0.0241  0.0240  0.0237  0.0238  0.0235  0.0239  0.0240  0.0240  0.0240  0.0238  0.0238
  0.0248  0.0246  0.0242  0.0244  0.0243  0.0241  0.0245  0.0247  0.0244  0.0244  0.0239  0.0240
  0.0257  0.0254  0.0245  0.0263  0.0254  0.0256  0.0254  0.0259  0.0250  0.0250  0.0241  0.0243
niter,ni,del,rscale     4    3    5.0000    0.7000
parameters
   -0.7427   17.4544   -3.4268  -11.2763  -16.1967   -3.1395
    8.0482   -5.0709   -7.7446   19.9230    4.3343  -22.2850
eta,q 0.97646 15.33187
  0.0250  0.0246  0.0242  0.0254  0.0252  0.0248  0.0250  0.0251  0.0244  0.0244  0.0238  0.0240
  0.0243  0.0241  0.0240  0.0248  0.0246  0.0244  0.0242  0.0242  0.0239  0.0239  0.0237  0.0237
  0.0239  0.0238  0.0238  0.0243  0.0240  0.0241  0.0237  0.0237  0.0236  0.0236  0.0236  0.0236
  0.0238  0.0238  0.0238  0.0238  0.0237  0.0237  0.0236  0.0236  0.0236  0.0236  0.0235  0.0235
  0.0240  0.0239  0.0238  0.0236  0.0237  0.0234  0.0237  0.0237  0.0237  0.0237  0.0236  0.0236
  0.0244  0.0243  0.0239  0.0241  0.0242  0.0237  0.0242  0.0243  0.0240  0.0240  0.0236  0.0237
  0.0252  0.0250  0.0241  0.0255  0.0251  0.0248  0.0249  0.0253  0.0245  0.0245  0.0238  0.0239
niter,ni,del,rscale     3    3    5.0000    0.6000
parameters
   -0.8124   17.3591   -3.2887  -10.9938  -16.0170   -2.6943
    8.0990   -5.1550   -7.8107   19.7611    4.3327  -22.0665
eta,q 0.97665 15.37658
  0.0244  0.0242  0.0240  0.0249  0.0247  0.0245  0.0245  0.0246  0.0241  0.0240  0.0236  0.0238
  0.0239  0.0238  0.0238  0.0244  0.0242  0.0242  0.0239  0.0239  0.0237  0.0236  0.0235  0.0235
  0.0236  0.0236  0.0236  0.0239  0.0237  0.0239  0.0235  0.0235  0.0234  0.0234  0.0234  0.0234
  0.0235  0.0235  0.0235  0.0235  0.0235  0.0235  0.0234  0.0234  0.0234  0.0234  0.0234  0.0234
  0.0237  0.0237  0.0236  0.0234  0.0235  0.0233  0.0235  0.0235  0.0235  0.0235  0.0234  0.0234
  0.0241  0.0240  0.0236  0.0238  0.0239  0.0236  0.0238  0.0239  0.0237  0.0237  0.0234  0.0235
  0.0247  0.0244  0.0238  0.0249  0.0246  0.0244  0.0245  0.0247  0.0241  0.0241  0.0236  0.0236
niter,ni,del,rscale     2    3    5.0000    0.5000
parameters
   -0.8803   17.2828   -3.1342  -10.7565  -15.8733   -2.2751
    8.1299   -5.2360   -7.8558   19.6173    4.3053  -21.8116
eta,q 0.97680 15.41348
  0.0240  0.0238  0.0237  0.0245  0.0242  0.0242  0.0240  0.0241  0.0237  0.0237  0.0234  0.0235
  0.0236  0.0235  0.0235  0.0240  0.0238  0.0239  0.0236  0.0236  0.0234  0.0234  0.0233  0.0233
  0.0234  0.0234  0.0234  0.0236  0.0235  0.0236  0.0233  0.0233  0.0233  0.0232  0.0232  0.0232
  0.0233  0.0233  0.0233  0.0233  0.0233  0.0233  0.0232  0.0232  0.0232  0.0232  0.0232  0.0232
  0.0235  0.0234  0.0234  0.0233  0.0233  0.0232  0.0233  0.0233  0.0233  0.0233  0.0232  0.0232
  0.0237  0.0236  0.0234  0.0236  0.0236  0.0234  0.0236  0.0237  0.0235  0.0235  0.0233  0.0233
  0.0242  0.0240  0.0235  0.0244  0.0241  0.0241  0.0240  0.0243  0.0237  0.0238  0.0234  0.0234
niter,ni,del,rscale     1    3    5.0000    0.4000
parameters
   -0.9432   17.2193   -2.9823  -10.5555  -15.7568   -1.9135
    8.1455   -5.3185   -7.8821   19.4795    4.2729  -21.5731
eta,q 0.97689 15.44229
  0.0236  0.0235  0.0235  0.0240  0.0238  0.0239  0.0237  0.0237  0.0235  0.0234  0.0232  0.0233
  0.0234  0.0233  0.0233  0.0237  0.0235  0.0237  0.0234  0.0234  0.0233  0.0232  0.0232  0.0232
  0.0232  0.0232  0.0233  0.0234  0.0233  0.0234  0.0232  0.0232  0.0231  0.0231  0.0231  0.0231
  0.0232  0.0232  0.0232  0.0232  0.0232  0.0232  0.0231  0.0231  0.0231  0.0231  0.0231  0.0231
  0.0233  0.0233  0.0232  0.0232  0.0232  0.0231  0.0232  0.0232  0.0232  0.0232  0.0231  0.0231
  0.0235  0.0234  0.0232  0.0234  0.0234  0.0233  0.0234  0.0234  0.0233  0.0233  0.0232  0.0232
  0.0238  0.0236  0.0233  0.0239  0.0237  0.0238  0.0237  0.0238  0.0235  0.0235  0.0233  0.0232
registration optimization eta report
parameter search radius
    0.8000    0.8000    0.8000    2.7600    2.4000    2.7600
    2.4000    2.4000    2.4000    2.4000    2.4000    2.4000
100000*second partial in parameter space
       78.       57.       33.       10.       10.        9.
       10.       12.        6.        6.        2.        3.
  0.0236  0.0235  0.0235  0.0240  0.0238  0.0239  0.0237  0.0237  0.0235  0.0234  0.0232  0.0233
  0.0234  0.0233  0.0233  0.0237  0.0235  0.0237  0.0234  0.0234  0.0233  0.0232  0.0232  0.0232
  0.0232  0.0232  0.0233  0.0234  0.0233  0.0234  0.0232  0.0232  0.0231  0.0231  0.0231  0.0231
  0.0232  0.0232  0.0232  0.0232  0.0232  0.0232  0.0231  0.0231  0.0231  0.0231  0.0231  0.0231
  0.0233  0.0233  0.0232  0.0232  0.0232  0.0231  0.0232  0.0232  0.0232  0.0232  0.0231  0.0231
  0.0235  0.0234  0.0232  0.0234  0.0234  0.0233  0.0234  0.0234  0.0233  0.0233  0.0232  0.0232
  0.0238  0.0236  0.0233  0.0239  0.0237  0.0238  0.0237  0.0238  0.0235  0.0235  0.0233  0.0232
   -0.9432   17.2193   -2.9823  -10.5555  -15.7568   -1.9135
    8.1455   -5.3185   -7.8821   19.4795    4.2729  -21.5731
eta,q 0.97689 15.44229

---------------------------------------------------------------------
imgreg_4dfp /opt/freesurfer/average/711-2C_as_mni_average_305 /opt/freesurfer/average/711-2B_as_mni_average_305_mask talsrcimg_g11 none talsrcimg_to_711-2C_as_mni_average_305_t4 2311
---------------------------------------------------------------------

freesurfer imgreg_4dfp.c
/opt/freesurfer/average/711-2C_as_mni_average_305.4dfp.img
       256       256       256         1
  1.000000  1.000000  1.000000
orientation T byte_order littleendian
Reading image: /opt/freesurfer/average/711-2C_as_mni_average_305.4dfp.img
dimensions:      256       256       256
mmppix:       1.0000   -1.0000   -1.0000
center:     128.0000 -129.0000 -129.0000
/opt/freesurfer/average/711-2B_as_mni_average_305_mask.4dfp.img
       256       256       256         1
  1.000000  1.000000  1.000000
orientation T byte_order littleendian
Reading mask: /opt/freesurfer/average/711-2B_as_mni_average_305_mask.4dfp.img (2306576 pixels)
talsrcimg_g11.4dfp.img
       256       256       256         1
  1.000000  1.000000  1.000000
orientation T byte_order littleendian
Reading image: talsrcimg_g11.4dfp.img
dimensions:      256       256       256
mmppix:       1.0000   -1.0000   -1.0000
center:     128.0000 -129.0000 -129.0000
fimgreg.f
image alignment mode   2311 decimal      907 hex
parameters
   -0.9432   17.2193   -2.9823  -10.5555  -15.7568   -1.9135
    8.1455   -5.3185   -7.8821   19.4795    4.2729  -21.5731
eta,q 0.97689 15.44229
niter,ni,del,rscale     5    3    5.0000    0.8000
parameters
   -0.9915   17.1507   -2.8128  -11.1440  -15.9937   -2.4400
    8.2954   -5.4549   -7.7357   19.3577    4.4446  -21.5693
eta,q 0.97670 15.37672
  0.0250  0.0244  0.0242  0.0248  0.0249  0.0244  0.0252  0.0254  0.0246  0.0246  0.0237  0.0239
  0.0239  0.0237  0.0236  0.0241  0.0242  0.0241  0.0243  0.0242  0.0239  0.0238  0.0235  0.0235
  0.0233  0.0232  0.0233  0.0235  0.0235  0.0236  0.0236  0.0235  0.0235  0.0234  0.0234  0.0234
  0.0231  0.0231  0.0231  0.0231  0.0232  0.0232  0.0233  0.0233  0.0233  0.0233  0.0233  0.0233
  0.0234  0.0233  0.0232  0.0233  0.0233  0.0233  0.0235  0.0236  0.0234  0.0235  0.0233  0.0234
  0.0241  0.0238  0.0234  0.0244  0.0242  0.0241  0.0241  0.0243  0.0238  0.0240  0.0234  0.0236
  0.0253  0.0247  0.0238  0.0265  0.0256  0.0259  0.0251  0.0257  0.0245  0.0246  0.0237  0.0239
niter,ni,del,rscale     4    3    5.0000    0.7000
parameters
   -0.9644   17.2239   -2.9682  -11.0148  -15.9570   -2.3802
    8.1784   -5.4092   -7.7452   19.4389    4.3873  -21.7096
eta,q 0.97675 15.38925
  0.0248  0.0245  0.0237  0.0248  0.0248  0.0243  0.0247  0.0251  0.0242  0.0243  0.0236  0.0237
  0.0240  0.0239  0.0235  0.0242  0.0241  0.0240  0.0239  0.0240  0.0237  0.0237  0.0234  0.0234
  0.0235  0.0235  0.0233  0.0237  0.0236  0.0237  0.0234  0.0235  0.0234  0.0233  0.0233  0.0233
  0.0233  0.0233  0.0233  0.0233  0.0233  0.0233  0.0233  0.0233  0.0233  0.0233  0.0233  0.0233
  0.0234  0.0234  0.0234  0.0232  0.0233  0.0232  0.0234  0.0234  0.0234  0.0234  0.0233  0.0233
  0.0239  0.0237  0.0236  0.0237  0.0239  0.0236  0.0240  0.0240  0.0237  0.0237  0.0234  0.0235
  0.0247  0.0243  0.0240  0.0249  0.0249  0.0246  0.0249  0.0250  0.0242  0.0242  0.0236  0.0237
niter,ni,del,rscale     3    3    5.0000    0.6000
parameters
   -0.9532   17.2275   -2.9743  -10.8009  -15.8987   -2.1514
    8.1309   -5.3769   -7.7871   19.4773    4.3095  -21.6760
eta,q 0.97683 15.41400
  0.0243  0.0241  0.0237  0.0245  0.0244  0.0242  0.0243  0.0246  0.0239  0.0240  0.0234  0.0235
  0.0237  0.0236  0.0234  0.0240  0.0239  0.0239  0.0237  0.0238  0.0235  0.0235  0.0233  0.0233
  0.0234  0.0233  0.0233  0.0236  0.0234  0.0236  0.0233  0.0233  0.0232  0.0232  0.0232  0.0232
  0.0233  0.0233  0.0233  0.0233  0.0232  0.0232  0.0232  0.0232  0.0232  0.0232  0.0232  0.0232
  0.0234  0.0233  0.0233  0.0232  0.0233  0.0231  0.0233  0.0233  0.0233  0.0233  0.0232  0.0232
  0.0237  0.0236  0.0235  0.0236  0.0237  0.0235  0.0237  0.0237  0.0235  0.0235  0.0233  0.0233
  0.0243  0.0241  0.0237  0.0244  0.0245  0.0242  0.0244  0.0246  0.0239  0.0239  0.0235  0.0235
niter,ni,del,rscale     2    3    5.0000    0.5000
parameters
   -0.9721   17.2097   -2.9143  -10.6119  -15.8206   -1.8999
    8.1262   -5.3790   -7.8315   19.4337    4.2529  -21.5446
eta,q 0.97689 15.43670
  0.0239  0.0237  0.0235  0.0241  0.0240  0.0240  0.0239  0.0241  0.0236  0.0237  0.0233  0.0234
  0.0235  0.0234  0.0233  0.0237  0.0236  0.0237  0.0235  0.0236  0.0233  0.0233  0.0232  0.0232
  0.0233  0.0232  0.0232  0.0234  0.0233  0.0234  0.0232  0.0232  0.0232  0.0231  0.0231  0.0231
  0.0232  0.0232  0.0232  0.0232  0.0232  0.0231  0.0231  0.0231  0.0231  0.0231  0.0231  0.0231
  0.0233  0.0232  0.0232  0.0232  0.0232  0.0231  0.0232  0.0232  0.0232  0.0232  0.0231  0.0231
  0.0235  0.0234  0.0233  0.0234  0.0235  0.0234  0.0235  0.0236  0.0234  0.0234  0.0232  0.0232
  0.0240  0.0238  0.0235  0.0241  0.0240  0.0239  0.0240  0.0241  0.0237  0.0237  0.0233  0.0233
niter,ni,del,rscale     1    3    5.0000    0.4000
parameters
   -1.0010   17.1768   -2.8244  -10.4603  -15.7387   -1.6637
    8.1332   -5.4108   -7.8733   19.3480    4.2254  -21.3766
eta,q 0.97694 15.45549
  0.0236  0.0234  0.0234  0.0238  0.0237  0.0238  0.0236  0.0237  0.0234  0.0234  0.0232  0.0233
  0.0233  0.0233  0.0232  0.0235  0.0234  0.0235  0.0233  0.0234  0.0232  0.0232  0.0231  0.0232
  0.0232  0.0231  0.0231  0.0232  0.0232  0.0233  0.0231  0.0231  0.0231  0.0231  0.0231  0.0231
  0.0231  0.0231  0.0231  0.0231  0.0231  0.0231  0.0231  0.0231  0.0231  0.0231  0.0231  0.0231
  0.0232  0.0232  0.0231  0.0231  0.0231  0.0231  0.0231  0.0232  0.0231  0.0231  0.0231  0.0231
  0.0234  0.0233  0.0232  0.0233  0.0233  0.0233  0.0233  0.0234  0.0232  0.0233  0.0231  0.0231
  0.0237  0.0235  0.0233  0.0237  0.0237  0.0236  0.0236  0.0238  0.0234  0.0234  0.0232  0.0232
registration optimization eta report
parameter search radius
    0.8000    0.8000    0.8000    2.4000    2.4000    2.4000
    2.4000    2.4000    2.4000    2.4000    2.4000    2.4000
100000*second partial in parameter space
       81.       58.       35.       11.       10.       10.
       10.       12.        6.        6.        2.        3.
  0.0236  0.0234  0.0234  0.0238  0.0237  0.0238  0.0236  0.0237  0.0234  0.0234  0.0232  0.0233
  0.0233  0.0233  0.0232  0.0235  0.0234  0.0235  0.0233  0.0234  0.0232  0.0232  0.0231  0.0232
  0.0232  0.0231  0.0231  0.0232  0.0232  0.0233  0.0231  0.0231  0.0231  0.0231  0.0231  0.0231
  0.0231  0.0231  0.0231  0.0231  0.0231  0.0231  0.0231  0.0231  0.0231  0.0231  0.0231  0.0231
  0.0232  0.0232  0.0231  0.0231  0.0231  0.0231  0.0231  0.0232  0.0231  0.0231  0.0231  0.0231
  0.0234  0.0233  0.0232  0.0233  0.0233  0.0233  0.0233  0.0234  0.0232  0.0233  0.0231  0.0231
  0.0237  0.0235  0.0233  0.0237  0.0237  0.0236  0.0236  0.0238  0.0234  0.0234  0.0232  0.0232
   -1.0010   17.1768   -2.8244  -10.4603  -15.7387   -1.6637
    8.1332   -5.4108   -7.8733   19.3480    4.2254  -21.3766
eta,q 0.97694 15.45549

---------------------------------------------------------------------
compute_vox2vox talsrcimg talsrcimg_to_711-2C_as_mni_average_305_t4 /opt/freesurfer/average/711-2C_as_mni_average_305
---------------------------------------------------------------------

freesurfer compute_vox2vox.c
Reading: talsrcimg.4dfp.ifh
Reading: talsrcimg_to_711-2C_as_mni_average_305_t4
Reading: /opt/freesurfer/average/711-2C_as_mni_average_305.4dfp.ifh
Writing: talsrcimg_to_711-2C_as_mni_average_305_t4_vox2vox.txt

start time Mon Mar 9 14:16:01 CET 2026
end		time Mon Mar 9 14:16:16 CET 2026

mpr2mni305 success

avi2talxfm orig_nu.mgz /opt/freesurfer/average/mni305.cor.mgz talsrcimg_to_711-2C_as_mni_average_305_t4_vox2vox.txt transforms/talairach.auto.xfm
avi2talxfm done
mv -f /out/sourcedata/freesurfer/sub-v1s22x0050481_ses-1/mri/talsrcimg_to_711-2C_as_mni_average_305_t4_vox2vox.txt /out/sourcedata/freesurfer/sub-v1s22x0050481_ses-1/mri/transforms/talsrcimg_to_711-2C_as_mni_average_305_t4_vox2vox.txt
lta_convert --src orig_nu.mgz --trg /opt/freesurfer/average/mni305.cor.mgz --inxfm transforms/talairach.auto.xfm --outlta transforms/talairach.auto.xfm.lta --subject fsaverage
7.3.2

--src: orig_nu.mgz src image (geometry).
--trg: /opt/freesurfer/average/mni305.cor.mgz trg image (geometry).
--inmni: transforms/talairach.auto.xfm input MNI/XFM transform.
--outlta: transforms/talairach.auto.xfm.lta output LTA.
--s: fsaverage subject name
 LTA read, type : 1
 1.10550   0.07793  -0.08694  -3.55859;
-0.02386   0.96689   0.24760  -43.37355;
 0.10877  -0.21473   1.12181  -12.44119;
 0.00000   0.00000   0.00000   1.00000;
setting subject to fsaverage
Writing  LTA to file transforms/talairach.auto.xfm.lta...
lta_convert successful.
 
 
Started at Mon Mar 9 14:16:01 CET 2026
Ended   at Mon Mar  9 14:16:16 CET 2026
talairach_avi done
