/out/sourcedata/freesurfer/sub-v1s22x0050524_ses-1/mri
/opt/freesurfer/bin/talairach_avi
--i orig_nu.mgz --xfm transforms/talairach.auto.xfm
talairach_avi 7.3.2
Linux dna050 5.14.0-427.37.1.el9_4.x86_64 #1 SMP PREEMPT_DYNAMIC Fri Sep 13 12:41:50 EDT 2024 x86_64 x86_64 x86_64 GNU/Linux
Mon Mar  9 16:36:08 CET 2026
mri_convert orig_nu.mgz talsrcimg.img 
reading from orig_nu.mgz...
TR=0.00, TE=0.00, TI=0.00, flip angle=0.00
i_ras = (-1, 3.06682e-09, 0)
j_ras = (0, 1.16415e-10, -1)
k_ras = (6.54836e-10, 1, -1.16415e-10)
writing to talsrcimg.img...
Analyze Output Matrix
-1.00000   0.00000   0.00000   129.59509;
 0.00000   0.00000   1.00000  -88.35215;
 0.00000  -1.00000  -0.00000   117.81358;
 0.00000   0.00000   0.00000   1.00000;
--------------------
INFO: set hdr.hist.orient to -1
mpr2mni305 talsrcimg
Mon Mar  9 16:36:09 CET 2026
/opt/freesurfer/bin/mpr2mni305 talsrcimg
mpr2mni305 7.3.2
target=711-2C_as_mni_average_305

---------------------------------------------------------------------
analyzeto4dfp talsrcimg -O0 -y
---------------------------------------------------------------------

freesurfer ifh2hdr.c
Mon Mar  9 16:36:09 2026
Writing: talsrcimg.4dfp.hdr
freesurfer analyzeto4dfp.c
Reading: talsrcimg.hdr
header size 348 bytes
hdr.dime.datatype	offset=70	value=2
hdr.dime.bitpix		offset=72	value=8
hdr.hist.orient		offset=252	value=-1
dimensionality     4
dimensions       256       256       256         1
Reading: talsrcimg.img
Writing: talsrcimg.4dfp.img
Writing: talsrcimg.4dfp.ifh
ifh2hdr talsrcimg -r0to233
ori=2

---------------------------------------------------------------------
gauss_4dfp talsrcimg 1.1
---------------------------------------------------------------------

freesurfer gauss_4dfp.c
Reading: talsrcimg.4dfp.img
Writing: talsrcimg_g11.4dfp.img
image dimensions 256 256 256 padded to 288 288 288
processing volume 1freesurfer ifh2hdr.c
Mon Mar  9 16:36:10 2026
Writing: talsrcimg_g11.4dfp.hdr

Writing: talsrcimg_g11.4dfp.ifh
including: talsrcimg.4dfp.img.rec in talsrcimg_g11.4dfp.img.rec

---------------------------------------------------------------------
imgreg_4dfp /opt/freesurfer/average/711-2C_as_mni_average_305 none talsrcimg_g11 none talsrcimg_to_711-2C_as_mni_average_305_t4 4355
---------------------------------------------------------------------

freesurfer imgreg_4dfp.c
/opt/freesurfer/average/711-2C_as_mni_average_305.4dfp.img
       256       256       256         1
  1.000000  1.000000  1.000000
orientation T byte_order littleendian
Reading image: /opt/freesurfer/average/711-2C_as_mni_average_305.4dfp.img
dimensions:      256       256       256
mmppix:       1.0000   -1.0000   -1.0000
center:     128.0000 -129.0000 -129.0000
talsrcimg_g11.4dfp.img
       256       256       256         1
  1.000000  1.000000  1.000000
orientation T byte_order littleendian
Reading image: talsrcimg_g11.4dfp.img
dimensions:      256       256       256
mmppix:       1.0000   -1.0000   -1.0000
center:     128.0000 -129.0000 -129.0000
t4_read: open error in t4_sub.f l:  41 t4_file(1:l)talsrcimg_to_711-2C_as_mni_average_305_t4 
t4_read: transform initialized to I4
rotation matrix determinant  1.000000
image alignment mode   4355 decimal     1103 hex
   -7.5000  -45.0000  -45.0000 5326.6177   17.7602
    0.0000  -45.0000  -45.0000 5545.0996   17.7607
    7.5000  -45.0000  -45.0000 5319.9702   17.7906
   -7.5000  -37.5000  -45.0000 5890.1885   17.1687
    0.0000  -37.5000  -45.0000 6152.5581   17.1707
    7.5000  -37.5000  -45.0000 5905.9302   17.1906
   -7.5000  -30.0000  -45.0000 6721.9404   16.7273
    0.0000  -30.0000  -45.0000 7043.1338   16.7342
    7.5000  -30.0000  -45.0000 6761.9214   16.7566
   -7.5000  -22.5000  -45.0000 7605.9443   16.4176
    0.0000  -22.5000  -45.0000 7979.3579   16.4269
    7.5000  -22.5000  -45.0000 7641.3105   16.4618
   -7.5000  -15.0000  -45.0000 8565.6025   16.2908
    0.0000  -15.0000  -45.0000 8971.7910   16.2991
    7.5000  -15.0000  -45.0000 8599.5898   16.3431
   -7.5000   -7.5000  -45.0000 9587.0654   16.2458
    0.0000   -7.5000  -45.000010050.3623   16.2488
    7.5000   -7.5000  -45.0000 9611.0771   16.2877
   -7.5000    0.0000  -45.000010539.9658   16.2508
    0.0000    0.0000  -45.000011038.6709   16.2509
    7.5000    0.0000  -45.000010528.3662   16.2772
   -7.5000    7.5000  -45.000010622.8828   16.2473
    0.0000    7.5000  -45.000011125.0703   16.2500
    7.5000    7.5000  -45.000010578.9209   16.2680
   -7.5000   15.0000  -45.000010532.2363   16.2328
    0.0000   15.0000  -45.000011037.5762   16.2392
    7.5000   15.0000  -45.000010518.1943   16.2600
   -7.5000   22.5000  -45.000010379.4414   16.2195
    0.0000   22.5000  -45.000010852.9082   16.2283
    7.5000   22.5000  -45.000010364.4365   16.2621
   -7.5000   30.0000  -45.000010142.3652   16.0104
    0.0000   30.0000  -45.000010611.4365   16.0183
    7.5000   30.0000  -45.000010127.8096   16.0613
   -7.5000   37.5000  -45.000010311.7324   16.0231
    0.0000   37.5000  -45.000010783.5869   16.0260
    7.5000   37.5000  -45.000010286.9785   16.0642
   -7.5000   45.0000  -45.000010117.5928   15.6271
    0.0000   45.0000  -45.000010567.5986   15.6272
    7.5000   45.0000  -45.000010049.9199   15.6525
   -7.5000  -45.0000  -37.5000 5696.8735   17.5408
    0.0000  -45.0000  -37.5000 5934.4272   17.5448
    7.5000  -45.0000  -37.5000 5704.9297   17.5741
   -7.5000  -37.5000  -37.5000 6294.6743   16.9543
    0.0000  -37.5000  -37.5000 6569.5508   16.9625
    7.5000  -37.5000  -37.5000 6314.1562   16.9812
   -7.5000  -30.0000  -37.5000 7181.5742   16.5206
    0.0000  -30.0000  -37.5000 7517.7832   16.5350
    7.5000  -30.0000  -37.5000 7214.4438   16.5535
   -7.5000  -22.5000  -37.5000 8159.7778   16.2209
    0.0000  -22.5000  -37.5000 8543.5801   16.2353
    7.5000  -22.5000  -37.5000 8180.7778   16.2651
   -7.5000  -15.0000  -37.5000 9203.3203   16.0964
    0.0000  -15.0000  -37.5000 9646.7393   16.1068
    7.5000  -15.0000  -37.5000 9224.1387   16.1469
   -7.5000   -7.5000  -37.500010306.0479   16.0484
    0.0000   -7.5000  -37.500010798.1582   16.0525
    7.5000   -7.5000  -37.500010288.7939   16.0895
   -7.5000    0.0000  -37.500011311.8076   16.0481
    0.0000    0.0000  -37.500011842.2051   16.0507
    7.5000    0.0000  -37.500011248.1514   16.0764
   -7.5000    7.5000  -37.500011390.2090   16.0422
    0.0000    7.5000  -37.500011895.3730   16.0505
    7.5000    7.5000  -37.500011273.8330   16.0675
   -7.5000   15.0000  -37.500011297.0957   16.0319
    0.0000   15.0000  -37.500011817.9189   16.0452
    7.5000   15.0000  -37.500011209.0352   16.0625
   -7.5000   22.5000  -37.500011107.4717   16.0251
    0.0000   22.5000  -37.500011621.4775   16.0389
    7.5000   22.5000  -37.500011024.8203   16.0677
   -7.5000   30.0000  -37.500010827.5771   15.8199
    0.0000   30.0000  -37.500011335.3535   15.8300
    7.5000   30.0000  -37.500010749.0928   15.8691
   -7.5000   37.5000  -37.500010969.5029   15.8286
    0.0000   37.5000  -37.500011493.9541   15.8325
    7.5000   37.5000  -37.500010882.5361   15.8689
   -7.5000   45.0000  -37.500010720.9600   15.4322
    0.0000   45.0000  -37.500011220.9287   15.4347
    7.5000   45.0000  -37.500010607.9824   15.4594
   -7.5000  -45.0000  -30.0000 6189.4370   18.2030
    0.0000  -45.0000  -30.0000 6456.2783   18.2036
    7.5000  -45.0000  -30.0000 6201.3188   18.2348
   -7.5000  -37.5000  -30.0000 6847.2192   17.5843
    0.0000  -37.5000  -30.0000 7147.4663   17.5937
    7.5000  -37.5000  -30.0000 6849.6626   17.6170
   -7.5000  -30.0000  -30.0000 7836.8179   17.1335
    0.0000  -30.0000  -30.0000 8196.2959   17.1515
    7.5000  -30.0000  -30.0000 7843.1177   17.1731
   -7.5000  -22.5000  -30.0000 8921.2930   16.8291
    0.0000  -22.5000  -30.0000 9342.8740   16.8460
    7.5000  -22.5000  -30.0000 8913.4883   16.8755
   -7.5000  -15.0000  -30.000010050.5205   16.7037
    0.0000  -15.0000  -30.000010546.7695   16.7132
    7.5000  -15.0000  -30.000010057.2637   16.7505
   -7.5000   -7.5000  -30.000011226.8213   16.6505
    0.0000   -7.5000  -30.000011763.9824   16.6507
    7.5000   -7.5000  -30.000011188.8018   16.6858
   -7.5000    0.0000  -30.000012280.0303   16.6424
    0.0000    0.0000  -30.000012858.3750   16.6418
    7.5000    0.0000  -30.000012215.0303   16.6689
   -7.5000    7.5000  -30.000012363.4902   16.6323
    0.0000    7.5000  -30.000012915.1680   16.6414
    7.5000    7.5000  -30.000012254.1348   16.6624
   -7.5000   15.0000  -30.000012299.8408   16.6252
    0.0000   15.0000  -30.000012857.7090   16.6420
    7.5000   15.0000  -30.000012182.9521   16.6623
   -7.5000   22.5000  -30.000012080.8369   16.6241
    0.0000   22.5000  -30.000012629.9004   16.6402
    7.5000   22.5000  -30.000011937.5215   16.6688
   -7.5000   30.0000  -30.000011733.4922   16.4187
    0.0000   30.0000  -30.000012284.3447   16.4277
    7.5000   30.0000  -30.000011605.0420   16.4642
   -7.5000   37.5000  -30.000011831.8613   16.4242
    0.0000   37.5000  -30.000012392.5732   16.4242
    7.5000   37.5000  -30.000011696.3408   16.4587
   -7.5000   45.0000  -30.000011511.2139   16.0154
    0.0000   45.0000  -30.000012061.9443   16.0149
    7.5000   45.0000  -30.000011367.2324   16.0409
   -7.5000  -45.0000  -22.5000 6701.6084   18.8350
    0.0000  -45.0000  -22.5000 6997.5361   18.8248
    7.5000  -45.0000  -22.5000 6713.8208   18.8574
   -7.5000  -37.5000  -22.5000 7429.6836   18.1858
    0.0000  -37.5000  -22.5000 7764.4585   18.1857
    7.5000  -37.5000  -22.5000 7436.8638   18.2149
   -7.5000  -30.0000  -22.5000 8514.0088   17.7145
    0.0000  -30.0000  -22.5000 8890.3115   17.7250
    7.5000  -30.0000  -22.5000 8528.4043   17.7540
   -7.5000  -22.5000  -22.5000 9697.1406   17.4006
    0.0000  -22.5000  -22.500010136.6240   17.4120
    7.5000  -22.5000  -22.5000 9669.0283   17.4454
   -7.5000  -15.0000  -22.500010915.5557   17.2756
    0.0000  -15.0000  -22.500011409.7881   17.2799
    7.5000  -15.0000  -22.500010881.0547   17.3164
   -7.5000   -7.5000  -22.500012159.8613   17.2229
    0.0000   -7.5000  -22.500012711.1035   17.2160
    7.5000   -7.5000  -22.500012091.6982   17.2488
   -7.5000    0.0000  -22.500013295.2051   17.2120
    0.0000    0.0000  -22.500013925.5117   17.2028
    7.5000    0.0000  -22.500013237.2891   17.2305
   -7.5000    7.5000  -22.500013348.1406   17.1983
    0.0000    7.5000  -22.500013980.0088   17.1987
    7.5000    7.5000  -22.500013259.2305   17.2246
   -7.5000   15.0000  -22.500013284.3721   17.1889
    0.0000   15.0000  -22.500013897.9805   17.1985
    7.5000   15.0000  -22.500013163.7822   17.2256
   -7.5000   22.5000  -22.500013031.6641   17.1877
    0.0000   22.5000  -22.500013639.2910   17.1986
    7.5000   22.5000  -22.500012867.5342   17.2309
   -7.5000   30.0000  -22.500012658.4180   16.9835
    0.0000   30.0000  -22.500013245.6084   16.9874
    7.5000   30.0000  -22.500012507.2539   17.0230
   -7.5000   37.5000  -22.500012758.2275   16.9913
    0.0000   37.5000  -22.500013360.3643   16.9844
    7.5000   37.5000  -22.500012591.5508   17.0166
   -7.5000   45.0000  -22.500012347.5859   16.5760
    0.0000   45.0000  -22.500012958.1982   16.5671
    7.5000   45.0000  -22.500012183.1074   16.5939
   -7.5000  -45.0000  -15.0000 7200.9111   19.2942
    0.0000  -45.0000  -15.0000 7515.0044   19.2789
    7.5000  -45.0000  -15.0000 7205.2710   19.3134
   -7.5000  -37.5000  -15.0000 8009.2744   18.6310
    0.0000  -37.5000  -15.0000 8383.7646   18.6226
    7.5000  -37.5000  -15.0000 8027.1436   18.6539
   -7.5000  -30.0000  -15.0000 9198.7021   18.1456
    0.0000  -30.0000  -15.0000 9629.9346   18.1463
    7.5000  -30.0000  -15.0000 9219.8398   18.1790
   -7.5000  -22.5000  -15.000010468.5488   17.8182
    0.0000  -22.5000  -15.000010944.0127   17.8228
    7.5000  -22.5000  -15.000010423.3223   17.8605
   -7.5000  -15.0000  -15.000011762.9443   17.6897
    0.0000  -15.0000  -15.000012274.0859   17.6910
    7.5000  -15.0000  -15.000011709.9736   17.7305
   -7.5000   -7.5000  -15.000013091.9346   17.6388
    0.0000   -7.5000  -15.000013679.1582   17.6304
    7.5000   -7.5000  -15.000013007.3662   17.6650
   -7.5000    0.0000  -15.000014324.1895   17.6312
    0.0000    0.0000  -15.000014973.6982   17.6187
    7.5000    0.0000  -15.000014209.1982   17.6479
   -7.5000    7.5000  -15.000014369.4932   17.6193
    0.0000    7.5000  -15.000015022.9111   17.6125
    7.5000    7.5000  -15.000014231.1914   17.6401
   -7.5000   15.0000  -15.000014276.3223   17.6068
    0.0000   15.0000  -15.000014928.9648   17.6073
    7.5000   15.0000  -15.000014109.6045   17.6376
   -7.5000   22.5000  -15.000013970.3994   17.5998
    0.0000   22.5000  -15.000014639.5381   17.6039
    7.5000   22.5000  -15.000013772.6025   17.6404
   -7.5000   30.0000  -15.000013593.0361   17.3931
    0.0000   30.0000  -15.000014227.5527   17.3941
    7.5000   30.0000  -15.000013397.2676   17.4327
   -7.5000   37.5000  -15.000013710.5752   17.4040
    0.0000   37.5000  -15.000014376.2900   17.3956
    7.5000   37.5000  -15.000013503.0771   17.4295
   -7.5000   45.0000  -15.000013229.8389   16.9900
    0.0000   45.0000  -15.000013856.1455   16.9779
    7.5000   45.0000  -15.000013027.1309   17.0060
   -7.5000  -45.0000   -7.5000 7753.6743   19.5025
    0.0000  -45.0000   -7.5000 8094.9209   19.4939
    7.5000  -45.0000   -7.5000 7753.6245   19.5289
   -7.5000  -37.5000   -7.5000 8665.4492   18.8401
    0.0000  -37.5000   -7.5000 9050.3965   18.8340
    7.5000  -37.5000   -7.5000 8661.7061   18.8620
   -7.5000  -30.0000   -7.5000 9958.3350   18.3481
    0.0000  -30.0000   -7.500010388.0059   18.3483
    7.5000  -30.0000   -7.5000 9921.5254   18.3789
   -7.5000  -22.5000   -7.500011301.4258   18.0081
    0.0000  -22.5000   -7.500011767.7256   18.0129
    7.5000  -22.5000   -7.500011208.0586   18.0534
   -7.5000  -15.0000   -7.500012674.4688   17.8723
    0.0000  -15.0000   -7.500013209.2754   17.8768
    7.5000  -15.0000   -7.500012593.1631   17.9228
   -7.5000   -7.5000   -7.500014075.7021   17.8235
    0.0000   -7.5000   -7.500014676.9639   17.8211
    7.5000   -7.5000   -7.500013947.4375   17.8612
   -7.5000    0.0000   -7.500015378.7217   17.8244
    0.0000    0.0000   -7.500016034.7959   17.8176
    7.5000    0.0000   -7.500015224.7227   17.8478
   -7.5000    7.5000   -7.500015464.7773   17.8180
    0.0000    7.5000   -7.500016126.8418   17.8137
    7.5000    7.5000   -7.500015286.9902   17.8385
   -7.5000   15.0000   -7.500015357.7637   17.8029
    0.0000   15.0000   -7.500016018.1230   17.8031
    7.5000   15.0000   -7.500015129.3066   17.8314
   -7.5000   22.5000   -7.500014990.6992   17.7856
    0.0000   22.5000   -7.500015629.9316   17.7901
    7.5000   22.5000   -7.500014722.6855   17.8292
   -7.5000   30.0000   -7.500014581.8525   17.5723
    0.0000   30.0000   -7.500015207.3945   17.5764
    7.5000   30.0000   -7.500014327.9365   17.6213
   -7.5000   37.5000   -7.500014688.6982   17.5856
    0.0000   37.5000   -7.500015359.5537   17.5832
    7.5000   37.5000   -7.500014457.8965   17.6226
   -7.5000   45.0000   -7.500014122.0391   17.1794
    0.0000   45.0000   -7.500014741.9121   17.1729
    7.5000   45.0000   -7.500013872.9971   17.2019
   -7.5000  -45.0000    0.0000 8225.9648   19.5190
    0.0000  -45.0000    0.0000 8589.8467   19.5190
    7.5000  -45.0000    0.0000 8185.1309   19.5519
   -7.5000  -37.5000    0.0000 9251.3623   18.8601
    0.0000  -37.5000    0.0000 9664.7998   18.8617
    7.5000  -37.5000    0.0000 9169.5137   18.8839
   -7.5000  -30.0000    0.000010632.4648   18.3677
    0.0000  -30.0000    0.000011081.4658   18.3748
    7.5000  -30.0000    0.000010535.6416   18.3997
   -7.5000  -22.5000    0.000012042.5869   18.0248
    0.0000  -22.5000    0.000012539.2959   18.0349
    7.5000  -22.5000    0.000011937.5205   18.0732
   -7.5000  -15.0000    0.000013465.1475   17.8854
    0.0000  -15.0000    0.000014036.0127   17.8946
    7.5000  -15.0000    0.000013386.5420   17.9428
   -7.5000   -7.5000    0.000014883.3984   17.8373
    0.0000   -7.5000    0.000015520.2705   17.8408
    7.5000   -7.5000    0.000014779.4717   17.8834
   -7.5000    0.0000    0.000016260.0576   17.8426
    0.0000    0.0000    0.000016944.7812   17.8427
    7.5000    0.0000    0.000016169.4648   17.8716
   -7.5000    7.5000    0.000016490.5527   17.8382
    0.0000    7.5000    0.000017145.5605   17.8409
    7.5000    7.5000    0.000016340.1816   17.8609
   -7.5000   15.0000    0.000016436.5059   17.8221
    0.0000   15.0000    0.000017053.0156   17.8288
    7.5000   15.0000    0.000016121.6592   17.8519
   -7.5000   22.5000    0.000016060.9854   17.8021
    0.0000   22.5000    0.000016555.9902   17.8117
    7.5000   22.5000    0.000015653.3555   17.8488
   -7.5000   30.0000    0.000015532.9990   17.5856
    0.0000   30.0000    0.000016062.4004   17.5944
    7.5000   30.0000    0.000015201.1797   17.6415
   -7.5000   37.5000    0.000015588.0928   17.5998
    0.0000   37.5000    0.000016205.5498   17.6031
    7.5000   37.5000    0.000015322.3486   17.6450
   -7.5000   45.0000    0.000014916.5615   17.1982
    0.0000   45.0000    0.000015512.3584   17.1983
    7.5000   45.0000    0.000014648.0254   17.2262
   -7.5000  -45.0000    7.5000 8058.0000   19.5092
    0.0000  -45.0000    7.5000 8400.7334   19.5135
    7.5000  -45.0000    7.5000 7974.6094   19.5457
   -7.5000  -37.5000    7.5000 9057.5254   18.8484
    0.0000  -37.5000    7.5000 9451.2852   18.8573
    7.5000  -37.5000    7.5000 8918.2373   18.8777
   -7.5000  -30.0000    7.500010409.9287   18.3605
    0.0000  -30.0000    7.500010873.1904   18.3762
    7.5000  -30.0000    7.500010285.9053   18.3966
   -7.5000  -22.5000    7.500011764.3711   18.0256
    0.0000  -22.5000    7.500012294.0488   18.0415
    7.5000  -22.5000    7.500011677.1211   18.0742
   -7.5000  -15.0000    7.500013142.6709   17.8873
    0.0000  -15.0000    7.500013742.6416   17.8989
    7.5000  -15.0000    7.500013086.3213   17.9430
   -7.5000   -7.5000    7.500014472.2344   17.8344
    0.0000   -7.5000    7.500015145.3701   17.8389
    7.5000   -7.5000    7.500014460.4590   17.8798
   -7.5000    0.0000    7.500015834.9678   17.8339
    0.0000    0.0000    7.500016555.2793   17.8368
    7.5000    0.0000    7.500015842.1279   17.8651
   -7.5000    7.5000    7.500016209.4727   17.8272
    0.0000    7.5000    7.500016907.5977   17.8363
    7.5000    7.5000    7.500016082.8926   17.8549
   -7.5000   15.0000    7.500016271.2158   17.8157
    0.0000   15.0000    7.500016804.0020   17.8304
    7.5000   15.0000    7.500015981.0762   17.8494
   -7.5000   22.5000    7.500015925.8154   17.8025
    0.0000   22.5000    7.500016281.7090   17.8178
    7.5000   22.5000    7.500015548.5879   17.8495
   -7.5000   30.0000    7.500015408.0430   17.5874
    0.0000   30.0000    7.500015797.4512   17.5985
    7.5000   30.0000    7.500015063.3242   17.6416
   -7.5000   37.5000    7.500015413.3877   17.5970
    0.0000   37.5000    7.500015904.8994   17.6014
    7.5000   37.5000    7.500015105.8945   17.6415
   -7.5000   45.0000    7.500014611.8887   17.1898
    0.0000   45.0000    7.500015155.1172   17.1926
    7.5000   45.0000    7.500014313.0049   17.2199
   -7.5000  -45.0000   15.0000 7754.0137   19.5286
    0.0000  -45.0000   15.0000 8113.1904   19.5292
    7.5000  -45.0000   15.0000 7679.8853   19.5622
   -7.5000  -37.5000   15.0000 8726.9658   18.8608
    0.0000  -37.5000   15.0000 9125.2314   18.8707
    7.5000  -37.5000   15.0000 8619.8359   18.8953
   -7.5000  -30.0000   15.000010042.9492   18.3751
    0.0000  -30.0000   15.000010514.5381   18.3943
    7.5000  -30.0000   15.0000 9955.3008   18.4171
   -7.5000  -22.5000   15.000011326.5137   18.0486
    0.0000  -22.5000   15.000011864.9414   18.0665
    7.5000  -22.5000   15.000011292.6504   18.0977
   -7.5000  -15.0000   15.000012620.5576   17.9142
    0.0000  -15.0000   15.000013219.0967   17.9242
    7.5000  -15.0000   15.000012610.8916   17.9638
   -7.5000   -7.5000   15.000013919.2051   17.8573
    0.0000   -7.5000   15.000014550.8984   17.8573
    7.5000   -7.5000   15.000013910.4697   17.8945
   -7.5000    0.0000   15.000015218.0225   17.8484
    0.0000    0.0000   15.000015905.7383   17.8477
    7.5000    0.0000   15.000015237.6465   17.8763
   -7.5000    7.5000   15.000015417.7520   17.8376
    0.0000    7.5000   15.000016157.5723   17.8472
    7.5000    7.5000   15.000015391.4297   17.8693
   -7.5000   15.0000   15.000015393.0684   17.8300
    0.0000   15.0000   15.000016101.0059   17.8479
    7.5000   15.0000   15.000015305.5791   17.8693
   -7.5000   22.5000   15.000015162.3311   17.8250
    0.0000   22.5000   15.000015743.8242   17.8421
    7.5000   22.5000   15.000014973.6621   17.8723
   -7.5000   30.0000   15.000014773.4727   17.6138
    0.0000   30.0000   15.000015277.2832   17.6234
    7.5000   30.0000   15.000014509.9033   17.6620
   -7.5000   37.5000   15.000014803.7998   17.6197
    0.0000   37.5000   15.000015306.2617   17.6196
    7.5000   37.5000   15.000014512.5303   17.6561
   -7.5000   45.0000   15.000013969.4463   17.2038
    0.0000   45.0000   15.000014469.7637   17.2032
    7.5000   45.0000   15.000013711.7295   17.2307
   -7.5000  -45.0000   22.5000 7410.9556   19.6220
    0.0000  -45.0000   22.5000 7725.2769   19.6111
    7.5000  -45.0000   22.5000 7340.3804   19.6450
   -7.5000  -37.5000   22.5000 8287.6895   18.9428
    0.0000  -37.5000   22.5000 8671.6006   18.9425
    7.5000  -37.5000   22.5000 8214.6602   18.9729
   -7.5000  -30.0000   22.5000 9510.2441   18.4503
    0.0000  -30.0000   22.5000 9980.9365   18.4610
    7.5000  -30.0000   22.5000 9460.7461   18.4912
   -7.5000  -22.5000   22.500010748.7227   18.1227
    0.0000  -22.5000   22.500011300.2656   18.1345
    7.5000  -22.5000   22.500010706.7930   18.1692
   -7.5000  -15.0000   22.500012019.6035   17.9926
    0.0000  -15.0000   22.500012643.5205   17.9968
    7.5000  -15.0000   22.500011953.4766   18.0348
   -7.5000   -7.5000   22.500013265.3174   17.9374
    0.0000   -7.5000   22.500013925.5508   17.9301
    7.5000   -7.5000   22.500013193.5996   17.9642
   -7.5000    0.0000   22.500014474.7412   17.9256
    0.0000    0.0000   22.500015208.6699   17.9158
    7.5000    0.0000   22.500014433.7109   17.9447
   -7.5000    7.5000   22.500014558.6855   17.9109
    0.0000    7.5000   22.500015296.6348   17.9112
    7.5000    7.5000   22.500014556.9346   17.9381
   -7.5000   15.0000   22.500014437.7109   17.9011
    0.0000   15.0000   22.500015150.0703   17.9110
    7.5000   15.0000   22.500014471.3828   17.9391
   -7.5000   22.5000   22.500014197.0068   17.8976
    0.0000   22.5000   22.500014835.5625   17.9088
    7.5000   22.5000   22.500014176.8398   17.9424
   -7.5000   30.0000   22.500013868.4082   17.6907
    0.0000   30.0000   22.500014448.9668   17.6945
    7.5000   30.0000   22.500013785.1465   17.7316
   -7.5000   37.5000   22.500013943.4502   17.6987
    0.0000   37.5000   22.500014522.6924   17.6913
    7.5000   37.5000   22.500013812.4951   17.7248
   -7.5000   45.0000   22.500013207.9893   17.2782
    0.0000   45.0000   22.500013729.8965   17.2688
    7.5000   45.0000   22.500013046.4189   17.2966
   -7.5000  -45.0000   30.0000 6963.5635   19.7604
    0.0000  -45.0000   30.0000 7266.5703   19.7447
    7.5000  -45.0000   30.0000 6899.9453   19.7801
   -7.5000  -37.5000   30.0000 7770.2729   19.0761
    0.0000  -37.5000   30.0000 8150.4526   19.0674
    7.5000  -37.5000   30.0000 7713.9404   19.0996
   -7.5000  -30.0000   30.0000 8929.6201   18.5750
    0.0000  -30.0000   30.0000 9373.4863   18.5758
    7.5000  -30.0000   30.0000 8872.2930   18.6095
   -7.5000  -22.5000   30.000010105.6191   18.2376
    0.0000  -22.5000   30.000010616.4336   18.2425
    7.5000  -22.5000   30.000010063.2490   18.2814
   -7.5000  -15.0000   30.000011301.1895   18.1056
    0.0000  -15.0000   30.000011863.7783   18.1071
    7.5000  -15.0000   30.000011264.4502   18.1479
   -7.5000   -7.5000   30.000012440.6758   18.0529
    0.0000   -7.5000   30.000013032.7158   18.0444
    7.5000   -7.5000   30.000012416.5342   18.0800
   -7.5000    0.0000   30.000013524.9150   18.0442
    0.0000    0.0000   30.000014154.6855   18.0313
    7.5000    0.0000   30.000013527.7061   18.0614
   -7.5000    7.5000   30.000013548.2246   18.0311
    0.0000    7.5000   30.000014166.9561   18.0241
    7.5000    7.5000   30.000013590.9639   18.0526
   -7.5000   15.0000   30.000013425.8623   18.0183
    0.0000   15.0000   30.000014039.7812   18.0188
    7.5000   15.0000   30.000013508.4590   18.0501
   -7.5000   22.5000   30.000013206.3008   18.0100
    0.0000   22.5000   30.000013810.4297   18.0144
    7.5000   22.5000   30.000013261.7178   18.0521
   -7.5000   30.0000   30.000012912.9131   17.8014
    0.0000   30.0000   30.000013478.3525   17.8025
    7.5000   30.0000   30.000012931.7090   17.8424
   -7.5000   37.5000   30.000013040.5107   17.8125
    0.0000   37.5000   30.000013602.5137   17.8039
    7.5000   37.5000   30.000013003.6406   17.8389
   -7.5000   45.0000   30.000012382.9102   17.3925
    0.0000   45.0000   30.000012884.5068   17.3801
    7.5000   45.0000   30.000012278.7549   17.4091
   -7.5000  -45.0000   37.5000 6801.5972   20.0303
    0.0000  -45.0000   37.5000 7086.0889   20.0215
    7.5000  -45.0000   37.5000 6726.9155   20.0575
   -7.5000  -37.5000   37.5000 7572.4434   19.3403
    0.0000  -37.5000   37.5000 7928.7046   19.3341
    7.5000  -37.5000   37.5000 7522.0288   19.3628
   -7.5000  -30.0000   37.5000 8692.3877   18.8280
    0.0000  -30.0000   37.5000 9104.1836   18.8285
    7.5000  -30.0000   37.5000 8651.9717   18.8601
   -7.5000  -22.5000   37.5000 9836.3877   18.4747
    0.0000  -22.5000   37.500010315.0928   18.4804
    7.5000  -22.5000   37.5000 9797.4668   18.5225
   -7.5000  -15.0000   37.500010957.7676   18.3344
    0.0000  -15.0000   37.500011514.3564   18.3400
    7.5000  -15.0000   37.500010960.7432   18.3881
   -7.5000   -7.5000   37.500012048.1270   18.2833
    0.0000   -7.5000   37.500012657.7734   18.2817
    7.5000   -7.5000   37.500012073.7109   18.3234
   -7.5000    0.0000   37.500013086.3730   18.2832
    0.0000    0.0000   37.500013720.8809   18.2767
    7.5000    0.0000   37.500013118.9805   18.3078
   -7.5000    7.5000   37.500013099.1641   18.2751
    0.0000    7.5000   37.500013706.7100   18.2710
    7.5000    7.5000   37.500013148.0850   18.2965
   -7.5000   15.0000   37.500012980.2764   18.2591
    0.0000   15.0000   37.500013572.1602   18.2596
    7.5000   15.0000   37.500013050.0244   18.2890
   -7.5000   22.5000   37.500012768.5928   18.2424
    0.0000   22.5000   37.500013353.9619   18.2477
    7.5000   22.5000   37.500012819.9102   18.2885
   -7.5000   30.0000   37.500012482.5127   18.0255
    0.0000   30.0000   37.500013057.4150   18.0308
    7.5000   30.0000   37.500012526.2109   18.0777
   -7.5000   37.5000   37.500012614.0098   18.0397
    0.0000   37.5000   37.500013165.8936   18.0380
    7.5000   37.5000   37.500012613.2500   18.0789
   -7.5000   45.0000   37.500011971.2754   17.6229
    0.0000   45.0000   37.500012484.2139   17.6166
    7.5000   45.0000   37.500011932.5537   17.6466
   -7.5000  -45.0000   45.0000 6355.4971   20.2997
    0.0000  -45.0000   45.0000 6601.8521   20.3017
    7.5000  -45.0000   45.0000 6295.8071   20.3364
   -7.5000  -37.5000   45.0000 7067.6421   19.6002
    0.0000  -37.5000   45.0000 7377.2329   19.6034
    7.5000  -37.5000   45.0000 7022.9463   19.6263
   -7.5000  -30.0000   45.0000 8100.6973   19.0790
    0.0000  -30.0000   45.0000 8460.8809   19.0884
    7.5000  -30.0000   45.0000 8038.4253   19.1143
   -7.5000  -22.5000   45.0000 9163.9111   18.7161
    0.0000  -22.5000   45.0000 9567.1025   18.7293
    7.5000  -22.5000   45.0000 9082.0596   18.7701
   -7.5000  -15.0000   45.000010191.8291   18.5696
    0.0000  -15.0000   45.000010664.4424   18.5826
    7.5000  -15.0000   45.000010153.2188   18.6343
   -7.5000   -7.5000   45.000011199.6260   18.5192
    0.0000   -7.5000   45.000011751.9570   18.5257
    7.5000   -7.5000   45.000011174.8643   18.5715
   -7.5000    0.0000   45.000012157.2461   18.5253
    0.0000    0.0000   45.000012750.7061   18.5275
    7.5000    0.0000   45.000012129.5576   18.5583
   -7.5000    7.5000   45.000012128.0752   18.5208
    0.0000    7.5000   45.000012713.4160   18.5254
    7.5000    7.5000   45.000012151.4629   18.5463
   -7.5000   15.0000   45.000011993.3096   18.5043
    0.0000   15.0000   45.000012557.7676   18.5133
    7.5000   15.0000   45.000012032.0459   18.5375
   -7.5000   22.5000   45.000011782.6104   18.4835
    0.0000   22.5000   45.000012345.6641   18.4963
    7.5000   22.5000   45.000011830.1738   18.5358
   -7.5000   30.0000   45.000011546.8340   18.2569
    0.0000   30.0000   45.000012081.2441   18.2694
    7.5000   30.0000   45.000011559.7119   18.3200
   -7.5000   37.5000   45.000011666.2275   18.2717
    0.0000   37.5000   45.000012191.7725   18.2781
    7.5000   37.5000   45.000011658.8779   18.3231
   -7.5000   45.0000   45.000011066.2578   17.8644
    0.0000   45.0000   45.000011564.5957   17.8665
    7.5000   45.0000   45.000011033.2119   17.8962

---------------------------------------------------------------------
imgreg_4dfp /opt/freesurfer/average/711-2C_as_mni_average_305 /opt/freesurfer/average/711-2B_as_mni_average_305_mask talsrcimg_g11 none talsrcimg_to_711-2C_as_mni_average_305_t4 4355
---------------------------------------------------------------------

freesurfer imgreg_4dfp.c
/opt/freesurfer/average/711-2C_as_mni_average_305.4dfp.img
       256       256       256         1
  1.000000  1.000000  1.000000
orientation T byte_order littleendian
Reading image: /opt/freesurfer/average/711-2C_as_mni_average_305.4dfp.img
dimensions:      256       256       256
mmppix:       1.0000   -1.0000   -1.0000
center:     128.0000 -129.0000 -129.0000
/opt/freesurfer/average/711-2B_as_mni_average_305_mask.4dfp.img
       256       256       256         1
  1.000000  1.000000  1.000000
orientation T byte_order littleendian
Reading mask: /opt/freesurfer/average/711-2B_as_mni_average_305_mask.4dfp.img (2306576 pixels)
talsrcimg_g11.4dfp.img
       256       256       256         1
  1.000000  1.000000  1.000000
orientation T byte_order littleendian
Reading image: talsrcimg_g11.4dfp.img
dimensions:      256       256       256
mmppix:       1.0000   -1.0000   -1.0000
center:     128.0000 -129.0000 -129.0000
rotation matrix determinant  1.000000
image alignment mode   4355 decimal     1103 hex
   -7.5000  -37.5000  -45.0000 1742.6266   31.4965
    0.0000  -37.5000  -45.0000 1755.4965   31.2096
    7.5000  -37.5000  -45.0000 1746.5896   31.4184
   -7.5000  -30.0000  -45.0000 1855.8717   27.1289
    0.0000  -30.0000  -45.0000 1871.7180   26.8675
    7.5000  -30.0000  -45.0000 1867.3171   27.0071
   -7.5000  -22.5000  -45.0000 1967.3782   23.8523
    0.0000  -22.5000  -45.0000 1988.3677   23.6601
    7.5000  -22.5000  -45.0000 1979.1248   23.7960
   -7.5000  -15.0000  -45.0000 2068.8123   21.5141
    0.0000  -15.0000  -45.0000 2087.2097   21.3760
    7.5000  -15.0000  -45.0000 2082.1143   21.4713
   -7.5000   -7.5000  -45.0000 2170.3262   19.7904
    0.0000   -7.5000  -45.0000 2189.8169   19.6863
    7.5000   -7.5000  -45.0000 2185.2205   19.7966
   -7.5000    0.0000  -45.0000 2236.3708   18.5662
    0.0000    0.0000  -45.0000 2255.5901   18.4847
    7.5000    0.0000  -45.0000 2247.0178   18.5302
   -7.5000    7.5000  -45.0000 2282.8582   17.6280
    0.0000    7.5000  -45.0000 2301.5229   17.4920
    7.5000    7.5000  -45.0000 2288.4431   17.5215
   -7.5000   15.0000  -45.0000 2307.4021   16.9042
    0.0000   15.0000  -45.0000 2327.9126   16.7484
    7.5000   15.0000  -45.0000 2317.9241   16.8132
   -7.5000   22.5000  -45.0000 2317.4990   16.5126
    0.0000   22.5000  -45.0000 2336.6477   16.3251
    7.5000   22.5000  -45.0000 2330.1460   16.4282
   -7.5000   30.0000  -45.0000 2308.4719   16.4537
    0.0000   30.0000  -45.0000 2330.5703   16.3120
    7.5000   30.0000  -45.0000 2315.5581   16.4272
   -7.5000   37.5000  -45.0000 2292.3152   16.8223
    0.0000   37.5000  -45.0000 2312.4949   16.6421
    7.5000   37.5000  -45.0000 2302.5161   16.8016
   -7.5000   45.0000  -45.0000 2261.7800   17.4890
    0.0000   45.0000  -45.0000 2278.6174   17.2888
    7.5000   45.0000  -45.0000 2267.5222   17.4412
   -7.5000   52.5000  -45.0000 2195.4861   18.4167
    0.0000   52.5000  -45.0000 2206.5105   18.1689
    7.5000   52.5000  -45.0000 2196.5237   18.3203
   -7.5000  -37.5000  -37.5000 1797.7330   28.8481
    0.0000  -37.5000  -37.5000 1812.0031   28.6620
    7.5000  -37.5000  -37.5000 1814.9706   28.8222
   -7.5000  -30.0000  -37.5000 1919.6261   24.8725
    0.0000  -30.0000  -37.5000 1940.2030   24.6875
    7.5000  -30.0000  -37.5000 1939.6709   24.8190
   -7.5000  -22.5000  -37.5000 2045.3232   21.9429
    0.0000  -22.5000  -37.5000 2066.1882   21.7911
    7.5000  -22.5000  -37.5000 2058.6138   21.8862
   -7.5000  -15.0000  -37.5000 2154.3364   19.7666
    0.0000  -15.0000  -37.5000 2173.9758   19.6905
    7.5000  -15.0000  -37.5000 2170.0234   19.7737
   -7.5000   -7.5000  -37.5000 2262.5703   18.1485
    0.0000   -7.5000  -37.5000 2280.9131   18.1357
    7.5000   -7.5000  -37.5000 2273.1384   18.2327
   -7.5000    0.0000  -37.5000 2334.2527   17.0319
    0.0000    0.0000  -37.5000 2353.4910   17.0038
    7.5000    0.0000  -37.5000 2339.5996   17.0188
   -7.5000    7.5000  -37.5000 2382.0906   16.1740
    0.0000    7.5000  -37.5000 2398.7134   16.1151
    7.5000    7.5000  -37.5000 2383.5872   16.1273
   -7.5000   15.0000  -37.5000 2407.6604   15.5304
    0.0000   15.0000  -37.5000 2427.0769   15.4510
    7.5000   15.0000  -37.5000 2418.0276   15.4831
   -7.5000   22.5000  -37.5000 2416.4902   15.2121
    0.0000   22.5000  -37.5000 2439.0776   15.1089
    7.5000   22.5000  -37.5000 2431.1045   15.1947
   -7.5000   30.0000  -37.5000 2405.1282   15.1854
    0.0000   30.0000  -37.5000 2434.1853   15.1033
    7.5000   30.0000  -37.5000 2420.8110   15.1948
   -7.5000   37.5000  -37.5000 2394.9468   15.4873
    0.0000   37.5000  -37.5000 2422.0952   15.3701
    7.5000   37.5000  -37.5000 2407.3323   15.5093
   -7.5000   45.0000  -37.5000 2360.7769   16.0780
    0.0000   45.0000  -37.5000 2382.9395   15.9626
    7.5000   45.0000  -37.5000 2367.5039   16.0938
   -7.5000   52.5000  -37.5000 2286.8445   16.9177
    0.0000   52.5000  -37.5000 2304.6580   16.8079
    7.5000   52.5000  -37.5000 2293.0984   16.9380
   -7.5000  -37.5000  -30.0000 1885.2825   27.6919
    0.0000  -37.5000  -30.0000 1899.7162   27.5045
    7.5000  -37.5000  -30.0000 1900.6876   27.6719
   -7.5000  -30.0000  -30.0000 2022.0532   23.7657
    0.0000  -30.0000  -30.0000 2040.1136   23.6736
    7.5000  -30.0000  -30.0000 2034.8665   23.7498
   -7.5000  -22.5000  -30.0000 2159.2563   20.9595
    0.0000  -22.5000  -30.0000 2179.0803   20.9037
    7.5000  -22.5000  -30.0000 2166.8018   20.9674
   -7.5000  -15.0000  -30.0000 2272.4661   18.8645
    0.0000  -15.0000  -30.0000 2296.3442   18.8833
    7.5000  -15.0000  -30.0000 2288.3650   18.9665
   -7.5000   -7.5000  -30.0000 2382.4182   17.3320
    0.0000   -7.5000  -30.0000 2405.5659   17.3538
    7.5000   -7.5000  -30.0000 2390.9966   17.4037
   -7.5000    0.0000  -30.0000 2458.0493   16.1969
    0.0000    0.0000  -30.0000 2477.4556   16.1917
    7.5000    0.0000  -30.0000 2465.2285   16.2109
   -7.5000    7.5000  -30.0000 2512.7178   15.3884
    0.0000    7.5000  -30.0000 2528.5381   15.3672
    7.5000    7.5000  -30.0000 2520.1375   15.3871
   -7.5000   15.0000  -30.0000 2551.2786   14.7948
    0.0000   15.0000  -30.0000 2569.4553   14.7682
    7.5000   15.0000  -30.0000 2560.9417   14.8277
   -7.5000   22.5000  -30.0000 2565.7209   14.5223
    0.0000   22.5000  -30.0000 2585.2358   14.4704
    7.5000   22.5000  -30.0000 2578.8008   14.5169
   -7.5000   30.0000  -30.0000 2557.3196   14.5438
    0.0000   30.0000  -30.0000 2583.3018   14.4714
    7.5000   30.0000  -30.0000 2570.6189   14.5663
   -7.5000   37.5000  -30.0000 2541.1399   14.8181
    0.0000   37.5000  -30.0000 2565.5488   14.7535
    7.5000   37.5000  -30.0000 2549.6240   14.8651
   -7.5000   45.0000  -30.0000 2501.3013   15.4096
    0.0000   45.0000  -30.0000 2527.7690   15.3367
    7.5000   45.0000  -30.0000 2508.9900   15.4329
   -7.5000   52.5000  -30.0000 2423.6746   16.2230
    0.0000   52.5000  -30.0000 2448.6863   16.1440
    7.5000   52.5000  -30.0000 2427.7476   16.2401
   -7.5000  -37.5000  -22.5000 1949.5204   26.4307
    0.0000  -37.5000  -22.5000 1964.5590   26.3171
    7.5000  -37.5000  -22.5000 1964.7537   26.4107
   -7.5000  -30.0000  -22.5000 2094.2292   22.6809
    0.0000  -30.0000  -22.5000 2109.1953   22.5590
    7.5000  -30.0000  -22.5000 2105.4924   22.6889
   -7.5000  -22.5000  -22.5000 2238.7417   19.9797
    0.0000  -22.5000  -22.5000 2260.1404   19.8825
    7.5000  -22.5000  -22.5000 2244.5437   19.9893
   -7.5000  -15.0000  -22.5000 2359.1411   17.9323
    0.0000  -15.0000  -22.5000 2380.7395   17.8772
    7.5000  -15.0000  -22.5000 2369.0042   17.9721
   -7.5000   -7.5000  -22.5000 2470.1370   16.4275
    0.0000   -7.5000  -22.5000 2489.1267   16.4093
    7.5000   -7.5000  -22.5000 2478.2473   16.4314
   -7.5000    0.0000  -22.5000 2550.1875   15.3217
    0.0000    0.0000  -22.5000 2573.2190   15.3032
    7.5000    0.0000  -22.5000 2562.8418   15.3336
   -7.5000    7.5000  -22.5000 2610.0745   14.5124
    0.0000    7.5000  -22.5000 2632.3821   14.4906
    7.5000    7.5000  -22.5000 2623.5964   14.5364
   -7.5000   15.0000  -22.5000 2660.1826   13.9535
    0.0000   15.0000  -22.5000 2679.3213   13.9410
    7.5000   15.0000  -22.5000 2668.8926   13.9869
   -7.5000   22.5000  -22.5000 2686.7791   13.7024
    0.0000   22.5000  -22.5000 2701.7673   13.6820
    7.5000   22.5000  -22.5000 2693.6326   13.7119
   -7.5000   30.0000  -22.5000 2684.4624   13.7620
    0.0000   30.0000  -22.5000 2709.0947   13.7184
    7.5000   30.0000  -22.5000 2693.1707   13.7891
   -7.5000   37.5000  -22.5000 2668.5674   14.0626
    0.0000   37.5000  -22.5000 2694.5898   14.0047
    7.5000   37.5000  -22.5000 2671.9014   14.1250
   -7.5000   45.0000  -22.5000 2624.2322   14.6808
    0.0000   45.0000  -22.5000 2652.8975   14.5969
    7.5000   45.0000  -22.5000 2627.3928   14.6959
   -7.5000   52.5000  -22.5000 2529.6589   15.4400
    0.0000   52.5000  -22.5000 2559.1458   15.3841
    7.5000   52.5000  -22.5000 2536.2034   15.4631
   -7.5000  -37.5000  -15.0000 1989.6379   25.2378
    0.0000  -37.5000  -15.0000 2003.8757   25.1188
    7.5000  -37.5000  -15.0000 2002.2239   25.2734
   -7.5000  -30.0000  -15.0000 2136.8708   21.6441
    0.0000  -30.0000  -15.0000 2155.6853   21.5494
    7.5000  -30.0000  -15.0000 2152.7778   21.7359
   -7.5000  -22.5000  -15.0000 2280.8337   19.0057
    0.0000  -22.5000  -15.0000 2304.1968   18.9161
    7.5000  -22.5000  -15.0000 2290.6294   19.0571
   -7.5000  -15.0000  -15.0000 2404.0508   17.0334
    0.0000  -15.0000  -15.0000 2424.5898   16.9463
    7.5000  -15.0000  -15.0000 2414.5767   17.0754
   -7.5000   -7.5000  -15.0000 2522.2651   15.5480
    0.0000   -7.5000  -15.0000 2542.4558   15.4638
    7.5000   -7.5000  -15.0000 2531.3462   15.5816
   -7.5000    0.0000  -15.0000 2614.2815   14.4335
    0.0000    0.0000  -15.0000 2638.8494   14.3851
    7.5000    0.0000  -15.0000 2626.0837   14.4338
   -7.5000    7.5000  -15.0000 2686.6423   13.6566
    0.0000    7.5000  -15.0000 2706.3804   13.5986
    7.5000    7.5000  -15.0000 2695.8684   13.6481
   -7.5000   15.0000  -15.0000 2744.4482   13.1295
    0.0000   15.0000  -15.0000 2764.0791   13.0977
    7.5000   15.0000  -15.0000 2747.0244   13.1686
   -7.5000   22.5000  -15.0000 2775.2209   12.8788
    0.0000   22.5000  -15.0000 2798.2114   12.8805
    7.5000   22.5000  -15.0000 2780.6204   12.9326
   -7.5000   30.0000  -15.0000 2780.9810   12.9901
    0.0000   30.0000  -15.0000 2808.6382   12.9381
    7.5000   30.0000  -15.0000 2789.0642   13.0305
   -7.5000   37.5000  -15.0000 2764.6367   13.3320
    0.0000   37.5000  -15.0000 2794.7004   13.2742
    7.5000   37.5000  -15.0000 2768.0303   13.3801
   -7.5000   45.0000  -15.0000 2715.8535   13.9454
    0.0000   45.0000  -15.0000 2745.3098   13.8749
    7.5000   45.0000  -15.0000 2720.9397   13.9634
   -7.5000   52.5000  -15.0000 2613.2917   14.6888
    0.0000   52.5000  -15.0000 2637.4045   14.6265
    7.5000   52.5000  -15.0000 2614.4880   14.6889
   -7.5000  -37.5000   -7.5000 2022.9242   24.3306
    0.0000  -37.5000   -7.5000 2037.7754   24.1832
    7.5000  -37.5000   -7.5000 2031.8340   24.4667
   -7.5000  -30.0000   -7.5000 2172.7671   20.8620
    0.0000  -30.0000   -7.5000 2186.6606   20.7002
    7.5000  -30.0000   -7.5000 2181.0198   20.9673
   -7.5000  -22.5000   -7.5000 2312.1716   18.2252
    0.0000  -22.5000   -7.5000 2327.4131   18.0630
    7.5000  -22.5000   -7.5000 2312.8704   18.2921
   -7.5000  -15.0000   -7.5000 2435.2200   16.2226
    0.0000  -15.0000   -7.5000 2453.0867   16.1060
    7.5000  -15.0000   -7.5000 2446.5144   16.3253
   -7.5000   -7.5000   -7.5000 2557.5139   14.7609
    0.0000   -7.5000   -7.5000 2580.9512   14.6397
    7.5000   -7.5000   -7.5000 2565.0867   14.8396
   -7.5000    0.0000   -7.5000 2658.1704   13.6682
    0.0000    0.0000   -7.5000 2682.8875   13.5710
    7.5000    0.0000   -7.5000 2668.2607   13.7297
   -7.5000    7.5000   -7.5000 2749.7939   12.9003
    0.0000    7.5000   -7.5000 2772.8972   12.8324
    7.5000    7.5000   -7.5000 2756.5098   12.9585
   -7.5000   15.0000   -7.5000 2821.0940   12.4064
    0.0000   15.0000   -7.5000 2843.2688   12.3771
    7.5000   15.0000   -7.5000 2823.2905   12.4756
   -7.5000   22.5000   -7.5000 2859.5645   12.1640
    0.0000   22.5000   -7.5000 2883.2483   12.1643
    7.5000   22.5000   -7.5000 2858.0198   12.2555
   -7.5000   30.0000   -7.5000 2868.7410   12.2972
    0.0000   30.0000   -7.5000 2893.7537   12.2384
    7.5000   30.0000   -7.5000 2869.8066   12.3562
   -7.5000   37.5000   -7.5000 2841.5454   12.6489
    0.0000   37.5000   -7.5000 2871.9812   12.5817
    7.5000   37.5000   -7.5000 2845.0601   12.7240
   -7.5000   45.0000   -7.5000 2782.5437   13.2601
    0.0000   45.0000   -7.5000 2806.0435   13.1773
    7.5000   45.0000   -7.5000 2786.4995   13.3112
   -7.5000   52.5000   -7.5000 2673.2214   14.0341
    0.0000   52.5000   -7.5000 2692.3147   13.9489
    7.5000   52.5000   -7.5000 2672.6382   14.0833
   -7.5000  -37.5000    0.0000 2048.0981   23.6355
    0.0000  -37.5000    0.0000 2064.9478   23.5888
    7.5000  -37.5000    0.0000 2050.5408   23.9737
   -7.5000  -30.0000    0.0000 2194.0361   20.2836
    0.0000  -30.0000    0.0000 2208.9312   20.1901
    7.5000  -30.0000    0.0000 2194.6296   20.4911
   -7.5000  -22.5000    0.0000 2329.8499   17.6707
    0.0000  -22.5000    0.0000 2344.1516   17.5057
    7.5000  -22.5000    0.0000 2331.8052   17.8737
   -7.5000  -15.0000    0.0000 2454.1729   15.6583
    0.0000  -15.0000    0.0000 2476.8718   15.5192
    7.5000  -15.0000    0.0000 2468.9448   15.8772
   -7.5000   -7.5000    0.0000 2578.2092   14.1859
    0.0000   -7.5000    0.0000 2602.2271   14.0416
    7.5000   -7.5000    0.0000 2589.8101   14.3936
   -7.5000    0.0000    0.0000 2684.7507   13.1392
    0.0000    0.0000    0.0000 2715.6406   13.0230
    7.5000    0.0000    0.0000 2695.5652   13.2938
   -7.5000    7.5000    0.0000 2793.9116   12.4202
    0.0000    7.5000    0.0000 2819.0574   12.3369
    7.5000    7.5000    0.0000 2796.8965   12.5691
   -7.5000   15.0000    0.0000 2883.8262   11.9448
    0.0000   15.0000    0.0000 2913.2471   11.8498
    7.5000   15.0000    0.0000 2879.4592   12.0956
   -7.5000   22.5000    0.0000 2935.2112   11.6829
    0.0000   22.5000    0.0000 2965.6482   11.5814
    7.5000   22.5000    0.0000 2919.5381   11.8288
   -7.5000   30.0000    0.0000 2935.0894   11.8203
    0.0000   30.0000    0.0000 2963.2185   11.7081
    7.5000   30.0000    0.0000 2928.1814   11.9328
   -7.5000   37.5000    0.0000 2902.9341   12.1720
    0.0000   37.5000    0.0000 2931.6152   12.0750
    7.5000   37.5000    0.0000 2899.2712   12.2971
   -7.5000   45.0000    0.0000 2833.4019   12.8104
    0.0000   45.0000    0.0000 2855.1021   12.7035
    7.5000   45.0000    0.0000 2831.0271   12.9082
   -7.5000   52.5000    0.0000 2710.2668   13.6386
    0.0000   52.5000    0.0000 2730.3511   13.5295
    7.5000   52.5000    0.0000 2706.7183   13.7092
   -7.5000  -37.5000    7.5000 2058.6096   23.1545
    0.0000  -37.5000    7.5000 2080.1042   23.1086
    7.5000  -37.5000    7.5000 2055.9978   23.4857
   -7.5000  -30.0000    7.5000 2210.9817   19.8556
    0.0000  -30.0000    7.5000 2226.7534   19.7845
    7.5000  -30.0000    7.5000 2209.0054   20.1402
   -7.5000  -22.5000    7.5000 2344.1616   17.2700
    0.0000  -22.5000    7.5000 2360.8254   17.1974
    7.5000  -22.5000    7.5000 2351.3623   17.6397
   -7.5000  -15.0000    7.5000 2467.2339   15.3384
    0.0000  -15.0000    7.5000 2490.8489   15.2285
    7.5000  -15.0000    7.5000 2485.1069   15.6837
   -7.5000   -7.5000    7.5000 2589.8237   13.8875
    0.0000   -7.5000    7.5000 2617.6687   13.7683
    7.5000   -7.5000    7.5000 2604.9968   14.1675
   -7.5000    0.0000    7.5000 2705.2605   12.8222
    0.0000    0.0000    7.5000 2735.5388   12.7079
    7.5000    0.0000    7.5000 2719.0161   13.0645
   -7.5000    7.5000    7.5000 2822.6091   12.1625
    0.0000    7.5000    7.5000 2844.1511   12.0204
    7.5000    7.5000    7.5000 2826.1978   12.3565
   -7.5000   15.0000    7.5000 2923.0869   11.7937
    0.0000   15.0000    7.5000 2947.1233   11.6482
    7.5000   15.0000    7.5000 2910.5278   11.9230
   -7.5000   22.5000    7.5000 2991.1316   11.5452
    0.0000   22.5000    7.5000 3024.7651   11.3396
    7.5000   22.5000    7.5000 2959.1252   11.7026
   -7.5000   30.0000    7.5000 2992.1643   11.5986
    0.0000   30.0000    7.5000 3018.5811   11.4219
    7.5000   30.0000    7.5000 2973.7839   11.7739
   -7.5000   37.5000    7.5000 2943.1406   11.9573
    0.0000   37.5000    7.5000 2967.1594   11.8339
    7.5000   37.5000    7.5000 2937.2695   12.0759
   -7.5000   45.0000    7.5000 2859.0281   12.5961
    0.0000   45.0000    7.5000 2884.7673   12.4723
    7.5000   45.0000    7.5000 2859.0579   12.6740
   -7.5000   52.5000    7.5000 2730.3682   13.4031
    0.0000   52.5000    7.5000 2749.7026   13.3077
    7.5000   52.5000    7.5000 2725.0378   13.4597
   -7.5000  -37.5000   15.0000 2053.6394   22.8823
    0.0000  -37.5000   15.0000 2072.0164   22.9082
    7.5000  -37.5000   15.0000 2052.4529   23.2655
   -7.5000  -30.0000   15.0000 2212.3420   19.6383
    0.0000  -30.0000   15.0000 2228.4180   19.6615
    7.5000  -30.0000   15.0000 2213.6902   20.0540
   -7.5000  -22.5000   15.0000 2350.5342   17.1210
    0.0000  -22.5000   15.0000 2368.7307   17.0684
    7.5000  -22.5000   15.0000 2359.9749   17.5650
   -7.5000  -15.0000   15.0000 2474.4734   15.2163
    0.0000  -15.0000   15.0000 2498.0632   15.1200
    7.5000  -15.0000   15.0000 2486.0337   15.6126
   -7.5000   -7.5000   15.0000 2601.6064   13.8016
    0.0000   -7.5000   15.0000 2623.4680   13.6753
    7.5000   -7.5000   15.0000 2608.2188   14.1050
   -7.5000    0.0000   15.0000 2716.4370   12.7734
    0.0000    0.0000   15.0000 2745.0090   12.6399
    7.5000    0.0000   15.0000 2727.1450   13.0056
   -7.5000    7.5000   15.0000 2826.7231   12.1046
    0.0000    7.5000   15.0000 2855.5642   11.9579
    7.5000    7.5000   15.0000 2831.2949   12.2860
   -7.5000   15.0000   15.0000 2916.4312   11.6845
    0.0000   15.0000   15.0000 2951.5229   11.5906
    7.5000   15.0000   15.0000 2906.5435   11.8290
   -7.5000   22.5000   15.0000 2985.2634   11.4631
    0.0000   22.5000   15.0000 3020.2607   11.3588
    7.5000   22.5000   15.0000 2956.2295   11.6616
   -7.5000   30.0000   15.0000 2992.3660   11.5611
    0.0000   30.0000   15.0000 3020.6519   11.4469
    7.5000   30.0000   15.0000 2973.8425   11.7294
   -7.5000   37.5000   15.0000 2943.5430   11.9342
    0.0000   37.5000   15.0000 2969.8772   11.8169
    7.5000   37.5000   15.0000 2935.3179   12.0324
   -7.5000   45.0000   15.0000 2856.3735   12.5714
    0.0000   45.0000   15.0000 2882.2573   12.4426
    7.5000   45.0000   15.0000 2854.7332   12.6077
   -7.5000   52.5000   15.0000 2725.0586   13.3540
    0.0000   52.5000   15.0000 2739.9304   13.2422
    7.5000   52.5000   15.0000 2722.5962   13.3655
   -7.5000  -37.5000   22.5000 2040.1165   22.7352
    0.0000  -37.5000   22.5000 2055.4399   22.8091
    7.5000  -37.5000   22.5000 2043.4701   23.2450
   -7.5000  -30.0000   22.5000 2204.2302   19.5701
    0.0000  -30.0000   22.5000 2217.1514   19.6218
    7.5000  -30.0000   22.5000 2206.0525   20.0636
   -7.5000  -22.5000   22.5000 2348.6653   17.1347
    0.0000  -22.5000   22.5000 2366.5139   17.1662
    7.5000  -22.5000   22.5000 2354.2021   17.5807
   -7.5000  -15.0000   22.5000 2484.2153   15.3429
    0.0000  -15.0000   22.5000 2504.2371   15.3148
    7.5000  -15.0000   22.5000 2480.0654   15.7025
   -7.5000   -7.5000   22.5000 2609.5078   13.9862
    0.0000   -7.5000   22.5000 2627.6819   13.9177
    7.5000   -7.5000   22.5000 2602.4788   14.2682
   -7.5000    0.0000   22.5000 2721.7854   12.9906
    0.0000    0.0000   22.5000 2748.2202   12.8785
    7.5000    0.0000   22.5000 2719.5266   13.2151
   -7.5000    7.5000   22.5000 2824.3525   12.2815
    0.0000    7.5000   22.5000 2846.8079   12.1487
    7.5000    7.5000   22.5000 2821.0991   12.4424
   -7.5000   15.0000   22.5000 2903.4365   11.7976
    0.0000   15.0000   22.5000 2936.2324   11.6725
    7.5000   15.0000   22.5000 2896.3269   11.9740
   -7.5000   22.5000   22.5000 2956.4905   11.6159
    0.0000   22.5000   22.5000 2986.4583   11.4982
    7.5000   22.5000   22.5000 2939.6570   11.8042
   -7.5000   30.0000   22.5000 2961.6372   11.7450
    0.0000   30.0000   22.5000 2983.9155   11.6353
    7.5000   30.0000   22.5000 2945.5496   11.8524
   -7.5000   37.5000   22.5000 2914.1519   12.1127
    0.0000   37.5000   22.5000 2937.1812   12.0104
    7.5000   37.5000   22.5000 2904.4578   12.1656
   -7.5000   45.0000   22.5000 2827.7991   12.7308
    0.0000   45.0000   22.5000 2846.9026   12.6329
    7.5000   45.0000   22.5000 2825.4915   12.7439
   -7.5000   52.5000   22.5000 2700.6194   13.4559
    0.0000   52.5000   22.5000 2713.7012   13.3633
    7.5000   52.5000   22.5000 2696.1128   13.4482
   -7.5000  -37.5000   30.0000 2021.1871   23.0300
    0.0000  -37.5000   30.0000 2036.8701   23.1682
    7.5000  -37.5000   30.0000 2023.9420   23.5916
   -7.5000  -30.0000   30.0000 2187.0317   19.8909
    0.0000  -30.0000   30.0000 2200.3228   19.9629
    7.5000  -30.0000   30.0000 2184.8196   20.3915
   -7.5000  -22.5000   30.0000 2337.8079   17.4640
    0.0000  -22.5000   30.0000 2355.8330   17.5061
    7.5000  -22.5000   30.0000 2334.3103   17.9267
   -7.5000  -15.0000   30.0000 2475.3223   15.6905
    0.0000  -15.0000   30.0000 2498.4365   15.6506
    7.5000  -15.0000   30.0000 2467.3152   16.0771
   -7.5000   -7.5000   30.0000 2597.3652   14.3339
    0.0000   -7.5000   30.0000 2616.7610   14.2349
    7.5000   -7.5000   30.0000 2588.0276   14.6600
   -7.5000    0.0000   30.0000 2705.4458   13.3199
    0.0000    0.0000   30.0000 2726.8484   13.1939
    7.5000    0.0000   30.0000 2698.0793   13.5722
   -7.5000    7.5000   30.0000 2801.6304   12.5712
    0.0000    7.5000   30.0000 2815.7859   12.4173
    7.5000    7.5000   30.0000 2792.4707   12.7747
   -7.5000   15.0000   30.0000 2869.8376   12.0984
    0.0000   15.0000   30.0000 2890.3101   11.9437
    7.5000   15.0000   30.0000 2864.0547   12.2974
   -7.5000   22.5000   30.0000 2907.9355   11.9545
    0.0000   22.5000   30.0000 2925.4978   11.8319
    7.5000   22.5000   30.0000 2895.0276   12.1250
   -7.5000   30.0000   30.0000 2900.9377   12.1062
    0.0000   30.0000   30.0000 2918.2190   11.9743
    7.5000   30.0000   30.0000 2889.6140   12.2068
   -7.5000   37.5000   30.0000 2854.2737   12.4764
    0.0000   37.5000   30.0000 2873.6562   12.3565
    7.5000   37.5000   30.0000 2846.7834   12.5264
   -7.5000   45.0000   30.0000 2773.5300   13.0749
    0.0000   45.0000   30.0000 2788.0222   12.9687
    7.5000   45.0000   30.0000 2769.4539   13.0841
   -7.5000   52.5000   30.0000 2655.0325   13.7902
    0.0000   52.5000   30.0000 2668.6550   13.6947
    7.5000   52.5000   30.0000 2650.1575   13.7727
   -7.5000  -37.5000   37.5000 2002.0338   23.5645
    0.0000  -37.5000   37.5000 2013.3793   23.7464
    7.5000  -37.5000   37.5000 1999.1808   24.2175
   -7.5000  -30.0000   37.5000 2167.1509   20.3950
    0.0000  -30.0000   37.5000 2177.7197   20.5008
    7.5000  -30.0000   37.5000 2159.4246   20.9531
   -7.5000  -22.5000   37.5000 2321.0593   18.0099
    0.0000  -22.5000   37.5000 2335.3794   18.0192
    7.5000  -22.5000   37.5000 2310.9829   18.4764
   -7.5000  -15.0000   37.5000 2451.7205   16.1768
    0.0000  -15.0000   37.5000 2471.9253   16.1442
    7.5000  -15.0000   37.5000 2446.2661   16.5986
   -7.5000   -7.5000   37.5000 2571.1011   14.7932
    0.0000   -7.5000   37.5000 2594.9751   14.7298
    7.5000   -7.5000   37.5000 2564.6941   15.1675
   -7.5000    0.0000   37.5000 2677.2451   13.7776
    0.0000    0.0000   37.5000 2694.8640   13.6893
    7.5000    0.0000   37.5000 2663.8784   14.0951
   -7.5000    7.5000   37.5000 2762.8298   13.0546
    0.0000    7.5000   37.5000 2775.7410   12.9379
    7.5000    7.5000   37.5000 2751.5183   13.3076
   -7.5000   15.0000   37.5000 2817.7722   12.5861
    0.0000   15.0000   37.5000 2831.4021   12.4722
    7.5000   15.0000   37.5000 2808.5303   12.8134
   -7.5000   22.5000   37.5000 2841.9065   12.4375
    0.0000   22.5000   37.5000 2852.5142   12.3521
    7.5000   22.5000   37.5000 2830.6824   12.6380
   -7.5000   30.0000   37.5000 2821.6418   12.5968
    0.0000   30.0000   37.5000 2839.4563   12.4867
    7.5000   30.0000   37.5000 2812.8223   12.7170
   -7.5000   37.5000   37.5000 2776.1641   12.9894
    0.0000   37.5000   37.5000 2791.0793   12.8676
    7.5000   37.5000   37.5000 2769.4163   13.0717
   -7.5000   45.0000   37.5000 2703.5303   13.5936
    0.0000   45.0000   37.5000 2717.2200   13.4863
    7.5000   45.0000   37.5000 2700.0320   13.6286
   -7.5000   52.5000   37.5000 2595.3970   14.3017
    0.0000   52.5000   37.5000 2613.3152   14.2006
    7.5000   52.5000   37.5000 2590.2710   14.3039
   -7.5000  -37.5000   45.0000 1978.9974   24.3919
    0.0000  -37.5000   45.0000 1987.8137   24.5291
    7.5000  -37.5000   45.0000 1970.3251   25.0382
   -7.5000  -30.0000   45.0000 2141.8699   21.1641
    0.0000  -30.0000   45.0000 2148.5608   21.2773
    7.5000  -30.0000   45.0000 2126.7292   21.7219
   -7.5000  -22.5000   45.0000 2297.9832   18.7568
    0.0000  -22.5000   45.0000 2303.1699   18.7597
    7.5000  -22.5000   45.0000 2272.4326   19.1583
   -7.5000  -15.0000   45.0000 2421.2664   16.8683
    0.0000  -15.0000   45.0000 2433.0959   16.8510
    7.5000  -15.0000   45.0000 2402.2136   17.2363
   -7.5000   -7.5000   45.0000 2534.8376   15.4795
    0.0000   -7.5000   45.0000 2552.8779   15.4432
    7.5000   -7.5000   45.0000 2517.4915   15.8239
   -7.5000    0.0000   45.0000 2629.5903   14.4649
    0.0000    0.0000   45.0000 2650.1223   14.4098
    7.5000    0.0000   45.0000 2611.5371   14.7451
   -7.5000    7.5000   45.0000 2700.2141   13.7482
    0.0000    7.5000   45.0000 2719.2222   13.6654
    7.5000    7.5000   45.0000 2690.7727   14.0005
   -7.5000   15.0000   45.0000 2741.6663   13.2874
    0.0000   15.0000   45.0000 2755.6304   13.2187
    7.5000   15.0000   45.0000 2734.8884   13.5121
   -7.5000   22.5000   45.0000 2758.4338   13.1122
    0.0000   22.5000   45.0000 2770.6819   13.0763
    7.5000   22.5000   45.0000 2752.5151   13.3371
   -7.5000   30.0000   45.0000 2743.1521   13.2329
    0.0000   30.0000   45.0000 2757.9814   13.1966
    7.5000   30.0000   45.0000 2733.1848   13.4067
   -7.5000   37.5000   45.0000 2693.7087   13.6733
    0.0000   37.5000   45.0000 2706.7429   13.6348
    7.5000   37.5000   45.0000 2689.0754   13.8000
   -7.5000   45.0000   45.0000 2627.1440   14.3018
    0.0000   45.0000   45.0000 2643.4810   14.2229
    7.5000   45.0000   45.0000 2623.9089   14.3641
   -7.5000   52.5000   45.0000 2527.0042   14.9986
    0.0000   52.5000   45.0000 2540.4387   14.9023
    7.5000   52.5000   45.0000 2519.9441   15.0175

---------------------------------------------------------------------
imgreg_4dfp /opt/freesurfer/average/711-2C_as_mni_average_305 /opt/freesurfer/average/711-2B_as_mni_average_305_mask talsrcimg_g11 none talsrcimg_to_711-2C_as_mni_average_305_t4 1283
---------------------------------------------------------------------

freesurfer imgreg_4dfp.c
/opt/freesurfer/average/711-2C_as_mni_average_305.4dfp.img
       256       256       256         1
  1.000000  1.000000  1.000000
orientation T byte_order littleendian
Reading image: /opt/freesurfer/average/711-2C_as_mni_average_305.4dfp.img
dimensions:      256       256       256
mmppix:       1.0000   -1.0000   -1.0000
center:     128.0000 -129.0000 -129.0000
/opt/freesurfer/average/711-2B_as_mni_average_305_mask.4dfp.img
       256       256       256         1
  1.000000  1.000000  1.000000
orientation T byte_order littleendian
Reading mask: /opt/freesurfer/average/711-2B_as_mni_average_305_mask.4dfp.img (2306576 pixels)
talsrcimg_g11.4dfp.img
       256       256       256         1
  1.000000  1.000000  1.000000
orientation T byte_order littleendian
Reading image: talsrcimg_g11.4dfp.img
dimensions:      256       256       256
mmppix:       1.0000   -1.0000   -1.0000
center:     128.0000 -129.0000 -129.0000
rotation matrix determinant  1.000000
fimgreg.f
image alignment mode   1283 decimal      503 hex
parameters
    0.0000   22.5000    7.5000    0.0000    0.0000    0.0000
eta,q 0.95008 11.37430
niter,ni,del,rscale     5    3   12.0000    1.2000
parameter  3 -0.623004 -> -0.500000 qaram    1.1500
parameter  4 -0.620044 -> -0.500000 qaram    1.1500
parameter  5 -0.797293 -> -0.500000 qaram    1.1500
parameter  6  1.584510 ->  0.500000 qaram    1.1500
parameters
   -0.8158   25.2704   10.9500    3.4500    3.4500   -3.4500
eta,q 0.96059 11.20920
  0.0608  0.0697  0.0669  0.0551  0.0533  0.0390
  0.0559  0.0630  0.0623  0.0523  0.0500  0.0391
  0.0526  0.0571  0.0559  0.0502  0.0475  0.0407
  0.0526  0.0520  0.0501  0.0476  0.0452  0.0431
  0.0553  0.0498  0.0476  0.0455  0.0437  0.0459
  0.0596  0.0514  0.0475  0.0453  0.0431  0.0487
  0.0668  0.0533  0.0497  0.0472  0.0435  0.0514
niter,ni,del,rscale     7    3   12.0000    1.2000
parameters
   -2.2054   24.4698   11.7141    4.2799    3.6522   -5.2111
eta,q 0.96220 11.17212
  0.0479  0.0469  0.0545  0.0483  0.0485  0.0413
  0.0413  0.0393  0.0454  0.0435  0.0442  0.0390
  0.0383  0.0368  0.0388  0.0390  0.0399  0.0379
  0.0394  0.0382  0.0374  0.0378  0.0381  0.0381
  0.0443  0.0416  0.0394  0.0392  0.0387  0.0399
  0.0515  0.0457  0.0429  0.0412  0.0423  0.0435
  0.0598  0.0495  0.0469  0.0438  0.0483  0.0480
niter,ni,del,rscale     6    3   12.0000    1.2000
parameters
   -2.3766   24.2297   11.7523    4.5718    3.6103   -5.2791
eta,q 0.96219 11.17549
  0.0527  0.0489  0.0512  0.0474  0.0483  0.0441
  0.0449  0.0413  0.0425  0.0420  0.0429  0.0406
  0.0394  0.0376  0.0376  0.0382  0.0389  0.0385
  0.0378  0.0378  0.0377  0.0377  0.0378  0.0378
  0.0394  0.0403  0.0403  0.0394  0.0388  0.0384
  0.0456  0.0441  0.0443  0.0417  0.0427  0.0405
  0.0551  0.0489  0.0487  0.0450  0.0489  0.0446
niter,ni,del,rscale     5    3   12.0000    1.2000
parameters
   -2.4104   24.1312   11.7691    4.6225    3.6034   -5.2681
eta,q 0.96221 11.17840
  0.0534  0.0494  0.0512  0.0468  0.0484  0.0442
  0.0456  0.0417  0.0425  0.0415  0.0429  0.0406
  0.0398  0.0378  0.0376  0.0380  0.0389  0.0386
  0.0378  0.0378  0.0378  0.0378  0.0378  0.0378
  0.0392  0.0400  0.0404  0.0396  0.0388  0.0383
  0.0451  0.0437  0.0443  0.0420  0.0426  0.0404
  0.0545  0.0485  0.0489  0.0455  0.0487  0.0444
niter,ni,del,rscale     4    3   12.0000    1.2000
parameters
   -2.4190   24.1120   11.7730    4.6322    3.6054   -5.2654
eta,q 0.96221 11.17899
  0.0536  0.0497  0.0511  0.0466  0.0485  0.0442
  0.0457  0.0419  0.0425  0.0414  0.0429  0.0406
  0.0398  0.0379  0.0376  0.0379  0.0389  0.0385
  0.0378  0.0378  0.0378  0.0378  0.0378  0.0378
  0.0391  0.0399  0.0404  0.0396  0.0387  0.0383
  0.0450  0.0435  0.0443  0.0421  0.0426  0.0404
  0.0544  0.0482  0.0489  0.0455  0.0487  0.0444
registration optimization eta report
parameter search radius
    6.0000    6.0000    6.9000    6.9000    6.9000    6.9000
100000*second partial in parameter space
       45.       31.       26.       17.       23.       14.
  0.0536  0.0497  0.0511  0.0466  0.0485  0.0442
  0.0457  0.0419  0.0425  0.0414  0.0429  0.0406
  0.0398  0.0379  0.0376  0.0379  0.0389  0.0385
  0.0378  0.0378  0.0378  0.0378  0.0378  0.0378
  0.0391  0.0399  0.0404  0.0396  0.0387  0.0383
  0.0450  0.0435  0.0443  0.0421  0.0426  0.0404
  0.0544  0.0482  0.0489  0.0455  0.0487  0.0444
   -2.4190   24.1120   11.7730    4.6322    3.6054   -5.2654
eta,q 0.96221 11.17899

---------------------------------------------------------------------
imgreg_4dfp /opt/freesurfer/average/711-2C_as_mni_average_305 /opt/freesurfer/average/711-2B_as_mni_average_305_mask talsrcimg_g11 none talsrcimg_to_711-2C_as_mni_average_305_t4 3335
---------------------------------------------------------------------

freesurfer imgreg_4dfp.c
/opt/freesurfer/average/711-2C_as_mni_average_305.4dfp.img
       256       256       256         1
  1.000000  1.000000  1.000000
orientation T byte_order littleendian
Reading image: /opt/freesurfer/average/711-2C_as_mni_average_305.4dfp.img
dimensions:      256       256       256
mmppix:       1.0000   -1.0000   -1.0000
center:     128.0000 -129.0000 -129.0000
/opt/freesurfer/average/711-2B_as_mni_average_305_mask.4dfp.img
       256       256       256         1
  1.000000  1.000000  1.000000
orientation T byte_order littleendian
Reading mask: /opt/freesurfer/average/711-2B_as_mni_average_305_mask.4dfp.img (2306576 pixels)
talsrcimg_g11.4dfp.img
       256       256       256         1
  1.000000  1.000000  1.000000
orientation T byte_order littleendian
Reading image: talsrcimg_g11.4dfp.img
dimensions:      256       256       256
mmppix:       1.0000   -1.0000   -1.0000
center:     128.0000 -129.0000 -129.0000
fimgreg.f
image alignment mode   3335 decimal      D07 hex
parameters
   -2.4190   24.1120   11.7730   -0.6191   -0.7006   -0.5239
    8.6412   -6.9826   -9.1588   -7.4667    6.2885    8.0600
eta,q 0.96480 11.21177
niter,ni,del,rscale     5    3    5.0000    1.2000
parameter  4  1.330567 ->  0.500000 qaram    1.1500
parameter  5  3.855538 ->  0.500000 qaram    1.1500
parameter  6  0.835422 ->  0.500000 qaram    1.1500
parameter 12  0.671127 ->  0.500000 qaram    1.1500
parameters
   -2.2094   24.3154   11.6428   -4.7591   -4.8406   -4.6639
    6.2401   -6.3598   -7.5603   -9.2928    4.2422    3.9200
eta,q 0.97789 10.84465
  0.0392  0.0375  0.0369  0.0298  0.0238  0.0234  0.0248  0.0301  0.0270  0.0253  0.0237  0.0223
  0.0372  0.0363  0.0358  0.0301  0.0256  0.0235  0.0238  0.0269  0.0253  0.0237  0.0231  0.0221
  0.0358  0.0355  0.0352  0.0320  0.0279  0.0245  0.0234  0.0245  0.0240  0.0230  0.0228  0.0223
  0.0352  0.0352  0.0351  0.0351  0.0305  0.0262  0.0237  0.0234  0.0234  0.0232  0.0229  0.0228
  0.0354  0.0353  0.0355  0.0391  0.0332  0.0292  0.0248  0.0238  0.0233  0.0245  0.0235  0.0237
  0.0363  0.0358  0.0362  0.0433  0.0360  0.0333  0.0265  0.0255  0.0238  0.0265  0.0245  0.0249
  0.0381  0.0369  0.0372  0.0474  0.0391  0.0380  0.0287  0.0283  0.0248  0.0292  0.0258  0.0264
niter,ni,del,rscale     7    3    5.0000    1.2000
parameter  5  0.926248 ->  0.500000 qaram    1.3225
parameters
   -2.0970   24.1566   12.2798   -6.8594   -9.6016   -6.4301
    6.2181   -6.1999   -7.2684   -9.6189    3.5105    3.7835
eta,q 0.98098 10.61410
  0.0270  0.0247  0.0253  0.0249  0.0191  0.0215  0.0218  0.0243  0.0217  0.0230  0.0201  0.0209
  0.0244  0.0231  0.0238  0.0234  0.0189  0.0201  0.0204  0.0214  0.0202  0.0207  0.0194  0.0199
  0.0228  0.0223  0.0227  0.0220  0.0197  0.0192  0.0194  0.0196  0.0193  0.0194  0.0191  0.0193
  0.0221  0.0221  0.0221  0.0219  0.0218  0.0190  0.0190  0.0190  0.0190  0.0190  0.0190  0.0190
  0.0225  0.0226  0.0219  0.0237  0.0245  0.0200  0.0193  0.0196  0.0193  0.0197  0.0193  0.0192
  0.0239  0.0237  0.0222  0.0272  0.0277  0.0223  0.0203  0.0212  0.0200  0.0213  0.0198  0.0199
  0.0262  0.0254  0.0231  0.0318  0.0313  0.0257  0.0219  0.0237  0.0212  0.0237  0.0206  0.0211
niter,ni,del,rscale     7    3    5.0000    1.2000
parameters
   -2.0125   24.1256   12.5510   -6.4258  -11.6245   -6.3387
    6.1362   -6.1457   -7.1772   -9.8258    3.4682    4.0563
eta,q 0.98128 10.56287
  0.0231  0.0222  0.0212  0.0236  0.0220  0.0225  0.0215  0.0239  0.0210  0.0225  0.0201  0.0207
  0.0210  0.0204  0.0200  0.0219  0.0199  0.0208  0.0200  0.0211  0.0197  0.0203  0.0193  0.0197
  0.0196  0.0193  0.0193  0.0204  0.0189  0.0195  0.0191  0.0192  0.0189  0.0191  0.0189  0.0190
  0.0190  0.0190  0.0190  0.0190  0.0188  0.0187  0.0187  0.0187  0.0187  0.0187  0.0187  0.0187
  0.0194  0.0195  0.0191  0.0188  0.0203  0.0188  0.0190  0.0194  0.0190  0.0193  0.0189  0.0188
  0.0206  0.0206  0.0195  0.0204  0.0230  0.0204  0.0200  0.0210  0.0197  0.0207  0.0193  0.0194
  0.0226  0.0222  0.0203  0.0237  0.0264  0.0227  0.0217  0.0236  0.0209  0.0230  0.0201  0.0205
niter,ni,del,rscale     6    3    5.0000    1.2000
parameters
   -2.0206   24.1016   12.7244   -6.1768  -11.9019   -6.3343
    6.1079   -6.1522   -7.1600   -9.9131    3.4256    4.1847
eta,q 0.98135 10.55806
  0.0226  0.0216  0.0207  0.0232  0.0234  0.0224  0.0215  0.0238  0.0209  0.0226  0.0201  0.0205
  0.0205  0.0199  0.0197  0.0216  0.0209  0.0207  0.0200  0.0209  0.0196  0.0203  0.0193  0.0196
  0.0192  0.0190  0.0190  0.0200  0.0193  0.0194  0.0190  0.0192  0.0188  0.0190  0.0188  0.0189
  0.0187  0.0187  0.0187  0.0187  0.0186  0.0187  0.0187  0.0187  0.0187  0.0187  0.0187  0.0187
  0.0192  0.0191  0.0188  0.0187  0.0191  0.0188  0.0189  0.0194  0.0189  0.0191  0.0188  0.0188
  0.0205  0.0201  0.0193  0.0203  0.0212  0.0205  0.0199  0.0210  0.0197  0.0205  0.0193  0.0194
  0.0226  0.0217  0.0202  0.0236  0.0242  0.0228  0.0216  0.0237  0.0208  0.0227  0.0201  0.0205
niter,ni,del,rscale     5    3    5.0000    1.2000
parameters
   -2.0275   24.0802   12.7515   -6.1442  -11.9509   -6.3459
    6.1012   -6.1535   -7.1474   -9.9523    3.4151    4.2358
eta,q 0.98136 10.55660
  0.0226  0.0216  0.0205  0.0231  0.0236  0.0224  0.0215  0.0238  0.0209  0.0226  0.0201  0.0205
  0.0204  0.0198  0.0195  0.0214  0.0211  0.0207  0.0200  0.0210  0.0196  0.0204  0.0193  0.0195
  0.0191  0.0189  0.0189  0.0199  0.0194  0.0194  0.0190  0.0191  0.0188  0.0190  0.0188  0.0189
  0.0186  0.0186  0.0186  0.0186  0.0186  0.0186  0.0186  0.0186  0.0186  0.0186  0.0186  0.0186
  0.0191  0.0190  0.0188  0.0187  0.0190  0.0188  0.0189  0.0194  0.0189  0.0191  0.0188  0.0188
  0.0205  0.0200  0.0194  0.0206  0.0210  0.0205  0.0199  0.0210  0.0197  0.0205  0.0193  0.0194
  0.0226  0.0216  0.0204  0.0239  0.0240  0.0228  0.0215  0.0237  0.0208  0.0227  0.0201  0.0205
niter,ni,del,rscale     4    3    5.0000    1.2000
parameters
   -2.0287   24.0738   12.7583   -6.1399  -11.9599   -6.3509
    6.0955   -6.1550   -7.1383   -9.9657    3.4100    4.2509
eta,q 0.98135 10.55613
  0.0226  0.0216  0.0204  0.0231  0.0236  0.0224  0.0215  0.0238  0.0209  0.0226  0.0201  0.0205
  0.0204  0.0199  0.0194  0.0214  0.0211  0.0207  0.0200  0.0209  0.0196  0.0204  0.0193  0.0195
  0.0191  0.0189  0.0188  0.0199  0.0194  0.0194  0.0190  0.0191  0.0188  0.0190  0.0188  0.0189
  0.0186  0.0186  0.0186  0.0186  0.0186  0.0186  0.0186  0.0186  0.0186  0.0186  0.0186  0.0186
  0.0191  0.0190  0.0188  0.0187  0.0190  0.0188  0.0189  0.0194  0.0189  0.0191  0.0188  0.0188
  0.0205  0.0200  0.0194  0.0206  0.0209  0.0205  0.0199  0.0210  0.0197  0.0204  0.0193  0.0194
  0.0226  0.0215  0.0204  0.0240  0.0239  0.0228  0.0215  0.0237  0.0208  0.0226  0.0201  0.0206
registration optimization eta report
parameter search radius
    2.4000    2.4000    2.4000    8.2800    9.5220    8.2800
    7.2000    7.2000    7.2000    7.2000    7.2000    8.2800
100000*second partial in parameter space
       69.       51.       31.        7.        6.        6.
        6.       10.        4.        8.        3.        3.
  0.0226  0.0216  0.0204  0.0231  0.0236  0.0224  0.0215  0.0238  0.0209  0.0226  0.0201  0.0205
  0.0204  0.0199  0.0194  0.0214  0.0211  0.0207  0.0200  0.0209  0.0196  0.0204  0.0193  0.0195
  0.0191  0.0189  0.0188  0.0199  0.0194  0.0194  0.0190  0.0191  0.0188  0.0190  0.0188  0.0189
  0.0186  0.0186  0.0186  0.0186  0.0186  0.0186  0.0186  0.0186  0.0186  0.0186  0.0186  0.0186
  0.0191  0.0190  0.0188  0.0187  0.0190  0.0188  0.0189  0.0194  0.0189  0.0191  0.0188  0.0188
  0.0205  0.0200  0.0194  0.0206  0.0209  0.0205  0.0199  0.0210  0.0197  0.0204  0.0193  0.0194
  0.0226  0.0215  0.0204  0.0240  0.0239  0.0228  0.0215  0.0237  0.0208  0.0226  0.0201  0.0206
   -2.0287   24.0738   12.7583   -6.1399  -11.9599   -6.3509
    6.0955   -6.1550   -7.1383   -9.9657    3.4100    4.2509
eta,q 0.98135 10.55613

---------------------------------------------------------------------
imgreg_4dfp /opt/freesurfer/average/711-2C_as_mni_average_305 /opt/freesurfer/average/711-2B_as_mni_average_305_mask talsrcimg_g11 none talsrcimg_to_711-2C_as_mni_average_305_t4 2311
---------------------------------------------------------------------

freesurfer imgreg_4dfp.c
/opt/freesurfer/average/711-2C_as_mni_average_305.4dfp.img
       256       256       256         1
  1.000000  1.000000  1.000000
orientation T byte_order littleendian
Reading image: /opt/freesurfer/average/711-2C_as_mni_average_305.4dfp.img
dimensions:      256       256       256
mmppix:       1.0000   -1.0000   -1.0000
center:     128.0000 -129.0000 -129.0000
/opt/freesurfer/average/711-2B_as_mni_average_305_mask.4dfp.img
       256       256       256         1
  1.000000  1.000000  1.000000
orientation T byte_order littleendian
Reading mask: /opt/freesurfer/average/711-2B_as_mni_average_305_mask.4dfp.img (2306576 pixels)
talsrcimg_g11.4dfp.img
       256       256       256         1
  1.000000  1.000000  1.000000
orientation T byte_order littleendian
Reading image: talsrcimg_g11.4dfp.img
dimensions:      256       256       256
mmppix:       1.0000   -1.0000   -1.0000
center:     128.0000 -129.0000 -129.0000
fimgreg.f
image alignment mode   2311 decimal      907 hex
parameters
   -2.0287   24.0738   12.7583   -6.1399  -11.9599   -6.3509
    6.0955   -6.1550   -7.1383   -9.9657    3.4100    4.2509
eta,q 0.98135 10.55613
niter,ni,del,rscale     5    3    5.0000    0.8000
parameters
   -2.0364   24.0287   12.7805   -5.2324  -11.7249   -5.9870
    6.1796   -6.1621   -7.1804   -9.9037    3.4796    4.4292
eta,q 0.98159 10.59875
  0.0204  0.0199  0.0194  0.0210  0.0199  0.0202  0.0198  0.0210  0.0195  0.0203  0.0192  0.0191
  0.0194  0.0191  0.0190  0.0201  0.0192  0.0194  0.0191  0.0195  0.0189  0.0192  0.0188  0.0188
  0.0188  0.0187  0.0187  0.0193  0.0187  0.0188  0.0186  0.0187  0.0185  0.0186  0.0185  0.0185
  0.0186  0.0186  0.0186  0.0186  0.0185  0.0185  0.0184  0.0184  0.0184  0.0184  0.0184  0.0184
  0.0189  0.0188  0.0187  0.0185  0.0185  0.0184  0.0185  0.0188  0.0186  0.0186  0.0185  0.0185
  0.0195  0.0193  0.0189  0.0189  0.0189  0.0189  0.0190  0.0196  0.0189  0.0192  0.0187  0.0187
  0.0205  0.0200  0.0194  0.0199  0.0197  0.0199  0.0198  0.0209  0.0195  0.0202  0.0191  0.0191
niter,ni,del,rscale     4    3    5.0000    0.7000
parameters
   -2.0506   23.9915   12.7704   -5.1878  -11.7117   -5.8985
    6.2258   -6.1854   -7.2430   -9.9392    3.5206    4.4974
eta,q 0.98160 10.60413
  0.0199  0.0194  0.0190  0.0201  0.0194  0.0197  0.0195  0.0204  0.0192  0.0198  0.0190  0.0189
  0.0191  0.0188  0.0187  0.0194  0.0189  0.0191  0.0189  0.0193  0.0187  0.0190  0.0187  0.0187
  0.0186  0.0185  0.0185  0.0187  0.0186  0.0187  0.0185  0.0186  0.0185  0.0185  0.0185  0.0185
  0.0184  0.0184  0.0184  0.0184  0.0184  0.0184  0.0184  0.0184  0.0184  0.0184  0.0184  0.0184
  0.0186  0.0186  0.0185  0.0186  0.0185  0.0184  0.0185  0.0187  0.0185  0.0186  0.0185  0.0184
  0.0191  0.0189  0.0187  0.0192  0.0188  0.0189  0.0188  0.0193  0.0188  0.0190  0.0186  0.0186
  0.0199  0.0195  0.0191  0.0202  0.0195  0.0197  0.0195  0.0204  0.0192  0.0198  0.0190  0.0189
niter,ni,del,rscale     3    3    5.0000    0.6000
parameters
   -2.0599   23.9740   12.7803   -5.1231  -11.6780   -5.8097
    6.2626   -6.2101   -7.2704   -9.9532    3.5420    4.5576
eta,q 0.98162 10.60989
  0.0195  0.0191  0.0189  0.0198  0.0191  0.0194  0.0192  0.0199  0.0190  0.0194  0.0188  0.0188
  0.0189  0.0187  0.0186  0.0191  0.0188  0.0189  0.0188  0.0190  0.0186  0.0188  0.0186  0.0186
  0.0185  0.0185  0.0185  0.0186  0.0185  0.0186  0.0185  0.0185  0.0184  0.0185  0.0184  0.0184
  0.0184  0.0184  0.0184  0.0184  0.0184  0.0184  0.0184  0.0184  0.0184  0.0184  0.0184  0.0184
  0.0185  0.0185  0.0184  0.0185  0.0184  0.0184  0.0185  0.0186  0.0185  0.0185  0.0184  0.0184
  0.0189  0.0188  0.0186  0.0190  0.0187  0.0187  0.0187  0.0191  0.0187  0.0189  0.0186  0.0185
  0.0195  0.0192  0.0189  0.0197  0.0192  0.0194  0.0192  0.0199  0.0190  0.0194  0.0188  0.0188
niter,ni,del,rscale     2    3    5.0000    0.5000
parameters
   -2.0674   23.9627   12.7845   -5.0773  -11.6359   -5.7130
    6.3012   -6.2277   -7.3099   -9.9564    3.5702    4.5579
eta,q 0.98163 10.61552
  0.0192  0.0189  0.0187  0.0194  0.0189  0.0191  0.0189  0.0194  0.0188  0.0191  0.0187  0.0186
  0.0187  0.0186  0.0185  0.0189  0.0186  0.0188  0.0186  0.0188  0.0185  0.0187  0.0185  0.0185
  0.0185  0.0184  0.0184  0.0185  0.0185  0.0185  0.0184  0.0185  0.0184  0.0185  0.0184  0.0184
  0.0184  0.0184  0.0184  0.0184  0.0184  0.0184  0.0184  0.0184  0.0184  0.0184  0.0184  0.0184
  0.0185  0.0185  0.0184  0.0185  0.0184  0.0184  0.0184  0.0185  0.0184  0.0185  0.0184  0.0184
  0.0187  0.0186  0.0185  0.0188  0.0186  0.0186  0.0186  0.0189  0.0186  0.0187  0.0185  0.0185
  0.0192  0.0189  0.0187  0.0194  0.0189  0.0191  0.0189  0.0194  0.0188  0.0191  0.0187  0.0187
niter,ni,del,rscale     1    3    5.0000    0.4000
parameters
   -2.0730   23.9544   12.7904   -5.0530  -11.5945   -5.6020
    6.3361   -6.2456   -7.3441   -9.9516    3.6069    4.5793
eta,q 0.98163 10.62148
  0.0189  0.0187  0.0186  0.0190  0.0187  0.0188  0.0187  0.0190  0.0186  0.0188  0.0186  0.0185
  0.0186  0.0185  0.0185  0.0187  0.0185  0.0186  0.0185  0.0187  0.0185  0.0186  0.0185  0.0185
  0.0184  0.0184  0.0184  0.0185  0.0184  0.0185  0.0184  0.0184  0.0184  0.0184  0.0184  0.0184
  0.0184  0.0184  0.0184  0.0184  0.0184  0.0184  0.0184  0.0184  0.0184  0.0184  0.0184  0.0184
  0.0184  0.0184  0.0184  0.0184  0.0184  0.0184  0.0184  0.0185  0.0184  0.0184  0.0184  0.0184
  0.0186  0.0185  0.0185  0.0186  0.0185  0.0185  0.0185  0.0187  0.0185  0.0186  0.0184  0.0184
  0.0189  0.0187  0.0186  0.0190  0.0187  0.0188  0.0187  0.0191  0.0186  0.0188  0.0186  0.0185
registration optimization eta report
parameter search radius
    0.8000    0.8000    0.8000    2.4000    2.4000    2.4000
    2.4000    2.4000    2.4000    2.4000    2.4000    2.4000
100000*second partial in parameter space
       79.       53.       35.       11.        6.        8.
        6.       12.        5.        8.        3.        3.
  0.0189  0.0187  0.0186  0.0190  0.0187  0.0188  0.0187  0.0190  0.0186  0.0188  0.0186  0.0185
  0.0186  0.0185  0.0185  0.0187  0.0185  0.0186  0.0185  0.0187  0.0185  0.0186  0.0185  0.0185
  0.0184  0.0184  0.0184  0.0185  0.0184  0.0185  0.0184  0.0184  0.0184  0.0184  0.0184  0.0184
  0.0184  0.0184  0.0184  0.0184  0.0184  0.0184  0.0184  0.0184  0.0184  0.0184  0.0184  0.0184
  0.0184  0.0184  0.0184  0.0184  0.0184  0.0184  0.0184  0.0185  0.0184  0.0184  0.0184  0.0184
  0.0186  0.0185  0.0185  0.0186  0.0185  0.0185  0.0185  0.0187  0.0185  0.0186  0.0184  0.0184
  0.0189  0.0187  0.0186  0.0190  0.0187  0.0188  0.0187  0.0191  0.0186  0.0188  0.0186  0.0185
   -2.0730   23.9544   12.7904   -5.0530  -11.5945   -5.6020
    6.3361   -6.2456   -7.3441   -9.9516    3.6069    4.5793
eta,q 0.98163 10.62148

---------------------------------------------------------------------
imgreg_4dfp /opt/freesurfer/average/711-2C_as_mni_average_305 /opt/freesurfer/average/711-2B_as_mni_average_305_mask talsrcimg_g11 none talsrcimg_to_711-2C_as_mni_average_305_t4 2311
---------------------------------------------------------------------

freesurfer imgreg_4dfp.c
/opt/freesurfer/average/711-2C_as_mni_average_305.4dfp.img
       256       256       256         1
  1.000000  1.000000  1.000000
orientation T byte_order littleendian
Reading image: /opt/freesurfer/average/711-2C_as_mni_average_305.4dfp.img
dimensions:      256       256       256
mmppix:       1.0000   -1.0000   -1.0000
center:     128.0000 -129.0000 -129.0000
/opt/freesurfer/average/711-2B_as_mni_average_305_mask.4dfp.img
       256       256       256         1
  1.000000  1.000000  1.000000
orientation T byte_order littleendian
Reading mask: /opt/freesurfer/average/711-2B_as_mni_average_305_mask.4dfp.img (2306576 pixels)
talsrcimg_g11.4dfp.img
       256       256       256         1
  1.000000  1.000000  1.000000
orientation T byte_order littleendian
Reading image: talsrcimg_g11.4dfp.img
dimensions:      256       256       256
mmppix:       1.0000   -1.0000   -1.0000
center:     128.0000 -129.0000 -129.0000
fimgreg.f
image alignment mode   2311 decimal      907 hex
parameters
   -2.0730   23.9544   12.7904   -5.0530  -11.5945   -5.6020
    6.3361   -6.2456   -7.3441   -9.9516    3.6069    4.5793
eta,q 0.98163 10.62148
niter,ni,del,rscale     5    3    5.0000    0.8000
parameters
   -2.0705   23.9776   12.7600   -5.3159  -11.8180   -5.9431
    6.2180   -6.1977   -7.2372   -9.9787    3.5092    4.5015
eta,q 0.98159 10.59656
  0.0204  0.0198  0.0192  0.0203  0.0196  0.0198  0.0197  0.0210  0.0195  0.0202  0.0191  0.0191
  0.0193  0.0190  0.0188  0.0194  0.0189  0.0191  0.0190  0.0196  0.0189  0.0192  0.0187  0.0187
  0.0186  0.0185  0.0185  0.0187  0.0185  0.0186  0.0186  0.0187  0.0185  0.0186  0.0185  0.0185
  0.0184  0.0184  0.0184  0.0184  0.0184  0.0184  0.0184  0.0184  0.0184  0.0184  0.0184  0.0184
  0.0186  0.0185  0.0185  0.0187  0.0185  0.0185  0.0186  0.0187  0.0185  0.0186  0.0185  0.0185
  0.0193  0.0190  0.0188  0.0196  0.0190  0.0193  0.0191  0.0196  0.0189  0.0192  0.0188  0.0187
  0.0203  0.0197  0.0193  0.0210  0.0200  0.0205  0.0199  0.0209  0.0194  0.0203  0.0192  0.0191
niter,ni,del,rscale     4    3    5.0000    0.7000
parameters
   -2.0574   23.9851   12.7878   -5.1944  -11.7313   -5.9047
    6.2298   -6.1977   -7.2443   -9.9555    3.5152    4.5163
eta,q 0.98160 10.60287
  0.0199  0.0195  0.0191  0.0202  0.0195  0.0197  0.0195  0.0204  0.0192  0.0198  0.0190  0.0189
  0.0191  0.0189  0.0187  0.0194  0.0189  0.0191  0.0189  0.0193  0.0187  0.0190  0.0187  0.0187
  0.0186  0.0185  0.0185  0.0187  0.0186  0.0186  0.0185  0.0186  0.0185  0.0186  0.0185  0.0185
  0.0184  0.0184  0.0184  0.0184  0.0184  0.0184  0.0184  0.0184  0.0184  0.0184  0.0184  0.0184
  0.0186  0.0185  0.0185  0.0185  0.0185  0.0184  0.0185  0.0187  0.0185  0.0185  0.0185  0.0184
  0.0191  0.0189  0.0187  0.0191  0.0188  0.0189  0.0189  0.0193  0.0188  0.0190  0.0186  0.0186
  0.0199  0.0194  0.0190  0.0201  0.0194  0.0198  0.0195  0.0203  0.0192  0.0198  0.0190  0.0189
niter,ni,del,rscale     3    3    5.0000    0.6000
parameters
   -2.0595   23.9732   12.7851   -5.1236  -11.6792   -5.8088
    6.2592   -6.2119   -7.2776   -9.9581    3.5384    4.5492
eta,q 0.98162 10.60966
  0.0195  0.0191  0.0189  0.0198  0.0192  0.0194  0.0192  0.0199  0.0190  0.0194  0.0188  0.0188
  0.0189  0.0187  0.0186  0.0191  0.0188  0.0189  0.0188  0.0190  0.0186  0.0188  0.0186  0.0186
  0.0185  0.0185  0.0185  0.0186  0.0185  0.0186  0.0185  0.0185  0.0184  0.0185  0.0184  0.0184
  0.0184  0.0184  0.0184  0.0184  0.0184  0.0184  0.0184  0.0184  0.0184  0.0184  0.0184  0.0184
  0.0185  0.0185  0.0184  0.0185  0.0184  0.0184  0.0185  0.0186  0.0185  0.0185  0.0184  0.0184
  0.0189  0.0188  0.0186  0.0190  0.0187  0.0187  0.0187  0.0191  0.0187  0.0188  0.0186  0.0185
  0.0195  0.0192  0.0189  0.0197  0.0192  0.0194  0.0192  0.0199  0.0190  0.0194  0.0188  0.0188
niter,ni,del,rscale     2    3    5.0000    0.5000
parameters
   -2.0669   23.9612   12.7894   -5.0783  -11.6343   -5.7120
    6.2996   -6.2309   -7.3080   -9.9574    3.5745    4.5684
eta,q 0.98163 10.61562
  0.0192  0.0189  0.0187  0.0194  0.0189  0.0191  0.0189  0.0194  0.0188  0.0191  0.0187  0.0187
  0.0187  0.0186  0.0185  0.0189  0.0186  0.0188  0.0186  0.0188  0.0185  0.0187  0.0185  0.0185
  0.0185  0.0184  0.0184  0.0185  0.0185  0.0185  0.0185  0.0185  0.0184  0.0185  0.0184  0.0184
  0.0184  0.0184  0.0184  0.0184  0.0184  0.0184  0.0184  0.0184  0.0184  0.0184  0.0184  0.0184
  0.0185  0.0185  0.0184  0.0185  0.0184  0.0184  0.0184  0.0185  0.0184  0.0185  0.0184  0.0184
  0.0187  0.0186  0.0185  0.0188  0.0186  0.0186  0.0186  0.0189  0.0186  0.0187  0.0185  0.0185
  0.0192  0.0189  0.0187  0.0194  0.0189  0.0191  0.0189  0.0194  0.0188  0.0191  0.0187  0.0187
niter,ni,del,rscale     1    3    5.0000    0.4000
parameters
   -2.0728   23.9531   12.7910   -5.0533  -11.5993   -5.6037
    6.3357   -6.2468   -7.3452   -9.9530    3.6115    4.5908
eta,q 0.98163 10.62139
  0.0189  0.0187  0.0186  0.0190  0.0187  0.0188  0.0187  0.0190  0.0186  0.0188  0.0186  0.0185
  0.0186  0.0185  0.0185  0.0187  0.0185  0.0186  0.0185  0.0187  0.0185  0.0186  0.0185  0.0185
  0.0184  0.0184  0.0184  0.0185  0.0184  0.0185  0.0184  0.0184  0.0184  0.0184  0.0184  0.0184
  0.0184  0.0184  0.0184  0.0184  0.0184  0.0184  0.0184  0.0184  0.0184  0.0184  0.0184  0.0184
  0.0184  0.0184  0.0184  0.0184  0.0184  0.0184  0.0184  0.0185  0.0184  0.0184  0.0184  0.0184
  0.0186  0.0185  0.0185  0.0186  0.0185  0.0185  0.0185  0.0187  0.0185  0.0186  0.0185  0.0184
  0.0189  0.0187  0.0186  0.0190  0.0187  0.0188  0.0187  0.0191  0.0186  0.0188  0.0186  0.0185
registration optimization eta report
parameter search radius
    0.8000    0.8000    0.8000    2.4000    2.4000    2.4000
    2.4000    2.4000    2.4000    2.4000    2.4000    2.4000
100000*second partial in parameter space
       79.       52.       34.       11.        6.        8.
        6.       12.        5.        8.        4.        3.
  0.0189  0.0187  0.0186  0.0190  0.0187  0.0188  0.0187  0.0190  0.0186  0.0188  0.0186  0.0185
  0.0186  0.0185  0.0185  0.0187  0.0185  0.0186  0.0185  0.0187  0.0185  0.0186  0.0185  0.0185
  0.0184  0.0184  0.0184  0.0185  0.0184  0.0185  0.0184  0.0184  0.0184  0.0184  0.0184  0.0184
  0.0184  0.0184  0.0184  0.0184  0.0184  0.0184  0.0184  0.0184  0.0184  0.0184  0.0184  0.0184
  0.0184  0.0184  0.0184  0.0184  0.0184  0.0184  0.0184  0.0185  0.0184  0.0184  0.0184  0.0184
  0.0186  0.0185  0.0185  0.0186  0.0185  0.0185  0.0185  0.0187  0.0185  0.0186  0.0185  0.0184
  0.0189  0.0187  0.0186  0.0190  0.0187  0.0188  0.0187  0.0191  0.0186  0.0188  0.0186  0.0185
   -2.0728   23.9531   12.7910   -5.0533  -11.5993   -5.6037
    6.3357   -6.2468   -7.3452   -9.9530    3.6115    4.5908
eta,q 0.98163 10.62139

---------------------------------------------------------------------
compute_vox2vox talsrcimg talsrcimg_to_711-2C_as_mni_average_305_t4 /opt/freesurfer/average/711-2C_as_mni_average_305
---------------------------------------------------------------------

freesurfer compute_vox2vox.c
Reading: talsrcimg.4dfp.ifh
Reading: talsrcimg_to_711-2C_as_mni_average_305_t4
Reading: /opt/freesurfer/average/711-2C_as_mni_average_305.4dfp.ifh
Writing: talsrcimg_to_711-2C_as_mni_average_305_t4_vox2vox.txt

start time Mon Mar 9 16:36:09 CET 2026
end		time Mon Mar 9 16:37:35 CET 2026

mpr2mni305 success

avi2talxfm orig_nu.mgz /opt/freesurfer/average/mni305.cor.mgz talsrcimg_to_711-2C_as_mni_average_305_t4_vox2vox.txt transforms/talairach.auto.xfm
avi2talxfm done
mv -f /out/sourcedata/freesurfer/sub-v1s22x0050524_ses-1/mri/talsrcimg_to_711-2C_as_mni_average_305_t4_vox2vox.txt /out/sourcedata/freesurfer/sub-v1s22x0050524_ses-1/mri/transforms/talsrcimg_to_711-2C_as_mni_average_305_t4_vox2vox.txt
lta_convert --src orig_nu.mgz --trg /opt/freesurfer/average/mni305.cor.mgz --inxfm transforms/talairach.auto.xfm --outlta transforms/talairach.auto.xfm.lta --subject fsaverage
7.3.2

--src: orig_nu.mgz src image (geometry).
--trg: /opt/freesurfer/average/mni305.cor.mgz trg image (geometry).
--inmni: transforms/talairach.auto.xfm input MNI/XFM transform.
--outlta: transforms/talairach.auto.xfm.lta output LTA.
--s: fsaverage subject name
 LTA read, type : 1
 1.04487   0.06092  -0.07805  -0.65391;
-0.04396   1.05103  -0.05143  -55.52320;
 0.08187   0.12340   1.11894  -20.63486;
 0.00000   0.00000   0.00000   1.00000;
setting subject to fsaverage
Writing  LTA to file transforms/talairach.auto.xfm.lta...
lta_convert successful.
 
 
Started at Mon Mar 9 16:36:08 CET 2026
Ended   at Mon Mar  9 16:37:36 CET 2026
talairach_avi done
