/out/sourcedata/freesurfer/sub-v1s22x0050490_ses-1/mri
/opt/freesurfer/bin/talairach_avi
--i orig_nu.mgz --xfm transforms/talairach.auto.xfm
talairach_avi 7.3.2
Linux dna066 5.14.0-427.37.1.el9_4.x86_64 #1 SMP PREEMPT_DYNAMIC Fri Sep 13 12:41:50 EDT 2024 x86_64 x86_64 x86_64 GNU/Linux
Mon Mar  9 15:21:58 CET 2026
mri_convert orig_nu.mgz talsrcimg.img 
reading from orig_nu.mgz...
TR=0.00, TE=0.00, TI=0.00, flip angle=0.00
i_ras = (-1, -1.86265e-09, 0)
j_ras = (0, 0, -1)
k_ras = (0, 1, 0)
writing to talsrcimg.img...
Analyze Output Matrix
-1.00000   0.00000   0.00000   135.01143;
-0.00000   0.00000   1.00000  -92.22755;
 0.00000  -1.00000   0.00000   111.50824;
 0.00000   0.00000   0.00000   1.00000;
--------------------
INFO: set hdr.hist.orient to -1
mpr2mni305 talsrcimg
Mon Mar  9 15:21:59 CET 2026
/opt/freesurfer/bin/mpr2mni305 talsrcimg
mpr2mni305 7.3.2
target=711-2C_as_mni_average_305

---------------------------------------------------------------------
analyzeto4dfp talsrcimg -O0 -y
---------------------------------------------------------------------

freesurfer ifh2hdr.c
Mon Mar  9 15:21:59 2026
Writing: talsrcimg.4dfp.hdr
freesurfer analyzeto4dfp.c
Reading: talsrcimg.hdr
header size 348 bytes
hdr.dime.datatype	offset=70	value=2
hdr.dime.bitpix		offset=72	value=8
hdr.hist.orient		offset=252	value=-1
dimensionality     4
dimensions       256       256       256         1
Reading: talsrcimg.img
Writing: talsrcimg.4dfp.img
Writing: talsrcimg.4dfp.ifh
ifh2hdr talsrcimg -r0to181
ori=2

---------------------------------------------------------------------
gauss_4dfp talsrcimg 1.1
---------------------------------------------------------------------

freesurfer gauss_4dfp.c
Reading: talsrcimg.4dfp.img
Writing: talsrcimg_g11.4dfp.img
image dimensions 256 256 256 padded to 288 288 288
processing volume 1freesurfer ifh2hdr.c
Mon Mar  9 15:22:00 2026
Writing: talsrcimg_g11.4dfp.hdr

Writing: talsrcimg_g11.4dfp.ifh
including: talsrcimg.4dfp.img.rec in talsrcimg_g11.4dfp.img.rec

---------------------------------------------------------------------
imgreg_4dfp /opt/freesurfer/average/711-2C_as_mni_average_305 none talsrcimg_g11 none talsrcimg_to_711-2C_as_mni_average_305_t4 4355
---------------------------------------------------------------------

freesurfer imgreg_4dfp.c
/opt/freesurfer/average/711-2C_as_mni_average_305.4dfp.img
       256       256       256         1
  1.000000  1.000000  1.000000
orientation T byte_order littleendian
Reading image: /opt/freesurfer/average/711-2C_as_mni_average_305.4dfp.img
dimensions:      256       256       256
mmppix:       1.0000   -1.0000   -1.0000
center:     128.0000 -129.0000 -129.0000
talsrcimg_g11.4dfp.img
       256       256       256         1
  1.000000  1.000000  1.000000
orientation T byte_order littleendian
Reading image: talsrcimg_g11.4dfp.img
dimensions:      256       256       256
mmppix:       1.0000   -1.0000   -1.0000
center:     128.0000 -129.0000 -129.0000
t4_read: open error in t4_sub.f l:  41 t4_file(1:l)talsrcimg_to_711-2C_as_mni_average_305_t4 
t4_read: transform initialized to I4
rotation matrix determinant  1.000000
image alignment mode   4355 decimal     1103 hex
   -7.5000  -45.0000  -45.0000 7194.8828   19.1420
    0.0000  -45.0000  -45.0000 7552.3882   19.1446
    7.5000  -45.0000  -45.0000 7243.8657   19.1236
   -7.5000  -37.5000  -45.0000 7765.8726   18.6574
    0.0000  -37.5000  -45.0000 8139.8174   18.6614
    7.5000  -37.5000  -45.0000 7812.2881   18.6444
   -7.5000  -30.0000  -45.0000 8694.9941   18.3329
    0.0000  -30.0000  -45.0000 9112.5693   18.3246
    7.5000  -30.0000  -45.0000 8745.9697   18.3199
   -7.5000  -22.5000  -45.0000 9672.5303   18.2355
    0.0000  -22.5000  -45.000010141.3896   18.2137
    7.5000  -22.5000  -45.0000 9725.6533   18.2172
   -7.5000  -15.0000  -45.000010640.8467   18.1877
    0.0000  -15.0000  -45.000011152.3340   18.1629
    7.5000  -15.0000  -45.000010694.1689   18.1649
   -7.5000   -7.5000  -45.000011517.9717   18.1787
    0.0000   -7.5000  -45.000012108.4902   18.1669
    7.5000   -7.5000  -45.000011594.9062   18.1587
   -7.5000    0.0000  -45.000012354.7686   18.1918
    0.0000    0.0000  -45.000012948.6787   18.1952
    7.5000    0.0000  -45.000012406.3203   18.1776
   -7.5000    7.5000  -45.000012264.5234   18.1770
    0.0000    7.5000  -45.000012831.6230   18.1812
    7.5000    7.5000  -45.000012317.7158   18.1655
   -7.5000   15.0000  -45.000012024.2402   18.1520
    0.0000   15.0000  -45.000012584.9541   18.1439
    7.5000   15.0000  -45.000012075.6797   18.1391
   -7.5000   22.5000  -45.000011546.5078   18.1391
    0.0000   22.5000  -45.000012092.0850   18.1175
    7.5000   22.5000  -45.000011589.5166   18.1208
   -7.5000   30.0000  -45.000011000.5713   17.9100
    0.0000   30.0000  -45.000011556.4951   17.8857
    7.5000   30.0000  -45.000011055.5312   17.8875
   -7.5000   37.5000  -45.000010836.7266   17.9345
    0.0000   37.5000  -45.000011427.2354   17.9228
    7.5000   37.5000  -45.000010919.7520   17.9147
   -7.5000   45.0000  -45.000010083.2002   17.4936
    0.0000   45.0000  -45.000010666.8389   17.4969
    7.5000   45.0000  -45.000010197.9414   17.4799
   -7.5000  -45.0000  -37.5000 7481.8545   19.0548
    0.0000  -45.0000  -37.5000 7853.8467   19.0636
    7.5000  -45.0000  -37.5000 7529.8511   19.0398
   -7.5000  -37.5000  -37.5000 8126.4751   18.5791
    0.0000  -37.5000  -37.5000 8521.9697   18.5889
    7.5000  -37.5000  -37.5000 8172.7310   18.5687
   -7.5000  -30.0000  -37.5000 9126.5771   18.2579
    0.0000  -30.0000  -37.5000 9565.5020   18.2554
    7.5000  -30.0000  -37.5000 9169.9492   18.2492
   -7.5000  -22.5000  -37.500010154.7930   18.1579
    0.0000  -22.5000  -37.500010642.0820   18.1422
    7.5000  -22.5000  -37.500010203.4473   18.1465
   -7.5000  -15.0000  -37.500011169.7129   18.1065
    0.0000  -15.0000  -37.500011724.9248   18.0877
    7.5000  -15.0000  -37.500011231.3643   18.0915
   -7.5000   -7.5000  -37.500012110.0342   18.0972
    0.0000   -7.5000  -37.500012733.1650   18.0907
    7.5000   -7.5000  -37.500012183.6064   18.0826
   -7.5000    0.0000  -37.500012967.2500   18.1136
    0.0000    0.0000  -37.500013588.2207   18.1222
    7.5000    0.0000  -37.500013007.5547   18.1019
   -7.5000    7.5000  -37.500012879.8779   18.1027
    0.0000    7.5000  -37.500013467.8154   18.1124
    7.5000    7.5000  -37.500012895.2061   18.0936
   -7.5000   15.0000  -37.500012599.2471   18.0784
    0.0000   15.0000  -37.500013178.2783   18.0759
    7.5000   15.0000  -37.500012619.9824   18.0696
   -7.5000   22.5000  -37.500012089.7051   18.0621
    0.0000   22.5000  -37.500012665.0088   18.0464
    7.5000   22.5000  -37.500012131.0283   18.0506
   -7.5000   30.0000  -37.500011503.5059   17.8301
    0.0000   30.0000  -37.500012078.9609   17.8116
    7.5000   30.0000  -37.500011575.5811   17.8153
   -7.5000   37.5000  -37.500011328.6201   17.8541
    0.0000   37.5000  -37.500011909.2285   17.8477
    7.5000   37.5000  -37.500011429.1729   17.8396
   -7.5000   45.0000  -37.500010557.8389   17.4184
    0.0000   45.0000  -37.500011119.3311   17.4267
    7.5000   45.0000  -37.500010672.8057   17.4071
   -7.5000  -45.0000  -30.0000 7918.3789   19.8306
    0.0000  -45.0000  -30.0000 8303.8867   19.8345
    7.5000  -45.0000  -30.0000 7952.1484   19.8038
   -7.5000  -37.5000  -30.0000 8629.0010   19.3397
    0.0000  -37.5000  -30.0000 9050.0459   19.3482
    7.5000  -37.5000  -30.0000 8660.2139   19.3253
   -7.5000  -30.0000  -30.0000 9701.5293   19.0107
    0.0000  -30.0000  -30.000010177.7451   19.0082
    7.5000  -30.0000  -30.0000 9734.0811   19.0025
   -7.5000  -22.5000  -30.000010799.9385   18.9085
    0.0000  -22.5000  -30.000011323.9307   18.8911
    7.5000  -22.5000  -30.000010841.6758   18.8953
   -7.5000  -15.0000  -30.000011885.0146   18.8524
    0.0000  -15.0000  -30.000012482.5156   18.8291
    7.5000  -15.0000  -30.000011936.7930   18.8293
   -7.5000   -7.5000  -30.000012935.1211   18.8383
    0.0000   -7.5000  -30.000013602.6299   18.8259
    7.5000   -7.5000  -30.000013001.8193   18.8107
   -7.5000    0.0000  -30.000013808.1963   18.8534
    0.0000    0.0000  -30.000014490.5830   18.8575
    7.5000    0.0000  -30.000013857.7979   18.8305
   -7.5000    7.5000  -30.000013723.7881   18.8448
    0.0000    7.5000  -30.000014358.2812   18.8530
    7.5000    7.5000  -30.000013732.4150   18.8314
   -7.5000   15.0000  -30.000013417.0723   18.8243
    0.0000   15.0000  -30.000014039.8408   18.8217
    7.5000   15.0000  -30.000013424.8438   18.8160
   -7.5000   22.5000  -30.000012881.0459   18.8071
    0.0000   22.5000  -30.000013513.9287   18.7899
    7.5000   22.5000  -30.000012919.3477   18.7939
   -7.5000   30.0000  -30.000012245.8213   18.5665
    0.0000   30.0000  -30.000012849.3750   18.5437
    7.5000   30.0000  -30.000012315.6553   18.5438
   -7.5000   37.5000  -30.000012064.9824   18.5871
    0.0000   37.5000  -30.000012645.9502   18.5747
    7.5000   37.5000  -30.000012131.1133   18.5598
   -7.5000   45.0000  -30.000011244.7275   18.1431
    0.0000   45.0000  -30.000011798.7451   18.1471
    7.5000   45.0000  -30.000011324.5869   18.1210
   -7.5000  -45.0000  -22.5000 8370.4932   20.4922
    0.0000  -45.0000  -22.5000 8785.7939   20.4829
    7.5000  -45.0000  -22.5000 8393.5039   20.4465
   -7.5000  -37.5000  -22.5000 9107.9375   19.9849
    0.0000  -37.5000  -22.5000 9558.4727   19.9840
    7.5000  -37.5000  -22.5000 9134.1992   19.9613
   -7.5000  -30.0000  -22.500010231.0781   19.6480
    0.0000  -30.0000  -22.500010757.1084   19.6381
    7.5000  -30.0000  -22.500010281.0850   19.6351
   -7.5000  -22.5000  -22.500011404.6768   19.5459
    0.0000  -22.5000  -22.500012005.6611   19.5201
    7.5000  -22.5000  -22.500011467.2363   19.5239
   -7.5000  -15.0000  -22.500012554.7607   19.4889
    0.0000  -15.0000  -22.500013236.9922   19.4547
    7.5000  -15.0000  -22.500012620.9014   19.4490
   -7.5000   -7.5000  -22.500013729.4248   19.4721
    0.0000   -7.5000  -22.500014492.7402   19.4470
    7.5000   -7.5000  -22.500013827.1738   19.4238
   -7.5000    0.0000  -22.500014679.1543   19.4841
    0.0000    0.0000  -22.500015479.6543   19.4764
    7.5000    0.0000  -22.500014784.9385   19.4440
   -7.5000    7.5000  -22.500014581.3467   19.4743
    0.0000    7.5000  -22.500015292.9902   19.4734
    7.5000    7.5000  -22.500014616.4219   19.4517
   -7.5000   15.0000  -22.500014258.5957   19.4559
    0.0000   15.0000  -22.500014919.6992   19.4462
    7.5000   15.0000  -22.500014243.5596   19.4430
   -7.5000   22.5000  -22.500013724.1318   19.4406
    0.0000   22.5000  -22.500014384.6611   19.4149
    7.5000   22.5000  -22.500013745.5537   19.4184
   -7.5000   30.0000  -22.500013024.8838   19.1967
    0.0000   30.0000  -22.500013694.3066   19.1631
    7.5000   30.0000  -22.500013098.2793   19.1573
   -7.5000   37.5000  -22.500012767.6182   19.2154
    0.0000   37.5000  -22.500013413.1924   19.1906
    7.5000   37.5000  -22.500012859.9639   19.1677
   -7.5000   45.0000  -22.500011935.9980   18.7641
    0.0000   45.0000  -22.500012535.3135   18.7567
    7.5000   45.0000  -22.500012013.1826   18.7255
   -7.5000  -45.0000  -15.0000 8786.8916   20.9866
    0.0000  -45.0000  -15.0000 9229.1533   20.9688
    7.5000  -45.0000  -15.0000 8808.7266   20.9323
   -7.5000  -37.5000  -15.0000 9550.8096   20.4615
    0.0000  -37.5000  -15.000010025.3164   20.4525
    7.5000  -37.5000  -15.0000 9567.8467   20.4320
   -7.5000  -30.0000  -15.000010703.3789   20.1134
    0.0000  -30.0000  -15.000011258.1123   20.0959
    7.5000  -30.0000  -15.000010732.9463   20.0950
   -7.5000  -22.5000  -15.000011960.4160   20.0112
    0.0000  -22.5000  -15.000012592.2871   19.9777
    7.5000  -22.5000  -15.000011990.5771   19.9809
   -7.5000  -15.0000  -15.000013175.9033   19.9574
    0.0000  -15.0000  -15.000013926.8408   19.9155
    7.5000  -15.0000  -15.000013218.5557   19.9067
   -7.5000   -7.5000  -15.000014441.4014   19.9434
    0.0000   -7.5000  -15.000015323.7275   19.9110
    7.5000   -7.5000  -15.000014544.5615   19.8851
   -7.5000    0.0000  -15.000015549.3994   19.9538
    0.0000    0.0000  -15.000016518.7012   19.9386
    7.5000    0.0000  -15.000015711.2100   19.9063
   -7.5000    7.5000  -15.000015458.1758   19.9388
    0.0000    7.5000  -15.000016303.6807   19.9303
    7.5000    7.5000  -15.000015544.1357   19.9106
   -7.5000   15.0000  -15.000015098.9463   19.9172
    0.0000   15.0000  -15.000015830.6572   19.9000
    7.5000   15.0000  -15.000015137.9307   19.8987
   -7.5000   22.5000  -15.000014565.4219   19.9027
    0.0000   22.5000  -15.000015309.9365   19.8695
    7.5000   22.5000  -15.000014647.9990   19.8724
   -7.5000   30.0000  -15.000013841.8594   19.6612
    0.0000   30.0000  -15.000014593.4639   19.6201
    7.5000   30.0000  -15.000013954.1270   19.6112
   -7.5000   37.5000  -15.000013583.9521   19.6832
    0.0000   37.5000  -15.000014315.8115   19.6512
    7.5000   37.5000  -15.000013653.4248   19.6257
   -7.5000   45.0000  -15.000012736.1426   19.2281
    0.0000   45.0000  -15.000013405.9277   19.2135
    7.5000   45.0000  -15.000012759.8037   19.1823
   -7.5000  -45.0000   -7.5000 9183.3799   21.2575
    0.0000  -45.0000   -7.5000 9648.5732   21.2462
    7.5000  -45.0000   -7.5000 9197.9932   21.2166
   -7.5000  -37.5000   -7.5000 9922.4424   20.7197
    0.0000  -37.5000   -7.500010457.4336   20.7135
    7.5000  -37.5000   -7.5000 9952.6553   20.6953
   -7.5000  -30.0000   -7.500011105.1826   20.3613
    0.0000  -30.0000   -7.500011720.0029   20.3443
    7.5000  -30.0000   -7.500011160.7295   20.3421
   -7.5000  -22.5000   -7.500012421.2344   20.2570
    0.0000  -22.5000   -7.500013136.1963   20.2246
    7.5000  -22.5000   -7.500012494.3262   20.2274
   -7.5000  -15.0000   -7.500013705.1406   20.2067
    0.0000  -15.0000   -7.500014528.2568   20.1687
    7.5000  -15.0000   -7.500013808.1045   20.1635
   -7.5000   -7.5000   -7.500015075.6279   20.1973
    0.0000   -7.5000   -7.500016069.5361   20.1713
    7.5000   -7.5000   -7.500015252.9688   20.1527
   -7.5000    0.0000   -7.500016411.0645   20.2089
    0.0000    0.0000   -7.500017647.2246   20.1998
    7.5000    0.0000   -7.500016746.4961   20.1743
   -7.5000    7.5000   -7.500016495.6914   20.1894
    0.0000    7.5000   -7.500017714.0586   20.1838
    7.5000    7.5000   -7.500016827.8613   20.1667
   -7.5000   15.0000   -7.500016160.9658   20.1621
    0.0000   15.0000   -7.500017188.9922   20.1454
    7.5000   15.0000   -7.500016341.6055   20.1430
   -7.5000   22.5000   -7.500015584.0996   20.1446
    0.0000   22.5000   -7.500016549.7031   20.1124
    7.5000   22.5000   -7.500015680.9229   20.1150
   -7.5000   30.0000   -7.500014797.1396   19.9061
    0.0000   30.0000   -7.500015733.9033   19.8688
    7.5000   30.0000   -7.500014818.7637   19.8635
   -7.5000   37.5000   -7.500014471.3398   19.9333
    0.0000   37.5000   -7.500015401.9854   19.9076
    7.5000   37.5000   -7.500014442.3691   19.8892
   -7.5000   45.0000   -7.500013501.9336   19.4776
    0.0000   45.0000   -7.500014373.2031   19.4688
    7.5000   45.0000   -7.500013482.3340   19.4443
   -7.5000  -45.0000    0.0000 9458.0537   21.3234
    0.0000  -45.0000    0.0000 9953.6494   21.3262
    7.5000  -45.0000    0.0000 9507.1436   21.3026
   -7.5000  -37.5000    0.000010247.5625   20.7850
    0.0000  -37.5000    0.000010795.6670   20.7890
    7.5000  -37.5000    0.000010317.8115   20.7701
   -7.5000  -30.0000    0.000011467.0938   20.4236
    0.0000  -30.0000    0.000012104.7197   20.4140
    7.5000  -30.0000    0.000011599.6504   20.4087
   -7.5000  -22.5000    0.000012818.1504   20.3150
    0.0000  -22.5000    0.000013561.8418   20.2907
    7.5000  -22.5000    0.000012994.2881   20.2944
   -7.5000  -15.0000    0.000014166.7188   20.2628
    0.0000  -15.0000    0.000014987.5488   20.2353
    7.5000  -15.0000    0.000014329.2969   20.2374
   -7.5000   -7.5000    0.000015635.0225   20.2543
    0.0000   -7.5000    0.000016656.2832   20.2412
    7.5000   -7.5000    0.000015824.5986   20.2319
   -7.5000    0.0000    0.000017139.4746   20.2696
    0.0000    0.0000    0.000018710.2051   20.2731
    7.5000    0.0000    0.000017516.4004   20.2533
   -7.5000    7.5000    0.000017385.7773   20.2522
    0.0000    7.5000    0.000019299.2559   20.2564
    7.5000    7.5000    0.000017873.2480   20.2388
   -7.5000   15.0000    0.000017164.3516   20.2229
    0.0000   15.0000    0.000018850.8574   20.2136
    7.5000   15.0000    0.000017380.1328   20.2082
   -7.5000   22.5000    0.000016451.2910   20.2015
    0.0000   22.5000    0.000017850.5059   20.1774
    7.5000   22.5000    0.000016457.3691   20.1809
   -7.5000   30.0000    0.000015479.5244   19.9613
    0.0000   30.0000    0.000016726.4883   19.9344
    7.5000   30.0000    0.000015471.8428   19.9363
   -7.5000   37.5000    0.000014998.4609   19.9901
    0.0000   37.5000    0.000016180.2090   19.9771
    7.5000   37.5000    0.000015057.2939   19.9679
   -7.5000   45.0000    0.000013950.7832   19.5376
    0.0000   45.0000    0.000014982.4531   19.5409
    7.5000   45.0000    0.000014056.5449   19.5219
   -7.5000  -45.0000    7.5000 9007.2910   21.3201
    0.0000  -45.0000    7.5000 9481.3594   21.3300
    7.5000  -45.0000    7.5000 9088.2021   21.3034
   -7.5000  -37.5000    7.5000 9761.2676   20.7878
    0.0000  -37.5000    7.500010308.0166   20.7989
    7.5000  -37.5000    7.5000 9876.2207   20.7763
   -7.5000  -30.0000    7.500010964.0322   20.4287
    0.0000  -30.0000    7.500011616.2021   20.4260
    7.5000  -30.0000    7.500011118.8877   20.4190
   -7.5000  -22.5000    7.500012281.4590   20.3171
    0.0000  -22.5000    7.500013014.2451   20.2995
    7.5000  -22.5000    7.500012441.1240   20.3044
   -7.5000  -15.0000    7.500013603.9053   20.2597
    0.0000  -15.0000    7.500014433.5605   20.2387
    7.5000  -15.0000    7.500013746.9570   20.2430
   -7.5000   -7.5000    7.500015000.2041   20.2490
    0.0000   -7.5000    7.500016097.8623   20.2418
    7.5000   -7.5000    7.500015217.3994   20.2328
   -7.5000    0.0000    7.500016340.1992   20.2671
    0.0000    0.0000    7.500017977.6191   20.2768
    7.5000    0.0000    7.500016848.2402   20.2541
   -7.5000    7.5000    7.500016487.3105   20.2549
    0.0000    7.5000    7.500018248.8398   20.2658
    7.5000    7.5000    7.500017026.9668   20.2448
   -7.5000   15.0000    7.500016251.0410   20.2278
    0.0000   15.0000    7.500017681.8027   20.2252
    7.5000   15.0000    7.500016485.1602   20.2181
   -7.5000   22.5000    7.500015612.4727   20.2033
    0.0000   22.5000    7.500016882.7676   20.1859
    7.5000   22.5000    7.500015737.6191   20.1906
   -7.5000   30.0000    7.500014756.3428   19.9581
    0.0000   30.0000    7.500016005.8350   19.9375
    7.5000   30.0000    7.500014959.4561   19.9417
   -7.5000   37.5000    7.500014305.4043   19.9848
    0.0000   37.5000    7.500015491.7295   19.9777
    7.5000   37.5000    7.500014553.3564   19.9687
   -7.5000   45.0000    7.500013287.5576   19.5351
    0.0000   45.0000    7.500014295.7012   19.5445
    7.5000   45.0000    7.500013518.6943   19.5227
   -7.5000  -45.0000   15.0000 8432.8789   21.3248
    0.0000  -45.0000   15.0000 8986.1738   21.3293
    7.5000  -45.0000   15.0000 8526.8955   21.2965
   -7.5000  -37.5000   15.0000 9175.7773   20.7976
    0.0000  -37.5000   15.0000 9810.9072   20.8071
    7.5000  -37.5000   15.0000 9319.4121   20.7827
   -7.5000  -30.0000   15.000010352.5146   20.4434
    0.0000  -30.0000   15.000011039.8408   20.4410
    7.5000  -30.0000   15.000010506.8643   20.4352
   -7.5000  -22.5000   15.000011598.7021   20.3330
    0.0000  -22.5000   15.000012331.8428   20.3146
    7.5000  -22.5000   15.000011729.1738   20.3194
   -7.5000  -15.0000   15.000012805.3086   20.2723
    0.0000  -15.0000   15.000013623.4932   20.2475
    7.5000  -15.0000   15.000012939.0273   20.2480
   -7.5000   -7.5000   15.000013982.7510   20.2571
    0.0000   -7.5000   15.000015022.9746   20.2439
    7.5000   -7.5000   15.000014248.3271   20.2279
   -7.5000    0.0000   15.000015102.0176   20.2735
    0.0000    0.0000   15.000016467.2734   20.2783
    7.5000    0.0000   15.000015647.2383   20.2494
   -7.5000    7.5000   15.000015134.1191   20.2647
    0.0000    7.5000   15.000016438.7285   20.2739
    7.5000    7.5000   15.000015569.6172   20.2508
   -7.5000   15.0000   15.000014931.8076   20.2426
    0.0000   15.0000   15.000015936.2051   20.2402
    7.5000   15.0000   15.000015106.1602   20.2342
   -7.5000   22.5000   15.000014412.8086   20.2194
    0.0000   22.5000   15.000015373.6611   20.2011
    7.5000   22.5000   15.000014595.1660   20.2058
   -7.5000   30.0000   15.000013734.2012   19.9707
    0.0000   30.0000   15.000014725.7900   19.9464
    7.5000   30.0000   15.000014000.8740   19.9467
   -7.5000   37.5000   15.000013396.6260   19.9927
    0.0000   37.5000   15.000014333.6904   19.9797
    7.5000   37.5000   15.000013655.4688   19.9639
   -7.5000   45.0000   15.000012446.4941   19.5414
    0.0000   45.0000   15.000013277.8457   19.5459
    7.5000   45.0000   15.000012692.1191   19.5181
   -7.5000  -45.0000   22.5000 7821.3120   21.6500
    0.0000  -45.0000   22.5000 8374.3145   21.6398
    7.5000  -45.0000   22.5000 7911.6392   21.6008
   -7.5000  -37.5000   22.5000 8554.4932   21.1125
    0.0000  -37.5000   22.5000 9144.0264   21.1115
    7.5000  -37.5000   22.5000 8681.5449   21.0869
   -7.5000  -30.0000   22.5000 9638.6416   20.7494
    0.0000  -30.0000   22.500010270.0967   20.7392
    7.5000  -30.0000   22.5000 9780.7500   20.7359
   -7.5000  -22.5000   22.500010776.1719   20.6383
    0.0000  -22.5000   22.500011439.4238   20.6114
    7.5000  -22.5000   22.500010913.6592   20.6155
   -7.5000  -15.0000   22.500011869.9971   20.5766
    0.0000  -15.0000   22.500012572.7236   20.5405
    7.5000  -15.0000   22.500012018.1953   20.5344
   -7.5000   -7.5000   22.500012952.0469   20.5597
    0.0000   -7.5000   22.500013786.3369   20.5329
    7.5000   -7.5000   22.500013223.7871   20.5081
   -7.5000    0.0000   22.500013969.4004   20.5742
    0.0000    0.0000   22.500015016.7070   20.5657
    7.5000    0.0000   22.500014419.0195   20.5309
   -7.5000    7.5000   22.500013977.2002   20.5639
    0.0000    7.5000   22.500014933.1797   20.5629
    7.5000    7.5000   22.500014290.6113   20.5395
   -7.5000   15.0000   22.500013781.7002   20.5431
    0.0000   15.0000   22.500014581.7109   20.5330
    7.5000   15.0000   22.500013941.6865   20.5296
   -7.5000   22.5000   22.500013374.9033   20.5222
    0.0000   22.5000   22.500014152.5850   20.4954
    7.5000   22.5000   22.500013542.5654   20.4992
   -7.5000   30.0000   22.500012809.6982   20.2702
    0.0000   30.0000   22.500013589.7314   20.2348
    7.5000   30.0000   22.500012986.7031   20.2287
   -7.5000   37.5000   22.500012517.4209   20.2915
    0.0000   37.5000   22.500013284.7539   20.2650
    7.5000   37.5000   22.500012706.9248   20.2405
   -7.5000   45.0000   22.500011623.2979   19.8311
    0.0000   45.0000   22.500012345.7637   19.8230
    7.5000   45.0000   22.500011841.4492   19.7894
   -7.5000  -45.0000   30.0000 7182.8003   22.2168
    0.0000  -45.0000   30.0000 7631.4058   22.1974
    7.5000  -45.0000   30.0000 7275.4888   22.1569
   -7.5000  -37.5000   30.0000 7884.1851   21.6528
    0.0000  -37.5000   30.0000 8357.2256   21.6436
    7.5000  -37.5000   30.0000 7994.5991   21.6209
   -7.5000  -30.0000   30.0000 8875.1504   21.2677
    0.0000  -30.0000   30.0000 9356.6006   21.2496
    7.5000  -30.0000   30.0000 8985.9824   21.2481
   -7.5000  -22.5000   30.0000 9907.0098   21.1544
    0.0000  -22.5000   30.000010401.6514   21.1188
    7.5000  -22.5000   30.000010017.9814   21.1217
   -7.5000  -15.0000   30.000010915.5576   21.0955
    0.0000  -15.0000   30.000011485.6025   21.0504
    7.5000  -15.0000   30.000011061.9375   21.0400
   -7.5000   -7.5000   30.000011930.2695   21.0810
    0.0000   -7.5000   30.000012641.4336   21.0457
    7.5000   -7.5000   30.000012187.4658   21.0169
   -7.5000    0.0000   30.000012889.0029   21.0930
    0.0000    0.0000   30.000013702.7734   21.0766
    7.5000    0.0000   30.000013224.4941   21.0408
   -7.5000    7.5000   30.000012847.0254   21.0761
    0.0000    7.5000   30.000013585.6553   21.0674
    7.5000    7.5000   30.000013072.0059   21.0455
   -7.5000   15.0000   30.000012638.6699   21.0514
    0.0000   15.0000   30.000013305.6914   21.0335
    7.5000   15.0000   30.000012791.8672   21.0318
   -7.5000   22.5000   30.000012328.6172   21.0329
    0.0000   22.5000   30.000012980.6406   20.9975
    7.5000   22.5000   30.000012472.6006   21.0001
   -7.5000   30.0000   30.000011864.6914   20.7808
    0.0000   30.0000   30.000012492.6348   20.7364
    7.5000   30.0000   30.000011979.2539   20.7260
   -7.5000   37.5000   30.000011604.9531   20.8059
    0.0000   37.5000   30.000012238.0137   20.7711
    7.5000   37.5000   30.000011727.1172   20.7426
   -7.5000   45.0000   30.000010781.7246   20.3312
    0.0000   45.0000   30.000011397.0684   20.3154
    7.5000   45.0000   30.000010941.5811   20.2809
   -7.5000  -45.0000   37.5000 6896.4111   23.0921
    0.0000  -45.0000   37.5000 7268.4834   23.0804
    7.5000  -45.0000   37.5000 6988.5625   23.0447
   -7.5000  -37.5000   37.5000 7577.2998   22.4930
    0.0000  -37.5000   37.5000 7969.8662   22.4869
    7.5000  -37.5000   37.5000 7676.8052   22.4650
   -7.5000  -30.0000   37.5000 8519.9326   22.0790
    0.0000  -30.0000   37.5000 8922.4023   22.0596
    7.5000  -30.0000   37.5000 8623.1719   22.0552
   -7.5000  -22.5000   37.5000 9513.4766   21.9573
    0.0000  -22.5000   37.5000 9943.5557   21.9198
    7.5000  -22.5000   37.5000 9607.6680   21.9195
   -7.5000  -15.0000   37.500010507.2979   21.8928
    0.0000  -15.0000   37.500010999.1914   21.8490
    7.5000  -15.0000   37.500010629.4395   21.8390
   -7.5000   -7.5000   37.500011476.4902   21.8749
    0.0000   -7.5000   37.500012100.7275   21.8458
    7.5000   -7.5000   37.500011699.6143   21.8214
   -7.5000    0.0000   37.500012385.0830   21.8881
    0.0000    0.0000   37.500013085.5049   21.8789
    7.5000    0.0000   37.500012638.1816   21.8482
   -7.5000    7.5000   37.500012323.7764   21.8714
    0.0000    7.5000   37.500012979.7686   21.8659
    7.5000    7.5000   37.500012501.0537   21.8453
   -7.5000   15.0000   37.500012082.4736   21.8455
    0.0000   15.0000   37.500012724.2139   21.8265
    7.5000   15.0000   37.500012245.1113   21.8218
   -7.5000   22.5000   37.500011807.1299   21.8264
    0.0000   22.5000   37.500012427.5420   21.7893
    7.5000   22.5000   37.500011961.8760   21.7887
   -7.5000   30.0000   37.500011413.5264   21.5643
    0.0000   30.0000   37.500011993.6396   21.5212
    7.5000   30.0000   37.500011526.3242   21.5112
   -7.5000   37.5000   37.500011190.9736   21.5893
    0.0000   37.5000   37.500011786.0234   21.5606
    7.5000   37.5000   37.500011320.0811   21.5365
   -7.5000   45.0000   37.500010406.5479   21.0976
    0.0000   45.0000   37.500010974.1621   21.0887
    7.5000   45.0000   37.500010548.3369   21.0591
   -7.5000  -45.0000   45.0000 6353.7119   24.0420
    0.0000  -45.0000   45.0000 6685.1167   24.0457
    7.5000  -45.0000   45.0000 6434.0532   24.0098
   -7.5000  -37.5000   45.0000 6975.1353   23.4061
    0.0000  -37.5000   45.0000 7307.6040   23.4099
    7.5000  -37.5000   45.0000 7038.7681   23.3821
   -7.5000  -30.0000   45.0000 7852.0459   22.9583
    0.0000  -30.0000   45.0000 8194.5918   22.9423
    7.5000  -30.0000   45.0000 7895.3921   22.9319
   -7.5000  -22.5000   45.0000 8777.4941   22.8130
    0.0000  -22.5000   45.0000 9156.1201   22.7770
    7.5000  -22.5000   45.0000 8827.8643   22.7761
   -7.5000  -15.0000   45.0000 9674.0430   22.7323
    0.0000  -15.0000   45.000010137.2803   22.6935
    7.5000  -15.0000   45.0000 9781.8398   22.6885
   -7.5000   -7.5000   45.000010592.0625   22.7153
    0.0000   -7.5000   45.000011160.9658   22.6973
    7.5000   -7.5000   45.000010772.5186   22.6784
   -7.5000    0.0000   45.000011429.2852   22.7403
    0.0000    0.0000   45.000012033.3555   22.7450
    7.5000    0.0000   45.000011598.0195   22.7148
   -7.5000    7.5000   45.000011329.4092   22.7318
    0.0000    7.5000   45.000011923.0293   22.7359
    7.5000    7.5000   45.000011468.7500   22.7102
   -7.5000   15.0000   45.000011094.4434   22.7035
    0.0000   15.0000   45.000011711.6445   22.6878
    7.5000   15.0000   45.000011249.0264   22.6773
   -7.5000   22.5000   45.000010832.6064   22.6703
    0.0000   22.5000   45.000011411.1367   22.6348
    7.5000   22.5000   45.000010979.3184   22.6336
   -7.5000   30.0000   45.000010469.9268   22.3865
    0.0000   30.0000   45.000011020.4893   22.3484
    7.5000   30.0000   45.000010595.7637   22.3434
   -7.5000   37.5000   45.000010300.1875   22.4166
    0.0000   37.5000   45.000010871.0918   22.3989
    7.5000   37.5000   45.000010450.5557   22.3802
   -7.5000   45.0000   45.0000 9597.4375   21.9289
    0.0000   45.0000   45.000010124.9287   21.9335
    7.5000   45.0000   45.0000 9736.5723   21.9044

---------------------------------------------------------------------
imgreg_4dfp /opt/freesurfer/average/711-2C_as_mni_average_305 /opt/freesurfer/average/711-2B_as_mni_average_305_mask talsrcimg_g11 none talsrcimg_to_711-2C_as_mni_average_305_t4 4355
---------------------------------------------------------------------

freesurfer imgreg_4dfp.c
/opt/freesurfer/average/711-2C_as_mni_average_305.4dfp.img
       256       256       256         1
  1.000000  1.000000  1.000000
orientation T byte_order littleendian
Reading image: /opt/freesurfer/average/711-2C_as_mni_average_305.4dfp.img
dimensions:      256       256       256
mmppix:       1.0000   -1.0000   -1.0000
center:     128.0000 -129.0000 -129.0000
/opt/freesurfer/average/711-2B_as_mni_average_305_mask.4dfp.img
       256       256       256         1
  1.000000  1.000000  1.000000
orientation T byte_order littleendian
Reading mask: /opt/freesurfer/average/711-2B_as_mni_average_305_mask.4dfp.img (2306576 pixels)
talsrcimg_g11.4dfp.img
       256       256       256         1
  1.000000  1.000000  1.000000
orientation T byte_order littleendian
Reading image: talsrcimg_g11.4dfp.img
dimensions:      256       256       256
mmppix:       1.0000   -1.0000   -1.0000
center:     128.0000 -129.0000 -129.0000
rotation matrix determinant  1.000000
image alignment mode   4355 decimal     1103 hex
   -7.5000  -37.5000  -45.0000 2183.9104   24.7157
    0.0000  -37.5000  -45.0000 2198.7122   24.6505
    7.5000  -37.5000  -45.0000 2187.0571   24.4759
   -7.5000  -30.0000  -45.0000 2296.3303   22.4038
    0.0000  -30.0000  -45.0000 2310.0840   22.3632
    7.5000  -30.0000  -45.0000 2299.3044   22.2413
   -7.5000  -22.5000  -45.0000 2385.6013   20.5940
    0.0000  -22.5000  -45.0000 2399.3208   20.5308
    7.5000  -22.5000  -45.0000 2387.0984   20.4348
   -7.5000  -15.0000  -45.0000 2454.7109   19.2335
    0.0000  -15.0000  -45.0000 2468.7236   19.1313
    7.5000  -15.0000  -45.0000 2455.8298   19.0919
   -7.5000   -7.5000  -45.0000 2492.1187   18.3228
    0.0000   -7.5000  -45.0000 2509.3728   18.1687
    7.5000   -7.5000  -45.0000 2493.1619   18.1990
   -7.5000    0.0000  -45.0000 2517.4233   17.7606
    0.0000    0.0000  -45.0000 2536.8901   17.5520
    7.5000    0.0000  -45.0000 2521.9299   17.5814
   -7.5000    7.5000  -45.0000 2527.2080   17.5965
    0.0000    7.5000  -45.0000 2546.2600   17.3458
    7.5000    7.5000  -45.0000 2533.2949   17.3774
   -7.5000   15.0000  -45.0000 2532.8274   17.6698
    0.0000   15.0000  -45.0000 2551.6238   17.4316
    7.5000   15.0000  -45.0000 2545.4399   17.4391
   -7.5000   22.5000  -45.0000 2517.2522   17.9973
    0.0000   22.5000  -45.0000 2537.3369   17.7592
    7.5000   22.5000  -45.0000 2531.1201   17.7709
   -7.5000   30.0000  -45.0000 2485.8457   18.6863
    0.0000   30.0000  -45.0000 2510.2068   18.4284
    7.5000   30.0000  -45.0000 2500.4551   18.3918
   -7.5000   37.5000  -45.0000 2435.2358   19.6224
    0.0000   37.5000  -45.0000 2466.1453   19.3999
    7.5000   37.5000  -45.0000 2452.7449   19.3166
   -7.5000   45.0000  -45.0000 2360.7732   20.8581
    0.0000   45.0000  -45.0000 2396.2871   20.7172
    7.5000   45.0000  -45.0000 2382.5850   20.6015
   -7.5000   52.5000  -45.0000 2249.7271   22.3157
    0.0000   52.5000  -45.0000 2277.2354   22.1940
    7.5000   52.5000  -45.0000 2264.6758   22.0659
   -7.5000  -37.5000  -37.5000 2236.1511   23.7028
    0.0000  -37.5000  -37.5000 2254.0999   23.6584
    7.5000  -37.5000  -37.5000 2243.1143   23.5715
   -7.5000  -30.0000  -37.5000 2355.0388   21.4650
    0.0000  -30.0000  -37.5000 2373.1042   21.4195
    7.5000  -30.0000  -37.5000 2360.3870   21.3276
   -7.5000  -22.5000  -37.5000 2446.3940   19.6272
    0.0000  -22.5000  -37.5000 2466.3132   19.5458
    7.5000  -22.5000  -37.5000 2451.3105   19.5091
   -7.5000  -15.0000  -37.5000 2521.9397   18.2813
    0.0000  -15.0000  -37.5000 2543.0654   18.1768
    7.5000  -15.0000  -37.5000 2527.8232   18.1286
   -7.5000   -7.5000  -37.5000 2564.2576   17.3179
    0.0000   -7.5000  -37.5000 2586.7666   17.1720
    7.5000   -7.5000  -37.5000 2573.3506   17.1309
   -7.5000    0.0000  -37.5000 2593.2092   16.7403
    0.0000    0.0000  -37.5000 2610.5051   16.5140
    7.5000    0.0000  -37.5000 2604.5330   16.5087
   -7.5000    7.5000  -37.5000 2605.5225   16.5366
    0.0000    7.5000  -37.5000 2624.9456   16.2821
    7.5000    7.5000  -37.5000 2618.7185   16.3365
   -7.5000   15.0000  -37.5000 2609.7952   16.5528
    0.0000   15.0000  -37.5000 2625.5139   16.3398
    7.5000   15.0000  -37.5000 2622.7795   16.3698
   -7.5000   22.5000  -37.5000 2599.1428   16.8221
    0.0000   22.5000  -37.5000 2620.1550   16.6051
    7.5000   22.5000  -37.5000 2617.4270   16.6645
   -7.5000   30.0000  -37.5000 2568.0879   17.4318
    0.0000   30.0000  -37.5000 2597.8108   17.2031
    7.5000   30.0000  -37.5000 2593.1943   17.2234
   -7.5000   37.5000  -37.5000 2517.3745   18.3043
    0.0000   37.5000  -37.5000 2546.9143   18.0911
    7.5000   37.5000  -37.5000 2546.0044   18.1013
   -7.5000   45.0000  -37.5000 2440.4590   19.4473
    0.0000   45.0000  -37.5000 2474.6453   19.2859
    7.5000   45.0000  -37.5000 2470.4351   19.2677
   -7.5000   52.5000  -37.5000 2326.5388   20.8145
    0.0000   52.5000  -37.5000 2353.3020   20.6558
    7.5000   52.5000  -37.5000 2348.3855   20.6157
   -7.5000  -37.5000  -30.0000 2320.7258   23.6684
    0.0000  -37.5000  -30.0000 2335.6021   23.5994
    7.5000  -37.5000  -30.0000 2321.6008   23.4708
   -7.5000  -30.0000  -30.0000 2443.9155   21.3467
    0.0000  -30.0000  -30.0000 2459.6958   21.2856
    7.5000  -30.0000  -30.0000 2444.9343   21.2191
   -7.5000  -22.5000  -30.0000 2539.0208   19.4286
    0.0000  -22.5000  -30.0000 2557.2168   19.3658
    7.5000  -22.5000  -30.0000 2546.6226   19.3472
   -7.5000  -15.0000  -30.0000 2616.0078   18.0371
    0.0000  -15.0000  -30.0000 2633.7964   17.8825
    7.5000  -15.0000  -30.0000 2626.9133   17.8705
   -7.5000   -7.5000  -30.0000 2673.7537   16.9513
    0.0000   -7.5000  -30.0000 2695.6909   16.8136
    7.5000   -7.5000  -30.0000 2688.4053   16.7643
   -7.5000    0.0000  -30.0000 2707.7698   16.3073
    0.0000    0.0000  -30.0000 2727.5256   16.0924
    7.5000    0.0000  -30.0000 2724.7073   16.0975
   -7.5000    7.5000  -30.0000 2726.0693   16.0590
    0.0000    7.5000  -30.0000 2744.3162   15.7902
    7.5000    7.5000  -30.0000 2742.3723   15.8496
   -7.5000   15.0000  -30.0000 2727.9197   16.0746
    0.0000   15.0000  -30.0000 2747.4463   15.8267
    7.5000   15.0000  -30.0000 2745.7520   15.8946
   -7.5000   22.5000  -30.0000 2723.0127   16.3762
    0.0000   22.5000  -30.0000 2745.0928   16.1212
    7.5000   22.5000  -30.0000 2747.0396   16.2066
   -7.5000   30.0000  -30.0000 2696.3445   16.9493
    0.0000   30.0000  -30.0000 2717.9146   16.6437
    7.5000   30.0000  -30.0000 2726.1792   16.7405
   -7.5000   37.5000  -30.0000 2647.3894   17.7850
    0.0000   37.5000  -30.0000 2670.0964   17.5014
    7.5000   37.5000  -30.0000 2678.9653   17.5591
   -7.5000   45.0000  -30.0000 2564.0164   18.8834
    0.0000   45.0000  -30.0000 2588.4839   18.6524
    7.5000   45.0000  -30.0000 2595.5100   18.6618
   -7.5000   52.5000  -30.0000 2440.2605   20.2571
    0.0000   52.5000  -30.0000 2464.4805   20.0001
    7.5000   52.5000  -30.0000 2466.6594   20.0080
   -7.5000  -37.5000  -22.5000 2366.9438   23.4561
    0.0000  -37.5000  -22.5000 2378.6663   23.3971
    7.5000  -37.5000  -22.5000 2366.1895   23.2529
   -7.5000  -30.0000  -22.5000 2485.4988   21.0395
    0.0000  -30.0000  -22.5000 2505.5073   21.0143
    7.5000  -30.0000  -22.5000 2492.4258   20.9478
   -7.5000  -22.5000  -22.5000 2587.7361   19.1171
    0.0000  -22.5000  -22.5000 2609.4150   19.0565
    7.5000  -22.5000  -22.5000 2600.8657   19.0443
   -7.5000  -15.0000  -22.5000 2668.4268   17.6128
    0.0000  -15.0000  -22.5000 2693.7617   17.5126
    7.5000  -15.0000  -22.5000 2685.4885   17.4870
   -7.5000   -7.5000  -22.5000 2739.8047   16.5291
    0.0000   -7.5000  -22.5000 2766.4167   16.3955
    7.5000   -7.5000  -22.5000 2762.5037   16.3943
   -7.5000    0.0000  -22.5000 2782.3486   15.8458
    0.0000    0.0000  -22.5000 2806.9258   15.6341
    7.5000    0.0000  -22.5000 2806.9307   15.6620
   -7.5000    7.5000  -22.5000 2806.6055   15.5000
    0.0000    7.5000  -22.5000 2827.9922   15.2322
    7.5000    7.5000  -22.5000 2832.2715   15.3236
   -7.5000   15.0000  -22.5000 2818.8342   15.5172
    0.0000   15.0000  -22.5000 2834.8005   15.2133
    7.5000   15.0000  -22.5000 2834.1333   15.3040
   -7.5000   22.5000  -22.5000 2817.4692   15.8626
    0.0000   22.5000  -22.5000 2833.8101   15.5337
    7.5000   22.5000  -22.5000 2842.5356   15.6511
   -7.5000   30.0000  -22.5000 2793.0388   16.4388
    0.0000   30.0000  -22.5000 2807.1001   16.0680
    7.5000   30.0000  -22.5000 2824.4109   16.2124
   -7.5000   37.5000  -22.5000 2739.3179   17.2297
    0.0000   37.5000  -22.5000 2759.6592   16.8867
    7.5000   37.5000  -22.5000 2774.1670   16.9833
   -7.5000   45.0000  -22.5000 2659.9780   18.3256
    0.0000   45.0000  -22.5000 2679.4033   18.0149
    7.5000   45.0000  -22.5000 2688.5928   18.0741
   -7.5000   52.5000  -22.5000 2529.6143   19.6126
    0.0000   52.5000  -22.5000 2553.2822   19.3682
    7.5000   52.5000  -22.5000 2557.4971   19.3862
   -7.5000  -37.5000  -15.0000 2364.8191   23.2479
    0.0000  -37.5000  -15.0000 2388.3228   23.1826
    7.5000  -37.5000  -15.0000 2374.0547   23.1371
   -7.5000  -30.0000  -15.0000 2485.0352   20.8473
    0.0000  -30.0000  -15.0000 2509.5703   20.7434
    7.5000  -30.0000  -15.0000 2497.5857   20.7320
   -7.5000  -22.5000  -15.0000 2598.5713   18.8885
    0.0000  -22.5000  -15.0000 2619.8796   18.7748
    7.5000  -22.5000  -15.0000 2612.6287   18.7685
   -7.5000  -15.0000  -15.0000 2684.8616   17.3499
    0.0000  -15.0000  -15.0000 2707.5391   17.2478
    7.5000  -15.0000  -15.0000 2699.3269   17.1970
   -7.5000   -7.5000  -15.0000 2763.3430   16.2525
    0.0000   -7.5000  -15.0000 2787.4951   16.1411
    7.5000   -7.5000  -15.0000 2781.0901   16.1106
   -7.5000    0.0000  -15.0000 2816.4316   15.5726
    0.0000    0.0000  -15.0000 2839.8557   15.4079
    7.5000    0.0000  -15.0000 2839.3098   15.4146
   -7.5000    7.5000  -15.0000 2850.7397   15.1380
    0.0000    7.5000  -15.0000 2869.8323   14.8962
    7.5000    7.5000  -15.0000 2873.5518   15.0042
   -7.5000   15.0000  -15.0000 2865.9324   15.0446
    0.0000   15.0000  -15.0000 2874.2673   14.7332
    7.5000   15.0000  -15.0000 2880.4990   14.9088
   -7.5000   22.5000  -15.0000 2872.5371   15.4286
    0.0000   22.5000  -15.0000 2878.3025   15.0635
    7.5000   22.5000  -15.0000 2899.5227   15.2644
   -7.5000   30.0000  -15.0000 2848.2451   16.0053
    0.0000   30.0000  -15.0000 2858.6660   15.6566
    7.5000   30.0000  -15.0000 2880.2800   15.8259
   -7.5000   37.5000  -15.0000 2800.4656   16.8067
    0.0000   37.5000  -15.0000 2815.4526   16.4597
    7.5000   37.5000  -15.0000 2828.6326   16.5544
   -7.5000   45.0000  -15.0000 2720.9351   17.8873
    0.0000   45.0000  -15.0000 2734.7927   17.5280
    7.5000   45.0000  -15.0000 2742.5762   17.5735
   -7.5000   52.5000  -15.0000 2589.7302   19.1790
    0.0000   52.5000  -15.0000 2606.2009   18.8611
    7.5000   52.5000  -15.0000 2612.7747   18.8810
   -7.5000  -37.5000   -7.5000 2334.3079   23.1400
    0.0000  -37.5000   -7.5000 2359.7319   23.1059
    7.5000  -37.5000   -7.5000 2352.1287   23.0417
   -7.5000  -30.0000   -7.5000 2451.8469   20.6271
    0.0000  -30.0000   -7.5000 2481.2976   20.6057
    7.5000  -30.0000   -7.5000 2471.5178   20.5723
   -7.5000  -22.5000   -7.5000 2570.6965   18.7170
    0.0000  -22.5000   -7.5000 2599.6284   18.6554
    7.5000  -22.5000   -7.5000 2589.4990   18.6500
   -7.5000  -15.0000   -7.5000 2661.1128   17.2400
    0.0000  -15.0000   -7.5000 2689.3218   17.1613
    7.5000  -15.0000   -7.5000 2686.1030   17.1410
   -7.5000   -7.5000   -7.5000 2753.9985   16.1952
    0.0000   -7.5000   -7.5000 2783.2295   16.0892
    7.5000   -7.5000   -7.5000 2783.6870   16.0930
   -7.5000    0.0000   -7.5000 2824.6780   15.5089
    0.0000    0.0000   -7.5000 2858.8433   15.4640
    7.5000    0.0000   -7.5000 2863.8225   15.4372
   -7.5000    7.5000   -7.5000 2875.9568   15.1417
    0.0000    7.5000   -7.5000 2919.8408   15.1014
    7.5000    7.5000   -7.5000 2920.2766   15.0870
   -7.5000   15.0000   -7.5000 2896.4939   14.9756
    0.0000   15.0000   -7.5000 2923.2209   14.7494
    7.5000   15.0000   -7.5000 2926.7388   14.8743
   -7.5000   22.5000   -7.5000 2899.2434   15.1750
    0.0000   22.5000   -7.5000 2923.3420   14.9205
    7.5000   22.5000   -7.5000 2925.8713   15.0036
   -7.5000   30.0000   -7.5000 2872.7427   15.6633
    0.0000   30.0000   -7.5000 2902.2224   15.4444
    7.5000   30.0000   -7.5000 2898.9988   15.4147
   -7.5000   37.5000   -7.5000 2826.2734   16.4275
    0.0000   37.5000   -7.5000 2854.9109   16.1766
    7.5000   37.5000   -7.5000 2849.0959   16.0820
   -7.5000   45.0000   -7.5000 2741.3892   17.5012
    0.0000   45.0000   -7.5000 2771.7612   17.2401
    7.5000   45.0000   -7.5000 2765.6396   17.1291
   -7.5000   52.5000   -7.5000 2608.9387   18.7954
    0.0000   52.5000   -7.5000 2641.8230   18.5798
    7.5000   52.5000   -7.5000 2633.8123   18.4745
   -7.5000  -37.5000    0.0000 2302.1357   23.5561
    0.0000  -37.5000    0.0000 2323.9929   23.4531
    7.5000  -37.5000    0.0000 2321.8796   23.5314
   -7.5000  -30.0000    0.0000 2419.3604   20.9427
    0.0000  -30.0000    0.0000 2439.9265   20.8143
    7.5000  -30.0000    0.0000 2444.7520   20.9543
   -7.5000  -22.5000    0.0000 2534.4646   18.9874
    0.0000  -22.5000    0.0000 2556.3933   18.8596
    7.5000  -22.5000    0.0000 2568.6560   19.0096
   -7.5000  -15.0000    0.0000 2634.6550   17.4968
    0.0000  -15.0000    0.0000 2653.3914   17.3422
    7.5000  -15.0000    0.0000 2671.3076   17.4495
   -7.5000   -7.5000    0.0000 2735.9446   16.4592
    0.0000   -7.5000    0.0000 2763.6506   16.3529
    7.5000   -7.5000    0.0000 2776.8184   16.3802
   -7.5000    0.0000    0.0000 2823.0447   15.8335
    0.0000    0.0000    0.0000 2874.1025   15.8470
    7.5000    0.0000    0.0000 2865.6907   15.7078
   -7.5000    7.5000    0.0000 2896.2043   15.4628
    0.0000    7.5000    0.0000 2964.9917   15.6443
    7.5000    7.5000    0.0000 2942.3909   15.3606
   -7.5000   15.0000    0.0000 2923.5508   15.2449
    0.0000   15.0000    0.0000 2991.9590   15.3028
    7.5000   15.0000    0.0000 2958.7422   15.0772
   -7.5000   22.5000    0.0000 2913.0977   15.2110
    0.0000   22.5000    0.0000 2965.2773   15.1387
    7.5000   22.5000    0.0000 2935.4595   14.9693
   -7.5000   30.0000    0.0000 2874.8455   15.5305
    0.0000   30.0000    0.0000 2919.0291   15.3467
    7.5000   30.0000    0.0000 2904.4080   15.2016
   -7.5000   37.5000    0.0000 2826.0430   16.2324
    0.0000   37.5000    0.0000 2861.4294   15.9924
    7.5000   37.5000    0.0000 2856.5984   15.9139
   -7.5000   45.0000    0.0000 2742.1143   17.3289
    0.0000   45.0000    0.0000 2772.6707   17.0843
    7.5000   45.0000    0.0000 2779.0623   17.0436
   -7.5000   52.5000    0.0000 2619.7097   18.6460
    0.0000   52.5000    0.0000 2645.6726   18.4407
    7.5000   52.5000    0.0000 2649.7378   18.3935
   -7.5000  -37.5000    7.5000 2269.0120   24.3381
    0.0000  -37.5000    7.5000 2283.4006   24.1627
    7.5000  -37.5000    7.5000 2293.1665   24.3626
   -7.5000  -30.0000    7.5000 2389.7542   21.6870
    0.0000  -30.0000    7.5000 2404.9492   21.5510
    7.5000  -30.0000    7.5000 2417.1331   21.7154
   -7.5000  -22.5000    7.5000 2507.3813   19.7041
    0.0000  -22.5000    7.5000 2521.8594   19.5954
    7.5000  -22.5000    7.5000 2535.3230   19.7241
   -7.5000  -15.0000    7.5000 2616.8984   18.1591
    0.0000  -15.0000    7.5000 2633.6614   18.0621
    7.5000  -15.0000    7.5000 2643.0532   18.1345
   -7.5000   -7.5000    7.5000 2725.3674   17.0313
    0.0000   -7.5000    7.5000 2755.4001   16.9773
    7.5000   -7.5000    7.5000 2756.3738   16.9340
   -7.5000    0.0000    7.5000 2817.8923   16.2747
    0.0000    0.0000    7.5000 2871.5022   16.3311
    7.5000    0.0000    7.5000 2858.1506   16.1675
   -7.5000    7.5000    7.5000 2895.1682   15.7384
    0.0000    7.5000    7.5000 2968.7139   15.9249
    7.5000    7.5000    7.5000 2948.4568   15.7036
   -7.5000   15.0000    7.5000 2929.9333   15.4526
    0.0000   15.0000    7.5000 2989.1057   15.3382
    7.5000   15.0000    7.5000 2967.2068   15.2465
   -7.5000   22.5000    7.5000 2922.4341   15.4825
    0.0000   22.5000    7.5000 2966.5076   15.1484
    7.5000   22.5000    7.5000 2942.3823   15.1031
   -7.5000   30.0000    7.5000 2876.8296   15.8161
    0.0000   30.0000    7.5000 2922.9465   15.5048
    7.5000   30.0000    7.5000 2914.1045   15.4805
   -7.5000   37.5000    7.5000 2818.4585   16.4788
    0.0000   37.5000    7.5000 2856.3877   16.2677
    7.5000   37.5000    7.5000 2857.1011   16.2449
   -7.5000   45.0000    7.5000 2737.4368   17.5229
    0.0000   45.0000    7.5000 2763.6978   17.3508
    7.5000   45.0000    7.5000 2770.9280   17.3134
   -7.5000   52.5000    7.5000 2612.1235   18.8254
    0.0000   52.5000    7.5000 2641.6135   18.6420
    7.5000   52.5000    7.5000 2643.9185   18.5916
   -7.5000  -37.5000   15.0000 2234.1670   25.3811
    0.0000  -37.5000   15.0000 2257.9321   25.4161
    7.5000  -37.5000   15.0000 2257.4749   25.5861
   -7.5000  -30.0000   15.0000 2357.8250   22.6055
    0.0000  -30.0000   15.0000 2384.5166   22.6359
    7.5000  -30.0000   15.0000 2383.5317   22.8007
   -7.5000  -22.5000   15.0000 2475.7412   20.5396
    0.0000  -22.5000   15.0000 2500.6777   20.4647
    7.5000  -22.5000   15.0000 2499.5530   20.5546
   -7.5000  -15.0000   15.0000 2584.4419   18.8526
    0.0000  -15.0000   15.0000 2611.3198   18.7562
    7.5000  -15.0000   15.0000 2611.3967   18.7923
   -7.5000   -7.5000   15.0000 2690.1631   17.5530
    0.0000   -7.5000   15.0000 2725.7341   17.4804
    7.5000   -7.5000   15.0000 2724.6726   17.4666
   -7.5000    0.0000   15.0000 2787.9729   16.6123
    0.0000    0.0000   15.0000 2830.8887   16.6149
    7.5000    0.0000   15.0000 2826.8508   16.5846
   -7.5000    7.5000   15.0000 2861.7422   15.9932
    0.0000    7.5000   15.0000 2915.9380   15.9479
    7.5000    7.5000   15.0000 2908.6553   15.9531
   -7.5000   15.0000   15.0000 2906.2268   15.6541
    0.0000   15.0000   15.0000 2943.2917   15.2898
    7.5000   15.0000   15.0000 2934.1924   15.3390
   -7.5000   22.5000   15.0000 2902.3882   15.6933
    0.0000   22.5000   15.0000 2939.6406   15.2320
    7.5000   22.5000   15.0000 2932.3186   15.3186
   -7.5000   30.0000   15.0000 2864.3630   16.1288
    0.0000   30.0000   15.0000 2911.7451   15.7438
    7.5000   30.0000   15.0000 2908.1902   15.8266
   -7.5000   37.5000   15.0000 2802.9968   16.9489
    0.0000   37.5000   15.0000 2837.0488   16.6723
    7.5000   37.5000   15.0000 2842.7026   16.6938
   -7.5000   45.0000   15.0000 2712.1340   18.0927
    0.0000   45.0000   15.0000 2736.4819   17.8509
    7.5000   45.0000   15.0000 2744.9788   17.8252
   -7.5000   52.5000   15.0000 2589.9880   19.3314
    0.0000   52.5000   15.0000 2616.4390   19.1337
    7.5000   52.5000   15.0000 2623.4692   19.1039
   -7.5000  -37.5000   22.5000 2197.4331   26.6026
    0.0000  -37.5000   22.5000 2225.3193   26.7570
    7.5000  -37.5000   22.5000 2221.4097   26.9778
   -7.5000  -30.0000   22.5000 2324.1472   23.6818
    0.0000  -30.0000   22.5000 2344.1936   23.6155
    7.5000  -30.0000   22.5000 2345.5137   23.8919
   -7.5000  -22.5000   22.5000 2439.3926   21.4110
    0.0000  -22.5000   22.5000 2462.9465   21.2554
    7.5000  -22.5000   22.5000 2464.1069   21.4668
   -7.5000  -15.0000   22.5000 2545.2197   19.5961
    0.0000  -15.0000   22.5000 2573.2329   19.4023
    7.5000  -15.0000   22.5000 2582.1592   19.5998
   -7.5000   -7.5000   22.5000 2646.0237   18.1952
    0.0000   -7.5000   22.5000 2671.0769   17.9826
    7.5000   -7.5000   22.5000 2685.0032   18.1519
   -7.5000    0.0000   22.5000 2741.2129   17.2211
    0.0000    0.0000   22.5000 2771.8792   17.0722
    7.5000    0.0000   22.5000 2783.8374   17.1870
   -7.5000    7.5000   22.5000 2814.4282   16.5407
    0.0000    7.5000   22.5000 2852.3667   16.2996
    7.5000    7.5000   22.5000 2859.8906   16.3795
   -7.5000   15.0000   22.5000 2863.6191   16.1553
    0.0000   15.0000   22.5000 2891.9377   15.7055
    7.5000   15.0000   22.5000 2892.4956   15.8335
   -7.5000   22.5000   22.5000 2860.4246   16.2208
    0.0000   22.5000   22.5000 2894.4370   15.8048
    7.5000   22.5000   22.5000 2898.3525   15.9325
   -7.5000   30.0000   22.5000 2830.1294   16.6722
    0.0000   30.0000   22.5000 2870.7368   16.3151
    7.5000   30.0000   22.5000 2869.2424   16.4102
   -7.5000   37.5000   22.5000 2771.3276   17.5235
    0.0000   37.5000   22.5000 2810.4819   17.2189
    7.5000   37.5000   22.5000 2812.3242   17.2497
   -7.5000   45.0000   22.5000 2679.1411   18.6980
    0.0000   45.0000   22.5000 2711.1702   18.4669
    7.5000   45.0000   22.5000 2718.4331   18.4393
   -7.5000   52.5000   22.5000 2553.7380   19.9908
    0.0000   52.5000   22.5000 2586.6431   19.7736
    7.5000   52.5000   22.5000 2589.7905   19.7377
   -7.5000  -37.5000   30.0000 2151.1492   28.1218
    0.0000  -37.5000   30.0000 2168.1379   27.9707
    7.5000  -37.5000   30.0000 2176.0608   28.4018
   -7.5000  -30.0000   30.0000 2278.1672   24.9608
    0.0000  -30.0000   30.0000 2289.2021   24.6431
    7.5000  -30.0000   30.0000 2301.5393   25.1151
   -7.5000  -22.5000   30.0000 2393.3176   22.4466
    0.0000  -22.5000   30.0000 2405.5813   22.0675
    7.5000  -22.5000   30.0000 2418.7654   22.5053
   -7.5000  -15.0000   30.0000 2498.4873   20.5363
    0.0000  -15.0000   30.0000 2518.9451   20.1604
    7.5000  -15.0000   30.0000 2529.5159   20.5219
   -7.5000   -7.5000   30.0000 2601.5779   19.0848
    0.0000   -7.5000   30.0000 2626.7578   18.7637
    7.5000   -7.5000   30.0000 2635.7117   19.0284
   -7.5000    0.0000   30.0000 2687.5127   18.0327
    0.0000    0.0000   30.0000 2721.1479   17.7480
    7.5000    0.0000   30.0000 2730.5459   17.9207
   -7.5000    7.5000   30.0000 2752.5198   17.3234
    0.0000    7.5000   30.0000 2788.8577   16.9107
    7.5000    7.5000   30.0000 2796.1038   17.0585
   -7.5000   15.0000   30.0000 2792.3110   16.8970
    0.0000   15.0000   30.0000 2822.3489   16.4502
    7.5000   15.0000   30.0000 2825.2991   16.6366
   -7.5000   22.5000   30.0000 2805.6067   17.0046
    0.0000   22.5000   30.0000 2831.3149   16.6044
    7.5000   22.5000   30.0000 2838.7588   16.7423
   -7.5000   30.0000   30.0000 2773.7498   17.4665
    0.0000   30.0000   30.0000 2806.7771   17.1179
    7.5000   30.0000   30.0000 2808.1821   17.2078
   -7.5000   37.5000   30.0000 2714.3623   18.3481
    0.0000   37.5000   30.0000 2755.2664   17.9986
    7.5000   37.5000   30.0000 2756.9795   18.0320
   -7.5000   45.0000   30.0000 2629.3767   19.5018
    0.0000   45.0000   30.0000 2668.9180   19.1977
    7.5000   45.0000   30.0000 2673.4380   19.2058
   -7.5000   52.5000   30.0000 2512.0833   20.8318
    0.0000   52.5000   30.0000 2544.8606   20.5620
    7.5000   52.5000   30.0000 2552.1179   20.5250
   -7.5000  -37.5000   37.5000 2099.3535   29.7769
    0.0000  -37.5000   37.5000 2111.7268   29.3163
    7.5000  -37.5000   37.5000 2122.5505   29.9418
   -7.5000  -30.0000   37.5000 2226.3403   26.3947
    0.0000  -30.0000   37.5000 2234.3513   25.8660
    7.5000  -30.0000   37.5000 2248.9082   26.4636
   -7.5000  -22.5000   37.5000 2340.9729   23.7171
    0.0000  -22.5000   37.5000 2351.2468   23.1309
    7.5000  -22.5000   37.5000 2362.4016   23.6688
   -7.5000  -15.0000   37.5000 2451.8013   21.7007
    0.0000  -15.0000   37.5000 2465.8562   21.1866
    7.5000  -15.0000   37.5000 2477.1638   21.5977
   -7.5000   -7.5000   37.5000 2548.9231   20.1363
    0.0000   -7.5000   37.5000 2574.4248   19.7389
    7.5000   -7.5000   37.5000 2582.2124   20.0511
   -7.5000    0.0000   37.5000 2628.9453   19.0592
    0.0000    0.0000   37.5000 2662.2837   18.6470
    7.5000    0.0000   37.5000 2668.6047   18.8971
   -7.5000    7.5000   37.5000 2685.5369   18.3298
    0.0000    7.5000   37.5000 2723.9895   17.8808
    7.5000    7.5000   37.5000 2723.6499   18.0839
   -7.5000   15.0000   37.5000 2716.8000   17.9125
    0.0000   15.0000   37.5000 2751.0989   17.4980
    7.5000   15.0000   37.5000 2748.6292   17.6907
   -7.5000   22.5000   37.5000 2727.8386   18.0201
    0.0000   22.5000   37.5000 2755.5190   17.6054
    7.5000   22.5000   37.5000 2763.6785   17.7428
   -7.5000   30.0000   37.5000 2705.0796   18.5058
    0.0000   30.0000   37.5000 2731.0710   18.1073
    7.5000   30.0000   37.5000 2737.1802   18.2094
   -7.5000   37.5000   37.5000 2646.0793   19.3451
    0.0000   37.5000   37.5000 2682.8779   18.9812
    7.5000   37.5000   37.5000 2690.5244   18.9889
   -7.5000   45.0000   37.5000 2565.7561   20.4444
    0.0000   45.0000   37.5000 2606.0037   20.1506
    7.5000   45.0000   37.5000 2609.5938   20.1258
   -7.5000   52.5000   37.5000 2456.1938   21.7210
    0.0000   52.5000   37.5000 2486.5654   21.4656
    7.5000   52.5000   37.5000 2489.3496   21.4396
   -7.5000  -37.5000   45.0000 2040.8602   31.6523
    0.0000  -37.5000   45.0000 2048.5044   30.9750
    7.5000  -37.5000   45.0000 2055.6941   31.7854
   -7.5000  -30.0000   45.0000 2166.4116   27.9808
    0.0000  -30.0000   45.0000 2174.3616   27.2840
    7.5000  -30.0000   45.0000 2179.8640   28.0194
   -7.5000  -22.5000   45.0000 2285.5266   25.1750
    0.0000  -22.5000   45.0000 2295.9590   24.4915
    7.5000  -22.5000   45.0000 2300.4753   25.0922
   -7.5000  -15.0000   45.0000 2390.3083   23.0571
    0.0000  -15.0000   45.0000 2406.5994   22.5068
    7.5000  -15.0000   45.0000 2414.5020   22.9639
   -7.5000   -7.5000   45.0000 2486.8013   21.4438
    0.0000   -7.5000   45.0000 2511.5198   21.0129
    7.5000   -7.5000   45.0000 2518.3525   21.3960
   -7.5000    0.0000   45.0000 2559.8235   20.3164
    0.0000    0.0000   45.0000 2590.2715   19.9150
    7.5000    0.0000   45.0000 2589.5085   20.1687
   -7.5000    7.5000   45.0000 2608.6868   19.5281
    0.0000    7.5000   45.0000 2643.6978   19.1570
    7.5000    7.5000   45.0000 2638.3452   19.3692
   -7.5000   15.0000   45.0000 2634.5625   19.1629
    0.0000   15.0000   45.0000 2670.5627   18.8305
    7.5000   15.0000   45.0000 2665.7734   18.9771
   -7.5000   22.5000   45.0000 2635.5505   19.2413
    0.0000   22.5000   45.0000 2662.8511   18.8813
    7.5000   22.5000   45.0000 2668.6228   19.0064
   -7.5000   30.0000   45.0000 2612.1033   19.7405
    0.0000   30.0000   45.0000 2642.9419   19.3633
    7.5000   30.0000   45.0000 2647.5349   19.4548
   -7.5000   37.5000   45.0000 2561.6135   20.5351
    0.0000   37.5000   45.0000 2605.2141   20.1356
    7.5000   37.5000   45.0000 2610.7302   20.1945
   -7.5000   45.0000   45.0000 2491.8926   21.5995
    0.0000   45.0000   45.0000 2533.6482   21.2470
    7.5000   45.0000   45.0000 2535.1594   21.2257
   -7.5000   52.5000   45.0000 2379.7166   22.8830
    0.0000   52.5000   45.0000 2410.8865   22.6136
    7.5000   52.5000   45.0000 2410.0254   22.5464

---------------------------------------------------------------------
imgreg_4dfp /opt/freesurfer/average/711-2C_as_mni_average_305 /opt/freesurfer/average/711-2B_as_mni_average_305_mask talsrcimg_g11 none talsrcimg_to_711-2C_as_mni_average_305_t4 1283
---------------------------------------------------------------------

freesurfer imgreg_4dfp.c
/opt/freesurfer/average/711-2C_as_mni_average_305.4dfp.img
       256       256       256         1
  1.000000  1.000000  1.000000
orientation T byte_order littleendian
Reading image: /opt/freesurfer/average/711-2C_as_mni_average_305.4dfp.img
dimensions:      256       256       256
mmppix:       1.0000   -1.0000   -1.0000
center:     128.0000 -129.0000 -129.0000
/opt/freesurfer/average/711-2B_as_mni_average_305_mask.4dfp.img
       256       256       256         1
  1.000000  1.000000  1.000000
orientation T byte_order littleendian
Reading mask: /opt/freesurfer/average/711-2B_as_mni_average_305_mask.4dfp.img (2306576 pixels)
talsrcimg_g11.4dfp.img
       256       256       256         1
  1.000000  1.000000  1.000000
orientation T byte_order littleendian
Reading image: talsrcimg_g11.4dfp.img
dimensions:      256       256       256
mmppix:       1.0000   -1.0000   -1.0000
center:     128.0000 -129.0000 -129.0000
rotation matrix determinant  1.000000
fimgreg.f
image alignment mode   1283 decimal      503 hex
parameters
    0.0000   15.0000    0.0000    0.0000    0.0000    0.0000
eta,q 0.93995 15.47142
niter,ni,del,rscale     5    3   12.0000    1.2000
parameter  3 -0.657637 -> -0.500000 qaram    1.1500
parameter  4 -2.726787 ->  0.500000 qaram    1.1500
parameters
    0.8622   13.3371    3.4500   -3.4500   -0.7799   -2.7531
eta,q 0.94724 15.60239
  0.0796  0.0636  0.0799  0.0496  0.0575  0.0531
  0.0688  0.0619  0.0711  0.0521  0.0550  0.0529
  0.0630  0.0610  0.0638  0.0554  0.0535  0.0526
  0.0616  0.0612  0.0606  0.0583  0.0530  0.0529
  0.0617  0.0626  0.0596  0.0601  0.0538  0.0542
  0.0648  0.0661  0.0582  0.0608  0.0566  0.0562
  0.0704  0.0696  0.0574  0.0640  0.0617  0.0589
niter,ni,del,rscale     6    3   12.0000    1.2000
parameter  4  2.873778 ->  0.500000 qaram    1.3225
parameters
    1.6554   14.4960    3.4016   -7.4175   -1.2202   -1.9399
eta,q 0.95248 15.62441
  0.0714  0.0642  0.0635  0.0471  0.0536  0.0528
  0.0630  0.0570  0.0559  0.0475  0.0496  0.0506
  0.0575  0.0529  0.0529  0.0492  0.0482  0.0490
  0.0528  0.0518  0.0522  0.0521  0.0479  0.0479
  0.0524  0.0527  0.0533  0.0558  0.0483  0.0475
  0.0579  0.0539  0.0569  0.0582  0.0509  0.0487
  0.0643  0.0563  0.0632  0.0600  0.0561  0.0511
niter,ni,del,rscale     6    3   12.0000    1.2000
parameter  4  0.659586 ->  0.500000 qaram    1.5209
parameters
    1.8339   15.9891    2.6119  -11.9801   -1.5113   -1.9753
eta,q 0.95766 15.68334
  0.0652  0.0628  0.0572  0.0465  0.0523  0.0479
  0.0565  0.0559  0.0500  0.0427  0.0467  0.0453
  0.0511  0.0502  0.0474  0.0435  0.0434  0.0433
  0.0475  0.0475  0.0474  0.0471  0.0423  0.0423
  0.0499  0.0475  0.0506  0.0511  0.0441  0.0427
  0.0565  0.0490  0.0547  0.0549  0.0486  0.0449
  0.0627  0.0527  0.0614  0.0580  0.0540  0.0486
niter,ni,del,rscale     6    3   12.0000    1.2000
parameters
    1.8136   17.4519    1.9253  -12.3418   -1.6827   -1.6719
eta,q 0.95946 15.54436
  0.0626  0.0651  0.0556  0.0542  0.0507  0.0477
  0.0531  0.0575  0.0454  0.0482  0.0451  0.0445
  0.0458  0.0484  0.0408  0.0420  0.0419  0.0416
  0.0423  0.0423  0.0414  0.0408  0.0405  0.0405
  0.0455  0.0419  0.0458  0.0452  0.0419  0.0412
  0.0537  0.0460  0.0523  0.0504  0.0463  0.0431
  0.0627  0.0516  0.0591  0.0548  0.0518  0.0467
niter,ni,del,rscale     5    3   12.0000    1.2000
parameters
    1.7587   17.7253    1.8317  -12.4521   -1.7066   -1.5968
eta,q 0.95945 15.52336
  0.0607  0.0590  0.0586  0.0548  0.0510  0.0474
  0.0516  0.0500  0.0477  0.0490  0.0454  0.0441
  0.0443  0.0425  0.0413  0.0425  0.0420  0.0414
  0.0405  0.0406  0.0407  0.0406  0.0405  0.0405
  0.0434  0.0435  0.0442  0.0447  0.0416  0.0414
  0.0520  0.0495  0.0505  0.0497  0.0457  0.0435
  0.0619  0.0545  0.0572  0.0546  0.0512  0.0472
niter,ni,del,rscale     4    3   12.0000    1.2000
parameters
    1.7351   17.7920    1.8085  -12.4903   -1.7038   -1.5780
eta,q 0.95943 15.51869
  0.0609  0.0578  0.0590  0.0549  0.0510  0.0473
  0.0518  0.0489  0.0480  0.0493  0.0454  0.0440
  0.0444  0.0418  0.0414  0.0427  0.0421  0.0413
  0.0406  0.0406  0.0406  0.0406  0.0406  0.0406
  0.0432  0.0441  0.0440  0.0445  0.0415  0.0414
  0.0518  0.0501  0.0502  0.0495  0.0456  0.0436
  0.0618  0.0552  0.0570  0.0545  0.0511  0.0474
niter,ni,del,rscale     3    3   12.0000    1.2000
parameters
    1.7265   17.8085    1.8005  -12.5041   -1.7012   -1.5741
eta,q 0.95943 15.51753
  0.0610  0.0576  0.0590  0.0550  0.0510  0.0473
  0.0519  0.0486  0.0480  0.0493  0.0454  0.0439
  0.0445  0.0417  0.0414  0.0427  0.0421  0.0413
  0.0406  0.0406  0.0406  0.0406  0.0406  0.0406
  0.0432  0.0442  0.0440  0.0445  0.0415  0.0414
  0.0517  0.0503  0.0502  0.0495  0.0456  0.0436
  0.0617  0.0553  0.0569  0.0544  0.0510  0.0474
registration optimization eta report
parameter search radius
    6.0000    6.0000    6.9000    9.1253    6.0000    6.0000
100000*second partial in parameter space
       56.       43.       36.       16.       29.       19.
  0.0610  0.0576  0.0590  0.0550  0.0510  0.0473
  0.0519  0.0486  0.0480  0.0493  0.0454  0.0439
  0.0445  0.0417  0.0414  0.0427  0.0421  0.0413
  0.0406  0.0406  0.0406  0.0406  0.0406  0.0406
  0.0432  0.0442  0.0440  0.0445  0.0415  0.0414
  0.0517  0.0503  0.0502  0.0495  0.0456  0.0436
  0.0617  0.0553  0.0569  0.0544  0.0510  0.0474
    1.7265   17.8085    1.8005  -12.5041   -1.7012   -1.5741
eta,q 0.95943 15.51753

---------------------------------------------------------------------
imgreg_4dfp /opt/freesurfer/average/711-2C_as_mni_average_305 /opt/freesurfer/average/711-2B_as_mni_average_305_mask talsrcimg_g11 none talsrcimg_to_711-2C_as_mni_average_305_t4 3335
---------------------------------------------------------------------

freesurfer imgreg_4dfp.c
/opt/freesurfer/average/711-2C_as_mni_average_305.4dfp.img
       256       256       256         1
  1.000000  1.000000  1.000000
orientation T byte_order littleendian
Reading image: /opt/freesurfer/average/711-2C_as_mni_average_305.4dfp.img
dimensions:      256       256       256
mmppix:       1.0000   -1.0000   -1.0000
center:     128.0000 -129.0000 -129.0000
/opt/freesurfer/average/711-2B_as_mni_average_305_mask.4dfp.img
       256       256       256         1
  1.000000  1.000000  1.000000
orientation T byte_order littleendian
Reading mask: /opt/freesurfer/average/711-2B_as_mni_average_305_mask.4dfp.img (2306576 pixels)
talsrcimg_g11.4dfp.img
       256       256       256         1
  1.000000  1.000000  1.000000
orientation T byte_order littleendian
Reading image: talsrcimg_g11.4dfp.img
dimensions:      256       256       256
mmppix:       1.0000   -1.0000   -1.0000
center:     128.0000 -129.0000 -129.0000
fimgreg.f
image alignment mode   3335 decimal      D07 hex
parameters
    1.7265   17.8085    1.8005   -0.0818   -2.3912   -2.4150
    2.0393    3.4919   -2.7458   21.5632   -2.9687  -21.6415
eta,q 0.96188 15.71077
niter,ni,del,rscale     5    3    5.0000    1.2000
parameter  4  1.330426 ->  0.500000 qaram    1.1500
parameter  5  2.146620 ->  0.500000 qaram    1.1500
parameters
    1.9445   17.9932    1.3253   -4.2218   -6.5312   -3.9979
    3.4308    4.2269   -0.7288   19.2802   -1.3959  -23.9557
eta,q 0.97748 15.70076
  0.0445  0.0409  0.0397  0.0287  0.0214  0.0265  0.0298  0.0329  0.0277  0.0251  0.0250  0.0235
  0.0413  0.0393  0.0385  0.0297  0.0229  0.0251  0.0271  0.0280  0.0259  0.0235  0.0239  0.0227
  0.0391  0.0384  0.0380  0.0324  0.0259  0.0241  0.0250  0.0249  0.0245  0.0229  0.0232  0.0225
  0.0381  0.0381  0.0381  0.0380  0.0302  0.0235  0.0238  0.0237  0.0236  0.0233  0.0229  0.0228
  0.0384  0.0383  0.0388  0.0458  0.0349  0.0245  0.0238  0.0240  0.0233  0.0250  0.0228  0.0234
  0.0400  0.0389  0.0400  0.0538  0.0397  0.0276  0.0247  0.0261  0.0237  0.0276  0.0231  0.0243
  0.0426  0.0400  0.0417  0.0604  0.0445  0.0334  0.0266  0.0296  0.0249  0.0310  0.0237  0.0254
niter,ni,del,rscale     6    3    5.0000    1.2000
parameter  5  0.606256 ->  0.500000 qaram    1.3225
parameters
    2.2531   18.5403    0.8679   -8.0133  -11.2922   -2.3998
    2.9181    3.6732   -0.7396   19.8114   -1.2890  -27.1062
eta,q 0.98143 15.48732
  0.0290  0.0281  0.0234  0.0225  0.0204  0.0236  0.0219  0.0237  0.0213  0.0233  0.0201  0.0192
  0.0258  0.0254  0.0226  0.0216  0.0197  0.0219  0.0202  0.0209  0.0200  0.0212  0.0195  0.0187
  0.0236  0.0235  0.0222  0.0213  0.0198  0.0206  0.0193  0.0193  0.0193  0.0197  0.0191  0.0186
  0.0225  0.0224  0.0223  0.0222  0.0213  0.0196  0.0190  0.0190  0.0190  0.0190  0.0189  0.0189
  0.0227  0.0223  0.0227  0.0255  0.0252  0.0188  0.0196  0.0199  0.0192  0.0191  0.0191  0.0196
  0.0240  0.0230  0.0236  0.0323  0.0307  0.0193  0.0209  0.0221  0.0200  0.0202  0.0194  0.0205
  0.0264  0.0245  0.0248  0.0410  0.0358  0.0216  0.0228  0.0254  0.0214  0.0224  0.0200  0.0216
niter,ni,del,rscale     6    3    5.0000    1.2000
parameters
    2.5171   19.3675    1.0186   -8.3907  -13.4180   -2.9145
    2.6006    3.5997   -0.9917   20.4092   -2.0032  -28.4612
eta,q 0.98163 15.34901
  0.0235  0.0240  0.0204  0.0223  0.0221  0.0217  0.0213  0.0234  0.0206  0.0224  0.0192  0.0194
  0.0210  0.0215  0.0191  0.0206  0.0200  0.0202  0.0197  0.0205  0.0194  0.0203  0.0187  0.0187
  0.0194  0.0197  0.0183  0.0191  0.0186  0.0191  0.0187  0.0189  0.0187  0.0190  0.0185  0.0184
  0.0186  0.0185  0.0181  0.0181  0.0182  0.0183  0.0185  0.0185  0.0185  0.0184  0.0184  0.0184
  0.0187  0.0181  0.0182  0.0179  0.0196  0.0182  0.0189  0.0191  0.0188  0.0187  0.0186  0.0188
  0.0198  0.0184  0.0188  0.0196  0.0239  0.0201  0.0200  0.0208  0.0196  0.0196  0.0190  0.0196
  0.0218  0.0196  0.0198  0.0250  0.0306  0.0243  0.0218  0.0235  0.0210  0.0212  0.0196  0.0205
niter,ni,del,rscale     5    3    5.0000    1.2000
parameters
    2.5931   19.6800    1.0577   -7.9781  -14.1155   -3.0274
    2.5556    3.7097   -1.0441   20.7135   -2.3265  -28.9765
eta,q 0.98164 15.33878
  0.0224  0.0223  0.0201  0.0228  0.0234  0.0220  0.0214  0.0238  0.0206  0.0219  0.0193  0.0198
  0.0203  0.0203  0.0191  0.0210  0.0211  0.0204  0.0197  0.0205  0.0194  0.0199  0.0187  0.0189
  0.0189  0.0190  0.0185  0.0195  0.0192  0.0192  0.0187  0.0188  0.0186  0.0187  0.0184  0.0185
  0.0184  0.0184  0.0183  0.0183  0.0182  0.0183  0.0184  0.0184  0.0184  0.0184  0.0184  0.0184
  0.0187  0.0185  0.0185  0.0178  0.0184  0.0179  0.0187  0.0190  0.0186  0.0187  0.0185  0.0186
  0.0199  0.0192  0.0190  0.0188  0.0212  0.0196  0.0198  0.0206  0.0194  0.0196  0.0189  0.0193
  0.0220  0.0207  0.0200  0.0234  0.0268  0.0235  0.0215  0.0232  0.0207  0.0212  0.0194  0.0201
niter,ni,del,rscale     4    3    5.0000    1.2000
parameters
    2.5978   19.7699    1.0408   -7.9602  -14.2714   -3.0692
    2.5498    3.7594   -1.0627   20.8344   -2.3865  -29.1404
eta,q 0.98159 15.33402
  0.0222  0.0216  0.0200  0.0227  0.0239  0.0222  0.0215  0.0238  0.0207  0.0217  0.0194  0.0200
  0.0201  0.0198  0.0191  0.0210  0.0216  0.0205  0.0198  0.0205  0.0194  0.0198  0.0188  0.0190
  0.0188  0.0188  0.0186  0.0195  0.0196  0.0193  0.0188  0.0188  0.0187  0.0187  0.0185  0.0186
  0.0184  0.0184  0.0184  0.0184  0.0184  0.0184  0.0184  0.0184  0.0184  0.0184  0.0184  0.0184
  0.0188  0.0187  0.0185  0.0179  0.0183  0.0179  0.0187  0.0191  0.0187  0.0188  0.0185  0.0186
  0.0201  0.0196  0.0191  0.0193  0.0205  0.0195  0.0198  0.0207  0.0194  0.0197  0.0189  0.0192
  0.0222  0.0211  0.0201  0.0243  0.0257  0.0234  0.0215  0.0233  0.0207  0.0214  0.0194  0.0200
niter,ni,del,rscale     3    3    5.0000    1.2000
parameters
    2.6027   19.7948    1.0277   -7.9388  -14.3076   -3.0820
    2.5564    3.7800   -1.0666   20.8809   -2.3861  -29.1883
eta,q 0.98157 15.33437
  0.0222  0.0215  0.0201  0.0228  0.0240  0.0222  0.0215  0.0238  0.0207  0.0216  0.0195  0.0200
  0.0202  0.0198  0.0191  0.0210  0.0217  0.0206  0.0198  0.0204  0.0194  0.0197  0.0188  0.0191
  0.0189  0.0187  0.0186  0.0196  0.0197  0.0193  0.0188  0.0188  0.0187  0.0187  0.0185  0.0186
  0.0184  0.0184  0.0184  0.0184  0.0184  0.0184  0.0184  0.0184  0.0184  0.0184  0.0184  0.0184
  0.0188  0.0188  0.0186  0.0180  0.0183  0.0179  0.0188  0.0191  0.0187  0.0188  0.0185  0.0186
  0.0201  0.0197  0.0191  0.0194  0.0204  0.0195  0.0198  0.0208  0.0194  0.0198  0.0189  0.0192
  0.0222  0.0213  0.0201  0.0244  0.0255  0.0234  0.0215  0.0233  0.0207  0.0214  0.0194  0.0200
niter,ni,del,rscale     2    3    5.0000    1.2000
parameters
    2.6029   19.8005    1.0202   -7.9318  -14.3156   -3.0861
    2.5546    3.7845   -1.0642   20.8941   -2.3936  -29.2032
eta,q 0.98157 15.33471
  0.0222  0.0214  0.0201  0.0228  0.0241  0.0222  0.0215  0.0238  0.0207  0.0216  0.0195  0.0201
  0.0202  0.0197  0.0192  0.0211  0.0217  0.0206  0.0198  0.0204  0.0195  0.0197  0.0188  0.0191
  0.0189  0.0187  0.0186  0.0196  0.0197  0.0193  0.0188  0.0188  0.0187  0.0187  0.0185  0.0186
  0.0184  0.0184  0.0184  0.0184  0.0184  0.0184  0.0184  0.0184  0.0184  0.0184  0.0184  0.0184
  0.0189  0.0188  0.0186  0.0180  0.0183  0.0179  0.0188  0.0191  0.0187  0.0189  0.0185  0.0186
  0.0201  0.0198  0.0192  0.0194  0.0204  0.0195  0.0198  0.0208  0.0194  0.0198  0.0189  0.0192
  0.0223  0.0213  0.0201  0.0244  0.0254  0.0234  0.0215  0.0234  0.0207  0.0214  0.0194  0.0200
registration optimization eta report
parameter search radius
    2.4000    2.4000    2.4000    8.2800    9.5220    7.2000
    7.2000    7.2000    7.2000    7.2000    7.2000    7.2000
100000*second partial in parameter space
       66.       51.       29.        8.        7.        9.
        6.       10.        4.        6.        2.        3.
  0.0222  0.0214  0.0201  0.0228  0.0241  0.0222  0.0215  0.0238  0.0207  0.0216  0.0195  0.0201
  0.0202  0.0197  0.0192  0.0211  0.0217  0.0206  0.0198  0.0204  0.0195  0.0197  0.0188  0.0191
  0.0189  0.0187  0.0186  0.0196  0.0197  0.0193  0.0188  0.0188  0.0187  0.0187  0.0185  0.0186
  0.0184  0.0184  0.0184  0.0184  0.0184  0.0184  0.0184  0.0184  0.0184  0.0184  0.0184  0.0184
  0.0189  0.0188  0.0186  0.0180  0.0183  0.0179  0.0188  0.0191  0.0187  0.0189  0.0185  0.0186
  0.0201  0.0198  0.0192  0.0194  0.0204  0.0195  0.0198  0.0208  0.0194  0.0198  0.0189  0.0192
  0.0223  0.0213  0.0201  0.0244  0.0254  0.0234  0.0215  0.0234  0.0207  0.0214  0.0194  0.0200
    2.6029   19.8005    1.0202   -7.9318  -14.3156   -3.0861
    2.5546    3.7845   -1.0642   20.8941   -2.3936  -29.2032
eta,q 0.98157 15.33471

---------------------------------------------------------------------
imgreg_4dfp /opt/freesurfer/average/711-2C_as_mni_average_305 /opt/freesurfer/average/711-2B_as_mni_average_305_mask talsrcimg_g11 none talsrcimg_to_711-2C_as_mni_average_305_t4 2311
---------------------------------------------------------------------

freesurfer imgreg_4dfp.c
/opt/freesurfer/average/711-2C_as_mni_average_305.4dfp.img
       256       256       256         1
  1.000000  1.000000  1.000000
orientation T byte_order littleendian
Reading image: /opt/freesurfer/average/711-2C_as_mni_average_305.4dfp.img
dimensions:      256       256       256
mmppix:       1.0000   -1.0000   -1.0000
center:     128.0000 -129.0000 -129.0000
/opt/freesurfer/average/711-2B_as_mni_average_305_mask.4dfp.img
       256       256       256         1
  1.000000  1.000000  1.000000
orientation T byte_order littleendian
Reading mask: /opt/freesurfer/average/711-2B_as_mni_average_305_mask.4dfp.img (2306576 pixels)
talsrcimg_g11.4dfp.img
       256       256       256         1
  1.000000  1.000000  1.000000
orientation T byte_order littleendian
Reading image: talsrcimg_g11.4dfp.img
dimensions:      256       256       256
mmppix:       1.0000   -1.0000   -1.0000
center:     128.0000 -129.0000 -129.0000
fimgreg.f
image alignment mode   2311 decimal      907 hex
parameters
    2.6029   19.8005    1.0202   -7.9318  -14.3156   -3.0861
    2.5546    3.7845   -1.0642   20.8941   -2.3936  -29.2032
eta,q 0.98157 15.33471
niter,ni,del,rscale     5    3    5.0000    0.8000
parameters
    2.6093   19.7769    1.0278   -5.8715  -13.3126   -2.4256
    2.4422    4.0513   -0.9833   21.1966   -2.1051  -28.6748
eta,q 0.98236 15.52259
  0.0202  0.0197  0.0192  0.0206  0.0201  0.0201  0.0193  0.0210  0.0189  0.0194  0.0184  0.0187
  0.0192  0.0190  0.0188  0.0198  0.0192  0.0192  0.0184  0.0190  0.0182  0.0184  0.0180  0.0181
  0.0186  0.0186  0.0185  0.0190  0.0185  0.0184  0.0178  0.0179  0.0178  0.0179  0.0177  0.0178
  0.0184  0.0184  0.0184  0.0184  0.0180  0.0178  0.0176  0.0176  0.0177  0.0177  0.0177  0.0177
  0.0186  0.0186  0.0185  0.0180  0.0178  0.0174  0.0179  0.0179  0.0178  0.0178  0.0177  0.0177
  0.0192  0.0191  0.0187  0.0180  0.0181  0.0178  0.0185  0.0187  0.0181  0.0182  0.0179  0.0179
  0.0201  0.0198  0.0192  0.0187  0.0190  0.0196  0.0195  0.0201  0.0188  0.0190  0.0182  0.0183
niter,ni,del,rscale     4    3    5.0000    0.7000
parameters
    2.4462   19.6514    0.8450   -6.2236  -12.9174   -2.1556
    2.6390    3.9082   -0.9078   21.1573   -1.8573  -28.5614
eta,q 0.98251 15.54097
  0.0188  0.0185  0.0181  0.0190  0.0191  0.0194  0.0190  0.0196  0.0184  0.0187  0.0181  0.0182
  0.0181  0.0180  0.0178  0.0183  0.0184  0.0187  0.0182  0.0183  0.0179  0.0180  0.0177  0.0178
  0.0177  0.0177  0.0176  0.0179  0.0179  0.0181  0.0177  0.0176  0.0176  0.0176  0.0176  0.0176
  0.0176  0.0176  0.0176  0.0176  0.0176  0.0176  0.0175  0.0175  0.0175  0.0175  0.0175  0.0175
  0.0179  0.0178  0.0177  0.0177  0.0176  0.0174  0.0176  0.0178  0.0176  0.0176  0.0175  0.0176
  0.0186  0.0182  0.0180  0.0184  0.0179  0.0179  0.0180  0.0186  0.0179  0.0181  0.0177  0.0178
  0.0196  0.0189  0.0185  0.0200  0.0188  0.0194  0.0187  0.0198  0.0184  0.0188  0.0179  0.0181
niter,ni,del,rscale     3    3    5.0000    0.6000
parameters
    2.4396   19.5908    0.8681   -6.1373  -12.8353   -1.9376
    2.6281    3.8659   -0.8991   21.1098   -1.8195  -28.4657
eta,q 0.98258 15.55360
  0.0186  0.0183  0.0181  0.0187  0.0185  0.0189  0.0184  0.0191  0.0181  0.0184  0.0178  0.0179
  0.0180  0.0178  0.0177  0.0182  0.0180  0.0184  0.0179  0.0181  0.0177  0.0178  0.0176  0.0176
  0.0176  0.0176  0.0176  0.0177  0.0177  0.0179  0.0175  0.0175  0.0175  0.0175  0.0175  0.0175
  0.0175  0.0175  0.0175  0.0175  0.0175  0.0175  0.0174  0.0174  0.0174  0.0174  0.0174  0.0174
  0.0176  0.0176  0.0176  0.0175  0.0175  0.0173  0.0175  0.0176  0.0175  0.0175  0.0175  0.0175
  0.0180  0.0179  0.0177  0.0178  0.0178  0.0178  0.0179  0.0182  0.0177  0.0179  0.0176  0.0176
  0.0187  0.0184  0.0180  0.0188  0.0185  0.0189  0.0185  0.0190  0.0181  0.0184  0.0178  0.0179
niter,ni,del,rscale     2    3    5.0000    0.5000
parameters
    2.4236   19.5741    0.9002   -6.0005  -12.7771   -1.7312
    2.6226    3.8593   -0.8986   21.0807   -1.7916  -28.3842
eta,q 0.98264 15.56672
  0.0182  0.0180  0.0178  0.0183  0.0181  0.0185  0.0181  0.0185  0.0178  0.0180  0.0176  0.0177
  0.0178  0.0177  0.0176  0.0179  0.0178  0.0181  0.0177  0.0178  0.0176  0.0177  0.0175  0.0175
  0.0175  0.0175  0.0175  0.0176  0.0175  0.0177  0.0174  0.0175  0.0174  0.0174  0.0174  0.0174
  0.0174  0.0174  0.0174  0.0174  0.0174  0.0174  0.0174  0.0174  0.0174  0.0174  0.0174  0.0174
  0.0175  0.0175  0.0175  0.0174  0.0174  0.0173  0.0174  0.0175  0.0174  0.0174  0.0174  0.0174
  0.0178  0.0177  0.0176  0.0177  0.0177  0.0176  0.0177  0.0179  0.0176  0.0177  0.0175  0.0175
  0.0183  0.0180  0.0178  0.0183  0.0182  0.0185  0.0181  0.0185  0.0178  0.0181  0.0176  0.0177
niter,ni,del,rscale     1    3    5.0000    0.4000
parameters
    2.4035   19.5624    0.9313   -5.8889  -12.7275   -1.5258
    2.6187    3.8504   -0.9118   21.0502   -1.7582  -28.3335
eta,q 0.98268 15.57791
  0.0179  0.0177  0.0176  0.0179  0.0178  0.0182  0.0178  0.0181  0.0176  0.0178  0.0175  0.0176
  0.0176  0.0175  0.0175  0.0177  0.0176  0.0179  0.0175  0.0176  0.0175  0.0175  0.0174  0.0174
  0.0174  0.0174  0.0174  0.0175  0.0174  0.0176  0.0174  0.0174  0.0174  0.0174  0.0173  0.0173
  0.0174  0.0174  0.0174  0.0174  0.0174  0.0174  0.0173  0.0173  0.0173  0.0173  0.0173  0.0173
  0.0174  0.0174  0.0174  0.0174  0.0174  0.0173  0.0174  0.0174  0.0174  0.0174  0.0173  0.0173
  0.0176  0.0175  0.0175  0.0175  0.0175  0.0175  0.0175  0.0177  0.0175  0.0175  0.0174  0.0174
  0.0179  0.0178  0.0176  0.0179  0.0178  0.0181  0.0178  0.0181  0.0176  0.0178  0.0175  0.0175
registration optimization eta report
parameter search radius
    0.8000    0.8000    0.8000    2.4000    2.4000    2.4000
    2.4000    2.4000    2.4000    2.4000    2.4000    2.4000
100000*second partial in parameter space
       83.       60.       41.       10.        8.       13.
        8.       13.        5.        8.        3.        4.
  0.0179  0.0177  0.0176  0.0179  0.0178  0.0182  0.0178  0.0181  0.0176  0.0178  0.0175  0.0176
  0.0176  0.0175  0.0175  0.0177  0.0176  0.0179  0.0175  0.0176  0.0175  0.0175  0.0174  0.0174
  0.0174  0.0174  0.0174  0.0175  0.0174  0.0176  0.0174  0.0174  0.0174  0.0174  0.0173  0.0173
  0.0174  0.0174  0.0174  0.0174  0.0174  0.0174  0.0173  0.0173  0.0173  0.0173  0.0173  0.0173
  0.0174  0.0174  0.0174  0.0174  0.0174  0.0173  0.0174  0.0174  0.0174  0.0174  0.0173  0.0173
  0.0176  0.0175  0.0175  0.0175  0.0175  0.0175  0.0175  0.0177  0.0175  0.0175  0.0174  0.0174
  0.0179  0.0178  0.0176  0.0179  0.0178  0.0181  0.0178  0.0181  0.0176  0.0178  0.0175  0.0175
    2.4035   19.5624    0.9313   -5.8889  -12.7275   -1.5258
    2.6187    3.8504   -0.9118   21.0502   -1.7582  -28.3335
eta,q 0.98268 15.57791

---------------------------------------------------------------------
imgreg_4dfp /opt/freesurfer/average/711-2C_as_mni_average_305 /opt/freesurfer/average/711-2B_as_mni_average_305_mask talsrcimg_g11 none talsrcimg_to_711-2C_as_mni_average_305_t4 2311
---------------------------------------------------------------------

freesurfer imgreg_4dfp.c
/opt/freesurfer/average/711-2C_as_mni_average_305.4dfp.img
       256       256       256         1
  1.000000  1.000000  1.000000
orientation T byte_order littleendian
Reading image: /opt/freesurfer/average/711-2C_as_mni_average_305.4dfp.img
dimensions:      256       256       256
mmppix:       1.0000   -1.0000   -1.0000
center:     128.0000 -129.0000 -129.0000
/opt/freesurfer/average/711-2B_as_mni_average_305_mask.4dfp.img
       256       256       256         1
  1.000000  1.000000  1.000000
orientation T byte_order littleendian
Reading mask: /opt/freesurfer/average/711-2B_as_mni_average_305_mask.4dfp.img (2306576 pixels)
talsrcimg_g11.4dfp.img
       256       256       256         1
  1.000000  1.000000  1.000000
orientation T byte_order littleendian
Reading image: talsrcimg_g11.4dfp.img
dimensions:      256       256       256
mmppix:       1.0000   -1.0000   -1.0000
center:     128.0000 -129.0000 -129.0000
fimgreg.f
image alignment mode   2311 decimal      907 hex
parameters
    2.4035   19.5624    0.9313   -5.8889  -12.7275   -1.5258
    2.6187    3.8504   -0.9118   21.0502   -1.7582  -28.3335
eta,q 0.98268 15.57792
niter,ni,del,rscale     5    3    5.0000    0.8000
parameters
    2.3826   19.5419    0.9852   -6.6140  -13.0321   -2.1576
    2.6836    3.7638   -0.9174   20.9620   -1.9272  -28.4288
eta,q 0.98243 15.51349
  0.0194  0.0188  0.0185  0.0189  0.0189  0.0193  0.0192  0.0202  0.0187  0.0191  0.0181  0.0184
  0.0182  0.0180  0.0179  0.0182  0.0182  0.0185  0.0184  0.0186  0.0181  0.0182  0.0178  0.0179
  0.0175  0.0175  0.0175  0.0176  0.0177  0.0179  0.0178  0.0177  0.0177  0.0177  0.0176  0.0176
  0.0173  0.0173  0.0173  0.0173  0.0174  0.0174  0.0176  0.0176  0.0176  0.0176  0.0176  0.0176
  0.0176  0.0175  0.0174  0.0175  0.0175  0.0176  0.0177  0.0179  0.0177  0.0178  0.0177  0.0177
  0.0183  0.0180  0.0178  0.0187  0.0182  0.0190  0.0183  0.0188  0.0181  0.0183  0.0179  0.0180
  0.0195  0.0189  0.0184  0.0212  0.0197  0.0215  0.0192  0.0203  0.0187  0.0193  0.0182  0.0184
niter,ni,del,rscale     4    3    5.0000    0.7000
parameters
    2.4729   19.5959    0.9299   -6.3509  -12.9426   -2.1379
    2.6147    3.8399   -0.9149   21.0380   -1.9468  -28.4678
eta,q 0.98250 15.53028
  0.0193  0.0188  0.0182  0.0191  0.0189  0.0192  0.0188  0.0198  0.0184  0.0188  0.0180  0.0181
  0.0184  0.0181  0.0178  0.0185  0.0182  0.0185  0.0181  0.0184  0.0179  0.0181  0.0177  0.0178
  0.0178  0.0177  0.0176  0.0179  0.0178  0.0180  0.0177  0.0177  0.0176  0.0176  0.0175  0.0176
  0.0176  0.0176  0.0176  0.0176  0.0175  0.0175  0.0175  0.0175  0.0175  0.0175  0.0175  0.0175
  0.0177  0.0177  0.0177  0.0175  0.0175  0.0174  0.0176  0.0178  0.0176  0.0176  0.0176  0.0176
  0.0181  0.0180  0.0179  0.0179  0.0180  0.0181  0.0181  0.0184  0.0179  0.0180  0.0177  0.0178
  0.0189  0.0186  0.0183  0.0191  0.0189  0.0197  0.0189  0.0195  0.0184  0.0187  0.0180  0.0182
niter,ni,del,rscale     3    3    5.0000    0.6000
parameters
    2.4531   19.5890    0.9016   -6.1518  -12.8502   -1.9420
    2.6132    3.8698   -0.9021   21.0767   -1.8481  -28.4313
eta,q 0.98257 15.55077
  0.0186  0.0183  0.0180  0.0187  0.0185  0.0189  0.0184  0.0191  0.0181  0.0184  0.0178  0.0179
  0.0180  0.0179  0.0177  0.0182  0.0180  0.0183  0.0179  0.0181  0.0177  0.0179  0.0176  0.0176
  0.0176  0.0176  0.0175  0.0178  0.0177  0.0179  0.0175  0.0176  0.0175  0.0175  0.0175  0.0175
  0.0175  0.0175  0.0175  0.0175  0.0175  0.0175  0.0174  0.0174  0.0174  0.0174  0.0174  0.0174
  0.0176  0.0176  0.0176  0.0175  0.0175  0.0173  0.0175  0.0176  0.0175  0.0175  0.0175  0.0175
  0.0180  0.0179  0.0178  0.0178  0.0178  0.0178  0.0179  0.0181  0.0177  0.0178  0.0176  0.0176
  0.0187  0.0184  0.0181  0.0187  0.0185  0.0189  0.0184  0.0190  0.0181  0.0184  0.0178  0.0179
niter,ni,del,rscale     2    3    5.0000    0.5000
parameters
    2.4270   19.5757    0.9042   -5.9997  -12.7800   -1.7313
    2.6160    3.8608   -0.8972   21.0715   -1.8013  -28.3820
eta,q 0.98264 15.56618
  0.0182  0.0180  0.0178  0.0183  0.0181  0.0185  0.0181  0.0185  0.0178  0.0180  0.0176  0.0177
  0.0178  0.0177  0.0176  0.0179  0.0178  0.0181  0.0177  0.0178  0.0176  0.0177  0.0175  0.0175
  0.0175  0.0175  0.0175  0.0176  0.0175  0.0177  0.0174  0.0175  0.0174  0.0174  0.0174  0.0174
  0.0174  0.0174  0.0174  0.0174  0.0174  0.0174  0.0174  0.0174  0.0174  0.0174  0.0174  0.0174
  0.0175  0.0175  0.0175  0.0174  0.0174  0.0173  0.0174  0.0175  0.0174  0.0174  0.0174  0.0174
  0.0178  0.0177  0.0176  0.0177  0.0177  0.0176  0.0177  0.0179  0.0176  0.0177  0.0175  0.0175
  0.0183  0.0180  0.0178  0.0183  0.0181  0.0185  0.0181  0.0185  0.0178  0.0181  0.0176  0.0177
niter,ni,del,rscale     1    3    5.0000    0.4000
parameters
    2.4049   19.5636    0.9308   -5.8888  -12.7227   -1.5262
    2.6198    3.8509   -0.9161   21.0461   -1.7551  -28.3351
eta,q 0.98268 15.57795
  0.0179  0.0177  0.0176  0.0179  0.0178  0.0182  0.0178  0.0181  0.0176  0.0178  0.0175  0.0176
  0.0176  0.0175  0.0175  0.0177  0.0176  0.0178  0.0175  0.0176  0.0175  0.0175  0.0174  0.0174
  0.0174  0.0174  0.0174  0.0175  0.0174  0.0176  0.0174  0.0174  0.0173  0.0174  0.0173  0.0173
  0.0174  0.0174  0.0174  0.0174  0.0173  0.0173  0.0173  0.0173  0.0173  0.0173  0.0173  0.0173
  0.0174  0.0174  0.0174  0.0174  0.0174  0.0173  0.0174  0.0174  0.0174  0.0174  0.0173  0.0173
  0.0176  0.0175  0.0175  0.0175  0.0175  0.0175  0.0175  0.0177  0.0175  0.0175  0.0174  0.0174
  0.0179  0.0178  0.0176  0.0179  0.0178  0.0181  0.0178  0.0181  0.0176  0.0178  0.0175  0.0175
registration optimization eta report
parameter search radius
    0.8000    0.8000    0.8000    2.4000    2.4000    2.4000
    2.4000    2.4000    2.4000    2.4000    2.4000    2.4000
100000*second partial in parameter space
       82.       60.       42.       10.        8.       13.
        8.       13.        5.        8.        3.        4.
  0.0179  0.0177  0.0176  0.0179  0.0178  0.0182  0.0178  0.0181  0.0176  0.0178  0.0175  0.0176
  0.0176  0.0175  0.0175  0.0177  0.0176  0.0178  0.0175  0.0176  0.0175  0.0175  0.0174  0.0174
  0.0174  0.0174  0.0174  0.0175  0.0174  0.0176  0.0174  0.0174  0.0173  0.0174  0.0173  0.0173
  0.0174  0.0174  0.0174  0.0174  0.0173  0.0173  0.0173  0.0173  0.0173  0.0173  0.0173  0.0173
  0.0174  0.0174  0.0174  0.0174  0.0174  0.0173  0.0174  0.0174  0.0174  0.0174  0.0173  0.0173
  0.0176  0.0175  0.0175  0.0175  0.0175  0.0175  0.0175  0.0177  0.0175  0.0175  0.0174  0.0174
  0.0179  0.0178  0.0176  0.0179  0.0178  0.0181  0.0178  0.0181  0.0176  0.0178  0.0175  0.0175
    2.4049   19.5636    0.9308   -5.8888  -12.7227   -1.5262
    2.6198    3.8509   -0.9161   21.0461   -1.7551  -28.3351
eta,q 0.98268 15.57795

---------------------------------------------------------------------
compute_vox2vox talsrcimg talsrcimg_to_711-2C_as_mni_average_305_t4 /opt/freesurfer/average/711-2C_as_mni_average_305
---------------------------------------------------------------------

freesurfer compute_vox2vox.c
Reading: talsrcimg.4dfp.ifh
Reading: talsrcimg_to_711-2C_as_mni_average_305_t4
Reading: /opt/freesurfer/average/711-2C_as_mni_average_305.4dfp.ifh
Writing: talsrcimg_to_711-2C_as_mni_average_305_t4_vox2vox.txt

start time Mon Mar 9 15:21:59 CET 2026
end		time Mon Mar 9 15:22:12 CET 2026

mpr2mni305 success

avi2talxfm orig_nu.mgz /opt/freesurfer/average/mni305.cor.mgz talsrcimg_to_711-2C_as_mni_average_305_t4_vox2vox.txt transforms/talairach.auto.xfm
avi2talxfm done
mv -f /out/sourcedata/freesurfer/sub-v1s22x0050490_ses-1/mri/talsrcimg_to_711-2C_as_mni_average_305_t4_vox2vox.txt /out/sourcedata/freesurfer/sub-v1s22x0050490_ses-1/mri/transforms/talsrcimg_to_711-2C_as_mni_average_305_t4_vox2vox.txt
lta_convert --src orig_nu.mgz --trg /opt/freesurfer/average/mni305.cor.mgz --inxfm transforms/talairach.auto.xfm --outlta transforms/talairach.auto.xfm.lta --subject fsaverage
7.3.2

--src: orig_nu.mgz src image (geometry).
--trg: /opt/freesurfer/average/mni305.cor.mgz trg image (geometry).
--inmni: transforms/talairach.auto.xfm input MNI/XFM transform.
--outlta: transforms/talairach.auto.xfm.lta output LTA.
--s: fsaverage subject name
 LTA read, type : 1
 1.06156  -0.03245  -0.04240  -7.65544;
 0.02069   0.94898   0.30747  -36.64165;
 0.00615  -0.22918   1.07118   6.14041;
 0.00000   0.00000   0.00000   1.00000;
setting subject to fsaverage
Writing  LTA to file transforms/talairach.auto.xfm.lta...
lta_convert successful.
 
 
Started at Mon Mar 9 15:21:58 CET 2026
Ended   at Mon Mar  9 15:22:12 CET 2026
talairach_avi done
