/out/sourcedata/freesurfer/sub-v1s22x0050499_ses-1/mri
/opt/freesurfer/bin/talairach_avi
--i orig_nu.mgz --xfm transforms/talairach.auto.xfm
talairach_avi 7.3.2
Linux dna061 5.14.0-427.37.1.el9_4.x86_64 #1 SMP PREEMPT_DYNAMIC Fri Sep 13 12:41:50 EDT 2024 x86_64 x86_64 x86_64 GNU/Linux
Mon Mar  9 15:45:12 CET 2026
mri_convert orig_nu.mgz talsrcimg.img 
reading from orig_nu.mgz...
TR=0.00, TE=0.00, TI=0.00, flip angle=0.00
i_ras = (-1, 0, 1.86265e-09)
j_ras = (-1.86265e-09, 0, -1)
k_ras = (0, 1, 0)
writing to talsrcimg.img...
Analyze Output Matrix
-1.00000  -0.00000   0.00000   131.91306;
 0.00000   0.00000   1.00000  -89.14175;
 0.00000  -1.00000   0.00000   129.34151;
 0.00000   0.00000   0.00000   1.00000;
--------------------
INFO: set hdr.hist.orient to -1
mpr2mni305 talsrcimg
Mon Mar  9 15:45:13 CET 2026
/opt/freesurfer/bin/mpr2mni305 talsrcimg
mpr2mni305 7.3.2
target=711-2C_as_mni_average_305

---------------------------------------------------------------------
analyzeto4dfp talsrcimg -O0 -y
---------------------------------------------------------------------

freesurfer ifh2hdr.c
Mon Mar  9 15:45:13 2026
Writing: talsrcimg.4dfp.hdr
freesurfer analyzeto4dfp.c
Reading: talsrcimg.hdr
header size 348 bytes
hdr.dime.datatype	offset=70	value=2
hdr.dime.bitpix		offset=72	value=8
hdr.hist.orient		offset=252	value=-1
dimensionality     4
dimensions       256       256       256         1
Reading: talsrcimg.img
Writing: talsrcimg.4dfp.img
Writing: talsrcimg.4dfp.ifh
ifh2hdr talsrcimg -r0to211
ori=2

---------------------------------------------------------------------
gauss_4dfp talsrcimg 1.1
---------------------------------------------------------------------

freesurfer gauss_4dfp.c
Reading: talsrcimg.4dfp.img
Writing: talsrcimg_g11.4dfp.img
image dimensions 256 256 256 padded to 288 288 288
processing volume 1freesurfer ifh2hdr.c
Mon Mar  9 15:45:15 2026
Writing: talsrcimg_g11.4dfp.hdr

Writing: talsrcimg_g11.4dfp.ifh
including: talsrcimg.4dfp.img.rec in talsrcimg_g11.4dfp.img.rec

---------------------------------------------------------------------
imgreg_4dfp /opt/freesurfer/average/711-2C_as_mni_average_305 none talsrcimg_g11 none talsrcimg_to_711-2C_as_mni_average_305_t4 4355
---------------------------------------------------------------------

freesurfer imgreg_4dfp.c
/opt/freesurfer/average/711-2C_as_mni_average_305.4dfp.img
       256       256       256         1
  1.000000  1.000000  1.000000
orientation T byte_order littleendian
Reading image: /opt/freesurfer/average/711-2C_as_mni_average_305.4dfp.img
dimensions:      256       256       256
mmppix:       1.0000   -1.0000   -1.0000
center:     128.0000 -129.0000 -129.0000
talsrcimg_g11.4dfp.img
       256       256       256         1
  1.000000  1.000000  1.000000
orientation T byte_order littleendian
Reading image: talsrcimg_g11.4dfp.img
dimensions:      256       256       256
mmppix:       1.0000   -1.0000   -1.0000
center:     128.0000 -129.0000 -129.0000
t4_read: open error in t4_sub.f l:  41 t4_file(1:l)talsrcimg_to_711-2C_as_mni_average_305_t4 
t4_read: transform initialized to I4
rotation matrix determinant  1.000000
image alignment mode   4355 decimal     1103 hex
   -7.5000  -45.0000  -45.0000 7477.6514   17.3397
    0.0000  -45.0000  -45.0000 7777.3701   17.3394
    7.5000  -45.0000  -45.0000 7443.9839   17.3489
   -7.5000  -37.5000  -45.0000 8077.2852   16.9101
    0.0000  -37.5000  -45.0000 8423.9893   16.9171
    7.5000  -37.5000  -45.0000 8035.5957   16.9306
   -7.5000  -30.0000  -45.0000 8999.9844   16.6034
    0.0000  -30.0000  -45.0000 9393.4961   16.6202
    7.5000  -30.0000  -45.0000 8940.2119   16.6349
   -7.5000  -22.5000  -45.0000 9984.9463   16.5388
    0.0000  -22.5000  -45.000010420.0664   16.5596
    7.5000  -22.5000  -45.0000 9924.5918   16.5725
   -7.5000  -15.0000  -45.000010975.9268   16.5067
    0.0000  -15.0000  -45.000011441.2568   16.5232
    7.5000  -15.0000  -45.000010913.9102   16.5339
   -7.5000   -7.5000  -45.000011993.4980   16.4619
    0.0000   -7.5000  -45.000012486.5303   16.4689
    7.5000   -7.5000  -45.000011876.6367   16.4795
   -7.5000    0.0000  -45.000012914.4766   16.4306
    0.0000    0.0000  -45.000013433.5850   16.4322
    7.5000    0.0000  -45.000012744.2705   16.4441
   -7.5000    7.5000  -45.000012778.7041   16.4107
    0.0000    7.5000  -45.000013276.6904   16.4182
    7.5000    7.5000  -45.000012602.6309   16.4322
   -7.5000   15.0000  -45.000012443.1553   16.4107
    0.0000   15.0000  -45.000012914.0684   16.4280
    7.5000   15.0000  -45.000012244.2393   16.4434
   -7.5000   22.5000  -45.000012000.1162   16.4344
    0.0000   22.5000  -45.000012436.0820   16.4554
    7.5000   22.5000  -45.000011747.2139   16.4689
   -7.5000   30.0000  -45.000011460.3096   16.2415
    0.0000   30.0000  -45.000011912.8896   16.2579
    7.5000   30.0000  -45.000011214.5303   16.2686
   -7.5000   37.5000  -45.000011272.0811   16.2333
    0.0000   37.5000  -45.000011753.7617   16.2404
    7.5000   37.5000  -45.000011046.5469   16.2509
   -7.5000   45.0000  -45.000010624.1465   15.8000
    0.0000   45.0000  -45.000011067.3301   15.8016
    7.5000   45.0000  -45.000010412.3584   15.8130
   -7.5000  -45.0000  -37.5000 7760.2388   17.3502
    0.0000  -45.0000  -37.5000 8101.1670   17.3509
    7.5000  -45.0000  -37.5000 7727.0098   17.3593
   -7.5000  -37.5000  -37.5000 8413.3389   16.9115
    0.0000  -37.5000  -37.5000 8807.2812   16.9246
    7.5000  -37.5000  -37.5000 8368.8223   16.9420
   -7.5000  -30.0000  -37.5000 9399.1738   16.5945
    0.0000  -30.0000  -37.5000 9833.2295   16.6182
    7.5000  -30.0000  -37.5000 9331.1748   16.6394
   -7.5000  -22.5000  -37.500010429.2676   16.5268
    0.0000  -22.5000  -37.500010903.8066   16.5501
    7.5000  -22.5000  -37.500010372.5938   16.5667
   -7.5000  -15.0000  -37.500011451.6113   16.5008
    0.0000  -15.0000  -37.500011953.2207   16.5147
    7.5000  -15.0000  -37.500011376.6543   16.5246
   -7.5000   -7.5000  -37.500012524.2295   16.4668
    0.0000   -7.5000  -37.500013051.7227   16.4707
    7.5000   -7.5000  -37.500012389.6865   16.4788
   -7.5000    0.0000  -37.500013483.5752   16.4393
    0.0000    0.0000  -37.500014045.0918   16.4418
    7.5000    0.0000  -37.500013294.1191   16.4530
   -7.5000    7.5000  -37.500013340.6631   16.4126
    0.0000    7.5000  -37.500013875.4326   16.4260
    7.5000    7.5000  -37.500013129.2725   16.4436
   -7.5000   15.0000  -37.500012994.4014   16.4026
    0.0000   15.0000  -37.500013498.5254   16.4266
    7.5000   15.0000  -37.500012754.4482   16.4482
   -7.5000   22.5000  -37.500012534.3398   16.4228
    0.0000   22.5000  -37.500013021.8584   16.4463
    7.5000   22.5000  -37.500012281.0977   16.4634
   -7.5000   30.0000  -37.500011973.0645   16.2365
    0.0000   30.0000  -37.500012475.2920   16.2504
    7.5000   30.0000  -37.500011728.1045   16.2602
   -7.5000   37.5000  -37.500011763.2666   16.2383
    0.0000   37.5000  -37.500012258.7598   16.2423
    7.5000   37.5000  -37.500011518.0732   16.2503
   -7.5000   45.0000  -37.500011081.8066   15.8083
    0.0000   45.0000  -37.500011529.5352   15.8108
    7.5000   45.0000  -37.500010851.4990   15.8216
   -7.5000  -45.0000  -30.0000 8173.8408   18.1061
    0.0000  -45.0000  -30.0000 8554.4619   18.1066
    7.5000  -45.0000  -30.0000 8134.1113   18.1069
   -7.5000  -37.5000  -30.0000 8876.5928   17.6410
    0.0000  -37.5000  -30.0000 9316.9385   17.6583
    7.5000  -37.5000  -30.0000 8845.2432   17.6723
   -7.5000  -30.0000  -30.0000 9928.9355   17.3033
    0.0000  -30.0000  -30.000010398.4736   17.3327
    7.5000  -30.0000  -30.0000 9884.9326   17.3532
   -7.5000  -22.5000  -30.000011044.2334   17.2328
    0.0000  -22.5000  -30.000011527.2002   17.2587
    7.5000  -22.5000  -30.000010977.6445   17.2726
   -7.5000  -15.0000  -30.000012100.2266   17.2099
    0.0000  -15.0000  -30.000012645.3545   17.2222
    7.5000  -15.0000  -30.000012017.3965   17.2252
   -7.5000   -7.5000  -30.000013211.5674   17.1809
    0.0000   -7.5000  -30.000013803.0732   17.1817
    7.5000   -7.5000  -30.000013084.4668   17.1812
   -7.5000    0.0000  -30.000014242.9971   17.1535
    0.0000    0.0000  -30.000014879.5166   17.1558
    7.5000    0.0000  -30.000014042.5889   17.1600
   -7.5000    7.5000  -30.000014090.4062   17.1204
    0.0000    7.5000  -30.000014666.2783   17.1376
    7.5000    7.5000  -30.000013839.1074   17.1518
   -7.5000   15.0000  -30.000013721.4580   17.1038
    0.0000   15.0000  -30.000014270.6387   17.1332
    7.5000   15.0000  -30.000013459.1318   17.1539
   -7.5000   22.5000  -30.000013252.2275   17.1224
    0.0000   22.5000  -30.000013790.4297   17.1484
    7.5000   22.5000  -30.000012962.2930   17.1627
   -7.5000   30.0000  -30.000012664.3086   16.9362
    0.0000   30.0000  -30.000013195.3750   16.9485
    7.5000   30.0000  -30.000012384.6973   16.9515
   -7.5000   37.5000  -30.000012441.2627   16.9442
    0.0000   37.5000  -30.000012967.1357   16.9451
    7.5000   37.5000  -30.000012158.7461   16.9447
   -7.5000   45.0000  -30.000011713.5869   16.5073
    0.0000   45.0000  -30.000012190.1250   16.5094
    7.5000   45.0000  -30.000011434.9336   16.5135
   -7.5000  -45.0000  -22.5000 8543.3730   18.7429
    0.0000  -45.0000  -22.5000 8951.0215   18.7409
    7.5000  -45.0000  -22.5000 8509.0947   18.7321
   -7.5000  -37.5000  -22.5000 9312.4502   18.2666
    0.0000  -37.5000  -22.5000 9756.0889   18.2798
    7.5000  -37.5000  -22.5000 9293.3867   18.2839
   -7.5000  -30.0000  -22.500010456.2119   17.9237
    0.0000  -30.0000  -22.500010910.4365   17.9505
    7.5000  -30.0000  -22.500010400.6455   17.9608
   -7.5000  -22.5000  -22.500011616.0342   17.8550
    0.0000  -22.5000  -22.500012100.1904   17.8806
    7.5000  -22.5000  -22.500011539.8418   17.8856
   -7.5000  -15.0000  -22.500012738.1660   17.8268
    0.0000  -15.0000  -22.500013257.0273   17.8400
    7.5000  -15.0000  -22.500012629.2324   17.8354
   -7.5000   -7.5000  -22.500013924.1416   17.7882
    0.0000   -7.5000  -22.500014501.4092   17.7887
    7.5000   -7.5000  -22.500013774.9307   17.7805
   -7.5000    0.0000  -22.500015046.4844   17.7566
    0.0000    0.0000  -22.500015682.6992   17.7563
    7.5000    0.0000  -22.500014821.4033   17.7520
   -7.5000    7.5000  -22.500014847.0469   17.7265
    0.0000    7.5000  -22.500015429.7979   17.7398
    7.5000    7.5000  -22.500014585.7832   17.7447
   -7.5000   15.0000  -22.500014443.5879   17.7170
    0.0000   15.0000  -22.500014985.6611   17.7437
    7.5000   15.0000  -22.500014172.0557   17.7546
   -7.5000   22.5000  -22.500013958.4961   17.7388
    0.0000   22.5000  -22.500014499.7920   17.7645
    7.5000   22.5000  -22.500013657.5654   17.7699
   -7.5000   30.0000  -22.500013342.1270   17.5453
    0.0000   30.0000  -22.500013877.8945   17.5584
    7.5000   30.0000  -22.500013038.2979   17.5540
   -7.5000   37.5000  -22.500013110.4932   17.5458
    0.0000   37.5000  -22.500013654.7275   17.5465
    7.5000   37.5000  -22.500012787.8281   17.5385
   -7.5000   45.0000  -22.500012361.5791   17.1005
    0.0000   45.0000  -22.500012865.7539   17.1002
    7.5000   45.0000  -22.500012032.0264   17.0961
   -7.5000  -45.0000  -15.0000 8902.1484   19.1854
    0.0000  -45.0000  -15.0000 9306.9795   19.1813
    7.5000  -45.0000  -15.0000 8852.1650   19.1712
   -7.5000  -37.5000  -15.0000 9709.9922   18.7096
    0.0000  -37.5000  -15.000010148.9463   18.7161
    7.5000  -37.5000  -15.0000 9664.7930   18.7141
   -7.5000  -30.0000  -15.000010901.6914   18.3700
    0.0000  -30.0000  -15.000011381.4775   18.3905
    7.5000  -30.0000  -15.000010828.7197   18.3928
   -7.5000  -22.5000  -15.000012118.6650   18.3018
    0.0000  -22.5000  -15.000012649.3496   18.3264
    7.5000  -22.5000  -15.000012039.6807   18.3266
   -7.5000  -15.0000  -15.000013334.6279   18.2645
    0.0000  -15.0000  -15.000013861.6250   18.2813
    7.5000  -15.0000  -15.000013188.2734   18.2765
   -7.5000   -7.5000  -15.000014598.1377   18.2125
    0.0000   -7.5000  -15.000015177.2490   18.2163
    7.5000   -7.5000  -15.000014373.0850   18.2089
   -7.5000    0.0000  -15.000015850.2646   18.1775
    0.0000    0.0000  -15.000016516.2598   18.1754
    7.5000    0.0000  -15.000015548.1494   18.1695
   -7.5000    7.5000  -15.000015688.8955   18.1558
    0.0000    7.5000  -15.000016314.8164   18.1628
    7.5000    7.5000  -15.000015352.3643   18.1621
   -7.5000   15.0000  -15.000015248.9932   18.1575
    0.0000   15.0000  -15.000015808.8457   18.1783
    7.5000   15.0000  -15.000014916.5723   18.1815
   -7.5000   22.5000  -15.000014755.0713   18.1813
    0.0000   22.5000  -15.000015311.2578   18.2061
    7.5000   22.5000  -15.000014405.0732   18.2068
   -7.5000   30.0000  -15.000014143.0166   17.9776
    0.0000   30.0000  -15.000014725.2490   17.9943
    7.5000   30.0000  -15.000013747.4863   17.9897
   -7.5000   37.5000  -15.000013904.6172   17.9668
    0.0000   37.5000  -15.000014521.1436   17.9707
    7.5000   37.5000  -15.000013470.0498   17.9635
   -7.5000   45.0000  -15.000013109.7998   17.5164
    0.0000   45.0000  -15.000013665.3818   17.5144
    7.5000   45.0000  -15.000012620.1162   17.5087
   -7.5000  -45.0000   -7.5000 9212.3721   19.3830
    0.0000  -45.0000   -7.5000 9625.2305   19.3804
    7.5000  -45.0000   -7.5000 9142.2783   19.3808
   -7.5000  -37.5000   -7.500010053.7139   18.9073
    0.0000  -37.5000   -7.500010522.5771   18.9116
    7.5000  -37.5000   -7.5000 9975.6807   18.9161
   -7.5000  -30.0000   -7.500011284.5273   18.5686
    0.0000  -30.0000   -7.500011828.3145   18.5855
    7.5000  -30.0000   -7.500011223.0557   18.5916
   -7.5000  -22.5000   -7.500012579.5469   18.4987
    0.0000  -22.5000   -7.500013181.8926   18.5223
    7.5000  -22.5000   -7.500012517.3877   18.5278
   -7.5000  -15.0000   -7.500013868.6445   18.4587
    0.0000  -15.0000   -7.500014471.0254   18.4782
    7.5000  -15.0000   -7.500013738.3271   18.4821
   -7.5000   -7.5000   -7.500015232.3262   18.4026
    0.0000   -7.5000   -7.500015827.8369   18.4102
    7.5000   -7.5000   -7.500014997.4111   18.4134
   -7.5000    0.0000   -7.500016667.5703   18.3664
    0.0000    0.0000   -7.500017396.0098   18.3660
    7.5000    0.0000   -7.500016292.2217   18.3698
   -7.5000    7.5000   -7.500016758.5293   18.3479
    0.0000    7.5000   -7.500017537.3633   18.3530
    7.5000    7.5000   -7.500016280.9697   18.3586
   -7.5000   15.0000   -7.500016390.2188   18.3531
    0.0000   15.0000   -7.500017096.9824   18.3706
    7.5000   15.0000   -7.500015826.1270   18.3776
   -7.5000   22.5000   -7.500015808.9795   18.3752
    0.0000   22.5000   -7.500016455.1230   18.3990
    7.5000   22.5000   -7.500015223.3838   18.4052
   -7.5000   30.0000   -7.500015058.3887   18.1682
    0.0000   30.0000   -7.500015702.3291   18.1874
    7.5000   30.0000   -7.500014484.2109   18.1915
   -7.5000   37.5000   -7.500014759.7334   18.1537
    0.0000   37.5000   -7.500015415.9873   18.1614
    7.5000   37.5000   -7.500014147.8779   18.1646
   -7.5000   45.0000   -7.500013830.6377   17.7017
    0.0000   45.0000   -7.500014443.3184   17.7014
    7.5000   45.0000   -7.500013236.3018   17.7050
   -7.5000  -45.0000    0.0000 9442.5430   19.4025
    0.0000  -45.0000    0.0000 9865.7188   19.4022
    7.5000  -45.0000    0.0000 9380.6309   19.4128
   -7.5000  -37.5000    0.000010311.2705   18.9221
    0.0000  -37.5000    0.000010793.0488   18.9299
    7.5000  -37.5000    0.000010242.6055   18.9450
   -7.5000  -30.0000    0.000011582.5029   18.5790
    0.0000  -30.0000    0.000012145.2129   18.5978
    7.5000  -30.0000    0.000011516.9658   18.6143
   -7.5000  -22.5000    0.000012934.6992   18.5068
    0.0000  -22.5000    0.000013539.8047   18.5301
    7.5000  -22.5000    0.000012837.2285   18.5445
   -7.5000  -15.0000    0.000014255.0176   18.4707
    0.0000  -15.0000    0.000014873.4580   18.4892
    7.5000  -15.0000    0.000014136.5781   18.5011
   -7.5000   -7.5000    0.000015679.9619   18.4204
    0.0000   -7.5000    0.000016319.6865   18.4282
    7.5000   -7.5000    0.000015469.5811   18.4400
   -7.5000    0.0000    0.000017266.0527   18.3853
    0.0000    0.0000    0.000018103.0137   18.3871
    7.5000    0.0000    0.000016851.1602   18.4004
   -7.5000    7.5000    0.000017597.2676   18.3633
    0.0000    7.5000    0.000018696.1309   18.3716
    7.5000    7.5000    0.000016992.7227   18.3873
   -7.5000   15.0000    0.000017291.8984   18.3634
    0.0000   15.0000    0.000018304.6230   18.3828
    7.5000   15.0000    0.000016591.0371   18.4000
   -7.5000   22.5000    0.000016467.0625   18.3840
    0.0000   22.5000    0.000017316.0703   18.4075
    7.5000   22.5000    0.000015859.7461   18.4226
   -7.5000   30.0000    0.000015535.8682   18.1810
    0.0000   30.0000    0.000016332.4355   18.1994
    7.5000   30.0000    0.000014995.3955   18.2114
   -7.5000   37.5000    0.000015174.5674   18.1717
    0.0000   37.5000    0.000015943.3125   18.1796
    7.5000   37.5000    0.000014625.8594   18.1913
   -7.5000   45.0000    0.000014250.9189   17.7214
    0.0000   45.0000    0.000014907.2480   17.7231
    7.5000   45.0000    0.000013695.5645   17.7359
   -7.5000  -45.0000    7.5000 8919.4277   19.4153
    0.0000  -45.0000    7.5000 9305.4609   19.4161
    7.5000  -45.0000    7.5000 8838.5967   19.4255
   -7.5000  -37.5000    7.5000 9758.1318   18.9244
    0.0000  -37.5000    7.500010221.3984   18.9391
    7.5000  -37.5000    7.5000 9687.2354   18.9586
   -7.5000  -30.0000    7.500011027.8271   18.5697
    0.0000  -30.0000    7.500011530.6299   18.5962
    7.5000  -30.0000    7.500010928.8213   18.6199
   -7.5000  -22.5000    7.500012362.5918   18.4939
    0.0000  -22.5000    7.500012904.3281   18.5200
    7.5000  -22.5000    7.500012237.2832   18.5386
   -7.5000  -15.0000    7.500013633.2666   18.4648
    0.0000  -15.0000    7.500014196.6494   18.4804
    7.5000  -15.0000    7.500013526.7637   18.4915
   -7.5000   -7.5000    7.500014958.6318   18.4268
    0.0000   -7.5000    7.500015534.7119   18.4312
    7.5000   -7.5000    7.500014793.9189   18.4402
   -7.5000    0.0000    7.500016354.5488   18.3960
    0.0000    0.0000    7.500017116.7031   18.3988
    7.5000    0.0000    7.500016064.9990   18.4114
   -7.5000    7.5000    7.500016520.2441   18.3662
    0.0000    7.5000    7.500017410.9043   18.3811
    7.5000    7.5000    7.500016139.2432   18.4008
   -7.5000   15.0000    7.500016064.5020   18.3549
    0.0000   15.0000    7.500016862.7168   18.3818
    7.5000   15.0000    7.500015748.2695   18.4059
   -7.5000   22.5000    7.500015331.6641   18.3716
    0.0000   22.5000    7.500016074.8857   18.3978
    7.5000   22.5000    7.500015095.2461   18.4170
   -7.5000   30.0000    7.500014627.3828   18.1762
    0.0000   30.0000    7.500015360.8750   18.1917
    7.5000   30.0000    7.500014348.0361   18.2027
   -7.5000   37.5000    7.500014338.7402   18.1782
    0.0000   37.5000    7.500015115.8896   18.1826
    7.5000   37.5000    7.500014013.2646   18.1916
   -7.5000   45.0000    7.500013458.3193   17.7316
    0.0000   45.0000    7.500014136.8672   17.7344
    7.5000   45.0000    7.500013073.9668   17.7465
   -7.5000  -45.0000   15.0000 8339.8037   19.4665
    0.0000  -45.0000   15.0000 8709.8154   19.4671
    7.5000  -45.0000   15.0000 8254.1934   19.4674
   -7.5000  -37.5000   15.0000 9176.3271   18.9659
    0.0000  -37.5000   15.0000 9593.5361   18.9845
    7.5000  -37.5000   15.0000 9069.5752   18.9995
   -7.5000  -30.0000   15.000010377.9326   18.6025
    0.0000  -30.0000   15.000010843.3535   18.6341
    7.5000  -30.0000   15.000010284.1514   18.6561
   -7.5000  -22.5000   15.000011631.0684   18.5266
    0.0000  -22.5000   15.000012139.5527   18.5545
    7.5000  -22.5000   15.000011544.4912   18.5695
   -7.5000  -15.0000   15.000012800.3652   18.5019
    0.0000  -15.0000   15.000013323.0088   18.5152
    7.5000  -15.0000   15.000012724.1338   18.5184
   -7.5000   -7.5000   15.000013952.5352   18.4707
    0.0000   -7.5000   15.000014492.5957   18.4715
    7.5000   -7.5000   15.000013840.9219   18.4710
   -7.5000    0.0000   15.000015137.8584   18.4412
    0.0000    0.0000   15.000015883.9219   18.4436
    7.5000    0.0000   15.000015015.3975   18.4481
   -7.5000    7.5000   15.000015124.3594   18.4055
    0.0000    7.5000   15.000015926.5742   18.4240
    7.5000    7.5000   15.000015015.1299   18.4394
   -7.5000   15.0000   15.000014633.1748   18.3877
    0.0000   15.0000   15.000015330.7490   18.4193
    7.5000   15.0000   15.000014601.5039   18.4416
   -7.5000   22.5000   15.000014078.8564   18.4037
    0.0000   22.5000   15.000014724.1074   18.4317
    7.5000   22.5000   15.000014037.2100   18.4471
   -7.5000   30.0000   15.000013508.7207   18.2130
    0.0000   30.0000   15.000014184.1787   18.2262
    7.5000   30.0000   15.000013424.0645   18.2295
   -7.5000   37.5000   15.000013331.3594   18.2215
    0.0000   37.5000   15.000014013.7197   18.2225
    7.5000   37.5000   15.000013196.0088   18.2221
   -7.5000   45.0000   15.000012527.0674   17.7752
    0.0000   45.0000   15.000013131.6113   17.7775
    7.5000   45.0000   15.000012328.6904   17.7819
   -7.5000  -45.0000   22.5000 7767.0156   19.8225
    0.0000  -45.0000   22.5000 8148.5820   19.8207
    7.5000  -45.0000   22.5000 7705.8745   19.8115
   -7.5000  -37.5000   22.5000 8574.2861   19.3101
    0.0000  -37.5000   22.5000 9005.5156   19.3245
    7.5000  -37.5000   22.5000 8503.0000   19.3292
   -7.5000  -30.0000   22.5000 9678.5967   18.9414
    0.0000  -30.0000   22.500010149.3818   18.9704
    7.5000  -30.0000   22.5000 9599.8965   18.9817
   -7.5000  -22.5000   22.500010820.1035   18.8673
    0.0000  -22.5000   22.500011295.1709   18.8952
    7.5000  -22.5000   22.500010745.7139   18.9008
   -7.5000  -15.0000   22.500011871.7949   18.8365
    0.0000  -15.0000   22.500012365.2588   18.8511
    7.5000  -15.0000   22.500011806.6074   18.8465
   -7.5000   -7.5000   22.500012925.1475   18.7946
    0.0000   -7.5000   22.500013476.8760   18.7956
    7.5000   -7.5000   22.500012859.8115   18.7871
   -7.5000    0.0000   22.500014019.5752   18.7608
    0.0000    0.0000   22.500014728.1914   18.7608
    7.5000    0.0000   22.500013964.4658   18.7565
   -7.5000    7.5000   22.500013964.3145   18.7290
    0.0000    7.5000   22.500014641.8535   18.7435
    7.5000    7.5000   22.500013946.5479   18.7489
   -7.5000   15.0000   22.500013534.6328   18.7191
    0.0000   15.0000   22.500014131.3252   18.7481
    7.5000   15.0000   22.500013550.3408   18.7599
   -7.5000   22.5000   22.500013051.6318   18.7396
    0.0000   22.5000   22.500013642.9121   18.7675
    7.5000   22.5000   22.500013034.2100   18.7737
   -7.5000   30.0000   22.500012553.1797   18.5407
    0.0000   30.0000   22.500013108.2998   18.5552
    7.5000   30.0000   22.500012483.8350   18.5509
   -7.5000   37.5000   22.500012399.7793   18.5409
    0.0000   37.5000   22.500012957.2246   18.5421
    7.5000   37.5000   22.500012300.5674   18.5338
   -7.5000   45.0000   22.500011649.0938   18.0832
    0.0000   45.0000   22.500012173.6230   18.0833
    7.5000   45.0000   22.500011515.6885   18.0791
   -7.5000  -45.0000   30.0000 7090.3853   20.3149
    0.0000  -45.0000   30.0000 7463.3926   20.3124
    7.5000  -45.0000   30.0000 7055.6074   20.3018
   -7.5000  -37.5000   30.0000 7841.7876   19.7882
    0.0000  -37.5000   30.0000 8255.4150   19.7972
    7.5000  -37.5000   30.0000 7792.2466   19.7955
   -7.5000  -30.0000   30.0000 8858.7715   19.4132
    0.0000  -30.0000   30.0000 9301.1904   19.4377
    7.5000  -30.0000   30.0000 8793.6377   19.4412
   -7.5000  -22.5000   30.0000 9898.0986   19.3390
    0.0000  -22.5000   30.000010358.4053   19.3683
    7.5000  -22.5000   30.0000 9831.5488   19.3697
   -7.5000  -15.0000   30.000010909.9268   19.2991
    0.0000  -15.0000   30.000011385.7451   19.3198
    7.5000  -15.0000   30.000010831.6074   19.3156
   -7.5000   -7.5000   30.000011906.4072   19.2419
    0.0000   -7.5000   30.000012433.5605   19.2482
    7.5000   -7.5000   30.000011840.3271   19.2408
   -7.5000    0.0000   30.000012913.2471   19.2027
    0.0000    0.0000   30.000013521.1113   19.2023
    7.5000    0.0000   30.000012855.1162   19.1963
   -7.5000    7.5000   30.000012849.4639   19.1778
    0.0000    7.5000   30.000013423.1631   19.1873
    7.5000    7.5000   30.000012822.6406   19.1869
   -7.5000   15.0000   30.000012494.3750   19.1792
    0.0000   15.0000   30.000013019.0020   19.2040
    7.5000   15.0000   30.000012463.4785   19.2084
   -7.5000   22.5000   30.000012076.2852   19.2045
    0.0000   22.5000   30.000012572.0498   19.2340
    7.5000   22.5000   30.000012018.5527   19.2360
   -7.5000   30.0000   30.000011602.4131   18.9937
    0.0000   30.0000   30.000012074.0283   19.0142
    7.5000   30.0000   30.000011527.8408   19.0103
   -7.5000   37.5000   30.000011455.0273   18.9819
    0.0000   37.5000   30.000011937.1055   18.9882
    7.5000   37.5000   30.000011351.8047   18.9811
   -7.5000   45.0000   30.000010775.4023   18.5092
    0.0000   45.0000   30.000011239.4717   18.5088
    7.5000   45.0000   30.000010658.2158   18.5031
   -7.5000  -45.0000   37.5000 6685.4014   20.9519
    0.0000  -45.0000   37.5000 7017.8486   20.9497
    7.5000  -45.0000   37.5000 6639.1460   20.9502
   -7.5000  -37.5000   37.5000 7400.4497   20.3993
    0.0000  -37.5000   37.5000 7761.3730   20.4045
    7.5000  -37.5000   37.5000 7340.3179   20.4100
   -7.5000  -30.0000   37.5000 8383.0254   20.0072
    0.0000  -30.0000   37.5000 8772.6807   20.0267
    7.5000  -30.0000   37.5000 8316.1201   20.0349
   -7.5000  -22.5000   37.5000 9370.6924   19.9264
    0.0000  -22.5000   37.5000 9798.9131   19.9541
    7.5000  -22.5000   37.5000 9322.5605   19.9618
   -7.5000  -15.0000   37.500010385.4678   19.8793
    0.0000  -15.0000   37.500010819.3018   19.9030
    7.5000  -15.0000   37.500010281.5205   19.9086
   -7.5000   -7.5000   37.500011383.8994   19.8134
    0.0000   -7.5000   37.500011879.8916   19.8235
    7.5000   -7.5000   37.500011278.8350   19.8277
   -7.5000    0.0000   37.500012309.3984   19.7714
    0.0000    0.0000   37.500012852.5664   19.7718
    7.5000    0.0000   37.500012223.7666   19.7761
   -7.5000    7.5000   37.500012216.9863   19.7510
    0.0000    7.5000   37.500012720.3799   19.7570
    7.5000    7.5000   37.500012149.2930   19.7637
   -7.5000   15.0000   37.500011902.8623   19.7577
    0.0000   15.0000   37.500012381.9629   19.7779
    7.5000   15.0000   37.500011848.5918   19.7871
   -7.5000   22.5000   37.500011553.1045   19.7841
    0.0000   22.5000   37.500012029.1904   19.8120
    7.5000   22.5000   37.500011476.8730   19.8206
   -7.5000   30.0000   37.500011121.3574   19.5628
    0.0000   30.0000   37.500011577.4834   19.5862
    7.5000   30.0000   37.500011044.0078   19.5920
   -7.5000   37.5000   37.500010987.3428   19.5451
    0.0000   37.5000   37.500011443.9229   19.5552
    7.5000   37.5000   37.500010890.9844   19.5595
   -7.5000   45.0000   37.500010333.6826   19.0574
    0.0000   45.0000   37.500010778.0479   19.0578
    7.5000   45.0000   37.500010216.5498   19.0619
   -7.5000  -45.0000   45.0000 6054.4004   21.7481
    0.0000  -45.0000   45.0000 6345.6030   21.7509
    7.5000  -45.0000   45.0000 5999.8384   21.7676
   -7.5000  -37.5000   45.0000 6691.0615   21.1416
    0.0000  -37.5000   45.0000 7001.0928   21.1532
    7.5000  -37.5000   45.0000 6631.9194   21.1748
   -7.5000  -30.0000   45.0000 7590.0547   20.7064
    0.0000  -30.0000   45.0000 7919.1636   20.7320
    7.5000  -30.0000   45.0000 7518.2881   20.7541
   -7.5000  -22.5000   45.0000 8509.8984   20.6134
    0.0000  -22.5000   45.0000 8881.2812   20.6460
    7.5000  -22.5000   45.0000 8446.1631   20.6652
   -7.5000  -15.0000   45.0000 9445.5049   20.5699
    0.0000  -15.0000   45.0000 9850.0098   20.5980
    7.5000  -15.0000   45.0000 9329.8984   20.6146
   -7.5000   -7.5000   45.000010406.8691   20.5122
    0.0000   -7.5000   45.000010862.1357   20.5264
    7.5000   -7.5000   45.000010281.9004   20.5436
   -7.5000    0.0000   45.000011251.4590   20.4717
    0.0000    0.0000   45.000011743.4248   20.4767
    7.5000    0.0000   45.000011138.9756   20.4963
   -7.5000    7.5000   45.000011156.7891   20.4419
    0.0000    7.5000   45.000011624.5361   20.4541
    7.5000    7.5000   45.000011079.7793   20.4761
   -7.5000   15.0000   45.000010899.8369   20.4371
    0.0000   15.0000   45.000011349.7852   20.4634
    7.5000   15.0000   45.000010827.9727   20.4864
   -7.5000   22.5000   45.000010583.8252   20.4613
    0.0000   22.5000   45.000011025.3330   20.4941
    7.5000   22.5000   45.000010493.4902   20.5140
   -7.5000   30.0000   45.000010191.1699   20.2388
    0.0000   30.0000   45.000010619.1357   20.2666
    7.5000   30.0000   45.000010106.1406   20.2831
   -7.5000   37.5000   45.000010077.4736   20.2321
    0.0000   37.5000   45.000010502.0449   20.2463
    7.5000   37.5000   45.0000 9981.0244   20.2634
   -7.5000   45.0000   45.0000 9488.4131   19.7413
    0.0000   45.0000   45.0000 9897.8418   19.7462
    7.5000   45.0000   45.0000 9382.6982   19.7650

---------------------------------------------------------------------
imgreg_4dfp /opt/freesurfer/average/711-2C_as_mni_average_305 /opt/freesurfer/average/711-2B_as_mni_average_305_mask talsrcimg_g11 none talsrcimg_to_711-2C_as_mni_average_305_t4 4355
---------------------------------------------------------------------

freesurfer imgreg_4dfp.c
/opt/freesurfer/average/711-2C_as_mni_average_305.4dfp.img
       256       256       256         1
  1.000000  1.000000  1.000000
orientation T byte_order littleendian
Reading image: /opt/freesurfer/average/711-2C_as_mni_average_305.4dfp.img
dimensions:      256       256       256
mmppix:       1.0000   -1.0000   -1.0000
center:     128.0000 -129.0000 -129.0000
/opt/freesurfer/average/711-2B_as_mni_average_305_mask.4dfp.img
       256       256       256         1
  1.000000  1.000000  1.000000
orientation T byte_order littleendian
Reading mask: /opt/freesurfer/average/711-2B_as_mni_average_305_mask.4dfp.img (2306576 pixels)
talsrcimg_g11.4dfp.img
       256       256       256         1
  1.000000  1.000000  1.000000
orientation T byte_order littleendian
Reading image: talsrcimg_g11.4dfp.img
dimensions:      256       256       256
mmppix:       1.0000   -1.0000   -1.0000
center:     128.0000 -129.0000 -129.0000
rotation matrix determinant  1.000000
image alignment mode   4355 decimal     1103 hex
   -7.5000  -37.5000  -45.0000 2219.2087   20.8088
    0.0000  -37.5000  -45.0000 2228.6384   20.8255
    7.5000  -37.5000  -45.0000 2215.0984   21.0182
   -7.5000  -30.0000  -45.0000 2323.2649   18.8659
    0.0000  -30.0000  -45.0000 2330.3589   18.9205
    7.5000  -30.0000  -45.0000 2312.9216   19.0409
   -7.5000  -22.5000  -45.0000 2411.8816   17.3941
    0.0000  -22.5000  -45.0000 2419.7349   17.4037
    7.5000  -22.5000  -45.0000 2397.7666   17.5054
   -7.5000  -15.0000  -45.0000 2483.4060   16.2844
    0.0000  -15.0000  -45.0000 2490.5022   16.2249
    7.5000  -15.0000  -45.0000 2467.3948   16.3577
   -7.5000   -7.5000  -45.0000 2530.8767   15.5448
    0.0000   -7.5000  -45.0000 2536.5173   15.4955
    7.5000   -7.5000  -45.0000 2508.3745   15.5756
   -7.5000    0.0000  -45.0000 2557.3784   15.1023
    0.0000    0.0000  -45.0000 2565.8523   15.0134
    7.5000    0.0000  -45.0000 2532.7625   15.0891
   -7.5000    7.5000  -45.0000 2567.8347   14.9057
    0.0000    7.5000  -45.0000 2571.0032   14.7838
    7.5000    7.5000  -45.0000 2542.2856   14.9057
   -7.5000   15.0000  -45.0000 2566.5928   14.9364
    0.0000   15.0000  -45.0000 2569.0566   14.8280
    7.5000   15.0000  -45.0000 2542.9463   14.9521
   -7.5000   22.5000  -45.0000 2549.9797   15.2239
    0.0000   22.5000  -45.0000 2554.3821   15.1383
    7.5000   22.5000  -45.0000 2521.6978   15.2410
   -7.5000   30.0000  -45.0000 2512.0332   15.7409
    0.0000   30.0000  -45.0000 2519.8638   15.6936
    7.5000   30.0000  -45.0000 2484.9727   15.7965
   -7.5000   37.5000  -45.0000 2451.5854   16.4530
    0.0000   37.5000  -45.0000 2460.1377   16.3857
    7.5000   37.5000  -45.0000 2428.6230   16.5503
   -7.5000   45.0000  -45.0000 2372.0378   17.4540
    0.0000   45.0000  -45.0000 2378.5388   17.3879
    7.5000   45.0000  -45.0000 2348.6763   17.5278
   -7.5000   52.5000  -45.0000 2255.3040   18.7265
    0.0000   52.5000  -45.0000 2263.5618   18.6466
    7.5000   52.5000  -45.0000 2237.1028   18.8158
   -7.5000  -37.5000  -37.5000 2265.3403   19.9584
    0.0000  -37.5000  -37.5000 2279.4971   20.0647
    7.5000  -37.5000  -37.5000 2262.7517   20.2380
   -7.5000  -30.0000  -37.5000 2376.6316   18.0616
    0.0000  -30.0000  -37.5000 2389.6267   18.1203
    7.5000  -30.0000  -37.5000 2365.5151   18.2877
   -7.5000  -22.5000  -37.5000 2467.1292   16.5756
    0.0000  -22.5000  -37.5000 2480.3997   16.5788
    7.5000  -22.5000  -37.5000 2455.0269   16.7517
   -7.5000  -15.0000  -37.5000 2543.7017   15.4469
    0.0000  -15.0000  -37.5000 2555.3052   15.4050
    7.5000  -15.0000  -37.5000 2526.6934   15.5429
   -7.5000   -7.5000  -37.5000 2602.6565   14.7051
    0.0000   -7.5000  -37.5000 2613.3049   14.6151
    7.5000   -7.5000  -37.5000 2579.3403   14.6907
   -7.5000    0.0000  -37.5000 2632.5125   14.2294
    0.0000    0.0000  -37.5000 2640.7271   14.1148
    7.5000    0.0000  -37.5000 2608.2039   14.1995
   -7.5000    7.5000  -37.5000 2646.0225   14.0011
    0.0000    7.5000  -37.5000 2648.6160   13.8852
    7.5000    7.5000  -37.5000 2621.3677   13.9974
   -7.5000   15.0000  -37.5000 2643.3279   13.9886
    0.0000   15.0000  -37.5000 2645.3145   13.9041
    7.5000   15.0000  -37.5000 2618.8137   14.0294
   -7.5000   22.5000  -37.5000 2626.8374   14.2350
    0.0000   22.5000  -37.5000 2637.4753   14.1829
    7.5000   22.5000  -37.5000 2606.8555   14.2935
   -7.5000   30.0000  -37.5000 2594.3728   14.7211
    0.0000   30.0000  -37.5000 2605.3579   14.6709
    7.5000   30.0000  -37.5000 2576.0950   14.7963
   -7.5000   37.5000  -37.5000 2535.6765   15.3829
    0.0000   37.5000  -37.5000 2541.8040   15.3129
    7.5000   37.5000  -37.5000 2518.8760   15.4763
   -7.5000   45.0000  -37.5000 2455.0120   16.2877
    0.0000   45.0000  -37.5000 2458.2192   16.1993
    7.5000   45.0000  -37.5000 2438.6782   16.3723
   -7.5000   52.5000  -37.5000 2333.3777   17.4353
    0.0000   52.5000  -37.5000 2340.1150   17.3438
    7.5000   52.5000  -37.5000 2320.6396   17.5286
   -7.5000  -37.5000  -30.0000 2341.1125   19.9346
    0.0000  -37.5000  -30.0000 2359.4768   20.0594
    7.5000  -37.5000  -30.0000 2340.4470   20.2353
   -7.5000  -30.0000  -30.0000 2457.3352   17.9678
    0.0000  -30.0000  -30.0000 2475.3855   18.0383
    7.5000  -30.0000  -30.0000 2451.8926   18.2185
   -7.5000  -22.5000  -30.0000 2555.3765   16.4296
    0.0000  -22.5000  -30.0000 2571.2476   16.4276
    7.5000  -22.5000  -30.0000 2547.3381   16.6159
   -7.5000  -15.0000  -30.0000 2631.9463   15.2615
    0.0000  -15.0000  -30.0000 2644.2495   15.2152
    7.5000  -15.0000  -30.0000 2620.8127   15.3601
   -7.5000   -7.5000  -30.0000 2702.0237   14.3932
    0.0000   -7.5000  -30.0000 2714.2656   14.3170
    7.5000   -7.5000  -30.0000 2684.5767   14.4169
   -7.5000    0.0000  -30.0000 2746.4158   13.8834
    0.0000    0.0000  -30.0000 2754.9868   13.7928
    7.5000    0.0000  -30.0000 2722.4941   13.8870
   -7.5000    7.5000  -30.0000 2765.4807   13.6016
    0.0000    7.5000  -30.0000 2771.9326   13.4994
    7.5000    7.5000  -30.0000 2744.1404   13.5947
   -7.5000   15.0000  -30.0000 2762.6980   13.5589
    0.0000   15.0000  -30.0000 2771.7346   13.4791
    7.5000   15.0000  -30.0000 2742.8804   13.5944
   -7.5000   22.5000  -30.0000 2754.5254   13.8194
    0.0000   22.5000  -30.0000 2764.4153   13.7548
    7.5000   22.5000  -30.0000 2735.8330   13.8893
   -7.5000   30.0000  -30.0000 2721.9360   14.2869
    0.0000   30.0000  -30.0000 2728.1514   14.2182
    7.5000   30.0000  -30.0000 2707.0605   14.3621
   -7.5000   37.5000  -30.0000 2663.0818   14.9589
    0.0000   37.5000  -30.0000 2668.3015   14.8708
    7.5000   37.5000  -30.0000 2648.9817   15.0041
   -7.5000   45.0000  -30.0000 2578.9937   15.8063
    0.0000   45.0000  -30.0000 2582.6545   15.7297
    7.5000   45.0000  -30.0000 2564.5500   15.8950
   -7.5000   52.5000  -30.0000 2453.3955   16.9123
    0.0000   52.5000  -30.0000 2462.2266   16.8352
    7.5000   52.5000  -30.0000 2445.7527   17.0267
   -7.5000  -37.5000  -22.5000 2372.7551   19.8728
    0.0000  -37.5000  -22.5000 2394.2461   20.0012
    7.5000  -37.5000  -22.5000 2378.1943   20.1759
   -7.5000  -30.0000  -22.5000 2499.7461   17.8753
    0.0000  -30.0000  -22.5000 2515.5625   17.8778
    7.5000  -30.0000  -22.5000 2496.5911   18.0943
   -7.5000  -22.5000  -22.5000 2601.4482   16.2905
    0.0000  -22.5000  -22.5000 2614.7966   16.2198
    7.5000  -22.5000  -22.5000 2593.4265   16.4360
   -7.5000  -15.0000  -22.5000 2680.7690   15.0610
    0.0000  -15.0000  -22.5000 2695.1855   14.9738
    7.5000  -15.0000  -22.5000 2673.6226   15.1513
   -7.5000   -7.5000  -22.5000 2760.5581   14.1324
    0.0000   -7.5000  -22.5000 2774.2695   14.0176
    7.5000   -7.5000  -22.5000 2747.3335   14.1537
   -7.5000    0.0000  -22.5000 2818.4187   13.5648
    0.0000    0.0000  -22.5000 2830.6599   13.4429
    7.5000    0.0000  -22.5000 2800.7007   13.5609
   -7.5000    7.5000  -22.5000 2848.0593   13.2193
    0.0000    7.5000  -22.5000 2856.8230   13.0753
    7.5000    7.5000  -22.5000 2829.6880   13.2252
   -7.5000   15.0000  -22.5000 2851.4631   13.1165
    0.0000   15.0000  -22.5000 2859.3975   12.9853
    7.5000   15.0000  -22.5000 2835.0637   13.1854
   -7.5000   22.5000  -22.5000 2851.1646   13.3850
    0.0000   22.5000  -22.5000 2856.2678   13.2714
    7.5000   22.5000  -22.5000 2832.5591   13.4727
   -7.5000   30.0000  -22.5000 2813.5054   13.8378
    0.0000   30.0000  -22.5000 2824.5271   13.7427
    7.5000   30.0000  -22.5000 2800.1643   13.9138
   -7.5000   37.5000  -22.5000 2758.5330   14.4680
    0.0000   37.5000  -22.5000 2765.5581   14.3683
    7.5000   37.5000  -22.5000 2741.5928   14.5188
   -7.5000   45.0000  -22.5000 2674.7952   15.2967
    0.0000   45.0000  -22.5000 2684.3186   15.2110
    7.5000   45.0000  -22.5000 2659.4141   15.4004
   -7.5000   52.5000  -22.5000 2547.8164   16.3717
    0.0000   52.5000  -22.5000 2560.4390   16.2870
    7.5000   52.5000  -22.5000 2538.1953   16.5238
   -7.5000  -37.5000  -15.0000 2373.5901   19.9576
    0.0000  -37.5000  -15.0000 2391.8210   19.9668
    7.5000  -37.5000  -15.0000 2380.8774   20.2236
   -7.5000  -30.0000  -15.0000 2501.6707   17.9040
    0.0000  -30.0000  -15.0000 2515.9102   17.8301
    7.5000  -30.0000  -15.0000 2499.7417   18.0568
   -7.5000  -22.5000  -15.0000 2605.3423   16.2442
    0.0000  -22.5000  -15.0000 2622.1648   16.1632
    7.5000  -22.5000  -15.0000 2601.9390   16.3772
   -7.5000  -15.0000  -15.0000 2695.2969   14.9777
    0.0000  -15.0000  -15.0000 2709.5642   14.8602
    7.5000  -15.0000  -15.0000 2689.9849   15.0299
   -7.5000   -7.5000  -15.0000 2777.4570   13.9957
    0.0000   -7.5000  -15.0000 2790.5090   13.8525
    7.5000   -7.5000  -15.0000 2763.7209   14.0071
   -7.5000    0.0000  -15.0000 2846.7705   13.4058
    0.0000    0.0000  -15.0000 2854.8528   13.2439
    7.5000    0.0000  -15.0000 2829.1450   13.3827
   -7.5000    7.5000  -15.0000 2888.5854   13.0417
    0.0000    7.5000  -15.0000 2895.7151   12.8606
    7.5000    7.5000  -15.0000 2866.7739   13.0272
   -7.5000   15.0000  -15.0000 2905.9846   12.8737
    0.0000   15.0000  -15.0000 2903.9675   12.6979
    7.5000   15.0000  -15.0000 2882.3601   12.9436
   -7.5000   22.5000  -15.0000 2910.0859   13.0985
    0.0000   22.5000  -15.0000 2905.9614   12.9641
    7.5000   22.5000  -15.0000 2885.3450   13.1824
   -7.5000   30.0000  -15.0000 2881.8806   13.5191
    0.0000   30.0000  -15.0000 2885.6099   13.4185
    7.5000   30.0000  -15.0000 2852.8259   13.5647
   -7.5000   37.5000  -15.0000 2825.0859   14.1071
    0.0000   37.5000  -15.0000 2833.7288   14.0020
    7.5000   37.5000  -15.0000 2798.0295   14.1373
   -7.5000   45.0000  -15.0000 2742.1760   14.9307
    0.0000   45.0000  -15.0000 2749.7976   14.8152
    7.5000   45.0000  -15.0000 2719.3503   14.9983
   -7.5000   52.5000  -15.0000 2612.6572   16.0081
    0.0000   52.5000  -15.0000 2619.8513   15.8724
    7.5000   52.5000  -15.0000 2595.1021   16.0839
   -7.5000  -37.5000   -7.5000 2343.7937   20.0735
    0.0000  -37.5000   -7.5000 2359.1304   20.0502
    7.5000  -37.5000   -7.5000 2348.4819   20.2491
   -7.5000  -30.0000   -7.5000 2470.9775   17.9111
    0.0000  -30.0000   -7.5000 2489.2795   17.8672
    7.5000  -30.0000   -7.5000 2472.2158   18.0589
   -7.5000  -22.5000   -7.5000 2579.6697   16.2029
    0.0000  -22.5000   -7.5000 2601.2756   16.1436
    7.5000  -22.5000   -7.5000 2583.7600   16.3647
   -7.5000  -15.0000   -7.5000 2676.7166   14.9229
    0.0000  -15.0000   -7.5000 2694.0686   14.8179
    7.5000  -15.0000   -7.5000 2674.7476   15.0129
   -7.5000   -7.5000   -7.5000 2765.0698   13.9901
    0.0000   -7.5000   -7.5000 2780.7334   13.8586
    7.5000   -7.5000   -7.5000 2758.4207   13.9939
   -7.5000    0.0000   -7.5000 2846.7556   13.4341
    0.0000    0.0000   -7.5000 2850.4995   13.2846
    7.5000    0.0000   -7.5000 2833.5952   13.3896
   -7.5000    7.5000   -7.5000 2909.9329   13.1607
    0.0000    7.5000   -7.5000 2918.4900   13.0477
    7.5000    7.5000   -7.5000 2889.6489   13.0691
   -7.5000   15.0000   -7.5000 2942.8367   12.8908
    0.0000   15.0000   -7.5000 2942.6516   12.7881
    7.5000   15.0000   -7.5000 2907.5796   12.8757
   -7.5000   22.5000   -7.5000 2944.7012   12.9206
    0.0000   22.5000   -7.5000 2943.1289   12.8645
    7.5000   22.5000   -7.5000 2904.7612   12.9452
   -7.5000   30.0000   -7.5000 2913.8076   13.2657
    0.0000   30.0000   -7.5000 2917.8181   13.2062
    7.5000   30.0000   -7.5000 2878.7041   13.2590
   -7.5000   37.5000   -7.5000 2861.5740   13.8255
    0.0000   37.5000   -7.5000 2867.2458   13.7449
    7.5000   37.5000   -7.5000 2824.3328   13.8430
   -7.5000   45.0000   -7.5000 2771.1421   14.6692
    0.0000   45.0000   -7.5000 2777.4050   14.5356
    7.5000   45.0000   -7.5000 2741.4861   14.6690
   -7.5000   52.5000   -7.5000 2640.6365   15.7271
    0.0000   52.5000   -7.5000 2646.1616   15.6293
    7.5000   52.5000   -7.5000 2619.5427   15.7465
   -7.5000  -37.5000    0.0000 2295.3413   20.3759
    0.0000  -37.5000    0.0000 2314.4497   20.3337
    7.5000  -37.5000    0.0000 2301.4482   20.6085
   -7.5000  -30.0000    0.0000 2417.6138   18.0942
    0.0000  -30.0000    0.0000 2438.7922   18.0332
    7.5000  -30.0000    0.0000 2426.7197   18.2959
   -7.5000  -22.5000    0.0000 2529.9016   16.3955
    0.0000  -22.5000    0.0000 2547.2871   16.3055
    7.5000  -22.5000    0.0000 2533.3162   16.5383
   -7.5000  -15.0000    0.0000 2632.8530   15.1055
    0.0000  -15.0000    0.0000 2644.8496   14.9979
    7.5000  -15.0000    0.0000 2631.0986   15.2020
   -7.5000   -7.5000    0.0000 2734.9036   14.2101
    0.0000   -7.5000    0.0000 2745.7744   14.1047
    7.5000   -7.5000    0.0000 2729.3879   14.2679
   -7.5000    0.0000    0.0000 2830.7136   13.6538
    0.0000    0.0000    0.0000 2837.3833   13.5812
    7.5000    0.0000    0.0000 2813.9375   13.6502
   -7.5000    7.5000    0.0000 2903.9434   13.3842
    0.0000    7.5000    0.0000 2916.9524   13.4073
    7.5000    7.5000    0.0000 2883.6687   13.3187
   -7.5000   15.0000    0.0000 2946.7576   13.1111
    0.0000   15.0000    0.0000 2963.2554   13.1481
    7.5000   15.0000    0.0000 2906.4417   13.0452
   -7.5000   22.5000    0.0000 2949.2451   12.9543
    0.0000   22.5000    0.0000 2959.5752   12.9461
    7.5000   22.5000    0.0000 2911.9192   12.9523
   -7.5000   30.0000    0.0000 2914.4355   13.0934
    0.0000   30.0000    0.0000 2924.3213   13.0490
    7.5000   30.0000    0.0000 2882.0676   13.1418
   -7.5000   37.5000    0.0000 2860.5742   13.6203
    0.0000   37.5000    0.0000 2870.2581   13.5563
    7.5000   37.5000    0.0000 2828.3760   13.6839
   -7.5000   45.0000    0.0000 2771.4697   14.5378
    0.0000   45.0000    0.0000 2776.6646   14.4254
    7.5000   45.0000    0.0000 2744.1130   14.5504
   -7.5000   52.5000    0.0000 2641.9629   15.6229
    0.0000   52.5000    0.0000 2646.4680   15.5040
    7.5000   52.5000    0.0000 2623.9348   15.6261
   -7.5000  -37.5000    7.5000 2238.8193   21.1057
    0.0000  -37.5000    7.5000 2257.8206   20.9565
    7.5000  -37.5000    7.5000 2244.4607   21.2944
   -7.5000  -30.0000    7.5000 2363.3318   18.7746
    0.0000  -30.0000    7.5000 2373.9058   18.6484
    7.5000  -30.0000    7.5000 2362.5334   18.9980
   -7.5000  -22.5000    7.5000 2476.1067   17.0425
    0.0000  -22.5000    7.5000 2482.8557   16.8860
    7.5000  -22.5000    7.5000 2470.4727   17.1966
   -7.5000  -15.0000    7.5000 2585.9370   15.6721
    0.0000  -15.0000    7.5000 2590.6025   15.5557
    7.5000  -15.0000    7.5000 2577.9050   15.8490
   -7.5000   -7.5000    7.5000 2694.0632   14.6741
    0.0000   -7.5000    7.5000 2698.6296   14.5579
    7.5000   -7.5000    7.5000 2680.1721   14.8086
   -7.5000    0.0000    7.5000 2791.7952   13.9733
    0.0000    0.0000    7.5000 2798.8818   13.8776
    7.5000    0.0000    7.5000 2776.0232   14.0459
   -7.5000    7.5000    7.5000 2875.2341   13.5944
    0.0000    7.5000    7.5000 2891.9250   13.5548
    7.5000    7.5000    7.5000 2855.3345   13.6075
   -7.5000   15.0000    7.5000 2919.6074   13.2321
    0.0000   15.0000    7.5000 2938.6211   13.2245
    7.5000   15.0000    7.5000 2891.0916   13.3164
   -7.5000   22.5000    7.5000 2925.8850   13.0523
    0.0000   22.5000    7.5000 2937.9790   12.9867
    7.5000   22.5000    7.5000 2900.7419   13.1977
   -7.5000   30.0000    7.5000 2902.5034   13.2777
    0.0000   30.0000    7.5000 2908.9841   13.1963
    7.5000   30.0000    7.5000 2872.4226   13.3766
   -7.5000   37.5000    7.5000 2847.0154   13.8469
    0.0000   37.5000    7.5000 2864.4905   13.7585
    7.5000   37.5000    7.5000 2820.4836   13.8947
   -7.5000   45.0000    7.5000 2763.9829   14.7304
    0.0000   45.0000    7.5000 2771.8193   14.6268
    7.5000   45.0000    7.5000 2731.5833   14.7274
   -7.5000   52.5000    7.5000 2627.6189   15.7976
    0.0000   52.5000    7.5000 2634.7449   15.6856
    7.5000   52.5000    7.5000 2609.6389   15.7687
   -7.5000  -37.5000   15.0000 2185.3115   22.3749
    0.0000  -37.5000   15.0000 2192.8438   22.2142
    7.5000  -37.5000   15.0000 2179.5291   22.6026
   -7.5000  -30.0000   15.0000 2303.8025   19.8847
    0.0000  -30.0000   15.0000 2308.3655   19.7427
    7.5000  -30.0000   15.0000 2295.1006   20.1513
   -7.5000  -22.5000   15.0000 2417.3228   17.9192
    0.0000  -22.5000   15.0000 2423.3982   17.7693
    7.5000  -22.5000   15.0000 2411.0803   18.1959
   -7.5000  -15.0000   15.0000 2527.6621   16.4161
    0.0000  -15.0000   15.0000 2531.7522   16.2812
    7.5000  -15.0000   15.0000 2520.6018   16.6518
   -7.5000   -7.5000   15.0000 2639.0161   15.2338
    0.0000   -7.5000   15.0000 2640.8562   15.0893
    7.5000   -7.5000   15.0000 2621.6465   15.4044
   -7.5000    0.0000   15.0000 2739.1626   14.3999
    0.0000    0.0000   15.0000 2746.7788   14.3020
    7.5000    0.0000   15.0000 2726.3730   14.5630
   -7.5000    7.5000   15.0000 2823.4297   13.8732
    0.0000    7.5000   15.0000 2835.1428   13.8444
    7.5000    7.5000   15.0000 2808.4668   14.0475
   -7.5000   15.0000   15.0000 2864.6536   13.4815
    0.0000   15.0000   15.0000 2877.5466   13.4382
    7.5000   15.0000   15.0000 2847.7908   13.7450
   -7.5000   22.5000   15.0000 2886.8420   13.3821
    0.0000   22.5000   15.0000 2891.8345   13.2871
    7.5000   22.5000   15.0000 2865.8164   13.6428
   -7.5000   30.0000   15.0000 2866.4163   13.6824
    0.0000   30.0000   15.0000 2876.5071   13.6339
    7.5000   30.0000   15.0000 2842.8052   13.8487
   -7.5000   37.5000   15.0000 2812.2500   14.3056
    0.0000   37.5000   15.0000 2825.2634   14.2184
    7.5000   37.5000   15.0000 2791.7563   14.3760
   -7.5000   45.0000   15.0000 2735.9517   15.1753
    0.0000   45.0000   15.0000 2739.0627   15.0607
    7.5000   45.0000   15.0000 2708.1460   15.2069
   -7.5000   52.5000   15.0000 2601.5564   16.1770
    0.0000   52.5000   15.0000 2609.1953   16.0849
    7.5000   52.5000   15.0000 2583.5767   16.2116
   -7.5000  -37.5000   22.5000 2127.0061   24.0298
    0.0000  -37.5000   22.5000 2134.1985   24.0190
    7.5000  -37.5000   22.5000 2118.7927   24.3992
   -7.5000  -30.0000   22.5000 2240.5315   21.1941
    0.0000  -30.0000   22.5000 2248.1597   21.0849
    7.5000  -30.0000   22.5000 2231.1377   21.5712
   -7.5000  -22.5000   22.5000 2356.5864   18.9939
    0.0000  -22.5000   22.5000 2363.5669   18.8903
    7.5000  -22.5000   22.5000 2346.7134   19.3471
   -7.5000  -15.0000   22.5000 2470.2546   17.2826
    0.0000  -15.0000   22.5000 2473.8359   17.1491
    7.5000  -15.0000   22.5000 2455.8093   17.6085
   -7.5000   -7.5000   22.5000 2582.7791   15.9708
    0.0000   -7.5000   22.5000 2582.4790   15.8576
    7.5000   -7.5000   22.5000 2563.3237   16.2664
   -7.5000    0.0000   22.5000 2680.0593   15.0815
    0.0000    0.0000   22.5000 2680.0115   15.0065
    7.5000    0.0000   22.5000 2666.5044   15.3575
   -7.5000    7.5000   22.5000 2761.5374   14.4343
    0.0000    7.5000   22.5000 2766.5337   14.4198
    7.5000    7.5000   22.5000 2748.1384   14.7495
   -7.5000   15.0000   22.5000 2805.2493   13.9963
    0.0000   15.0000   22.5000 2808.6785   13.9223
    7.5000   15.0000   22.5000 2792.0867   14.3647
   -7.5000   22.5000   22.5000 2825.6792   14.0106
    0.0000   22.5000   22.5000 2829.1165   13.9616
    7.5000   22.5000   22.5000 2805.2158   14.2986
   -7.5000   30.0000   22.5000 2807.1826   14.3464
    0.0000   30.0000   22.5000 2813.2253   14.3097
    7.5000   30.0000   22.5000 2787.2427   14.5437
   -7.5000   37.5000   22.5000 2757.8010   14.9530
    0.0000   37.5000   22.5000 2766.9851   14.8694
    7.5000   37.5000   22.5000 2740.4194   15.0555
   -7.5000   45.0000   22.5000 2682.8391   15.7481
    0.0000   45.0000   22.5000 2691.9993   15.6450
    7.5000   45.0000   22.5000 2662.5854   15.8397
   -7.5000   52.5000   22.5000 2564.7407   16.7525
    0.0000   52.5000   22.5000 2573.9819   16.6490
    7.5000   52.5000   22.5000 2542.9421   16.8559
   -7.5000  -37.5000   30.0000 2055.1299   25.9291
    0.0000  -37.5000   30.0000 2065.1196   25.9172
    7.5000  -37.5000   30.0000 2050.4399   26.3405
   -7.5000  -30.0000   30.0000 2174.3950   22.7133
    0.0000  -30.0000   30.0000 2180.7952   22.6723
    7.5000  -30.0000   30.0000 2164.6099   23.1834
   -7.5000  -22.5000   30.0000 2290.2664   20.2637
    0.0000  -22.5000   30.0000 2298.0029   20.1490
    7.5000  -22.5000   30.0000 2278.7898   20.6767
   -7.5000  -15.0000   30.0000 2410.0813   18.3841
    0.0000  -15.0000   30.0000 2413.5906   18.2537
    7.5000  -15.0000   30.0000 2390.4214   18.7592
   -7.5000   -7.5000   30.0000 2521.5752   16.9454
    0.0000   -7.5000   30.0000 2521.0854   16.8225
    7.5000   -7.5000   30.0000 2500.0540   17.3393
   -7.5000    0.0000   30.0000 2617.8455   15.9389
    0.0000    0.0000   30.0000 2614.3186   15.8417
    7.5000    0.0000   30.0000 2598.0649   16.2991
   -7.5000    7.5000   30.0000 2692.8896   15.2528
    0.0000    7.5000   30.0000 2690.9705   15.1451
    7.5000    7.5000   30.0000 2677.2129   15.6296
   -7.5000   15.0000   30.0000 2738.3108   14.7933
    0.0000   15.0000   30.0000 2735.4343   14.7281
    7.5000   15.0000   30.0000 2717.7012   15.1720
   -7.5000   22.5000   30.0000 2749.4524   14.8645
    0.0000   22.5000   30.0000 2747.1926   14.8057
    7.5000   22.5000   30.0000 2727.4707   15.1604
   -7.5000   30.0000   30.0000 2728.6328   15.1920
    0.0000   30.0000   30.0000 2728.4443   15.1410
    7.5000   30.0000   30.0000 2708.8562   15.4332
   -7.5000   37.5000   30.0000 2683.3987   15.7376
    0.0000   37.5000   30.0000 2693.2168   15.6450
    7.5000   37.5000   30.0000 2665.6965   15.9011
   -7.5000   45.0000   30.0000 2619.5115   16.5104
    0.0000   45.0000   30.0000 2630.0703   16.4075
    7.5000   45.0000   30.0000 2599.7051   16.6773
   -7.5000   52.5000   30.0000 2505.8567   17.5376
    0.0000   52.5000   30.0000 2519.7527   17.4295
    7.5000   52.5000   30.0000 2489.8103   17.6749
   -7.5000  -37.5000   37.5000 1981.8112   27.8840
    0.0000  -37.5000   37.5000 1991.2296   27.8286
    7.5000  -37.5000   37.5000 1978.2238   28.3379
   -7.5000  -30.0000   37.5000 2106.2107   24.4688
    0.0000  -30.0000   37.5000 2111.3127   24.3407
    7.5000  -30.0000   37.5000 2095.4863   24.8895
   -7.5000  -22.5000   37.5000 2220.1587   21.7222
    0.0000  -22.5000   37.5000 2228.6863   21.5738
    7.5000  -22.5000   37.5000 2213.2620   22.1454
   -7.5000  -15.0000   37.5000 2344.2224   19.6547
    0.0000  -15.0000   37.5000 2346.2090   19.4918
    7.5000  -15.0000   37.5000 2318.3862   20.0333
   -7.5000   -7.5000   37.5000 2454.0391   18.1422
    0.0000   -7.5000   37.5000 2458.6069   17.9821
    7.5000   -7.5000   37.5000 2430.2427   18.5404
   -7.5000    0.0000   37.5000 2542.6375   17.0294
    0.0000    0.0000   37.5000 2544.8101   16.9016
    7.5000    0.0000   37.5000 2519.4099   17.4097
   -7.5000    7.5000   37.5000 2611.7446   16.2670
    0.0000    7.5000   37.5000 2610.7202   16.1353
    7.5000    7.5000   37.5000 2589.2021   16.6829
   -7.5000   15.0000   37.5000 2648.7170   15.7922
    0.0000   15.0000   37.5000 2649.6892   15.7434
    7.5000   15.0000   37.5000 2630.7178   16.1964
   -7.5000   22.5000   37.5000 2663.5444   15.8564
    0.0000   22.5000   37.5000 2665.7100   15.8142
    7.5000   22.5000   37.5000 2643.1443   16.1756
   -7.5000   30.0000   37.5000 2642.9685   16.1873
    0.0000   30.0000   37.5000 2645.3774   16.1578
    7.5000   30.0000   37.5000 2627.9297   16.4529
   -7.5000   37.5000   37.5000 2603.6467   16.7470
    0.0000   37.5000   37.5000 2608.6018   16.6766
    7.5000   37.5000   37.5000 2587.0007   16.9495
   -7.5000   45.0000   37.5000 2545.2222   17.5135
    0.0000   45.0000   37.5000 2555.1692   17.3995
    7.5000   45.0000   37.5000 2525.6274   17.7045
   -7.5000   52.5000   37.5000 2446.3301   18.4495
    0.0000   52.5000   37.5000 2460.3350   18.3336
    7.5000   52.5000   37.5000 2424.8262   18.6193
   -7.5000  -37.5000   45.0000 1899.3295   30.1176
    0.0000  -37.5000   45.0000 1909.1271   30.0775
    7.5000  -37.5000   45.0000 1895.2742   30.6709
   -7.5000  -30.0000   45.0000 2027.8547   26.3377
    0.0000  -30.0000   45.0000 2033.5840   26.1773
    7.5000  -30.0000   45.0000 2016.0563   26.7892
   -7.5000  -22.5000   45.0000 2141.9314   23.4322
    0.0000  -22.5000   45.0000 2148.4678   23.2478
    7.5000  -22.5000   45.0000 2130.9084   23.8334
   -7.5000  -15.0000   45.0000 2260.3562   21.2212
    0.0000  -15.0000   45.0000 2265.6450   21.0497
    7.5000  -15.0000   45.0000 2232.3223   21.5857
   -7.5000   -7.5000   45.0000 2370.5232   19.6172
    0.0000   -7.5000   45.0000 2379.6721   19.4717
    7.5000   -7.5000   45.0000 2344.3040   19.9717
   -7.5000    0.0000   45.0000 2460.5984   18.4143
    0.0000    0.0000   45.0000 2466.3613   18.2709
    7.5000    0.0000   45.0000 2431.8337   18.7977
   -7.5000    7.5000   45.0000 2520.0327   17.5278
    0.0000    7.5000   45.0000 2524.0085   17.4388
    7.5000    7.5000   45.0000 2494.3569   17.9533
   -7.5000   15.0000   45.0000 2553.2505   17.0603
    0.0000   15.0000   45.0000 2557.0762   17.0202
    7.5000   15.0000   45.0000 2534.1021   17.4331
   -7.5000   22.5000   45.0000 2564.8345   17.0847
    0.0000   22.5000   45.0000 2571.6567   17.0414
    7.5000   22.5000   45.0000 2548.0659   17.3596
   -7.5000   30.0000   45.0000 2546.7854   17.4132
    0.0000   30.0000   45.0000 2551.7634   17.4022
    7.5000   30.0000   45.0000 2533.1350   17.6496
   -7.5000   37.5000   45.0000 2512.6829   17.9522
    0.0000   37.5000   45.0000 2516.0996   17.8903
    7.5000   37.5000   45.0000 2494.2549   18.1727
   -7.5000   45.0000   45.0000 2454.0671   18.7286
    0.0000   45.0000   45.0000 2464.7666   18.5945
    7.5000   45.0000   45.0000 2436.6519   18.8885
   -7.5000   52.5000   45.0000 2365.5974   19.6331
    0.0000   52.5000   45.0000 2382.3828   19.5063
    7.5000   52.5000   45.0000 2348.1985   19.7741

---------------------------------------------------------------------
imgreg_4dfp /opt/freesurfer/average/711-2C_as_mni_average_305 /opt/freesurfer/average/711-2B_as_mni_average_305_mask talsrcimg_g11 none talsrcimg_to_711-2C_as_mni_average_305_t4 1283
---------------------------------------------------------------------

freesurfer imgreg_4dfp.c
/opt/freesurfer/average/711-2C_as_mni_average_305.4dfp.img
       256       256       256         1
  1.000000  1.000000  1.000000
orientation T byte_order littleendian
Reading image: /opt/freesurfer/average/711-2C_as_mni_average_305.4dfp.img
dimensions:      256       256       256
mmppix:       1.0000   -1.0000   -1.0000
center:     128.0000 -129.0000 -129.0000
/opt/freesurfer/average/711-2B_as_mni_average_305_mask.4dfp.img
       256       256       256         1
  1.000000  1.000000  1.000000
orientation T byte_order littleendian
Reading mask: /opt/freesurfer/average/711-2B_as_mni_average_305_mask.4dfp.img (2306576 pixels)
talsrcimg_g11.4dfp.img
       256       256       256         1
  1.000000  1.000000  1.000000
orientation T byte_order littleendian
Reading image: talsrcimg_g11.4dfp.img
dimensions:      256       256       256
mmppix:       1.0000   -1.0000   -1.0000
center:     128.0000 -129.0000 -129.0000
rotation matrix determinant  1.000000
fimgreg.f
image alignment mode   1283 decimal      503 hex
parameters
    0.0000   15.0000    0.0000    0.0000    0.0000    0.0000
eta,q 0.92955 13.24326
niter,ni,del,rscale     5    3   12.0000    1.2000
parameter  4 -4.171833 ->  0.500000 qaram    1.1500
parameters
   -2.7733   17.7408    0.1227   -3.4500   -0.0536    2.3426
eta,q 0.93847 13.10783
  0.0729  0.0788  0.0734  0.0578  0.0665  0.0679
  0.0701  0.0736  0.0693  0.0610  0.0650  0.0652
  0.0686  0.0707  0.0667  0.0642  0.0626  0.0631
  0.0708  0.0687  0.0674  0.0674  0.0619  0.0619
  0.0767  0.0677  0.0683  0.0693  0.0624  0.0616
  0.0817  0.0680  0.0695  0.0714  0.0646  0.0617
  0.0866  0.0688  0.0720  0.0744  0.0671  0.0626
niter,ni,del,rscale     5    3   12.0000    1.2000
parameter  4 -6.594935 ->  0.500000 qaram    1.3225
parameters
   -2.2374   18.5028    0.1055   -7.4175    0.2743    2.7047
eta,q 0.94519 13.14352
  0.0765  0.0719  0.0662  0.0506  0.0620  0.0599
  0.0701  0.0665  0.0609  0.0541  0.0586  0.0568
  0.0653  0.0625  0.0592  0.0570  0.0559  0.0550
  0.0615  0.0609  0.0609  0.0609  0.0549  0.0548
  0.0614  0.0617  0.0616  0.0644  0.0549  0.0550
  0.0670  0.0642  0.0627  0.0669  0.0572  0.0561
  0.0728  0.0671  0.0643  0.0696  0.0609  0.0586
niter,ni,del,rscale     5    3   12.0000    1.2000
parameter  4  1.900688 ->  0.500000 qaram    1.5209
parameters
   -2.5271   19.1673   -0.4566  -11.9801    0.0770    3.0004
eta,q 0.95093 13.01989
  0.0666  0.0667  0.0618  0.0474  0.0563  0.0555
  0.0604  0.0616  0.0559  0.0487  0.0526  0.0525
  0.0563  0.0569  0.0538  0.0508  0.0502  0.0501
  0.0548  0.0549  0.0548  0.0544  0.0491  0.0491
  0.0568  0.0551  0.0566  0.0583  0.0500  0.0494
  0.0626  0.0583  0.0596  0.0637  0.0532  0.0516
  0.0688  0.0628  0.0630  0.0665  0.0575  0.0546
niter,ni,del,rscale     5    3   12.0000    1.2000
parameter  4  0.737644 ->  0.500000 qaram    1.7490
parameters
   -2.4603   19.8260   -0.8080  -17.2272    0.4209    2.9106
eta,q 0.95437 13.18155
  0.0632  0.0620  0.0576  0.0469  0.0559  0.0515
  0.0568  0.0544  0.0535  0.0451  0.0515  0.0484
  0.0521  0.0499  0.0508  0.0474  0.0472  0.0462
  0.0491  0.0490  0.0493  0.0494  0.0456  0.0457
  0.0503  0.0500  0.0504  0.0524  0.0471  0.0466
  0.0566  0.0521  0.0545  0.0563  0.0500  0.0485
  0.0630  0.0565  0.0605  0.0627  0.0537  0.0518
niter,ni,del,rscale     5    3   12.0000    1.2000
parameters
   -2.2868   21.8452   -2.5168  -20.9095    0.1152    3.1408
eta,q 0.95939 13.10708
  0.0627  0.0632  0.0482  0.0487  0.0498  0.0483
  0.0559  0.0552  0.0453  0.0431  0.0456  0.0444
  0.0497  0.0485  0.0447  0.0408  0.0416  0.0415
  0.0456  0.0455  0.0451  0.0447  0.0407  0.0406
  0.0474  0.0451  0.0467  0.0493  0.0429  0.0413
  0.0543  0.0463  0.0513  0.0548  0.0467  0.0434
  0.0617  0.0487  0.0586  0.0592  0.0518  0.0473
niter,ni,del,rscale     4    3   12.0000    1.2000
parameters
   -2.4881   22.7685   -3.6845  -21.9226   -0.1462    3.4605
eta,q 0.96134 13.05092
  0.0592  0.0588  0.0472  0.0526  0.0476  0.0475
  0.0507  0.0509  0.0414  0.0477  0.0436  0.0434
  0.0436  0.0442  0.0393  0.0405  0.0400  0.0400
  0.0406  0.0407  0.0402  0.0394  0.0387  0.0387
  0.0438  0.0409  0.0429  0.0441  0.0403  0.0391
  0.0528  0.0453  0.0479  0.0508  0.0443  0.0418
  0.0618  0.0505  0.0553  0.0587  0.0497  0.0462
niter,ni,del,rscale     3    3   12.0000    1.2000
parameters
   -2.4666   22.8903   -3.8308  -22.3219   -0.2113    3.4749
eta,q 0.96141 13.05415
  0.0595  0.0553  0.0513  0.0534  0.0481  0.0469
  0.0501  0.0476  0.0436  0.0497  0.0439  0.0428
  0.0421  0.0412  0.0393  0.0421  0.0403  0.0396
  0.0387  0.0387  0.0387  0.0386  0.0386  0.0386
  0.0414  0.0417  0.0405  0.0426  0.0397  0.0394
  0.0502  0.0476  0.0448  0.0491  0.0437  0.0424
  0.0592  0.0533  0.0520  0.0573  0.0490  0.0471
niter,ni,del,rscale     2    3   12.0000    1.2000
parameters
   -2.4309   22.9350   -3.9135  -22.4635   -0.2451    3.4677
eta,q 0.96141 13.05588
  0.0593  0.0549  0.0517  0.0538  0.0481  0.0469
  0.0500  0.0475  0.0439  0.0504  0.0439  0.0428
  0.0421  0.0411  0.0394  0.0428  0.0404  0.0396
  0.0386  0.0386  0.0386  0.0386  0.0386  0.0386
  0.0414  0.0420  0.0404  0.0420  0.0396  0.0395
  0.0500  0.0480  0.0447  0.0484  0.0436  0.0425
  0.0589  0.0536  0.0519  0.0566  0.0489  0.0471
niter,ni,del,rscale     1    3   12.0000    1.2000
parameters
   -2.4115   22.9463   -3.9433  -22.5076   -0.2607    3.4636
eta,q 0.96141 13.05655
  0.0591  0.0547  0.0520  0.0539  0.0481  0.0469
  0.0499  0.0474  0.0442  0.0506  0.0439  0.0428
  0.0420  0.0410  0.0395  0.0431  0.0404  0.0396
  0.0386  0.0386  0.0386  0.0386  0.0386  0.0386
  0.0414  0.0421  0.0403  0.0418  0.0396  0.0395
  0.0500  0.0481  0.0446  0.0482  0.0435  0.0425
  0.0588  0.0537  0.0518  0.0564  0.0488  0.0471
registration optimization eta report
parameter search radius
    6.0000    6.0000    6.0000   10.4940    6.0000    6.0000
100000*second partial in parameter space
       55.       41.       37.       14.       27.       23.
  0.0591  0.0547  0.0520  0.0539  0.0481  0.0469
  0.0499  0.0474  0.0442  0.0506  0.0439  0.0428
  0.0420  0.0410  0.0395  0.0431  0.0404  0.0396
  0.0386  0.0386  0.0386  0.0386  0.0386  0.0386
  0.0414  0.0421  0.0403  0.0418  0.0396  0.0395
  0.0500  0.0481  0.0446  0.0482  0.0435  0.0425
  0.0588  0.0537  0.0518  0.0564  0.0488  0.0471
   -2.4115   22.9463   -3.9433  -22.5076   -0.2607    3.4636
eta,q 0.96141 13.05655

---------------------------------------------------------------------
imgreg_4dfp /opt/freesurfer/average/711-2C_as_mni_average_305 /opt/freesurfer/average/711-2B_as_mni_average_305_mask talsrcimg_g11 none talsrcimg_to_711-2C_as_mni_average_305_t4 3335
---------------------------------------------------------------------

freesurfer imgreg_4dfp.c
/opt/freesurfer/average/711-2C_as_mni_average_305.4dfp.img
       256       256       256         1
  1.000000  1.000000  1.000000
orientation T byte_order littleendian
Reading image: /opt/freesurfer/average/711-2C_as_mni_average_305.4dfp.img
dimensions:      256       256       256
mmppix:       1.0000   -1.0000   -1.0000
center:     128.0000 -129.0000 -129.0000
/opt/freesurfer/average/711-2B_as_mni_average_305_mask.4dfp.img
       256       256       256         1
  1.000000  1.000000  1.000000
orientation T byte_order littleendian
Reading mask: /opt/freesurfer/average/711-2B_as_mni_average_305_mask.4dfp.img (2306576 pixels)
talsrcimg_g11.4dfp.img
       256       256       256         1
  1.000000  1.000000  1.000000
orientation T byte_order littleendian
Reading image: talsrcimg_g11.4dfp.img
dimensions:      256       256       256
mmppix:       1.0000   -1.0000   -1.0000
center:     128.0000 -129.0000 -129.0000
fimgreg.f
image alignment mode   3335 decimal      D07 hex
parameters
   -2.4115   22.9463   -3.9433   -0.1837   -7.7964   -7.6181
   -5.7552   -1.8931    6.0414   38.2361   -0.4551  -38.2802
eta,q 0.96160 13.18111
niter,ni,del,rscale     5    3    5.0000    1.2000
parameter  4  1.593857 ->  0.500000 qaram    1.1500
parameter  5  2.182617 ->  0.500000 qaram    1.1500
parameter 12 -0.744388 -> -0.500000 qaram    1.1500
parameters
   -2.3733   22.5756   -4.0500   -4.3237  -11.9364   -9.0952
   -3.9888   -1.5156    5.7481   35.0214    0.6029  -34.1402
eta,q 0.97492 13.01894
  0.0427  0.0403  0.0406  0.0311  0.0247  0.0296  0.0324  0.0342  0.0292  0.0276  0.0280  0.0319
  0.0404  0.0390  0.0392  0.0322  0.0265  0.0285  0.0301  0.0306  0.0281  0.0264  0.0271  0.0294
  0.0389  0.0383  0.0384  0.0345  0.0293  0.0277  0.0284  0.0281  0.0274  0.0263  0.0265  0.0275
  0.0384  0.0384  0.0383  0.0383  0.0327  0.0272  0.0275  0.0272  0.0272  0.0272  0.0262  0.0262
  0.0389  0.0391  0.0387  0.0431  0.0370  0.0277  0.0272  0.0278  0.0275  0.0286  0.0263  0.0254
  0.0403  0.0402  0.0396  0.0481  0.0416  0.0303  0.0278  0.0298  0.0282  0.0307  0.0266  0.0250
  0.0424  0.0417  0.0409  0.0526  0.0459  0.0347  0.0292  0.0329  0.0296  0.0338  0.0272  0.0250
niter,ni,del,rscale     7    3    5.0000    1.2000
parameter  5  0.633097 ->  0.500000 qaram    1.3225
parameters
   -2.2264   23.1662   -4.2388   -8.1216  -16.6974   -8.4409
   -3.8381   -1.9146    6.0043   36.0340   -0.0152  -34.5469
eta,q 0.97777 12.75260
  0.0299  0.0298  0.0263  0.0254  0.0227  0.0248  0.0255  0.0266  0.0247  0.0255  0.0229  0.0241
  0.0274  0.0277  0.0254  0.0242  0.0223  0.0236  0.0237  0.0241  0.0234  0.0238  0.0225  0.0229
  0.0258  0.0260  0.0250  0.0239  0.0227  0.0228  0.0226  0.0227  0.0226  0.0227  0.0223  0.0223
  0.0251  0.0251  0.0249  0.0248  0.0239  0.0223  0.0223  0.0223  0.0223  0.0223  0.0223  0.0223
  0.0253  0.0249  0.0251  0.0274  0.0264  0.0222  0.0227  0.0230  0.0225  0.0224  0.0224  0.0226
  0.0266  0.0255  0.0258  0.0318  0.0301  0.0226  0.0236  0.0248  0.0232  0.0229  0.0227  0.0233
  0.0289  0.0267  0.0269  0.0370  0.0344  0.0244  0.0251  0.0277  0.0243  0.0240  0.0232  0.0243
niter,ni,del,rscale     7    3    5.0000    1.2000
parameters
   -2.0996   23.3929   -4.2049   -8.2666  -18.5981   -8.2774
   -3.8677   -1.8724    6.0657   36.7081   -0.0117  -35.2355
eta,q 0.97785 12.68540
  0.0266  0.0255  0.0238  0.0264  0.0248  0.0244  0.0251  0.0270  0.0243  0.0247  0.0229  0.0238
  0.0243  0.0238  0.0229  0.0246  0.0234  0.0233  0.0235  0.0243  0.0231  0.0233  0.0225  0.0228
  0.0228  0.0227  0.0224  0.0231  0.0224  0.0226  0.0225  0.0227  0.0224  0.0225  0.0223  0.0222
  0.0222  0.0222  0.0222  0.0222  0.0222  0.0222  0.0222  0.0222  0.0222  0.0222  0.0222  0.0222
  0.0226  0.0224  0.0223  0.0224  0.0230  0.0220  0.0226  0.0227  0.0225  0.0223  0.0223  0.0226
  0.0238  0.0231  0.0228  0.0240  0.0253  0.0227  0.0236  0.0243  0.0231  0.0228  0.0225  0.0233
  0.0258  0.0244  0.0237  0.0276  0.0294  0.0247  0.0251  0.0268  0.0242  0.0239  0.0229  0.0243
niter,ni,del,rscale     6    3    5.0000    1.2000
parameters
   -2.0997   23.5541   -4.2978   -8.1011  -19.1171   -8.4251
   -3.8921   -1.8777    6.1490   37.0255   -0.0476  -35.5779
eta,q 0.97785 12.67608
  0.0260  0.0251  0.0236  0.0265  0.0257  0.0243  0.0251  0.0269  0.0242  0.0244  0.0229  0.0240
  0.0239  0.0236  0.0227  0.0247  0.0240  0.0232  0.0235  0.0242  0.0231  0.0232  0.0225  0.0228
  0.0226  0.0226  0.0223  0.0231  0.0227  0.0225  0.0225  0.0227  0.0224  0.0224  0.0222  0.0222
  0.0222  0.0222  0.0221  0.0221  0.0221  0.0221  0.0222  0.0222  0.0222  0.0222  0.0222  0.0222
  0.0226  0.0223  0.0224  0.0221  0.0224  0.0220  0.0226  0.0227  0.0224  0.0223  0.0222  0.0226
  0.0239  0.0231  0.0229  0.0235  0.0239  0.0228  0.0236  0.0243  0.0231  0.0228  0.0225  0.0232
  0.0260  0.0244  0.0238  0.0270  0.0273  0.0251  0.0250  0.0268  0.0241  0.0241  0.0229  0.0241
niter,ni,del,rscale     5    3    5.0000    1.2000
parameters
   -2.1072   23.6225   -4.3911   -8.0843  -19.2980   -8.5321
   -3.9127   -1.8938    6.1975   37.1789   -0.0387  -35.7697
eta,q 0.97784 12.67146
  0.0260  0.0249  0.0236  0.0264  0.0259  0.0243  0.0251  0.0268  0.0242  0.0243  0.0229  0.0241
  0.0239  0.0234  0.0227  0.0246  0.0241  0.0232  0.0235  0.0242  0.0231  0.0231  0.0225  0.0229
  0.0226  0.0225  0.0223  0.0231  0.0229  0.0225  0.0225  0.0227  0.0224  0.0224  0.0223  0.0223
  0.0221  0.0221  0.0221  0.0221  0.0221  0.0222  0.0222  0.0222  0.0222  0.0222  0.0222  0.0222
  0.0226  0.0224  0.0224  0.0222  0.0223  0.0220  0.0226  0.0227  0.0224  0.0223  0.0222  0.0225
  0.0239  0.0232  0.0229  0.0237  0.0237  0.0228  0.0236  0.0243  0.0231  0.0229  0.0225  0.0232
  0.0260  0.0246  0.0238  0.0272  0.0269  0.0251  0.0250  0.0268  0.0242  0.0242  0.0229  0.0241
niter,ni,del,rscale     4    3    5.0000    1.2000
parameters
   -2.1095   23.6490   -4.4507   -8.0809  -19.3877   -8.6012
   -3.9295   -1.9027    6.2275   37.2528   -0.0539  -35.8734
eta,q 0.97783 12.66822
  0.0260  0.0248  0.0236  0.0263  0.0259  0.0244  0.0251  0.0269  0.0242  0.0242  0.0229  0.0241
  0.0239  0.0234  0.0228  0.0246  0.0242  0.0233  0.0235  0.0242  0.0231  0.0231  0.0225  0.0229
  0.0226  0.0225  0.0223  0.0231  0.0229  0.0225  0.0225  0.0227  0.0224  0.0224  0.0223  0.0223
  0.0222  0.0222  0.0222  0.0222  0.0222  0.0222  0.0222  0.0222  0.0222  0.0222  0.0222  0.0222
  0.0226  0.0224  0.0224  0.0222  0.0223  0.0220  0.0226  0.0227  0.0224  0.0223  0.0222  0.0225
  0.0239  0.0233  0.0229  0.0237  0.0236  0.0228  0.0236  0.0243  0.0231  0.0229  0.0225  0.0232
  0.0260  0.0247  0.0238  0.0272  0.0268  0.0250  0.0250  0.0268  0.0242  0.0242  0.0229  0.0240
niter,ni,del,rscale     3    3    5.0000    1.2000
parameters
   -2.1122   23.6636   -4.4817   -8.0823  -19.4354   -8.6338
   -3.9375   -1.9103    6.2460   37.2963   -0.0458  -35.9333
eta,q 0.97782 12.66679
  0.0260  0.0247  0.0237  0.0263  0.0260  0.0244  0.0251  0.0268  0.0242  0.0242  0.0229  0.0242
  0.0239  0.0234  0.0228  0.0246  0.0242  0.0233  0.0235  0.0242  0.0231  0.0231  0.0225  0.0230
  0.0226  0.0225  0.0223  0.0231  0.0229  0.0226  0.0225  0.0227  0.0224  0.0224  0.0223  0.0223
  0.0222  0.0222  0.0222  0.0222  0.0222  0.0222  0.0222  0.0222  0.0222  0.0222  0.0222  0.0222
  0.0226  0.0224  0.0223  0.0222  0.0223  0.0220  0.0226  0.0227  0.0224  0.0223  0.0222  0.0225
  0.0239  0.0233  0.0229  0.0237  0.0236  0.0228  0.0236  0.0242  0.0231  0.0229  0.0225  0.0232
  0.0260  0.0247  0.0237  0.0272  0.0267  0.0250  0.0250  0.0268  0.0242  0.0243  0.0229  0.0240
niter,ni,del,rscale     2    3    5.0000    1.2000
parameters
   -2.1135   23.6693   -4.4979   -8.0828  -19.4607   -8.6521
   -3.9427   -1.9119    6.2536   37.3112   -0.0489  -35.9645
eta,q 0.97782 12.66577
  0.0260  0.0247  0.0237  0.0263  0.0260  0.0244  0.0251  0.0269  0.0242  0.0242  0.0229  0.0242
  0.0239  0.0234  0.0228  0.0246  0.0242  0.0233  0.0235  0.0242  0.0231  0.0231  0.0225  0.0230
  0.0226  0.0225  0.0223  0.0231  0.0229  0.0226  0.0225  0.0227  0.0224  0.0224  0.0223  0.0223
  0.0222  0.0222  0.0222  0.0222  0.0222  0.0222  0.0222  0.0222  0.0222  0.0222  0.0222  0.0222
  0.0226  0.0224  0.0223  0.0222  0.0223  0.0220  0.0226  0.0227  0.0224  0.0223  0.0222  0.0225
  0.0239  0.0233  0.0229  0.0237  0.0236  0.0228  0.0236  0.0243  0.0231  0.0229  0.0225  0.0232
  0.0260  0.0247  0.0237  0.0272  0.0267  0.0250  0.0250  0.0268  0.0242  0.0243  0.0229  0.0240
registration optimization eta report
parameter search radius
    2.4000    2.4000    2.4000    8.2800    9.5220    7.2000
    7.2000    7.2000    7.2000    7.2000    7.2000    8.2800
100000*second partial in parameter space
       66.       44.       27.        7.        5.        5.
        5.        9.        4.        4.        1.        3.
  0.0260  0.0247  0.0237  0.0263  0.0260  0.0244  0.0251  0.0269  0.0242  0.0242  0.0229  0.0242
  0.0239  0.0234  0.0228  0.0246  0.0242  0.0233  0.0235  0.0242  0.0231  0.0231  0.0225  0.0230
  0.0226  0.0225  0.0223  0.0231  0.0229  0.0226  0.0225  0.0227  0.0224  0.0224  0.0223  0.0223
  0.0222  0.0222  0.0222  0.0222  0.0222  0.0222  0.0222  0.0222  0.0222  0.0222  0.0222  0.0222
  0.0226  0.0224  0.0223  0.0222  0.0223  0.0220  0.0226  0.0227  0.0224  0.0223  0.0222  0.0225
  0.0239  0.0233  0.0229  0.0237  0.0236  0.0228  0.0236  0.0243  0.0231  0.0229  0.0225  0.0232
  0.0260  0.0247  0.0237  0.0272  0.0267  0.0250  0.0250  0.0268  0.0242  0.0243  0.0229  0.0240
   -2.1135   23.6693   -4.4979   -8.0828  -19.4607   -8.6521
   -3.9427   -1.9119    6.2536   37.3112   -0.0489  -35.9645
eta,q 0.97782 12.66577

---------------------------------------------------------------------
imgreg_4dfp /opt/freesurfer/average/711-2C_as_mni_average_305 /opt/freesurfer/average/711-2B_as_mni_average_305_mask talsrcimg_g11 none talsrcimg_to_711-2C_as_mni_average_305_t4 2311
---------------------------------------------------------------------

freesurfer imgreg_4dfp.c
/opt/freesurfer/average/711-2C_as_mni_average_305.4dfp.img
       256       256       256         1
  1.000000  1.000000  1.000000
orientation T byte_order littleendian
Reading image: /opt/freesurfer/average/711-2C_as_mni_average_305.4dfp.img
dimensions:      256       256       256
mmppix:       1.0000   -1.0000   -1.0000
center:     128.0000 -129.0000 -129.0000
/opt/freesurfer/average/711-2B_as_mni_average_305_mask.4dfp.img
       256       256       256         1
  1.000000  1.000000  1.000000
orientation T byte_order littleendian
Reading mask: /opt/freesurfer/average/711-2B_as_mni_average_305_mask.4dfp.img (2306576 pixels)
talsrcimg_g11.4dfp.img
       256       256       256         1
  1.000000  1.000000  1.000000
orientation T byte_order littleendian
Reading image: talsrcimg_g11.4dfp.img
dimensions:      256       256       256
mmppix:       1.0000   -1.0000   -1.0000
center:     128.0000 -129.0000 -129.0000
fimgreg.f
image alignment mode   2311 decimal      907 hex
parameters
   -2.1135   23.6693   -4.4979   -8.0828  -19.4607   -8.6521
   -3.9427   -1.9119    6.2536   37.3112   -0.0489  -35.9645
eta,q 0.97782 12.66577
niter,ni,del,rscale     5    3    5.0000    0.8000
parameters
   -2.1223   23.6841   -4.5082   -7.0828  -18.5848   -7.7201
   -3.9689   -1.8706    6.2686   37.5246    0.0717  -36.1753
eta,q 0.97813 12.80670
  0.0239  0.0234  0.0229  0.0242  0.0235  0.0232  0.0234  0.0243  0.0229  0.0229  0.0223  0.0226
  0.0229  0.0227  0.0225  0.0233  0.0228  0.0227  0.0225  0.0229  0.0224  0.0224  0.0221  0.0222
  0.0224  0.0223  0.0223  0.0226  0.0224  0.0223  0.0220  0.0222  0.0220  0.0220  0.0219  0.0219
  0.0222  0.0222  0.0222  0.0222  0.0221  0.0220  0.0219  0.0219  0.0219  0.0219  0.0219  0.0219
  0.0224  0.0223  0.0223  0.0221  0.0220  0.0218  0.0221  0.0221  0.0220  0.0219  0.0219  0.0220
  0.0230  0.0227  0.0225  0.0223  0.0223  0.0219  0.0226  0.0229  0.0223  0.0222  0.0221  0.0223
  0.0239  0.0233  0.0229  0.0231  0.0228  0.0227  0.0234  0.0242  0.0229  0.0228  0.0223  0.0227
niter,ni,del,rscale     4    3    5.0000    0.7000
parameters
   -2.1500   23.6008   -4.4535   -7.1211  -18.5383   -7.5915
   -4.0154   -1.9321    6.2699   37.4996    0.0851  -36.1397
eta,q 0.97815 12.81081
  0.0232  0.0227  0.0225  0.0232  0.0228  0.0228  0.0230  0.0236  0.0226  0.0226  0.0222  0.0225
  0.0225  0.0222  0.0222  0.0225  0.0223  0.0224  0.0224  0.0226  0.0222  0.0222  0.0220  0.0221
  0.0220  0.0219  0.0220  0.0221  0.0220  0.0221  0.0220  0.0220  0.0219  0.0219  0.0219  0.0219
  0.0219  0.0219  0.0219  0.0219  0.0219  0.0219  0.0219  0.0219  0.0219  0.0219  0.0219  0.0219
  0.0221  0.0220  0.0219  0.0220  0.0220  0.0218  0.0220  0.0221  0.0220  0.0219  0.0219  0.0219
  0.0225  0.0224  0.0221  0.0224  0.0222  0.0221  0.0224  0.0227  0.0222  0.0221  0.0220  0.0221
  0.0233  0.0229  0.0224  0.0234  0.0228  0.0229  0.0230  0.0237  0.0226  0.0226  0.0222  0.0225
niter,ni,del,rscale     3    3    5.0000    0.6000
parameters
   -2.1569   23.5906   -4.4298   -7.0373  -18.4764   -7.3221
   -4.0244   -1.9484    6.2526   37.5607    0.0569  -36.1219
eta,q 0.97818 12.82846
  0.0229  0.0225  0.0223  0.0229  0.0225  0.0225  0.0227  0.0232  0.0224  0.0224  0.0221  0.0223
  0.0223  0.0222  0.0221  0.0224  0.0222  0.0223  0.0222  0.0224  0.0221  0.0221  0.0219  0.0220
  0.0220  0.0219  0.0219  0.0220  0.0220  0.0220  0.0219  0.0220  0.0219  0.0219  0.0218  0.0219
  0.0219  0.0219  0.0219  0.0219  0.0219  0.0218  0.0218  0.0218  0.0218  0.0218  0.0218  0.0218
  0.0220  0.0219  0.0219  0.0219  0.0219  0.0218  0.0219  0.0220  0.0219  0.0219  0.0218  0.0219
  0.0223  0.0222  0.0220  0.0222  0.0221  0.0220  0.0222  0.0224  0.0221  0.0220  0.0219  0.0220
  0.0229  0.0226  0.0223  0.0229  0.0225  0.0225  0.0227  0.0232  0.0224  0.0224  0.0221  0.0223
niter,ni,del,rscale     2    3    5.0000    0.5000
parameters
   -2.1622   23.5806   -4.3877   -6.9900  -18.4539   -7.0410
   -4.0285   -1.9729    6.2358   37.6090    0.0098  -36.0643
eta,q 0.97821 12.84123
  0.0225  0.0223  0.0222  0.0226  0.0223  0.0224  0.0224  0.0227  0.0222  0.0222  0.0220  0.0221
  0.0221  0.0220  0.0220  0.0222  0.0220  0.0221  0.0221  0.0222  0.0220  0.0220  0.0219  0.0219
  0.0219  0.0219  0.0219  0.0219  0.0219  0.0220  0.0219  0.0219  0.0218  0.0218  0.0218  0.0218
  0.0218  0.0218  0.0218  0.0218  0.0218  0.0218  0.0218  0.0218  0.0218  0.0218  0.0218  0.0218
  0.0219  0.0219  0.0218  0.0219  0.0219  0.0218  0.0219  0.0219  0.0218  0.0218  0.0218  0.0218
  0.0222  0.0220  0.0219  0.0221  0.0220  0.0219  0.0221  0.0222  0.0220  0.0219  0.0219  0.0219
  0.0226  0.0223  0.0221  0.0226  0.0223  0.0223  0.0224  0.0228  0.0222  0.0222  0.0220  0.0221
niter,ni,del,rscale     1    3    5.0000    0.4000
parameters
   -2.1708   23.5751   -4.3346   -6.9523  -18.4150   -6.7568
   -4.0337   -1.9918    6.2131   37.6295   -0.0311  -35.9755
eta,q 0.97824 12.85258
  0.0223  0.0221  0.0220  0.0223  0.0221  0.0222  0.0222  0.0224  0.0220  0.0220  0.0219  0.0220
  0.0220  0.0219  0.0219  0.0220  0.0219  0.0220  0.0219  0.0220  0.0219  0.0219  0.0218  0.0219
  0.0218  0.0218  0.0218  0.0219  0.0218  0.0219  0.0218  0.0218  0.0218  0.0218  0.0218  0.0218
  0.0218  0.0218  0.0218  0.0218  0.0218  0.0218  0.0218  0.0218  0.0218  0.0218  0.0218  0.0218
  0.0218  0.0218  0.0218  0.0218  0.0218  0.0217  0.0218  0.0218  0.0218  0.0218  0.0218  0.0218
  0.0220  0.0219  0.0219  0.0220  0.0219  0.0218  0.0219  0.0220  0.0219  0.0219  0.0218  0.0218
  0.0223  0.0221  0.0220  0.0223  0.0221  0.0221  0.0222  0.0224  0.0220  0.0220  0.0219  0.0220
registration optimization eta report
parameter search radius
    0.8000    0.8000    0.8000    2.4000    2.4000    2.4000
    2.4000    2.4000    2.4000    2.4000    2.4000    2.4000
100000*second partial in parameter space
       74.       49.       34.        8.        5.        6.
        7.       11.        5.        4.        2.        4.
  0.0223  0.0221  0.0220  0.0223  0.0221  0.0222  0.0222  0.0224  0.0220  0.0220  0.0219  0.0220
  0.0220  0.0219  0.0219  0.0220  0.0219  0.0220  0.0219  0.0220  0.0219  0.0219  0.0218  0.0219
  0.0218  0.0218  0.0218  0.0219  0.0218  0.0219  0.0218  0.0218  0.0218  0.0218  0.0218  0.0218
  0.0218  0.0218  0.0218  0.0218  0.0218  0.0218  0.0218  0.0218  0.0218  0.0218  0.0218  0.0218
  0.0218  0.0218  0.0218  0.0218  0.0218  0.0217  0.0218  0.0218  0.0218  0.0218  0.0218  0.0218
  0.0220  0.0219  0.0219  0.0220  0.0219  0.0218  0.0219  0.0220  0.0219  0.0219  0.0218  0.0218
  0.0223  0.0221  0.0220  0.0223  0.0221  0.0221  0.0222  0.0224  0.0220  0.0220  0.0219  0.0220
   -2.1708   23.5751   -4.3346   -6.9523  -18.4150   -6.7568
   -4.0337   -1.9918    6.2131   37.6295   -0.0311  -35.9755
eta,q 0.97824 12.85258

---------------------------------------------------------------------
imgreg_4dfp /opt/freesurfer/average/711-2C_as_mni_average_305 /opt/freesurfer/average/711-2B_as_mni_average_305_mask talsrcimg_g11 none talsrcimg_to_711-2C_as_mni_average_305_t4 2311
---------------------------------------------------------------------

freesurfer imgreg_4dfp.c
/opt/freesurfer/average/711-2C_as_mni_average_305.4dfp.img
       256       256       256         1
  1.000000  1.000000  1.000000
orientation T byte_order littleendian
Reading image: /opt/freesurfer/average/711-2C_as_mni_average_305.4dfp.img
dimensions:      256       256       256
mmppix:       1.0000   -1.0000   -1.0000
center:     128.0000 -129.0000 -129.0000
/opt/freesurfer/average/711-2B_as_mni_average_305_mask.4dfp.img
       256       256       256         1
  1.000000  1.000000  1.000000
orientation T byte_order littleendian
Reading mask: /opt/freesurfer/average/711-2B_as_mni_average_305_mask.4dfp.img (2306576 pixels)
talsrcimg_g11.4dfp.img
       256       256       256         1
  1.000000  1.000000  1.000000
orientation T byte_order littleendian
Reading image: talsrcimg_g11.4dfp.img
dimensions:      256       256       256
mmppix:       1.0000   -1.0000   -1.0000
center:     128.0000 -129.0000 -129.0000
fimgreg.f
image alignment mode   2311 decimal      907 hex
parameters
   -2.1708   23.5751   -4.3346   -6.9523  -18.4150   -6.7568
   -4.0337   -1.9918    6.2131   37.6295   -0.0311  -35.9755
eta,q 0.97824 12.85258
niter,ni,del,rscale     5    3    5.0000    0.8000
parameters
   -2.1712   23.5646   -4.2266   -7.2917  -18.5493   -7.4407
   -3.9660   -1.9645    6.2255   37.2847    0.0019  -35.8102
eta,q 0.97814 12.79650
  0.0237  0.0230  0.0228  0.0234  0.0229  0.0228  0.0234  0.0243  0.0229  0.0227  0.0223  0.0227
  0.0226  0.0223  0.0222  0.0226  0.0223  0.0223  0.0226  0.0229  0.0223  0.0222  0.0220  0.0222
  0.0220  0.0219  0.0219  0.0220  0.0219  0.0220  0.0220  0.0221  0.0220  0.0219  0.0219  0.0220
  0.0218  0.0218  0.0218  0.0218  0.0218  0.0218  0.0219  0.0219  0.0219  0.0219  0.0219  0.0219
  0.0220  0.0219  0.0218  0.0220  0.0219  0.0219  0.0220  0.0221  0.0220  0.0220  0.0219  0.0220
  0.0226  0.0223  0.0221  0.0227  0.0223  0.0226  0.0225  0.0229  0.0223  0.0223  0.0220  0.0222
  0.0236  0.0230  0.0225  0.0242  0.0231  0.0241  0.0233  0.0242  0.0229  0.0230  0.0223  0.0226
niter,ni,del,rscale     4    3    5.0000    0.7000
parameters
   -2.1526   23.5730   -4.3352   -7.1211  -18.3977   -7.4275
   -3.9733   -1.9270    6.2169   37.3607    0.0195  -35.9361
eta,q 0.97816 12.81614
  0.0233  0.0228  0.0224  0.0233  0.0228  0.0227  0.0230  0.0237  0.0226  0.0226  0.0222  0.0224
  0.0225  0.0223  0.0221  0.0226  0.0223  0.0223  0.0224  0.0227  0.0222  0.0222  0.0220  0.0221
  0.0220  0.0220  0.0219  0.0221  0.0220  0.0221  0.0220  0.0221  0.0219  0.0219  0.0219  0.0219
  0.0219  0.0219  0.0219  0.0219  0.0218  0.0218  0.0218  0.0218  0.0218  0.0218  0.0218  0.0218
  0.0220  0.0220  0.0220  0.0219  0.0219  0.0218  0.0220  0.0220  0.0219  0.0219  0.0219  0.0219
  0.0225  0.0223  0.0222  0.0223  0.0222  0.0221  0.0224  0.0226  0.0222  0.0221  0.0220  0.0222
  0.0232  0.0228  0.0225  0.0232  0.0227  0.0230  0.0230  0.0236  0.0226  0.0226  0.0222  0.0225
niter,ni,del,rscale     3    3    5.0000    0.6000
parameters
   -2.1568   23.5648   -4.3622   -7.0492  -18.3898   -7.2391
   -4.0032   -1.9397    6.2250   37.4593    0.0141  -36.0020
eta,q 0.97819 12.83015
  0.0229  0.0225  0.0223  0.0229  0.0225  0.0225  0.0227  0.0232  0.0224  0.0224  0.0221  0.0223
  0.0223  0.0221  0.0220  0.0224  0.0222  0.0222  0.0222  0.0224  0.0221  0.0221  0.0219  0.0220
  0.0219  0.0219  0.0219  0.0220  0.0219  0.0220  0.0219  0.0220  0.0219  0.0219  0.0218  0.0219
  0.0218  0.0218  0.0218  0.0218  0.0218  0.0218  0.0218  0.0218  0.0218  0.0218  0.0218  0.0218
  0.0220  0.0219  0.0219  0.0219  0.0219  0.0218  0.0219  0.0220  0.0219  0.0218  0.0218  0.0219
  0.0223  0.0222  0.0220  0.0222  0.0221  0.0220  0.0222  0.0224  0.0221  0.0220  0.0219  0.0220
  0.0229  0.0226  0.0223  0.0229  0.0225  0.0226  0.0227  0.0232  0.0224  0.0223  0.0221  0.0223
niter,ni,del,rscale     2    3    5.0000    0.5000
parameters
   -2.1601   23.5643   -4.3516   -6.9934  -18.3958   -6.9910
   -4.0243   -1.9571    6.2191   37.5412   -0.0334  -35.9894
eta,q 0.97821 12.84246
  0.0225  0.0223  0.0221  0.0226  0.0223  0.0223  0.0224  0.0227  0.0222  0.0222  0.0220  0.0221
  0.0221  0.0220  0.0219  0.0222  0.0220  0.0221  0.0221  0.0222  0.0220  0.0220  0.0219  0.0219
  0.0219  0.0219  0.0218  0.0219  0.0219  0.0220  0.0218  0.0219  0.0218  0.0218  0.0218  0.0218
  0.0218  0.0218  0.0218  0.0218  0.0218  0.0218  0.0218  0.0218  0.0218  0.0218  0.0218  0.0218
  0.0219  0.0219  0.0218  0.0219  0.0219  0.0218  0.0219  0.0219  0.0218  0.0218  0.0218  0.0218
  0.0221  0.0220  0.0220  0.0221  0.0220  0.0219  0.0221  0.0222  0.0220  0.0219  0.0219  0.0219
  0.0225  0.0223  0.0221  0.0225  0.0223  0.0223  0.0224  0.0228  0.0222  0.0222  0.0220  0.0221
niter,ni,del,rscale     1    3    5.0000    0.4000
parameters
   -2.1663   23.5686   -4.3123   -6.9563  -18.3917   -6.7201
   -4.0282   -1.9847    6.2052   37.5989   -0.0785  -35.9287
eta,q 0.97824 12.85303
  0.0223  0.0221  0.0220  0.0223  0.0221  0.0222  0.0222  0.0224  0.0220  0.0220  0.0219  0.0220
  0.0220  0.0219  0.0219  0.0220  0.0219  0.0220  0.0219  0.0220  0.0219  0.0219  0.0218  0.0219
  0.0218  0.0218  0.0218  0.0218  0.0218  0.0219  0.0218  0.0218  0.0218  0.0218  0.0218  0.0218
  0.0218  0.0218  0.0218  0.0218  0.0218  0.0218  0.0218  0.0218  0.0218  0.0218  0.0218  0.0218
  0.0218  0.0218  0.0218  0.0218  0.0218  0.0217  0.0218  0.0218  0.0218  0.0218  0.0218  0.0218
  0.0220  0.0219  0.0219  0.0220  0.0219  0.0218  0.0219  0.0220  0.0219  0.0219  0.0218  0.0219
  0.0223  0.0221  0.0220  0.0222  0.0221  0.0221  0.0222  0.0224  0.0220  0.0220  0.0219  0.0220
registration optimization eta report
parameter search radius
    0.8000    0.8000    0.8000    2.4000    2.4000    2.4000
    2.4000    2.4000    2.4000    2.4000    2.4000    2.4000
100000*second partial in parameter space
       74.       50.       34.        8.        5.        6.
        7.       11.        5.        5.        2.        4.
  0.0223  0.0221  0.0220  0.0223  0.0221  0.0222  0.0222  0.0224  0.0220  0.0220  0.0219  0.0220
  0.0220  0.0219  0.0219  0.0220  0.0219  0.0220  0.0219  0.0220  0.0219  0.0219  0.0218  0.0219
  0.0218  0.0218  0.0218  0.0218  0.0218  0.0219  0.0218  0.0218  0.0218  0.0218  0.0218  0.0218
  0.0218  0.0218  0.0218  0.0218  0.0218  0.0218  0.0218  0.0218  0.0218  0.0218  0.0218  0.0218
  0.0218  0.0218  0.0218  0.0218  0.0218  0.0217  0.0218  0.0218  0.0218  0.0218  0.0218  0.0218
  0.0220  0.0219  0.0219  0.0220  0.0219  0.0218  0.0219  0.0220  0.0219  0.0219  0.0218  0.0219
  0.0223  0.0221  0.0220  0.0222  0.0221  0.0221  0.0222  0.0224  0.0220  0.0220  0.0219  0.0220
   -2.1663   23.5686   -4.3123   -6.9563  -18.3917   -6.7201
   -4.0282   -1.9847    6.2052   37.5989   -0.0785  -35.9287
eta,q 0.97824 12.85303

---------------------------------------------------------------------
compute_vox2vox talsrcimg talsrcimg_to_711-2C_as_mni_average_305_t4 /opt/freesurfer/average/711-2C_as_mni_average_305
---------------------------------------------------------------------

freesurfer compute_vox2vox.c
Reading: talsrcimg.4dfp.ifh
Reading: talsrcimg_to_711-2C_as_mni_average_305_t4
Reading: /opt/freesurfer/average/711-2C_as_mni_average_305.4dfp.ifh
Writing: talsrcimg_to_711-2C_as_mni_average_305_t4_vox2vox.txt

start time Mon Mar 9 15:45:13 CET 2026
end		time Mon Mar 9 15:46:47 CET 2026

mpr2mni305 success

avi2talxfm orig_nu.mgz /opt/freesurfer/average/mni305.cor.mgz talsrcimg_to_711-2C_as_mni_average_305_t4_vox2vox.txt transforms/talairach.auto.xfm
avi2talxfm done
mv -f /out/sourcedata/freesurfer/sub-v1s22x0050499_ses-1/mri/talsrcimg_to_711-2C_as_mni_average_305_t4_vox2vox.txt /out/sourcedata/freesurfer/sub-v1s22x0050499_ses-1/mri/transforms/talsrcimg_to_711-2C_as_mni_average_305_t4_vox2vox.txt
lta_convert --src orig_nu.mgz --trg /opt/freesurfer/average/mni305.cor.mgz --inxfm transforms/talairach.auto.xfm --outlta transforms/talairach.auto.xfm.lta --subject fsaverage
7.3.2

--src: orig_nu.mgz src image (geometry).
--trg: /opt/freesurfer/average/mni305.cor.mgz trg image (geometry).
--inmni: transforms/talairach.auto.xfm input MNI/XFM transform.
--outlta: transforms/talairach.auto.xfm.lta output LTA.
--s: fsaverage subject name
 LTA read, type : 1
 1.07120   0.00126   0.05343  -2.12077;
-0.02588   0.91044   0.39955  -41.98607;
-0.06953  -0.41956   1.03722  -10.25410;
 0.00000   0.00000   0.00000   1.00000;
setting subject to fsaverage
Writing  LTA to file transforms/talairach.auto.xfm.lta...
lta_convert successful.
 
 
Started at Mon Mar 9 15:45:12 CET 2026
Ended   at Mon Mar  9 15:46:48 CET 2026
talairach_avi done
