status file for recon-all
Mon Mar  9 14:06:22 CET 2026
#@# Tessellate lh Mon Mar  9 14:06:22 CET 2026
#@# Smooth1 lh Mon Mar  9 14:06:26 CET 2026
#@# Inflation1 lh Mon Mar  9 14:06:29 CET 2026
#@# QSphere lh Mon Mar  9 14:06:44 CET 2026
#@# Fix Topology lh Mon Mar  9 14:08:01 CET 2026
#@# Smooth2 lh Mon Mar  9 14:14:02 CET 2026
#@# Inflation2 lh Mon Mar  9 14:14:06 CET 2026
#@# Curv .H and .K lh Mon Mar  9 14:14:22 CET 2026
#@# Sphere lh Mon Mar  9 14:15:14 CET 2026
#@# Surf Reg lh Mon Mar  9 14:19:22 CET 2026
#@# Jacobian white lh Mon Mar  9 14:23:43 CET 2026
#@# AvgCurv lh Mon Mar  9 14:23:44 CET 2026
#@# Cortical Parc lh Mon Mar  9 14:23:45 CET 2026
#@# white curv lh Mon Mar  9 14:30:49 CET 2026
#@# white area lh Mon Mar  9 14:30:51 CET 2026
#@# pial curv lh Mon Mar  9 14:30:52 CET 2026
#@# pial area lh Mon Mar  9 14:30:54 CET 2026
#@# thickness lh Mon Mar  9 14:30:55 CET 2026
#@# area and vertex vol lh Mon Mar  9 14:31:27 CET 2026
#@# Curvature Stats lh Mon Mar  9 14:31:29 CET 2026
#@# Cortical Parc 2 lh Mon Mar  9 14:31:31 CET 2026
#@# Cortical Parc 3 lh Mon Mar  9 14:31:46 CET 2026
#@# WM/GM Contrast lh Mon Mar  9 14:31:57 CET 2026
recon-all -s sub-v1s22x0050454_ses-1 finished without error at Mon Mar  9 14:32:02 CET 2026



#New# invocation of recon-all 



status file for recon-all
Mon Mar  9 15:02:39 CET 2026
#@# white curv lh Mon Mar  9 15:02:39 CET 2026
#@# white area lh Mon Mar  9 15:02:39 CET 2026
#@# pial curv lh Mon Mar  9 15:02:39 CET 2026
#@# pial area lh Mon Mar  9 15:02:39 CET 2026
#@# thickness lh Mon Mar  9 15:02:39 CET 2026
#@# area and vertex vol lh Mon Mar  9 15:02:39 CET 2026
#@# Parcellation Stats lh Mon Mar  9 15:02:39 CET 2026
#@# Parcellation Stats 2 lh Mon Mar  9 15:03:01 CET 2026
#@# Parcellation Stats 3 lh Mon Mar  9 15:03:13 CET 2026
#@# BA_exvivo Labels lh Mon Mar  9 15:03:24 CET 2026
recon-all -s sub-v1s22x0050454_ses-1 finished without error at Mon Mar  9 15:06:21 CET 2026
