/out/sourcedata/freesurfer/sub-v1s22x0050520_ses-1/mri
/opt/freesurfer/bin/talairach_avi
--i orig_nu.mgz --xfm transforms/talairach.auto.xfm
talairach_avi 7.3.2
Linux dna063 5.14.0-427.37.1.el9_4.x86_64 #1 SMP PREEMPT_DYNAMIC Fri Sep 13 12:41:50 EDT 2024 x86_64 x86_64 x86_64 GNU/Linux
Mon Mar  9 16:16:09 CET 2026
mri_convert orig_nu.mgz talsrcimg.img 
reading from orig_nu.mgz...
TR=0.00, TE=0.00, TI=0.00, flip angle=0.00
i_ras = (-1, -2.22826e-10, 0)
j_ras = (0, -5.82077e-11, -1)
k_ras = (2.22826e-10, 1, -5.82077e-11)
writing to talsrcimg.img...
Analyze Output Matrix
-1.00000   0.00000   0.00000   133.47218;
-0.00000  -0.00000   1.00000  -93.78416;
 0.00000  -1.00000  -0.00000   114.59377;
 0.00000   0.00000   0.00000   1.00000;
--------------------
INFO: set hdr.hist.orient to -1
mpr2mni305 talsrcimg
Mon Mar  9 16:16:10 CET 2026
/opt/freesurfer/bin/mpr2mni305 talsrcimg
mpr2mni305 7.3.2
target=711-2C_as_mni_average_305

---------------------------------------------------------------------
analyzeto4dfp talsrcimg -O0 -y
---------------------------------------------------------------------

freesurfer ifh2hdr.c
Mon Mar  9 16:16:10 2026
Writing: talsrcimg.4dfp.hdr
freesurfer analyzeto4dfp.c
Reading: talsrcimg.hdr
header size 348 bytes
hdr.dime.datatype	offset=70	value=2
hdr.dime.bitpix		offset=72	value=8
hdr.hist.orient		offset=252	value=-1
dimensionality     4
dimensions       256       256       256         1
Reading: talsrcimg.img
Writing: talsrcimg.4dfp.img
Writing: talsrcimg.4dfp.ifh
ifh2hdr talsrcimg -r0to235
ori=2

---------------------------------------------------------------------
gauss_4dfp talsrcimg 1.1
---------------------------------------------------------------------

freesurfer gauss_4dfp.c
Reading: talsrcimg.4dfp.img
Writing: talsrcimg_g11.4dfp.img
image dimensions 256 256 256 padded to 288 288 288
processing volume 1freesurfer ifh2hdr.c
Mon Mar  9 16:16:12 2026
Writing: talsrcimg_g11.4dfp.hdr

Writing: talsrcimg_g11.4dfp.ifh
including: talsrcimg.4dfp.img.rec in talsrcimg_g11.4dfp.img.rec

---------------------------------------------------------------------
imgreg_4dfp /opt/freesurfer/average/711-2C_as_mni_average_305 none talsrcimg_g11 none talsrcimg_to_711-2C_as_mni_average_305_t4 4355
---------------------------------------------------------------------

freesurfer imgreg_4dfp.c
/opt/freesurfer/average/711-2C_as_mni_average_305.4dfp.img
       256       256       256         1
  1.000000  1.000000  1.000000
orientation T byte_order littleendian
Reading image: /opt/freesurfer/average/711-2C_as_mni_average_305.4dfp.img
dimensions:      256       256       256
mmppix:       1.0000   -1.0000   -1.0000
center:     128.0000 -129.0000 -129.0000
talsrcimg_g11.4dfp.img
       256       256       256         1
  1.000000  1.000000  1.000000
orientation T byte_order littleendian
Reading image: talsrcimg_g11.4dfp.img
dimensions:      256       256       256
mmppix:       1.0000   -1.0000   -1.0000
center:     128.0000 -129.0000 -129.0000
t4_read: open error in t4_sub.f l:  41 t4_file(1:l)talsrcimg_to_711-2C_as_mni_average_305_t4 
t4_read: transform initialized to I4
rotation matrix determinant  1.000000
image alignment mode   4355 decimal     1103 hex
   -7.5000  -45.0000  -45.0000 5926.2427   15.3759
    0.0000  -45.0000  -45.0000 6192.8657   15.3825
    7.5000  -45.0000  -45.0000 5972.6431   15.3606
   -7.5000  -37.5000  -45.0000 6495.7769   14.8800
    0.0000  -37.5000  -45.0000 6814.2100   14.8849
    7.5000  -37.5000  -45.0000 6566.6118   14.8651
   -7.5000  -30.0000  -45.0000 7380.9771   14.5173
    0.0000  -30.0000  -45.0000 7750.7026   14.5275
    7.5000  -30.0000  -45.0000 7436.0684   14.5150
   -7.5000  -22.5000  -45.0000 8314.5693   14.2687
    0.0000  -22.5000  -45.0000 8751.1543   14.2844
    7.5000  -22.5000  -45.0000 8371.1396   14.2789
   -7.5000  -15.0000  -45.0000 9319.3799   14.1687
    0.0000  -15.0000  -45.0000 9811.2100   14.1862
    7.5000  -15.0000  -45.0000 9381.1484   14.1814
   -7.5000   -7.5000  -45.000010348.4062   14.1170
    0.0000   -7.5000  -45.000010892.5459   14.1310
    7.5000   -7.5000  -45.000010398.6797   14.1194
   -7.5000    0.0000  -45.000011243.3115   14.0999
    0.0000    0.0000  -45.000011850.5127   14.1082
    7.5000    0.0000  -45.000011307.9893   14.0897
   -7.5000    7.5000  -45.000011265.6357   14.0922
    0.0000    7.5000  -45.000011884.1562   14.0993
    7.5000    7.5000  -45.000011332.9766   14.0815
   -7.5000   15.0000  -45.000011160.0527   14.0958
    0.0000   15.0000  -45.000011768.1455   14.1071
    7.5000   15.0000  -45.000011236.9893   14.0954
   -7.5000   22.5000  -45.000011010.6006   14.1070
    0.0000   22.5000  -45.000011592.2871   14.1231
    7.5000   22.5000  -45.000011075.8418   14.1174
   -7.5000   30.0000  -45.000010819.8828   13.9299
    0.0000   30.0000  -45.000011354.3242   13.9472
    7.5000   30.0000  -45.000010862.6953   13.9423
   -7.5000   37.5000  -45.000010851.2676   13.9232
    0.0000   37.5000  -45.000011379.8594   13.9370
    7.5000   37.5000  -45.000010855.1104   13.9254
   -7.5000   45.0000  -45.000010425.2402   13.5587
    0.0000   45.0000  -45.000010934.3623   13.5668
    7.5000   45.0000  -45.000010425.7139   13.5489
   -7.5000  -45.0000  -37.5000 6271.9160   15.3170
    0.0000  -45.0000  -37.5000 6571.1128   15.3169
    7.5000  -45.0000  -37.5000 6331.1562   15.2955
   -7.5000  -37.5000  -37.5000 6884.4219   14.8316
    0.0000  -37.5000  -37.5000 7221.7876   14.8319
    7.5000  -37.5000  -37.5000 6939.2925   14.8129
   -7.5000  -30.0000  -37.5000 7830.4600   14.4758
    0.0000  -30.0000  -37.5000 8229.8555   14.4816
    7.5000  -30.0000  -37.5000 7877.4507   14.4721
   -7.5000  -22.5000  -37.5000 8847.7803   14.2273
    0.0000  -22.5000  -37.5000 9327.6797   14.2360
    7.5000  -22.5000  -37.5000 8904.2656   14.2341
   -7.5000  -15.0000  -37.5000 9922.4307   14.1222
    0.0000  -15.0000  -37.500010446.6807   14.1310
    7.5000  -15.0000  -37.5000 9971.2422   14.1292
   -7.5000   -7.5000  -37.500011010.3291   14.0653
    0.0000   -7.5000  -37.500011594.4014   14.0711
    7.5000   -7.5000  -37.500011034.4688   14.0606
   -7.5000    0.0000  -37.500011961.2344   14.0485
    0.0000    0.0000  -37.500012589.0752   14.0507
    7.5000    0.0000  -37.500011999.8633   14.0318
   -7.5000    7.5000  -37.500011979.0264   14.0462
    0.0000    7.5000  -37.500012627.0811   14.0493
    7.5000    7.5000  -37.500012031.2676   14.0322
   -7.5000   15.0000  -37.500011876.3828   14.0547
    0.0000   15.0000  -37.500012516.8584   14.0619
    7.5000   15.0000  -37.500011920.3535   14.0529
   -7.5000   22.5000  -37.500011711.2324   14.0655
    0.0000   22.5000  -37.500012298.8115   14.0748
    7.5000   22.5000  -37.500011740.0156   14.0726
   -7.5000   30.0000  -37.500011460.9717   13.8839
    0.0000   30.0000  -37.500012029.2578   13.8926
    7.5000   30.0000  -37.500011476.8594   13.8905
   -7.5000   37.5000  -37.500011465.3740   13.8723
    0.0000   37.5000  -37.500012015.2842   13.8780
    7.5000   37.5000  -37.500011452.8584   13.8675
   -7.5000   45.0000  -37.500011004.0029   13.5093
    0.0000   45.0000  -37.500011542.8330   13.5114
    7.5000   45.0000  -37.500010977.5586   13.4932
   -7.5000  -45.0000  -30.0000 6727.9302   15.9408
    0.0000  -45.0000  -30.0000 7058.1055   15.9350
    7.5000  -45.0000  -30.0000 6791.9937   15.9102
   -7.5000  -37.5000  -30.0000 7393.5864   15.4368
    0.0000  -37.5000  -30.0000 7776.1875   15.4337
    7.5000  -37.5000  -30.0000 7446.9971   15.4121
   -7.5000  -30.0000  -30.0000 8441.5430   15.0719
    0.0000  -30.0000  -30.0000 8895.2002   15.0751
    7.5000  -30.0000  -30.0000 8495.4346   15.0646
   -7.5000  -22.5000  -30.0000 9560.0547   14.8151
    0.0000  -22.5000  -30.000010078.2383   14.8199
    7.5000  -22.5000  -30.0000 9609.8848   14.8185
   -7.5000  -15.0000  -30.000010686.5967   14.7042
    0.0000  -15.0000  -30.000011252.2598   14.7073
    7.5000  -15.0000  -30.000010740.6523   14.7057
   -7.5000   -7.5000  -30.000011831.3291   14.6405
    0.0000   -7.5000  -30.000012459.0166   14.6405
    7.5000   -7.5000  -30.000011882.9336   14.6284
   -7.5000    0.0000  -30.000012859.9443   14.6207
    0.0000    0.0000  -30.000013550.9121   14.6182
    7.5000    0.0000  -30.000012929.1787   14.5964
   -7.5000    7.5000  -30.000012864.5957   14.6207
    0.0000    7.5000  -30.000013561.0566   14.6208
    7.5000    7.5000  -30.000012938.9004   14.6013
   -7.5000   15.0000  -30.000012748.1504   14.6336
    0.0000   15.0000  -30.000013442.5117   14.6383
    7.5000   15.0000  -30.000012791.0498   14.6284
   -7.5000   22.5000  -30.000012574.4434   14.6447
    0.0000   22.5000  -30.000013236.1533   14.6502
    7.5000   22.5000  -30.000012583.3857   14.6484
   -7.5000   30.0000  -30.000012274.4639   14.4569
    0.0000   30.0000  -30.000012936.9648   14.4601
    7.5000   30.0000  -30.000012273.3379   14.4581
   -7.5000   37.5000  -30.000012223.5859   14.4410
    0.0000   37.5000  -30.000012872.1162   14.4409
    7.5000   37.5000  -30.000012220.3760   14.4288
   -7.5000   45.0000  -30.000011694.5020   14.0698
    0.0000   45.0000  -30.000012325.6963   14.0675
    7.5000   45.0000  -30.000011716.9111   14.0465
   -7.5000  -45.0000  -22.5000 7187.0811   16.4792
    0.0000  -45.0000  -22.5000 7569.2803   16.4748
    7.5000  -45.0000  -22.5000 7255.9858   16.4472
   -7.5000  -37.5000  -22.5000 7922.8901   15.9510
    0.0000  -37.5000  -22.5000 8330.3164   15.9492
    7.5000  -37.5000  -22.5000 7976.6406   15.9250
   -7.5000  -30.0000  -22.5000 9053.1621   15.5739
    0.0000  -30.0000  -22.5000 9529.3311   15.5789
    7.5000  -30.0000  -22.5000 9105.7949   15.5653
   -7.5000  -22.5000  -22.500010235.8691   15.3121
    0.0000  -22.5000  -22.500010782.8877   15.3210
    7.5000  -22.5000  -22.500010285.6025   15.3168
   -7.5000  -15.0000  -22.500011433.3525   15.2031
    0.0000  -15.0000  -22.500012047.9023   15.2109
    7.5000  -15.0000  -22.500011488.6309   15.2065
   -7.5000   -7.5000  -22.500012640.7256   15.1394
    0.0000   -7.5000  -22.500013328.1084   15.1428
    7.5000   -7.5000  -22.500012692.2705   15.1283
   -7.5000    0.0000  -22.500013726.3105   15.1158
    0.0000    0.0000  -22.500014465.5068   15.1154
    7.5000    0.0000  -22.500013794.9014   15.0922
   -7.5000    7.5000  -22.500013718.7549   15.1118
    0.0000    7.5000  -22.500014453.0713   15.1130
    7.5000    7.5000  -22.500013794.2930   15.0914
   -7.5000   15.0000  -22.500013587.6309   15.1233
    0.0000   15.0000  -22.500014367.9795   15.1297
    7.5000   15.0000  -22.500013645.4814   15.1168
   -7.5000   22.5000  -22.500013403.1787   15.1358
    0.0000   22.5000  -22.500014183.7393   15.1453
    7.5000   22.5000  -22.500013444.9258   15.1406
   -7.5000   30.0000  -22.500013091.3350   14.9497
    0.0000   30.0000  -22.500013860.9092   14.9575
    7.5000   30.0000  -22.500013105.7168   14.9530
   -7.5000   37.5000  -22.500012997.4932   14.9353
    0.0000   37.5000  -22.500013746.5957   14.9386
    7.5000   37.5000  -22.500013015.6699   14.9242
   -7.5000   45.0000  -22.500012377.7969   14.5573
    0.0000   45.0000  -22.500013086.3564   14.5569
    7.5000   45.0000  -22.500012401.6611   14.5345
   -7.5000  -45.0000  -15.0000 7648.1465   16.8844
    0.0000  -45.0000  -15.0000 8044.6602   16.8857
    7.5000  -45.0000  -15.0000 7711.4287   16.8567
   -7.5000  -37.5000  -15.0000 8429.3154   16.3372
    0.0000  -37.5000  -15.0000 8872.3828   16.3389
    7.5000  -37.5000  -15.0000 8504.2734   16.3131
   -7.5000  -30.0000  -15.0000 9630.8887   15.9469
    0.0000  -30.0000  -15.000010179.3076   15.9562
    7.5000  -30.0000  -15.0000 9721.4424   15.9398
   -7.5000  -22.5000  -15.000010895.2012   15.6790
    0.0000  -22.5000  -15.000011496.3691   15.6962
    7.5000  -22.5000  -15.000010978.6797   15.6894
   -7.5000  -15.0000  -15.000012179.8721   15.5720
    0.0000  -15.0000  -15.000012824.9297   15.5903
    7.5000  -15.0000  -15.000012263.5186   15.5840
   -7.5000   -7.5000  -15.000013431.4561   15.5126
    0.0000   -7.5000  -15.000014140.6006   15.5247
    7.5000   -7.5000  -15.000013522.2695   15.5093
   -7.5000    0.0000  -15.000014576.6211   15.4890
    0.0000    0.0000  -15.000015350.5762   15.4942
    7.5000    0.0000  -15.000014694.6572   15.4704
   -7.5000    7.5000  -15.000014586.8643   15.4805
    0.0000    7.5000  -15.000015383.2373   15.4849
    7.5000    7.5000  -15.000014694.3594   15.4617
   -7.5000   15.0000  -15.000014442.2949   15.4874
    0.0000   15.0000  -15.000015286.9531   15.4980
    7.5000   15.0000  -15.000014535.6143   15.4825
   -7.5000   22.5000  -15.000014246.5020   15.4986
    0.0000   22.5000  -15.000015092.9053   15.5163
    7.5000   22.5000  -15.000014281.7422   15.5091
   -7.5000   30.0000  -15.000013895.0146   15.3151
    0.0000   30.0000  -15.000014722.1016   15.3332
    7.5000   30.0000  -15.000013908.2168   15.3267
   -7.5000   37.5000  -15.000013762.5381   15.3056
    0.0000   37.5000  -15.000014580.4229   15.3175
    7.5000   37.5000  -15.000013786.8291   15.3022
   -7.5000   45.0000  -15.000013115.6201   14.9257
    0.0000   45.0000  -15.000013832.1172   14.9307
    7.5000   45.0000  -15.000013115.5068   14.9078
   -7.5000  -45.0000   -7.5000 8131.1274   17.1052
    0.0000  -45.0000   -7.5000 8557.4688   17.1121
    7.5000  -45.0000   -7.5000 8219.1084   17.0843
   -7.5000  -37.5000   -7.5000 9003.7393   16.5512
    0.0000  -37.5000   -7.5000 9481.5732   16.5565
    7.5000  -37.5000   -7.5000 9097.0312   16.5315
   -7.5000  -30.0000   -7.500010271.5605   16.1513
    0.0000  -30.0000   -7.500010853.3516   16.1637
    7.5000  -30.0000   -7.500010380.2969   16.1469
   -7.5000  -22.5000   -7.500011589.4980   15.8777
    0.0000  -22.5000   -7.500012211.3320   15.8987
    7.5000  -22.5000   -7.500011694.5342   15.8907
   -7.5000  -15.0000   -7.500012924.7490   15.7693
    0.0000  -15.0000   -7.500013604.9941   15.7927
    7.5000  -15.0000   -7.500013042.4238   15.7856
   -7.5000   -7.5000   -7.500014242.5244   15.7126
    0.0000   -7.5000   -7.500014967.9863   15.7301
    7.5000   -7.5000   -7.500014380.8809   15.7150
   -7.5000    0.0000   -7.500015470.1143   15.6913
    0.0000    0.0000   -7.500016274.6436   15.7011
    7.5000    0.0000   -7.500015625.7246   15.6782
   -7.5000    7.5000   -7.500015512.7422   15.6816
    0.0000    7.5000   -7.500016364.0713   15.6893
    7.5000    7.5000   -7.500015687.6016   15.6668
   -7.5000   15.0000   -7.500015384.6279   15.6856
    0.0000   15.0000   -7.500016288.4053   15.6993
    7.5000   15.0000   -7.500015548.9307   15.6835
   -7.5000   22.5000   -7.500015129.7236   15.6936
    0.0000   22.5000   -7.500015996.3252   15.7151
    7.5000   22.5000   -7.500015185.8701   15.7068
   -7.5000   30.0000   -7.500014723.6895   15.5093
    0.0000   30.0000   -7.500015535.7588   15.5324
    7.5000   30.0000   -7.500014738.6064   15.5251
   -7.5000   37.5000   -7.500014567.1895   15.5024
    0.0000   37.5000   -7.500015353.1240   15.5198
    7.5000   37.5000   -7.500014567.4727   15.5047
   -7.5000   45.0000   -7.500013851.5537   15.1235
    0.0000   45.0000   -7.500014574.1592   15.1329
    7.5000   45.0000   -7.500013830.9727   15.1108
   -7.5000  -45.0000    0.0000 8531.6221   17.1529
    0.0000  -45.0000    0.0000 8990.6055   17.1599
    7.5000  -45.0000    0.0000 8626.8545   17.1354
   -7.5000  -37.5000    0.0000 9487.5596   16.6019
    0.0000  -37.5000    0.000010003.9238   16.6072
    7.5000  -37.5000    0.0000 9583.1875   16.5853
   -7.5000  -30.0000    0.000010826.2822   16.1991
    0.0000  -30.0000    0.000011404.8525   16.2104
    7.5000  -30.0000    0.000010938.0977   16.1966
   -7.5000  -22.5000    0.000012191.1592   15.9225
    0.0000  -22.5000    0.000012795.1270   15.9399
    7.5000  -22.5000    0.000012298.7012   15.9339
   -7.5000  -15.0000    0.000013546.1016   15.8108
    0.0000  -15.0000    0.000014233.3916   15.8301
    7.5000  -15.0000    0.000013694.9629   15.8247
   -7.5000   -7.5000    0.000014912.6416   15.7527
    0.0000   -7.5000    0.000015627.5078   15.7680
    7.5000   -7.5000    0.000015086.4365   15.7549
   -7.5000    0.0000    0.000016221.1533   15.7334
    0.0000    0.0000    0.000017027.5801   15.7425
    7.5000    0.0000    0.000016432.6426   15.7217
   -7.5000    7.5000    0.000016332.4688   15.7253
    0.0000    7.5000    0.000017265.0859   15.7332
    7.5000    7.5000    0.000016629.5098   15.7134
   -7.5000   15.0000    0.000016282.7266   15.7300
    0.0000   15.0000    0.000017335.7832   15.7426
    7.5000   15.0000    0.000016562.3105   15.7298
   -7.5000   22.5000    0.000016016.4189   15.7374
    0.0000   22.5000    0.000016844.8750   15.7554
    7.5000   22.5000    0.000016085.3643   15.7491
   -7.5000   30.0000    0.000015566.3193   15.5506
    0.0000   30.0000    0.000016278.9199   15.5697
    7.5000   30.0000    0.000015544.8281   15.5640
   -7.5000   37.5000    0.000015341.8555   15.5425
    0.0000   37.5000    0.000016077.3350   15.5576
    7.5000   37.5000    0.000015331.2676   15.5445
   -7.5000   45.0000    0.000014533.4619   15.1652
    0.0000   45.0000    0.000015264.6436   15.1739
    7.5000   45.0000    0.000014533.1855   15.1539
   -7.5000  -45.0000    7.5000 8302.2041   17.1402
    0.0000  -45.0000    7.5000 8728.0088   17.1401
    7.5000  -45.0000    7.5000 8373.8271   17.1161
   -7.5000  -37.5000    7.5000 9220.8711   16.5970
    0.0000  -37.5000    7.5000 9723.6865   16.5973
    7.5000  -37.5000    7.5000 9313.1318   16.5761
   -7.5000  -30.0000    7.500010490.1943   16.1988
    0.0000  -30.0000    7.500011073.0371   16.2053
    7.5000  -30.0000    7.500010619.8379   16.1946
   -7.5000  -22.5000    7.500011799.2207   15.9207
    0.0000  -22.5000    7.500012395.5518   15.9304
    7.5000  -22.5000    7.500011915.3027   15.9284
   -7.5000  -15.0000    7.500013117.2637   15.8032
    0.0000  -15.0000    7.500013786.6943   15.8129
    7.5000  -15.0000    7.500013273.3760   15.8109
   -7.5000   -7.5000    7.500014428.2041   15.7395
    0.0000   -7.5000    7.500015135.0605   15.7460
    7.5000   -7.5000    7.500014627.1328   15.7342
   -7.5000    0.0000    7.500015741.5566   15.7207
    0.0000    0.0000    7.500016526.2871   15.7231
    7.5000    0.0000    7.500015984.2715   15.7019
   -7.5000    7.5000    7.500015930.7539   15.7181
    0.0000    7.5000    7.500016916.4883   15.7215
    7.5000    7.5000    7.500016303.4199   15.7024
   -7.5000   15.0000    7.500015967.6221   15.7276
    0.0000   15.0000    7.500016980.3262   15.7356
    7.5000   15.0000    7.500016328.5566   15.7256
   -7.5000   22.5000    7.500015718.9766   15.7346
    0.0000   22.5000    7.500016409.4141   15.7450
    7.5000   22.5000    7.500015770.9473   15.7425
   -7.5000   30.0000    7.500015262.8857   15.5425
    0.0000   30.0000    7.500015864.8232   15.5522
    7.5000   30.0000    7.500015158.9238   15.5499
   -7.5000   37.5000    7.500014998.0732   15.5295
    0.0000   37.5000    7.500015681.3350   15.5359
    7.5000   37.5000    7.500014913.0957   15.5242
   -7.5000   45.0000    7.500014114.1533   15.1529
    0.0000   45.0000    7.500014803.2021   15.1553
    7.5000   45.0000    7.500014056.6992   15.1348
   -7.5000  -45.0000   15.0000 7892.6924   17.1178
    0.0000  -45.0000   15.0000 8317.5352   17.1115
    7.5000  -45.0000   15.0000 7965.0464   17.0849
   -7.5000  -37.5000   15.0000 8795.9590   16.5766
    0.0000  -37.5000   15.0000 9281.6396   16.5733
    7.5000  -37.5000   15.0000 8903.0371   16.5501
   -7.5000  -30.0000   15.000010069.6465   16.1848
    0.0000  -30.0000   15.000010579.3564   16.1881
    7.5000  -30.0000   15.000010177.7246   16.1769
   -7.5000  -22.5000   15.000011340.7432   15.9090
    0.0000  -22.5000   15.000011882.7793   15.9141
    7.5000  -22.5000   15.000011448.1699   15.9126
   -7.5000  -15.0000   15.000012593.2080   15.7899
    0.0000  -15.0000   15.000013194.6416   15.7932
    7.5000  -15.0000   15.000012756.2520   15.7915
   -7.5000   -7.5000   15.000013823.0400   15.7215
    0.0000   -7.5000   15.000014467.6436   15.7215
    7.5000   -7.5000   15.000014035.0967   15.7085
   -7.5000    0.0000   15.000015040.4268   15.7002
    0.0000    0.0000   15.000015776.6924   15.6976
    7.5000    0.0000   15.000015285.2451   15.6742
   -7.5000    7.5000   15.000015200.5742   15.7003
    0.0000    7.5000   15.000016105.2803   15.7004
    7.5000    7.5000   15.000015562.0078   15.6794
   -7.5000   15.0000   15.000015185.0645   15.7141
    0.0000   15.0000   15.000016174.6689   15.7191
    7.5000   15.0000   15.000015542.1104   15.7085
   -7.5000   22.5000   15.000014982.5820   15.7226
    0.0000   22.5000   15.000015868.6035   15.7284
    7.5000   22.5000   15.000015130.2432   15.7265
   -7.5000   30.0000   15.000014596.7051   15.5289
    0.0000   30.0000   15.000015426.5762   15.5323
    7.5000   30.0000   15.000014585.8379   15.5302
   -7.5000   37.5000   15.000014333.3750   15.5118
    0.0000   37.5000   15.000015141.3398   15.5117
    7.5000   37.5000   15.000014304.1387   15.4988
   -7.5000   45.0000   15.000013442.0410   15.1332
    0.0000   45.0000   15.000014143.6826   15.1307
    7.5000   45.0000   15.000013434.4746   15.1081
   -7.5000  -45.0000   22.5000 7434.4067   17.1262
    0.0000  -45.0000   22.5000 7802.3286   17.1217
    7.5000  -45.0000   22.5000 7488.3047   17.0930
   -7.5000  -37.5000   22.5000 8293.6963   16.5766
    0.0000  -37.5000   22.5000 8735.3418   16.5747
    7.5000  -37.5000   22.5000 8369.3486   16.5496
   -7.5000  -30.0000   22.5000 9476.1514   16.1844
    0.0000  -30.0000   22.5000 9974.0781   16.1895
    7.5000  -30.0000   22.5000 9557.8408   16.1755
   -7.5000  -22.5000   22.500010658.5195   15.9121
    0.0000  -22.5000   22.500011233.9346   15.9214
    7.5000  -22.5000   22.500010777.0996   15.9170
   -7.5000  -15.0000   22.500011860.0928   15.7986
    0.0000  -15.0000   22.500012522.5664   15.8068
    7.5000  -15.0000   22.500012013.8320   15.8023
   -7.5000   -7.5000   22.500013083.8271   15.7324
    0.0000   -7.5000   22.500013804.6582   15.7359
    7.5000   -7.5000   22.500013260.0801   15.7209
   -7.5000    0.0000   22.500014269.5264   15.7078
    0.0000    0.0000   22.500015024.7529   15.7074
    7.5000    0.0000   22.500014462.2822   15.6833
   -7.5000    7.5000   22.500014367.3516   15.7036
    0.0000    7.5000   22.500015160.7705   15.7049
    7.5000    7.5000   22.500014628.4268   15.6824
   -7.5000   15.0000   22.500014254.2549   15.7156
    0.0000   15.0000   22.500014988.0879   15.7223
    7.5000   15.0000   22.500014491.6084   15.7089
   -7.5000   22.5000   22.500014016.0840   15.7262
    0.0000   22.5000   22.500014683.4990   15.7361
    7.5000   22.5000   22.500014172.2285   15.7313
   -7.5000   30.0000   22.500013679.9268   15.5374
    0.0000   30.0000   22.500014364.4521   15.5456
    7.5000   30.0000   22.500013809.3965   15.5409
   -7.5000   37.5000   22.500013514.7266   15.5224
    0.0000   37.5000   22.500014204.8750   15.5259
    7.5000   37.5000   22.500013622.5674   15.5110
   -7.5000   45.0000   22.500012693.2344   15.1405
    0.0000   45.0000   22.500013302.2480   15.1402
    7.5000   45.0000   22.500012775.0908   15.1168
   -7.5000  -45.0000   30.0000 6871.6318   17.2339
    0.0000  -45.0000   30.0000 7248.2451   17.2353
    7.5000  -45.0000   30.0000 6920.8662   17.2056
   -7.5000  -37.5000   30.0000 7674.9727   16.6759
    0.0000  -37.5000   30.0000 8123.3379   16.6777
    7.5000  -37.5000   30.0000 7737.0845   16.6512
   -7.5000  -30.0000   30.0000 8782.4404   16.2768
    0.0000  -30.0000   30.0000 9304.8037   16.2864
    7.5000  -30.0000   30.0000 8860.9678   16.2694
   -7.5000  -22.5000   30.0000 9908.8291   16.0020
    0.0000  -22.5000   30.000010494.2734   16.0197
    7.5000  -22.5000   30.0000 9998.2998   16.0127
   -7.5000  -15.0000   30.000011050.9131   15.8920
    0.0000  -15.0000   30.000011687.8760   15.9107
    7.5000  -15.0000   30.000011157.0312   15.9043
   -7.5000   -7.5000   30.000012187.0742   15.8309
    0.0000   -7.5000   30.000012872.9150   15.8433
    7.5000   -7.5000   30.000012319.6221   15.8275
   -7.5000    0.0000   30.000013265.9062   15.8067
    0.0000    0.0000   30.000013952.9941   15.8120
    7.5000    0.0000   30.000013411.8330   15.7877
   -7.5000    7.5000   30.000013311.8467   15.7981
    0.0000    7.5000   30.000014004.3223   15.8025
    7.5000    7.5000   30.000013497.4854   15.7788
   -7.5000   15.0000   30.000013168.3506   15.8052
    0.0000   15.0000   30.000013806.3418   15.8161
    7.5000   15.0000   30.000013326.2363   15.8001
   -7.5000   22.5000   30.000012921.5840   15.8151
    0.0000   22.5000   30.000013510.2949   15.8332
    7.5000   22.5000   30.000013055.1436   15.8258
   -7.5000   30.0000   30.000012640.3389   15.6294
    0.0000   30.0000   30.000013237.3760   15.6480
    7.5000   30.0000   30.000012769.7119   15.6414
   -7.5000   37.5000   30.000012534.6230   15.6196
    0.0000   37.5000   30.000013133.1445   15.6318
    7.5000   37.5000   30.000012653.7900   15.6161
   -7.5000   45.0000   30.000011835.6875   15.2358
    0.0000   45.0000   30.000012378.1729   15.2410
    7.5000   45.0000   30.000011910.6670   15.2175
   -7.5000  -45.0000   37.5000 6593.1074   17.4963
    0.0000  -45.0000   37.5000 6944.3101   17.5039
    7.5000  -45.0000   37.5000 6636.1504   17.4753
   -7.5000  -37.5000   37.5000 7359.8662   16.9277
    0.0000  -37.5000   37.5000 7786.3770   16.9336
    7.5000  -37.5000   37.5000 7424.1743   16.9078
   -7.5000  -30.0000   37.5000 8424.7461   16.5184
    0.0000  -30.0000   37.5000 8916.6484   16.5314
    7.5000  -30.0000   37.5000 8488.3203   16.5139
   -7.5000  -22.5000   37.5000 9497.6113   16.2392
    0.0000  -22.5000   37.500010055.8311   16.2612
    7.5000  -22.5000   37.5000 9571.6514   16.2526
   -7.5000  -15.0000   37.500010597.9375   16.1265
    0.0000  -15.0000   37.500011210.9609   16.1509
    7.5000  -15.0000   37.500010678.3115   16.1434
   -7.5000   -7.5000   37.500011664.4795   16.0668
    0.0000   -7.5000   37.500012329.4775   16.0853
    7.5000   -7.5000   37.500011767.5957   16.0696
   -7.5000    0.0000   37.500012682.1328   16.0445
    0.0000    0.0000   37.500013386.9951   16.0549
    7.5000    0.0000   37.500012830.7939   16.0314
   -7.5000    7.5000   37.500012729.0654   16.0347
    0.0000    7.5000   37.500013444.8359   16.0429
    7.5000    7.5000   37.500012886.4004   16.0198
   -7.5000   15.0000   37.500012595.3809   16.0395
    0.0000   15.0000   37.500013255.8750   16.0537
    7.5000   15.0000   37.500012751.8555   16.0373
   -7.5000   22.5000   37.500012363.1211   16.0482
    0.0000   22.5000   37.500012972.4229   16.0705
    7.5000   22.5000   37.500012507.2666   16.0616
   -7.5000   30.0000   37.500012104.6572   15.8599
    0.0000   30.0000   37.500012694.6650   15.8839
    7.5000   30.0000   37.500012245.6357   15.8762
   -7.5000   37.5000   37.500012049.6660   15.8522
    0.0000   37.5000   37.500012625.0615   15.8704
    7.5000   37.5000   37.500012170.2725   15.8548
   -7.5000   45.0000   37.500011379.3750   15.4650
    0.0000   45.0000   37.500011907.1309   15.4751
    7.5000   45.0000   37.500011474.0625   15.4524
   -7.5000  -45.0000   45.0000 6004.1719   17.7584
    0.0000  -45.0000   45.0000 6320.9893   17.7664
    7.5000  -45.0000   45.0000 6062.5312   17.7401
   -7.5000  -37.5000   45.0000 6707.7397   17.1807
    0.0000  -37.5000   45.0000 7074.0952   17.1866
    7.5000  -37.5000   45.0000 6772.3374   17.1630
   -7.5000  -30.0000   45.0000 7682.1333   16.7616
    0.0000  -30.0000   45.0000 8109.5557   16.7734
    7.5000  -30.0000   45.0000 7734.6797   16.7583
   -7.5000  -22.5000   45.0000 8682.1396   16.4763
    0.0000  -22.5000   45.0000 9194.8936   16.4941
    7.5000  -22.5000   45.0000 8734.9590   16.4870
   -7.5000  -15.0000   45.0000 9690.8740   16.3575
    0.0000  -15.0000   45.000010262.3828   16.3772
    7.5000  -15.0000   45.0000 9744.8955   16.3706
   -7.5000   -7.5000   45.000010646.6064   16.2941
    0.0000   -7.5000   45.000011274.6719   16.3100
    7.5000   -7.5000   45.000010741.1260   16.2955
   -7.5000    0.0000   45.000011581.8652   16.2730
    0.0000    0.0000   45.000012243.4785   16.2828
    7.5000    0.0000   45.000011709.7773   16.2605
   -7.5000    7.5000   45.000011637.0273   16.2650
    0.0000    7.5000   45.000012286.5996   16.2735
    7.5000    7.5000   45.000011764.8418   16.2523
   -7.5000   15.0000   45.000011504.1064   16.2709
    0.0000   15.0000   45.000012110.6016   16.2841
    7.5000   15.0000   45.000011634.6846   16.2700
   -7.5000   22.5000   45.000011264.0293   16.2793
    0.0000   22.5000   45.000011835.8623   16.2976
    7.5000   22.5000   45.000011415.1895   16.2902
   -7.5000   30.0000   45.000011027.0273   16.0845
    0.0000   30.0000   45.000011579.2061   16.1040
    7.5000   30.0000   45.000011172.1211   16.0971
   -7.5000   37.5000   45.000011036.9990   16.0750
    0.0000   37.5000   45.000011596.2031   16.0907
    7.5000   37.5000   45.000011150.4980   16.0762
   -7.5000   45.0000   45.000010453.9297   15.6924
    0.0000   45.0000   45.000010968.3525   15.7018
    7.5000   45.0000   45.000010537.1943   15.6804

---------------------------------------------------------------------
imgreg_4dfp /opt/freesurfer/average/711-2C_as_mni_average_305 /opt/freesurfer/average/711-2B_as_mni_average_305_mask talsrcimg_g11 none talsrcimg_to_711-2C_as_mni_average_305_t4 4355
---------------------------------------------------------------------

freesurfer imgreg_4dfp.c
/opt/freesurfer/average/711-2C_as_mni_average_305.4dfp.img
       256       256       256         1
  1.000000  1.000000  1.000000
orientation T byte_order littleendian
Reading image: /opt/freesurfer/average/711-2C_as_mni_average_305.4dfp.img
dimensions:      256       256       256
mmppix:       1.0000   -1.0000   -1.0000
center:     128.0000 -129.0000 -129.0000
/opt/freesurfer/average/711-2B_as_mni_average_305_mask.4dfp.img
       256       256       256         1
  1.000000  1.000000  1.000000
orientation T byte_order littleendian
Reading mask: /opt/freesurfer/average/711-2B_as_mni_average_305_mask.4dfp.img (2306576 pixels)
talsrcimg_g11.4dfp.img
       256       256       256         1
  1.000000  1.000000  1.000000
orientation T byte_order littleendian
Reading image: talsrcimg_g11.4dfp.img
dimensions:      256       256       256
mmppix:       1.0000   -1.0000   -1.0000
center:     128.0000 -129.0000 -129.0000
rotation matrix determinant  1.000000
image alignment mode   4355 decimal     1103 hex
   -7.5000  -30.0000  -45.0000 1978.1624   20.5671
    0.0000  -30.0000  -45.0000 1991.8578   20.3518
    7.5000  -30.0000  -45.0000 1983.5508   20.3322
   -7.5000  -22.5000  -45.0000 2081.4680   18.3533
    0.0000  -22.5000  -45.0000 2100.6238   18.2454
    7.5000  -22.5000  -45.0000 2092.0332   18.1825
   -7.5000  -15.0000  -45.0000 2177.0007   16.7241
    0.0000  -15.0000  -45.0000 2195.2583   16.6259
    7.5000  -15.0000  -45.0000 2192.7568   16.5516
   -7.5000   -7.5000  -45.0000 2256.8643   15.5172
    0.0000   -7.5000  -45.0000 2274.7107   15.4238
    7.5000   -7.5000  -45.0000 2273.3572   15.3852
   -7.5000    0.0000  -45.0000 2300.5681   14.6429
    0.0000    0.0000  -45.0000 2321.5276   14.5205
    7.5000    0.0000  -45.0000 2316.8003   14.5313
   -7.5000    7.5000  -45.0000 2326.1890   14.0481
    0.0000    7.5000  -45.0000 2353.0071   13.9331
    7.5000    7.5000  -45.0000 2343.6575   13.9411
   -7.5000   15.0000  -45.0000 2332.8660   13.6994
    0.0000   15.0000  -45.0000 2364.5178   13.5539
    7.5000   15.0000  -45.0000 2356.9917   13.5713
   -7.5000   22.5000  -45.0000 2334.2314   13.6436
    0.0000   22.5000  -45.0000 2363.2852   13.4401
    7.5000   22.5000  -45.0000 2361.1575   13.4492
   -7.5000   30.0000  -45.0000 2326.1196   13.7705
    0.0000   30.0000  -45.0000 2355.2002   13.5660
    7.5000   30.0000  -45.0000 2358.6687   13.5905
   -7.5000   37.5000  -45.0000 2305.4133   14.1634
    0.0000   37.5000  -45.0000 2330.9028   13.9551
    7.5000   37.5000  -45.0000 2336.0361   13.9544
   -7.5000   45.0000  -45.0000 2266.1694   14.8048
    0.0000   45.0000  -45.0000 2290.3486   14.5717
    7.5000   45.0000  -45.0000 2295.6274   14.5503
   -7.5000   52.5000  -45.0000 2185.5352   15.6044
    0.0000   52.5000  -45.0000 2211.6536   15.3492
    7.5000   52.5000  -45.0000 2211.9404   15.3052
   -7.5000   60.0000  -45.0000 2063.1335   16.5541
    0.0000   60.0000  -45.0000 2088.6226   16.2535
    7.5000   60.0000  -45.0000 2090.4331   16.2791
   -7.5000  -30.0000  -37.5000 2036.6270   19.1969
    0.0000  -30.0000  -37.5000 2051.9429   19.0385
    7.5000  -30.0000  -37.5000 2048.6799   18.9400
   -7.5000  -22.5000  -37.5000 2155.6392   17.1518
    0.0000  -22.5000  -37.5000 2175.5049   17.0451
    7.5000  -22.5000  -37.5000 2169.2336   16.9491
   -7.5000  -15.0000  -37.5000 2259.0371   15.5481
    0.0000  -15.0000  -37.5000 2277.7192   15.4632
    7.5000  -15.0000  -37.5000 2274.3831   15.4002
   -7.5000   -7.5000  -37.5000 2344.6013   14.3713
    0.0000   -7.5000  -37.5000 2366.3359   14.2840
    7.5000   -7.5000  -37.5000 2356.6970   14.2334
   -7.5000    0.0000  -37.5000 2392.6328   13.5434
    0.0000    0.0000  -37.5000 2414.4734   13.4374
    7.5000    0.0000  -37.5000 2403.3398   13.4291
   -7.5000    7.5000  -37.5000 2421.3943   12.9983
    0.0000    7.5000  -37.5000 2448.0310   12.8411
    7.5000    7.5000  -37.5000 2439.0095   12.8899
   -7.5000   15.0000  -37.5000 2436.3279   12.6873
    0.0000   15.0000  -37.5000 2467.7427   12.5124
    7.5000   15.0000  -37.5000 2458.6484   12.5461
   -7.5000   22.5000  -37.5000 2438.5718   12.6161
    0.0000   22.5000  -37.5000 2464.6165   12.4382
    7.5000   22.5000  -37.5000 2466.5742   12.4458
   -7.5000   30.0000  -37.5000 2428.6167   12.7454
    0.0000   30.0000  -37.5000 2457.8484   12.5191
    7.5000   30.0000  -37.5000 2462.0444   12.5538
   -7.5000   37.5000  -37.5000 2407.2310   13.0803
    0.0000   37.5000  -37.5000 2435.0588   12.8492
    7.5000   37.5000  -37.5000 2440.5469   12.8655
   -7.5000   45.0000  -37.5000 2363.9712   13.6549
    0.0000   45.0000  -37.5000 2393.8267   13.4069
    7.5000   45.0000  -37.5000 2397.8047   13.4025
   -7.5000   52.5000  -37.5000 2279.6294   14.3790
    0.0000   52.5000  -37.5000 2305.9170   14.1480
    7.5000   52.5000  -37.5000 2308.7441   14.1350
   -7.5000   60.0000  -37.5000 2145.8809   15.2647
    0.0000   60.0000  -37.5000 2171.5728   15.0287
    7.5000   60.0000  -37.5000 2174.4863   15.0428
   -7.5000  -30.0000  -30.0000 2134.6040   18.6126
    0.0000  -30.0000  -30.0000 2151.0742   18.4627
    7.5000  -30.0000  -30.0000 2149.9280   18.3301
   -7.5000  -22.5000  -30.0000 2264.6377   16.6124
    0.0000  -22.5000  -30.0000 2286.6650   16.5240
    7.5000  -22.5000  -30.0000 2279.3992   16.3983
   -7.5000  -15.0000  -30.0000 2372.1892   15.0380
    0.0000  -15.0000  -30.0000 2393.9517   14.9288
    7.5000  -15.0000  -30.0000 2385.3748   14.8738
   -7.5000   -7.5000  -30.0000 2462.9041   13.8356
    0.0000   -7.5000  -30.0000 2481.5149   13.7213
    7.5000   -7.5000  -30.0000 2471.7490   13.6902
   -7.5000    0.0000  -30.0000 2518.6189   12.9977
    0.0000    0.0000  -30.0000 2540.7021   12.8440
    7.5000    0.0000  -30.0000 2534.4395   12.8376
   -7.5000    7.5000  -30.0000 2556.8835   12.4456
    0.0000    7.5000  -30.0000 2582.2427   12.2729
    7.5000    7.5000  -30.0000 2577.0740   12.2930
   -7.5000   15.0000  -30.0000 2580.1355   12.1265
    0.0000   15.0000  -30.0000 2611.8613   11.9577
    7.5000   15.0000  -30.0000 2604.1426   11.9745
   -7.5000   22.5000  -30.0000 2591.1082   12.0624
    0.0000   22.5000  -30.0000 2617.2852   11.8802
    7.5000   22.5000  -30.0000 2614.8262   11.9078
   -7.5000   30.0000  -30.0000 2582.6147   12.1969
    0.0000   30.0000  -30.0000 2612.7908   11.9924
    7.5000   30.0000  -30.0000 2612.3450   12.0194
   -7.5000   37.5000  -30.0000 2555.5654   12.5095
    0.0000   37.5000  -30.0000 2594.3181   12.2942
    7.5000   37.5000  -30.0000 2592.2922   12.3119
   -7.5000   45.0000  -30.0000 2506.8125   13.0437
    0.0000   45.0000  -30.0000 2545.8757   12.8303
    7.5000   45.0000  -30.0000 2547.9668   12.8382
   -7.5000   52.5000  -30.0000 2413.0613   13.7478
    0.0000   52.5000  -30.0000 2446.8547   13.5429
    7.5000   52.5000  -30.0000 2449.3716   13.5422
   -7.5000   60.0000  -30.0000 2270.7188   14.6121
    0.0000   60.0000  -30.0000 2300.3235   14.3803
    7.5000   60.0000  -30.0000 2301.5586   14.3952
   -7.5000  -30.0000  -22.5000 2204.3423   17.9443
    0.0000  -30.0000  -22.5000 2223.4458   17.7682
    7.5000  -30.0000  -22.5000 2220.4387   17.6919
   -7.5000  -22.5000  -22.5000 2338.0266   15.9843
    0.0000  -22.5000  -22.5000 2363.0435   15.8087
    7.5000  -22.5000  -22.5000 2351.1914   15.7544
   -7.5000  -15.0000  -22.5000 2449.3296   14.4215
    0.0000  -15.0000  -22.5000 2474.6292   14.2493
    7.5000  -15.0000  -22.5000 2462.7063   14.2291
   -7.5000   -7.5000  -22.5000 2550.1343   13.2293
    0.0000   -7.5000  -22.5000 2573.2500   13.0911
    7.5000   -7.5000  -22.5000 2560.1208   13.0548
   -7.5000    0.0000  -22.5000 2610.8955   12.3857
    0.0000    0.0000  -22.5000 2637.9893   12.2549
    7.5000    0.0000  -22.5000 2632.0261   12.2231
   -7.5000    7.5000  -22.5000 2660.8994   11.7910
    0.0000    7.5000  -22.5000 2686.5273   11.6456
    7.5000    7.5000  -22.5000 2684.5786   11.6205
   -7.5000   15.0000  -22.5000 2695.3672   11.4687
    0.0000   15.0000  -22.5000 2729.5208   11.3092
    7.5000   15.0000  -22.5000 2721.7893   11.3027
   -7.5000   22.5000  -22.5000 2715.2085   11.3965
    0.0000   22.5000  -22.5000 2749.6099   11.2501
    7.5000   22.5000  -22.5000 2742.3286   11.2567
   -7.5000   30.0000  -22.5000 2708.8955   11.5208
    0.0000   30.0000  -22.5000 2750.1787   11.3822
    7.5000   30.0000  -22.5000 2747.0154   11.3999
   -7.5000   37.5000  -22.5000 2681.5886   11.8530
    0.0000   37.5000  -22.5000 2728.6340   11.6736
    7.5000   37.5000  -22.5000 2725.1003   11.7115
   -7.5000   45.0000  -22.5000 2626.7280   12.3904
    0.0000   45.0000  -22.5000 2670.8877   12.1690
    7.5000   45.0000  -22.5000 2668.7668   12.2120
   -7.5000   52.5000  -22.5000 2528.2620   13.0851
    0.0000   52.5000  -22.5000 2561.4995   12.8702
    7.5000   52.5000  -22.5000 2563.8057   12.8950
   -7.5000   60.0000  -22.5000 2376.7393   13.9076
    0.0000   60.0000  -22.5000 2406.4219   13.6857
    7.5000   60.0000  -22.5000 2405.6631   13.7056
   -7.5000  -30.0000  -15.0000 2243.2859   17.3145
    0.0000  -30.0000  -15.0000 2268.8958   17.1030
    7.5000  -30.0000  -15.0000 2256.0615   17.1271
   -7.5000  -22.5000  -15.0000 2377.4075   15.3543
    0.0000  -22.5000  -15.0000 2406.5322   15.1873
    7.5000  -22.5000  -15.0000 2389.8562   15.2102
   -7.5000  -15.0000  -15.0000 2493.6990   13.8638
    0.0000  -15.0000  -15.0000 2520.3982   13.6668
    7.5000  -15.0000  -15.0000 2510.2507   13.7367
   -7.5000   -7.5000  -15.0000 2597.6931   12.6949
    0.0000   -7.5000  -15.0000 2625.9846   12.5256
    7.5000   -7.5000  -15.0000 2619.1182   12.5521
   -7.5000    0.0000  -15.0000 2674.7227   11.8253
    0.0000    0.0000  -15.0000 2703.7537   11.6585
    7.5000    0.0000  -15.0000 2704.5476   11.6635
   -7.5000    7.5000  -15.0000 2739.7488   11.2163
    0.0000    7.5000  -15.0000 2771.2737   11.0699
    7.5000    7.5000  -15.0000 2771.7549   11.0601
   -7.5000   15.0000  -15.0000 2782.1121   10.8743
    0.0000   15.0000  -15.0000 2821.4897   10.7244
    7.5000   15.0000  -15.0000 2818.1912   10.7256
   -7.5000   22.5000  -15.0000 2808.9424   10.7864
    0.0000   22.5000  -15.0000 2848.1685   10.6443
    7.5000   22.5000  -15.0000 2839.8616   10.6778
   -7.5000   30.0000  -15.0000 2805.9480   10.9461
    0.0000   30.0000  -15.0000 2848.8401   10.7857
    7.5000   30.0000  -15.0000 2845.1597   10.8457
   -7.5000   37.5000  -15.0000 2775.2869   11.2762
    0.0000   37.5000  -15.0000 2820.3577   11.0959
    7.5000   37.5000  -15.0000 2820.0942   11.1569
   -7.5000   45.0000  -15.0000 2718.3818   11.7965
    0.0000   45.0000  -15.0000 2756.4609   11.5838
    7.5000   45.0000  -15.0000 2759.0537   11.6463
   -7.5000   52.5000  -15.0000 2611.9690   12.4669
    0.0000   52.5000  -15.0000 2644.7202   12.2601
    7.5000   52.5000  -15.0000 2645.8262   12.3136
   -7.5000   60.0000  -15.0000 2447.3772   13.2971
    0.0000   60.0000  -15.0000 2477.7837   13.1015
    7.5000   60.0000  -15.0000 2475.4824   13.1434
   -7.5000  -30.0000   -7.5000 2257.6072   16.8126
    0.0000  -30.0000   -7.5000 2287.1418   16.6014
    7.5000  -30.0000   -7.5000 2278.1584   16.7384
   -7.5000  -22.5000   -7.5000 2390.0754   14.9173
    0.0000  -22.5000   -7.5000 2417.3369   14.7019
    7.5000  -22.5000   -7.5000 2408.9541   14.8390
   -7.5000  -15.0000   -7.5000 2510.2705   13.4264
    0.0000  -15.0000   -7.5000 2538.4954   13.2073
    7.5000  -15.0000   -7.5000 2531.4575   13.3371
   -7.5000   -7.5000   -7.5000 2621.4543   12.2607
    0.0000   -7.5000   -7.5000 2653.2080   12.0605
    7.5000   -7.5000   -7.5000 2652.0574   12.1504
   -7.5000    0.0000   -7.5000 2719.3169   11.4036
    0.0000    0.0000   -7.5000 2751.9866   11.2009
    7.5000    0.0000   -7.5000 2750.2415   11.2601
   -7.5000    7.5000   -7.5000 2795.4897   10.7689
    0.0000    7.5000   -7.5000 2836.9404   10.6158
    7.5000    7.5000   -7.5000 2835.7874   10.6374
   -7.5000   15.0000   -7.5000 2857.0623   10.4283
    0.0000   15.0000   -7.5000 2899.2478   10.2836
    7.5000   15.0000   -7.5000 2899.5588   10.2945
   -7.5000   22.5000   -7.5000 2890.5710   10.3176
    0.0000   22.5000   -7.5000 2933.6663   10.1581
    7.5000   22.5000   -7.5000 2925.7061   10.1955
   -7.5000   30.0000   -7.5000 2883.8313   10.4781
    0.0000   30.0000   -7.5000 2925.6353   10.2890
    7.5000   30.0000   -7.5000 2918.1543   10.3611
   -7.5000   37.5000   -7.5000 2844.7827   10.8181
    0.0000   37.5000   -7.5000 2885.3176   10.5920
    7.5000   37.5000   -7.5000 2887.1704   10.6759
   -7.5000   45.0000   -7.5000 2779.3376   11.3296
    0.0000   45.0000   -7.5000 2815.4143   11.0848
    7.5000   45.0000   -7.5000 2820.9480   11.1796
   -7.5000   52.5000   -7.5000 2663.9966   12.0110
    0.0000   52.5000   -7.5000 2698.9292   11.7786
    7.5000   52.5000   -7.5000 2699.8584   11.8717
   -7.5000   60.0000   -7.5000 2492.6719   12.8209
    0.0000   60.0000   -7.5000 2528.4675   12.6336
    7.5000   60.0000   -7.5000 2525.6511   12.7132
   -7.5000  -30.0000    0.0000 2256.0955   16.6013
    0.0000  -30.0000    0.0000 2287.9807   16.3528
    7.5000  -30.0000    0.0000 2282.0696   16.5989
   -7.5000  -22.5000    0.0000 2391.0320   14.7166
    0.0000  -22.5000    0.0000 2413.0774   14.4288
    7.5000  -22.5000    0.0000 2408.0884   14.6671
   -7.5000  -15.0000    0.0000 2512.5740   13.1984
    0.0000  -15.0000    0.0000 2537.1780   12.9390
    7.5000  -15.0000    0.0000 2531.3962   13.1350
   -7.5000   -7.5000    0.0000 2629.7566   12.0211
    0.0000   -7.5000    0.0000 2657.6858   11.7609
    7.5000   -7.5000    0.0000 2660.5793   11.9403
   -7.5000    0.0000    0.0000 2736.3789   11.1398
    0.0000    0.0000    0.0000 2773.0947   10.9214
    7.5000    0.0000    0.0000 2767.9534   11.0467
   -7.5000    7.5000    0.0000 2833.4812   10.5034
    0.0000    7.5000    0.0000 2873.2292   10.3388
    7.5000    7.5000    0.0000 2869.0581   10.4192
   -7.5000   15.0000    0.0000 2907.5088   10.1695
    0.0000   15.0000    0.0000 2958.8630   10.0263
    7.5000   15.0000    0.0000 2951.6392   10.0762
   -7.5000   22.5000    0.0000 2949.5530   10.0511
    0.0000   22.5000    0.0000 3005.0122    9.8451
    7.5000   22.5000    0.0000 2986.6660    9.9209
   -7.5000   30.0000    0.0000 2937.4250   10.2132
    0.0000   30.0000    0.0000 2984.1250    9.9547
    7.5000   30.0000    0.0000 2967.7551   10.0629
   -7.5000   37.5000    0.0000 2887.9468   10.5299
    0.0000   37.5000    0.0000 2927.2275   10.2822
    7.5000   37.5000    0.0000 2925.2378   10.3807
   -7.5000   45.0000    0.0000 2818.5376   11.0443
    0.0000   45.0000    0.0000 2857.7578   10.8015
    7.5000   45.0000    0.0000 2858.1035   10.8981
   -7.5000   52.5000    0.0000 2698.0457   11.7419
    0.0000   52.5000    0.0000 2733.1753   11.5275
    7.5000   52.5000    0.0000 2729.5498   11.6107
   -7.5000   60.0000    0.0000 2522.1748   12.5553
    0.0000   60.0000    0.0000 2556.5244   12.3700
    7.5000   60.0000    0.0000 2554.3557   12.4269
   -7.5000  -30.0000    7.5000 2254.7712   16.5854
    0.0000  -30.0000    7.5000 2281.8555   16.2961
    7.5000  -30.0000    7.5000 2273.3125   16.5919
   -7.5000  -22.5000    7.5000 2379.7568   14.6018
    0.0000  -22.5000    7.5000 2401.2703   14.3391
    7.5000  -22.5000    7.5000 2393.1738   14.6115
   -7.5000  -15.0000    7.5000 2500.1111   13.1183
    0.0000  -15.0000    7.5000 2525.2046   12.8346
    7.5000  -15.0000    7.5000 2517.3228   13.0731
   -7.5000   -7.5000    7.5000 2622.8584   11.9419
    0.0000   -7.5000    7.5000 2651.3513   11.6383
    7.5000   -7.5000    7.5000 2650.0332   11.8749
   -7.5000    0.0000    7.5000 2737.6956   11.0536
    0.0000    0.0000    7.5000 2769.7012   10.7922
    7.5000    0.0000    7.5000 2770.7363   10.9806
   -7.5000    7.5000    7.5000 2845.9026   10.4651
    0.0000    7.5000    7.5000 2884.7969   10.2339
    7.5000    7.5000    7.5000 2879.2402   10.3793
   -7.5000   15.0000    7.5000 2935.7373   10.1432
    0.0000   15.0000    7.5000 2987.8496    9.9875
    7.5000   15.0000    7.5000 2970.8818   10.0708
   -7.5000   22.5000    7.5000 2985.9902    9.9875
    0.0000   22.5000    7.5000 3049.4021    9.7922
    7.5000   22.5000    7.5000 3011.6379    9.8856
   -7.5000   30.0000    7.5000 2964.4104   10.1113
    0.0000   30.0000    7.5000 3019.7905    9.8257
    7.5000   30.0000    7.5000 2985.7229    9.9443
   -7.5000   37.5000    7.5000 2904.5935   10.4122
    0.0000   37.5000    7.5000 2953.4714   10.2031
    7.5000   37.5000    7.5000 2937.3538   10.2438
   -7.5000   45.0000    7.5000 2830.5215   10.9235
    0.0000   45.0000    7.5000 2866.3252   10.7434
    7.5000   45.0000    7.5000 2862.7546   10.7422
   -7.5000   52.5000    7.5000 2707.4795   11.6164
    0.0000   52.5000    7.5000 2738.0393   11.4385
    7.5000   52.5000    7.5000 2735.7512   11.4323
   -7.5000   60.0000    7.5000 2530.2776   12.3947
    0.0000   60.0000    7.5000 2566.1365   12.2398
    7.5000   60.0000    7.5000 2559.7483   12.2360
   -7.5000  -30.0000   15.0000 2236.9075   16.8326
    0.0000  -30.0000   15.0000 2258.7993   16.5002
    7.5000  -30.0000   15.0000 2247.1897   16.8373
   -7.5000  -22.5000   15.0000 2360.5071   14.8235
    0.0000  -22.5000   15.0000 2383.2480   14.4620
    7.5000  -22.5000   15.0000 2374.4888   14.8292
   -7.5000  -15.0000   15.0000 2481.1724   13.2934
    0.0000  -15.0000   15.0000 2505.0730   12.9215
    7.5000  -15.0000   15.0000 2496.8000   13.2258
   -7.5000   -7.5000   15.0000 2604.0266   12.0760
    0.0000   -7.5000   15.0000 2625.3076   11.7173
    7.5000   -7.5000   15.0000 2626.6045   12.0000
   -7.5000    0.0000   15.0000 2719.8894   11.1731
    0.0000    0.0000   15.0000 2748.3418   10.8559
    7.5000    0.0000   15.0000 2745.9880   11.1019
   -7.5000    7.5000   15.0000 2832.0566   10.6023
    0.0000    7.5000   15.0000 2872.3086   10.3471
    7.5000    7.5000   15.0000 2863.7456   10.5083
   -7.5000   15.0000   15.0000 2916.3835   10.2349
    0.0000   15.0000   15.0000 2972.4551   10.0729
    7.5000   15.0000   15.0000 2950.0273   10.1643
   -7.5000   22.5000   15.0000 2963.4089   10.0995
    0.0000   22.5000   15.0000 3021.3860    9.8954
    7.5000   22.5000   15.0000 2988.9802    9.9939
   -7.5000   30.0000   15.0000 2951.8645   10.1953
    0.0000   30.0000   15.0000 3006.8982   10.0263
    7.5000   30.0000   15.0000 2970.6162   10.0484
   -7.5000   37.5000   15.0000 2896.6692   10.4680
    0.0000   37.5000   15.0000 2944.0466   10.3027
    7.5000   37.5000   15.0000 2922.1057   10.3152
   -7.5000   45.0000   15.0000 2816.1853   10.9695
    0.0000   45.0000   15.0000 2850.0798   10.7829
    7.5000   45.0000   15.0000 2844.7185   10.7910
   -7.5000   52.5000   15.0000 2693.9243   11.6528
    0.0000   52.5000   15.0000 2723.6230   11.4531
    7.5000   52.5000   15.0000 2722.4038   11.4483
   -7.5000   60.0000   15.0000 2520.9712   12.3983
    0.0000   60.0000   15.0000 2551.7651   12.2052
    7.5000   60.0000   15.0000 2548.4934   12.2318
   -7.5000  -30.0000   22.5000 2206.1887   17.3282
    0.0000  -30.0000   22.5000 2225.5640   16.9266
    7.5000  -30.0000   22.5000 2215.8523   17.2403
   -7.5000  -22.5000   22.5000 2333.4180   15.2540
    0.0000  -22.5000   22.5000 2355.4529   14.8985
    7.5000  -22.5000   22.5000 2343.1587   15.1833
   -7.5000  -15.0000   22.5000 2451.7202   13.6507
    0.0000  -15.0000   22.5000 2478.8838   13.3700
    7.5000  -15.0000   22.5000 2464.6885   13.6268
   -7.5000   -7.5000   22.5000 2574.2102   12.4653
    0.0000   -7.5000   22.5000 2603.6570   12.2002
    7.5000   -7.5000   22.5000 2592.8660   12.4097
   -7.5000    0.0000   22.5000 2686.0544   11.5677
    0.0000    0.0000   22.5000 2714.7334   11.3110
    7.5000    0.0000   22.5000 2706.7139   11.4881
   -7.5000    7.5000   22.5000 2795.4836   10.9632
    0.0000    7.5000   22.5000 2828.2180   10.7151
    7.5000    7.5000   22.5000 2820.2405   10.8738
   -7.5000   15.0000   22.5000 2867.5854   10.5571
    0.0000   15.0000   22.5000 2909.0620   10.2981
    7.5000   15.0000   22.5000 2900.3171   10.4673
   -7.5000   22.5000   22.5000 2910.3662   10.3853
    0.0000   22.5000   22.5000 2955.5286   10.1148
    7.5000   22.5000   22.5000 2940.1672   10.2535
   -7.5000   30.0000   22.5000 2901.4985   10.4976
    0.0000   30.0000   22.5000 2948.7693   10.2808
    7.5000   30.0000   22.5000 2928.7004   10.3675
   -7.5000   37.5000   22.5000 2855.8247   10.7954
    0.0000   37.5000   22.5000 2896.2332   10.6047
    7.5000   37.5000   22.5000 2881.5566   10.6573
   -7.5000   45.0000   22.5000 2776.8413   11.2600
    0.0000   45.0000   22.5000 2808.8069   11.0523
    7.5000   45.0000   22.5000 2804.7195   11.1064
   -7.5000   52.5000   22.5000 2660.0793   11.8562
    0.0000   52.5000   22.5000 2689.1814   11.6620
    7.5000   52.5000   22.5000 2687.7346   11.7001
   -7.5000   60.0000   22.5000 2493.4282   12.5366
    0.0000   60.0000   22.5000 2524.3870   12.3557
    7.5000   60.0000   22.5000 2518.9600   12.3831
   -7.5000  -30.0000   30.0000 2162.7700   18.0762
    0.0000  -30.0000   30.0000 2186.7578   17.7881
    7.5000  -30.0000   30.0000 2169.1658   17.9786
   -7.5000  -22.5000   30.0000 2294.7522   15.9240
    0.0000  -22.5000   30.0000 2320.3003   15.7018
    7.5000  -22.5000   30.0000 2298.9795   15.8913
   -7.5000  -15.0000   30.0000 2416.6440   14.3094
    0.0000  -15.0000   30.0000 2443.6807   14.0805
    7.5000  -15.0000   30.0000 2423.2068   14.2707
   -7.5000   -7.5000   30.0000 2534.3965   13.0758
    0.0000   -7.5000   30.0000 2568.4973   12.8482
    7.5000   -7.5000   30.0000 2547.2544   13.0223
   -7.5000    0.0000   30.0000 2644.7158   12.1354
    0.0000    0.0000   30.0000 2675.6372   11.8726
    7.5000    0.0000   30.0000 2662.1191   12.0477
   -7.5000    7.5000   30.0000 2741.5996   11.4811
    0.0000    7.5000   30.0000 2774.3479   11.1858
    7.5000    7.5000   30.0000 2763.6467   11.3529
   -7.5000   15.0000   30.0000 2805.2358   11.0211
    0.0000   15.0000   30.0000 2843.5547   10.7354
    7.5000   15.0000   30.0000 2830.2544   10.8916
   -7.5000   22.5000   30.0000 2842.1235   10.8273
    0.0000   22.5000   30.0000 2875.5835   10.5641
    7.5000   22.5000   30.0000 2863.8940   10.7146
   -7.5000   30.0000   30.0000 2829.7090   10.9577
    0.0000   30.0000   30.0000 2870.8376   10.7270
    7.5000   30.0000   30.0000 2856.6184   10.8421
   -7.5000   37.5000   30.0000 2782.9326   11.2612
    0.0000   37.5000   30.0000 2822.7935   11.0175
    7.5000   37.5000   30.0000 2808.7832   11.1185
   -7.5000   45.0000   30.0000 2717.9229   11.7167
    0.0000   45.0000   30.0000 2746.4453   11.4661
    7.5000   45.0000   30.0000 2738.8401   11.5325
   -7.5000   52.5000   30.0000 2607.3555   12.2667
    0.0000   52.5000   30.0000 2637.2402   12.0526
    7.5000   52.5000   30.0000 2634.6431   12.1198
   -7.5000   60.0000   30.0000 2448.1174   12.9217
    0.0000   60.0000   30.0000 2475.9321   12.7414
    7.5000   60.0000   30.0000 2472.4946   12.7588
   -7.5000  -30.0000   37.5000 2114.3767   19.0337
    0.0000  -30.0000   37.5000 2135.3096   18.8302
    7.5000  -30.0000   37.5000 2118.2544   18.9358
   -7.5000  -22.5000   37.5000 2248.5068   16.7786
    0.0000  -22.5000   37.5000 2275.7197   16.5847
    7.5000  -22.5000   37.5000 2254.0635   16.7238
   -7.5000  -15.0000   37.5000 2372.7949   15.1189
    0.0000  -15.0000   37.5000 2403.8188   14.9180
    7.5000  -15.0000   37.5000 2378.6807   15.0296
   -7.5000   -7.5000   37.5000 2486.3901   13.8357
    0.0000   -7.5000   37.5000 2520.1521   13.6184
    7.5000   -7.5000   37.5000 2496.8384   13.7362
   -7.5000    0.0000   37.5000 2589.7356   12.8402
    0.0000    0.0000   37.5000 2624.7434   12.5778
    7.5000    0.0000   37.5000 2605.4644   12.7312
   -7.5000    7.5000   37.5000 2676.3345   12.1324
    0.0000    7.5000   37.5000 2714.3896   11.8664
    7.5000    7.5000   37.5000 2694.8210   12.0131
   -7.5000   15.0000   37.5000 2734.1895   11.6487
    0.0000   15.0000   37.5000 2771.9504   11.4235
    7.5000   15.0000   37.5000 2755.1965   11.5590
   -7.5000   22.5000   37.5000 2763.1277   11.4620
    0.0000   22.5000   37.5000 2793.0435   11.2415
    7.5000   22.5000   37.5000 2779.2932   11.3692
   -7.5000   30.0000   37.5000 2748.3862   11.5880
    0.0000   30.0000   37.5000 2781.9980   11.3648
    7.5000   30.0000   37.5000 2770.6560   11.4911
   -7.5000   37.5000   37.5000 2700.1182   11.8821
    0.0000   37.5000   37.5000 2734.9841   11.6379
    7.5000   37.5000   37.5000 2725.5403   11.7413
   -7.5000   45.0000   37.5000 2638.4541   12.3114
    0.0000   45.0000   37.5000 2666.5759   12.0498
    7.5000   45.0000   37.5000 2659.9004   12.1445
   -7.5000   52.5000   37.5000 2539.0134   12.8256
    0.0000   52.5000   37.5000 2566.8459   12.6108
    7.5000   52.5000   37.5000 2558.7690   12.6766
   -7.5000   60.0000   37.5000 2387.6697   13.4636
    0.0000   60.0000   37.5000 2412.7341   13.3113
    7.5000   60.0000   37.5000 2406.9917   13.3500
   -7.5000  -30.0000   45.0000 2061.2373   20.1623
    0.0000  -30.0000   45.0000 2075.6521   20.0103
    7.5000  -30.0000   45.0000 2064.3516   20.0635
   -7.5000  -22.5000   45.0000 2199.6157   17.8250
    0.0000  -22.5000   45.0000 2225.7490   17.6653
    7.5000  -22.5000   45.0000 2203.0840   17.7016
   -7.5000  -15.0000   45.0000 2319.6345   16.0790
    0.0000  -15.0000   45.0000 2351.3645   15.8994
    7.5000  -15.0000   45.0000 2325.9326   15.9372
   -7.5000   -7.5000   45.0000 2429.8965   14.7272
    0.0000   -7.5000   45.0000 2465.0442   14.5143
    7.5000   -7.5000   45.0000 2439.1318   14.6160
   -7.5000    0.0000   45.0000 2526.1829   13.6809
    0.0000    0.0000   45.0000 2559.3208   13.4613
    7.5000    0.0000   45.0000 2540.1160   13.5891
   -7.5000    7.5000   45.0000 2604.5100   12.9472
    0.0000    7.5000   45.0000 2640.5330   12.7354
    7.5000    7.5000   45.0000 2621.9558   12.8481
   -7.5000   15.0000   45.0000 2651.5029   12.4425
    0.0000   15.0000   45.0000 2683.8840   12.2734
    7.5000   15.0000   45.0000 2667.7126   12.3799
   -7.5000   22.5000   45.0000 2668.4404   12.2645
    0.0000   22.5000   45.0000 2694.2620   12.1016
    7.5000   22.5000   45.0000 2685.8503   12.2031
   -7.5000   30.0000   45.0000 2657.0876   12.3588
    0.0000   30.0000   45.0000 2684.2092   12.1969
    7.5000   30.0000   45.0000 2674.9021   12.3008
   -7.5000   37.5000   45.0000 2619.3638   12.6193
    0.0000   37.5000   45.0000 2648.7910   12.4265
    7.5000   37.5000   45.0000 2634.3557   12.5300
   -7.5000   45.0000   45.0000 2561.0837   13.0588
    0.0000   45.0000   45.0000 2587.3914   12.8294
    7.5000   45.0000   45.0000 2577.1235   12.9199
   -7.5000   52.5000   45.0000 2463.8528   13.5976
    0.0000   52.5000   45.0000 2486.5881   13.3760
    7.5000   52.5000   45.0000 2478.2637   13.4299
   -7.5000   60.0000   45.0000 2314.0110   14.2028
    0.0000   60.0000   45.0000 2336.9873   14.0600
    7.5000   60.0000   45.0000 2333.9419   14.0723

---------------------------------------------------------------------
imgreg_4dfp /opt/freesurfer/average/711-2C_as_mni_average_305 /opt/freesurfer/average/711-2B_as_mni_average_305_mask talsrcimg_g11 none talsrcimg_to_711-2C_as_mni_average_305_t4 1283
---------------------------------------------------------------------

freesurfer imgreg_4dfp.c
/opt/freesurfer/average/711-2C_as_mni_average_305.4dfp.img
       256       256       256         1
  1.000000  1.000000  1.000000
orientation T byte_order littleendian
Reading image: /opt/freesurfer/average/711-2C_as_mni_average_305.4dfp.img
dimensions:      256       256       256
mmppix:       1.0000   -1.0000   -1.0000
center:     128.0000 -129.0000 -129.0000
/opt/freesurfer/average/711-2B_as_mni_average_305_mask.4dfp.img
       256       256       256         1
  1.000000  1.000000  1.000000
orientation T byte_order littleendian
Reading mask: /opt/freesurfer/average/711-2B_as_mni_average_305_mask.4dfp.img (2306576 pixels)
talsrcimg_g11.4dfp.img
       256       256       256         1
  1.000000  1.000000  1.000000
orientation T byte_order littleendian
Reading image: talsrcimg_g11.4dfp.img
dimensions:      256       256       256
mmppix:       1.0000   -1.0000   -1.0000
center:     128.0000 -129.0000 -129.0000
rotation matrix determinant  1.000000
fimgreg.f
image alignment mode   1283 decimal      503 hex
parameters
    0.0000   22.5000    7.5000    0.0000    0.0000    0.0000
eta,q 0.95660  9.79094
niter,ni,del,rscale     5    3   12.0000    1.2000
parameter  4  7.439229 ->  0.500000 qaram    1.1500
parameter  6  1.053915 ->  0.500000 qaram    1.1500
parameters
    1.5726   23.2748    8.2615   -3.4500    0.7124   -3.4500
eta,q 0.95875  9.78331
  0.0635  0.0547  0.0531  0.0423  0.0512  0.0408
  0.0576  0.0496  0.0507  0.0432  0.0474  0.0410
  0.0518  0.0479  0.0490  0.0451  0.0446  0.0420
  0.0483  0.0474  0.0476  0.0476  0.0436  0.0438
  0.0480  0.0479  0.0480  0.0502  0.0445  0.0465
  0.0500  0.0490  0.0492  0.0519  0.0459  0.0494
  0.0536  0.0507  0.0511  0.0536  0.0479  0.0527
niter,ni,del,rscale     6    3   12.0000    1.2000
parameters
    0.7232   24.7596    8.1589   -5.5594    1.1306   -4.5776
eta,q 0.96229  9.72101
  0.0523  0.0557  0.0470  0.0439  0.0473  0.0437
  0.0449  0.0474  0.0442  0.0384  0.0426  0.0401
  0.0407  0.0430  0.0415  0.0379  0.0395  0.0380
  0.0412  0.0405  0.0403  0.0403  0.0380  0.0380
  0.0450  0.0405  0.0412  0.0432  0.0392  0.0402
  0.0514  0.0420  0.0438  0.0464  0.0416  0.0439
  0.0593  0.0451  0.0481  0.0492  0.0448  0.0485
niter,ni,del,rscale     5    3   12.0000    1.2000
parameters
    0.7173   25.3305    7.7784   -5.4277    1.1275   -4.7175
eta,q 0.96189  9.71518
  0.0541  0.0539  0.0459  0.0489  0.0460  0.0455
  0.0457  0.0451  0.0425  0.0426  0.0419  0.0418
  0.0396  0.0390  0.0391  0.0382  0.0391  0.0392
  0.0377  0.0377  0.0381  0.0380  0.0381  0.0381
  0.0404  0.0399  0.0399  0.0405  0.0396  0.0394
  0.0459  0.0433  0.0434  0.0433  0.0423  0.0422
  0.0538  0.0473  0.0485  0.0465  0.0456  0.0461
niter,ni,del,rscale     4    3   12.0000    1.2000
parameters
    0.7317   25.4166    7.7395   -5.4422    1.1163   -4.7253
eta,q 0.96184  9.71379
  0.0541  0.0514  0.0466  0.0484  0.0460  0.0457
  0.0460  0.0432  0.0432  0.0423  0.0419  0.0420
  0.0400  0.0383  0.0397  0.0381  0.0392  0.0394
  0.0381  0.0381  0.0382  0.0382  0.0382  0.0382
  0.0407  0.0409  0.0395  0.0407  0.0397  0.0393
  0.0460  0.0446  0.0426  0.0435  0.0424  0.0421
  0.0536  0.0486  0.0475  0.0468  0.0457  0.0458
niter,ni,del,rscale     3    3   12.0000    1.2000
parameters
    0.7358   25.4344    7.7301   -5.4513    1.1129   -4.7244
eta,q 0.96183  9.71332
  0.0540  0.0511  0.0467  0.0484  0.0460  0.0457
  0.0460  0.0429  0.0433  0.0423  0.0420  0.0420
  0.0401  0.0382  0.0398  0.0382  0.0392  0.0394
  0.0382  0.0382  0.0382  0.0382  0.0382  0.0382
  0.0407  0.0410  0.0395  0.0407  0.0397  0.0393
  0.0461  0.0447  0.0425  0.0435  0.0424  0.0421
  0.0537  0.0487  0.0474  0.0468  0.0456  0.0457
registration optimization eta report
parameter search radius
    6.0000    6.0000    6.0000    6.9000    6.0000    6.9000
100000*second partial in parameter space
       43.       32.       24.       20.       21.       15.
  0.0540  0.0511  0.0467  0.0484  0.0460  0.0457
  0.0460  0.0429  0.0433  0.0423  0.0420  0.0420
  0.0401  0.0382  0.0398  0.0382  0.0392  0.0394
  0.0382  0.0382  0.0382  0.0382  0.0382  0.0382
  0.0407  0.0410  0.0395  0.0407  0.0397  0.0393
  0.0461  0.0447  0.0425  0.0435  0.0424  0.0421
  0.0537  0.0487  0.0474  0.0468  0.0456  0.0457
    0.7358   25.4344    7.7301   -5.4513    1.1129   -4.7244
eta,q 0.96183  9.71332

---------------------------------------------------------------------
imgreg_4dfp /opt/freesurfer/average/711-2C_as_mni_average_305 /opt/freesurfer/average/711-2B_as_mni_average_305_mask talsrcimg_g11 none talsrcimg_to_711-2C_as_mni_average_305_t4 3335
---------------------------------------------------------------------

freesurfer imgreg_4dfp.c
/opt/freesurfer/average/711-2C_as_mni_average_305.4dfp.img
       256       256       256         1
  1.000000  1.000000  1.000000
orientation T byte_order littleendian
Reading image: /opt/freesurfer/average/711-2C_as_mni_average_305.4dfp.img
dimensions:      256       256       256
mmppix:       1.0000   -1.0000   -1.0000
center:     128.0000 -129.0000 -129.0000
/opt/freesurfer/average/711-2B_as_mni_average_305_mask.4dfp.img
       256       256       256         1
  1.000000  1.000000  1.000000
orientation T byte_order littleendian
Reading mask: /opt/freesurfer/average/711-2B_as_mni_average_305_mask.4dfp.img (2306576 pixels)
talsrcimg_g11.4dfp.img
       256       256       256         1
  1.000000  1.000000  1.000000
orientation T byte_order littleendian
Reading image: talsrcimg_g11.4dfp.img
dimensions:      256       256       256
mmppix:       1.0000   -1.0000   -1.0000
center:     128.0000 -129.0000 -129.0000
fimgreg.f
image alignment mode   3335 decimal      D07 hex
parameters
    0.7358   25.4344    7.7301   -0.3586   -0.8057   -0.4710
    8.3829   -1.1445   -8.2347    9.6269    1.9423   -9.4981
eta,q 0.96355  9.77276
niter,ni,del,rscale     5    3    5.0000    1.2000
parameter  4  1.378281 ->  0.500000 qaram    1.1500
parameter  5  1.877919 ->  0.500000 qaram    1.1500
parameter  6  0.867943 ->  0.500000 qaram    1.1500
parameters
    0.7942   25.4479    7.6744   -4.4986   -4.9457   -4.6110
    8.4557   -0.5178   -5.0212    7.8944    1.0578   -8.9956
eta,q 0.97685  9.66235
  0.0396  0.0385  0.0378  0.0309  0.0262  0.0243  0.0270  0.0309  0.0282  0.0253  0.0246  0.0251
  0.0379  0.0374  0.0371  0.0314  0.0272  0.0238  0.0253  0.0275  0.0263  0.0240  0.0237  0.0241
  0.0368  0.0367  0.0366  0.0332  0.0290  0.0247  0.0242  0.0250  0.0248  0.0233  0.0233  0.0235
  0.0364  0.0364  0.0364  0.0364  0.0317  0.0277  0.0239  0.0238  0.0238  0.0233  0.0232  0.0232
  0.0367  0.0366  0.0366  0.0403  0.0351  0.0316  0.0242  0.0242  0.0233  0.0243  0.0236  0.0233
  0.0377  0.0374  0.0371  0.0447  0.0384  0.0363  0.0253  0.0260  0.0234  0.0264  0.0244  0.0238
  0.0393  0.0385  0.0380  0.0487  0.0417  0.0412  0.0269  0.0289  0.0241  0.0294  0.0255  0.0246
niter,ni,del,rscale     7    3    5.0000    1.2000
parameters
    0.8673   24.9540    6.9767   -7.1347   -8.5680   -7.1677
    7.9623   -0.5929   -4.5620    7.7888    1.2050   -8.5388
eta,q 0.97768  9.39744
  0.0274  0.0248  0.0240  0.0245  0.0233  0.0240  0.0247  0.0264  0.0245  0.0249  0.0232  0.0237
  0.0251  0.0235  0.0231  0.0235  0.0224  0.0231  0.0233  0.0240  0.0234  0.0234  0.0228  0.0229
  0.0237  0.0230  0.0228  0.0229  0.0223  0.0224  0.0225  0.0227  0.0226  0.0226  0.0224  0.0225
  0.0232  0.0232  0.0230  0.0228  0.0229  0.0222  0.0223  0.0223  0.0223  0.0223  0.0223  0.0223
  0.0235  0.0239  0.0237  0.0242  0.0245  0.0237  0.0228  0.0228  0.0225  0.0226  0.0224  0.0224
  0.0248  0.0251  0.0249  0.0275  0.0274  0.0268  0.0238  0.0242  0.0230  0.0235  0.0227  0.0228
  0.0269  0.0269  0.0265  0.0321  0.0311  0.0315  0.0253  0.0265  0.0240  0.0251  0.0232  0.0234
niter,ni,del,rscale     6    3    5.0000    1.2000
parameters
    1.0334   24.9057    6.3691   -6.8431   -8.6072   -8.2788
    7.8672   -0.5025   -4.4383    7.6627    1.0039   -8.9327
eta,q 0.97767  9.36048
  0.0259  0.0248  0.0231  0.0250  0.0253  0.0248  0.0249  0.0265  0.0243  0.0249  0.0231  0.0234
  0.0241  0.0233  0.0224  0.0236  0.0238  0.0235  0.0235  0.0241  0.0232  0.0234  0.0227  0.0227
  0.0228  0.0225  0.0222  0.0228  0.0226  0.0228  0.0226  0.0228  0.0226  0.0226  0.0224  0.0224
  0.0223  0.0223  0.0223  0.0222  0.0221  0.0221  0.0223  0.0223  0.0223  0.0223  0.0223  0.0223
  0.0225  0.0227  0.0228  0.0219  0.0224  0.0224  0.0227  0.0227  0.0225  0.0226  0.0225  0.0225
  0.0234  0.0236  0.0235  0.0227  0.0234  0.0244  0.0236  0.0240  0.0231  0.0235  0.0228  0.0230
  0.0251  0.0249  0.0245  0.0252  0.0257  0.0277  0.0250  0.0262  0.0242  0.0251  0.0232  0.0236
niter,ni,del,rscale     5    3    5.0000    1.2000
parameters
    1.0629   24.9702    6.1142   -6.8528   -8.5585   -8.6116
    7.8574   -0.4874   -4.3539    7.7389    0.7709   -9.1478
eta,q 0.97762  9.34786
  0.0255  0.0250  0.0235  0.0248  0.0254  0.0252  0.0250  0.0264  0.0243  0.0250  0.0232  0.0235
  0.0238  0.0235  0.0227  0.0236  0.0239  0.0238  0.0236  0.0241  0.0233  0.0235  0.0227  0.0228
  0.0227  0.0226  0.0224  0.0228  0.0228  0.0230  0.0227  0.0228  0.0226  0.0226  0.0224  0.0225
  0.0223  0.0223  0.0223  0.0223  0.0223  0.0223  0.0224  0.0224  0.0224  0.0224  0.0224  0.0224
  0.0226  0.0226  0.0226  0.0221  0.0226  0.0222  0.0227  0.0228  0.0226  0.0226  0.0225  0.0225
  0.0237  0.0234  0.0232  0.0230  0.0235  0.0236  0.0236  0.0241  0.0232  0.0234  0.0228  0.0230
  0.0254  0.0247  0.0240  0.0255  0.0257  0.0265  0.0250  0.0263  0.0242  0.0249  0.0233  0.0236
niter,ni,del,rscale     4    3    5.0000    1.2000
parameters
    1.0765   25.0079    6.0294   -6.8730   -8.5718   -8.6973
    7.8422   -0.4574   -4.2886    7.7908    0.6709   -9.2413
eta,q 0.97760  9.34301
  0.0255  0.0250  0.0237  0.0249  0.0255  0.0254  0.0250  0.0264  0.0243  0.0250  0.0232  0.0236
  0.0238  0.0235  0.0229  0.0236  0.0240  0.0239  0.0236  0.0241  0.0233  0.0235  0.0227  0.0229
  0.0228  0.0226  0.0225  0.0229  0.0228  0.0230  0.0227  0.0228  0.0226  0.0226  0.0225  0.0225
  0.0224  0.0224  0.0224  0.0224  0.0224  0.0224  0.0224  0.0224  0.0224  0.0224  0.0224  0.0224
  0.0227  0.0227  0.0226  0.0222  0.0227  0.0222  0.0227  0.0228  0.0226  0.0226  0.0225  0.0225
  0.0238  0.0235  0.0231  0.0231  0.0236  0.0234  0.0236  0.0241  0.0232  0.0234  0.0228  0.0230
  0.0255  0.0247  0.0239  0.0255  0.0258  0.0262  0.0250  0.0263  0.0243  0.0249  0.0233  0.0236
niter,ni,del,rscale     3    3    5.0000    1.2000
parameters
    1.0833   25.0250    6.0039   -6.8663   -8.5800   -8.7211
    7.8303   -0.4460   -4.2604    7.8129    0.6182   -9.2836
eta,q 0.97760  9.34194
  0.0255  0.0250  0.0238  0.0249  0.0255  0.0254  0.0250  0.0264  0.0243  0.0249  0.0233  0.0236
  0.0238  0.0235  0.0230  0.0237  0.0240  0.0239  0.0236  0.0241  0.0233  0.0235  0.0228  0.0229
  0.0228  0.0226  0.0225  0.0229  0.0229  0.0230  0.0227  0.0228  0.0226  0.0226  0.0225  0.0225
  0.0224  0.0224  0.0224  0.0224  0.0224  0.0224  0.0224  0.0224  0.0224  0.0224  0.0224  0.0224
  0.0227  0.0227  0.0226  0.0222  0.0227  0.0222  0.0227  0.0229  0.0226  0.0226  0.0225  0.0225
  0.0238  0.0235  0.0231  0.0231  0.0236  0.0234  0.0236  0.0242  0.0232  0.0234  0.0228  0.0230
  0.0255  0.0248  0.0238  0.0255  0.0258  0.0261  0.0250  0.0263  0.0243  0.0249  0.0233  0.0236
niter,ni,del,rscale     2    3    5.0000    1.2000
parameters
    1.0860   25.0325    5.9957   -6.8723   -8.5852   -8.7297
    7.8218   -0.4394   -4.2482    7.8204    0.5949   -9.2998
eta,q 0.97760  9.34116
  0.0255  0.0249  0.0238  0.0249  0.0255  0.0254  0.0250  0.0264  0.0243  0.0249  0.0233  0.0236
  0.0238  0.0235  0.0230  0.0237  0.0240  0.0239  0.0236  0.0241  0.0233  0.0235  0.0228  0.0229
  0.0228  0.0226  0.0225  0.0229  0.0229  0.0230  0.0227  0.0228  0.0226  0.0226  0.0225  0.0225
  0.0224  0.0224  0.0224  0.0224  0.0224  0.0224  0.0224  0.0224  0.0224  0.0224  0.0224  0.0224
  0.0227  0.0227  0.0226  0.0222  0.0227  0.0222  0.0227  0.0229  0.0226  0.0226  0.0225  0.0225
  0.0238  0.0236  0.0230  0.0231  0.0237  0.0233  0.0236  0.0242  0.0232  0.0234  0.0228  0.0230
  0.0255  0.0248  0.0238  0.0255  0.0258  0.0261  0.0250  0.0263  0.0243  0.0249  0.0233  0.0236
registration optimization eta report
parameter search radius
    2.4000    2.4000    2.4000    8.2800    8.2800    8.2800
    7.2000    7.2000    7.2000    7.2000    7.2000    7.2000
100000*second partial in parameter space
       54.       43.       24.        4.        5.        5.
        5.        8.        4.        5.        2.        2.
  0.0255  0.0249  0.0238  0.0249  0.0255  0.0254  0.0250  0.0264  0.0243  0.0249  0.0233  0.0236
  0.0238  0.0235  0.0230  0.0237  0.0240  0.0239  0.0236  0.0241  0.0233  0.0235  0.0228  0.0229
  0.0228  0.0226  0.0225  0.0229  0.0229  0.0230  0.0227  0.0228  0.0226  0.0226  0.0225  0.0225
  0.0224  0.0224  0.0224  0.0224  0.0224  0.0224  0.0224  0.0224  0.0224  0.0224  0.0224  0.0224
  0.0227  0.0227  0.0226  0.0222  0.0227  0.0222  0.0227  0.0229  0.0226  0.0226  0.0225  0.0225
  0.0238  0.0236  0.0230  0.0231  0.0237  0.0233  0.0236  0.0242  0.0232  0.0234  0.0228  0.0230
  0.0255  0.0248  0.0238  0.0255  0.0258  0.0261  0.0250  0.0263  0.0243  0.0249  0.0233  0.0236
    1.0860   25.0325    5.9957   -6.8723   -8.5852   -8.7297
    7.8218   -0.4394   -4.2482    7.8204    0.5949   -9.2998
eta,q 0.97760  9.34116

---------------------------------------------------------------------
imgreg_4dfp /opt/freesurfer/average/711-2C_as_mni_average_305 /opt/freesurfer/average/711-2B_as_mni_average_305_mask talsrcimg_g11 none talsrcimg_to_711-2C_as_mni_average_305_t4 2311
---------------------------------------------------------------------

freesurfer imgreg_4dfp.c
/opt/freesurfer/average/711-2C_as_mni_average_305.4dfp.img
       256       256       256         1
  1.000000  1.000000  1.000000
orientation T byte_order littleendian
Reading image: /opt/freesurfer/average/711-2C_as_mni_average_305.4dfp.img
dimensions:      256       256       256
mmppix:       1.0000   -1.0000   -1.0000
center:     128.0000 -129.0000 -129.0000
/opt/freesurfer/average/711-2B_as_mni_average_305_mask.4dfp.img
       256       256       256         1
  1.000000  1.000000  1.000000
orientation T byte_order littleendian
Reading mask: /opt/freesurfer/average/711-2B_as_mni_average_305_mask.4dfp.img (2306576 pixels)
talsrcimg_g11.4dfp.img
       256       256       256         1
  1.000000  1.000000  1.000000
orientation T byte_order littleendian
Reading image: talsrcimg_g11.4dfp.img
dimensions:      256       256       256
mmppix:       1.0000   -1.0000   -1.0000
center:     128.0000 -129.0000 -129.0000
fimgreg.f
image alignment mode   2311 decimal      907 hex
parameters
    1.0860   25.0325    5.9957   -6.8723   -8.5852   -8.7297
    7.8218   -0.4394   -4.2482    7.8204    0.5949   -9.2998
eta,q 0.97760  9.34116
niter,ni,del,rscale     5    3    5.0000    0.8000
parameters
    1.0947   24.9915    5.9685   -5.4810   -8.3047   -7.3006
    7.9374   -0.3642   -4.1622    8.1283    0.8362   -9.4206
eta,q 0.97805  9.45623
  0.0238  0.0235  0.0230  0.0234  0.0235  0.0236  0.0233  0.0242  0.0229  0.0233  0.0226  0.0225
  0.0230  0.0229  0.0227  0.0230  0.0228  0.0231  0.0226  0.0229  0.0224  0.0226  0.0222  0.0222
  0.0226  0.0225  0.0225  0.0227  0.0224  0.0226  0.0222  0.0222  0.0221  0.0222  0.0220  0.0220
  0.0224  0.0224  0.0224  0.0224  0.0222  0.0222  0.0220  0.0220  0.0220  0.0220  0.0220  0.0220
  0.0226  0.0226  0.0225  0.0222  0.0223  0.0220  0.0221  0.0222  0.0220  0.0220  0.0220  0.0220
  0.0230  0.0230  0.0227  0.0223  0.0227  0.0221  0.0225  0.0228  0.0223  0.0223  0.0222  0.0222
  0.0238  0.0236  0.0230  0.0228  0.0232  0.0227  0.0232  0.0240  0.0228  0.0230  0.0224  0.0226
niter,ni,del,rscale     4    3    5.0000    0.7000
parameters
    1.0690   24.9394    6.1821   -5.5443   -8.2892   -7.1037
    7.9179   -0.4219   -4.2411    8.1253    0.9236   -9.2641
eta,q 0.97808  9.46328
  0.0231  0.0228  0.0227  0.0227  0.0228  0.0231  0.0229  0.0235  0.0226  0.0228  0.0224  0.0224
  0.0225  0.0223  0.0223  0.0224  0.0224  0.0227  0.0224  0.0226  0.0222  0.0223  0.0221  0.0221
  0.0221  0.0220  0.0221  0.0221  0.0220  0.0223  0.0220  0.0221  0.0220  0.0220  0.0220  0.0220
  0.0220  0.0220  0.0220  0.0219  0.0219  0.0219  0.0219  0.0219  0.0219  0.0219  0.0219  0.0219
  0.0221  0.0221  0.0220  0.0219  0.0221  0.0219  0.0220  0.0221  0.0220  0.0220  0.0220  0.0219
  0.0225  0.0224  0.0221  0.0223  0.0223  0.0222  0.0224  0.0226  0.0222  0.0223  0.0221  0.0221
  0.0232  0.0229  0.0224  0.0230  0.0228  0.0231  0.0229  0.0235  0.0226  0.0229  0.0223  0.0223
niter,ni,del,rscale     3    3    5.0000    0.6000
parameters
    1.0628   24.9151    6.2540   -5.3383   -8.3149   -6.8234
    7.9538   -0.4182   -4.2528    8.1459    1.0130   -9.2511
eta,q 0.97813  9.47863
  0.0228  0.0225  0.0224  0.0226  0.0226  0.0228  0.0226  0.0231  0.0224  0.0226  0.0222  0.0222
  0.0223  0.0222  0.0221  0.0223  0.0222  0.0225  0.0222  0.0224  0.0221  0.0222  0.0220  0.0220
  0.0220  0.0220  0.0220  0.0221  0.0220  0.0222  0.0220  0.0220  0.0219  0.0220  0.0219  0.0219
  0.0219  0.0219  0.0219  0.0219  0.0219  0.0219  0.0219  0.0219  0.0219  0.0219  0.0219  0.0219
  0.0220  0.0220  0.0219  0.0219  0.0220  0.0219  0.0219  0.0220  0.0219  0.0219  0.0219  0.0219
  0.0223  0.0222  0.0221  0.0221  0.0222  0.0221  0.0222  0.0224  0.0221  0.0221  0.0220  0.0220
  0.0228  0.0226  0.0223  0.0226  0.0226  0.0228  0.0226  0.0231  0.0224  0.0226  0.0222  0.0222
niter,ni,del,rscale     2    3    5.0000    0.5000
parameters
    1.0509   24.9031    6.3410   -5.1768   -8.3750   -6.5450
    7.9719   -0.4328   -4.2733    8.1729    1.0819   -9.2525
eta,q 0.97817  9.49131
  0.0225  0.0223  0.0222  0.0224  0.0223  0.0226  0.0224  0.0227  0.0222  0.0223  0.0221  0.0221
  0.0221  0.0221  0.0220  0.0222  0.0220  0.0223  0.0221  0.0222  0.0220  0.0221  0.0220  0.0219
  0.0219  0.0219  0.0219  0.0220  0.0219  0.0220  0.0219  0.0219  0.0219  0.0219  0.0219  0.0219
  0.0219  0.0219  0.0219  0.0219  0.0219  0.0219  0.0218  0.0218  0.0218  0.0218  0.0218  0.0218
  0.0219  0.0219  0.0219  0.0219  0.0219  0.0218  0.0219  0.0219  0.0219  0.0219  0.0219  0.0218
  0.0222  0.0221  0.0220  0.0220  0.0221  0.0220  0.0221  0.0222  0.0220  0.0220  0.0219  0.0219
  0.0225  0.0223  0.0221  0.0224  0.0223  0.0225  0.0224  0.0227  0.0222  0.0223  0.0221  0.0221
niter,ni,del,rscale     1    3    5.0000    0.4000
parameters
    1.0387   24.9055    6.4395   -5.0233   -8.4582   -6.3082
    7.9838   -0.4504   -4.2820    8.2236    1.1221   -9.2680
eta,q 0.97819  9.50137
  0.0222  0.0221  0.0221  0.0222  0.0221  0.0224  0.0222  0.0224  0.0220  0.0221  0.0220  0.0220
  0.0220  0.0220  0.0220  0.0220  0.0219  0.0221  0.0220  0.0220  0.0219  0.0220  0.0219  0.0219
  0.0219  0.0219  0.0219  0.0219  0.0218  0.0219  0.0219  0.0219  0.0218  0.0218  0.0218  0.0218
  0.0218  0.0218  0.0218  0.0218  0.0218  0.0218  0.0218  0.0218  0.0218  0.0218  0.0218  0.0218
  0.0219  0.0219  0.0218  0.0218  0.0219  0.0218  0.0218  0.0219  0.0218  0.0218  0.0218  0.0218
  0.0220  0.0220  0.0219  0.0219  0.0220  0.0220  0.0220  0.0221  0.0219  0.0219  0.0219  0.0219
  0.0223  0.0221  0.0220  0.0222  0.0221  0.0222  0.0222  0.0224  0.0220  0.0221  0.0220  0.0220
registration optimization eta report
parameter search radius
    0.8000    0.8000    0.8000    2.4000    2.4000    2.4000
    2.4000    2.4000    2.4000    2.4000    2.4000    2.4000
100000*second partial in parameter space
       63.       46.       32.        6.        5.        8.
        6.       10.        4.        5.        3.        3.
  0.0222  0.0221  0.0221  0.0222  0.0221  0.0224  0.0222  0.0224  0.0220  0.0221  0.0220  0.0220
  0.0220  0.0220  0.0220  0.0220  0.0219  0.0221  0.0220  0.0220  0.0219  0.0220  0.0219  0.0219
  0.0219  0.0219  0.0219  0.0219  0.0218  0.0219  0.0219  0.0219  0.0218  0.0218  0.0218  0.0218
  0.0218  0.0218  0.0218  0.0218  0.0218  0.0218  0.0218  0.0218  0.0218  0.0218  0.0218  0.0218
  0.0219  0.0219  0.0218  0.0218  0.0219  0.0218  0.0218  0.0219  0.0218  0.0218  0.0218  0.0218
  0.0220  0.0220  0.0219  0.0219  0.0220  0.0220  0.0220  0.0221  0.0219  0.0219  0.0219  0.0219
  0.0223  0.0221  0.0220  0.0222  0.0221  0.0222  0.0222  0.0224  0.0220  0.0221  0.0220  0.0220
    1.0387   24.9055    6.4395   -5.0233   -8.4582   -6.3082
    7.9838   -0.4504   -4.2820    8.2236    1.1221   -9.2680
eta,q 0.97819  9.50137

---------------------------------------------------------------------
imgreg_4dfp /opt/freesurfer/average/711-2C_as_mni_average_305 /opt/freesurfer/average/711-2B_as_mni_average_305_mask talsrcimg_g11 none talsrcimg_to_711-2C_as_mni_average_305_t4 2311
---------------------------------------------------------------------

freesurfer imgreg_4dfp.c
/opt/freesurfer/average/711-2C_as_mni_average_305.4dfp.img
       256       256       256         1
  1.000000  1.000000  1.000000
orientation T byte_order littleendian
Reading image: /opt/freesurfer/average/711-2C_as_mni_average_305.4dfp.img
dimensions:      256       256       256
mmppix:       1.0000   -1.0000   -1.0000
center:     128.0000 -129.0000 -129.0000
/opt/freesurfer/average/711-2B_as_mni_average_305_mask.4dfp.img
       256       256       256         1
  1.000000  1.000000  1.000000
orientation T byte_order littleendian
Reading mask: /opt/freesurfer/average/711-2B_as_mni_average_305_mask.4dfp.img (2306576 pixels)
talsrcimg_g11.4dfp.img
       256       256       256         1
  1.000000  1.000000  1.000000
orientation T byte_order littleendian
Reading image: talsrcimg_g11.4dfp.img
dimensions:      256       256       256
mmppix:       1.0000   -1.0000   -1.0000
center:     128.0000 -129.0000 -129.0000
fimgreg.f
image alignment mode   2311 decimal      907 hex
parameters
    1.0387   24.9055    6.4395   -5.0233   -8.4582   -6.3082
    7.9838   -0.4504   -4.2820    8.2236    1.1221   -9.2680
eta,q 0.97819  9.50137
niter,ni,del,rscale     5    3    5.0000    0.8000
parameters
    1.0137   24.9437    6.5348   -5.6873   -8.4284   -6.8581
    7.9043   -0.4884   -4.4033    8.0653    1.0767   -9.0943
eta,q 0.97809  9.46487
  0.0234  0.0231  0.0227  0.0227  0.0231  0.0231  0.0232  0.0240  0.0228  0.0230  0.0224  0.0226
  0.0225  0.0224  0.0222  0.0223  0.0224  0.0226  0.0225  0.0227  0.0223  0.0224  0.0222  0.0222
  0.0220  0.0219  0.0219  0.0220  0.0220  0.0221  0.0221  0.0221  0.0220  0.0220  0.0220  0.0220
  0.0218  0.0218  0.0218  0.0218  0.0219  0.0219  0.0219  0.0219  0.0219  0.0219  0.0219  0.0219
  0.0220  0.0219  0.0219  0.0219  0.0220  0.0220  0.0221  0.0222  0.0220  0.0220  0.0220  0.0220
  0.0226  0.0223  0.0221  0.0226  0.0224  0.0228  0.0225  0.0228  0.0223  0.0225  0.0222  0.0221
  0.0235  0.0229  0.0225  0.0238  0.0230  0.0243  0.0233  0.0240  0.0229  0.0232  0.0225  0.0225
niter,ni,del,rscale     4    3    5.0000    0.7000
parameters
    1.0472   24.9001    6.3645   -5.5311   -8.3235   -6.9229
    7.9533   -0.4611   -4.3397    8.0467    1.0777   -9.1382
eta,q 0.97811  9.46962
  0.0231  0.0228  0.0224  0.0227  0.0228  0.0230  0.0229  0.0235  0.0226  0.0228  0.0223  0.0223
  0.0225  0.0223  0.0221  0.0224  0.0223  0.0226  0.0224  0.0226  0.0222  0.0223  0.0221  0.0221
  0.0221  0.0220  0.0219  0.0221  0.0220  0.0222  0.0220  0.0221  0.0220  0.0220  0.0219  0.0219
  0.0219  0.0219  0.0219  0.0219  0.0219  0.0219  0.0219  0.0219  0.0219  0.0219  0.0219  0.0219
  0.0220  0.0220  0.0220  0.0219  0.0220  0.0219  0.0220  0.0221  0.0220  0.0220  0.0219  0.0219
  0.0224  0.0224  0.0223  0.0221  0.0223  0.0223  0.0223  0.0226  0.0222  0.0223  0.0221  0.0221
  0.0230  0.0228  0.0226  0.0228  0.0227  0.0234  0.0229  0.0235  0.0226  0.0229  0.0223  0.0224
niter,ni,del,rscale     3    3    5.0000    0.6000
parameters
    1.0491   24.8906    6.3300   -5.3425   -8.3249   -6.7532
    7.9723   -0.4523   -4.3048    8.0941    1.0812   -9.1812
eta,q 0.97814  9.48086
  0.0228  0.0225  0.0223  0.0226  0.0225  0.0228  0.0226  0.0231  0.0224  0.0226  0.0222  0.0222
  0.0223  0.0222  0.0221  0.0223  0.0222  0.0225  0.0222  0.0224  0.0221  0.0222  0.0220  0.0220
  0.0220  0.0220  0.0219  0.0221  0.0219  0.0221  0.0219  0.0220  0.0219  0.0220  0.0219  0.0219
  0.0219  0.0219  0.0219  0.0219  0.0219  0.0219  0.0219  0.0219  0.0219  0.0219  0.0219  0.0219
  0.0220  0.0220  0.0220  0.0219  0.0220  0.0219  0.0219  0.0220  0.0219  0.0219  0.0219  0.0219
  0.0223  0.0222  0.0221  0.0221  0.0222  0.0222  0.0222  0.0224  0.0221  0.0221  0.0220  0.0220
  0.0228  0.0226  0.0224  0.0226  0.0225  0.0228  0.0226  0.0231  0.0224  0.0225  0.0222  0.0222
niter,ni,del,rscale     2    3    5.0000    0.5000
parameters
    1.0433   24.8949    6.3760   -5.1854   -8.3836   -6.5141
    7.9802   -0.4555   -4.2941    8.1581    1.1056   -9.2275
eta,q 0.97818  9.49199
  0.0225  0.0223  0.0222  0.0224  0.0223  0.0226  0.0224  0.0227  0.0222  0.0223  0.0221  0.0221
  0.0221  0.0221  0.0220  0.0222  0.0220  0.0223  0.0221  0.0222  0.0220  0.0221  0.0219  0.0219
  0.0219  0.0219  0.0219  0.0220  0.0219  0.0220  0.0219  0.0219  0.0219  0.0219  0.0219  0.0219
  0.0219  0.0219  0.0219  0.0219  0.0218  0.0218  0.0218  0.0218  0.0218  0.0218  0.0218  0.0218
  0.0219  0.0219  0.0219  0.0218  0.0219  0.0218  0.0219  0.0219  0.0219  0.0219  0.0219  0.0219
  0.0221  0.0221  0.0220  0.0220  0.0221  0.0220  0.0221  0.0222  0.0220  0.0220  0.0219  0.0219
  0.0225  0.0223  0.0221  0.0223  0.0223  0.0225  0.0224  0.0227  0.0222  0.0223  0.0221  0.0221
niter,ni,del,rscale     1    3    5.0000    0.4000
parameters
    1.0345   24.9068    6.4565   -5.0338   -8.4569   -6.2946
    7.9794   -0.4516   -4.2992    8.2248    1.1193   -9.2569
eta,q 0.97820  9.50179
  0.0222  0.0221  0.0221  0.0222  0.0221  0.0224  0.0221  0.0224  0.0220  0.0221  0.0220  0.0220
  0.0220  0.0220  0.0219  0.0220  0.0219  0.0221  0.0220  0.0221  0.0219  0.0220  0.0219  0.0219
  0.0219  0.0219  0.0219  0.0219  0.0218  0.0219  0.0218  0.0219  0.0218  0.0219  0.0218  0.0218
  0.0218  0.0218  0.0218  0.0218  0.0218  0.0218  0.0218  0.0218  0.0218  0.0218  0.0218  0.0218
  0.0219  0.0219  0.0218  0.0218  0.0219  0.0218  0.0218  0.0219  0.0218  0.0218  0.0218  0.0218
  0.0220  0.0220  0.0219  0.0219  0.0220  0.0220  0.0220  0.0221  0.0219  0.0219  0.0219  0.0219
  0.0222  0.0221  0.0220  0.0222  0.0221  0.0222  0.0222  0.0224  0.0220  0.0221  0.0220  0.0220
registration optimization eta report
parameter search radius
    0.8000    0.8000    0.8000    2.4000    2.4000    2.4000
    2.4000    2.4000    2.4000    2.4000    2.4000    2.4000
100000*second partial in parameter space
       64.       46.       32.        6.        5.        8.
        6.       10.        4.        5.        3.        3.
  0.0222  0.0221  0.0221  0.0222  0.0221  0.0224  0.0221  0.0224  0.0220  0.0221  0.0220  0.0220
  0.0220  0.0220  0.0219  0.0220  0.0219  0.0221  0.0220  0.0221  0.0219  0.0220  0.0219  0.0219
  0.0219  0.0219  0.0219  0.0219  0.0218  0.0219  0.0218  0.0219  0.0218  0.0219  0.0218  0.0218
  0.0218  0.0218  0.0218  0.0218  0.0218  0.0218  0.0218  0.0218  0.0218  0.0218  0.0218  0.0218
  0.0219  0.0219  0.0218  0.0218  0.0219  0.0218  0.0218  0.0219  0.0218  0.0218  0.0218  0.0218
  0.0220  0.0220  0.0219  0.0219  0.0220  0.0220  0.0220  0.0221  0.0219  0.0219  0.0219  0.0219
  0.0222  0.0221  0.0220  0.0222  0.0221  0.0222  0.0222  0.0224  0.0220  0.0221  0.0220  0.0220
    1.0345   24.9068    6.4565   -5.0338   -8.4569   -6.2946
    7.9794   -0.4516   -4.2992    8.2248    1.1193   -9.2569
eta,q 0.97820  9.50179

---------------------------------------------------------------------
compute_vox2vox talsrcimg talsrcimg_to_711-2C_as_mni_average_305_t4 /opt/freesurfer/average/711-2C_as_mni_average_305
---------------------------------------------------------------------

freesurfer compute_vox2vox.c
Reading: talsrcimg.4dfp.ifh
Reading: talsrcimg_to_711-2C_as_mni_average_305_t4
Reading: /opt/freesurfer/average/711-2C_as_mni_average_305.4dfp.ifh
Writing: talsrcimg_to_711-2C_as_mni_average_305_t4_vox2vox.txt

start time Mon Mar 9 16:16:10 CET 2026
end		time Mon Mar 9 16:17:37 CET 2026

mpr2mni305 success

avi2talxfm orig_nu.mgz /opt/freesurfer/average/mni305.cor.mgz talsrcimg_to_711-2C_as_mni_average_305_t4_vox2vox.txt transforms/talairach.auto.xfm
avi2talxfm done
mv -f /out/sourcedata/freesurfer/sub-v1s22x0050520_ses-1/mri/talsrcimg_to_711-2C_as_mni_average_305_t4_vox2vox.txt /out/sourcedata/freesurfer/sub-v1s22x0050520_ses-1/mri/transforms/talsrcimg_to_711-2C_as_mni_average_305_t4_vox2vox.txt
lta_convert --src orig_nu.mgz --trg /opt/freesurfer/average/mni305.cor.mgz --inxfm transforms/talairach.auto.xfm --outlta transforms/talairach.auto.xfm.lta --subject fsaverage
7.3.2

--src: orig_nu.mgz src image (geometry).
--trg: /opt/freesurfer/average/mni305.cor.mgz trg image (geometry).
--inmni: transforms/talairach.auto.xfm input MNI/XFM transform.
--outlta: transforms/talairach.auto.xfm.lta output LTA.
--s: fsaverage subject name
 LTA read, type : 1
 1.04877   0.01296  -0.09011  -5.35637;
-0.00759   1.05769   0.10762  -45.10700;
 0.04994  -0.09442   1.07848  -7.75937;
 0.00000   0.00000   0.00000   1.00000;
setting subject to fsaverage
Writing  LTA to file transforms/talairach.auto.xfm.lta...
lta_convert successful.
 
 
Started at Mon Mar 9 16:16:09 CET 2026
Ended   at Mon Mar  9 16:17:37 CET 2026
talairach_avi done
