/out/sourcedata/freesurfer/sub-v1s22x0050459_ses-1/mri
/opt/freesurfer/bin/talairach_avi
--i orig_nu.mgz --xfm transforms/talairach.auto.xfm
talairach_avi 7.3.2
Linux dna075 5.14.0-427.37.1.el9_4.x86_64 #1 SMP PREEMPT_DYNAMIC Fri Sep 13 12:41:50 EDT 2024 x86_64 x86_64 x86_64 GNU/Linux
Mon Mar  9 12:37:50 CET 2026
mri_convert orig_nu.mgz talsrcimg.img 
reading from orig_nu.mgz...
TR=0.00, TE=0.00, TI=0.00, flip angle=0.00
i_ras = (-1, 3.72529e-09, 0)
j_ras = (0, 0, -1)
k_ras = (3.72529e-09, 1, 0)
writing to talsrcimg.img...
Analyze Output Matrix
-1.00000   0.00000   0.00000   134.22296;
 0.00000   0.00000   1.00000  -82.91451;
 0.00000  -1.00000   0.00000   118.48160;
 0.00000   0.00000   0.00000   1.00000;
--------------------
INFO: set hdr.hist.orient to -1
mpr2mni305 talsrcimg
Mon Mar  9 12:37:50 CET 2026
/opt/freesurfer/bin/mpr2mni305 talsrcimg
mpr2mni305 7.3.2
target=711-2C_as_mni_average_305

---------------------------------------------------------------------
analyzeto4dfp talsrcimg -O0 -y
---------------------------------------------------------------------

freesurfer ifh2hdr.c
Mon Mar  9 12:37:50 2026
Writing: talsrcimg.4dfp.hdr
freesurfer analyzeto4dfp.c
Reading: talsrcimg.hdr
header size 348 bytes
hdr.dime.datatype	offset=70	value=2
hdr.dime.bitpix		offset=72	value=8
hdr.hist.orient		offset=252	value=-1
dimensionality     4
dimensions       256       256       256         1
Reading: talsrcimg.img
Writing: talsrcimg.4dfp.img
Writing: talsrcimg.4dfp.ifh
ifh2hdr talsrcimg -r0to232
ori=2

---------------------------------------------------------------------
gauss_4dfp talsrcimg 1.1
---------------------------------------------------------------------

freesurfer gauss_4dfp.c
Reading: talsrcimg.4dfp.img
Writing: talsrcimg_g11.4dfp.img
image dimensions 256 256 256 padded to 288 288 288
processing volume 1freesurfer ifh2hdr.c
Mon Mar  9 12:37:52 2026
Writing: talsrcimg_g11.4dfp.hdr

Writing: talsrcimg_g11.4dfp.ifh
including: talsrcimg.4dfp.img.rec in talsrcimg_g11.4dfp.img.rec

---------------------------------------------------------------------
imgreg_4dfp /opt/freesurfer/average/711-2C_as_mni_average_305 none talsrcimg_g11 none talsrcimg_to_711-2C_as_mni_average_305_t4 4355
---------------------------------------------------------------------

freesurfer imgreg_4dfp.c
/opt/freesurfer/average/711-2C_as_mni_average_305.4dfp.img
       256       256       256         1
  1.000000  1.000000  1.000000
orientation T byte_order littleendian
Reading image: /opt/freesurfer/average/711-2C_as_mni_average_305.4dfp.img
dimensions:      256       256       256
mmppix:       1.0000   -1.0000   -1.0000
center:     128.0000 -129.0000 -129.0000
talsrcimg_g11.4dfp.img
       256       256       256         1
  1.000000  1.000000  1.000000
orientation T byte_order littleendian
Reading image: talsrcimg_g11.4dfp.img
dimensions:      256       256       256
mmppix:       1.0000   -1.0000   -1.0000
center:     128.0000 -129.0000 -129.0000
t4_read: open error in t4_sub.f l:  41 t4_file(1:l)talsrcimg_to_711-2C_as_mni_average_305_t4 
t4_read: transform initialized to I4
rotation matrix determinant  1.000000
image alignment mode   4355 decimal     1103 hex
   -7.5000  -45.0000  -45.0000 7724.3789   14.7161
    0.0000  -45.0000  -45.0000 8153.7100   14.7386
    7.5000  -45.0000  -45.0000 7810.3979   14.7190
   -7.5000  -37.5000  -45.0000 8393.4229   14.4764
    0.0000  -37.5000  -45.0000 8860.2002   14.5119
    7.5000  -37.5000  -45.0000 8497.5195   14.4943
   -7.5000  -30.0000  -45.0000 9415.0342   14.4077
    0.0000  -30.0000  -45.0000 9925.5430   14.4452
    7.5000  -30.0000  -45.0000 9523.7725   14.4284
   -7.5000  -22.5000  -45.000010431.9355   14.3680
    0.0000  -22.5000  -45.000010997.9414   14.3912
    7.5000  -22.5000  -45.000010536.4971   14.3739
   -7.5000  -15.0000  -45.000011357.0879   14.3477
    0.0000  -15.0000  -45.000011942.4180   14.3559
    7.5000  -15.0000  -45.000011432.9082   14.3363
   -7.5000   -7.5000  -45.000012183.8652   14.3317
    0.0000   -7.5000  -45.000012833.5117   14.3400
    7.5000   -7.5000  -45.000012285.2285   14.3193
   -7.5000    0.0000  -45.000012969.4941   14.3268
    0.0000    0.0000  -45.000013652.2881   14.3479
    7.5000    0.0000  -45.000013038.5889   14.3287
   -7.5000    7.5000  -45.000012808.4531   14.3382
    0.0000    7.5000  -45.000013496.2383   14.3733
    7.5000    7.5000  -45.000012871.0225   14.3557
   -7.5000   15.0000  -45.000012454.1055   14.3548
    0.0000   15.0000  -45.000013124.0361   14.3922
    7.5000   15.0000  -45.000012526.0928   14.3754
   -7.5000   22.5000  -45.000011927.1221   14.3575
    0.0000   22.5000  -45.000012592.7832   14.3807
    7.5000   22.5000  -45.000012007.1396   14.3633
   -7.5000   30.0000  -45.000011378.8945   14.1565
    0.0000   30.0000  -45.000012029.3867   14.1646
    7.5000   30.0000  -45.000011463.7373   14.1452
   -7.5000   37.5000  -45.000011079.8574   14.1407
    0.0000   37.5000  -45.000011709.2305   14.1489
    7.5000   37.5000  -45.000011177.9844   14.1284
   -7.5000   45.0000  -45.000010218.0898   13.7769
    0.0000   45.0000  -45.000010782.0811   13.7972
    7.5000   45.0000  -45.000010311.2334   13.7787
   -7.5000  -45.0000  -37.5000 8126.0215   14.7259
    0.0000  -45.0000  -37.5000 8580.4268   14.7423
    7.5000  -45.0000  -37.5000 8211.5088   14.7209
   -7.5000  -37.5000  -37.5000 8836.0586   14.4829
    0.0000  -37.5000  -37.5000 9330.0596   14.5151
    7.5000  -37.5000  -37.5000 8951.0215   14.4970
   -7.5000  -30.0000  -37.5000 9904.4609   14.4059
    0.0000  -30.0000  -37.500010445.0674   14.4434
    7.5000  -30.0000  -37.500010016.2744   14.4264
   -7.5000  -22.5000  -37.500010969.6836   14.3599
    0.0000  -22.5000  -37.500011554.4932   14.3837
    7.5000  -22.5000  -37.500011065.4932   14.3651
   -7.5000  -15.0000  -37.500011953.2266   14.3411
    0.0000  -15.0000  -37.500012564.2676   14.3477
    7.5000  -15.0000  -37.500012019.4473   14.3259
   -7.5000   -7.5000  -37.500012839.4336   14.3335
    0.0000   -7.5000  -37.500013512.7959   14.3372
    7.5000   -7.5000  -37.500012908.5664   14.3145
   -7.5000    0.0000  -37.500013655.6768   14.3351
    0.0000    0.0000  -37.500014379.2275   14.3503
    7.5000    0.0000  -37.500013700.7607   14.3296
   -7.5000    7.5000  -37.500013456.4688   14.3445
    0.0000    7.5000  -37.500014182.3604   14.3764
    7.5000    7.5000  -37.500013504.7500   14.3583
   -7.5000   15.0000  -37.500013065.4121   14.3533
    0.0000   15.0000  -37.500013763.2500   14.3907
    7.5000   15.0000  -37.500013125.2031   14.3738
   -7.5000   22.5000  -37.500012482.6406   14.3494
    0.0000   22.5000  -37.500013155.6064   14.3732
    7.5000   22.5000  -37.500012554.3857   14.3545
   -7.5000   30.0000  -37.500011898.0811   14.1500
    0.0000   30.0000  -37.500012544.7969   14.1565
    7.5000   30.0000  -37.500011975.3408   14.1350
   -7.5000   37.5000  -37.500011596.7031   14.1425
    0.0000   37.5000  -37.500012221.3770   14.1462
    7.5000   37.5000  -37.500011692.0820   14.1237
   -7.5000   45.0000  -37.500010686.9160   13.7849
    0.0000   45.0000  -37.500011239.4551   13.7996
    7.5000   45.0000  -37.500010749.6533   13.7796
   -7.5000  -45.0000  -30.0000 8673.8379   15.3430
    0.0000  -45.0000  -30.0000 9158.5322   15.3493
    7.5000  -45.0000  -30.0000 8769.1172   15.3233
   -7.5000  -37.5000  -30.0000 9425.8389   15.0921
    0.0000  -37.5000  -30.0000 9956.5508   15.1139
    7.5000  -37.5000  -30.0000 9550.7275   15.0920
   -7.5000  -30.0000  -30.000010560.3965   15.0082
    0.0000  -30.0000  -30.000011140.7207   15.0407
    7.5000  -30.0000  -30.000010670.5762   15.0217
   -7.5000  -22.5000  -30.000011667.8213   14.9544
    0.0000  -22.5000  -30.000012305.8359   14.9800
    7.5000  -22.5000  -30.000011781.2080   14.9602
   -7.5000  -15.0000  -30.000012719.2246   14.9333
    0.0000  -15.0000  -30.000013411.3350   14.9431
    7.5000  -15.0000  -30.000012809.6719   14.9196
   -7.5000   -7.5000  -30.000013659.0879   14.9285
    0.0000   -7.5000  -30.000014411.5791   14.9293
    7.5000   -7.5000  -30.000013747.3262   14.9034
   -7.5000    0.0000  -30.000014511.4551   14.9346
    0.0000    0.0000  -30.000015308.5293   14.9404
    7.5000    0.0000  -30.000014580.0195   14.9151
   -7.5000    7.5000  -30.000014304.4688   14.9469
    0.0000    7.5000  -30.000015118.4102   14.9686
    7.5000    7.5000  -30.000014362.3203   14.9467
   -7.5000   15.0000  -30.000013893.5547   14.9533
    0.0000   15.0000  -30.000014665.5234   14.9857
    7.5000   15.0000  -30.000013948.5400   14.9667
   -7.5000   22.5000  -30.000013273.5889   14.9421
    0.0000   22.5000  -30.000014003.2236   14.9677
    7.5000   22.5000  -30.000013316.8066   14.9478
   -7.5000   30.0000  -30.000012603.4131   14.7357
    0.0000   30.0000  -30.000013264.0352   14.7454
    7.5000   30.0000  -30.000012641.0723   14.7222
   -7.5000   37.5000  -30.000012296.7432   14.7310
    0.0000   37.5000  -30.000012915.5635   14.7318
    7.5000   37.5000  -30.000012345.5410   14.7061
   -7.5000   45.0000  -30.000011317.3730   14.3719
    0.0000   45.0000  -30.000011898.2314   14.3776
    7.5000   45.0000  -30.000011372.4482   14.3532
   -7.5000  -45.0000  -22.5000 9189.3896   15.8557
    0.0000  -45.0000  -22.5000 9690.9326   15.8582
    7.5000  -45.0000  -22.5000 9286.5078   15.8289
   -7.5000  -37.5000  -22.5000 9978.2910   15.5998
    0.0000  -37.5000  -22.500010519.4629   15.6148
    7.5000  -37.5000  -22.500010085.9697   15.5891
   -7.5000  -30.0000  -22.500011159.8184   15.5184
    0.0000  -30.0000  -22.500011761.9863   15.5458
    7.5000  -30.0000  -22.500011276.0498   15.5246
   -7.5000  -22.5000  -22.500012326.5137   15.4653
    0.0000  -22.5000  -22.500012977.8271   15.4923
    7.5000  -22.5000  -22.500012426.2764   15.4725
   -7.5000  -15.0000  -22.500013442.1318   15.4423
    0.0000  -15.0000  -22.500014166.4766   15.4573
    7.5000  -15.0000  -22.500013521.1699   15.4339
   -7.5000   -7.5000  -22.500014460.3574   15.4321
    0.0000   -7.5000  -22.500015254.8691   15.4349
    7.5000   -7.5000  -22.500014517.4092   15.4072
   -7.5000    0.0000  -22.500015357.8066   15.4342
    0.0000    0.0000  -22.500016182.1152   15.4366
    7.5000    0.0000  -22.500015377.4053   15.4079
   -7.5000    7.5000  -22.500015128.2891   15.4490
    0.0000    7.5000  -22.500015940.9883   15.4639
    7.5000    7.5000  -22.500015139.3906   15.4384
   -7.5000   15.0000  -22.500014704.0479   15.4608
    0.0000   15.0000  -22.500015499.1826   15.4881
    7.5000   15.0000  -22.500014719.8535   15.4670
   -7.5000   22.5000  -22.500014040.1260   15.4515
    0.0000   22.5000  -22.500014796.6611   15.4784
    7.5000   22.5000  -22.500014049.6533   15.4585
   -7.5000   30.0000  -22.500013284.3164   15.2403
    0.0000   30.0000  -22.500013958.9355   15.2551
    7.5000   30.0000  -22.500013287.3516   15.2320
   -7.5000   37.5000  -22.500012935.7363   15.2302
    0.0000   37.5000  -22.500013588.9443   15.2330
    7.5000   37.5000  -22.500012971.4072   15.2057
   -7.5000   45.0000  -22.500011918.8887   14.8639
    0.0000   45.0000  -22.500012558.5195   14.8662
    7.5000   45.0000  -22.500011983.2510   14.8386
   -7.5000  -45.0000  -15.0000 9648.5566   16.2253
    0.0000  -45.0000  -15.000010136.5117   16.2336
    7.5000  -45.0000  -15.0000 9730.8154   16.2052
   -7.5000  -37.5000  -15.000010466.3477   15.9653
    0.0000  -37.5000  -15.000011006.6455   15.9830
    7.5000  -37.5000  -15.000010560.9375   15.9566
   -7.5000  -30.0000  -15.000011705.9297   15.8896
    0.0000  -30.0000  -15.000012325.5791   15.9166
    7.5000  -30.0000  -15.000011825.6582   15.8944
   -7.5000  -22.5000  -15.000012908.1533   15.8418
    0.0000  -22.5000  -15.000013608.2246   15.8686
    7.5000  -22.5000  -15.000013035.7070   15.8494
   -7.5000  -15.0000  -15.000014110.4160   15.8176
    0.0000  -15.0000  -15.000014903.8965   15.8351
    7.5000  -15.0000  -15.000014228.2422   15.8136
   -7.5000   -7.5000  -15.000015244.9434   15.7996
    0.0000   -7.5000  -15.000016098.8994   15.8074
    7.5000   -7.5000  -15.000015327.7432   15.7817
   -7.5000    0.0000  -15.000016229.7363   15.7953
    0.0000    0.0000  -15.000017063.0488   15.8032
    7.5000    0.0000  -15.000016213.3467   15.7754
   -7.5000    7.5000  -15.000015960.8662   15.8112
    0.0000    7.5000  -15.000016722.6602   15.8288
    7.5000    7.5000  -15.000015859.1553   15.8025
   -7.5000   15.0000  -15.000015505.4072   15.8303
    0.0000   15.0000  -15.000016252.5762   15.8573
    7.5000   15.0000  -15.000015398.9717   15.8350
   -7.5000   22.5000  -15.000014786.7324   15.8268
    0.0000   22.5000  -15.000015517.1514   15.8536
    7.5000   22.5000  -15.000014703.0928   15.8342
   -7.5000   30.0000  -15.000013961.7451   15.6129
    0.0000   30.0000  -15.000014647.6895   15.6302
    7.5000   30.0000  -15.000013891.4072   15.6090
   -7.5000   37.5000  -15.000013607.6738   15.5952
    0.0000   37.5000  -15.000014289.2705   15.6029
    7.5000   37.5000  -15.000013568.4297   15.5774
   -7.5000   45.0000  -15.000012561.5264   15.2208
    0.0000   45.0000  -15.000013238.8242   15.2284
    7.5000   45.0000  -15.000012562.0264   15.2016
   -7.5000  -45.0000   -7.500010089.5352   16.4176
    0.0000  -45.0000   -7.500010605.0146   16.4370
    7.5000  -45.0000   -7.500010188.6143   16.4129
   -7.5000  -37.5000   -7.500010923.8467   16.1546
    0.0000  -37.5000   -7.500011493.3057   16.1843
    7.5000  -37.5000   -7.500011025.6426   16.1612
   -7.5000  -30.0000   -7.500012216.8848   16.0819
    0.0000  -30.0000   -7.500012859.9756   16.1157
    7.5000  -30.0000   -7.500012320.0107   16.0948
   -7.5000  -22.5000   -7.500013485.4160   16.0377
    0.0000  -22.5000   -7.500014202.9414   16.0637
    7.5000  -22.5000   -7.500013610.3057   16.0449
   -7.5000  -15.0000   -7.500014734.1631   16.0125
    0.0000  -15.0000   -7.500015606.3604   16.0269
    7.5000  -15.0000   -7.500014920.4482   16.0066
   -7.5000   -7.5000   -7.500016025.6758   15.9904
    0.0000   -7.5000   -7.500017032.5410   16.0015
    7.5000   -7.5000   -7.500016213.6006   15.9786
   -7.5000    0.0000   -7.500017213.0781   15.9835
    0.0000    0.0000   -7.500018223.3535   16.0017
    7.5000    0.0000   -7.500017227.1250   15.9780
   -7.5000    7.5000   -7.500016973.7207   15.9997
    0.0000    7.5000   -7.500017733.4883   16.0290
    7.5000    7.5000   -7.500016764.5332   16.0060
   -7.5000   15.0000   -7.500016381.5361   16.0223
    0.0000   15.0000   -7.500017078.8496   16.0560
    7.5000   15.0000   -7.500016133.9023   16.0350
   -7.5000   22.5000   -7.500015563.1113   16.0208
    0.0000   22.5000   -7.500016316.3799   16.0466
    7.5000   22.5000   -7.500015408.1924   16.0278
   -7.5000   30.0000   -7.500014661.6123   15.8049
    0.0000   30.0000   -7.500015420.5029   15.8190
    7.5000   30.0000   -7.500014576.8125   15.7990
   -7.5000   37.5000   -7.500014279.3740   15.7831
    0.0000   37.5000   -7.500015051.0078   15.7940
    7.5000   37.5000   -7.500014229.7764   15.7713
   -7.5000   45.0000   -7.500013204.3809   15.4051
    0.0000   45.0000   -7.500013946.6025   15.4227
    7.5000   45.0000   -7.500013184.3350   15.3998
   -7.5000  -45.0000    0.000010432.3057   16.4652
    0.0000  -45.0000    0.000010983.8350   16.4903
    7.5000  -45.0000    0.000010543.1924   16.4684
   -7.5000  -37.5000    0.000011289.7188   16.1971
    0.0000  -37.5000    0.000011902.7705   16.2368
    7.5000  -37.5000    0.000011414.0293   16.2172
   -7.5000  -30.0000    0.000012597.2568   16.1202
    0.0000  -30.0000    0.000013263.7686   16.1621
    7.5000  -30.0000    0.000012714.6602   16.1433
   -7.5000  -22.5000    0.000013921.1104   16.0756
    0.0000  -22.5000    0.000014636.4131   16.1015
    7.5000  -22.5000    0.000014029.5176   16.0821
   -7.5000  -15.0000    0.000015208.5068   16.0527
    0.0000  -15.0000    0.000016135.3467   16.0618
    7.5000  -15.0000    0.000015431.7012   16.0398
   -7.5000   -7.5000    0.000016607.3633   16.0349
    0.0000   -7.5000    0.000017885.9766   16.0441
    7.5000   -7.5000    0.000016927.6348   16.0209
   -7.5000    0.0000    0.000017958.8223   16.0297
    0.0000    0.0000    0.000019386.3516   16.0532
    7.5000    0.0000    0.000018247.2344   16.0317
   -7.5000    7.5000    0.000017762.6973   16.0426
    0.0000    7.5000    0.000018901.5488   16.0818
    7.5000    7.5000    0.000017827.1934   16.0621
   -7.5000   15.0000    0.000017110.0020   16.0611
    0.0000   15.0000    0.000018083.4414   16.1028
    7.5000   15.0000    0.000017045.6445   16.0840
   -7.5000   22.5000    0.000016280.8945   16.0587
    0.0000   22.5000    0.000017214.4668   16.0845
    7.5000   22.5000    0.000016212.5186   16.0650
   -7.5000   30.0000    0.000015292.1777   15.8450
    0.0000   30.0000    0.000016161.5908   15.8539
    7.5000   30.0000    0.000015234.0918   15.8323
   -7.5000   37.5000    0.000014801.3643   15.8274
    0.0000   37.5000    0.000015633.2451   15.8365
    7.5000   37.5000    0.000014765.0498   15.8136
   -7.5000   45.0000    0.000013632.3154   15.4508
    0.0000   45.0000    0.000014419.5586   15.4735
    7.5000   45.0000    0.000013630.8984   15.4528
   -7.5000  -45.0000    7.5000 9957.4365   16.4787
    0.0000  -45.0000    7.500010482.9473   16.4970
    7.5000  -45.0000    7.500010063.0928   16.4731
   -7.5000  -37.5000    7.500010763.5342   16.2068
    0.0000  -37.5000    7.500011337.8682   16.2427
    7.5000  -37.5000    7.500010902.1367   16.2225
   -7.5000  -30.0000    7.500011999.8584   16.1205
    0.0000  -30.0000    7.500012651.0859   16.1625
    7.5000  -30.0000    7.500012154.1797   16.1435
   -7.5000  -22.5000    7.500013270.4160   16.0691
    0.0000  -22.5000    7.500014013.9111   16.0957
    7.5000  -22.5000    7.500013435.0605   16.0749
   -7.5000  -15.0000    7.500014475.8926   16.0481
    0.0000  -15.0000    7.500015465.1807   16.0555
    7.5000  -15.0000    7.500014747.7715   16.0311
   -7.5000   -7.5000    7.500015748.3691   16.0396
    0.0000   -7.5000    7.500017078.8145   16.0437
    7.5000   -7.5000    7.500016185.1514   16.0183
   -7.5000    0.0000    7.500016972.1973   16.0413
    0.0000    0.0000    7.500018368.4199   16.0584
    7.5000    0.0000    7.500017408.6895   16.0352
   -7.5000    7.5000    7.500016784.0488   16.0519
    0.0000    7.5000    7.500017951.1641   16.0875
    7.5000    7.5000    7.500017039.1914   16.0673
   -7.5000   15.0000    7.500016260.7598   16.0618
    0.0000   15.0000    7.500017282.2715   16.1036
    7.5000   15.0000    7.500016414.8711   16.0846
   -7.5000   22.5000    7.500015580.2373   16.0522
    0.0000   22.5000    7.500016491.5176   16.0788
    7.5000   22.5000    7.500015618.3955   16.0579
   -7.5000   30.0000    7.500014600.6064   15.8404
    0.0000   30.0000    7.500015381.1338   15.8477
    7.5000   30.0000    7.500014587.1797   15.8236
   -7.5000   37.5000    7.500014069.9717   15.8320
    0.0000   37.5000    7.500014807.0645   15.8361
    7.5000   37.5000    7.500014075.5049   15.8109
   -7.5000   45.0000    7.500012963.8643   15.4620
    0.0000   45.0000    7.500013666.8975   15.4784
    7.5000   45.0000    7.500013000.8516   15.4560
   -7.5000  -45.0000   15.0000 9360.6104   16.5032
    0.0000  -45.0000   15.0000 9878.8486   16.5094
    7.5000  -45.0000   15.0000 9463.4473   16.4814
   -7.5000  -37.5000   15.000010128.7822   16.2330
    0.0000  -37.5000   15.000010717.0996   16.2560
    7.5000  -37.5000   15.000010275.8359   16.2323
   -7.5000  -30.0000   15.000011337.8867   16.1427
    0.0000  -30.0000   15.000011991.6592   16.1772
    7.5000  -30.0000   15.000011496.4854   16.1566
   -7.5000  -22.5000   15.000012534.3623   16.0847
    0.0000  -22.5000   15.000013273.5869   16.1117
    7.5000  -22.5000   15.000012736.3223   16.0902
   -7.5000  -15.0000   15.000013651.8623   16.0618
    0.0000  -15.0000   15.000014532.7188   16.0718
    7.5000  -15.0000   15.000013952.2422   16.0464
   -7.5000   -7.5000   15.000014812.0859   16.0566
    0.0000   -7.5000   15.000015803.5469   16.0569
    7.5000   -7.5000   15.000015178.5664   16.0289
   -7.5000    0.0000   15.000015857.7832   16.0632
    0.0000    0.0000   15.000016789.3555   16.0690
    7.5000    0.0000   15.000016155.7354   16.0417
   -7.5000    7.5000   15.000015602.8828   16.0766
    0.0000    7.5000   15.000016386.3613   16.0995
    7.5000    7.5000   15.000015792.5176   16.0758
   -7.5000   15.0000   15.000015173.1270   16.0835
    0.0000   15.0000   15.000015957.2793   16.1179
    7.5000   15.0000   15.000015325.9854   16.0973
   -7.5000   22.5000   15.000014594.5430   16.0679
    0.0000   22.5000   15.000015344.0947   16.0948
    7.5000   22.5000   15.000014676.2969   16.0733
   -7.5000   30.0000   15.000013721.3555   15.8539
    0.0000   30.0000   15.000014410.4502   15.8638
    7.5000   30.0000   15.000013777.7031   15.8388
   -7.5000   37.5000   15.000013223.5186   15.8488
    0.0000   37.5000   15.000013905.0078   15.8491
    7.5000   37.5000   15.000013278.5273   15.8214
   -7.5000   45.0000   15.000012203.4082   15.4831
    0.0000   45.0000   15.000012843.0146   15.4886
    7.5000   45.0000   15.000012266.7998   15.4623
   -7.5000  -45.0000   22.5000 8700.3271   16.6346
    0.0000  -45.0000   22.5000 9205.3145   16.6364
    7.5000  -45.0000   22.5000 8799.9707   16.6047
   -7.5000  -37.5000   22.5000 9469.9297   16.3631
    0.0000  -37.5000   22.5000 9999.3008   16.3781
    7.5000  -37.5000   22.5000 9571.5049   16.3503
   -7.5000  -30.0000   22.500010594.3213   16.2758
    0.0000  -30.0000   22.500011160.2637   16.3041
    7.5000  -30.0000   22.500010718.0273   16.2810
   -7.5000  -22.5000   22.500011662.0615   16.2187
    0.0000  -22.5000   22.500012280.4453   16.2465
    7.5000  -22.5000   22.500011840.4756   16.2249
   -7.5000  -15.0000   22.500012687.0010   16.1943
    0.0000  -15.0000   22.500013398.5596   16.2093
    7.5000  -15.0000   22.500012948.5957   16.1840
   -7.5000   -7.5000   22.500013740.8701   16.1846
    0.0000   -7.5000   22.500014495.2607   16.1867
    7.5000   -7.5000   22.500014026.6221   16.1568
   -7.5000    0.0000   22.500014651.9707   16.1878
    0.0000    0.0000   22.500015335.0254   16.1895
    7.5000    0.0000   22.500014847.6416   16.1586
   -7.5000    7.5000   22.500014357.3643   16.2033
    0.0000    7.5000   22.500014994.6396   16.2183
    7.5000    7.5000   22.500014504.9619   16.1906
   -7.5000   15.0000   22.500013999.4854   16.2148
    0.0000   15.0000   22.500014648.6221   16.2430
    7.5000   15.0000   22.500014159.5293   16.2200
   -7.5000   22.5000   22.500013498.4375   16.2017
    0.0000   22.5000   22.500014124.3516   16.2294
    7.5000   22.5000   22.500013602.1602   16.2076
   -7.5000   30.0000   22.500012751.3398   15.9847
    0.0000   30.0000   22.500013343.6387   15.9996
    7.5000   30.0000   22.500012829.2510   15.9745
   -7.5000   37.5000   22.500012303.6387   15.9751
    0.0000   37.5000   22.500012895.3164   15.9773
    7.5000   37.5000   22.500012379.4814   15.9477
   -7.5000   45.0000   22.500011356.5205   15.6032
    0.0000   45.0000   22.500011912.8633   15.6048
    7.5000   45.0000   22.500011417.2471   15.5750
   -7.5000  -45.0000   30.0000 8055.8320   16.9820
    0.0000  -45.0000   30.0000 8492.4697   16.9903
    7.5000  -45.0000   30.0000 8126.6875   16.9584
   -7.5000  -37.5000   30.0000 8740.8242   16.6992
    0.0000  -37.5000   30.0000 9195.1973   16.7175
    7.5000  -37.5000   30.0000 8815.5723   16.6879
   -7.5000  -30.0000   30.0000 9763.5137   16.6156
    0.0000  -30.0000   30.000010250.3447   16.6436
    7.5000  -30.0000   30.0000 9835.1387   16.6184
   -7.5000  -22.5000   30.000010735.3125   16.5639
    0.0000  -22.5000   30.000011295.4922   16.5915
    7.5000  -22.5000   30.000010875.5889   16.5692
   -7.5000  -15.0000   30.000011704.1875   16.5394
    0.0000  -15.0000   30.000012336.8271   16.5570
    7.5000  -15.0000   30.000011921.1201   16.5322
   -7.5000   -7.5000   30.000012648.9082   16.5222
    0.0000   -7.5000   30.000013330.7236   16.5297
    7.5000   -7.5000   30.000012901.0391   16.5004
   -7.5000    0.0000   30.000013474.7061   16.5178
    0.0000    0.0000   30.000014104.0908   16.5256
    7.5000    0.0000   30.000013642.6416   16.4944
   -7.5000    7.5000   30.000013205.8076   16.5330
    0.0000    7.5000   30.000013802.0518   16.5511
    7.5000    7.5000   30.000013330.0967   16.5217
   -7.5000   15.0000   30.000012887.2012   16.5517
    0.0000   15.0000   30.000013477.3828   16.5796
    7.5000   15.0000   30.000013009.0967   16.5544
   -7.5000   22.5000   30.000012438.0059   16.5462
    0.0000   22.5000   30.000013011.6465   16.5737
    7.5000   22.5000   30.000012548.4189   16.5513
   -7.5000   30.0000   30.000011774.5156   16.3254
    0.0000   30.0000   30.000012343.9385   16.3427
    7.5000   30.0000   30.000011871.1328   16.3182
   -7.5000   37.5000   30.000011383.1543   16.3084
    0.0000   37.5000   30.000011923.7920   16.3157
    7.5000   37.5000   30.000011458.7910   16.2869
   -7.5000   45.0000   30.000010519.3818   15.9212
    0.0000   45.0000   30.000011030.7188   15.9288
    7.5000   45.0000   30.000010580.8799   15.8987
   -7.5000  -45.0000   37.5000 7674.2759   17.4513
    0.0000  -45.0000   37.5000 8095.1411   17.4723
    7.5000  -45.0000   37.5000 7725.3438   17.4441
   -7.5000  -37.5000   37.5000 8296.7285   17.1523
    0.0000  -37.5000   37.5000 8749.8281   17.1846
    7.5000  -37.5000   37.5000 8366.8613   17.1569
   -7.5000  -30.0000   37.5000 9277.1523   17.0703
    0.0000  -30.0000   37.5000 9746.2588   17.1067
    7.5000  -30.0000   37.5000 9337.4238   17.0805
   -7.5000  -22.5000   37.500010248.5186   17.0232
    0.0000  -22.5000   37.500010796.1963   17.0503
    7.5000  -22.5000   37.500010355.7422   17.0265
   -7.5000  -15.0000   37.500011184.5898   16.9976
    0.0000  -15.0000   37.500011797.2773   17.0119
    7.5000  -15.0000   37.500011345.7871   16.9872
   -7.5000   -7.5000   37.500012067.6885   16.9730
    0.0000   -7.5000   37.500012719.0557   16.9843
    7.5000   -7.5000   37.500012247.7422   16.9574
   -7.5000    0.0000   37.500012816.6719   16.9626
    0.0000    0.0000   37.500013472.7227   16.9823
    7.5000    0.0000   37.500012956.7656   16.9548
   -7.5000    7.5000   37.500012585.1025   16.9781
    0.0000    7.5000   37.500013189.8623   17.0101
    7.5000    7.5000   37.500012677.6895   16.9825
   -7.5000   15.0000   37.500012291.2168   17.0033
    0.0000   15.0000   37.500012870.3096   17.0396
    7.5000   15.0000   37.500012390.3652   17.0134
   -7.5000   22.5000   37.500011886.8604   17.0046
    0.0000   22.5000   37.500012445.3320   17.0317
    7.5000   22.5000   37.500011964.0186   17.0078
   -7.5000   30.0000   37.500011248.4639   16.7776
    0.0000   30.0000   37.500011816.5918   16.7918
    7.5000   30.0000   37.500011338.2480   16.7673
   -7.5000   37.5000   37.500010871.0303   16.7534
    0.0000   37.5000   37.500011422.1729   16.7645
    7.5000   37.5000   37.500010952.6943   16.7380
   -7.5000   45.0000   37.500010051.3057   16.3500
    0.0000   45.0000   37.500010553.4238   16.3690
    7.5000   45.0000   37.500010118.3076   16.3424
   -7.5000  -45.0000   45.0000 6984.2881   18.0183
    0.0000  -45.0000   45.0000 7370.6196   18.0427
    7.5000  -45.0000   45.0000 7038.6274   18.0159
   -7.5000  -37.5000   45.0000 7563.1582   17.6940
    0.0000  -37.5000   45.0000 7988.5630   17.7355
    7.5000  -37.5000   45.0000 7626.0562   17.7111
   -7.5000  -30.0000   45.0000 8438.4668   17.6007
    0.0000  -30.0000   45.0000 8925.4629   17.6448
    7.5000  -30.0000   45.0000 8505.3252   17.6213
   -7.5000  -22.5000   45.0000 9376.8047   17.5482
    0.0000  -22.5000   45.0000 9903.6650   17.5738
    7.5000  -22.5000   45.0000 9438.5508   17.5501
   -7.5000  -15.0000   45.000010252.2314   17.5227
    0.0000  -15.0000   45.000010822.9316   17.5289
    7.5000  -15.0000   45.000010350.0635   17.5027
   -7.5000   -7.5000   45.000011025.3672   17.5025
    0.0000   -7.5000   45.000011625.1182   17.5088
    7.5000   -7.5000   45.000011140.6885   17.4810
   -7.5000    0.0000   45.000011695.2812   17.4953
    0.0000    0.0000   45.000012337.2207   17.5180
    7.5000    0.0000   45.000011814.8018   17.4918
   -7.5000    7.5000   45.000011480.5742   17.5086
    0.0000    7.5000   45.000012086.2949   17.5495
    7.5000    7.5000   45.000011589.8623   17.5251
   -7.5000   15.0000   45.000011228.4453   17.5297
    0.0000   15.0000   45.000011792.6221   17.5736
    7.5000   15.0000   45.000011321.6270   17.5502
   -7.5000   22.5000   45.000010876.3350   17.5285
    0.0000   22.5000   45.000011411.8301   17.5541
    7.5000   22.5000   45.000010963.1758   17.5304
   -7.5000   30.0000   45.000010315.1680   17.2944
    0.0000   30.0000   45.000010857.0479   17.3006
    7.5000   30.0000   45.000010402.3740   17.2747
   -7.5000   37.5000   45.0000 9968.4629   17.2744
    0.0000   37.5000   45.000010503.9443   17.2807
    7.5000   37.5000   45.000010039.5996   17.2533
   -7.5000   45.0000   45.0000 9226.2783   16.8711
    0.0000   45.0000   45.0000 9711.6016   16.8930
    7.5000   45.0000   45.0000 9283.5264   16.8678

---------------------------------------------------------------------
imgreg_4dfp /opt/freesurfer/average/711-2C_as_mni_average_305 /opt/freesurfer/average/711-2B_as_mni_average_305_mask talsrcimg_g11 none talsrcimg_to_711-2C_as_mni_average_305_t4 4355
---------------------------------------------------------------------

freesurfer imgreg_4dfp.c
/opt/freesurfer/average/711-2C_as_mni_average_305.4dfp.img
       256       256       256         1
  1.000000  1.000000  1.000000
orientation T byte_order littleendian
Reading image: /opt/freesurfer/average/711-2C_as_mni_average_305.4dfp.img
dimensions:      256       256       256
mmppix:       1.0000   -1.0000   -1.0000
center:     128.0000 -129.0000 -129.0000
/opt/freesurfer/average/711-2B_as_mni_average_305_mask.4dfp.img
       256       256       256         1
  1.000000  1.000000  1.000000
orientation T byte_order littleendian
Reading mask: /opt/freesurfer/average/711-2B_as_mni_average_305_mask.4dfp.img (2306576 pixels)
talsrcimg_g11.4dfp.img
       256       256       256         1
  1.000000  1.000000  1.000000
orientation T byte_order littleendian
Reading image: talsrcimg_g11.4dfp.img
dimensions:      256       256       256
mmppix:       1.0000   -1.0000   -1.0000
center:     128.0000 -129.0000 -129.0000
rotation matrix determinant  1.000000
image alignment mode   4355 decimal     1103 hex
   -7.5000  -45.0000  -45.0000 2082.6389   19.2113
    0.0000  -45.0000  -45.0000 2100.7090   19.1235
    7.5000  -45.0000  -45.0000 2093.4111   19.0689
   -7.5000  -37.5000  -45.0000 2212.6721   17.2281
    0.0000  -37.5000  -45.0000 2229.7573   17.1440
    7.5000  -37.5000  -45.0000 2222.9102   17.1156
   -7.5000  -30.0000  -45.0000 2320.4895   15.6934
    0.0000  -30.0000  -45.0000 2336.5249   15.5849
    7.5000  -30.0000  -45.0000 2329.2285   15.5827
   -7.5000  -22.5000  -45.0000 2405.0420   14.5011
    0.0000  -22.5000  -45.0000 2424.0015   14.3731
    7.5000  -22.5000  -45.0000 2416.9663   14.3810
   -7.5000  -15.0000  -45.0000 2453.6401   13.6983
    0.0000  -15.0000  -45.0000 2469.8477   13.5240
    7.5000  -15.0000  -45.0000 2462.3005   13.5607
   -7.5000   -7.5000  -45.0000 2481.6436   13.1826
    0.0000   -7.5000  -45.0000 2500.2324   12.9952
    7.5000   -7.5000  -45.0000 2495.9158   13.0379
   -7.5000    0.0000  -45.0000 2498.9231   12.8906
    0.0000    0.0000  -45.0000 2523.4758   12.7112
    7.5000    0.0000  -45.0000 2516.9299   12.7146
   -7.5000    7.5000  -45.0000 2505.8784   12.7870
    0.0000    7.5000  -45.0000 2534.9602   12.6177
    7.5000    7.5000  -45.0000 2527.8713   12.6089
   -7.5000   15.0000  -45.0000 2490.6663   12.9653
    0.0000   15.0000  -45.0000 2521.0557   12.7952
    7.5000   15.0000  -45.0000 2517.8596   12.7728
   -7.5000   22.5000  -45.0000 2460.5703   13.3580
    0.0000   22.5000  -45.0000 2491.5996   13.2078
    7.5000   22.5000  -45.0000 2488.1638   13.1672
   -7.5000   30.0000  -45.0000 2407.4551   13.9903
    0.0000   30.0000  -45.0000 2440.9158   13.8468
    7.5000   30.0000  -45.0000 2433.9927   13.8359
   -7.5000   37.5000  -45.0000 2335.4575   14.9263
    0.0000   37.5000  -45.0000 2368.5051   14.7518
    7.5000   37.5000  -45.0000 2362.1372   14.7250
   -7.5000   45.0000  -45.0000 2245.3005   16.1658
    0.0000   45.0000  -45.0000 2274.5994   15.9432
    7.5000   45.0000  -45.0000 2269.0354   15.9554
   -7.5000  -45.0000  -37.5000 2137.4412   18.2835
    0.0000  -45.0000  -37.5000 2157.7966   18.1414
    7.5000  -45.0000  -37.5000 2152.5120   18.0927
   -7.5000  -37.5000  -37.5000 2274.1921   16.4031
    0.0000  -37.5000  -37.5000 2297.2603   16.2523
    7.5000  -37.5000  -37.5000 2288.0256   16.2356
   -7.5000  -30.0000  -37.5000 2382.0142   14.8669
    0.0000  -30.0000  -37.5000 2404.5793   14.7264
    7.5000  -30.0000  -37.5000 2399.8738   14.7335
   -7.5000  -22.5000  -37.5000 2470.0735   13.6815
    0.0000  -22.5000  -37.5000 2492.0732   13.5130
    7.5000  -22.5000  -37.5000 2488.0930   13.5252
   -7.5000  -15.0000  -37.5000 2530.7539   12.8719
    0.0000  -15.0000  -37.5000 2545.9771   12.6753
    7.5000  -15.0000  -37.5000 2542.5068   12.6855
   -7.5000   -7.5000  -37.5000 2569.0957   12.3563
    0.0000   -7.5000  -37.5000 2590.2288   12.1582
    7.5000   -7.5000  -37.5000 2586.7180   12.1805
   -7.5000    0.0000  -37.5000 2595.9456   12.0405
    0.0000    0.0000  -37.5000 2622.6187   11.8607
    7.5000    0.0000  -37.5000 2615.0750   11.8908
   -7.5000    7.5000  -37.5000 2599.1697   11.9525
    0.0000    7.5000  -37.5000 2628.8948   11.7987
    7.5000    7.5000  -37.5000 2622.6980   11.8192
   -7.5000   15.0000  -37.5000 2586.9382   12.1142
    0.0000   15.0000  -37.5000 2617.9431   11.9727
    7.5000   15.0000  -37.5000 2612.9929   11.9884
   -7.5000   22.5000  -37.5000 2556.3059   12.4547
    0.0000   22.5000  -37.5000 2588.2949   12.3013
    7.5000   22.5000  -37.5000 2585.3162   12.3262
   -7.5000   30.0000  -37.5000 2497.7761   13.0412
    0.0000   30.0000  -37.5000 2534.9648   12.8846
    7.5000   30.0000  -37.5000 2528.3640   12.8906
   -7.5000   37.5000  -37.5000 2420.0046   13.9037
    0.0000   37.5000  -37.5000 2457.2683   13.7186
    7.5000   37.5000  -37.5000 2452.2556   13.7021
   -7.5000   45.0000  -37.5000 2327.1970   15.0424
    0.0000   45.0000  -37.5000 2359.2632   14.8478
    7.5000   45.0000  -37.5000 2352.1289   14.8423
   -7.5000  -45.0000  -30.0000 2225.5876   18.1217
    0.0000  -45.0000  -30.0000 2251.6899   17.9225
    7.5000  -45.0000  -30.0000 2243.9734   17.9394
   -7.5000  -37.5000  -30.0000 2366.0608   16.2183
    0.0000  -37.5000  -30.0000 2392.0698   16.0124
    7.5000  -37.5000  -30.0000 2385.2031   16.0223
   -7.5000  -30.0000  -30.0000 2477.7817   14.6529
    0.0000  -30.0000  -30.0000 2501.0564   14.4617
    7.5000  -30.0000  -30.0000 2495.6367   14.4566
   -7.5000  -22.5000  -30.0000 2566.7297   13.4243
    0.0000  -22.5000  -30.0000 2592.6599   13.2229
    7.5000  -22.5000  -30.0000 2590.5093   13.2338
   -7.5000  -15.0000  -30.0000 2639.0049   12.5372
    0.0000  -15.0000  -30.0000 2662.1121   12.3513
    7.5000  -15.0000  -30.0000 2659.0337   12.3415
   -7.5000   -7.5000  -30.0000 2685.2183   11.9754
    0.0000   -7.5000  -30.0000 2717.3760   11.7927
    7.5000   -7.5000  -30.0000 2713.4861   11.8025
   -7.5000    0.0000  -30.0000 2721.7417   11.6553
    0.0000    0.0000  -30.0000 2757.7837   11.4595
    7.5000    0.0000  -30.0000 2750.8462   11.4703
   -7.5000    7.5000  -30.0000 2733.8076   11.5979
    0.0000    7.5000  -30.0000 2772.6353   11.4214
    7.5000    7.5000  -30.0000 2763.8491   11.4368
   -7.5000   15.0000  -30.0000 2725.3125   11.7589
    0.0000   15.0000  -30.0000 2763.5901   11.5834
    7.5000   15.0000  -30.0000 2759.2883   11.6180
   -7.5000   22.5000  -30.0000 2695.6775   12.0906
    0.0000   22.5000  -30.0000 2733.4983   11.9128
    7.5000   22.5000  -30.0000 2727.7773   11.9414
   -7.5000   30.0000  -30.0000 2635.1389   12.6537
    0.0000   30.0000  -30.0000 2672.7073   12.4758
    7.5000   30.0000  -30.0000 2665.0039   12.4759
   -7.5000   37.5000  -30.0000 2553.6328   13.4716
    0.0000   37.5000  -30.0000 2587.4834   13.2668
    7.5000   37.5000  -30.0000 2584.2131   13.2524
   -7.5000   45.0000  -30.0000 2449.5396   14.5998
    0.0000   45.0000  -30.0000 2483.7444   14.3858
    7.5000   45.0000  -30.0000 2478.4812   14.3537
   -7.5000  -45.0000  -22.5000 2279.3496   17.8498
    0.0000  -45.0000  -22.5000 2302.4670   17.5967
    7.5000  -45.0000  -22.5000 2294.4958   17.6334
   -7.5000  -37.5000  -22.5000 2415.7600   15.8931
    0.0000  -37.5000  -22.5000 2441.6731   15.6787
    7.5000  -37.5000  -22.5000 2435.6799   15.6958
   -7.5000  -30.0000  -22.5000 2527.6267   14.3201
    0.0000  -30.0000  -22.5000 2553.6448   14.0864
    7.5000  -30.0000  -22.5000 2550.6367   14.1117
   -7.5000  -22.5000  -22.5000 2623.7410   13.0896
    0.0000  -22.5000  -22.5000 2652.5366   12.8608
    7.5000  -22.5000  -22.5000 2651.8103   12.8800
   -7.5000  -15.0000  -22.5000 2705.5454   12.1847
    0.0000  -15.0000  -22.5000 2733.6953   11.9741
    7.5000  -15.0000  -22.5000 2733.1921   11.9732
   -7.5000   -7.5000  -22.5000 2766.2021   11.5801
    0.0000   -7.5000  -22.5000 2800.4756   11.3746
    7.5000   -7.5000  -22.5000 2797.2104   11.3568
   -7.5000    0.0000  -22.5000 2811.8157   11.2415
    0.0000    0.0000  -22.5000 2851.3772   10.9926
    7.5000    0.0000  -22.5000 2844.0134   10.9899
   -7.5000    7.5000  -22.5000 2835.3665   11.1690
    0.0000    7.5000  -22.5000 2873.7175   10.9187
    7.5000    7.5000  -22.5000 2866.1067   10.9411
   -7.5000   15.0000  -22.5000 2830.3787   11.3407
    0.0000   15.0000  -22.5000 2870.6755   11.1089
    7.5000   15.0000  -22.5000 2863.4758   11.1471
   -7.5000   22.5000  -22.5000 2799.0591   11.6638
    0.0000   22.5000  -22.5000 2838.2004   11.4607
    7.5000   22.5000  -22.5000 2830.4097   11.4894
   -7.5000   30.0000  -22.5000 2739.6941   12.1909
    0.0000   30.0000  -22.5000 2776.5859   11.9851
    7.5000   30.0000  -22.5000 2771.8113   12.0093
   -7.5000   37.5000  -22.5000 2651.0510   12.9897
    0.0000   37.5000  -22.5000 2685.1770   12.7642
    7.5000   37.5000  -22.5000 2687.4309   12.7838
   -7.5000   45.0000  -22.5000 2541.5640   14.0918
    0.0000   45.0000  -22.5000 2576.9292   13.8637
    7.5000   45.0000  -22.5000 2573.6252   13.8507
   -7.5000  -45.0000  -15.0000 2286.6619   17.5639
    0.0000  -45.0000  -15.0000 2306.6763   17.2720
    7.5000  -45.0000  -15.0000 2304.1641   17.3499
   -7.5000  -37.5000  -15.0000 2425.5176   15.6073
    0.0000  -37.5000  -15.0000 2445.5000   15.3355
    7.5000  -37.5000  -15.0000 2445.2852   15.3968
   -7.5000  -30.0000  -15.0000 2543.0093   14.0765
    0.0000  -30.0000  -15.0000 2567.2734   13.8061
    7.5000  -30.0000  -15.0000 2569.3218   13.8430
   -7.5000  -22.5000  -15.0000 2645.5720   12.8297
    0.0000  -22.5000  -15.0000 2671.8442   12.5884
    7.5000  -22.5000  -15.0000 2675.4214   12.6311
   -7.5000  -15.0000  -15.0000 2740.8044   11.9200
    0.0000  -15.0000  -15.0000 2773.7124   11.7078
    7.5000  -15.0000  -15.0000 2775.6165   11.6966
   -7.5000   -7.5000  -15.0000 2821.7817   11.2899
    0.0000   -7.5000  -15.0000 2853.0391   11.0601
    7.5000   -7.5000  -15.0000 2853.1929   11.0395
   -7.5000    0.0000  -15.0000 2876.6438   10.9225
    0.0000    0.0000  -15.0000 2912.1216   10.6483
    7.5000    0.0000  -15.0000 2906.5037   10.6349
   -7.5000    7.5000  -15.0000 2906.5393   10.8161
    0.0000    7.5000  -15.0000 2939.9038   10.4978
    7.5000    7.5000  -15.0000 2929.1233   10.5163
   -7.5000   15.0000  -15.0000 2901.1533   10.9656
    0.0000   15.0000  -15.0000 2933.7114   10.6921
    7.5000   15.0000  -15.0000 2922.7871   10.6976
   -7.5000   22.5000  -15.0000 2863.8132   11.3023
    0.0000   22.5000  -15.0000 2894.5649   11.0587
    7.5000   22.5000  -15.0000 2887.7017   11.0791
   -7.5000   30.0000  -15.0000 2802.7327   11.8488
    0.0000   30.0000  -15.0000 2833.4194   11.5892
    7.5000   30.0000  -15.0000 2832.1602   11.6215
   -7.5000   37.5000  -15.0000 2713.3201   12.6303
    0.0000   37.5000  -15.0000 2745.2625   12.3498
    7.5000   37.5000  -15.0000 2743.3418   12.4051
   -7.5000   45.0000  -15.0000 2596.9717   13.7372
    0.0000   45.0000  -15.0000 2631.8157   13.4496
    7.5000   45.0000  -15.0000 2625.6958   13.4685
   -7.5000  -45.0000   -7.5000 2274.9497   17.4435
    0.0000  -45.0000   -7.5000 2294.6501   17.1420
    7.5000  -45.0000   -7.5000 2299.4712   17.2668
   -7.5000  -37.5000   -7.5000 2412.9087   15.4458
    0.0000  -37.5000   -7.5000 2431.3018   15.1868
    7.5000  -37.5000   -7.5000 2433.9541   15.2540
   -7.5000  -30.0000   -7.5000 2533.8284   13.8977
    0.0000  -30.0000   -7.5000 2556.7261   13.6547
    7.5000  -30.0000   -7.5000 2556.0127   13.6953
   -7.5000  -22.5000   -7.5000 2647.1926   12.6692
    0.0000  -22.5000   -7.5000 2669.5483   12.4370
    7.5000  -22.5000   -7.5000 2670.3293   12.4744
   -7.5000  -15.0000   -7.5000 2757.4675   11.7411
    0.0000  -15.0000   -7.5000 2788.7485   11.5464
    7.5000  -15.0000   -7.5000 2786.0945   11.5324
   -7.5000   -7.5000   -7.5000 2852.1208   11.1074
    0.0000   -7.5000   -7.5000 2888.6101   10.9115
    7.5000   -7.5000   -7.5000 2880.4688   10.8798
   -7.5000    0.0000   -7.5000 2918.7310   10.7456
    0.0000    0.0000   -7.5000 2962.2932   10.5175
    7.5000    0.0000   -7.5000 2943.2969   10.4857
   -7.5000    7.5000   -7.5000 2950.8862   10.6469
    0.0000    7.5000   -7.5000 2994.4824   10.3215
    7.5000    7.5000   -7.5000 2969.1577   10.3170
   -7.5000   15.0000   -7.5000 2944.9216   10.7388
    0.0000   15.0000   -7.5000 2976.6550   10.4247
    7.5000   15.0000   -7.5000 2952.2734   10.4232
   -7.5000   22.5000   -7.5000 2897.9512   11.0658
    0.0000   22.5000   -7.5000 2932.3792   10.7892
    7.5000   22.5000   -7.5000 2914.8113   10.8120
   -7.5000   30.0000   -7.5000 2829.6023   11.5898
    0.0000   30.0000   -7.5000 2865.5452   11.3223
    7.5000   30.0000   -7.5000 2859.3953   11.3512
   -7.5000   37.5000   -7.5000 2739.9556   12.3759
    0.0000   37.5000   -7.5000 2773.7905   12.1338
    7.5000   37.5000   -7.5000 2769.6499   12.1543
   -7.5000   45.0000   -7.5000 2627.6399   13.4526
    0.0000   45.0000   -7.5000 2661.1853   13.2283
    7.5000   45.0000   -7.5000 2653.8938   13.2207
   -7.5000  -45.0000    0.0000 2255.1157   17.5758
    0.0000  -45.0000    0.0000 2276.0576   17.2692
    7.5000  -45.0000    0.0000 2274.2229   17.4737
   -7.5000  -37.5000    0.0000 2389.4480   15.5402
    0.0000  -37.5000    0.0000 2410.4128   15.2562
    7.5000  -37.5000    0.0000 2407.1787   15.4128
   -7.5000  -30.0000    0.0000 2507.9387   13.9534
    0.0000  -30.0000    0.0000 2529.2578   13.7107
    7.5000  -30.0000    0.0000 2526.5144   13.7854
   -7.5000  -22.5000    0.0000 2633.7434   12.7004
    0.0000  -22.5000    0.0000 2657.5325   12.4444
    7.5000  -22.5000    0.0000 2649.4917   12.5221
   -7.5000  -15.0000    0.0000 2749.7874   11.7318
    0.0000  -15.0000    0.0000 2778.7368   11.5330
    7.5000  -15.0000    0.0000 2769.2126   11.5623
   -7.5000   -7.5000    0.0000 2853.8401   11.1238
    0.0000   -7.5000    0.0000 2901.0552   10.9826
    7.5000   -7.5000    0.0000 2873.1982   10.9478
   -7.5000    0.0000    0.0000 2930.1411   10.7939
    0.0000    0.0000    0.0000 2995.8198   10.6886
    7.5000    0.0000    0.0000 2956.6035   10.6245
   -7.5000    7.5000    0.0000 2971.0413   10.6464
    0.0000    7.5000    0.0000 3041.2966   10.4747
    7.5000    7.5000    0.0000 2995.9883   10.4462
   -7.5000   15.0000    0.0000 2957.6741   10.6900
    0.0000   15.0000    0.0000 3004.9424   10.4621
    7.5000   15.0000    0.0000 2969.7053   10.4502
   -7.5000   22.5000    0.0000 2912.3806   10.9815
    0.0000   22.5000    0.0000 2949.8789   10.7230
    7.5000   22.5000    0.0000 2926.8083   10.7436
   -7.5000   30.0000    0.0000 2835.5728   11.5173
    0.0000   30.0000    0.0000 2867.1052   11.2855
    7.5000   30.0000    0.0000 2856.3167   11.2668
   -7.5000   37.5000    0.0000 2742.3455   12.3128
    0.0000   37.5000    0.0000 2772.5999   12.0841
    7.5000   37.5000    0.0000 2766.9319   12.0651
   -7.5000   45.0000    0.0000 2628.7466   13.3745
    0.0000   45.0000    0.0000 2660.5544   13.1755
    7.5000   45.0000    0.0000 2651.1375   13.1423
   -7.5000  -45.0000    7.5000 2233.1160   17.9050
    0.0000  -45.0000    7.5000 2253.1350   17.5627
    7.5000  -45.0000    7.5000 2245.4543   17.8079
   -7.5000  -37.5000    7.5000 2362.9307   15.8068
    0.0000  -37.5000    7.5000 2383.6938   15.4861
    7.5000  -37.5000    7.5000 2374.7317   15.7056
   -7.5000  -30.0000    7.5000 2483.7285   14.1884
    0.0000  -30.0000    7.5000 2500.7241   13.9070
    7.5000  -30.0000    7.5000 2493.5815   14.0680
   -7.5000  -22.5000    7.5000 2610.1604   12.9150
    0.0000  -22.5000    7.5000 2632.4924   12.7000
    7.5000  -22.5000    7.5000 2620.9250   12.8223
   -7.5000  -15.0000    7.5000 2718.6387   11.9506
    0.0000  -15.0000    7.5000 2749.6523   11.7945
    7.5000  -15.0000    7.5000 2736.7634   11.8728
   -7.5000   -7.5000    7.5000 2825.7756   11.3304
    0.0000   -7.5000    7.5000 2875.2715   11.2620
    7.5000   -7.5000    7.5000 2847.8066   11.2664
   -7.5000    0.0000    7.5000 2907.7830   10.9731
    0.0000    0.0000    7.5000 2974.4136   10.9084
    7.5000    0.0000    7.5000 2937.1714   10.8975
   -7.5000    7.5000    7.5000 2960.0872   10.7678
    0.0000    7.5000    7.5000 3026.2793   10.5893
    7.5000    7.5000    7.5000 2979.4817   10.6479
   -7.5000   15.0000    7.5000 2949.7446   10.7875
    0.0000   15.0000    7.5000 2992.8333   10.5966
    7.5000   15.0000    7.5000 2962.8320   10.6613
   -7.5000   22.5000    7.5000 2907.7388   11.1046
    0.0000   22.5000    7.5000 2945.2080   10.9260
    7.5000   22.5000    7.5000 2919.2891   10.9608
   -7.5000   30.0000    7.5000 2825.4895   11.6579
    0.0000   30.0000    7.5000 2851.2720   11.4643
    7.5000   30.0000    7.5000 2838.5789   11.4703
   -7.5000   37.5000    7.5000 2726.4822   12.4481
    0.0000   37.5000    7.5000 2750.8757   12.2186
    7.5000   37.5000    7.5000 2744.1924   12.2050
   -7.5000   45.0000    7.5000 2608.9727   13.4720
    0.0000   45.0000    7.5000 2640.2539   13.2546
    7.5000   45.0000    7.5000 2631.3752   13.2261
   -7.5000  -45.0000   15.0000 2202.1028   18.4164
    0.0000  -45.0000   15.0000 2219.3801   18.1171
    7.5000  -45.0000   15.0000 2209.9819   18.3598
   -7.5000  -37.5000   15.0000 2333.2144   16.2878
    0.0000  -37.5000   15.0000 2349.8081   16.0207
    7.5000  -37.5000   15.0000 2339.6292   16.2652
   -7.5000  -30.0000   15.0000 2456.3054   14.6302
    0.0000  -30.0000   15.0000 2472.6875   14.4189
    7.5000  -30.0000   15.0000 2460.7517   14.6400
   -7.5000  -22.5000   15.0000 2575.6829   13.3700
    0.0000  -22.5000   15.0000 2595.6150   13.1795
    7.5000  -22.5000   15.0000 2584.1956   13.3570
   -7.5000  -15.0000   15.0000 2683.0637   12.3816
    0.0000  -15.0000   15.0000 2707.0081   12.2013
    7.5000  -15.0000   15.0000 2699.0391   12.3581
   -7.5000   -7.5000   15.0000 2786.0464   11.7219
    0.0000   -7.5000   15.0000 2821.9016   11.5379
    7.5000   -7.5000   15.0000 2808.8582   11.6640
   -7.5000    0.0000   15.0000 2864.2217   11.2865
    0.0000    0.0000   15.0000 2912.5867   11.0686
    7.5000    0.0000   15.0000 2892.1687   11.1958
   -7.5000    7.5000   15.0000 2912.8872   11.0491
    0.0000    7.5000   15.0000 2957.2996   10.7537
    7.5000    7.5000   15.0000 2934.1445   10.9149
   -7.5000   15.0000   15.0000 2902.2095   11.1024
    0.0000   15.0000   15.0000 2944.8372   10.8874
    7.5000   15.0000   15.0000 2922.8479   10.9767
   -7.5000   22.5000   15.0000 2870.2258   11.4288
    0.0000   22.5000   15.0000 2905.0024   11.2558
    7.5000   22.5000   15.0000 2881.5173   11.3088
   -7.5000   30.0000   15.0000 2790.4443   11.9801
    0.0000   30.0000   15.0000 2816.7332   11.8213
    7.5000   30.0000   15.0000 2804.2537   11.8423
   -7.5000   37.5000   15.0000 2688.2471   12.7714
    0.0000   37.5000   15.0000 2713.1353   12.5891
    7.5000   37.5000   15.0000 2706.5237   12.5965
   -7.5000   45.0000   15.0000 2577.9590   13.7638
    0.0000   45.0000   15.0000 2602.6702   13.5726
    7.5000   45.0000   15.0000 2597.0620   13.5397
   -7.5000  -45.0000   22.5000 2161.6104   19.1432
    0.0000  -45.0000   22.5000 2177.8252   18.9608
    7.5000  -45.0000   22.5000 2166.0623   19.2767
   -7.5000  -37.5000   22.5000 2298.2971   17.0014
    0.0000  -37.5000   22.5000 2315.4915   16.7882
    7.5000  -37.5000   22.5000 2298.1467   17.0714
   -7.5000  -30.0000   22.5000 2420.8596   15.3349
    0.0000  -30.0000   22.5000 2437.4248   15.1076
    7.5000  -30.0000   22.5000 2419.8081   15.3807
   -7.5000  -22.5000   22.5000 2532.1990   13.9568
    0.0000  -22.5000   22.5000 2551.7046   13.7323
    7.5000  -22.5000   22.5000 2538.6462   14.0081
   -7.5000  -15.0000   22.5000 2641.2380   12.9288
    0.0000  -15.0000   22.5000 2662.1553   12.7014
    7.5000  -15.0000   22.5000 2653.6375   12.9396
   -7.5000   -7.5000   22.5000 2740.0627   12.2155
    0.0000   -7.5000   22.5000 2767.5957   11.9748
    7.5000   -7.5000   22.5000 2755.2129   12.1519
   -7.5000    0.0000   22.5000 2812.3030   11.7379
    0.0000    0.0000   22.5000 2843.7507   11.4427
    7.5000    0.0000   22.5000 2827.6338   11.6400
   -7.5000    7.5000   22.5000 2847.4778   11.4620
    0.0000    7.5000   22.5000 2879.9749   11.1924
    7.5000    7.5000   22.5000 2863.8271   11.3491
   -7.5000   15.0000   22.5000 2840.3325   11.5532
    0.0000   15.0000   22.5000 2873.5374   11.3166
    7.5000   15.0000   22.5000 2862.6440   11.4378
   -7.5000   22.5000   22.5000 2808.7634   11.8760
    0.0000   22.5000   22.5000 2837.9263   11.6960
    7.5000   22.5000   22.5000 2822.5962   11.7727
   -7.5000   30.0000   22.5000 2735.4858   12.4470
    0.0000   30.0000   22.5000 2764.3423   12.2698
    7.5000   30.0000   22.5000 2749.4717   12.3132
   -7.5000   37.5000   22.5000 2639.2498   13.2160
    0.0000   37.5000   22.5000 2663.8853   13.0471
    7.5000   37.5000   22.5000 2659.2502   13.0812
   -7.5000   45.0000   22.5000 2527.3977   14.2020
    0.0000   45.0000   22.5000 2555.0481   14.0314
    7.5000   45.0000   22.5000 2550.7278   14.0276
   -7.5000  -45.0000   30.0000 2108.0459   20.1696
    0.0000  -45.0000   30.0000 2122.6128   20.0064
    7.5000  -45.0000   30.0000 2112.1301   20.3710
   -7.5000  -37.5000   30.0000 2245.3418   17.8977
    0.0000  -37.5000   30.0000 2261.4561   17.6875
    7.5000  -37.5000   30.0000 2243.8979   18.0111
   -7.5000  -30.0000   30.0000 2371.6440   16.1231
    0.0000  -30.0000   30.0000 2386.0525   15.8636
    7.5000  -30.0000   30.0000 2364.0415   16.1692
   -7.5000  -22.5000   30.0000 2484.2964   14.6867
    0.0000  -22.5000   30.0000 2504.2502   14.4461
    7.5000  -22.5000   30.0000 2486.3198   14.7543
   -7.5000  -15.0000   30.0000 2590.0076   13.5987
    0.0000  -15.0000   30.0000 2613.3242   13.3626
    7.5000  -15.0000   30.0000 2596.5156   13.6102
   -7.5000   -7.5000   30.0000 2679.5256   12.8481
    0.0000   -7.5000   30.0000 2708.5371   12.5880
    7.5000   -7.5000   30.0000 2691.9143   12.8042
   -7.5000    0.0000   30.0000 2743.0872   12.3381
    0.0000    0.0000   30.0000 2769.7388   12.0768
    7.5000    0.0000   30.0000 2753.5261   12.2528
   -7.5000    7.5000   30.0000 2767.7979   12.0939
    0.0000    7.5000   30.0000 2793.5068   11.8607
    7.5000    7.5000   30.0000 2777.2527   11.9979
   -7.5000   15.0000   30.0000 2760.0312   12.1908
    0.0000   15.0000   30.0000 2786.2373   11.9640
    7.5000   15.0000   30.0000 2777.0813   12.0688
   -7.5000   22.5000   30.0000 2727.2134   12.5102
    0.0000   22.5000   30.0000 2754.4846   12.3096
    7.5000   22.5000   30.0000 2743.2051   12.3947
   -7.5000   30.0000   30.0000 2664.4294   13.0499
    0.0000   30.0000   30.0000 2693.0188   12.8458
    7.5000   30.0000   30.0000 2676.3347   12.9260
   -7.5000   37.5000   30.0000 2574.7957   13.8073
    0.0000   37.5000   30.0000 2598.6174   13.6208
    7.5000   37.5000   30.0000 2593.5806   13.6832
   -7.5000   45.0000   30.0000 2469.5803   14.8159
    0.0000   45.0000   30.0000 2494.4246   14.6421
    7.5000   45.0000   30.0000 2492.3262   14.6628
   -7.5000  -45.0000   37.5000 2052.3147   21.4864
    0.0000  -45.0000   37.5000 2069.1189   21.3868
    7.5000  -45.0000   37.5000 2053.3994   21.6797
   -7.5000  -37.5000   37.5000 2185.3616   18.9783
    0.0000  -37.5000   37.5000 2207.9624   18.8176
    7.5000  -37.5000   37.5000 2187.4661   19.1335
   -7.5000  -30.0000   37.5000 2312.9460   17.0743
    0.0000  -30.0000   37.5000 2331.1404   16.8787
    7.5000  -30.0000   37.5000 2304.4045   17.1651
   -7.5000  -22.5000   37.5000 2427.1963   15.5951
    0.0000  -22.5000   37.5000 2449.9856   15.4128
    7.5000  -22.5000   37.5000 2423.9473   15.6622
   -7.5000  -15.0000   37.5000 2524.4387   14.4920
    0.0000  -15.0000   37.5000 2551.9011   14.2726
    7.5000  -15.0000   37.5000 2527.8037   14.4784
   -7.5000   -7.5000   37.5000 2604.1128   13.6466
    0.0000   -7.5000   37.5000 2635.8975   13.4419
    7.5000   -7.5000   37.5000 2611.8223   13.6245
   -7.5000    0.0000   37.5000 2658.6121   13.1400
    0.0000    0.0000   37.5000 2689.4841   12.9458
    7.5000    0.0000   37.5000 2662.9141   13.0886
   -7.5000    7.5000   37.5000 2680.7314   12.9197
    0.0000    7.5000   37.5000 2704.1292   12.7459
    7.5000    7.5000   37.5000 2684.1936   12.8404
   -7.5000   15.0000   37.5000 2670.8389   13.0032
    0.0000   15.0000   37.5000 2696.2556   12.8238
    7.5000   15.0000   37.5000 2685.6074   12.9119
   -7.5000   22.5000   37.5000 2641.9800   13.2924
    0.0000   22.5000   37.5000 2669.6260   13.1198
    7.5000   22.5000   37.5000 2655.2449   13.2076
   -7.5000   30.0000   37.5000 2582.8755   13.7928
    0.0000   30.0000   37.5000 2616.1465   13.5964
    7.5000   30.0000   37.5000 2596.3262   13.6946
   -7.5000   37.5000   37.5000 2503.1055   14.5345
    0.0000   37.5000   37.5000 2530.2783   14.3589
    7.5000   37.5000   37.5000 2520.5613   14.4306
   -7.5000   45.0000   37.5000 2400.2339   15.5671
    0.0000   45.0000   37.5000 2424.2998   15.4004
    7.5000   45.0000   37.5000 2420.7620   15.4415
   -7.5000  -45.0000   45.0000 1989.2504   23.0762
    0.0000  -45.0000   45.0000 2007.5485   23.0652
    7.5000  -45.0000   45.0000 1989.9977   23.2717
   -7.5000  -37.5000   45.0000 2121.3730   20.3548
    0.0000  -37.5000   45.0000 2143.1514   20.3128
    7.5000  -37.5000   45.0000 2119.2087   20.5608
   -7.5000  -30.0000   45.0000 2241.9644   18.3226
    0.0000  -30.0000   45.0000 2264.0312   18.2299
    7.5000  -30.0000   45.0000 2234.4180   18.4261
   -7.5000  -22.5000   45.0000 2358.1372   16.7639
    0.0000  -22.5000   45.0000 2381.7573   16.6497
    7.5000  -22.5000   45.0000 2347.9067   16.8090
   -7.5000  -15.0000   45.0000 2450.7856   15.5671
    0.0000  -15.0000   45.0000 2476.6938   15.4073
    7.5000  -15.0000   45.0000 2447.0398   15.5972
   -7.5000   -7.5000   45.0000 2520.7258   14.6645
    0.0000   -7.5000   45.0000 2545.4888   14.5047
    7.5000   -7.5000   45.0000 2519.6868   14.6464
   -7.5000    0.0000   45.0000 2562.3333   14.1367
    0.0000    0.0000   45.0000 2591.6121   14.0168
    7.5000    0.0000   45.0000 2565.3579   14.1229
   -7.5000    7.5000   45.0000 2579.0132   13.9263
    0.0000    7.5000   45.0000 2605.1794   13.8056
    7.5000    7.5000   45.0000 2590.0864   13.8869
   -7.5000   15.0000   45.0000 2572.9031   13.9868
    0.0000   15.0000   45.0000 2598.7415   13.8479
    7.5000   15.0000   45.0000 2586.7942   13.9181
   -7.5000   22.5000   45.0000 2546.0681   14.2724
    0.0000   22.5000   45.0000 2570.3979   14.1482
    7.5000   22.5000   45.0000 2560.3335   14.2159
   -7.5000   30.0000   45.0000 2497.3037   14.7072
    0.0000   30.0000   45.0000 2527.3391   14.5542
    7.5000   30.0000   45.0000 2508.8027   14.6122
   -7.5000   37.5000   45.0000 2424.3101   15.4545
    0.0000   37.5000   45.0000 2456.7021   15.2736
    7.5000   37.5000   45.0000 2438.1772   15.3310
   -7.5000   45.0000   45.0000 2322.9570   16.5266
    0.0000   45.0000   45.0000 2350.0991   16.3565
    7.5000   45.0000   45.0000 2342.5103   16.3685

---------------------------------------------------------------------
imgreg_4dfp /opt/freesurfer/average/711-2C_as_mni_average_305 /opt/freesurfer/average/711-2B_as_mni_average_305_mask talsrcimg_g11 none talsrcimg_to_711-2C_as_mni_average_305_t4 1283
---------------------------------------------------------------------

freesurfer imgreg_4dfp.c
/opt/freesurfer/average/711-2C_as_mni_average_305.4dfp.img
       256       256       256         1
  1.000000  1.000000  1.000000
orientation T byte_order littleendian
Reading image: /opt/freesurfer/average/711-2C_as_mni_average_305.4dfp.img
dimensions:      256       256       256
mmppix:       1.0000   -1.0000   -1.0000
center:     128.0000 -129.0000 -129.0000
/opt/freesurfer/average/711-2B_as_mni_average_305_mask.4dfp.img
       256       256       256         1
  1.000000  1.000000  1.000000
orientation T byte_order littleendian
Reading mask: /opt/freesurfer/average/711-2B_as_mni_average_305_mask.4dfp.img (2306576 pixels)
talsrcimg_g11.4dfp.img
       256       256       256         1
  1.000000  1.000000  1.000000
orientation T byte_order littleendian
Reading image: talsrcimg_g11.4dfp.img
dimensions:      256       256       256
mmppix:       1.0000   -1.0000   -1.0000
center:     128.0000 -129.0000 -129.0000
rotation matrix determinant  1.000000
fimgreg.f
image alignment mode   1283 decimal      503 hex
parameters
    0.0000    7.5000    0.0000    0.0000    0.0000    0.0000
eta,q 0.95355 10.48835
niter,ni,del,rscale     5    3   12.0000    1.2000
parameter  4  0.864778 ->  0.500000 qaram    1.1500
parameters
    1.3376    6.5458    1.4485   -3.4500    0.7847    0.8219
eta,q 0.95909 10.50960
  0.0667  0.0509  0.0584  0.0418  0.0517  0.0491
  0.0590  0.0468  0.0529  0.0408  0.0466  0.0453
  0.0517  0.0452  0.0479  0.0420  0.0429  0.0425
  0.0463  0.0450  0.0449  0.0438  0.0410  0.0411
  0.0456  0.0472  0.0441  0.0465  0.0420  0.0411
  0.0493  0.0509  0.0461  0.0493  0.0442  0.0427
  0.0554  0.0552  0.0501  0.0527  0.0470  0.0459
niter,ni,del,rscale     5    3   12.0000    1.2000
parameters
    1.2382    7.6728    1.1020   -4.7694    0.9004    0.3378
eta,q 0.95929 10.49001
  0.0582  0.0565  0.0489  0.0446  0.0486  0.0462
  0.0490  0.0489  0.0445  0.0428  0.0441  0.0433
  0.0427  0.0437  0.0413  0.0412  0.0409  0.0415
  0.0409  0.0409  0.0404  0.0404  0.0406  0.0407
  0.0438  0.0408  0.0426  0.0424  0.0422  0.0417
  0.0505  0.0439  0.0463  0.0457  0.0442  0.0446
  0.0586  0.0478  0.0505  0.0499  0.0473  0.0487
niter,ni,del,rscale     4    3   12.0000    1.2000
parameters
    1.3442    8.5062    0.6635   -6.3350    1.4699   -0.4352
eta,q 0.95866 10.47265
  0.0588  0.0538  0.0483  0.0435  0.0494  0.0456
  0.0493  0.0472  0.0438  0.0416  0.0446  0.0430
  0.0426  0.0424  0.0412  0.0413  0.0417  0.0416
  0.0407  0.0407  0.0409  0.0408  0.0412  0.0414
  0.0431  0.0417  0.0428  0.0415  0.0418  0.0423
  0.0491  0.0441  0.0462  0.0448  0.0433  0.0448
  0.0569  0.0476  0.0499  0.0488  0.0463  0.0488
niter,ni,del,rscale     3    3   12.0000    1.2000
parameters
    1.0173    9.5122    0.1567   -8.6792    2.2181   -0.6328
eta,q 0.96050 10.48616
  0.0559  0.0532  0.0479  0.0420  0.0491  0.0455
  0.0469  0.0465  0.0431  0.0396  0.0445  0.0420
  0.0416  0.0425  0.0406  0.0395  0.0410  0.0399
  0.0413  0.0411  0.0409  0.0406  0.0395  0.0395
  0.0447  0.0410  0.0430  0.0418  0.0401  0.0406
  0.0505  0.0427  0.0458  0.0444  0.0420  0.0429
  0.0577  0.0468  0.0494  0.0483  0.0452  0.0460
niter,ni,del,rscale     2    3   12.0000    1.2000
parameters
    0.5085   10.6708   -0.3607   -9.5946    2.7151   -0.7670
eta,q 0.96273 10.42124
  0.0542  0.0531  0.0471  0.0438  0.0482  0.0445
  0.0450  0.0466  0.0419  0.0396  0.0429  0.0406
  0.0398  0.0418  0.0387  0.0369  0.0389  0.0380
  0.0395  0.0391  0.0381  0.0380  0.0373  0.0373
  0.0436  0.0380  0.0408  0.0401  0.0381  0.0387
  0.0502  0.0409  0.0450  0.0429  0.0407  0.0415
  0.0582  0.0456  0.0496  0.0467  0.0452  0.0447
niter,ni,del,rscale     1    3   12.0000    1.2000
parameters
    0.3619   11.0854   -0.3910   -9.8719    2.8671   -0.8465
eta,q 0.96323 10.40777
  0.0551  0.0501  0.0485  0.0453  0.0471  0.0444
  0.0453  0.0444  0.0424  0.0407  0.0417  0.0404
  0.0386  0.0403  0.0384  0.0368  0.0379  0.0375
  0.0373  0.0372  0.0369  0.0369  0.0367  0.0368
  0.0407  0.0379  0.0387  0.0392  0.0380  0.0382
  0.0471  0.0425  0.0431  0.0419  0.0411  0.0411
  0.0558  0.0474  0.0484  0.0459  0.0460  0.0443
registration optimization eta report
parameter search radius
    6.0000    6.0000    6.0000    6.9000    6.0000    6.0000
100000*second partial in parameter space
       50.       31.       32.       18.       27.       21.
  0.0551  0.0501  0.0485  0.0453  0.0471  0.0444
  0.0453  0.0444  0.0424  0.0407  0.0417  0.0404
  0.0386  0.0403  0.0384  0.0368  0.0379  0.0375
  0.0373  0.0372  0.0369  0.0369  0.0367  0.0368
  0.0407  0.0379  0.0387  0.0392  0.0380  0.0382
  0.0471  0.0425  0.0431  0.0419  0.0411  0.0411
  0.0558  0.0474  0.0484  0.0459  0.0460  0.0443
    0.3619   11.0854   -0.3910   -9.8719    2.8671   -0.8465
eta,q 0.96323 10.40777

---------------------------------------------------------------------
imgreg_4dfp /opt/freesurfer/average/711-2C_as_mni_average_305 /opt/freesurfer/average/711-2B_as_mni_average_305_mask talsrcimg_g11 none talsrcimg_to_711-2C_as_mni_average_305_t4 3335
---------------------------------------------------------------------

freesurfer imgreg_4dfp.c
/opt/freesurfer/average/711-2C_as_mni_average_305.4dfp.img
       256       256       256         1
  1.000000  1.000000  1.000000
orientation T byte_order littleendian
Reading image: /opt/freesurfer/average/711-2C_as_mni_average_305.4dfp.img
dimensions:      256       256       256
mmppix:       1.0000   -1.0000   -1.0000
center:     128.0000 -129.0000 -129.0000
/opt/freesurfer/average/711-2B_as_mni_average_305_mask.4dfp.img
       256       256       256         1
  1.000000  1.000000  1.000000
orientation T byte_order littleendian
Reading mask: /opt/freesurfer/average/711-2B_as_mni_average_305_mask.4dfp.img (2306576 pixels)
talsrcimg_g11.4dfp.img
       256       256       256         1
  1.000000  1.000000  1.000000
orientation T byte_order littleendian
Reading image: talsrcimg_g11.4dfp.img
dimensions:      256       256       256
mmppix:       1.0000   -1.0000   -1.0000
center:     128.0000 -129.0000 -129.0000
fimgreg.f
image alignment mode   3335 decimal      D07 hex
parameters
    0.3619   11.0854   -0.3910   -0.1361   -1.5041   -1.6040
    2.3130   -4.6741   -1.4755   17.2156    5.0020  -17.1232
eta,q 0.96328 10.50045
niter,ni,del,rscale     5    3    5.0000    1.2000
parameter  4  1.227441 ->  0.500000 qaram    1.1500
parameter  5  2.448700 ->  0.500000 qaram    1.1500
parameter  6  0.506102 ->  0.500000 qaram    1.1500
parameter 12 -0.513547 -> -0.500000 qaram    1.1500
parameters
   -0.1220   11.3267   -0.0259   -4.2761   -5.6441   -5.7440
    3.0391   -3.9465    0.0139   16.7454    5.5875  -12.9832
eta,q 0.97345 10.33334
  0.0387  0.0388  0.0391  0.0321  0.0258  0.0279  0.0308  0.0332  0.0305  0.0300  0.0285  0.0297
  0.0373  0.0376  0.0379  0.0324  0.0273  0.0274  0.0291  0.0303  0.0290  0.0284  0.0277  0.0285
  0.0366  0.0369  0.0370  0.0339  0.0298  0.0271  0.0278  0.0282  0.0278  0.0273  0.0272  0.0276
  0.0367  0.0365  0.0365  0.0365  0.0327  0.0279  0.0272  0.0272  0.0271  0.0270  0.0270  0.0269
  0.0376  0.0366  0.0366  0.0398  0.0358  0.0301  0.0274  0.0274  0.0270  0.0277  0.0270  0.0266
  0.0391  0.0371  0.0371  0.0436  0.0393  0.0336  0.0282  0.0288  0.0275  0.0290  0.0273  0.0266
  0.0412  0.0380  0.0380  0.0474  0.0430  0.0375  0.0296  0.0313  0.0286  0.0309  0.0281  0.0269
niter,ni,del,rscale     7    3    5.0000    1.2000
parameter  5  0.857723 ->  0.500000 qaram    1.3225
parameters
    0.0978   11.1204   -0.6056   -6.0731  -10.4051   -6.3958
    2.7414   -4.0823   -0.1829   16.0326    5.5608  -14.7314
eta,q 0.97536 10.13083
  0.0312  0.0289  0.0274  0.0292  0.0243  0.0274  0.0273  0.0291  0.0267  0.0271  0.0256  0.0255
  0.0288  0.0276  0.0267  0.0277  0.0244  0.0261  0.0258  0.0267  0.0256  0.0257  0.0251  0.0249
  0.0272  0.0267  0.0264  0.0266  0.0250  0.0252  0.0249  0.0252  0.0249  0.0249  0.0248  0.0247
  0.0266  0.0265  0.0265  0.0264  0.0263  0.0245  0.0247  0.0247  0.0247  0.0247  0.0247  0.0247
  0.0268  0.0270  0.0270  0.0277  0.0288  0.0247  0.0251  0.0253  0.0249  0.0252  0.0248  0.0250
  0.0279  0.0282  0.0278  0.0303  0.0318  0.0262  0.0262  0.0269  0.0257  0.0264  0.0251  0.0257
  0.0298  0.0299  0.0290  0.0338  0.0351  0.0294  0.0276  0.0294  0.0270  0.0284  0.0256  0.0265
niter,ni,del,rscale     7    3    5.0000    1.2000
parameters
    0.1593   10.9259   -0.7399   -5.6944  -12.8047   -6.3290
    2.6350   -4.1026   -0.3488   16.1593    5.6696  -15.3920
eta,q 0.97589 10.06501
  0.0285  0.0267  0.0259  0.0286  0.0266  0.0271  0.0269  0.0287  0.0262  0.0272  0.0250  0.0253
  0.0265  0.0254  0.0251  0.0271  0.0247  0.0257  0.0253  0.0263  0.0250  0.0255  0.0245  0.0245
  0.0251  0.0248  0.0247  0.0257  0.0241  0.0248  0.0244  0.0247  0.0243  0.0245  0.0242  0.0242
  0.0246  0.0246  0.0246  0.0246  0.0245  0.0241  0.0241  0.0241  0.0241  0.0241  0.0241  0.0241
  0.0250  0.0250  0.0248  0.0246  0.0255  0.0239  0.0246  0.0247  0.0244  0.0244  0.0242  0.0244
  0.0262  0.0260  0.0253  0.0260  0.0277  0.0250  0.0255  0.0263  0.0252  0.0254  0.0245  0.0249
  0.0281  0.0274  0.0261  0.0285  0.0310  0.0278  0.0269  0.0288  0.0263  0.0270  0.0250  0.0257
niter,ni,del,rscale     6    3    5.0000    1.2000
parameters
    0.1327   10.8739   -0.7457   -5.5595  -12.8671   -6.3057
    2.6994   -4.1198   -0.3508   16.2292    5.7535  -15.4018
eta,q 0.97593 10.06956
  0.0278  0.0267  0.0255  0.0279  0.0284  0.0271  0.0270  0.0287  0.0262  0.0271  0.0250  0.0256
  0.0257  0.0252  0.0247  0.0264  0.0260  0.0257  0.0254  0.0262  0.0250  0.0255  0.0245  0.0247
  0.0245  0.0243  0.0242  0.0251  0.0244  0.0247  0.0243  0.0246  0.0243  0.0245  0.0242  0.0242
  0.0241  0.0241  0.0241  0.0241  0.0241  0.0241  0.0241  0.0241  0.0241  0.0241  0.0241  0.0241
  0.0246  0.0245  0.0243  0.0242  0.0247  0.0239  0.0245  0.0246  0.0243  0.0244  0.0242  0.0242
  0.0259  0.0254  0.0247  0.0257  0.0259  0.0250  0.0254  0.0262  0.0250  0.0254  0.0244  0.0247
  0.0279  0.0269  0.0255  0.0283  0.0285  0.0278  0.0268  0.0288  0.0262  0.0270  0.0250  0.0255
niter,ni,del,rscale     5    3    5.0000    1.2000
parameters
    0.1205   10.8746   -0.7481   -5.5452  -12.8727   -6.3019
    2.7069   -4.1308   -0.3618   16.2344    5.7586  -15.4010
eta,q 0.97593 10.07007
  0.0278  0.0268  0.0255  0.0278  0.0285  0.0271  0.0269  0.0287  0.0262  0.0271  0.0250  0.0256
  0.0257  0.0253  0.0246  0.0263  0.0260  0.0257  0.0253  0.0262  0.0250  0.0254  0.0245  0.0247
  0.0245  0.0244  0.0242  0.0250  0.0244  0.0247  0.0243  0.0246  0.0243  0.0244  0.0242  0.0242
  0.0241  0.0241  0.0241  0.0241  0.0241  0.0241  0.0241  0.0241  0.0241  0.0241  0.0241  0.0241
  0.0245  0.0244  0.0243  0.0243  0.0247  0.0239  0.0245  0.0246  0.0243  0.0244  0.0242  0.0242
  0.0258  0.0253  0.0247  0.0258  0.0259  0.0250  0.0254  0.0262  0.0250  0.0254  0.0244  0.0247
  0.0278  0.0267  0.0254  0.0284  0.0285  0.0278  0.0268  0.0288  0.0262  0.0271  0.0250  0.0255
registration optimization eta report
parameter search radius
    2.4000    2.4000    2.4000    8.2800    9.5220    8.2800
    7.2000    7.2000    7.2000    7.2000    7.2000    8.2800
100000*second partial in parameter space
       64.       47.       24.        6.        5.        5.
        5.        9.        4.        6.        2.        2.
  0.0278  0.0268  0.0255  0.0278  0.0285  0.0271  0.0269  0.0287  0.0262  0.0271  0.0250  0.0256
  0.0257  0.0253  0.0246  0.0263  0.0260  0.0257  0.0253  0.0262  0.0250  0.0254  0.0245  0.0247
  0.0245  0.0244  0.0242  0.0250  0.0244  0.0247  0.0243  0.0246  0.0243  0.0244  0.0242  0.0242
  0.0241  0.0241  0.0241  0.0241  0.0241  0.0241  0.0241  0.0241  0.0241  0.0241  0.0241  0.0241
  0.0245  0.0244  0.0243  0.0243  0.0247  0.0239  0.0245  0.0246  0.0243  0.0244  0.0242  0.0242
  0.0258  0.0253  0.0247  0.0258  0.0259  0.0250  0.0254  0.0262  0.0250  0.0254  0.0244  0.0247
  0.0278  0.0267  0.0254  0.0284  0.0285  0.0278  0.0268  0.0288  0.0262  0.0271  0.0250  0.0255
    0.1205   10.8746   -0.7481   -5.5452  -12.8727   -6.3019
    2.7069   -4.1308   -0.3618   16.2344    5.7586  -15.4010
eta,q 0.97593 10.07007

---------------------------------------------------------------------
imgreg_4dfp /opt/freesurfer/average/711-2C_as_mni_average_305 /opt/freesurfer/average/711-2B_as_mni_average_305_mask talsrcimg_g11 none talsrcimg_to_711-2C_as_mni_average_305_t4 2311
---------------------------------------------------------------------

freesurfer imgreg_4dfp.c
/opt/freesurfer/average/711-2C_as_mni_average_305.4dfp.img
       256       256       256         1
  1.000000  1.000000  1.000000
orientation T byte_order littleendian
Reading image: /opt/freesurfer/average/711-2C_as_mni_average_305.4dfp.img
dimensions:      256       256       256
mmppix:       1.0000   -1.0000   -1.0000
center:     128.0000 -129.0000 -129.0000
/opt/freesurfer/average/711-2B_as_mni_average_305_mask.4dfp.img
       256       256       256         1
  1.000000  1.000000  1.000000
orientation T byte_order littleendian
Reading mask: /opt/freesurfer/average/711-2B_as_mni_average_305_mask.4dfp.img (2306576 pixels)
talsrcimg_g11.4dfp.img
       256       256       256         1
  1.000000  1.000000  1.000000
orientation T byte_order littleendian
Reading image: talsrcimg_g11.4dfp.img
dimensions:      256       256       256
mmppix:       1.0000   -1.0000   -1.0000
center:     128.0000 -129.0000 -129.0000
fimgreg.f
image alignment mode   2311 decimal      907 hex
parameters
    0.1205   10.8746   -0.7481   -5.5452  -12.8727   -6.3019
    2.7069   -4.1308   -0.3618   16.2344    5.7586  -15.4010
eta,q 0.97593 10.07007
niter,ni,del,rscale     5    3    5.0000    0.8000
parameters
    0.1046   10.8484   -0.8231   -4.8202  -13.2246   -5.1488
    2.5830   -4.1765   -0.3474   16.4301    5.8314  -15.7631
eta,q 0.97627 10.11583
  0.0258  0.0252  0.0246  0.0260  0.0249  0.0253  0.0250  0.0261  0.0247  0.0253  0.0243  0.0242
  0.0248  0.0246  0.0243  0.0252  0.0243  0.0247  0.0243  0.0248  0.0242  0.0245  0.0240  0.0239
  0.0242  0.0242  0.0241  0.0245  0.0240  0.0243  0.0238  0.0240  0.0238  0.0240  0.0238  0.0238
  0.0241  0.0241  0.0241  0.0241  0.0240  0.0240  0.0237  0.0237  0.0237  0.0237  0.0237  0.0237
  0.0243  0.0242  0.0242  0.0240  0.0242  0.0237  0.0239  0.0240  0.0238  0.0238  0.0238  0.0238
  0.0249  0.0246  0.0244  0.0244  0.0246  0.0239  0.0244  0.0249  0.0242  0.0243  0.0239  0.0240
  0.0258  0.0253  0.0247  0.0253  0.0251  0.0246  0.0251  0.0262  0.0247  0.0251  0.0242  0.0243
niter,ni,del,rscale     4    3    5.0000    0.7000
parameters
    0.0940   10.8439   -0.6666   -4.8537  -13.4769   -4.9590
    2.5571   -4.2101   -0.3631   16.5129    5.8653  -15.7299
eta,q 0.97632 10.11393
  0.0251  0.0247  0.0245  0.0251  0.0245  0.0247  0.0247  0.0255  0.0244  0.0249  0.0241  0.0241
  0.0243  0.0241  0.0241  0.0244  0.0240  0.0243  0.0241  0.0245  0.0240  0.0242  0.0239  0.0238
  0.0239  0.0238  0.0238  0.0239  0.0237  0.0240  0.0238  0.0239  0.0238  0.0238  0.0237  0.0237
  0.0237  0.0237  0.0237  0.0237  0.0237  0.0237  0.0237  0.0237  0.0237  0.0237  0.0237  0.0237
  0.0239  0.0238  0.0238  0.0239  0.0239  0.0237  0.0238  0.0239  0.0238  0.0238  0.0237  0.0237
  0.0244  0.0242  0.0239  0.0244  0.0242  0.0240  0.0242  0.0246  0.0240  0.0242  0.0239  0.0239
  0.0251  0.0247  0.0242  0.0252  0.0246  0.0247  0.0247  0.0256  0.0245  0.0248  0.0241  0.0241
niter,ni,del,rscale     3    3    5.0000    0.6000
parameters
    0.0894   10.8460   -0.6158   -4.8010  -13.5993   -4.7145
    2.5249   -4.2401   -0.3611   16.5361    5.8646  -15.7595
eta,q 0.97635 10.11832
  0.0247  0.0244  0.0242  0.0248  0.0243  0.0245  0.0244  0.0250  0.0242  0.0245  0.0240  0.0239
  0.0241  0.0240  0.0239  0.0243  0.0239  0.0242  0.0240  0.0243  0.0239  0.0241  0.0238  0.0238
  0.0238  0.0238  0.0237  0.0239  0.0237  0.0239  0.0237  0.0238  0.0237  0.0238  0.0237  0.0237
  0.0237  0.0237  0.0237  0.0237  0.0237  0.0237  0.0237  0.0236  0.0237  0.0236  0.0236  0.0236
  0.0238  0.0238  0.0237  0.0238  0.0238  0.0237  0.0238  0.0238  0.0237  0.0237  0.0237  0.0237
  0.0242  0.0240  0.0239  0.0242  0.0240  0.0239  0.0240  0.0243  0.0239  0.0240  0.0238  0.0238
  0.0247  0.0244  0.0241  0.0248  0.0244  0.0244  0.0244  0.0251  0.0242  0.0245  0.0240  0.0239
niter,ni,del,rscale     2    3    5.0000    0.5000
parameters
    0.0892   10.8473   -0.5511   -4.7842  -13.7417   -4.4785
    2.4899   -4.2657   -0.3685   16.5678    5.8498  -15.7539
eta,q 0.97637 10.12097
  0.0244  0.0242  0.0240  0.0244  0.0241  0.0243  0.0242  0.0246  0.0240  0.0243  0.0238  0.0238
  0.0240  0.0239  0.0238  0.0240  0.0238  0.0241  0.0239  0.0241  0.0238  0.0239  0.0237  0.0237
  0.0237  0.0237  0.0237  0.0238  0.0237  0.0238  0.0237  0.0237  0.0237  0.0237  0.0236  0.0236
  0.0237  0.0236  0.0236  0.0236  0.0236  0.0236  0.0236  0.0236  0.0236  0.0236  0.0236  0.0236
  0.0237  0.0237  0.0237  0.0237  0.0237  0.0237  0.0237  0.0238  0.0237  0.0237  0.0236  0.0236
  0.0240  0.0239  0.0238  0.0240  0.0239  0.0238  0.0239  0.0241  0.0238  0.0239  0.0237  0.0237
  0.0244  0.0242  0.0239  0.0245  0.0241  0.0242  0.0242  0.0246  0.0240  0.0242  0.0238  0.0238
niter,ni,del,rscale     1    3    5.0000    0.4000
parameters
    0.0886   10.8426   -0.4865   -4.7801  -13.8715   -4.3027
    2.4557   -4.3027   -0.3712   16.5882    5.8668  -15.6975
eta,q 0.97639 10.12175
  0.0241  0.0240  0.0239  0.0242  0.0239  0.0241  0.0240  0.0242  0.0239  0.0240  0.0238  0.0237
  0.0238  0.0238  0.0237  0.0239  0.0237  0.0239  0.0238  0.0239  0.0237  0.0238  0.0237  0.0237
  0.0237  0.0237  0.0237  0.0237  0.0236  0.0237  0.0236  0.0237  0.0236  0.0237  0.0236  0.0236
  0.0236  0.0236  0.0236  0.0236  0.0236  0.0236  0.0236  0.0236  0.0236  0.0236  0.0236  0.0236
  0.0237  0.0237  0.0236  0.0237  0.0237  0.0236  0.0237  0.0237  0.0236  0.0237  0.0236  0.0236
  0.0238  0.0238  0.0237  0.0239  0.0238  0.0238  0.0238  0.0239  0.0237  0.0238  0.0237  0.0237
  0.0241  0.0240  0.0238  0.0242  0.0240  0.0240  0.0240  0.0243  0.0239  0.0240  0.0238  0.0237
registration optimization eta report
parameter search radius
    0.8000    0.8000    0.8000    2.4000    2.4000    2.4000
    2.4000    2.4000    2.4000    2.4000    2.4000    2.4000
100000*second partial in parameter space
       73.       51.       31.        9.        6.        7.
        6.       11.        5.        7.        2.        2.
  0.0241  0.0240  0.0239  0.0242  0.0239  0.0241  0.0240  0.0242  0.0239  0.0240  0.0238  0.0237
  0.0238  0.0238  0.0237  0.0239  0.0237  0.0239  0.0238  0.0239  0.0237  0.0238  0.0237  0.0237
  0.0237  0.0237  0.0237  0.0237  0.0236  0.0237  0.0236  0.0237  0.0236  0.0237  0.0236  0.0236
  0.0236  0.0236  0.0236  0.0236  0.0236  0.0236  0.0236  0.0236  0.0236  0.0236  0.0236  0.0236
  0.0237  0.0237  0.0236  0.0237  0.0237  0.0236  0.0237  0.0237  0.0236  0.0237  0.0236  0.0236
  0.0238  0.0238  0.0237  0.0239  0.0238  0.0238  0.0238  0.0239  0.0237  0.0238  0.0237  0.0237
  0.0241  0.0240  0.0238  0.0242  0.0240  0.0240  0.0240  0.0243  0.0239  0.0240  0.0238  0.0237
    0.0886   10.8426   -0.4865   -4.7801  -13.8715   -4.3027
    2.4557   -4.3027   -0.3712   16.5882    5.8668  -15.6975
eta,q 0.97639 10.12175

---------------------------------------------------------------------
imgreg_4dfp /opt/freesurfer/average/711-2C_as_mni_average_305 /opt/freesurfer/average/711-2B_as_mni_average_305_mask talsrcimg_g11 none talsrcimg_to_711-2C_as_mni_average_305_t4 2311
---------------------------------------------------------------------

freesurfer imgreg_4dfp.c
/opt/freesurfer/average/711-2C_as_mni_average_305.4dfp.img
       256       256       256         1
  1.000000  1.000000  1.000000
orientation T byte_order littleendian
Reading image: /opt/freesurfer/average/711-2C_as_mni_average_305.4dfp.img
dimensions:      256       256       256
mmppix:       1.0000   -1.0000   -1.0000
center:     128.0000 -129.0000 -129.0000
/opt/freesurfer/average/711-2B_as_mni_average_305_mask.4dfp.img
       256       256       256         1
  1.000000  1.000000  1.000000
orientation T byte_order littleendian
Reading mask: /opt/freesurfer/average/711-2B_as_mni_average_305_mask.4dfp.img (2306576 pixels)
talsrcimg_g11.4dfp.img
       256       256       256         1
  1.000000  1.000000  1.000000
orientation T byte_order littleendian
Reading image: talsrcimg_g11.4dfp.img
dimensions:      256       256       256
mmppix:       1.0000   -1.0000   -1.0000
center:     128.0000 -129.0000 -129.0000
fimgreg.f
image alignment mode   2311 decimal      907 hex
parameters
    0.0886   10.8426   -0.4865   -4.7801  -13.8715   -4.3027
    2.4557   -4.3027   -0.3712   16.5882    5.8668  -15.6975
eta,q 0.97639 10.12175
niter,ni,del,rscale     5    3    5.0000    0.8000
parameters
    0.1012   10.8619   -0.4150   -5.0103  -13.4838   -4.8417
    2.5861   -4.2216   -0.3867   16.5051    5.8251  -15.4791
eta,q 0.97631 10.11347
  0.0255  0.0250  0.0245  0.0253  0.0251  0.0247  0.0252  0.0262  0.0247  0.0251  0.0242  0.0242
  0.0244  0.0242  0.0240  0.0245  0.0243  0.0243  0.0243  0.0248  0.0241  0.0243  0.0239  0.0239
  0.0238  0.0238  0.0237  0.0239  0.0238  0.0239  0.0238  0.0240  0.0238  0.0239  0.0237  0.0237
  0.0236  0.0236  0.0236  0.0236  0.0236  0.0236  0.0237  0.0237  0.0237  0.0237  0.0237  0.0237
  0.0238  0.0238  0.0237  0.0239  0.0238  0.0238  0.0239  0.0239  0.0238  0.0239  0.0237  0.0237
  0.0244  0.0242  0.0239  0.0246  0.0241  0.0244  0.0243  0.0247  0.0241  0.0244  0.0239  0.0239
  0.0254  0.0249  0.0243  0.0257  0.0246  0.0257  0.0249  0.0260  0.0247  0.0252  0.0242  0.0241
niter,ni,del,rscale     4    3    5.0000    0.7000
parameters
    0.0930   10.8566   -0.5508   -4.8898  -13.4840   -4.8245
    2.5582   -4.2187   -0.3728   16.4827    5.8442  -15.6389
eta,q 0.97633 10.11634
  0.0251  0.0247  0.0242  0.0251  0.0246  0.0246  0.0247  0.0256  0.0244  0.0248  0.0241  0.0240
  0.0243  0.0241  0.0239  0.0245  0.0240  0.0243  0.0241  0.0245  0.0240  0.0242  0.0239  0.0238
  0.0238  0.0238  0.0237  0.0239  0.0237  0.0240  0.0238  0.0239  0.0237  0.0238  0.0237  0.0237
  0.0237  0.0237  0.0237  0.0237  0.0237  0.0237  0.0237  0.0237  0.0237  0.0237  0.0237  0.0237
  0.0239  0.0238  0.0238  0.0238  0.0238  0.0237  0.0238  0.0239  0.0237  0.0238  0.0237  0.0237
  0.0243  0.0241  0.0240  0.0243  0.0241  0.0241  0.0242  0.0245  0.0240  0.0242  0.0238  0.0239
  0.0251  0.0247  0.0244  0.0251  0.0245  0.0248  0.0247  0.0256  0.0244  0.0249  0.0241  0.0241
niter,ni,del,rscale     3    3    5.0000    0.6000
parameters
    0.0901   10.8466   -0.5715   -4.8265  -13.6202   -4.6669
    2.5233   -4.2395   -0.3701   16.5219    5.8468  -15.7270
eta,q 0.97635 10.11821
  0.0247  0.0244  0.0241  0.0248  0.0243  0.0245  0.0244  0.0250  0.0242  0.0245  0.0239  0.0239
  0.0241  0.0240  0.0238  0.0242  0.0239  0.0242  0.0240  0.0243  0.0239  0.0241  0.0238  0.0238
  0.0238  0.0237  0.0237  0.0238  0.0237  0.0239  0.0237  0.0238  0.0237  0.0238  0.0237  0.0237
  0.0237  0.0237  0.0237  0.0237  0.0237  0.0237  0.0236  0.0236  0.0236  0.0236  0.0236  0.0236
  0.0238  0.0238  0.0237  0.0238  0.0238  0.0237  0.0238  0.0238  0.0237  0.0237  0.0237  0.0237
  0.0241  0.0240  0.0239  0.0241  0.0240  0.0240  0.0240  0.0243  0.0239  0.0240  0.0238  0.0238
  0.0247  0.0244  0.0241  0.0248  0.0243  0.0245  0.0244  0.0251  0.0242  0.0245  0.0240  0.0239
niter,ni,del,rscale     2    3    5.0000    0.5000
parameters
    0.0891   10.8475   -0.5335   -4.7911  -13.7437   -4.4696
    2.4824   -4.2647   -0.3708   16.5680    5.8577  -15.7477
eta,q 0.97637 10.12110
  0.0244  0.0242  0.0240  0.0244  0.0241  0.0243  0.0242  0.0246  0.0240  0.0243  0.0238  0.0238
  0.0240  0.0239  0.0238  0.0240  0.0238  0.0240  0.0239  0.0241  0.0238  0.0239  0.0237  0.0237
  0.0237  0.0237  0.0237  0.0238  0.0237  0.0238  0.0237  0.0237  0.0237  0.0237  0.0237  0.0236
  0.0236  0.0236  0.0236  0.0236  0.0236  0.0236  0.0236  0.0236  0.0236  0.0236  0.0236  0.0236
  0.0237  0.0237  0.0237  0.0237  0.0237  0.0237  0.0237  0.0238  0.0237  0.0237  0.0236  0.0236
  0.0240  0.0239  0.0238  0.0240  0.0239  0.0239  0.0239  0.0241  0.0238  0.0239  0.0237  0.0237
  0.0244  0.0241  0.0239  0.0244  0.0241  0.0242  0.0242  0.0246  0.0240  0.0242  0.0238  0.0238
niter,ni,del,rscale     1    3    5.0000    0.4000
parameters
    0.0898   10.8457   -0.4891   -4.7842  -13.8663   -4.2996
    2.4614   -4.3035   -0.3825   16.5905    5.8405  -15.7174
eta,q 0.97639 10.12194
  0.0241  0.0240  0.0238  0.0242  0.0239  0.0241  0.0240  0.0242  0.0239  0.0240  0.0238  0.0237
  0.0238  0.0238  0.0237  0.0239  0.0237  0.0239  0.0238  0.0239  0.0237  0.0238  0.0237  0.0237
  0.0237  0.0237  0.0237  0.0237  0.0236  0.0237  0.0236  0.0237  0.0236  0.0237  0.0236  0.0236
  0.0236  0.0236  0.0236  0.0236  0.0236  0.0236  0.0236  0.0236  0.0236  0.0236  0.0236  0.0236
  0.0237  0.0237  0.0236  0.0237  0.0237  0.0236  0.0237  0.0237  0.0236  0.0237  0.0236  0.0236
  0.0238  0.0238  0.0237  0.0239  0.0238  0.0238  0.0238  0.0239  0.0237  0.0238  0.0237  0.0237
  0.0241  0.0240  0.0238  0.0242  0.0240  0.0240  0.0240  0.0243  0.0239  0.0240  0.0238  0.0237
registration optimization eta report
parameter search radius
    0.8000    0.8000    0.8000    2.4000    2.4000    2.4000
    2.4000    2.4000    2.4000    2.4000    2.4000    2.4000
100000*second partial in parameter space
       73.       51.       31.        9.        6.        7.
        6.       11.        4.        7.        2.        2.
  0.0241  0.0240  0.0238  0.0242  0.0239  0.0241  0.0240  0.0242  0.0239  0.0240  0.0238  0.0237
  0.0238  0.0238  0.0237  0.0239  0.0237  0.0239  0.0238  0.0239  0.0237  0.0238  0.0237  0.0237
  0.0237  0.0237  0.0237  0.0237  0.0236  0.0237  0.0236  0.0237  0.0236  0.0237  0.0236  0.0236
  0.0236  0.0236  0.0236  0.0236  0.0236  0.0236  0.0236  0.0236  0.0236  0.0236  0.0236  0.0236
  0.0237  0.0237  0.0236  0.0237  0.0237  0.0236  0.0237  0.0237  0.0236  0.0237  0.0236  0.0236
  0.0238  0.0238  0.0237  0.0239  0.0238  0.0238  0.0238  0.0239  0.0237  0.0238  0.0237  0.0237
  0.0241  0.0240  0.0238  0.0242  0.0240  0.0240  0.0240  0.0243  0.0239  0.0240  0.0238  0.0237
    0.0898   10.8457   -0.4891   -4.7842  -13.8663   -4.2996
    2.4614   -4.3035   -0.3825   16.5905    5.8405  -15.7174
eta,q 0.97639 10.12194

---------------------------------------------------------------------
compute_vox2vox talsrcimg talsrcimg_to_711-2C_as_mni_average_305_t4 /opt/freesurfer/average/711-2C_as_mni_average_305
---------------------------------------------------------------------

freesurfer compute_vox2vox.c
Reading: talsrcimg.4dfp.ifh
Reading: talsrcimg_to_711-2C_as_mni_average_305_t4
Reading: /opt/freesurfer/average/711-2C_as_mni_average_305.4dfp.ifh
Writing: talsrcimg_to_711-2C_as_mni_average_305_t4_vox2vox.txt

start time Mon Mar 9 12:37:50 CET 2026
end		time Mon Mar 9 12:38:03 CET 2026

mpr2mni305 success

avi2talxfm orig_nu.mgz /opt/freesurfer/average/mni305.cor.mgz talsrcimg_to_711-2C_as_mni_average_305_t4_vox2vox.txt transforms/talairach.auto.xfm
avi2talxfm done
mv -f /out/sourcedata/freesurfer/sub-v1s22x0050459_ses-1/mri/talsrcimg_to_711-2C_as_mni_average_305_t4_vox2vox.txt /out/sourcedata/freesurfer/sub-v1s22x0050459_ses-1/mri/transforms/talsrcimg_to_711-2C_as_mni_average_305_t4_vox2vox.txt
lta_convert --src orig_nu.mgz --trg /opt/freesurfer/average/mni305.cor.mgz --inxfm transforms/talairach.auto.xfm --outlta transforms/talairach.auto.xfm.lta --subject fsaverage
7.3.2

--src: orig_nu.mgz src image (geometry).
--trg: /opt/freesurfer/average/mni305.cor.mgz trg image (geometry).
--inmni: transforms/talairach.auto.xfm input MNI/XFM transform.
--outlta: transforms/talairach.auto.xfm.lta output LTA.
--s: fsaverage subject name
 LTA read, type : 1
 1.04706   0.05067  -0.02067  -7.81566;
-0.06120   1.00992   0.18604  -45.77477;
 0.01644  -0.19430   1.12506   8.20955;
 0.00000   0.00000   0.00000   1.00000;
setting subject to fsaverage
Writing  LTA to file transforms/talairach.auto.xfm.lta...
lta_convert successful.
 
 
Started at Mon Mar 9 12:37:50 CET 2026
Ended   at Mon Mar  9 12:38:04 CET 2026
talairach_avi done
