/out/sourcedata/freesurfer/sub-v1s22x0050434_ses-1/mri
/opt/freesurfer/bin/talairach_avi
--i orig_nu.mgz --xfm transforms/talairach.auto.xfm
talairach_avi 7.3.2
Linux dna010 5.14.0-427.37.1.el9_4.x86_64 #1 SMP PREEMPT_DYNAMIC Fri Sep 13 12:41:50 EDT 2024 x86_64 x86_64 x86_64 GNU/Linux
Mon Mar  9 11:51:15 CET 2026
mri_convert orig_nu.mgz talsrcimg.img 
reading from orig_nu.mgz...
TR=0.00, TE=0.00, TI=0.00, flip angle=0.00
i_ras = (-1, 0, 0)
j_ras = (0, 0, -1)
k_ras = (0, 1, 0)
writing to talsrcimg.img...
Analyze Output Matrix
-1.00000   0.00000   0.00000   127.27473;
 0.00000   0.00000   1.00000  -99.21440;
 0.00000  -1.00000   0.00000   142.62688;
 0.00000   0.00000   0.00000   1.00000;
--------------------
INFO: set hdr.hist.orient to -1
mpr2mni305 talsrcimg
Mon Mar  9 11:51:16 CET 2026
/opt/freesurfer/bin/mpr2mni305 talsrcimg
mpr2mni305 7.3.2
target=711-2C_as_mni_average_305

---------------------------------------------------------------------
analyzeto4dfp talsrcimg -O0 -y
---------------------------------------------------------------------

freesurfer ifh2hdr.c
Mon Mar  9 11:51:16 2026
Writing: talsrcimg.4dfp.hdr
freesurfer analyzeto4dfp.c
Reading: talsrcimg.hdr
header size 348 bytes
hdr.dime.datatype	offset=70	value=2
hdr.dime.bitpix		offset=72	value=8
hdr.hist.orient		offset=252	value=-1
dimensionality     4
dimensions       256       256       256         1
Reading: talsrcimg.img
Writing: talsrcimg.4dfp.img
Writing: talsrcimg.4dfp.ifh
ifh2hdr talsrcimg -r0to226
ori=2

---------------------------------------------------------------------
gauss_4dfp talsrcimg 1.1
---------------------------------------------------------------------

freesurfer gauss_4dfp.c
Reading: talsrcimg.4dfp.img
Writing: talsrcimg_g11.4dfp.img
image dimensions 256 256 256 padded to 288 288 288
processing volume 1freesurfer ifh2hdr.c
Mon Mar  9 11:51:18 2026
Writing: talsrcimg_g11.4dfp.hdr

Writing: talsrcimg_g11.4dfp.ifh
including: talsrcimg.4dfp.img.rec in talsrcimg_g11.4dfp.img.rec

---------------------------------------------------------------------
imgreg_4dfp /opt/freesurfer/average/711-2C_as_mni_average_305 none talsrcimg_g11 none talsrcimg_to_711-2C_as_mni_average_305_t4 4355
---------------------------------------------------------------------

freesurfer imgreg_4dfp.c
/opt/freesurfer/average/711-2C_as_mni_average_305.4dfp.img
       256       256       256         1
  1.000000  1.000000  1.000000
orientation T byte_order littleendian
Reading image: /opt/freesurfer/average/711-2C_as_mni_average_305.4dfp.img
dimensions:      256       256       256
mmppix:       1.0000   -1.0000   -1.0000
center:     128.0000 -129.0000 -129.0000
talsrcimg_g11.4dfp.img
       256       256       256         1
  1.000000  1.000000  1.000000
orientation T byte_order littleendian
Reading image: talsrcimg_g11.4dfp.img
dimensions:      256       256       256
mmppix:       1.0000   -1.0000   -1.0000
center:     128.0000 -129.0000 -129.0000
t4_read: open error in t4_sub.f l:  41 t4_file(1:l)talsrcimg_to_711-2C_as_mni_average_305_t4 
t4_read: transform initialized to I4
rotation matrix determinant  1.000000
image alignment mode   4355 decimal     1103 hex
   -7.5000  -45.0000  -45.0000 5938.9688   18.9402
    0.0000  -45.0000  -45.0000 6161.5234   18.9080
    7.5000  -45.0000  -45.0000 5907.6328   18.8856
   -7.5000  -37.5000  -45.0000 6508.7568   18.3861
    0.0000  -37.5000  -45.0000 6742.2466   18.3544
    7.5000  -37.5000  -45.0000 6481.9014   18.3421
   -7.5000  -30.0000  -45.0000 7412.8237   18.0109
    0.0000  -30.0000  -45.0000 7670.9312   17.9804
    7.5000  -30.0000  -45.0000 7348.4985   17.9755
   -7.5000  -22.5000  -45.0000 8416.9521   17.8586
    0.0000  -22.5000  -45.0000 8748.4893   17.8297
    7.5000  -22.5000  -45.0000 8333.8457   17.8222
   -7.5000  -15.0000  -45.0000 9421.8574   17.8230
    0.0000  -15.0000  -45.0000 9816.2822   17.7947
    7.5000  -15.0000  -45.0000 9328.0049   17.7788
   -7.5000   -7.5000  -45.000010453.3242   17.8073
    0.0000   -7.5000  -45.000010916.5195   17.7779
    7.5000   -7.5000  -45.000010359.5918   17.7566
   -7.5000    0.0000  -45.000011395.7051   17.8092
    0.0000    0.0000  -45.000011916.1611   17.7795
    7.5000    0.0000  -45.000011268.1162   17.7608
   -7.5000    7.5000  -45.000011379.7607   17.8278
    0.0000    7.5000  -45.000011869.9512   17.7978
    7.5000    7.5000  -45.000011211.9521   17.7877
   -7.5000   15.0000  -45.000011173.0957   17.8474
    0.0000   15.0000  -45.000011692.0322   17.8175
    7.5000   15.0000  -45.000010992.3916   17.8134
   -7.5000   22.5000  -45.000010955.6494   17.8421
    0.0000   22.5000  -45.000011441.5498   17.8136
    7.5000   22.5000  -45.000010771.8047   17.8063
   -7.5000   30.0000  -45.000010668.6426   17.5855
    0.0000   30.0000  -45.000011134.7266   17.5576
    7.5000   30.0000  -45.000010506.5684   17.5419
   -7.5000   37.5000  -45.000010800.4805   17.5700
    0.0000   37.5000  -45.000011301.8350   17.5410
    7.5000   37.5000  -45.000010657.7920   17.5200
   -7.5000   45.0000  -45.000010357.9805   17.1257
    0.0000   45.0000  -45.000010838.8779   17.0971
    7.5000   45.0000  -45.000010210.8291   17.0791
   -7.5000  -45.0000  -37.5000 6281.5405   18.9260
    0.0000  -45.0000  -37.5000 6523.0845   18.8969
    7.5000  -45.0000  -37.5000 6256.3350   18.8816
   -7.5000  -37.5000  -37.5000 6914.6797   18.3724
    0.0000  -37.5000  -37.5000 7168.7856   18.3459
    7.5000  -37.5000  -37.5000 6871.1089   18.3398
   -7.5000  -30.0000  -37.5000 7879.7373   17.9956
    0.0000  -30.0000  -37.5000 8173.5947   17.9692
    7.5000  -30.0000  -37.5000 7804.6519   17.9681
   -7.5000  -22.5000  -37.5000 8975.6699   17.8422
    0.0000  -22.5000  -37.5000 9336.9365   17.8132
    7.5000  -22.5000  -37.5000 8867.4697   17.8076
   -7.5000  -15.0000  -37.500010057.5596   17.8077
    0.0000  -15.0000  -37.500010477.7695   17.7765
    7.5000  -15.0000  -37.5000 9937.6699   17.7631
   -7.5000   -7.5000  -37.500011131.7217   17.7935
    0.0000   -7.5000  -37.500011624.0742   17.7633
    7.5000   -7.5000  -37.500011004.8242   17.7471
   -7.5000    0.0000  -37.500012108.3340   17.7963
    0.0000    0.0000  -37.500012662.9609   17.7691
    7.5000    0.0000  -37.500011936.0088   17.7571
   -7.5000    7.5000  -37.500012095.4629   17.8143
    0.0000    7.5000  -37.500012613.8643   17.7890
    7.5000    7.5000  -37.500011889.8916   17.7848
   -7.5000   15.0000  -37.500011883.4658   17.8320
    0.0000   15.0000  -37.500012426.7393   17.8062
    7.5000   15.0000  -37.500011644.0186   17.8059
   -7.5000   22.5000  -37.500011624.8701   17.8257
    0.0000   22.5000  -37.500012135.1270   17.7971
    7.5000   22.5000  -37.500011386.9307   17.7918
   -7.5000   30.0000  -37.500011297.8848   17.5704
    0.0000   30.0000  -37.500011806.4766   17.5396
    7.5000   30.0000  -37.500011071.6729   17.5264
   -7.5000   37.5000  -37.500011412.9258   17.5564
    0.0000   37.5000  -37.500011943.6211   17.5266
    7.5000   37.5000  -37.500011212.1846   17.5106
   -7.5000   45.0000  -37.500010899.7129   17.1133
    0.0000   45.0000  -37.500011417.6094   17.0871
    7.5000   45.0000  -37.500010701.0361   17.0755
   -7.5000  -45.0000  -30.0000 6754.2695   19.7246
    0.0000  -45.0000  -30.0000 7008.2837   19.6965
    7.5000  -45.0000  -30.0000 6718.8320   19.6887
   -7.5000  -37.5000  -30.0000 7445.0771   19.1530
    0.0000  -37.5000  -30.0000 7730.4727   19.1309
    7.5000  -37.5000  -30.0000 7392.3169   19.1315
   -7.5000  -30.0000  -30.0000 8498.6963   18.7623
    0.0000  -30.0000  -30.0000 8820.8662   18.7393
    7.5000  -30.0000  -30.0000 8396.3486   18.7415
   -7.5000  -22.5000  -30.0000 9670.4014   18.5972
    0.0000  -22.5000  -30.000010049.1045   18.5659
    7.5000  -22.5000  -30.0000 9542.5557   18.5610
   -7.5000  -15.0000  -30.000010829.9668   18.5557
    0.0000  -15.0000  -30.000011263.2100   18.5186
    7.5000  -15.0000  -30.000010679.8779   18.5065
   -7.5000   -7.5000  -30.000011983.6553   18.5405
    0.0000   -7.5000  -30.000012487.3477   18.5064
    7.5000   -7.5000  -30.000011802.3633   18.4951
   -7.5000    0.0000  -30.000013006.6221   18.5469
    0.0000    0.0000  -30.000013573.9775   18.5203
    7.5000    0.0000  -30.000012795.0908   18.5155
   -7.5000    7.5000  -30.000012975.3662   18.5712
    0.0000    7.5000  -30.000013530.5742   18.5500
    7.5000    7.5000  -30.000012737.6729   18.5520
   -7.5000   15.0000  -30.000012759.3418   18.5918
    0.0000   15.0000  -30.000013328.2842   18.5694
    7.5000   15.0000  -30.000012488.9277   18.5723
   -7.5000   22.5000  -30.000012506.3408   18.5783
    0.0000   22.5000  -30.000013055.6543   18.5474
    7.5000   22.5000  -30.000012209.5742   18.5427
   -7.5000   30.0000  -30.000012127.0918   18.3101
    0.0000   30.0000  -30.000012682.2900   18.2735
    7.5000   30.0000  -30.000011845.8633   18.2616
   -7.5000   37.5000  -30.000012208.6768   18.2952
    0.0000   37.5000  -30.000012760.2070   18.2615
    7.5000   37.5000  -30.000011943.7275   18.2503
   -7.5000   45.0000  -30.000011589.0957   17.8482
    0.0000   45.0000  -30.000012141.8867   17.8225
    7.5000   45.0000  -30.000011366.4873   17.8179
   -7.5000  -45.0000  -22.5000 7218.3594   20.4005
    0.0000  -45.0000  -22.5000 7496.0815   20.3712
    7.5000  -45.0000  -22.5000 7167.9292   20.3632
   -7.5000  -37.5000  -22.5000 7960.3135   19.8172
    0.0000  -37.5000  -22.5000 8262.0645   19.7960
    7.5000  -37.5000  -22.5000 7897.6646   19.7967
   -7.5000  -30.0000  -22.5000 9086.4404   19.4189
    0.0000  -30.0000  -22.5000 9438.6240   19.3971
    7.5000  -30.0000  -22.5000 8996.8652   19.3985
   -7.5000  -22.5000  -22.500010338.0449   19.2425
    0.0000  -22.5000  -22.500010751.2666   19.2112
    7.5000  -22.5000  -22.500010210.1162   19.2052
   -7.5000  -15.0000  -22.500011555.7715   19.1900
    0.0000  -15.0000  -22.500012053.5557   19.1516
    7.5000  -15.0000  -22.500011416.2656   19.1387
   -7.5000   -7.5000  -22.500012749.0908   19.1715
    0.0000   -7.5000  -22.500013319.0254   19.1355
    7.5000   -7.5000  -22.500012583.6035   19.1239
   -7.5000    0.0000  -22.500013836.4922   19.1828
    0.0000    0.0000  -22.500014457.4414   19.1551
    7.5000    0.0000  -22.500013649.4365   19.1504
   -7.5000    7.5000  -22.500013808.8691   19.2164
    0.0000    7.5000  -22.500014425.6348   19.1959
    7.5000    7.5000  -22.500013576.4307   19.1979
   -7.5000   15.0000  -22.500013581.9873   19.2428
    0.0000   15.0000  -22.500014218.8330   19.2215
    7.5000   15.0000  -22.500013316.5010   19.2237
   -7.5000   22.5000  -22.500013292.9629   19.2216
    0.0000   22.5000  -22.500013914.7979   19.1908
    7.5000   22.5000  -22.500013018.3701   19.1849
   -7.5000   30.0000  -22.500012912.6836   18.9390
    0.0000   30.0000  -22.500013510.8906   18.9011
    7.5000   30.0000  -22.500012622.7559   18.8883
   -7.5000   37.5000  -22.500012997.7441   18.9207
    0.0000   37.5000  -22.500013618.1709   18.8852
    7.5000   37.5000  -22.500012714.9141   18.8738
   -7.5000   45.0000  -22.500012315.4121   18.4740
    0.0000   45.0000  -22.500012903.6113   18.4473
    7.5000   45.0000  -22.500012074.4922   18.4428
   -7.5000  -45.0000  -15.0000 7666.2002   20.8875
    0.0000  -45.0000  -15.0000 7958.7759   20.8530
    7.5000  -45.0000  -15.0000 7610.2324   20.8361
   -7.5000  -37.5000  -15.0000 8470.5244   20.2929
    0.0000  -37.5000  -15.0000 8791.1924   20.2651
    7.5000  -37.5000  -15.0000 8395.6641   20.2579
   -7.5000  -30.0000  -15.0000 9680.2939   19.8880
    0.0000  -30.0000  -15.000010079.3936   19.8616
    7.5000  -30.0000  -15.0000 9581.3486   19.8577
   -7.5000  -22.5000  -15.000011003.2549   19.7069
    0.0000  -22.5000  -15.000011481.5635   19.6754
    7.5000  -22.5000  -15.000010867.1338   19.6660
   -7.5000  -15.0000  -15.000012266.2109   19.6493
    0.0000  -15.0000  -15.000012820.9336   19.6129
    7.5000  -15.0000  -15.000012134.4502   19.5963
   -7.5000   -7.5000  -15.000013509.7656   19.6284
    0.0000   -7.5000  -15.000014145.3086   19.5917
    7.5000   -7.5000  -15.000013391.3018   19.5737
   -7.5000    0.0000  -15.000014682.6494   19.6412
    0.0000    0.0000  -15.000015374.3047   19.6090
    7.5000    0.0000  -15.000014543.4668   19.5960
   -7.5000    7.5000  -15.000014649.7363   19.6787
    0.0000    7.5000  -15.000015348.9629   19.6519
    7.5000    7.5000  -15.000014443.2549   19.6464
   -7.5000   15.0000  -15.000014387.2402   19.7080
    0.0000   15.0000  -15.000015055.2793   19.6821
    7.5000   15.0000  -15.000014132.5635   19.6791
   -7.5000   22.5000  -15.000014037.3740   19.6846
    0.0000   22.5000  -15.000014711.7871   19.6534
    7.5000   22.5000  -15.000013782.8779   19.6443
   -7.5000   30.0000  -15.000013638.8115   19.3950
    0.0000   30.0000  -15.000014310.1084   19.3590
    7.5000   30.0000  -15.000013380.5742   19.3427
   -7.5000   37.5000  -15.000013770.3262   19.3744
    0.0000   37.5000  -15.000014428.7568   19.3381
    7.5000   37.5000  -15.000013507.6426   19.3204
   -7.5000   45.0000  -15.000013033.1094   18.9269
    0.0000   45.0000  -15.000013655.5117   18.8958
    7.5000   45.0000  -15.000012802.6768   18.8833
   -7.5000  -45.0000   -7.5000 8138.1826   21.1282
    0.0000  -45.0000   -7.5000 8451.1602   21.0903
    7.5000  -45.0000   -7.5000 8083.5132   21.0656
   -7.5000  -37.5000   -7.5000 9011.6182   20.5188
    0.0000  -37.5000   -7.5000 9385.2842   20.4835
    7.5000  -37.5000   -7.5000 8928.4541   20.4697
   -7.5000  -30.0000   -7.500010276.3545   20.1061
    0.0000  -30.0000   -7.500010730.4521   20.0729
    7.5000  -30.0000   -7.500010179.7080   20.0658
   -7.5000  -22.5000   -7.500011665.5957   19.9303
    0.0000  -22.5000   -7.500012179.1533   19.8976
    7.5000  -22.5000   -7.500011549.2090   19.8873
   -7.5000  -15.0000   -7.500012982.0293   19.8811
    0.0000  -15.0000   -7.500013563.2334   19.8475
    7.5000  -15.0000   -7.500012866.3965   19.8288
   -7.5000   -7.5000   -7.500014276.9736   19.8609
    0.0000   -7.5000   -7.500014949.4111   19.8256
    7.5000   -7.5000   -7.500014208.5928   19.8019
   -7.5000    0.0000   -7.500015623.2061   19.8679
    0.0000    0.0000   -7.500016359.5859   19.8329
    7.5000    0.0000   -7.500015501.3164   19.8125
   -7.5000    7.5000   -7.500015649.0703   19.8974
    0.0000    7.5000   -7.500016375.5557   19.8639
    7.5000    7.5000   -7.500015451.0293   19.8523
   -7.5000   15.0000   -7.500015280.5596   19.9241
    0.0000   15.0000   -7.500015949.1143   19.8915
    7.5000   15.0000   -7.500015080.5039   19.8854
   -7.5000   22.5000   -7.500014841.5020   19.9056
    0.0000   22.5000   -7.500015485.4121   19.8732
    7.5000   22.5000   -7.500014680.9092   19.8631
   -7.5000   30.0000   -7.500014413.9375   19.6233
    0.0000   30.0000   -7.500015036.9434   19.5901
    7.5000   30.0000   -7.500014256.6250   19.5716
   -7.5000   37.5000   -7.500014549.0947   19.6033
    0.0000   37.5000   -7.500015202.7822   19.5685
    7.5000   37.5000   -7.500014385.4521   19.5451
   -7.5000   45.0000   -7.500013752.2754   19.1489
    0.0000   45.0000   -7.500014375.9463   19.1152
    7.5000   45.0000   -7.500013585.0840   19.0955
   -7.5000  -45.0000    0.0000 8516.7646   21.1717
    0.0000  -45.0000    0.0000 8862.2988   21.1359
    7.5000  -45.0000    0.0000 8463.7217   21.1114
   -7.5000  -37.5000    0.0000 9473.2744   20.5528
    0.0000  -37.5000    0.0000 9869.4990   20.5176
    7.5000  -37.5000    0.0000 9372.4414   20.5043
   -7.5000  -30.0000    0.000010787.5098   20.1339
    0.0000  -30.0000    0.000011260.8408   20.1000
    7.5000  -30.0000    0.000010692.3242   20.0949
   -7.5000  -22.5000    0.000012216.8389   19.9640
    0.0000  -22.5000    0.000012718.2939   19.9319
    7.5000  -22.5000    0.000012102.7266   19.9238
   -7.5000  -15.0000    0.000013545.1533   19.9244
    0.0000  -15.0000    0.000014114.6973   19.8929
    7.5000  -15.0000    0.000013466.1426   19.8754
   -7.5000   -7.5000    0.000014884.4658   19.9068
    0.0000   -7.5000    0.000015534.7090   19.8741
    7.5000   -7.5000    0.000014852.3701   19.8507
   -7.5000    0.0000    0.000016388.3711   19.9088
    0.0000    0.0000    0.000017169.5020   19.8757
    7.5000    0.0000    0.000016289.8604   19.8552
   -7.5000    7.5000    0.000016578.0371   19.9294
    0.0000    7.5000    0.000017403.6953   19.8960
    7.5000    7.5000    0.000016376.5654   19.8852
   -7.5000   15.0000    0.000016150.8096   19.9514
    0.0000   15.0000    0.000016790.3887   19.9181
    7.5000   15.0000    0.000016027.3213   19.9139
   -7.5000   22.5000    0.000015616.3477   19.9391
    0.0000   22.5000    0.000016149.7246   19.9074
    7.5000   22.5000    0.000015572.6172   19.8996
   -7.5000   30.0000    0.000015160.9160   19.6665
    0.0000   30.0000    0.000015708.8027   19.6355
    7.5000   30.0000    0.000015118.8770   19.6182
   -7.5000   37.5000    0.000015303.9639   19.6491
    0.0000   37.5000    0.000015908.7490   19.6169
    7.5000   37.5000    0.000015245.6250   19.5938
   -7.5000   45.0000    0.000014498.5098   19.1898
    0.0000   45.0000    0.000015078.5889   19.1579
    7.5000   45.0000    0.000014337.9580   19.1381
   -7.5000  -45.0000    7.5000 8238.4023   21.1787
    0.0000  -45.0000    7.5000 8578.0068   21.1461
    7.5000  -45.0000    7.5000 8165.2637   21.1291
   -7.5000  -37.5000    7.5000 9133.6719   20.5592
    0.0000  -37.5000    7.5000 9518.7148   20.5295
    7.5000  -37.5000    7.5000 9042.5078   20.5227
   -7.5000  -30.0000    7.500010382.4844   20.1375
    0.0000  -30.0000    7.500010838.2285   20.1080
    7.5000  -30.0000    7.500010315.9521   20.1068
   -7.5000  -22.5000    7.500011767.0479   19.9659
    0.0000  -22.5000    7.500012259.7930   19.9334
    7.5000  -22.5000    7.500011697.0449   19.9271
   -7.5000  -15.0000    7.500013045.2744   19.9273
    0.0000  -15.0000    7.500013599.4482   19.8924
    7.5000  -15.0000    7.500013015.8330   19.8774
   -7.5000   -7.5000    7.500014323.6738   19.9114
    0.0000   -7.5000    7.500014947.9746   19.8776
    7.5000   -7.5000    7.500014358.1016   19.8594
   -7.5000    0.0000    7.500015793.0293   19.9146
    0.0000    0.0000    7.500016538.9160   19.8841
    7.5000    0.0000    7.500015745.8848   19.8706
   -7.5000    7.5000    7.500016015.2412   19.9347
    0.0000    7.5000    7.500016790.5781   19.9064
    7.5000    7.5000    7.500015849.4316   19.9017
   -7.5000   15.0000    7.500015719.1299   19.9545
    0.0000   15.0000    7.500016286.4824   19.9256
    7.5000   15.0000    7.500015635.1611   19.9253
   -7.5000   22.5000    7.500015306.2344   19.9410
    0.0000   22.5000    7.500015735.6338   19.9090
    7.5000   22.5000    7.500015213.1787   19.9030
   -7.5000   30.0000    7.500014907.9180   19.6694
    0.0000   30.0000    7.500015353.1016   19.6349
    7.5000   30.0000    7.500014747.2197   19.6201
   -7.5000   37.5000    7.500015006.6445   19.6537
    0.0000   37.5000    7.500015504.5176   19.6203
    7.5000   37.5000    7.500014792.5225   19.6024
   -7.5000   45.0000    7.500014114.7119   19.1954
    0.0000   45.0000    7.500014573.6113   19.1660
    7.5000   45.0000    7.500013837.7363   19.1530
   -7.5000  -45.0000   15.0000 7828.4487   21.1810
    0.0000  -45.0000   15.0000 8153.0708   21.1509
    7.5000  -45.0000   15.0000 7756.7554   21.1425
   -7.5000  -37.5000   15.0000 8695.5654   20.5672
    0.0000  -37.5000   15.0000 9080.3711   20.5435
    7.5000  -37.5000   15.0000 8636.7891   20.5441
   -7.5000  -30.0000   15.0000 9918.2686   20.1477
    0.0000  -30.0000   15.000010353.9658   20.1230
    7.5000  -30.0000   15.0000 9871.2412   20.1253
   -7.5000  -22.5000   15.000011223.2881   19.9704
    0.0000  -22.5000   15.000011701.1914   19.9368
    7.5000  -22.5000   15.000011182.2383   19.9315
   -7.5000  -15.0000   15.000012420.1670   19.9258
    0.0000  -15.0000   15.000012957.6455   19.8859
    7.5000  -15.0000   15.000012415.4570   19.8730
   -7.5000   -7.5000   15.000013613.6406   19.9095
    0.0000   -7.5000   15.000014225.3496   19.8728
    7.5000   -7.5000   15.000013650.8740   19.8607
   -7.5000    0.0000   15.000014968.0166   19.9164
    0.0000    0.0000   15.000015671.2324   19.8878
    7.5000    0.0000   15.000014892.8701   19.8826
   -7.5000    7.5000   15.000015107.1816   19.9424
    0.0000    7.5000   15.000015786.5088   19.9197
    7.5000    7.5000   15.000014934.0107   19.9218
   -7.5000   15.0000   15.000014938.2334   19.9646
    0.0000   15.0000   15.000015557.7520   19.9405
    7.5000   15.0000   15.000014722.0928   19.9437
   -7.5000   22.5000   15.000014682.5029   19.9457
    0.0000   22.5000   15.000015274.4922   19.9124
    7.5000   22.5000   15.000014417.9443   19.9075
   -7.5000   30.0000   15.000014296.5176   19.6679
    0.0000   30.0000   15.000014911.5781   19.6286
    7.5000   30.0000   15.000013990.2529   19.6158
   -7.5000   37.5000   15.000014291.2207   19.6518
    0.0000   37.5000   15.000014882.3926   19.6156
    7.5000   37.5000   15.000014001.1445   19.6036
   -7.5000   45.0000   15.000013348.0869   19.1971
    0.0000   45.0000   15.000013868.0957   19.1695
    7.5000   45.0000   15.000013094.7041   19.1645
   -7.5000  -45.0000   22.5000 7336.1621   21.2022
    0.0000  -45.0000   22.5000 7651.1548   21.1716
    7.5000  -45.0000   22.5000 7296.9839   21.1637
   -7.5000  -37.5000   22.5000 8155.9214   20.5953
    0.0000  -37.5000   22.5000 8520.3320   20.5731
    7.5000  -37.5000   22.5000 8126.8896   20.5742
   -7.5000  -30.0000   22.5000 9323.6670   20.1810
    0.0000  -30.0000   22.5000 9734.8672   20.1582
    7.5000  -30.0000   22.5000 9275.8232   20.1599
   -7.5000  -22.5000   22.500010550.9482   19.9975
    0.0000  -22.5000   22.500011020.8311   19.9648
    7.5000  -22.5000   22.500010494.1768   19.9588
   -7.5000  -15.0000   22.500011707.7861   19.9428
    0.0000  -15.0000   22.500012241.9502   19.9027
    7.5000  -15.0000   22.500011657.0820   19.8897
   -7.5000   -7.5000   22.500012891.8486   19.9235
    0.0000   -7.5000   22.500013504.3984   19.8860
    7.5000   -7.5000   22.500012835.6562   19.8743
   -7.5000    0.0000   22.500014102.4785   19.9353
    0.0000    0.0000   22.500014758.7354   19.9063
    7.5000    0.0000   22.500013975.9092   19.9018
   -7.5000    7.5000   22.500014122.3350   19.9702
    0.0000    7.5000   22.500014707.7432   19.9487
    7.5000    7.5000   22.500013954.4766   19.9512
   -7.5000   15.0000   22.500013891.9971   19.9977
    0.0000   15.0000   22.500014427.5225   19.9755
    7.5000   15.0000   22.500013746.7129   19.9780
   -7.5000   22.5000   22.500013617.5469   19.9728
    0.0000   22.5000   22.500014124.2939   19.9404
    7.5000   22.5000   22.500013453.8779   19.9347
   -7.5000   30.0000   22.500013256.4912   19.6847
    0.0000   30.0000   22.500013780.8984   19.6451
    7.5000   30.0000   22.500013088.0020   19.6322
   -7.5000   37.5000   22.500013272.1621   19.6657
    0.0000   37.5000   22.500013816.4141   19.6286
    7.5000   37.5000   22.500013135.2148   19.6171
   -7.5000   45.0000   22.500012452.0332   19.2153
    0.0000   45.0000   22.500012961.1318   19.1874
    7.5000   45.0000   22.500012315.6309   19.1831
   -7.5000  -45.0000   30.0000 6741.8799   21.3325
    0.0000  -45.0000   30.0000 7043.1030   21.2965
    7.5000  -45.0000   30.0000 6712.4385   21.2809
   -7.5000  -37.5000   30.0000 7518.7422   20.7245
    0.0000  -37.5000   30.0000 7852.9155   20.6955
    7.5000  -37.5000   30.0000 7477.3804   20.6898
   -7.5000  -30.0000   30.0000 8618.4795   20.3095
    0.0000  -30.0000   30.0000 9014.3945   20.2820
    7.5000  -30.0000   30.0000 8545.8115   20.2796
   -7.5000  -22.5000   30.0000 9769.6543   20.1232
    0.0000  -22.5000   30.000010229.7236   20.0904
    7.5000  -22.5000   30.0000 9676.1846   20.0824
   -7.5000  -15.0000   30.000010852.2217   20.0636
    0.0000  -15.0000   30.000011395.2080   20.0258
    7.5000  -15.0000   30.000010759.1514   20.0104
   -7.5000   -7.5000   30.000011909.5928   20.0417
    0.0000   -7.5000   30.000012502.2324   20.0037
    7.5000   -7.5000   30.000011837.8057   19.9868
   -7.5000    0.0000   30.000012954.7793   20.0550
    0.0000    0.0000   30.000013566.5459   20.0215
    7.5000    0.0000   30.000012864.8760   20.0098
   -7.5000    7.5000   30.000012917.4023   20.0938
    0.0000    7.5000   30.000013469.1152   20.0659
    7.5000    7.5000   30.000012848.1348   20.0619
   -7.5000   15.0000   30.000012686.0010   20.1244
    0.0000   15.0000   30.000013221.4893   20.0973
    7.5000   15.0000   30.000012660.3857   20.0958
   -7.5000   22.5000   30.000012432.7061   20.0981
    0.0000   22.5000   30.000012949.1016   20.0658
    7.5000   22.5000   30.000012388.1045   20.0580
   -7.5000   30.0000   30.000012100.4346   19.8039
    0.0000   30.0000   30.000012596.4902   19.7666
    7.5000   30.0000   30.000012038.1689   19.7514
   -7.5000   37.5000   30.000012176.8350   19.7823
    0.0000   37.5000   30.000012702.0840   19.7448
    7.5000   37.5000   30.000012127.4541   19.7282
   -7.5000   45.0000   30.000011513.8506   19.3307
    0.0000   45.0000   30.000011999.4814   19.2984
    7.5000   45.0000   30.000011430.2422   19.2871
   -7.5000  -45.0000   37.5000 6436.8970   21.7619
    0.0000  -45.0000   37.5000 6717.4834   21.7216
    7.5000  -45.0000   37.5000 6437.1675   21.6989
   -7.5000  -37.5000   37.5000 7162.6152   21.1294
    0.0000  -37.5000   37.5000 7484.3369   21.0916
    7.5000  -37.5000   37.5000 7153.5024   21.0799
   -7.5000  -30.0000   37.5000 8212.3350   20.7020
    0.0000  -30.0000   37.5000 8591.5439   20.6661
    7.5000  -30.0000   37.5000 8183.7808   20.6613
   -7.5000  -22.5000   37.5000 9323.4707   20.5176
    0.0000  -22.5000   37.5000 9797.3535   20.4822
    7.5000  -22.5000   37.5000 9289.4707   20.4741
   -7.5000  -15.0000   37.500010377.9512   20.4646
    0.0000  -15.0000   37.500010921.0811   20.4287
    7.5000  -15.0000   37.500010333.9424   20.4121
   -7.5000   -7.5000   37.500011389.4209   20.4429
    0.0000   -7.5000   37.500011977.9570   20.4057
    7.5000   -7.5000   37.500011351.6348   20.3841
   -7.5000    0.0000   37.500012344.7412   20.4508
    0.0000    0.0000   37.500012959.7314   20.4139
    7.5000    0.0000   37.500012308.5879   20.3956
   -7.5000    7.5000   37.500012299.8945   20.4829
    0.0000    7.5000   37.500012861.0420   20.4471
    7.5000    7.5000   37.500012263.2520   20.4377
   -7.5000   15.0000   37.500012093.3115   20.5116
    0.0000   15.0000   37.500012636.7607   20.4764
    7.5000   15.0000   37.500012080.1113   20.4725
   -7.5000   22.5000   37.500011860.6045   20.4917
    0.0000   22.5000   37.500012355.1973   20.4567
    7.5000   22.5000   37.500011819.3516   20.4488
   -7.5000   30.0000   37.500011542.8438   20.1998
    0.0000   30.0000   37.500012026.3213   20.1644
    7.5000   30.0000   37.500011504.6816   20.1479
   -7.5000   37.5000   37.500011620.1943   20.1783
    0.0000   37.5000   37.500012140.8281   20.1416
    7.5000   37.5000   37.500011606.7207   20.1203
   -7.5000   45.0000   37.500011026.7998   19.7122
    0.0000   45.0000   37.500011516.8164   19.6766
    7.5000   45.0000   37.500010986.8984   19.6590
   -7.5000  -45.0000   45.0000 5893.1938   22.2876
    0.0000  -45.0000   45.0000 6140.3730   22.2505
    7.5000  -45.0000   45.0000 5905.7573   22.2293
   -7.5000  -37.5000   45.0000 6553.7686   21.6227
    0.0000  -37.5000   45.0000 6832.1646   21.5863
    7.5000  -37.5000   45.0000 6558.5615   21.5771
   -7.5000  -30.0000   45.0000 7521.7935   21.1755
    0.0000  -30.0000   45.0000 7858.6938   21.1400
    7.5000  -30.0000   45.0000 7501.6973   21.1396
   -7.5000  -22.5000   45.0000 8554.2383   20.9887
    0.0000  -22.5000   45.0000 8974.3701   20.9548
    7.5000  -22.5000   45.0000 8531.6562   20.9514
   -7.5000  -15.0000   45.0000 9520.4385   20.9411
    0.0000  -15.0000   45.0000 9992.6826   20.9078
    7.5000  -15.0000   45.0000 9493.8301   20.8944
   -7.5000   -7.5000   45.000010444.1670   20.9200
    0.0000   -7.5000   45.000010975.9307   20.8861
    7.5000   -7.5000   45.000010436.4805   20.8662
   -7.5000    0.0000   45.000011303.4033   20.9241
    0.0000    0.0000   45.000011868.0225   20.8903
    7.5000    0.0000   45.000011278.2920   20.8735
   -7.5000    7.5000   45.000011253.0010   20.9507
    0.0000    7.5000   45.000011772.2637   20.9164
    7.5000    7.5000   45.000011230.7295   20.9099
   -7.5000   15.0000   45.000011046.0889   20.9770
    0.0000   15.0000   45.000011548.1748   20.9423
    7.5000   15.0000   45.000011029.4600   20.9429
   -7.5000   22.5000   45.000010810.8555   20.9616
    0.0000   22.5000   45.000011285.4531   20.9281
    7.5000   22.5000   45.000010788.4541   20.9250
   -7.5000   30.0000   45.000010539.4756   20.6683
    0.0000   30.0000   45.000011005.2275   20.6354
    7.5000   30.0000   45.000010522.5010   20.6222
   -7.5000   37.5000   45.000010628.5283   20.6474
    0.0000   37.5000   45.000011143.7402   20.6140
    7.5000   37.5000   45.000010635.3994   20.5943
   -7.5000   45.0000   45.000010122.3301   20.1775
    0.0000   45.0000   45.000010588.7041   20.1450
    7.5000   45.0000   45.000010085.8691   20.1288

---------------------------------------------------------------------
imgreg_4dfp /opt/freesurfer/average/711-2C_as_mni_average_305 /opt/freesurfer/average/711-2B_as_mni_average_305_mask talsrcimg_g11 none talsrcimg_to_711-2C_as_mni_average_305_t4 4355
---------------------------------------------------------------------

freesurfer imgreg_4dfp.c
/opt/freesurfer/average/711-2C_as_mni_average_305.4dfp.img
       256       256       256         1
  1.000000  1.000000  1.000000
orientation T byte_order littleendian
Reading image: /opt/freesurfer/average/711-2C_as_mni_average_305.4dfp.img
dimensions:      256       256       256
mmppix:       1.0000   -1.0000   -1.0000
center:     128.0000 -129.0000 -129.0000
/opt/freesurfer/average/711-2B_as_mni_average_305_mask.4dfp.img
       256       256       256         1
  1.000000  1.000000  1.000000
orientation T byte_order littleendian
Reading mask: /opt/freesurfer/average/711-2B_as_mni_average_305_mask.4dfp.img (2306576 pixels)
talsrcimg_g11.4dfp.img
       256       256       256         1
  1.000000  1.000000  1.000000
orientation T byte_order littleendian
Reading image: talsrcimg_g11.4dfp.img
dimensions:      256       256       256
mmppix:       1.0000   -1.0000   -1.0000
center:     128.0000 -129.0000 -129.0000
rotation matrix determinant  1.000000
image alignment mode   4355 decimal     1103 hex
   -7.5000  -37.5000  -45.0000 1783.8971   28.5180
    0.0000  -37.5000  -45.0000 1792.9552   28.3416
    7.5000  -37.5000  -45.0000 1791.1653   28.5184
   -7.5000  -30.0000  -45.0000 1907.7999   24.9649
    0.0000  -30.0000  -45.0000 1912.6398   24.8128
    7.5000  -30.0000  -45.0000 1908.7782   25.0531
   -7.5000  -22.5000  -45.0000 2034.7894   22.0708
    0.0000  -22.5000  -45.0000 2043.7494   21.9980
    7.5000  -22.5000  -45.0000 2033.4124   22.1632
   -7.5000  -15.0000  -45.0000 2150.1526   19.8873
    0.0000  -15.0000  -45.0000 2160.1448   19.8678
    7.5000  -15.0000  -45.0000 2147.6313   19.9163
   -7.5000   -7.5000  -45.0000 2252.3789   18.2877
    0.0000   -7.5000  -45.0000 2264.1179   18.3078
    7.5000   -7.5000  -45.0000 2249.7292   18.3067
   -7.5000    0.0000  -45.0000 2319.5718   17.1524
    0.0000    0.0000  -45.0000 2330.6035   17.1716
    7.5000    0.0000  -45.0000 2312.0203   17.1643
   -7.5000    7.5000  -45.0000 2349.8857   16.3845
    0.0000    7.5000  -45.0000 2365.2314   16.3875
    7.5000    7.5000  -45.0000 2344.6843   16.3878
   -7.5000   15.0000  -45.0000 2363.5947   15.9109
    0.0000   15.0000  -45.0000 2383.0969   15.9145
    7.5000   15.0000  -45.0000 2363.1965   15.9826
   -7.5000   22.5000  -45.0000 2369.6191   15.8119
    0.0000   22.5000  -45.0000 2384.7893   15.8394
    7.5000   22.5000  -45.0000 2363.2195   15.9237
   -7.5000   30.0000  -45.0000 2355.2031   16.0971
    0.0000   30.0000  -45.0000 2369.2239   16.0957
    7.5000   30.0000  -45.0000 2346.2109   16.2067
   -7.5000   37.5000  -45.0000 2325.3823   16.6261
    0.0000   37.5000  -45.0000 2343.1528   16.6393
    7.5000   37.5000  -45.0000 2319.9556   16.7608
   -7.5000   45.0000  -45.0000 2276.0259   17.5109
    0.0000   45.0000  -45.0000 2292.1050   17.5032
    7.5000   45.0000  -45.0000 2271.4680   17.6321
   -7.5000   52.5000  -45.0000 2186.2410   18.6831
    0.0000   52.5000  -45.0000 2200.8914   18.6408
    7.5000   52.5000  -45.0000 2177.1008   18.8584
   -7.5000  -37.5000  -37.5000 1838.2565   26.5853
    0.0000  -37.5000  -37.5000 1846.8391   26.4908
    7.5000  -37.5000  -37.5000 1850.0559   26.6446
   -7.5000  -30.0000  -37.5000 1969.2982   23.2499
    0.0000  -30.0000  -37.5000 1975.9541   23.2297
    7.5000  -30.0000  -37.5000 1971.7069   23.3222
   -7.5000  -22.5000  -37.5000 2108.6096   20.6376
    0.0000  -22.5000  -37.5000 2113.4644   20.6505
    7.5000  -22.5000  -37.5000 2104.2444   20.7069
   -7.5000  -15.0000  -37.5000 2229.6809   18.5368
    0.0000  -15.0000  -37.5000 2240.0684   18.5390
    7.5000  -15.0000  -37.5000 2224.4453   18.5735
   -7.5000   -7.5000  -37.5000 2337.5027   17.0243
    0.0000   -7.5000  -37.5000 2349.7888   17.0323
    7.5000   -7.5000  -37.5000 2331.0608   17.0004
   -7.5000    0.0000  -37.5000 2406.0562   15.9420
    0.0000    0.0000  -37.5000 2420.0422   15.9620
    7.5000    0.0000  -37.5000 2395.7292   15.9376
   -7.5000    7.5000  -37.5000 2446.0291   15.2017
    0.0000    7.5000  -37.5000 2461.1636   15.2155
    7.5000    7.5000  -37.5000 2434.8752   15.2413
   -7.5000   15.0000  -37.5000 2467.9971   14.7512
    0.0000   15.0000  -37.5000 2485.1248   14.7690
    7.5000   15.0000  -37.5000 2457.2390   14.8349
   -7.5000   22.5000  -37.5000 2477.2966   14.6653
    0.0000   22.5000  -37.5000 2491.4155   14.6719
    7.5000   22.5000  -37.5000 2467.7678   14.7640
   -7.5000   30.0000  -37.5000 2460.5745   14.8969
    0.0000   30.0000  -37.5000 2477.4846   14.8878
    7.5000   30.0000  -37.5000 2454.3279   14.9911
   -7.5000   37.5000  -37.5000 2429.0398   15.4121
    0.0000   37.5000  -37.5000 2450.4067   15.4067
    7.5000   37.5000  -37.5000 2423.9548   15.5131
   -7.5000   45.0000  -37.5000 2373.3313   16.2573
    0.0000   45.0000  -37.5000 2391.6821   16.2654
    7.5000   45.0000  -37.5000 2365.0413   16.3933
   -7.5000   52.5000  -37.5000 2279.2590   17.3346
    0.0000   52.5000  -37.5000 2294.9695   17.3650
    7.5000   52.5000  -37.5000 2264.4021   17.5126
   -7.5000  -37.5000  -30.0000 1921.7054   25.8659
    0.0000  -37.5000  -30.0000 1931.3069   25.7736
    7.5000  -37.5000  -30.0000 1934.3491   26.0105
   -7.5000  -30.0000  -30.0000 2064.6208   22.6019
    0.0000  -30.0000  -30.0000 2071.3315   22.5542
    7.5000  -30.0000  -30.0000 2060.9043   22.6823
   -7.5000  -22.5000  -30.0000 2210.7810   20.0082
    0.0000  -22.5000  -30.0000 2217.7224   19.9845
    7.5000  -22.5000  -30.0000 2200.1846   20.0745
   -7.5000  -15.0000  -30.0000 2338.5254   17.9579
    0.0000  -15.0000  -30.0000 2345.5950   17.9253
    7.5000  -15.0000  -30.0000 2326.6455   17.9739
   -7.5000   -7.5000  -30.0000 2450.8979   16.4684
    0.0000   -7.5000  -30.0000 2463.1753   16.4449
    7.5000   -7.5000  -30.0000 2439.2546   16.4498
   -7.5000    0.0000  -30.0000 2526.6721   15.4111
    0.0000    0.0000  -30.0000 2542.4929   15.3531
    7.5000    0.0000  -30.0000 2518.4226   15.3858
   -7.5000    7.5000  -30.0000 2577.8525   14.6729
    0.0000    7.5000  -30.0000 2595.0386   14.6578
    7.5000    7.5000  -30.0000 2568.5854   14.7126
   -7.5000   15.0000  -30.0000 2611.4758   14.2103
    0.0000   15.0000  -30.0000 2628.5828   14.2268
    7.5000   15.0000  -30.0000 2600.1448   14.2951
   -7.5000   22.5000  -30.0000 2634.6719   14.1197
    0.0000   22.5000  -30.0000 2646.2107   14.1018
    7.5000   22.5000  -30.0000 2618.1990   14.2049
   -7.5000   30.0000  -30.0000 2616.2722   14.3331
    0.0000   30.0000  -30.0000 2630.6162   14.3086
    7.5000   30.0000  -30.0000 2603.8320   14.3982
   -7.5000   37.5000  -30.0000 2578.2302   14.8529
    0.0000   37.5000  -30.0000 2596.2307   14.8581
    7.5000   37.5000  -30.0000 2566.5615   14.9580
   -7.5000   45.0000  -30.0000 2507.4807   15.6755
    0.0000   45.0000  -30.0000 2530.7742   15.6908
    7.5000   45.0000  -30.0000 2500.2471   15.8193
   -7.5000   52.5000  -30.0000 2407.7644   16.7087
    0.0000   52.5000  -30.0000 2421.6174   16.7503
    7.5000   52.5000  -30.0000 2389.5256   16.9062
   -7.5000  -37.5000  -22.5000 1981.5447   25.0105
    0.0000  -37.5000  -22.5000 1991.2172   24.9307
    7.5000  -37.5000  -22.5000 1988.9197   25.2320
   -7.5000  -30.0000  -22.5000 2131.4568   21.7956
    0.0000  -30.0000  -22.5000 2138.5950   21.7435
    7.5000  -30.0000  -22.5000 2127.0859   21.9902
   -7.5000  -22.5000  -22.5000 2284.5845   19.2127
    0.0000  -22.5000  -22.5000 2292.2197   19.1880
    7.5000  -22.5000  -22.5000 2274.5847   19.3833
   -7.5000  -15.0000  -22.5000 2413.8352   17.2492
    0.0000  -15.0000  -22.5000 2426.4363   17.2288
    7.5000  -15.0000  -22.5000 2406.1482   17.3570
   -7.5000   -7.5000  -22.5000 2532.1494   15.7896
    0.0000   -7.5000  -22.5000 2548.5271   15.7603
    7.5000   -7.5000  -22.5000 2523.4038   15.8327
   -7.5000    0.0000  -22.5000 2616.7729   14.7344
    0.0000    0.0000  -22.5000 2635.5017   14.7051
    7.5000    0.0000  -22.5000 2613.3645   14.7736
   -7.5000    7.5000  -22.5000 2681.2354   14.0226
    0.0000    7.5000  -22.5000 2698.4075   13.9983
    7.5000    7.5000  -22.5000 2673.2471   14.0792
   -7.5000   15.0000  -22.5000 2722.4006   13.5566
    0.0000   15.0000  -22.5000 2742.8167   13.5609
    7.5000   15.0000  -22.5000 2711.8350   13.6554
   -7.5000   22.5000  -22.5000 2748.2297   13.4493
    0.0000   22.5000  -22.5000 2767.8987   13.4482
    7.5000   22.5000  -22.5000 2734.2183   13.5409
   -7.5000   30.0000  -22.5000 2738.0635   13.6506
    0.0000   30.0000  -22.5000 2755.4819   13.6508
    7.5000   30.0000  -22.5000 2722.1392   13.7417
   -7.5000   37.5000  -22.5000 2698.0278   14.1905
    0.0000   37.5000  -22.5000 2718.3838   14.1976
    7.5000   37.5000  -22.5000 2686.7356   14.3063
   -7.5000   45.0000  -22.5000 2623.2280   15.0063
    0.0000   45.0000  -22.5000 2641.8586   15.0065
    7.5000   45.0000  -22.5000 2612.8049   15.1810
   -7.5000   52.5000  -22.5000 2510.5459   16.0273
    0.0000   52.5000  -22.5000 2523.4233   16.0145
    7.5000   52.5000  -22.5000 2495.9644   16.2015
   -7.5000  -37.5000  -15.0000 2020.5966   24.2153
    0.0000  -37.5000  -15.0000 2030.6185   24.1443
    7.5000  -37.5000  -15.0000 2023.7986   24.4711
   -7.5000  -30.0000  -15.0000 2174.1016   21.0420
    0.0000  -30.0000  -15.0000 2187.2754   20.9972
    7.5000  -30.0000  -15.0000 2171.2642   21.2905
   -7.5000  -22.5000  -15.0000 2326.0029   18.5307
    0.0000  -22.5000  -15.0000 2340.8770   18.4957
    7.5000  -22.5000  -15.0000 2319.7009   18.7411
   -7.5000  -15.0000  -15.0000 2456.6548   16.6375
    0.0000  -15.0000  -15.0000 2473.4714   16.5956
    7.5000  -15.0000  -15.0000 2456.1924   16.7617
   -7.5000   -7.5000  -15.0000 2576.7834   15.2004
    0.0000   -7.5000  -15.0000 2598.7285   15.1710
    7.5000   -7.5000  -15.0000 2580.5513   15.2898
   -7.5000    0.0000  -15.0000 2673.9456   14.1609
    0.0000    0.0000  -15.0000 2700.2751   14.1040
    7.5000    0.0000  -15.0000 2681.8352   14.2437
   -7.5000    7.5000  -15.0000 2750.9893   13.4231
    0.0000    7.5000  -15.0000 2779.6323   13.3666
    7.5000    7.5000  -15.0000 2751.9280   13.5068
   -7.5000   15.0000  -15.0000 2803.7935   12.9168
    0.0000   15.0000  -15.0000 2828.6707   12.8960
    7.5000   15.0000  -15.0000 2790.1404   13.0442
   -7.5000   22.5000  -15.0000 2832.2285   12.8044
    0.0000   22.5000  -15.0000 2855.7024   12.7859
    7.5000   22.5000  -15.0000 2817.2886   12.9253
   -7.5000   30.0000  -15.0000 2821.1543   13.0167
    0.0000   30.0000  -15.0000 2842.8987   13.0012
    7.5000   30.0000  -15.0000 2809.5146   13.1226
   -7.5000   37.5000  -15.0000 2783.6357   13.5684
    0.0000   37.5000  -15.0000 2801.5149   13.5315
    7.5000   37.5000  -15.0000 2775.2778   13.6809
   -7.5000   45.0000  -15.0000 2702.8296   14.3411
    0.0000   45.0000  -15.0000 2719.7861   14.3086
    7.5000   45.0000  -15.0000 2698.4255   14.4973
   -7.5000   52.5000  -15.0000 2579.0208   15.3717
    0.0000   52.5000  -15.0000 2593.1177   15.3341
    7.5000   52.5000  -15.0000 2569.2485   15.5317
   -7.5000  -37.5000   -7.5000 2046.4233   23.6408
    0.0000  -37.5000   -7.5000 2057.1787   23.5458
    7.5000  -37.5000   -7.5000 2048.5144   23.9133
   -7.5000  -30.0000   -7.5000 2194.7078   20.4766
    0.0000  -30.0000   -7.5000 2207.4241   20.4418
    7.5000  -30.0000   -7.5000 2192.1313   20.7518
   -7.5000  -22.5000   -7.5000 2345.8577   18.0212
    0.0000  -22.5000   -7.5000 2358.9812   17.9480
    7.5000  -22.5000   -7.5000 2342.0657   18.2583
   -7.5000  -15.0000   -7.5000 2476.6689   16.1251
    0.0000  -15.0000   -7.5000 2494.2310   16.0325
    7.5000  -15.0000   -7.5000 2476.8335   16.2895
   -7.5000   -7.5000   -7.5000 2599.3506   14.7189
    0.0000   -7.5000   -7.5000 2623.2009   14.6152
    7.5000   -7.5000   -7.5000 2608.5581   14.8544
   -7.5000    0.0000   -7.5000 2714.6550   13.7202
    0.0000    0.0000   -7.5000 2743.4753   13.6205
    7.5000    0.0000   -7.5000 2722.4634   13.8374
   -7.5000    7.5000   -7.5000 2808.4114   12.9751
    0.0000    7.5000   -7.5000 2840.9038   12.8875
    7.5000    7.5000   -7.5000 2812.1484   13.0885
   -7.5000   15.0000   -7.5000 2870.5549   12.4040
    0.0000   15.0000   -7.5000 2897.6145   12.3159
    7.5000   15.0000   -7.5000 2857.8164   12.5825
   -7.5000   22.5000   -7.5000 2900.1541   12.2538
    0.0000   22.5000   -7.5000 2924.8174   12.1718
    7.5000   22.5000   -7.5000 2885.8625   12.4365
   -7.5000   30.0000   -7.5000 2885.4453   12.4753
    0.0000   30.0000   -7.5000 2905.4976   12.3934
    7.5000   30.0000   -7.5000 2876.5559   12.6553
   -7.5000   37.5000   -7.5000 2839.4722   13.0375
    0.0000   37.5000   -7.5000 2856.4001   12.9398
    7.5000   37.5000   -7.5000 2838.7793   13.1859
   -7.5000   45.0000   -7.5000 2751.4207   13.8381
    0.0000   45.0000   -7.5000 2767.9724   13.7429
    7.5000   45.0000   -7.5000 2755.2551   13.9970
   -7.5000   52.5000   -7.5000 2622.2397   14.8418
    0.0000   52.5000   -7.5000 2635.8291   14.7690
    7.5000   52.5000   -7.5000 2615.5181   15.0446
   -7.5000  -37.5000    0.0000 2054.9685   23.5166
    0.0000  -37.5000    0.0000 2066.9658   23.3495
    7.5000  -37.5000    0.0000 2058.3752   23.8561
   -7.5000  -30.0000    0.0000 2201.4968   20.3249
    0.0000  -30.0000    0.0000 2214.1724   20.2037
    7.5000  -30.0000    0.0000 2201.9761   20.6721
   -7.5000  -22.5000    0.0000 2352.9883   17.8420
    0.0000  -22.5000    0.0000 2359.0432   17.6703
    7.5000  -22.5000    0.0000 2349.5178   18.1032
   -7.5000  -15.0000    0.0000 2483.1121   15.8932
    0.0000  -15.0000    0.0000 2493.1968   15.7019
    7.5000  -15.0000    0.0000 2481.8655   16.0869
   -7.5000   -7.5000    0.0000 2607.9331   14.4914
    0.0000   -7.5000    0.0000 2625.8691   14.2881
    7.5000   -7.5000    0.0000 2614.8948   14.6353
   -7.5000    0.0000    0.0000 2727.3706   13.5145
    0.0000    0.0000    0.0000 2752.7002   13.3306
    7.5000    0.0000    0.0000 2735.7358   13.6436
   -7.5000    7.5000    0.0000 2834.1638   12.8047
    0.0000    7.5000    0.0000 2863.3191   12.6685
    7.5000    7.5000    0.0000 2836.1587   12.9117
   -7.5000   15.0000    0.0000 2909.7244   12.1859
    0.0000   15.0000    0.0000 2939.9238   12.0341
    7.5000   15.0000    0.0000 2896.7153   12.3914
   -7.5000   22.5000    0.0000 2946.4631   11.9485
    0.0000   22.5000    0.0000 2969.9731   11.7377
    7.5000   22.5000    0.0000 2929.3013   12.2049
   -7.5000   30.0000    0.0000 2925.3638   12.2152
    0.0000   30.0000    0.0000 2945.4155   12.0199
    7.5000   30.0000    0.0000 2918.7544   12.4479
   -7.5000   37.5000    0.0000 2867.2734   12.8124
    0.0000   37.5000    0.0000 2887.3647   12.6324
    7.5000   37.5000    0.0000 2872.8210   12.9856
   -7.5000   45.0000    0.0000 2783.8728   13.6164
    0.0000   45.0000    0.0000 2799.2490   13.4805
    7.5000   45.0000    0.0000 2779.8425   13.7631
   -7.5000   52.5000    0.0000 2645.6455   14.5989
    0.0000   52.5000    0.0000 2661.0376   14.4938
    7.5000   52.5000    0.0000 2637.4697   14.7504
   -7.5000  -37.5000    7.5000 2045.0800   23.5862
    0.0000  -37.5000    7.5000 2058.2097   23.3496
    7.5000  -37.5000    7.5000 2050.3118   23.9064
   -7.5000  -30.0000    7.5000 2190.2109   20.3226
    0.0000  -30.0000    7.5000 2204.5327   20.1071
    7.5000  -30.0000    7.5000 2193.7805   20.6841
   -7.5000  -22.5000    7.5000 2341.6365   17.8358
    0.0000  -22.5000    7.5000 2351.9670   17.6256
    7.5000  -22.5000    7.5000 2341.7700   18.1423
   -7.5000  -15.0000    7.5000 2476.5842   15.9149
    0.0000  -15.0000    7.5000 2488.7678   15.6772
    7.5000  -15.0000    7.5000 2477.4878   16.1534
   -7.5000   -7.5000    7.5000 2599.6353   14.4923
    0.0000   -7.5000    7.5000 2619.2251   14.2509
    7.5000   -7.5000    7.5000 2607.3418   14.6849
   -7.5000    0.0000    7.5000 2724.3469   13.5404
    0.0000    0.0000    7.5000 2742.1453   13.3004
    7.5000    0.0000    7.5000 2735.3540   13.7047
   -7.5000    7.5000    7.5000 2833.2014   12.8558
    0.0000    7.5000    7.5000 2860.7725   12.6248
    7.5000    7.5000    7.5000 2840.3242   12.9660
   -7.5000   15.0000    7.5000 2921.6860   12.2996
    0.0000   15.0000    7.5000 2951.8611   12.0888
    7.5000   15.0000    7.5000 2912.2288   12.4683
   -7.5000   22.5000    7.5000 2967.4602   12.0577
    0.0000   22.5000    7.5000 2992.9141   11.8023
    7.5000   22.5000    7.5000 2950.5635   12.3043
   -7.5000   30.0000    7.5000 2947.4458   12.2963
    0.0000   30.0000    7.5000 2973.4932   12.0752
    7.5000   30.0000    7.5000 2935.6384   12.4831
   -7.5000   37.5000    7.5000 2877.0608   12.8766
    0.0000   37.5000    7.5000 2899.3743   12.7076
    7.5000   37.5000    7.5000 2877.6252   12.9878
   -7.5000   45.0000    7.5000 2788.9968   13.6242
    0.0000   45.0000    7.5000 2800.9832   13.4792
    7.5000   45.0000    7.5000 2780.0811   13.6993
   -7.5000   52.5000    7.5000 2652.0776   14.5487
    0.0000   52.5000    7.5000 2661.2390   14.4330
    7.5000   52.5000    7.5000 2641.0703   14.6086
   -7.5000  -37.5000   15.0000 2018.0789   24.0036
    0.0000  -37.5000   15.0000 2028.0615   23.7791
    7.5000  -37.5000   15.0000 2023.0237   24.3388
   -7.5000  -30.0000   15.0000 2174.0964   20.6417
    0.0000  -30.0000   15.0000 2187.7078   20.4240
    7.5000  -30.0000   15.0000 2174.8655   21.0382
   -7.5000  -22.5000   15.0000 2326.2310   18.0605
    0.0000  -22.5000   15.0000 2341.3215   17.8355
    7.5000  -22.5000   15.0000 2327.2085   18.4110
   -7.5000  -15.0000   15.0000 2456.9495   16.1029
    0.0000  -15.0000   15.0000 2475.9617   15.8648
    7.5000  -15.0000   15.0000 2462.2073   16.3494
   -7.5000   -7.5000   15.0000 2576.7317   14.7278
    0.0000   -7.5000   15.0000 2599.9314   14.4882
    7.5000   -7.5000   15.0000 2592.6099   14.9395
   -7.5000    0.0000   15.0000 2703.9500   13.8180
    0.0000    0.0000   15.0000 2724.7236   13.5842
    7.5000    0.0000   15.0000 2716.6509   13.9518
   -7.5000    7.5000   15.0000 2817.2495   13.1423
    0.0000    7.5000   15.0000 2843.6262   12.9257
    7.5000    7.5000   15.0000 2820.5173   13.2355
   -7.5000   15.0000   15.0000 2901.9355   12.6083
    0.0000   15.0000   15.0000 2928.9292   12.4084
    7.5000   15.0000   15.0000 2884.5483   12.7423
   -7.5000   22.5000   15.0000 2948.0186   12.4629
    0.0000   22.5000   15.0000 2973.5955   12.2995
    7.5000   22.5000   15.0000 2925.4749   12.5885
   -7.5000   30.0000   15.0000 2931.8145   12.6693
    0.0000   30.0000   15.0000 2962.1519   12.5574
    7.5000   30.0000   15.0000 2910.5872   12.7559
   -7.5000   37.5000   15.0000 2855.3853   13.1721
    0.0000   37.5000   15.0000 2880.1494   13.1003
    7.5000   37.5000   15.0000 2844.8120   13.2494
   -7.5000   45.0000   15.0000 2761.2195   13.8197
    0.0000   45.0000   15.0000 2777.9451   13.7343
    7.5000   45.0000   15.0000 2752.2939   13.8871
   -7.5000   52.5000   15.0000 2627.0088   14.6822
    0.0000   52.5000   15.0000 2641.4614   14.6145
    7.5000   52.5000   15.0000 2617.9353   14.7656
   -7.5000  -37.5000   22.5000 1985.6395   24.7111
    0.0000  -37.5000   22.5000 1993.9235   24.4492
    7.5000  -37.5000   22.5000 1996.4268   25.0525
   -7.5000  -30.0000   22.5000 2147.8394   21.2475
    0.0000  -30.0000   22.5000 2159.7158   20.9932
    7.5000  -30.0000   22.5000 2153.0012   21.5567
   -7.5000  -22.5000   22.5000 2305.5100   18.5813
    0.0000  -22.5000   22.5000 2320.7039   18.3532
    7.5000  -22.5000   22.5000 2305.6433   18.8540
   -7.5000  -15.0000   22.5000 2436.1067   16.6422
    0.0000  -15.0000   22.5000 2457.2493   16.4358
    7.5000  -15.0000   22.5000 2440.5261   16.8402
   -7.5000   -7.5000   22.5000 2559.3257   15.3147
    0.0000   -7.5000   22.5000 2584.4412   15.1423
    7.5000   -7.5000   22.5000 2564.8931   15.4574
   -7.5000    0.0000   22.5000 2681.2051   14.3796
    0.0000    0.0000   22.5000 2702.5225   14.1968
    7.5000    0.0000   22.5000 2683.8750   14.4754
   -7.5000    7.5000   22.5000 2783.1799   13.6057
    0.0000    7.5000   22.5000 2804.6323   13.3949
    7.5000    7.5000   22.5000 2777.7292   13.7194
   -7.5000   15.0000   22.5000 2853.9441   13.0715
    0.0000   15.0000   22.5000 2872.4927   12.8747
    7.5000   15.0000   22.5000 2845.7991   13.2191
   -7.5000   22.5000   22.5000 2895.9702   12.9109
    0.0000   22.5000   22.5000 2911.1587   12.7399
    7.5000   22.5000   22.5000 2883.1467   13.0120
   -7.5000   30.0000   22.5000 2879.8745   13.0685
    0.0000   30.0000   22.5000 2904.5962   12.9355
    7.5000   30.0000   22.5000 2864.4199   13.1519
   -7.5000   37.5000   22.5000 2806.8254   13.5632
    0.0000   37.5000   22.5000 2830.5715   13.4524
    7.5000   37.5000   22.5000 2798.9136   13.6344
   -7.5000   45.0000   22.5000 2714.9890   14.2427
    0.0000   45.0000   22.5000 2731.6541   14.1503
    7.5000   45.0000   22.5000 2706.4062   14.3230
   -7.5000   52.5000   22.5000 2586.9675   15.0904
    0.0000   52.5000   22.5000 2603.0640   15.0273
    7.5000   52.5000   22.5000 2573.3992   15.1913
   -7.5000  -37.5000   30.0000 1949.4528   25.8791
    0.0000  -37.5000   30.0000 1958.4940   25.6844
    7.5000  -37.5000   30.0000 1958.1034   26.1717
   -7.5000  -30.0000   30.0000 2114.8052   22.2205
    0.0000  -30.0000   30.0000 2127.5249   22.0560
    7.5000  -30.0000   30.0000 2114.4661   22.4853
   -7.5000  -22.5000   30.0000 2272.7998   19.4581
    0.0000  -22.5000   30.0000 2291.4622   19.3488
    7.5000  -22.5000   30.0000 2265.6733   19.6681
   -7.5000  -15.0000   30.0000 2408.9382   17.4718
    0.0000  -15.0000   30.0000 2434.5444   17.3247
    7.5000  -15.0000   30.0000 2401.9675   17.6044
   -7.5000   -7.5000   30.0000 2526.2920   16.0786
    0.0000   -7.5000   30.0000 2554.1868   15.9171
    7.5000   -7.5000   30.0000 2524.6533   16.1803
   -7.5000    0.0000   30.0000 2640.7366   15.0611
    0.0000    0.0000   30.0000 2665.0129   14.8979
    7.5000    0.0000   30.0000 2639.0381   15.1376
   -7.5000    7.5000   30.0000 2727.4565   14.2405
    0.0000    7.5000   30.0000 2751.0811   14.0217
    7.5000    7.5000   30.0000 2722.4868   14.3651
   -7.5000   15.0000   30.0000 2788.6238   13.6868
    0.0000   15.0000   30.0000 2803.7810   13.5416
    7.5000   15.0000   30.0000 2784.9917   13.8431
   -7.5000   22.5000   30.0000 2820.0732   13.5297
    0.0000   22.5000   30.0000 2835.7373   13.3463
    7.5000   22.5000   30.0000 2811.7734   13.6235
   -7.5000   30.0000   30.0000 2799.3081   13.6323
    0.0000   30.0000   30.0000 2820.6584   13.4750
    7.5000   30.0000   30.0000 2791.6694   13.7252
   -7.5000   37.5000   30.0000 2731.8921   14.1368
    0.0000   37.5000   30.0000 2757.9312   14.0107
    7.5000   37.5000   30.0000 2733.2205   14.2245
   -7.5000   45.0000   30.0000 2650.7922   14.8484
    0.0000   45.0000   30.0000 2668.9155   14.7271
    7.5000   45.0000   30.0000 2644.8208   14.9167
   -7.5000   52.5000   30.0000 2528.3447   15.7091
    0.0000   52.5000   30.0000 2549.3362   15.6135
    7.5000   52.5000   30.0000 2521.2598   15.7825
   -7.5000  -37.5000   37.5000 1904.7277   27.2160
    0.0000  -37.5000   37.5000 1914.0334   27.0550
    7.5000  -37.5000   37.5000 1908.9688   27.4826
   -7.5000  -30.0000   37.5000 2067.2832   23.4704
    0.0000  -30.0000   37.5000 2079.0925   23.3242
    7.5000  -30.0000   37.5000 2064.6699   23.6369
   -7.5000  -22.5000   37.5000 2225.3115   20.5460
    0.0000  -22.5000   37.5000 2249.4314   20.4435
    7.5000  -22.5000   37.5000 2221.7744   20.7137
   -7.5000  -15.0000   37.5000 2362.4907   18.4390
    0.0000  -15.0000   37.5000 2392.4070   18.3508
    7.5000  -15.0000   37.5000 2358.4690   18.5505
   -7.5000   -7.5000   37.5000 2478.4297   17.0024
    0.0000   -7.5000   37.5000 2508.6501   16.8722
    7.5000   -7.5000   37.5000 2475.5205   17.0706
   -7.5000    0.0000   37.5000 2581.9214   15.9376
    0.0000    0.0000   37.5000 2611.0234   15.7605
    7.5000    0.0000   37.5000 2583.3503   15.9974
   -7.5000    7.5000   37.5000 2658.1230   15.0688
    0.0000    7.5000   37.5000 2684.5540   14.8833
    7.5000    7.5000   37.5000 2651.1753   15.1849
   -7.5000   15.0000   37.5000 2707.7852   14.5251
    0.0000   15.0000   37.5000 2726.4458   14.4157
    7.5000   15.0000   37.5000 2703.5098   14.6638
   -7.5000   22.5000   37.5000 2733.2688   14.3248
    0.0000   22.5000   37.5000 2747.4509   14.1812
    7.5000   22.5000   37.5000 2723.0242   14.4332
   -7.5000   30.0000   37.5000 2709.6257   14.4313
    0.0000   30.0000   37.5000 2729.0215   14.2936
    7.5000   30.0000   37.5000 2704.9238   14.5219
   -7.5000   37.5000   37.5000 2646.0967   14.9135
    0.0000   37.5000   37.5000 2673.4292   14.8155
    7.5000   37.5000   37.5000 2650.9900   15.0129
   -7.5000   45.0000   37.5000 2572.2786   15.6469
    0.0000   45.0000   37.5000 2592.7781   15.5468
    7.5000   45.0000   37.5000 2570.2690   15.7656
   -7.5000   52.5000   37.5000 2458.8196   16.4955
    0.0000   52.5000   37.5000 2478.6157   16.4221
    7.5000   52.5000   37.5000 2451.9446   16.5992
   -7.5000  -37.5000   45.0000 1855.6936   28.9801
    0.0000  -37.5000   45.0000 1866.4473   28.7255
    7.5000  -37.5000   45.0000 1853.6794   29.1962
   -7.5000  -30.0000   45.0000 2017.0653   25.0226
    0.0000  -30.0000   45.0000 2031.3174   24.8191
    7.5000  -30.0000   45.0000 2009.6779   25.0979
   -7.5000  -22.5000   45.0000 2175.9563   21.9255
    0.0000  -22.5000   45.0000 2204.3342   21.7892
    7.5000  -22.5000   45.0000 2167.4949   22.0254
   -7.5000  -15.0000   45.0000 2309.9900   19.6781
    0.0000  -15.0000   45.0000 2337.0806   19.5379
    7.5000  -15.0000   45.0000 2303.4365   19.7592
   -7.5000   -7.5000   45.0000 2418.1384   18.1473
    0.0000   -7.5000   45.0000 2446.1550   18.0244
    7.5000   -7.5000   45.0000 2415.4387   18.1855
   -7.5000    0.0000   45.0000 2510.6621   17.0294
    0.0000    0.0000   45.0000 2539.7595   16.8716
    7.5000    0.0000   45.0000 2509.1196   17.0848
   -7.5000    7.5000   45.0000 2576.5757   16.1359
    0.0000    7.5000   45.0000 2600.1274   15.9944
    7.5000    7.5000   45.0000 2569.5693   16.2269
   -7.5000   15.0000   45.0000 2615.8740   15.5470
    0.0000   15.0000   45.0000 2630.1167   15.4502
    7.5000   15.0000   45.0000 2608.2029   15.6740
   -7.5000   22.5000   45.0000 2629.7014   15.3469
    0.0000   22.5000   45.0000 2642.5901   15.2541
    7.5000   22.5000   45.0000 2620.0100   15.4545
   -7.5000   30.0000   45.0000 2614.1687   15.4431
    0.0000   30.0000   45.0000 2628.9517   15.3779
    7.5000   30.0000   45.0000 2610.3159   15.5570
   -7.5000   37.5000   45.0000 2559.6995   15.9322
    0.0000   37.5000   45.0000 2590.9792   15.8596
    7.5000   37.5000   45.0000 2566.8110   16.0346
   -7.5000   45.0000   45.0000 2490.7632   16.6493
    0.0000   45.0000   45.0000 2509.9917   16.5842
    7.5000   45.0000   45.0000 2490.3638   16.7444
   -7.5000   52.5000   45.0000 2379.0520   17.4890
    0.0000   52.5000   45.0000 2398.7744   17.4353
    7.5000   52.5000   45.0000 2375.7000   17.5725

---------------------------------------------------------------------
imgreg_4dfp /opt/freesurfer/average/711-2C_as_mni_average_305 /opt/freesurfer/average/711-2B_as_mni_average_305_mask talsrcimg_g11 none talsrcimg_to_711-2C_as_mni_average_305_t4 1283
---------------------------------------------------------------------

freesurfer imgreg_4dfp.c
/opt/freesurfer/average/711-2C_as_mni_average_305.4dfp.img
       256       256       256         1
  1.000000  1.000000  1.000000
orientation T byte_order littleendian
Reading image: /opt/freesurfer/average/711-2C_as_mni_average_305.4dfp.img
dimensions:      256       256       256
mmppix:       1.0000   -1.0000   -1.0000
center:     128.0000 -129.0000 -129.0000
/opt/freesurfer/average/711-2B_as_mni_average_305_mask.4dfp.img
       256       256       256         1
  1.000000  1.000000  1.000000
orientation T byte_order littleendian
Reading mask: /opt/freesurfer/average/711-2B_as_mni_average_305_mask.4dfp.img (2306576 pixels)
talsrcimg_g11.4dfp.img
       256       256       256         1
  1.000000  1.000000  1.000000
orientation T byte_order littleendian
Reading image: talsrcimg_g11.4dfp.img
dimensions:      256       256       256
mmppix:       1.0000   -1.0000   -1.0000
center:     128.0000 -129.0000 -129.0000
rotation matrix determinant  1.000000
fimgreg.f
image alignment mode   1283 decimal      503 hex
parameters
    0.0000   22.5000    7.5000    0.0000    0.0000    0.0000
eta,q 0.94065 11.80972
niter,ni,del,rscale     5    3   12.0000    1.2000
parameter  2 -0.633909 -> -0.500000 qaram    1.1500
parameters
   -0.6808   25.9500    9.7565   -1.2032   -0.9044   -1.8390
eta,q 0.94209 11.80668
  0.0673  0.0685  0.0695  0.0644  0.0621  0.0604
  0.0631  0.0669  0.0671  0.0605  0.0601  0.0586
  0.0623  0.0651  0.0633  0.0580  0.0583  0.0579
  0.0623  0.0619  0.0600  0.0589  0.0580  0.0580
  0.0629  0.0597  0.0588  0.0616  0.0596  0.0599
  0.0662  0.0599  0.0601  0.0657  0.0622  0.0635
  0.0695  0.0620  0.0624  0.0704  0.0657  0.0666
niter,ni,del,rscale     5    3   12.0000    1.2000
parameters
   -0.6082   24.8932    9.8731   -1.0910   -0.8321   -2.0487
eta,q 0.94275 11.80980
  0.0697  0.0650  0.0660  0.0641  0.0629  0.0630
  0.0628  0.0625  0.0617  0.0631  0.0608  0.0602
  0.0581  0.0581  0.0583  0.0595  0.0585  0.0579
  0.0579  0.0579  0.0572  0.0572  0.0573  0.0572
  0.0595  0.0606  0.0591  0.0588  0.0578  0.0581
  0.0627  0.0654  0.0621  0.0613  0.0599  0.0607
  0.0685  0.0723  0.0645  0.0648  0.0633  0.0640
niter,ni,del,rscale     4    3   12.0000    1.2000
parameters
   -0.7184   24.5578    9.8783   -0.9444   -0.7530   -2.0667
eta,q 0.94286 11.80427
  0.0688  0.0658  0.0660  0.0636  0.0631  0.0635
  0.0619  0.0636  0.0616  0.0629  0.0609  0.0608
  0.0572  0.0600  0.0581  0.0597  0.0585  0.0581
  0.0573  0.0572  0.0571  0.0572  0.0571  0.0571
  0.0591  0.0594  0.0593  0.0586  0.0578  0.0581
  0.0627  0.0632  0.0624  0.0611  0.0601  0.0606
  0.0689  0.0692  0.0650  0.0643  0.0634  0.0638
niter,ni,del,rscale     3    3   12.0000    1.2000
parameters
   -0.7763   24.4252    9.8846   -0.8564   -0.7050   -2.0550
eta,q 0.94287 11.80190
  0.0690  0.0661  0.0662  0.0634  0.0632  0.0637
  0.0622  0.0639  0.0617  0.0627  0.0610  0.0609
  0.0573  0.0604  0.0581  0.0595  0.0585  0.0581
  0.0571  0.0571  0.0571  0.0571  0.0571  0.0571
  0.0591  0.0590  0.0593  0.0586  0.0579  0.0581
  0.0626  0.0626  0.0626  0.0612  0.0602  0.0607
  0.0688  0.0686  0.0652  0.0642  0.0636  0.0638
niter,ni,del,rscale     2    3   12.0000    1.2000
parameters
   -0.8022   24.3568    9.8916   -0.8082   -0.6815   -2.0447
eta,q 0.94287 11.80060
  0.0692  0.0662  0.0663  0.0633  0.0633  0.0638
  0.0623  0.0640  0.0617  0.0626  0.0610  0.0610
  0.0573  0.0606  0.0581  0.0595  0.0585  0.0582
  0.0571  0.0571  0.0571  0.0571  0.0571  0.0571
  0.0591  0.0589  0.0594  0.0586  0.0580  0.0581
  0.0626  0.0625  0.0626  0.0612  0.0604  0.0608
  0.0688  0.0684  0.0652  0.0642  0.0637  0.0638
registration optimization eta report
parameter search radius
    6.0000    6.9000    6.0000    6.0000    6.0000    6.0000
100000*second partial in parameter space
       33.       19.       23.       16.       17.       18.
  0.0692  0.0662  0.0663  0.0633  0.0633  0.0638
  0.0623  0.0640  0.0617  0.0626  0.0610  0.0610
  0.0573  0.0606  0.0581  0.0595  0.0585  0.0582
  0.0571  0.0571  0.0571  0.0571  0.0571  0.0571
  0.0591  0.0589  0.0594  0.0586  0.0580  0.0581
  0.0626  0.0625  0.0626  0.0612  0.0604  0.0608
  0.0688  0.0684  0.0652  0.0642  0.0637  0.0638
   -0.8022   24.3568    9.8916   -0.8082   -0.6815   -2.0447
eta,q 0.94287 11.80060

---------------------------------------------------------------------
imgreg_4dfp /opt/freesurfer/average/711-2C_as_mni_average_305 /opt/freesurfer/average/711-2B_as_mni_average_305_mask talsrcimg_g11 none talsrcimg_to_711-2C_as_mni_average_305_t4 3335
---------------------------------------------------------------------

freesurfer imgreg_4dfp.c
/opt/freesurfer/average/711-2C_as_mni_average_305.4dfp.img
       256       256       256         1
  1.000000  1.000000  1.000000
orientation T byte_order littleendian
Reading image: /opt/freesurfer/average/711-2C_as_mni_average_305.4dfp.img
dimensions:      256       256       256
mmppix:       1.0000   -1.0000   -1.0000
center:     128.0000 -129.0000 -129.0000
/opt/freesurfer/average/711-2B_as_mni_average_305_mask.4dfp.img
       256       256       256         1
  1.000000  1.000000  1.000000
orientation T byte_order littleendian
Reading mask: /opt/freesurfer/average/711-2B_as_mni_average_305_mask.4dfp.img (2306576 pixels)
talsrcimg_g11.4dfp.img
       256       256       256         1
  1.000000  1.000000  1.000000
orientation T byte_order littleendian
Reading image: talsrcimg_g11.4dfp.img
dimensions:      256       256       256
mmppix:       1.0000   -1.0000   -1.0000
center:     128.0000 -129.0000 -129.0000
fimgreg.f
image alignment mode   3335 decimal      D07 hex
parameters
   -0.8022   24.3568    9.8916   -0.0707   -0.0730   -0.0170
    3.5507    1.2389   -3.5676    1.3673   -1.1894   -1.4105
eta,q 0.94324 11.96699
niter,ni,del,rscale     5    3    5.0000    1.2000
parameter  4 13.297611 ->  0.500000 qaram    1.1500
parameter  5  3.947166 ->  0.500000 qaram    1.1500
parameter  6  1.035975 ->  0.500000 qaram    1.1500
parameters
   -0.8707   24.4449    9.5317   -4.2107   -4.2130   -4.1570
    1.6780    2.4918   -4.4404    1.6322   -2.7391   -1.8939
eta,q 0.96097 11.73199
  0.0582  0.0583  0.0578  0.0451  0.0395  0.0385  0.0406  0.0464  0.0404  0.0424  0.0400  0.0400
  0.0574  0.0574  0.0571  0.0478  0.0425  0.0392  0.0397  0.0432  0.0395  0.0406  0.0393  0.0394
  0.0569  0.0569  0.0568  0.0518  0.0457  0.0406  0.0393  0.0407  0.0391  0.0393  0.0390  0.0391
  0.0568  0.0568  0.0568  0.0567  0.0488  0.0434  0.0395  0.0393  0.0391  0.0391  0.0391  0.0390
  0.0570  0.0570  0.0571  0.0617  0.0521  0.0481  0.0402  0.0392  0.0395  0.0395  0.0395  0.0392
  0.0575  0.0574  0.0577  0.0657  0.0563  0.0538  0.0413  0.0404  0.0401  0.0402  0.0402  0.0396
  0.0584  0.0580  0.0586  0.0692  0.0607  0.0588  0.0427  0.0430  0.0411  0.0419  0.0413  0.0403
niter,ni,del,rscale     7    3    5.0000    1.2000
parameter  3  1.177596 ->  0.500000 qaram    1.1500
parameter  4  0.879951 ->  0.500000 qaram    1.3225
parameter  5  3.699133 ->  0.500000 qaram    1.3225
parameters
   -0.7803   23.2540    8.1517   -8.9717   -8.9740   -7.9296
    2.5384    2.8835   -4.1821    0.7453   -3.8822   -5.2516
eta,q 0.97371 11.47420
  0.0424  0.0390  0.0366  0.0333  0.0242  0.0275  0.0298  0.0313  0.0294  0.0300  0.0274  0.0267
  0.0406  0.0387  0.0368  0.0333  0.0264  0.0270  0.0283  0.0290  0.0280  0.0281  0.0269  0.0264
  0.0395  0.0388  0.0375  0.0344  0.0298  0.0268  0.0273  0.0274  0.0271  0.0269  0.0266  0.0263
  0.0390  0.0390  0.0387  0.0370  0.0335  0.0272  0.0268  0.0267  0.0267  0.0267  0.0266  0.0266
  0.0393  0.0396  0.0403  0.0414  0.0367  0.0294  0.0269  0.0271  0.0270  0.0278  0.0269  0.0272
  0.0403  0.0406  0.0421  0.0469  0.0409  0.0339  0.0275  0.0283  0.0278  0.0296  0.0274  0.0280
  0.0420  0.0420  0.0441  0.0519  0.0452  0.0394  0.0287  0.0305  0.0291  0.0317  0.0282  0.0291
niter,ni,del,rscale     7    3    5.0000    1.2000
parameter  3  0.730209 ->  0.500000 qaram    1.3225
parameter  5  0.905025 ->  0.500000 qaram    1.5209
parameters
   -0.5597   22.6220    6.5647  -11.3219  -14.4491   -8.5112
    2.8391    2.9944   -4.2360    1.4238   -4.0925   -6.8514
eta,q 0.97804 11.20916
  0.0303  0.0278  0.0251  0.0277  0.0219  0.0249  0.0249  0.0264  0.0244  0.0268  0.0232  0.0228
  0.0283  0.0266  0.0249  0.0261  0.0218  0.0234  0.0234  0.0242  0.0231  0.0244  0.0226  0.0222
  0.0269  0.0261  0.0252  0.0251  0.0227  0.0225  0.0225  0.0227  0.0223  0.0228  0.0222  0.0220
  0.0263  0.0263  0.0260  0.0250  0.0250  0.0220  0.0221  0.0221  0.0221  0.0221  0.0220  0.0220
  0.0264  0.0272  0.0273  0.0262  0.0292  0.0219  0.0223  0.0226  0.0223  0.0223  0.0222  0.0224
  0.0274  0.0289  0.0290  0.0294  0.0331  0.0233  0.0231  0.0240  0.0232  0.0233  0.0227  0.0230
  0.0291  0.0309  0.0311  0.0348  0.0377  0.0269  0.0244  0.0262  0.0244  0.0253  0.0234  0.0238
niter,ni,del,rscale     7    3    5.0000    1.2000
parameters
   -0.4859   22.4959    6.4681  -10.4195  -17.0073   -8.1554
    2.8910    3.1101   -4.2293    1.9605   -4.0994   -6.9770
eta,q 0.97866 11.15888
  0.0257  0.0245  0.0246  0.0270  0.0253  0.0248  0.0241  0.0258  0.0237  0.0257  0.0226  0.0226
  0.0237  0.0230  0.0231  0.0248  0.0229  0.0232  0.0226  0.0235  0.0224  0.0236  0.0219  0.0219
  0.0224  0.0221  0.0222  0.0231  0.0215  0.0221  0.0217  0.0219  0.0216  0.0221  0.0215  0.0215
  0.0220  0.0220  0.0219  0.0219  0.0218  0.0214  0.0214  0.0214  0.0214  0.0214  0.0213  0.0213
  0.0223  0.0224  0.0223  0.0217  0.0232  0.0211  0.0217  0.0218  0.0217  0.0217  0.0215  0.0215
  0.0234  0.0235  0.0233  0.0229  0.0273  0.0220  0.0226  0.0233  0.0225  0.0228  0.0219  0.0220
  0.0252  0.0250  0.0249  0.0260  0.0321  0.0250  0.0240  0.0255  0.0237  0.0247  0.0226  0.0227
niter,ni,del,rscale     6    3    5.0000    1.2000
parameters
   -0.4979   22.4741    6.5776  -10.2087  -17.4061   -8.0854
    2.8925    3.1406   -4.2076    2.0167   -4.0946   -6.9065
eta,q 0.97872 11.15465
  0.0249  0.0243  0.0243  0.0261  0.0272  0.0246  0.0241  0.0256  0.0236  0.0252  0.0225  0.0226
  0.0230  0.0226  0.0227  0.0240  0.0244  0.0231  0.0226  0.0233  0.0224  0.0232  0.0218  0.0219
  0.0218  0.0216  0.0217  0.0224  0.0221  0.0220  0.0216  0.0218  0.0215  0.0218  0.0214  0.0214
  0.0213  0.0213  0.0213  0.0213  0.0213  0.0213  0.0213  0.0213  0.0213  0.0213  0.0213  0.0213
  0.0218  0.0218  0.0216  0.0214  0.0220  0.0210  0.0217  0.0218  0.0216  0.0218  0.0214  0.0215
  0.0230  0.0228  0.0225  0.0229  0.0243  0.0221  0.0226  0.0233  0.0224  0.0231  0.0218  0.0219
  0.0250  0.0243  0.0239  0.0265  0.0289  0.0254  0.0240  0.0256  0.0235  0.0251  0.0225  0.0225
niter,ni,del,rscale     5    3    5.0000    1.2000
parameters
   -0.4984   22.4697    6.5981  -10.1679  -17.4555   -8.0823
    2.8939    3.1428   -4.2029    2.0123   -4.1025   -6.8869
eta,q 0.97873 11.15444
  0.0249  0.0243  0.0240  0.0260  0.0274  0.0246  0.0241  0.0256  0.0236  0.0251  0.0225  0.0226
  0.0229  0.0226  0.0226  0.0239  0.0247  0.0230  0.0226  0.0233  0.0223  0.0231  0.0218  0.0219
  0.0217  0.0216  0.0216  0.0223  0.0223  0.0220  0.0216  0.0218  0.0215  0.0218  0.0214  0.0214
  0.0213  0.0213  0.0213  0.0213  0.0213  0.0213  0.0213  0.0213  0.0213  0.0213  0.0213  0.0213
  0.0217  0.0217  0.0216  0.0214  0.0218  0.0210  0.0217  0.0218  0.0216  0.0218  0.0214  0.0215
  0.0229  0.0227  0.0225  0.0230  0.0239  0.0221  0.0226  0.0233  0.0224  0.0231  0.0218  0.0219
  0.0249  0.0242  0.0240  0.0267  0.0283  0.0255  0.0240  0.0256  0.0235  0.0251  0.0225  0.0225
registration optimization eta report
parameter search radius
    2.4000    2.4000    3.1740    9.5220   10.9503    8.2800
    7.2000    7.2000    7.2000    7.2000    7.2000    7.2000
100000*second partial in parameter space
       62.       52.       27.        6.        5.        6.
        5.        8.        4.        7.        2.        2.
  0.0249  0.0243  0.0240  0.0260  0.0274  0.0246  0.0241  0.0256  0.0236  0.0251  0.0225  0.0226
  0.0229  0.0226  0.0226  0.0239  0.0247  0.0230  0.0226  0.0233  0.0223  0.0231  0.0218  0.0219
  0.0217  0.0216  0.0216  0.0223  0.0223  0.0220  0.0216  0.0218  0.0215  0.0218  0.0214  0.0214
  0.0213  0.0213  0.0213  0.0213  0.0213  0.0213  0.0213  0.0213  0.0213  0.0213  0.0213  0.0213
  0.0217  0.0217  0.0216  0.0214  0.0218  0.0210  0.0217  0.0218  0.0216  0.0218  0.0214  0.0215
  0.0229  0.0227  0.0225  0.0230  0.0239  0.0221  0.0226  0.0233  0.0224  0.0231  0.0218  0.0219
  0.0249  0.0242  0.0240  0.0267  0.0283  0.0255  0.0240  0.0256  0.0235  0.0251  0.0225  0.0225
   -0.4984   22.4697    6.5981  -10.1679  -17.4555   -8.0823
    2.8939    3.1428   -4.2029    2.0123   -4.1025   -6.8869
eta,q 0.97873 11.15444

---------------------------------------------------------------------
imgreg_4dfp /opt/freesurfer/average/711-2C_as_mni_average_305 /opt/freesurfer/average/711-2B_as_mni_average_305_mask talsrcimg_g11 none talsrcimg_to_711-2C_as_mni_average_305_t4 2311
---------------------------------------------------------------------

freesurfer imgreg_4dfp.c
/opt/freesurfer/average/711-2C_as_mni_average_305.4dfp.img
       256       256       256         1
  1.000000  1.000000  1.000000
orientation T byte_order littleendian
Reading image: /opt/freesurfer/average/711-2C_as_mni_average_305.4dfp.img
dimensions:      256       256       256
mmppix:       1.0000   -1.0000   -1.0000
center:     128.0000 -129.0000 -129.0000
/opt/freesurfer/average/711-2B_as_mni_average_305_mask.4dfp.img
       256       256       256         1
  1.000000  1.000000  1.000000
orientation T byte_order littleendian
Reading mask: /opt/freesurfer/average/711-2B_as_mni_average_305_mask.4dfp.img (2306576 pixels)
talsrcimg_g11.4dfp.img
       256       256       256         1
  1.000000  1.000000  1.000000
orientation T byte_order littleendian
Reading image: talsrcimg_g11.4dfp.img
dimensions:      256       256       256
mmppix:       1.0000   -1.0000   -1.0000
center:     128.0000 -129.0000 -129.0000
fimgreg.f
image alignment mode   2311 decimal      907 hex
parameters
   -0.4984   22.4697    6.5981  -10.1679  -17.4555   -8.0823
    2.8939    3.1428   -4.2029    2.0123   -4.1025   -6.8869
eta,q 0.97873 11.15444
niter,ni,del,rscale     5    3    5.0000    0.8000
parameters
   -0.4904   22.4143    6.6122   -9.0933  -16.9762   -6.6700
    2.9224    3.2246   -4.1179    2.0272   -3.8899   -7.0824
eta,q 0.97905 11.26951
  0.0229  0.0226  0.0220  0.0230  0.0228  0.0226  0.0223  0.0232  0.0221  0.0229  0.0216  0.0216
  0.0220  0.0218  0.0216  0.0223  0.0219  0.0220  0.0215  0.0219  0.0215  0.0218  0.0213  0.0212
  0.0215  0.0214  0.0214  0.0217  0.0213  0.0215  0.0211  0.0212  0.0211  0.0212  0.0210  0.0210
  0.0213  0.0213  0.0213  0.0213  0.0212  0.0212  0.0210  0.0210  0.0210  0.0210  0.0210  0.0210
  0.0214  0.0215  0.0213  0.0212  0.0213  0.0209  0.0211  0.0212  0.0211  0.0212  0.0210  0.0211
  0.0220  0.0220  0.0216  0.0214  0.0217  0.0210  0.0215  0.0219  0.0214  0.0218  0.0212  0.0213
  0.0229  0.0227  0.0220  0.0220  0.0222  0.0217  0.0222  0.0230  0.0220  0.0228  0.0215  0.0217
niter,ni,del,rscale     4    3    5.0000    0.7000
parameters
   -0.4863   22.4189    6.6948   -9.2085  -17.2250   -6.6089
    2.8829    3.2048   -4.1864    2.0629   -3.8748   -7.0935
eta,q 0.97908 11.25745
  0.0222  0.0220  0.0217  0.0220  0.0219  0.0219  0.0219  0.0225  0.0217  0.0225  0.0214  0.0214
  0.0215  0.0214  0.0213  0.0215  0.0213  0.0215  0.0214  0.0216  0.0213  0.0216  0.0211  0.0212
  0.0211  0.0211  0.0210  0.0211  0.0210  0.0212  0.0210  0.0211  0.0210  0.0211  0.0210  0.0210
  0.0210  0.0210  0.0209  0.0209  0.0210  0.0209  0.0209  0.0209  0.0209  0.0209  0.0209  0.0209
  0.0211  0.0211  0.0210  0.0210  0.0212  0.0209  0.0210  0.0211  0.0210  0.0211  0.0210  0.0210
  0.0215  0.0214  0.0212  0.0214  0.0215  0.0213  0.0214  0.0216  0.0213  0.0216  0.0211  0.0212
  0.0222  0.0220  0.0215  0.0222  0.0220  0.0221  0.0219  0.0226  0.0218  0.0224  0.0214  0.0215
niter,ni,del,rscale     3    3    5.0000    0.6000
parameters
   -0.4839   22.3986    6.7249   -9.1081  -17.3541   -6.3833
    2.8883    3.2144   -4.1941    2.0521   -3.8576   -7.0956
eta,q 0.97912 11.26350
  0.0219  0.0217  0.0214  0.0218  0.0217  0.0217  0.0216  0.0221  0.0215  0.0220  0.0212  0.0213
  0.0214  0.0213  0.0211  0.0213  0.0212  0.0214  0.0212  0.0214  0.0211  0.0214  0.0210  0.0211
  0.0210  0.0210  0.0210  0.0211  0.0209  0.0211  0.0210  0.0210  0.0209  0.0210  0.0209  0.0209
  0.0209  0.0209  0.0209  0.0209  0.0209  0.0209  0.0209  0.0209  0.0209  0.0209  0.0209  0.0209
  0.0210  0.0210  0.0210  0.0210  0.0211  0.0208  0.0210  0.0210  0.0210  0.0210  0.0209  0.0209
  0.0213  0.0213  0.0211  0.0212  0.0214  0.0211  0.0212  0.0214  0.0212  0.0214  0.0210  0.0211
  0.0219  0.0217  0.0214  0.0217  0.0217  0.0217  0.0216  0.0221  0.0215  0.0220  0.0212  0.0213
niter,ni,del,rscale     2    3    5.0000    0.5000
parameters
   -0.4848   22.3857    6.7584   -9.0366  -17.5252   -6.1515
    2.8761    3.2154   -4.2070    2.0434   -3.8533   -7.1126
eta,q 0.97915 11.26661
  0.0215  0.0214  0.0212  0.0215  0.0214  0.0215  0.0214  0.0217  0.0213  0.0217  0.0211  0.0211
  0.0212  0.0211  0.0210  0.0212  0.0211  0.0212  0.0211  0.0212  0.0210  0.0212  0.0210  0.0210
  0.0210  0.0209  0.0209  0.0210  0.0209  0.0210  0.0209  0.0209  0.0209  0.0209  0.0209  0.0209
  0.0209  0.0209  0.0209  0.0209  0.0209  0.0209  0.0208  0.0208  0.0208  0.0208  0.0208  0.0208
  0.0210  0.0210  0.0209  0.0209  0.0210  0.0208  0.0209  0.0209  0.0209  0.0209  0.0209  0.0209
  0.0212  0.0211  0.0210  0.0211  0.0212  0.0210  0.0211  0.0212  0.0210  0.0212  0.0210  0.0210
  0.0215  0.0215  0.0212  0.0214  0.0215  0.0214  0.0214  0.0217  0.0213  0.0217  0.0211  0.0211
niter,ni,del,rscale     1    3    5.0000    0.4000
parameters
   -0.4843   22.3748    6.7919   -8.9856  -17.6762   -5.9466
    2.8742    3.2211   -4.2182    2.0396   -3.8580   -7.1366
eta,q 0.97918 11.26890
  0.0213  0.0212  0.0211  0.0212  0.0212  0.0213  0.0212  0.0214  0.0211  0.0214  0.0210  0.0210
  0.0210  0.0210  0.0210  0.0210  0.0210  0.0211  0.0210  0.0211  0.0209  0.0211  0.0209  0.0209
  0.0209  0.0209  0.0209  0.0209  0.0209  0.0210  0.0209  0.0209  0.0209  0.0209  0.0208  0.0208
  0.0208  0.0208  0.0208  0.0208  0.0208  0.0208  0.0208  0.0208  0.0208  0.0208  0.0208  0.0208
  0.0209  0.0209  0.0209  0.0209  0.0209  0.0208  0.0209  0.0209  0.0209  0.0209  0.0208  0.0208
  0.0210  0.0210  0.0209  0.0210  0.0211  0.0209  0.0210  0.0211  0.0209  0.0211  0.0209  0.0209
  0.0213  0.0212  0.0210  0.0212  0.0213  0.0212  0.0212  0.0214  0.0211  0.0214  0.0210  0.0210
registration optimization eta report
parameter search radius
    0.8000    0.8000    0.8000    2.4000    2.4000    2.4000
    2.4000    2.4000    2.4000    2.4000    2.4000    2.4000
100000*second partial in parameter space
       66.       57.       35.        6.        7.        7.
        6.        9.        5.        9.        3.        3.
  0.0213  0.0212  0.0211  0.0212  0.0212  0.0213  0.0212  0.0214  0.0211  0.0214  0.0210  0.0210
  0.0210  0.0210  0.0210  0.0210  0.0210  0.0211  0.0210  0.0211  0.0209  0.0211  0.0209  0.0209
  0.0209  0.0209  0.0209  0.0209  0.0209  0.0210  0.0209  0.0209  0.0209  0.0209  0.0208  0.0208
  0.0208  0.0208  0.0208  0.0208  0.0208  0.0208  0.0208  0.0208  0.0208  0.0208  0.0208  0.0208
  0.0209  0.0209  0.0209  0.0209  0.0209  0.0208  0.0209  0.0209  0.0209  0.0209  0.0208  0.0208
  0.0210  0.0210  0.0209  0.0210  0.0211  0.0209  0.0210  0.0211  0.0209  0.0211  0.0209  0.0209
  0.0213  0.0212  0.0210  0.0212  0.0213  0.0212  0.0212  0.0214  0.0211  0.0214  0.0210  0.0210
   -0.4843   22.3748    6.7919   -8.9856  -17.6762   -5.9466
    2.8742    3.2211   -4.2182    2.0396   -3.8580   -7.1366
eta,q 0.97918 11.26890

---------------------------------------------------------------------
imgreg_4dfp /opt/freesurfer/average/711-2C_as_mni_average_305 /opt/freesurfer/average/711-2B_as_mni_average_305_mask talsrcimg_g11 none talsrcimg_to_711-2C_as_mni_average_305_t4 2311
---------------------------------------------------------------------

freesurfer imgreg_4dfp.c
/opt/freesurfer/average/711-2C_as_mni_average_305.4dfp.img
       256       256       256         1
  1.000000  1.000000  1.000000
orientation T byte_order littleendian
Reading image: /opt/freesurfer/average/711-2C_as_mni_average_305.4dfp.img
dimensions:      256       256       256
mmppix:       1.0000   -1.0000   -1.0000
center:     128.0000 -129.0000 -129.0000
/opt/freesurfer/average/711-2B_as_mni_average_305_mask.4dfp.img
       256       256       256         1
  1.000000  1.000000  1.000000
orientation T byte_order littleendian
Reading mask: /opt/freesurfer/average/711-2B_as_mni_average_305_mask.4dfp.img (2306576 pixels)
talsrcimg_g11.4dfp.img
       256       256       256         1
  1.000000  1.000000  1.000000
orientation T byte_order littleendian
Reading image: talsrcimg_g11.4dfp.img
dimensions:      256       256       256
mmppix:       1.0000   -1.0000   -1.0000
center:     128.0000 -129.0000 -129.0000
fimgreg.f
image alignment mode   2311 decimal      907 hex
parameters
   -0.4843   22.3748    6.7919   -8.9856  -17.6762   -5.9466
    2.8742    3.2211   -4.2182    2.0396   -3.8580   -7.1366
eta,q 0.97918 11.26890
niter,ni,del,rscale     5    3    5.0000    0.8000
parameters
   -0.4974   22.4003    6.8437   -9.2648  -17.3221   -6.6023
    2.9084    3.1978   -4.2090    2.0652   -3.8785   -7.0130
eta,q 0.97908 11.25240
  0.0225  0.0223  0.0218  0.0221  0.0225  0.0219  0.0223  0.0230  0.0220  0.0229  0.0215  0.0216
  0.0216  0.0215  0.0213  0.0214  0.0216  0.0215  0.0215  0.0218  0.0214  0.0218  0.0212  0.0213
  0.0210  0.0210  0.0209  0.0210  0.0210  0.0211  0.0211  0.0211  0.0210  0.0211  0.0210  0.0210
  0.0208  0.0208  0.0208  0.0208  0.0208  0.0208  0.0209  0.0209  0.0209  0.0209  0.0209  0.0209
  0.0210  0.0210  0.0209  0.0210  0.0210  0.0210  0.0211  0.0212  0.0211  0.0212  0.0210  0.0210
  0.0216  0.0215  0.0212  0.0215  0.0214  0.0218  0.0215  0.0219  0.0214  0.0218  0.0212  0.0212
  0.0225  0.0222  0.0216  0.0226  0.0220  0.0232  0.0222  0.0230  0.0220  0.0228  0.0215  0.0216
niter,ni,del,rscale     4    3    5.0000    0.7000
parameters
   -0.4862   22.3931    6.7406   -9.1779  -17.2606   -6.5768
    2.9011    3.2079   -4.1909    2.0371   -3.8721   -7.0500
eta,q 0.97908 11.25840
  0.0222  0.0220  0.0215  0.0220  0.0221  0.0219  0.0219  0.0225  0.0218  0.0224  0.0214  0.0214
  0.0215  0.0214  0.0211  0.0215  0.0214  0.0215  0.0214  0.0216  0.0213  0.0216  0.0211  0.0212
  0.0211  0.0210  0.0210  0.0211  0.0210  0.0212  0.0210  0.0211  0.0210  0.0211  0.0210  0.0210
  0.0209  0.0209  0.0209  0.0209  0.0209  0.0209  0.0209  0.0209  0.0209  0.0209  0.0209  0.0209
  0.0211  0.0211  0.0210  0.0210  0.0211  0.0209  0.0210  0.0211  0.0210  0.0211  0.0210  0.0210
  0.0215  0.0214  0.0213  0.0213  0.0214  0.0213  0.0214  0.0216  0.0213  0.0216  0.0211  0.0212
  0.0222  0.0220  0.0216  0.0220  0.0219  0.0221  0.0219  0.0225  0.0217  0.0224  0.0214  0.0214
niter,ni,del,rscale     3    3    5.0000    0.6000
parameters
   -0.4853   22.3938    6.7319   -9.1101  -17.3598   -6.3839
    2.8873    3.2142   -4.1996    2.0415   -3.8574   -7.0790
eta,q 0.97912 11.26316
  0.0219  0.0217  0.0214  0.0217  0.0217  0.0217  0.0216  0.0221  0.0215  0.0220  0.0212  0.0213
  0.0213  0.0213  0.0211  0.0213  0.0212  0.0214  0.0212  0.0214  0.0211  0.0214  0.0210  0.0211
  0.0210  0.0210  0.0210  0.0210  0.0209  0.0211  0.0210  0.0210  0.0209  0.0210  0.0209  0.0209
  0.0209  0.0209  0.0209  0.0209  0.0209  0.0209  0.0209  0.0209  0.0209  0.0209  0.0209  0.0209
  0.0210  0.0210  0.0210  0.0210  0.0211  0.0208  0.0210  0.0210  0.0210  0.0210  0.0209  0.0209
  0.0213  0.0213  0.0211  0.0212  0.0213  0.0211  0.0212  0.0214  0.0212  0.0214  0.0210  0.0211
  0.0219  0.0217  0.0214  0.0217  0.0217  0.0217  0.0216  0.0221  0.0215  0.0220  0.0212  0.0213
niter,ni,del,rscale     2    3    5.0000    0.5000
parameters
   -0.4840   22.3855    6.7594   -9.0418  -17.5205   -6.1537
    2.8716    3.2158   -4.2039    2.0370   -3.8550   -7.1133
eta,q 0.97915 11.26649
  0.0215  0.0214  0.0212  0.0215  0.0214  0.0215  0.0214  0.0217  0.0213  0.0217  0.0211  0.0211
  0.0212  0.0211  0.0210  0.0212  0.0211  0.0212  0.0211  0.0212  0.0210  0.0212  0.0210  0.0210
  0.0210  0.0209  0.0209  0.0210  0.0209  0.0210  0.0209  0.0209  0.0209  0.0209  0.0209  0.0209
  0.0209  0.0209  0.0209  0.0209  0.0209  0.0209  0.0208  0.0208  0.0208  0.0209  0.0208  0.0208
  0.0210  0.0209  0.0209  0.0209  0.0210  0.0208  0.0209  0.0209  0.0209  0.0209  0.0209  0.0209
  0.0212  0.0211  0.0210  0.0211  0.0212  0.0210  0.0211  0.0212  0.0210  0.0212  0.0210  0.0210
  0.0215  0.0214  0.0212  0.0215  0.0215  0.0214  0.0214  0.0217  0.0213  0.0217  0.0211  0.0211
niter,ni,del,rscale     1    3    5.0000    0.4000
parameters
   -0.4835   22.3721    6.7911   -8.9840  -17.6693   -5.9412
    2.8674    3.2235   -4.2131    2.0416   -3.8463   -7.1399
eta,q 0.97918 11.26939
  0.0213  0.0212  0.0211  0.0212  0.0212  0.0213  0.0212  0.0214  0.0211  0.0214  0.0210  0.0210
  0.0210  0.0210  0.0210  0.0210  0.0210  0.0211  0.0210  0.0211  0.0209  0.0211  0.0209  0.0209
  0.0209  0.0209  0.0209  0.0209  0.0209  0.0210  0.0209  0.0209  0.0208  0.0209  0.0208  0.0208
  0.0208  0.0208  0.0208  0.0208  0.0208  0.0208  0.0208  0.0208  0.0208  0.0208  0.0208  0.0208
  0.0209  0.0209  0.0209  0.0209  0.0209  0.0208  0.0209  0.0209  0.0208  0.0209  0.0208  0.0208
  0.0210  0.0210  0.0209  0.0210  0.0211  0.0209  0.0210  0.0211  0.0209  0.0211  0.0209  0.0209
  0.0213  0.0212  0.0210  0.0212  0.0213  0.0212  0.0212  0.0214  0.0211  0.0213  0.0210  0.0210
registration optimization eta report
parameter search radius
    0.8000    0.8000    0.8000    2.4000    2.4000    2.4000
    2.4000    2.4000    2.4000    2.4000    2.4000    2.4000
100000*second partial in parameter space
       66.       57.       35.        6.        7.        7.
        6.        9.        5.        9.        3.        3.
  0.0213  0.0212  0.0211  0.0212  0.0212  0.0213  0.0212  0.0214  0.0211  0.0214  0.0210  0.0210
  0.0210  0.0210  0.0210  0.0210  0.0210  0.0211  0.0210  0.0211  0.0209  0.0211  0.0209  0.0209
  0.0209  0.0209  0.0209  0.0209  0.0209  0.0210  0.0209  0.0209  0.0208  0.0209  0.0208  0.0208
  0.0208  0.0208  0.0208  0.0208  0.0208  0.0208  0.0208  0.0208  0.0208  0.0208  0.0208  0.0208
  0.0209  0.0209  0.0209  0.0209  0.0209  0.0208  0.0209  0.0209  0.0208  0.0209  0.0208  0.0208
  0.0210  0.0210  0.0209  0.0210  0.0211  0.0209  0.0210  0.0211  0.0209  0.0211  0.0209  0.0209
  0.0213  0.0212  0.0210  0.0212  0.0213  0.0212  0.0212  0.0214  0.0211  0.0213  0.0210  0.0210
   -0.4835   22.3721    6.7911   -8.9840  -17.6693   -5.9412
    2.8674    3.2235   -4.2131    2.0416   -3.8463   -7.1399
eta,q 0.97918 11.26939

---------------------------------------------------------------------
compute_vox2vox talsrcimg talsrcimg_to_711-2C_as_mni_average_305_t4 /opt/freesurfer/average/711-2C_as_mni_average_305
---------------------------------------------------------------------

freesurfer compute_vox2vox.c
Reading: talsrcimg.4dfp.ifh
Reading: talsrcimg_to_711-2C_as_mni_average_305_t4
Reading: /opt/freesurfer/average/711-2C_as_mni_average_305.4dfp.ifh
Writing: talsrcimg_to_711-2C_as_mni_average_305_t4_vox2vox.txt

start time Mon Mar 9 11:51:16 CET 2026
end		time Mon Mar 9 11:52:43 CET 2026

mpr2mni305 success

avi2talxfm orig_nu.mgz /opt/freesurfer/average/mni305.cor.mgz talsrcimg_to_711-2C_as_mni_average_305_t4_vox2vox.txt transforms/talairach.auto.xfm
avi2talxfm done
mv -f /out/sourcedata/freesurfer/sub-v1s22x0050434_ses-1/mri/talsrcimg_to_711-2C_as_mni_average_305_t4_vox2vox.txt /out/sourcedata/freesurfer/sub-v1s22x0050434_ses-1/mri/transforms/talsrcimg_to_711-2C_as_mni_average_305_t4_vox2vox.txt
lta_convert --src orig_nu.mgz --trg /opt/freesurfer/average/mni305.cor.mgz --inxfm transforms/talairach.auto.xfm --outlta transforms/talairach.auto.xfm.lta --subject fsaverage
7.3.2

--src: orig_nu.mgz src image (geometry).
--trg: /opt/freesurfer/average/mni305.cor.mgz trg image (geometry).
--inmni: transforms/talairach.auto.xfm input MNI/XFM transform.
--outlta: transforms/talairach.auto.xfm.lta output LTA.
--s: fsaverage subject name
 LTA read, type : 1
 1.09525  -0.03664  -0.04132   5.21021;
 0.04895   1.05953   0.09018  -41.83286;
 0.05483  -0.02815   1.21026  -42.44568;
 0.00000   0.00000   0.00000   1.00000;
setting subject to fsaverage
Writing  LTA to file transforms/talairach.auto.xfm.lta...
lta_convert successful.
 
 
Started at Mon Mar 9 11:51:15 CET 2026
Ended   at Mon Mar  9 11:52:43 CET 2026
talairach_avi done
