/out/sourcedata/freesurfer/sub-v1s22x0050513_ses-1/mri
/opt/freesurfer/bin/talairach_avi
--i orig_nu.mgz --xfm transforms/talairach.auto.xfm
talairach_avi 7.3.2
Linux dna010 5.14.0-427.37.1.el9_4.x86_64 #1 SMP PREEMPT_DYNAMIC Fri Sep 13 12:41:50 EDT 2024 x86_64 x86_64 x86_64 GNU/Linux
Mon Mar  9 16:05:53 CET 2026
mri_convert orig_nu.mgz talsrcimg.img 
reading from orig_nu.mgz...
TR=0.00, TE=0.00, TI=0.00, flip angle=0.00
i_ras = (-1, 0, 0)
j_ras = (0, 0, -1)
k_ras = (0, 1, 0)
writing to talsrcimg.img...
Analyze Output Matrix
-1.00000   0.00000   0.00000   130.38182;
 0.00000   0.00000   1.00000  -74.42967;
 0.00000  -1.00000   0.00000   130.87869;
 0.00000   0.00000   0.00000   1.00000;
--------------------
INFO: set hdr.hist.orient to -1
mpr2mni305 talsrcimg
Mon Mar  9 16:05:54 CET 2026
/opt/freesurfer/bin/mpr2mni305 talsrcimg
mpr2mni305 7.3.2
target=711-2C_as_mni_average_305

---------------------------------------------------------------------
analyzeto4dfp talsrcimg -O0 -y
---------------------------------------------------------------------

freesurfer ifh2hdr.c
Mon Mar  9 16:05:54 2026
Writing: talsrcimg.4dfp.hdr
freesurfer analyzeto4dfp.c
Reading: talsrcimg.hdr
header size 348 bytes
hdr.dime.datatype	offset=70	value=2
hdr.dime.bitpix		offset=72	value=8
hdr.hist.orient		offset=252	value=-1
dimensionality     4
dimensions       256       256       256         1
Reading: talsrcimg.img
Writing: talsrcimg.4dfp.img
Writing: talsrcimg.4dfp.ifh
ifh2hdr talsrcimg -r0to209
ori=2

---------------------------------------------------------------------
gauss_4dfp talsrcimg 1.1
---------------------------------------------------------------------

freesurfer gauss_4dfp.c
Reading: talsrcimg.4dfp.img
Writing: talsrcimg_g11.4dfp.img
image dimensions 256 256 256 padded to 288 288 288
processing volume 1freesurfer ifh2hdr.c
Mon Mar  9 16:05:56 2026
Writing: talsrcimg_g11.4dfp.hdr

Writing: talsrcimg_g11.4dfp.ifh
including: talsrcimg.4dfp.img.rec in talsrcimg_g11.4dfp.img.rec

---------------------------------------------------------------------
imgreg_4dfp /opt/freesurfer/average/711-2C_as_mni_average_305 none talsrcimg_g11 none talsrcimg_to_711-2C_as_mni_average_305_t4 4355
---------------------------------------------------------------------

freesurfer imgreg_4dfp.c
/opt/freesurfer/average/711-2C_as_mni_average_305.4dfp.img
       256       256       256         1
  1.000000  1.000000  1.000000
orientation T byte_order littleendian
Reading image: /opt/freesurfer/average/711-2C_as_mni_average_305.4dfp.img
dimensions:      256       256       256
mmppix:       1.0000   -1.0000   -1.0000
center:     128.0000 -129.0000 -129.0000
talsrcimg_g11.4dfp.img
       256       256       256         1
  1.000000  1.000000  1.000000
orientation T byte_order littleendian
Reading image: talsrcimg_g11.4dfp.img
dimensions:      256       256       256
mmppix:       1.0000   -1.0000   -1.0000
center:     128.0000 -129.0000 -129.0000
t4_read: open error in t4_sub.f l:  41 t4_file(1:l)talsrcimg_to_711-2C_as_mni_average_305_t4 
t4_read: transform initialized to I4
rotation matrix determinant  1.000000
image alignment mode   4355 decimal     1103 hex
   -7.5000  -45.0000  -45.0000 6927.7192   18.4530
    0.0000  -45.0000  -45.0000 7156.7544   18.4345
    7.5000  -45.0000  -45.0000 6811.2012   18.4468
   -7.5000  -37.5000  -45.0000 7474.3140   18.0363
    0.0000  -37.5000  -45.0000 7728.4614   18.0267
    7.5000  -37.5000  -45.0000 7345.6001   18.0323
   -7.5000  -30.0000  -45.0000 8404.5498   17.6877
    0.0000  -30.0000  -45.0000 8693.6172   17.6879
    7.5000  -30.0000  -45.0000 8227.2480   17.6920
   -7.5000  -22.5000  -45.0000 9457.4521   17.4795
    0.0000  -22.5000  -45.0000 9775.2686   17.4804
    7.5000  -22.5000  -45.0000 9232.2842   17.4865
   -7.5000  -15.0000  -45.000010548.7275   17.4169
    0.0000  -15.0000  -45.000010901.0469   17.4118
    7.5000  -15.0000  -45.000010285.5928   17.4215
   -7.5000   -7.5000  -45.000011532.1855   17.4265
    0.0000   -7.5000  -45.000011910.5967   17.4126
    7.5000   -7.5000  -45.000011222.7031   17.4237
   -7.5000    0.0000  -45.000012337.6572   17.4988
    0.0000    0.0000  -45.000012702.4854   17.4813
    7.5000    0.0000  -45.000011975.7168   17.4897
   -7.5000    7.5000  -45.000012194.8936   17.5611
    0.0000    7.5000  -45.000012586.9170   17.5517
    7.5000    7.5000  -45.000011833.6562   17.5570
   -7.5000   15.0000  -45.000011985.8809   17.5509
    0.0000   15.0000  -45.000012358.9561   17.5511
    7.5000   15.0000  -45.000011567.2930   17.5555
   -7.5000   22.5000  -45.000011745.1895   17.4767
    0.0000   22.5000  -45.000012105.3867   17.4777
    7.5000   22.5000  -45.000011283.6094   17.4837
   -7.5000   30.0000  -45.000011504.5225   17.1848
    0.0000   30.0000  -45.000011875.2705   17.1798
    7.5000   30.0000  -45.000011057.8057   17.1894
   -7.5000   37.5000  -45.000011422.7393   17.1942
    0.0000   37.5000  -45.000011801.5654   17.1805
    7.5000   37.5000  -45.000010982.8398   17.1915
   -7.5000   45.0000  -45.000010720.6377   16.8272
    0.0000   45.0000  -45.000011095.6484   16.8104
    7.5000   45.0000  -45.000010307.7227   16.8184
   -7.5000  -45.0000  -37.5000 7293.5264   18.4581
    0.0000  -45.0000  -37.5000 7539.3750   18.4436
    7.5000  -45.0000  -37.5000 7158.2808   18.4443
   -7.5000  -37.5000  -37.5000 7889.7617   18.0260
    0.0000  -37.5000  -37.5000 8159.5991   18.0220
    7.5000  -37.5000  -37.5000 7744.7397   18.0211
   -7.5000  -30.0000  -37.5000 8872.1436   17.6673
    0.0000  -30.0000  -37.5000 9188.1289   17.6759
    7.5000  -30.0000  -37.5000 8690.1016   17.6821
   -7.5000  -22.5000  -37.5000 9981.5957   17.4630
    0.0000  -22.5000  -37.500010315.6641   17.4723
    7.5000  -22.5000  -37.5000 9737.8623   17.4846
   -7.5000  -15.0000  -37.500011132.7832   17.4138
    0.0000  -15.0000  -37.500011505.5957   17.4152
    7.5000  -15.0000  -37.500010826.0088   17.4282
   -7.5000   -7.5000  -37.500012173.6318   17.4326
    0.0000   -7.5000  -37.500012554.2793   17.4232
    7.5000   -7.5000  -37.500011814.1514   17.4294
   -7.5000    0.0000  -37.500013003.6836   17.5012
    0.0000    0.0000  -37.500013397.6494   17.4874
    7.5000    0.0000  -37.500012639.6084   17.4856
   -7.5000    7.5000  -37.500012878.2959   17.5503
    0.0000    7.5000  -37.500013289.0586   17.5462
    7.5000    7.5000  -37.500012475.5605   17.5453
   -7.5000   15.0000  -37.500012680.2695   17.5304
    0.0000   15.0000  -37.500013087.7627   17.5388
    7.5000   15.0000  -37.500012201.7021   17.5452
   -7.5000   22.5000  -37.500012379.8320   17.4602
    0.0000   22.5000  -37.500012777.5029   17.4696
    7.5000   22.5000  -37.500011895.4629   17.4819
   -7.5000   30.0000  -37.500012102.3975   17.1817
    0.0000   30.0000  -37.500012503.3926   17.1831
    7.5000   30.0000  -37.500011641.0947   17.1960
   -7.5000   37.5000  -37.500011973.4619   17.2003
    0.0000   37.5000  -37.500012387.7725   17.1910
    7.5000   37.5000  -37.500011529.8662   17.1972
   -7.5000   45.0000  -37.500011229.6680   16.8295
    0.0000   45.0000  -37.500011632.0664   16.8162
    7.5000   45.0000  -37.500010827.3242   16.8145
   -7.5000  -45.0000  -30.0000 7755.4395   19.2498
    0.0000  -45.0000  -30.0000 8001.7754   19.2336
    7.5000  -45.0000  -30.0000 7624.7339   19.2279
   -7.5000  -37.5000  -30.0000 8392.5479   18.7871
    0.0000  -37.5000  -30.0000 8687.4473   18.7865
    7.5000  -37.5000  -30.0000 8260.5215   18.7883
   -7.5000  -30.0000  -30.0000 9456.0283   18.4134
    0.0000  -30.0000  -30.0000 9804.5938   18.4278
    7.5000  -30.0000  -30.0000 9285.5488   18.4441
   -7.5000  -22.5000  -30.000010652.7646   18.2104
    0.0000  -22.5000  -30.000011029.0547   18.2231
    7.5000  -22.5000  -30.000010392.9688   18.2444
   -7.5000  -15.0000  -30.000011845.4189   18.1703
    0.0000  -15.0000  -30.000012254.5137   18.1704
    7.5000  -15.0000  -30.000011539.6162   18.1849
   -7.5000   -7.5000  -30.000012933.8887   18.1899
    0.0000   -7.5000  -30.000013358.4238   18.1775
    7.5000   -7.5000  -30.000012610.9268   18.1782
   -7.5000    0.0000  -30.000013833.0488   18.2502
    0.0000    0.0000  -30.000014290.3721   18.2355
    7.5000    0.0000  -30.000013485.4180   18.2284
   -7.5000    7.5000  -30.000013734.9521   18.2909
    0.0000    7.5000  -30.000014184.3164   18.2902
    7.5000    7.5000  -30.000013314.0244   18.2918
   -7.5000   15.0000  -30.000013518.5566   18.2703
    0.0000   15.0000  -30.000013983.0342   18.2844
    7.5000   15.0000  -30.000013035.5361   18.3007
   -7.5000   22.5000  -30.000013201.5039   18.2057
    0.0000   22.5000  -30.000013675.3828   18.2183
    7.5000   22.5000  -30.000012715.1436   18.2396
   -7.5000   30.0000  -30.000012925.7012   17.9298
    0.0000   30.0000  -30.000013375.0732   17.9300
    7.5000   30.0000  -30.000012432.1738   17.9443
   -7.5000   37.5000  -30.000012752.6670   17.9492
    0.0000   37.5000  -30.000013185.8135   17.9369
    7.5000   37.5000  -30.000012271.8457   17.9376
   -7.5000   45.0000  -30.000011926.9736   17.5627
    0.0000   45.0000  -30.000012326.6748   17.5485
    7.5000   45.0000  -30.000011505.0176   17.5417
   -7.5000  -45.0000  -22.5000 8207.6689   19.9128
    0.0000  -45.0000  -22.5000 8486.9248   19.8921
    7.5000  -45.0000  -22.5000 8096.3755   19.8937
   -7.5000  -37.5000  -22.5000 8909.4922   19.4385
    0.0000  -37.5000  -22.5000 9221.8115   19.4367
    7.5000  -37.5000  -22.5000 8771.5137   19.4501
   -7.5000  -30.0000  -22.500010049.0889   19.0632
    0.0000  -30.0000  -22.500010406.3760   19.0755
    7.5000  -30.0000  -22.5000 9842.2627   19.1011
   -7.5000  -22.5000  -22.500011299.7500   18.8591
    0.0000  -22.5000  -22.500011693.7832   18.8667
    7.5000  -22.5000  -22.500011035.9727   18.8913
   -7.5000  -15.0000  -22.500012558.1768   18.8142
    0.0000  -15.0000  -22.500013000.7646   18.8063
    7.5000  -15.0000  -22.500012275.9658   18.8192
   -7.5000   -7.5000  -22.500013721.5391   18.8242
    0.0000   -7.5000  -22.500014192.9814   18.8042
    7.5000   -7.5000  -22.500013410.5479   18.8050
   -7.5000    0.0000  -22.500014748.1455   18.8788
    0.0000    0.0000  -22.500015232.3359   18.8604
    7.5000    0.0000  -22.500014374.6543   18.8600
   -7.5000    7.5000  -22.500014625.4844   18.9248
    0.0000    7.5000  -22.500015121.6094   18.9232
    7.5000    7.5000  -22.500014183.2031   18.9358
   -7.5000   15.0000  -22.500014342.9365   18.9147
    0.0000   15.0000  -22.500014885.9463   18.9269
    7.5000   15.0000  -22.500013864.9189   18.9524
   -7.5000   22.5000  -22.500014008.0918   18.8529
    0.0000   22.5000  -22.500014552.1904   18.8605
    7.5000   22.5000  -22.500013534.3545   18.8851
   -7.5000   30.0000  -22.500013724.0674   18.5681
    0.0000   30.0000  -22.500014204.2578   18.5603
    7.5000   30.0000  -22.500013231.3154   18.5730
   -7.5000   37.5000  -22.500013528.2373   18.5780
    0.0000   37.5000  -22.500013965.1387   18.5582
    7.5000   37.5000  -22.500013002.9697   18.5590
   -7.5000   45.0000  -22.500012641.3770   18.1812
    0.0000   45.0000  -22.500013057.9180   18.1635
    7.5000   45.0000  -22.500012172.9199   18.1631
   -7.5000  -45.0000  -15.0000 8664.9141   20.3793
    0.0000  -45.0000  -15.0000 8972.1943   20.3547
    7.5000  -45.0000  -15.0000 8551.1230   20.3694
   -7.5000  -37.5000  -15.0000 9411.8301   19.9096
    0.0000  -37.5000  -15.0000 9757.4600   19.9027
    7.5000  -37.5000  -15.0000 9250.9854   19.9250
   -7.5000  -30.0000  -15.000010584.0957   19.5354
    0.0000  -30.0000  -15.000010963.2236   19.5401
    7.5000  -30.0000  -15.000010353.8467   19.5662
   -7.5000  -22.5000  -15.000011875.9150   19.3222
    0.0000  -22.5000  -15.000012314.0898   19.3217
    7.5000  -22.5000  -15.000011618.2754   19.3422
   -7.5000  -15.0000  -15.000013201.4883   19.2623
    0.0000  -15.0000  -15.000013693.6484   19.2476
    7.5000  -15.0000  -15.000012899.2080   19.2585
   -7.5000   -7.5000  -15.000014511.2715   19.2629
    0.0000   -7.5000  -15.000015010.0859   19.2378
    7.5000   -7.5000  -15.000014146.8301   19.2444
   -7.5000    0.0000  -15.000015719.7852   19.3224
    0.0000    0.0000  -15.000016287.8936   19.3004
    7.5000    0.0000  -15.000015257.7598   19.3115
   -7.5000    7.5000  -15.000015562.3838   19.3836
    0.0000    7.5000  -15.000016235.2295   19.3772
    7.5000    7.5000  -15.000015102.7910   19.3982
   -7.5000   15.0000  -15.000015158.2715   19.3834
    0.0000   15.0000  -15.000015826.6514   19.3883
    7.5000   15.0000  -15.000014726.9141   19.4144
   -7.5000   22.5000  -15.000014768.1377   19.3150
    0.0000   22.5000  -15.000015364.3232   19.3144
    7.5000   22.5000  -15.000014329.0820   19.3350
   -7.5000   30.0000  -15.000014480.4121   19.0130
    0.0000   30.0000  -15.000014982.4199   18.9985
    7.5000   30.0000  -15.000013982.0967   19.0093
   -7.5000   37.5000  -15.000014239.6055   19.0136
    0.0000   37.5000  -15.000014707.1709   18.9889
    7.5000   37.5000  -15.000013680.7109   18.9953
   -7.5000   45.0000  -15.000013324.9033   18.6197
    0.0000   45.0000  -15.000013778.2295   18.5984
    7.5000   45.0000  -15.000012791.4062   18.6091
   -7.5000  -45.0000   -7.5000 9139.2705   20.6050
    0.0000  -45.0000   -7.5000 9456.9150   20.5803
    7.5000  -45.0000   -7.5000 8939.5332   20.6003
   -7.5000  -37.5000   -7.5000 9907.1074   20.1422
    0.0000  -37.5000   -7.500010278.6709   20.1305
    7.5000  -37.5000   -7.5000 9689.8359   20.1484
   -7.5000  -30.0000   -7.500011081.3330   19.7628
    0.0000  -30.0000   -7.500011512.9141   19.7611
    7.5000  -30.0000   -7.500010880.3955   19.7759
   -7.5000  -22.5000   -7.500012401.8574   19.5365
    0.0000  -22.5000   -7.500012880.3047   19.5325
    7.5000  -22.5000   -7.500012156.3994   19.5437
   -7.5000  -15.0000   -7.500013739.8311   19.4643
    0.0000  -15.0000   -7.500014264.4854   19.4509
    7.5000  -15.0000   -7.500013449.6133   19.4605
   -7.5000   -7.5000   -7.500015240.0488   19.4654
    0.0000   -7.5000   -7.500015780.2803   19.4426
    7.5000   -7.5000   -7.500014793.6680   19.4546
   -7.5000    0.0000   -7.500016805.0566   19.5379
    0.0000    0.0000   -7.500017579.4004   19.5151
    7.5000    0.0000   -7.500016169.5352   19.5304
   -7.5000    7.5000   -7.500016810.0430   19.6104
    0.0000    7.5000   -7.500017699.4316   19.5993
    7.5000    7.5000   -7.500016162.8193   19.6162
   -7.5000   15.0000   -7.500016299.3457   19.6095
    0.0000   15.0000   -7.500017005.4922   19.6080
    7.5000   15.0000   -7.500015732.9160   19.6230
   -7.5000   22.5000   -7.500015779.5967   19.5270
    0.0000   22.5000   -7.500016343.1230   19.5231
    7.5000   22.5000   -7.500015226.6406   19.5342
   -7.5000   30.0000   -7.500015423.3906   19.2119
    0.0000   30.0000   -7.500015906.0156   19.1987
    7.5000   30.0000   -7.500014810.3340   19.2081
   -7.5000   37.5000   -7.500015111.8574   19.2129
    0.0000   37.5000   -7.500015575.5732   19.1905
    7.5000   37.5000   -7.500014435.5195   19.2023
   -7.5000   45.0000   -7.500014129.5449   18.8308
    0.0000   45.0000   -7.500014554.8232   18.8088
    7.5000   45.0000   -7.500013438.4121   18.8236
   -7.5000  -45.0000    0.0000 9459.4297   20.6427
    0.0000  -45.0000    0.0000 9805.6816   20.6224
    7.5000  -45.0000    0.0000 9189.4482   20.6361
   -7.5000  -37.5000    0.000010252.8701   20.1760
    0.0000  -37.5000    0.000010664.0498   20.1656
    7.5000  -37.5000    0.000010010.7734   20.1719
   -7.5000  -30.0000    0.000011504.2334   19.7855
    0.0000  -30.0000    0.000011979.5557   19.7859
    7.5000  -30.0000    0.000011261.5273   19.7905
   -7.5000  -22.5000    0.000012833.9082   19.5523
    0.0000  -22.5000    0.000013353.6562   19.5537
    7.5000  -22.5000    0.000012576.7256   19.5604
   -7.5000  -15.0000    0.000014156.5430   19.4823
    0.0000  -15.0000    0.000014701.0361   19.4769
    7.5000  -15.0000    0.000013862.8418   19.4877
   -7.5000   -7.5000    0.000015718.4004   19.4931
    0.0000   -7.5000    0.000016355.0508   19.4778
    7.5000   -7.5000    0.000015246.6719   19.4902
   -7.5000    0.0000    0.000017573.1895   19.5740
    0.0000    0.0000    0.000018524.2637   19.5547
    7.5000    0.0000    0.000016748.4316   19.5640
   -7.5000    7.5000    0.000017883.9434   19.6436
    0.0000    7.5000    0.000018703.0156   19.6334
    7.5000    7.5000    0.000016859.4512   19.6393
   -7.5000   15.0000    0.000017406.5859   19.6323
    0.0000   15.0000    0.000017913.5566   19.6327
    7.5000   15.0000    0.000016378.4639   19.6376
   -7.5000   22.5000    0.000016761.2344   19.5429
    0.0000   22.5000    0.000017175.2383   19.5442
    7.5000   22.5000    0.000015818.5098   19.5510
   -7.5000   30.0000    0.000016152.1553   19.2302
    0.0000   30.0000    0.000016578.6074   19.2248
    7.5000   30.0000    0.000015325.1348   19.2355
   -7.5000   37.5000    0.000015689.6650   19.2408
    0.0000   37.5000    0.000016111.3828   19.2257
    7.5000   37.5000    0.000014907.0947   19.2380
   -7.5000   45.0000    0.000014584.1963   18.8671
    0.0000   45.0000    0.000014979.5352   18.8485
    7.5000   45.0000    0.000013852.2129   18.8575
   -7.5000  -45.0000    7.5000 9038.7002   20.6551
    0.0000  -45.0000    7.5000 9399.2783   20.6389
    7.5000  -45.0000    7.5000 8787.7295   20.6396
   -7.5000  -37.5000    7.5000 9814.7666   20.1716
    0.0000  -37.5000    7.500010226.5820   20.1671
    7.5000  -37.5000    7.5000 9561.5361   20.1661
   -7.5000  -30.0000    7.500011001.3711   19.7702
    0.0000  -30.0000    7.500011470.9766   19.7798
    7.5000  -30.0000    7.500010746.7637   19.7867
   -7.5000  -22.5000    7.500012268.0566   19.5415
    0.0000  -22.5000    7.500012766.0449   19.5520
    7.5000  -22.5000    7.500011988.6025   19.5658
   -7.5000  -15.0000    7.500013565.6455   19.4865
    0.0000  -15.0000    7.500014102.2930   19.4881
    7.5000  -15.0000    7.500013231.3057   19.5026
   -7.5000   -7.5000    7.500014977.6172   19.5075
    0.0000   -7.5000    7.500015626.0498   19.4970
    7.5000   -7.5000    7.500014574.3662   19.5040
   -7.5000    0.0000    7.500016468.1445   19.5843
    0.0000    0.0000    7.500017322.0078   19.5689
    7.5000    0.0000    7.500015934.7197   19.5669
   -7.5000    7.5000    7.500016614.3418   19.6392
    0.0000    7.5000    7.500017297.5977   19.6346
    7.5000    7.5000    7.500015889.7227   19.6336
   -7.5000   15.0000    7.500016302.0264   19.6170
    0.0000   15.0000    7.500016759.8203   19.6263
    7.5000   15.0000    7.500015491.2227   19.6335
   -7.5000   22.5000    7.500015839.2158   19.5321
    0.0000   22.5000    7.500016304.9248   19.5426
    7.5000   22.5000    7.500015073.8281   19.5564
   -7.5000   30.0000    7.500015281.4004   19.2343
    0.0000   30.0000    7.500015756.5293   19.2358
    7.5000   30.0000    7.500014612.2705   19.2502
   -7.5000   37.5000    7.500014804.8975   19.2551
    0.0000   37.5000    7.500015281.4111   19.2447
    7.5000   37.5000    7.500014200.8369   19.2516
   -7.5000   45.0000    7.500013729.1035   18.8771
    0.0000   45.0000    7.500014174.5732   18.8621
    7.5000   45.0000    7.500013202.4570   18.8602
   -7.5000  -45.0000   15.0000 8407.4795   20.6926
    0.0000  -45.0000   15.0000 8765.6279   20.6755
    7.5000  -45.0000   15.0000 8227.8516   20.6693
   -7.5000  -37.5000   15.0000 9147.4199   20.1946
    0.0000  -37.5000   15.0000 9555.8701   20.1941
    7.5000  -37.5000   15.0000 8975.1533   20.1960
   -7.5000  -30.0000   15.000010283.2598   19.7922
    0.0000  -30.0000   15.000010713.8018   19.8079
    7.5000  -30.0000   15.000010102.4668   19.8254
   -7.5000  -22.5000   15.000011512.0557   19.5738
    0.0000  -22.5000   15.000011978.4346   19.5876
    7.5000  -22.5000   15.000011307.9502   19.6105
   -7.5000  -15.0000   15.000012725.7891   19.5308
    0.0000  -15.0000   15.000013251.9609   19.5312
    7.5000  -15.0000   15.000012515.0518   19.5467
   -7.5000   -7.5000   15.000013926.4609   19.5521
    0.0000   -7.5000   15.000014552.9814   19.5389
    7.5000   -7.5000   15.000013771.3574   19.5397
   -7.5000    0.0000   15.000015088.4062   19.6171
    0.0000    0.0000   15.000015853.0957   19.6014
    7.5000    0.0000   15.000014944.6055   19.5938
   -7.5000    7.5000   15.000015038.2959   19.6607
    0.0000    7.5000   15.000015678.8438   19.6602
    7.5000    7.5000   15.000014800.9678   19.6618
   -7.5000   15.0000   15.000014744.8008   19.6382
    0.0000   15.0000   15.000015317.8037   19.6537
    7.5000   15.0000   15.000014471.2979   19.6711
   -7.5000   22.5000   15.000014442.9609   19.5644
    0.0000   22.5000   15.000015033.8379   19.5782
    7.5000   22.5000   15.000014172.0078   19.6011
   -7.5000   30.0000   15.000014087.0645   19.2780
    0.0000   30.0000   15.000014652.0215   19.2784
    7.5000   30.0000   15.000013799.3438   19.2937
   -7.5000   37.5000   15.000013728.8945   19.2991
    0.0000   37.5000   15.000014259.2520   19.2861
    7.5000   37.5000   15.000013430.0078   19.2868
   -7.5000   45.0000   15.000012774.6670   18.9086
    0.0000   45.0000   15.000013263.1963   18.8935
    7.5000   45.0000   15.000012461.3154   18.8861
   -7.5000  -45.0000   22.5000 7762.6704   20.9131
    0.0000  -45.0000   22.5000 8078.7446   20.8915
    7.5000  -45.0000   22.5000 7640.5142   20.8927
   -7.5000  -37.5000   22.5000 8433.7158   20.4076
    0.0000  -37.5000   22.5000 8791.5898   20.4059
    7.5000  -37.5000   22.5000 8334.6982   20.4198
   -7.5000  -30.0000   22.5000 9505.3262   20.0081
    0.0000  -30.0000   22.5000 9872.8672   20.0216
    7.5000  -30.0000   22.5000 9396.6309   20.0484
   -7.5000  -22.5000   22.500010671.8369   19.7924
    0.0000  -22.5000   22.500011084.5293   19.8009
    7.5000  -22.5000   22.500010529.1475   19.8266
   -7.5000  -15.0000   22.500011820.9033   19.7464
    0.0000  -15.0000   22.500012297.9707   19.7385
    7.5000  -15.0000   22.500011677.7949   19.7516
   -7.5000   -7.5000   22.500012906.7529   19.7577
    0.0000   -7.5000   22.500013456.8545   19.7369
    7.5000   -7.5000   22.500012834.2646   19.7373
   -7.5000    0.0000   22.500013878.0723   19.8151
    0.0000    0.0000   22.500014498.3818   19.7959
    7.5000    0.0000   22.500013849.3682   19.7951
   -7.5000    7.5000   22.500013761.1104   19.8623
    0.0000    7.5000   22.500014339.0273   19.8609
    7.5000    7.5000   22.500013698.3213   19.8739
   -7.5000   15.0000   22.500013522.9707   19.8506
    0.0000   15.0000   22.500014060.7715   19.8640
    7.5000   15.0000   22.500013417.6689   19.8906
   -7.5000   22.5000   22.500013279.6416   19.7829
    0.0000   22.5000   22.500013827.4385   19.7914
    7.5000   22.5000   22.500013147.3379   19.8170
   -7.5000   30.0000   22.500012986.2461   19.4908
    0.0000   30.0000   22.500013504.1963   19.4831
    7.5000   30.0000   22.500012855.2764   19.4959
   -7.5000   37.5000   22.500012704.0400   19.5020
    0.0000   37.5000   22.500013193.9492   19.4815
    7.5000   37.5000   22.500012562.6279   19.4818
   -7.5000   45.0000   22.500011851.7881   19.0994
    0.0000   45.0000   22.500012325.6289   19.0810
    7.5000   45.0000   22.500011686.9072   19.0802
   -7.5000  -45.0000   30.0000 7203.6719   21.4384
    0.0000  -45.0000   30.0000 7485.6362   21.4115
    7.5000  -45.0000   30.0000 7103.2334   21.4260
   -7.5000  -37.5000   30.0000 7828.8701   20.9275
    0.0000  -37.5000   30.0000 8143.3906   20.9200
    7.5000  -37.5000   30.0000 7752.0454   20.9430
   -7.5000  -30.0000   30.0000 8826.9990   20.5185
    0.0000  -30.0000   30.0000 9176.1416   20.5237
    7.5000  -30.0000   30.0000 8719.2910   20.5515
   -7.5000  -22.5000   30.0000 9905.8613   20.2869
    0.0000  -22.5000   30.000010300.6084   20.2864
    7.5000  -22.5000   30.0000 9775.7061   20.3082
   -7.5000  -15.0000   30.000010978.7891   20.2241
    0.0000  -15.0000   30.000011406.8115   20.2082
    7.5000  -15.0000   30.000010859.0850   20.2192
   -7.5000   -7.5000   30.000011978.8906   20.2273
    0.0000   -7.5000   30.000012465.1494   20.2000
    7.5000   -7.5000   30.000011887.7402   20.2059
   -7.5000    0.0000   30.000012856.6846   20.2925
    0.0000    0.0000   30.000013378.1230   20.2683
    7.5000    0.0000   30.000012782.1426   20.2789
   -7.5000    7.5000   30.000012704.5518   20.3562
    0.0000    7.5000   30.000013221.3613   20.3493
    7.5000    7.5000   30.000012655.0859   20.3710
   -7.5000   15.0000   30.000012489.5332   20.3533
    0.0000   15.0000   30.000012974.1611   20.3586
    7.5000   15.0000   30.000012413.5664   20.3863
   -7.5000   22.5000   30.000012255.6074   20.2771
    0.0000   22.5000   30.000012769.0791   20.2766
    7.5000   22.5000   30.000012149.7881   20.2984
   -7.5000   30.0000   30.000012003.0820   19.9623
    0.0000   30.0000   30.000012476.8662   19.9467
    7.5000   30.0000   30.000011873.6748   19.9575
   -7.5000   37.5000   30.000011764.5928   19.9655
    0.0000   37.5000   30.000012213.5312   19.9385
    7.5000   37.5000   30.000011606.7139   19.9444
   -7.5000   45.0000   30.000010978.5107   19.5596
    0.0000   45.0000   30.000011425.2344   19.5364
    7.5000   45.0000   30.000010832.1807   19.5465
   -7.5000  -45.0000   37.5000 6942.9551   22.1311
    0.0000  -45.0000   37.5000 7202.5562   22.1036
    7.5000  -45.0000   37.5000 6846.9951   22.1244
   -7.5000  -37.5000   37.5000 7564.0400   21.5966
    0.0000  -37.5000   37.5000 7864.1670   21.5836
    7.5000  -37.5000   37.5000 7463.0151   21.6023
   -7.5000  -30.0000   37.5000 8521.3203   21.1624
    0.0000  -30.0000   37.5000 8867.0703   21.1607
    7.5000  -30.0000   37.5000 8414.2646   21.1768
   -7.5000  -22.5000   37.5000 9564.4551   20.9141
    0.0000  -22.5000   37.5000 9943.7920   20.9101
    7.5000  -22.5000   37.5000 9425.9482   20.9226
   -7.5000  -15.0000   37.500010580.5059   20.8433
    0.0000  -15.0000   37.500010987.3965   20.8288
    7.5000  -15.0000   37.500010442.5332   20.8393
   -7.5000   -7.5000   37.500011540.8428   20.8509
    0.0000   -7.5000   37.500012005.1631   20.8257
    7.5000   -7.5000   37.500011414.1689   20.8381
   -7.5000    0.0000   37.500012390.5957   20.9297
    0.0000    0.0000   37.500012865.3506   20.9041
    7.5000    0.0000   37.500012235.7500   20.9197
   -7.5000    7.5000   37.500012213.4375   20.9987
    0.0000    7.5000   37.500012697.4639   20.9864
    7.5000    7.5000   37.500012097.4746   21.0041
   -7.5000   15.0000   37.500011959.7021   20.9903
    0.0000   15.0000   37.500012436.5771   20.9887
    7.5000   15.0000   37.500011873.6025   21.0051
   -7.5000   22.5000   37.500011738.7783   20.9040
    0.0000   22.5000   37.500012227.2822   20.9000
    7.5000   22.5000   37.500011634.2891   20.9125
   -7.5000   30.0000   37.500011517.5098   20.5736
    0.0000   30.0000   37.500011985.9639   20.5593
    7.5000   30.0000   37.500011392.4473   20.5696
   -7.5000   37.5000   37.500011318.9277   20.5810
    0.0000   37.5000   37.500011770.7510   20.5561
    7.5000   37.5000   37.500011144.0859   20.5684
   -7.5000   45.0000   37.500010601.5635   20.1738
    0.0000   45.0000   37.500011012.9453   20.1491
    7.5000   45.0000   37.500010406.5684   20.1642
   -7.5000  -45.0000   45.0000 6408.8042   22.8496
    0.0000  -45.0000   45.0000 6637.1602   22.8240
    7.5000  -45.0000   45.0000 6307.6309   22.8394
   -7.5000  -37.5000   45.0000 6984.3647   22.2686
    0.0000  -37.5000   45.0000 7239.5376   22.2549
    7.5000  -37.5000   45.0000 6866.6416   22.2613
   -7.5000  -30.0000   45.0000 7856.0596   21.7934
    0.0000  -30.0000   45.0000 8182.1865   21.7932
    7.5000  -30.0000   45.0000 7744.1606   21.7982
   -7.5000  -22.5000   45.0000 8820.1055   21.5313
    0.0000  -22.5000   45.0000 9183.8115   21.5325
    7.5000  -22.5000   45.0000 8683.1943   21.5407
   -7.5000  -15.0000   45.0000 9760.2002   21.4684
    0.0000  -15.0000   45.000010134.4688   21.4614
    7.5000  -15.0000   45.0000 9595.6201   21.4747
   -7.5000   -7.5000   45.000010630.9834   21.4929
    0.0000   -7.5000   45.000011046.3086   21.4736
    7.5000   -7.5000   45.000010458.4561   21.4881
   -7.5000    0.0000   45.000011384.2754   21.5818
    0.0000    0.0000   45.000011820.7168   21.5574
    7.5000    0.0000   45.000011191.4072   21.5676
   -7.5000    7.5000   45.000011200.6592   21.6408
    0.0000    7.5000   45.000011647.8896   21.6273
    7.5000    7.5000   45.000011045.9941   21.6334
   -7.5000   15.0000   45.000010973.0020   21.6142
    0.0000   15.0000   45.000011401.1416   21.6141
    7.5000   15.0000   45.000010832.1641   21.6195
   -7.5000   22.5000   45.000010774.0469   21.5208
    0.0000   22.5000   45.000011190.8730   21.5220
    7.5000   22.5000   45.000010630.8848   21.5302
   -7.5000   30.0000   45.000010566.5674   21.1887
    0.0000   30.0000   45.000011015.1055   21.1818
    7.5000   30.0000   45.000010422.8242   21.1949
   -7.5000   37.5000   45.000010389.6318   21.2129
    0.0000   37.5000   45.000010833.0615   21.1939
    7.5000   37.5000   45.000010225.4668   21.2082
   -7.5000   45.0000   45.0000 9721.4072   20.8118
    0.0000   45.0000   45.000010142.0742   20.7882
    7.5000   45.0000   45.0000 9554.6914   20.7981

---------------------------------------------------------------------
imgreg_4dfp /opt/freesurfer/average/711-2C_as_mni_average_305 /opt/freesurfer/average/711-2B_as_mni_average_305_mask talsrcimg_g11 none talsrcimg_to_711-2C_as_mni_average_305_t4 4355
---------------------------------------------------------------------

freesurfer imgreg_4dfp.c
/opt/freesurfer/average/711-2C_as_mni_average_305.4dfp.img
       256       256       256         1
  1.000000  1.000000  1.000000
orientation T byte_order littleendian
Reading image: /opt/freesurfer/average/711-2C_as_mni_average_305.4dfp.img
dimensions:      256       256       256
mmppix:       1.0000   -1.0000   -1.0000
center:     128.0000 -129.0000 -129.0000
/opt/freesurfer/average/711-2B_as_mni_average_305_mask.4dfp.img
       256       256       256         1
  1.000000  1.000000  1.000000
orientation T byte_order littleendian
Reading mask: /opt/freesurfer/average/711-2B_as_mni_average_305_mask.4dfp.img (2306576 pixels)
talsrcimg_g11.4dfp.img
       256       256       256         1
  1.000000  1.000000  1.000000
orientation T byte_order littleendian
Reading image: talsrcimg_g11.4dfp.img
dimensions:      256       256       256
mmppix:       1.0000   -1.0000   -1.0000
center:     128.0000 -129.0000 -129.0000
rotation matrix determinant  1.000000
image alignment mode   4355 decimal     1103 hex
   -7.5000  -37.5000  -45.0000 2037.0336   24.5894
    0.0000  -37.5000  -45.0000 2031.7476   24.5626
    7.5000  -37.5000  -45.0000 2021.4733   24.7731
   -7.5000  -30.0000  -45.0000 2160.2258   21.9795
    0.0000  -30.0000  -45.0000 2154.4062   21.9933
    7.5000  -30.0000  -45.0000 2130.1296   22.1209
   -7.5000  -22.5000  -45.0000 2285.4565   19.8191
    0.0000  -22.5000  -45.0000 2277.7126   19.8101
    7.5000  -22.5000  -45.0000 2243.7026   19.9206
   -7.5000  -15.0000  -45.0000 2389.5413   18.2102
    0.0000  -15.0000  -45.0000 2382.3066   18.1862
    7.5000  -15.0000  -45.0000 2349.3247   18.3268
   -7.5000   -7.5000  -45.0000 2448.5046   17.1458
    0.0000   -7.5000  -45.0000 2444.0625   17.0944
    7.5000   -7.5000  -45.0000 2415.3467   17.2443
   -7.5000    0.0000  -45.0000 2481.5334   16.4947
    0.0000    0.0000  -45.0000 2476.2888   16.4275
    7.5000    0.0000  -45.0000 2447.2166   16.5717
   -7.5000    7.5000  -45.0000 2499.2173   16.1060
    0.0000    7.5000  -45.0000 2495.4827   16.0820
    7.5000    7.5000  -45.0000 2463.8896   16.1947
   -7.5000   15.0000  -45.0000 2492.1487   16.0008
    0.0000   15.0000  -45.0000 2493.5684   15.9824
    7.5000   15.0000  -45.0000 2461.0408   16.0904
   -7.5000   22.5000  -45.0000 2478.3516   16.1269
    0.0000   22.5000  -45.0000 2481.7556   16.1707
    7.5000   22.5000  -45.0000 2445.8994   16.2616
   -7.5000   30.0000  -45.0000 2448.9978   16.6205
    0.0000   30.0000  -45.0000 2452.7834   16.6688
    7.5000   30.0000  -45.0000 2419.3010   16.7949
   -7.5000   37.5000  -45.0000 2404.4709   17.4499
    0.0000   37.5000  -45.0000 2408.8745   17.4667
    7.5000   37.5000  -45.0000 2376.0522   17.6002
   -7.5000   45.0000  -45.0000 2338.3113   18.5913
    0.0000   45.0000  -45.0000 2339.8540   18.5981
    7.5000   45.0000  -45.0000 2306.4099   18.7465
   -7.5000   52.5000  -45.0000 2226.3608   19.9176
    0.0000   52.5000  -45.0000 2229.1414   19.9476
    7.5000   52.5000  -45.0000 2197.8088   20.1402
   -7.5000  -37.5000  -37.5000 2094.9561   23.1801
    0.0000  -37.5000  -37.5000 2093.3118   23.2186
    7.5000  -37.5000  -37.5000 2073.7266   23.5015
   -7.5000  -30.0000  -37.5000 2223.6226   20.7349
    0.0000  -30.0000  -37.5000 2217.4050   20.7364
    7.5000  -30.0000  -37.5000 2190.1626   20.9704
   -7.5000  -22.5000  -37.5000 2350.3528   18.6918
    0.0000  -22.5000  -37.5000 2339.9380   18.6550
    7.5000  -22.5000  -37.5000 2305.6238   18.8543
   -7.5000  -15.0000  -37.5000 2453.0142   17.1751
    0.0000  -15.0000  -37.5000 2448.3596   17.1161
    7.5000  -15.0000  -37.5000 2411.0386   17.2621
   -7.5000   -7.5000  -37.5000 2519.6172   16.1017
    0.0000   -7.5000  -37.5000 2517.2805   16.0325
    7.5000   -7.5000  -37.5000 2487.1082   16.1918
   -7.5000    0.0000  -37.5000 2555.6743   15.4204
    0.0000    0.0000  -37.5000 2556.5386   15.3671
    7.5000    0.0000  -37.5000 2527.0244   15.5083
   -7.5000    7.5000  -37.5000 2585.2422   15.0010
    0.0000    7.5000  -37.5000 2584.7556   14.9999
    7.5000    7.5000  -37.5000 2550.7808   15.1332
   -7.5000   15.0000  -37.5000 2585.6919   14.8821
    0.0000   15.0000  -37.5000 2587.8950   14.8777
    7.5000   15.0000  -37.5000 2553.3823   14.9999
   -7.5000   22.5000  -37.5000 2569.0291   14.9970
    0.0000   22.5000  -37.5000 2579.3792   15.0356
    7.5000   22.5000  -37.5000 2545.2158   15.1456
   -7.5000   30.0000  -37.5000 2538.4158   15.4907
    0.0000   30.0000  -37.5000 2545.8311   15.5316
    7.5000   30.0000  -37.5000 2511.7363   15.6736
   -7.5000   37.5000  -37.5000 2489.8535   16.2559
    0.0000   37.5000  -37.5000 2496.6667   16.2665
    7.5000   37.5000  -37.5000 2464.3015   16.4336
   -7.5000   45.0000  -37.5000 2421.7410   17.3154
    0.0000   45.0000  -37.5000 2427.8679   17.3265
    7.5000   45.0000  -37.5000 2397.7092   17.4986
   -7.5000   52.5000  -37.5000 2308.6526   18.5712
    0.0000   52.5000  -37.5000 2316.3594   18.5945
    7.5000   52.5000  -37.5000 2289.1604   18.7943
   -7.5000  -37.5000  -30.0000 2182.9922   22.8067
    0.0000  -37.5000  -30.0000 2181.3396   22.8119
    7.5000  -37.5000  -30.0000 2165.0337   23.2894
   -7.5000  -30.0000  -30.0000 2317.7808   20.3501
    0.0000  -30.0000  -30.0000 2313.4546   20.3636
    7.5000  -30.0000  -30.0000 2288.2209   20.7432
   -7.5000  -22.5000  -30.0000 2444.3518   18.2835
    0.0000  -22.5000  -30.0000 2440.6099   18.3018
    7.5000  -22.5000  -30.0000 2403.4072   18.5919
   -7.5000  -15.0000  -30.0000 2550.9871   16.7282
    0.0000  -15.0000  -30.0000 2549.0745   16.7233
    7.5000  -15.0000  -30.0000 2510.0916   16.9530
   -7.5000   -7.5000  -30.0000 2623.9224   15.6646
    0.0000   -7.5000  -30.0000 2625.7617   15.6140
    7.5000   -7.5000  -30.0000 2596.3438   15.8234
   -7.5000    0.0000  -30.0000 2661.6521   14.9302
    0.0000    0.0000  -30.0000 2673.0798   14.8857
    7.5000    0.0000  -30.0000 2645.6677   15.1210
   -7.5000    7.5000  -30.0000 2703.5103   14.5014
    0.0000    7.5000  -30.0000 2710.9451   14.4989
    7.5000    7.5000  -30.0000 2672.0574   14.7056
   -7.5000   15.0000  -30.0000 2713.4402   14.3497
    0.0000   15.0000  -30.0000 2718.5234   14.3472
    7.5000   15.0000  -30.0000 2686.2185   14.5300
   -7.5000   22.5000  -30.0000 2707.7866   14.4618
    0.0000   22.5000  -30.0000 2717.1184   14.4996
    7.5000   22.5000  -30.0000 2688.0581   14.6742
   -7.5000   30.0000  -30.0000 2679.5403   14.9586
    0.0000   30.0000  -30.0000 2684.7629   14.9827
    7.5000   30.0000  -30.0000 2653.1404   15.2021
   -7.5000   37.5000  -30.0000 2625.9670   15.7061
    0.0000   37.5000  -30.0000 2633.8472   15.7141
    7.5000   37.5000  -30.0000 2602.3494   15.9305
   -7.5000   45.0000  -30.0000 2546.5076   16.7541
    0.0000   45.0000  -30.0000 2550.0132   16.7268
    7.5000   45.0000  -30.0000 2525.6978   16.9479
   -7.5000   52.5000  -30.0000 2428.3325   18.0315
    0.0000   52.5000  -30.0000 2440.4573   17.9986
    7.5000   52.5000  -30.0000 2412.7500   18.2038
   -7.5000  -37.5000  -22.5000 2240.2742   22.3907
    0.0000  -37.5000  -22.5000 2240.2498   22.4494
    7.5000  -37.5000  -22.5000 2221.5173   22.8972
   -7.5000  -30.0000  -22.5000 2372.6704   19.8990
    0.0000  -30.0000  -22.5000 2372.9412   19.9500
    7.5000  -30.0000  -22.5000 2345.5393   20.3732
   -7.5000  -22.5000  -22.5000 2499.8750   17.8460
    0.0000  -22.5000  -22.5000 2500.3611   17.8542
    7.5000  -22.5000  -22.5000 2468.6572   18.2367
   -7.5000  -15.0000  -22.5000 2616.4543   16.2772
    0.0000  -15.0000  -22.5000 2618.6179   16.2476
    7.5000  -15.0000  -22.5000 2587.2332   16.6039
   -7.5000   -7.5000  -22.5000 2696.4465   15.1464
    0.0000   -7.5000  -22.5000 2705.9412   15.1080
    7.5000   -7.5000  -22.5000 2679.0344   15.4395
   -7.5000    0.0000  -22.5000 2752.7786   14.4318
    0.0000    0.0000  -22.5000 2767.5791   14.3937
    7.5000    0.0000  -22.5000 2737.0708   14.6911
   -7.5000    7.5000  -22.5000 2794.7261   13.9807
    0.0000    7.5000  -22.5000 2803.0872   13.9522
    7.5000    7.5000  -22.5000 2767.7490   14.2473
   -7.5000   15.0000  -22.5000 2812.1489   13.7349
    0.0000   15.0000  -22.5000 2818.5449   13.7602
    7.5000   15.0000  -22.5000 2784.7925   14.0330
   -7.5000   22.5000  -22.5000 2809.2195   13.8715
    0.0000   22.5000  -22.5000 2818.3625   13.8958
    7.5000   22.5000  -22.5000 2790.4741   14.1605
   -7.5000   30.0000  -22.5000 2782.9639   14.3541
    0.0000   30.0000  -22.5000 2785.5354   14.3804
    7.5000   30.0000  -22.5000 2760.7363   14.6552
   -7.5000   37.5000  -22.5000 2727.3938   15.1395
    0.0000   37.5000  -22.5000 2729.2935   15.1071
    7.5000   37.5000  -22.5000 2704.3081   15.3806
   -7.5000   45.0000  -22.5000 2641.2959   16.1646
    0.0000   45.0000  -22.5000 2644.0710   16.1127
    7.5000   45.0000  -22.5000 2623.1394   16.3855
   -7.5000   52.5000  -22.5000 2516.0723   17.4305
    0.0000   52.5000  -22.5000 2525.5110   17.3771
    7.5000   52.5000  -22.5000 2499.6370   17.6566
   -7.5000  -37.5000  -15.0000 2253.8435   22.0585
    0.0000  -37.5000  -15.0000 2253.2729   22.1195
    7.5000  -37.5000  -15.0000 2244.0220   22.6219
   -7.5000  -30.0000  -15.0000 2383.7212   19.5465
    0.0000  -30.0000  -15.0000 2385.4475   19.5889
    7.5000  -30.0000  -15.0000 2364.2014   20.0590
   -7.5000  -22.5000  -15.0000 2511.8215   17.4637
    0.0000  -22.5000  -15.0000 2516.9629   17.4933
    7.5000  -22.5000  -15.0000 2494.9385   17.9379
   -7.5000  -15.0000  -15.0000 2633.0496   15.9015
    0.0000  -15.0000  -15.0000 2643.1487   15.8747
    7.5000  -15.0000  -15.0000 2618.5276   16.2840
   -7.5000   -7.5000  -15.0000 2731.4070   14.7814
    0.0000   -7.5000  -15.0000 2745.8379   14.7474
    7.5000   -7.5000  -15.0000 2721.8950   15.1099
   -7.5000    0.0000  -15.0000 2805.0566   14.0832
    0.0000    0.0000  -15.0000 2823.4753   14.0411
    7.5000    0.0000  -15.0000 2790.2620   14.3501
   -7.5000    7.5000  -15.0000 2850.8647   13.5778
    0.0000    7.5000  -15.0000 2863.6370   13.5564
    7.5000    7.5000  -15.0000 2827.4563   13.8826
   -7.5000   15.0000  -15.0000 2865.5554   13.2235
    0.0000   15.0000  -15.0000 2880.7502   13.2474
    7.5000   15.0000  -15.0000 2841.2964   13.6397
   -7.5000   22.5000  -15.0000 2868.2275   13.3403
    0.0000   22.5000  -15.0000 2875.6150   13.3903
    7.5000   22.5000  -15.0000 2848.4580   13.7523
   -7.5000   30.0000  -15.0000 2839.8835   13.8538
    0.0000   30.0000  -15.0000 2841.4729   13.8343
    7.5000   30.0000  -15.0000 2820.3115   14.1975
   -7.5000   37.5000  -15.0000 2782.8003   14.6191
    0.0000   37.5000  -15.0000 2784.2031   14.5559
    7.5000   37.5000  -15.0000 2763.1260   14.8795
   -7.5000   45.0000  -15.0000 2690.0039   15.6855
    0.0000   45.0000  -15.0000 2697.0889   15.6375
    7.5000   45.0000  -15.0000 2679.4241   15.9477
   -7.5000   52.5000  -15.0000 2566.1335   16.9436
    0.0000   52.5000  -15.0000 2574.1453   16.9098
    7.5000   52.5000  -15.0000 2550.2947   17.2503
   -7.5000  -37.5000   -7.5000 2250.6851   21.9429
    0.0000  -37.5000   -7.5000 2255.1323   21.9169
    7.5000  -37.5000   -7.5000 2238.9988   22.4294
   -7.5000  -30.0000   -7.5000 2377.5752   19.3245
    0.0000  -30.0000   -7.5000 2380.5669   19.3010
    7.5000  -30.0000   -7.5000 2367.7510   19.8637
   -7.5000  -22.5000   -7.5000 2512.6587   17.2108
    0.0000  -22.5000   -7.5000 2514.0432   17.1722
    7.5000  -22.5000   -7.5000 2498.4573   17.6922
   -7.5000  -15.0000   -7.5000 2632.6411   15.6414
    0.0000  -15.0000   -7.5000 2642.1194   15.5814
    7.5000  -15.0000   -7.5000 2624.9785   16.0250
   -7.5000   -7.5000   -7.5000 2742.8027   14.5655
    0.0000   -7.5000   -7.5000 2755.1462   14.4998
    7.5000   -7.5000   -7.5000 2732.9653   14.8617
   -7.5000    0.0000   -7.5000 2836.7932   13.9774
    0.0000    0.0000   -7.5000 2848.0601   13.9036
    7.5000    0.0000   -7.5000 2820.7524   14.1519
   -7.5000    7.5000   -7.5000 2893.9675   13.5063
    0.0000    7.5000   -7.5000 2909.5388   13.5040
    7.5000    7.5000   -7.5000 2863.2534   13.7239
   -7.5000   15.0000   -7.5000 2917.7812   13.0178
    0.0000   15.0000   -7.5000 2930.4473   13.0379
    7.5000   15.0000   -7.5000 2880.3394   13.4325
   -7.5000   22.5000   -7.5000 2912.0156   13.0587
    0.0000   22.5000   -7.5000 2908.7898   13.0094
    7.5000   22.5000   -7.5000 2880.9514   13.4567
   -7.5000   30.0000   -7.5000 2873.9612   13.5743
    0.0000   30.0000   -7.5000 2870.0317   13.4368
    7.5000   30.0000   -7.5000 2851.5520   13.8141
   -7.5000   37.5000   -7.5000 2817.5923   14.3502
    0.0000   37.5000   -7.5000 2816.2036   14.2245
    7.5000   37.5000   -7.5000 2794.8274   14.5314
   -7.5000   45.0000   -7.5000 2725.4570   15.4281
    0.0000   45.0000   -7.5000 2724.3662   15.3321
    7.5000   45.0000   -7.5000 2705.9175   15.5826
   -7.5000   52.5000   -7.5000 2600.8738   16.7230
    0.0000   52.5000   -7.5000 2599.1250   16.6346
    7.5000   52.5000   -7.5000 2576.8494   16.8517
   -7.5000  -37.5000    0.0000 2237.5127   22.0145
    0.0000  -37.5000    0.0000 2245.3289   21.9869
    7.5000  -37.5000    0.0000 2227.5554   22.5056
   -7.5000  -30.0000    0.0000 2367.7090   19.3523
    0.0000  -30.0000    0.0000 2376.3660   19.3421
    7.5000  -30.0000    0.0000 2359.3376   19.9232
   -7.5000  -22.5000    0.0000 2502.8787   17.2256
    0.0000  -22.5000    0.0000 2509.8281   17.1989
    7.5000  -22.5000    0.0000 2490.6724   17.7058
   -7.5000  -15.0000    0.0000 2623.3076   15.6484
    0.0000  -15.0000    0.0000 2631.4509   15.6122
    7.5000  -15.0000    0.0000 2612.7083   16.0445
   -7.5000   -7.5000    0.0000 2742.7808   14.6080
    0.0000   -7.5000    0.0000 2752.7927   14.5587
    7.5000   -7.5000    0.0000 2732.2048   14.8791
   -7.5000    0.0000    0.0000 2850.2932   14.0827
    0.0000    0.0000    0.0000 2864.1812   14.0124
    7.5000    0.0000    0.0000 2828.0471   14.1669
   -7.5000    7.5000    0.0000 2929.2610   13.7683
    0.0000    7.5000    0.0000 2947.4409   13.7405
    7.5000    7.5000    0.0000 2876.8181   13.7156
   -7.5000   15.0000    0.0000 2970.7395   13.2881
    0.0000   15.0000    0.0000 2972.4019   13.1482
    7.5000   15.0000    0.0000 2895.5356   13.4011
   -7.5000   22.5000    0.0000 2946.6729   13.1526
    0.0000   22.5000    0.0000 2935.4668   12.9574
    7.5000   22.5000    0.0000 2889.3760   13.3537
   -7.5000   30.0000    0.0000 2885.5195   13.5142
    0.0000   30.0000    0.0000 2887.7571   13.3616
    7.5000   30.0000    0.0000 2857.7871   13.6943
   -7.5000   37.5000    0.0000 2823.1162   14.2567
    0.0000   37.5000    0.0000 2826.4856   14.1335
    7.5000   37.5000    0.0000 2802.9658   14.3805
   -7.5000   45.0000    0.0000 2732.3494   15.3398
    0.0000   45.0000    0.0000 2733.4436   15.2142
    7.5000   45.0000    0.0000 2710.5159   15.4173
   -7.5000   52.5000    0.0000 2604.8662   16.6206
    0.0000   52.5000    0.0000 2605.7158   16.5197
    7.5000   52.5000    0.0000 2582.8530   16.6913
   -7.5000  -37.5000    7.5000 2226.3352   22.3109
    0.0000  -37.5000    7.5000 2236.2563   22.3156
    7.5000  -37.5000    7.5000 2216.4312   22.8320
   -7.5000  -30.0000    7.5000 2360.2898   19.6226
    0.0000  -30.0000    7.5000 2371.0195   19.6456
    7.5000  -30.0000    7.5000 2350.0146   20.1212
   -7.5000  -22.5000    7.5000 2495.9368   17.4816
    0.0000  -22.5000    7.5000 2503.8167   17.5035
    7.5000  -22.5000    7.5000 2480.8113   17.9337
   -7.5000  -15.0000    7.5000 2622.0474   15.9868
    0.0000  -15.0000    7.5000 2629.0044   15.9603
    7.5000  -15.0000    7.5000 2604.8279   16.3523
   -7.5000   -7.5000    7.5000 2741.8486   14.9812
    0.0000   -7.5000    7.5000 2749.2812   14.9429
    7.5000   -7.5000    7.5000 2721.2231   15.2372
   -7.5000    0.0000    7.5000 2842.4204   14.3312
    0.0000    0.0000    7.5000 2853.7200   14.3350
    7.5000    0.0000    7.5000 2816.2559   14.4811
   -7.5000    7.5000    7.5000 2911.2705   13.9038
    0.0000    7.5000    7.5000 2924.6423   13.8469
    7.5000    7.5000    7.5000 2865.3386   13.9543
   -7.5000   15.0000    7.5000 2955.6602   13.5353
    0.0000   15.0000    7.5000 2946.6907   13.3211
    7.5000   15.0000    7.5000 2884.3535   13.5654
   -7.5000   22.5000    7.5000 2949.2676   13.5073
    0.0000   22.5000    7.5000 2943.6272   13.3359
    7.5000   22.5000    7.5000 2883.8601   13.5812
   -7.5000   30.0000    7.5000 2893.7178   13.8681
    0.0000   30.0000    7.5000 2894.2930   13.7589
    7.5000   30.0000    7.5000 2848.9338   13.9780
   -7.5000   37.5000    7.5000 2815.0242   14.5467
    0.0000   37.5000    7.5000 2818.6870   14.4477
    7.5000   37.5000    7.5000 2788.0522   14.6233
   -7.5000   45.0000    7.5000 2716.8486   15.5271
    0.0000   45.0000    7.5000 2719.4448   15.3963
    7.5000   45.0000    7.5000 2698.7590   15.5627
   -7.5000   52.5000    7.5000 2591.3452   16.6754
    0.0000   52.5000    7.5000 2597.8687   16.5916
    7.5000   52.5000    7.5000 2575.0845   16.7354
   -7.5000  -37.5000   15.0000 2202.3787   22.9497
    0.0000  -37.5000   15.0000 2212.5933   23.0198
    7.5000  -37.5000   15.0000 2191.9668   23.5734
   -7.5000  -30.0000   15.0000 2347.2163   20.1947
    0.0000  -30.0000   15.0000 2352.8262   20.2866
    7.5000  -30.0000   15.0000 2329.7126   20.8248
   -7.5000  -22.5000   15.0000 2483.8591   18.0226
    0.0000  -22.5000   15.0000 2487.2148   18.0681
    7.5000  -22.5000   15.0000 2461.3594   18.5685
   -7.5000  -15.0000   15.0000 2610.2493   16.4858
    0.0000  -15.0000   15.0000 2614.1997   16.4765
    7.5000  -15.0000   15.0000 2585.2515   16.9421
   -7.5000   -7.5000   15.0000 2719.9690   15.3920
    0.0000   -7.5000   15.0000 2726.8376   15.3947
    7.5000   -7.5000   15.0000 2697.9294   15.7672
   -7.5000    0.0000   15.0000 2804.5349   14.6243
    0.0000    0.0000   15.0000 2815.7119   14.6491
    7.5000    0.0000   15.0000 2785.1880   14.9631
   -7.5000    7.5000   15.0000 2866.2871   14.0607
    0.0000    7.5000   15.0000 2867.7898   13.9238
    7.5000    7.5000   15.0000 2836.5378   14.3210
   -7.5000   15.0000   15.0000 2902.2363   13.6777
    0.0000   15.0000   15.0000 2903.3481   13.5641
    7.5000   15.0000   15.0000 2861.5007   13.9131
   -7.5000   22.5000   15.0000 2908.9138   13.7460
    0.0000   22.5000   15.0000 2911.6892   13.6949
    7.5000   22.5000   15.0000 2864.6919   13.9817
   -7.5000   30.0000   15.0000 2860.2375   14.2628
    0.0000   30.0000   15.0000 2866.3416   14.1837
    7.5000   30.0000   15.0000 2821.5615   14.4303
   -7.5000   37.5000   15.0000 2782.2446   14.9997
    0.0000   37.5000   15.0000 2789.4929   14.9404
    7.5000   37.5000   15.0000 2757.7102   15.1200
   -7.5000   45.0000   15.0000 2683.4265   15.9523
    0.0000   45.0000   15.0000 2686.3667   15.8676
    7.5000   45.0000   15.0000 2662.8054   16.0304
   -7.5000   52.5000   15.0000 2557.0400   17.0266
    0.0000   52.5000   15.0000 2567.1321   16.9570
    7.5000   52.5000   15.0000 2541.2380   17.1150
   -7.5000  -37.5000   22.5000 2167.1265   23.6948
    0.0000  -37.5000   22.5000 2176.9287   23.7511
    7.5000  -37.5000   22.5000 2161.9775   24.4851
   -7.5000  -30.0000   22.5000 2314.7319   20.9146
    0.0000  -30.0000   22.5000 2318.6897   20.9541
    7.5000  -30.0000   22.5000 2297.9241   21.6477
   -7.5000  -22.5000   22.5000 2458.7505   18.7102
    0.0000  -22.5000   22.5000 2459.4666   18.6892
    7.5000  -22.5000   22.5000 2430.4128   19.3332
   -7.5000  -15.0000   22.5000 2586.6956   17.1074
    0.0000  -15.0000   22.5000 2587.4126   17.0998
    7.5000  -15.0000   22.5000 2552.5925   17.6544
   -7.5000   -7.5000   22.5000 2689.8933   15.9361
    0.0000   -7.5000   22.5000 2694.6655   15.9307
    7.5000   -7.5000   22.5000 2664.8186   16.4089
   -7.5000    0.0000   22.5000 2757.0903   15.1067
    0.0000    0.0000   22.5000 2761.3486   15.0307
    7.5000    0.0000   22.5000 2741.2888   15.4971
   -7.5000    7.5000   22.5000 2813.4670   14.4552
    0.0000    7.5000   22.5000 2820.9849   14.3515
    7.5000    7.5000   22.5000 2792.6641   14.8433
   -7.5000   15.0000   22.5000 2847.1160   14.1105
    0.0000   15.0000   22.5000 2847.8386   14.0220
    7.5000   15.0000   22.5000 2820.0752   14.4894
   -7.5000   22.5000   22.5000 2847.4702   14.2468
    0.0000   22.5000   22.5000 2854.9958   14.1856
    7.5000   22.5000   22.5000 2815.8462   14.5609
   -7.5000   30.0000   22.5000 2800.0208   14.7797
    0.0000   30.0000   22.5000 2806.7146   14.6958
    7.5000   30.0000   22.5000 2778.4177   14.9904
   -7.5000   37.5000   22.5000 2734.5654   15.5387
    0.0000   37.5000   22.5000 2736.0376   15.4598
    7.5000   37.5000   22.5000 2716.0095   15.6955
   -7.5000   45.0000   22.5000 2638.4170   16.5137
    0.0000   45.0000   22.5000 2648.3525   16.4470
    7.5000   45.0000   22.5000 2623.9861   16.6540
   -7.5000   52.5000   22.5000 2515.6970   17.6306
    0.0000   52.5000   22.5000 2528.0107   17.5714
    7.5000   52.5000   22.5000 2505.4146   17.7537
   -7.5000  -37.5000   30.0000 2126.3687   24.7018
    0.0000  -37.5000   30.0000 2135.1108   24.7152
    7.5000  -37.5000   30.0000 2122.4016   25.5645
   -7.5000  -30.0000   30.0000 2274.5515   21.8262
    0.0000  -30.0000   30.0000 2280.7617   21.8347
    7.5000  -30.0000   30.0000 2256.7148   22.6054
   -7.5000  -22.5000   30.0000 2419.4771   19.5429
    0.0000  -22.5000   30.0000 2422.1799   19.5530
    7.5000  -22.5000   30.0000 2387.6055   20.1858
   -7.5000  -15.0000   30.0000 2541.9265   17.8873
    0.0000  -15.0000   30.0000 2541.8528   17.8780
    7.5000  -15.0000   30.0000 2512.4263   18.4720
   -7.5000   -7.5000   30.0000 2634.9863   16.6617
    0.0000   -7.5000   30.0000 2636.9092   16.6163
    7.5000   -7.5000   30.0000 2612.0867   17.1726
   -7.5000    0.0000   30.0000 2693.1462   15.7916
    0.0000    0.0000   30.0000 2699.8506   15.6746
    7.5000    0.0000   30.0000 2680.3240   16.2241
   -7.5000    7.5000   30.0000 2743.7427   15.1077
    0.0000    7.5000   30.0000 2749.2871   15.0574
    7.5000    7.5000   30.0000 2723.8730   15.5880
   -7.5000   15.0000   30.0000 2774.5637   14.8302
    0.0000   15.0000   30.0000 2773.4314   14.7633
    7.5000   15.0000   30.0000 2749.0129   15.2785
   -7.5000   22.5000   30.0000 2768.9141   14.9693
    0.0000   22.5000   30.0000 2781.1868   14.9092
    7.5000   22.5000   30.0000 2744.7224   15.3290
   -7.5000   30.0000   30.0000 2728.0784   15.4793
    0.0000   30.0000   30.0000 2736.5723   15.4304
    7.5000   30.0000   30.0000 2711.2373   15.7597
   -7.5000   37.5000   30.0000 2669.5103   16.2349
    0.0000   37.5000   30.0000 2669.4133   16.1618
    7.5000   37.5000   30.0000 2646.4290   16.4804
   -7.5000   45.0000   30.0000 2580.7100   17.1725
    0.0000   45.0000   30.0000 2588.2764   17.1174
    7.5000   45.0000   30.0000 2562.5510   17.3767
   -7.5000   52.5000   30.0000 2461.8245   18.3756
    0.0000   52.5000   30.0000 2469.0454   18.3403
    7.5000   52.5000   30.0000 2444.2683   18.5649
   -7.5000  -37.5000   37.5000 2085.9565   26.0275
    0.0000  -37.5000   37.5000 2095.6255   25.9407
    7.5000  -37.5000   37.5000 2071.7971   26.7615
   -7.5000  -30.0000   37.5000 2231.0957   23.0415
    0.0000  -30.0000   37.5000 2241.6370   22.9930
    7.5000  -30.0000   37.5000 2208.3677   23.7014
   -7.5000  -22.5000   37.5000 2370.8215   20.6499
    0.0000  -22.5000   37.5000 2377.7571   20.5901
    7.5000  -22.5000   37.5000 2337.7852   21.2502
   -7.5000  -15.0000   37.5000 2484.0222   18.9161
    0.0000  -15.0000   37.5000 2486.3074   18.8334
    7.5000  -15.0000   37.5000 2452.5999   19.4477
   -7.5000   -7.5000   37.5000 2567.0627   17.6280
    0.0000   -7.5000   37.5000 2574.5149   17.5312
    7.5000   -7.5000   37.5000 2546.5469   18.1134
   -7.5000    0.0000   37.5000 2625.6230   16.7081
    0.0000    0.0000   37.5000 2635.9949   16.6223
    7.5000    0.0000   37.5000 2607.8804   17.1761
   -7.5000    7.5000   37.5000 2663.7571   16.0489
    0.0000    7.5000   37.5000 2669.9050   16.0456
    7.5000    7.5000   37.5000 2644.4561   16.5335
   -7.5000   15.0000   37.5000 2686.5801   15.8047
    0.0000   15.0000   37.5000 2688.1650   15.7625
    7.5000   15.0000   37.5000 2665.7578   16.2357
   -7.5000   22.5000   37.5000 2686.7188   15.8824
    0.0000   22.5000   37.5000 2698.5718   15.8567
    7.5000   22.5000   37.5000 2670.1243   16.2607
   -7.5000   30.0000   37.5000 2656.5320   16.3732
    0.0000   30.0000   37.5000 2664.8047   16.3551
    7.5000   30.0000   37.5000 2640.2666   16.7334
   -7.5000   37.5000   37.5000 2597.6406   17.1495
    0.0000   37.5000   37.5000 2603.0374   17.1081
    7.5000   37.5000   37.5000 2578.2312   17.4520
   -7.5000   45.0000   37.5000 2519.2241   18.1430
    0.0000   45.0000   37.5000 2520.8018   18.0609
    7.5000   45.0000   37.5000 2493.6956   18.3512
   -7.5000   52.5000   37.5000 2394.1313   19.3481
    0.0000   52.5000   37.5000 2399.9404   19.3189
    7.5000   52.5000   37.5000 2378.7227   19.5399
   -7.5000  -37.5000   45.0000 2033.2101   27.6594
    0.0000  -37.5000   45.0000 2043.4882   27.5423
    7.5000  -37.5000   45.0000 2016.3516   28.3936
   -7.5000  -30.0000   45.0000 2172.1028   24.5279
    0.0000  -30.0000   45.0000 2189.4290   24.4478
    7.5000  -30.0000   45.0000 2149.7356   25.1484
   -7.5000  -22.5000   45.0000 2307.1902   22.0030
    0.0000  -22.5000   45.0000 2318.5679   21.9543
    7.5000  -22.5000   45.0000 2276.1907   22.5350
   -7.5000  -15.0000   45.0000 2413.2837   20.1657
    0.0000  -15.0000   45.0000 2420.5576   20.0744
    7.5000  -15.0000   45.0000 2385.6448   20.6333
   -7.5000   -7.5000   45.0000 2493.7720   18.8329
    0.0000   -7.5000   45.0000 2501.6277   18.7312
    7.5000   -7.5000   45.0000 2468.2273   19.2541
   -7.5000    0.0000   45.0000 2539.8601   17.8890
    0.0000    0.0000   45.0000 2550.4194   17.8585
    7.5000    0.0000   45.0000 2519.5457   18.3505
   -7.5000    7.5000   45.0000 2570.7183   17.2513
    0.0000    7.5000   45.0000 2573.2722   17.2685
    7.5000    7.5000   45.0000 2550.1326   17.7185
   -7.5000   15.0000   45.0000 2587.7512   16.9866
    0.0000   15.0000   45.0000 2588.9004   16.9637
    7.5000   15.0000   45.0000 2571.5017   17.3826
   -7.5000   22.5000   45.0000 2590.9944   17.0031
    0.0000   22.5000   45.0000 2599.2119   17.0026
    7.5000   22.5000   45.0000 2578.0857   17.3694
   -7.5000   30.0000   45.0000 2567.3474   17.4737
    0.0000   30.0000   45.0000 2582.4817   17.4900
    7.5000   30.0000   45.0000 2552.4849   17.8385
   -7.5000   37.5000   45.0000 2517.9810   18.2871
    0.0000   37.5000   45.0000 2529.7642   18.2713
    7.5000   37.5000   45.0000 2498.7388   18.5873
   -7.5000   45.0000   45.0000 2434.6416   19.3452
    0.0000   45.0000   45.0000 2446.5935   19.3131
    7.5000   45.0000   45.0000 2412.7354   19.5734
   -7.5000   52.5000   45.0000 2310.9133   20.5807
    0.0000   52.5000   45.0000 2325.4526   20.5814
    7.5000   52.5000   45.0000 2298.2573   20.7605

---------------------------------------------------------------------
imgreg_4dfp /opt/freesurfer/average/711-2C_as_mni_average_305 /opt/freesurfer/average/711-2B_as_mni_average_305_mask talsrcimg_g11 none talsrcimg_to_711-2C_as_mni_average_305_t4 1283
---------------------------------------------------------------------

freesurfer imgreg_4dfp.c
/opt/freesurfer/average/711-2C_as_mni_average_305.4dfp.img
       256       256       256         1
  1.000000  1.000000  1.000000
orientation T byte_order littleendian
Reading image: /opt/freesurfer/average/711-2C_as_mni_average_305.4dfp.img
dimensions:      256       256       256
mmppix:       1.0000   -1.0000   -1.0000
center:     128.0000 -129.0000 -129.0000
/opt/freesurfer/average/711-2B_as_mni_average_305_mask.4dfp.img
       256       256       256         1
  1.000000  1.000000  1.000000
orientation T byte_order littleendian
Reading mask: /opt/freesurfer/average/711-2B_as_mni_average_305_mask.4dfp.img (2306576 pixels)
talsrcimg_g11.4dfp.img
       256       256       256         1
  1.000000  1.000000  1.000000
orientation T byte_order littleendian
Reading image: talsrcimg_g11.4dfp.img
dimensions:      256       256       256
mmppix:       1.0000   -1.0000   -1.0000
center:     128.0000 -129.0000 -129.0000
rotation matrix determinant  1.000000
fimgreg.f
image alignment mode   1283 decimal      503 hex
parameters
    0.0000   15.0000    0.0000    0.0000    0.0000    0.0000
eta,q 0.93318 13.24090
niter,ni,del,rscale     5    3   12.0000    1.2000
parameter  1  1.550001 ->  0.500000 qaram    1.1500
parameter  5  0.544362 ->  0.500000 qaram    1.1500
parameters
   -3.4500   13.8429    1.0581    0.9901   -3.4500   -1.0082
eta,q 0.94175 13.31050
  0.0636  0.0679  0.0776  0.0650  0.0612  0.0627
  0.0621  0.0657  0.0709  0.0628  0.0591  0.0602
  0.0656  0.0637  0.0662  0.0622  0.0583  0.0586
  0.0706  0.0622  0.0625  0.0613  0.0605  0.0586
  0.0744  0.0645  0.0615  0.0604  0.0658  0.0607
  0.0782  0.0701  0.0651  0.0614  0.0709  0.0630
  0.0834  0.0753  0.0704  0.0633  0.0750  0.0656
niter,ni,del,rscale     6    3   12.0000    1.2000
parameters
   -3.0667   13.6098    1.3030    2.8746   -3.5332   -0.7092
eta,q 0.94245 13.18683
  0.0803  0.0654  0.0734  0.0630  0.0682  0.0651
  0.0711  0.0634  0.0669  0.0624  0.0628  0.0614
  0.0623  0.0617  0.0607  0.0617  0.0595  0.0591
  0.0582  0.0584  0.0587  0.0587  0.0576  0.0577
  0.0621  0.0594  0.0607  0.0576  0.0592  0.0581
  0.0693  0.0634  0.0653  0.0582  0.0634  0.0607
  0.0752  0.0680  0.0711  0.0612  0.0687  0.0638
niter,ni,del,rscale     5    3   12.0000    1.2000
parameters
   -3.1265   13.1093    1.7408    3.3797   -3.4559   -0.5530
eta,q 0.94298 13.21434
  0.0765  0.0662  0.0734  0.0631  0.0686  0.0645
  0.0687  0.0625  0.0668  0.0629  0.0630  0.0608
  0.0603  0.0589  0.0603  0.0601  0.0592  0.0585
  0.0576  0.0575  0.0575  0.0575  0.0571  0.0571
  0.0624  0.0601  0.0592  0.0570  0.0587  0.0578
  0.0699  0.0648  0.0640  0.0594  0.0628  0.0605
  0.0759  0.0694  0.0695  0.0636  0.0682  0.0638
niter,ni,del,rscale     4    3   12.0000    1.2000
parameters
   -3.1041   12.9814    1.9557    3.6689   -3.4177   -0.4958
eta,q 0.94310 13.21563
  0.0770  0.0678  0.0722  0.0633  0.0686  0.0642
  0.0689  0.0630  0.0655  0.0629  0.0630  0.0606
  0.0602  0.0592  0.0594  0.0597  0.0589  0.0583
  0.0570  0.0570  0.0571  0.0571  0.0569  0.0569
  0.0618  0.0592  0.0595  0.0571  0.0588  0.0577
  0.0696  0.0641  0.0646  0.0599  0.0630  0.0606
  0.0757  0.0686  0.0698  0.0643  0.0683  0.0640
niter,ni,del,rscale     3    3   12.0000    1.2000
parameters
   -3.0942   12.8971    2.0800    3.8757   -3.3989   -0.4823
eta,q 0.94316 13.21587
  0.0769  0.0683  0.0717  0.0635  0.0686  0.0641
  0.0687  0.0631  0.0650  0.0628  0.0630  0.0604
  0.0600  0.0591  0.0590  0.0595  0.0588  0.0581
  0.0569  0.0569  0.0569  0.0570  0.0568  0.0568
  0.0618  0.0591  0.0597  0.0572  0.0588  0.0576
  0.0695  0.0641  0.0648  0.0602  0.0631  0.0606
  0.0756  0.0686  0.0699  0.0646  0.0683  0.0641
niter,ni,del,rscale     2    3   12.0000    1.2000
parameters
   -3.0861   12.8285    2.1557    4.0217   -3.3846   -0.4778
eta,q 0.94322 13.21737
  0.0768  0.0687  0.0715  0.0636  0.0686  0.0641
  0.0686  0.0631  0.0647  0.0628  0.0630  0.0604
  0.0599  0.0590  0.0587  0.0594  0.0587  0.0581
  0.0568  0.0568  0.0568  0.0569  0.0568  0.0568
  0.0618  0.0591  0.0599  0.0574  0.0588  0.0576
  0.0695  0.0642  0.0650  0.0605  0.0631  0.0606
  0.0755  0.0687  0.0699  0.0648  0.0683  0.0641
niter,ni,del,rscale     1    3   12.0000    1.2000
parameters
   -3.0798   12.7710    2.2042    4.1292   -3.3729   -0.4774
eta,q 0.94324 13.21913
  0.0767  0.0689  0.0713  0.0637  0.0685  0.0641
  0.0685  0.0632  0.0646  0.0628  0.0630  0.0604
  0.0598  0.0590  0.0586  0.0592  0.0586  0.0580
  0.0568  0.0568  0.0568  0.0568  0.0568  0.0568
  0.0617  0.0592  0.0599  0.0574  0.0589  0.0575
  0.0694  0.0643  0.0650  0.0606  0.0631  0.0606
  0.0754  0.0688  0.0699  0.0649  0.0683  0.0642
registration optimization eta report
parameter search radius
    6.9000    6.0000    6.0000    6.0000    6.9000    6.0000
100000*second partial in parameter space
       38.       32.       37.       20.       24.       20.
  0.0767  0.0689  0.0713  0.0637  0.0685  0.0641
  0.0685  0.0632  0.0646  0.0628  0.0630  0.0604
  0.0598  0.0590  0.0586  0.0592  0.0586  0.0580
  0.0568  0.0568  0.0568  0.0568  0.0568  0.0568
  0.0617  0.0592  0.0599  0.0574  0.0589  0.0575
  0.0694  0.0643  0.0650  0.0606  0.0631  0.0606
  0.0754  0.0688  0.0699  0.0649  0.0683  0.0642
   -3.0798   12.7710    2.2042    4.1292   -3.3729   -0.4774
eta,q 0.94324 13.21913

---------------------------------------------------------------------
imgreg_4dfp /opt/freesurfer/average/711-2C_as_mni_average_305 /opt/freesurfer/average/711-2B_as_mni_average_305_mask talsrcimg_g11 none talsrcimg_to_711-2C_as_mni_average_305_t4 3335
---------------------------------------------------------------------

freesurfer imgreg_4dfp.c
/opt/freesurfer/average/711-2C_as_mni_average_305.4dfp.img
       256       256       256         1
  1.000000  1.000000  1.000000
orientation T byte_order littleendian
Reading image: /opt/freesurfer/average/711-2C_as_mni_average_305.4dfp.img
dimensions:      256       256       256
mmppix:       1.0000   -1.0000   -1.0000
center:     128.0000 -129.0000 -129.0000
/opt/freesurfer/average/711-2B_as_mni_average_305_mask.4dfp.img
       256       256       256         1
  1.000000  1.000000  1.000000
orientation T byte_order littleendian
Reading mask: /opt/freesurfer/average/711-2B_as_mni_average_305_mask.4dfp.img (2306576 pixels)
talsrcimg_g11.4dfp.img
       256       256       256         1
  1.000000  1.000000  1.000000
orientation T byte_order littleendian
Reading image: talsrcimg_g11.4dfp.img
dimensions:      256       256       256
mmppix:       1.0000   -1.0000   -1.0000
center:     128.0000 -129.0000 -129.0000
fimgreg.f
image alignment mode   3335 decimal      D07 hex
parameters
   -3.0798   12.7710    2.2042   -0.1767   -0.2666   -0.4324
    1.2547    5.8080   -0.8318   -7.2492   -5.8834    7.1881
eta,q 0.94075 13.34945
niter,ni,del,rscale     5    3    5.0000    1.2000
parameter  4  7.779395 ->  0.500000 qaram    1.1500
parameter  5  4.047866 ->  0.500000 qaram    1.1500
parameter  6  0.762958 ->  0.500000 qaram    1.1500
parameter  7 -0.503684 -> -0.500000 qaram    1.1500
parameters
   -2.7305   12.2244    1.6626   -4.3167   -4.4066   -4.5724
    5.3947    4.5939    0.5923   -5.4778   -2.5888    3.9820
eta,q 0.96513 13.56140
  0.0629  0.0600  0.0604  0.0441  0.0364  0.0368  0.0439  0.0408  0.0392  0.0416  0.0393  0.0354
  0.0611  0.0593  0.0594  0.0477  0.0393  0.0371  0.0413  0.0375  0.0376  0.0387  0.0376  0.0350
  0.0598  0.0591  0.0589  0.0527  0.0435  0.0380  0.0390  0.0360  0.0366  0.0368  0.0364  0.0349
  0.0592  0.0592  0.0591  0.0589  0.0489  0.0403  0.0373  0.0362  0.0359  0.0358  0.0356  0.0352
  0.0594  0.0596  0.0598  0.0655  0.0548  0.0448  0.0363  0.0378  0.0358  0.0357  0.0353  0.0361
  0.0600  0.0602  0.0609  0.0712  0.0604  0.0516  0.0363  0.0408  0.0363  0.0363  0.0353  0.0375
  0.0612  0.0610  0.0624  0.0759  0.0652  0.0584  0.0375  0.0449  0.0374  0.0377  0.0358  0.0395
niter,ni,del,rscale     7    3    5.0000    1.2000
parameter  2 -0.758915 -> -0.500000 qaram    1.1500
parameter  3  0.536074 ->  0.500000 qaram    1.1500
parameter  4  0.724670 ->  0.500000 qaram    1.3225
parameter  5  0.801670 ->  0.500000 qaram    1.3225
parameters
   -2.6433   13.6044    0.2826   -9.0777   -9.1676   -7.1728
    2.7473    4.1347   -0.7003   -3.7705   -4.1132    3.3016
eta,q 0.97511 13.21546
  0.0401  0.0416  0.0332  0.0294  0.0256  0.0270  0.0273  0.0293  0.0266  0.0302  0.0256  0.0260
  0.0374  0.0389  0.0327  0.0289  0.0255  0.0262  0.0258  0.0272  0.0257  0.0280  0.0251  0.0253
  0.0355  0.0366  0.0328  0.0297  0.0264  0.0258  0.0254  0.0258  0.0253  0.0263  0.0249  0.0250
  0.0349  0.0349  0.0333  0.0327  0.0290  0.0257  0.0258  0.0254  0.0254  0.0253  0.0250  0.0249
  0.0353  0.0337  0.0343  0.0384  0.0336  0.0265  0.0272  0.0260  0.0258  0.0250  0.0252  0.0252
  0.0369  0.0333  0.0358  0.0458  0.0396  0.0296  0.0294  0.0278  0.0267  0.0256  0.0257  0.0257
  0.0394  0.0335  0.0377  0.0534  0.0455  0.0360  0.0324  0.0307  0.0279  0.0272  0.0264  0.0264
niter,ni,del,rscale     7    3    5.0000    1.2000
parameter  2 -0.801025 -> -0.500000 qaram    1.3225
parameters
   -2.4729   15.1914    1.2211  -11.0306  -12.2846   -6.9458
    2.5941    4.2305   -1.8943   -2.7514   -4.9215    1.3586
eta,q 0.97785 12.94973
  0.0293  0.0337  0.0262  0.0267  0.0249  0.0257  0.0260  0.0269  0.0238  0.0271  0.0233  0.0229
  0.0270  0.0303  0.0247  0.0245  0.0232  0.0240  0.0238  0.0247  0.0228  0.0247  0.0227  0.0223
  0.0255  0.0273  0.0235  0.0229  0.0224  0.0229  0.0226  0.0230  0.0224  0.0231  0.0223  0.0222
  0.0249  0.0249  0.0226  0.0223  0.0225  0.0224  0.0224  0.0224  0.0224  0.0223  0.0223  0.0223
  0.0252  0.0232  0.0223  0.0236  0.0246  0.0225  0.0229  0.0229  0.0229  0.0224  0.0225  0.0227
  0.0263  0.0225  0.0225  0.0280  0.0295  0.0233  0.0242  0.0244  0.0238  0.0234  0.0231  0.0233
  0.0282  0.0230  0.0234  0.0353  0.0360  0.0258  0.0261  0.0267  0.0251  0.0249  0.0238  0.0240
niter,ni,del,rscale     7    3    5.0000    1.2000
parameters
   -2.4439   15.9104    1.5211  -11.0397  -13.1538   -6.7648
    2.7680    4.1981   -1.8741   -2.0938   -5.1586    0.6062
eta,q 0.97803 12.91264
  0.0260  0.0293  0.0248  0.0275  0.0265  0.0255  0.0260  0.0263  0.0241  0.0261  0.0233  0.0230
  0.0239  0.0259  0.0234  0.0251  0.0242  0.0238  0.0236  0.0241  0.0228  0.0239  0.0225  0.0223
  0.0226  0.0235  0.0224  0.0232  0.0226  0.0226  0.0222  0.0225  0.0221  0.0225  0.0221  0.0220
  0.0221  0.0221  0.0219  0.0218  0.0218  0.0220  0.0220  0.0220  0.0220  0.0220  0.0220  0.0220
  0.0225  0.0219  0.0219  0.0216  0.0221  0.0222  0.0224  0.0225  0.0222  0.0223  0.0222  0.0223
  0.0238  0.0229  0.0226  0.0237  0.0247  0.0231  0.0237  0.0241  0.0229  0.0233  0.0227  0.0228
  0.0258  0.0249  0.0238  0.0290  0.0300  0.0256  0.0254  0.0264  0.0239  0.0247  0.0234  0.0235
niter,ni,del,rscale     6    3    5.0000    1.2000
parameters
   -2.4483   16.0577    1.5212  -10.9214  -13.1866   -6.7007
    2.7620    4.1777   -1.8015   -1.8442   -5.2309    0.4201
eta,q 0.97805 12.92419
  0.0257  0.0272  0.0244  0.0276  0.0271  0.0254  0.0258  0.0262  0.0240  0.0256  0.0233  0.0232
  0.0236  0.0244  0.0231  0.0252  0.0247  0.0237  0.0234  0.0240  0.0227  0.0235  0.0225  0.0225
  0.0224  0.0226  0.0223  0.0233  0.0229  0.0225  0.0222  0.0225  0.0221  0.0223  0.0221  0.0220
  0.0220  0.0220  0.0220  0.0220  0.0219  0.0219  0.0219  0.0219  0.0219  0.0219  0.0220  0.0220
  0.0224  0.0224  0.0222  0.0217  0.0218  0.0221  0.0225  0.0225  0.0222  0.0224  0.0221  0.0221
  0.0237  0.0238  0.0231  0.0236  0.0236  0.0231  0.0237  0.0240  0.0228  0.0234  0.0226  0.0226
  0.0257  0.0262  0.0245  0.0287  0.0284  0.0257  0.0255  0.0263  0.0237  0.0249  0.0233  0.0233
niter,ni,del,rscale     5    3    5.0000    1.2000
parameters
   -2.4472   16.1000    1.4979  -10.9113  -13.1765   -6.6836
    2.7330    4.1744   -1.7679   -1.7703   -5.2629    0.3443
eta,q 0.97805 12.92759
  0.0257  0.0268  0.0243  0.0275  0.0272  0.0254  0.0258  0.0262  0.0239  0.0254  0.0233  0.0233
  0.0236  0.0241  0.0231  0.0251  0.0248  0.0237  0.0234  0.0241  0.0227  0.0234  0.0226  0.0225
  0.0224  0.0224  0.0223  0.0232  0.0230  0.0225  0.0222  0.0225  0.0221  0.0222  0.0221  0.0221
  0.0220  0.0220  0.0220  0.0220  0.0220  0.0219  0.0219  0.0220  0.0219  0.0220  0.0220  0.0220
  0.0224  0.0225  0.0222  0.0217  0.0218  0.0221  0.0225  0.0225  0.0222  0.0224  0.0221  0.0221
  0.0236  0.0240  0.0231  0.0237  0.0235  0.0231  0.0237  0.0240  0.0228  0.0235  0.0226  0.0226
  0.0257  0.0264  0.0245  0.0289  0.0283  0.0258  0.0255  0.0262  0.0237  0.0250  0.0233  0.0233
niter,ni,del,rscale     4    3    5.0000    1.2000
parameters
   -2.4469   16.1121    1.4878  -10.9115  -13.1743   -6.6793
    2.7203    4.1741   -1.7577   -1.7479   -5.2712    0.3173
eta,q 0.97805 12.92841
  0.0257  0.0267  0.0243  0.0275  0.0272  0.0254  0.0258  0.0262  0.0239  0.0253  0.0233  0.0233
  0.0236  0.0240  0.0231  0.0251  0.0248  0.0237  0.0234  0.0241  0.0227  0.0233  0.0226  0.0225
  0.0224  0.0224  0.0223  0.0232  0.0230  0.0225  0.0222  0.0225  0.0221  0.0222  0.0221  0.0221
  0.0220  0.0220  0.0220  0.0220  0.0220  0.0220  0.0220  0.0220  0.0220  0.0220  0.0220  0.0220
  0.0224  0.0225  0.0222  0.0217  0.0218  0.0221  0.0225  0.0225  0.0222  0.0225  0.0221  0.0221
  0.0236  0.0241  0.0230  0.0237  0.0236  0.0231  0.0237  0.0240  0.0228  0.0235  0.0226  0.0226
  0.0257  0.0265  0.0244  0.0290  0.0283  0.0258  0.0255  0.0262  0.0237  0.0250  0.0233  0.0232
registration optimization eta report
parameter search radius
    2.4000    3.1740    2.7600    9.5220    9.5220    8.2800
    8.2800    7.2000    7.2000    7.2000    7.2000    7.2000
100000*second partial in parameter space
       65.       46.       32.        7.        7.        5.
        5.        8.        4.        6.        3.        3.
  0.0257  0.0267  0.0243  0.0275  0.0272  0.0254  0.0258  0.0262  0.0239  0.0253  0.0233  0.0233
  0.0236  0.0240  0.0231  0.0251  0.0248  0.0237  0.0234  0.0241  0.0227  0.0233  0.0226  0.0225
  0.0224  0.0224  0.0223  0.0232  0.0230  0.0225  0.0222  0.0225  0.0221  0.0222  0.0221  0.0221
  0.0220  0.0220  0.0220  0.0220  0.0220  0.0220  0.0220  0.0220  0.0220  0.0220  0.0220  0.0220
  0.0224  0.0225  0.0222  0.0217  0.0218  0.0221  0.0225  0.0225  0.0222  0.0225  0.0221  0.0221
  0.0236  0.0241  0.0230  0.0237  0.0236  0.0231  0.0237  0.0240  0.0228  0.0235  0.0226  0.0226
  0.0257  0.0265  0.0244  0.0290  0.0283  0.0258  0.0255  0.0262  0.0237  0.0250  0.0233  0.0232
   -2.4469   16.1121    1.4878  -10.9115  -13.1743   -6.6793
    2.7203    4.1741   -1.7577   -1.7479   -5.2712    0.3173
eta,q 0.97805 12.92841

---------------------------------------------------------------------
imgreg_4dfp /opt/freesurfer/average/711-2C_as_mni_average_305 /opt/freesurfer/average/711-2B_as_mni_average_305_mask talsrcimg_g11 none talsrcimg_to_711-2C_as_mni_average_305_t4 2311
---------------------------------------------------------------------

freesurfer imgreg_4dfp.c
/opt/freesurfer/average/711-2C_as_mni_average_305.4dfp.img
       256       256       256         1
  1.000000  1.000000  1.000000
orientation T byte_order littleendian
Reading image: /opt/freesurfer/average/711-2C_as_mni_average_305.4dfp.img
dimensions:      256       256       256
mmppix:       1.0000   -1.0000   -1.0000
center:     128.0000 -129.0000 -129.0000
/opt/freesurfer/average/711-2B_as_mni_average_305_mask.4dfp.img
       256       256       256         1
  1.000000  1.000000  1.000000
orientation T byte_order littleendian
Reading mask: /opt/freesurfer/average/711-2B_as_mni_average_305_mask.4dfp.img (2306576 pixels)
talsrcimg_g11.4dfp.img
       256       256       256         1
  1.000000  1.000000  1.000000
orientation T byte_order littleendian
Reading image: talsrcimg_g11.4dfp.img
dimensions:      256       256       256
mmppix:       1.0000   -1.0000   -1.0000
center:     128.0000 -129.0000 -129.0000
fimgreg.f
image alignment mode   2311 decimal      907 hex
parameters
   -2.4469   16.1121    1.4878  -10.9115  -13.1743   -6.6793
    2.7203    4.1741   -1.7577   -1.7479   -5.2712    0.3173
eta,q 0.97805 12.92842
niter,ni,del,rscale     5    3    5.0000    0.8000
parameters
   -2.4534   16.0611    1.5545   -9.1135  -11.9736   -5.8335
    2.7654    4.2055   -1.5752   -1.8306   -5.0218    0.5070
eta,q 0.97854 13.13561
  0.0236  0.0231  0.0229  0.0241  0.0235  0.0229  0.0231  0.0237  0.0227  0.0230  0.0222  0.0221
  0.0227  0.0224  0.0224  0.0232  0.0226  0.0222  0.0221  0.0225  0.0220  0.0221  0.0218  0.0217
  0.0221  0.0220  0.0221  0.0225  0.0220  0.0217  0.0216  0.0217  0.0216  0.0216  0.0216  0.0215
  0.0220  0.0220  0.0220  0.0220  0.0216  0.0215  0.0215  0.0215  0.0215  0.0215  0.0215  0.0215
  0.0221  0.0221  0.0220  0.0216  0.0214  0.0215  0.0217  0.0217  0.0216  0.0217  0.0215  0.0215
  0.0227  0.0226  0.0223  0.0217  0.0216  0.0217  0.0222  0.0225  0.0219  0.0222  0.0217  0.0217
  0.0236  0.0232  0.0227  0.0224  0.0223  0.0222  0.0229  0.0236  0.0225  0.0230  0.0221  0.0220
niter,ni,del,rscale     4    3    5.0000    0.7000
parameters
   -2.3897   16.0209    1.3032   -9.2608  -11.7522   -5.7665
    2.6279    4.2393   -1.6292   -1.7892   -5.1115    0.5621
eta,q 0.97857 13.15545
  0.0231  0.0224  0.0219  0.0228  0.0226  0.0222  0.0225  0.0231  0.0223  0.0227  0.0219  0.0219
  0.0222  0.0219  0.0216  0.0222  0.0221  0.0217  0.0218  0.0222  0.0218  0.0220  0.0216  0.0216
  0.0217  0.0216  0.0215  0.0217  0.0217  0.0215  0.0215  0.0216  0.0215  0.0215  0.0215  0.0215
  0.0215  0.0215  0.0215  0.0214  0.0215  0.0214  0.0214  0.0214  0.0214  0.0214  0.0214  0.0214
  0.0216  0.0216  0.0216  0.0215  0.0214  0.0215  0.0216  0.0216  0.0216  0.0216  0.0215  0.0215
  0.0220  0.0219  0.0219  0.0221  0.0217  0.0216  0.0220  0.0222  0.0219  0.0220  0.0217  0.0216
  0.0228  0.0226  0.0224  0.0232  0.0226  0.0222  0.0226  0.0231  0.0223  0.0226  0.0219  0.0219
niter,ni,del,rscale     3    3    5.0000    0.6000
parameters
   -2.3960   15.9999    1.2913   -9.1706  -11.6496   -5.6362
    2.6462    4.2368   -1.6350   -1.7907   -5.0744    0.6092
eta,q 0.97859 13.17317
  0.0225  0.0222  0.0219  0.0225  0.0223  0.0220  0.0223  0.0227  0.0221  0.0223  0.0218  0.0218
  0.0219  0.0218  0.0216  0.0220  0.0219  0.0216  0.0218  0.0220  0.0217  0.0218  0.0216  0.0216
  0.0215  0.0215  0.0215  0.0216  0.0216  0.0214  0.0215  0.0216  0.0215  0.0215  0.0215  0.0215
  0.0214  0.0214  0.0214  0.0214  0.0214  0.0214  0.0214  0.0214  0.0214  0.0214  0.0214  0.0214
  0.0216  0.0215  0.0215  0.0214  0.0214  0.0214  0.0215  0.0216  0.0215  0.0215  0.0215  0.0214
  0.0219  0.0218  0.0216  0.0218  0.0217  0.0215  0.0218  0.0220  0.0217  0.0218  0.0216  0.0215
  0.0225  0.0222  0.0219  0.0226  0.0223  0.0219  0.0222  0.0227  0.0220  0.0223  0.0218  0.0217
niter,ni,del,rscale     2    3    5.0000    0.5000
parameters
   -2.3969   15.9907    1.2608   -9.0268  -11.5179   -5.5490
    2.6831    4.2420   -1.6039   -1.7643   -5.0329    0.6613
eta,q 0.97860 13.19319
  0.0222  0.0220  0.0217  0.0222  0.0220  0.0217  0.0220  0.0223  0.0219  0.0220  0.0217  0.0216
  0.0218  0.0216  0.0216  0.0219  0.0217  0.0215  0.0217  0.0218  0.0216  0.0217  0.0215  0.0215
  0.0215  0.0215  0.0214  0.0216  0.0215  0.0214  0.0215  0.0215  0.0214  0.0215  0.0214  0.0214
  0.0214  0.0214  0.0214  0.0214  0.0214  0.0214  0.0214  0.0214  0.0214  0.0214  0.0214  0.0214
  0.0215  0.0215  0.0215  0.0214  0.0214  0.0214  0.0215  0.0215  0.0215  0.0215  0.0214  0.0214
  0.0218  0.0217  0.0216  0.0217  0.0216  0.0215  0.0217  0.0218  0.0216  0.0217  0.0215  0.0215
  0.0222  0.0220  0.0218  0.0222  0.0220  0.0217  0.0220  0.0223  0.0218  0.0220  0.0217  0.0216
niter,ni,del,rscale     1    3    5.0000    0.4000
parameters
   -2.3919   15.9830    1.2157   -8.8904  -11.3725   -5.3743
    2.7305    4.2582   -1.5687   -1.7012   -4.9436    0.7040
eta,q 0.97861 13.21948
  0.0219  0.0217  0.0216  0.0220  0.0218  0.0216  0.0218  0.0220  0.0217  0.0218  0.0216  0.0215
  0.0216  0.0216  0.0215  0.0217  0.0216  0.0214  0.0216  0.0216  0.0215  0.0216  0.0215  0.0215
  0.0215  0.0214  0.0214  0.0215  0.0215  0.0214  0.0214  0.0215  0.0214  0.0214  0.0214  0.0214
  0.0214  0.0214  0.0214  0.0214  0.0214  0.0214  0.0214  0.0214  0.0214  0.0214  0.0214  0.0214
  0.0215  0.0214  0.0214  0.0214  0.0214  0.0214  0.0214  0.0214  0.0214  0.0214  0.0214  0.0214
  0.0216  0.0216  0.0215  0.0216  0.0215  0.0214  0.0216  0.0216  0.0215  0.0216  0.0215  0.0214
  0.0219  0.0218  0.0216  0.0219  0.0218  0.0215  0.0218  0.0219  0.0217  0.0218  0.0215  0.0215
registration optimization eta report
parameter search radius
    0.8000    0.8000    0.8000    2.4000    2.4000    2.4000
    2.4000    2.4000    2.4000    2.4000    2.4000    2.4000
100000*second partial in parameter space
       76.       56.       34.        9.        7.        3.
        7.       10.        5.        7.        3.        3.
  0.0219  0.0217  0.0216  0.0220  0.0218  0.0216  0.0218  0.0220  0.0217  0.0218  0.0216  0.0215
  0.0216  0.0216  0.0215  0.0217  0.0216  0.0214  0.0216  0.0216  0.0215  0.0216  0.0215  0.0215
  0.0215  0.0214  0.0214  0.0215  0.0215  0.0214  0.0214  0.0215  0.0214  0.0214  0.0214  0.0214
  0.0214  0.0214  0.0214  0.0214  0.0214  0.0214  0.0214  0.0214  0.0214  0.0214  0.0214  0.0214
  0.0215  0.0214  0.0214  0.0214  0.0214  0.0214  0.0214  0.0214  0.0214  0.0214  0.0214  0.0214
  0.0216  0.0216  0.0215  0.0216  0.0215  0.0214  0.0216  0.0216  0.0215  0.0216  0.0215  0.0214
  0.0219  0.0218  0.0216  0.0219  0.0218  0.0215  0.0218  0.0219  0.0217  0.0218  0.0215  0.0215
   -2.3919   15.9830    1.2157   -8.8904  -11.3725   -5.3743
    2.7305    4.2582   -1.5687   -1.7012   -4.9436    0.7040
eta,q 0.97861 13.21948

---------------------------------------------------------------------
imgreg_4dfp /opt/freesurfer/average/711-2C_as_mni_average_305 /opt/freesurfer/average/711-2B_as_mni_average_305_mask talsrcimg_g11 none talsrcimg_to_711-2C_as_mni_average_305_t4 2311
---------------------------------------------------------------------

freesurfer imgreg_4dfp.c
/opt/freesurfer/average/711-2C_as_mni_average_305.4dfp.img
       256       256       256         1
  1.000000  1.000000  1.000000
orientation T byte_order littleendian
Reading image: /opt/freesurfer/average/711-2C_as_mni_average_305.4dfp.img
dimensions:      256       256       256
mmppix:       1.0000   -1.0000   -1.0000
center:     128.0000 -129.0000 -129.0000
/opt/freesurfer/average/711-2B_as_mni_average_305_mask.4dfp.img
       256       256       256         1
  1.000000  1.000000  1.000000
orientation T byte_order littleendian
Reading mask: /opt/freesurfer/average/711-2B_as_mni_average_305_mask.4dfp.img (2306576 pixels)
talsrcimg_g11.4dfp.img
       256       256       256         1
  1.000000  1.000000  1.000000
orientation T byte_order littleendian
Reading image: talsrcimg_g11.4dfp.img
dimensions:      256       256       256
mmppix:       1.0000   -1.0000   -1.0000
center:     128.0000 -129.0000 -129.0000
fimgreg.f
image alignment mode   2311 decimal      907 hex
parameters
   -2.3919   15.9830    1.2157   -8.8904  -11.3725   -5.3743
    2.7305    4.2582   -1.5687   -1.7012   -4.9436    0.7040
eta,q 0.97861 13.21948
niter,ni,del,rscale     5    3    5.0000    0.8000
parameters
   -2.3795   15.9627    1.1257   -9.3808  -11.7826   -5.8931
    2.6542    4.2675   -1.6599   -1.7998   -5.1291    0.5731
eta,q 0.97854 13.14644
  0.0234  0.0228  0.0221  0.0230  0.0227  0.0223  0.0229  0.0236  0.0225  0.0230  0.0220  0.0220
  0.0223  0.0220  0.0217  0.0222  0.0221  0.0218  0.0220  0.0224  0.0219  0.0221  0.0217  0.0217
  0.0216  0.0215  0.0215  0.0217  0.0217  0.0215  0.0216  0.0217  0.0215  0.0216  0.0215  0.0215
  0.0214  0.0214  0.0214  0.0214  0.0214  0.0215  0.0215  0.0215  0.0215  0.0215  0.0215  0.0215
  0.0216  0.0216  0.0215  0.0216  0.0215  0.0215  0.0217  0.0217  0.0216  0.0217  0.0216  0.0215
  0.0223  0.0220  0.0218  0.0225  0.0222  0.0219  0.0222  0.0224  0.0220  0.0222  0.0218  0.0217
  0.0233  0.0229  0.0223  0.0243  0.0236  0.0230  0.0229  0.0236  0.0225  0.0230  0.0221  0.0221
niter,ni,del,rscale     4    3    5.0000    0.7000
parameters
   -2.4090   16.0015    1.3130   -9.3313  -11.7944   -5.7587
    2.6504    4.2374   -1.6638   -1.8190   -5.1125    0.5925
eta,q 0.97856 13.14971
  0.0228  0.0226  0.0222  0.0229  0.0225  0.0222  0.0226  0.0231  0.0223  0.0226  0.0220  0.0219
  0.0221  0.0220  0.0219  0.0222  0.0220  0.0218  0.0219  0.0222  0.0218  0.0219  0.0217  0.0216
  0.0216  0.0216  0.0216  0.0217  0.0217  0.0215  0.0215  0.0216  0.0215  0.0215  0.0215  0.0215
  0.0215  0.0215  0.0215  0.0214  0.0214  0.0214  0.0214  0.0214  0.0214  0.0214  0.0214  0.0214
  0.0216  0.0216  0.0215  0.0215  0.0215  0.0215  0.0216  0.0216  0.0216  0.0216  0.0215  0.0215
  0.0221  0.0219  0.0216  0.0219  0.0218  0.0216  0.0220  0.0222  0.0218  0.0220  0.0217  0.0216
  0.0230  0.0224  0.0219  0.0230  0.0228  0.0222  0.0225  0.0231  0.0223  0.0226  0.0219  0.0219
niter,ni,del,rscale     3    3    5.0000    0.6000
parameters
   -2.4017   15.9966    1.3015   -9.1705  -11.6633   -5.6444
    2.6632    4.2352   -1.6484   -1.8008   -5.0753    0.6301
eta,q 0.97858 13.17143
  0.0225  0.0222  0.0219  0.0226  0.0223  0.0220  0.0223  0.0227  0.0221  0.0223  0.0218  0.0218
  0.0219  0.0218  0.0216  0.0221  0.0219  0.0216  0.0218  0.0220  0.0217  0.0218  0.0216  0.0216
  0.0216  0.0215  0.0215  0.0217  0.0216  0.0214  0.0215  0.0216  0.0215  0.0215  0.0215  0.0215
  0.0214  0.0214  0.0214  0.0214  0.0214  0.0214  0.0214  0.0214  0.0214  0.0214  0.0214  0.0214
  0.0216  0.0215  0.0215  0.0214  0.0214  0.0214  0.0215  0.0216  0.0215  0.0215  0.0215  0.0214
  0.0219  0.0218  0.0216  0.0218  0.0217  0.0215  0.0218  0.0220  0.0217  0.0218  0.0216  0.0215
  0.0225  0.0222  0.0219  0.0225  0.0223  0.0219  0.0222  0.0227  0.0220  0.0223  0.0218  0.0218
niter,ni,del,rscale     2    3    5.0000    0.5000
parameters
   -2.3970   15.9882    1.2617   -9.0257  -11.5168   -5.5450
    2.6924    4.2406   -1.6028   -1.7648   -5.0140    0.6690
eta,q 0.97860 13.19349
  0.0222  0.0219  0.0217  0.0222  0.0220  0.0217  0.0220  0.0223  0.0219  0.0220  0.0217  0.0216
  0.0218  0.0217  0.0215  0.0219  0.0217  0.0215  0.0217  0.0218  0.0216  0.0217  0.0215  0.0215
  0.0215  0.0215  0.0214  0.0216  0.0215  0.0214  0.0215  0.0215  0.0214  0.0215  0.0214  0.0214
  0.0214  0.0214  0.0214  0.0214  0.0214  0.0214  0.0214  0.0214  0.0214  0.0214  0.0214  0.0214
  0.0215  0.0215  0.0215  0.0214  0.0214  0.0214  0.0215  0.0215  0.0215  0.0215  0.0214  0.0214
  0.0217  0.0217  0.0216  0.0217  0.0216  0.0215  0.0217  0.0218  0.0216  0.0217  0.0215  0.0215
  0.0222  0.0220  0.0218  0.0222  0.0220  0.0217  0.0220  0.0223  0.0218  0.0220  0.0217  0.0216
niter,ni,del,rscale     1    3    5.0000    0.4000
parameters
   -2.3941   15.9831    1.2135   -8.8874  -11.3685   -5.3820
    2.7341    4.2544   -1.5594   -1.7075   -4.9314    0.7199
eta,q 0.97861 13.21945
  0.0219  0.0217  0.0216  0.0219  0.0218  0.0216  0.0218  0.0220  0.0217  0.0218  0.0216  0.0215
  0.0216  0.0216  0.0215  0.0217  0.0216  0.0214  0.0216  0.0216  0.0215  0.0216  0.0215  0.0215
  0.0214  0.0214  0.0214  0.0215  0.0215  0.0214  0.0214  0.0215  0.0214  0.0214  0.0214  0.0214
  0.0214  0.0214  0.0214  0.0214  0.0214  0.0214  0.0214  0.0214  0.0214  0.0214  0.0214  0.0214
  0.0215  0.0214  0.0214  0.0214  0.0214  0.0214  0.0214  0.0214  0.0214  0.0214  0.0214  0.0214
  0.0216  0.0216  0.0215  0.0216  0.0215  0.0214  0.0216  0.0216  0.0215  0.0216  0.0215  0.0214
  0.0219  0.0218  0.0216  0.0219  0.0218  0.0215  0.0218  0.0219  0.0217  0.0218  0.0215  0.0215
registration optimization eta report
parameter search radius
    0.8000    0.8000    0.8000    2.4000    2.4000    2.4000
    2.4000    2.4000    2.4000    2.4000    2.4000    2.4000
100000*second partial in parameter space
       77.       55.       34.        9.        7.        3.
        7.       10.        5.        7.        3.        3.
  0.0219  0.0217  0.0216  0.0219  0.0218  0.0216  0.0218  0.0220  0.0217  0.0218  0.0216  0.0215
  0.0216  0.0216  0.0215  0.0217  0.0216  0.0214  0.0216  0.0216  0.0215  0.0216  0.0215  0.0215
  0.0214  0.0214  0.0214  0.0215  0.0215  0.0214  0.0214  0.0215  0.0214  0.0214  0.0214  0.0214
  0.0214  0.0214  0.0214  0.0214  0.0214  0.0214  0.0214  0.0214  0.0214  0.0214  0.0214  0.0214
  0.0215  0.0214  0.0214  0.0214  0.0214  0.0214  0.0214  0.0214  0.0214  0.0214  0.0214  0.0214
  0.0216  0.0216  0.0215  0.0216  0.0215  0.0214  0.0216  0.0216  0.0215  0.0216  0.0215  0.0214
  0.0219  0.0218  0.0216  0.0219  0.0218  0.0215  0.0218  0.0219  0.0217  0.0218  0.0215  0.0215
   -2.3941   15.9831    1.2135   -8.8874  -11.3685   -5.3820
    2.7341    4.2544   -1.5594   -1.7075   -4.9314    0.7199
eta,q 0.97861 13.21945

---------------------------------------------------------------------
compute_vox2vox talsrcimg talsrcimg_to_711-2C_as_mni_average_305_t4 /opt/freesurfer/average/711-2C_as_mni_average_305
---------------------------------------------------------------------

freesurfer compute_vox2vox.c
Reading: talsrcimg.4dfp.ifh
Reading: talsrcimg_to_711-2C_as_mni_average_305_t4
Reading: /opt/freesurfer/average/711-2C_as_mni_average_305.4dfp.ifh
Writing: talsrcimg_to_711-2C_as_mni_average_305_t4_vox2vox.txt

start time Mon Mar 9 16:05:54 CET 2026
end		time Mon Mar 9 16:07:21 CET 2026

mpr2mni305 success

avi2talxfm orig_nu.mgz /opt/freesurfer/average/mni305.cor.mgz talsrcimg_to_711-2C_as_mni_average_305_t4_vox2vox.txt transforms/talairach.auto.xfm
avi2talxfm done
mv -f /out/sourcedata/freesurfer/sub-v1s22x0050513_ses-1/mri/talsrcimg_to_711-2C_as_mni_average_305_t4_vox2vox.txt /out/sourcedata/freesurfer/sub-v1s22x0050513_ses-1/mri/transforms/talsrcimg_to_711-2C_as_mni_average_305_t4_vox2vox.txt
lta_convert --src orig_nu.mgz --trg /opt/freesurfer/average/mni305.cor.mgz --inxfm transforms/talairach.auto.xfm --outlta transforms/talairach.auto.xfm.lta --subject fsaverage
7.3.2

--src: orig_nu.mgz src image (geometry).
--trg: /opt/freesurfer/average/mni305.cor.mgz trg image (geometry).
--inmni: transforms/talairach.auto.xfm input MNI/XFM transform.
--outlta: transforms/talairach.auto.xfm.lta output LTA.
--s: fsaverage subject name
 LTA read, type : 1
 1.09428  -0.04981  -0.03335   4.43191;
 0.05688   1.05414  -0.01032  -58.50783;
 0.02035   0.01943   1.12748  -21.18278;
 0.00000   0.00000   0.00000   1.00000;
setting subject to fsaverage
Writing  LTA to file transforms/talairach.auto.xfm.lta...
lta_convert successful.
 
 
Started at Mon Mar 9 16:05:53 CET 2026
Ended   at Mon Mar  9 16:07:21 CET 2026
talairach_avi done
