status file for recon-all
Mon Mar  9 15:58:30 CET 2026
#@# MotionCor Mon Mar  9 15:58:37 CET 2026
#@# Talairach Mon Mar  9 15:58:59 CET 2026
#@# Talairach Failure Detection Mon Mar  9 16:03:24 CET 2026
#@# Nu Intensity Correction Mon Mar  9 16:03:24 CET 2026
#@# Intensity Normalization Mon Mar  9 16:06:40 CET 2026
recon-all -s sub-v1s22x0050510_ses-1 finished without error at Mon Mar  9 16:08:09 CET 2026



#New# invocation of recon-all 



status file for recon-all
Mon Mar  9 16:19:33 CET 2026
#@# EM Registration Mon Mar  9 16:19:33 CET 2026
recon-all -s sub-v1s22x0050510_ses-1 finished without error at Mon Mar  9 16:22:08 CET 2026



#New# invocation of recon-all 



status file for recon-all
Mon Mar  9 16:22:11 CET 2026
#@# CA Normalize Mon Mar  9 16:22:11 CET 2026
#@# CA Reg Mon Mar  9 16:23:33 CET 2026
#@# SubCort Seg Mon Mar  9 17:16:20 CET 2026
#@# CC Seg Mon Mar  9 17:43:15 CET 2026
#@# Merge ASeg Mon Mar  9 17:43:53 CET 2026
#@# Intensity Normalization2 Mon Mar  9 17:43:53 CET 2026
#@# Mask BFS Mon Mar  9 17:46:09 CET 2026
#@# WM Segmentation Mon Mar  9 17:46:09 CET 2026
#@# Fill Mon Mar  9 17:47:59 CET 2026
recon-all -s sub-v1s22x0050510_ses-1 finished without error at Mon Mar  9 17:49:00 CET 2026



#New# invocation of recon-all 



status file for recon-all
Mon Mar  9 18:31:46 CET 2026
#@# white curv lh Mon Mar  9 18:31:46 CET 2026
#@# white area lh Mon Mar  9 18:31:46 CET 2026
#@# pial curv lh Mon Mar  9 18:31:46 CET 2026
#@# pial area lh Mon Mar  9 18:31:46 CET 2026
#@# thickness lh Mon Mar  9 18:31:46 CET 2026
#@# area and vertex vol lh Mon Mar  9 18:31:46 CET 2026
#@# white curv rh Mon Mar  9 18:31:46 CET 2026
#@# white area rh Mon Mar  9 18:31:46 CET 2026
#@# pial curv rh Mon Mar  9 18:31:46 CET 2026
#@# pial area rh Mon Mar  9 18:31:46 CET 2026
#@# thickness rh Mon Mar  9 18:31:46 CET 2026
#@# area and vertex vol rh Mon Mar  9 18:31:46 CET 2026
#@# Cortical ribbon mask Mon Mar  9 18:31:46 CET 2026
recon-all -s sub-v1s22x0050510_ses-1 finished without error at Mon Mar  9 18:38:11 CET 2026



#New# invocation of recon-all 



status file for recon-all
Mon Mar  9 18:44:50 CET 2026
#@# white curv lh Mon Mar  9 18:44:50 CET 2026
#@# white area lh Mon Mar  9 18:44:50 CET 2026
#@# pial curv lh Mon Mar  9 18:44:50 CET 2026
#@# pial area lh Mon Mar  9 18:44:50 CET 2026
#@# thickness lh Mon Mar  9 18:44:50 CET 2026
#@# area and vertex vol lh Mon Mar  9 18:44:50 CET 2026
#@# white curv rh Mon Mar  9 18:44:50 CET 2026
#@# white area rh Mon Mar  9 18:44:50 CET 2026
#@# pial curv rh Mon Mar  9 18:44:50 CET 2026
#@# pial area rh Mon Mar  9 18:44:50 CET 2026
#@# thickness rh Mon Mar  9 18:44:50 CET 2026
#@# area and vertex vol rh Mon Mar  9 18:44:50 CET 2026
#@# Curvature Stats lh Mon Mar  9 18:44:50 CET 2026
#@# Curvature Stats rh Mon Mar  9 18:44:53 CET 2026
#@# Relabel Hypointensities Mon Mar  9 18:44:55 CET 2026
#@# APas-to-ASeg Mon Mar  9 18:45:11 CET 2026
#@# AParc-to-ASeg aparc Mon Mar  9 18:45:19 CET 2026
#@# AParc-to-ASeg aparc.a2009s Mon Mar  9 18:45:53 CET 2026
#@# AParc-to-ASeg aparc.DKTatlas Mon Mar  9 18:46:26 CET 2026
#@# WMParc Mon Mar  9 18:47:01 CET 2026
#@# ASeg Stats Mon Mar  9 18:50:53 CET 2026
recon-all -s sub-v1s22x0050510_ses-1 finished without error at Mon Mar  9 18:51:35 CET 2026
