status file for recon-all
Mon Mar  9 16:34:47 CET 2026
#@# Tessellate lh Mon Mar  9 16:34:47 CET 2026
#@# Smooth1 lh Mon Mar  9 16:34:51 CET 2026
#@# Inflation1 lh Mon Mar  9 16:34:54 CET 2026
#@# QSphere lh Mon Mar  9 16:35:06 CET 2026
#@# Fix Topology lh Mon Mar  9 16:36:15 CET 2026
#@# Smooth2 lh Mon Mar  9 16:42:36 CET 2026
#@# Inflation2 lh Mon Mar  9 16:42:39 CET 2026
#@# Curv .H and .K lh Mon Mar  9 16:42:54 CET 2026
#@# Sphere lh Mon Mar  9 16:43:44 CET 2026
#@# Surf Reg lh Mon Mar  9 16:46:58 CET 2026
#@# Jacobian white lh Mon Mar  9 16:51:12 CET 2026
#@# AvgCurv lh Mon Mar  9 16:51:13 CET 2026
#@# Cortical Parc lh Mon Mar  9 16:51:14 CET 2026
#@# white curv lh Mon Mar  9 16:58:04 CET 2026
#@# white area lh Mon Mar  9 16:58:06 CET 2026
#@# pial curv lh Mon Mar  9 16:58:07 CET 2026
#@# pial area lh Mon Mar  9 16:58:09 CET 2026
#@# thickness lh Mon Mar  9 16:58:09 CET 2026
#@# area and vertex vol lh Mon Mar  9 16:58:41 CET 2026
#@# Curvature Stats lh Mon Mar  9 16:58:42 CET 2026
#@# Cortical Parc 2 lh Mon Mar  9 16:58:45 CET 2026
#@# Cortical Parc 3 lh Mon Mar  9 16:58:59 CET 2026
#@# WM/GM Contrast lh Mon Mar  9 16:59:09 CET 2026
recon-all -s sub-v1s22x0050488_ses-1 finished without error at Mon Mar  9 16:59:14 CET 2026



#New# invocation of recon-all 



status file for recon-all
Mon Mar  9 17:27:44 CET 2026
#@# white curv lh Mon Mar  9 17:27:44 CET 2026
#@# white area lh Mon Mar  9 17:27:44 CET 2026
#@# pial curv lh Mon Mar  9 17:27:44 CET 2026
#@# pial area lh Mon Mar  9 17:27:44 CET 2026
#@# thickness lh Mon Mar  9 17:27:44 CET 2026
#@# area and vertex vol lh Mon Mar  9 17:27:44 CET 2026
#@# Parcellation Stats lh Mon Mar  9 17:27:44 CET 2026
#@# Parcellation Stats 2 lh Mon Mar  9 17:28:04 CET 2026
#@# Parcellation Stats 3 lh Mon Mar  9 17:28:14 CET 2026
#@# BA_exvivo Labels lh Mon Mar  9 17:28:24 CET 2026
recon-all -s sub-v1s22x0050488_ses-1 finished without error at Mon Mar  9 17:31:05 CET 2026
