status file for recon-all
Mon Mar  9 14:44:50 CET 2026
#@# MotionCor Mon Mar  9 14:44:57 CET 2026
#@# Talairach Mon Mar  9 14:45:19 CET 2026
#@# Talairach Failure Detection Mon Mar  9 14:49:42 CET 2026
#@# Nu Intensity Correction Mon Mar  9 14:49:42 CET 2026
#@# Intensity Normalization Mon Mar  9 14:52:58 CET 2026
recon-all -s sub-v1s22x0050488_ses-1 finished without error at Mon Mar  9 14:54:35 CET 2026



#New# invocation of recon-all 



status file for recon-all
Mon Mar  9 15:06:09 CET 2026
#@# EM Registration Mon Mar  9 15:06:09 CET 2026
recon-all -s sub-v1s22x0050488_ses-1 finished without error at Mon Mar  9 15:07:50 CET 2026



#New# invocation of recon-all 



status file for recon-all
Mon Mar  9 15:07:55 CET 2026
#@# CA Normalize Mon Mar  9 15:07:55 CET 2026
#@# CA Reg Mon Mar  9 15:09:14 CET 2026
#@# SubCort Seg Mon Mar  9 15:59:49 CET 2026
#@# CC Seg Mon Mar  9 16:28:54 CET 2026
#@# Merge ASeg Mon Mar  9 16:29:26 CET 2026
#@# Intensity Normalization2 Mon Mar  9 16:29:26 CET 2026
#@# Mask BFS Mon Mar  9 16:31:42 CET 2026
#@# WM Segmentation Mon Mar  9 16:31:43 CET 2026
#@# Fill Mon Mar  9 16:33:39 CET 2026
recon-all -s sub-v1s22x0050488_ses-1 finished without error at Mon Mar  9 16:34:42 CET 2026



#New# invocation of recon-all 



status file for recon-all
Mon Mar  9 17:22:54 CET 2026
#@# white curv lh Mon Mar  9 17:22:54 CET 2026
#@# white area lh Mon Mar  9 17:22:54 CET 2026
#@# pial curv lh Mon Mar  9 17:22:54 CET 2026
#@# pial area lh Mon Mar  9 17:22:54 CET 2026
#@# thickness lh Mon Mar  9 17:22:54 CET 2026
#@# area and vertex vol lh Mon Mar  9 17:22:54 CET 2026
#@# white curv rh Mon Mar  9 17:22:54 CET 2026
#@# white area rh Mon Mar  9 17:22:54 CET 2026
#@# pial curv rh Mon Mar  9 17:22:54 CET 2026
#@# pial area rh Mon Mar  9 17:22:54 CET 2026
#@# thickness rh Mon Mar  9 17:22:54 CET 2026
#@# area and vertex vol rh Mon Mar  9 17:22:54 CET 2026
#@# Cortical ribbon mask Mon Mar  9 17:22:54 CET 2026
recon-all -s sub-v1s22x0050488_ses-1 finished without error at Mon Mar  9 17:27:40 CET 2026



#New# invocation of recon-all 



status file for recon-all
Mon Mar  9 17:34:34 CET 2026
#@# white curv lh Mon Mar  9 17:34:34 CET 2026
#@# white area lh Mon Mar  9 17:34:35 CET 2026
#@# pial curv lh Mon Mar  9 17:34:35 CET 2026
#@# pial area lh Mon Mar  9 17:34:35 CET 2026
#@# thickness lh Mon Mar  9 17:34:35 CET 2026
#@# area and vertex vol lh Mon Mar  9 17:34:35 CET 2026
#@# white curv rh Mon Mar  9 17:34:35 CET 2026
#@# white area rh Mon Mar  9 17:34:35 CET 2026
#@# pial curv rh Mon Mar  9 17:34:35 CET 2026
#@# pial area rh Mon Mar  9 17:34:35 CET 2026
#@# thickness rh Mon Mar  9 17:34:35 CET 2026
#@# area and vertex vol rh Mon Mar  9 17:34:35 CET 2026
#@# Curvature Stats lh Mon Mar  9 17:34:35 CET 2026
#@# Curvature Stats rh Mon Mar  9 17:34:37 CET 2026
#@# Relabel Hypointensities Mon Mar  9 17:34:40 CET 2026
#@# APas-to-ASeg Mon Mar  9 17:34:55 CET 2026
#@# AParc-to-ASeg aparc Mon Mar  9 17:35:03 CET 2026
#@# AParc-to-ASeg aparc.a2009s Mon Mar  9 17:35:37 CET 2026
#@# AParc-to-ASeg aparc.DKTatlas Mon Mar  9 17:36:11 CET 2026
#@# WMParc Mon Mar  9 17:36:48 CET 2026
#@# ASeg Stats Mon Mar  9 17:40:18 CET 2026
recon-all -s sub-v1s22x0050488_ses-1 finished without error at Mon Mar  9 17:40:59 CET 2026
