status file for recon-all
Mon Mar  9 15:41:49 CET 2026
#@# MotionCor Mon Mar  9 15:41:56 CET 2026
#@# Talairach Mon Mar  9 15:42:17 CET 2026
#@# Talairach Failure Detection Mon Mar  9 15:46:50 CET 2026
#@# Nu Intensity Correction Mon Mar  9 15:46:50 CET 2026
#@# Intensity Normalization Mon Mar  9 15:50:05 CET 2026
recon-all -s sub-v1s22x0050499_ses-1 finished without error at Mon Mar  9 15:51:50 CET 2026



#New# invocation of recon-all 



status file for recon-all
Mon Mar  9 16:03:20 CET 2026
#@# EM Registration Mon Mar  9 16:03:20 CET 2026
recon-all -s sub-v1s22x0050499_ses-1 finished without error at Mon Mar  9 16:05:02 CET 2026



#New# invocation of recon-all 



status file for recon-all
Mon Mar  9 16:05:06 CET 2026
#@# CA Normalize Mon Mar  9 16:05:06 CET 2026
#@# CA Reg Mon Mar  9 16:06:30 CET 2026
#@# SubCort Seg Mon Mar  9 16:54:57 CET 2026
#@# CC Seg Mon Mar  9 17:23:49 CET 2026
#@# Merge ASeg Mon Mar  9 17:24:24 CET 2026
#@# Intensity Normalization2 Mon Mar  9 17:24:24 CET 2026
#@# Mask BFS Mon Mar  9 17:26:47 CET 2026
#@# WM Segmentation Mon Mar  9 17:26:48 CET 2026
#@# Fill Mon Mar  9 17:28:44 CET 2026
recon-all -s sub-v1s22x0050499_ses-1 finished without error at Mon Mar  9 17:29:43 CET 2026



#New# invocation of recon-all 



status file for recon-all
Mon Mar  9 18:17:59 CET 2026
#@# white curv lh Mon Mar  9 18:17:59 CET 2026
#@# white area lh Mon Mar  9 18:17:59 CET 2026
#@# pial curv lh Mon Mar  9 18:17:59 CET 2026
#@# pial area lh Mon Mar  9 18:17:59 CET 2026
#@# thickness lh Mon Mar  9 18:17:59 CET 2026
#@# area and vertex vol lh Mon Mar  9 18:17:59 CET 2026
#@# white curv rh Mon Mar  9 18:17:59 CET 2026
#@# white area rh Mon Mar  9 18:17:59 CET 2026
#@# pial curv rh Mon Mar  9 18:17:59 CET 2026
#@# pial area rh Mon Mar  9 18:17:59 CET 2026
#@# thickness rh Mon Mar  9 18:17:59 CET 2026
#@# area and vertex vol rh Mon Mar  9 18:17:59 CET 2026
#@# Cortical ribbon mask Mon Mar  9 18:17:59 CET 2026
recon-all -s sub-v1s22x0050499_ses-1 finished without error at Mon Mar  9 18:24:04 CET 2026



#New# invocation of recon-all 



status file for recon-all
Mon Mar  9 18:31:10 CET 2026
#@# white curv lh Mon Mar  9 18:31:10 CET 2026
#@# white area lh Mon Mar  9 18:31:10 CET 2026
#@# pial curv lh Mon Mar  9 18:31:10 CET 2026
#@# pial area lh Mon Mar  9 18:31:10 CET 2026
#@# thickness lh Mon Mar  9 18:31:10 CET 2026
#@# area and vertex vol lh Mon Mar  9 18:31:10 CET 2026
#@# white curv rh Mon Mar  9 18:31:10 CET 2026
#@# white area rh Mon Mar  9 18:31:10 CET 2026
#@# pial curv rh Mon Mar  9 18:31:10 CET 2026
#@# pial area rh Mon Mar  9 18:31:10 CET 2026
#@# thickness rh Mon Mar  9 18:31:10 CET 2026
#@# area and vertex vol rh Mon Mar  9 18:31:10 CET 2026
#@# Curvature Stats lh Mon Mar  9 18:31:10 CET 2026
#@# Curvature Stats rh Mon Mar  9 18:31:12 CET 2026
#@# Relabel Hypointensities Mon Mar  9 18:31:15 CET 2026
#@# APas-to-ASeg Mon Mar  9 18:31:30 CET 2026
#@# AParc-to-ASeg aparc Mon Mar  9 18:31:38 CET 2026
#@# AParc-to-ASeg aparc.a2009s Mon Mar  9 18:32:09 CET 2026
#@# AParc-to-ASeg aparc.DKTatlas Mon Mar  9 18:32:40 CET 2026
#@# WMParc Mon Mar  9 18:33:10 CET 2026
#@# ASeg Stats Mon Mar  9 18:37:01 CET 2026
recon-all -s sub-v1s22x0050499_ses-1 finished without error at Mon Mar  9 18:37:44 CET 2026
