status file for recon-all
Mon Mar  9 13:41:46 CET 2026
#@# Tessellate rh Mon Mar  9 13:41:46 CET 2026
#@# Smooth1 rh Mon Mar  9 13:41:48 CET 2026
#@# Inflation1 rh Mon Mar  9 13:41:51 CET 2026
#@# QSphere rh Mon Mar  9 13:42:03 CET 2026
#@# Fix Topology rh Mon Mar  9 13:43:11 CET 2026
#@# Smooth2 rh Mon Mar  9 13:48:05 CET 2026
#@# Inflation2 rh Mon Mar  9 13:48:07 CET 2026
#@# Curv .H and .K rh Mon Mar  9 13:48:20 CET 2026
#@# Sphere rh Mon Mar  9 13:48:59 CET 2026
#@# Surf Reg rh Mon Mar  9 13:50:43 CET 2026
#@# Jacobian white rh Mon Mar  9 13:54:31 CET 2026
#@# AvgCurv rh Mon Mar  9 13:54:31 CET 2026
#@# Cortical Parc rh Mon Mar  9 13:54:32 CET 2026
#@# white curv rh Mon Mar  9 14:00:53 CET 2026
#@# white area rh Mon Mar  9 14:00:54 CET 2026
#@# pial curv rh Mon Mar  9 14:00:55 CET 2026
#@# pial area rh Mon Mar  9 14:00:56 CET 2026
#@# thickness rh Mon Mar  9 14:00:57 CET 2026
#@# area and vertex vol rh Mon Mar  9 14:01:17 CET 2026
#@# Curvature Stats rh Mon Mar  9 14:01:19 CET 2026
#@# Cortical Parc 2 rh Mon Mar  9 14:01:21 CET 2026
#@# Cortical Parc 3 rh Mon Mar  9 14:01:32 CET 2026
#@# WM/GM Contrast rh Mon Mar  9 14:01:39 CET 2026
recon-all -s sub-v1s22x0050438_ses-1 finished without error at Mon Mar  9 14:01:43 CET 2026



#New# invocation of recon-all 



status file for recon-all
Mon Mar  9 14:07:56 CET 2026
#@# white curv rh Mon Mar  9 14:07:56 CET 2026
#@# white area rh Mon Mar  9 14:07:56 CET 2026
#@# pial curv rh Mon Mar  9 14:07:56 CET 2026
#@# pial area rh Mon Mar  9 14:07:56 CET 2026
#@# thickness rh Mon Mar  9 14:07:57 CET 2026
#@# area and vertex vol rh Mon Mar  9 14:07:57 CET 2026
#@# Parcellation Stats rh Mon Mar  9 14:07:57 CET 2026
#@# Parcellation Stats 2 rh Mon Mar  9 14:08:13 CET 2026
#@# Parcellation Stats 3 rh Mon Mar  9 14:08:21 CET 2026
#@# BA_exvivo Labels rh Mon Mar  9 14:08:29 CET 2026
recon-all -s sub-v1s22x0050438_ses-1 finished without error at Mon Mar  9 14:10:31 CET 2026
