status file for recon-all
Mon Mar  9 16:20:16 CET 2026
#@# Tessellate rh Mon Mar  9 16:20:16 CET 2026
#@# Smooth1 rh Mon Mar  9 16:20:20 CET 2026
#@# Inflation1 rh Mon Mar  9 16:20:23 CET 2026
#@# QSphere rh Mon Mar  9 16:20:36 CET 2026
#@# Fix Topology rh Mon Mar  9 16:22:01 CET 2026
#@# Smooth2 rh Mon Mar  9 16:27:32 CET 2026
#@# Inflation2 rh Mon Mar  9 16:27:35 CET 2026
#@# Curv .H and .K rh Mon Mar  9 16:27:50 CET 2026
#@# Sphere rh Mon Mar  9 16:28:37 CET 2026
#@# Surf Reg rh Mon Mar  9 16:32:37 CET 2026
#@# Jacobian white rh Mon Mar  9 16:37:26 CET 2026
#@# AvgCurv rh Mon Mar  9 16:37:27 CET 2026
#@# Cortical Parc rh Mon Mar  9 16:37:28 CET 2026
#@# white curv rh Mon Mar  9 16:44:10 CET 2026
#@# white area rh Mon Mar  9 16:44:12 CET 2026
#@# pial curv rh Mon Mar  9 16:44:12 CET 2026
#@# pial area rh Mon Mar  9 16:44:15 CET 2026
#@# thickness rh Mon Mar  9 16:44:15 CET 2026
#@# area and vertex vol rh Mon Mar  9 16:44:48 CET 2026
#@# Curvature Stats rh Mon Mar  9 16:44:50 CET 2026
#@# Cortical Parc 2 rh Mon Mar  9 16:44:53 CET 2026
#@# Cortical Parc 3 rh Mon Mar  9 16:45:07 CET 2026
#@# WM/GM Contrast rh Mon Mar  9 16:45:17 CET 2026
recon-all -s sub-v1s22x0050478_ses-1 finished without error at Mon Mar  9 16:45:22 CET 2026



#New# invocation of recon-all 



status file for recon-all
Mon Mar  9 16:56:18 CET 2026
#@# white curv rh Mon Mar  9 16:56:18 CET 2026
#@# white area rh Mon Mar  9 16:56:18 CET 2026
#@# pial curv rh Mon Mar  9 16:56:18 CET 2026
#@# pial area rh Mon Mar  9 16:56:18 CET 2026
#@# thickness rh Mon Mar  9 16:56:18 CET 2026
#@# area and vertex vol rh Mon Mar  9 16:56:18 CET 2026
#@# Parcellation Stats rh Mon Mar  9 16:56:18 CET 2026
#@# Parcellation Stats 2 rh Mon Mar  9 16:56:37 CET 2026
#@# Parcellation Stats 3 rh Mon Mar  9 16:56:47 CET 2026
#@# BA_exvivo Labels rh Mon Mar  9 16:56:57 CET 2026
recon-all -s sub-v1s22x0050478_ses-1 finished without error at Mon Mar  9 16:59:44 CET 2026
