/out/sourcedata/freesurfer/sub-v1s22x0050478_ses-1/mri
/opt/freesurfer/bin/talairach_avi
--i orig_nu.mgz --xfm transforms/talairach.auto.xfm
talairach_avi 7.3.2
Linux dna050 5.14.0-427.37.1.el9_4.x86_64 #1 SMP PREEMPT_DYNAMIC Fri Sep 13 12:41:50 EDT 2024 x86_64 x86_64 x86_64 GNU/Linux
Mon Mar  9 14:06:06 CET 2026
mri_convert orig_nu.mgz talsrcimg.img 
reading from orig_nu.mgz...
TR=0.00, TE=0.00, TI=0.00, flip angle=0.00
i_ras = (-1, 0, 0)
j_ras = (0, 0, -1)
k_ras = (0, 1, 0)
writing to talsrcimg.img...
Analyze Output Matrix
-1.00000   0.00000   0.00000   133.47327;
 0.00000   0.00000   1.00000  -78.72476;
 0.00000  -1.00000   0.00000   115.38232;
 0.00000   0.00000   0.00000   1.00000;
--------------------
INFO: set hdr.hist.orient to -1
mpr2mni305 talsrcimg
Mon Mar  9 14:06:07 CET 2026
/opt/freesurfer/bin/mpr2mni305 talsrcimg
mpr2mni305 7.3.2
target=711-2C_as_mni_average_305

---------------------------------------------------------------------
analyzeto4dfp talsrcimg -O0 -y
---------------------------------------------------------------------

freesurfer ifh2hdr.c
Mon Mar  9 14:06:07 2026
Writing: talsrcimg.4dfp.hdr
freesurfer analyzeto4dfp.c
Reading: talsrcimg.hdr
header size 348 bytes
hdr.dime.datatype	offset=70	value=2
hdr.dime.bitpix		offset=72	value=8
hdr.hist.orient		offset=252	value=-1
dimensionality     4
dimensions       256       256       256         1
Reading: talsrcimg.img
Writing: talsrcimg.4dfp.img
Writing: talsrcimg.4dfp.ifh
ifh2hdr talsrcimg -r0to223
ori=2

---------------------------------------------------------------------
gauss_4dfp talsrcimg 1.1
---------------------------------------------------------------------

freesurfer gauss_4dfp.c
Reading: talsrcimg.4dfp.img
Writing: talsrcimg_g11.4dfp.img
image dimensions 256 256 256 padded to 288 288 288
processing volume 1freesurfer ifh2hdr.c
Mon Mar  9 14:06:08 2026
Writing: talsrcimg_g11.4dfp.hdr

Writing: talsrcimg_g11.4dfp.ifh
including: talsrcimg.4dfp.img.rec in talsrcimg_g11.4dfp.img.rec

---------------------------------------------------------------------
imgreg_4dfp /opt/freesurfer/average/711-2C_as_mni_average_305 none talsrcimg_g11 none talsrcimg_to_711-2C_as_mni_average_305_t4 4355
---------------------------------------------------------------------

freesurfer imgreg_4dfp.c
/opt/freesurfer/average/711-2C_as_mni_average_305.4dfp.img
       256       256       256         1
  1.000000  1.000000  1.000000
orientation T byte_order littleendian
Reading image: /opt/freesurfer/average/711-2C_as_mni_average_305.4dfp.img
dimensions:      256       256       256
mmppix:       1.0000   -1.0000   -1.0000
center:     128.0000 -129.0000 -129.0000
talsrcimg_g11.4dfp.img
       256       256       256         1
  1.000000  1.000000  1.000000
orientation T byte_order littleendian
Reading image: talsrcimg_g11.4dfp.img
dimensions:      256       256       256
mmppix:       1.0000   -1.0000   -1.0000
center:     128.0000 -129.0000 -129.0000
t4_read: open error in t4_sub.f l:  41 t4_file(1:l)talsrcimg_to_711-2C_as_mni_average_305_t4 
t4_read: transform initialized to I4
rotation matrix determinant  1.000000
image alignment mode   4355 decimal     1103 hex
   -7.5000  -45.0000  -45.0000 6969.0913   19.3742
    0.0000  -45.0000  -45.0000 7255.4966   19.4018
    7.5000  -45.0000  -45.0000 6946.1772   19.4025
   -7.5000  -37.5000  -45.0000 7596.3916   18.9238
    0.0000  -37.5000  -45.0000 7910.0552   18.9546
    7.5000  -37.5000  -45.0000 7571.3462   18.9525
   -7.5000  -30.0000  -45.0000 8590.9248   18.6143
    0.0000  -30.0000  -45.0000 8914.8994   18.6469
    7.5000  -30.0000  -45.0000 8528.9199   18.6391
   -7.5000  -22.5000  -45.0000 9621.9287   18.4881
    0.0000  -22.5000  -45.0000 9979.7852   18.5211
    7.5000  -22.5000  -45.0000 9543.4697   18.5126
   -7.5000  -15.0000  -45.000010652.1270   18.4049
    0.0000  -15.0000  -45.000011078.5586   18.4341
    7.5000  -15.0000  -45.000010548.9014   18.4289
   -7.5000   -7.5000  -45.000011614.7686   18.3485
    0.0000   -7.5000  -45.000012096.7002   18.3738
    7.5000   -7.5000  -45.000011432.1338   18.3717
   -7.5000    0.0000  -45.000012463.7441   18.3359
    0.0000    0.0000  -45.000013000.8584   18.3618
    7.5000    0.0000  -45.000012298.4180   18.3612
   -7.5000    7.5000  -45.000012372.1201   18.3351
    0.0000    7.5000  -45.000012907.4551   18.3642
    7.5000    7.5000  -45.000012217.9893   18.3606
   -7.5000   15.0000  -45.000012171.4609   18.3388
    0.0000   15.0000  -45.000012704.6738   18.3708
    7.5000   15.0000  -45.000011991.4170   18.3621
   -7.5000   22.5000  -45.000011805.4795   18.3358
    0.0000   22.5000  -45.000012287.6787   18.3686
    7.5000   22.5000  -45.000011575.7832   18.3598
   -7.5000   30.0000  -45.000011364.5498   18.0953
    0.0000   30.0000  -45.000011770.6455   18.1241
    7.5000   30.0000  -45.000011087.2842   18.1189
   -7.5000   37.5000  -45.000011283.9961   18.0949
    0.0000   37.5000  -45.000011703.1445   18.1199
    7.5000   37.5000  -45.000010994.0781   18.1178
   -7.5000   45.0000  -45.000010665.1270   17.6321
    0.0000   45.0000  -45.000011048.6426   17.6571
    7.5000   45.0000  -45.000010378.1631   17.6565
   -7.5000  -45.0000  -37.5000 7281.0288   19.3922
    0.0000  -45.0000  -37.5000 7570.5781   19.4167
    7.5000  -45.0000  -37.5000 7246.1582   19.4181
   -7.5000  -37.5000  -37.5000 7972.6870   18.9436
    0.0000  -37.5000  -37.5000 8289.1611   18.9759
    7.5000  -37.5000  -37.5000 7932.1177   18.9739
   -7.5000  -30.0000  -37.5000 9054.1211   18.6360
    0.0000  -30.0000  -37.5000 9405.6104   18.6721
    7.5000  -30.0000  -37.5000 8979.4551   18.6630
   -7.5000  -22.5000  -37.500010139.2432   18.5085
    0.0000  -22.5000  -37.500010551.2588   18.5426
    7.5000  -22.5000  -37.500010040.1377   18.5318
   -7.5000  -15.0000  -37.500011169.9141   18.4226
    0.0000  -15.0000  -37.500011651.3018   18.4499
    7.5000  -15.0000  -37.500011046.6426   18.4433
   -7.5000   -7.5000  -37.500012188.0068   18.3646
    0.0000   -7.5000  -37.500012711.5957   18.3860
    7.5000   -7.5000  -37.500012003.3164   18.3843
   -7.5000    0.0000  -37.500013081.5273   18.3519
    0.0000    0.0000  -37.500013670.1748   18.3753
    7.5000    0.0000  -37.500012897.0088   18.3756
   -7.5000    7.5000  -37.500013022.5000   18.3539
    0.0000    7.5000  -37.500013592.5664   18.3845
    7.5000    7.5000  -37.500012821.7168   18.3809
   -7.5000   15.0000  -37.500012794.7168   18.3596
    0.0000   15.0000  -37.500013357.6514   18.3949
    7.5000   15.0000  -37.500012573.5713   18.3847
   -7.5000   22.5000  -37.500012401.0312   18.3552
    0.0000   22.5000  -37.500012927.0654   18.3891
    7.5000   22.5000  -37.500012137.9043   18.3779
   -7.5000   30.0000  -37.500011928.8311   18.1125
    0.0000   30.0000  -37.500012384.2822   18.1395
    7.5000   30.0000  -37.500011624.2852   18.1329
   -7.5000   37.5000  -37.500011795.7578   18.1109
    0.0000   37.5000  -37.500012258.2842   18.1320
    7.5000   37.5000  -37.500011486.3057   18.1302
   -7.5000   45.0000  -37.500011151.4551   17.6475
    0.0000   45.0000  -37.500011599.3984   17.6700
    7.5000   45.0000  -37.500010843.2432   17.6703
   -7.5000  -45.0000  -30.0000 7741.2104   20.2356
    0.0000  -45.0000  -30.0000 8064.2793   20.2584
    7.5000  -45.0000  -30.0000 7707.5747   20.2590
   -7.5000  -37.5000  -30.0000 8517.5654   19.7772
    0.0000  -37.5000  -30.0000 8862.5596   19.8123
    7.5000  -37.5000  -30.0000 8463.7607   19.8098
   -7.5000  -30.0000  -30.0000 9674.2783   19.4655
    0.0000  -30.0000  -30.000010063.8809   19.5081
    7.5000  -30.0000  -30.0000 9577.1602   19.4999
   -7.5000  -22.5000  -30.000010829.5176   19.3303
    0.0000  -22.5000  -30.000011276.2695   19.3716
    7.5000  -22.5000  -30.000010696.3896   19.3635
   -7.5000  -15.0000  -30.000011909.1162   19.2299
    0.0000  -15.0000  -30.000012405.6191   19.2622
    7.5000  -15.0000  -30.000011733.6533   19.2588
   -7.5000   -7.5000  -30.000012995.3359   19.1595
    0.0000   -7.5000  -30.000013564.8906   19.1815
    7.5000   -7.5000  -30.000012784.9814   19.1812
   -7.5000    0.0000  -30.000013951.8018   19.1473
    0.0000    0.0000  -30.000014584.0127   19.1696
    7.5000    0.0000  -30.000013748.2471   19.1694
   -7.5000    7.5000  -30.000013830.7363   19.1604
    0.0000    7.5000  -30.000014447.9990   19.1936
    7.5000    7.5000  -30.000013623.5742   19.1896
   -7.5000   15.0000  -30.000013572.4121   19.1757
    0.0000   15.0000  -30.000014185.7100   19.2172
    7.5000   15.0000  -30.000013327.9922   19.2080
   -7.5000   22.5000  -30.000013193.4805   19.1667
    0.0000   22.5000  -30.000013768.4336   19.2076
    7.5000   22.5000  -30.000012895.3506   19.1990
   -7.5000   30.0000  -30.000012681.2129   18.9070
    0.0000   30.0000  -30.000013196.6104   18.9389
    7.5000   30.0000  -30.000012342.2256   18.9353
   -7.5000   37.5000  -30.000012497.7314   18.8966
    0.0000   37.5000  -30.000013012.8848   18.9183
    7.5000   37.5000  -30.000012155.7217   18.9180
   -7.5000   45.0000  -30.000011780.1826   18.4259
    0.0000   45.0000  -30.000012275.6611   18.4474
    7.5000   45.0000  -30.000011469.0908   18.4472
   -7.5000  -45.0000  -22.5000 8207.3408   20.9337
    0.0000  -45.0000  -22.5000 8571.9922   20.9599
    7.5000  -45.0000  -22.5000 8179.4829   20.9604
   -7.5000  -37.5000  -22.5000 9031.9121   20.4682
    0.0000  -37.5000  -22.5000 9418.6680   20.5059
    7.5000  -37.5000  -22.5000 8980.7227   20.5045
   -7.5000  -30.0000  -22.500010234.3359   20.1549
    0.0000  -30.0000  -22.500010668.4863   20.2016
    7.5000  -30.0000  -22.500010150.0352   20.1972
   -7.5000  -22.5000  -22.500011461.7207   20.0159
    0.0000  -22.5000  -22.500011943.6094   20.0640
    7.5000  -22.5000  -22.500011340.8447   20.0623
   -7.5000  -15.0000  -22.500012600.8037   19.9029
    0.0000  -15.0000  -22.500013151.1836   19.9429
    7.5000  -15.0000  -22.500012437.3584   19.9450
   -7.5000   -7.5000  -22.500013764.7627   19.8195
    0.0000   -7.5000  -22.500014376.3428   19.8473
    7.5000   -7.5000  -22.500013573.2676   19.8490
   -7.5000    0.0000  -22.500014775.4639   19.8067
    0.0000    0.0000  -22.500015441.6895   19.8321
    7.5000    0.0000  -22.500014574.6436   19.8318
   -7.5000    7.5000  -22.500014621.5488   19.8293
    0.0000    7.5000  -22.500015263.7061   19.8648
    7.5000    7.5000  -22.500014403.7314   19.8618
   -7.5000   15.0000  -22.500014337.0811   19.8544
    0.0000   15.0000  -22.500014967.8662   19.9001
    7.5000   15.0000  -22.500014093.1797   19.8948
   -7.5000   22.5000  -22.500013965.3652   19.8445
    0.0000   22.5000  -22.500014585.5420   19.8923
    7.5000   22.5000  -22.500013688.5508   19.8899
   -7.5000   30.0000  -22.500013387.8965   19.5708
    0.0000   30.0000  -22.500013964.7090   19.6103
    7.5000   30.0000  -22.500013075.3066   19.6123
   -7.5000   37.5000  -22.500013191.4531   19.5504
    0.0000   37.5000  -22.500013763.5684   19.5779
    7.5000   37.5000  -22.500012864.1387   19.5795
   -7.5000   45.0000  -22.500012429.4023   19.0748
    0.0000   45.0000  -22.500012953.4365   19.0993
    7.5000   45.0000  -22.500012126.0215   19.0990
   -7.5000  -45.0000  -15.0000 8661.0576   21.4175
    0.0000  -45.0000  -15.0000 9042.7070   21.4479
    7.5000  -45.0000  -15.0000 8619.9336   21.4473
   -7.5000  -37.5000  -15.0000 9504.1836   20.9397
    0.0000  -37.5000  -15.0000 9910.5596   20.9776
    7.5000  -37.5000  -15.0000 9454.4238   20.9761
   -7.5000  -30.0000  -15.000010761.6084   20.6180
    0.0000  -30.0000  -15.000011206.0752   20.6632
    7.5000  -30.0000  -15.000010664.0098   20.6602
   -7.5000  -22.5000  -15.000012045.9629   20.4775
    0.0000  -22.5000  -15.000012555.0234   20.5265
    7.5000  -22.5000  -15.000011924.4561   20.5271
   -7.5000  -15.0000  -15.000013231.6289   20.3638
    0.0000  -15.0000  -15.000013822.7119   20.4072
    7.5000  -15.0000  -15.000013107.1992   20.4106
   -7.5000   -7.5000  -15.000014463.9795   20.2791
    0.0000   -7.5000  -15.000015097.3486   20.3117
    7.5000   -7.5000  -15.000014293.9619   20.3126
   -7.5000    0.0000  -15.000015577.7471   20.2655
    0.0000    0.0000  -15.000016260.2520   20.2945
    7.5000    0.0000  -15.000015360.8633   20.2931
   -7.5000    7.5000  -15.000015438.2861   20.2864
    0.0000    7.5000  -15.000016079.4805   20.3220
    7.5000    7.5000  -15.000015208.8926   20.3189
   -7.5000   15.0000  -15.000015129.8613   20.3114
    0.0000   15.0000  -15.000015747.7314   20.3557
    7.5000   15.0000  -15.000014890.7451   20.3519
   -7.5000   22.5000  -15.000014730.0488   20.3021
    0.0000   22.5000  -15.000015314.5508   20.3508
    7.5000   22.5000  -15.000014472.4072   20.3509
   -7.5000   30.0000  -15.000014107.5498   20.0269
    0.0000   30.0000  -15.000014681.7217   20.0699
    7.5000   30.0000  -15.000013834.6846   20.0730
   -7.5000   37.5000  -15.000013875.5752   20.0065
    0.0000   37.5000  -15.000014449.4160   20.0387
    7.5000   37.5000  -15.000013590.2021   20.0395
   -7.5000   45.0000  -15.000013087.1211   19.5285
    0.0000   45.0000  -15.000013617.0889   19.5564
    7.5000   45.0000  -15.000012780.3115   19.5551
   -7.5000  -45.0000   -7.5000 9069.0400   21.6419
    0.0000  -45.0000   -7.5000 9452.6367   21.6737
    7.5000  -45.0000   -7.5000 9008.8965   21.6726
   -7.5000  -37.5000   -7.5000 9975.1211   21.1482
    0.0000  -37.5000   -7.500010370.8584   21.1833
    7.5000  -37.5000   -7.5000 9912.8018   21.1806
   -7.5000  -30.0000   -7.500011276.7900   20.8110
    0.0000  -30.0000   -7.500011711.7188   20.8502
    7.5000  -30.0000   -7.500011186.7168   20.8444
   -7.5000  -22.5000   -7.500012619.4570   20.6693
    0.0000  -22.5000   -7.500013120.8877   20.7119
    7.5000  -22.5000   -7.500012516.6416   20.7084
   -7.5000  -15.0000   -7.500013876.7002   20.5667
    0.0000  -15.0000   -7.500014442.2432   20.6057
    7.5000  -15.0000   -7.500013744.1855   20.6049
   -7.5000   -7.5000   -7.500015114.9629   20.4940
    0.0000   -7.5000   -7.500015733.7520   20.5261
    7.5000   -7.5000   -7.500014964.7500   20.5246
   -7.5000    0.0000   -7.500016369.6621   20.4806
    0.0000    0.0000   -7.500017074.6992   20.5106
    7.5000    0.0000   -7.500016144.3906   20.5083
   -7.5000    7.5000   -7.500016394.8281   20.4894
    0.0000    7.5000   -7.500017041.0840   20.5225
    7.5000    7.5000   -7.500016076.9346   20.5182
   -7.5000   15.0000   -7.500016098.3857   20.5027
    0.0000   15.0000   -7.500016663.1719   20.5411
    7.5000   15.0000   -7.500015822.4004   20.5346
   -7.5000   22.5000   -7.500015556.6777   20.4917
    0.0000   22.5000   -7.500016075.3496   20.5340
    7.5000   22.5000   -7.500015344.2266   20.5301
   -7.5000   30.0000   -7.500014843.3330   20.2271
    0.0000   30.0000   -7.500015370.5176   20.2656
    7.5000   30.0000   -7.500014626.6465   20.2647
   -7.5000   37.5000   -7.500014626.2451   20.2179
    0.0000   37.5000   -7.500015165.4414   20.2496
    7.5000   37.5000   -7.500014352.2969   20.2481
   -7.5000   45.0000   -7.500013785.6250   19.7394
    0.0000   45.0000   -7.500014311.9531   19.7683
    7.5000   45.0000   -7.500013483.8350   19.7661
   -7.5000  -45.0000    0.0000 9385.9336   21.6761
    0.0000  -45.0000    0.0000 9750.6777   21.7069
    7.5000  -45.0000    0.0000 9304.6143   21.7078
   -7.5000  -37.5000    0.000010334.5410   21.1724
    0.0000  -37.5000    0.000010717.8604   21.2068
    7.5000  -37.5000    0.000010238.8301   21.2046
   -7.5000  -30.0000    0.000011684.5283   20.8260
    0.0000  -30.0000    0.000012118.2168   20.8625
    7.5000  -30.0000    0.000011603.5576   20.8538
   -7.5000  -22.5000    0.000013049.4658   20.6845
    0.0000  -22.5000    0.000013542.8096   20.7214
    7.5000  -22.5000    0.000012958.0215   20.7120
   -7.5000  -15.0000    0.000014375.8447   20.5913
    0.0000  -15.0000    0.000014904.4082   20.6239
    7.5000  -15.0000    0.000014238.7012   20.6183
   -7.5000   -7.5000    0.000015629.0361   20.5284
    0.0000   -7.5000    0.000016216.7695   20.5568
    7.5000   -7.5000    0.000015521.1172   20.5545
   -7.5000    0.0000    0.000016989.8906   20.5146
    0.0000    0.0000    0.000017676.7148   20.5436
    7.5000    0.0000    0.000016811.8477   20.5431
   -7.5000    7.5000    0.000017187.7031   20.5138
    0.0000    7.5000    0.000017853.0156   20.5464
    7.5000    7.5000    0.000016859.7734   20.5424
   -7.5000   15.0000    0.000016915.7188   20.5178
    0.0000   15.0000    0.000017522.6426   20.5537
    7.5000   15.0000    0.000016699.7539   20.5440
   -7.5000   22.5000    0.000016269.7793   20.5075
    0.0000   22.5000    0.000016818.6777   20.5442
    7.5000   22.5000    0.000016141.0469   20.5344
   -7.5000   30.0000    0.000015490.2275   20.2528
    0.0000   30.0000    0.000016023.3623   20.2851
    7.5000   30.0000    0.000015317.3262   20.2794
   -7.5000   37.5000    0.000015260.9639   20.2526
    0.0000   37.5000    0.000015817.7656   20.2806
    7.5000   37.5000    0.000014954.5186   20.2783
   -7.5000   45.0000    0.000014312.9385   19.7737
    0.0000   45.0000    0.000014858.9443   19.8017
    7.5000   45.0000    0.000013994.1914   19.8011
   -7.5000  -45.0000    7.5000 8989.4658   21.7004
    0.0000  -45.0000    7.5000 9339.3750   21.7278
    7.5000  -45.0000    7.5000 8922.4971   21.7294
   -7.5000  -37.5000    7.5000 9924.4570   21.1984
    0.0000  -37.5000    7.500010280.0195   21.2346
    7.5000  -37.5000    7.5000 9813.7627   21.2323
   -7.5000  -30.0000    7.500011191.5723   20.8542
    0.0000  -30.0000    7.500011607.8838   20.8946
    7.5000  -30.0000    7.500011115.3965   20.8844
   -7.5000  -22.5000    7.500012499.3623   20.7115
    0.0000  -22.5000    7.500012943.4248   20.7497
    7.5000  -22.5000    7.500012401.8516   20.7376
   -7.5000  -15.0000    7.500013742.9268   20.6154
    0.0000  -15.0000    7.500014232.8379   20.6460
    7.5000  -15.0000    7.500013625.5947   20.6386
   -7.5000   -7.5000    7.500014935.6582   20.5504
    0.0000   -7.5000    7.500015466.8496   20.5744
    7.5000   -7.5000    7.500014825.9805   20.5725
   -7.5000    0.0000    7.500016213.7275   20.5363
    0.0000    0.0000    7.500016877.5859   20.5624
    7.5000    0.0000    7.500016064.8447   20.5628
   -7.5000    7.5000    7.500016335.3994   20.5385
    0.0000    7.5000    7.500017050.4883   20.5728
    7.5000    7.5000    7.500016125.2646   20.5688
   -7.5000   15.0000    7.500016096.8906   20.5449
    0.0000   15.0000    7.500016802.9180   20.5843
    7.5000   15.0000    7.500015964.6387   20.5730
   -7.5000   22.5000    7.500015579.1826   20.5333
    0.0000   22.5000    7.500016243.4736   20.5712
    7.5000   22.5000    7.500015433.7666   20.5587
   -7.5000   30.0000    7.500014880.0664   20.2763
    0.0000   30.0000    7.500015505.9463   20.3065
    7.5000   30.0000    7.500014652.3916   20.2991
   -7.5000   37.5000    7.500014611.4971   20.2744
    0.0000   37.5000    7.500015220.4375   20.2981
    7.5000   37.5000    7.500014298.8486   20.2961
   -7.5000   45.0000    7.500013656.4502   19.7946
    0.0000   45.0000    7.500014223.4932   19.8198
    7.5000   45.0000    7.500013380.6260   19.8201
   -7.5000  -45.0000   15.0000 8483.0166   21.7506
    0.0000  -45.0000   15.0000 8786.6270   21.7751
    7.5000  -45.0000   15.0000 8420.1299   21.7755
   -7.5000  -37.5000   15.0000 9355.8896   21.2586
    0.0000  -37.5000   15.0000 9705.0273   21.2964
    7.5000  -37.5000   15.0000 9257.6660   21.2935
   -7.5000  -30.0000   15.000010550.2842   20.9232
    0.0000  -30.0000   15.000010938.7871   20.9689
    7.5000  -30.0000   15.000010466.7900   20.9599
   -7.5000  -22.5000   15.000011791.5732   20.7775
    0.0000  -22.5000   15.000012218.3408   20.8218
    7.5000  -22.5000   15.000011671.6689   20.8129
   -7.5000  -15.0000   15.000012966.7891   20.6693
    0.0000  -15.0000   15.000013458.7617   20.7039
    7.5000  -15.0000   15.000012856.2461   20.7001
   -7.5000   -7.5000   15.000014160.2734   20.5936
    0.0000   -7.5000   15.000014720.6006   20.6173
    7.5000   -7.5000   15.000014025.0361   20.6167
   -7.5000    0.0000   15.000015360.2148   20.5807
    0.0000    0.0000   15.000016000.3076   20.6047
    7.5000    0.0000   15.000015168.6709   20.6043
   -7.5000    7.5000   15.000015355.2979   20.5950
    0.0000    7.5000   15.000015976.6348   20.6307
    7.5000    7.5000   15.000015209.4131   20.6261
   -7.5000   15.0000   15.000015069.8945   20.6113
    0.0000   15.0000   15.000015654.6289   20.6560
    7.5000   15.0000   15.000015006.1689   20.6458
   -7.5000   22.5000   15.000014603.0117   20.5969
    0.0000   22.5000   15.000015159.3506   20.6409
    7.5000   22.5000   15.000014532.6094   20.6315
   -7.5000   30.0000   15.000013994.2793   20.3281
    0.0000   30.0000   15.000014544.1133   20.3623
    7.5000   30.0000   15.000013880.1475   20.3584
   -7.5000   37.5000   15.000013755.5498   20.3170
    0.0000   37.5000   15.000014319.3555   20.3404
    7.5000   37.5000   15.000013592.0127   20.3398
   -7.5000   45.0000   15.000012879.7930   19.8374
    0.0000   45.0000   15.000013422.2393   19.8606
    7.5000   45.0000   15.000012711.3643   19.8602
   -7.5000  -45.0000   22.5000 7904.6890   21.8901
    0.0000  -45.0000   22.5000 8175.8779   21.9171
    7.5000  -45.0000   22.5000 7826.0776   21.9160
   -7.5000  -37.5000   22.5000 8725.0586   21.4080
    0.0000  -37.5000   22.5000 9041.3467   21.4472
    7.5000  -37.5000   22.5000 8620.0449   21.4438
   -7.5000  -30.0000   22.5000 9842.2646   21.0772
    0.0000  -30.0000   22.500010222.2129   21.1260
    7.5000  -30.0000   22.5000 9734.1182   21.1196
   -7.5000  -22.5000   22.500011013.0664   20.9300
    0.0000  -22.5000   22.500011447.3115   20.9803
    7.5000  -22.5000   22.500010895.3926   20.9768
   -7.5000  -15.0000   22.500012142.3037   20.8108
    0.0000  -15.0000   22.500012640.7246   20.8526
    7.5000  -15.0000   22.500012020.8779   20.8532
   -7.5000   -7.5000   22.500013256.4873   20.7238
    0.0000   -7.5000   22.500013788.2373   20.7526
    7.5000   -7.5000   22.500013098.4111   20.7527
   -7.5000    0.0000   22.500014330.0557   20.7111
    0.0000    0.0000   22.500014915.0410   20.7374
    7.5000    0.0000   22.500014161.0947   20.7353
   -7.5000    7.5000   22.500014232.7217   20.7348
    0.0000    7.5000   22.500014798.6445   20.7718
    7.5000    7.5000   22.500014135.9863   20.7669
   -7.5000   15.0000   22.500013934.6084   20.7607
    0.0000   15.0000   22.500014481.8369   20.8084
    7.5000   15.0000   22.500013868.3311   20.8010
   -7.5000   22.5000   22.500013527.2607   20.7464
    0.0000   22.5000   22.500014061.5146   20.7963
    7.5000   22.5000   22.500013462.1924   20.7922
   -7.5000   30.0000   22.500012991.1621   20.4659
    0.0000   30.0000   22.500013493.5205   20.5071
    7.5000   30.0000   22.500012916.7480   20.5076
   -7.5000   37.5000   22.500012794.2041   20.4452
    0.0000   37.5000   22.500013317.2686   20.4737
    7.5000   37.5000   22.500012707.4229   20.4738
   -7.5000   45.0000   22.500011992.0000   19.9631
    0.0000   45.0000   22.500012493.7773   19.9884
    7.5000   45.0000   22.500011901.1895   19.9865
   -7.5000  -45.0000   30.0000 7297.6675   22.2461
    0.0000  -45.0000   30.0000 7550.2173   22.2774
    7.5000  -45.0000   30.0000 7231.7856   22.2727
   -7.5000  -37.5000   30.0000 8061.2964   21.7547
    0.0000  -37.5000   30.0000 8363.8477   21.7940
    7.5000  -37.5000   30.0000 7977.0195   21.7881
   -7.5000  -30.0000   30.0000 9100.3291   21.4121
    0.0000  -30.0000   30.0000 9463.2109   21.4590
    7.5000  -30.0000   30.0000 8999.8486   21.4515
   -7.5000  -22.5000   30.000010169.8262   21.2623
    0.0000  -22.5000   30.000010582.3457   21.3129
    7.5000  -22.5000   30.000010068.3779   21.3093
   -7.5000  -15.0000   30.000011221.5312   21.1414
    0.0000  -15.0000   30.000011690.3574   21.1862
    7.5000  -15.0000   30.000011086.7754   21.1857
   -7.5000   -7.5000   30.000012256.2754   21.0520
    0.0000   -7.5000   30.000012802.6426   21.0855
    7.5000   -7.5000   30.000012091.0605   21.0825
   -7.5000    0.0000   30.000013224.1289   21.0380
    0.0000    0.0000   30.000013795.0674   21.0679
    7.5000    0.0000   30.000013056.4150   21.0625
   -7.5000    7.5000   30.000013122.9141   21.0601
    0.0000    7.5000   30.000013653.4961   21.0969
    7.5000    7.5000   30.000012998.1191   21.0896
   -7.5000   15.0000   30.000012832.1875   21.0860
    0.0000   15.0000   30.000013335.1729   21.1320
    7.5000   15.0000   30.000012726.9307   21.1237
   -7.5000   22.5000   30.000012471.4180   21.0737
    0.0000   22.5000   30.000012956.8652   21.1239
    7.5000   22.5000   30.000012365.7715   21.1199
   -7.5000   30.0000   30.000011996.7910   20.7899
    0.0000   30.0000   30.000012455.6396   20.8341
    7.5000   30.0000   30.000011898.7734   20.8335
   -7.5000   37.5000   30.000011840.4189   20.7687
    0.0000   37.5000   30.000012303.3359   20.8018
    7.5000   37.5000   30.000011733.8965   20.7988
   -7.5000   45.0000   30.000011101.8184   20.2782
    0.0000   45.0000   30.000011547.4033   20.3070
    7.5000   45.0000   30.000010982.5420   20.3018
   -7.5000  -45.0000   37.5000 6939.5034   22.7721
    0.0000  -45.0000   37.5000 7190.2002   22.8055
    7.5000  -45.0000   37.5000 6896.2773   22.7986
   -7.5000  -37.5000   37.5000 7653.4312   22.2520
    0.0000  -37.5000   37.5000 7949.3657   22.2894
    7.5000  -37.5000   37.5000 7610.5981   22.2809
   -7.5000  -30.0000   37.5000 8670.6260   21.8835
    0.0000  -30.0000   37.5000 9007.4395   21.9253
    7.5000  -30.0000   37.5000 8585.8350   21.9135
   -7.5000  -22.5000   37.5000 9705.0898   21.7284
    0.0000  -22.5000   37.500010098.2803   21.7734
    7.5000  -22.5000   37.5000 9593.4639   21.7639
   -7.5000  -15.0000   37.500010701.8525   21.6156
    0.0000  -15.0000   37.500011152.8447   21.6563
    7.5000  -15.0000   37.500010551.8604   21.6497
   -7.5000   -7.5000   37.500011698.2979   21.5346
    0.0000   -7.5000   37.500012196.5371   21.5679
    7.5000   -7.5000   37.500011506.9238   21.5608
   -7.5000    0.0000   37.500012602.3418   21.5188
    0.0000    0.0000   37.500013134.2705   21.5502
    7.5000    0.0000   37.500012434.5400   21.5423
   -7.5000    7.5000   37.500012523.4365   21.5282
    0.0000    7.5000   37.500013018.4678   21.5634
    7.5000    7.5000   37.500012390.6738   21.5534
   -7.5000   15.0000   37.500012250.8125   21.5434
    0.0000   15.0000   37.500012729.9121   21.5845
    7.5000   15.0000   37.500012128.6465   21.5720
   -7.5000   22.5000   37.500011893.0908   21.5331
    0.0000   22.5000   37.500012365.3691   21.5779
    7.5000   22.5000   37.500011794.3916   21.5680
   -7.5000   30.0000   37.500011442.9053   21.2555
    0.0000   30.0000   37.500011885.7598   21.2957
    7.5000   30.0000   37.500011360.5762   21.2892
   -7.5000   37.5000   37.500011313.3262   21.2446
    0.0000   37.5000   37.500011752.1348   21.2775
    7.5000   37.5000   37.500011229.2607   21.2704
   -7.5000   45.0000   37.500010642.3750   20.7416
    0.0000   45.0000   37.500011055.7314   20.7720
    7.5000   45.0000   37.500010526.7725   20.7643
   -7.5000  -45.0000   45.0000 6279.4297   23.3805
    0.0000  -45.0000   45.0000 6506.2446   23.4111
    7.5000  -45.0000   45.0000 6254.7441   23.4019
   -7.5000  -37.5000   45.0000 6931.6411   22.8263
    0.0000  -37.5000   45.0000 7192.9424   22.8627
    7.5000  -37.5000   45.0000 6912.3579   22.8503
   -7.5000  -30.0000   45.0000 7881.8091   22.4339
    0.0000  -30.0000   45.0000 8175.9780   22.4743
    7.5000  -30.0000   45.0000 7817.1045   22.4553
   -7.5000  -22.5000   45.0000 8843.1758   22.2705
    0.0000  -22.5000   45.0000 9177.2549   22.3112
    7.5000  -22.5000   45.0000 8727.7852   22.2920
   -7.5000  -15.0000   45.0000 9767.8047   22.1607
    0.0000  -15.0000   45.000010134.8945   22.1952
    7.5000  -15.0000   45.0000 9611.3457   22.1802
   -7.5000   -7.5000   45.000010689.7080   22.0845
    0.0000   -7.5000   45.000011108.5557   22.1127
    7.5000   -7.5000   45.000010514.5693   22.1009
   -7.5000    0.0000   45.000011530.6318   22.0664
    0.0000    0.0000   45.000011962.1494   22.0953
    7.5000    0.0000   45.000011366.9307   22.0850
   -7.5000    7.5000   45.000011426.1475   22.0668
    0.0000    7.5000   45.000011847.8076   22.1011
    7.5000    7.5000   45.000011311.9570   22.0871
   -7.5000   15.0000   45.000011187.4785   22.0744
    0.0000   15.0000   45.000011598.1553   22.1140
    7.5000   15.0000   45.000011076.1543   22.0941
   -7.5000   22.5000   45.000010872.3818   22.0648
    0.0000   22.5000   45.000011259.8369   22.1054
    7.5000   22.5000   45.000010760.7334   22.0859
   -7.5000   30.0000   45.000010465.0811   21.7881
    0.0000   30.0000   45.000010824.8604   21.8222
    7.5000   30.0000   45.000010356.7617   21.8073
   -7.5000   37.5000   45.000010354.4199   21.7849
    0.0000   37.5000   45.000010723.9336   21.8128
    7.5000   37.5000   45.000010264.8369   21.8011
   -7.5000   45.0000   45.0000 9757.6279   21.2791
    0.0000   45.0000   45.000010119.3633   21.3070
    7.5000   45.0000   45.0000 9642.9092   21.2970

---------------------------------------------------------------------
imgreg_4dfp /opt/freesurfer/average/711-2C_as_mni_average_305 /opt/freesurfer/average/711-2B_as_mni_average_305_mask talsrcimg_g11 none talsrcimg_to_711-2C_as_mni_average_305_t4 4355
---------------------------------------------------------------------

freesurfer imgreg_4dfp.c
/opt/freesurfer/average/711-2C_as_mni_average_305.4dfp.img
       256       256       256         1
  1.000000  1.000000  1.000000
orientation T byte_order littleendian
Reading image: /opt/freesurfer/average/711-2C_as_mni_average_305.4dfp.img
dimensions:      256       256       256
mmppix:       1.0000   -1.0000   -1.0000
center:     128.0000 -129.0000 -129.0000
/opt/freesurfer/average/711-2B_as_mni_average_305_mask.4dfp.img
       256       256       256         1
  1.000000  1.000000  1.000000
orientation T byte_order littleendian
Reading mask: /opt/freesurfer/average/711-2B_as_mni_average_305_mask.4dfp.img (2306576 pixels)
talsrcimg_g11.4dfp.img
       256       256       256         1
  1.000000  1.000000  1.000000
orientation T byte_order littleendian
Reading image: talsrcimg_g11.4dfp.img
dimensions:      256       256       256
mmppix:       1.0000   -1.0000   -1.0000
center:     128.0000 -129.0000 -129.0000
rotation matrix determinant  1.000000
image alignment mode   4355 decimal     1103 hex
   -7.5000  -37.5000  -45.0000 2073.8916   24.1891
    0.0000  -37.5000  -45.0000 2091.3481   24.1528
    7.5000  -37.5000  -45.0000 2073.9285   24.3998
   -7.5000  -30.0000  -45.0000 2191.6863   21.6718
    0.0000  -30.0000  -45.0000 2203.9451   21.6068
    7.5000  -30.0000  -45.0000 2189.4053   21.8143
   -7.5000  -22.5000  -45.0000 2296.6506   19.7009
    0.0000  -22.5000  -45.0000 2303.2131   19.6896
    7.5000  -22.5000  -45.0000 2292.2500   19.7946
   -7.5000  -15.0000  -45.0000 2387.0071   18.2330
    0.0000  -15.0000  -45.0000 2400.6318   18.2479
    7.5000  -15.0000  -45.0000 2383.5603   18.3285
   -7.5000   -7.5000  -45.0000 2441.4802   17.2204
    0.0000   -7.5000  -45.0000 2460.5071   17.2682
    7.5000   -7.5000  -45.0000 2430.7383   17.3065
   -7.5000    0.0000  -45.0000 2474.6675   16.5781
    0.0000    0.0000  -45.0000 2494.2271   16.6395
    7.5000    0.0000  -45.0000 2463.9333   16.6950
   -7.5000    7.5000  -45.0000 2485.7610   16.2210
    0.0000    7.5000  -45.0000 2506.4019   16.2849
    7.5000    7.5000  -45.0000 2479.3145   16.3882
   -7.5000   15.0000  -45.0000 2488.8870   16.1713
    0.0000   15.0000  -45.0000 2509.2026   16.1992
    7.5000   15.0000  -45.0000 2485.8872   16.3196
   -7.5000   22.5000  -45.0000 2483.1746   16.3780
    0.0000   22.5000  -45.0000 2506.5227   16.4172
    7.5000   22.5000  -45.0000 2476.4641   16.5339
   -7.5000   30.0000  -45.0000 2458.1782   16.8483
    0.0000   30.0000  -45.0000 2476.9165   16.8692
    7.5000   30.0000  -45.0000 2448.0527   17.0239
   -7.5000   37.5000  -45.0000 2413.2434   17.5560
    0.0000   37.5000  -45.0000 2434.5452   17.5744
    7.5000   37.5000  -45.0000 2401.7898   17.7468
   -7.5000   45.0000  -45.0000 2345.7432   18.5253
    0.0000   45.0000  -45.0000 2360.8469   18.5529
    7.5000   45.0000  -45.0000 2329.7617   18.7463
   -7.5000   52.5000  -45.0000 2237.2849   19.7693
    0.0000   52.5000  -45.0000 2249.4956   19.8140
    7.5000   52.5000  -45.0000 2218.6711   20.0392
   -7.5000  -37.5000  -37.5000 2126.4453   22.9740
    0.0000  -37.5000  -37.5000 2141.5835   23.0119
    7.5000  -37.5000  -37.5000 2124.8013   23.2065
   -7.5000  -30.0000  -37.5000 2254.8074   20.6248
    0.0000  -30.0000  -37.5000 2264.9204   20.6450
    7.5000  -30.0000  -37.5000 2249.9614   20.7558
   -7.5000  -22.5000  -37.5000 2366.2314   18.6672
    0.0000  -22.5000  -37.5000 2375.0779   18.7435
    7.5000  -22.5000  -37.5000 2355.5413   18.7817
   -7.5000  -15.0000  -37.5000 2452.5063   17.1906
    0.0000  -15.0000  -37.5000 2468.5195   17.2744
    7.5000  -15.0000  -37.5000 2441.8445   17.3155
   -7.5000   -7.5000  -37.5000 2515.6077   16.1427
    0.0000   -7.5000  -37.5000 2535.0959   16.1933
    7.5000   -7.5000  -37.5000 2500.3997   16.2314
   -7.5000    0.0000  -37.5000 2554.1057   15.4981
    0.0000    0.0000  -37.5000 2576.0398   15.5374
    7.5000    0.0000  -37.5000 2544.1667   15.6131
   -7.5000    7.5000  -37.5000 2580.8464   15.1485
    0.0000    7.5000  -37.5000 2599.3879   15.2243
    7.5000    7.5000  -37.5000 2569.7419   15.3155
   -7.5000   15.0000  -37.5000 2581.0586   15.1197
    0.0000   15.0000  -37.5000 2598.9509   15.1876
    7.5000   15.0000  -37.5000 2571.5037   15.2759
   -7.5000   22.5000  -37.5000 2577.0598   15.3304
    0.0000   22.5000  -37.5000 2595.8000   15.3942
    7.5000   22.5000  -37.5000 2562.7078   15.4917
   -7.5000   30.0000  -37.5000 2556.5898   15.7460
    0.0000   30.0000  -37.5000 2568.2788   15.8010
    7.5000   30.0000  -37.5000 2537.4150   15.9375
   -7.5000   37.5000  -37.5000 2509.6606   16.3812
    0.0000   37.5000  -37.5000 2525.9011   16.4358
    7.5000   37.5000  -37.5000 2491.4089   16.5999
   -7.5000   45.0000  -37.5000 2436.9446   17.2621
    0.0000   45.0000  -37.5000 2453.1733   17.3153
    7.5000   45.0000  -37.5000 2415.9951   17.5051
   -7.5000   52.5000  -37.5000 2319.1052   18.4252
    0.0000   52.5000  -37.5000 2329.5256   18.4911
    7.5000   52.5000  -37.5000 2299.1208   18.7136
   -7.5000  -37.5000  -30.0000 2212.8064   22.6922
    0.0000  -37.5000  -30.0000 2227.4766   22.7712
    7.5000  -37.5000  -30.0000 2213.0242   22.9588
   -7.5000  -30.0000  -30.0000 2346.3445   20.3894
    0.0000  -30.0000  -30.0000 2358.9614   20.4209
    7.5000  -30.0000  -30.0000 2341.4246   20.5511
   -7.5000  -22.5000  -30.0000 2460.1516   18.3818
    0.0000  -22.5000  -30.0000 2476.7214   18.4567
    7.5000  -22.5000  -30.0000 2452.5664   18.5197
   -7.5000  -15.0000  -30.0000 2548.5876   16.8213
    0.0000  -15.0000  -30.0000 2565.7720   16.8745
    7.5000  -15.0000  -30.0000 2538.7104   16.9425
   -7.5000   -7.5000  -30.0000 2627.4966   15.7188
    0.0000   -7.5000  -30.0000 2647.4260   15.7414
    7.5000   -7.5000  -30.0000 2614.8962   15.8075
   -7.5000    0.0000  -30.0000 2675.9412   15.0428
    0.0000    0.0000  -30.0000 2701.0049   15.0694
    7.5000    0.0000  -30.0000 2669.6497   15.1436
   -7.5000    7.5000  -30.0000 2707.4680   14.6623
    0.0000    7.5000  -30.0000 2731.1511   14.6951
    7.5000    7.5000  -30.0000 2696.4290   14.7869
   -7.5000   15.0000  -30.0000 2716.2769   14.5836
    0.0000   15.0000  -30.0000 2735.6309   14.6709
    7.5000   15.0000  -30.0000 2700.0303   14.7729
   -7.5000   22.5000  -30.0000 2717.6765   14.8255
    0.0000   22.5000  -30.0000 2737.9973   14.9203
    7.5000   22.5000  -30.0000 2697.7715   15.0136
   -7.5000   30.0000  -30.0000 2699.2549   15.2568
    0.0000   30.0000  -30.0000 2712.5466   15.3235
    7.5000   30.0000  -30.0000 2675.7539   15.4546
   -7.5000   37.5000  -30.0000 2646.8105   15.8559
    0.0000   37.5000  -30.0000 2662.7153   15.9041
    7.5000   37.5000  -30.0000 2624.5891   16.0985
   -7.5000   45.0000  -30.0000 2567.7336   16.7051
    0.0000   45.0000  -30.0000 2582.5144   16.7533
    7.5000   45.0000  -30.0000 2547.1802   16.9773
   -7.5000   52.5000  -30.0000 2440.5405   17.8372
    0.0000   52.5000  -30.0000 2453.0552   17.9015
    7.5000   52.5000  -30.0000 2423.9399   18.1523
   -7.5000  -37.5000  -22.5000 2259.7146   22.3249
    0.0000  -37.5000  -22.5000 2278.6824   22.3649
    7.5000  -37.5000  -22.5000 2261.5688   22.5903
   -7.5000  -30.0000  -22.5000 2394.1167   19.9371
    0.0000  -30.0000  -22.5000 2412.0552   19.9740
    7.5000  -30.0000  -22.5000 2388.8052   20.1532
   -7.5000  -22.5000  -22.5000 2510.5146   17.9290
    0.0000  -22.5000  -22.5000 2532.5430   17.9712
    7.5000  -22.5000  -22.5000 2508.8059   18.1049
   -7.5000  -15.0000  -22.5000 2608.1294   16.3360
    0.0000  -15.0000  -22.5000 2632.1858   16.3470
    7.5000  -15.0000  -22.5000 2606.1658   16.4734
   -7.5000   -7.5000  -22.5000 2698.5667   15.1963
    0.0000   -7.5000  -22.5000 2724.9429   15.1936
    7.5000   -7.5000  -22.5000 2693.8582   15.3543
   -7.5000    0.0000  -22.5000 2758.0999   14.4646
    0.0000    0.0000  -22.5000 2787.5271   14.4518
    7.5000    0.0000  -22.5000 2753.6333   14.6064
   -7.5000    7.5000  -22.5000 2800.2085   14.0496
    0.0000    7.5000  -22.5000 2830.8386   14.0519
    7.5000    7.5000  -22.5000 2790.2842   14.2137
   -7.5000   15.0000  -22.5000 2822.2947   13.9534
    0.0000   15.0000  -22.5000 2845.1655   14.0008
    7.5000   15.0000  -22.5000 2802.2139   14.1629
   -7.5000   22.5000  -22.5000 2830.1479   14.2102
    0.0000   22.5000  -22.5000 2850.8821   14.2714
    7.5000   22.5000  -22.5000 2807.9622   14.4328
   -7.5000   30.0000  -22.5000 2808.1631   14.6652
    0.0000   30.0000  -22.5000 2828.0278   14.7125
    7.5000   30.0000  -22.5000 2784.9045   14.8745
   -7.5000   37.5000  -22.5000 2754.4285   15.2484
    0.0000   37.5000  -22.5000 2772.5137   15.2771
    7.5000   37.5000  -22.5000 2731.4871   15.4919
   -7.5000   45.0000  -22.5000 2668.4121   16.0650
    0.0000   45.0000  -22.5000 2686.2437   16.0994
    7.5000   45.0000  -22.5000 2650.5610   16.3629
   -7.5000   52.5000  -22.5000 2535.9021   17.1934
    0.0000   52.5000  -22.5000 2551.1204   17.2273
    7.5000   52.5000  -22.5000 2517.2490   17.5068
   -7.5000  -37.5000  -15.0000 2270.5750   22.0164
    0.0000  -37.5000  -15.0000 2289.3401   21.9954
    7.5000  -37.5000  -15.0000 2275.0447   22.2161
   -7.5000  -30.0000  -15.0000 2401.9702   19.5069
    0.0000  -30.0000  -15.0000 2422.0146   19.4690
    7.5000  -30.0000  -15.0000 2401.2036   19.7380
   -7.5000  -22.5000  -15.0000 2525.6172   17.4923
    0.0000  -22.5000  -15.0000 2548.2227   17.4846
    7.5000  -22.5000  -15.0000 2526.5283   17.7352
   -7.5000  -15.0000  -15.0000 2629.0334   15.9005
    0.0000  -15.0000  -15.0000 2652.1348   15.8844
    7.5000  -15.0000  -15.0000 2630.8792   16.1004
   -7.5000   -7.5000  -15.0000 2727.9490   14.7563
    0.0000   -7.5000  -15.0000 2754.9851   14.7116
    7.5000   -7.5000  -15.0000 2734.0906   14.9550
   -7.5000    0.0000  -15.0000 2804.9033   13.9853
    0.0000    0.0000  -15.0000 2832.6538   13.9446
    7.5000    0.0000  -15.0000 2804.5520   14.1611
   -7.5000    7.5000  -15.0000 2865.9104   13.5543
    0.0000    7.5000  -15.0000 2897.2234   13.4958
    7.5000    7.5000  -15.0000 2852.9026   13.7512
   -7.5000   15.0000  -15.0000 2898.8564   13.4065
    0.0000   15.0000  -15.0000 2921.3499   13.3741
    7.5000   15.0000  -15.0000 2872.0459   13.6934
   -7.5000   22.5000  -15.0000 2908.8923   13.6452
    0.0000   22.5000  -15.0000 2928.3403   13.6323
    7.5000   22.5000  -15.0000 2879.6729   13.9146
   -7.5000   30.0000  -15.0000 2882.2795   14.0941
    0.0000   30.0000  -15.0000 2898.4026   14.0916
    7.5000   30.0000  -15.0000 2849.4055   14.3579
   -7.5000   37.5000  -15.0000 2821.1504   14.6944
    0.0000   37.5000  -15.0000 2836.8596   14.6883
    7.5000   37.5000  -15.0000 2794.3083   14.9716
   -7.5000   45.0000  -15.0000 2732.3350   15.5395
    0.0000   45.0000  -15.0000 2747.7205   15.5091
    7.5000   45.0000  -15.0000 2710.5894   15.8360
   -7.5000   52.5000  -15.0000 2596.9436   16.6338
    0.0000   52.5000  -15.0000 2608.2043   16.6327
    7.5000   52.5000  -15.0000 2576.5469   16.9765
   -7.5000  -37.5000   -7.5000 2263.2920   21.8192
    0.0000  -37.5000   -7.5000 2279.2471   21.6548
    7.5000  -37.5000   -7.5000 2270.9724   22.0975
   -7.5000  -30.0000   -7.5000 2391.8345   19.2490
    0.0000  -30.0000   -7.5000 2409.0630   19.1089
    7.5000  -30.0000   -7.5000 2399.2537   19.5376
   -7.5000  -22.5000   -7.5000 2516.3040   17.2248
    0.0000  -22.5000   -7.5000 2534.5479   17.1046
    7.5000  -22.5000   -7.5000 2525.6682   17.4673
   -7.5000  -15.0000   -7.5000 2625.3474   15.6564
    0.0000  -15.0000   -7.5000 2643.8418   15.5389
    7.5000  -15.0000   -7.5000 2631.7954   15.8864
   -7.5000   -7.5000   -7.5000 2731.3276   14.4824
    0.0000   -7.5000   -7.5000 2753.1440   14.3548
    7.5000   -7.5000   -7.5000 2737.8923   14.6802
   -7.5000    0.0000   -7.5000 2826.8105   13.6604
    0.0000    0.0000   -7.5000 2851.6216   13.5464
    7.5000    0.0000   -7.5000 2830.1836   13.8568
   -7.5000    7.5000   -7.5000 2909.6877   13.2417
    0.0000    7.5000   -7.5000 2938.7996   13.1261
    7.5000    7.5000   -7.5000 2891.7749   13.4317
   -7.5000   15.0000   -7.5000 2957.0635   13.0354
    0.0000   15.0000   -7.5000 2978.9124   12.9275
    7.5000   15.0000   -7.5000 2922.1897   13.3436
   -7.5000   22.5000   -7.5000 2963.0786   13.2000
    0.0000   22.5000   -7.5000 2974.3796   13.0971
    7.5000   22.5000   -7.5000 2919.9412   13.5344
   -7.5000   30.0000   -7.5000 2927.9590   13.6393
    0.0000   30.0000   -7.5000 2935.5225   13.5642
    7.5000   30.0000   -7.5000 2881.8687   13.9401
   -7.5000   37.5000   -7.5000 2869.3030   14.2584
    0.0000   37.5000   -7.5000 2874.2061   14.2123
    7.5000   37.5000   -7.5000 2827.7085   14.5746
   -7.5000   45.0000   -7.5000 2771.9771   15.1569
    0.0000   45.0000   -7.5000 2779.8696   15.0849
    7.5000   45.0000   -7.5000 2742.6177   15.4272
   -7.5000   52.5000   -7.5000 2631.0601   16.2717
    0.0000   52.5000   -7.5000 2637.2141   16.2283
    7.5000   52.5000   -7.5000 2606.7803   16.5532
   -7.5000  -37.5000    0.0000 2245.9912   21.8701
    0.0000  -37.5000    0.0000 2259.7087   21.6274
    7.5000  -37.5000    0.0000 2254.9226   22.0943
   -7.5000  -30.0000    0.0000 2370.5095   19.2458
    0.0000  -30.0000    0.0000 2385.2512   19.0601
    7.5000  -30.0000    0.0000 2381.6641   19.5582
   -7.5000  -22.5000    0.0000 2488.8167   17.2005
    0.0000  -22.5000    0.0000 2502.9746   17.0315
    7.5000  -22.5000    0.0000 2498.5366   17.4889
   -7.5000  -15.0000    0.0000 2603.2214   15.6167
    0.0000  -15.0000    0.0000 2614.8691   15.4723
    7.5000  -15.0000    0.0000 2607.4648   15.8668
   -7.5000   -7.5000    0.0000 2715.3765   14.3895
    0.0000   -7.5000    0.0000 2732.2451   14.2472
    7.5000   -7.5000    0.0000 2719.8330   14.6449
   -7.5000    0.0000    0.0000 2827.8083   13.5525
    0.0000    0.0000    0.0000 2844.9983   13.3975
    7.5000    0.0000    0.0000 2826.4534   13.8142
   -7.5000    7.5000    0.0000 2921.4578   13.1572
    0.0000    7.5000    0.0000 2940.8264   13.0169
    7.5000    7.5000    0.0000 2899.3774   13.3977
   -7.5000   15.0000    0.0000 2980.0051   13.0000
    0.0000   15.0000    0.0000 3001.6365   12.8873
    7.5000   15.0000    0.0000 2936.8257   13.2575
   -7.5000   22.5000    0.0000 2986.1572   13.0346
    0.0000   22.5000    0.0000 3001.6934   12.9297
    7.5000   22.5000    0.0000 2935.7466   13.3557
   -7.5000   30.0000    0.0000 2942.5220   13.3418
    0.0000   30.0000    0.0000 2952.9167   13.2903
    7.5000   30.0000    0.0000 2896.4807   13.6882
   -7.5000   37.5000    0.0000 2878.1550   14.0457
    0.0000   37.5000    0.0000 2887.3721   13.9990
    7.5000   37.5000    0.0000 2835.5659   14.3279
   -7.5000   45.0000    0.0000 2773.8779   15.0162
    0.0000   45.0000    0.0000 2782.5815   14.9737
    7.5000   45.0000    0.0000 2750.1130   15.2297
   -7.5000   52.5000    0.0000 2631.8101   16.1100
    0.0000   52.5000    0.0000 2641.6150   16.1147
    7.5000   52.5000    0.0000 2611.0845   16.3343
   -7.5000  -37.5000    7.5000 2222.4451   22.3099
    0.0000  -37.5000    7.5000 2236.8948   21.9941
    7.5000  -37.5000    7.5000 2229.2388   22.5390
   -7.5000  -30.0000    7.5000 2340.9150   19.5501
    0.0000  -30.0000    7.5000 2357.7297   19.2913
    7.5000  -30.0000    7.5000 2349.7920   19.8673
   -7.5000  -22.5000    7.5000 2457.8467   17.4145
    0.0000  -22.5000    7.5000 2470.1091   17.2206
    7.5000  -22.5000    7.5000 2462.6658   17.7785
   -7.5000  -15.0000    7.5000 2572.0552   15.8140
    0.0000  -15.0000    7.5000 2583.8152   15.6056
    7.5000  -15.0000    7.5000 2573.4929   16.0986
   -7.5000   -7.5000    7.5000 2686.8945   14.5484
    0.0000   -7.5000    7.5000 2700.9934   14.3747
    7.5000   -7.5000    7.5000 2684.9272   14.8321
   -7.5000    0.0000    7.5000 2798.6233   13.7334
    0.0000    0.0000    7.5000 2816.4194   13.5850
    7.5000    0.0000    7.5000 2791.2285   14.0332
   -7.5000    7.5000    7.5000 2895.4473   13.2908
    0.0000    7.5000    7.5000 2918.5930   13.2213
    7.5000    7.5000    7.5000 2869.5081   13.5741
   -7.5000   15.0000    7.5000 2960.2542   13.0731
    0.0000   15.0000    7.5000 2982.7307   13.0429
    7.5000   15.0000    7.5000 2916.9766   13.4014
   -7.5000   22.5000    7.5000 2967.8259   13.0658
    0.0000   22.5000    7.5000 2988.1663   13.0278
    7.5000   22.5000    7.5000 2923.9402   13.4235
   -7.5000   30.0000    7.5000 2924.1462   13.4273
    0.0000   30.0000    7.5000 2943.6025   13.4036
    7.5000   30.0000    7.5000 2883.3567   13.7120
   -7.5000   37.5000    7.5000 2864.9805   14.1292
    0.0000   37.5000    7.5000 2879.1672   14.1243
    7.5000   37.5000    7.5000 2821.6353   14.3397
   -7.5000   45.0000    7.5000 2760.5366   15.1342
    0.0000   45.0000    7.5000 2770.5073   15.1064
    7.5000   45.0000    7.5000 2736.1765   15.2789
   -7.5000   52.5000    7.5000 2621.5625   16.2255
    0.0000   52.5000    7.5000 2632.3481   16.2112
    7.5000   52.5000    7.5000 2604.9927   16.4032
   -7.5000  -37.5000   15.0000 2188.5054   22.9461
    0.0000  -37.5000   15.0000 2201.0095   22.6005
    7.5000  -37.5000   15.0000 2192.2412   23.1664
   -7.5000  -30.0000   15.0000 2301.6741   20.1227
    0.0000  -30.0000   15.0000 2312.1238   19.8557
    7.5000  -30.0000   15.0000 2308.5703   20.4595
   -7.5000  -22.5000   15.0000 2417.8596   17.9609
    0.0000  -22.5000   15.0000 2425.4636   17.7699
    7.5000  -22.5000   15.0000 2416.2478   18.3253
   -7.5000  -15.0000   15.0000 2534.7400   16.3198
    0.0000  -15.0000   15.0000 2538.6553   16.1624
    7.5000  -15.0000   15.0000 2526.0525   16.6301
   -7.5000   -7.5000   15.0000 2646.6143   15.0608
    0.0000   -7.5000   15.0000 2657.9919   14.9545
    7.5000   -7.5000   15.0000 2631.5007   15.3755
   -7.5000    0.0000   15.0000 2753.0759   14.1993
    0.0000    0.0000   15.0000 2766.6589   14.0999
    7.5000    0.0000   15.0000 2730.7126   14.5073
   -7.5000    7.5000   15.0000 2847.6538   13.6523
    0.0000    7.5000   15.0000 2863.6638   13.5712
    7.5000    7.5000   15.0000 2819.6492   13.9685
   -7.5000   15.0000   15.0000 2913.5820   13.3439
    0.0000   15.0000   15.0000 2925.9250   13.2979
    7.5000   15.0000   15.0000 2874.9153   13.7437
   -7.5000   22.5000   15.0000 2923.1899   13.3989
    0.0000   22.5000   15.0000 2938.2632   13.3338
    7.5000   22.5000   15.0000 2882.5298   13.7500
   -7.5000   30.0000   15.0000 2882.0479   13.8226
    0.0000   30.0000   15.0000 2898.9680   13.7760
    7.5000   30.0000   15.0000 2843.4487   14.0811
   -7.5000   37.5000   15.0000 2823.5293   14.4871
    0.0000   37.5000   15.0000 2839.4062   14.4604
    7.5000   37.5000   15.0000 2785.5830   14.7130
   -7.5000   45.0000   15.0000 2726.5139   15.4705
    0.0000   45.0000   15.0000 2740.4680   15.4280
    7.5000   45.0000   15.0000 2700.2468   15.6310
   -7.5000   52.5000   15.0000 2587.3386   16.5677
    0.0000   52.5000   15.0000 2599.8381   16.5468
    7.5000   52.5000   15.0000 2569.9146   16.7615
   -7.5000  -37.5000   22.5000 2144.2400   23.8952
    0.0000  -37.5000   22.5000 2148.2222   23.5649
    7.5000  -37.5000   22.5000 2143.4353   24.0770
   -7.5000  -30.0000   22.5000 2261.4829   20.9889
    0.0000  -30.0000   22.5000 2266.8164   20.8473
    7.5000  -30.0000   22.5000 2255.3110   21.3615
   -7.5000  -22.5000   22.5000 2379.6992   18.8103
    0.0000  -22.5000   22.5000 2384.1609   18.7217
    7.5000  -22.5000   22.5000 2365.1064   19.1546
   -7.5000  -15.0000   22.5000 2494.5076   17.1131
    0.0000  -15.0000   22.5000 2503.3735   17.0287
    7.5000  -15.0000   22.5000 2475.5532   17.4299
   -7.5000   -7.5000   22.5000 2604.9717   15.7761
    0.0000   -7.5000   22.5000 2613.9702   15.6931
    7.5000   -7.5000   22.5000 2578.0908   16.1282
   -7.5000    0.0000   22.5000 2707.9099   14.8621
    0.0000    0.0000   22.5000 2713.8958   14.7539
    7.5000    0.0000   22.5000 2675.0679   15.1520
   -7.5000    7.5000   22.5000 2793.8108   14.2417
    0.0000    7.5000   22.5000 2799.6208   14.1843
    7.5000    7.5000   22.5000 2757.7705   14.5631
   -7.5000   15.0000   22.5000 2841.9585   13.9192
    0.0000   15.0000   22.5000 2849.4531   13.8878
    7.5000   15.0000   22.5000 2804.5974   14.2995
   -7.5000   22.5000   22.5000 2848.0964   14.0455
    0.0000   22.5000   22.5000 2859.5464   13.9798
    7.5000   22.5000   22.5000 2816.5955   14.3290
   -7.5000   30.0000   22.5000 2814.8655   14.4225
    0.0000   30.0000   22.5000 2824.3643   14.3740
    7.5000   30.0000   22.5000 2783.6733   14.7086
   -7.5000   37.5000   22.5000 2763.1458   15.0580
    0.0000   37.5000   22.5000 2774.0110   15.0419
    7.5000   37.5000   22.5000 2730.0076   15.3125
   -7.5000   45.0000   22.5000 2676.3228   16.0012
    0.0000   45.0000   22.5000 2688.4075   15.9708
    7.5000   45.0000   22.5000 2650.0461   16.2071
   -7.5000   52.5000   22.5000 2545.9089   17.1155
    0.0000   52.5000   22.5000 2555.4597   17.0749
    7.5000   52.5000   22.5000 2522.9062   17.3109
   -7.5000  -37.5000   30.0000 2088.8921   25.1541
    0.0000  -37.5000   30.0000 2086.2014   24.9478
    7.5000  -37.5000   30.0000 2080.5708   25.4194
   -7.5000  -30.0000   30.0000 2207.0247   22.1583
    0.0000  -30.0000   30.0000 2211.8838   22.0624
    7.5000  -30.0000   30.0000 2191.8137   22.4576
   -7.5000  -22.5000   30.0000 2326.5051   19.8463
    0.0000  -22.5000   30.0000 2333.0283   19.7894
    7.5000  -22.5000   30.0000 2308.5635   20.1648
   -7.5000  -15.0000   30.0000 2443.4336   18.0525
    0.0000  -15.0000   30.0000 2451.8098   17.9956
    7.5000  -15.0000   30.0000 2417.1760   18.3757
   -7.5000   -7.5000   30.0000 2555.2468   16.6987
    0.0000   -7.5000   30.0000 2567.1934   16.6324
    7.5000   -7.5000   30.0000 2518.3870   16.9851
   -7.5000    0.0000   30.0000 2648.9788   15.7154
    0.0000    0.0000   30.0000 2660.9238   15.6322
    7.5000    0.0000   30.0000 2610.5212   15.9868
   -7.5000    7.5000   30.0000 2722.2905   15.0894
    0.0000    7.5000   30.0000 2730.1960   15.0019
    7.5000    7.5000   30.0000 2682.4077   15.3938
   -7.5000   15.0000   30.0000 2758.5708   14.7269
    0.0000   15.0000   30.0000 2762.7043   14.6936
    7.5000   15.0000   30.0000 2719.0676   15.0501
   -7.5000   22.5000   30.0000 2758.5381   14.8497
    0.0000   22.5000   30.0000 2767.0474   14.7840
    7.5000   22.5000   30.0000 2724.8550   15.1140
   -7.5000   30.0000   30.0000 2731.7097   15.2168
    0.0000   30.0000   30.0000 2738.4910   15.1660
    7.5000   30.0000   30.0000 2703.0186   15.4754
   -7.5000   37.5000   30.0000 2686.4014   15.8311
    0.0000   37.5000   30.0000 2695.0142   15.7908
    7.5000   37.5000   30.0000 2655.3596   16.0923
   -7.5000   45.0000   30.0000 2606.2585   16.7736
    0.0000   45.0000   30.0000 2615.8398   16.7017
    7.5000   45.0000   30.0000 2575.6533   17.0009
   -7.5000   52.5000   30.0000 2487.2668   17.8437
    0.0000   52.5000   30.0000 2494.0601   17.8309
    7.5000   52.5000   30.0000 2460.6394   18.0870
   -7.5000  -37.5000   37.5000 2027.7161   26.7474
    0.0000  -37.5000   37.5000 2023.4143   26.5597
    7.5000  -37.5000   37.5000 2015.5073   26.9992
   -7.5000  -30.0000   37.5000 2150.4619   23.5366
    0.0000  -30.0000   37.5000 2153.0720   23.4327
    7.5000  -30.0000   37.5000 2132.7583   23.7885
   -7.5000  -22.5000   37.5000 2268.6089   21.1084
    0.0000  -22.5000   37.5000 2274.9512   21.0352
    7.5000  -22.5000   37.5000 2243.8506   21.3853
   -7.5000  -15.0000   37.5000 2381.7407   19.2349
    0.0000  -15.0000   37.5000 2391.4124   19.1649
    7.5000  -15.0000   37.5000 2347.1228   19.4913
   -7.5000   -7.5000   37.5000 2490.7979   17.8351
    0.0000   -7.5000   37.5000 2501.6211   17.7716
    7.5000   -7.5000   37.5000 2446.5754   18.0743
   -7.5000    0.0000   37.5000 2575.2246   16.8062
    0.0000    0.0000   37.5000 2585.5339   16.7248
    7.5000    0.0000   37.5000 2531.9800   17.0668
   -7.5000    7.5000   37.5000 2637.7163   16.1264
    0.0000    7.5000   37.5000 2645.3840   16.0606
    7.5000    7.5000   37.5000 2599.0598   16.4277
   -7.5000   15.0000   37.5000 2668.8577   15.7492
    0.0000   15.0000   37.5000 2676.1284   15.6988
    7.5000   15.0000   37.5000 2631.7085   16.0115
   -7.5000   22.5000   37.5000 2665.6987   15.8190
    0.0000   22.5000   37.5000 2676.6355   15.7622
    7.5000   22.5000   37.5000 2636.8333   16.0668
   -7.5000   30.0000   37.5000 2637.8821   16.1970
    0.0000   30.0000   37.5000 2647.1125   16.1330
    7.5000   30.0000   37.5000 2614.1863   16.4602
   -7.5000   37.5000   37.5000 2599.9370   16.8188
    0.0000   37.5000   37.5000 2607.2607   16.7709
    7.5000   37.5000   37.5000 2574.3843   17.0585
   -7.5000   45.0000   37.5000 2537.6489   17.6837
    0.0000   45.0000   37.5000 2544.8337   17.6186
    7.5000   45.0000   37.5000 2504.7727   17.9213
   -7.5000   52.5000   37.5000 2420.2407   18.7389
    0.0000   52.5000   37.5000 2426.9612   18.7062
    7.5000   52.5000   37.5000 2393.7563   18.9932
   -7.5000  -37.5000   45.0000 1949.7214   28.6543
    0.0000  -37.5000   45.0000 1950.2363   28.4902
    7.5000  -37.5000   45.0000 1939.9580   29.0494
   -7.5000  -30.0000   45.0000 2082.3335   25.2854
    0.0000  -30.0000   45.0000 2084.5713   25.1307
    7.5000  -30.0000   45.0000 2064.8540   25.5611
   -7.5000  -22.5000   45.0000 2198.1294   22.7228
    0.0000  -22.5000   45.0000 2202.4395   22.6169
    7.5000  -22.5000   45.0000 2170.0005   22.9104
   -7.5000  -15.0000   45.0000 2308.3511   20.7528
    0.0000  -15.0000   45.0000 2311.7222   20.6458
    7.5000  -15.0000   45.0000 2270.3154   20.9442
   -7.5000   -7.5000   45.0000 2414.3965   19.2691
    0.0000   -7.5000   45.0000 2418.7161   19.1538
    7.5000   -7.5000   45.0000 2368.4458   19.4789
   -7.5000    0.0000   45.0000 2494.7173   18.1827
    0.0000    0.0000   45.0000 2497.1409   18.0717
    7.5000    0.0000   45.0000 2449.6487   18.4398
   -7.5000    7.5000   45.0000 2545.3813   17.3982
    0.0000    7.5000   45.0000 2546.1064   17.3019
    7.5000    7.5000   45.0000 2512.0159   17.6782
   -7.5000   15.0000   45.0000 2570.7708   16.9916
    0.0000   15.0000   45.0000 2574.1379   16.9158
    7.5000   15.0000   45.0000 2539.3293   17.2545
   -7.5000   22.5000   45.0000 2566.2053   17.0471
    0.0000   22.5000   45.0000 2572.4763   16.9508
    7.5000   22.5000   45.0000 2538.4297   17.3091
   -7.5000   30.0000   45.0000 2541.9287   17.4470
    0.0000   30.0000   45.0000 2542.7532   17.3521
    7.5000   30.0000   45.0000 2516.1394   17.6905
   -7.5000   37.5000   45.0000 2504.9346   18.0712
    0.0000   37.5000   45.0000 2508.6951   18.0102
    7.5000   37.5000   45.0000 2483.1917   18.3051
   -7.5000   45.0000   45.0000 2452.0835   18.8674
    0.0000   45.0000   45.0000 2457.1423   18.7755
    7.5000   45.0000   45.0000 2423.7715   19.0911
   -7.5000   52.5000   45.0000 2344.3850   19.9087
    0.0000   52.5000   45.0000 2352.2712   19.8287
    7.5000   52.5000   45.0000 2321.4414   20.1437

---------------------------------------------------------------------
imgreg_4dfp /opt/freesurfer/average/711-2C_as_mni_average_305 /opt/freesurfer/average/711-2B_as_mni_average_305_mask talsrcimg_g11 none talsrcimg_to_711-2C_as_mni_average_305_t4 1283
---------------------------------------------------------------------

freesurfer imgreg_4dfp.c
/opt/freesurfer/average/711-2C_as_mni_average_305.4dfp.img
       256       256       256         1
  1.000000  1.000000  1.000000
orientation T byte_order littleendian
Reading image: /opt/freesurfer/average/711-2C_as_mni_average_305.4dfp.img
dimensions:      256       256       256
mmppix:       1.0000   -1.0000   -1.0000
center:     128.0000 -129.0000 -129.0000
/opt/freesurfer/average/711-2B_as_mni_average_305_mask.4dfp.img
       256       256       256         1
  1.000000  1.000000  1.000000
orientation T byte_order littleendian
Reading mask: /opt/freesurfer/average/711-2B_as_mni_average_305_mask.4dfp.img (2306576 pixels)
talsrcimg_g11.4dfp.img
       256       256       256         1
  1.000000  1.000000  1.000000
orientation T byte_order littleendian
Reading image: talsrcimg_g11.4dfp.img
dimensions:      256       256       256
mmppix:       1.0000   -1.0000   -1.0000
center:     128.0000 -129.0000 -129.0000
rotation matrix determinant  1.000000
fimgreg.f
image alignment mode   1283 decimal      503 hex
parameters
    0.0000   22.5000    0.0000    0.0000    0.0000    0.0000
eta,q 0.93853 12.92279
niter,ni,del,rscale     5    3   12.0000    1.2000
parameter  2  1.812144 ->  0.500000 qaram    1.1500
parameter  4  2.238484 ->  0.500000 qaram    1.1500
parameters
   -1.7004   19.0500    2.5742   -3.4500    1.5156   -0.7745
eta,q 0.94962 12.86770
  0.0665  0.0553  0.0659  0.0498  0.0602  0.0547
  0.0643  0.0558  0.0640  0.0505  0.0570  0.0520
  0.0626  0.0588  0.0601  0.0528  0.0536  0.0506
  0.0638  0.0622  0.0566  0.0555  0.0511  0.0505
  0.0661  0.0649  0.0557  0.0577  0.0505  0.0516
  0.0686  0.0687  0.0565  0.0604  0.0518  0.0540
  0.0737  0.0733  0.0586  0.0639  0.0548  0.0576
niter,ni,del,rscale     6    3   12.0000    1.2000
parameter  4  0.742979 ->  0.500000 qaram    1.3225
parameters
   -2.7188   18.5702    1.3950   -7.4175    2.4062   -1.0684
eta,q 0.95058 12.87259
  0.0571  0.0607  0.0556  0.0486  0.0566  0.0534
  0.0539  0.0546  0.0522  0.0494  0.0531  0.0514
  0.0515  0.0505  0.0503  0.0496  0.0503  0.0496
  0.0504  0.0506  0.0502  0.0500  0.0496  0.0495
  0.0527  0.0539  0.0526  0.0522  0.0493  0.0501
  0.0576  0.0582  0.0571  0.0557  0.0502  0.0517
  0.0652  0.0616  0.0618  0.0587  0.0535  0.0544
niter,ni,del,rscale     6    3   12.0000    1.2000
parameter  4  1.060712 ->  0.500000 qaram    1.5209
parameters
   -3.6574   20.5056    0.2737  -11.9801    3.3209   -1.9685
eta,q 0.95477 12.82576
  0.0553  0.0651  0.0538  0.0442  0.0550  0.0490
  0.0523  0.0581  0.0514  0.0446  0.0505  0.0467
  0.0503  0.0530  0.0489  0.0468  0.0465  0.0456
  0.0494  0.0496  0.0486  0.0484  0.0451  0.0451
  0.0513  0.0487  0.0510  0.0505  0.0454  0.0460
  0.0555  0.0515  0.0549  0.0546  0.0474  0.0490
  0.0611  0.0539  0.0605  0.0594  0.0503  0.0526
niter,ni,del,rscale     6    3   12.0000    1.2000
parameters
   -3.4802   23.1428   -1.0496  -14.8415    2.9444   -0.9354
eta,q 0.95899 12.87442
  0.0561  0.0668  0.0498  0.0487  0.0482  0.0479
  0.0508  0.0565  0.0459  0.0428  0.0445  0.0449
  0.0475  0.0487  0.0440  0.0416  0.0420  0.0425
  0.0452  0.0451  0.0442  0.0439  0.0416  0.0415
  0.0454  0.0441  0.0465  0.0480  0.0430  0.0407
  0.0494  0.0454  0.0520  0.0537  0.0460  0.0416
  0.0557  0.0473  0.0586  0.0592  0.0497  0.0451
niter,ni,del,rscale     5    3   12.0000    1.2000
parameters
   -3.0954   23.6189   -1.5082  -15.0565    2.6858   -0.8629
eta,q 0.95922 12.88714
  0.0538  0.0593  0.0496  0.0549  0.0479  0.0465
  0.0480  0.0482  0.0452  0.0462  0.0447  0.0434
  0.0434  0.0422  0.0417  0.0417  0.0417  0.0417
  0.0410  0.0408  0.0410  0.0408  0.0408  0.0408
  0.0415  0.0427  0.0427  0.0439  0.0420  0.0406
  0.0458  0.0471  0.0470  0.0479  0.0453  0.0426
  0.0514  0.0532  0.0528  0.0550  0.0494  0.0469
niter,ni,del,rscale     4    3   12.0000    1.2000
parameters
   -3.0156   23.6155   -1.5887  -15.0952    2.6026   -0.8277
eta,q 0.95927 12.89318
  0.0521  0.0571  0.0504  0.0553  0.0482  0.0465
  0.0468  0.0462  0.0460  0.0467  0.0451  0.0434
  0.0427  0.0413  0.0422  0.0417  0.0419  0.0416
  0.0408  0.0408  0.0407  0.0407  0.0407  0.0407
  0.0420  0.0433  0.0421  0.0435  0.0417  0.0406
  0.0463  0.0485  0.0456  0.0476  0.0448  0.0427
  0.0518  0.0549  0.0515  0.0545  0.0490  0.0470
niter,ni,del,rscale     3    3   12.0000    1.2000
parameters
   -3.0061   23.6093   -1.5984  -15.0977    2.5799   -0.8209
eta,q 0.95928 12.89437
  0.0519  0.0572  0.0505  0.0554  0.0482  0.0464
  0.0466  0.0462  0.0461  0.0468  0.0452  0.0433
  0.0426  0.0412  0.0423  0.0417  0.0420  0.0416
  0.0407  0.0407  0.0407  0.0407  0.0407  0.0407
  0.0421  0.0433  0.0419  0.0434  0.0417  0.0406
  0.0465  0.0486  0.0454  0.0475  0.0447  0.0427
  0.0520  0.0550  0.0512  0.0544  0.0489  0.0471
registration optimization eta report
parameter search radius
    6.0000    6.9000    6.0000    9.1253    6.0000    6.0000
100000*second partial in parameter space
       30.       32.       28.       17.       21.       17.
  0.0519  0.0572  0.0505  0.0554  0.0482  0.0464
  0.0466  0.0462  0.0461  0.0468  0.0452  0.0433
  0.0426  0.0412  0.0423  0.0417  0.0420  0.0416
  0.0407  0.0407  0.0407  0.0407  0.0407  0.0407
  0.0421  0.0433  0.0419  0.0434  0.0417  0.0406
  0.0465  0.0486  0.0454  0.0475  0.0447  0.0427
  0.0520  0.0550  0.0512  0.0544  0.0489  0.0471
   -3.0061   23.6093   -1.5984  -15.0977    2.5799   -0.8209
eta,q 0.95928 12.89437

---------------------------------------------------------------------
imgreg_4dfp /opt/freesurfer/average/711-2C_as_mni_average_305 /opt/freesurfer/average/711-2B_as_mni_average_305_mask talsrcimg_g11 none talsrcimg_to_711-2C_as_mni_average_305_t4 3335
---------------------------------------------------------------------

freesurfer imgreg_4dfp.c
/opt/freesurfer/average/711-2C_as_mni_average_305.4dfp.img
       256       256       256         1
  1.000000  1.000000  1.000000
orientation T byte_order littleendian
Reading image: /opt/freesurfer/average/711-2C_as_mni_average_305.4dfp.img
dimensions:      256       256       256
mmppix:       1.0000   -1.0000   -1.0000
center:     128.0000 -129.0000 -129.0000
/opt/freesurfer/average/711-2B_as_mni_average_305_mask.4dfp.img
       256       256       256         1
  1.000000  1.000000  1.000000
orientation T byte_order littleendian
Reading mask: /opt/freesurfer/average/711-2B_as_mni_average_305_mask.4dfp.img (2306576 pixels)
talsrcimg_g11.4dfp.img
       256       256       256         1
  1.000000  1.000000  1.000000
orientation T byte_order littleendian
Reading image: talsrcimg_g11.4dfp.img
dimensions:      256       256       256
mmppix:       1.0000   -1.0000   -1.0000
center:     128.0000 -129.0000 -129.0000
fimgreg.f
image alignment mode   3335 decimal      D07 hex
parameters
   -3.0061   23.6093   -1.5984   -0.1116   -3.4784   -3.5495
    2.5556   -3.9722   -1.4313   26.1061    4.5012  -26.0201
eta,q 0.96214 12.81953
niter,ni,del,rscale     5    3    5.0000    1.2000
parameter  4 20.569345 ->  0.500000 qaram    1.1500
parameter  5  2.078929 ->  0.500000 qaram    1.1500
parameter  6  0.568627 ->  0.500000 qaram    1.1500
parameters
   -3.0553   23.8181   -1.7290   -4.2516   -7.6184   -7.6895
    0.5110   -3.6676   -1.9219   23.8521    2.8424  -25.1443
eta,q 0.97652 12.60046
  0.0399  0.0406  0.0398  0.0258  0.0242  0.0254  0.0256  0.0305  0.0261  0.0253  0.0246  0.0257
  0.0387  0.0392  0.0387  0.0291  0.0254  0.0243  0.0244  0.0274  0.0248  0.0241  0.0238  0.0246
  0.0381  0.0383  0.0380  0.0333  0.0274  0.0243  0.0239  0.0250  0.0241  0.0236  0.0235  0.0238
  0.0379  0.0379  0.0378  0.0378  0.0302  0.0259  0.0242  0.0239  0.0239  0.0239  0.0236  0.0235
  0.0381  0.0380  0.0382  0.0422  0.0336  0.0290  0.0252  0.0245  0.0243  0.0251  0.0242  0.0236
  0.0389  0.0387  0.0390  0.0462  0.0371  0.0329  0.0269  0.0265  0.0253  0.0273  0.0250  0.0241
  0.0401  0.0398  0.0403  0.0503  0.0403  0.0374  0.0292  0.0296  0.0267  0.0305  0.0260  0.0248
niter,ni,del,rscale     7    3    5.0000    1.2000
parameter  4  0.959240 ->  0.500000 qaram    1.3225
parameters
   -2.8824   23.5432   -2.1683   -9.0126  -11.2466   -7.3495
    0.5712   -3.5178   -1.6099   23.7429    2.0020  -27.2632
eta,q 0.98162 12.43258
  0.0281  0.0258  0.0249  0.0196  0.0200  0.0231  0.0219  0.0246  0.0213  0.0217  0.0198  0.0193
  0.0258  0.0243  0.0239  0.0193  0.0190  0.0213  0.0201  0.0215  0.0199  0.0199  0.0190  0.0186
  0.0242  0.0235  0.0234  0.0203  0.0187  0.0199  0.0190  0.0193  0.0189  0.0189  0.0186  0.0184
  0.0235  0.0234  0.0234  0.0233  0.0194  0.0187  0.0186  0.0186  0.0186  0.0186  0.0186  0.0186
  0.0237  0.0240  0.0240  0.0276  0.0211  0.0185  0.0189  0.0192  0.0188  0.0190  0.0189  0.0191
  0.0249  0.0253  0.0250  0.0320  0.0237  0.0201  0.0201  0.0211  0.0196  0.0200  0.0196  0.0200
  0.0271  0.0271  0.0265  0.0365  0.0270  0.0232  0.0218  0.0242  0.0208  0.0219  0.0205  0.0210
niter,ni,del,rscale     7    3    5.0000    1.2000
parameters
   -2.7652   23.6925   -2.0139  -11.2328  -11.5620   -7.0854
    0.6438   -3.5485   -1.4187   23.9977    1.3982  -27.5130
eta,q 0.98176 12.35005
  0.0235  0.0220  0.0208  0.0221  0.0217  0.0225  0.0215  0.0236  0.0208  0.0217  0.0195  0.0199
  0.0208  0.0201  0.0196  0.0199  0.0200  0.0208  0.0198  0.0206  0.0195  0.0198  0.0187  0.0189
  0.0191  0.0189  0.0187  0.0185  0.0188  0.0194  0.0187  0.0187  0.0186  0.0186  0.0183  0.0184
  0.0184  0.0184  0.0184  0.0183  0.0183  0.0183  0.0183  0.0183  0.0183  0.0183  0.0183  0.0183
  0.0188  0.0186  0.0185  0.0201  0.0188  0.0182  0.0186  0.0190  0.0185  0.0186  0.0185  0.0185
  0.0202  0.0196  0.0191  0.0243  0.0202  0.0198  0.0197  0.0207  0.0193  0.0195  0.0191  0.0192
  0.0226  0.0212  0.0203  0.0292  0.0225  0.0228  0.0214  0.0236  0.0206  0.0211  0.0200  0.0201
niter,ni,del,rscale     6    3    5.0000    1.2000
parameters
   -2.6839   23.6736   -1.8523  -11.5789  -11.6257   -6.9758
    0.6057   -3.5220   -1.4216   23.9904    1.2195  -27.3720
eta,q 0.98175 12.33192
  0.0229  0.0213  0.0206  0.0240  0.0218  0.0225  0.0214  0.0238  0.0207  0.0215  0.0196  0.0201
  0.0205  0.0196  0.0194  0.0214  0.0201  0.0207  0.0197  0.0207  0.0194  0.0196  0.0188  0.0191
  0.0189  0.0186  0.0186  0.0193  0.0188  0.0194  0.0186  0.0188  0.0185  0.0185  0.0184  0.0185
  0.0182  0.0182  0.0182  0.0182  0.0183  0.0183  0.0182  0.0182  0.0182  0.0182  0.0182  0.0182
  0.0186  0.0187  0.0184  0.0186  0.0186  0.0182  0.0186  0.0190  0.0185  0.0187  0.0184  0.0184
  0.0200  0.0197  0.0190  0.0212  0.0199  0.0200  0.0197  0.0207  0.0194  0.0197  0.0189  0.0190
  0.0224  0.0214  0.0201  0.0258  0.0222  0.0230  0.0215  0.0235  0.0207  0.0214  0.0198  0.0199
niter,ni,del,rscale     5    3    5.0000    1.2000
parameters
   -2.6729   23.6736   -1.7895  -11.6139  -11.6292   -6.9368
    0.5969   -3.5135   -1.4277   23.9658    1.1675  -27.2942
eta,q 0.98176 12.32986
  0.0226  0.0214  0.0205  0.0242  0.0219  0.0224  0.0214  0.0237  0.0207  0.0214  0.0197  0.0201
  0.0203  0.0197  0.0193  0.0216  0.0201  0.0207  0.0198  0.0207  0.0194  0.0196  0.0189  0.0191
  0.0188  0.0186  0.0185  0.0195  0.0188  0.0194  0.0186  0.0187  0.0185  0.0185  0.0184  0.0184
  0.0182  0.0183  0.0183  0.0182  0.0183  0.0183  0.0182  0.0182  0.0182  0.0182  0.0182  0.0182
  0.0187  0.0186  0.0184  0.0184  0.0186  0.0182  0.0186  0.0190  0.0185  0.0187  0.0184  0.0184
  0.0202  0.0197  0.0191  0.0208  0.0199  0.0200  0.0197  0.0208  0.0194  0.0197  0.0189  0.0190
  0.0226  0.0213  0.0203  0.0253  0.0221  0.0231  0.0215  0.0236  0.0207  0.0214  0.0197  0.0200
niter,ni,del,rscale     4    3    5.0000    1.2000
parameters
   -2.6723   23.6736   -1.7691  -11.6199  -11.6262   -6.9243
    0.5960   -3.5117   -1.4296   23.9567    1.1457  -27.2678
eta,q 0.98176 12.32956
  0.0226  0.0214  0.0204  0.0243  0.0219  0.0224  0.0214  0.0237  0.0207  0.0214  0.0197  0.0200
  0.0203  0.0196  0.0192  0.0216  0.0201  0.0207  0.0198  0.0207  0.0194  0.0196  0.0189  0.0190
  0.0188  0.0186  0.0185  0.0195  0.0188  0.0193  0.0186  0.0187  0.0185  0.0185  0.0184  0.0184
  0.0182  0.0182  0.0182  0.0182  0.0182  0.0182  0.0182  0.0182  0.0182  0.0182  0.0182  0.0182
  0.0187  0.0186  0.0184  0.0184  0.0186  0.0182  0.0186  0.0190  0.0185  0.0186  0.0184  0.0185
  0.0202  0.0197  0.0192  0.0207  0.0199  0.0201  0.0197  0.0208  0.0194  0.0197  0.0189  0.0190
  0.0226  0.0213  0.0203  0.0252  0.0221  0.0232  0.0215  0.0236  0.0207  0.0214  0.0197  0.0200
registration optimization eta report
parameter search radius
    2.4000    2.4000    2.4000    9.5220    8.2800    8.2800
    7.2000    7.2000    7.2000    7.2000    7.2000    7.2000
100000*second partial in parameter space
       76.       54.       37.        7.        5.        7.
        6.       10.        5.        6.        3.        3.
  0.0226  0.0214  0.0204  0.0243  0.0219  0.0224  0.0214  0.0237  0.0207  0.0214  0.0197  0.0200
  0.0203  0.0196  0.0192  0.0216  0.0201  0.0207  0.0198  0.0207  0.0194  0.0196  0.0189  0.0190
  0.0188  0.0186  0.0185  0.0195  0.0188  0.0193  0.0186  0.0187  0.0185  0.0185  0.0184  0.0184
  0.0182  0.0182  0.0182  0.0182  0.0182  0.0182  0.0182  0.0182  0.0182  0.0182  0.0182  0.0182
  0.0187  0.0186  0.0184  0.0184  0.0186  0.0182  0.0186  0.0190  0.0185  0.0186  0.0184  0.0185
  0.0202  0.0197  0.0192  0.0207  0.0199  0.0201  0.0197  0.0208  0.0194  0.0197  0.0189  0.0190
  0.0226  0.0213  0.0203  0.0252  0.0221  0.0232  0.0215  0.0236  0.0207  0.0214  0.0197  0.0200
   -2.6723   23.6736   -1.7691  -11.6199  -11.6262   -6.9243
    0.5960   -3.5117   -1.4296   23.9567    1.1457  -27.2678
eta,q 0.98176 12.32956

---------------------------------------------------------------------
imgreg_4dfp /opt/freesurfer/average/711-2C_as_mni_average_305 /opt/freesurfer/average/711-2B_as_mni_average_305_mask talsrcimg_g11 none talsrcimg_to_711-2C_as_mni_average_305_t4 2311
---------------------------------------------------------------------

freesurfer imgreg_4dfp.c
/opt/freesurfer/average/711-2C_as_mni_average_305.4dfp.img
       256       256       256         1
  1.000000  1.000000  1.000000
orientation T byte_order littleendian
Reading image: /opt/freesurfer/average/711-2C_as_mni_average_305.4dfp.img
dimensions:      256       256       256
mmppix:       1.0000   -1.0000   -1.0000
center:     128.0000 -129.0000 -129.0000
/opt/freesurfer/average/711-2B_as_mni_average_305_mask.4dfp.img
       256       256       256         1
  1.000000  1.000000  1.000000
orientation T byte_order littleendian
Reading mask: /opt/freesurfer/average/711-2B_as_mni_average_305_mask.4dfp.img (2306576 pixels)
talsrcimg_g11.4dfp.img
       256       256       256         1
  1.000000  1.000000  1.000000
orientation T byte_order littleendian
Reading image: talsrcimg_g11.4dfp.img
dimensions:      256       256       256
mmppix:       1.0000   -1.0000   -1.0000
center:     128.0000 -129.0000 -129.0000
fimgreg.f
image alignment mode   2311 decimal      907 hex
parameters
   -2.6723   23.6736   -1.7691  -11.6199  -11.6262   -6.9242
    0.5960   -3.5117   -1.4296   23.9567    1.1457  -27.2678
eta,q 0.98176 12.32956
niter,ni,del,rscale     5    3    5.0000    0.8000
parameters
   -2.6576   23.6560   -1.7462  -10.6267  -11.4285   -6.0483
    0.6063   -3.4907   -1.3587   23.8408    1.2873  -27.0838
eta,q 0.98203 12.41051
  0.0203  0.0197  0.0192  0.0205  0.0195  0.0203  0.0195  0.0208  0.0192  0.0194  0.0188  0.0189
  0.0192  0.0189  0.0187  0.0195  0.0188  0.0195  0.0187  0.0192  0.0185  0.0185  0.0183  0.0184
  0.0185  0.0184  0.0184  0.0187  0.0184  0.0187  0.0182  0.0182  0.0181  0.0181  0.0181  0.0181
  0.0182  0.0182  0.0182  0.0182  0.0181  0.0181  0.0180  0.0180  0.0180  0.0180  0.0180  0.0180
  0.0184  0.0184  0.0183  0.0181  0.0182  0.0180  0.0181  0.0183  0.0181  0.0182  0.0180  0.0180
  0.0191  0.0189  0.0186  0.0184  0.0186  0.0183  0.0186  0.0192  0.0185  0.0187  0.0183  0.0183
  0.0202  0.0197  0.0192  0.0193  0.0194  0.0194  0.0195  0.0207  0.0191  0.0195  0.0187  0.0187
niter,ni,del,rscale     4    3    5.0000    0.7000
parameters
   -2.7141   23.6749   -1.6575  -10.6743  -11.4381   -5.8986
    0.6027   -3.5575   -1.3617   23.8228    1.2794  -26.9981
eta,q 0.98205 12.41220
  0.0194  0.0191  0.0189  0.0194  0.0190  0.0196  0.0191  0.0200  0.0188  0.0191  0.0185  0.0186
  0.0186  0.0185  0.0184  0.0186  0.0184  0.0189  0.0185  0.0188  0.0183  0.0184  0.0182  0.0182
  0.0181  0.0181  0.0181  0.0182  0.0181  0.0183  0.0181  0.0181  0.0180  0.0180  0.0180  0.0180
  0.0180  0.0180  0.0180  0.0180  0.0180  0.0180  0.0180  0.0179  0.0179  0.0179  0.0179  0.0179
  0.0182  0.0181  0.0180  0.0181  0.0181  0.0180  0.0181  0.0182  0.0180  0.0181  0.0180  0.0180
  0.0188  0.0185  0.0182  0.0186  0.0184  0.0185  0.0185  0.0190  0.0183  0.0184  0.0182  0.0182
  0.0197  0.0191  0.0187  0.0195  0.0190  0.0196  0.0191  0.0201  0.0189  0.0190  0.0185  0.0185
niter,ni,del,rscale     3    3    5.0000    0.6000
parameters
   -2.7149   23.6762   -1.6104  -10.6211  -11.4144   -5.7445
    0.5997   -3.5733   -1.3595   23.7872    1.2888  -26.9188
eta,q 0.98207 12.41901
  0.0191  0.0188  0.0186  0.0190  0.0187  0.0192  0.0188  0.0195  0.0186  0.0187  0.0184  0.0184
  0.0185  0.0183  0.0182  0.0185  0.0183  0.0186  0.0183  0.0186  0.0182  0.0183  0.0181  0.0181
  0.0181  0.0180  0.0180  0.0181  0.0181  0.0182  0.0180  0.0181  0.0180  0.0180  0.0180  0.0180
  0.0179  0.0179  0.0179  0.0179  0.0179  0.0179  0.0179  0.0179  0.0179  0.0179  0.0179  0.0179
  0.0181  0.0180  0.0180  0.0180  0.0180  0.0180  0.0180  0.0181  0.0180  0.0180  0.0180  0.0180
  0.0185  0.0183  0.0182  0.0184  0.0183  0.0184  0.0183  0.0187  0.0182  0.0183  0.0181  0.0181
  0.0191  0.0188  0.0185  0.0190  0.0187  0.0191  0.0188  0.0195  0.0186  0.0187  0.0184  0.0184
niter,ni,del,rscale     2    3    5.0000    0.5000
parameters
   -2.7202   23.6722   -1.5831  -10.5783  -11.3831   -5.6288
    0.6052   -3.5867   -1.3523   23.7595    1.3012  -26.8671
eta,q 0.98208 12.42504
  0.0187  0.0185  0.0184  0.0187  0.0185  0.0189  0.0185  0.0190  0.0184  0.0185  0.0182  0.0183
  0.0183  0.0182  0.0181  0.0183  0.0182  0.0184  0.0182  0.0184  0.0181  0.0182  0.0181  0.0181
  0.0180  0.0180  0.0180  0.0180  0.0180  0.0181  0.0180  0.0180  0.0180  0.0180  0.0180  0.0180
  0.0179  0.0179  0.0179  0.0179  0.0179  0.0179  0.0179  0.0179  0.0179  0.0179  0.0179  0.0179
  0.0180  0.0180  0.0180  0.0180  0.0180  0.0180  0.0180  0.0181  0.0180  0.0180  0.0180  0.0180
  0.0183  0.0182  0.0181  0.0182  0.0182  0.0182  0.0182  0.0184  0.0181  0.0182  0.0181  0.0181
  0.0188  0.0185  0.0183  0.0187  0.0185  0.0188  0.0185  0.0190  0.0184  0.0185  0.0182  0.0182
niter,ni,del,rscale     1    3    5.0000    0.4000
parameters
   -2.7222   23.6756   -1.5585  -10.5513  -11.3500   -5.5570
    0.5990   -3.6027   -1.3564   23.7409    1.3162  -26.8347
eta,q 0.98208 12.42924
  0.0185  0.0183  0.0182  0.0184  0.0183  0.0185  0.0183  0.0186  0.0182  0.0183  0.0181  0.0181
  0.0182  0.0181  0.0181  0.0182  0.0181  0.0182  0.0181  0.0182  0.0181  0.0181  0.0180  0.0180
  0.0180  0.0180  0.0180  0.0180  0.0180  0.0180  0.0180  0.0180  0.0180  0.0180  0.0179  0.0179
  0.0179  0.0179  0.0179  0.0179  0.0179  0.0179  0.0179  0.0179  0.0179  0.0179  0.0179  0.0179
  0.0180  0.0180  0.0179  0.0180  0.0180  0.0180  0.0180  0.0180  0.0180  0.0180  0.0179  0.0179
  0.0182  0.0181  0.0180  0.0181  0.0181  0.0181  0.0181  0.0183  0.0181  0.0181  0.0180  0.0180
  0.0185  0.0183  0.0182  0.0184  0.0183  0.0185  0.0183  0.0186  0.0182  0.0183  0.0181  0.0181
registration optimization eta report
parameter search radius
    0.8000    0.8000    0.8000    2.4000    2.4000    2.4000
    2.4000    2.4000    2.4000    2.4000    2.4000    2.4000
100000*second partial in parameter space
       83.       59.       42.        8.        6.       10.
        7.       12.        5.        6.        3.        4.
  0.0185  0.0183  0.0182  0.0184  0.0183  0.0185  0.0183  0.0186  0.0182  0.0183  0.0181  0.0181
  0.0182  0.0181  0.0181  0.0182  0.0181  0.0182  0.0181  0.0182  0.0181  0.0181  0.0180  0.0180
  0.0180  0.0180  0.0180  0.0180  0.0180  0.0180  0.0180  0.0180  0.0180  0.0180  0.0179  0.0179
  0.0179  0.0179  0.0179  0.0179  0.0179  0.0179  0.0179  0.0179  0.0179  0.0179  0.0179  0.0179
  0.0180  0.0180  0.0179  0.0180  0.0180  0.0180  0.0180  0.0180  0.0180  0.0180  0.0179  0.0179
  0.0182  0.0181  0.0180  0.0181  0.0181  0.0181  0.0181  0.0183  0.0181  0.0181  0.0180  0.0180
  0.0185  0.0183  0.0182  0.0184  0.0183  0.0185  0.0183  0.0186  0.0182  0.0183  0.0181  0.0181
   -2.7222   23.6756   -1.5585  -10.5513  -11.3500   -5.5570
    0.5990   -3.6027   -1.3564   23.7409    1.3162  -26.8347
eta,q 0.98208 12.42924

---------------------------------------------------------------------
imgreg_4dfp /opt/freesurfer/average/711-2C_as_mni_average_305 /opt/freesurfer/average/711-2B_as_mni_average_305_mask talsrcimg_g11 none talsrcimg_to_711-2C_as_mni_average_305_t4 2311
---------------------------------------------------------------------

freesurfer imgreg_4dfp.c
/opt/freesurfer/average/711-2C_as_mni_average_305.4dfp.img
       256       256       256         1
  1.000000  1.000000  1.000000
orientation T byte_order littleendian
Reading image: /opt/freesurfer/average/711-2C_as_mni_average_305.4dfp.img
dimensions:      256       256       256
mmppix:       1.0000   -1.0000   -1.0000
center:     128.0000 -129.0000 -129.0000
/opt/freesurfer/average/711-2B_as_mni_average_305_mask.4dfp.img
       256       256       256         1
  1.000000  1.000000  1.000000
orientation T byte_order littleendian
Reading mask: /opt/freesurfer/average/711-2B_as_mni_average_305_mask.4dfp.img (2306576 pixels)
talsrcimg_g11.4dfp.img
       256       256       256         1
  1.000000  1.000000  1.000000
orientation T byte_order littleendian
Reading image: talsrcimg_g11.4dfp.img
dimensions:      256       256       256
mmppix:       1.0000   -1.0000   -1.0000
center:     128.0000 -129.0000 -129.0000
fimgreg.f
image alignment mode   2311 decimal      907 hex
parameters
   -2.7222   23.6756   -1.5585  -10.5513  -11.3500   -5.5570
    0.5990   -3.6027   -1.3564   23.7409    1.3162  -26.8347
eta,q 0.98208 12.42923
niter,ni,del,rscale     5    3    5.0000    0.8000
parameters
   -2.7381   23.6799   -1.5736  -10.8352  -11.4886   -5.9451
    0.5902   -3.5776   -1.3814   23.8309    1.2030  -26.9036
eta,q 0.98204 12.40052
  0.0200  0.0194  0.0190  0.0196  0.0192  0.0196  0.0194  0.0207  0.0191  0.0195  0.0187  0.0188
  0.0188  0.0186  0.0184  0.0187  0.0185  0.0189  0.0186  0.0191  0.0185  0.0186  0.0183  0.0183
  0.0182  0.0181  0.0180  0.0181  0.0181  0.0182  0.0181  0.0182  0.0181  0.0181  0.0180  0.0180
  0.0179  0.0179  0.0179  0.0179  0.0179  0.0179  0.0180  0.0180  0.0180  0.0180  0.0180  0.0180
  0.0182  0.0181  0.0180  0.0181  0.0181  0.0182  0.0181  0.0183  0.0181  0.0181  0.0180  0.0181
  0.0189  0.0186  0.0184  0.0189  0.0186  0.0191  0.0186  0.0192  0.0185  0.0186  0.0183  0.0183
  0.0201  0.0194  0.0190  0.0203  0.0194  0.0206  0.0195  0.0206  0.0191  0.0193  0.0188  0.0188
niter,ni,del,rscale     4    3    5.0000    0.7000
parameters
   -2.7082   23.6731   -1.5972  -10.6940  -11.4292   -5.8705
    0.6019   -3.5565   -1.3743   23.7997    1.2401  -26.9019
eta,q 0.98206 12.41092
  0.0196  0.0191  0.0187  0.0195  0.0190  0.0195  0.0191  0.0201  0.0188  0.0190  0.0185  0.0186
  0.0187  0.0185  0.0183  0.0187  0.0185  0.0188  0.0185  0.0189  0.0184  0.0184  0.0182  0.0182
  0.0182  0.0181  0.0180  0.0182  0.0181  0.0183  0.0181  0.0182  0.0180  0.0180  0.0180  0.0180
  0.0180  0.0180  0.0180  0.0180  0.0179  0.0179  0.0179  0.0179  0.0179  0.0179  0.0179  0.0179
  0.0181  0.0181  0.0181  0.0180  0.0180  0.0180  0.0181  0.0182  0.0180  0.0181  0.0180  0.0180
  0.0186  0.0185  0.0183  0.0185  0.0184  0.0185  0.0185  0.0189  0.0183  0.0184  0.0182  0.0182
  0.0195  0.0191  0.0188  0.0194  0.0190  0.0196  0.0191  0.0200  0.0188  0.0191  0.0185  0.0186
niter,ni,del,rscale     3    3    5.0000    0.6000
parameters
   -2.7128   23.6761   -1.5955  -10.6311  -11.3978   -5.7427
    0.6064   -3.5677   -1.3667   23.7808    1.2704  -26.8891
eta,q 0.98207 12.41897
  0.0191  0.0188  0.0185  0.0190  0.0187  0.0192  0.0188  0.0195  0.0186  0.0187  0.0184  0.0184
  0.0185  0.0183  0.0182  0.0185  0.0183  0.0186  0.0183  0.0186  0.0182  0.0183  0.0181  0.0181
  0.0181  0.0180  0.0180  0.0181  0.0180  0.0182  0.0180  0.0181  0.0180  0.0180  0.0180  0.0180
  0.0179  0.0179  0.0179  0.0179  0.0179  0.0179  0.0179  0.0179  0.0179  0.0179  0.0179  0.0179
  0.0181  0.0180  0.0180  0.0180  0.0180  0.0180  0.0180  0.0181  0.0180  0.0180  0.0180  0.0180
  0.0185  0.0183  0.0182  0.0184  0.0183  0.0184  0.0183  0.0187  0.0182  0.0183  0.0181  0.0181
  0.0191  0.0188  0.0185  0.0190  0.0187  0.0192  0.0188  0.0195  0.0186  0.0187  0.0184  0.0184
niter,ni,del,rscale     2    3    5.0000    0.5000
parameters
   -2.7196   23.6735   -1.5746  -10.5806  -11.3818   -5.6282
    0.6055   -3.5857   -1.3614   23.7605    1.3016  -26.8638
eta,q 0.98208 12.42499
  0.0187  0.0185  0.0184  0.0187  0.0185  0.0189  0.0185  0.0190  0.0184  0.0185  0.0182  0.0183
  0.0183  0.0182  0.0181  0.0183  0.0182  0.0184  0.0182  0.0184  0.0181  0.0182  0.0181  0.0181
  0.0180  0.0180  0.0180  0.0180  0.0180  0.0181  0.0180  0.0180  0.0180  0.0180  0.0180  0.0180
  0.0179  0.0179  0.0179  0.0179  0.0179  0.0179  0.0179  0.0179  0.0179  0.0179  0.0179  0.0179
  0.0180  0.0180  0.0180  0.0180  0.0180  0.0180  0.0180  0.0181  0.0180  0.0180  0.0180  0.0180
  0.0183  0.0182  0.0181  0.0182  0.0182  0.0182  0.0182  0.0184  0.0181  0.0182  0.0181  0.0181
  0.0188  0.0185  0.0183  0.0187  0.0185  0.0188  0.0185  0.0190  0.0184  0.0185  0.0182  0.0182
niter,ni,del,rscale     1    3    5.0000    0.4000
parameters
   -2.7225   23.6749   -1.5582  -10.5457  -11.3506   -5.5590
    0.6033   -3.6016   -1.3530   23.7383    1.3108  -26.8327
eta,q 0.98208 12.42925
  0.0184  0.0183  0.0182  0.0184  0.0183  0.0185  0.0183  0.0186  0.0182  0.0183  0.0181  0.0181
  0.0182  0.0181  0.0181  0.0182  0.0181  0.0182  0.0181  0.0182  0.0181  0.0181  0.0180  0.0180
  0.0180  0.0180  0.0180  0.0180  0.0180  0.0180  0.0180  0.0180  0.0180  0.0180  0.0179  0.0179
  0.0179  0.0179  0.0179  0.0179  0.0179  0.0179  0.0179  0.0179  0.0179  0.0179  0.0179  0.0179
  0.0180  0.0180  0.0179  0.0180  0.0180  0.0180  0.0180  0.0180  0.0180  0.0180  0.0179  0.0179
  0.0182  0.0181  0.0180  0.0181  0.0181  0.0181  0.0181  0.0182  0.0181  0.0181  0.0180  0.0180
  0.0185  0.0183  0.0182  0.0184  0.0183  0.0185  0.0183  0.0186  0.0182  0.0183  0.0181  0.0181
registration optimization eta report
parameter search radius
    0.8000    0.8000    0.8000    2.4000    2.4000    2.4000
    2.4000    2.4000    2.4000    2.4000    2.4000    2.4000
100000*second partial in parameter space
       82.       58.       42.        8.        6.       10.
        7.       12.        5.        6.        4.        4.
  0.0184  0.0183  0.0182  0.0184  0.0183  0.0185  0.0183  0.0186  0.0182  0.0183  0.0181  0.0181
  0.0182  0.0181  0.0181  0.0182  0.0181  0.0182  0.0181  0.0182  0.0181  0.0181  0.0180  0.0180
  0.0180  0.0180  0.0180  0.0180  0.0180  0.0180  0.0180  0.0180  0.0180  0.0180  0.0179  0.0179
  0.0179  0.0179  0.0179  0.0179  0.0179  0.0179  0.0179  0.0179  0.0179  0.0179  0.0179  0.0179
  0.0180  0.0180  0.0179  0.0180  0.0180  0.0180  0.0180  0.0180  0.0180  0.0180  0.0179  0.0179
  0.0182  0.0181  0.0180  0.0181  0.0181  0.0181  0.0181  0.0182  0.0181  0.0181  0.0180  0.0180
  0.0185  0.0183  0.0182  0.0184  0.0183  0.0185  0.0183  0.0186  0.0182  0.0183  0.0181  0.0181
   -2.7225   23.6749   -1.5582  -10.5457  -11.3506   -5.5590
    0.6033   -3.6016   -1.3530   23.7383    1.3108  -26.8327
eta,q 0.98208 12.42925

---------------------------------------------------------------------
compute_vox2vox talsrcimg talsrcimg_to_711-2C_as_mni_average_305_t4 /opt/freesurfer/average/711-2C_as_mni_average_305
---------------------------------------------------------------------

freesurfer compute_vox2vox.c
Reading: talsrcimg.4dfp.ifh
Reading: talsrcimg_to_711-2C_as_mni_average_305_t4
Reading: /opt/freesurfer/average/711-2C_as_mni_average_305.4dfp.ifh
Writing: talsrcimg_to_711-2C_as_mni_average_305_t4_vox2vox.txt

start time Mon Mar 9 14:06:07 CET 2026
end		time Mon Mar 9 14:07:33 CET 2026

mpr2mni305 success

avi2talxfm orig_nu.mgz /opt/freesurfer/average/mni305.cor.mgz talsrcimg_to_711-2C_as_mni_average_305_t4_vox2vox.txt transforms/talairach.auto.xfm
avi2talxfm done
mv -f /out/sourcedata/freesurfer/sub-v1s22x0050478_ses-1/mri/talsrcimg_to_711-2C_as_mni_average_305_t4_vox2vox.txt /out/sourcedata/freesurfer/sub-v1s22x0050478_ses-1/mri/transforms/talsrcimg_to_711-2C_as_mni_average_305_t4_vox2vox.txt
lta_convert --src orig_nu.mgz --trg /opt/freesurfer/average/mni305.cor.mgz --inxfm transforms/talairach.auto.xfm --outlta transforms/talairach.auto.xfm.lta --subject fsaverage
7.3.2

--src: orig_nu.mgz src image (geometry).
--trg: /opt/freesurfer/average/mni305.cor.mgz trg image (geometry).
--inmni: transforms/talairach.auto.xfm input MNI/XFM transform.
--outlta: transforms/talairach.auto.xfm.lta output LTA.
--s: fsaverage subject name
 LTA read, type : 1
 1.11736   0.04138   0.00492  -3.98007;
-0.00991   0.98363   0.29780  -50.91365;
 0.01971  -0.26276   1.04837   1.95999;
 0.00000   0.00000   0.00000   1.00000;
setting subject to fsaverage
Writing  LTA to file transforms/talairach.auto.xfm.lta...
lta_convert successful.
 
 
Started at Mon Mar 9 14:06:06 CET 2026
Ended   at Mon Mar  9 14:07:33 CET 2026
talairach_avi done
