/out/sourcedata/freesurfer/sub-v1s22x0050532_ses-1/mri
/opt/freesurfer/bin/talairach_avi
--i orig_nu.mgz --xfm transforms/talairach.auto.xfm
talairach_avi 7.3.2
Linux dna029 5.14.0-427.37.1.el9_4.x86_64 #1 SMP PREEMPT_DYNAMIC Fri Sep 13 12:41:50 EDT 2024 x86_64 x86_64 x86_64 GNU/Linux
Mon Mar  9 17:01:01 CET 2026
mri_convert orig_nu.mgz talsrcimg.img 
reading from orig_nu.mgz...
TR=0.00, TE=0.00, TI=0.00, flip angle=0.00
i_ras = (-1, 0, 0)
j_ras = (0, 0, -1)
k_ras = (0, 1, 0)
writing to talsrcimg.img...
Analyze Output Matrix
-1.00000   0.00000   0.00000   127.23935;
 0.00000   0.00000   1.00000  -103.82367;
 0.00000  -1.00000   0.00000   137.20316;
 0.00000   0.00000   0.00000   1.00000;
--------------------
INFO: set hdr.hist.orient to -1
mpr2mni305 talsrcimg
Mon Mar  9 17:01:01 CET 2026
/opt/freesurfer/bin/mpr2mni305 talsrcimg
mpr2mni305 7.3.2
target=711-2C_as_mni_average_305

---------------------------------------------------------------------
analyzeto4dfp talsrcimg -O0 -y
---------------------------------------------------------------------

freesurfer ifh2hdr.c
Mon Mar  9 17:01:02 2026
Writing: talsrcimg.4dfp.hdr
freesurfer analyzeto4dfp.c
Reading: talsrcimg.hdr
header size 348 bytes
hdr.dime.datatype	offset=70	value=2
hdr.dime.bitpix		offset=72	value=8
hdr.hist.orient		offset=252	value=-1
dimensionality     4
dimensions       256       256       256         1
Reading: talsrcimg.img
Writing: talsrcimg.4dfp.img
Writing: talsrcimg.4dfp.ifh
ifh2hdr talsrcimg -r0to208
ori=2

---------------------------------------------------------------------
gauss_4dfp talsrcimg 1.1
---------------------------------------------------------------------

freesurfer gauss_4dfp.c
Reading: talsrcimg.4dfp.img
Writing: talsrcimg_g11.4dfp.img
image dimensions 256 256 256 padded to 288 288 288
processing volume 1freesurfer ifh2hdr.c
Mon Mar  9 17:01:03 2026
Writing: talsrcimg_g11.4dfp.hdr

Writing: talsrcimg_g11.4dfp.ifh
including: talsrcimg.4dfp.img.rec in talsrcimg_g11.4dfp.img.rec

---------------------------------------------------------------------
imgreg_4dfp /opt/freesurfer/average/711-2C_as_mni_average_305 none talsrcimg_g11 none talsrcimg_to_711-2C_as_mni_average_305_t4 4355
---------------------------------------------------------------------

freesurfer imgreg_4dfp.c
/opt/freesurfer/average/711-2C_as_mni_average_305.4dfp.img
       256       256       256         1
  1.000000  1.000000  1.000000
orientation T byte_order littleendian
Reading image: /opt/freesurfer/average/711-2C_as_mni_average_305.4dfp.img
dimensions:      256       256       256
mmppix:       1.0000   -1.0000   -1.0000
center:     128.0000 -129.0000 -129.0000
talsrcimg_g11.4dfp.img
       256       256       256         1
  1.000000  1.000000  1.000000
orientation T byte_order littleendian
Reading image: talsrcimg_g11.4dfp.img
dimensions:      256       256       256
mmppix:       1.0000   -1.0000   -1.0000
center:     128.0000 -129.0000 -129.0000
t4_read: open error in t4_sub.f l:  41 t4_file(1:l)talsrcimg_to_711-2C_as_mni_average_305_t4 
t4_read: transform initialized to I4
rotation matrix determinant  1.000000
image alignment mode   4355 decimal     1103 hex
   -7.5000  -45.0000  -45.0000 6141.8481   20.1123
    0.0000  -45.0000  -45.0000 6409.5674   20.1189
    7.5000  -45.0000  -45.0000 6226.8599   20.1576
   -7.5000  -37.5000  -45.0000 6644.8765   19.6233
    0.0000  -37.5000  -45.0000 6955.7778   19.6274
    7.5000  -37.5000  -45.0000 6740.4800   19.6630
   -7.5000  -30.0000  -45.0000 7499.3252   19.5256
    0.0000  -30.0000  -45.0000 7881.0742   19.5226
    7.5000  -30.0000  -45.0000 7622.1558   19.5477
   -7.5000  -22.5000  -45.0000 8386.6797   19.5283
    0.0000  -22.5000  -45.0000 8854.9424   19.5199
    7.5000  -22.5000  -45.0000 8537.6943   19.5351
   -7.5000  -15.0000  -45.0000 9305.9697   19.4964
    0.0000  -15.0000  -45.0000 9813.3398   19.4898
    7.5000  -15.0000  -45.0000 9441.5469   19.5045
   -7.5000   -7.5000  -45.000010202.9756   19.4538
    0.0000   -7.5000  -45.000010751.5225   19.4539
    7.5000   -7.5000  -45.000010314.7266   19.4784
   -7.5000    0.0000  -45.000010898.8174   19.4441
    0.0000    0.0000  -45.000011478.3574   19.4495
    7.5000    0.0000  -45.000011016.5977   19.4845
   -7.5000    7.5000  -45.000010755.9316   19.4812
    0.0000    7.5000  -45.000011358.5908   19.4852
    7.5000    7.5000  -45.000010865.5430   19.5204
   -7.5000   15.0000  -45.000010608.7676   19.5228
    0.0000   15.0000  -45.000011185.0088   19.5198
    7.5000   15.0000  -45.000010706.8125   19.5450
   -7.5000   22.5000  -45.000010424.6172   19.5256
    0.0000   22.5000  -45.000010986.9619   19.5172
    7.5000   22.5000  -45.000010502.1162   19.5325
   -7.5000   30.0000  -45.000010151.4893   19.2366
    0.0000   30.0000  -45.000010728.0273   19.2301
    7.5000   30.0000  -45.000010231.2471   19.2446
   -7.5000   37.5000  -45.000010001.0801   19.1945
    0.0000   37.5000  -45.000010572.0840   19.1947
    7.5000   37.5000  -45.000010067.5947   19.2188
   -7.5000   45.0000  -45.0000 9529.5557   18.6978
    0.0000   45.0000  -45.000010082.7910   18.7030
    7.5000   45.0000  -45.0000 9565.1270   18.7367
   -7.5000  -45.0000  -37.5000 6506.6729   20.0557
    0.0000  -45.0000  -37.5000 6816.4570   20.0543
    7.5000  -45.0000  -37.5000 6600.5894   20.0836
   -7.5000  -37.5000  -37.5000 7056.2041   19.5701
    0.0000  -37.5000  -37.5000 7414.9463   19.5661
    7.5000  -37.5000  -37.5000 7168.5918   19.5928
   -7.5000  -30.0000  -37.5000 7992.5640   19.4694
    0.0000  -30.0000  -37.5000 8419.5010   19.4576
    7.5000  -30.0000  -37.5000 8118.8882   19.4792
   -7.5000  -22.5000  -37.5000 8958.2529   19.4659
    0.0000  -22.5000  -37.5000 9474.9307   19.4482
    7.5000  -22.5000  -37.5000 9098.8135   19.4639
   -7.5000  -15.0000  -37.5000 9883.9277   19.4326
    0.0000  -15.0000  -37.500010459.5830   19.4167
    7.5000  -15.0000  -37.500010029.6221   19.4317
   -7.5000   -7.5000  -37.500010814.1943   19.3943
    0.0000   -7.5000  -37.500011463.1621   19.3861
    7.5000   -7.5000  -37.500010943.2617   19.4065
   -7.5000    0.0000  -37.500011593.1543   19.3901
    0.0000    0.0000  -37.500012247.3086   19.3875
    7.5000    0.0000  -37.500011691.3623   19.4134
   -7.5000    7.5000  -37.500011472.3672   19.4289
    0.0000    7.5000  -37.500012131.5996   19.4247
    7.5000    7.5000  -37.500011566.0732   19.4511
   -7.5000   15.0000  -37.500011275.2129   19.4667
    0.0000   15.0000  -37.500011921.8154   19.4549
    7.5000   15.0000  -37.500011365.9883   19.4765
   -7.5000   22.5000  -37.500011015.1436   19.4633
    0.0000   22.5000  -37.500011652.9004   19.4456
    7.5000   22.5000  -37.500011099.3398   19.4612
   -7.5000   30.0000  -37.500010708.6982   19.1736
    0.0000   30.0000  -37.500011329.5576   19.1579
    7.5000   30.0000  -37.500010795.6182   19.1728
   -7.5000   37.5000  -37.500010560.7959   19.1359
    0.0000   37.5000  -37.500011174.1641   19.1278
    7.5000   37.5000  -37.500010622.6748   19.1479
   -7.5000   45.0000  -37.500010040.2373   18.6459
    0.0000   45.0000  -37.500010628.2412   18.6434
    7.5000   45.0000  -37.500010082.3701   18.6683
   -7.5000  -45.0000  -30.0000 7013.7031   20.8802
    0.0000  -45.0000  -30.0000 7366.3384   20.8795
    7.5000  -45.0000  -30.0000 7109.5469   20.9053
   -7.5000  -37.5000  -30.0000 7636.7612   20.3780
    0.0000  -37.5000  -30.0000 8050.1992   20.3772
    7.5000  -37.5000  -30.0000 7753.6670   20.4005
   -7.5000  -30.0000  -30.0000 8653.0547   20.2804
    0.0000  -30.0000  -30.0000 9144.1631   20.2696
    7.5000  -30.0000  -30.0000 8778.6094   20.2907
   -7.5000  -22.5000  -30.0000 9672.7793   20.2805
    0.0000  -22.5000  -30.000010248.7119   20.2582
    7.5000  -22.5000  -30.0000 9824.4941   20.2760
   -7.5000  -15.0000  -30.000010629.9170   20.2432
    0.0000  -15.0000  -30.000011297.3818   20.2192
    7.5000  -15.0000  -30.000010801.9453   20.2368
   -7.5000   -7.5000  -30.000011644.8213   20.1965
    0.0000   -7.5000  -30.000012356.1016   20.1832
    7.5000   -7.5000  -30.000011770.5332   20.2034
   -7.5000    0.0000  -30.000012498.7920   20.1880
    0.0000    0.0000  -30.000013230.9570   20.1859
    7.5000    0.0000  -30.000012608.3789   20.2083
   -7.5000    7.5000  -30.000012387.2344   20.2315
    0.0000    7.5000  -30.000013127.3633   20.2305
    7.5000    7.5000  -30.000012494.0918   20.2534
   -7.5000   15.0000  -30.000012155.3184   20.2775
    0.0000   15.0000  -30.000012880.1494   20.2668
    7.5000   15.0000  -30.000012222.6084   20.2878
   -7.5000   22.5000  -30.000011813.9746   20.2756
    0.0000   22.5000  -30.000012528.7227   20.2533
    7.5000   22.5000  -30.000011881.5859   20.2711
   -7.5000   30.0000  -30.000011452.9932   19.9753
    0.0000   30.0000  -30.000012146.5127   19.9517
    7.5000   30.0000  -30.000011543.1826   19.9691
   -7.5000   37.5000  -30.000011280.6689   19.9293
    0.0000   37.5000  -30.000011953.1006   19.9162
    7.5000   37.5000  -30.000011346.9209   19.9361
   -7.5000   45.0000  -30.000010733.5010   19.4274
    0.0000   45.0000  -30.000011342.4365   19.4254
    7.5000   45.0000  -30.000010752.4980   19.4470
   -7.5000  -45.0000  -22.5000 7533.3823   21.5616
    0.0000  -45.0000  -22.5000 7925.8599   21.5716
    7.5000  -45.0000  -22.5000 7637.5020   21.6046
   -7.5000  -37.5000  -22.5000 8222.7656   21.0457
    0.0000  -37.5000  -22.5000 8668.7852   21.0592
    7.5000  -37.5000  -22.5000 8334.2959   21.0884
   -7.5000  -30.0000  -22.5000 9340.7285   20.9550
    0.0000  -30.0000  -22.5000 9857.7520   20.9574
    7.5000  -30.0000  -22.5000 9433.9482   20.9810
   -7.5000  -22.5000  -22.500010397.4961   20.9636
    0.0000  -22.5000  -22.500011019.3389   20.9484
    7.5000  -22.5000  -22.500010535.0527   20.9674
   -7.5000  -15.0000  -22.500011414.0850   20.9240
    0.0000  -15.0000  -22.500012106.1260   20.9024
    7.5000  -15.0000  -22.500011550.5566   20.9224
   -7.5000   -7.5000  -22.500012502.9531   20.8660
    0.0000   -7.5000  -22.500013222.1523   20.8572
    7.5000   -7.5000  -22.500012609.9023   20.8824
   -7.5000    0.0000  -22.500013420.7070   20.8489
    0.0000    0.0000  -22.500014208.3379   20.8570
    7.5000    0.0000  -22.500013569.5947   20.8865
   -7.5000    7.5000  -22.500013310.1855   20.8951
    0.0000    7.5000  -22.500014121.1279   20.9083
    7.5000    7.5000  -22.500013437.0430   20.9371
   -7.5000   15.0000  -22.500013039.3857   20.9520
    0.0000   15.0000  -22.500013821.1309   20.9545
    7.5000   15.0000  -22.500013077.9268   20.9781
   -7.5000   22.5000  -22.500012664.9717   20.9572
    0.0000   22.5000  -22.500013428.4092   20.9420
    7.5000   22.5000  -22.500012704.9150   20.9609
   -7.5000   30.0000  -22.500012261.6426   20.6503
    0.0000   30.0000  -22.500013019.0352   20.6290
    7.5000   30.0000  -22.500012340.6084   20.6488
   -7.5000   37.5000  -22.500012063.4980   20.5931
    0.0000   37.5000  -22.500012773.4912   20.5844
    7.5000   37.5000  -22.500012123.7939   20.6092
   -7.5000   45.0000  -22.500011454.6934   20.0785
    0.0000   45.0000  -22.500012097.8027   20.0863
    7.5000   45.0000  -22.500011466.7812   20.1147
   -7.5000  -45.0000  -15.0000 8050.7104   22.0574
    0.0000  -45.0000  -15.0000 8469.0791   22.0777
    7.5000  -45.0000  -15.0000 8180.0229   22.1227
   -7.5000  -37.5000  -15.0000 8788.5498   21.5311
    0.0000  -37.5000  -15.0000 9253.8408   21.5554
    7.5000  -37.5000  -15.0000 8913.1943   21.5946
   -7.5000  -30.0000  -15.0000 9971.4092   21.4427
    0.0000  -30.0000  -15.000010509.0234   21.4558
    7.5000  -30.0000  -15.000010082.7705   21.4830
   -7.5000  -22.5000  -15.000011098.4219   21.4562
    0.0000  -22.5000  -15.000011723.8389   21.4510
    7.5000  -22.5000  -15.000011238.9248   21.4698
   -7.5000  -15.0000  -15.000012175.8574   21.4155
    0.0000  -15.0000  -15.000012852.7988   21.4034
    7.5000  -15.0000  -15.000012302.6592   21.4246
   -7.5000   -7.5000  -15.000013348.1934   21.3516
    0.0000   -7.5000  -15.000014065.7627   21.3520
    7.5000   -7.5000  -15.000013484.5957   21.3839
   -7.5000    0.0000  -15.000014381.3945   21.3298
    0.0000    0.0000  -15.000015204.6787   21.3479
    7.5000    0.0000  -15.000014561.6533   21.3891
   -7.5000    7.5000  -15.000014240.3125   21.3771
    0.0000    7.5000  -15.000015097.6719   21.4010
    7.5000    7.5000  -15.000014329.2012   21.4398
   -7.5000   15.0000  -15.000013917.2471   21.4396
    0.0000   15.0000  -15.000014694.3691   21.4527
    7.5000   15.0000  -15.000013891.0469   21.4800
   -7.5000   22.5000  -15.000013521.2559   21.4486
    0.0000   22.5000  -15.000014307.4512   21.4434
    7.5000   22.5000  -15.000013506.3877   21.4622
   -7.5000   30.0000  -15.000013101.7646   21.1384
    0.0000   30.0000  -15.000013889.5498   21.1264
    7.5000   30.0000  -15.000013141.9375   21.1474
   -7.5000   37.5000  -15.000012863.7354   21.0752
    0.0000   37.5000  -15.000013626.8193   21.0757
    7.5000   37.5000  -15.000012886.5820   21.1072
   -7.5000   45.0000  -15.000012151.7930   20.5540
    0.0000   45.0000  -15.000012839.2959   20.5715
    7.5000   45.0000  -15.000012125.0098   20.6112
   -7.5000  -45.0000   -7.5000 8624.6738   22.3378
    0.0000  -45.0000   -7.5000 9062.5557   22.3556
    7.5000  -45.0000   -7.5000 8746.7666   22.4046
   -7.5000  -37.5000   -7.5000 9410.2109   21.8004
    0.0000  -37.5000   -7.5000 9876.2334   21.8189
    7.5000  -37.5000   -7.5000 9505.2686   21.8625
   -7.5000  -30.0000   -7.500010634.0977   21.7031
    0.0000  -30.0000   -7.500011168.0498   21.7117
    7.5000  -30.0000   -7.500010730.7646   21.7410
   -7.5000  -22.5000   -7.500011823.7900   21.7139
    0.0000  -22.5000   -7.500012460.6973   21.7104
    7.5000  -22.5000   -7.500011937.9229   21.7283
   -7.5000  -15.0000   -7.500012992.0088   21.6763
    0.0000  -15.0000   -7.500013647.9893   21.6704
    7.5000  -15.0000   -7.500013067.6016   21.6897
   -7.5000   -7.5000   -7.500014322.4590   21.6184
    0.0000   -7.5000   -7.500015033.3330   21.6227
    7.5000   -7.5000   -7.500014402.3701   21.6550
   -7.5000    0.0000   -7.500015480.4414   21.6000
    0.0000    0.0000   -7.500016433.1621   21.6160
    7.5000    0.0000   -7.500015600.2256   21.6609
   -7.5000    7.5000   -7.500015278.4111   21.6439
    0.0000    7.5000   -7.500016204.1045   21.6620
    7.5000    7.5000   -7.500015246.6523   21.7051
   -7.5000   15.0000   -7.500014904.8193   21.7000
    0.0000   15.0000   -7.500015667.8086   21.7086
    7.5000   15.0000   -7.500014756.2148   21.7380
   -7.5000   22.5000   -7.500014478.1445   21.7039
    0.0000   22.5000   -7.500015220.2725   21.7004
    7.5000   22.5000   -7.500014371.4971   21.7183
   -7.5000   30.0000   -7.500014042.2471   21.3952
    0.0000   30.0000   -7.500014792.9375   21.3894
    7.5000   30.0000   -7.500013995.9668   21.4084
   -7.5000   37.5000   -7.500013752.7549   21.3381
    0.0000   37.5000   -7.500014521.4131   21.3422
    7.5000   37.5000   -7.500013713.7617   21.3741
   -7.5000   45.0000   -7.500012923.1338   20.8183
    0.0000   45.0000   -7.500013638.9072   20.8338
    7.5000   45.0000   -7.500012854.0908   20.8770
   -7.5000  -45.0000    0.0000 9120.6553   22.4250
    0.0000  -45.0000    0.0000 9552.5752   22.4318
    7.5000  -45.0000    0.0000 9188.3467   22.4747
   -7.5000  -37.5000    0.0000 9942.5889   21.8807
    0.0000  -37.5000    0.000010407.5420   21.8848
    7.5000  -37.5000    0.0000 9972.7852   21.9241
   -7.5000  -30.0000    0.000011228.5781   21.7706
    0.0000  -30.0000    0.000011765.8730   21.7669
    7.5000  -30.0000    0.000011252.9189   21.7947
   -7.5000  -22.5000    0.000012474.7139   21.7726
    0.0000  -22.5000    0.000013079.1562   21.7628
    7.5000  -22.5000    0.000012476.9248   21.7798
   -7.5000  -15.0000    0.000013740.9561   21.7376
    0.0000  -15.0000    0.000014355.3438   21.7297
    7.5000  -15.0000    0.000013686.5752   21.7463
   -7.5000   -7.5000    0.000015259.8604   21.6918
    0.0000   -7.5000    0.000016007.8086   21.6913
    7.5000   -7.5000    0.000015197.8154   21.7187
   -7.5000    0.0000    0.000016639.8613   21.6821
    0.0000    0.0000    0.000017777.4668   21.6876
    7.5000    0.0000    0.000016576.1348   21.7263
   -7.5000    7.5000    0.000016369.7041   21.7228
    0.0000    7.5000    0.000017282.5547   21.7268
    7.5000    7.5000    0.000016161.3164   21.7657
   -7.5000   15.0000    0.000015864.2021   21.7676
    0.0000   15.0000    0.000016517.3223   21.7638
    7.5000   15.0000    0.000015605.1943   21.7917
   -7.5000   22.5000    0.000015411.9521   21.7626
    0.0000   22.5000    0.000016047.2402   21.7528
    7.5000   22.5000    0.000015220.8740   21.7698
   -7.5000   30.0000    0.000014942.4512   21.4563
    0.0000   30.0000    0.000015615.8936   21.4485
    7.5000   30.0000    0.000014802.6113   21.4648
   -7.5000   37.5000    0.000014646.8936   21.4111
    0.0000   37.5000    0.000015362.4756   21.4106
    7.5000   37.5000    0.000014534.7559   21.4376
   -7.5000   45.0000    0.000013661.1025   20.8991
    0.0000   45.0000    0.000014351.4746   20.9043
    7.5000   45.0000    0.000013561.4541   20.9417
   -7.5000  -45.0000    7.5000 8897.1025   22.4415
    0.0000  -45.0000    7.5000 9362.3027   22.4398
    7.5000  -45.0000    7.5000 8947.5840   22.4727
   -7.5000  -37.5000    7.5000 9701.4434   21.8983
    0.0000  -37.5000    7.500010176.3467   21.8936
    7.5000  -37.5000    7.5000 9703.5186   21.9237
   -7.5000  -30.0000    7.500010932.8506   21.7856
    0.0000  -30.0000    7.500011486.4023   21.7723
    7.5000  -30.0000    7.500010922.7520   21.7965
   -7.5000  -22.5000    7.500012101.3789   21.7816
    0.0000  -22.5000    7.500012691.3477   21.7617
    7.5000  -22.5000    7.500012038.5996   21.7793
   -7.5000  -15.0000    7.500013338.4541   21.7442
    0.0000  -15.0000    7.500013913.1387   21.7264
    7.5000  -15.0000    7.500013200.6113   21.7432
   -7.5000   -7.5000    7.500014908.6953   21.7015
    0.0000   -7.5000    7.500015703.3916   21.6922
    7.5000   -7.5000    7.500014730.7930   21.7150
   -7.5000    0.0000    7.500016272.9336   21.6968
    0.0000    0.0000    7.500017401.4453   21.6938
    7.5000    0.0000    7.500016198.1875   21.7228
   -7.5000    7.5000    7.500015963.8027   21.7402
    0.0000    7.5000    7.500016764.7266   21.7354
    7.5000    7.5000    7.500015884.4482   21.7651
   -7.5000   15.0000    7.500015472.9492   21.7825
    0.0000   15.0000    7.500016005.5713   21.7692
    7.5000   15.0000    7.500015322.5186   21.7935
   -7.5000   22.5000    7.500015092.6748   21.7715
    0.0000   22.5000    7.500015636.1582   21.7517
    7.5000   22.5000    7.500014943.9189   21.7693
   -7.5000   30.0000    7.500014609.0059   21.4628
    0.0000   30.0000    7.500015295.2002   21.4452
    7.5000   30.0000    7.500014523.3135   21.4618
   -7.5000   37.5000    7.500014308.3926   21.4206
    0.0000   37.5000    7.500015088.6699   21.4115
    7.5000   37.5000    7.500014222.3887   21.4340
   -7.5000   45.0000    7.500013248.8447   20.9132
    0.0000   45.0000    7.500014029.3838   20.9104
    7.5000   45.0000    7.500013174.0654   20.9383
   -7.5000  -45.0000   15.0000 8491.3330   22.4227
    0.0000  -45.0000   15.0000 8991.1455   22.4219
    7.5000  -45.0000   15.0000 8540.6299   22.4495
   -7.5000  -37.5000   15.0000 9315.3027   21.8834
    0.0000  -37.5000   15.0000 9825.4414   21.8824
    7.5000  -37.5000   15.0000 9314.9951   21.9074
   -7.5000  -30.0000   15.000010516.5361   21.7786
    0.0000  -30.0000   15.000011056.7139   21.7670
    7.5000  -30.0000   15.000010481.9424   21.7895
   -7.5000  -22.5000   15.000011605.3828   21.7787
    0.0000  -22.5000   15.000012166.1494   21.7547
    7.5000  -22.5000   15.000011564.4131   21.7737
   -7.5000  -15.0000   15.000012744.2676   21.7386
    0.0000  -15.0000   15.000013280.5137   21.7129
    7.5000  -15.0000   15.000012685.1553   21.7317
   -7.5000   -7.5000   15.000014071.3682   21.6885
    0.0000   -7.5000   15.000014804.9062   21.6742
    7.5000   -7.5000   15.000014084.6924   21.6958
   -7.5000    0.0000   15.000015215.5107   21.6793
    0.0000    0.0000   15.000016293.3604   21.6770
    7.5000    0.0000   15.000015440.2871   21.7010
   -7.5000    7.5000   15.000015080.0244   21.7261
    0.0000    7.5000   15.000016196.2021   21.7249
    7.5000    7.5000   15.000015369.9316   21.7495
   -7.5000   15.0000   15.000014830.3760   21.7755
    0.0000   15.0000   15.000015835.9541   21.7639
    7.5000   15.0000   15.000015000.8525   21.7865
   -7.5000   22.5000   15.000014484.0498   21.7687
    0.0000   22.5000   15.000015417.7754   21.7447
    7.5000   22.5000   15.000014527.6357   21.7637
   -7.5000   30.0000   15.000013969.9170   21.4573
    0.0000   30.0000   15.000014896.5742   21.4319
    7.5000   30.0000   15.000013975.4307   21.4504
   -7.5000   37.5000   15.000013661.9795   21.4078
    0.0000   37.5000   15.000014542.9453   21.3937
    7.5000   37.5000   15.000013620.5986   21.4150
   -7.5000   45.0000   15.000012612.7432   20.8964
    0.0000   45.0000   15.000013421.5596   20.8941
    7.5000   45.0000   15.000012567.5029   20.9173
   -7.5000  -45.0000   22.5000 7978.6235   22.4183
    0.0000  -45.0000   22.5000 8489.7900   22.4284
    7.5000  -45.0000   22.5000 8063.0791   22.4620
   -7.5000  -37.5000   22.5000 8729.9834   21.8812
    0.0000  -37.5000   22.5000 9268.5742   21.8949
    7.5000  -37.5000   22.5000 8802.5049   21.9246
   -7.5000  -30.0000   22.5000 9852.1836   21.7870
    0.0000  -30.0000   22.500010448.2812   21.7893
    7.5000  -30.0000   22.5000 9928.1387   21.8131
   -7.5000  -22.5000   22.500010888.9521   21.7963
    0.0000  -22.5000   22.500011543.2891   21.7802
    7.5000  -22.5000   22.500010983.9014   21.7993
   -7.5000  -15.0000   22.500011952.2734   21.7549
    0.0000  -15.0000   22.500012705.8584   21.7322
    7.5000  -15.0000   22.500012078.4902   21.7524
   -7.5000   -7.5000   22.500013154.3994   21.6942
    0.0000   -7.5000   22.500014057.6748   21.6848
    7.5000   -7.5000   22.500013364.9277   21.7103
   -7.5000    0.0000   22.500014198.7178   21.6762
    0.0000    0.0000   22.500015184.5312   21.6843
    7.5000    0.0000   22.500014477.6602   21.7143
   -7.5000    7.5000   22.500014084.5166   21.7243
    0.0000    7.5000   22.500015087.9395   21.7378
    7.5000    7.5000   22.500014343.7822   21.7671
   -7.5000   15.0000   22.500013879.5498   21.7839
    0.0000   15.0000   22.500014894.3066   21.7862
    7.5000   15.0000   22.500014063.3770   21.8100
   -7.5000   22.5000   22.500013580.1504   21.7862
    0.0000   22.5000   22.500014535.8760   21.7702
    7.5000   22.5000   22.500013643.6250   21.7892
   -7.5000   30.0000   22.500013101.6152   21.4734
    0.0000   30.0000   22.500013982.2715   21.4510
    7.5000   30.0000   22.500013103.3467   21.4708
   -7.5000   37.5000   22.500012833.1104   21.4135
    0.0000   37.5000   22.500013639.2236   21.4041
    7.5000   37.5000   22.500012802.9688   21.4293
   -7.5000   45.0000   22.500011883.6328   20.8933
    0.0000   45.0000   22.500012615.5684   20.9012
    7.5000   45.0000   22.500011825.0947   20.9301
   -7.5000  -45.0000   30.0000 7354.0566   22.5014
    0.0000  -45.0000   30.0000 7823.8979   22.5219
    7.5000  -45.0000   30.0000 7455.4932   22.5666
   -7.5000  -37.5000   30.0000 8028.6699   21.9625
    0.0000  -37.5000   30.0000 8561.3486   21.9874
    7.5000  -37.5000   30.0000 8161.5347   22.0261
   -7.5000  -30.0000   30.0000 9095.5674   21.8728
    0.0000  -30.0000   30.0000 9682.3135   21.8862
    7.5000  -30.0000   30.0000 9213.2773   21.9125
   -7.5000  -22.5000   30.000010110.6475   21.8868
    0.0000  -22.5000   30.000010764.6924   21.8812
    7.5000  -22.5000   30.000010221.3203   21.8990
   -7.5000  -15.0000   30.000011103.8428   21.8441
    0.0000  -15.0000   30.000011824.8037   21.8314
    7.5000  -15.0000   30.000011241.3164   21.8517
   -7.5000   -7.5000   30.000012175.5332   21.7776
    0.0000   -7.5000   30.000012921.9014   21.7777
    7.5000   -7.5000   30.000012319.3730   21.8090
   -7.5000    0.0000   30.000013064.7861   21.7550
    0.0000    0.0000   30.000013784.4619   21.7734
    7.5000    0.0000   30.000013214.1992   21.8143
   -7.5000    7.5000   30.000012924.5381   21.8045
    0.0000    7.5000   30.000013603.3975   21.8289
    7.5000    7.5000   30.000013051.6982   21.8672
   -7.5000   15.0000   30.000012727.0820   21.8697
    0.0000   15.0000   30.000013384.2988   21.8830
    7.5000   15.0000   30.000012825.9502   21.9094
   -7.5000   22.5000   30.000012454.6895   21.8767
    0.0000   22.5000   30.000013072.1104   21.8711
    7.5000   22.5000   30.000012510.2520   21.8889
   -7.5000   30.0000   30.000012085.6328   21.5614
    0.0000   30.0000   30.000012680.9678   21.5489
    7.5000   30.0000   30.000012102.5889   21.5689
   -7.5000   37.5000   30.000011926.4834   21.4957
    0.0000   37.5000   30.000012518.8262   21.4959
    7.5000   37.5000   30.000011921.8623   21.5268
   -7.5000   45.0000   30.000011070.2314   20.9693
    0.0000   45.0000   30.000011624.2920   20.9871
    7.5000   45.0000   30.000011024.0332   21.0264
   -7.5000  -45.0000   37.5000 7052.7295   22.8577
    0.0000  -45.0000   37.5000 7422.9150   22.8763
    7.5000  -45.0000   37.5000 7110.7744   22.9243
   -7.5000  -37.5000   37.5000 7707.3467   22.3023
    0.0000  -37.5000   37.5000 8146.5986   22.3218
    7.5000  -37.5000   37.5000 7802.2256   22.3646
   -7.5000  -30.0000   37.5000 8741.8672   22.2007
    0.0000  -30.0000   37.5000 9223.3486   22.2099
    7.5000  -30.0000   37.5000 8820.1270   22.2380
   -7.5000  -22.5000   37.5000 9724.3340   22.2106
    0.0000  -22.5000   37.500010251.4326   22.2070
    7.5000  -22.5000   37.5000 9805.6289   22.2231
   -7.5000  -15.0000   37.500010662.7432   22.1698
    0.0000  -15.0000   37.500011241.4453   22.1635
    7.5000  -15.0000   37.500010762.9678   22.1809
   -7.5000   -7.5000   37.500011640.4482   22.1094
    0.0000   -7.5000   37.500012241.0498   22.1136
    7.5000   -7.5000   37.500011713.0215   22.1445
   -7.5000    0.0000   37.500012454.8047   22.0915
    0.0000    0.0000   37.500013041.6787   22.1082
    7.5000    0.0000   37.500012519.3242   22.1522
   -7.5000    7.5000   37.500012317.9287   22.1388
    0.0000    7.5000   37.500012873.1758   22.1579
    7.5000    7.5000   37.500012387.9619   22.2003
   -7.5000   15.0000   37.500012091.5225   22.1975
    0.0000   15.0000   37.500012646.1377   22.2067
    7.5000   15.0000   37.500012173.9590   22.2348
   -7.5000   22.5000   37.500011833.9287   22.2003
    0.0000   22.5000   37.500012353.6816   22.1967
    7.5000   22.5000   37.500011874.0068   22.2128
   -7.5000   30.0000   37.500011504.3164   21.8829
    0.0000   30.0000   37.500012006.4121   21.8767
    7.5000   30.0000   37.500011522.7920   21.8938
   -7.5000   37.5000   37.500011419.1152   21.8233
    0.0000   37.5000   37.500011959.5332   21.8274
    7.5000   37.5000   37.500011442.5010   21.8579
   -7.5000   45.0000   37.500010596.6494   21.2937
    0.0000   45.0000   37.500011097.8955   21.3098
    7.5000   45.0000   37.500010580.6055   21.3522
   -7.5000  -45.0000   45.0000 6453.4658   23.2890
    0.0000  -45.0000   45.0000 6742.2456   23.2970
    7.5000  -45.0000   45.0000 6484.3872   23.3413
   -7.5000  -37.5000   45.0000 7073.2080   22.7125
    0.0000  -37.5000   45.0000 7406.5493   22.7175
    7.5000  -37.5000   45.0000 7120.3140   22.7580
   -7.5000  -30.0000   45.0000 8022.0923   22.5910
    0.0000  -30.0000   45.0000 8413.7637   22.5872
    7.5000  -30.0000   45.0000 8064.9609   22.6152
   -7.5000  -22.5000   45.0000 8912.8691   22.5906
    0.0000  -22.5000   45.0000 9360.1768   22.5803
    7.5000  -22.5000   45.0000 8965.1475   22.5966
   -7.5000  -15.0000   45.0000 9787.9492   22.5520
    0.0000  -15.0000   45.000010281.1934   22.5438
    7.5000  -15.0000   45.0000 9847.7812   22.5596
   -7.5000   -7.5000   45.000010652.5674   22.5045
    0.0000   -7.5000   45.000011152.0195   22.5045
    7.5000   -7.5000   45.000010699.6621   22.5321
   -7.5000    0.0000   45.000011390.8164   22.4968
    0.0000    0.0000   45.000011895.5449   22.5033
    7.5000    0.0000   45.000011439.9287   22.5434
   -7.5000    7.5000   45.000011236.1602   22.5413
    0.0000    7.5000   45.000011739.4355   22.5461
    7.5000    7.5000   45.000011310.0117   22.5862
   -7.5000   15.0000   45.000010992.9639   22.5876
    0.0000   15.0000   45.000011498.4102   22.5839
    7.5000   15.0000   45.000011060.3877   22.6120
   -7.5000   22.5000   45.000010741.8877   22.5801
    0.0000   22.5000   45.000011217.6064   22.5699
    7.5000   22.5000   45.000010774.1846   22.5861
   -7.5000   30.0000   45.000010460.6260   22.2582
    0.0000   30.0000   45.000010921.1943   22.2501
    7.5000   30.0000   45.000010437.6602   22.2657
   -7.5000   37.5000   45.000010426.4326   22.2113
    0.0000   37.5000   45.000010916.3828   22.2113
    7.5000   37.5000   45.000010406.9746   22.2386
   -7.5000   45.0000   45.0000 9675.2891   21.6942
    0.0000   45.0000   45.000010122.8770   21.7005
    7.5000   45.0000   45.0000 9648.6230   21.7391

---------------------------------------------------------------------
imgreg_4dfp /opt/freesurfer/average/711-2C_as_mni_average_305 /opt/freesurfer/average/711-2B_as_mni_average_305_mask talsrcimg_g11 none talsrcimg_to_711-2C_as_mni_average_305_t4 4355
---------------------------------------------------------------------

freesurfer imgreg_4dfp.c
/opt/freesurfer/average/711-2C_as_mni_average_305.4dfp.img
       256       256       256         1
  1.000000  1.000000  1.000000
orientation T byte_order littleendian
Reading image: /opt/freesurfer/average/711-2C_as_mni_average_305.4dfp.img
dimensions:      256       256       256
mmppix:       1.0000   -1.0000   -1.0000
center:     128.0000 -129.0000 -129.0000
/opt/freesurfer/average/711-2B_as_mni_average_305_mask.4dfp.img
       256       256       256         1
  1.000000  1.000000  1.000000
orientation T byte_order littleendian
Reading mask: /opt/freesurfer/average/711-2B_as_mni_average_305_mask.4dfp.img (2306576 pixels)
talsrcimg_g11.4dfp.img
       256       256       256         1
  1.000000  1.000000  1.000000
orientation T byte_order littleendian
Reading image: talsrcimg_g11.4dfp.img
dimensions:      256       256       256
mmppix:       1.0000   -1.0000   -1.0000
center:     128.0000 -129.0000 -129.0000
rotation matrix determinant  1.000000
image alignment mode   4355 decimal     1103 hex
   -7.5000  -45.0000  -45.0000 1753.4205   32.5082
    0.0000  -45.0000  -45.0000 1750.9684   32.1589
    7.5000  -45.0000  -45.0000 1747.0477   32.2737
   -7.5000  -37.5000  -45.0000 1875.2373   28.7889
    0.0000  -37.5000  -45.0000 1877.8125   28.4336
    7.5000  -37.5000  -45.0000 1875.4186   28.4435
   -7.5000  -30.0000  -45.0000 1982.6775   25.8095
    0.0000  -30.0000  -45.0000 1995.6013   25.5845
    7.5000  -30.0000  -45.0000 1994.6174   25.5639
   -7.5000  -22.5000  -45.0000 2086.3635   23.4657
    0.0000  -22.5000  -45.0000 2103.7375   23.2853
    7.5000  -22.5000  -45.0000 2101.3806   23.2495
   -7.5000  -15.0000  -45.0000 2185.3838   21.6398
    0.0000  -15.0000  -45.0000 2201.5417   21.4922
    7.5000  -15.0000  -45.0000 2197.5129   21.4475
   -7.5000   -7.5000  -45.0000 2253.3635   20.3113
    0.0000   -7.5000  -45.0000 2268.4460   20.1728
    7.5000   -7.5000  -45.0000 2261.8926   20.0969
   -7.5000    0.0000  -45.0000 2278.1526   19.5194
    0.0000    0.0000  -45.0000 2291.8994   19.3566
    7.5000    0.0000  -45.0000 2286.2305   19.3230
   -7.5000    7.5000  -45.0000 2289.9375   19.1560
    0.0000    7.5000  -45.0000 2303.7551   18.9411
    7.5000    7.5000  -45.0000 2295.9307   18.8796
   -7.5000   15.0000  -45.0000 2290.7498   19.1408
    0.0000   15.0000  -45.0000 2308.6436   18.9420
    7.5000   15.0000  -45.0000 2301.1082   18.8560
   -7.5000   22.5000  -45.0000 2280.8921   19.5096
    0.0000   22.5000  -45.0000 2301.2693   19.2689
    7.5000   22.5000  -45.0000 2288.2410   19.1787
   -7.5000   30.0000  -45.0000 2248.3218   20.1834
    0.0000   30.0000  -45.0000 2277.0637   19.9237
    7.5000   30.0000  -45.0000 2259.1140   19.8187
   -7.5000   37.5000  -45.0000 2198.6577   21.2307
    0.0000   37.5000  -45.0000 2224.2874   21.0039
    7.5000   37.5000  -45.0000 2212.6130   20.9041
   -7.5000   45.0000  -45.0000 2123.7710   22.7897
    0.0000   45.0000  -45.0000 2145.4148   22.5573
    7.5000   45.0000  -45.0000 2133.7317   22.5206
   -7.5000  -45.0000  -37.5000 1813.5314   30.4854
    0.0000  -45.0000  -37.5000 1814.6833   30.2237
    7.5000  -45.0000  -37.5000 1810.1665   30.2028
   -7.5000  -37.5000  -37.5000 1938.6743   26.8652
    0.0000  -37.5000  -37.5000 1948.0930   26.7492
    7.5000  -37.5000  -37.5000 1943.0491   26.6775
   -7.5000  -30.0000  -37.5000 2058.2881   24.0185
    0.0000  -30.0000  -37.5000 2076.5776   23.9563
    7.5000  -30.0000  -37.5000 2070.0618   23.9265
   -7.5000  -22.5000  -37.5000 2173.5356   21.7940
    0.0000  -22.5000  -37.5000 2198.8296   21.7413
    7.5000  -22.5000  -37.5000 2189.5315   21.6974
   -7.5000  -15.0000  -37.5000 2268.2300   20.0759
    0.0000  -15.0000  -37.5000 2292.6465   19.9839
    7.5000  -15.0000  -37.5000 2280.1675   19.8839
   -7.5000   -7.5000  -37.5000 2339.4084   18.8649
    0.0000   -7.5000  -37.5000 2365.5417   18.7551
    7.5000   -7.5000  -37.5000 2350.1094   18.6799
   -7.5000    0.0000  -37.5000 2376.8782   18.1291
    0.0000    0.0000  -37.5000 2391.5798   18.0324
    7.5000    0.0000  -37.5000 2378.1506   17.9821
   -7.5000    7.5000  -37.5000 2396.6558   17.7549
    0.0000    7.5000  -37.5000 2415.4106   17.6223
    7.5000    7.5000  -37.5000 2395.1213   17.5530
   -7.5000   15.0000  -37.5000 2400.5452   17.7908
    0.0000   15.0000  -37.5000 2413.5459   17.5753
    7.5000   15.0000  -37.5000 2401.1589   17.5144
   -7.5000   22.5000  -37.5000 2382.1406   18.0369
    0.0000   22.5000  -37.5000 2399.6541   17.7922
    7.5000   22.5000  -37.5000 2387.0425   17.7613
   -7.5000   30.0000  -37.5000 2346.8191   18.5954
    0.0000   30.0000  -37.5000 2372.9302   18.3298
    7.5000   30.0000  -37.5000 2358.5359   18.2895
   -7.5000   37.5000  -37.5000 2299.4595   19.5844
    0.0000   37.5000  -37.5000 2323.2205   19.3664
    7.5000   37.5000  -37.5000 2309.4834   19.3047
   -7.5000   45.0000  -37.5000 2217.7249   21.0468
    0.0000   45.0000  -37.5000 2240.2192   20.8779
    7.5000   45.0000  -37.5000 2224.8438   20.8420
   -7.5000  -45.0000  -30.0000 1898.5872   29.4657
    0.0000  -45.0000  -30.0000 1909.8862   29.3792
    7.5000  -45.0000  -30.0000 1902.0715   29.2999
   -7.5000  -37.5000  -30.0000 2034.8462   25.9318
    0.0000  -37.5000  -30.0000 2051.0247   25.8933
    7.5000  -37.5000  -30.0000 2045.3522   25.8024
   -7.5000  -30.0000  -30.0000 2167.4353   23.2180
    0.0000  -30.0000  -30.0000 2190.3750   23.2118
    7.5000  -30.0000  -30.0000 2180.4590   23.1168
   -7.5000  -22.5000  -30.0000 2283.9832   21.0144
    0.0000  -22.5000  -30.0000 2316.4382   21.0447
    7.5000  -22.5000  -30.0000 2306.8992   20.9513
   -7.5000  -15.0000  -30.0000 2381.6709   19.3059
    0.0000  -15.0000  -30.0000 2417.5408   19.2391
    7.5000  -15.0000  -30.0000 2400.8730   19.1477
   -7.5000   -7.5000  -30.0000 2466.9336   18.1192
    0.0000   -7.5000  -30.0000 2495.0154   18.0356
    7.5000   -7.5000  -30.0000 2476.5251   17.9580
   -7.5000    0.0000  -30.0000 2508.1682   17.3839
    0.0000    0.0000  -30.0000 2529.0205   17.2918
    7.5000    0.0000  -30.0000 2512.3442   17.2592
   -7.5000    7.5000  -30.0000 2540.7646   16.9574
    0.0000    7.5000  -30.0000 2558.9556   16.8643
    7.5000    7.5000  -30.0000 2536.3059   16.8570
   -7.5000   15.0000  -30.0000 2550.7876   16.9303
    0.0000   15.0000  -30.0000 2565.1658   16.8108
    7.5000   15.0000  -30.0000 2549.7356   16.8085
   -7.5000   22.5000  -30.0000 2528.2617   17.1919
    0.0000   22.5000  -30.0000 2547.9548   16.9917
    7.5000   22.5000  -30.0000 2533.2454   17.0021
   -7.5000   30.0000  -30.0000 2487.8806   17.7421
    0.0000   30.0000  -30.0000 2514.0339   17.5164
    7.5000   30.0000  -30.0000 2503.2988   17.5464
   -7.5000   37.5000  -30.0000 2435.4788   18.7227
    0.0000   37.5000  -30.0000 2459.6401   18.5055
    7.5000   37.5000  -30.0000 2451.9409   18.5505
   -7.5000   45.0000  -30.0000 2356.0386   20.1020
    0.0000   45.0000  -30.0000 2377.4438   19.9203
    7.5000   45.0000  -30.0000 2364.2944   19.9849
   -7.5000  -45.0000  -22.5000 1956.9203   28.3455
    0.0000  -45.0000  -22.5000 1974.1117   28.1986
    7.5000  -45.0000  -22.5000 1970.1886   28.1973
   -7.5000  -37.5000  -22.5000 2100.6475   24.9221
    0.0000  -37.5000  -22.5000 2124.2800   24.7894
    7.5000  -37.5000  -22.5000 2120.6011   24.7542
   -7.5000  -30.0000  -22.5000 2243.0315   22.2574
    0.0000  -30.0000  -22.5000 2272.3486   22.1799
    7.5000  -30.0000  -22.5000 2262.1057   22.1165
   -7.5000  -22.5000  -22.5000 2365.5828   20.1661
    0.0000  -22.5000  -22.5000 2400.4180   20.0810
    7.5000  -22.5000  -22.5000 2389.5901   20.0086
   -7.5000  -15.0000  -22.5000 2467.5308   18.5429
    0.0000  -15.0000  -22.5000 2502.2571   18.4297
    7.5000  -15.0000  -22.5000 2485.5103   18.3192
   -7.5000   -7.5000  -22.5000 2561.3159   17.3113
    0.0000   -7.5000  -22.5000 2587.1401   17.1751
    7.5000   -7.5000  -22.5000 2568.4995   17.1096
   -7.5000    0.0000  -22.5000 2613.7463   16.5018
    0.0000    0.0000  -22.5000 2636.2742   16.3844
    7.5000    0.0000  -22.5000 2619.4438   16.3858
   -7.5000    7.5000  -22.5000 2652.5559   16.0508
    0.0000    7.5000  -22.5000 2672.1187   15.9478
    7.5000    7.5000  -22.5000 2652.7021   15.9882
   -7.5000   15.0000  -22.5000 2667.8928   15.9837
    0.0000   15.0000  -22.5000 2686.5024   15.8817
    7.5000   15.0000  -22.5000 2665.9011   15.9114
   -7.5000   22.5000  -22.5000 2647.2888   16.2315
    0.0000   22.5000  -22.5000 2669.8445   16.0492
    7.5000   22.5000  -22.5000 2657.0662   16.0891
   -7.5000   30.0000  -22.5000 2605.6057   16.8417
    0.0000   30.0000  -22.5000 2632.2644   16.6120
    7.5000   30.0000  -22.5000 2624.1816   16.6575
   -7.5000   37.5000  -22.5000 2547.1968   17.7662
    0.0000   37.5000  -22.5000 2569.1394   17.5380
    7.5000   37.5000  -22.5000 2562.3630   17.6257
   -7.5000   45.0000  -22.5000 2466.0295   19.0960
    0.0000   45.0000  -22.5000 2486.0276   18.8659
    7.5000   45.0000  -22.5000 2475.1941   18.9614
   -7.5000  -45.0000  -15.0000 1990.7037   27.4594
    0.0000  -45.0000  -15.0000 2004.7003   27.2476
    7.5000  -45.0000  -15.0000 2002.9950   27.2623
   -7.5000  -37.5000  -15.0000 2141.0225   24.0492
    0.0000  -37.5000  -15.0000 2160.7075   23.8355
    7.5000  -37.5000  -15.0000 2162.2366   23.8740
   -7.5000  -30.0000  -15.0000 2285.8647   21.4601
    0.0000  -30.0000  -15.0000 2308.0935   21.2623
    7.5000  -30.0000  -15.0000 2309.7175   21.2649
   -7.5000  -22.5000  -15.0000 2407.1726   19.4239
    0.0000  -22.5000  -15.0000 2440.9590   19.2360
    7.5000  -22.5000  -15.0000 2436.9937   19.2349
   -7.5000  -15.0000  -15.0000 2512.0979   17.8456
    0.0000  -15.0000  -15.0000 2545.7737   17.6115
    7.5000  -15.0000  -15.0000 2537.4878   17.5958
   -7.5000   -7.5000  -15.0000 2618.5764   16.6119
    0.0000   -7.5000  -15.0000 2645.9595   16.4245
    7.5000   -7.5000  -15.0000 2634.0710   16.4167
   -7.5000    0.0000  -15.0000 2683.2170   15.7452
    0.0000    0.0000  -15.0000 2708.0928   15.5875
    7.5000    0.0000  -15.0000 2695.8762   15.6205
   -7.5000    7.5000  -15.0000 2727.0610   15.2487
    0.0000    7.5000  -15.0000 2745.3862   15.1165
    7.5000    7.5000  -15.0000 2730.4412   15.1792
   -7.5000   15.0000  -15.0000 2745.3264   15.1447
    0.0000   15.0000  -15.0000 2760.6526   14.9999
    7.5000   15.0000  -15.0000 2739.0691   15.0305
   -7.5000   22.5000  -15.0000 2731.5334   15.4039
    0.0000   22.5000  -15.0000 2752.3416   15.1949
    7.5000   22.5000  -15.0000 2739.6992   15.1972
   -7.5000   30.0000  -15.0000 2695.1531   16.0172
    0.0000   30.0000  -15.0000 2718.1882   15.7877
    7.5000   30.0000  -15.0000 2711.5166   15.8437
   -7.5000   37.5000  -15.0000 2628.8081   16.8858
    0.0000   37.5000  -15.0000 2648.5481   16.6504
    7.5000   37.5000  -15.0000 2641.6348   16.7787
   -7.5000   45.0000  -15.0000 2536.3560   18.1593
    0.0000   45.0000  -15.0000 2553.1528   17.9361
    7.5000   45.0000  -15.0000 2542.7046   18.0793
   -7.5000  -45.0000   -7.5000 2013.9742   26.8970
    0.0000  -45.0000   -7.5000 2025.6888   26.5061
    7.5000  -45.0000   -7.5000 2022.0682   26.5329
   -7.5000  -37.5000   -7.5000 2167.1089   23.5257
    0.0000  -37.5000   -7.5000 2177.5513   23.1385
    7.5000  -37.5000   -7.5000 2180.8777   23.1924
   -7.5000  -30.0000   -7.5000 2309.8452   20.9412
    0.0000  -30.0000   -7.5000 2322.8938   20.5664
    7.5000  -30.0000   -7.5000 2326.7156   20.6249
   -7.5000  -22.5000   -7.5000 2434.1116   18.8956
    0.0000  -22.5000   -7.5000 2456.0745   18.5471
    7.5000  -22.5000   -7.5000 2456.3320   18.5864
   -7.5000  -15.0000   -7.5000 2541.7900   17.3248
    0.0000  -15.0000   -7.5000 2562.8833   16.9766
    7.5000  -15.0000   -7.5000 2560.5071   16.9921
   -7.5000   -7.5000   -7.5000 2657.5916   16.1182
    0.0000   -7.5000   -7.5000 2681.4072   15.8216
    7.5000   -7.5000   -7.5000 2670.4292   15.8432
   -7.5000    0.0000   -7.5000 2738.9187   15.2621
    0.0000    0.0000   -7.5000 2767.7246   15.0520
    7.5000    0.0000   -7.5000 2748.8108   15.0368
   -7.5000    7.5000   -7.5000 2785.5940   14.6568
    0.0000    7.5000   -7.5000 2802.3201   14.4635
    7.5000    7.5000   -7.5000 2783.9626   14.4604
   -7.5000   15.0000   -7.5000 2812.8901   14.5137
    0.0000   15.0000   -7.5000 2818.3296   14.2685
    7.5000   15.0000   -7.5000 2797.1802   14.2891
   -7.5000   22.5000   -7.5000 2804.4224   14.7173
    0.0000   22.5000   -7.5000 2815.3396   14.4609
    7.5000   22.5000   -7.5000 2804.7134   14.4986
   -7.5000   30.0000   -7.5000 2759.7786   15.3322
    0.0000   30.0000   -7.5000 2776.8877   15.0433
    7.5000   30.0000   -7.5000 2775.9775   15.1375
   -7.5000   37.5000   -7.5000 2688.0701   16.2204
    0.0000   37.5000   -7.5000 2704.0803   15.9316
    7.5000   37.5000   -7.5000 2698.9294   16.0987
   -7.5000   45.0000   -7.5000 2588.3823   17.5145
    0.0000   45.0000   -7.5000 2597.8918   17.2558
    7.5000   45.0000   -7.5000 2594.9009   17.4342
   -7.5000  -45.0000    0.0000 2015.4406   26.7702
    0.0000  -45.0000    0.0000 2018.7838   26.0735
    7.5000  -45.0000    0.0000 2017.7852   26.1757
   -7.5000  -37.5000    0.0000 2172.5774   23.3136
    0.0000  -37.5000    0.0000 2172.6169   22.7005
    7.5000  -37.5000    0.0000 2172.7778   22.7696
   -7.5000  -30.0000    0.0000 2322.6274   20.6794
    0.0000  -30.0000    0.0000 2323.0532   20.1391
    7.5000  -30.0000    0.0000 2323.3877   20.2208
   -7.5000  -22.5000    0.0000 2449.5420   18.6737
    0.0000  -22.5000    0.0000 2455.4204   18.1375
    7.5000  -22.5000    0.0000 2451.7458   18.2070
   -7.5000  -15.0000    0.0000 2560.5979   17.1038
    0.0000  -15.0000    0.0000 2563.9661   16.6029
    7.5000  -15.0000    0.0000 2561.2217   16.6613
   -7.5000   -7.5000    0.0000 2685.3894   15.9269
    0.0000   -7.5000    0.0000 2688.2214   15.4928
    7.5000   -7.5000    0.0000 2681.4631   15.5296
   -7.5000    0.0000    0.0000 2780.7678   15.0544
    0.0000    0.0000    0.0000 2793.7107   14.7591
    7.5000    0.0000    0.0000 2780.1187   14.7394
   -7.5000    7.5000    0.0000 2830.3901   14.3594
    0.0000    7.5000    0.0000 2841.0791   14.0518
    7.5000    7.5000    0.0000 2822.8464   14.0557
   -7.5000   15.0000    0.0000 2853.7690   14.0892
    0.0000   15.0000    0.0000 2850.2910   13.6562
    7.5000   15.0000    0.0000 2833.7097   13.7987
   -7.5000   22.5000    0.0000 2854.2271   14.3075
    0.0000   22.5000    0.0000 2847.8523   13.8750
    7.5000   22.5000    0.0000 2845.3108   14.0802
   -7.5000   30.0000    0.0000 2807.9980   14.9873
    0.0000   30.0000    0.0000 2806.3552   14.5833
    7.5000   30.0000    0.0000 2810.6509   14.7977
   -7.5000   37.5000    0.0000 2733.8179   15.9289
    0.0000   37.5000    0.0000 2734.1218   15.5431
    7.5000   37.5000    0.0000 2735.9070   15.7651
   -7.5000   45.0000    0.0000 2624.0508   17.2489
    0.0000   45.0000    0.0000 2624.9993   16.8668
    7.5000   45.0000    0.0000 2630.1335   17.0940
   -7.5000  -45.0000    7.5000 2008.8224   26.9888
    0.0000  -45.0000    7.5000 2013.4460   26.2871
    7.5000  -45.0000    7.5000 2009.3972   26.3296
   -7.5000  -37.5000    7.5000 2167.3225   23.2627
    0.0000  -37.5000    7.5000 2167.6992   22.6522
    7.5000  -37.5000    7.5000 2166.2476   22.7010
   -7.5000  -30.0000    7.5000 2318.7063   20.5625
    0.0000  -30.0000    7.5000 2315.7881   20.0009
    7.5000  -30.0000    7.5000 2316.7976   20.0542
   -7.5000  -22.5000    7.5000 2445.0808   18.5027
    0.0000  -22.5000    7.5000 2444.4949   17.9864
    7.5000  -22.5000    7.5000 2440.6257   18.0391
   -7.5000  -15.0000    7.5000 2560.8457   16.9753
    0.0000  -15.0000    7.5000 2555.8889   16.4629
    7.5000  -15.0000    7.5000 2550.2854   16.5214
   -7.5000   -7.5000    7.5000 2690.2859   15.8294
    0.0000   -7.5000    7.5000 2684.0327   15.3811
    7.5000   -7.5000    7.5000 2673.9060   15.4340
   -7.5000    0.0000    7.5000 2789.7302   14.9861
    0.0000    0.0000    7.5000 2794.8718   14.7270
    7.5000    0.0000    7.5000 2778.6477   14.6695
   -7.5000    7.5000    7.5000 2851.7795   14.2242
    0.0000    7.5000    7.5000 2865.3762   13.9674
    7.5000    7.5000    7.5000 2838.4465   13.9956
   -7.5000   15.0000    7.5000 2880.9338   13.8636
    0.0000   15.0000    7.5000 2875.2209   13.3612
    7.5000   15.0000    7.5000 2860.8337   13.7417
   -7.5000   22.5000    7.5000 2881.1711   14.1369
    0.0000   22.5000    7.5000 2880.8052   13.6728
    7.5000   22.5000    7.5000 2873.3176   14.0350
   -7.5000   30.0000    7.5000 2817.9426   14.8840
    0.0000   30.0000    7.5000 2830.8821   14.5315
    7.5000   30.0000    7.5000 2828.0713   14.7541
   -7.5000   37.5000    7.5000 2739.9866   15.8056
    0.0000   37.5000    7.5000 2756.8306   15.4977
    7.5000   37.5000    7.5000 2742.9136   15.6350
   -7.5000   45.0000    7.5000 2632.6755   17.0790
    0.0000   45.0000    7.5000 2649.6230   16.8258
    7.5000   45.0000    7.5000 2634.0557   16.8888
   -7.5000  -45.0000   15.0000 1979.4972   27.3708
    0.0000  -45.0000   15.0000 1985.8452   26.8555
    7.5000  -45.0000   15.0000 1981.0073   26.8016
   -7.5000  -37.5000   15.0000 2147.2720   23.5193
    0.0000  -37.5000   15.0000 2149.4705   23.0744
    7.5000  -37.5000   15.0000 2147.2478   23.1195
   -7.5000  -30.0000   15.0000 2303.4529   20.7407
    0.0000  -30.0000   15.0000 2298.6655   20.2493
    7.5000  -30.0000   15.0000 2296.8418   20.3329
   -7.5000  -22.5000   15.0000 2429.2429   18.6186
    0.0000  -22.5000   15.0000 2424.0105   18.1054
    7.5000  -22.5000   15.0000 2421.9585   18.2246
   -7.5000  -15.0000   15.0000 2543.7891   17.0621
    0.0000  -15.0000   15.0000 2534.6060   16.5901
    7.5000  -15.0000   15.0000 2537.3962   16.7431
   -7.5000   -7.5000   15.0000 2667.9050   15.8995
    0.0000   -7.5000   15.0000 2657.9951   15.5127
    7.5000   -7.5000   15.0000 2663.8064   15.6832
   -7.5000    0.0000   15.0000 2763.0874   15.0019
    0.0000    0.0000   15.0000 2774.9502   14.8312
    7.5000    0.0000   15.0000 2768.9004   14.9156
   -7.5000    7.5000   15.0000 2827.6877   14.3264
    0.0000    7.5000   15.0000 2856.8499   14.1422
    7.5000    7.5000   15.0000 2843.6340   14.3739
   -7.5000   15.0000   15.0000 2874.0474   14.1168
    0.0000   15.0000   15.0000 2911.2617   13.9448
    7.5000   15.0000   15.0000 2878.4404   14.1525
   -7.5000   22.5000   15.0000 2873.8838   14.3070
    0.0000   22.5000   15.0000 2906.2773   14.1377
    7.5000   22.5000   15.0000 2873.1592   14.2875
   -7.5000   30.0000   15.0000 2801.6831   14.9500
    0.0000   30.0000   15.0000 2837.7222   14.7823
    7.5000   30.0000   15.0000 2814.0405   14.8544
   -7.5000   37.5000   15.0000 2724.3552   15.8748
    0.0000   37.5000   15.0000 2748.4971   15.6723
    7.5000   37.5000   15.0000 2732.3789   15.7181
   -7.5000   45.0000   15.0000 2620.3823   17.1818
    0.0000   45.0000   15.0000 2639.4558   16.9475
    7.5000   45.0000   15.0000 2623.2805   16.9635
   -7.5000  -45.0000   22.5000 1954.3160   28.0651
    0.0000  -45.0000   22.5000 1963.2758   27.8459
    7.5000  -45.0000   22.5000 1957.3846   27.8265
   -7.5000  -37.5000   22.5000 2124.6792   23.9723
    0.0000  -37.5000   22.5000 2132.1929   23.7043
    7.5000  -37.5000   22.5000 2126.1208   23.8084
   -7.5000  -30.0000   22.5000 2279.6272   21.1217
    0.0000  -30.0000   22.5000 2286.7083   20.8304
    7.5000  -30.0000   22.5000 2277.3850   20.9777
   -7.5000  -22.5000   22.5000 2405.5469   19.0253
    0.0000  -22.5000   22.5000 2415.6365   18.7177
    7.5000  -22.5000   22.5000 2402.1702   18.9127
   -7.5000  -15.0000   22.5000 2515.7734   17.5216
    0.0000  -15.0000   22.5000 2532.9089   17.2669
    7.5000  -15.0000   22.5000 2516.3879   17.4763
   -7.5000   -7.5000   22.5000 2642.3582   16.3837
    0.0000   -7.5000   22.5000 2656.5071   16.2049
    7.5000   -7.5000   22.5000 2647.4385   16.3930
   -7.5000    0.0000   22.5000 2738.9773   15.4365
    0.0000    0.0000   22.5000 2755.1599   15.2962
    7.5000    0.0000   22.5000 2743.4634   15.5213
   -7.5000    7.5000   22.5000 2802.5127   14.7956
    0.0000    7.5000   22.5000 2828.9912   14.6325
    7.5000    7.5000   22.5000 2812.7659   14.9147
   -7.5000   15.0000   22.5000 2848.6960   14.6546
    0.0000   15.0000   22.5000 2877.7969   14.5226
    7.5000   15.0000   22.5000 2854.7581   14.7039
   -7.5000   22.5000   22.5000 2845.1685   14.8383
    0.0000   22.5000   22.5000 2877.6143   14.7662
    7.5000   22.5000   22.5000 2846.6436   14.8111
   -7.5000   30.0000   22.5000 2773.1843   15.4218
    0.0000   30.0000   22.5000 2806.2539   15.3544
    7.5000   30.0000   22.5000 2781.2402   15.3798
   -7.5000   37.5000   22.5000 2685.8486   16.2665
    0.0000   37.5000   22.5000 2712.4221   16.1510
    7.5000   37.5000   22.5000 2699.9810   16.2197
   -7.5000   45.0000   22.5000 2583.8445   17.5055
    0.0000   45.0000   22.5000 2609.6326   17.3494
    7.5000   45.0000   22.5000 2590.3333   17.3987
   -7.5000  -45.0000   30.0000 1920.9573   29.0278
    0.0000  -45.0000   30.0000 1929.8613   28.9696
    7.5000  -45.0000   30.0000 1924.4647   29.1457
   -7.5000  -37.5000   30.0000 2090.9771   24.8052
    0.0000  -37.5000   30.0000 2106.4707   24.7796
    7.5000  -37.5000   30.0000 2097.8987   25.0461
   -7.5000  -30.0000   30.0000 2246.8936   21.9594
    0.0000  -30.0000   30.0000 2262.8354   21.8594
    7.5000  -30.0000   30.0000 2247.8850   22.1509
   -7.5000  -22.5000   30.0000 2378.6970   19.8516
    0.0000  -22.5000   30.0000 2396.9893   19.7061
    7.5000  -22.5000   30.0000 2374.6399   19.9909
   -7.5000  -15.0000   30.0000 2491.5522   18.3254
    0.0000  -15.0000   30.0000 2511.5850   18.1747
    7.5000  -15.0000   30.0000 2486.3589   18.4448
   -7.5000   -7.5000   30.0000 2608.4036   17.0855
    0.0000   -7.5000   30.0000 2620.7383   16.9277
    7.5000   -7.5000   30.0000 2607.2490   17.1826
   -7.5000    0.0000   30.0000 2694.6562   16.0756
    0.0000    0.0000   30.0000 2708.1731   15.8125
    7.5000    0.0000   30.0000 2697.3972   16.1678
   -7.5000    7.5000   30.0000 2759.0144   15.4557
    0.0000    7.5000   30.0000 2772.2458   15.1987
    7.5000    7.5000   30.0000 2763.6553   15.5209
   -7.5000   15.0000   30.0000 2796.0110   15.3311
    0.0000   15.0000   30.0000 2806.7673   15.0803
    7.5000   15.0000   30.0000 2800.1082   15.3436
   -7.5000   22.5000   30.0000 2787.7349   15.5464
    0.0000   22.5000   30.0000 2805.7397   15.3175
    7.5000   22.5000   30.0000 2793.2073   15.5011
   -7.5000   30.0000   30.0000 2728.6489   16.1609
    0.0000   30.0000   30.0000 2747.9814   15.9434
    7.5000   30.0000   30.0000 2733.0957   16.0564
   -7.5000   37.5000   30.0000 2644.1814   17.0047
    0.0000   37.5000   30.0000 2665.8640   16.8035
    7.5000   37.5000   30.0000 2656.1348   16.9134
   -7.5000   45.0000   30.0000 2540.5691   18.1809
    0.0000   45.0000   30.0000 2564.4133   18.0210
    7.5000   45.0000   30.0000 2549.6062   18.1269
   -7.5000  -45.0000   37.5000 1887.6737   30.4002
    0.0000  -45.0000   37.5000 1892.9958   30.2018
    7.5000  -45.0000   37.5000 1889.1896   30.5834
   -7.5000  -37.5000   37.5000 2057.8459   26.0602
    0.0000  -37.5000   37.5000 2066.8613   25.9494
    7.5000  -37.5000   37.5000 2059.1091   26.3517
   -7.5000  -30.0000   37.5000 2215.3276   23.0698
    0.0000  -30.0000   37.5000 2225.5059   22.9366
    7.5000  -30.0000   37.5000 2211.3584   23.3068
   -7.5000  -22.5000   37.5000 2346.9973   20.9220
    0.0000  -22.5000   37.5000 2359.2400   20.6924
    7.5000  -22.5000   37.5000 2343.3872   21.0725
   -7.5000  -15.0000   37.5000 2452.8425   19.2789
    0.0000  -15.0000   37.5000 2466.3809   19.0174
    7.5000  -15.0000   37.5000 2449.7561   19.4106
   -7.5000   -7.5000   37.5000 2558.1353   17.9595
    0.0000   -7.5000   37.5000 2574.8098   17.6547
    7.5000   -7.5000   37.5000 2556.9812   18.0355
   -7.5000    0.0000   37.5000 2635.3757   16.9090
    0.0000    0.0000   37.5000 2650.4602   16.5877
    7.5000    0.0000   37.5000 2635.0964   17.0123
   -7.5000    7.5000   37.5000 2696.9053   16.2835
    0.0000    7.5000   37.5000 2704.2192   16.0230
    7.5000    7.5000   37.5000 2701.1907   16.3840
   -7.5000   15.0000   37.5000 2723.2122   16.1358
    0.0000   15.0000   37.5000 2732.1992   15.8766
    7.5000   15.0000   37.5000 2732.8315   16.1796
   -7.5000   22.5000   37.5000 2717.2324   16.3510
    0.0000   22.5000   37.5000 2727.2734   16.0784
    7.5000   22.5000   37.5000 2723.4570   16.3436
   -7.5000   30.0000   37.5000 2657.3579   16.9729
    0.0000   30.0000   37.5000 2674.0710   16.7090
    7.5000   30.0000   37.5000 2663.3389   16.8906
   -7.5000   37.5000   37.5000 2582.5647   17.8414
    0.0000   37.5000   37.5000 2606.2812   17.5913
    7.5000   37.5000   37.5000 2591.7578   17.7485
   -7.5000   45.0000   37.5000 2485.7358   19.0589
    0.0000   45.0000   37.5000 2504.5244   18.8664
    7.5000   45.0000   37.5000 2489.8384   19.0300
   -7.5000  -45.0000   45.0000 1838.6246   31.8967
    0.0000  -45.0000   45.0000 1845.7043   31.6219
    7.5000  -45.0000   45.0000 1843.8907   32.0727
   -7.5000  -37.5000   45.0000 2012.7876   27.4143
    0.0000  -37.5000   45.0000 2023.9316   27.2262
    7.5000  -37.5000   45.0000 2016.9449   27.6933
   -7.5000  -30.0000   45.0000 2169.7595   24.3684
    0.0000  -30.0000   45.0000 2184.4375   24.1067
    7.5000  -30.0000   45.0000 2165.6379   24.5390
   -7.5000  -22.5000   45.0000 2296.6904   22.0935
    0.0000  -22.5000   45.0000 2312.9368   21.8118
    7.5000  -22.5000   45.0000 2292.3047   22.2683
   -7.5000  -15.0000   45.0000 2396.4531   20.4059
    0.0000  -15.0000   45.0000 2414.5950   20.1208
    7.5000  -15.0000   45.0000 2391.4817   20.5495
   -7.5000   -7.5000   45.0000 2493.3030   19.0657
    0.0000   -7.5000   45.0000 2508.0527   18.7199
    7.5000   -7.5000   45.0000 2490.4658   19.1672
   -7.5000    0.0000   45.0000 2561.7446   17.9388
    0.0000    0.0000   45.0000 2575.5696   17.6732
    7.5000    0.0000   45.0000 2557.5020   18.0931
   -7.5000    7.5000   45.0000 2612.0566   17.2840
    0.0000    7.5000   45.0000 2620.2117   17.0584
    7.5000    7.5000   45.0000 2616.1724   17.4281
   -7.5000   15.0000   45.0000 2626.9038   17.1284
    0.0000   15.0000   45.0000 2641.7749   16.8868
    7.5000   15.0000   45.0000 2642.5339   17.1769
   -7.5000   22.5000   45.0000 2624.0518   17.3260
    0.0000   22.5000   45.0000 2640.6470   17.1260
    7.5000   22.5000   45.0000 2636.7903   17.3654
   -7.5000   30.0000   45.0000 2578.7998   17.9507
    0.0000   30.0000   45.0000 2597.5564   17.7463
    7.5000   30.0000   45.0000 2580.6438   17.9118
   -7.5000   37.5000   45.0000 2508.1030   18.8282
    0.0000   37.5000   45.0000 2534.4814   18.6208
    7.5000   37.5000   45.0000 2517.0159   18.7621
   -7.5000   45.0000   45.0000 2412.4753   20.0881
    0.0000   45.0000   45.0000 2430.6560   19.8883
    7.5000   45.0000   45.0000 2422.9465   20.0129

---------------------------------------------------------------------
imgreg_4dfp /opt/freesurfer/average/711-2C_as_mni_average_305 /opt/freesurfer/average/711-2B_as_mni_average_305_mask talsrcimg_g11 none talsrcimg_to_711-2C_as_mni_average_305_t4 1283
---------------------------------------------------------------------

freesurfer imgreg_4dfp.c
/opt/freesurfer/average/711-2C_as_mni_average_305.4dfp.img
       256       256       256         1
  1.000000  1.000000  1.000000
orientation T byte_order littleendian
Reading image: /opt/freesurfer/average/711-2C_as_mni_average_305.4dfp.img
dimensions:      256       256       256
mmppix:       1.0000   -1.0000   -1.0000
center:     128.0000 -129.0000 -129.0000
/opt/freesurfer/average/711-2B_as_mni_average_305_mask.4dfp.img
       256       256       256         1
  1.000000  1.000000  1.000000
orientation T byte_order littleendian
Reading mask: /opt/freesurfer/average/711-2B_as_mni_average_305_mask.4dfp.img (2306576 pixels)
talsrcimg_g11.4dfp.img
       256       256       256         1
  1.000000  1.000000  1.000000
orientation T byte_order littleendian
Reading image: talsrcimg_g11.4dfp.img
dimensions:      256       256       256
mmppix:       1.0000   -1.0000   -1.0000
center:     128.0000 -129.0000 -129.0000
rotation matrix determinant  1.000000
fimgreg.f
image alignment mode   1283 decimal      503 hex
parameters
    0.0000   15.0000   15.0000    0.0000    0.0000    0.0000
eta,q 0.91209 13.97110
niter,ni,del,rscale     5    3   12.0000    1.2000
parameter  5 -0.566508 -> -0.500000 qaram    1.1500
parameters
    0.8568   17.4844   16.0303    1.2181    3.4500   -0.0984
eta,q 0.91437 13.82060
  0.0980  0.1012  0.0997  0.0910  0.0926  0.0890
  0.0950  0.0954  0.0952  0.0904  0.0901  0.0868
  0.0913  0.0917  0.0910  0.0893  0.0887  0.0856
  0.0890  0.0891  0.0880  0.0877  0.0872  0.0856
  0.0905  0.0887  0.0884  0.0873  0.0856  0.0864
  0.0920  0.0886  0.0913  0.0882  0.0859  0.0874
  0.0944  0.0903  0.0942  0.0899  0.0869  0.0887
niter,ni,del,rscale     5    3   12.0000    1.2000
parameters
   -1.7570   17.7725   16.3331    0.5063    4.0171    0.3332
eta,q 0.91714 13.91214
  0.0864  0.0915  0.0911  0.0873  0.0925  0.0874
  0.0842  0.0875  0.0878  0.0859  0.0882  0.0852
  0.0834  0.0852  0.0847  0.0839  0.0853  0.0835
  0.0856  0.0834  0.0832  0.0832  0.0832  0.0829
  0.0889  0.0834  0.0840  0.0845  0.0831  0.0834
  0.0925  0.0858  0.0864  0.0870  0.0863  0.0846
  0.0996  0.0909  0.0900  0.0902  0.0903  0.0862
niter,ni,del,rscale     4    3   12.0000    1.2000
parameters
   -1.8066   18.1088   16.2758    0.2391    4.1471    0.4917
eta,q 0.91746 13.91912
  0.0919  0.0905  0.0894  0.0872  0.0913  0.0868
  0.0870  0.0871  0.0861  0.0859  0.0873  0.0846
  0.0840  0.0850  0.0837  0.0835  0.0846  0.0830
  0.0829  0.0828  0.0825  0.0826  0.0826  0.0825
  0.0850  0.0827  0.0834  0.0833  0.0833  0.0832
  0.0880  0.0852  0.0858  0.0856  0.0870  0.0845
  0.0913  0.0900  0.0901  0.0888  0.0909  0.0862
niter,ni,del,rscale     3    3   12.0000    1.2000
parameters
   -1.9088   18.1980   16.2281    0.1156    4.1996    0.5624
eta,q 0.91758 13.92138
  0.0921  0.0899  0.0892  0.0872  0.0911  0.0866
  0.0869  0.0869  0.0859  0.0860  0.0870  0.0844
  0.0837  0.0849  0.0835  0.0836  0.0843  0.0829
  0.0825  0.0825  0.0824  0.0824  0.0824  0.0824
  0.0850  0.0829  0.0831  0.0831  0.0833  0.0831
  0.0882  0.0856  0.0856  0.0853  0.0871  0.0845
  0.0917  0.0908  0.0899  0.0885  0.0910  0.0862
niter,ni,del,rscale     2    3   12.0000    1.2000
parameters
   -1.9479   18.2413   16.2106    0.0695    4.2246    0.5900
eta,q 0.91762 13.92214
  0.0923  0.0898  0.0891  0.0872  0.0910  0.0865
  0.0870  0.0869  0.0858  0.0860  0.0870  0.0843
  0.0837  0.0848  0.0835  0.0836  0.0842  0.0828
  0.0824  0.0824  0.0824  0.0824  0.0824  0.0824
  0.0849  0.0829  0.0830  0.0830  0.0832  0.0831
  0.0882  0.0856  0.0854  0.0851  0.0871  0.0844
  0.0915  0.0909  0.0897  0.0883  0.0910  0.0862
registration optimization eta report
parameter search radius
    6.0000    6.0000    6.0000    6.0000    6.9000    6.0000
100000*second partial in parameter space
       25.       21.       19.       14.       18.       11.
  0.0923  0.0898  0.0891  0.0872  0.0910  0.0865
  0.0870  0.0869  0.0858  0.0860  0.0870  0.0843
  0.0837  0.0848  0.0835  0.0836  0.0842  0.0828
  0.0824  0.0824  0.0824  0.0824  0.0824  0.0824
  0.0849  0.0829  0.0830  0.0830  0.0832  0.0831
  0.0882  0.0856  0.0854  0.0851  0.0871  0.0844
  0.0915  0.0909  0.0897  0.0883  0.0910  0.0862
   -1.9479   18.2413   16.2106    0.0695    4.2246    0.5900
eta,q 0.91762 13.92214

---------------------------------------------------------------------
imgreg_4dfp /opt/freesurfer/average/711-2C_as_mni_average_305 /opt/freesurfer/average/711-2B_as_mni_average_305_mask talsrcimg_g11 none talsrcimg_to_711-2C_as_mni_average_305_t4 3335
---------------------------------------------------------------------

freesurfer imgreg_4dfp.c
/opt/freesurfer/average/711-2C_as_mni_average_305.4dfp.img
       256       256       256         1
  1.000000  1.000000  1.000000
orientation T byte_order littleendian
Reading image: /opt/freesurfer/average/711-2C_as_mni_average_305.4dfp.img
dimensions:      256       256       256
mmppix:       1.0000   -1.0000   -1.0000
center:     128.0000 -129.0000 -129.0000
/opt/freesurfer/average/711-2B_as_mni_average_305_mask.4dfp.img
       256       256       256         1
  1.000000  1.000000  1.000000
orientation T byte_order littleendian
Reading mask: /opt/freesurfer/average/711-2B_as_mni_average_305_mask.4dfp.img (2306576 pixels)
talsrcimg_g11.4dfp.img
       256       256       256         1
  1.000000  1.000000  1.000000
orientation T byte_order littleendian
Reading image: talsrcimg_g11.4dfp.img
dimensions:      256       256       256
mmppix:       1.0000   -1.0000   -1.0000
center:     128.0000 -129.0000 -129.0000
fimgreg.f
image alignment mode   3335 decimal      D07 hex
parameters
   -1.9479   18.2413   16.2106   -0.2770   -0.0055   -0.2718
   -1.0387   -7.3650    1.0269   -0.1972    7.3666    0.1210
eta,q 0.91888 14.15020
niter,ni,del,rscale     5    3    5.0000    1.2000
parameter  4  2.923344 ->  0.500000 qaram    1.1500
parameter  5  1.908111 ->  0.500000 qaram    1.1500
parameter  6  0.541243 ->  0.500000 qaram    1.1500
parameter 10 -0.813684 -> -0.500000 qaram    1.1500
parameter 12 -1.829030 -> -0.500000 qaram    1.1500
parameters
   -1.5976   18.4437   15.8434   -4.4170   -4.1455   -4.4118
   -1.8494   -7.7549    0.7344    3.9428    4.6939    4.2610
eta,q 0.93692 13.95363
  0.0846  0.0826  0.0824  0.0686  0.0644  0.0658  0.0680  0.0705  0.0675  0.0743  0.0648  0.0684
  0.0830  0.0817  0.0815  0.0714  0.0662  0.0663  0.0670  0.0677  0.0668  0.0710  0.0646  0.0670
  0.0817  0.0812  0.0810  0.0754  0.0689  0.0666  0.0664  0.0665  0.0664  0.0682  0.0646  0.0657
  0.0811  0.0811  0.0811  0.0810  0.0723  0.0668  0.0664  0.0664  0.0663  0.0663  0.0647  0.0646
  0.0812  0.0811  0.0815  0.0874  0.0758  0.0689  0.0668  0.0671  0.0665  0.0652  0.0648  0.0636
  0.0819  0.0815  0.0823  0.0937  0.0805  0.0737  0.0676  0.0686  0.0670  0.0646  0.0651  0.0629
  0.0831  0.0821  0.0833  0.0989  0.0855  0.0802  0.0688  0.0712  0.0677  0.0644  0.0656  0.0624
niter,ni,del,rscale     7    3    5.0000    1.2000
parameter  3  3.622603 ->  0.500000 qaram    1.1500
parameter  4  1.133611 ->  0.500000 qaram    1.3225
parameter  5  1.454430 ->  0.500000 qaram    1.3225
parameter  6  0.565478 ->  0.500000 qaram    1.3225
parameters
   -1.6605   18.7980   14.4634   -9.1780   -8.9065   -9.1728
   -2.4946   -9.1669   -0.8231    4.5925    1.8472    6.8550
eta,q 0.94897 13.49237
  0.0656  0.0647  0.0598  0.0543  0.0508  0.0513  0.0530  0.0540  0.0521  0.0549  0.0515  0.0524
  0.0642  0.0638  0.0607  0.0554  0.0522  0.0515  0.0521  0.0521  0.0516  0.0532  0.0512  0.0519
  0.0633  0.0633  0.0618  0.0575  0.0539  0.0522  0.0517  0.0514  0.0513  0.0519  0.0512  0.0515
  0.0631  0.0631  0.0630  0.0610  0.0558  0.0526  0.0517  0.0517  0.0514  0.0513  0.0513  0.0512
  0.0634  0.0631  0.0644  0.0661  0.0577  0.0530  0.0520  0.0527  0.0517  0.0516  0.0517  0.0510
  0.0643  0.0633  0.0658  0.0724  0.0614  0.0550  0.0526  0.0544  0.0523  0.0525  0.0522  0.0512
  0.0659  0.0640  0.0674  0.0790  0.0654  0.0597  0.0535  0.0565  0.0531  0.0540  0.0528  0.0515
niter,ni,del,rscale     7    3    5.0000    1.2000
parameter  2  1.212527 ->  0.500000 qaram    1.1500
parameter  3  2.637727 ->  0.500000 qaram    1.3225
parameter  4  0.608447 ->  0.500000 qaram    1.5209
parameter  5 16.017496 ->  0.500000 qaram    1.5209
parameter 10  0.626004 ->  0.500000 qaram    1.3225
parameter 12  3.436228 ->  0.500000 qaram    1.3225
parameters
   -1.5153   17.4180   12.8764  -14.6532  -14.3817  -13.3208
   -1.8120   -8.9608    2.2268   -0.1685    5.2572    2.0940
eta,q 0.96519 13.15846
  0.0540  0.0492  0.0454  0.0451  0.0363  0.0402  0.0418  0.0432  0.0422  0.0385  0.0396  0.0334
  0.0525  0.0495  0.0464  0.0448  0.0392  0.0396  0.0406  0.0412  0.0409  0.0378  0.0388  0.0344
  0.0515  0.0502  0.0479  0.0452  0.0419  0.0394  0.0398  0.0399  0.0400  0.0381  0.0382  0.0359
  0.0510  0.0510  0.0497  0.0468  0.0448  0.0399  0.0394  0.0394  0.0394  0.0391  0.0378  0.0376
  0.0512  0.0522  0.0517  0.0501  0.0477  0.0413  0.0395  0.0398  0.0391  0.0406  0.0376  0.0395
  0.0520  0.0537  0.0538  0.0559  0.0506  0.0431  0.0401  0.0409  0.0392  0.0428  0.0377  0.0414
  0.0534  0.0554  0.0560  0.0626  0.0538  0.0468  0.0410  0.0428  0.0397  0.0452  0.0379  0.0432
niter,ni,del,rscale     7    3    5.0000    1.2000
parameter  2  1.266106 ->  0.500000 qaram    1.3225
parameter  3  1.084240 ->  0.500000 qaram    1.5209
parameter  5  0.596695 ->  0.500000 qaram    1.7490
parameter 12  0.685778 ->  0.500000 qaram    1.5209
parameters
   -0.9306   15.8310   11.0513  -14.6162  -20.6781   -9.4019
   -1.8735   -9.2573    1.6899    1.9430    6.4310   -3.3812
eta,q 0.97592 13.01390
  0.0393  0.0299  0.0277  0.0325  0.0277  0.0316  0.0278  0.0296  0.0272  0.0334  0.0263  0.0243
  0.0371  0.0304  0.0282  0.0306  0.0267  0.0296  0.0265  0.0272  0.0261  0.0300  0.0257  0.0241
  0.0356  0.0321  0.0292  0.0293  0.0266  0.0280  0.0257  0.0258  0.0255  0.0272  0.0253  0.0243
  0.0348  0.0346  0.0308  0.0285  0.0285  0.0266  0.0255  0.0255  0.0255  0.0254  0.0250  0.0250
  0.0347  0.0379  0.0330  0.0282  0.0335  0.0255  0.0258  0.0262  0.0258  0.0251  0.0250  0.0262
  0.0352  0.0417  0.0358  0.0293  0.0403  0.0257  0.0266  0.0279  0.0266  0.0264  0.0253  0.0278
  0.0363  0.0458  0.0392  0.0337  0.0461  0.0274  0.0278  0.0302  0.0276  0.0288  0.0257  0.0298
niter,ni,del,rscale     7    3    5.0000    1.2000
parameters
   -0.9598   15.2961    9.6104  -12.7688  -20.9763   -9.7084
   -1.9427   -9.2117    1.8769    3.3645    8.7088   -4.7694
eta,q 0.97728 13.09382
  0.0273  0.0273  0.0246  0.0294  0.0305  0.0274  0.0256  0.0279  0.0254  0.0300  0.0247  0.0250
  0.0255  0.0251  0.0237  0.0269  0.0271  0.0255  0.0242  0.0250  0.0241  0.0267  0.0239  0.0236
  0.0244  0.0240  0.0234  0.0249  0.0243  0.0240  0.0233  0.0234  0.0233  0.0243  0.0233  0.0228
  0.0241  0.0241  0.0239  0.0234  0.0229  0.0230  0.0231  0.0231  0.0231  0.0231  0.0229  0.0228
  0.0245  0.0252  0.0252  0.0227  0.0232  0.0223  0.0234  0.0237  0.0233  0.0232  0.0228  0.0235
  0.0257  0.0274  0.0274  0.0233  0.0257  0.0243  0.0244  0.0253  0.0240  0.0246  0.0230  0.0247
  0.0274  0.0303  0.0307  0.0273  0.0332  0.0300  0.0257  0.0274  0.0251  0.0269  0.0234  0.0262
niter,ni,del,rscale     6    3    5.0000    1.2000
parameters
   -0.9311   15.5164    9.1136  -12.8524  -20.7183   -9.7626
   -1.7563   -9.2868    1.6083    3.8896    9.1295   -5.3679
eta,q 0.97734 13.12178
  0.0261  0.0281  0.0251  0.0278  0.0308  0.0272  0.0254  0.0270  0.0246  0.0285  0.0239  0.0252
  0.0243  0.0254  0.0238  0.0256  0.0273  0.0252  0.0239  0.0243  0.0235  0.0255  0.0233  0.0238
  0.0231  0.0235  0.0229  0.0238  0.0244  0.0238  0.0230  0.0230  0.0228  0.0235  0.0229  0.0229
  0.0227  0.0227  0.0227  0.0227  0.0227  0.0227  0.0227  0.0227  0.0227  0.0227  0.0227  0.0227
  0.0231  0.0231  0.0233  0.0223  0.0228  0.0218  0.0230  0.0233  0.0230  0.0233  0.0228  0.0233
  0.0241  0.0246  0.0248  0.0241  0.0248  0.0233  0.0238  0.0248  0.0238  0.0247  0.0231  0.0243
  0.0259  0.0268  0.0272  0.0296  0.0318  0.0294  0.0251  0.0269  0.0248  0.0273  0.0237  0.0257
niter,ni,del,rscale     5    3    5.0000    1.2000
parameters
   -0.9147   15.6355    8.9648  -12.8260  -20.6951   -9.8202
   -1.6689   -9.2908    1.5604    4.0965    9.2469   -5.6079
eta,q 0.97731 13.12849
  0.0259  0.0277  0.0255  0.0278  0.0305  0.0272  0.0253  0.0270  0.0247  0.0281  0.0238  0.0254
  0.0242  0.0250  0.0241  0.0256  0.0271  0.0252  0.0239  0.0243  0.0236  0.0252  0.0233  0.0240
  0.0230  0.0233  0.0231  0.0238  0.0242  0.0237  0.0230  0.0230  0.0229  0.0233  0.0228  0.0230
  0.0227  0.0227  0.0227  0.0227  0.0227  0.0227  0.0227  0.0227  0.0227  0.0227  0.0227  0.0227
  0.0230  0.0232  0.0230  0.0223  0.0227  0.0217  0.0230  0.0233  0.0230  0.0234  0.0228  0.0232
  0.0241  0.0247  0.0242  0.0239  0.0250  0.0233  0.0239  0.0247  0.0237  0.0249  0.0232  0.0242
  0.0259  0.0269  0.0263  0.0294  0.0322  0.0294  0.0251  0.0267  0.0247  0.0275  0.0238  0.0256
niter,ni,del,rscale     4    3    5.0000    1.2000
parameters
   -0.9099   15.6830    8.9145  -12.8108  -20.6899   -9.8366
   -1.6292   -9.2885    1.5565    4.1696    9.2802   -5.6929
eta,q 0.97730 13.13121
  0.0259  0.0274  0.0257  0.0278  0.0305  0.0272  0.0253  0.0270  0.0247  0.0279  0.0238  0.0254
  0.0242  0.0249  0.0242  0.0256  0.0270  0.0252  0.0239  0.0244  0.0236  0.0250  0.0232  0.0240
  0.0231  0.0232  0.0232  0.0238  0.0242  0.0238  0.0230  0.0230  0.0229  0.0232  0.0229  0.0231
  0.0227  0.0227  0.0227  0.0227  0.0227  0.0227  0.0227  0.0227  0.0227  0.0227  0.0227  0.0227
  0.0230  0.0233  0.0230  0.0223  0.0228  0.0217  0.0230  0.0233  0.0230  0.0234  0.0228  0.0231
  0.0241  0.0248  0.0241  0.0239  0.0251  0.0232  0.0239  0.0246  0.0237  0.0250  0.0232  0.0241
  0.0259  0.0270  0.0261  0.0294  0.0323  0.0293  0.0252  0.0267  0.0246  0.0276  0.0238  0.0255
niter,ni,del,rscale     3    3    5.0000    1.2000
parameters
   -0.9097   15.7004    8.8974  -12.8037  -20.6908   -9.8439
   -1.6173   -9.2898    1.5541    4.2000    9.2867   -5.7209
eta,q 0.97729 13.13207
  0.0259  0.0273  0.0257  0.0278  0.0305  0.0272  0.0253  0.0270  0.0247  0.0278  0.0238  0.0254
  0.0242  0.0248  0.0242  0.0256  0.0270  0.0252  0.0239  0.0244  0.0236  0.0250  0.0232  0.0241
  0.0231  0.0232  0.0232  0.0238  0.0243  0.0238  0.0230  0.0230  0.0229  0.0232  0.0229  0.0231
  0.0227  0.0227  0.0227  0.0227  0.0227  0.0227  0.0227  0.0227  0.0227  0.0227  0.0227  0.0227
  0.0231  0.0233  0.0230  0.0223  0.0228  0.0218  0.0230  0.0233  0.0230  0.0235  0.0229  0.0231
  0.0241  0.0249  0.0241  0.0239  0.0251  0.0232  0.0239  0.0247  0.0237  0.0250  0.0232  0.0241
  0.0259  0.0271  0.0260  0.0294  0.0323  0.0293  0.0252  0.0267  0.0246  0.0277  0.0238  0.0254
registration optimization eta report
parameter search radius
    2.4000    3.1740    3.6501   10.9503   12.5928    9.5220
    7.2000    7.2000    7.2000    9.5220    7.2000   10.9503
100000*second partial in parameter space
       56.       44.       24.        5.        6.        7.
        5.        8.        4.        6.        2.        2.
  0.0259  0.0273  0.0257  0.0278  0.0305  0.0272  0.0253  0.0270  0.0247  0.0278  0.0238  0.0254
  0.0242  0.0248  0.0242  0.0256  0.0270  0.0252  0.0239  0.0244  0.0236  0.0250  0.0232  0.0241
  0.0231  0.0232  0.0232  0.0238  0.0243  0.0238  0.0230  0.0230  0.0229  0.0232  0.0229  0.0231
  0.0227  0.0227  0.0227  0.0227  0.0227  0.0227  0.0227  0.0227  0.0227  0.0227  0.0227  0.0227
  0.0231  0.0233  0.0230  0.0223  0.0228  0.0218  0.0230  0.0233  0.0230  0.0235  0.0229  0.0231
  0.0241  0.0249  0.0241  0.0239  0.0251  0.0232  0.0239  0.0247  0.0237  0.0250  0.0232  0.0241
  0.0259  0.0271  0.0260  0.0294  0.0323  0.0293  0.0252  0.0267  0.0246  0.0277  0.0238  0.0254
   -0.9097   15.7004    8.8974  -12.8037  -20.6908   -9.8439
   -1.6173   -9.2898    1.5541    4.2000    9.2867   -5.7209
eta,q 0.97729 13.13207

---------------------------------------------------------------------
imgreg_4dfp /opt/freesurfer/average/711-2C_as_mni_average_305 /opt/freesurfer/average/711-2B_as_mni_average_305_mask talsrcimg_g11 none talsrcimg_to_711-2C_as_mni_average_305_t4 2311
---------------------------------------------------------------------

freesurfer imgreg_4dfp.c
/opt/freesurfer/average/711-2C_as_mni_average_305.4dfp.img
       256       256       256         1
  1.000000  1.000000  1.000000
orientation T byte_order littleendian
Reading image: /opt/freesurfer/average/711-2C_as_mni_average_305.4dfp.img
dimensions:      256       256       256
mmppix:       1.0000   -1.0000   -1.0000
center:     128.0000 -129.0000 -129.0000
/opt/freesurfer/average/711-2B_as_mni_average_305_mask.4dfp.img
       256       256       256         1
  1.000000  1.000000  1.000000
orientation T byte_order littleendian
Reading mask: /opt/freesurfer/average/711-2B_as_mni_average_305_mask.4dfp.img (2306576 pixels)
talsrcimg_g11.4dfp.img
       256       256       256         1
  1.000000  1.000000  1.000000
orientation T byte_order littleendian
Reading image: talsrcimg_g11.4dfp.img
dimensions:      256       256       256
mmppix:       1.0000   -1.0000   -1.0000
center:     128.0000 -129.0000 -129.0000
fimgreg.f
image alignment mode   2311 decimal      907 hex
parameters
   -0.9097   15.7004    8.8974  -12.8037  -20.6908   -9.8439
   -1.6173   -9.2898    1.5541    4.2000    9.2867   -5.7209
eta,q 0.97729 13.13207
niter,ni,del,rscale     5    3    5.0000    0.8000
parameter  4 -0.618963 -> -0.500000 qaram    1.1500
parameter  6 -0.826803 -> -0.500000 qaram    1.1500
parameters
   -0.9078   15.6514    9.1181  -10.0437  -18.7624   -7.0839
   -1.0692   -9.1809    2.0100    4.0348    8.8378   -5.7378
eta,q 0.97872 13.52221
  0.0242  0.0239  0.0235  0.0243  0.0242  0.0243  0.0230  0.0248  0.0225  0.0228  0.0221  0.0220
  0.0234  0.0232  0.0231  0.0236  0.0233  0.0235  0.0221  0.0227  0.0219  0.0220  0.0216  0.0216
  0.0229  0.0228  0.0229  0.0231  0.0227  0.0228  0.0215  0.0216  0.0215  0.0215  0.0213  0.0214
  0.0227  0.0227  0.0227  0.0227  0.0223  0.0222  0.0213  0.0213  0.0213  0.0213  0.0213  0.0213
  0.0229  0.0229  0.0227  0.0224  0.0222  0.0216  0.0213  0.0217  0.0213  0.0215  0.0214  0.0213
  0.0234  0.0233  0.0229  0.0223  0.0222  0.0212  0.0217  0.0227  0.0216  0.0221  0.0218  0.0216
  0.0242  0.0240  0.0232  0.0225  0.0225  0.0217  0.0223  0.0243  0.0221  0.0231  0.0224  0.0221
niter,ni,del,rscale     6    3    5.0000    0.9000
parameters
   -1.0448   15.5776    8.6615  -11.1253  -18.4988   -8.2952
   -1.2719   -9.2274    2.0336    4.2676    9.2910   -5.4302
eta,q 0.97833 13.45822
  0.0232  0.0228  0.0219  0.0230  0.0228  0.0236  0.0232  0.0249  0.0229  0.0237  0.0227  0.0226
  0.0221  0.0219  0.0214  0.0221  0.0220  0.0228  0.0223  0.0229  0.0223  0.0226  0.0222  0.0221
  0.0214  0.0214  0.0212  0.0215  0.0215  0.0220  0.0218  0.0219  0.0218  0.0220  0.0219  0.0218
  0.0213  0.0213  0.0213  0.0212  0.0213  0.0213  0.0217  0.0217  0.0217  0.0217  0.0217  0.0217
  0.0216  0.0215  0.0217  0.0215  0.0213  0.0216  0.0219  0.0221  0.0218  0.0218  0.0217  0.0217
  0.0225  0.0221  0.0223  0.0230  0.0217  0.0241  0.0225  0.0231  0.0223  0.0224  0.0220  0.0220
  0.0239  0.0231  0.0233  0.0262  0.0226  0.0289  0.0234  0.0248  0.0229  0.0234  0.0224  0.0224
niter,ni,del,rscale     5    3    5.0000    0.8000
parameters
   -0.9725   15.6330    8.6298  -10.6504  -18.4383   -8.2920
   -1.2383   -9.2610    1.9854    4.2995    9.3230   -5.4447
eta,q 0.97842 13.48744
  0.0234  0.0230  0.0224  0.0236  0.0227  0.0238  0.0229  0.0242  0.0225  0.0231  0.0223  0.0222
  0.0225  0.0223  0.0220  0.0228  0.0221  0.0230  0.0222  0.0226  0.0220  0.0223  0.0219  0.0219
  0.0219  0.0218  0.0217  0.0221  0.0217  0.0223  0.0217  0.0218  0.0217  0.0218  0.0217  0.0217
  0.0217  0.0217  0.0217  0.0217  0.0216  0.0216  0.0216  0.0216  0.0216  0.0216  0.0216  0.0216
  0.0218  0.0218  0.0218  0.0215  0.0216  0.0211  0.0217  0.0219  0.0217  0.0217  0.0216  0.0216
  0.0223  0.0222  0.0220  0.0219  0.0219  0.0220  0.0222  0.0228  0.0220  0.0222  0.0219  0.0219
  0.0231  0.0228  0.0225  0.0233  0.0227  0.0248  0.0228  0.0242  0.0226  0.0231  0.0223  0.0223
niter,ni,del,rscale     4    3    5.0000    0.7000
parameters
   -0.9846   15.6487    8.5885  -10.4519  -18.3091   -7.9394
   -1.1795   -9.2890    2.0054    4.3094    9.3600   -5.5784
eta,q 0.97858 13.52145
  0.0228  0.0226  0.0222  0.0230  0.0224  0.0235  0.0224  0.0236  0.0222  0.0226  0.0221  0.0219
  0.0221  0.0220  0.0218  0.0224  0.0219  0.0228  0.0219  0.0223  0.0218  0.0220  0.0217  0.0216
  0.0217  0.0217  0.0216  0.0219  0.0217  0.0222  0.0215  0.0216  0.0215  0.0216  0.0215  0.0215
  0.0216  0.0216  0.0216  0.0216  0.0216  0.0216  0.0214  0.0214  0.0214  0.0214  0.0214  0.0214
  0.0217  0.0217  0.0217  0.0215  0.0216  0.0211  0.0215  0.0217  0.0215  0.0215  0.0215  0.0215
  0.0222  0.0220  0.0219  0.0219  0.0218  0.0217  0.0218  0.0224  0.0218  0.0219  0.0217  0.0217
  0.0229  0.0225  0.0222  0.0231  0.0223  0.0236  0.0224  0.0236  0.0222  0.0226  0.0221  0.0220
niter,ni,del,rscale     3    3    5.0000    0.6000
parameters
   -0.9981   15.6588    8.5406  -10.2956  -18.2000   -7.6536
   -1.1231   -9.3251    2.0240    4.2931    9.4300   -5.7480
eta,q 0.97870 13.54788
  0.0224  0.0221  0.0219  0.0226  0.0220  0.0230  0.0221  0.0230  0.0219  0.0222  0.0218  0.0216
  0.0218  0.0217  0.0216  0.0221  0.0217  0.0225  0.0216  0.0220  0.0216  0.0217  0.0215  0.0215
  0.0215  0.0215  0.0215  0.0217  0.0215  0.0220  0.0214  0.0214  0.0214  0.0214  0.0214  0.0213
  0.0214  0.0214  0.0214  0.0214  0.0214  0.0214  0.0213  0.0213  0.0213  0.0213  0.0213  0.0213
  0.0215  0.0215  0.0215  0.0214  0.0214  0.0211  0.0214  0.0215  0.0214  0.0214  0.0213  0.0213
  0.0219  0.0217  0.0217  0.0217  0.0216  0.0216  0.0216  0.0221  0.0216  0.0217  0.0215  0.0215
  0.0224  0.0221  0.0219  0.0226  0.0219  0.0231  0.0220  0.0230  0.0219  0.0222  0.0218  0.0217
niter,ni,del,rscale     2    3    5.0000    0.5000
parameters
   -1.0093   15.6710    8.5127  -10.1683  -18.1216   -7.3517
   -1.0714   -9.3605    2.0283    4.2555    9.5007   -5.9533
eta,q 0.97881 13.56971
  0.0220  0.0218  0.0217  0.0221  0.0217  0.0226  0.0217  0.0224  0.0216  0.0218  0.0216  0.0214
  0.0216  0.0215  0.0215  0.0218  0.0215  0.0222  0.0214  0.0217  0.0214  0.0215  0.0214  0.0213
  0.0214  0.0214  0.0213  0.0215  0.0213  0.0217  0.0213  0.0213  0.0212  0.0213  0.0213  0.0212
  0.0213  0.0213  0.0213  0.0213  0.0213  0.0213  0.0212  0.0212  0.0212  0.0212  0.0212  0.0212
  0.0214  0.0214  0.0214  0.0213  0.0213  0.0211  0.0212  0.0214  0.0212  0.0213  0.0212  0.0212
  0.0216  0.0215  0.0215  0.0215  0.0214  0.0215  0.0214  0.0218  0.0214  0.0215  0.0213  0.0213
  0.0220  0.0218  0.0217  0.0222  0.0216  0.0226  0.0217  0.0225  0.0216  0.0219  0.0216  0.0215
niter,ni,del,rscale     1    3    5.0000    0.4000
parameters
   -1.0243   15.6857    8.5050  -10.0777  -18.0880   -7.0732
   -1.0265   -9.3966    2.0158    4.2279    9.5415   -6.1660
eta,q 0.97887 13.58506
  0.0216  0.0215  0.0215  0.0218  0.0214  0.0223  0.0215  0.0220  0.0214  0.0215  0.0214  0.0213
  0.0214  0.0214  0.0213  0.0215  0.0213  0.0219  0.0213  0.0215  0.0212  0.0213  0.0213  0.0212
  0.0212  0.0212  0.0212  0.0213  0.0212  0.0215  0.0212  0.0212  0.0212  0.0212  0.0212  0.0211
  0.0212  0.0212  0.0212  0.0212  0.0212  0.0212  0.0211  0.0211  0.0211  0.0211  0.0211  0.0211
  0.0212  0.0212  0.0212  0.0212  0.0212  0.0211  0.0212  0.0212  0.0212  0.0212  0.0211  0.0212
  0.0214  0.0213  0.0213  0.0214  0.0213  0.0214  0.0213  0.0215  0.0212  0.0213  0.0212  0.0212
  0.0217  0.0215  0.0215  0.0218  0.0214  0.0221  0.0215  0.0220  0.0214  0.0216  0.0214  0.0213
registration optimization eta report
parameter search radius
    0.8000    0.8000    0.8000    2.7600    2.4000    2.7600
    2.4000    2.4000    2.4000    2.4000    2.4000    2.4000
100000*second partial in parameter space
       70.       50.       41.        7.        4.       13.
        6.       15.        5.        7.        5.        3.
  0.0216  0.0215  0.0215  0.0218  0.0214  0.0223  0.0215  0.0220  0.0214  0.0215  0.0214  0.0213
  0.0214  0.0214  0.0213  0.0215  0.0213  0.0219  0.0213  0.0215  0.0212  0.0213  0.0213  0.0212
  0.0212  0.0212  0.0212  0.0213  0.0212  0.0215  0.0212  0.0212  0.0212  0.0212  0.0212  0.0211
  0.0212  0.0212  0.0212  0.0212  0.0212  0.0212  0.0211  0.0211  0.0211  0.0211  0.0211  0.0211
  0.0212  0.0212  0.0212  0.0212  0.0212  0.0211  0.0212  0.0212  0.0212  0.0212  0.0211  0.0212
  0.0214  0.0213  0.0213  0.0214  0.0213  0.0214  0.0213  0.0215  0.0212  0.0213  0.0212  0.0212
  0.0217  0.0215  0.0215  0.0218  0.0214  0.0221  0.0215  0.0220  0.0214  0.0216  0.0214  0.0213
   -1.0243   15.6857    8.5050  -10.0777  -18.0880   -7.0732
   -1.0265   -9.3966    2.0158    4.2279    9.5415   -6.1660
eta,q 0.97887 13.58506

---------------------------------------------------------------------
imgreg_4dfp /opt/freesurfer/average/711-2C_as_mni_average_305 /opt/freesurfer/average/711-2B_as_mni_average_305_mask talsrcimg_g11 none talsrcimg_to_711-2C_as_mni_average_305_t4 2311
---------------------------------------------------------------------

freesurfer imgreg_4dfp.c
/opt/freesurfer/average/711-2C_as_mni_average_305.4dfp.img
       256       256       256         1
  1.000000  1.000000  1.000000
orientation T byte_order littleendian
Reading image: /opt/freesurfer/average/711-2C_as_mni_average_305.4dfp.img
dimensions:      256       256       256
mmppix:       1.0000   -1.0000   -1.0000
center:     128.0000 -129.0000 -129.0000
/opt/freesurfer/average/711-2B_as_mni_average_305_mask.4dfp.img
       256       256       256         1
  1.000000  1.000000  1.000000
orientation T byte_order littleendian
Reading mask: /opt/freesurfer/average/711-2B_as_mni_average_305_mask.4dfp.img (2306576 pixels)
talsrcimg_g11.4dfp.img
       256       256       256         1
  1.000000  1.000000  1.000000
orientation T byte_order littleendian
Reading image: talsrcimg_g11.4dfp.img
dimensions:      256       256       256
mmppix:       1.0000   -1.0000   -1.0000
center:     128.0000 -129.0000 -129.0000
fimgreg.f
image alignment mode   2311 decimal      907 hex
parameters
   -1.0243   15.6857    8.5050  -10.0776  -18.0880   -7.0732
   -1.0265   -9.3966    2.0158    4.2279    9.5415   -6.1660
eta,q 0.97887 13.58507
niter,ni,del,rscale     5    3    5.0000    0.8000
parameters
   -1.0481   15.6996    8.5361  -10.7058  -18.3977   -7.7687
   -1.1316   -9.3444    1.9820    4.3959    9.3774   -5.7815
eta,q 0.97861 13.51429
  0.0229  0.0224  0.0223  0.0224  0.0221  0.0230  0.0226  0.0243  0.0224  0.0230  0.0221  0.0222
  0.0219  0.0217  0.0217  0.0218  0.0216  0.0224  0.0219  0.0225  0.0218  0.0222  0.0217  0.0218
  0.0213  0.0213  0.0213  0.0213  0.0213  0.0218  0.0215  0.0216  0.0215  0.0216  0.0215  0.0215
  0.0211  0.0211  0.0211  0.0211  0.0212  0.0212  0.0214  0.0214  0.0214  0.0214  0.0214  0.0214
  0.0213  0.0213  0.0213  0.0213  0.0213  0.0213  0.0216  0.0217  0.0215  0.0215  0.0215  0.0214
  0.0220  0.0217  0.0216  0.0221  0.0216  0.0228  0.0220  0.0226  0.0219  0.0220  0.0218  0.0216
  0.0230  0.0224  0.0222  0.0238  0.0226  0.0257  0.0227  0.0240  0.0224  0.0229  0.0223  0.0220
niter,ni,del,rscale     4    3    5.0000    0.7000
parameters
   -0.9989   15.6690    8.5567  -10.3424  -18.2947   -7.6683
   -1.1134   -9.2881    2.0191    4.3074    9.3555   -5.7834
eta,q 0.97869 13.53869
  0.0228  0.0223  0.0221  0.0226  0.0222  0.0230  0.0223  0.0237  0.0221  0.0225  0.0219  0.0218
  0.0220  0.0218  0.0217  0.0221  0.0217  0.0224  0.0218  0.0223  0.0217  0.0218  0.0216  0.0216
  0.0216  0.0215  0.0215  0.0217  0.0214  0.0219  0.0214  0.0215  0.0214  0.0215  0.0214  0.0214
  0.0214  0.0214  0.0214  0.0214  0.0213  0.0213  0.0213  0.0213  0.0213  0.0213  0.0213  0.0213
  0.0215  0.0215  0.0215  0.0213  0.0214  0.0211  0.0214  0.0216  0.0214  0.0214  0.0214  0.0213
  0.0219  0.0218  0.0217  0.0216  0.0216  0.0217  0.0217  0.0223  0.0216  0.0219  0.0216  0.0215
  0.0226  0.0224  0.0221  0.0224  0.0222  0.0234  0.0223  0.0235  0.0220  0.0226  0.0220  0.0219
niter,ni,del,rscale     3    3    5.0000    0.6000
parameters
   -1.0067   15.6692    8.5275  -10.2014  -18.1837   -7.4002
   -1.0783   -9.3139    2.0510    4.2564    9.4069   -5.9272
eta,q 0.97879 13.56188
  0.0223  0.0220  0.0218  0.0222  0.0219  0.0227  0.0220  0.0230  0.0218  0.0221  0.0217  0.0216
  0.0217  0.0216  0.0215  0.0218  0.0216  0.0222  0.0216  0.0219  0.0215  0.0216  0.0215  0.0214
  0.0214  0.0214  0.0214  0.0215  0.0214  0.0218  0.0213  0.0214  0.0213  0.0213  0.0213  0.0213
  0.0213  0.0213  0.0213  0.0213  0.0213  0.0213  0.0212  0.0212  0.0212  0.0212  0.0212  0.0212
  0.0214  0.0214  0.0214  0.0213  0.0213  0.0211  0.0213  0.0215  0.0213  0.0213  0.0213  0.0213
  0.0218  0.0216  0.0216  0.0216  0.0215  0.0215  0.0215  0.0221  0.0215  0.0216  0.0214  0.0214
  0.0223  0.0220  0.0219  0.0222  0.0218  0.0227  0.0220  0.0230  0.0218  0.0222  0.0217  0.0217
niter,ni,del,rscale     2    3    5.0000    0.5000
parameters
   -1.0180   15.6785    8.5160  -10.1148  -18.1305   -7.1520
   -1.0460   -9.3467    2.0295    4.2208    9.4628   -6.1065
eta,q 0.97886 13.57755
  0.0219  0.0217  0.0216  0.0219  0.0216  0.0224  0.0217  0.0224  0.0215  0.0218  0.0215  0.0214
  0.0215  0.0214  0.0214  0.0216  0.0214  0.0220  0.0214  0.0217  0.0213  0.0214  0.0213  0.0212
  0.0213  0.0213  0.0213  0.0213  0.0213  0.0216  0.0212  0.0213  0.0212  0.0212  0.0212  0.0212
  0.0212  0.0212  0.0212  0.0212  0.0212  0.0212  0.0211  0.0211  0.0211  0.0211  0.0212  0.0211
  0.0213  0.0213  0.0213  0.0212  0.0212  0.0211  0.0212  0.0213  0.0212  0.0212  0.0212  0.0212
  0.0215  0.0214  0.0214  0.0214  0.0213  0.0214  0.0214  0.0218  0.0213  0.0214  0.0213  0.0213
  0.0219  0.0217  0.0216  0.0219  0.0216  0.0223  0.0217  0.0225  0.0215  0.0218  0.0215  0.0215
niter,ni,del,rscale     1    3    5.0000    0.4000
parameters
   -1.0288   15.6916    8.5237  -10.0489  -18.1059   -6.9250
   -1.0094   -9.3814    2.0328    4.2007    9.5003   -6.2720
eta,q 0.97890 13.58896
  0.0216  0.0215  0.0214  0.0216  0.0214  0.0220  0.0214  0.0220  0.0214  0.0215  0.0214  0.0213
  0.0213  0.0213  0.0213  0.0214  0.0212  0.0217  0.0213  0.0215  0.0212  0.0213  0.0212  0.0212
  0.0212  0.0212  0.0212  0.0212  0.0212  0.0214  0.0211  0.0212  0.0211  0.0212  0.0211  0.0211
  0.0211  0.0211  0.0211  0.0211  0.0211  0.0211  0.0211  0.0211  0.0211  0.0211  0.0211  0.0211
  0.0212  0.0212  0.0212  0.0212  0.0212  0.0211  0.0211  0.0212  0.0211  0.0212  0.0211  0.0211
  0.0214  0.0213  0.0213  0.0213  0.0212  0.0213  0.0212  0.0215  0.0212  0.0213  0.0212  0.0212
  0.0216  0.0215  0.0214  0.0216  0.0214  0.0219  0.0214  0.0220  0.0214  0.0215  0.0214  0.0213
registration optimization eta report
parameter search radius
    0.8000    0.8000    0.8000    2.4000    2.4000    2.4000
    2.4000    2.4000    2.4000    2.4000    2.4000    2.4000
100000*second partial in parameter space
       72.       50.       44.        8.        4.       15.
        6.       15.        5.        7.        5.        3.
  0.0216  0.0215  0.0214  0.0216  0.0214  0.0220  0.0214  0.0220  0.0214  0.0215  0.0214  0.0213
  0.0213  0.0213  0.0213  0.0214  0.0212  0.0217  0.0213  0.0215  0.0212  0.0213  0.0212  0.0212
  0.0212  0.0212  0.0212  0.0212  0.0212  0.0214  0.0211  0.0212  0.0211  0.0212  0.0211  0.0211
  0.0211  0.0211  0.0211  0.0211  0.0211  0.0211  0.0211  0.0211  0.0211  0.0211  0.0211  0.0211
  0.0212  0.0212  0.0212  0.0212  0.0212  0.0211  0.0211  0.0212  0.0211  0.0212  0.0211  0.0211
  0.0214  0.0213  0.0213  0.0213  0.0212  0.0213  0.0212  0.0215  0.0212  0.0213  0.0212  0.0212
  0.0216  0.0215  0.0214  0.0216  0.0214  0.0219  0.0214  0.0220  0.0214  0.0215  0.0214  0.0213
   -1.0288   15.6916    8.5237  -10.0489  -18.1059   -6.9250
   -1.0094   -9.3814    2.0328    4.2007    9.5003   -6.2720
eta,q 0.97890 13.58896

---------------------------------------------------------------------
compute_vox2vox talsrcimg talsrcimg_to_711-2C_as_mni_average_305_t4 /opt/freesurfer/average/711-2C_as_mni_average_305
---------------------------------------------------------------------

freesurfer compute_vox2vox.c
Reading: talsrcimg.4dfp.ifh
Reading: talsrcimg_to_711-2C_as_mni_average_305_t4
Reading: /opt/freesurfer/average/711-2C_as_mni_average_305.4dfp.ifh
Writing: talsrcimg_to_711-2C_as_mni_average_305_t4_vox2vox.txt

start time Mon Mar 9 17:01:01 CET 2026
end		time Mon Mar 9 17:02:30 CET 2026

mpr2mni305 success

avi2talxfm orig_nu.mgz /opt/freesurfer/average/mni305.cor.mgz talsrcimg_to_711-2C_as_mni_average_305_t4_vox2vox.txt transforms/talairach.auto.xfm
avi2talxfm done
mv -f /out/sourcedata/freesurfer/sub-v1s22x0050532_ses-1/mri/talsrcimg_to_711-2C_as_mni_average_305_t4_vox2vox.txt /out/sourcedata/freesurfer/sub-v1s22x0050532_ses-1/mri/transforms/talsrcimg_to_711-2C_as_mni_average_305_t4_vox2vox.txt
lta_convert --src orig_nu.mgz --trg /opt/freesurfer/average/mni305.cor.mgz --inxfm transforms/talairach.auto.xfm --outlta transforms/talairach.auto.xfm.lta --subject fsaverage
7.3.2

--src: orig_nu.mgz src image (geometry).
--trg: /opt/freesurfer/average/mni305.cor.mgz trg image (geometry).
--inmni: transforms/talairach.auto.xfm input MNI/XFM transform.
--outlta: transforms/talairach.auto.xfm.lta output LTA.
--s: fsaverage subject name
 LTA read, type : 1
 1.09962   0.10984   0.02197  -1.04948;
-0.11369   1.05935   0.07973  -37.86289;
-0.02146  -0.05706   1.21645  -27.26067;
 0.00000   0.00000   0.00000   1.00000;
setting subject to fsaverage
Writing  LTA to file transforms/talairach.auto.xfm.lta...
lta_convert successful.
 
 
Started at Mon Mar 9 17:01:01 CET 2026
Ended   at Mon Mar  9 17:02:31 CET 2026
talairach_avi done
