/out/sourcedata/freesurfer/sub-v1s22x0050511_ses-1/mri
/opt/freesurfer/bin/talairach_avi
--i orig_nu.mgz --xfm transforms/talairach.auto.xfm
talairach_avi 7.3.2
Linux dna063 5.14.0-427.37.1.el9_4.x86_64 #1 SMP PREEMPT_DYNAMIC Fri Sep 13 12:41:50 EDT 2024 x86_64 x86_64 x86_64 GNU/Linux
Mon Mar  9 16:01:51 CET 2026
mri_convert orig_nu.mgz talsrcimg.img 
reading from orig_nu.mgz...
TR=0.00, TE=0.00, TI=0.00, flip angle=0.00
i_ras = (-1, 0, 0)
j_ras = (0, 0, -1)
k_ras = (0, 1, 0)
writing to talsrcimg.img...
Analyze Output Matrix
-1.00000   0.00000   0.00000   128.83301;
 0.00000   0.00000   1.00000  -91.46622;
 0.00000  -1.00000   0.00000   129.44441;
 0.00000   0.00000   0.00000   1.00000;
--------------------
INFO: set hdr.hist.orient to -1
mpr2mni305 talsrcimg
Mon Mar  9 16:01:51 CET 2026
/opt/freesurfer/bin/mpr2mni305 talsrcimg
mpr2mni305 7.3.2
target=711-2C_as_mni_average_305

---------------------------------------------------------------------
analyzeto4dfp talsrcimg -O0 -y
---------------------------------------------------------------------

freesurfer ifh2hdr.c
Mon Mar  9 16:01:51 2026
Writing: talsrcimg.4dfp.hdr
freesurfer analyzeto4dfp.c
Reading: talsrcimg.hdr
header size 348 bytes
hdr.dime.datatype	offset=70	value=2
hdr.dime.bitpix		offset=72	value=8
hdr.hist.orient		offset=252	value=-1
dimensionality     4
dimensions       256       256       256         1
Reading: talsrcimg.img
Writing: talsrcimg.4dfp.img
Writing: talsrcimg.4dfp.ifh
ifh2hdr talsrcimg -r0to190
ori=2

---------------------------------------------------------------------
gauss_4dfp talsrcimg 1.1
---------------------------------------------------------------------

freesurfer gauss_4dfp.c
Reading: talsrcimg.4dfp.img
Writing: talsrcimg_g11.4dfp.img
image dimensions 256 256 256 padded to 288 288 288
processing volume 1freesurfer ifh2hdr.c
Mon Mar  9 16:01:53 2026
Writing: talsrcimg_g11.4dfp.hdr

Writing: talsrcimg_g11.4dfp.ifh
including: talsrcimg.4dfp.img.rec in talsrcimg_g11.4dfp.img.rec

---------------------------------------------------------------------
imgreg_4dfp /opt/freesurfer/average/711-2C_as_mni_average_305 none talsrcimg_g11 none talsrcimg_to_711-2C_as_mni_average_305_t4 4355
---------------------------------------------------------------------

freesurfer imgreg_4dfp.c
/opt/freesurfer/average/711-2C_as_mni_average_305.4dfp.img
       256       256       256         1
  1.000000  1.000000  1.000000
orientation T byte_order littleendian
Reading image: /opt/freesurfer/average/711-2C_as_mni_average_305.4dfp.img
dimensions:      256       256       256
mmppix:       1.0000   -1.0000   -1.0000
center:     128.0000 -129.0000 -129.0000
talsrcimg_g11.4dfp.img
       256       256       256         1
  1.000000  1.000000  1.000000
orientation T byte_order littleendian
Reading image: talsrcimg_g11.4dfp.img
dimensions:      256       256       256
mmppix:       1.0000   -1.0000   -1.0000
center:     128.0000 -129.0000 -129.0000
t4_read: open error in t4_sub.f l:  41 t4_file(1:l)talsrcimg_to_711-2C_as_mni_average_305_t4 
t4_read: transform initialized to I4
rotation matrix determinant  1.000000
image alignment mode   4355 decimal     1103 hex
   -7.5000  -45.0000  -45.0000 6991.1665   16.3858
    0.0000  -45.0000  -45.0000 7350.5977   16.3930
    7.5000  -45.0000  -45.0000 7014.2510   16.3665
   -7.5000  -37.5000  -45.0000 7472.3901   15.8878
    0.0000  -37.5000  -45.0000 7831.0581   15.8944
    7.5000  -37.5000  -45.0000 7499.2612   15.8755
   -7.5000  -30.0000  -45.0000 8294.0361   15.4942
    0.0000  -30.0000  -45.0000 8672.3262   15.5019
    7.5000  -30.0000  -45.0000 8317.9355   15.4889
   -7.5000  -22.5000  -45.0000 9277.0566   15.3193
    0.0000  -22.5000  -45.0000 9682.2793   15.3284
    7.5000  -22.5000  -45.0000 9296.6729   15.3142
   -7.5000  -15.0000  -45.000010198.2256   15.2533
    0.0000  -15.0000  -45.000010631.1992   15.2626
    7.5000  -15.0000  -45.000010210.3867   15.2433
   -7.5000   -7.5000  -45.000011070.7461   15.2514
    0.0000   -7.5000  -45.000011532.2744   15.2588
    7.5000   -7.5000  -45.000011071.0059   15.2346
   -7.5000    0.0000  -45.000011893.2783   15.2549
    0.0000    0.0000  -45.000012388.3770   15.2605
    7.5000    0.0000  -45.000011878.4590   15.2360
   -7.5000    7.5000  -45.000011890.3926   15.2554
    0.0000    7.5000  -45.000012384.2285   15.2612
    7.5000    7.5000  -45.000011878.8008   15.2430
   -7.5000   15.0000  -45.000011764.6777   15.2537
    0.0000   15.0000  -45.000012270.4033   15.2611
    7.5000   15.0000  -45.000011763.6211   15.2483
   -7.5000   22.5000  -45.000011552.2393   15.2499
    0.0000   22.5000  -45.000012042.3711   15.2588
    7.5000   22.5000  -45.000011534.4717   15.2447
   -7.5000   30.0000  -45.000011059.1465   15.0469
    0.0000   30.0000  -45.000011537.9092   15.0560
    7.5000   30.0000  -45.000011053.0410   15.0369
   -7.5000   37.5000  -45.000010722.5508   15.0481
    0.0000   37.5000  -45.000011192.2109   15.0555
    7.5000   37.5000  -45.000010738.8125   15.0316
   -7.5000   45.0000  -45.0000 9958.3213   14.6694
    0.0000   45.0000  -45.000010378.6123   14.6748
    7.5000   45.0000  -45.0000 9994.2812   14.6512
   -7.5000  -45.0000  -37.5000 7305.1221   16.2174
    0.0000  -45.0000  -37.5000 7658.9062   16.2221
    7.5000  -45.0000  -37.5000 7323.7388   16.1957
   -7.5000  -37.5000  -37.5000 7848.2520   15.7225
    0.0000  -37.5000  -37.5000 8207.4170   15.7284
    7.5000  -37.5000  -37.5000 7859.9604   15.7097
   -7.5000  -30.0000  -37.5000 8739.8535   15.3282
    0.0000  -30.0000  -37.5000 9125.8936   15.3367
    7.5000  -30.0000  -37.5000 8745.1729   15.3263
   -7.5000  -22.5000  -37.5000 9760.4941   15.1519
    0.0000  -22.5000  -37.500010170.5586   15.1621
    7.5000  -22.5000  -37.5000 9750.1270   15.1530
   -7.5000  -15.0000  -37.500010732.0234   15.0898
    0.0000  -15.0000  -37.500011160.7549   15.0988
    7.5000  -15.0000  -37.500010716.0801   15.0843
   -7.5000   -7.5000  -37.500011666.3271   15.0932
    0.0000   -7.5000  -37.500012128.4531   15.0989
    7.5000   -7.5000  -37.500011640.6992   15.0771
   -7.5000    0.0000  -37.500012533.4658   15.0998
    0.0000    0.0000  -37.500013042.9043   15.1037
    7.5000    0.0000  -37.500012502.1846   15.0796
   -7.5000    7.5000  -37.500012513.5879   15.0983
    0.0000    7.5000  -37.500013008.5107   15.1037
    7.5000    7.5000  -37.500012480.2227   15.0859
   -7.5000   15.0000  -37.500012342.1777   15.0913
    0.0000   15.0000  -37.500012844.5713   15.0996
    7.5000   15.0000  -37.500012321.8809   15.0895
   -7.5000   22.5000  -37.500012090.4609   15.0841
    0.0000   22.5000  -37.500012571.4375   15.0941
    7.5000   22.5000  -37.500012059.5078   15.0851
   -7.5000   30.0000  -37.500011552.2646   14.8856
    0.0000   30.0000  -37.500012013.7520   14.8944
    7.5000   30.0000  -37.500011553.7764   14.8801
   -7.5000   37.5000  -37.500011250.5977   14.8921
    0.0000   37.5000  -37.500011693.6338   14.8977
    7.5000   37.5000  -37.500011248.2490   14.8762
   -7.5000   45.0000  -37.500010428.5000   14.5203
    0.0000   45.0000  -37.500010830.1289   14.5240
    7.5000   45.0000  -37.500010452.6748   14.5009
   -7.5000  -45.0000  -30.0000 7800.8091   16.8315
    0.0000  -45.0000  -30.0000 8147.1753   16.8349
    7.5000  -45.0000  -30.0000 7807.9790   16.8093
   -7.5000  -37.5000  -30.0000 8396.3936   16.3188
    0.0000  -37.5000  -30.0000 8760.0693   16.3252
    7.5000  -37.5000  -30.0000 8409.6064   16.3076
   -7.5000  -30.0000  -30.0000 9355.8779   15.9121
    0.0000  -30.0000  -30.0000 9752.3486   15.9215
    7.5000  -30.0000  -30.0000 9361.2510   15.9124
   -7.5000  -22.5000  -30.000010436.5713   15.7314
    0.0000  -22.5000  -30.000010864.4512   15.7414
    7.5000  -22.5000  -30.000010420.2236   15.7339
   -7.5000  -15.0000  -30.000011474.8545   15.6692
    0.0000  -15.0000  -30.000011931.1143   15.6769
    7.5000  -15.0000  -30.000011456.7012   15.6638
   -7.5000   -7.5000  -30.000012488.3525   15.6715
    0.0000   -7.5000  -30.000012987.6416   15.6758
    7.5000   -7.5000  -30.000012457.2510   15.6553
   -7.5000    0.0000  -30.000013430.9346   15.6752
    0.0000    0.0000  -30.000013978.6143   15.6784
    7.5000    0.0000  -30.000013399.4014   15.6559
   -7.5000    7.5000  -30.000013409.9375   15.6728
    0.0000    7.5000  -30.000013946.8525   15.6788
    7.5000    7.5000  -30.000013374.6855   15.6623
   -7.5000   15.0000  -30.000013212.9912   15.6666
    0.0000   15.0000  -30.000013742.7871   15.6759
    7.5000   15.0000  -30.000013170.9248   15.6670
   -7.5000   22.5000  -30.000012915.1689   15.6597
    0.0000   22.5000  -30.000013403.4736   15.6695
    7.5000   22.5000  -30.000012860.6113   15.6620
   -7.5000   30.0000  -30.000012319.9785   15.4586
    0.0000   30.0000  -30.000012784.8701   15.4661
    7.5000   30.0000  -30.000012294.3789   15.4532
   -7.5000   37.5000  -30.000012025.7422   15.4642
    0.0000   37.5000  -30.000012464.6396   15.4683
    7.5000   37.5000  -30.000011980.5938   15.4482
   -7.5000   45.0000  -30.000011120.2266   15.0847
    0.0000   45.0000  -30.000011527.6143   15.0878
    7.5000   45.0000  -30.000011111.7217   15.0661
   -7.5000  -45.0000  -22.5000 8313.5752   17.3964
    0.0000  -45.0000  -22.5000 8658.4785   17.3996
    7.5000  -45.0000  -22.5000 8304.7939   17.3756
   -7.5000  -37.5000  -22.5000 8956.8750   16.8690
    0.0000  -37.5000  -22.5000 9333.1758   16.8757
    7.5000  -37.5000  -22.5000 8952.3350   16.8599
   -7.5000  -30.0000  -22.5000 9977.7021   16.4561
    0.0000  -30.0000  -22.500010386.0264   16.4644
    7.5000  -30.0000  -22.5000 9958.7217   16.4545
   -7.5000  -22.5000  -22.500011124.6895   16.2740
    0.0000  -22.5000  -22.500011569.7637   16.2814
    7.5000  -22.5000  -22.500011098.6289   16.2702
   -7.5000  -15.0000  -22.500012243.6016   16.2081
    0.0000  -15.0000  -22.500012744.3574   16.2132
    7.5000  -15.0000  -22.500012212.4170   16.1967
   -7.5000   -7.5000  -22.500013351.0029   16.2038
    0.0000   -7.5000  -22.500013895.7363   16.2070
    7.5000   -7.5000  -22.500013301.2549   16.1858
   -7.5000    0.0000  -22.500014400.9473   16.2016
    0.0000    0.0000  -22.500015002.8418   16.2048
    7.5000    0.0000  -22.500014353.9141   16.1841
   -7.5000    7.5000  -22.500014399.9365   16.2013
    0.0000    7.5000  -22.500015019.3809   16.2072
    7.5000    7.5000  -22.500014349.0537   16.1924
   -7.5000   15.0000  -22.500014177.5117   16.2021
    0.0000   15.0000  -22.500014752.5137   16.2101
    7.5000   15.0000  -22.500014069.1982   16.2004
   -7.5000   22.5000  -22.500013830.9834   16.1985
    0.0000   22.5000  -22.500014326.0908   16.2057
    7.5000   22.5000  -22.500013708.3213   16.1947
   -7.5000   30.0000  -22.500013155.0361   15.9928
    0.0000   30.0000  -22.500013635.6689   15.9978
    7.5000   30.0000  -22.500013079.2920   15.9814
   -7.5000   37.5000  -22.500012838.0000   15.9918
    0.0000   37.5000  -22.500013307.0098   15.9950
    7.5000   37.5000  -22.500012798.2256   15.9741
   -7.5000   45.0000  -22.500011880.1934   15.6029
    0.0000   45.0000  -22.500012306.3145   15.6061
    7.5000   45.0000  -22.500011878.6572   15.5861
   -7.5000  -45.0000  -15.0000 8796.6533   17.7951
    0.0000  -45.0000  -15.0000 9145.3818   17.8000
    7.5000  -45.0000  -15.0000 8776.5918   17.7759
   -7.5000  -37.5000  -15.0000 9475.2139   17.2592
    0.0000  -37.5000  -15.0000 9855.7578   17.2666
    7.5000  -37.5000  -15.0000 9445.4639   17.2510
   -7.5000  -30.0000  -15.000010559.3164   16.8441
    0.0000  -30.0000  -15.000010964.7393   16.8513
    7.5000  -30.0000  -15.000010502.9033   16.8390
   -7.5000  -22.5000  -15.000011797.3555   16.6616
    0.0000  -22.5000  -15.000012238.0928   16.6671
    7.5000  -22.5000  -15.000011714.9824   16.6506
   -7.5000  -15.0000  -15.000013019.8330   16.5906
    0.0000  -15.0000  -15.000013511.5811   16.5950
    7.5000  -15.0000  -15.000012911.7070   16.5732
   -7.5000   -7.5000  -15.000014201.4912   16.5798
    0.0000   -7.5000  -15.000014748.3594   16.5838
    7.5000   -7.5000  -15.000014101.2881   16.5602
   -7.5000    0.0000  -15.000015390.2920   16.5741
    0.0000    0.0000  -15.000016026.7305   16.5787
    7.5000    0.0000  -15.000015306.4795   16.5577
   -7.5000    7.5000  -15.000015449.2021   16.5767
    0.0000    7.5000  -15.000016156.5645   16.5830
    7.5000    7.5000  -15.000015369.9160   16.5681
   -7.5000   15.0000  -15.000015196.2109   16.5844
    0.0000   15.0000  -15.000015826.5547   16.5912
    7.5000   15.0000  -15.000015008.7002   16.5790
   -7.5000   22.5000  -15.000014810.6250   16.5833
    0.0000   22.5000  -15.000015337.7637   16.5887
    7.5000   22.5000  -15.000014596.5195   16.5724
   -7.5000   30.0000  -15.000014061.0537   16.3725
    0.0000   30.0000  -15.000014586.9590   16.3767
    7.5000   30.0000  -15.000013912.8477   16.3552
   -7.5000   37.5000  -15.000013707.1719   16.3652
    0.0000   37.5000  -15.000014250.4053   16.3692
    7.5000   37.5000  -15.000013641.4990   16.3458
   -7.5000   45.0000  -15.000012706.3506   15.9713
    0.0000   45.0000  -15.000013203.6914   15.9757
    7.5000   45.0000  -15.000012698.9678   15.9555
   -7.5000  -45.0000   -7.5000 9252.9414   17.9897
    0.0000  -45.0000   -7.5000 9624.6025   17.9968
    7.5000  -45.0000   -7.5000 9213.8428   17.9706
   -7.5000  -37.5000   -7.5000 9975.5029   17.4498
    0.0000  -37.5000   -7.500010390.5059   17.4573
    7.5000  -37.5000   -7.5000 9905.8584   17.4395
   -7.5000  -30.0000   -7.500011122.6689   17.0286
    0.0000  -30.0000   -7.500011584.7666   17.0358
    7.5000  -30.0000   -7.500011013.7119   17.0219
   -7.5000  -22.5000   -7.500012424.1016   16.8421
    0.0000  -22.5000   -7.500012936.4600   16.8490
    7.5000  -22.5000   -7.500012286.4375   16.8312
   -7.5000  -15.0000   -7.500013751.5938   16.7686
    0.0000  -15.0000   -7.500014295.2471   16.7754
    7.5000  -15.0000   -7.500013553.4727   16.7520
   -7.5000   -7.5000   -7.500015075.5684   16.7592
    0.0000   -7.5000   -7.500015656.9893   16.7654
    7.5000   -7.5000   -7.500014862.4717   16.7395
   -7.5000    0.0000   -7.500016444.5723   16.7571
    0.0000    0.0000   -7.500017148.4082   16.7630
    7.5000    0.0000   -7.500016285.4023   16.7392
   -7.5000    7.5000   -7.500016659.6465   16.7607
    0.0000    7.5000   -7.500017547.1133   16.7671
    7.5000    7.5000   -7.500016507.7305   16.7498
   -7.5000   15.0000   -7.500016459.6523   16.7668
    0.0000   15.0000   -7.500017254.9766   16.7735
    7.5000   15.0000   -7.500016150.5596   16.7598
   -7.5000   22.5000   -7.500016025.8818   16.7614
    0.0000   22.5000   -7.500016666.6719   16.7680
    7.5000   22.5000   -7.500015661.7100   16.7503
   -7.5000   30.0000   -7.500015138.8428   16.5477
    0.0000   30.0000   -7.500015777.8271   16.5543
    7.5000   30.0000   -7.500014863.6934   16.5313
   -7.5000   37.5000   -7.500014711.2012   16.5418
    0.0000   37.5000   -7.500015366.4922   16.5480
    7.5000   37.5000   -7.500014563.0137   16.5224
   -7.5000   45.0000   -7.500013597.6816   16.1507
    0.0000   45.0000   -7.500014200.6963   16.1564
    7.5000   45.0000   -7.500013534.8037   16.1334
   -7.5000  -45.0000    0.0000 9623.4131   18.0304
    0.0000  -45.0000    0.000010009.7549   18.0374
    7.5000  -45.0000    0.0000 9533.7139   18.0086
   -7.5000  -37.5000    0.000010418.7158   17.4873
    0.0000  -37.5000    0.000010818.6943   17.4940
    7.5000  -37.5000    0.000010280.2158   17.4736
   -7.5000  -30.0000    0.000011617.3857   17.0575
    0.0000  -30.0000    0.000012088.1689   17.0654
    7.5000  -30.0000    0.000011454.6738   17.0518
   -7.5000  -22.5000    0.000012966.1455   16.8657
    0.0000  -22.5000    0.000013512.8965   16.8751
    7.5000  -22.5000    0.000012777.8506   16.8604
   -7.5000  -15.0000    0.000014319.6426   16.7933
    0.0000  -15.0000    0.000014937.2168   16.8027
    7.5000  -15.0000    0.000014067.2188   16.7821
   -7.5000   -7.5000    0.000015760.3135   16.7909
    0.0000   -7.5000    0.000016439.4805   16.7983
    7.5000   -7.5000    0.000015457.7520   16.7721
   -7.5000    0.0000    0.000017375.4414   16.7954
    0.0000    0.0000    0.000018331.8203   16.8009
    7.5000    0.0000    0.000017146.9980   16.7742
   -7.5000    7.5000    0.000017860.4727   16.7970
    0.0000    7.5000    0.000019222.3047   16.8028
    7.5000    7.5000    0.000017653.7246   16.7832
   -7.5000   15.0000    0.000017819.5859   16.7955
    0.0000   15.0000    0.000019079.2891   16.8031
    7.5000   15.0000    0.000017413.5625   16.7898
   -7.5000   22.5000    0.000017229.8164   16.7851
    0.0000   22.5000    0.000018187.4512   16.7943
    7.5000   22.5000    0.000016744.7363   16.7796
   -7.5000   30.0000    0.000016056.9990   16.5725
    0.0000   30.0000    0.000016841.0449   16.5817
    7.5000   30.0000    0.000015675.4307   16.5614
   -7.5000   37.5000    0.000015464.4961   16.5736
    0.0000   37.5000    0.000016174.4932   16.5809
    7.5000   37.5000    0.000015204.3770   16.5551
   -7.5000   45.0000    0.000014252.8896   16.1889
    0.0000   45.0000    0.000014886.9932   16.1941
    7.5000   45.0000    0.000014093.4365   16.1684
   -7.5000  -45.0000    7.5000 9257.9805   18.0510
    0.0000  -45.0000    7.5000 9637.3525   18.0560
    7.5000  -45.0000    7.5000 9092.4229   18.0266
   -7.5000  -37.5000    7.5000 9997.3164   17.5034
    0.0000  -37.5000    7.500010402.2637   17.5098
    7.5000  -37.5000    7.5000 9808.8643   17.4888
   -7.5000  -30.0000    7.500011142.2793   17.0672
    0.0000  -30.0000    7.500011600.9492   17.0767
    7.5000  -30.0000    7.500010926.9707   17.0648
   -7.5000  -22.5000    7.500012449.5029   16.8723
    0.0000  -22.5000    7.500012995.0088   16.8835
    7.5000  -22.5000    7.500012204.5811   16.8732
   -7.5000  -15.0000    7.500013806.5996   16.8032
    0.0000  -15.0000    7.500014410.8398   16.8129
    7.5000  -15.0000    7.500013502.6182   16.7967
   -7.5000   -7.5000    7.500015310.9258   16.8062
    0.0000   -7.5000    7.500015919.8037   16.8123
    7.5000   -7.5000    7.500014908.9814   16.7880
   -7.5000    0.0000    7.500017040.7988   16.8131
    0.0000    0.0000    7.500017885.9980   16.8172
    7.5000    0.0000    7.500016563.4648   16.7904
   -7.5000    7.5000    7.500017519.7988   16.8118
    0.0000    7.5000    7.500018818.7051   16.8177
    7.5000    7.5000    7.500016942.9043   16.7978
   -7.5000   15.0000    7.500017409.7344   16.8047
    0.0000   15.0000    7.500018723.1797   16.8139
    7.5000   15.0000    7.500016741.9688   16.8024
   -7.5000   22.5000    7.500016714.5449   16.7917
    0.0000   22.5000    7.500017784.4668   16.8027
    7.5000   22.5000    7.500016175.9102   16.7924
   -7.5000   30.0000    7.500015430.8359   16.5822
    0.0000   30.0000    7.500016333.6162   16.5917
    7.5000   30.0000    7.500015095.1230   16.5758
   -7.5000   37.5000    7.500014813.8516   16.5887
    0.0000   37.5000    7.500015591.7070   16.5947
    7.5000   37.5000    7.500014582.2002   16.5707
   -7.5000   45.0000    7.500013688.2930   16.2059
    0.0000   45.0000    7.500014333.0938   16.2098
    7.5000   45.0000    7.500013519.8896   16.1840
   -7.5000  -45.0000   15.0000 8763.3486   18.0802
    0.0000  -45.0000   15.0000 9132.9023   18.0837
    7.5000  -45.0000   15.0000 8576.1562   18.0561
   -7.5000  -37.5000   15.0000 9474.8838   17.5300
    0.0000  -37.5000   15.0000 9880.3799   17.5367
    7.5000  -37.5000   15.0000 9275.8848   17.5177
   -7.5000  -30.0000   15.000010589.3154   17.0933
    0.0000  -30.0000   15.000011024.5439   17.1033
    7.5000  -30.0000   15.000010355.5312   17.0934
   -7.5000  -22.5000   15.000011882.1387   16.8991
    0.0000  -22.5000   15.000012348.0859   16.9098
    7.5000  -22.5000   15.000011573.8682   16.9015
   -7.5000  -15.0000   15.000013190.3672   16.8320
    0.0000  -15.0000   15.000013662.9941   16.8401
    7.5000  -15.0000   15.000012803.8604   16.8260
   -7.5000   -7.5000   15.000014659.0557   16.8344
    0.0000   -7.5000   15.000015048.1562   16.8387
    7.5000   -7.5000   15.000014131.1152   16.8166
   -7.5000    0.0000   15.000016251.4717   16.8384
    0.0000    0.0000   15.000016805.0273   16.8417
    7.5000    0.0000   15.000015529.7920   16.8174
   -7.5000    7.5000   15.000016447.6094   16.8361
    0.0000    7.5000   15.000017184.6543   16.8424
    7.5000    7.5000   15.000015668.3662   16.8245
   -7.5000   15.0000   15.000016173.6172   16.8296
    0.0000   15.0000   15.000016839.3086   16.8395
    7.5000   15.0000   15.000015416.4854   16.8298
   -7.5000   22.5000   15.000015608.2686   16.8183
    0.0000   22.5000   15.000016212.9229   16.8288
    7.5000   22.5000   15.000015053.8018   16.8205
   -7.5000   30.0000   15.000014554.8223   16.6107
    0.0000   30.0000   15.000015180.9082   16.6186
    7.5000   30.0000   15.000014206.4336   16.6047
   -7.5000   37.5000   15.000014016.5293   16.6165
    0.0000   37.5000   15.000014646.1768   16.6208
    7.5000   37.5000   15.000013770.6465   16.5990
   -7.5000   45.0000   15.000012994.5625   16.2303
    0.0000   45.0000   15.000013568.4805   16.2335
    7.5000   45.0000   15.000012793.2529   16.2100
   -7.5000  -45.0000   22.5000 8255.6924   18.3220
    0.0000  -45.0000   22.5000 8572.9297   18.3253
    7.5000  -45.0000   22.5000 8065.9492   18.2996
   -7.5000  -37.5000   22.5000 8939.3770   17.7646
    0.0000  -37.5000   22.5000 9284.3789   17.7713
    7.5000  -37.5000   22.5000 8729.4062   17.7542
   -7.5000  -30.0000   22.5000 9978.7344   17.3279
    0.0000  -30.0000   22.500010340.8311   17.3364
    7.5000  -30.0000   22.5000 9725.2285   17.3255
   -7.5000  -22.5000   22.500011134.3584   17.1357
    0.0000  -22.5000   22.500011509.0908   17.1432
    7.5000  -22.5000   22.500010836.2598   17.1311
   -7.5000  -15.0000   22.500012315.5869   17.0650
    0.0000  -15.0000   22.500012673.3223   17.0704
    7.5000  -15.0000   22.500011959.0176   17.0526
   -7.5000   -7.5000   22.500013630.8906   17.0608
    0.0000   -7.5000   22.500013981.0918   17.0641
    7.5000   -7.5000   22.500013153.7061   17.0414
   -7.5000    0.0000   22.500014939.4531   17.0592
    0.0000    0.0000   22.500015522.2725   17.0624
    7.5000    0.0000   22.500014368.5234   17.0402
   -7.5000    7.5000   22.500014959.4131   17.0591
    0.0000    7.5000   22.500015597.7607   17.0651
    7.5000    7.5000   22.500014433.9727   17.0490
   -7.5000   15.0000   22.500014700.3359   17.0597
    0.0000   15.0000   22.500015239.2559   17.0679
    7.5000   15.0000   22.500014225.2676   17.0571
   -7.5000   22.5000   22.500014407.3467   17.0527
    0.0000   22.5000   22.500014892.0664   17.0600
    7.5000   22.5000   22.500013969.7871   17.0480
   -7.5000   30.0000   22.500013577.1943   16.8406
    0.0000   30.0000   22.500014051.1533   16.8458
    7.5000   30.0000   22.500013228.6934   16.8282
   -7.5000   37.5000   22.500013162.3936   16.8400
    0.0000   37.5000   22.500013650.1816   16.8433
    7.5000   37.5000   22.500012886.2793   16.8209
   -7.5000   45.0000   22.500012266.6855   16.4431
    0.0000   45.0000   22.500012726.3193   16.4462
    7.5000   45.0000   22.500012028.4160   16.4247
   -7.5000  -45.0000   30.0000 7694.4058   18.7406
    0.0000  -45.0000   30.0000 7948.3286   18.7445
    7.5000  -45.0000   30.0000 7508.8545   18.7181
   -7.5000  -37.5000   30.0000 8307.6650   18.1687
    0.0000  -37.5000   30.0000 8585.2510   18.1752
    7.5000  -37.5000   30.0000 8120.9321   18.1580
   -7.5000  -30.0000   30.0000 9243.7822   17.7262
    0.0000  -30.0000   30.0000 9560.8770   17.7325
    7.5000  -30.0000   30.0000 9056.3174   17.7192
   -7.5000  -22.5000   30.000010314.2988   17.5328
    0.0000  -22.5000   30.000010648.0059   17.5373
    7.5000  -22.5000   30.000010098.9756   17.5197
   -7.5000  -15.0000   30.000011437.2871   17.4537
    0.0000  -15.0000   30.000011774.3291   17.4570
    7.5000  -15.0000   30.000011155.4902   17.4336
   -7.5000   -7.5000   30.000012637.5625   17.4424
    0.0000   -7.5000   30.000013071.1816   17.4453
    7.5000   -7.5000   30.000012266.3545   17.4195
   -7.5000    0.0000   30.000013722.8809   17.4382
    0.0000    0.0000   30.000014336.2041   17.4417
    7.5000    0.0000   30.000013316.1709   17.4185
   -7.5000    7.5000   30.000013664.4521   17.4428
    0.0000    7.5000   30.000014258.5430   17.4481
    7.5000    7.5000   30.000013357.5146   17.4316
   -7.5000   15.0000   30.000013497.7100   17.4511
    0.0000   15.0000   30.000014017.1182   17.4570
    7.5000   15.0000   30.000013194.4014   17.4437
   -7.5000   22.5000   30.000013332.0244   17.4461
    0.0000   22.5000   30.000013816.0586   17.4505
    7.5000   22.5000   30.000012992.2354   17.4330
   -7.5000   30.0000   30.000012598.1484   17.2242
    0.0000   30.0000   30.000013050.2275   17.2273
    7.5000   30.0000   30.000012272.5986   17.2042
   -7.5000   37.5000   30.000012239.4502   17.2167
    0.0000   37.5000   30.000012690.7461   17.2195
    7.5000   37.5000   30.000011962.0684   17.1941
   -7.5000   45.0000   30.000011430.8398   16.8084
    0.0000   45.0000   30.000011847.4277   16.8118
    7.5000   45.0000   30.000011197.0508   16.7894
   -7.5000  -45.0000   37.5000 7473.8672   19.3597
    0.0000  -45.0000   37.5000 7718.9414   19.3661
    7.5000  -45.0000   37.5000 7299.5039   19.3355
   -7.5000  -37.5000   37.5000 8049.3213   18.7569
    0.0000  -37.5000   37.5000 8330.0840   18.7637
    7.5000  -37.5000   37.5000 7894.9634   18.7433
   -7.5000  -30.0000   37.5000 8979.1514   18.2872
    0.0000  -30.0000   37.5000 9300.0322   18.2936
    7.5000  -30.0000   37.5000 8832.7939   18.2783
   -7.5000  -22.5000   37.500010039.9463   18.0825
    0.0000  -22.5000   37.500010376.9727   18.0886
    7.5000  -22.5000   37.5000 9866.9502   18.0686
   -7.5000  -15.0000   37.500011123.0342   17.9974
    0.0000  -15.0000   37.500011503.3945   18.0036
    7.5000  -15.0000   37.500010888.5498   17.9768
   -7.5000   -7.5000   37.500012254.1758   17.9898
    0.0000   -7.5000   37.500012725.7178   17.9954
    7.5000   -7.5000   37.500011932.3760   17.9652
   -7.5000    0.0000   37.500013214.2861   17.9914
    0.0000    0.0000   37.500013804.1553   17.9964
    7.5000    0.0000   37.500012898.9648   17.9686
   -7.5000    7.5000   37.500013143.3262   17.9964
    0.0000    7.5000   37.500013673.2227   18.0019
    7.5000    7.5000   37.500012892.1162   17.9821
   -7.5000   15.0000   37.500013026.1582   18.0007
    0.0000   15.0000   37.500013514.1602   18.0066
    7.5000   15.0000   37.500012757.2490   17.9914
   -7.5000   22.5000   37.500012877.1777   17.9910
    0.0000   22.5000   37.500013363.0508   17.9969
    7.5000   22.5000   37.500012584.4980   17.9770
   -7.5000   30.0000   37.500012190.4629   17.7605
    0.0000   30.0000   37.500012633.1875   17.7666
    7.5000   30.0000   37.500011906.0635   17.7401
   -7.5000   37.5000   37.500011877.9150   17.7570
    0.0000   37.5000   37.500012299.1836   17.7625
    7.5000   37.5000   37.500011613.4990   17.7327
   -7.5000   45.0000   37.500011101.7490   17.3417
    0.0000   45.0000   37.500011498.7197   17.3465
    7.5000   45.0000   37.500010864.1436   17.3196
   -7.5000  -45.0000   45.0000 6981.2974   19.9892
    0.0000  -45.0000   45.0000 7210.2935   19.9965
    7.5000  -45.0000   45.0000 6819.2983   19.9612
   -7.5000  -37.5000   45.0000 7517.2173   19.3477
    0.0000  -37.5000   45.0000 7777.5557   19.3534
    7.5000  -37.5000   45.0000 7368.7705   19.3287
   -7.5000  -30.0000   45.0000 8386.7588   18.8355
    0.0000  -30.0000   45.0000 8677.0264   18.8423
    7.5000  -30.0000   45.0000 8230.0557   18.8253
   -7.5000  -22.5000   45.0000 9351.0674   18.6097
    0.0000  -22.5000   45.0000 9674.6230   18.6191
    7.5000  -22.5000   45.0000 9184.5195   18.5998
   -7.5000  -15.0000   45.000010349.3828   18.5221
    0.0000  -15.0000   45.000010720.4746   18.5326
    7.5000  -15.0000   45.000010136.5049   18.5061
   -7.5000   -7.5000   45.000011359.5381   18.5300
    0.0000   -7.5000   45.000011815.3994   18.5385
    7.5000   -7.5000   45.000011079.5049   18.5056
   -7.5000    0.0000   45.000012217.6875   18.5457
    0.0000    0.0000   45.000012719.7598   18.5511
    7.5000    0.0000   45.000011929.2393   18.5184
   -7.5000    7.5000   45.000012154.8428   18.5478
    0.0000    7.5000   45.000012594.7129   18.5525
    7.5000    7.5000   45.000011891.3379   18.5287
   -7.5000   15.0000   45.000012035.3467   18.5361
    0.0000   15.0000   45.000012468.9463   18.5425
    7.5000   15.0000   45.000011766.6582   18.5257
   -7.5000   22.5000   45.000011896.2490   18.5132
    0.0000   22.5000   45.000012333.7402   18.5223
    7.5000   22.5000   45.000011613.6211   18.5031
   -7.5000   30.0000   45.000011268.8135   18.2766
    0.0000   30.0000   45.000011668.9951   18.2869
    7.5000   30.0000   45.000011005.6758   18.2607
   -7.5000   37.5000   45.000010989.1523   18.2886
    0.0000   37.5000   45.000011376.6016   18.2969
    7.5000   37.5000   45.000010753.2734   18.2645
   -7.5000   45.0000   45.000010284.0049   17.8841
    0.0000   45.0000   45.000010644.6650   17.8892
    7.5000   45.0000   45.000010081.3359   17.8577

---------------------------------------------------------------------
imgreg_4dfp /opt/freesurfer/average/711-2C_as_mni_average_305 /opt/freesurfer/average/711-2B_as_mni_average_305_mask talsrcimg_g11 none talsrcimg_to_711-2C_as_mni_average_305_t4 4355
---------------------------------------------------------------------

freesurfer imgreg_4dfp.c
/opt/freesurfer/average/711-2C_as_mni_average_305.4dfp.img
       256       256       256         1
  1.000000  1.000000  1.000000
orientation T byte_order littleendian
Reading image: /opt/freesurfer/average/711-2C_as_mni_average_305.4dfp.img
dimensions:      256       256       256
mmppix:       1.0000   -1.0000   -1.0000
center:     128.0000 -129.0000 -129.0000
/opt/freesurfer/average/711-2B_as_mni_average_305_mask.4dfp.img
       256       256       256         1
  1.000000  1.000000  1.000000
orientation T byte_order littleendian
Reading mask: /opt/freesurfer/average/711-2B_as_mni_average_305_mask.4dfp.img (2306576 pixels)
talsrcimg_g11.4dfp.img
       256       256       256         1
  1.000000  1.000000  1.000000
orientation T byte_order littleendian
Reading image: talsrcimg_g11.4dfp.img
dimensions:      256       256       256
mmppix:       1.0000   -1.0000   -1.0000
center:     128.0000 -129.0000 -129.0000
rotation matrix determinant  1.000000
image alignment mode   4355 decimal     1103 hex
   -7.5000  -37.5000  -45.0000 2163.4897   23.6690
    0.0000  -37.5000  -45.0000 2181.4202   23.5415
    7.5000  -37.5000  -45.0000 2175.2395   23.4798
   -7.5000  -30.0000  -45.0000 2264.2810   21.6461
    0.0000  -30.0000  -45.0000 2284.5186   21.4545
    7.5000  -30.0000  -45.0000 2277.6687   21.4808
   -7.5000  -22.5000  -45.0000 2362.1855   20.0778
    0.0000  -22.5000  -45.0000 2377.2883   19.8309
    7.5000  -22.5000  -45.0000 2371.5933   19.8876
   -7.5000  -15.0000  -45.0000 2420.9402   18.8257
    0.0000  -15.0000  -45.0000 2426.7490   18.6058
    7.5000  -15.0000  -45.0000 2422.0742   18.7025
   -7.5000   -7.5000  -45.0000 2462.9851   18.0055
    0.0000   -7.5000  -45.0000 2467.0542   17.7471
    7.5000   -7.5000  -45.0000 2460.2092   17.8307
   -7.5000    0.0000  -45.0000 2481.7017   17.4858
    0.0000    0.0000  -45.0000 2485.8669   17.2482
    7.5000    0.0000  -45.0000 2480.9094   17.3171
   -7.5000    7.5000  -45.0000 2493.9409   17.1941
    0.0000    7.5000  -45.0000 2499.4490   16.9531
    7.5000    7.5000  -45.0000 2496.4153   17.0117
   -7.5000   15.0000  -45.0000 2497.3301   17.0376
    0.0000   15.0000  -45.0000 2505.3062   16.8055
    7.5000   15.0000  -45.0000 2496.6001   16.8736
   -7.5000   22.5000  -45.0000 2495.7859   17.2200
    0.0000   22.5000  -45.0000 2505.2126   16.9777
    7.5000   22.5000  -45.0000 2498.7156   17.0755
   -7.5000   30.0000  -45.0000 2473.7539   17.6954
    0.0000   30.0000  -45.0000 2486.6323   17.4526
    7.5000   30.0000  -45.0000 2481.9507   17.5439
   -7.5000   37.5000  -45.0000 2438.7056   18.4148
    0.0000   37.5000  -45.0000 2457.4629   18.1917
    7.5000   37.5000  -45.0000 2447.5903   18.2598
   -7.5000   45.0000  -45.0000 2388.5100   19.4179
    0.0000   45.0000  -45.0000 2404.6182   19.2189
    7.5000   45.0000  -45.0000 2393.4314   19.2412
   -7.5000   52.5000  -45.0000 2296.8325   20.6439
    0.0000   52.5000  -45.0000 2312.4397   20.4242
    7.5000   52.5000  -45.0000 2303.3376   20.5017
   -7.5000  -37.5000  -37.5000 2220.4607   22.5814
    0.0000  -37.5000  -37.5000 2239.9849   22.2886
    7.5000  -37.5000  -37.5000 2233.3274   22.3519
   -7.5000  -30.0000  -37.5000 2332.2410   20.5610
    0.0000  -30.0000  -37.5000 2355.3198   20.2974
    7.5000  -30.0000  -37.5000 2347.6851   20.3915
   -7.5000  -22.5000  -37.5000 2435.2678   19.0468
    0.0000  -22.5000  -37.5000 2448.2844   18.7907
    7.5000  -22.5000  -37.5000 2442.3022   18.8656
   -7.5000  -15.0000  -37.5000 2499.6311   17.8281
    0.0000  -15.0000  -37.5000 2503.3193   17.6125
    7.5000  -15.0000  -37.5000 2501.6313   17.6713
   -7.5000   -7.5000  -37.5000 2545.0676   16.9692
    0.0000   -7.5000  -37.5000 2550.4146   16.7198
    7.5000   -7.5000  -37.5000 2545.0320   16.7866
   -7.5000    0.0000  -37.5000 2568.1526   16.4001
    0.0000    0.0000  -37.5000 2571.2158   16.1528
    7.5000    0.0000  -37.5000 2568.7976   16.2069
   -7.5000    7.5000  -37.5000 2582.6501   16.0451
    0.0000    7.5000  -37.5000 2584.6970   15.8205
    7.5000    7.5000  -37.5000 2581.0723   15.8810
   -7.5000   15.0000  -37.5000 2579.2271   15.8623
    0.0000   15.0000  -37.5000 2582.2664   15.6618
    7.5000   15.0000  -37.5000 2576.0645   15.7499
   -7.5000   22.5000  -37.5000 2577.3245   15.9830
    0.0000   22.5000  -37.5000 2584.2141   15.7786
    7.5000   22.5000  -37.5000 2579.3884   15.8876
   -7.5000   30.0000  -37.5000 2554.9514   16.4323
    0.0000   30.0000  -37.5000 2569.9307   16.2087
    7.5000   30.0000  -37.5000 2567.1487   16.3282
   -7.5000   37.5000  -37.5000 2524.4417   17.1761
    0.0000   37.5000  -37.5000 2540.8997   16.9113
    7.5000   37.5000  -37.5000 2536.8545   17.0303
   -7.5000   45.0000  -37.5000 2474.5005   18.1496
    0.0000   45.0000  -37.5000 2490.0903   17.8986
    7.5000   45.0000  -37.5000 2484.8606   17.9860
   -7.5000   52.5000  -37.5000 2378.5938   19.3209
    0.0000   52.5000  -37.5000 2396.5420   19.1064
    7.5000   52.5000  -37.5000 2387.3372   19.1976
   -7.5000  -37.5000  -30.0000 2322.1685   22.4093
    0.0000  -37.5000  -30.0000 2338.4607   22.0637
    7.5000  -37.5000  -30.0000 2339.1660   22.1449
   -7.5000  -30.0000  -30.0000 2441.8547   20.3704
    0.0000  -30.0000  -30.0000 2458.7195   20.0370
    7.5000  -30.0000  -30.0000 2458.0493   20.1573
   -7.5000  -22.5000  -30.0000 2544.1294   18.7239
    0.0000  -22.5000  -30.0000 2555.2861   18.4303
    7.5000  -22.5000  -30.0000 2553.6687   18.5663
   -7.5000  -15.0000  -30.0000 2610.6543   17.4987
    0.0000  -15.0000  -30.0000 2615.7634   17.2022
    7.5000  -15.0000  -30.0000 2616.2163   17.3079
   -7.5000   -7.5000  -30.0000 2658.5950   16.6042
    0.0000   -7.5000  -30.0000 2665.9829   16.3576
    7.5000   -7.5000  -30.0000 2664.3257   16.4090
   -7.5000    0.0000  -30.0000 2690.2668   15.9779
    0.0000    0.0000  -30.0000 2694.7827   15.7194
    7.5000    0.0000  -30.0000 2694.3713   15.7557
   -7.5000    7.5000  -30.0000 2711.3538   15.5629
    0.0000    7.5000  -30.0000 2714.0586   15.3149
    7.5000    7.5000  -30.0000 2709.4460   15.3734
   -7.5000   15.0000  -30.0000 2707.3462   15.3533
    0.0000   15.0000  -30.0000 2711.5957   15.1477
    7.5000   15.0000  -30.0000 2703.4517   15.2187
   -7.5000   22.5000  -30.0000 2703.2610   15.4334
    0.0000   22.5000  -30.0000 2708.3435   15.2235
    7.5000   22.5000  -30.0000 2704.9607   15.3272
   -7.5000   30.0000  -30.0000 2686.4988   15.9134
    0.0000   30.0000  -30.0000 2698.8713   15.6769
    7.5000   30.0000  -30.0000 2697.4170   15.7888
   -7.5000   37.5000  -30.0000 2657.0034   16.6502
    0.0000   37.5000  -30.0000 2671.8896   16.4019
    7.5000   37.5000  -30.0000 2668.2898   16.5055
   -7.5000   45.0000  -30.0000 2600.0562   17.6655
    0.0000   45.0000  -30.0000 2615.0432   17.3870
    7.5000   45.0000  -30.0000 2611.3564   17.4883
   -7.5000   52.5000  -30.0000 2501.5037   18.8281
    0.0000   52.5000  -30.0000 2517.6763   18.5907
    7.5000   52.5000  -30.0000 2509.6592   18.6870
   -7.5000  -37.5000  -22.5000 2394.5591   22.1361
    0.0000  -37.5000  -22.5000 2406.7656   21.7757
    7.5000  -37.5000  -22.5000 2411.9807   21.7989
   -7.5000  -30.0000  -22.5000 2516.4121   20.0475
    0.0000  -30.0000  -22.5000 2527.0090   19.7157
    7.5000  -30.0000  -22.5000 2528.3196   19.7838
   -7.5000  -22.5000  -22.5000 2618.5972   18.3712
    0.0000  -22.5000  -22.5000 2624.1924   18.0590
    7.5000  -22.5000  -22.5000 2628.0527   18.1475
   -7.5000  -15.0000  -22.5000 2686.3240   17.0915
    0.0000  -15.0000  -22.5000 2692.8831   16.7783
    7.5000  -15.0000  -22.5000 2694.5027   16.8677
   -7.5000   -7.5000  -22.5000 2736.0049   16.1600
    0.0000   -7.5000  -22.5000 2744.0408   15.8671
    7.5000   -7.5000  -22.5000 2745.2229   15.9414
   -7.5000    0.0000  -22.5000 2780.8547   15.5071
    0.0000    0.0000  -22.5000 2785.6011   15.2198
    7.5000    0.0000  -22.5000 2783.3730   15.2573
   -7.5000    7.5000  -22.5000 2810.7185   15.0789
    0.0000    7.5000  -22.5000 2816.3735   14.7980
    7.5000    7.5000  -22.5000 2808.5715   14.8404
   -7.5000   15.0000  -22.5000 2807.4202   14.8289
    0.0000   15.0000  -22.5000 2811.4966   14.5668
    7.5000   15.0000  -22.5000 2800.5378   14.6335
   -7.5000   22.5000  -22.5000 2802.1660   14.8780
    0.0000   22.5000  -22.5000 2806.6362   14.6257
    7.5000   22.5000  -22.5000 2798.6223   14.7230
   -7.5000   30.0000  -22.5000 2786.5654   15.3461
    0.0000   30.0000  -22.5000 2801.1724   15.1026
    7.5000   30.0000  -22.5000 2794.4014   15.2212
   -7.5000   37.5000  -22.5000 2760.6597   16.0913
    0.0000   37.5000  -22.5000 2776.8018   15.8554
    7.5000   37.5000  -22.5000 2769.4641   15.9385
   -7.5000   45.0000  -22.5000 2703.4280   17.0774
    0.0000   45.0000  -22.5000 2717.3811   16.8397
    7.5000   45.0000  -22.5000 2712.0122   16.9304
   -7.5000   52.5000  -22.5000 2596.1221   18.1954
    0.0000   52.5000  -22.5000 2611.5349   17.9786
    7.5000   52.5000  -22.5000 2607.1860   18.0920
   -7.5000  -37.5000  -15.0000 2424.1863   21.9697
    0.0000  -37.5000  -15.0000 2430.2542   21.5537
    7.5000  -37.5000  -15.0000 2434.0264   21.5414
   -7.5000  -30.0000  -15.0000 2544.8589   19.8044
    0.0000  -30.0000  -15.0000 2545.1814   19.4227
    7.5000  -30.0000  -15.0000 2548.4885   19.4510
   -7.5000  -22.5000  -15.0000 2651.6841   18.0904
    0.0000  -22.5000  -15.0000 2646.3171   17.7308
    7.5000  -22.5000  -15.0000 2649.9363   17.7829
   -7.5000  -15.0000  -15.0000 2727.4368   16.7570
    0.0000  -15.0000  -15.0000 2721.9104   16.4271
    7.5000  -15.0000  -15.0000 2724.0789   16.4926
   -7.5000   -7.5000  -15.0000 2783.0566   15.7975
    0.0000   -7.5000  -15.0000 2780.0127   15.4893
    7.5000   -7.5000  -15.0000 2782.6348   15.5593
   -7.5000    0.0000  -15.0000 2831.1392   15.1193
    0.0000    0.0000  -15.0000 2827.1523   14.8175
    7.5000    0.0000  -15.0000 2822.0767   14.8799
   -7.5000    7.5000  -15.0000 2865.6948   14.6919
    0.0000    7.5000  -15.0000 2870.3464   14.4346
    7.5000    7.5000  -15.0000 2853.8970   14.4582
   -7.5000   15.0000  -15.0000 2862.5786   14.4295
    0.0000   15.0000  -15.0000 2863.6167   14.1374
    7.5000   15.0000  -15.0000 2845.3511   14.2069
   -7.5000   22.5000  -15.0000 2866.1729   14.4563
    0.0000   22.5000  -15.0000 2863.9148   14.1467
    7.5000   22.5000  -15.0000 2846.8599   14.2785
   -7.5000   30.0000  -15.0000 2856.2151   14.9267
    0.0000   30.0000  -15.0000 2862.4761   14.6490
    7.5000   30.0000  -15.0000 2850.4275   14.7758
   -7.5000   37.5000  -15.0000 2825.0361   15.6471
    0.0000   37.5000  -15.0000 2838.2004   15.4082
    7.5000   37.5000  -15.0000 2828.1274   15.4862
   -7.5000   45.0000  -15.0000 2761.2786   16.5721
    0.0000   45.0000  -15.0000 2774.9268   16.3329
    7.5000   45.0000  -15.0000 2767.6294   16.4142
   -7.5000   52.5000  -15.0000 2657.7625   17.6429
    0.0000   52.5000  -15.0000 2672.5242   17.3942
    7.5000   52.5000  -15.0000 2663.0784   17.5106
   -7.5000  -37.5000   -7.5000 2431.1169   21.9091
    0.0000  -37.5000   -7.5000 2431.0903   21.5896
    7.5000  -37.5000   -7.5000 2434.1877   21.4295
   -7.5000  -30.0000   -7.5000 2545.2207   19.6541
    0.0000  -30.0000   -7.5000 2545.2012   19.3908
    7.5000  -30.0000   -7.5000 2543.7422   19.2726
   -7.5000  -22.5000   -7.5000 2652.4917   17.8839
    0.0000  -22.5000   -7.5000 2648.2537   17.6357
    7.5000  -22.5000   -7.5000 2643.9302   17.5445
   -7.5000  -15.0000   -7.5000 2737.6160   16.5094
    0.0000  -15.0000   -7.5000 2729.7566   16.3065
    7.5000  -15.0000   -7.5000 2725.3640   16.2193
   -7.5000   -7.5000   -7.5000 2804.2505   15.5421
    0.0000   -7.5000   -7.5000 2795.6658   15.3524
    7.5000   -7.5000   -7.5000 2793.4600   15.2758
   -7.5000    0.0000   -7.5000 2855.9995   14.8970
    0.0000    0.0000   -7.5000 2845.8547   14.7467
    7.5000    0.0000   -7.5000 2838.8970   14.6670
   -7.5000    7.5000   -7.5000 2902.7964   14.5740
    0.0000    7.5000   -7.5000 2904.7405   14.4914
    7.5000    7.5000   -7.5000 2880.0598   14.3640
   -7.5000   15.0000   -7.5000 2906.3931   14.3038
    0.0000   15.0000   -7.5000 2916.6179   14.1723
    7.5000   15.0000   -7.5000 2878.1541   14.1352
   -7.5000   22.5000   -7.5000 2907.2898   14.2433
    0.0000   22.5000   -7.5000 2910.4121   14.0422
    7.5000   22.5000   -7.5000 2875.8518   14.0924
   -7.5000   30.0000   -7.5000 2892.1926   14.5927
    0.0000   30.0000   -7.5000 2904.2981   14.3960
    7.5000   30.0000   -7.5000 2875.4036   14.4401
   -7.5000   37.5000   -7.5000 2859.3896   15.2632
    0.0000   37.5000   -7.5000 2875.7410   15.0906
    7.5000   37.5000   -7.5000 2855.8813   15.1024
   -7.5000   45.0000   -7.5000 2798.7925   16.1452
    0.0000   45.0000   -7.5000 2814.0852   15.9466
    7.5000   45.0000   -7.5000 2802.8059   15.9563
   -7.5000   52.5000   -7.5000 2696.2249   17.2158
    0.0000   52.5000   -7.5000 2708.9785   16.9871
    7.5000   52.5000   -7.5000 2699.8713   17.0743
   -7.5000  -37.5000    0.0000 2433.5852   22.1036
    0.0000  -37.5000    0.0000 2429.8623   21.8358
    7.5000  -37.5000    0.0000 2424.3337   21.6235
   -7.5000  -30.0000    0.0000 2548.3113   19.7651
    0.0000  -30.0000    0.0000 2542.2625   19.5805
    7.5000  -30.0000    0.0000 2535.9324   19.3861
   -7.5000  -22.5000    0.0000 2652.9055   17.9492
    0.0000  -22.5000    0.0000 2642.1934   17.7780
    7.5000  -22.5000    0.0000 2638.4148   17.6118
   -7.5000  -15.0000    0.0000 2739.7095   16.5394
    0.0000  -15.0000    0.0000 2727.9351   16.4322
    7.5000  -15.0000    0.0000 2721.9897   16.2546
   -7.5000   -7.5000    0.0000 2819.6069   15.5695
    0.0000   -7.5000    0.0000 2812.2825   15.5734
    7.5000   -7.5000    0.0000 2797.2034   15.3338
   -7.5000    0.0000    0.0000 2893.2268   15.0632
    0.0000    0.0000    0.0000 2896.4561   15.1760
    7.5000    0.0000    0.0000 2870.3076   14.8668
   -7.5000    7.5000    0.0000 2960.8269   14.8895
    0.0000    7.5000    0.0000 2986.4858   15.1528
    7.5000    7.5000    0.0000 2932.1274   14.6808
   -7.5000   15.0000    0.0000 2970.9382   14.5993
    0.0000   15.0000    0.0000 3010.3130   14.8562
    7.5000   15.0000    0.0000 2932.1021   14.4472
   -7.5000   22.5000    0.0000 2944.4250   14.3481
    0.0000   22.5000    0.0000 2952.4429   14.3482
    7.5000   22.5000    0.0000 2900.9297   14.2083
   -7.5000   30.0000    0.0000 2913.2156   14.4493
    0.0000   30.0000    0.0000 2922.3018   14.3592
    7.5000   30.0000    0.0000 2886.6582   14.3183
   -7.5000   37.5000    0.0000 2875.1511   14.9622
    0.0000   37.5000    0.0000 2889.9031   14.8303
    7.5000   37.5000    0.0000 2864.5581   14.8180
   -7.5000   45.0000    0.0000 2811.2988   15.8713
    0.0000   45.0000    0.0000 2830.7737   15.7351
    7.5000   45.0000    0.0000 2807.0881   15.7290
   -7.5000   52.5000    0.0000 2712.7395   16.9992
    0.0000   52.5000    0.0000 2730.7239   16.8597
    7.5000   52.5000    0.0000 2707.3301   16.8718
   -7.5000  -37.5000    7.5000 2426.1436   22.4092
    0.0000  -37.5000    7.5000 2422.3530   22.3108
    7.5000  -37.5000    7.5000 2404.4253   21.9608
   -7.5000  -30.0000    7.5000 2537.6704   20.0527
    0.0000  -30.0000    7.5000 2533.8601   19.9956
    7.5000  -30.0000    7.5000 2516.8904   19.7027
   -7.5000  -22.5000    7.5000 2649.4016   18.2435
    0.0000  -22.5000    7.5000 2650.9956   18.2638
    7.5000  -22.5000    7.5000 2630.7852   17.9975
   -7.5000  -15.0000    7.5000 2747.5022   16.8917
    0.0000  -15.0000    7.5000 2757.3718   16.9734
    7.5000  -15.0000    7.5000 2733.3450   16.7034
   -7.5000   -7.5000    7.5000 2847.5667   15.9871
    0.0000   -7.5000    7.5000 2862.9485   16.1358
    7.5000   -7.5000    7.5000 2826.1653   15.8282
   -7.5000    0.0000    7.5000 2944.0261   15.4888
    0.0000    0.0000    7.5000 2963.5286   15.6922
    7.5000    0.0000    7.5000 2914.9543   15.3516
   -7.5000    7.5000    7.5000 3022.3311   15.2455
    0.0000    7.5000    7.5000 3057.7407   15.6033
    7.5000    7.5000    7.5000 2979.1204   15.0741
   -7.5000   15.0000    7.5000 3020.7905   14.9062
    0.0000   15.0000    7.5000 3071.3916   15.2937
    7.5000   15.0000    7.5000 2972.6338   14.7612
   -7.5000   22.5000    7.5000 2974.3696   14.6779
    0.0000   22.5000    7.5000 2998.9304   14.8534
    7.5000   22.5000    7.5000 2936.7693   14.5699
   -7.5000   30.0000    7.5000 2923.6387   14.5661
    0.0000   30.0000    7.5000 2941.0637   14.5758
    7.5000   30.0000    7.5000 2902.4485   14.5680
   -7.5000   37.5000    7.5000 2876.0437   14.9851
    0.0000   37.5000    7.5000 2893.0671   14.9256
    7.5000   37.5000    7.5000 2863.0574   14.9848
   -7.5000   45.0000    7.5000 2814.1855   15.8759
    0.0000   45.0000    7.5000 2827.9939   15.7498
    7.5000   45.0000    7.5000 2800.0620   15.8057
   -7.5000   52.5000    7.5000 2712.6121   16.9635
    0.0000   52.5000    7.5000 2723.1729   16.8003
    7.5000   52.5000    7.5000 2703.2461   16.8849
   -7.5000  -37.5000   15.0000 2418.4932   23.0087
    0.0000  -37.5000   15.0000 2423.0007   23.0510
    7.5000  -37.5000   15.0000 2397.2349   22.6836
   -7.5000  -30.0000   15.0000 2529.6753   20.6214
    0.0000  -30.0000   15.0000 2537.1401   20.7147
    7.5000  -30.0000   15.0000 2515.1250   20.4180
   -7.5000  -22.5000   15.0000 2651.5498   18.8100
    0.0000  -22.5000   15.0000 2659.5674   18.9040
    7.5000  -22.5000   15.0000 2636.4263   18.6037
   -7.5000  -15.0000   15.0000 2757.7173   17.3907
    0.0000  -15.0000   15.0000 2769.9563   17.4983
    7.5000  -15.0000   15.0000 2743.0125   17.1948
   -7.5000   -7.5000   15.0000 2857.4998   16.3921
    0.0000   -7.5000   15.0000 2872.9619   16.4864
    7.5000   -7.5000   15.0000 2840.2949   16.2023
   -7.5000    0.0000   15.0000 2958.0625   15.7816
    0.0000    0.0000   15.0000 2963.5889   15.8519
    7.5000    0.0000   15.0000 2921.8831   15.5825
   -7.5000    7.5000   15.0000 3028.8499   15.3810
    0.0000    7.5000   15.0000 3049.0020   15.5595
    7.5000    7.5000   15.0000 2977.0315   15.1564
   -7.5000   15.0000   15.0000 3018.1855   14.9130
    0.0000   15.0000   15.0000 3039.3667   15.0537
    7.5000   15.0000   15.0000 2963.3186   14.8208
   -7.5000   22.5000   15.0000 2971.3975   14.7339
    0.0000   22.5000   15.0000 2981.4050   14.7461
    7.5000   22.5000   15.0000 2945.3813   14.7754
   -7.5000   30.0000   15.0000 2932.9712   14.8843
    0.0000   30.0000   15.0000 2947.3398   14.8509
    7.5000   30.0000   15.0000 2918.9858   14.9597
   -7.5000   37.5000   15.0000 2876.4080   15.3751
    0.0000   37.5000   15.0000 2892.9937   15.3484
    7.5000   37.5000   15.0000 2865.8579   15.4450
   -7.5000   45.0000   15.0000 2801.1694   16.2230
    0.0000   45.0000   15.0000 2813.9346   16.1510
    7.5000   45.0000   15.0000 2789.1523   16.2381
   -7.5000   52.5000   15.0000 2693.8381   17.2684
    0.0000   52.5000   15.0000 2699.8416   17.1274
    7.5000   52.5000   15.0000 2681.7507   17.2472
   -7.5000  -37.5000   22.5000 2400.8857   23.6878
    0.0000  -37.5000   22.5000 2412.5918   23.8610
    7.5000  -37.5000   22.5000 2394.0347   23.7118
   -7.5000  -30.0000   22.5000 2518.7078   21.2192
    0.0000  -30.0000   22.5000 2527.6719   21.3328
    7.5000  -30.0000   22.5000 2509.3933   21.2036
   -7.5000  -22.5000   22.5000 2634.7017   19.2664
    0.0000  -22.5000   22.5000 2641.5688   19.3181
    7.5000  -22.5000   22.5000 2624.4128   19.1635
   -7.5000  -15.0000   22.5000 2739.3596   17.7092
    0.0000  -15.0000   22.5000 2747.5320   17.7385
    7.5000  -15.0000   22.5000 2730.1245   17.5838
   -7.5000   -7.5000   22.5000 2836.4395   16.5938
    0.0000   -7.5000   22.5000 2848.2942   16.6387
    7.5000   -7.5000   22.5000 2827.0085   16.4926
   -7.5000    0.0000   22.5000 2930.0225   15.8850
    0.0000    0.0000   22.5000 2937.7090   15.9848
    7.5000    0.0000   22.5000 2902.0493   15.7382
   -7.5000    7.5000   22.5000 2974.2166   15.3155
    0.0000    7.5000   22.5000 2997.0632   15.5314
    7.5000    7.5000   22.5000 2945.9475   15.2560
   -7.5000   15.0000   22.5000 2965.4709   14.8298
    0.0000   15.0000   22.5000 2975.1106   14.9389
    7.5000   15.0000   22.5000 2937.7944   14.9828
   -7.5000   22.5000   22.5000 2957.9951   14.9114
    0.0000   22.5000   22.5000 2960.9504   14.9034
    7.5000   22.5000   22.5000 2933.6626   15.0783
   -7.5000   30.0000   22.5000 2923.7378   15.2786
    0.0000   30.0000   22.5000 2936.0752   15.2349
    7.5000   30.0000   22.5000 2909.1165   15.3878
   -7.5000   37.5000   22.5000 2866.8042   15.9278
    0.0000   37.5000   22.5000 2880.6790   15.8476
    7.5000   37.5000   22.5000 2854.2527   15.9631
   -7.5000   45.0000   22.5000 2782.4871   16.8258
    0.0000   45.0000   22.5000 2795.9382   16.7075
    7.5000   45.0000   22.5000 2774.7068   16.8075
   -7.5000   52.5000   22.5000 2671.8867   17.8154
    0.0000   52.5000   22.5000 2679.0515   17.7041
    7.5000   52.5000   22.5000 2659.2058   17.8241
   -7.5000  -37.5000   30.0000 2357.5286   24.2753
    0.0000  -37.5000   30.0000 2374.1123   24.4473
    7.5000  -37.5000   30.0000 2367.7681   24.5496
   -7.5000  -30.0000   30.0000 2480.7595   21.6265
    0.0000  -30.0000   30.0000 2495.7427   21.7732
    7.5000  -30.0000   30.0000 2485.2034   21.8921
   -7.5000  -22.5000   30.0000 2596.6313   19.5816
    0.0000  -22.5000   30.0000 2610.3467   19.6892
    7.5000  -22.5000   30.0000 2601.8113   19.7371
   -7.5000  -15.0000   30.0000 2709.4294   18.0505
    0.0000  -15.0000   30.0000 2723.5271   18.1450
    7.5000  -15.0000   30.0000 2708.7656   18.1203
   -7.5000   -7.5000   30.0000 2809.4102   16.9698
    0.0000   -7.5000   30.0000 2825.2576   17.0831
    7.5000   -7.5000   30.0000 2803.2173   16.9918
   -7.5000    0.0000   30.0000 2886.3669   16.2253
    0.0000    0.0000   30.0000 2902.6907   16.3866
    7.5000    0.0000   30.0000 2867.3635   16.1619
   -7.5000    7.5000   30.0000 2911.2698   15.5217
    0.0000    7.5000   30.0000 2937.1611   15.6605
    7.5000    7.5000   30.0000 2906.9102   15.5951
   -7.5000   15.0000   30.0000 2923.4497   15.1426
    0.0000   15.0000   30.0000 2934.8313   15.2054
    7.5000   15.0000   30.0000 2906.9524   15.3346
   -7.5000   22.5000   30.0000 2929.0476   15.3489
    0.0000   22.5000   30.0000 2933.4382   15.3584
    7.5000   22.5000   30.0000 2904.5112   15.4968
   -7.5000   30.0000   30.0000 2885.2944   15.8139
    0.0000   30.0000   30.0000 2898.6719   15.8125
    7.5000   30.0000   30.0000 2870.9822   15.9025
   -7.5000   37.5000   30.0000 2830.0281   16.5101
    0.0000   37.5000   30.0000 2842.5271   16.4854
    7.5000   37.5000   30.0000 2818.6436   16.5390
   -7.5000   45.0000   30.0000 2753.5769   17.4741
    0.0000   45.0000   30.0000 2761.1858   17.3791
    7.5000   45.0000   30.0000 2744.8418   17.4507
   -7.5000   52.5000   30.0000 2642.4788   18.5133
    0.0000   52.5000   30.0000 2647.4226   18.3858
    7.5000   52.5000   30.0000 2631.3696   18.5368
   -7.5000  -37.5000   37.5000 2307.9312   24.8745
    0.0000  -37.5000   37.5000 2329.1343   25.0822
    7.5000  -37.5000   37.5000 2333.4668   25.4446
   -7.5000  -30.0000   37.5000 2437.0459   22.1565
    0.0000  -30.0000   37.5000 2459.2751   22.3429
    7.5000  -30.0000   37.5000 2461.0754   22.6906
   -7.5000  -22.5000   37.5000 2559.2288   20.1509
    0.0000  -22.5000   37.5000 2579.5813   20.2766
    7.5000  -22.5000   37.5000 2575.9214   20.5235
   -7.5000  -15.0000   37.5000 2670.4504   18.6293
    0.0000  -15.0000   37.5000 2694.1667   18.7514
    7.5000  -15.0000   37.5000 2682.7297   18.8729
   -7.5000   -7.5000   37.5000 2768.2012   17.5446
    0.0000   -7.5000   37.5000 2789.5562   17.6997
    7.5000   -7.5000   37.5000 2766.5063   17.6926
   -7.5000    0.0000   37.5000 2824.5315   16.6715
    0.0000    0.0000   37.5000 2852.2312   16.8716
    7.5000    0.0000   37.5000 2824.9351   16.8068
   -7.5000    7.5000   37.5000 2860.0742   15.9536
    0.0000    7.5000   37.5000 2882.7546   16.0494
    7.5000    7.5000   37.5000 2860.9983   16.1899
   -7.5000   15.0000   37.5000 2886.8396   15.7238
    0.0000   15.0000   37.5000 2894.4141   15.7930
    7.5000   15.0000   37.5000 2867.8337   15.9409
   -7.5000   22.5000   37.5000 2880.3386   15.9882
    0.0000   22.5000   37.5000 2887.4346   16.0192
    7.5000   22.5000   37.5000 2859.2896   16.1530
   -7.5000   30.0000   37.5000 2835.9968   16.4953
    0.0000   30.0000   37.5000 2848.5771   16.4928
    7.5000   30.0000   37.5000 2829.8298   16.6092
   -7.5000   37.5000   37.5000 2782.6931   17.2685
    0.0000   37.5000   37.5000 2794.6326   17.2278
    7.5000   37.5000   37.5000 2777.7483   17.3018
   -7.5000   45.0000   37.5000 2709.9443   18.2741
    0.0000   45.0000   37.5000 2717.3086   18.1504
    7.5000   45.0000   37.5000 2699.5115   18.2326
   -7.5000   52.5000   37.5000 2594.9712   19.3491
    0.0000   52.5000   37.5000 2603.2771   19.2027
    7.5000   52.5000   37.5000 2589.8721   19.3307
   -7.5000  -37.5000   45.0000 2258.4717   25.6810
    0.0000  -37.5000   45.0000 2281.6345   25.9866
    7.5000  -37.5000   45.0000 2296.6707   26.6356
   -7.5000  -30.0000   45.0000 2392.1960   22.8963
    0.0000  -30.0000   45.0000 2412.6746   23.1578
    7.5000  -30.0000   45.0000 2421.0078   23.7288
   -7.5000  -22.5000   45.0000 2510.1924   20.8964
    0.0000  -22.5000   45.0000 2530.8625   21.0677
    7.5000  -22.5000   45.0000 2534.9697   21.4804
   -7.5000  -15.0000   45.0000 2617.9402   19.3979
    0.0000  -15.0000   45.0000 2642.9226   19.5357
    7.5000  -15.0000   45.0000 2633.8948   19.7868
   -7.5000   -7.5000   45.0000 2706.1868   18.2515
    0.0000   -7.5000   45.0000 2729.7944   18.4124
    7.5000   -7.5000   45.0000 2711.4453   18.5765
   -7.5000    0.0000   45.0000 2758.6338   17.3584
    0.0000    0.0000   45.0000 2787.2263   17.5275
    7.5000    0.0000   45.0000 2762.6562   17.6727
   -7.5000    7.5000   45.0000 2802.8579   16.7115
    0.0000    7.5000   45.0000 2818.6663   16.8180
    7.5000    7.5000   45.0000 2795.4087   17.0417
   -7.5000   15.0000   45.0000 2827.2725   16.5128
    0.0000   15.0000   45.0000 2834.3108   16.5971
    7.5000   15.0000   45.0000 2807.1411   16.8158
   -7.5000   22.5000   45.0000 2814.4128   16.8023
    0.0000   22.5000   45.0000 2823.3015   16.8445
    7.5000   22.5000   45.0000 2796.9980   17.0310
   -7.5000   30.0000   45.0000 2772.1763   17.3097
    0.0000   30.0000   45.0000 2783.1738   17.3265
    7.5000   30.0000   45.0000 2769.1150   17.4987
   -7.5000   37.5000   45.0000 2721.4150   18.0895
    0.0000   37.5000   45.0000 2731.5286   18.0857
    7.5000   37.5000   45.0000 2715.9695   18.2514
   -7.5000   45.0000   45.0000 2651.9878   19.1508
    0.0000   45.0000   45.0000 2659.3770   19.0900
    7.5000   45.0000   45.0000 2640.5259   19.2364
   -7.5000   52.5000   45.0000 2532.7710   20.3290
    0.0000   52.5000   45.0000 2542.7009   20.2268
    7.5000   52.5000   45.0000 2524.9150   20.3769

---------------------------------------------------------------------
imgreg_4dfp /opt/freesurfer/average/711-2C_as_mni_average_305 /opt/freesurfer/average/711-2B_as_mni_average_305_mask talsrcimg_g11 none talsrcimg_to_711-2C_as_mni_average_305_t4 1283
---------------------------------------------------------------------

freesurfer imgreg_4dfp.c
/opt/freesurfer/average/711-2C_as_mni_average_305.4dfp.img
       256       256       256         1
  1.000000  1.000000  1.000000
orientation T byte_order littleendian
Reading image: /opt/freesurfer/average/711-2C_as_mni_average_305.4dfp.img
dimensions:      256       256       256
mmppix:       1.0000   -1.0000   -1.0000
center:     128.0000 -129.0000 -129.0000
/opt/freesurfer/average/711-2B_as_mni_average_305_mask.4dfp.img
       256       256       256         1
  1.000000  1.000000  1.000000
orientation T byte_order littleendian
Reading mask: /opt/freesurfer/average/711-2B_as_mni_average_305_mask.4dfp.img (2306576 pixels)
talsrcimg_g11.4dfp.img
       256       256       256         1
  1.000000  1.000000  1.000000
orientation T byte_order littleendian
Reading image: talsrcimg_g11.4dfp.img
dimensions:      256       256       256
mmppix:       1.0000   -1.0000   -1.0000
center:     128.0000 -129.0000 -129.0000
rotation matrix determinant  1.000000
fimgreg.f
image alignment mode   1283 decimal      503 hex
parameters
    0.0000   15.0000    7.5000    0.0000    0.0000    0.0000
eta,q 0.96454 15.35061
niter,ni,del,rscale     5    3   12.0000    1.2000
parameter  5 -0.540518 -> -0.500000 qaram    1.1500
parameters
   -1.1671   12.3813    8.5297   -2.4321    3.4500   -2.2801
eta,q 0.97370 15.49657
  0.0462  0.0367  0.0429  0.0313  0.0418  0.0281
  0.0387  0.0320  0.0363  0.0296  0.0365  0.0266
  0.0350  0.0302  0.0324  0.0288  0.0322  0.0263
  0.0350  0.0345  0.0300  0.0296  0.0289  0.0269
  0.0392  0.0404  0.0299  0.0324  0.0269  0.0286
  0.0480  0.0471  0.0321  0.0357  0.0271  0.0316
  0.0614  0.0551  0.0363  0.0384  0.0285  0.0353
niter,ni,del,rscale     5    3   12.0000    1.2000
parameters
   -2.6541   12.7003    8.8045   -2.6328    4.1859   -3.0979
eta,q 0.97572 15.53908
  0.0344  0.0433  0.0353  0.0314  0.0374  0.0287
  0.0279  0.0343  0.0302  0.0275  0.0312  0.0258
  0.0252  0.0283  0.0268  0.0257  0.0274  0.0243
  0.0263  0.0251  0.0250  0.0249  0.0250  0.0246
  0.0304  0.0265  0.0250  0.0256  0.0247  0.0257
  0.0387  0.0323  0.0283  0.0282  0.0281  0.0281
  0.0518  0.0399  0.0343  0.0324  0.0334  0.0314
niter,ni,del,rscale     4    3   12.0000    1.2000
parameters
   -2.9210   12.7592    8.8074   -2.6301    4.3412   -3.2149
eta,q 0.97592 15.53522
  0.0407  0.0420  0.0339  0.0317  0.0356  0.0299
  0.0313  0.0331  0.0294  0.0274  0.0301  0.0266
  0.0256  0.0268  0.0261  0.0250  0.0264  0.0244
  0.0243  0.0242  0.0242  0.0242  0.0242  0.0241
  0.0272  0.0264  0.0245  0.0247  0.0251  0.0250
  0.0334  0.0329  0.0287  0.0273  0.0294  0.0269
  0.0437  0.0412  0.0349  0.0318  0.0350  0.0302
niter,ni,del,rscale     3    3   12.0000    1.2000
parameters
   -2.9685   12.7692    8.7956   -2.6222    4.3703   -3.2386
eta,q 0.97595 15.53449
  0.0421  0.0417  0.0338  0.0317  0.0353  0.0300
  0.0322  0.0329  0.0294  0.0274  0.0299  0.0267
  0.0259  0.0266  0.0260  0.0250  0.0262  0.0245
  0.0241  0.0241  0.0241  0.0241  0.0241  0.0241
  0.0267  0.0264  0.0244  0.0246  0.0253  0.0249
  0.0327  0.0331  0.0287  0.0273  0.0298  0.0268
  0.0425  0.0415  0.0349  0.0318  0.0354  0.0300
registration optimization eta report
parameter search radius
    6.0000    6.0000    6.0000    6.0000    6.9000    6.0000
100000*second partial in parameter space
       50.       48.       29.       22.       23.       17.
  0.0421  0.0417  0.0338  0.0317  0.0353  0.0300
  0.0322  0.0329  0.0294  0.0274  0.0299  0.0267
  0.0259  0.0266  0.0260  0.0250  0.0262  0.0245
  0.0241  0.0241  0.0241  0.0241  0.0241  0.0241
  0.0267  0.0264  0.0244  0.0246  0.0253  0.0249
  0.0327  0.0331  0.0287  0.0273  0.0298  0.0268
  0.0425  0.0415  0.0349  0.0318  0.0354  0.0300
   -2.9685   12.7692    8.7956   -2.6222    4.3703   -3.2386
eta,q 0.97595 15.53449

---------------------------------------------------------------------
imgreg_4dfp /opt/freesurfer/average/711-2C_as_mni_average_305 /opt/freesurfer/average/711-2B_as_mni_average_305_mask talsrcimg_g11 none talsrcimg_to_711-2C_as_mni_average_305_t4 3335
---------------------------------------------------------------------

freesurfer imgreg_4dfp.c
/opt/freesurfer/average/711-2C_as_mni_average_305.4dfp.img
       256       256       256         1
  1.000000  1.000000  1.000000
orientation T byte_order littleendian
Reading image: /opt/freesurfer/average/711-2C_as_mni_average_305.4dfp.img
dimensions:      256       256       256
mmppix:       1.0000   -1.0000   -1.0000
center:     128.0000 -129.0000 -129.0000
/opt/freesurfer/average/711-2B_as_mni_average_305_mask.4dfp.img
       256       256       256         1
  1.000000  1.000000  1.000000
orientation T byte_order littleendian
Reading mask: /opt/freesurfer/average/711-2B_as_mni_average_305_mask.4dfp.img (2306576 pixels)
talsrcimg_g11.4dfp.img
       256       256       256         1
  1.000000  1.000000  1.000000
orientation T byte_order littleendian
Reading image: talsrcimg_g11.4dfp.img
dimensions:      256       256       256
mmppix:       1.0000   -1.0000   -1.0000
center:     128.0000 -129.0000 -129.0000
fimgreg.f
image alignment mode   3335 decimal      D07 hex
parameters
   -2.9685   12.7692    8.7956   -0.4500   -0.2839   -0.3952
    5.9916   -7.3415   -5.6330    4.9978    7.6201   -4.5617
eta,q 0.97551 15.54995
niter,ni,del,rscale     5    3    5.0000    1.2000
parameter  5  0.764880 ->  0.500000 qaram    1.1500
parameter 10  0.531029 ->  0.500000 qaram    1.1500
parameter 12  0.829295 ->  0.500000 qaram    1.1500
parameters
   -2.8188   13.0728    9.4199   -1.9193   -4.4239   -0.7593
    6.7377   -6.5714   -3.7774    0.8578    6.4625   -8.7017
eta,q 0.98020 15.29154
  0.0280  0.0287  0.0264  0.0260  0.0222  0.0240  0.0251  0.0257  0.0252  0.0213  0.0210  0.0198
  0.0262  0.0267  0.0255  0.0252  0.0217  0.0229  0.0234  0.0236  0.0235  0.0205  0.0207  0.0198
  0.0250  0.0252  0.0248  0.0246  0.0222  0.0221  0.0222  0.0224  0.0223  0.0205  0.0205  0.0200
  0.0245  0.0245  0.0244  0.0243  0.0244  0.0217  0.0217  0.0217  0.0216  0.0215  0.0205  0.0205
  0.0247  0.0245  0.0243  0.0246  0.0284  0.0217  0.0218  0.0217  0.0215  0.0232  0.0206  0.0212
  0.0256  0.0254  0.0245  0.0264  0.0328  0.0224  0.0226  0.0226  0.0218  0.0256  0.0210  0.0222
  0.0273  0.0271  0.0251  0.0302  0.0372  0.0255  0.0240  0.0244  0.0228  0.0284  0.0216  0.0233
niter,ni,del,rscale     7    3    5.0000    1.2000
parameters
   -2.9261   13.7665   10.2210   -0.4230   -6.0115    1.4520
    6.2705   -6.7063   -3.5709    1.8832    5.2976  -11.1381
eta,q 0.98174 15.42115
  0.0224  0.0247  0.0215  0.0224  0.0235  0.0228  0.0216  0.0233  0.0216  0.0241  0.0191  0.0191
  0.0209  0.0225  0.0206  0.0211  0.0214  0.0214  0.0199  0.0203  0.0200  0.0216  0.0187  0.0185
  0.0200  0.0209  0.0199  0.0201  0.0196  0.0201  0.0189  0.0189  0.0190  0.0197  0.0185  0.0183
  0.0198  0.0198  0.0194  0.0192  0.0189  0.0191  0.0186  0.0186  0.0186  0.0186  0.0184  0.0184
  0.0202  0.0194  0.0192  0.0188  0.0206  0.0186  0.0191  0.0191  0.0188  0.0186  0.0186  0.0189
  0.0212  0.0199  0.0194  0.0191  0.0247  0.0186  0.0204  0.0206  0.0198  0.0199  0.0191  0.0198
  0.0229  0.0212  0.0199  0.0210  0.0302  0.0204  0.0226  0.0236  0.0213  0.0221  0.0200  0.0210
niter,ni,del,rscale     6    3    5.0000    1.2000
parameters
   -2.9732   13.9716    9.9878   -0.2201   -6.2417    0.5797
    6.2975   -6.4046   -3.2579    2.6136    5.3737  -11.2534
eta,q 0.98165 15.38970
  0.0213  0.0220  0.0195  0.0216  0.0241  0.0212  0.0218  0.0236  0.0214  0.0234  0.0193  0.0199
  0.0196  0.0201  0.0187  0.0203  0.0218  0.0199  0.0200  0.0203  0.0198  0.0211  0.0188  0.0191
  0.0186  0.0189  0.0183  0.0192  0.0197  0.0189  0.0188  0.0188  0.0188  0.0194  0.0185  0.0186
  0.0183  0.0183  0.0182  0.0182  0.0181  0.0182  0.0184  0.0184  0.0184  0.0184  0.0184  0.0184
  0.0186  0.0184  0.0185  0.0178  0.0183  0.0181  0.0187  0.0188  0.0187  0.0186  0.0184  0.0186
  0.0197  0.0193  0.0192  0.0189  0.0212  0.0199  0.0198  0.0200  0.0195  0.0199  0.0187  0.0191
  0.0216  0.0210  0.0202  0.0223  0.0263  0.0255  0.0218  0.0225  0.0210  0.0221  0.0193  0.0200
niter,ni,del,rscale     5    3    5.0000    1.2000
parameters
   -2.9609   14.0996   10.0303   -0.0022   -6.3015    0.5330
    6.2695   -6.3809   -3.2334    2.7726    5.3227  -11.3976
eta,q 0.98170 15.39594
  0.0215  0.0218  0.0199  0.0215  0.0244  0.0216  0.0216  0.0231  0.0211  0.0227  0.0192  0.0198
  0.0198  0.0200  0.0191  0.0203  0.0221  0.0203  0.0198  0.0200  0.0196  0.0206  0.0187  0.0190
  0.0187  0.0189  0.0186  0.0192  0.0199  0.0191  0.0187  0.0186  0.0186  0.0190  0.0184  0.0185
  0.0183  0.0184  0.0183  0.0183  0.0183  0.0183  0.0183  0.0183  0.0183  0.0183  0.0183  0.0183
  0.0187  0.0186  0.0185  0.0179  0.0183  0.0180  0.0186  0.0188  0.0186  0.0187  0.0184  0.0185
  0.0197  0.0195  0.0190  0.0189  0.0210  0.0189  0.0198  0.0201  0.0195  0.0202  0.0187  0.0191
  0.0215  0.0212  0.0198  0.0222  0.0259  0.0231  0.0218  0.0228  0.0211  0.0225  0.0193  0.0200
niter,ni,del,rscale     4    3    5.0000    1.2000
parameters
   -2.9689   14.1193   10.0173    0.0061   -6.2950    0.5220
    6.2851   -6.3711   -3.2148    2.8165    5.3123  -11.4360
eta,q 0.98170 15.39680
  0.0215  0.0215  0.0198  0.0214  0.0244  0.0217  0.0217  0.0231  0.0211  0.0226  0.0192  0.0198
  0.0197  0.0198  0.0190  0.0202  0.0221  0.0203  0.0199  0.0200  0.0196  0.0205  0.0187  0.0191
  0.0187  0.0187  0.0185  0.0192  0.0199  0.0191  0.0187  0.0186  0.0186  0.0190  0.0184  0.0185
  0.0183  0.0183  0.0183  0.0183  0.0183  0.0183  0.0183  0.0183  0.0183  0.0183  0.0183  0.0183
  0.0186  0.0186  0.0185  0.0180  0.0182  0.0180  0.0186  0.0188  0.0186  0.0188  0.0183  0.0185
  0.0197  0.0197  0.0190  0.0191  0.0209  0.0188  0.0197  0.0202  0.0195  0.0203  0.0187  0.0190
  0.0215  0.0215  0.0199  0.0226  0.0258  0.0230  0.0217  0.0228  0.0210  0.0227  0.0193  0.0199
registration optimization eta report
parameter search radius
    2.4000    2.4000    2.4000    7.2000    8.2800    7.2000
    7.2000    7.2000    7.2000    8.2800    7.2000    8.2800
100000*second partial in parameter space
       56.       55.       27.        7.       10.        8.
        7.        9.        5.        6.        2.        2.
  0.0215  0.0215  0.0198  0.0214  0.0244  0.0217  0.0217  0.0231  0.0211  0.0226  0.0192  0.0198
  0.0197  0.0198  0.0190  0.0202  0.0221  0.0203  0.0199  0.0200  0.0196  0.0205  0.0187  0.0191
  0.0187  0.0187  0.0185  0.0192  0.0199  0.0191  0.0187  0.0186  0.0186  0.0190  0.0184  0.0185
  0.0183  0.0183  0.0183  0.0183  0.0183  0.0183  0.0183  0.0183  0.0183  0.0183  0.0183  0.0183
  0.0186  0.0186  0.0185  0.0180  0.0182  0.0180  0.0186  0.0188  0.0186  0.0188  0.0183  0.0185
  0.0197  0.0197  0.0190  0.0191  0.0209  0.0188  0.0197  0.0202  0.0195  0.0203  0.0187  0.0190
  0.0215  0.0215  0.0199  0.0226  0.0258  0.0230  0.0217  0.0228  0.0210  0.0227  0.0193  0.0199
   -2.9689   14.1193   10.0173    0.0061   -6.2950    0.5220
    6.2851   -6.3711   -3.2148    2.8165    5.3123  -11.4360
eta,q 0.98170 15.39680

---------------------------------------------------------------------
imgreg_4dfp /opt/freesurfer/average/711-2C_as_mni_average_305 /opt/freesurfer/average/711-2B_as_mni_average_305_mask talsrcimg_g11 none talsrcimg_to_711-2C_as_mni_average_305_t4 2311
---------------------------------------------------------------------

freesurfer imgreg_4dfp.c
/opt/freesurfer/average/711-2C_as_mni_average_305.4dfp.img
       256       256       256         1
  1.000000  1.000000  1.000000
orientation T byte_order littleendian
Reading image: /opt/freesurfer/average/711-2C_as_mni_average_305.4dfp.img
dimensions:      256       256       256
mmppix:       1.0000   -1.0000   -1.0000
center:     128.0000 -129.0000 -129.0000
/opt/freesurfer/average/711-2B_as_mni_average_305_mask.4dfp.img
       256       256       256         1
  1.000000  1.000000  1.000000
orientation T byte_order littleendian
Reading mask: /opt/freesurfer/average/711-2B_as_mni_average_305_mask.4dfp.img (2306576 pixels)
talsrcimg_g11.4dfp.img
       256       256       256         1
  1.000000  1.000000  1.000000
orientation T byte_order littleendian
Reading image: talsrcimg_g11.4dfp.img
dimensions:      256       256       256
mmppix:       1.0000   -1.0000   -1.0000
center:     128.0000 -129.0000 -129.0000
fimgreg.f
image alignment mode   2311 decimal      907 hex
parameters
   -2.9689   14.1193   10.0173    0.0061   -6.2950    0.5220
    6.2851   -6.3711   -3.2148    2.8165    5.3123  -11.4360
eta,q 0.98170 15.39680
niter,ni,del,rscale     5    3    5.0000    0.8000
parameters
   -2.9583   14.1529   10.0307    1.2593   -5.6351    1.6746
    6.1128   -6.3546   -3.2695    2.7665    5.2158  -12.0876
eta,q 0.98241 15.52929
  0.0197  0.0198  0.0190  0.0202  0.0211  0.0199  0.0194  0.0205  0.0191  0.0194  0.0183  0.0181
  0.0189  0.0190  0.0186  0.0195  0.0199  0.0191  0.0184  0.0187  0.0183  0.0184  0.0179  0.0178
  0.0185  0.0185  0.0184  0.0189  0.0188  0.0184  0.0178  0.0178  0.0178  0.0178  0.0177  0.0176
  0.0183  0.0183  0.0183  0.0183  0.0180  0.0178  0.0176  0.0176  0.0176  0.0176  0.0176  0.0176
  0.0184  0.0184  0.0184  0.0180  0.0178  0.0176  0.0179  0.0179  0.0178  0.0178  0.0177  0.0177
  0.0189  0.0189  0.0186  0.0181  0.0185  0.0177  0.0186  0.0188  0.0183  0.0185  0.0179  0.0180
  0.0197  0.0197  0.0190  0.0191  0.0201  0.0188  0.0197  0.0203  0.0192  0.0195  0.0184  0.0184
niter,ni,del,rscale     4    3    5.0000    0.7000
parameters
   -3.0167   14.0646    9.8271    0.9454   -5.3363    1.6014
    6.2522   -6.4111   -3.2663    2.7716    5.3399  -12.1055
eta,q 0.98243 15.53273
  0.0189  0.0187  0.0181  0.0190  0.0200  0.0190  0.0192  0.0196  0.0187  0.0190  0.0181  0.0181
  0.0181  0.0181  0.0178  0.0184  0.0190  0.0184  0.0183  0.0184  0.0181  0.0182  0.0178  0.0178
  0.0177  0.0177  0.0176  0.0179  0.0182  0.0179  0.0178  0.0177  0.0177  0.0177  0.0176  0.0176
  0.0176  0.0176  0.0176  0.0176  0.0176  0.0176  0.0176  0.0176  0.0176  0.0176  0.0176  0.0176
  0.0178  0.0178  0.0177  0.0177  0.0176  0.0175  0.0177  0.0178  0.0177  0.0177  0.0176  0.0176
  0.0183  0.0182  0.0180  0.0184  0.0183  0.0180  0.0182  0.0185  0.0181  0.0182  0.0178  0.0178
  0.0191  0.0190  0.0185  0.0200  0.0197  0.0196  0.0190  0.0197  0.0187  0.0190  0.0181  0.0181
niter,ni,del,rscale     3    3    5.0000    0.6000
parameters
   -3.0144   14.0877    9.7929    1.0264   -5.2481    1.8328
    6.1994   -6.4776   -3.2873    2.7440    5.3166  -12.2245
eta,q 0.98250 15.54779
  0.0186  0.0185  0.0180  0.0188  0.0193  0.0187  0.0186  0.0191  0.0184  0.0186  0.0179  0.0179
  0.0180  0.0180  0.0178  0.0183  0.0185  0.0182  0.0180  0.0181  0.0179  0.0180  0.0177  0.0177
  0.0177  0.0177  0.0176  0.0179  0.0179  0.0178  0.0176  0.0176  0.0176  0.0176  0.0176  0.0175
  0.0176  0.0176  0.0176  0.0176  0.0176  0.0175  0.0175  0.0175  0.0175  0.0175  0.0175  0.0175
  0.0177  0.0177  0.0176  0.0175  0.0176  0.0175  0.0176  0.0177  0.0176  0.0176  0.0176  0.0176
  0.0180  0.0180  0.0178  0.0180  0.0182  0.0178  0.0180  0.0182  0.0179  0.0180  0.0177  0.0177
  0.0186  0.0185  0.0181  0.0190  0.0194  0.0187  0.0187  0.0191  0.0184  0.0186  0.0180  0.0179
niter,ni,del,rscale     2    3    5.0000    0.5000
parameters
   -3.0185   14.0840    9.7639    1.1277   -5.1600    2.0136
    6.1595   -6.5054   -3.2740    2.7331    5.2631  -12.3002
eta,q 0.98254 15.56071
  0.0182  0.0182  0.0178  0.0185  0.0188  0.0184  0.0183  0.0186  0.0181  0.0182  0.0178  0.0177
  0.0178  0.0178  0.0177  0.0181  0.0182  0.0180  0.0178  0.0179  0.0178  0.0178  0.0176  0.0176
  0.0176  0.0176  0.0175  0.0177  0.0177  0.0177  0.0175  0.0176  0.0175  0.0176  0.0175  0.0175
  0.0175  0.0175  0.0175  0.0175  0.0175  0.0175  0.0175  0.0175  0.0175  0.0175  0.0175  0.0175
  0.0176  0.0176  0.0176  0.0175  0.0175  0.0174  0.0176  0.0176  0.0175  0.0176  0.0175  0.0175
  0.0178  0.0178  0.0177  0.0178  0.0180  0.0177  0.0178  0.0180  0.0177  0.0178  0.0176  0.0176
  0.0182  0.0182  0.0179  0.0185  0.0188  0.0183  0.0183  0.0187  0.0181  0.0183  0.0178  0.0178
niter,ni,del,rscale     1    3    5.0000    0.4000
parameters
   -3.0268   14.0751    9.7431    1.2045   -5.0806    2.1855
    6.1179   -6.5277   -3.2532    2.7152    5.2133  -12.3382
eta,q 0.98257 15.57127
  0.0179  0.0179  0.0177  0.0181  0.0183  0.0181  0.0179  0.0182  0.0179  0.0179  0.0177  0.0176
  0.0177  0.0177  0.0176  0.0178  0.0179  0.0178  0.0177  0.0178  0.0176  0.0177  0.0175  0.0175
  0.0175  0.0175  0.0175  0.0176  0.0176  0.0176  0.0175  0.0175  0.0175  0.0175  0.0175  0.0175
  0.0175  0.0175  0.0175  0.0175  0.0175  0.0175  0.0174  0.0174  0.0174  0.0174  0.0174  0.0174
  0.0175  0.0175  0.0175  0.0175  0.0175  0.0174  0.0175  0.0175  0.0175  0.0175  0.0175  0.0175
  0.0177  0.0177  0.0176  0.0177  0.0178  0.0176  0.0177  0.0178  0.0176  0.0177  0.0175  0.0175
  0.0179  0.0179  0.0177  0.0181  0.0183  0.0180  0.0180  0.0182  0.0178  0.0180  0.0177  0.0176
registration optimization eta report
parameter search radius
    0.8000    0.8000    0.8000    2.4000    2.4000    2.4000
    2.4000    2.4000    2.4000    2.4000    2.4000    2.4000
100000*second partial in parameter space
       74.       68.       37.       12.       15.       10.
        9.       14.        7.        9.        4.        3.
  0.0179  0.0179  0.0177  0.0181  0.0183  0.0181  0.0179  0.0182  0.0179  0.0179  0.0177  0.0176
  0.0177  0.0177  0.0176  0.0178  0.0179  0.0178  0.0177  0.0178  0.0176  0.0177  0.0175  0.0175
  0.0175  0.0175  0.0175  0.0176  0.0176  0.0176  0.0175  0.0175  0.0175  0.0175  0.0175  0.0175
  0.0175  0.0175  0.0175  0.0175  0.0175  0.0175  0.0174  0.0174  0.0174  0.0174  0.0174  0.0174
  0.0175  0.0175  0.0175  0.0175  0.0175  0.0174  0.0175  0.0175  0.0175  0.0175  0.0175  0.0175
  0.0177  0.0177  0.0176  0.0177  0.0178  0.0176  0.0177  0.0178  0.0176  0.0177  0.0175  0.0175
  0.0179  0.0179  0.0177  0.0181  0.0183  0.0180  0.0180  0.0182  0.0178  0.0180  0.0177  0.0176
   -3.0268   14.0751    9.7431    1.2045   -5.0806    2.1855
    6.1179   -6.5277   -3.2532    2.7152    5.2133  -12.3382
eta,q 0.98257 15.57127

---------------------------------------------------------------------
imgreg_4dfp /opt/freesurfer/average/711-2C_as_mni_average_305 /opt/freesurfer/average/711-2B_as_mni_average_305_mask talsrcimg_g11 none talsrcimg_to_711-2C_as_mni_average_305_t4 2311
---------------------------------------------------------------------

freesurfer imgreg_4dfp.c
/opt/freesurfer/average/711-2C_as_mni_average_305.4dfp.img
       256       256       256         1
  1.000000  1.000000  1.000000
orientation T byte_order littleendian
Reading image: /opt/freesurfer/average/711-2C_as_mni_average_305.4dfp.img
dimensions:      256       256       256
mmppix:       1.0000   -1.0000   -1.0000
center:     128.0000 -129.0000 -129.0000
/opt/freesurfer/average/711-2B_as_mni_average_305_mask.4dfp.img
       256       256       256         1
  1.000000  1.000000  1.000000
orientation T byte_order littleendian
Reading mask: /opt/freesurfer/average/711-2B_as_mni_average_305_mask.4dfp.img (2306576 pixels)
talsrcimg_g11.4dfp.img
       256       256       256         1
  1.000000  1.000000  1.000000
orientation T byte_order littleendian
Reading image: talsrcimg_g11.4dfp.img
dimensions:      256       256       256
mmppix:       1.0000   -1.0000   -1.0000
center:     128.0000 -129.0000 -129.0000
fimgreg.f
image alignment mode   2311 decimal      907 hex
parameters
   -3.0268   14.0751    9.7431    1.2045   -5.0806    2.1855
    6.1179   -6.5277   -3.2532    2.7152    5.2133  -12.3382
eta,q 0.98257 15.57127
niter,ni,del,rscale     5    3    5.0000    0.8000
parameters
   -3.0273   14.0204    9.7707    0.4856   -5.3279    1.4461
    6.2859   -6.4233   -3.2258    2.7518    5.3927  -12.0390
eta,q 0.98231 15.51115
  0.0194  0.0190  0.0185  0.0191  0.0202  0.0191  0.0196  0.0204  0.0192  0.0195  0.0184  0.0184
  0.0183  0.0182  0.0179  0.0184  0.0190  0.0184  0.0186  0.0187  0.0184  0.0185  0.0180  0.0181
  0.0177  0.0176  0.0175  0.0178  0.0180  0.0179  0.0179  0.0179  0.0179  0.0179  0.0178  0.0178
  0.0174  0.0174  0.0174  0.0174  0.0175  0.0176  0.0177  0.0177  0.0177  0.0177  0.0177  0.0177
  0.0177  0.0176  0.0176  0.0177  0.0178  0.0177  0.0178  0.0179  0.0179  0.0179  0.0177  0.0177
  0.0183  0.0183  0.0179  0.0190  0.0190  0.0188  0.0184  0.0187  0.0183  0.0185  0.0179  0.0179
  0.0194  0.0193  0.0184  0.0214  0.0212  0.0218  0.0194  0.0200  0.0191  0.0195  0.0183  0.0183
niter,ni,del,rscale     4    3    5.0000    0.7000
parameters
   -2.9901   14.1061    9.8034    0.8575   -5.3430    1.6311
    6.2080   -6.4467   -3.2943    2.7809    5.3644  -12.1624
eta,q 0.98243 15.53128
  0.0190  0.0191  0.0183  0.0193  0.0199  0.0191  0.0190  0.0196  0.0187  0.0190  0.0181  0.0181
  0.0183  0.0184  0.0180  0.0187  0.0188  0.0185  0.0182  0.0184  0.0181  0.0182  0.0178  0.0178
  0.0178  0.0179  0.0178  0.0181  0.0181  0.0180  0.0177  0.0177  0.0177  0.0178  0.0176  0.0176
  0.0177  0.0177  0.0177  0.0177  0.0176  0.0176  0.0176  0.0176  0.0176  0.0176  0.0176  0.0176
  0.0178  0.0178  0.0177  0.0175  0.0177  0.0175  0.0178  0.0178  0.0177  0.0177  0.0176  0.0176
  0.0182  0.0181  0.0179  0.0180  0.0186  0.0179  0.0183  0.0185  0.0181  0.0182  0.0178  0.0178
  0.0189  0.0188  0.0183  0.0191  0.0202  0.0192  0.0191  0.0196  0.0188  0.0190  0.0181  0.0181
niter,ni,del,rscale     3    3    5.0000    0.6000
parameters
   -3.0059   14.0994    9.7877    1.0186   -5.2519    1.8302
    6.1990   -6.4771   -3.2968    2.7585    5.3137  -12.2462
eta,q 0.98249 15.54747
  0.0185  0.0185  0.0181  0.0188  0.0193  0.0187  0.0186  0.0191  0.0184  0.0186  0.0179  0.0179
  0.0180  0.0180  0.0178  0.0183  0.0185  0.0182  0.0180  0.0181  0.0179  0.0180  0.0177  0.0177
  0.0177  0.0177  0.0176  0.0179  0.0179  0.0178  0.0176  0.0176  0.0176  0.0176  0.0176  0.0175
  0.0176  0.0176  0.0176  0.0176  0.0175  0.0175  0.0175  0.0175  0.0175  0.0175  0.0175  0.0175
  0.0177  0.0177  0.0176  0.0175  0.0176  0.0175  0.0176  0.0177  0.0176  0.0176  0.0176  0.0176
  0.0180  0.0180  0.0178  0.0179  0.0182  0.0178  0.0180  0.0182  0.0179  0.0180  0.0177  0.0177
  0.0186  0.0185  0.0181  0.0189  0.0194  0.0187  0.0186  0.0191  0.0184  0.0186  0.0180  0.0179
niter,ni,del,rscale     2    3    5.0000    0.5000
parameters
   -3.0180   14.0878    9.7618    1.1259   -5.1611    2.0131
    6.1672   -6.5019   -3.2781    2.7406    5.2639  -12.3058
eta,q 0.98254 15.56067
  0.0182  0.0182  0.0179  0.0185  0.0188  0.0184  0.0183  0.0186  0.0181  0.0182  0.0178  0.0177
  0.0178  0.0178  0.0177  0.0181  0.0182  0.0180  0.0178  0.0179  0.0178  0.0178  0.0176  0.0176
  0.0176  0.0176  0.0175  0.0177  0.0177  0.0177  0.0175  0.0176  0.0175  0.0176  0.0175  0.0175
  0.0175  0.0175  0.0175  0.0175  0.0175  0.0175  0.0175  0.0175  0.0175  0.0175  0.0175  0.0175
  0.0176  0.0176  0.0176  0.0175  0.0175  0.0175  0.0176  0.0176  0.0175  0.0176  0.0175  0.0175
  0.0178  0.0178  0.0177  0.0178  0.0180  0.0177  0.0178  0.0180  0.0177  0.0178  0.0176  0.0176
  0.0182  0.0182  0.0179  0.0185  0.0188  0.0183  0.0183  0.0187  0.0181  0.0183  0.0178  0.0178
niter,ni,del,rscale     1    3    5.0000    0.4000
parameters
   -3.0262   14.0757    9.7449    1.2071   -5.0820    2.1851
    6.1197   -6.5287   -3.2536    2.7146    5.2180  -12.3388
eta,q 0.98257 15.57124
  0.0179  0.0179  0.0177  0.0181  0.0183  0.0181  0.0179  0.0182  0.0179  0.0179  0.0177  0.0176
  0.0177  0.0177  0.0176  0.0178  0.0179  0.0178  0.0177  0.0178  0.0176  0.0177  0.0175  0.0175
  0.0175  0.0175  0.0175  0.0176  0.0176  0.0176  0.0175  0.0175  0.0175  0.0175  0.0175  0.0175
  0.0175  0.0175  0.0175  0.0175  0.0175  0.0174  0.0174  0.0174  0.0174  0.0174  0.0174  0.0174
  0.0175  0.0175  0.0175  0.0175  0.0175  0.0174  0.0175  0.0175  0.0175  0.0175  0.0175  0.0175
  0.0177  0.0177  0.0176  0.0177  0.0178  0.0176  0.0177  0.0178  0.0176  0.0177  0.0175  0.0175
  0.0179  0.0179  0.0177  0.0181  0.0183  0.0180  0.0180  0.0182  0.0178  0.0180  0.0177  0.0176
registration optimization eta report
parameter search radius
    0.8000    0.8000    0.8000    2.4000    2.4000    2.4000
    2.4000    2.4000    2.4000    2.4000    2.4000    2.4000
100000*second partial in parameter space
       74.       67.       38.       12.       15.       10.
        9.       14.        7.        9.        4.        3.
  0.0179  0.0179  0.0177  0.0181  0.0183  0.0181  0.0179  0.0182  0.0179  0.0179  0.0177  0.0176
  0.0177  0.0177  0.0176  0.0178  0.0179  0.0178  0.0177  0.0178  0.0176  0.0177  0.0175  0.0175
  0.0175  0.0175  0.0175  0.0176  0.0176  0.0176  0.0175  0.0175  0.0175  0.0175  0.0175  0.0175
  0.0175  0.0175  0.0175  0.0175  0.0175  0.0174  0.0174  0.0174  0.0174  0.0174  0.0174  0.0174
  0.0175  0.0175  0.0175  0.0175  0.0175  0.0174  0.0175  0.0175  0.0175  0.0175  0.0175  0.0175
  0.0177  0.0177  0.0176  0.0177  0.0178  0.0176  0.0177  0.0178  0.0176  0.0177  0.0175  0.0175
  0.0179  0.0179  0.0177  0.0181  0.0183  0.0180  0.0180  0.0182  0.0178  0.0180  0.0177  0.0176
   -3.0262   14.0757    9.7449    1.2071   -5.0820    2.1851
    6.1197   -6.5287   -3.2536    2.7146    5.2180  -12.3388
eta,q 0.98257 15.57124

---------------------------------------------------------------------
compute_vox2vox talsrcimg talsrcimg_to_711-2C_as_mni_average_305_t4 /opt/freesurfer/average/711-2C_as_mni_average_305
---------------------------------------------------------------------

freesurfer compute_vox2vox.c
Reading: talsrcimg.4dfp.ifh
Reading: talsrcimg_to_711-2C_as_mni_average_305_t4
Reading: /opt/freesurfer/average/711-2C_as_mni_average_305.4dfp.ifh
Writing: talsrcimg_to_711-2C_as_mni_average_305_t4_vox2vox.txt

start time Mon Mar 9 16:01:51 CET 2026
end		time Mon Mar 9 16:03:16 CET 2026

mpr2mni305 success

avi2talxfm orig_nu.mgz /opt/freesurfer/average/mni305.cor.mgz talsrcimg_to_711-2C_as_mni_average_305_t4_vox2vox.txt transforms/talairach.auto.xfm
avi2talxfm done
mv -f /out/sourcedata/freesurfer/sub-v1s22x0050511_ses-1/mri/talsrcimg_to_711-2C_as_mni_average_305_t4_vox2vox.txt /out/sourcedata/freesurfer/sub-v1s22x0050511_ses-1/mri/transforms/talsrcimg_to_711-2C_as_mni_average_305_t4_vox2vox.txt
lta_convert --src orig_nu.mgz --trg /opt/freesurfer/average/mni305.cor.mgz --inxfm transforms/talairach.auto.xfm --outlta transforms/talairach.auto.xfm.lta --subject fsaverage
7.3.2

--src: orig_nu.mgz src image (geometry).
--trg: /opt/freesurfer/average/mni305.cor.mgz trg image (geometry).
--inmni: transforms/talairach.auto.xfm input MNI/XFM transform.
--outlta: transforms/talairach.auto.xfm.lta output LTA.
--s: fsaverage subject name
 LTA read, type : 1
 0.98299   0.06427  -0.05502   0.96373;
-0.04597   0.97224   0.12935  -48.01910;
 0.03501  -0.02560   1.04796  -13.91981;
 0.00000   0.00000   0.00000   1.00000;
setting subject to fsaverage
Writing  LTA to file transforms/talairach.auto.xfm.lta...
lta_convert successful.
 
 
Started at Mon Mar 9 16:01:51 CET 2026
Ended   at Mon Mar  9 16:03:16 CET 2026
talairach_avi done
