status file for recon-all
Mon Mar  9 17:47:05 CET 2026
#@# Tessellate rh Mon Mar  9 17:47:05 CET 2026
#@# Smooth1 rh Mon Mar  9 17:47:07 CET 2026
#@# Inflation1 rh Mon Mar  9 17:47:09 CET 2026
#@# QSphere rh Mon Mar  9 17:47:17 CET 2026
#@# Fix Topology rh Mon Mar  9 17:48:10 CET 2026
#@# Smooth2 rh Mon Mar  9 17:52:00 CET 2026
#@# Inflation2 rh Mon Mar  9 17:52:03 CET 2026
#@# Curv .H and .K rh Mon Mar  9 17:52:12 CET 2026
#@# Sphere rh Mon Mar  9 17:52:49 CET 2026
#@# Surf Reg rh Mon Mar  9 17:53:55 CET 2026
#@# Jacobian white rh Mon Mar  9 17:57:20 CET 2026
#@# AvgCurv rh Mon Mar  9 17:57:21 CET 2026
#@# Cortical Parc rh Mon Mar  9 17:57:21 CET 2026
#@# white curv rh Mon Mar  9 18:02:29 CET 2026
#@# white area rh Mon Mar  9 18:02:30 CET 2026
#@# pial curv rh Mon Mar  9 18:02:31 CET 2026
#@# pial area rh Mon Mar  9 18:02:32 CET 2026
#@# thickness rh Mon Mar  9 18:02:33 CET 2026
#@# area and vertex vol rh Mon Mar  9 18:02:52 CET 2026
#@# Curvature Stats rh Mon Mar  9 18:02:53 CET 2026
#@# Cortical Parc 2 rh Mon Mar  9 18:02:54 CET 2026
#@# Cortical Parc 3 rh Mon Mar  9 18:03:04 CET 2026
#@# WM/GM Contrast rh Mon Mar  9 18:03:12 CET 2026
recon-all -s sub-v1s22x0050519_ses-1 finished without error at Mon Mar  9 18:03:15 CET 2026



#New# invocation of recon-all 



status file for recon-all
Mon Mar  9 18:08:34 CET 2026
#@# white curv rh Mon Mar  9 18:08:34 CET 2026
#@# white area rh Mon Mar  9 18:08:34 CET 2026
#@# pial curv rh Mon Mar  9 18:08:34 CET 2026
#@# pial area rh Mon Mar  9 18:08:34 CET 2026
#@# thickness rh Mon Mar  9 18:08:34 CET 2026
#@# area and vertex vol rh Mon Mar  9 18:08:34 CET 2026
#@# Parcellation Stats rh Mon Mar  9 18:08:34 CET 2026
#@# Parcellation Stats 2 rh Mon Mar  9 18:08:48 CET 2026
#@# Parcellation Stats 3 rh Mon Mar  9 18:08:55 CET 2026
#@# BA_exvivo Labels rh Mon Mar  9 18:09:03 CET 2026
recon-all -s sub-v1s22x0050519_ses-1 finished without error at Mon Mar  9 18:11:00 CET 2026
