/out/sourcedata/freesurfer/sub-v1s22x0050463_ses-1/mri
/opt/freesurfer/bin/talairach_avi
--i orig_nu.mgz --xfm transforms/talairach.auto.xfm
talairach_avi 7.3.2
Linux dna067 5.14.0-427.37.1.el9_4.x86_64 #1 SMP PREEMPT_DYNAMIC Fri Sep 13 12:41:50 EDT 2024 x86_64 x86_64 x86_64 GNU/Linux
Mon Mar  9 12:43:07 CET 2026
mri_convert orig_nu.mgz talsrcimg.img 
reading from orig_nu.mgz...
TR=0.00, TE=0.00, TI=0.00, flip angle=0.00
i_ras = (-1, 0, 0)
j_ras = (0, 0, -1)
k_ras = (0, 1, 0)
writing to talsrcimg.img...
Analyze Output Matrix
-1.00000   0.00000   0.00000   127.27473;
 0.00000   0.00000   1.00000  -89.33189;
 0.00000  -1.00000   0.00000   111.54150;
 0.00000   0.00000   0.00000   1.00000;
--------------------
INFO: set hdr.hist.orient to -1
mpr2mni305 talsrcimg
Mon Mar  9 12:43:07 CET 2026
/opt/freesurfer/bin/mpr2mni305 talsrcimg
mpr2mni305 7.3.2
target=711-2C_as_mni_average_305

---------------------------------------------------------------------
analyzeto4dfp talsrcimg -O0 -y
---------------------------------------------------------------------

freesurfer ifh2hdr.c
Mon Mar  9 12:43:08 2026
Writing: talsrcimg.4dfp.hdr
freesurfer analyzeto4dfp.c
Reading: talsrcimg.hdr
header size 348 bytes
hdr.dime.datatype	offset=70	value=2
hdr.dime.bitpix		offset=72	value=8
hdr.hist.orient		offset=252	value=-1
dimensionality     4
dimensions       256       256       256         1
Reading: talsrcimg.img
Writing: talsrcimg.4dfp.img
Writing: talsrcimg.4dfp.ifh
ifh2hdr talsrcimg -r0to206
ori=2

---------------------------------------------------------------------
gauss_4dfp talsrcimg 1.1
---------------------------------------------------------------------

freesurfer gauss_4dfp.c
Reading: talsrcimg.4dfp.img
Writing: talsrcimg_g11.4dfp.img
image dimensions 256 256 256 padded to 288 288 288
processing volume 1freesurfer ifh2hdr.c
Mon Mar  9 12:43:09 2026
Writing: talsrcimg_g11.4dfp.hdr

Writing: talsrcimg_g11.4dfp.ifh
including: talsrcimg.4dfp.img.rec in talsrcimg_g11.4dfp.img.rec

---------------------------------------------------------------------
imgreg_4dfp /opt/freesurfer/average/711-2C_as_mni_average_305 none talsrcimg_g11 none talsrcimg_to_711-2C_as_mni_average_305_t4 4355
---------------------------------------------------------------------

freesurfer imgreg_4dfp.c
/opt/freesurfer/average/711-2C_as_mni_average_305.4dfp.img
       256       256       256         1
  1.000000  1.000000  1.000000
orientation T byte_order littleendian
Reading image: /opt/freesurfer/average/711-2C_as_mni_average_305.4dfp.img
dimensions:      256       256       256
mmppix:       1.0000   -1.0000   -1.0000
center:     128.0000 -129.0000 -129.0000
talsrcimg_g11.4dfp.img
       256       256       256         1
  1.000000  1.000000  1.000000
orientation T byte_order littleendian
Reading image: talsrcimg_g11.4dfp.img
dimensions:      256       256       256
mmppix:       1.0000   -1.0000   -1.0000
center:     128.0000 -129.0000 -129.0000
t4_read: open error in t4_sub.f l:  41 t4_file(1:l)talsrcimg_to_711-2C_as_mni_average_305_t4 
t4_read: transform initialized to I4
rotation matrix determinant  1.000000
image alignment mode   4355 decimal     1103 hex
   -7.5000  -45.0000  -45.0000 6501.7598   19.0096
    0.0000  -45.0000  -45.0000 6782.2437   19.0331
    7.5000  -45.0000  -45.0000 6497.0493   19.0288
   -7.5000  -37.5000  -45.0000 7048.6221   18.4802
    0.0000  -37.5000  -45.0000 7358.6494   18.4966
    7.5000  -37.5000  -45.0000 7037.1558   18.4925
   -7.5000  -30.0000  -45.0000 7888.0132   17.9911
    0.0000  -30.0000  -45.0000 8246.7773   18.0037
    7.5000  -30.0000  -45.0000 7856.3281   18.0049
   -7.5000  -22.5000  -45.0000 8775.7451   17.6257
    0.0000  -22.5000  -45.0000 9164.3193   17.6389
    7.5000  -22.5000  -45.0000 8727.7383   17.6448
   -7.5000  -15.0000  -45.0000 9742.0918   17.5412
    0.0000  -15.0000  -45.000010161.7744   17.5587
    7.5000  -15.0000  -45.0000 9678.5557   17.5659
   -7.5000   -7.5000  -45.000010705.5371   17.5492
    0.0000   -7.5000  -45.000011169.3984   17.5687
    7.5000   -7.5000  -45.000010604.8428   17.5709
   -7.5000    0.0000  -45.000011519.2646   17.5772
    0.0000    0.0000  -45.000012029.8975   17.5950
    7.5000    0.0000  -45.000011377.0146   17.5921
   -7.5000    7.5000  -45.000011458.4941   17.5655
    0.0000    7.5000  -45.000011965.5420   17.5788
    7.5000    7.5000  -45.000011311.4590   17.5758
   -7.5000   15.0000  -45.000011332.6016   17.5276
    0.0000   15.0000  -45.000011855.4648   17.5374
    7.5000   15.0000  -45.000011168.4219   17.5378
   -7.5000   22.5000  -45.000011156.1504   17.4988
    0.0000   22.5000  -45.000011661.9316   17.5108
    7.5000   22.5000  -45.000010976.1123   17.5160
   -7.5000   30.0000  -45.000010806.1094   17.2771
    0.0000   30.0000  -45.000011284.0811   17.2940
    7.5000   30.0000  -45.000010602.2031   17.3007
   -7.5000   37.5000  -45.000010769.1084   17.3146
    0.0000   37.5000  -45.000011270.4531   17.3338
    7.5000   37.5000  -45.000010545.9375   17.3359
   -7.5000   45.0000  -45.000010204.8066   16.9026
    0.0000   45.0000  -45.000010678.9785   16.9197
    7.5000   45.0000  -45.0000 9998.4404   16.9169
   -7.5000  -45.0000  -37.5000 6837.8345   18.8324
    0.0000  -45.0000  -37.5000 7120.2329   18.8556
    7.5000  -45.0000  -37.5000 6814.3130   18.8549
   -7.5000  -37.5000  -37.5000 7419.1484   18.3085
    0.0000  -37.5000  -37.5000 7735.1855   18.3212
    7.5000  -37.5000  -37.5000 7371.7310   18.3190
   -7.5000  -30.0000  -37.5000 8339.2285   17.8301
    0.0000  -30.0000  -37.5000 8709.3096   17.8384
    7.5000  -30.0000  -37.5000 8274.1650   17.8377
   -7.5000  -22.5000  -37.5000 9282.3848   17.4751
    0.0000  -22.5000  -37.5000 9694.2666   17.4868
    7.5000  -22.5000  -37.5000 9219.3828   17.4887
   -7.5000  -15.0000  -37.500010312.7432   17.3942
    0.0000  -15.0000  -37.500010760.9512   17.4134
    7.5000  -15.0000  -37.500010225.6885   17.4188
   -7.5000   -7.5000  -37.500011324.3105   17.4000
    0.0000   -7.5000  -37.500011828.9473   17.4213
    7.5000   -7.5000  -37.500011215.6738   17.4256
   -7.5000    0.0000  -37.500012184.0889   17.4232
    0.0000    0.0000  -37.500012723.8555   17.4408
    7.5000    0.0000  -37.500012032.5010   17.4420
   -7.5000    7.5000  -37.500012127.3428   17.4100
    0.0000    7.5000  -37.500012666.3877   17.4203
    7.5000    7.5000  -37.500011941.7168   17.4194
   -7.5000   15.0000  -37.500011990.7549   17.3757
    0.0000   15.0000  -37.500012523.1748   17.3814
    7.5000   15.0000  -37.500011772.1133   17.3799
   -7.5000   22.5000  -37.500011788.5049   17.3515
    0.0000   22.5000  -37.500012285.4092   17.3620
    7.5000   22.5000  -37.500011544.0264   17.3633
   -7.5000   30.0000  -37.500011396.7510   17.1329
    0.0000   30.0000  -37.500011877.8945   17.1515
    7.5000   30.0000  -37.500011156.3086   17.1564
   -7.5000   37.5000  -37.500011327.3672   17.1674
    0.0000   37.5000  -37.500011836.7490   17.1883
    7.5000   37.5000  -37.500011086.6182   17.1926
   -7.5000   45.0000  -37.500010762.5664   16.7545
    0.0000   45.0000  -37.500011236.3076   16.7715
    7.5000   45.0000  -37.500010519.8359   16.7726
   -7.5000  -45.0000  -30.0000 7292.5718   19.5731
    0.0000  -45.0000  -30.0000 7612.8784   19.5917
    7.5000  -45.0000  -30.0000 7256.8662   19.5914
   -7.5000  -37.5000  -30.0000 7946.6543   19.0214
    0.0000  -37.5000  -30.0000 8311.6045   19.0249
    7.5000  -37.5000  -30.0000 7872.6997   19.0197
   -7.5000  -30.0000  -30.0000 8962.8027   18.5258
    0.0000  -30.0000  -30.0000 9356.9531   18.5250
    7.5000  -30.0000  -30.0000 8874.3545   18.5174
   -7.5000  -22.5000  -30.0000 9999.6816   18.1671
    0.0000  -22.5000  -30.000010448.7588   18.1747
    7.5000  -22.5000  -30.0000 9912.7207   18.1701
   -7.5000  -15.0000  -30.000011083.2695   18.0899
    0.0000  -15.0000  -30.000011572.9287   18.1092
    7.5000  -15.0000  -30.000010981.2998   18.1119
   -7.5000   -7.5000  -30.000012177.9492   18.0936
    0.0000   -7.5000  -30.000012704.9365   18.1146
    7.5000   -7.5000  -30.000012035.9297   18.1196
   -7.5000    0.0000  -30.000013109.8643   18.1089
    0.0000    0.0000  -30.000013685.8623   18.1224
    7.5000    0.0000  -30.000012924.9561   18.1244
   -7.5000    7.5000  -30.000013039.1143   18.0881
    0.0000    7.5000  -30.000013617.1270   18.0902
    7.5000    7.5000  -30.000012822.3740   18.0868
   -7.5000   15.0000  -30.000012879.0518   18.0554
    0.0000   15.0000  -30.000013460.8564   18.0523
    7.5000   15.0000  -30.000012638.1562   18.0443
   -7.5000   22.5000  -30.000012650.6240   18.0380
    0.0000   22.5000  -30.000013220.1602   18.0444
    7.5000   22.5000  -30.000012404.6152   18.0392
   -7.5000   30.0000  -30.000012225.6416   17.8203
    0.0000   30.0000  -30.000012775.9043   17.8390
    7.5000   30.0000  -30.000011980.5332   17.8413
   -7.5000   37.5000  -30.000012121.9922   17.8534
    0.0000   37.5000  -30.000012665.0312   17.8741
    7.5000   37.5000  -30.000011880.6133   17.8791
   -7.5000   45.0000  -30.000011488.6797   17.4267
    0.0000   45.0000  -30.000011998.9951   17.4396
    7.5000   45.0000  -30.000011253.1270   17.4416
   -7.5000  -45.0000  -22.5000 7765.2080   20.2236
    0.0000  -45.0000  -22.5000 8145.1401   20.2365
    7.5000  -45.0000  -22.5000 7740.0015   20.2338
   -7.5000  -37.5000  -22.5000 8492.2236   19.6484
    0.0000  -37.5000  -22.5000 8877.4424   19.6449
    7.5000  -37.5000  -22.5000 8427.6445   19.6359
   -7.5000  -30.0000  -22.5000 9594.3691   19.1371
    0.0000  -30.0000  -22.500010008.5586   19.1299
    7.5000  -30.0000  -22.5000 9502.1660   19.1195
   -7.5000  -22.5000  -22.500010710.0869   18.7748
    0.0000  -22.5000  -22.500011184.8096   18.7783
    7.5000  -22.5000  -22.500010616.3330   18.7737
   -7.5000  -15.0000  -22.500011867.9053   18.7001
    0.0000  -15.0000  -22.500012394.2285   18.7169
    7.5000  -15.0000  -22.500011775.0381   18.7210
   -7.5000   -7.5000  -22.500013000.3594   18.7018
    0.0000   -7.5000  -22.500013573.7246   18.7198
    7.5000   -7.5000  -22.500012870.4893   18.7248
   -7.5000    0.0000  -22.500014032.3203   18.7106
    0.0000    0.0000  -22.500014624.6055   18.7187
    7.5000    0.0000  -22.500013859.6836   18.7183
   -7.5000    7.5000  -22.500013963.8672   18.6831
    0.0000    7.5000  -22.500014588.0391   18.6785
    7.5000    7.5000  -22.500013756.0039   18.6715
   -7.5000   15.0000  -22.500013790.7773   18.6507
    0.0000   15.0000  -22.500014411.1318   18.6418
    7.5000   15.0000  -22.500013547.0264   18.6312
   -7.5000   22.5000  -22.500013590.1914   18.6399
    0.0000   22.5000  -22.500014212.7988   18.6423
    7.5000   22.5000  -22.500013318.3574   18.6371
   -7.5000   30.0000  -22.500013089.5889   18.4244
    0.0000   30.0000  -22.500013705.9766   18.4406
    7.5000   30.0000  -22.500012852.3105   18.4444
   -7.5000   37.5000  -22.500012918.0859   18.4564
    0.0000   37.5000  -22.500013501.6875   18.4741
    7.5000   37.5000  -22.500012682.8125   18.4791
   -7.5000   45.0000  -22.500012193.0986   18.0192
    0.0000   45.0000  -22.500012729.6738   18.0271
    7.5000   45.0000  -22.500011978.4141   18.0267
   -7.5000  -45.0000  -15.0000 8259.4707   20.7093
    0.0000  -45.0000  -15.0000 8650.5762   20.7215
    7.5000  -45.0000  -15.0000 8246.5869   20.7154
   -7.5000  -37.5000  -15.0000 9047.5557   20.1236
    0.0000  -37.5000  -15.0000 9449.9961   20.1226
    7.5000  -37.5000  -15.0000 8989.5908   20.1128
   -7.5000  -30.0000  -15.000010200.4248   19.5993
    0.0000  -30.0000  -15.000010640.9902   19.5949
    7.5000  -30.0000  -15.000010107.3447   19.5889
   -7.5000  -22.5000  -15.000011377.3193   19.2260
    0.0000  -22.5000  -15.000011871.8486   19.2297
    7.5000  -22.5000  -15.000011266.9561   19.2314
   -7.5000  -15.0000  -15.000012590.8438   19.1474
    0.0000  -15.0000  -15.000013165.3809   19.1612
    7.5000  -15.0000  -15.000012489.6289   19.1691
   -7.5000   -7.5000  -15.000013791.6230   19.1496
    0.0000   -7.5000  -15.000014426.0039   19.1649
    7.5000   -7.5000  -15.000013679.5771   19.1688
   -7.5000    0.0000  -15.000014934.3105   19.1612
    0.0000    0.0000  -15.000015581.0225   19.1687
    7.5000    0.0000  -15.000014766.7754   19.1645
   -7.5000    7.5000  -15.000014914.8066   19.1346
    0.0000    7.5000  -15.000015559.7109   19.1318
    7.5000    7.5000  -15.000014689.1221   19.1239
   -7.5000   15.0000  -15.000014754.1357   19.0999
    0.0000   15.0000  -15.000015384.2881   19.0937
    7.5000   15.0000  -15.000014496.1426   19.0873
   -7.5000   22.5000  -15.000014508.4600   19.0858
    0.0000   22.5000  -15.000015173.3223   19.0881
    7.5000   22.5000  -15.000014274.2422   19.0892
   -7.5000   30.0000  -15.000013937.1787   18.8676
    0.0000   30.0000  -15.000014614.0332   18.8808
    7.5000   30.0000  -15.000013758.6533   18.8883
   -7.5000   37.5000  -15.000013716.9717   18.9010
    0.0000   37.5000  -15.000014372.0654   18.9160
    7.5000   37.5000  -15.000013538.5635   18.9198
   -7.5000   45.0000  -15.000012932.5967   18.4643
    0.0000   45.0000  -15.000013530.8125   18.4715
    7.5000   45.0000  -15.000012751.4658   18.4676
   -7.5000  -45.0000   -7.5000 8765.6953   20.9786
    0.0000  -45.0000   -7.5000 9170.6025   20.9975
    7.5000  -45.0000   -7.5000 8747.9795   20.9904
   -7.5000  -37.5000   -7.5000 9603.4863   20.3942
    0.0000  -37.5000   -7.500010020.9297   20.4043
    7.5000  -37.5000   -7.5000 9531.7139   20.3970
   -7.5000  -30.0000   -7.500010819.1357   19.8616
    0.0000  -30.0000   -7.500011277.5488   19.8679
    7.5000  -30.0000   -7.500010713.7275   19.8674
   -7.5000  -22.5000   -7.500012056.5469   19.4719
    0.0000  -22.5000   -7.500012557.5752   19.4808
    7.5000  -22.5000   -7.500011932.2734   19.4875
   -7.5000  -15.0000   -7.500013346.1973   19.3846
    0.0000  -15.0000   -7.500013925.5283   19.3994
    7.5000  -15.0000   -7.500013219.3047   19.4085
   -7.5000   -7.5000   -7.500014618.3037   19.3897
    0.0000   -7.5000   -7.500015282.5869   19.4066
    7.5000   -7.5000   -7.500014496.3662   19.4086
   -7.5000    0.0000   -7.500015850.6191   19.4118
    0.0000    0.0000   -7.500016544.0898   19.4253
    7.5000    0.0000   -7.500015689.0674   19.4196
   -7.5000    7.5000   -7.500015934.1328   19.3930
    0.0000    7.5000   -7.500016652.9473   19.4002
    7.5000    7.5000   -7.500015724.6992   19.3942
   -7.5000   15.0000   -7.500015805.9014   19.3545
    0.0000   15.0000   -7.500016542.9648   19.3584
    7.5000   15.0000   -7.500015595.8496   19.3572
   -7.5000   22.5000   -7.500015474.5410   19.3267
    0.0000   22.5000   -7.500016231.9580   19.3342
    7.5000   22.5000   -7.500015334.2979   19.3402
   -7.5000   30.0000   -7.500014843.4473   19.1003
    0.0000   30.0000   -7.500015614.0410   19.1145
    7.5000   30.0000   -7.500014763.5889   19.1231
   -7.5000   37.5000   -7.500014609.3613   19.1374
    0.0000   37.5000   -7.500015377.9648   19.1541
    7.5000   37.5000   -7.500014489.8916   19.1561
   -7.5000   45.0000   -7.500013801.9844   18.7093
    0.0000   45.0000   -7.500014485.0801   18.7223
    7.5000   45.0000   -7.500013604.3223   18.7169
   -7.5000  -45.0000    0.0000 9202.4658   21.0438
    0.0000  -45.0000    0.0000 9598.5801   21.0695
    7.5000  -45.0000    0.0000 9168.0449   21.0652
   -7.5000  -37.5000    0.000010084.7031   20.4634
    0.0000  -37.5000    0.000010503.3164   20.4810
    7.5000  -37.5000    0.0000 9994.6738   20.4771
   -7.5000  -30.0000    0.000011339.2246   19.9290
    0.0000  -30.0000    0.000011815.0967   19.9420
    7.5000  -30.0000    0.000011225.7314   19.9441
   -7.5000  -22.5000    0.000012605.5273   19.5297
    0.0000  -22.5000    0.000013164.6875   19.5435
    7.5000  -22.5000    0.000012490.1250   19.5507
   -7.5000  -15.0000    0.000013915.4990   19.4369
    0.0000  -15.0000    0.000014579.1465   19.4556
    7.5000  -15.0000    0.000013809.4180   19.4640
   -7.5000   -7.5000    0.000015218.8779   19.4437
    0.0000   -7.5000    0.000015957.4893   19.4649
    7.5000   -7.5000    0.000015130.2656   19.4676
   -7.5000    0.0000    0.000016623.3965   19.4726
    0.0000    0.0000    0.000017445.3105   19.4921
    7.5000    0.0000    0.000016508.3223   19.4892
   -7.5000    7.5000    0.000016981.5371   19.4602
    0.0000    7.5000    0.000017918.5801   19.4745
    7.5000    7.5000    0.000016740.8047   19.4717
   -7.5000   15.0000    0.000017069.3809   19.4204
    0.0000   15.0000    0.000018054.1953   19.4306
    7.5000   15.0000    0.000016788.1289   19.4317
   -7.5000   22.5000    0.000016567.0176   19.3843
    0.0000   22.5000    0.000017500.9961   19.3967
    7.5000   22.5000    0.000016417.4707   19.4031
   -7.5000   30.0000    0.000015773.9736   19.1521
    0.0000   30.0000    0.000016652.4121   19.1701
    7.5000   30.0000    0.000015637.6475   19.1780
   -7.5000   37.5000    0.000015492.0146   19.1912
    0.0000   37.5000    0.000016354.5986   19.2121
    7.5000   37.5000    0.000015257.8643   19.2148
   -7.5000   45.0000    0.000014575.0312   18.7694
    0.0000   45.0000    0.000015357.6211   18.7881
    7.5000   45.0000    0.000014300.4062   18.7854
   -7.5000  -45.0000    7.5000 8874.6230   21.0409
    0.0000  -45.0000    7.5000 9281.6807   21.0666
    7.5000  -45.0000    7.5000 8848.3076   21.0656
   -7.5000  -37.5000    7.5000 9753.8359   20.4569
    0.0000  -37.5000    7.500010185.7646   20.4708
    7.5000  -37.5000    7.5000 9695.5068   20.4681
   -7.5000  -30.0000    7.500010959.2363   19.9235
    0.0000  -30.0000    7.500011450.3340   19.9325
    7.5000  -30.0000    7.500010903.2988   19.9315
   -7.5000  -22.5000    7.500012192.1455   19.5273
    0.0000  -22.5000    7.500012759.3633   19.5401
    7.5000  -22.5000    7.500012138.9551   19.5422
   -7.5000  -15.0000    7.500013456.0332   19.4367
    0.0000  -15.0000    7.500014099.8799   19.4580
    7.5000  -15.0000    7.500013395.3232   19.4639
   -7.5000   -7.5000    7.500014707.9502   19.4428
    0.0000   -7.5000    7.500015461.4355   19.4665
    7.5000   -7.5000    7.500014644.6514   19.4712
   -7.5000    0.0000    7.500016181.6328   19.4687
    0.0000    0.0000    7.500017151.4844   19.4883
    7.5000    0.0000    7.500015998.4307   19.4894
   -7.5000    7.5000    7.500016783.9258   19.4544
    0.0000    7.5000    7.500018025.7168   19.4657
    7.5000    7.5000    7.500016324.1172   19.4644
   -7.5000   15.0000    7.500017064.6133   19.4164
    0.0000   15.0000    7.500018294.6074   19.4226
    7.5000   15.0000    7.500016455.6504   19.4206
   -7.5000   22.5000    7.500016488.7578   19.3831
    0.0000   22.5000    7.500017546.0273   19.3946
    7.5000   22.5000    7.500016075.3428   19.3960
   -7.5000   30.0000    7.500015535.8721   19.1522
    0.0000   30.0000    7.500016450.9395   19.1728
    7.5000   30.0000    7.500015239.1943   19.1783
   -7.5000   37.5000    7.500015118.3926   19.1904
    0.0000   37.5000    7.500015984.5098   19.2137
    7.5000   37.5000    7.500014839.4873   19.2183
   -7.5000   45.0000    7.500014134.4648   18.7656
    0.0000   45.0000    7.500014909.3760   18.7844
    7.5000   45.0000    7.500013890.6250   18.7855
   -7.5000  -45.0000   15.0000 8413.3926   21.0272
    0.0000  -45.0000   15.0000 8834.5342   21.0474
    7.5000  -45.0000   15.0000 8399.6289   21.0470
   -7.5000  -37.5000   15.0000 9277.9824   20.4343
    0.0000  -37.5000   15.0000 9721.2363   20.4382
    7.5000  -37.5000   15.0000 9228.1543   20.4326
   -7.5000  -30.0000   15.000010461.0439   19.9017
    0.0000  -30.0000   15.000010975.6387   19.9008
    7.5000  -30.0000   15.000010385.5791   19.8928
   -7.5000  -22.5000   15.000011674.2061   19.5162
    0.0000  -22.5000   15.000012260.0332   19.5244
    7.5000  -22.5000   15.000011560.5801   19.5195
   -7.5000  -15.0000   15.000012899.8057   19.4332
    0.0000  -15.0000   15.000013607.4775   19.4540
    7.5000  -15.0000   15.000012772.9385   19.4569
   -7.5000   -7.5000   15.000014122.8447   19.4371
    0.0000   -7.5000   15.000014925.5811   19.4598
    7.5000   -7.5000   15.000013975.0723   19.4652
   -7.5000    0.0000   15.000015445.7695   19.4537
    0.0000    0.0000   15.000016406.3066   19.4682
    7.5000    0.0000   15.000015209.5381   19.4704
   -7.5000    7.5000   15.000015791.6055   19.4314
    0.0000    7.5000   15.000016895.4180   19.4336
    7.5000    7.5000   15.000015442.6699   19.4300
   -7.5000   15.0000   15.000015868.9170   19.3961
    0.0000   15.0000   15.000016889.7148   19.3929
    7.5000   15.0000   15.000015514.9473   19.3843
   -7.5000   22.5000   15.000015464.7178   19.3732
    0.0000   22.5000   15.000016429.6270   19.3801
    7.5000   22.5000   15.000015210.9131   19.3746
   -7.5000   30.0000   15.000014796.0371   19.1491
    0.0000   30.0000   15.000015726.3291   19.1693
    7.5000   30.0000   15.000014560.3975   19.1718
   -7.5000   37.5000   15.000014440.0156   19.1848
    0.0000   37.5000   15.000015316.6895   19.2071
    7.5000   37.5000   15.000014212.5234   19.2124
   -7.5000   45.0000   15.000013452.1172   18.7511
    0.0000   45.0000   15.000014227.9238   18.7651
    7.5000   45.0000   15.000013250.0596   18.7672
   -7.5000  -45.0000   22.5000 7859.1577   21.1189
    0.0000  -45.0000   22.5000 8321.7305   21.1333
    7.5000  -45.0000   22.5000 7828.9023   21.1307
   -7.5000  -37.5000   22.5000 8718.7451   20.5176
    0.0000  -37.5000   22.5000 9225.6807   20.5148
    7.5000  -37.5000   22.5000 8640.1270   20.5055
   -7.5000  -30.0000   22.5000 9872.9287   19.9816
    0.0000  -30.0000   22.500010416.0039   19.9750
    7.5000  -30.0000   22.5000 9756.8379   19.9644
   -7.5000  -22.5000   22.500011004.5391   19.6011
    0.0000  -22.5000   22.500011609.6582   19.6057
    7.5000  -22.5000   22.500010884.3906   19.6013
   -7.5000  -15.0000   22.500012118.6758   19.5223
    0.0000  -15.0000   22.500012765.6846   19.5408
    7.5000  -15.0000   22.500012012.9727   19.5457
   -7.5000   -7.5000   22.500013239.4736   19.5240
    0.0000   -7.5000   22.500013919.5361   19.5436
    7.5000   -7.5000   22.500013140.3213   19.5494
   -7.5000    0.0000   22.500014387.7363   19.5334
    0.0000    0.0000   22.500015159.0967   19.5427
    7.5000    0.0000   22.500014274.8105   19.5425
   -7.5000    7.5000   22.500014536.2607   19.5047
    0.0000    7.5000   22.500015361.0000   19.5007
    7.5000    7.5000   22.500014387.7607   19.4935
   -7.5000   15.0000   22.500014450.7100   19.4709
    0.0000   15.0000   22.500015166.0645   19.4624
    7.5000   15.0000   22.500014325.3154   19.4517
   -7.5000   22.5000   22.500014165.0342   19.4565
    0.0000   22.5000   22.500014870.1543   19.4600
    7.5000   22.5000   22.500014083.9521   19.4549
   -7.5000   30.0000   22.500013731.9160   19.2370
    0.0000   30.0000   22.500014482.7607   19.2549
    7.5000   30.0000   22.500013594.7051   19.2594
   -7.5000   37.5000   22.500013558.9307   19.2705
    0.0000   37.5000   22.500014302.9053   19.2898
    7.5000   37.5000   22.500013380.3955   19.2955
   -7.5000   45.0000   22.500012662.1660   18.8279
    0.0000   45.0000   22.500013337.4385   18.8369
    7.5000   45.0000   22.500012488.4014   18.8367
   -7.5000  -45.0000   30.0000 7292.3208   21.4557
    0.0000  -45.0000   30.0000 7695.9458   21.4704
    7.5000  -45.0000   30.0000 7275.9331   21.4637
   -7.5000  -37.5000   30.0000 8096.5454   20.8471
    0.0000  -37.5000   30.0000 8527.6318   20.8478
    7.5000  -37.5000   30.0000 8039.9893   20.8375
   -7.5000  -30.0000   30.0000 9133.8154   20.2999
    0.0000  -30.0000   30.0000 9592.6328   20.2972
    7.5000  -30.0000   30.0000 9071.0635   20.2911
   -7.5000  -22.5000   30.000010152.3936   19.9033
    0.0000  -22.5000   30.000010639.4766   19.9090
    7.5000  -22.5000   30.000010093.5693   19.9113
   -7.5000  -15.0000   30.000011189.3193   19.8188
    0.0000  -15.0000   30.000011723.4551   19.8353
    7.5000  -15.0000   30.000011157.4443   19.8441
   -7.5000   -7.5000   30.000012263.6123   19.8220
    0.0000   -7.5000   30.000012843.1670   19.8399
    7.5000   -7.5000   30.000012226.1328   19.8441
   -7.5000    0.0000   30.000013328.3154   19.8361
    0.0000    0.0000   30.000013977.4219   19.8457
    7.5000    0.0000   30.000013258.9092   19.8412
   -7.5000    7.5000   30.000013405.0996   19.8089
    0.0000    7.5000   30.000014040.7344   19.8077
    7.5000    7.5000   30.000013304.6191   19.7994
   -7.5000   15.0000   30.000013221.6631   19.7717
    0.0000   15.0000   30.000013790.4609   19.7670
    7.5000   15.0000   30.000013155.8809   19.7605
   -7.5000   22.5000   30.000012995.6641   19.7530
    0.0000   22.5000   30.000013537.7637   19.7575
    7.5000   22.5000   30.000012911.9033   19.7590
   -7.5000   30.0000   30.000012684.9453   19.5285
    0.0000   30.0000   30.000013264.1836   19.5444
    7.5000   30.0000   30.000012560.3633   19.5527
   -7.5000   37.5000   30.000012591.0908   19.5646
    0.0000   37.5000   30.000013173.8740   19.5822
    7.5000   37.5000   30.000012440.2715   19.5864
   -7.5000   45.0000   30.000011792.2314   19.1197
    0.0000   45.0000   30.000012353.7178   19.1290
    7.5000   45.0000   30.000011658.5908   19.1247
   -7.5000  -45.0000   37.5000 6983.2437   21.9623
    0.0000  -45.0000   37.5000 7328.9980   21.9853
    7.5000  -45.0000   37.5000 6975.6211   21.9774
   -7.5000  -37.5000   37.5000 7737.1523   21.3424
    0.0000  -37.5000   37.5000 8091.0776   21.3561
    7.5000  -37.5000   37.5000 7699.5557   21.3481
   -7.5000  -30.0000   37.5000 8747.8535   20.7762
    0.0000  -30.0000   37.5000 9131.6670   20.7861
    7.5000  -30.0000   37.5000 8706.5361   20.7860
   -7.5000  -22.5000   37.5000 9747.2939   20.3501
    0.0000  -22.5000   37.500010150.3008   20.3628
    7.5000  -22.5000   37.5000 9690.4912   20.3706
   -7.5000  -15.0000   37.500010763.0527   20.2554
    0.0000  -15.0000   37.500011213.7031   20.2742
    7.5000  -15.0000   37.500010722.2100   20.2846
   -7.5000   -7.5000   37.500011797.9717   20.2629
    0.0000   -7.5000   37.500012300.5381   20.2837
    7.5000   -7.5000   37.500011756.8574   20.2861
   -7.5000    0.0000   37.500012825.0664   20.2881
    0.0000    0.0000   37.500013373.4844   20.3051
    7.5000    0.0000   37.500012738.7275   20.2989
   -7.5000    7.5000   37.500012841.3994   20.2668
    0.0000    7.5000   37.500013381.3867   20.2772
    7.5000    7.5000   37.500012756.3525   20.2708
   -7.5000   15.0000   37.500012624.3682   20.2233
    0.0000   15.0000   37.500013132.4199   20.2304
    7.5000   15.0000   37.500012564.7949   20.2295
   -7.5000   22.5000   37.500012379.1592   20.1923
    0.0000   22.5000   37.500012883.2988   20.2034
    7.5000   22.5000   37.500012305.1553   20.2104
   -7.5000   30.0000   37.500012126.8389   19.9574
    0.0000   30.0000   37.500012639.2480   19.9755
    7.5000   30.0000   37.500012014.1338   19.9853
   -7.5000   37.5000   37.500012090.4248   19.9997
    0.0000   37.5000   37.500012621.6484   20.0203
    7.5000   37.5000   37.500011982.1504   20.0226
   -7.5000   45.0000   37.500011359.0098   19.5554
    0.0000   45.0000   37.500011870.5547   19.5717
    7.5000   45.0000   37.500011263.7559   19.5658
   -7.5000  -45.0000   45.0000 6433.2734   22.5465
    0.0000  -45.0000   45.0000 6746.6987   22.5797
    7.5000  -45.0000   45.0000 6424.7817   22.5763
   -7.5000  -37.5000   45.0000 7104.0234   21.9037
    0.0000  -37.5000   45.0000 7430.1768   21.9273
    7.5000  -37.5000   45.0000 7081.1108   21.9231
   -7.5000  -30.0000   45.0000 8056.9233   21.3128
    0.0000  -30.0000   45.0000 8404.9336   21.3307
    7.5000  -30.0000   45.0000 8015.4824   21.3333
   -7.5000  -22.5000   45.0000 8990.2920   20.8547
    0.0000  -22.5000   45.0000 9377.0039   20.8733
    7.5000  -22.5000   45.0000 8931.5879   20.8828
   -7.5000  -15.0000   45.0000 9935.1387   20.7509
    0.0000  -15.0000   45.000010349.8799   20.7754
    7.5000  -15.0000   45.0000 9889.9463   20.7875
   -7.5000   -7.5000   45.000010886.0596   20.7621
    0.0000   -7.5000   45.000011336.9512   20.7898
    7.5000   -7.5000   45.000010832.7471   20.7954
   -7.5000    0.0000   45.000011810.9775   20.7953
    0.0000    0.0000   45.000012294.6836   20.8211
    7.5000    0.0000   45.000011723.6611   20.8192
   -7.5000    7.5000   45.000011797.2031   20.7774
    0.0000    7.5000   45.000012276.1582   20.7968
    7.5000    7.5000   45.000011716.3125   20.7941
   -7.5000   15.0000   45.000011589.7959   20.7291
    0.0000   15.0000   45.000012066.7090   20.7435
    7.5000   15.0000   45.000011545.7471   20.7449
   -7.5000   22.5000   45.000011341.3350   20.6885
    0.0000   22.5000   45.000011820.0664   20.7054
    7.5000   22.5000   45.000011293.4961   20.7140
   -7.5000   30.0000   45.000011121.8301   20.4425
    0.0000   30.0000   45.000011606.5742   20.4661
    7.5000   30.0000   45.000011061.7197   20.4776
   -7.5000   37.5000   45.000011101.0068   20.4907
    0.0000   37.5000   45.000011597.4541   20.5180
    7.5000   37.5000   45.000011033.6182   20.5234
   -7.5000   45.0000   45.000010447.9775   20.0534
    0.0000   45.0000   45.000010910.0820   20.0782
    7.5000   45.0000   45.000010346.8359   20.0764

---------------------------------------------------------------------
imgreg_4dfp /opt/freesurfer/average/711-2C_as_mni_average_305 /opt/freesurfer/average/711-2B_as_mni_average_305_mask talsrcimg_g11 none talsrcimg_to_711-2C_as_mni_average_305_t4 4355
---------------------------------------------------------------------

freesurfer imgreg_4dfp.c
/opt/freesurfer/average/711-2C_as_mni_average_305.4dfp.img
       256       256       256         1
  1.000000  1.000000  1.000000
orientation T byte_order littleendian
Reading image: /opt/freesurfer/average/711-2C_as_mni_average_305.4dfp.img
dimensions:      256       256       256
mmppix:       1.0000   -1.0000   -1.0000
center:     128.0000 -129.0000 -129.0000
/opt/freesurfer/average/711-2B_as_mni_average_305_mask.4dfp.img
       256       256       256         1
  1.000000  1.000000  1.000000
orientation T byte_order littleendian
Reading mask: /opt/freesurfer/average/711-2B_as_mni_average_305_mask.4dfp.img (2306576 pixels)
talsrcimg_g11.4dfp.img
       256       256       256         1
  1.000000  1.000000  1.000000
orientation T byte_order littleendian
Reading image: talsrcimg_g11.4dfp.img
dimensions:      256       256       256
mmppix:       1.0000   -1.0000   -1.0000
center:     128.0000 -129.0000 -129.0000
rotation matrix determinant  1.000000
image alignment mode   4355 decimal     1103 hex
   -7.5000  -30.0000  -37.5000 2184.7585   22.7974
    0.0000  -30.0000  -37.5000 2199.2227   22.8373
    7.5000  -30.0000  -37.5000 2186.1248   22.9112
   -7.5000  -22.5000  -37.5000 2298.8809   20.6821
    0.0000  -22.5000  -37.5000 2311.7864   20.7346
    7.5000  -22.5000  -37.5000 2300.7053   20.8120
   -7.5000  -15.0000  -37.5000 2394.2913   19.1102
    0.0000  -15.0000  -37.5000 2410.1941   19.1612
    7.5000  -15.0000  -37.5000 2394.2871   19.2292
   -7.5000   -7.5000  -37.5000 2463.9629   18.0260
    0.0000   -7.5000  -37.5000 2481.1594   18.0683
    7.5000   -7.5000  -37.5000 2459.2971   18.1296
   -7.5000    0.0000  -37.5000 2493.9546   17.3039
    0.0000    0.0000  -37.5000 2512.1270   17.3122
    7.5000    0.0000  -37.5000 2487.3242   17.3977
   -7.5000    7.5000  -37.5000 2513.1130   16.8867
    0.0000    7.5000  -37.5000 2528.4666   16.8775
    7.5000    7.5000  -37.5000 2504.3401   16.9506
   -7.5000   15.0000  -37.5000 2518.4033   16.6305
    0.0000   15.0000  -37.5000 2534.7957   16.6348
    7.5000   15.0000  -37.5000 2508.4890   16.7097
   -7.5000   22.5000  -37.5000 2512.4497   16.7021
    0.0000   22.5000  -37.5000 2524.7246   16.6845
    7.5000   22.5000  -37.5000 2498.7737   16.8026
   -7.5000   30.0000  -37.5000 2487.8635   17.1426
    0.0000   30.0000  -37.5000 2508.2107   17.1340
    7.5000   30.0000  -37.5000 2476.5977   17.3097
   -7.5000   37.5000  -37.5000 2457.0073   17.8230
    0.0000   37.5000  -37.5000 2477.7551   17.8376
    7.5000   37.5000  -37.5000 2448.4346   18.0042
   -7.5000   45.0000  -37.5000 2405.3547   18.7737
    0.0000   45.0000  -37.5000 2421.3962   18.8121
    7.5000   45.0000  -37.5000 2391.0325   18.9643
   -7.5000   52.5000  -37.5000 2305.7139   19.9237
    0.0000   52.5000  -37.5000 2318.1091   19.9529
    7.5000   52.5000  -37.5000 2292.1675   20.1335
   -7.5000   60.0000  -37.5000 2162.3069   21.2707
    0.0000   60.0000  -37.5000 2172.3308   21.2893
    7.5000   60.0000  -37.5000 2147.9756   21.5257
   -7.5000  -30.0000  -30.0000 2281.8616   22.2694
    0.0000  -30.0000  -30.0000 2295.4019   22.3356
    7.5000  -30.0000  -30.0000 2281.0996   22.4142
   -7.5000  -22.5000  -30.0000 2404.8621   20.1757
    0.0000  -22.5000  -30.0000 2420.8962   20.1851
    7.5000  -22.5000  -30.0000 2403.4495   20.2988
   -7.5000  -15.0000  -30.0000 2504.6392   18.6017
    0.0000  -15.0000  -30.0000 2521.5422   18.5768
    7.5000  -15.0000  -30.0000 2508.0913   18.7038
   -7.5000   -7.5000  -30.0000 2581.1023   17.4887
    0.0000   -7.5000  -30.0000 2597.4426   17.4625
    7.5000   -7.5000  -30.0000 2582.0405   17.5819
   -7.5000    0.0000  -30.0000 2618.8069   16.7115
    0.0000    0.0000  -30.0000 2636.2661   16.6700
    7.5000    0.0000  -30.0000 2618.2456   16.7902
   -7.5000    7.5000  -30.0000 2641.0029   16.1879
    0.0000    7.5000  -30.0000 2659.1406   16.1886
    7.5000    7.5000  -30.0000 2636.5784   16.3253
   -7.5000   15.0000  -30.0000 2655.7737   15.9758
    0.0000   15.0000  -30.0000 2672.4954   15.9775
    7.5000   15.0000  -30.0000 2644.6528   16.0793
   -7.5000   22.5000  -30.0000 2646.4958   16.0195
    0.0000   22.5000  -30.0000 2663.9963   16.0438
    7.5000   22.5000  -30.0000 2640.2163   16.1873
   -7.5000   30.0000  -30.0000 2620.2375   16.4385
    0.0000   30.0000  -30.0000 2646.4314   16.4669
    7.5000   30.0000  -30.0000 2616.5364   16.6644
   -7.5000   37.5000  -30.0000 2589.4995   17.0728
    0.0000   37.5000  -30.0000 2611.6770   17.1061
    7.5000   37.5000  -30.0000 2584.6848   17.3312
   -7.5000   45.0000  -30.0000 2530.3000   17.9557
    0.0000   45.0000  -30.0000 2549.4502   17.9781
    7.5000   45.0000  -30.0000 2524.4697   18.1996
   -7.5000   52.5000  -30.0000 2429.4990   19.0368
    0.0000   52.5000  -30.0000 2446.2629   19.0686
    7.5000   52.5000  -30.0000 2418.7720   19.2655
   -7.5000   60.0000  -30.0000 2283.0217   20.3522
    0.0000   60.0000  -30.0000 2296.7754   20.3425
    7.5000   60.0000  -30.0000 2271.7136   20.5599
   -7.5000  -30.0000  -22.5000 2341.8938   21.6796
    0.0000  -30.0000  -22.5000 2359.6470   21.6577
    7.5000  -30.0000  -22.5000 2349.1631   21.8296
   -7.5000  -22.5000  -22.5000 2472.1953   19.5654
    0.0000  -22.5000  -22.5000 2491.8789   19.5313
    7.5000  -22.5000  -22.5000 2476.8955   19.7191
   -7.5000  -15.0000  -22.5000 2580.8193   17.9795
    0.0000  -15.0000  -22.5000 2600.0012   17.9168
    7.5000  -15.0000  -22.5000 2586.6309   18.0978
   -7.5000   -7.5000  -22.5000 2660.2009   16.8464
    0.0000   -7.5000  -22.5000 2679.8430   16.7496
    7.5000   -7.5000  -22.5000 2661.5562   16.9216
   -7.5000    0.0000  -22.5000 2708.1028   16.0264
    0.0000    0.0000  -22.5000 2726.1504   15.9558
    7.5000    0.0000  -22.5000 2710.0950   16.1242
   -7.5000    7.5000  -22.5000 2737.5825   15.4624
    0.0000    7.5000  -22.5000 2759.3840   15.4298
    7.5000    7.5000  -22.5000 2733.9780   15.6124
   -7.5000   15.0000  -22.5000 2760.6887   15.1805
    0.0000   15.0000  -22.5000 2779.2925   15.1866
    7.5000   15.0000  -22.5000 2748.7073   15.3415
   -7.5000   22.5000  -22.5000 2757.3096   15.2853
    0.0000   22.5000  -22.5000 2773.8962   15.2927
    7.5000   22.5000  -22.5000 2749.0076   15.4824
   -7.5000   30.0000  -22.5000 2733.8162   15.6921
    0.0000   30.0000  -22.5000 2758.5544   15.6767
    7.5000   30.0000  -22.5000 2733.8347   15.9384
   -7.5000   37.5000  -22.5000 2697.8733   16.2942
    0.0000   37.5000  -22.5000 2717.1047   16.2751
    7.5000   37.5000  -22.5000 2692.7366   16.5434
   -7.5000   45.0000  -22.5000 2637.1980   17.1254
    0.0000   45.0000  -22.5000 2651.9377   17.1185
    7.5000   45.0000  -22.5000 2630.1328   17.3518
   -7.5000   52.5000  -22.5000 2531.3821   18.1841
    0.0000   52.5000  -22.5000 2541.6526   18.1673
    7.5000   52.5000  -22.5000 2518.6992   18.3785
   -7.5000   60.0000  -22.5000 2381.8286   19.4761
    0.0000   60.0000  -22.5000 2394.0310   19.4180
    7.5000   60.0000  -22.5000 2365.6899   19.6211
   -7.5000  -30.0000  -15.0000 2364.0969   21.1647
    0.0000  -30.0000  -15.0000 2383.5667   21.1285
    7.5000  -30.0000  -15.0000 2376.2590   21.3378
   -7.5000  -22.5000  -15.0000 2493.6924   19.0007
    0.0000  -22.5000  -15.0000 2515.4246   18.9432
    7.5000  -22.5000  -15.0000 2502.0449   19.1585
   -7.5000  -15.0000  -15.0000 2606.5227   17.3862
    0.0000  -15.0000  -15.0000 2627.7917   17.3098
    7.5000  -15.0000  -15.0000 2616.3010   17.5268
   -7.5000   -7.5000  -15.0000 2695.1680   16.2096
    0.0000   -7.5000  -15.0000 2717.9773   16.1464
    7.5000   -7.5000  -15.0000 2700.4592   16.3501
   -7.5000    0.0000  -15.0000 2756.8142   15.3878
    0.0000    0.0000  -15.0000 2774.5339   15.3167
    7.5000    0.0000  -15.0000 2758.5979   15.5556
   -7.5000    7.5000  -15.0000 2798.1323   14.8297
    0.0000    7.5000  -15.0000 2813.8564   14.7693
    7.5000    7.5000  -15.0000 2791.9082   15.0238
   -7.5000   15.0000  -15.0000 2828.8167   14.5199
    0.0000   15.0000  -15.0000 2839.9978   14.4709
    7.5000   15.0000  -15.0000 2811.8318   14.7202
   -7.5000   22.5000  -15.0000 2831.3525   14.6050
    0.0000   22.5000  -15.0000 2845.9263   14.5835
    7.5000   22.5000  -15.0000 2818.8611   14.8742
   -7.5000   30.0000  -15.0000 2806.3259   14.9925
    0.0000   30.0000  -15.0000 2825.6196   14.9585
    7.5000   30.0000  -15.0000 2805.2117   15.2779
   -7.5000   37.5000  -15.0000 2766.9553   15.5918
    0.0000   37.5000  -15.0000 2784.7346   15.5433
    7.5000   37.5000  -15.0000 2764.8811   15.8620
   -7.5000   45.0000  -15.0000 2706.4006   16.4044
    0.0000   45.0000  -15.0000 2716.1982   16.3750
    7.5000   45.0000  -15.0000 2696.4736   16.6831
   -7.5000   52.5000  -15.0000 2602.6655   17.4529
    0.0000   52.5000  -15.0000 2607.6577   17.4247
    7.5000   52.5000  -15.0000 2585.4827   17.7061
   -7.5000   60.0000  -15.0000 2450.6633   18.7239
    0.0000   60.0000  -15.0000 2458.0281   18.6625
    7.5000   60.0000  -15.0000 2427.6992   18.9246
   -7.5000  -30.0000   -7.5000 2358.9805   20.7884
    0.0000  -30.0000   -7.5000 2383.4238   20.6941
    7.5000  -30.0000   -7.5000 2376.6477   20.9796
   -7.5000  -22.5000   -7.5000 2488.7764   18.5754
    0.0000  -22.5000   -7.5000 2512.4668   18.4789
    7.5000  -22.5000   -7.5000 2505.0767   18.7483
   -7.5000  -15.0000   -7.5000 2606.9619   16.9452
    0.0000  -15.0000   -7.5000 2625.7976   16.8243
    7.5000  -15.0000   -7.5000 2621.9075   17.1187
   -7.5000   -7.5000   -7.5000 2707.6604   15.7732
    0.0000   -7.5000   -7.5000 2728.0229   15.6594
    7.5000   -7.5000   -7.5000 2720.0281   15.9141
   -7.5000    0.0000   -7.5000 2782.1257   14.9307
    0.0000    0.0000   -7.5000 2796.5366   14.8151
    7.5000    0.0000   -7.5000 2790.1814   15.0824
   -7.5000    7.5000   -7.5000 2838.8032   14.3705
    0.0000    7.5000   -7.5000 2849.3711   14.2768
    7.5000    7.5000   -7.5000 2835.4480   14.5846
   -7.5000   15.0000   -7.5000 2879.0413   14.0712
    0.0000   15.0000   -7.5000 2890.7659   13.9979
    7.5000   15.0000   -7.5000 2867.0801   14.3629
   -7.5000   22.5000   -7.5000 2882.9473   14.0966
    0.0000   22.5000   -7.5000 2895.7214   14.0469
    7.5000   22.5000   -7.5000 2871.7515   14.4988
   -7.5000   30.0000   -7.5000 2855.9753   14.4308
    0.0000   30.0000   -7.5000 2869.6396   14.3841
    7.5000   30.0000   -7.5000 2857.2219   14.8260
   -7.5000   37.5000   -7.5000 2818.9751   15.0191
    0.0000   37.5000   -7.5000 2833.3342   14.9451
    7.5000   37.5000   -7.5000 2818.7466   15.3592
   -7.5000   45.0000   -7.5000 2758.3938   15.8535
    0.0000   45.0000   -7.5000 2765.4900   15.7904
    7.5000   45.0000   -7.5000 2748.1257   16.1692
   -7.5000   52.5000   -7.5000 2647.5110   16.9313
    0.0000   52.5000   -7.5000 2648.5864   16.8487
    7.5000   52.5000   -7.5000 2632.3281   17.2093
   -7.5000   60.0000   -7.5000 2488.6382   18.1935
    0.0000   60.0000   -7.5000 2496.5989   18.0969
    7.5000   60.0000   -7.5000 2469.4153   18.4286
   -7.5000  -30.0000    0.0000 2343.0659   20.6475
    0.0000  -30.0000    0.0000 2360.7854   20.4689
    7.5000  -30.0000    0.0000 2362.6348   20.7632
   -7.5000  -22.5000    0.0000 2471.8914   18.4050
    0.0000  -22.5000    0.0000 2490.2559   18.2264
    7.5000  -22.5000    0.0000 2492.1313   18.5391
   -7.5000  -15.0000    0.0000 2587.7854   16.7557
    0.0000  -15.0000    0.0000 2612.1094   16.5885
    7.5000  -15.0000    0.0000 2609.5212   16.8767
   -7.5000   -7.5000    0.0000 2693.4360   15.5528
    0.0000   -7.5000    0.0000 2717.0085   15.4108
    7.5000   -7.5000    0.0000 2717.6770   15.6893
   -7.5000    0.0000    0.0000 2787.1379   14.7291
    0.0000    0.0000    0.0000 2806.1804   14.6246
    7.5000    0.0000    0.0000 2809.1697   14.9218
   -7.5000    7.5000    0.0000 2865.2344   14.2561
    0.0000    7.5000    0.0000 2884.2009   14.1914
    7.5000    7.5000    0.0000 2877.2468   14.4460
   -7.5000   15.0000    0.0000 2929.7830   14.0727
    0.0000   15.0000    0.0000 2957.1572   14.0390
    7.5000   15.0000    0.0000 2919.9731   14.2878
   -7.5000   22.5000    0.0000 2931.9778   13.9051
    0.0000   22.5000    0.0000 2952.4680   13.9074
    7.5000   22.5000    0.0000 2914.1250   14.3209
   -7.5000   30.0000    0.0000 2891.4272   14.0987
    0.0000   30.0000    0.0000 2901.7332   14.0477
    7.5000   30.0000    0.0000 2880.7974   14.4750
   -7.5000   37.5000    0.0000 2853.0261   14.6805
    0.0000   37.5000    0.0000 2861.4817   14.5876
    7.5000   37.5000    0.0000 2841.6665   14.9483
   -7.5000   45.0000    0.0000 2785.9641   15.5503
    0.0000   45.0000    0.0000 2794.0325   15.4196
    7.5000   45.0000    0.0000 2775.3589   15.7523
   -7.5000   52.5000    0.0000 2669.1030   16.6581
    0.0000   52.5000    0.0000 2675.6895   16.5527
    7.5000   52.5000    0.0000 2654.5540   16.8362
   -7.5000   60.0000    0.0000 2512.3662   17.9168
    0.0000   60.0000    0.0000 2518.8513   17.8473
    7.5000   60.0000    0.0000 2491.0571   18.0635
   -7.5000  -30.0000    7.5000 2323.5198   20.7598
    0.0000  -30.0000    7.5000 2335.5740   20.5500
    7.5000  -30.0000    7.5000 2341.3694   20.9232
   -7.5000  -22.5000    7.5000 2452.3225   18.4428
    0.0000  -22.5000    7.5000 2464.9834   18.2504
    7.5000  -22.5000    7.5000 2474.2446   18.6386
   -7.5000  -15.0000    7.5000 2570.4246   16.7861
    0.0000  -15.0000    7.5000 2583.7883   16.6196
    7.5000  -15.0000    7.5000 2595.5378   16.9330
   -7.5000   -7.5000    7.5000 2683.0886   15.5740
    0.0000   -7.5000    7.5000 2701.8213   15.4788
    7.5000   -7.5000    7.5000 2710.6655   15.7282
   -7.5000    0.0000    7.5000 2792.5232   14.8218
    0.0000    0.0000    7.5000 2820.0986   14.7993
    7.5000    0.0000    7.5000 2811.6836   14.9635
   -7.5000    7.5000    7.5000 2890.2590   14.4212
    0.0000    7.5000    7.5000 2930.0029   14.4626
    7.5000    7.5000    7.5000 2894.0168   14.4681
   -7.5000   15.0000    7.5000 2966.4158   14.2584
    0.0000   15.0000    7.5000 3016.9548   14.3467
    7.5000   15.0000    7.5000 2945.5193   14.2629
   -7.5000   22.5000    7.5000 2971.0842   14.0351
    0.0000   22.5000    7.5000 3017.5579   14.0662
    7.5000   22.5000    7.5000 2942.5999   14.1963
   -7.5000   30.0000    7.5000 2913.0994   14.0252
    0.0000   30.0000    7.5000 2935.8086   13.9362
    7.5000   30.0000    7.5000 2899.3064   14.3205
   -7.5000   37.5000    7.5000 2867.9858   14.5265
    0.0000   37.5000    7.5000 2876.5391   14.4159
    7.5000   37.5000    7.5000 2850.3267   14.7646
   -7.5000   45.0000    7.5000 2797.6091   15.4013
    0.0000   45.0000    7.5000 2802.8176   15.2862
    7.5000   45.0000    7.5000 2782.2585   15.5770
   -7.5000   52.5000    7.5000 2685.4644   16.5212
    0.0000   52.5000    7.5000 2686.2080   16.4270
    7.5000   52.5000    7.5000 2662.1792   16.6627
   -7.5000   60.0000    7.5000 2523.0242   17.7684
    0.0000   60.0000    7.5000 2525.4080   17.7247
    7.5000   60.0000    7.5000 2499.9675   17.9122
   -7.5000  -30.0000   15.0000 2300.4165   21.1513
    0.0000  -30.0000   15.0000 2315.8970   20.9459
    7.5000  -30.0000   15.0000 2321.7871   21.2915
   -7.5000  -22.5000   15.0000 2432.7869   18.8806
    0.0000  -22.5000   15.0000 2446.2615   18.7482
    7.5000  -22.5000   15.0000 2444.9641   18.9746
   -7.5000  -15.0000   15.0000 2551.9675   17.2523
    0.0000  -15.0000   15.0000 2571.0620   17.1879
    7.5000  -15.0000   15.0000 2563.7563   17.3435
   -7.5000   -7.5000   15.0000 2670.4700   16.0337
    0.0000   -7.5000   15.0000 2697.5315   16.0263
    7.5000   -7.5000   15.0000 2682.4351   16.1252
   -7.5000    0.0000   15.0000 2782.9487   15.1449
    0.0000    0.0000   15.0000 2815.2134   15.1746
    7.5000    0.0000   15.0000 2785.9033   15.2255
   -7.5000    7.5000   15.0000 2876.8389   14.6074
    0.0000    7.5000   15.0000 2921.2764   14.6613
    7.5000    7.5000   15.0000 2874.6548   14.6603
   -7.5000   15.0000   15.0000 2948.2720   14.2989
    0.0000   15.0000   15.0000 3002.0002   14.3437
    7.5000   15.0000   15.0000 2929.9338   14.3595
   -7.5000   22.5000   15.0000 2960.3862   14.0598
    0.0000   22.5000   15.0000 3000.5015   14.0010
    7.5000   22.5000   15.0000 2936.9177   14.2628
   -7.5000   30.0000   15.0000 2919.1167   14.3003
    0.0000   30.0000   15.0000 2950.4553   14.2115
    7.5000   30.0000   15.0000 2899.3308   14.4957
   -7.5000   37.5000   15.0000 2864.4949   14.8218
    0.0000   37.5000   15.0000 2881.7705   14.7884
    7.5000   37.5000   15.0000 2844.1663   15.0141
   -7.5000   45.0000   15.0000 2787.5764   15.6213
    0.0000   45.0000   15.0000 2791.6621   15.5363
    7.5000   45.0000   15.0000 2766.4939   15.7597
   -7.5000   52.5000   15.0000 2675.0054   16.6533
    0.0000   52.5000   15.0000 2672.8472   16.5590
    7.5000   52.5000   15.0000 2650.3743   16.7538
   -7.5000   60.0000   15.0000 2513.0605   17.8185
    0.0000   60.0000   15.0000 2520.5808   17.7577
    7.5000   60.0000   15.0000 2492.8352   17.9249
   -7.5000  -30.0000   22.5000 2283.3215   21.9124
    0.0000  -30.0000   22.5000 2302.1211   21.8208
    7.5000  -30.0000   22.5000 2289.5066   22.0507
   -7.5000  -22.5000   22.5000 2413.0803   19.5824
    0.0000  -22.5000   22.5000 2433.5916   19.5105
    7.5000  -22.5000   22.5000 2421.4587   19.7195
   -7.5000  -15.0000   22.5000 2529.1802   17.8652
    0.0000  -15.0000   22.5000 2549.4727   17.7552
    7.5000  -15.0000   22.5000 2538.3965   17.9665
   -7.5000   -7.5000   22.5000 2649.3682   16.5536
    0.0000   -7.5000   22.5000 2668.6670   16.4209
    7.5000   -7.5000   22.5000 2661.0483   16.6368
   -7.5000    0.0000   22.5000 2756.1726   15.5532
    0.0000    0.0000   22.5000 2776.8679   15.4502
    7.5000    0.0000   22.5000 2764.1582   15.6747
   -7.5000    7.5000   22.5000 2847.4939   14.9028
    0.0000    7.5000   22.5000 2877.6484   14.8356
    7.5000    7.5000   22.5000 2849.7773   15.0261
   -7.5000   15.0000   22.5000 2909.6116   14.4361
    0.0000   15.0000   22.5000 2940.6431   14.3344
    7.5000   15.0000   22.5000 2899.8955   14.6076
   -7.5000   22.5000   22.5000 2931.9285   14.2565
    0.0000   22.5000   22.5000 2955.4590   14.1347
    7.5000   22.5000   22.5000 2916.8364   14.4889
   -7.5000   30.0000   22.5000 2901.0813   14.6367
    0.0000   30.0000   22.5000 2938.0786   14.5423
    7.5000   30.0000   22.5000 2885.8911   14.8038
   -7.5000   37.5000   22.5000 2848.7273   15.3306
    0.0000   37.5000   22.5000 2870.6040   15.2559
    7.5000   37.5000   22.5000 2830.2043   15.4444
   -7.5000   45.0000   22.5000 2764.6318   16.1556
    0.0000   45.0000   22.5000 2772.0593   16.0709
    7.5000   45.0000   22.5000 2743.8892   16.2491
   -7.5000   52.5000   22.5000 2647.0991   17.1123
    0.0000   52.5000   22.5000 2647.4705   17.0310
    7.5000   52.5000   22.5000 2627.8335   17.1826
   -7.5000   60.0000   22.5000 2490.5991   18.1682
    0.0000   60.0000   22.5000 2497.2542   18.1003
    7.5000   60.0000   22.5000 2468.4556   18.2386
   -7.5000  -30.0000   30.0000 2251.1511   22.8622
    0.0000  -30.0000   30.0000 2262.3542   22.6464
    7.5000  -30.0000   30.0000 2255.7268   23.0186
   -7.5000  -22.5000   30.0000 2379.0396   20.3750
    0.0000  -22.5000   30.0000 2392.0176   20.1544
    7.5000  -22.5000   30.0000 2383.2690   20.5495
   -7.5000  -15.0000   30.0000 2497.7314   18.5614
    0.0000  -15.0000   30.0000 2511.6289   18.3181
    7.5000  -15.0000   30.0000 2503.4795   18.7130
   -7.5000   -7.5000   30.0000 2618.6282   17.2098
    0.0000   -7.5000   30.0000 2628.6895   16.9843
    7.5000   -7.5000   30.0000 2622.5015   17.3131
   -7.5000    0.0000   30.0000 2719.8313   16.1888
    0.0000    0.0000   30.0000 2730.5461   15.9923
    7.5000    0.0000   30.0000 2721.7961   16.2830
   -7.5000    7.5000   30.0000 2799.6252   15.4422
    0.0000    7.5000   30.0000 2816.9053   15.2425
    7.5000    7.5000   30.0000 2800.0847   15.5432
   -7.5000   15.0000   30.0000 2844.3813   14.8853
    0.0000   15.0000   30.0000 2860.5952   14.6625
    7.5000   15.0000   30.0000 2842.4282   15.0740
   -7.5000   22.5000   30.0000 2878.1008   14.7021
    0.0000   22.5000   30.0000 2890.4709   14.5612
    7.5000   22.5000   30.0000 2866.3369   14.9315
   -7.5000   30.0000   30.0000 2855.5718   15.1176
    0.0000   30.0000   30.0000 2882.0020   15.0310
    7.5000   30.0000   30.0000 2842.4753   15.3055
   -7.5000   37.5000   30.0000 2804.5916   15.8451
    0.0000   37.5000   30.0000 2826.6772   15.7476
    7.5000   37.5000   30.0000 2791.6831   15.9738
   -7.5000   45.0000   30.0000 2724.3145   16.7836
    0.0000   45.0000   30.0000 2735.0100   16.6686
    7.5000   45.0000   30.0000 2710.6655   16.8771
   -7.5000   52.5000   30.0000 2608.1638   17.7886
    0.0000   52.5000   30.0000 2621.4648   17.7123
    7.5000   52.5000   30.0000 2596.2590   17.8794
   -7.5000   60.0000   30.0000 2445.5803   18.8388
    0.0000   60.0000   30.0000 2459.1313   18.7748
    7.5000   60.0000   30.0000 2434.2495   18.9025
   -7.5000  -30.0000   37.5000 2203.0916   23.9071
    0.0000  -30.0000   37.5000 2213.3979   23.5399
    7.5000  -30.0000   37.5000 2213.7510   24.0242
   -7.5000  -22.5000   37.5000 2343.0630   21.3526
    0.0000  -22.5000   37.5000 2351.9028   20.9494
    7.5000  -22.5000   37.5000 2343.0303   21.5001
   -7.5000  -15.0000   37.5000 2464.7236   19.4598
    0.0000  -15.0000   37.5000 2470.3999   19.0927
    7.5000  -15.0000   37.5000 2464.5261   19.5970
   -7.5000   -7.5000   37.5000 2578.3875   18.0593
    0.0000   -7.5000   37.5000 2583.6462   17.7427
    7.5000   -7.5000   37.5000 2577.6541   18.1896
   -7.5000    0.0000   37.5000 2669.7473   16.9725
    0.0000    0.0000   37.5000 2678.4839   16.6802
    7.5000    0.0000   37.5000 2670.5769   17.0757
   -7.5000    7.5000   37.5000 2740.3350   16.1682
    0.0000    7.5000   37.5000 2751.7363   15.8820
    7.5000    7.5000   37.5000 2739.9104   16.2771
   -7.5000   15.0000   37.5000 2778.5476   15.5827
    0.0000   15.0000   37.5000 2789.1143   15.3492
    7.5000   15.0000   37.5000 2777.3003   15.7766
   -7.5000   22.5000   37.5000 2803.8691   15.4428
    0.0000   22.5000   37.5000 2810.9604   15.2616
    7.5000   22.5000   37.5000 2795.4836   15.6508
   -7.5000   30.0000   37.5000 2783.2644   15.8797
    0.0000   30.0000   37.5000 2806.0276   15.7396
    7.5000   30.0000   37.5000 2775.8181   16.0384
   -7.5000   37.5000   37.5000 2740.7925   16.6032
    0.0000   37.5000   37.5000 2761.1790   16.4625
    7.5000   37.5000   37.5000 2736.4929   16.7263
   -7.5000   45.0000   37.5000 2669.9321   17.5159
    0.0000   45.0000   37.5000 2683.6960   17.3857
    7.5000   45.0000   37.5000 2664.3198   17.6123
   -7.5000   52.5000   37.5000 2558.3359   18.5564
    0.0000   52.5000   37.5000 2570.8682   18.4463
    7.5000   52.5000   37.5000 2549.4895   18.6304
   -7.5000   60.0000   37.5000 2395.2131   19.7024
    0.0000   60.0000   37.5000 2413.0913   19.6425
    7.5000   60.0000   37.5000 2391.7808   19.7749
   -7.5000  -30.0000   45.0000 2156.3381   25.0760
    0.0000  -30.0000   45.0000 2169.7795   24.6431
    7.5000  -30.0000   45.0000 2164.3127   25.1984
   -7.5000  -22.5000   45.0000 2299.5530   22.4446
    0.0000  -22.5000   45.0000 2314.6262   22.0028
    7.5000  -22.5000   45.0000 2296.9419   22.5746
   -7.5000  -15.0000   45.0000 2417.0098   20.5014
    0.0000  -15.0000   45.0000 2428.3706   20.0919
    7.5000  -15.0000   45.0000 2414.1526   20.6068
   -7.5000   -7.5000   45.0000 2521.3481   19.0543
    0.0000   -7.5000   45.0000 2527.8706   18.6886
    7.5000   -7.5000   45.0000 2517.1653   19.1741
   -7.5000    0.0000   45.0000 2603.7903   17.9479
    0.0000    0.0000   45.0000 2614.8845   17.6203
    7.5000    0.0000   45.0000 2600.6343   18.0277
   -7.5000    7.5000   45.0000 2664.8608   17.0813
    0.0000    7.5000   45.0000 2675.8450   16.7871
    7.5000    7.5000   45.0000 2660.2612   17.2319
   -7.5000   15.0000   45.0000 2698.5771   16.4946
    0.0000   15.0000   45.0000 2707.4524   16.2888
    7.5000   15.0000   45.0000 2695.3176   16.6918
   -7.5000   22.5000   45.0000 2712.3564   16.3984
    0.0000   22.5000   45.0000 2727.4377   16.2268
    7.5000   22.5000   45.0000 2713.7527   16.5682
   -7.5000   30.0000   45.0000 2701.2822   16.8307
    0.0000   30.0000   45.0000 2725.1470   16.6762
    7.5000   30.0000   45.0000 2701.3279   16.9935
   -7.5000   37.5000   45.0000 2662.3552   17.5254
    0.0000   37.5000   45.0000 2684.6704   17.3804
    7.5000   37.5000   45.0000 2664.4712   17.6593
   -7.5000   45.0000   45.0000 2600.0864   18.4041
    0.0000   45.0000   45.0000 2612.4553   18.2746
    7.5000   45.0000   45.0000 2592.0874   18.4844
   -7.5000   52.5000   45.0000 2492.5735   19.4298
    0.0000   52.5000   45.0000 2505.6814   19.3460
    7.5000   52.5000   45.0000 2484.9226   19.5020
   -7.5000   60.0000   45.0000 2331.8967   20.6505
    0.0000   60.0000   45.0000 2348.9473   20.6078
    7.5000   60.0000   45.0000 2328.0422   20.6880
   -7.5000  -30.0000   52.5000 2102.2769   26.4586
    0.0000  -30.0000   52.5000 2127.2390   26.0479
    7.5000  -30.0000   52.5000 2107.6191   26.5432
   -7.5000  -22.5000   52.5000 2246.9849   23.7005
    0.0000  -22.5000   52.5000 2272.6465   23.3869
    7.5000  -22.5000   52.5000 2242.3665   23.8000
   -7.5000  -15.0000   52.5000 2359.7124   21.7239
    0.0000  -15.0000   52.5000 2380.4255   21.4193
    7.5000  -15.0000   52.5000 2354.2195   21.7924
   -7.5000   -7.5000   52.5000 2455.9619   20.2611
    0.0000   -7.5000   52.5000 2476.0957   19.9699
    7.5000   -7.5000   52.5000 2452.1377   20.3433
   -7.5000    0.0000   52.5000 2529.7185   19.0993
    0.0000    0.0000   52.5000 2547.0371   18.8043
    7.5000    0.0000   52.5000 2525.1726   19.1940
   -7.5000    7.5000   52.5000 2583.1470   18.1886
    0.0000    7.5000   52.5000 2598.8445   17.9761
    7.5000    7.5000   52.5000 2578.0659   18.3571
   -7.5000   15.0000   52.5000 2612.0430   17.6040
    0.0000   15.0000   52.5000 2623.4026   17.4513
    7.5000   15.0000   52.5000 2611.1057   17.7979
   -7.5000   22.5000   52.5000 2625.7827   17.5630
    0.0000   22.5000   52.5000 2642.0742   17.4361
    7.5000   22.5000   52.5000 2630.3914   17.7619
   -7.5000   30.0000   52.5000 2610.3662   17.9272
    0.0000   30.0000   52.5000 2635.4949   17.8059
    7.5000   30.0000   52.5000 2618.3105   18.1179
   -7.5000   37.5000   52.5000 2582.5544   18.5504
    0.0000   37.5000   52.5000 2616.1128   18.4275
    7.5000   37.5000   52.5000 2587.5657   18.7200
   -7.5000   45.0000   52.5000 2521.7139   19.4436
    0.0000   45.0000   52.5000 2543.8550   19.3219
    7.5000   45.0000   52.5000 2522.8950   19.5557
   -7.5000   52.5000   52.5000 2418.5002   20.4821
    0.0000   52.5000   52.5000 2433.4875   20.3908
    7.5000   52.5000   52.5000 2415.1292   20.5595
   -7.5000   60.0000   52.5000 2263.9653   21.7149
    0.0000   60.0000   52.5000 2281.0085   21.6929
    7.5000   60.0000   52.5000 2261.0210   21.7898

---------------------------------------------------------------------
imgreg_4dfp /opt/freesurfer/average/711-2C_as_mni_average_305 /opt/freesurfer/average/711-2B_as_mni_average_305_mask talsrcimg_g11 none talsrcimg_to_711-2C_as_mni_average_305_t4 1283
---------------------------------------------------------------------

freesurfer imgreg_4dfp.c
/opt/freesurfer/average/711-2C_as_mni_average_305.4dfp.img
       256       256       256         1
  1.000000  1.000000  1.000000
orientation T byte_order littleendian
Reading image: /opt/freesurfer/average/711-2C_as_mni_average_305.4dfp.img
dimensions:      256       256       256
mmppix:       1.0000   -1.0000   -1.0000
center:     128.0000 -129.0000 -129.0000
/opt/freesurfer/average/711-2B_as_mni_average_305_mask.4dfp.img
       256       256       256         1
  1.000000  1.000000  1.000000
orientation T byte_order littleendian
Reading mask: /opt/freesurfer/average/711-2B_as_mni_average_305_mask.4dfp.img (2306576 pixels)
talsrcimg_g11.4dfp.img
       256       256       256         1
  1.000000  1.000000  1.000000
orientation T byte_order littleendian
Reading image: talsrcimg_g11.4dfp.img
dimensions:      256       256       256
mmppix:       1.0000   -1.0000   -1.0000
center:     128.0000 -129.0000 -129.0000
rotation matrix determinant  1.000000
fimgreg.f
image alignment mode   1283 decimal      503 hex
parameters
    0.0000   22.5000    7.5000    0.0000    0.0000    0.0000
eta,q 0.94796 14.17173
niter,ni,del,rscale     5    3   12.0000    1.2000
parameter  2  1.470261 ->  0.500000 qaram    1.1500
parameter  4  1.536623 ->  0.500000 qaram    1.1500
parameters
   -0.8494   19.0500    9.3810   -3.4500    0.3517   -0.3440
eta,q 0.96033 14.30493
  0.0628  0.0448  0.0645  0.0393  0.0528  0.0460
  0.0595  0.0440  0.0565  0.0393  0.0465  0.0421
  0.0562  0.0478  0.0487  0.0415  0.0411  0.0400
  0.0547  0.0547  0.0447  0.0452  0.0397  0.0398
  0.0565  0.0600  0.0452  0.0493  0.0417  0.0412
  0.0625  0.0653  0.0467  0.0526  0.0450  0.0434
  0.0713  0.0732  0.0494  0.0570  0.0495  0.0471
niter,ni,del,rscale     6    3   12.0000    1.2000
parameters
   -1.1589   19.0631    8.8697   -4.7683    0.6599   -0.3524
eta,q 0.96125 14.33002
  0.0584  0.0607  0.0503  0.0457  0.0509  0.0454
  0.0504  0.0519  0.0439  0.0414  0.0452  0.0421
  0.0429  0.0435  0.0400  0.0385  0.0404  0.0396
  0.0397  0.0398  0.0398  0.0396  0.0387  0.0387
  0.0431  0.0426  0.0421  0.0426  0.0408  0.0398
  0.0524  0.0518  0.0471  0.0471  0.0442  0.0419
  0.0638  0.0608  0.0541  0.0512  0.0481  0.0455
niter,ni,del,rscale     5    3   12.0000    1.2000
parameters
   -1.1964   19.4508    8.4213   -5.4445    0.6259   -0.4146
eta,q 0.96245 14.33949
  0.0601  0.0607  0.0499  0.0464  0.0484  0.0446
  0.0515  0.0526  0.0430  0.0425  0.0431  0.0412
  0.0434  0.0445  0.0388  0.0378  0.0389  0.0385
  0.0387  0.0388  0.0383  0.0381  0.0376  0.0376
  0.0412  0.0397  0.0410  0.0410  0.0400  0.0389
  0.0504  0.0481  0.0463  0.0450  0.0435  0.0412
  0.0624  0.0583  0.0532  0.0496  0.0481  0.0449
niter,ni,del,rscale     4    3   12.0000    1.2000
parameters
   -1.1635   19.7050    8.2297   -5.8368    0.5491   -0.4667
eta,q 0.96315 14.34590
  0.0604  0.0592  0.0510  0.0468  0.0477  0.0444
  0.0512  0.0514  0.0435  0.0430  0.0426  0.0407
  0.0425  0.0436  0.0383  0.0378  0.0384  0.0378
  0.0376  0.0375  0.0373  0.0372  0.0369  0.0369
  0.0401  0.0393  0.0399  0.0401  0.0393  0.0383
  0.0494  0.0481  0.0452  0.0442  0.0431  0.0408
  0.0616  0.0583  0.0521  0.0489  0.0479  0.0446
niter,ni,del,rscale     3    3   12.0000    1.2000
parameters
   -1.1263   19.8600    8.1419   -6.0569    0.4948   -0.4961
eta,q 0.96350 14.35024
  0.0602  0.0584  0.0516  0.0471  0.0475  0.0444
  0.0508  0.0509  0.0437  0.0432  0.0424  0.0404
  0.0418  0.0431  0.0380  0.0380  0.0382  0.0374
  0.0368  0.0368  0.0367  0.0366  0.0365  0.0365
  0.0395  0.0393  0.0394  0.0395  0.0388  0.0380
  0.0489  0.0483  0.0448  0.0436  0.0427  0.0405
  0.0613  0.0586  0.0517  0.0484  0.0477  0.0444
niter,ni,del,rscale     2    3   12.0000    1.2000
parameters
   -1.1061   19.9455    8.0980   -6.1747    0.4664   -0.5168
eta,q 0.96367 14.35136
  0.0600  0.0580  0.0518  0.0473  0.0475  0.0444
  0.0505  0.0506  0.0438  0.0433  0.0423  0.0403
  0.0414  0.0427  0.0378  0.0381  0.0381  0.0372
  0.0365  0.0365  0.0364  0.0364  0.0363  0.0363
  0.0392  0.0394  0.0391  0.0391  0.0385  0.0379
  0.0488  0.0485  0.0446  0.0433  0.0425  0.0404
  0.0613  0.0589  0.0515  0.0481  0.0476  0.0443
niter,ni,del,rscale     1    3   12.0000    1.2000
parameters
   -1.0967   19.9903    8.0764   -6.2378    0.4536   -0.5262
eta,q 0.96375 14.35187
  0.0599  0.0577  0.0520  0.0474  0.0475  0.0444
  0.0503  0.0505  0.0438  0.0434  0.0423  0.0403
  0.0412  0.0424  0.0377  0.0382  0.0380  0.0372
  0.0363  0.0363  0.0363  0.0363  0.0362  0.0362
  0.0391  0.0395  0.0390  0.0389  0.0384  0.0378
  0.0488  0.0487  0.0445  0.0431  0.0423  0.0403
  0.0613  0.0591  0.0515  0.0480  0.0475  0.0442
registration optimization eta report
parameter search radius
    6.0000    6.9000    6.0000    6.9000    6.0000    6.0000
100000*second partial in parameter space
       65.       43.       42.       23.       30.       22.
  0.0599  0.0577  0.0520  0.0474  0.0475  0.0444
  0.0503  0.0505  0.0438  0.0434  0.0423  0.0403
  0.0412  0.0424  0.0377  0.0382  0.0380  0.0372
  0.0363  0.0363  0.0363  0.0363  0.0362  0.0362
  0.0391  0.0395  0.0390  0.0389  0.0384  0.0378
  0.0488  0.0487  0.0445  0.0431  0.0423  0.0403
  0.0613  0.0591  0.0515  0.0480  0.0475  0.0442
   -1.0967   19.9903    8.0764   -6.2378    0.4536   -0.5262
eta,q 0.96375 14.35187

---------------------------------------------------------------------
imgreg_4dfp /opt/freesurfer/average/711-2C_as_mni_average_305 /opt/freesurfer/average/711-2B_as_mni_average_305_mask talsrcimg_g11 none talsrcimg_to_711-2C_as_mni_average_305_t4 3335
---------------------------------------------------------------------

freesurfer imgreg_4dfp.c
/opt/freesurfer/average/711-2C_as_mni_average_305.4dfp.img
       256       256       256         1
  1.000000  1.000000  1.000000
orientation T byte_order littleendian
Reading image: /opt/freesurfer/average/711-2C_as_mni_average_305.4dfp.img
dimensions:      256       256       256
mmppix:       1.0000   -1.0000   -1.0000
center:     128.0000 -129.0000 -129.0000
/opt/freesurfer/average/711-2B_as_mni_average_305_mask.4dfp.img
       256       256       256         1
  1.000000  1.000000  1.000000
orientation T byte_order littleendian
Reading mask: /opt/freesurfer/average/711-2B_as_mni_average_305_mask.4dfp.img (2306576 pixels)
talsrcimg_g11.4dfp.img
       256       256       256         1
  1.000000  1.000000  1.000000
orientation T byte_order littleendian
Reading image: talsrcimg_g11.4dfp.img
dimensions:      256       256       256
mmppix:       1.0000   -1.0000   -1.0000
center:     128.0000 -129.0000 -129.0000
fimgreg.f
image alignment mode   3335 decimal      D07 hex
parameters
   -1.0967   19.9903    8.0764   -0.0074   -0.5970   -0.5952
    0.9990   -0.6872   -0.9183   10.8723    0.7917  -10.8652
eta,q 0.96184 14.48108
niter,ni,del,rscale     5    3    5.0000    1.2000
parameter  4  1.846377 ->  0.500000 qaram    1.1500
parameter  5  1.260805 ->  0.500000 qaram    1.1500
parameters
   -1.0411   20.7460    8.0661   -4.1474   -4.7370   -2.9518
   -1.8994    1.0510   -1.3185    9.7807    3.0698  -12.5093
eta,q 0.97645 14.45994
  0.0429  0.0427  0.0406  0.0276  0.0233  0.0270  0.0262  0.0365  0.0263  0.0267  0.0271  0.0245
  0.0405  0.0407  0.0391  0.0291  0.0246  0.0258  0.0248  0.0312  0.0250  0.0249  0.0255  0.0238
  0.0388  0.0391  0.0381  0.0327  0.0269  0.0253  0.0246  0.0270  0.0242  0.0240  0.0245  0.0236
  0.0382  0.0382  0.0378  0.0378  0.0299  0.0252  0.0253  0.0245  0.0240  0.0240  0.0238  0.0237
  0.0386  0.0379  0.0382  0.0444  0.0340  0.0268  0.0269  0.0241  0.0244  0.0249  0.0237  0.0241
  0.0401  0.0382  0.0392  0.0510  0.0393  0.0306  0.0293  0.0256  0.0254  0.0265  0.0239  0.0248
  0.0425  0.0392  0.0406  0.0567  0.0452  0.0363  0.0323  0.0289  0.0269  0.0289  0.0246  0.0257
niter,ni,del,rscale     6    3    5.0000    1.2000
parameter  5  0.580909 ->  0.500000 qaram    1.3225
parameters
   -0.6714   21.8093    8.1245   -7.4485   -9.4980   -1.5762
   -0.6925    0.4585   -1.4885   10.2072    1.9933  -15.6734
eta,q 0.98031 14.20638
  0.0309  0.0293  0.0248  0.0247  0.0213  0.0246  0.0246  0.0255  0.0225  0.0242  0.0210  0.0202
  0.0273  0.0268  0.0237  0.0232  0.0207  0.0230  0.0227  0.0219  0.0212  0.0220  0.0203  0.0198
  0.0248  0.0248  0.0230  0.0222  0.0210  0.0216  0.0211  0.0203  0.0203  0.0206  0.0200  0.0197
  0.0236  0.0234  0.0228  0.0228  0.0223  0.0207  0.0203  0.0201  0.0200  0.0200  0.0201  0.0200
  0.0237  0.0228  0.0229  0.0264  0.0248  0.0200  0.0202  0.0212  0.0204  0.0204  0.0203  0.0206
  0.0250  0.0229  0.0235  0.0325  0.0288  0.0206  0.0210  0.0236  0.0213  0.0215  0.0209  0.0214
  0.0274  0.0239  0.0246  0.0398  0.0342  0.0229  0.0226  0.0274  0.0227  0.0233  0.0217  0.0224
niter,ni,del,rscale     6    3    5.0000    1.2000
parameters
   -0.6335   22.2855    8.3020   -8.0885  -11.0500   -1.7789
   -0.6357    0.5021   -1.4063   10.6835    1.5339  -16.2246
eta,q 0.98028 14.09479
  0.0245  0.0242  0.0219  0.0247  0.0233  0.0232  0.0232  0.0260  0.0224  0.0239  0.0210  0.0211
  0.0220  0.0221  0.0207  0.0226  0.0214  0.0217  0.0215  0.0222  0.0210  0.0218  0.0202  0.0203
  0.0203  0.0206  0.0199  0.0208  0.0200  0.0205  0.0203  0.0202  0.0201  0.0204  0.0198  0.0198
  0.0197  0.0197  0.0195  0.0195  0.0197  0.0197  0.0198  0.0198  0.0198  0.0198  0.0197  0.0197
  0.0201  0.0196  0.0196  0.0198  0.0208  0.0196  0.0201  0.0206  0.0200  0.0201  0.0200  0.0200
  0.0216  0.0202  0.0202  0.0229  0.0232  0.0213  0.0213  0.0225  0.0209  0.0212  0.0205  0.0207
  0.0243  0.0217  0.0213  0.0282  0.0276  0.0246  0.0232  0.0255  0.0223  0.0230  0.0213  0.0214
niter,ni,del,rscale     5    3    5.0000    1.2000
parameters
   -0.5853   22.4250    8.3542   -8.0136  -11.2257   -1.8099
   -0.6756    0.6036   -1.4025   10.8156    1.5463  -16.3886
eta,q 0.98031 14.09089
  0.0242  0.0233  0.0217  0.0252  0.0244  0.0234  0.0231  0.0262  0.0223  0.0235  0.0212  0.0212
  0.0219  0.0215  0.0207  0.0230  0.0222  0.0218  0.0214  0.0222  0.0209  0.0215  0.0203  0.0203
  0.0204  0.0203  0.0200  0.0212  0.0205  0.0205  0.0202  0.0201  0.0200  0.0202  0.0198  0.0199
  0.0197  0.0197  0.0197  0.0197  0.0197  0.0197  0.0197  0.0197  0.0197  0.0197  0.0197  0.0197
  0.0201  0.0199  0.0198  0.0194  0.0201  0.0195  0.0200  0.0205  0.0200  0.0201  0.0199  0.0199
  0.0215  0.0209  0.0205  0.0217  0.0219  0.0211  0.0213  0.0224  0.0209  0.0213  0.0204  0.0205
  0.0240  0.0227  0.0217  0.0263  0.0253  0.0242  0.0233  0.0254  0.0223  0.0232  0.0211  0.0213
niter,ni,del,rscale     4    3    5.0000    1.2000
parameters
   -0.5809   22.4477    8.3482   -7.9743  -11.2297   -1.7987
   -0.6571    0.6153   -1.4186   10.8622    1.5754  -16.4219
eta,q 0.98033 14.09431
  0.0240  0.0230  0.0216  0.0252  0.0246  0.0234  0.0232  0.0260  0.0223  0.0234  0.0212  0.0213
  0.0217  0.0213  0.0206  0.0230  0.0223  0.0218  0.0214  0.0221  0.0209  0.0214  0.0203  0.0204
  0.0203  0.0201  0.0200  0.0212  0.0206  0.0205  0.0202  0.0201  0.0200  0.0201  0.0198  0.0199
  0.0197  0.0197  0.0197  0.0197  0.0197  0.0197  0.0197  0.0197  0.0197  0.0197  0.0197  0.0197
  0.0201  0.0200  0.0198  0.0194  0.0200  0.0195  0.0200  0.0205  0.0200  0.0201  0.0199  0.0199
  0.0216  0.0211  0.0205  0.0218  0.0218  0.0211  0.0213  0.0225  0.0209  0.0214  0.0203  0.0205
  0.0241  0.0230  0.0217  0.0264  0.0251  0.0242  0.0233  0.0255  0.0223  0.0233  0.0211  0.0212
registration optimization eta report
parameter search radius
    2.4000    2.4000    2.4000    8.2800    9.5220    7.2000
    7.2000    7.2000    7.2000    7.2000    7.2000    7.2000
100000*second partial in parameter space
       76.       57.       35.        9.        6.        8.
        7.       12.        5.        7.        3.        3.
  0.0240  0.0230  0.0216  0.0252  0.0246  0.0234  0.0232  0.0260  0.0223  0.0234  0.0212  0.0213
  0.0217  0.0213  0.0206  0.0230  0.0223  0.0218  0.0214  0.0221  0.0209  0.0214  0.0203  0.0204
  0.0203  0.0201  0.0200  0.0212  0.0206  0.0205  0.0202  0.0201  0.0200  0.0201  0.0198  0.0199
  0.0197  0.0197  0.0197  0.0197  0.0197  0.0197  0.0197  0.0197  0.0197  0.0197  0.0197  0.0197
  0.0201  0.0200  0.0198  0.0194  0.0200  0.0195  0.0200  0.0205  0.0200  0.0201  0.0199  0.0199
  0.0216  0.0211  0.0205  0.0218  0.0218  0.0211  0.0213  0.0225  0.0209  0.0214  0.0203  0.0205
  0.0241  0.0230  0.0217  0.0264  0.0251  0.0242  0.0233  0.0255  0.0223  0.0233  0.0211  0.0212
   -0.5809   22.4477    8.3482   -7.9743  -11.2297   -1.7987
   -0.6571    0.6153   -1.4186   10.8622    1.5754  -16.4219
eta,q 0.98033 14.09431

---------------------------------------------------------------------
imgreg_4dfp /opt/freesurfer/average/711-2C_as_mni_average_305 /opt/freesurfer/average/711-2B_as_mni_average_305_mask talsrcimg_g11 none talsrcimg_to_711-2C_as_mni_average_305_t4 2311
---------------------------------------------------------------------

freesurfer imgreg_4dfp.c
/opt/freesurfer/average/711-2C_as_mni_average_305.4dfp.img
       256       256       256         1
  1.000000  1.000000  1.000000
orientation T byte_order littleendian
Reading image: /opt/freesurfer/average/711-2C_as_mni_average_305.4dfp.img
dimensions:      256       256       256
mmppix:       1.0000   -1.0000   -1.0000
center:     128.0000 -129.0000 -129.0000
/opt/freesurfer/average/711-2B_as_mni_average_305_mask.4dfp.img
       256       256       256         1
  1.000000  1.000000  1.000000
orientation T byte_order littleendian
Reading mask: /opt/freesurfer/average/711-2B_as_mni_average_305_mask.4dfp.img (2306576 pixels)
talsrcimg_g11.4dfp.img
       256       256       256         1
  1.000000  1.000000  1.000000
orientation T byte_order littleendian
Reading image: talsrcimg_g11.4dfp.img
dimensions:      256       256       256
mmppix:       1.0000   -1.0000   -1.0000
center:     128.0000 -129.0000 -129.0000
fimgreg.f
image alignment mode   2311 decimal      907 hex
parameters
   -0.5809   22.4477    8.3482   -7.9743  -11.2297   -1.7987
   -0.6571    0.6153   -1.4186   10.8622    1.5754  -16.4219
eta,q 0.98033 14.09431
niter,ni,del,rscale     5    3    5.0000    0.8000
parameters
   -0.5474   22.4793    8.4092   -6.8193  -10.8413   -1.3896
   -0.9002    0.7476   -1.6037   10.9191    2.0241  -16.2698
eta,q 0.98079 14.18039
  0.0217  0.0212  0.0206  0.0225  0.0210  0.0214  0.0209  0.0226  0.0204  0.0211  0.0202  0.0201
  0.0206  0.0204  0.0201  0.0214  0.0202  0.0204  0.0199  0.0206  0.0197  0.0200  0.0196  0.0196
  0.0200  0.0199  0.0198  0.0205  0.0196  0.0198  0.0194  0.0195  0.0193  0.0194  0.0193  0.0193
  0.0197  0.0197  0.0197  0.0197  0.0193  0.0193  0.0192  0.0192  0.0192  0.0192  0.0192  0.0192
  0.0198  0.0198  0.0197  0.0193  0.0194  0.0191  0.0195  0.0196  0.0194  0.0194  0.0193  0.0193
  0.0205  0.0203  0.0200  0.0197  0.0198  0.0196  0.0202  0.0205  0.0199  0.0200  0.0195  0.0195
  0.0216  0.0211  0.0205  0.0210  0.0206  0.0211  0.0213  0.0221  0.0206  0.0210  0.0198  0.0200
niter,ni,del,rscale     4    3    5.0000    0.7000
parameters
   -0.6219   22.4252    8.3294   -6.6934  -10.7121   -1.1779
   -0.7585    0.6603   -1.6639   10.9303    2.2048  -16.1596
eta,q 0.98087 14.19997
  0.0207  0.0203  0.0199  0.0213  0.0204  0.0208  0.0207  0.0215  0.0201  0.0205  0.0198  0.0198
  0.0199  0.0197  0.0195  0.0205  0.0198  0.0201  0.0199  0.0201  0.0196  0.0198  0.0194  0.0194
  0.0193  0.0193  0.0193  0.0197  0.0194  0.0195  0.0193  0.0193  0.0192  0.0193  0.0192  0.0192
  0.0192  0.0192  0.0192  0.0192  0.0192  0.0192  0.0191  0.0191  0.0191  0.0191  0.0191  0.0191
  0.0195  0.0194  0.0193  0.0192  0.0193  0.0190  0.0193  0.0195  0.0193  0.0193  0.0192  0.0192
  0.0201  0.0198  0.0196  0.0199  0.0197  0.0195  0.0197  0.0203  0.0196  0.0198  0.0194  0.0194
  0.0211  0.0205  0.0201  0.0214  0.0203  0.0208  0.0205  0.0216  0.0202  0.0205  0.0197  0.0197
niter,ni,del,rscale     3    3    5.0000    0.6000
parameters
   -0.6516   22.4082    8.3021   -6.5698  -10.7271   -1.0260
   -0.7445    0.6302   -1.6914   10.9269    2.2954  -16.0749
eta,q 0.98092 14.20823
  0.0204  0.0200  0.0197  0.0208  0.0200  0.0203  0.0202  0.0209  0.0198  0.0201  0.0196  0.0196
  0.0197  0.0195  0.0194  0.0201  0.0195  0.0198  0.0196  0.0198  0.0194  0.0195  0.0193  0.0193
  0.0193  0.0192  0.0192  0.0195  0.0192  0.0194  0.0192  0.0192  0.0192  0.0192  0.0191  0.0191
  0.0191  0.0191  0.0191  0.0191  0.0191  0.0191  0.0191  0.0191  0.0191  0.0191  0.0191  0.0191
  0.0193  0.0192  0.0192  0.0192  0.0192  0.0190  0.0192  0.0193  0.0192  0.0192  0.0191  0.0191
  0.0197  0.0195  0.0194  0.0197  0.0195  0.0194  0.0196  0.0199  0.0194  0.0196  0.0193  0.0193
  0.0205  0.0200  0.0197  0.0208  0.0200  0.0204  0.0201  0.0209  0.0198  0.0201  0.0195  0.0195
niter,ni,del,rscale     2    3    5.0000    0.5000
parameters
   -0.6664   22.3988    8.2942   -6.4324  -10.7382   -0.8626
   -0.7629    0.6296   -1.7056   10.9100    2.3826  -15.9953
eta,q 0.98096 14.21690
  0.0200  0.0197  0.0195  0.0204  0.0197  0.0200  0.0198  0.0204  0.0195  0.0198  0.0194  0.0194
  0.0195  0.0194  0.0193  0.0198  0.0194  0.0196  0.0194  0.0196  0.0193  0.0194  0.0192  0.0192
  0.0192  0.0192  0.0191  0.0194  0.0191  0.0193  0.0191  0.0192  0.0191  0.0191  0.0191  0.0191
  0.0191  0.0191  0.0191  0.0191  0.0191  0.0191  0.0190  0.0190  0.0190  0.0190  0.0190  0.0190
  0.0192  0.0191  0.0191  0.0191  0.0191  0.0190  0.0191  0.0192  0.0191  0.0191  0.0191  0.0191
  0.0195  0.0194  0.0193  0.0195  0.0194  0.0193  0.0194  0.0196  0.0193  0.0194  0.0192  0.0192
  0.0200  0.0197  0.0195  0.0203  0.0197  0.0199  0.0198  0.0203  0.0196  0.0198  0.0193  0.0193
niter,ni,del,rscale     1    3    5.0000    0.4000
parameters
   -0.6785   22.3868    8.2811   -6.3290  -10.7512   -0.6883
   -0.7690    0.6360   -1.7218   10.8993    2.4588  -15.9317
eta,q 0.98098 14.22435
  0.0196  0.0194  0.0193  0.0199  0.0194  0.0196  0.0195  0.0199  0.0193  0.0195  0.0192  0.0192
  0.0193  0.0192  0.0192  0.0195  0.0192  0.0194  0.0192  0.0194  0.0192  0.0192  0.0191  0.0191
  0.0191  0.0191  0.0191  0.0192  0.0191  0.0192  0.0191  0.0191  0.0190  0.0191  0.0190  0.0190
  0.0190  0.0190  0.0190  0.0190  0.0190  0.0190  0.0190  0.0190  0.0190  0.0190  0.0190  0.0190
  0.0191  0.0191  0.0191  0.0191  0.0191  0.0190  0.0191  0.0191  0.0191  0.0191  0.0190  0.0190
  0.0193  0.0192  0.0192  0.0193  0.0192  0.0192  0.0192  0.0194  0.0192  0.0192  0.0191  0.0191
  0.0197  0.0195  0.0193  0.0199  0.0195  0.0196  0.0195  0.0199  0.0193  0.0195  0.0192  0.0192
registration optimization eta report
parameter search radius
    0.8000    0.8000    0.8000    2.4000    2.4000    2.4000
    2.4000    2.4000    2.4000    2.4000    2.4000    2.4000
100000*second partial in parameter space
       94.       62.       42.       15.        7.       10.
        8.       15.        6.        8.        4.        4.
  0.0196  0.0194  0.0193  0.0199  0.0194  0.0196  0.0195  0.0199  0.0193  0.0195  0.0192  0.0192
  0.0193  0.0192  0.0192  0.0195  0.0192  0.0194  0.0192  0.0194  0.0192  0.0192  0.0191  0.0191
  0.0191  0.0191  0.0191  0.0192  0.0191  0.0192  0.0191  0.0191  0.0190  0.0191  0.0190  0.0190
  0.0190  0.0190  0.0190  0.0190  0.0190  0.0190  0.0190  0.0190  0.0190  0.0190  0.0190  0.0190
  0.0191  0.0191  0.0191  0.0191  0.0191  0.0190  0.0191  0.0191  0.0191  0.0191  0.0190  0.0190
  0.0193  0.0192  0.0192  0.0193  0.0192  0.0192  0.0192  0.0194  0.0192  0.0192  0.0191  0.0191
  0.0197  0.0195  0.0193  0.0199  0.0195  0.0196  0.0195  0.0199  0.0193  0.0195  0.0192  0.0192
   -0.6785   22.3868    8.2811   -6.3290  -10.7512   -0.6883
   -0.7690    0.6360   -1.7218   10.8993    2.4588  -15.9317
eta,q 0.98098 14.22435

---------------------------------------------------------------------
imgreg_4dfp /opt/freesurfer/average/711-2C_as_mni_average_305 /opt/freesurfer/average/711-2B_as_mni_average_305_mask talsrcimg_g11 none talsrcimg_to_711-2C_as_mni_average_305_t4 2311
---------------------------------------------------------------------

freesurfer imgreg_4dfp.c
/opt/freesurfer/average/711-2C_as_mni_average_305.4dfp.img
       256       256       256         1
  1.000000  1.000000  1.000000
orientation T byte_order littleendian
Reading image: /opt/freesurfer/average/711-2C_as_mni_average_305.4dfp.img
dimensions:      256       256       256
mmppix:       1.0000   -1.0000   -1.0000
center:     128.0000 -129.0000 -129.0000
/opt/freesurfer/average/711-2B_as_mni_average_305_mask.4dfp.img
       256       256       256         1
  1.000000  1.000000  1.000000
orientation T byte_order littleendian
Reading mask: /opt/freesurfer/average/711-2B_as_mni_average_305_mask.4dfp.img (2306576 pixels)
talsrcimg_g11.4dfp.img
       256       256       256         1
  1.000000  1.000000  1.000000
orientation T byte_order littleendian
Reading image: talsrcimg_g11.4dfp.img
dimensions:      256       256       256
mmppix:       1.0000   -1.0000   -1.0000
center:     128.0000 -129.0000 -129.0000
fimgreg.f
image alignment mode   2311 decimal      907 hex
parameters
   -0.6785   22.3868    8.2811   -6.3290  -10.7512   -0.6883
   -0.7690    0.6360   -1.7218   10.8993    2.4588  -15.9317
eta,q 0.98098 14.22435
niter,ni,del,rscale     5    3    5.0000    0.8000
parameters
   -0.6980   22.3477    8.2694   -6.8361  -10.7405   -1.2297
   -0.6306    0.5300   -1.6581   10.8831    2.2299  -16.1110
eta,q 0.98083 14.19060
  0.0213  0.0205  0.0201  0.0213  0.0206  0.0208  0.0211  0.0222  0.0205  0.0210  0.0199  0.0199
  0.0201  0.0197  0.0195  0.0203  0.0198  0.0200  0.0201  0.0204  0.0198  0.0200  0.0194  0.0195
  0.0193  0.0192  0.0191  0.0195  0.0193  0.0195  0.0194  0.0194  0.0193  0.0194  0.0192  0.0192
  0.0190  0.0190  0.0190  0.0190  0.0191  0.0191  0.0192  0.0192  0.0192  0.0192  0.0192  0.0192
  0.0193  0.0192  0.0191  0.0194  0.0192  0.0192  0.0193  0.0196  0.0193  0.0194  0.0193  0.0193
  0.0201  0.0198  0.0195  0.0208  0.0198  0.0204  0.0199  0.0207  0.0197  0.0200  0.0196  0.0196
  0.0215  0.0207  0.0201  0.0231  0.0206  0.0223  0.0209  0.0224  0.0204  0.0209  0.0200  0.0200
niter,ni,del,rscale     4    3    5.0000    0.7000
parameters
   -0.6599   22.4050    8.3122   -6.7550  -10.7374   -1.1822
   -0.7379    0.5808   -1.6532   10.9060    2.2105  -16.1380
eta,q 0.98086 14.19582
  0.0210  0.0204  0.0200  0.0212  0.0203  0.0207  0.0205  0.0217  0.0201  0.0205  0.0197  0.0197
  0.0200  0.0198  0.0195  0.0204  0.0197  0.0200  0.0197  0.0202  0.0196  0.0198  0.0194  0.0194
  0.0194  0.0193  0.0193  0.0197  0.0193  0.0195  0.0193  0.0194  0.0192  0.0193  0.0192  0.0192
  0.0192  0.0192  0.0192  0.0192  0.0191  0.0191  0.0191  0.0191  0.0191  0.0191  0.0191  0.0191
  0.0193  0.0193  0.0192  0.0192  0.0193  0.0191  0.0193  0.0194  0.0192  0.0193  0.0192  0.0192
  0.0199  0.0196  0.0195  0.0199  0.0197  0.0196  0.0198  0.0202  0.0196  0.0198  0.0194  0.0194
  0.0208  0.0203  0.0199  0.0214  0.0203  0.0210  0.0206  0.0215  0.0201  0.0205  0.0197  0.0198
niter,ni,del,rscale     3    3    5.0000    0.6000
parameters
   -0.6547   22.4103    8.3084   -6.5923  -10.7320   -1.0338
   -0.7685    0.6148   -1.6823   10.9162    2.2811  -16.0853
eta,q 0.98092 14.20679
  0.0204  0.0200  0.0197  0.0208  0.0200  0.0203  0.0201  0.0210  0.0198  0.0201  0.0196  0.0195
  0.0197  0.0195  0.0194  0.0201  0.0195  0.0198  0.0196  0.0199  0.0194  0.0195  0.0193  0.0193
  0.0193  0.0192  0.0192  0.0195  0.0192  0.0194  0.0192  0.0193  0.0192  0.0192  0.0191  0.0191
  0.0191  0.0191  0.0191  0.0191  0.0191  0.0191  0.0191  0.0191  0.0191  0.0191  0.0191  0.0191
  0.0193  0.0192  0.0192  0.0191  0.0192  0.0190  0.0192  0.0193  0.0192  0.0192  0.0191  0.0191
  0.0197  0.0195  0.0194  0.0197  0.0195  0.0194  0.0196  0.0199  0.0194  0.0196  0.0193  0.0193
  0.0204  0.0200  0.0197  0.0208  0.0200  0.0204  0.0202  0.0209  0.0198  0.0201  0.0195  0.0195
niter,ni,del,rscale     2    3    5.0000    0.5000
parameters
   -0.6641   22.4003    8.2960   -6.4372  -10.7367   -0.8671
   -0.7776    0.6324   -1.7062   10.9050    2.3707  -15.9976
eta,q 0.98096 14.21663
  0.0200  0.0197  0.0195  0.0204  0.0197  0.0200  0.0198  0.0204  0.0195  0.0198  0.0194  0.0194
  0.0195  0.0194  0.0193  0.0198  0.0194  0.0196  0.0194  0.0196  0.0193  0.0194  0.0192  0.0192
  0.0192  0.0192  0.0191  0.0194  0.0191  0.0193  0.0191  0.0192  0.0191  0.0191  0.0191  0.0191
  0.0191  0.0191  0.0191  0.0191  0.0191  0.0191  0.0190  0.0190  0.0190  0.0190  0.0190  0.0190
  0.0192  0.0191  0.0191  0.0191  0.0191  0.0190  0.0191  0.0192  0.0191  0.0191  0.0191  0.0191
  0.0195  0.0194  0.0193  0.0195  0.0194  0.0193  0.0194  0.0196  0.0193  0.0194  0.0192  0.0192
  0.0200  0.0197  0.0195  0.0203  0.0197  0.0199  0.0198  0.0203  0.0196  0.0198  0.0193  0.0193
niter,ni,del,rscale     1    3    5.0000    0.4000
parameters
   -0.6753   22.3874    8.2821   -6.3287  -10.7522   -0.6896
   -0.7644    0.6430   -1.7225   10.8952    2.4628  -15.9280
eta,q 0.98098 14.22417
  0.0196  0.0194  0.0193  0.0199  0.0194  0.0196  0.0195  0.0199  0.0193  0.0195  0.0192  0.0192
  0.0193  0.0192  0.0192  0.0195  0.0192  0.0194  0.0192  0.0194  0.0192  0.0192  0.0191  0.0191
  0.0191  0.0191  0.0191  0.0192  0.0191  0.0192  0.0191  0.0191  0.0191  0.0191  0.0190  0.0190
  0.0190  0.0190  0.0190  0.0190  0.0190  0.0190  0.0190  0.0190  0.0190  0.0190  0.0190  0.0190
  0.0191  0.0191  0.0191  0.0191  0.0191  0.0190  0.0191  0.0191  0.0191  0.0191  0.0190  0.0190
  0.0193  0.0192  0.0192  0.0193  0.0192  0.0192  0.0192  0.0194  0.0192  0.0192  0.0191  0.0191
  0.0197  0.0195  0.0193  0.0199  0.0195  0.0196  0.0195  0.0199  0.0193  0.0195  0.0192  0.0192
registration optimization eta report
parameter search radius
    0.8000    0.8000    0.8000    2.4000    2.4000    2.4000
    2.4000    2.4000    2.4000    2.4000    2.4000    2.4000
100000*second partial in parameter space
       94.       62.       42.       15.        7.       10.
        8.       15.        6.        8.        4.        3.
  0.0196  0.0194  0.0193  0.0199  0.0194  0.0196  0.0195  0.0199  0.0193  0.0195  0.0192  0.0192
  0.0193  0.0192  0.0192  0.0195  0.0192  0.0194  0.0192  0.0194  0.0192  0.0192  0.0191  0.0191
  0.0191  0.0191  0.0191  0.0192  0.0191  0.0192  0.0191  0.0191  0.0191  0.0191  0.0190  0.0190
  0.0190  0.0190  0.0190  0.0190  0.0190  0.0190  0.0190  0.0190  0.0190  0.0190  0.0190  0.0190
  0.0191  0.0191  0.0191  0.0191  0.0191  0.0190  0.0191  0.0191  0.0191  0.0191  0.0190  0.0190
  0.0193  0.0192  0.0192  0.0193  0.0192  0.0192  0.0192  0.0194  0.0192  0.0192  0.0191  0.0191
  0.0197  0.0195  0.0193  0.0199  0.0195  0.0196  0.0195  0.0199  0.0193  0.0195  0.0192  0.0192
   -0.6753   22.3874    8.2821   -6.3287  -10.7522   -0.6896
   -0.7644    0.6430   -1.7225   10.8952    2.4628  -15.9280
eta,q 0.98098 14.22417

---------------------------------------------------------------------
compute_vox2vox talsrcimg talsrcimg_to_711-2C_as_mni_average_305_t4 /opt/freesurfer/average/711-2C_as_mni_average_305
---------------------------------------------------------------------

freesurfer compute_vox2vox.c
Reading: talsrcimg.4dfp.ifh
Reading: talsrcimg_to_711-2C_as_mni_average_305_t4
Reading: /opt/freesurfer/average/711-2C_as_mni_average_305.4dfp.ifh
Writing: talsrcimg_to_711-2C_as_mni_average_305_t4_vox2vox.txt

start time Mon Mar 9 12:43:07 CET 2026
end		time Mon Mar 9 12:43:21 CET 2026

mpr2mni305 success

avi2talxfm orig_nu.mgz /opt/freesurfer/average/mni305.cor.mgz talsrcimg_to_711-2C_as_mni_average_305_t4_vox2vox.txt transforms/talairach.auto.xfm
avi2talxfm done
mv -f /out/sourcedata/freesurfer/sub-v1s22x0050463_ses-1/mri/talsrcimg_to_711-2C_as_mni_average_305_t4_vox2vox.txt /out/sourcedata/freesurfer/sub-v1s22x0050463_ses-1/mri/transforms/talsrcimg_to_711-2C_as_mni_average_305_t4_vox2vox.txt
lta_convert --src orig_nu.mgz --trg /opt/freesurfer/average/mni305.cor.mgz --inxfm transforms/talairach.auto.xfm --outlta transforms/talairach.auto.xfm.lta --subject fsaverage
7.3.2

--src: orig_nu.mgz src image (geometry).
--trg: /opt/freesurfer/average/mni305.cor.mgz trg image (geometry).
--inmni: transforms/talairach.auto.xfm input MNI/XFM transform.
--outlta: transforms/talairach.auto.xfm.lta output LTA.
--s: fsaverage subject name
 LTA read, type : 1
 1.06791  -0.00777   0.00776   2.88997;
-0.02273   0.98777   0.17609  -48.29859;
 0.02339  -0.12073   1.09913   0.30719;
 0.00000   0.00000   0.00000   1.00000;
setting subject to fsaverage
Writing  LTA to file transforms/talairach.auto.xfm.lta...
lta_convert successful.
 
 
Started at Mon Mar 9 12:43:07 CET 2026
Ended   at Mon Mar  9 12:43:21 CET 2026
talairach_avi done
