status file for recon-all
Mon Mar  9 15:34:00 CET 2026
#@# MotionCor Mon Mar  9 15:34:05 CET 2026
#@# Talairach Mon Mar  9 15:34:14 CET 2026
#@# Talairach Failure Detection Mon Mar  9 15:37:03 CET 2026
#@# Nu Intensity Correction Mon Mar  9 15:37:03 CET 2026
#@# Intensity Normalization Mon Mar  9 15:39:49 CET 2026
recon-all -s sub-v1s22x0050498_ses-1 finished without error at Mon Mar  9 15:40:52 CET 2026



#New# invocation of recon-all 



status file for recon-all
Mon Mar  9 15:49:42 CET 2026
#@# EM Registration Mon Mar  9 15:49:42 CET 2026
recon-all -s sub-v1s22x0050498_ses-1 finished without error at Mon Mar  9 15:51:15 CET 2026



#New# invocation of recon-all 



status file for recon-all
Mon Mar  9 15:51:16 CET 2026
#@# CA Normalize Mon Mar  9 15:51:16 CET 2026
#@# CA Reg Mon Mar  9 15:52:10 CET 2026
#@# SubCort Seg Mon Mar  9 16:24:00 CET 2026
#@# CC Seg Mon Mar  9 16:42:31 CET 2026
#@# Merge ASeg Mon Mar  9 16:43:04 CET 2026
#@# Intensity Normalization2 Mon Mar  9 16:43:04 CET 2026
#@# Mask BFS Mon Mar  9 16:44:29 CET 2026
#@# WM Segmentation Mon Mar  9 16:44:29 CET 2026
#@# Fill Mon Mar  9 16:45:57 CET 2026
recon-all -s sub-v1s22x0050498_ses-1 finished without error at Mon Mar  9 16:46:33 CET 2026



#New# invocation of recon-all 



status file for recon-all
Mon Mar  9 17:15:40 CET 2026
#@# white curv lh Mon Mar  9 17:15:40 CET 2026
#@# white area lh Mon Mar  9 17:15:40 CET 2026
#@# pial curv lh Mon Mar  9 17:15:40 CET 2026
#@# pial area lh Mon Mar  9 17:15:40 CET 2026
#@# thickness lh Mon Mar  9 17:15:40 CET 2026
#@# area and vertex vol lh Mon Mar  9 17:15:40 CET 2026
#@# white curv rh Mon Mar  9 17:15:40 CET 2026
#@# white area rh Mon Mar  9 17:15:40 CET 2026
#@# pial curv rh Mon Mar  9 17:15:40 CET 2026
#@# pial area rh Mon Mar  9 17:15:40 CET 2026
#@# thickness rh Mon Mar  9 17:15:40 CET 2026
#@# area and vertex vol rh Mon Mar  9 17:15:40 CET 2026
#@# Cortical ribbon mask Mon Mar  9 17:15:40 CET 2026
recon-all -s sub-v1s22x0050498_ses-1 finished without error at Mon Mar  9 17:20:00 CET 2026



#New# invocation of recon-all 



status file for recon-all
Mon Mar  9 17:24:20 CET 2026
#@# white curv lh Mon Mar  9 17:24:20 CET 2026
#@# white area lh Mon Mar  9 17:24:20 CET 2026
#@# pial curv lh Mon Mar  9 17:24:20 CET 2026
#@# pial area lh Mon Mar  9 17:24:20 CET 2026
#@# thickness lh Mon Mar  9 17:24:20 CET 2026
#@# area and vertex vol lh Mon Mar  9 17:24:20 CET 2026
#@# white curv rh Mon Mar  9 17:24:20 CET 2026
#@# white area rh Mon Mar  9 17:24:20 CET 2026
#@# pial curv rh Mon Mar  9 17:24:20 CET 2026
#@# pial area rh Mon Mar  9 17:24:20 CET 2026
#@# thickness rh Mon Mar  9 17:24:20 CET 2026
#@# area and vertex vol rh Mon Mar  9 17:24:20 CET 2026
#@# Curvature Stats lh Mon Mar  9 17:24:20 CET 2026
#@# Curvature Stats rh Mon Mar  9 17:24:22 CET 2026
#@# Relabel Hypointensities Mon Mar  9 17:24:23 CET 2026
#@# APas-to-ASeg Mon Mar  9 17:24:33 CET 2026
#@# AParc-to-ASeg aparc Mon Mar  9 17:24:38 CET 2026
#@# AParc-to-ASeg aparc.a2009s Mon Mar  9 17:24:57 CET 2026
#@# AParc-to-ASeg aparc.DKTatlas Mon Mar  9 17:25:16 CET 2026
#@# WMParc Mon Mar  9 17:25:36 CET 2026
#@# ASeg Stats Mon Mar  9 17:27:11 CET 2026
recon-all -s sub-v1s22x0050498_ses-1 finished without error at Mon Mar  9 17:27:27 CET 2026
