/out/sourcedata/freesurfer/sub-v1s22x0050519_ses-1/mri
/opt/freesurfer/bin/talairach_avi
--i orig_nu.mgz --xfm transforms/talairach.auto.xfm
talairach_avi 7.3.2
Linux dna065 5.14.0-427.37.1.el9_4.x86_64 #1 SMP PREEMPT_DYNAMIC Fri Sep 13 12:41:50 EDT 2024 x86_64 x86_64 x86_64 GNU/Linux
Mon Mar  9 16:12:09 CET 2026
mri_convert orig_nu.mgz talsrcimg.img 
reading from orig_nu.mgz...
TR=0.00, TE=0.00, TI=0.00, flip angle=0.00
i_ras = (-1, 0, 0)
j_ras = (0, 0, -1)
k_ras = (0, 1, 0)
writing to talsrcimg.img...
Analyze Output Matrix
-1.00000   0.00000   0.00000   129.59918;
 0.00000   0.00000   1.00000  -89.44139;
 0.00000  -1.00000   0.00000   171.12506;
 0.00000   0.00000   0.00000   1.00000;
--------------------
INFO: set hdr.hist.orient to -1
mpr2mni305 talsrcimg
Mon Mar  9 16:12:09 CET 2026
/opt/freesurfer/bin/mpr2mni305 talsrcimg
mpr2mni305 7.3.2
target=711-2C_as_mni_average_305

---------------------------------------------------------------------
analyzeto4dfp talsrcimg -O0 -y
---------------------------------------------------------------------

freesurfer ifh2hdr.c
Mon Mar  9 16:12:10 2026
Writing: talsrcimg.4dfp.hdr
freesurfer analyzeto4dfp.c
Reading: talsrcimg.hdr
header size 348 bytes
hdr.dime.datatype	offset=70	value=2
hdr.dime.bitpix		offset=72	value=8
hdr.hist.orient		offset=252	value=-1
dimensionality     4
dimensions       256       256       256         1
Reading: talsrcimg.img
Writing: talsrcimg.4dfp.img
Writing: talsrcimg.4dfp.ifh
ifh2hdr talsrcimg -r0to210
ori=2

---------------------------------------------------------------------
gauss_4dfp talsrcimg 1.1
---------------------------------------------------------------------

freesurfer gauss_4dfp.c
Reading: talsrcimg.4dfp.img
Writing: talsrcimg_g11.4dfp.img
image dimensions 256 256 256 padded to 288 288 288
processing volume 1freesurfer ifh2hdr.c
Mon Mar  9 16:12:11 2026
Writing: talsrcimg_g11.4dfp.hdr

Writing: talsrcimg_g11.4dfp.ifh
including: talsrcimg.4dfp.img.rec in talsrcimg_g11.4dfp.img.rec

---------------------------------------------------------------------
imgreg_4dfp /opt/freesurfer/average/711-2C_as_mni_average_305 none talsrcimg_g11 none talsrcimg_to_711-2C_as_mni_average_305_t4 4355
---------------------------------------------------------------------

freesurfer imgreg_4dfp.c
/opt/freesurfer/average/711-2C_as_mni_average_305.4dfp.img
       256       256       256         1
  1.000000  1.000000  1.000000
orientation T byte_order littleendian
Reading image: /opt/freesurfer/average/711-2C_as_mni_average_305.4dfp.img
dimensions:      256       256       256
mmppix:       1.0000   -1.0000   -1.0000
center:     128.0000 -129.0000 -129.0000
talsrcimg_g11.4dfp.img
       256       256       256         1
  1.000000  1.000000  1.000000
orientation T byte_order littleendian
Reading image: talsrcimg_g11.4dfp.img
dimensions:      256       256       256
mmppix:       1.0000   -1.0000   -1.0000
center:     128.0000 -129.0000 -129.0000
t4_read: open error in t4_sub.f l:  41 t4_file(1:l)talsrcimg_to_711-2C_as_mni_average_305_t4 
t4_read: transform initialized to I4
rotation matrix determinant  1.000000
image alignment mode   4355 decimal     1103 hex
   -7.5000  -45.0000  -45.0000 7604.3838   15.7739
    0.0000  -45.0000  -45.0000 7926.6172   15.8146
    7.5000  -45.0000  -45.0000 7490.0996   15.8452
   -7.5000  -37.5000  -45.0000 8211.7656   15.7765
    0.0000  -37.5000  -45.0000 8552.5703   15.8112
    7.5000  -37.5000  -45.0000 8078.2417   15.8382
   -7.5000  -30.0000  -45.0000 9094.3086   15.7864
    0.0000  -30.0000  -45.0000 9476.3730   15.8145
    7.5000  -30.0000  -45.0000 8935.3311   15.8389
   -7.5000  -22.5000  -45.0000 9858.2812   15.7873
    0.0000  -22.5000  -45.000010271.8037   15.8150
    7.5000  -22.5000  -45.0000 9702.4482   15.8415
   -7.5000  -15.0000  -45.000010521.9658   15.7848
    0.0000  -15.0000  -45.000010974.5078   15.8179
    7.5000  -15.0000  -45.000010344.0107   15.8484
   -7.5000   -7.5000  -45.000011192.0439   15.7801
    0.0000   -7.5000  -45.000011648.2588   15.8195
    7.5000   -7.5000  -45.000010967.9492   15.8515
   -7.5000    0.0000  -45.000011817.9932   15.7727
    0.0000    0.0000  -45.000012309.3809   15.8133
    7.5000    0.0000  -45.000011535.9033   15.8440
   -7.5000    7.5000  -45.000011651.1465   15.7765
    0.0000    7.5000  -45.000012112.1045   15.8112
    7.5000    7.5000  -45.000011344.8008   15.8382
   -7.5000   15.0000  -45.000011175.5439   15.7864
    0.0000   15.0000  -45.000011606.9072   15.8145
    7.5000   15.0000  -45.000010872.9160   15.8389
   -7.5000   22.5000  -45.000010591.8604   15.7851
    0.0000   22.5000  -45.000011030.1807   15.8129
    7.5000   22.5000  -45.000010351.9297   15.8393
   -7.5000   30.0000  -45.0000 9777.7480   15.5745
    0.0000   30.0000  -45.000010213.5889   15.6071
    7.5000   30.0000  -45.0000 9600.8828   15.6372
   -7.5000   37.5000  -45.0000 9319.1816   15.5698
    0.0000   37.5000  -45.0000 9745.7705   15.6086
    7.5000   37.5000  -45.0000 9161.0869   15.6403
   -7.5000   45.0000  -45.0000 8514.7998   15.1674
    0.0000   45.0000  -45.0000 8922.0840   15.2064
    7.5000   45.0000  -45.0000 8426.0186   15.2359
   -7.5000  -45.0000  -37.5000 8050.7666   15.6773
    0.0000  -45.0000  -37.5000 8371.6934   15.7155
    7.5000  -45.0000  -37.5000 7930.9922   15.7421
   -7.5000  -37.5000  -37.5000 8703.2832   15.6773
    0.0000  -37.5000  -37.5000 9031.3184   15.7117
    7.5000  -37.5000  -37.5000 8544.3428   15.7378
   -7.5000  -30.0000  -37.5000 9633.1807   15.6871
    0.0000  -30.0000  -37.5000 9990.1650   15.7153
    7.5000  -30.0000  -37.5000 9451.3916   15.7394
   -7.5000  -22.5000  -37.500010436.6709   15.6910
    0.0000  -22.5000  -37.500010857.8623   15.7173
    7.5000  -22.5000  -37.500010275.5449   15.7408
   -7.5000  -15.0000  -37.500011183.1045   15.6919
    0.0000  -15.0000  -37.500011623.1484   15.7216
    7.5000  -15.0000  -37.500010986.8262   15.7458
   -7.5000   -7.5000  -37.500011885.3477   15.6866
    0.0000   -7.5000  -37.500012333.3926   15.7221
    7.5000   -7.5000  -37.500011608.1416   15.7475
   -7.5000    0.0000  -37.500012503.7695   15.6761
    0.0000    0.0000  -37.500012967.5010   15.7143
    7.5000    0.0000  -37.500012161.5459   15.7409
   -7.5000    7.5000  -37.500012297.3252   15.6773
    0.0000    7.5000  -37.500012722.4268   15.7117
    7.5000    7.5000  -37.500011946.0898   15.7378
   -7.5000   15.0000  -37.500011769.1777   15.6871
    0.0000   15.0000  -37.500012171.9590   15.7153
    7.5000   15.0000  -37.500011426.9912   15.7394
   -7.5000   22.5000  -37.500011171.1758   15.6889
    0.0000   22.5000  -37.500011602.6016   15.7152
    7.5000   22.5000  -37.500010884.5508   15.7386
   -7.5000   30.0000  -37.500010284.2383   15.4827
    0.0000   30.0000  -37.500010734.5498   15.5121
    7.5000   30.0000  -37.500010099.6387   15.5360
   -7.5000   37.5000  -37.5000 9753.4951   15.4776
    0.0000   37.5000  -37.500010197.7070   15.5126
    7.5000   37.5000  -37.5000 9627.4219   15.5377
   -7.5000   45.0000  -37.5000 8899.0332   15.0744
    0.0000   45.0000  -37.5000 9310.9180   15.1111
    7.5000   45.0000  -37.5000 8810.0527   15.1368
   -7.5000  -45.0000  -30.0000 8658.4482   16.3447
    0.0000  -45.0000  -30.0000 8980.4355   16.3826
    7.5000  -45.0000  -30.0000 8508.8389   16.4061
   -7.5000  -37.5000  -30.0000 9339.8584   16.3380
    0.0000  -37.5000  -30.0000 9645.7891   16.3744
    7.5000  -37.5000  -30.0000 9140.7422   16.3995
   -7.5000  -30.0000  -30.000010349.5654   16.3419
    0.0000  -30.0000  -30.000010690.3975   16.3733
    7.5000  -30.0000  -30.000010142.5527   16.3988
   -7.5000  -22.5000  -30.000011219.1719   16.3475
    0.0000  -22.5000  -30.000011631.4863   16.3767
    7.5000  -22.5000  -30.000011038.4961   16.4016
   -7.5000  -15.0000  -30.000012070.2441   16.3557
    0.0000  -15.0000  -30.000012474.4863   16.3865
    7.5000  -15.0000  -30.000011798.4082   16.4100
   -7.5000   -7.5000  -30.000012816.0469   16.3554
    0.0000   -7.5000  -30.000013250.2373   16.3901
    7.5000   -7.5000  -30.000012463.6201   16.4125
   -7.5000    0.0000  -30.000013439.6104   16.3434
    0.0000    0.0000  -30.000013896.7861   16.3814
    7.5000    0.0000  -30.000013044.7002   16.4048
   -7.5000    7.5000  -30.000013205.7744   16.3380
    0.0000    7.5000  -30.000013625.3799   16.3744
    7.5000    7.5000  -30.000012815.8506   16.3995
   -7.5000   15.0000  -30.000012603.0186   16.3419
    0.0000   15.0000  -30.000013008.4307   16.3733
    7.5000   15.0000  -30.000012224.3555   16.3988
   -7.5000   22.5000  -30.000011949.0518   16.3436
    0.0000   22.5000  -30.000012356.0176   16.3728
    7.5000   22.5000  -30.000011634.6064   16.3977
   -7.5000   30.0000  -30.000011000.1221   16.1393
    0.0000   30.0000  -30.000011421.0605   16.1697
    7.5000   30.0000  -30.000010793.3457   16.1929
   -7.5000   37.5000  -30.000010433.1152   16.1390
    0.0000   37.5000  -30.000010872.6387   16.1733
    7.5000   37.5000  -30.000010296.7617   16.1953
   -7.5000   45.0000  -30.0000 9466.6406   15.7277
    0.0000   45.0000  -30.0000 9894.6152   15.7642
    7.5000   45.0000  -30.0000 9384.8828   15.7868
   -7.5000  -45.0000  -22.5000 9260.9199   16.9361
    0.0000  -45.0000  -22.5000 9590.1709   16.9761
    7.5000  -45.0000  -22.5000 9072.4844   17.0013
   -7.5000  -37.5000  -22.5000 9979.7773   16.9255
    0.0000  -37.5000  -22.500010313.6621   16.9631
    7.5000  -37.5000  -22.5000 9761.9912   16.9882
   -7.5000  -30.0000  -22.500011069.2539   16.9217
    0.0000  -30.0000  -22.500011438.7061   16.9548
    7.5000  -30.0000  -22.500010837.7920   16.9813
   -7.5000  -22.5000  -22.500012065.3848   16.9245
    0.0000  -22.5000  -22.500012465.8662   16.9569
    7.5000  -22.5000  -22.500011819.7041   16.9857
   -7.5000  -15.0000  -22.500012985.5039   16.9365
    0.0000  -15.0000  -22.500013383.4941   16.9709
    7.5000  -15.0000  -22.500012637.0332   17.0004
   -7.5000   -7.5000  -22.500013756.5078   16.9429
    0.0000   -7.5000  -22.500014189.3750   16.9805
    7.5000   -7.5000  -22.500013341.0156   17.0077
   -7.5000    0.0000  -22.500014417.1992   16.9348
    0.0000    0.0000  -22.500014873.8389   16.9748
    7.5000    0.0000  -22.500014000.4717   17.0000
   -7.5000    7.5000  -22.500014153.7734   16.9255
    0.0000    7.5000  -22.500014602.3223   16.9631
    7.5000    7.5000  -22.500013740.2188   16.9882
   -7.5000   15.0000  -22.500013464.3223   16.9217
    0.0000   15.0000  -22.500013862.6055   16.9548
    7.5000   15.0000  -22.500013064.8516   16.9813
   -7.5000   22.5000  -22.500012768.6611   16.9192
    0.0000   22.5000  -22.500013146.5498   16.9517
    7.5000   22.5000  -22.500012416.4170   16.9804
   -7.5000   30.0000  -22.500011763.3496   16.7149
    0.0000   30.0000  -22.500012162.2354   16.7489
    7.5000   30.0000  -22.500011514.6309   16.7780
   -7.5000   37.5000  -22.500011171.0156   16.7213
    0.0000   37.5000  -22.500011588.5684   16.7584
    7.5000   37.5000  -22.500010979.5986   16.7852
   -7.5000   45.0000  -22.500010125.4277   16.3090
    0.0000   45.0000  -22.500010537.3369   16.3475
    7.5000   45.0000  -22.5000 9981.7998   16.3718
   -7.5000  -45.0000  -15.0000 9810.6182   17.3645
    0.0000  -45.0000  -15.000010125.0801   17.4075
    7.5000  -45.0000  -15.0000 9599.4912   17.4363
   -7.5000  -37.5000  -15.000010595.1299   17.3552
    0.0000  -37.5000  -15.000010910.7559   17.3936
    7.5000  -37.5000  -15.000010335.9385   17.4193
   -7.5000  -30.0000  -15.000011778.1152   17.3488
    0.0000  -30.0000  -15.000012113.9756   17.3819
    7.5000  -30.0000  -15.000011477.4248   17.4088
   -7.5000  -22.5000  -15.000012956.5645   17.3472
    0.0000  -22.5000  -15.000013345.0410   17.3809
    7.5000  -22.5000  -15.000012624.8418   17.4133
   -7.5000  -15.0000  -15.000013990.3184   17.3568
    0.0000  -15.0000  -15.000014407.7578   17.3946
    7.5000  -15.0000  -15.000013563.7324   17.4312
   -7.5000   -7.5000  -15.000014773.5977   17.3663
    0.0000   -7.5000  -15.000015195.3330   17.4082
    7.5000   -7.5000  -15.000014277.7295   17.4422
   -7.5000    0.0000  -15.000015485.4199   17.3631
    0.0000    0.0000  -15.000015905.0752   17.4062
    7.5000    0.0000  -15.000014968.2656   17.4350
   -7.5000    7.5000  -15.000015201.0264   17.3552
    0.0000    7.5000  -15.000015638.3945   17.3936
    7.5000    7.5000  -15.000014666.8740   17.4193
   -7.5000   15.0000  -15.000014429.9668   17.3488
    0.0000   15.0000  -15.000014829.6104   17.3819
    7.5000   15.0000  -15.000013939.4805   17.4088
   -7.5000   22.5000  -15.000013649.4434   17.3410
    0.0000   22.5000  -15.000014003.7207   17.3748
    7.5000   22.5000  -15.000013217.7559   17.4072
   -7.5000   30.0000  -15.000012608.6104   17.1322
    0.0000   30.0000  -15.000013002.4570   17.1694
    7.5000   30.0000  -15.000012275.7314   17.2056
   -7.5000   37.5000  -15.000011992.8037   17.1415
    0.0000   37.5000  -15.000012419.3350   17.1829
    7.5000   37.5000  -15.000011732.0020   17.2165
   -7.5000   45.0000  -15.000010849.4551   16.7316
    0.0000   45.0000  -15.000011279.8555   16.7731
    7.5000   45.0000  -15.000010644.1357   16.8009
   -7.5000  -45.0000   -7.500010348.9600   17.5564
    0.0000  -45.0000   -7.500010681.6094   17.6018
    7.5000  -45.0000   -7.500010088.3887   17.6346
   -7.5000  -37.5000   -7.500011178.5068   17.5543
    0.0000  -37.5000   -7.500011486.2471   17.5933
    7.5000  -37.5000   -7.500010819.5889   17.6214
   -7.5000  -30.0000   -7.500012496.8545   17.5560
    0.0000  -30.0000   -7.500012813.9033   17.5886
    7.5000  -30.0000   -7.500012047.3486   17.6162
   -7.5000  -22.5000   -7.500013979.9307   17.5539
    0.0000  -22.5000   -7.500014357.9004   17.5870
    7.5000  -22.5000   -7.500013389.2158   17.6201
   -7.5000  -15.0000   -7.500015345.4785   17.5556
    0.0000  -15.0000   -7.500015857.5781   17.5944
    7.5000  -15.0000   -7.500014618.0527   17.6331
   -7.5000   -7.5000   -7.500016154.6504   17.5586
    0.0000   -7.5000   -7.500016647.5898   17.6033
    7.5000   -7.5000   -7.500015423.3086   17.6410
   -7.5000    0.0000   -7.500016784.1660   17.5550
    0.0000    0.0000   -7.500017263.1426   17.6005
    7.5000    0.0000   -7.500016066.4248   17.6332
   -7.5000    7.5000   -7.500016416.3164   17.5543
    0.0000    7.5000   -7.500016875.5742   17.5933
    7.5000    7.5000   -7.500015684.1387   17.6214
   -7.5000   15.0000   -7.500015542.6201   17.5560
    0.0000   15.0000   -7.500015973.2197   17.5886
    7.5000   15.0000   -7.500014866.0996   17.6162
   -7.5000   22.5000   -7.500014676.4414   17.5457
    0.0000   22.5000   -7.500015075.0137   17.5788
    7.5000   22.5000   -7.500014056.5938   17.6119
   -7.5000   30.0000   -7.500013572.6074   17.3280
    0.0000   30.0000   -7.500014018.4775   17.3662
    7.5000   30.0000   -7.500013090.3447   17.4044
   -7.5000   37.5000   -7.500012917.3760   17.3309
    0.0000   37.5000   -7.500013393.9824   17.3750
    7.5000   37.5000   -7.500012554.8115   17.4123
   -7.5000   45.0000   -7.500011680.7734   16.9197
    0.0000   45.0000   -7.500012151.5918   16.9636
    7.5000   45.0000   -7.500011406.6338   16.9951
   -7.5000  -45.0000    0.000010808.0225   17.5618
    0.0000  -45.0000    0.000011181.8066   17.6072
    7.5000  -45.0000    0.000010509.1924   17.6415
   -7.5000  -37.5000    0.000011670.5664   17.5653
    0.0000  -37.5000    0.000012023.3701   17.6040
    7.5000  -37.5000    0.000011262.8906   17.6343
   -7.5000  -30.0000    0.000013087.8936   17.5764
    0.0000  -30.0000    0.000013417.5195   17.6076
    7.5000  -30.0000    0.000012561.4355   17.6351
   -7.5000  -22.5000    0.000014833.7002   17.5770
    0.0000  -22.5000    0.000015411.0967   17.6077
    7.5000  -22.5000    0.000014043.2578   17.6374
   -7.5000  -15.0000    0.000016717.5488   17.5736
    0.0000  -15.0000    0.000017585.8008   17.6102
    7.5000  -15.0000    0.000015553.1836   17.6444
   -7.5000   -7.5000    0.000017728.1152   17.5682
    0.0000   -7.5000    0.000018549.3789   17.6121
    7.5000   -7.5000    0.000016563.9277   17.6479
   -7.5000    0.0000    0.000018278.2402   17.5605
    0.0000    0.0000    0.000018947.1035   17.6059
    7.5000    0.0000    0.000017182.6191   17.6401
   -7.5000    7.5000    0.000017634.2461   17.5653
    0.0000    7.5000    0.000018188.9219   17.6040
    7.5000    7.5000    0.000016622.0977   17.6343
   -7.5000   15.0000    0.000016551.7363   17.5764
    0.0000   15.0000    0.000017101.0176   17.6076
    7.5000   15.0000    0.000015718.9492   17.6351
   -7.5000   22.5000    0.000015536.0371   17.5689
    0.0000   22.5000    0.000016047.9199   17.5995
    7.5000   22.5000    0.000014841.6641   17.6292
   -7.5000   30.0000    0.000014339.7559   17.3462
    0.0000   30.0000    0.000014864.3135   17.3823
    7.5000   30.0000    0.000013835.1064   17.4160
   -7.5000   37.5000    0.000013654.8174   17.3408
    0.0000   37.5000    0.000014190.7939   17.3841
    7.5000   37.5000    0.000013244.4648   17.4195
   -7.5000   45.0000    0.000012334.7246   16.9263
    0.0000   45.0000    0.000012825.0869   16.9700
    7.5000   45.0000    0.000012014.1621   17.0031
   -7.5000  -45.0000    7.500010407.5986   17.5432
    0.0000  -45.0000    7.500010834.1025   17.5860
    7.5000  -45.0000    7.500010156.4307   17.6158
   -7.5000  -37.5000    7.500011297.1895   17.5433
    0.0000  -37.5000    7.500011730.0352   17.5818
    7.5000  -37.5000    7.500010941.8428   17.6110
   -7.5000  -30.0000    7.500012718.8799   17.5543
    0.0000  -30.0000    7.500013245.1914   17.5859
    7.5000  -30.0000    7.500012259.8926   17.6128
   -7.5000  -22.5000    7.500014340.2930   17.5586
    0.0000  -22.5000    7.500015264.0049   17.5881
    7.5000  -22.5000    7.500013651.8594   17.6143
   -7.5000  -15.0000    7.500015974.2617   17.5596
    0.0000  -15.0000    7.500017053.8555   17.5928
    7.5000  -15.0000    7.500014962.6602   17.6199
   -7.5000   -7.5000    7.500017043.3789   17.5537
    0.0000   -7.5000    7.500018006.9355   17.5934
    7.5000   -7.5000    7.500015877.8076   17.6219
   -7.5000    0.0000    7.500017802.4121   17.5419
    0.0000    0.0000    7.500018645.5996   17.5847
    7.5000    0.0000    7.500016590.9375   17.6145
   -7.5000    7.5000    7.500017175.7520   17.5433
    0.0000    7.5000    7.500017869.9922   17.5818
    7.5000    7.5000    7.500016048.7178   17.6110
   -7.5000   15.0000    7.500016023.5303   17.5543
    0.0000   15.0000    7.500016636.3340   17.5859
    7.5000   15.0000    7.500015130.3076   17.6128
   -7.5000   22.5000    7.500014893.6143   17.5505
    0.0000   22.5000    7.500015447.2568   17.5800
    7.5000   22.5000    7.500014209.1191   17.6062
   -7.5000   30.0000    7.500013751.1904   17.3323
    0.0000   30.0000    7.500014283.7295   17.3652
    7.5000   30.0000    7.500013243.9336   17.3919
   -7.5000   37.5000    7.500013146.6504   17.3266
    0.0000   37.5000    7.500013694.1680   17.3657
    7.5000   37.5000    7.500012752.6221   17.3938
   -7.5000   45.0000    7.500011917.4131   16.9084
    0.0000   45.0000    7.500012397.4316   16.9496
    7.5000   45.0000    7.500011629.4336   16.9783
   -7.5000  -45.0000   15.0000 9942.3125   17.5516
    0.0000  -45.0000   15.000010342.8682   17.5923
    7.5000  -45.0000   15.0000 9657.0127   17.6175
   -7.5000  -37.5000   15.000010766.9355   17.5445
    0.0000  -37.5000   15.000011204.4990   17.5835
    7.5000  -37.5000   15.000010423.6211   17.6105
   -7.5000  -30.0000   15.000012031.5859   17.5487
    0.0000  -30.0000   15.000012612.9375   17.5823
    7.5000  -30.0000   15.000011616.1436   17.6097
   -7.5000  -22.5000   15.000013337.1328   17.5547
    0.0000  -22.5000   15.000014185.0439   17.5860
    7.5000  -22.5000   15.000012827.0400   17.6127
   -7.5000  -15.0000   15.000014522.5137   17.5634
    0.0000  -15.0000   15.000015349.6934   17.5965
    7.5000  -15.0000   15.000013887.6445   17.6218
   -7.5000   -7.5000   15.000015405.2480   17.5631
    0.0000   -7.5000   15.000016138.1885   17.6004
    7.5000   -7.5000   15.000014724.7803   17.6244
   -7.5000    0.0000   15.000016307.2686   17.5502
    0.0000    0.0000   15.000017045.3301   17.5910
    7.5000    0.0000   15.000015506.7725   17.6162
   -7.5000    7.5000   15.000016003.6602   17.5445
    0.0000    7.5000   15.000016710.3516   17.5835
    7.5000    7.5000   15.000015138.6279   17.6105
   -7.5000   15.0000   15.000015067.9102   17.5487
    0.0000   15.0000   15.000015712.1719   17.5823
    7.5000   15.0000   15.000014332.3164   17.6097
   -7.5000   22.5000   15.000014050.9785   17.5466
    0.0000   22.5000   15.000014628.3320   17.5779
    7.5000   22.5000   15.000013450.4365   17.6046
   -7.5000   30.0000   15.000013031.0078   17.3361
    0.0000   30.0000   15.000013561.8379   17.3688
    7.5000   30.0000   15.000012551.1816   17.3937
   -7.5000   37.5000   15.000012469.6416   17.3358
    0.0000   37.5000   15.000013022.0166   17.3726
    7.5000   37.5000   15.000012110.4180   17.3963
   -7.5000   45.0000   15.000011268.2012   16.9164
    0.0000   45.0000   15.000011779.3682   16.9557
    7.5000   45.0000   15.000011025.4678   16.9800
   -7.5000  -45.0000   22.5000 9319.9658   17.6870
    0.0000  -45.0000   22.5000 9635.9863   17.7290
    7.5000  -45.0000   22.5000 8994.3262   17.7559
   -7.5000  -37.5000   22.500010019.9697   17.6761
    0.0000  -37.5000   22.500010373.9951   17.7156
    7.5000  -37.5000   22.5000 9692.4912   17.7424
   -7.5000  -30.0000   22.500011115.1934   17.6722
    0.0000  -30.0000   22.500011622.3330   17.7070
    7.5000  -30.0000   22.500010787.9277   17.7352
   -7.5000  -22.5000   22.500012213.8398   17.6750
    0.0000  -22.5000   22.500012874.2412   17.7091
    7.5000  -22.5000   22.500011885.7744   17.7396
   -7.5000  -15.0000   22.500013207.3408   17.6875
    0.0000  -15.0000   22.500013770.8584   17.7236
    7.5000  -15.0000   22.500012810.2881   17.7549
   -7.5000   -7.5000   22.500014060.0049   17.6942
    0.0000   -7.5000   22.500014605.9697   17.7337
    7.5000   -7.5000   22.500013616.5078   17.7625
   -7.5000    0.0000   22.500014941.9717   17.6857
    0.0000    0.0000   22.500015552.5186   17.7277
    7.5000    0.0000   22.500014409.9746   17.7545
   -7.5000    7.5000   22.500014741.3750   17.6761
    0.0000    7.5000   22.500015333.6973   17.7156
    7.5000    7.5000   22.500014125.7568   17.7424
   -7.5000   15.0000   22.500013983.9365   17.6722
    0.0000   15.0000   22.500014567.7686   17.7070
    7.5000   15.0000   22.500013438.5029   17.7352
   -7.5000   22.5000   22.500013101.9785   17.6669
    0.0000   22.5000   22.500013647.9814   17.7009
    7.5000   22.5000   22.500012633.1455   17.7315
   -7.5000   30.0000   22.500012182.1729   17.4586
    0.0000   30.0000   22.500012695.5488   17.4943
    7.5000   30.0000   22.500011797.3555   17.5252
   -7.5000   37.5000   22.500011641.2402   17.4652
    0.0000   37.5000   22.500012184.7607   17.5042
    7.5000   37.5000   22.500011350.5156   17.5327
   -7.5000   45.0000   22.500010535.4824   17.0469
    0.0000   45.0000   22.500011041.9111   17.0874
    7.5000   45.0000   22.500010328.4375   17.1133
   -7.5000  -45.0000   30.0000 8692.0459   18.0570
    0.0000  -45.0000   30.0000 8971.7266   18.1029
    7.5000  -45.0000   30.0000 8393.3105   18.1340
   -7.5000  -37.5000   30.0000 9332.9033   18.0497
    0.0000  -37.5000   30.0000 9668.6455   18.0904
    7.5000  -37.5000   30.0000 9047.3369   18.1181
   -7.5000  -30.0000   30.000010326.7070   18.0453
    0.0000  -30.0000   30.000010770.9297   18.0804
    7.5000  -30.0000   30.000010076.8955   18.1096
   -7.5000  -22.5000   30.000011284.9160   18.0440
    0.0000  -22.5000   30.000011781.3418   18.0800
    7.5000  -22.5000   30.000011031.8115   18.1153
   -7.5000  -15.0000   30.000012139.8057   18.0522
    0.0000  -15.0000   30.000012569.5430   18.0926
    7.5000  -15.0000   30.000011834.7031   18.1325
   -7.5000   -7.5000   30.000012956.8027   18.0593
    0.0000   -7.5000   30.000013402.0596   18.1042
    7.5000   -7.5000   30.000012598.2051   18.1410
   -7.5000    0.0000   30.000013783.9893   18.0556
    0.0000    0.0000   30.000014290.2266   18.1015
    7.5000    0.0000   30.000013347.1152   18.1325
   -7.5000    7.5000   30.000013618.6211   18.0497
    0.0000    7.5000   30.000014103.6377   18.0904
    7.5000    7.5000   30.000013129.3672   18.1181
   -7.5000   15.0000   30.000012966.1357   18.0453
    0.0000   15.0000   30.000013447.1611   18.0804
    7.5000   15.0000   30.000012540.0498   18.1096
   -7.5000   22.5000   30.000012173.9424   18.0357
    0.0000   22.5000   30.000012637.2266   18.0716
    7.5000   22.5000   30.000011819.2031   18.1070
   -7.5000   30.0000   30.000011328.4688   17.8186
    0.0000   30.0000   30.000011820.6885   17.8585
    7.5000   30.0000   30.000011039.1650   17.8978
   -7.5000   37.5000   30.000010783.7646   17.8256
    0.0000   37.5000   30.000011285.7432   17.8699
    7.5000   37.5000   30.000010586.2607   17.9063
   -7.5000   45.0000   30.0000 9772.6768   17.4035
    0.0000   45.0000   30.000010226.0254   17.4478
    7.5000   45.0000   30.0000 9619.2393   17.4777
   -7.5000  -45.0000   37.5000 8441.4092   18.5313
    0.0000  -45.0000   37.5000 8728.6094   18.5813
    7.5000  -45.0000   37.5000 8180.7153   18.6199
   -7.5000  -37.5000   37.5000 9059.4668   18.5358
    0.0000  -37.5000   37.5000 9386.3564   18.5778
    7.5000  -37.5000   37.5000 8807.9238   18.6110
   -7.5000  -30.0000   37.5000 9988.0801   18.5472
    0.0000  -30.0000   37.500010387.1035   18.5816
    7.5000  -30.0000   37.5000 9772.4482   18.6133
   -7.5000  -22.5000   37.500010860.6084   18.5483
    0.0000  -22.5000   37.500011300.7510   18.5840
    7.5000  -22.5000   37.500010652.4932   18.6211
   -7.5000  -15.0000   37.500011647.6465   18.5443
    0.0000  -15.0000   37.500012054.9570   18.5872
    7.5000  -15.0000   37.500011398.4326   18.6307
   -7.5000   -7.5000   37.500012430.2207   18.5371
    0.0000   -7.5000   37.500012853.2461   18.5867
    7.5000   -7.5000   37.500012125.1914   18.6302
   -7.5000    0.0000   37.500013222.9932   18.5298
    0.0000    0.0000   37.500013689.0938   18.5798
    7.5000    0.0000   37.500012848.0537   18.6184
   -7.5000    7.5000   37.500013063.4209   18.5358
    0.0000    7.5000   37.500013502.4766   18.5778
    7.5000    7.5000   37.500012640.8711   18.6110
   -7.5000   15.0000   37.500012479.4385   18.5472
    0.0000   15.0000   37.500012910.7861   18.5816
    7.5000   15.0000   37.500012110.3340   18.6133
   -7.5000   22.5000   37.500011714.2324   18.5397
    0.0000   22.5000   37.500012165.0801   18.5754
    7.5000   22.5000   37.500011424.5410   18.6125
   -7.5000   30.0000   37.500010883.5762   18.3043
    0.0000   30.0000   37.500011322.7900   18.3467
    7.5000   30.0000   37.500010676.4395   18.3896
   -7.5000   37.5000   37.500010345.3711   18.2972
    0.0000   37.5000   37.500010786.7373   18.3462
    7.5000   37.5000   37.500010193.1436   18.3891
   -7.5000   45.0000   37.5000 9389.7529   17.8606
    0.0000   45.0000   37.5000 9810.2129   17.9087
    7.5000   45.0000   37.5000 9254.7500   17.9460
   -7.5000  -45.0000   45.0000 7859.6309   19.0308
    0.0000  -45.0000   45.0000 8127.6899   19.0866
    7.5000  -45.0000   45.0000 7630.2568   19.1291
   -7.5000  -37.5000   45.0000 8432.5791   19.0475
    0.0000  -37.5000   45.0000 8727.4131   19.0941
    7.5000  -37.5000   45.0000 8207.3574   19.1314
   -7.5000  -30.0000   45.0000 9301.2695   19.0783
    0.0000  -30.0000   45.0000 9644.4355   19.1155
    7.5000  -30.0000   45.0000 9095.5664   19.1484
   -7.5000  -22.5000   45.000010076.4707   19.0856
    0.0000  -22.5000   45.000010447.9492   19.1230
    7.5000  -22.5000   45.0000 9882.4355   19.1581
   -7.5000  -15.0000   45.000010755.2754   19.0701
    0.0000  -15.0000   45.000011137.7227   19.1160
    7.5000  -15.0000   45.000010552.4072   19.1567
   -7.5000   -7.5000   45.000011456.5039   19.0445
    0.0000   -7.5000   45.000011837.5742   19.0994
    7.5000   -7.5000   45.000011189.6865   19.1430
   -7.5000    0.0000   45.000012151.5713   19.0292
    0.0000    0.0000   45.000012558.0088   19.0850
    7.5000    0.0000   45.000011829.8691   19.1275
   -7.5000    7.5000   45.000012008.9092   19.0475
    0.0000    7.5000   45.000012403.4961   19.0941
    7.5000    7.5000   45.000011638.3154   19.1314
   -7.5000   15.0000   45.000011505.5361   19.0783
    0.0000   15.0000   45.000011922.9189   19.1155
    7.5000   15.0000   45.000011171.3760   19.1484
   -7.5000   22.5000   45.000010775.9775   19.0767
    0.0000   22.5000   45.000011210.0342   19.1142
    7.5000   22.5000   45.000010517.6465   19.1492
   -7.5000   30.0000   45.000010002.0410   18.8217
    0.0000   30.0000   45.000010423.1953   18.8670
    7.5000   30.0000   45.0000 9819.9229   18.9071
   -7.5000   37.5000   45.0000 9495.5264   18.7964
    0.0000   37.5000   45.0000 9908.5391   18.8506
    7.5000   37.5000   45.0000 9360.5840   18.8936
   -7.5000   45.0000   45.0000 8608.5947   18.3503
    0.0000   45.0000   45.0000 8966.8340   18.4041
    7.5000   45.0000   45.0000 8495.3730   18.4451

---------------------------------------------------------------------
imgreg_4dfp /opt/freesurfer/average/711-2C_as_mni_average_305 /opt/freesurfer/average/711-2B_as_mni_average_305_mask talsrcimg_g11 none talsrcimg_to_711-2C_as_mni_average_305_t4 4355
---------------------------------------------------------------------

freesurfer imgreg_4dfp.c
/opt/freesurfer/average/711-2C_as_mni_average_305.4dfp.img
       256       256       256         1
  1.000000  1.000000  1.000000
orientation T byte_order littleendian
Reading image: /opt/freesurfer/average/711-2C_as_mni_average_305.4dfp.img
dimensions:      256       256       256
mmppix:       1.0000   -1.0000   -1.0000
center:     128.0000 -129.0000 -129.0000
/opt/freesurfer/average/711-2B_as_mni_average_305_mask.4dfp.img
       256       256       256         1
  1.000000  1.000000  1.000000
orientation T byte_order littleendian
Reading mask: /opt/freesurfer/average/711-2B_as_mni_average_305_mask.4dfp.img (2306576 pixels)
talsrcimg_g11.4dfp.img
       256       256       256         1
  1.000000  1.000000  1.000000
orientation T byte_order littleendian
Reading image: talsrcimg_g11.4dfp.img
dimensions:      256       256       256
mmppix:       1.0000   -1.0000   -1.0000
center:     128.0000 -129.0000 -129.0000
rotation matrix determinant  1.000000
image alignment mode   4355 decimal     1103 hex
   -7.5000  -45.0000  -45.0000 2183.0015   20.8786
    0.0000  -45.0000  -45.0000 2183.7231   21.0355
    7.5000  -45.0000  -45.0000 2149.1201   21.1816
   -7.5000  -37.5000  -45.0000 2280.9814   19.0647
    0.0000  -37.5000  -45.0000 2280.5654   19.2287
    7.5000  -37.5000  -45.0000 2253.8789   19.3820
   -7.5000  -30.0000  -45.0000 2354.6858   17.6469
    0.0000  -30.0000  -45.0000 2356.0979   17.8434
    7.5000  -30.0000  -45.0000 2328.4578   18.0068
   -7.5000  -22.5000  -45.0000 2395.7595   16.7523
    0.0000  -22.5000  -45.0000 2401.5498   16.8976
    7.5000  -22.5000  -45.0000 2371.2227   17.0535
   -7.5000  -15.0000  -45.0000 2411.5908   16.1252
    0.0000  -15.0000  -45.0000 2419.6147   16.1879
    7.5000  -15.0000  -45.0000 2391.6902   16.3393
   -7.5000   -7.5000  -45.0000 2419.3086   15.7448
    0.0000   -7.5000  -45.0000 2426.3547   15.7012
    7.5000   -7.5000  -45.0000 2407.4834   15.8584
   -7.5000    0.0000  -45.0000 2407.1638   15.6633
    0.0000    0.0000  -45.0000 2427.7019   15.6884
    7.5000    0.0000  -45.0000 2396.7065   15.7765
   -7.5000    7.5000  -45.0000 2396.6555   16.0119
    0.0000    7.5000  -45.0000 2412.0396   16.0113
    7.5000    7.5000  -45.0000 2378.8064   16.0828
   -7.5000   15.0000  -45.0000 2364.7949   16.6470
    0.0000   15.0000  -45.0000 2378.4487   16.6346
    7.5000   15.0000  -45.0000 2345.9548   16.6937
   -7.5000   22.5000  -45.0000 2307.3535   17.5407
    0.0000   22.5000  -45.0000 2321.7927   17.5137
    7.5000   22.5000  -45.0000 2291.5059   17.5653
   -7.5000   30.0000  -45.0000 2228.1018   18.6446
    0.0000   30.0000  -45.0000 2242.9717   18.6536
    7.5000   30.0000  -45.0000 2214.9326   18.7779
   -7.5000   37.5000  -45.0000 2147.5085   20.2367
    0.0000   37.5000  -45.0000 2151.6907   20.2413
    7.5000   37.5000  -45.0000 2122.6838   20.4236
   -7.5000   45.0000  -45.0000 2027.7067   22.4069
    0.0000   45.0000  -45.0000 2032.7562   22.3700
    7.5000   45.0000  -45.0000 2007.9078   22.5614
   -7.5000  -45.0000  -37.5000 2255.6360   19.7514
    0.0000  -45.0000  -37.5000 2252.6536   19.7920
    7.5000  -45.0000  -37.5000 2222.3232   20.0622
   -7.5000  -37.5000  -37.5000 2358.6965   17.9987
    0.0000  -37.5000  -37.5000 2355.8445   18.0687
    7.5000  -37.5000  -37.5000 2330.9988   18.2915
   -7.5000  -30.0000  -37.5000 2425.9114   16.6106
    0.0000  -30.0000  -37.5000 2427.8005   16.7224
    7.5000  -30.0000  -37.5000 2406.5422   16.8977
   -7.5000  -22.5000  -37.5000 2474.8950   15.6863
    0.0000  -22.5000  -37.5000 2478.5940   15.7604
    7.5000  -22.5000  -37.5000 2459.1917   15.9592
   -7.5000  -15.0000  -37.5000 2506.0085   15.0796
    0.0000  -15.0000  -37.5000 2510.4089   15.0824
    7.5000  -15.0000  -37.5000 2489.7495   15.2539
   -7.5000   -7.5000  -37.5000 2512.3533   14.6483
    0.0000   -7.5000  -37.5000 2517.9822   14.6248
    7.5000   -7.5000  -37.5000 2501.4407   14.7752
   -7.5000    0.0000  -37.5000 2505.7380   14.5483
    0.0000    0.0000  -37.5000 2520.1572   14.5512
    7.5000    0.0000  -37.5000 2495.5239   14.6425
   -7.5000    7.5000  -37.5000 2492.7998   14.8620
    0.0000    7.5000  -37.5000 2501.4966   14.8263
    7.5000    7.5000  -37.5000 2475.2356   14.9403
   -7.5000   15.0000  -37.5000 2453.9304   15.4321
    0.0000   15.0000  -37.5000 2462.2402   15.3955
    7.5000   15.0000  -37.5000 2437.4199   15.4904
   -7.5000   22.5000  -37.5000 2399.2178   16.2313
    0.0000   22.5000  -37.5000 2414.2185   16.1956
    7.5000   22.5000  -37.5000 2384.2021   16.3336
   -7.5000   30.0000  -37.5000 2320.0769   17.3001
    0.0000   30.0000  -37.5000 2339.8386   17.3121
    7.5000   30.0000  -37.5000 2309.1194   17.4590
   -7.5000   37.5000  -37.5000 2228.6877   18.8084
    0.0000   37.5000  -37.5000 2241.1521   18.8017
    7.5000   37.5000  -37.5000 2214.2070   18.9529
   -7.5000   45.0000  -37.5000 2104.8174   20.8338
    0.0000   45.0000  -37.5000 2112.8120   20.7713
    7.5000   45.0000  -37.5000 2088.6978   20.8980
   -7.5000  -45.0000  -30.0000 2358.8232   19.4512
    0.0000  -45.0000  -30.0000 2353.8809   19.4409
    7.5000  -45.0000  -30.0000 2326.2717   19.7824
   -7.5000  -37.5000  -30.0000 2458.7896   17.6188
    0.0000  -37.5000  -30.0000 2450.8511   17.6273
    7.5000  -37.5000  -30.0000 2431.2581   17.9304
   -7.5000  -30.0000  -30.0000 2537.7981   16.2681
    0.0000  -30.0000  -30.0000 2534.5017   16.2935
    7.5000  -30.0000  -30.0000 2519.8726   16.5149
   -7.5000  -22.5000  -30.0000 2586.9873   15.2785
    0.0000  -22.5000  -30.0000 2587.3796   15.3029
    7.5000  -22.5000  -30.0000 2576.7488   15.5208
   -7.5000  -15.0000  -30.0000 2626.5942   14.6390
    0.0000  -15.0000  -30.0000 2629.1587   14.5937
    7.5000  -15.0000  -30.0000 2616.4312   14.8116
   -7.5000   -7.5000  -30.0000 2639.5488   14.1724
    0.0000   -7.5000  -30.0000 2646.7917   14.1115
    7.5000   -7.5000  -30.0000 2635.6006   14.2983
   -7.5000    0.0000  -30.0000 2638.6062   14.0283
    0.0000    0.0000  -30.0000 2646.3752   13.9948
    7.5000    0.0000  -30.0000 2634.3865   14.1510
   -7.5000    7.5000  -30.0000 2626.3140   14.3568
    0.0000    7.5000  -30.0000 2630.3918   14.2832
    7.5000    7.5000  -30.0000 2616.0327   14.4483
   -7.5000   15.0000  -30.0000 2588.3179   14.9115
    0.0000   15.0000  -30.0000 2596.3384   14.8531
    7.5000   15.0000  -30.0000 2572.4893   14.9928
   -7.5000   22.5000  -30.0000 2529.2131   15.6804
    0.0000   22.5000  -30.0000 2543.8997   15.6394
    7.5000   22.5000  -30.0000 2518.8728   15.8086
   -7.5000   30.0000  -30.0000 2447.5613   16.7636
    0.0000   30.0000  -30.0000 2464.9641   16.7342
    7.5000   30.0000  -30.0000 2437.7031   16.8971
   -7.5000   37.5000  -30.0000 2354.3779   18.2393
    0.0000   37.5000  -30.0000 2372.8977   18.1770
    7.5000   37.5000  -30.0000 2344.0293   18.3221
   -7.5000   45.0000  -30.0000 2217.1479   20.1801
    0.0000   45.0000  -30.0000 2232.5723   20.1448
    7.5000   45.0000  -30.0000 2207.9377   20.2230
   -7.5000  -45.0000  -22.5000 2422.5681   19.0088
    0.0000  -45.0000  -22.5000 2419.0178   19.0107
    7.5000  -45.0000  -22.5000 2399.1067   19.3677
   -7.5000  -37.5000  -22.5000 2525.2371   17.1879
    0.0000  -37.5000  -22.5000 2520.1826   17.1877
    7.5000  -37.5000  -22.5000 2507.6621   17.5141
   -7.5000  -30.0000  -22.5000 2609.5720   15.7942
    0.0000  -30.0000  -22.5000 2609.3833   15.8223
    7.5000  -30.0000  -22.5000 2599.1479   16.1148
   -7.5000  -22.5000  -22.5000 2670.8875   14.8358
    0.0000  -22.5000  -22.5000 2671.5510   14.8463
    7.5000  -22.5000  -22.5000 2664.8372   15.1180
   -7.5000  -15.0000  -22.5000 2712.5918   14.1553
    0.0000  -15.0000  -22.5000 2711.8430   14.0657
    7.5000  -15.0000  -22.5000 2706.8491   14.3495
   -7.5000   -7.5000  -22.5000 2726.5134   13.6042
    0.0000   -7.5000  -22.5000 2733.9578   13.5565
    7.5000   -7.5000  -22.5000 2725.5227   13.8129
   -7.5000    0.0000  -22.5000 2730.7456   13.4717
    0.0000    0.0000  -22.5000 2736.9946   13.4213
    7.5000    0.0000  -22.5000 2734.6509   13.6410
   -7.5000    7.5000  -22.5000 2724.5747   13.7883
    0.0000    7.5000  -22.5000 2732.7349   13.7194
    7.5000    7.5000  -22.5000 2727.6877   13.9201
   -7.5000   15.0000  -22.5000 2687.3989   14.3231
    0.0000   15.0000  -22.5000 2696.0632   14.2630
    7.5000   15.0000  -22.5000 2684.7053   14.4465
   -7.5000   22.5000  -22.5000 2630.0850   15.0993
    0.0000   22.5000  -22.5000 2640.7148   15.0525
    7.5000   22.5000  -22.5000 2627.2109   15.2549
   -7.5000   30.0000  -22.5000 2545.9990   16.1577
    0.0000   30.0000  -22.5000 2555.1372   16.1060
    7.5000   30.0000  -22.5000 2538.1060   16.2969
   -7.5000   37.5000  -22.5000 2448.8440   17.6034
    0.0000   37.5000  -22.5000 2465.0576   17.5322
    7.5000   37.5000  -22.5000 2436.8799   17.7225
   -7.5000   45.0000  -22.5000 2306.0723   19.4722
    0.0000   45.0000  -22.5000 2321.2058   19.4546
    7.5000   45.0000  -22.5000 2292.3354   19.6125
   -7.5000  -45.0000  -15.0000 2443.5530   18.6187
    0.0000  -45.0000  -15.0000 2442.2556   18.5559
    7.5000  -45.0000  -15.0000 2429.3735   18.9962
   -7.5000  -37.5000  -15.0000 2556.5852   16.8516
    0.0000  -37.5000  -15.0000 2549.8042   16.7958
    7.5000  -37.5000  -15.0000 2544.5884   17.1608
   -7.5000  -30.0000  -15.0000 2650.7593   15.4819
    0.0000  -30.0000  -15.0000 2648.2661   15.4501
    7.5000  -30.0000  -15.0000 2645.1204   15.7808
   -7.5000  -22.5000  -15.0000 2725.3757   14.5235
    0.0000  -22.5000  -15.0000 2724.4333   14.4724
    7.5000  -22.5000  -15.0000 2727.3528   14.7812
   -7.5000  -15.0000  -15.0000 2760.9175   13.8328
    0.0000  -15.0000  -15.0000 2767.4744   13.7385
    7.5000  -15.0000  -15.0000 2773.1226   14.0625
   -7.5000   -7.5000  -15.0000 2775.6753   13.1579
    0.0000   -7.5000  -15.0000 2784.0129   13.0963
    7.5000   -7.5000  -15.0000 2782.5977   13.4536
   -7.5000    0.0000  -15.0000 2788.1292   13.0051
    0.0000    0.0000  -15.0000 2794.4600   12.9107
    7.5000    0.0000  -15.0000 2798.3743   13.2444
   -7.5000    7.5000  -15.0000 2781.2988   13.3026
    0.0000    7.5000  -15.0000 2794.0046   13.2244
    7.5000    7.5000  -15.0000 2792.3306   13.4630
   -7.5000   15.0000  -15.0000 2745.4712   13.8086
    0.0000   15.0000  -15.0000 2757.9978   13.7297
    7.5000   15.0000  -15.0000 2756.2498   13.9814
   -7.5000   22.5000  -15.0000 2685.3972   14.5397
    0.0000   22.5000  -15.0000 2692.7625   14.4643
    7.5000   22.5000  -15.0000 2695.3730   14.7235
   -7.5000   30.0000  -15.0000 2601.3647   15.5864
    0.0000   30.0000  -15.0000 2608.2534   15.5024
    7.5000   30.0000  -15.0000 2602.0776   15.7816
   -7.5000   37.5000  -15.0000 2499.9775   17.0146
    0.0000   37.5000  -15.0000 2513.5444   16.9492
    7.5000   37.5000  -15.0000 2492.5779   17.2355
   -7.5000   45.0000  -15.0000 2357.3452   18.8228
    0.0000   45.0000  -15.0000 2371.1238   18.8147
    7.5000   45.0000  -15.0000 2342.8892   19.0690
   -7.5000  -45.0000   -7.5000 2447.4812   18.3729
    0.0000  -45.0000   -7.5000 2446.3000   18.3177
    7.5000  -45.0000   -7.5000 2438.1316   18.6651
   -7.5000  -37.5000   -7.5000 2568.9919   16.6364
    0.0000  -37.5000   -7.5000 2563.6565   16.5687
    7.5000  -37.5000   -7.5000 2556.8096   16.8249
   -7.5000  -30.0000   -7.5000 2678.9412   15.3513
    0.0000  -30.0000   -7.5000 2675.4871   15.2724
    7.5000  -30.0000   -7.5000 2665.6206   15.4397
   -7.5000  -22.5000   -7.5000 2771.8645   14.4715
    0.0000  -22.5000   -7.5000 2769.8333   14.4028
    7.5000  -22.5000   -7.5000 2761.3403   14.4789
   -7.5000  -15.0000   -7.5000 2824.8406   13.8544
    0.0000  -15.0000   -7.5000 2830.2246   13.7922
    7.5000  -15.0000   -7.5000 2817.8777   13.8225
   -7.5000   -7.5000   -7.5000 2826.5212   13.0474
    0.0000   -7.5000   -7.5000 2834.1750   12.9994
    7.5000   -7.5000   -7.5000 2826.1062   13.2335
   -7.5000    0.0000   -7.5000 2835.2673   12.7332
    0.0000    0.0000   -7.5000 2837.0332   12.6468
    7.5000    0.0000   -7.5000 2827.5210   12.9305
   -7.5000    7.5000   -7.5000 2825.5679   12.9091
    0.0000    7.5000   -7.5000 2829.4214   12.8386
    7.5000    7.5000   -7.5000 2819.8884   13.0396
   -7.5000   15.0000   -7.5000 2789.2876   13.3710
    0.0000   15.0000   -7.5000 2792.5276   13.2581
    7.5000   15.0000   -7.5000 2783.0989   13.4569
   -7.5000   22.5000   -7.5000 2728.4915   14.1246
    0.0000   22.5000   -7.5000 2730.1670   13.9922
    7.5000   22.5000   -7.5000 2725.8052   14.2183
   -7.5000   30.0000   -7.5000 2640.3516   15.1799
    0.0000   30.0000   -7.5000 2643.6377   15.0661
    7.5000   30.0000   -7.5000 2632.0740   15.3147
   -7.5000   37.5000   -7.5000 2536.0015   16.6070
    0.0000   37.5000   -7.5000 2542.8218   16.5129
    7.5000   37.5000   -7.5000 2522.2119   16.7762
   -7.5000   45.0000   -7.5000 2388.3945   18.4109
    0.0000   45.0000   -7.5000 2397.2361   18.3872
    7.5000   45.0000   -7.5000 2374.7764   18.6059
   -7.5000  -45.0000    0.0000 2451.4727   18.3965
    0.0000  -45.0000    0.0000 2453.0330   18.4154
    7.5000  -45.0000    0.0000 2431.6077   18.6135
   -7.5000  -37.5000    0.0000 2576.1924   16.6583
    0.0000  -37.5000    0.0000 2575.3242   16.6832
    7.5000  -37.5000    0.0000 2549.9348   16.7554
   -7.5000  -30.0000    0.0000 2695.9331   15.3722
    0.0000  -30.0000    0.0000 2696.5859   15.4111
    7.5000  -30.0000    0.0000 2667.5562   15.4059
   -7.5000  -22.5000    0.0000 2801.2244   14.5331
    0.0000  -22.5000    0.0000 2801.3872   14.5609
    7.5000  -22.5000    0.0000 2768.8560   14.4446
   -7.5000  -15.0000    0.0000 2883.4651   14.0960
    0.0000  -15.0000    0.0000 2895.3701   14.1190
    7.5000  -15.0000    0.0000 2844.1746   13.8131
   -7.5000   -7.5000    0.0000 2905.5154   13.4132
    0.0000   -7.5000    0.0000 2928.2705   13.4541
    7.5000   -7.5000    0.0000 2861.9292   13.2317
   -7.5000    0.0000    0.0000 2873.9819   12.7801
    0.0000    0.0000    0.0000 2885.0239   12.7676
    7.5000    0.0000    0.0000 2845.4431   12.8388
   -7.5000    7.5000    0.0000 2844.3840   12.7618
    0.0000    7.5000    0.0000 2837.4197   12.6854
    7.5000    7.5000    0.0000 2818.9268   12.8129
   -7.5000   15.0000    0.0000 2804.5544   13.1165
    0.0000   15.0000    0.0000 2808.4768   13.0052
    7.5000   15.0000    0.0000 2789.9299   13.1673
   -7.5000   22.5000    0.0000 2746.4624   13.8825
    0.0000   22.5000    0.0000 2750.4402   13.7579
    7.5000   22.5000    0.0000 2737.0129   13.9479
   -7.5000   30.0000    0.0000 2652.6614   14.9862
    0.0000   30.0000    0.0000 2654.9468   14.8774
    7.5000   30.0000    0.0000 2643.0288   15.0608
   -7.5000   37.5000    0.0000 2548.6477   16.4261
    0.0000   37.5000    0.0000 2554.6233   16.3708
    7.5000   37.5000    0.0000 2528.8921   16.5311
   -7.5000   45.0000    0.0000 2407.0232   18.2541
    0.0000   45.0000    0.0000 2409.5571   18.2269
    7.5000   45.0000    0.0000 2382.1028   18.3568
   -7.5000  -45.0000    7.5000 2443.2517   18.5095
    0.0000  -45.0000    7.5000 2458.2939   18.7732
    7.5000  -45.0000    7.5000 2419.9246   18.9528
   -7.5000  -37.5000    7.5000 2572.5603   16.8007
    0.0000  -37.5000    7.5000 2586.5056   17.0751
    7.5000  -37.5000    7.5000 2543.3220   17.1201
   -7.5000  -30.0000    7.5000 2697.6252   15.5593
    0.0000  -30.0000    7.5000 2715.2175   15.8445
    7.5000  -30.0000    7.5000 2663.4009   15.7255
   -7.5000  -22.5000    7.5000 2803.1433   14.7118
    0.0000  -22.5000    7.5000 2829.6987   15.0035
    7.5000  -22.5000    7.5000 2765.7756   14.7067
   -7.5000  -15.0000    7.5000 2887.6995   14.1484
    0.0000  -15.0000    7.5000 2934.5083   14.4389
    7.5000  -15.0000    7.5000 2840.3789   13.9176
   -7.5000   -7.5000    7.5000 2909.1123   13.4274
    0.0000   -7.5000    7.5000 2954.6792   13.5995
    7.5000   -7.5000    7.5000 2853.2830   13.2791
   -7.5000    0.0000    7.5000 2899.9331   13.0021
    0.0000    0.0000    7.5000 2915.3892   12.9557
    7.5000    0.0000    7.5000 2848.4036   12.9331
   -7.5000    7.5000    7.5000 2854.9714   12.9395
    0.0000    7.5000    7.5000 2862.5144   12.8999
    7.5000    7.5000    7.5000 2819.7112   12.9262
   -7.5000   15.0000    7.5000 2803.6736   13.2305
    0.0000   15.0000    7.5000 2807.8381   13.1673
    7.5000   15.0000    7.5000 2785.5962   13.2667
   -7.5000   22.5000    7.5000 2736.3792   13.9280
    0.0000   22.5000    7.5000 2736.4299   13.8354
    7.5000   22.5000    7.5000 2725.3320   13.9626
   -7.5000   30.0000    7.5000 2645.4238   14.9868
    0.0000   30.0000    7.5000 2645.1292   14.8844
    7.5000   30.0000    7.5000 2636.6099   15.0367
   -7.5000   37.5000    7.5000 2544.3196   16.4072
    0.0000   37.5000    7.5000 2548.5571   16.3122
    7.5000   37.5000    7.5000 2528.5046   16.4904
   -7.5000   45.0000    7.5000 2405.6321   18.2422
    0.0000   45.0000    7.5000 2407.6560   18.2053
    7.5000   45.0000    7.5000 2387.9048   18.3591
   -7.5000  -45.0000   15.0000 2431.0283   18.8844
    0.0000  -45.0000   15.0000 2451.8335   19.3214
    7.5000  -45.0000   15.0000 2414.0586   19.5802
   -7.5000  -37.5000   15.0000 2555.2986   17.1217
    0.0000  -37.5000   15.0000 2576.7024   17.5615
    7.5000  -37.5000   15.0000 2534.1331   17.6572
   -7.5000  -30.0000   15.0000 2670.4382   15.7688
    0.0000  -30.0000   15.0000 2693.8005   16.1836
    7.5000  -30.0000   15.0000 2644.5461   16.1377
   -7.5000  -22.5000   15.0000 2759.3022   14.7411
    0.0000  -22.5000   15.0000 2791.9070   15.1416
    7.5000  -22.5000   15.0000 2741.9324   14.9547
   -7.5000  -15.0000   15.0000 2825.1370   13.8998
    0.0000  -15.0000   15.0000 2875.1992   14.2225
    7.5000  -15.0000   15.0000 2808.0071   14.0261
   -7.5000   -7.5000   15.0000 2863.2310   13.1686
    0.0000   -7.5000   15.0000 2881.4102   13.2583
    7.5000   -7.5000   15.0000 2836.4875   13.3539
   -7.5000    0.0000   15.0000 2885.9502   12.9662
    0.0000    0.0000   15.0000 2902.5737   12.9687
    7.5000    0.0000   15.0000 2846.1892   13.0938
   -7.5000    7.5000   15.0000 2859.3330   13.2140
    0.0000    7.5000   15.0000 2875.8474   13.2046
    7.5000    7.5000   15.0000 2822.5830   13.2643
   -7.5000   15.0000   15.0000 2798.3777   13.6917
    0.0000   15.0000   15.0000 2808.7131   13.6628
    7.5000   15.0000   15.0000 2773.4705   13.6888
   -7.5000   22.5000   15.0000 2722.0144   14.3952
    0.0000   22.5000   15.0000 2724.1914   14.3298
    7.5000   22.5000   15.0000 2704.2915   14.3918
   -7.5000   30.0000   15.0000 2629.4453   15.3651
    0.0000   30.0000   15.0000 2629.0981   15.2719
    7.5000   30.0000   15.0000 2611.7251   15.3762
   -7.5000   37.5000   15.0000 2524.8752   16.6657
    0.0000   37.5000   15.0000 2533.4009   16.5983
    7.5000   37.5000   15.0000 2508.7588   16.7262
   -7.5000   45.0000   15.0000 2370.4534   18.4370
    0.0000   45.0000   15.0000 2379.0352   18.4107
    7.5000   45.0000   15.0000 2362.3020   18.5025
   -7.5000  -45.0000   22.5000 2409.0249   19.2847
    0.0000  -45.0000   22.5000 2427.1624   19.7522
    7.5000  -45.0000   22.5000 2394.9358   20.1438
   -7.5000  -37.5000   22.5000 2520.2434   17.3956
    0.0000  -37.5000   22.5000 2542.5137   17.8390
    7.5000  -37.5000   22.5000 2512.9036   18.1479
   -7.5000  -30.0000   22.5000 2625.6543   15.9791
    0.0000  -30.0000   22.5000 2649.6738   16.4215
    7.5000  -30.0000   22.5000 2623.4114   16.6141
   -7.5000  -22.5000   22.5000 2708.8784   14.8851
    0.0000  -22.5000   22.5000 2743.8140   15.3481
    7.5000  -22.5000   22.5000 2713.2351   15.3530
   -7.5000  -15.0000   22.5000 2779.1843   14.0284
    0.0000  -15.0000   22.5000 2795.4529   14.1894
    7.5000  -15.0000   22.5000 2781.8977   14.3943
   -7.5000   -7.5000   22.5000 2827.3599   13.3704
    0.0000   -7.5000   22.5000 2840.3462   13.4338
    7.5000   -7.5000   22.5000 2820.1475   13.7004
   -7.5000    0.0000   22.5000 2855.8025   13.2715
    0.0000    0.0000   22.5000 2871.7708   13.3421
    7.5000    0.0000   22.5000 2836.2581   13.5173
   -7.5000    7.5000   22.5000 2842.2764   13.6133
    0.0000    7.5000   22.5000 2857.7446   13.6578
    7.5000    7.5000   22.5000 2812.7112   13.7353
   -7.5000   15.0000   22.5000 2776.1750   14.1975
    0.0000   15.0000   22.5000 2787.9712   14.1684
    7.5000   15.0000   22.5000 2754.3442   14.2273
   -7.5000   22.5000   22.5000 2695.6523   14.9458
    0.0000   22.5000   22.5000 2703.3184   14.9195
    7.5000   22.5000   22.5000 2682.3394   14.9829
   -7.5000   30.0000   22.5000 2601.1099   15.9640
    0.0000   30.0000   22.5000 2608.5332   15.9103
    7.5000   30.0000   22.5000 2585.7285   15.9636
   -7.5000   37.5000   22.5000 2491.5156   17.2704
    0.0000   37.5000   22.5000 2496.8726   17.2163
    7.5000   37.5000   22.5000 2475.3103   17.2703
   -7.5000   45.0000   22.5000 2332.2166   19.0527
    0.0000   45.0000   22.5000 2339.8635   19.0118
    7.5000   45.0000   22.5000 2323.1033   19.0234
   -7.5000  -45.0000   30.0000 2368.5967   19.6789
    0.0000  -45.0000   30.0000 2385.4075   20.2085
    7.5000  -45.0000   30.0000 2366.0984   20.7672
   -7.5000  -37.5000   30.0000 2483.2795   17.8358
    0.0000  -37.5000   30.0000 2505.7812   18.2563
    7.5000  -37.5000   30.0000 2489.8577   18.7440
   -7.5000  -30.0000   30.0000 2582.9705   16.3855
    0.0000  -30.0000   30.0000 2607.4160   16.7967
    7.5000  -30.0000   30.0000 2595.5361   17.1412
   -7.5000  -22.5000   30.0000 2661.1167   15.2696
    0.0000  -22.5000   30.0000 2685.5813   15.5486
    7.5000  -22.5000   30.0000 2678.7954   15.8393
   -7.5000  -15.0000   30.0000 2726.3320   14.3940
    0.0000  -15.0000   30.0000 2743.7222   14.4857
    7.5000  -15.0000   30.0000 2736.2688   14.8538
   -7.5000   -7.5000   30.0000 2780.0835   13.8412
    0.0000   -7.5000   30.0000 2796.3032   13.9275
    7.5000   -7.5000   30.0000 2781.2202   14.2353
   -7.5000    0.0000   30.0000 2803.7439   13.8388
    0.0000    0.0000   30.0000 2822.0723   13.9446
    7.5000    0.0000   30.0000 2792.5632   14.1422
   -7.5000    7.5000   30.0000 2791.8359   14.2188
    0.0000    7.5000   30.0000 2805.9128   14.2850
    7.5000    7.5000   30.0000 2771.5845   14.4164
   -7.5000   15.0000   30.0000 2733.3313   14.8454
    0.0000   15.0000   30.0000 2737.4988   14.8409
    7.5000   15.0000   30.0000 2715.5232   14.9314
   -7.5000   22.5000   30.0000 2657.7048   15.6239
    0.0000   22.5000   30.0000 2661.8855   15.5767
    7.5000   22.5000   30.0000 2646.4934   15.6759
   -7.5000   30.0000   30.0000 2555.4856   16.6699
    0.0000   30.0000   30.0000 2569.6680   16.6389
    7.5000   30.0000   30.0000 2550.7090   16.6800
   -7.5000   37.5000   30.0000 2429.6970   18.0484
    0.0000   37.5000   30.0000 2438.8198   17.9962
    7.5000   37.5000   30.0000 2428.0420   18.0254
   -7.5000   45.0000   30.0000 2274.6655   19.8167
    0.0000   45.0000   30.0000 2286.2449   19.7926
    7.5000   45.0000   30.0000 2267.9949   19.8308
   -7.5000  -45.0000   37.5000 2325.5188   20.3086
    0.0000  -45.0000   37.5000 2339.7644   20.7376
    7.5000  -45.0000   37.5000 2337.4487   21.5033
   -7.5000  -37.5000   37.5000 2438.3975   18.3735
    0.0000  -37.5000   37.5000 2454.8455   18.7598
    7.5000  -37.5000   37.5000 2452.6719   19.3854
   -7.5000  -30.0000   37.5000 2530.2849   16.9090
    0.0000  -30.0000   37.5000 2546.5454   17.2389
    7.5000  -30.0000   37.5000 2552.3667   17.7698
   -7.5000  -22.5000   37.5000 2606.9768   15.8127
    0.0000  -22.5000   37.5000 2630.2642   15.9636
    7.5000  -22.5000   37.5000 2628.7061   16.4981
   -7.5000  -15.0000   37.5000 2673.3413   14.9644
    0.0000  -15.0000   37.5000 2695.2085   15.0675
    7.5000  -15.0000   37.5000 2683.5808   15.4928
   -7.5000   -7.5000   37.5000 2725.0432   14.5190
    0.0000   -7.5000   37.5000 2743.1108   14.6007
    7.5000   -7.5000   37.5000 2727.7620   14.9464
   -7.5000    0.0000   37.5000 2741.4438   14.5298
    0.0000    0.0000   37.5000 2765.6104   14.6279
    7.5000    0.0000   37.5000 2740.2119   14.8500
   -7.5000    7.5000   37.5000 2727.6765   14.9365
    0.0000    7.5000   37.5000 2741.8301   14.9934
    7.5000    7.5000   37.5000 2715.5164   15.1583
   -7.5000   15.0000   37.5000 2669.8743   15.5798
    0.0000   15.0000   37.5000 2677.1143   15.5604
    7.5000   15.0000   37.5000 2659.1768   15.7040
   -7.5000   22.5000   37.5000 2596.8550   16.3702
    0.0000   22.5000   37.5000 2606.7349   16.3117
    7.5000   22.5000   37.5000 2590.0210   16.4774
   -7.5000   30.0000   37.5000 2495.3660   17.4175
    0.0000   30.0000   37.5000 2506.1155   17.3802
    7.5000   30.0000   37.5000 2493.0974   17.5060
   -7.5000   37.5000   37.5000 2363.5251   18.8643
    0.0000   37.5000   37.5000 2378.7776   18.8381
    7.5000   37.5000   37.5000 2366.3311   18.9585
   -7.5000   45.0000   37.5000 2216.7087   20.7222
    0.0000   45.0000   37.5000 2233.7947   20.7463
    7.5000   45.0000   37.5000 2212.9604   20.7733
   -7.5000  -45.0000   45.0000 2272.7092   20.9887
    0.0000  -45.0000   45.0000 2286.1431   21.3743
    7.5000  -45.0000   45.0000 2293.8110   22.2903
   -7.5000  -37.5000   45.0000 2386.3684   19.0450
    0.0000  -37.5000   45.0000 2397.3625   19.3913
    7.5000  -37.5000   45.0000 2402.7434   20.1566
   -7.5000  -30.0000   45.0000 2473.7966   17.6488
    0.0000  -30.0000   45.0000 2489.9875   17.8997
    7.5000  -30.0000   45.0000 2497.3435   18.5671
   -7.5000  -22.5000   45.0000 2550.7539   16.5932
    0.0000  -22.5000   45.0000 2570.3975   16.7024
    7.5000  -22.5000   45.0000 2572.9797   17.3349
   -7.5000  -15.0000   45.0000 2611.5854   15.7613
    0.0000  -15.0000   45.0000 2629.6438   15.8681
    7.5000  -15.0000   45.0000 2624.0190   16.3591
   -7.5000   -7.5000   45.0000 2656.3806   15.3864
    0.0000   -7.5000   45.0000 2668.1104   15.4254
    7.5000   -7.5000   45.0000 2659.8972   15.8355
   -7.5000    0.0000   45.0000 2667.5857   15.3394
    0.0000    0.0000   45.0000 2687.3660   15.4244
    7.5000    0.0000   45.0000 2670.4163   15.6922
   -7.5000    7.5000   45.0000 2653.2769   15.7582
    0.0000    7.5000   45.0000 2667.4587   15.7929
    7.5000    7.5000   45.0000 2645.4768   16.0199
   -7.5000   15.0000   45.0000 2602.2087   16.4148
    0.0000   15.0000   45.0000 2618.7410   16.3713
    7.5000   15.0000   45.0000 2589.5525   16.5605
   -7.5000   22.5000   45.0000 2523.4138   17.2342
    0.0000   22.5000   45.0000 2539.3867   17.1518
    7.5000   22.5000   45.0000 2518.7322   17.3685
   -7.5000   30.0000   45.0000 2419.5134   18.3135
    0.0000   30.0000   45.0000 2434.7205   18.2490
    7.5000   30.0000   45.0000 2420.4353   18.3962
   -7.5000   37.5000   45.0000 2293.3037   19.8518
    0.0000   37.5000   45.0000 2308.4397   19.8332
    7.5000   37.5000   45.0000 2297.3599   19.9532
   -7.5000   45.0000   45.0000 2150.4478   21.7435
    0.0000   45.0000   45.0000 2164.9189   21.7770
    7.5000   45.0000   45.0000 2154.8201   21.8471

---------------------------------------------------------------------
imgreg_4dfp /opt/freesurfer/average/711-2C_as_mni_average_305 /opt/freesurfer/average/711-2B_as_mni_average_305_mask talsrcimg_g11 none talsrcimg_to_711-2C_as_mni_average_305_t4 1283
---------------------------------------------------------------------

freesurfer imgreg_4dfp.c
/opt/freesurfer/average/711-2C_as_mni_average_305.4dfp.img
       256       256       256         1
  1.000000  1.000000  1.000000
orientation T byte_order littleendian
Reading image: /opt/freesurfer/average/711-2C_as_mni_average_305.4dfp.img
dimensions:      256       256       256
mmppix:       1.0000   -1.0000   -1.0000
center:     128.0000 -129.0000 -129.0000
/opt/freesurfer/average/711-2B_as_mni_average_305_mask.4dfp.img
       256       256       256         1
  1.000000  1.000000  1.000000
orientation T byte_order littleendian
Reading mask: /opt/freesurfer/average/711-2B_as_mni_average_305_mask.4dfp.img (2306576 pixels)
talsrcimg_g11.4dfp.img
       256       256       256         1
  1.000000  1.000000  1.000000
orientation T byte_order littleendian
Reading image: talsrcimg_g11.4dfp.img
dimensions:      256       256       256
mmppix:       1.0000   -1.0000   -1.0000
center:     128.0000 -129.0000 -129.0000
rotation matrix determinant  1.000000
fimgreg.f
image alignment mode   1283 decimal      503 hex
parameters
    0.0000   -7.5000    7.5000    0.0000    0.0000    0.0000
eta,q 0.92904 13.63668
niter,ni,del,rscale     5    3   12.0000    1.2000
parameter  2  0.577337 ->  0.500000 qaram    1.1500
parameter  4 -0.719158 -> -0.500000 qaram    1.1500
parameters
   -2.7233  -10.9500    4.9589    3.4500    0.2471   -1.6483
eta,q 0.93635 13.90075
  0.0806  0.0702  0.0724  0.0674  0.0734  0.0653
  0.0749  0.0685  0.0672  0.0667  0.0685  0.0641
  0.0729  0.0701  0.0661  0.0661  0.0653  0.0637
  0.0772  0.0726  0.0689  0.0662  0.0638  0.0638
  0.0851  0.0723  0.0757  0.0647  0.0646  0.0646
  0.0914  0.0737  0.0845  0.0638  0.0674  0.0666
  0.0966  0.0811  0.0925  0.0658  0.0721  0.0696
niter,ni,del,rscale     6    3   12.0000    1.2000
parameters
   -2.4803  -10.1693    5.1945    0.9774   -0.4309   -2.5170
eta,q 0.93637 13.93396
  0.0865  0.0872  0.0815  0.0653  0.0695  0.0661
  0.0769  0.0769  0.0722  0.0648  0.0649  0.0641
  0.0681  0.0674  0.0665  0.0643  0.0636  0.0634
  0.0637  0.0636  0.0638  0.0638  0.0643  0.0641
  0.0665  0.0657  0.0655  0.0657  0.0649  0.0652
  0.0746  0.0705  0.0708  0.0697  0.0671  0.0656
  0.0835  0.0787  0.0788  0.0750  0.0727  0.0666
niter,ni,del,rscale     5    3   12.0000    1.2000
parameter  4  0.556361 ->  0.500000 qaram    1.3225
parameters
   -2.2776   -9.4895    4.6676   -2.9901   -1.1058   -3.2077
eta,q 0.93752 14.07244
  0.0867  0.0837  0.0787  0.0633  0.0705  0.0665
  0.0775  0.0736  0.0701  0.0634  0.0654  0.0640
  0.0684  0.0656  0.0649  0.0637  0.0624  0.0627
  0.0636  0.0636  0.0644  0.0641  0.0634  0.0627
  0.0662  0.0667  0.0679  0.0648  0.0662  0.0643
  0.0750  0.0697  0.0748  0.0669  0.0690  0.0660
  0.0846  0.0762  0.0837  0.0705  0.0725  0.0677
niter,ni,del,rscale     5    3   12.0000    1.2000
parameters
   -2.0686   -8.5552    4.1891   -3.3226   -1.3924   -3.5247
eta,q 0.93762 13.98158
  0.0876  0.0866  0.0783  0.0689  0.0722  0.0674
  0.0784  0.0746  0.0701  0.0634  0.0665  0.0644
  0.0682  0.0662  0.0644  0.0621  0.0628  0.0626
  0.0625  0.0624  0.0629  0.0628  0.0627  0.0625
  0.0652  0.0657  0.0669  0.0638  0.0651  0.0641
  0.0749  0.0705  0.0745  0.0656  0.0687  0.0659
  0.0858  0.0749  0.0831  0.0685  0.0729  0.0675
niter,ni,del,rscale     4    3   12.0000    1.2000
parameters
   -1.9815   -8.3401    4.0934   -3.6811   -1.5262   -3.6127
eta,q 0.93756 13.97189
  0.0878  0.0830  0.0802  0.0689  0.0729  0.0679
  0.0782  0.0719  0.0716  0.0636  0.0670  0.0648
  0.0677  0.0644  0.0651  0.0622  0.0632  0.0628
  0.0624  0.0623  0.0626  0.0626  0.0625  0.0625
  0.0661  0.0670  0.0656  0.0637  0.0647  0.0639
  0.0764  0.0719  0.0726  0.0656  0.0684  0.0658
  0.0874  0.0787  0.0811  0.0688  0.0729  0.0674
niter,ni,del,rscale     3    3   12.0000    1.2000
parameters
   -1.9411   -8.2621    4.0692   -3.7625   -1.5714   -3.6385
eta,q 0.93751 13.96595
  0.0880  0.0828  0.0806  0.0694  0.0733  0.0681
  0.0781  0.0717  0.0719  0.0641  0.0674  0.0650
  0.0676  0.0640  0.0654  0.0622  0.0634  0.0629
  0.0624  0.0624  0.0625  0.0625  0.0625  0.0625
  0.0665  0.0674  0.0654  0.0635  0.0645  0.0639
  0.0770  0.0726  0.0722  0.0654  0.0682  0.0658
  0.0880  0.0798  0.0808  0.0686  0.0729  0.0674
niter,ni,del,rscale     2    3   12.0000    1.2000
parameters
   -1.9283   -8.2448    4.0634   -3.7805   -1.5867   -3.6466
eta,q 0.93750 13.96458
  0.0879  0.0826  0.0806  0.0696  0.0734  0.0682
  0.0780  0.0715  0.0720  0.0642  0.0675  0.0650
  0.0675  0.0639  0.0654  0.0622  0.0634  0.0629
  0.0625  0.0625  0.0625  0.0625  0.0625  0.0625
  0.0667  0.0675  0.0653  0.0634  0.0644  0.0639
  0.0773  0.0728  0.0721  0.0653  0.0681  0.0658
  0.0883  0.0802  0.0807  0.0685  0.0728  0.0674
registration optimization eta report
parameter search radius
    6.0000    6.9000    6.0000    7.9350    6.0000    6.0000
100000*second partial in parameter space
       68.       38.       49.       11.       29.       14.
  0.0879  0.0826  0.0806  0.0696  0.0734  0.0682
  0.0780  0.0715  0.0720  0.0642  0.0675  0.0650
  0.0675  0.0639  0.0654  0.0622  0.0634  0.0629
  0.0625  0.0625  0.0625  0.0625  0.0625  0.0625
  0.0667  0.0675  0.0653  0.0634  0.0644  0.0639
  0.0773  0.0728  0.0721  0.0653  0.0681  0.0658
  0.0883  0.0802  0.0807  0.0685  0.0728  0.0674
   -1.9283   -8.2448    4.0634   -3.7805   -1.5867   -3.6466
eta,q 0.93750 13.96458

---------------------------------------------------------------------
imgreg_4dfp /opt/freesurfer/average/711-2C_as_mni_average_305 /opt/freesurfer/average/711-2B_as_mni_average_305_mask talsrcimg_g11 none talsrcimg_to_711-2C_as_mni_average_305_t4 3335
---------------------------------------------------------------------

freesurfer imgreg_4dfp.c
/opt/freesurfer/average/711-2C_as_mni_average_305.4dfp.img
       256       256       256         1
  1.000000  1.000000  1.000000
orientation T byte_order littleendian
Reading image: /opt/freesurfer/average/711-2C_as_mni_average_305.4dfp.img
dimensions:      256       256       256
mmppix:       1.0000   -1.0000   -1.0000
center:     128.0000 -129.0000 -129.0000
/opt/freesurfer/average/711-2B_as_mni_average_305_mask.4dfp.img
       256       256       256         1
  1.000000  1.000000  1.000000
orientation T byte_order littleendian
Reading mask: /opt/freesurfer/average/711-2B_as_mni_average_305_mask.4dfp.img (2306576 pixels)
talsrcimg_g11.4dfp.img
       256       256       256         1
  1.000000  1.000000  1.000000
orientation T byte_order littleendian
Reading image: talsrcimg_g11.4dfp.img
dimensions:      256       256       256
mmppix:       1.0000   -1.0000   -1.0000
center:     128.0000 -129.0000 -129.0000
fimgreg.f
image alignment mode   3335 decimal      D07 hex
parameters
   -1.9283   -8.2448    4.0634   -0.2407   -0.4080   -0.2559
    6.1642    3.1767   -6.3578    6.4044   -2.7689   -6.5909
eta,q 0.93918 14.09892
niter,ni,del,rscale     5    3    5.0000    1.2000
parameter  4  1.649145 ->  0.500000 qaram    1.1500
parameter  5  1.061309 ->  0.500000 qaram    1.1500
parameter 10  1.119809 ->  0.500000 qaram    1.1500
parameters
   -1.8386   -8.1232    3.8301   -4.3807   -4.5480   -3.7001
    3.8698    2.9770   -3.4224    2.2644    0.3189   -4.7853
eta,q 0.96220 14.07101
  0.0667  0.0640  0.0636  0.0465  0.0410  0.0422  0.0430  0.0476  0.0458  0.0375  0.0409  0.0397
  0.0635  0.0623  0.0619  0.0483  0.0418  0.0415  0.0412  0.0435  0.0435  0.0380  0.0396  0.0389
  0.0615  0.0613  0.0610  0.0528  0.0441  0.0411  0.0406  0.0412  0.0417  0.0389  0.0387  0.0383
  0.0608  0.0608  0.0608  0.0608  0.0492  0.0422  0.0412  0.0406  0.0406  0.0402  0.0382  0.0379
  0.0614  0.0610  0.0614  0.0704  0.0565  0.0457  0.0428  0.0415  0.0402  0.0420  0.0380  0.0378
  0.0631  0.0619  0.0628  0.0800  0.0652  0.0518  0.0454  0.0440  0.0405  0.0443  0.0380  0.0380
  0.0658  0.0634  0.0649  0.0886  0.0735  0.0602  0.0487  0.0484  0.0411  0.0473  0.0384  0.0386
niter,ni,del,rscale     7    3    5.0000    1.2000
parameter  2 -1.437834 -> -0.500000 qaram    1.1500
parameter  5  0.543263 ->  0.500000 qaram    1.3225
parameter  9 -0.639654 -> -0.500000 qaram    1.1500
parameters
   -1.8066   -6.7432    4.4132   -8.3356   -9.3090   -4.0736
    2.1033    1.3780    0.7176   -0.8796    0.2459   -4.0670
eta,q 0.96989 13.57503
  0.0429  0.0480  0.0368  0.0342  0.0321  0.0337  0.0325  0.0336  0.0337  0.0314  0.0310  0.0313
  0.0401  0.0443  0.0355  0.0333  0.0314  0.0327  0.0316  0.0317  0.0325  0.0305  0.0305  0.0307
  0.0384  0.0408  0.0346  0.0328  0.0314  0.0319  0.0313  0.0311  0.0316  0.0301  0.0302  0.0303
  0.0378  0.0378  0.0341  0.0339  0.0330  0.0314  0.0314  0.0313  0.0311  0.0306  0.0301  0.0301
  0.0384  0.0353  0.0339  0.0387  0.0378  0.0312  0.0320  0.0323  0.0307  0.0319  0.0302  0.0302
  0.0400  0.0337  0.0343  0.0477  0.0459  0.0323  0.0331  0.0342  0.0306  0.0339  0.0305  0.0305
  0.0426  0.0330  0.0350  0.0582  0.0549  0.0352  0.0347  0.0371  0.0307  0.0368  0.0310  0.0309
niter,ni,del,rscale     7    3    5.0000    1.2000
parameter  2 -1.528877 -> -0.500000 qaram    1.3225
parameter  3 -0.522715 -> -0.500000 qaram    1.1500
parameters
   -1.6775   -5.1562    5.7932   -9.3522  -12.0969   -4.4226
    0.8647    0.8910    0.4616    0.0397   -0.1964   -5.7860
eta,q 0.97406 13.31088
  0.0335  0.0407  0.0292  0.0295  0.0297  0.0286  0.0278  0.0300  0.0284  0.0308  0.0270  0.0267
  0.0318  0.0369  0.0279  0.0279  0.0277  0.0274  0.0268  0.0276  0.0272  0.0285  0.0265  0.0262
  0.0306  0.0333  0.0268  0.0266  0.0263  0.0265  0.0263  0.0263  0.0264  0.0268  0.0261  0.0260
  0.0301  0.0301  0.0260  0.0256  0.0259  0.0261  0.0261  0.0261  0.0261  0.0261  0.0261  0.0261
  0.0303  0.0275  0.0256  0.0257  0.0281  0.0265  0.0267  0.0269  0.0263  0.0262  0.0262  0.0264
  0.0312  0.0256  0.0256  0.0282  0.0351  0.0274  0.0279  0.0286  0.0272  0.0272  0.0266  0.0270
  0.0329  0.0248  0.0260  0.0348  0.0450  0.0295  0.0299  0.0310  0.0289  0.0292  0.0273  0.0278
niter,ni,del,rscale     7    3    5.0000    1.2000
parameter  2 -0.814465 -> -0.500000 qaram    1.5209
parameters
   -1.4979   -3.3311    5.6606   -9.1544  -13.6313   -4.7234
    0.4817    1.0240    0.5245    1.2814   -0.5584   -7.4829
eta,q 0.97650 13.22878
  0.0295  0.0364  0.0254  0.0277  0.0293  0.0265  0.0262  0.0288  0.0266  0.0294  0.0246  0.0243
  0.0277  0.0324  0.0242  0.0260  0.0268  0.0252  0.0248  0.0260  0.0251  0.0268  0.0240  0.0238
  0.0265  0.0288  0.0234  0.0245  0.0246  0.0242  0.0240  0.0243  0.0242  0.0249  0.0237  0.0235
  0.0259  0.0259  0.0231  0.0232  0.0231  0.0237  0.0237  0.0237  0.0237  0.0237  0.0236  0.0236
  0.0261  0.0239  0.0235  0.0225  0.0239  0.0241  0.0240  0.0243  0.0239  0.0237  0.0237  0.0240
  0.0270  0.0230  0.0244  0.0238  0.0293  0.0252  0.0250  0.0259  0.0249  0.0249  0.0241  0.0246
  0.0287  0.0236  0.0260  0.0290  0.0390  0.0274  0.0270  0.0283  0.0268  0.0270  0.0248  0.0254
niter,ni,del,rscale     7    3    5.0000    1.2000
parameters
   -1.4497   -2.6072    5.6430   -8.9139  -14.2440   -4.7822
    0.3888    1.1463    0.5218    1.9157   -0.7808   -8.1686
eta,q 0.97664 13.21295
  0.0270  0.0320  0.0255  0.0276  0.0299  0.0265  0.0261  0.0287  0.0262  0.0286  0.0244  0.0244
  0.0252  0.0281  0.0243  0.0259  0.0274  0.0252  0.0247  0.0257  0.0247  0.0261  0.0238  0.0238
  0.0240  0.0252  0.0235  0.0245  0.0250  0.0240  0.0238  0.0239  0.0238  0.0243  0.0235  0.0235
  0.0235  0.0235  0.0232  0.0232  0.0231  0.0234  0.0234  0.0234  0.0234  0.0234  0.0234  0.0234
  0.0238  0.0232  0.0234  0.0225  0.0226  0.0237  0.0236  0.0240  0.0236  0.0236  0.0235  0.0236
  0.0249  0.0244  0.0243  0.0237  0.0264  0.0248  0.0246  0.0257  0.0245  0.0250  0.0239  0.0241
  0.0268  0.0274  0.0257  0.0289  0.0352  0.0270  0.0264  0.0282  0.0264  0.0273  0.0245  0.0248
niter,ni,del,rscale     6    3    5.0000    1.2000
parameters
   -1.4489   -2.4621    5.6265   -8.8307  -14.2850   -4.7960
    0.4027    1.2074    0.5237    2.1341   -0.8437   -8.4053
eta,q 0.97667 13.21844
  0.0267  0.0299  0.0256  0.0277  0.0303  0.0265  0.0261  0.0286  0.0261  0.0281  0.0244  0.0245
  0.0249  0.0265  0.0245  0.0260  0.0277  0.0251  0.0246  0.0256  0.0246  0.0257  0.0238  0.0238
  0.0238  0.0242  0.0237  0.0246  0.0254  0.0240  0.0237  0.0238  0.0237  0.0240  0.0234  0.0235
  0.0234  0.0234  0.0234  0.0234  0.0233  0.0233  0.0233  0.0233  0.0233  0.0233  0.0233  0.0233
  0.0237  0.0238  0.0236  0.0227  0.0223  0.0236  0.0235  0.0240  0.0235  0.0237  0.0235  0.0235
  0.0249  0.0256  0.0244  0.0240  0.0252  0.0247  0.0244  0.0257  0.0245  0.0253  0.0238  0.0239
  0.0268  0.0291  0.0258  0.0293  0.0332  0.0270  0.0263  0.0282  0.0263  0.0277  0.0244  0.0246
niter,ni,del,rscale     5    3    5.0000    1.2000
parameters
   -1.4529   -2.4314    5.6101   -8.8252  -14.2706   -4.7934
    0.4197    1.2234    0.5216    2.2048   -0.8661   -8.4680
eta,q 0.97668 13.22108
  0.0267  0.0295  0.0256  0.0276  0.0303  0.0265  0.0261  0.0285  0.0261  0.0279  0.0244  0.0245
  0.0249  0.0262  0.0245  0.0260  0.0278  0.0251  0.0246  0.0255  0.0246  0.0255  0.0238  0.0239
  0.0238  0.0241  0.0237  0.0246  0.0254  0.0240  0.0237  0.0238  0.0237  0.0240  0.0234  0.0235
  0.0233  0.0233  0.0233  0.0233  0.0233  0.0233  0.0233  0.0233  0.0233  0.0233  0.0233  0.0233
  0.0237  0.0238  0.0236  0.0227  0.0223  0.0236  0.0235  0.0240  0.0235  0.0238  0.0234  0.0234
  0.0248  0.0258  0.0244  0.0241  0.0251  0.0247  0.0244  0.0257  0.0244  0.0254  0.0238  0.0239
  0.0268  0.0295  0.0258  0.0295  0.0330  0.0269  0.0262  0.0282  0.0262  0.0278  0.0244  0.0246
registration optimization eta report
parameter search radius
    2.4000    3.6501    2.7600    8.2800    9.5220    7.2000
    7.2000    7.2000    8.2800    8.2800    7.2000    7.2000
100000*second partial in parameter space
       60.       46.       31.        8.       10.        6.
        5.       10.        4.        7.        2.        2.
  0.0267  0.0295  0.0256  0.0276  0.0303  0.0265  0.0261  0.0285  0.0261  0.0279  0.0244  0.0245
  0.0249  0.0262  0.0245  0.0260  0.0278  0.0251  0.0246  0.0255  0.0246  0.0255  0.0238  0.0239
  0.0238  0.0241  0.0237  0.0246  0.0254  0.0240  0.0237  0.0238  0.0237  0.0240  0.0234  0.0235
  0.0233  0.0233  0.0233  0.0233  0.0233  0.0233  0.0233  0.0233  0.0233  0.0233  0.0233  0.0233
  0.0237  0.0238  0.0236  0.0227  0.0223  0.0236  0.0235  0.0240  0.0235  0.0238  0.0234  0.0234
  0.0248  0.0258  0.0244  0.0241  0.0251  0.0247  0.0244  0.0257  0.0244  0.0254  0.0238  0.0239
  0.0268  0.0295  0.0258  0.0295  0.0330  0.0269  0.0262  0.0282  0.0262  0.0278  0.0244  0.0246
   -1.4529   -2.4314    5.6101   -8.8252  -14.2706   -4.7934
    0.4197    1.2234    0.5216    2.2048   -0.8661   -8.4680
eta,q 0.97668 13.22108

---------------------------------------------------------------------
imgreg_4dfp /opt/freesurfer/average/711-2C_as_mni_average_305 /opt/freesurfer/average/711-2B_as_mni_average_305_mask talsrcimg_g11 none talsrcimg_to_711-2C_as_mni_average_305_t4 2311
---------------------------------------------------------------------

freesurfer imgreg_4dfp.c
/opt/freesurfer/average/711-2C_as_mni_average_305.4dfp.img
       256       256       256         1
  1.000000  1.000000  1.000000
orientation T byte_order littleendian
Reading image: /opt/freesurfer/average/711-2C_as_mni_average_305.4dfp.img
dimensions:      256       256       256
mmppix:       1.0000   -1.0000   -1.0000
center:     128.0000 -129.0000 -129.0000
/opt/freesurfer/average/711-2B_as_mni_average_305_mask.4dfp.img
       256       256       256         1
  1.000000  1.000000  1.000000
orientation T byte_order littleendian
Reading mask: /opt/freesurfer/average/711-2B_as_mni_average_305_mask.4dfp.img (2306576 pixels)
talsrcimg_g11.4dfp.img
       256       256       256         1
  1.000000  1.000000  1.000000
orientation T byte_order littleendian
Reading image: talsrcimg_g11.4dfp.img
dimensions:      256       256       256
mmppix:       1.0000   -1.0000   -1.0000
center:     128.0000 -129.0000 -129.0000
fimgreg.f
image alignment mode   2311 decimal      907 hex
parameters
   -1.4529   -2.4314    5.6101   -8.8252  -14.2706   -4.7934
    0.4197    1.2234    0.5216    2.2048   -0.8661   -8.4680
eta,q 0.97668 13.22108
niter,ni,del,rscale     5    3    5.0000    0.8000
parameter  4 -0.516984 -> -0.500000 qaram    1.1500
parameters
   -1.4218   -2.3443    5.6788   -6.0652  -12.7652   -4.9608
   -0.2850    1.7065    0.3551    2.4498   -0.4195   -9.1282
eta,q 0.97798 13.43235
  0.0249  0.0245  0.0242  0.0256  0.0259  0.0238  0.0238  0.0257  0.0237  0.0241  0.0229  0.0225
  0.0241  0.0239  0.0237  0.0248  0.0247  0.0230  0.0227  0.0237  0.0227  0.0230  0.0224  0.0222
  0.0235  0.0235  0.0234  0.0240  0.0237  0.0224  0.0221  0.0225  0.0222  0.0223  0.0221  0.0221
  0.0233  0.0233  0.0233  0.0233  0.0227  0.0221  0.0221  0.0220  0.0220  0.0220  0.0220  0.0220
  0.0235  0.0234  0.0234  0.0228  0.0221  0.0223  0.0226  0.0222  0.0223  0.0222  0.0221  0.0221
  0.0240  0.0237  0.0236  0.0227  0.0223  0.0231  0.0236  0.0230  0.0229  0.0227  0.0223  0.0224
  0.0248  0.0243  0.0241  0.0234  0.0238  0.0242  0.0251  0.0244  0.0239  0.0237  0.0226  0.0229
niter,ni,del,rscale     5    3    5.0000    0.8000
parameters
   -1.5874   -2.5540    5.5319   -7.2556  -12.3168   -4.4807
    0.2767    1.3940    0.1547    2.3137   -0.4939   -9.2233
eta,q 0.97808 13.43791
  0.0238  0.0232  0.0227  0.0241  0.0251  0.0239  0.0245  0.0242  0.0233  0.0237  0.0225  0.0225
  0.0227  0.0225  0.0223  0.0232  0.0240  0.0231  0.0231  0.0228  0.0225  0.0227  0.0222  0.0222
  0.0221  0.0221  0.0220  0.0224  0.0230  0.0224  0.0223  0.0221  0.0220  0.0221  0.0220  0.0220
  0.0220  0.0220  0.0220  0.0220  0.0222  0.0220  0.0220  0.0219  0.0219  0.0219  0.0219  0.0219
  0.0224  0.0223  0.0221  0.0226  0.0219  0.0221  0.0220  0.0224  0.0221  0.0222  0.0220  0.0220
  0.0233  0.0230  0.0225  0.0249  0.0226  0.0225  0.0225  0.0233  0.0226  0.0228  0.0222  0.0222
  0.0247  0.0242  0.0231  0.0292  0.0248  0.0234  0.0235  0.0249  0.0236  0.0239  0.0225  0.0226
niter,ni,del,rscale     4    3    5.0000    0.7000
parameters
   -1.6022   -2.5528    5.5294   -7.4053  -12.1461   -4.3945
    0.2871    1.3379    0.1541    2.3082   -0.5322   -9.2994
eta,q 0.97810 13.44457
  0.0234  0.0232  0.0226  0.0240  0.0243  0.0233  0.0235  0.0239  0.0231  0.0233  0.0224  0.0224
  0.0226  0.0225  0.0222  0.0232  0.0234  0.0226  0.0226  0.0227  0.0224  0.0225  0.0221  0.0221
  0.0221  0.0221  0.0220  0.0225  0.0226  0.0221  0.0221  0.0221  0.0220  0.0221  0.0219  0.0220
  0.0219  0.0219  0.0219  0.0219  0.0219  0.0219  0.0219  0.0219  0.0219  0.0219  0.0219  0.0219
  0.0221  0.0220  0.0220  0.0219  0.0219  0.0221  0.0221  0.0222  0.0220  0.0221  0.0220  0.0219
  0.0226  0.0224  0.0222  0.0228  0.0226  0.0225  0.0226  0.0228  0.0224  0.0226  0.0221  0.0221
  0.0235  0.0232  0.0226  0.0251  0.0245  0.0232  0.0235  0.0239  0.0231  0.0234  0.0224  0.0224
niter,ni,del,rscale     3    3    5.0000    0.6000
parameters
   -1.6023   -2.5625    5.5193   -7.1807  -12.0021   -4.3833
    0.2059    1.3707    0.1417    2.3413   -0.4748   -9.3446
eta,q 0.97818 13.46364
  0.0230  0.0228  0.0224  0.0237  0.0237  0.0229  0.0230  0.0234  0.0227  0.0229  0.0222  0.0222
  0.0224  0.0223  0.0221  0.0230  0.0230  0.0223  0.0223  0.0225  0.0222  0.0223  0.0220  0.0220
  0.0220  0.0220  0.0220  0.0224  0.0223  0.0220  0.0219  0.0220  0.0219  0.0219  0.0219  0.0219
  0.0219  0.0219  0.0219  0.0219  0.0219  0.0218  0.0218  0.0218  0.0218  0.0218  0.0218  0.0218
  0.0220  0.0220  0.0220  0.0218  0.0218  0.0220  0.0220  0.0220  0.0219  0.0219  0.0219  0.0219
  0.0224  0.0223  0.0221  0.0223  0.0224  0.0223  0.0224  0.0225  0.0222  0.0223  0.0220  0.0220
  0.0230  0.0229  0.0224  0.0237  0.0238  0.0229  0.0231  0.0233  0.0227  0.0229  0.0222  0.0222
niter,ni,del,rscale     2    3    5.0000    0.5000
parameters
   -1.6195   -2.5862    5.4986   -6.9394  -11.8581   -4.3846
    0.1660    1.3995    0.1214    2.3802   -0.3775   -9.3806
eta,q 0.97824 13.48228
  0.0226  0.0225  0.0222  0.0232  0.0232  0.0225  0.0226  0.0229  0.0224  0.0225  0.0220  0.0220
  0.0222  0.0221  0.0220  0.0227  0.0226  0.0221  0.0221  0.0222  0.0220  0.0221  0.0219  0.0219
  0.0219  0.0219  0.0219  0.0222  0.0221  0.0219  0.0218  0.0219  0.0218  0.0219  0.0218  0.0218
  0.0218  0.0218  0.0218  0.0218  0.0218  0.0218  0.0218  0.0218  0.0218  0.0218  0.0218  0.0218
  0.0219  0.0219  0.0219  0.0218  0.0218  0.0219  0.0219  0.0219  0.0218  0.0218  0.0218  0.0218
  0.0222  0.0221  0.0220  0.0221  0.0222  0.0221  0.0222  0.0222  0.0221  0.0221  0.0219  0.0219
  0.0226  0.0225  0.0222  0.0231  0.0232  0.0225  0.0227  0.0228  0.0224  0.0225  0.0220  0.0220
niter,ni,del,rscale     1    3    5.0000    0.4000
parameters
   -1.6374   -2.6168    5.4773   -6.7522  -11.7247   -4.3856
    0.1446    1.4110    0.0962    2.4071   -0.2930   -9.4202
eta,q 0.97828 13.49733
  0.0223  0.0222  0.0220  0.0227  0.0228  0.0222  0.0223  0.0224  0.0222  0.0222  0.0219  0.0219
  0.0220  0.0220  0.0219  0.0223  0.0223  0.0219  0.0220  0.0220  0.0219  0.0219  0.0218  0.0218
  0.0218  0.0218  0.0218  0.0220  0.0219  0.0218  0.0218  0.0218  0.0218  0.0218  0.0217  0.0217
  0.0218  0.0218  0.0218  0.0218  0.0217  0.0217  0.0217  0.0217  0.0217  0.0217  0.0217  0.0217
  0.0218  0.0218  0.0218  0.0217  0.0217  0.0218  0.0218  0.0218  0.0218  0.0218  0.0217  0.0217
  0.0220  0.0220  0.0219  0.0220  0.0220  0.0220  0.0220  0.0220  0.0219  0.0219  0.0218  0.0218
  0.0223  0.0223  0.0220  0.0226  0.0227  0.0222  0.0223  0.0224  0.0222  0.0222  0.0219  0.0219
registration optimization eta report
parameter search radius
    0.8000    0.8000    0.8000    2.7600    2.4000    2.4000
    2.4000    2.4000    2.4000    2.4000    2.4000    2.4000
100000*second partial in parameter space
       82.       72.       37.       12.       17.        9.
       10.       12.        8.        8.        3.        3.
  0.0223  0.0222  0.0220  0.0227  0.0228  0.0222  0.0223  0.0224  0.0222  0.0222  0.0219  0.0219
  0.0220  0.0220  0.0219  0.0223  0.0223  0.0219  0.0220  0.0220  0.0219  0.0219  0.0218  0.0218
  0.0218  0.0218  0.0218  0.0220  0.0219  0.0218  0.0218  0.0218  0.0218  0.0218  0.0217  0.0217
  0.0218  0.0218  0.0218  0.0218  0.0217  0.0217  0.0217  0.0217  0.0217  0.0217  0.0217  0.0217
  0.0218  0.0218  0.0218  0.0217  0.0217  0.0218  0.0218  0.0218  0.0218  0.0218  0.0217  0.0217
  0.0220  0.0220  0.0219  0.0220  0.0220  0.0220  0.0220  0.0220  0.0219  0.0219  0.0218  0.0218
  0.0223  0.0223  0.0220  0.0226  0.0227  0.0222  0.0223  0.0224  0.0222  0.0222  0.0219  0.0219
   -1.6374   -2.6168    5.4773   -6.7522  -11.7247   -4.3856
    0.1446    1.4110    0.0962    2.4071   -0.2930   -9.4202
eta,q 0.97828 13.49733

---------------------------------------------------------------------
imgreg_4dfp /opt/freesurfer/average/711-2C_as_mni_average_305 /opt/freesurfer/average/711-2B_as_mni_average_305_mask talsrcimg_g11 none talsrcimg_to_711-2C_as_mni_average_305_t4 2311
---------------------------------------------------------------------

freesurfer imgreg_4dfp.c
/opt/freesurfer/average/711-2C_as_mni_average_305.4dfp.img
       256       256       256         1
  1.000000  1.000000  1.000000
orientation T byte_order littleendian
Reading image: /opt/freesurfer/average/711-2C_as_mni_average_305.4dfp.img
dimensions:      256       256       256
mmppix:       1.0000   -1.0000   -1.0000
center:     128.0000 -129.0000 -129.0000
/opt/freesurfer/average/711-2B_as_mni_average_305_mask.4dfp.img
       256       256       256         1
  1.000000  1.000000  1.000000
orientation T byte_order littleendian
Reading mask: /opt/freesurfer/average/711-2B_as_mni_average_305_mask.4dfp.img (2306576 pixels)
talsrcimg_g11.4dfp.img
       256       256       256         1
  1.000000  1.000000  1.000000
orientation T byte_order littleendian
Reading image: talsrcimg_g11.4dfp.img
dimensions:      256       256       256
mmppix:       1.0000   -1.0000   -1.0000
center:     128.0000 -129.0000 -129.0000
fimgreg.f
image alignment mode   2311 decimal      907 hex
parameters
   -1.6374   -2.6168    5.4773   -6.7522  -11.7247   -4.3856
    0.1446    1.4110    0.0962    2.4071   -0.2930   -9.4202
eta,q 0.97828 13.49732
niter,ni,del,rscale     5    3    5.0000    0.8000
parameters
   -1.6386   -2.7039    5.4285   -7.4062  -12.1304   -4.2706
    0.3609    1.3450    0.1636    2.3061   -0.4559   -9.1619
eta,q 0.97807 13.45643
  0.0239  0.0233  0.0226  0.0237  0.0244  0.0236  0.0241  0.0245  0.0234  0.0237  0.0225  0.0226
  0.0227  0.0225  0.0221  0.0229  0.0234  0.0228  0.0229  0.0230  0.0226  0.0227  0.0222  0.0223
  0.0220  0.0219  0.0218  0.0221  0.0224  0.0222  0.0222  0.0222  0.0221  0.0221  0.0220  0.0220
  0.0217  0.0217  0.0217  0.0217  0.0218  0.0219  0.0219  0.0219  0.0219  0.0219  0.0219  0.0219
  0.0220  0.0220  0.0218  0.0220  0.0220  0.0221  0.0221  0.0223  0.0221  0.0222  0.0220  0.0220
  0.0227  0.0226  0.0222  0.0233  0.0235  0.0226  0.0227  0.0232  0.0225  0.0228  0.0222  0.0221
  0.0239  0.0238  0.0227  0.0262  0.0263  0.0235  0.0237  0.0246  0.0233  0.0238  0.0226  0.0225
niter,ni,del,rscale     4    3    5.0000    0.7000
parameters
   -1.6063   -2.5862    5.4976   -7.2152  -12.1815   -4.3813
    0.2359    1.3738    0.1727    2.3152   -0.4835   -9.2382
eta,q 0.97812 13.45337
  0.0235  0.0234  0.0227  0.0237  0.0241  0.0231  0.0234  0.0240  0.0231  0.0233  0.0223  0.0223
  0.0226  0.0226  0.0223  0.0230  0.0232  0.0225  0.0225  0.0228  0.0224  0.0225  0.0221  0.0221
  0.0221  0.0222  0.0220  0.0224  0.0224  0.0220  0.0220  0.0221  0.0220  0.0220  0.0219  0.0219
  0.0219  0.0219  0.0219  0.0219  0.0219  0.0219  0.0219  0.0219  0.0219  0.0219  0.0219  0.0219
  0.0221  0.0220  0.0220  0.0218  0.0219  0.0221  0.0221  0.0221  0.0220  0.0220  0.0219  0.0219
  0.0225  0.0223  0.0222  0.0223  0.0228  0.0226  0.0226  0.0228  0.0224  0.0225  0.0221  0.0221
  0.0233  0.0230  0.0225  0.0238  0.0248  0.0233  0.0236  0.0239  0.0230  0.0233  0.0223  0.0224
niter,ni,del,rscale     3    3    5.0000    0.6000
parameters
   -1.6146   -2.5685    5.5138   -6.9458  -12.0596   -4.4076
    0.1766    1.4101    0.1445    2.3551   -0.4136   -9.3114
eta,q 0.97820 13.46957
  0.0230  0.0228  0.0224  0.0234  0.0237  0.0228  0.0230  0.0234  0.0227  0.0229  0.0222  0.0221
  0.0224  0.0223  0.0221  0.0228  0.0230  0.0223  0.0223  0.0225  0.0222  0.0223  0.0220  0.0220
  0.0220  0.0220  0.0219  0.0222  0.0223  0.0219  0.0219  0.0220  0.0219  0.0219  0.0218  0.0218
  0.0219  0.0219  0.0219  0.0219  0.0218  0.0218  0.0218  0.0218  0.0218  0.0218  0.0218  0.0218
  0.0220  0.0220  0.0219  0.0218  0.0218  0.0219  0.0220  0.0220  0.0219  0.0219  0.0218  0.0218
  0.0224  0.0223  0.0221  0.0222  0.0224  0.0223  0.0224  0.0225  0.0222  0.0223  0.0220  0.0220
  0.0230  0.0228  0.0224  0.0232  0.0238  0.0229  0.0231  0.0233  0.0227  0.0228  0.0221  0.0222
niter,ni,del,rscale     2    3    5.0000    0.5000
parameters
   -1.6318   -2.5899    5.4957   -6.7668  -11.8983   -4.4054
    0.1586    1.4220    0.1186    2.3905   -0.3379   -9.3579
eta,q 0.97826 13.48604
  0.0226  0.0224  0.0221  0.0229  0.0232  0.0225  0.0227  0.0228  0.0224  0.0225  0.0220  0.0220
  0.0221  0.0221  0.0220  0.0224  0.0226  0.0221  0.0221  0.0222  0.0220  0.0221  0.0219  0.0219
  0.0219  0.0219  0.0218  0.0220  0.0221  0.0218  0.0218  0.0219  0.0218  0.0218  0.0218  0.0218
  0.0218  0.0218  0.0218  0.0218  0.0218  0.0217  0.0217  0.0217  0.0217  0.0217  0.0217  0.0217
  0.0219  0.0219  0.0218  0.0218  0.0218  0.0218  0.0219  0.0219  0.0218  0.0218  0.0218  0.0218
  0.0222  0.0221  0.0220  0.0221  0.0222  0.0221  0.0222  0.0222  0.0221  0.0221  0.0219  0.0219
  0.0226  0.0225  0.0222  0.0228  0.0232  0.0225  0.0227  0.0228  0.0224  0.0225  0.0220  0.0220
niter,ni,del,rscale     1    3    5.0000    0.4000
parameters
   -1.6473   -2.6221    5.4769   -6.6415  -11.7435   -4.3976
    0.1407    1.4278    0.1024    2.4187   -0.2698   -9.4000
eta,q 0.97829 13.50005
  0.0223  0.0222  0.0220  0.0225  0.0228  0.0222  0.0223  0.0224  0.0222  0.0222  0.0219  0.0219
  0.0220  0.0219  0.0218  0.0222  0.0223  0.0219  0.0220  0.0220  0.0219  0.0219  0.0218  0.0218
  0.0218  0.0218  0.0218  0.0219  0.0220  0.0218  0.0218  0.0218  0.0218  0.0218  0.0217  0.0217
  0.0217  0.0217  0.0217  0.0217  0.0217  0.0217  0.0217  0.0217  0.0217  0.0217  0.0217  0.0217
  0.0218  0.0218  0.0218  0.0218  0.0217  0.0218  0.0218  0.0218  0.0218  0.0218  0.0217  0.0217
  0.0220  0.0220  0.0219  0.0220  0.0220  0.0219  0.0220  0.0220  0.0219  0.0219  0.0218  0.0218
  0.0223  0.0223  0.0220  0.0225  0.0226  0.0222  0.0223  0.0224  0.0222  0.0222  0.0219  0.0219
registration optimization eta report
parameter search radius
    0.8000    0.8000    0.8000    2.4000    2.4000    2.4000
    2.4000    2.4000    2.4000    2.4000    2.4000    2.4000
100000*second partial in parameter space
       84.       72.       37.       13.       17.        9.
       11.       12.        8.        8.        3.        3.
  0.0223  0.0222  0.0220  0.0225  0.0228  0.0222  0.0223  0.0224  0.0222  0.0222  0.0219  0.0219
  0.0220  0.0219  0.0218  0.0222  0.0223  0.0219  0.0220  0.0220  0.0219  0.0219  0.0218  0.0218
  0.0218  0.0218  0.0218  0.0219  0.0220  0.0218  0.0218  0.0218  0.0218  0.0218  0.0217  0.0217
  0.0217  0.0217  0.0217  0.0217  0.0217  0.0217  0.0217  0.0217  0.0217  0.0217  0.0217  0.0217
  0.0218  0.0218  0.0218  0.0218  0.0217  0.0218  0.0218  0.0218  0.0218  0.0218  0.0217  0.0217
  0.0220  0.0220  0.0219  0.0220  0.0220  0.0219  0.0220  0.0220  0.0219  0.0219  0.0218  0.0218
  0.0223  0.0223  0.0220  0.0225  0.0226  0.0222  0.0223  0.0224  0.0222  0.0222  0.0219  0.0219
   -1.6473   -2.6221    5.4769   -6.6415  -11.7435   -4.3976
    0.1407    1.4278    0.1024    2.4187   -0.2698   -9.4000
eta,q 0.97829 13.50005

---------------------------------------------------------------------
compute_vox2vox talsrcimg talsrcimg_to_711-2C_as_mni_average_305_t4 /opt/freesurfer/average/711-2C_as_mni_average_305
---------------------------------------------------------------------

freesurfer compute_vox2vox.c
Reading: talsrcimg.4dfp.ifh
Reading: talsrcimg_to_711-2C_as_mni_average_305_t4
Reading: /opt/freesurfer/average/711-2C_as_mni_average_305.4dfp.ifh
Writing: talsrcimg_to_711-2C_as_mni_average_305_t4_vox2vox.txt

start time Mon Mar 9 16:12:09 CET 2026
end		time Mon Mar 9 16:12:23 CET 2026

mpr2mni305 success

avi2talxfm orig_nu.mgz /opt/freesurfer/average/mni305.cor.mgz talsrcimg_to_711-2C_as_mni_average_305_t4_vox2vox.txt transforms/talairach.auto.xfm
avi2talxfm done
mv -f /out/sourcedata/freesurfer/sub-v1s22x0050519_ses-1/mri/talsrcimg_to_711-2C_as_mni_average_305_t4_vox2vox.txt /out/sourcedata/freesurfer/sub-v1s22x0050519_ses-1/mri/transforms/talsrcimg_to_711-2C_as_mni_average_305_t4_vox2vox.txt
lta_convert --src orig_nu.mgz --trg /opt/freesurfer/average/mni305.cor.mgz --inxfm transforms/talairach.auto.xfm --outlta transforms/talairach.auto.xfm.lta --subject fsaverage
7.3.2

--src: orig_nu.mgz src image (geometry).
--trg: /opt/freesurfer/average/mni305.cor.mgz trg image (geometry).
--inmni: transforms/talairach.auto.xfm input MNI/XFM transform.
--outlta: transforms/talairach.auto.xfm.lta output LTA.
--s: fsaverage subject name
 LTA read, type : 1
 1.07110  -0.01591  -0.00340   1.95763;
 0.00289   1.04314   0.11110  -51.32108;
-0.00132  -0.02857   1.13002  -43.38242;
 0.00000   0.00000   0.00000   1.00000;
setting subject to fsaverage
Writing  LTA to file transforms/talairach.auto.xfm.lta...
lta_convert successful.
 
 
Started at Mon Mar 9 16:12:09 CET 2026
Ended   at Mon Mar  9 16:12:23 CET 2026
talairach_avi done
