status file for recon-all
Mon Mar  9 16:38:00 CET 2026
#@# MotionCor Mon Mar  9 16:38:07 CET 2026
#@# Talairach Mon Mar  9 16:38:26 CET 2026
#@# Talairach Failure Detection Mon Mar  9 16:42:49 CET 2026
#@# Nu Intensity Correction Mon Mar  9 16:42:50 CET 2026
#@# Intensity Normalization Mon Mar  9 16:46:05 CET 2026
recon-all -s sub-v1s22x0050527_ses-1 finished without error at Mon Mar  9 16:47:38 CET 2026



#New# invocation of recon-all 



status file for recon-all
Mon Mar  9 16:58:43 CET 2026
#@# EM Registration Mon Mar  9 16:58:43 CET 2026
recon-all -s sub-v1s22x0050527_ses-1 finished without error at Mon Mar  9 17:00:34 CET 2026



#New# invocation of recon-all 



status file for recon-all
Mon Mar  9 17:00:37 CET 2026
#@# CA Normalize Mon Mar  9 17:00:37 CET 2026
#@# CA Reg Mon Mar  9 17:02:00 CET 2026
#@# SubCort Seg Mon Mar  9 17:38:17 CET 2026
#@# CC Seg Mon Mar  9 18:06:06 CET 2026
#@# Merge ASeg Mon Mar  9 18:06:45 CET 2026
#@# Intensity Normalization2 Mon Mar  9 18:06:45 CET 2026
#@# Mask BFS Mon Mar  9 18:09:02 CET 2026
#@# WM Segmentation Mon Mar  9 18:09:02 CET 2026
#@# Fill Mon Mar  9 18:10:55 CET 2026
recon-all -s sub-v1s22x0050527_ses-1 finished without error at Mon Mar  9 18:11:57 CET 2026



#New# invocation of recon-all 



status file for recon-all
Mon Mar  9 18:56:26 CET 2026
#@# white curv lh Mon Mar  9 18:56:26 CET 2026
#@# white area lh Mon Mar  9 18:56:26 CET 2026
#@# pial curv lh Mon Mar  9 18:56:26 CET 2026
#@# pial area lh Mon Mar  9 18:56:26 CET 2026
#@# thickness lh Mon Mar  9 18:56:26 CET 2026
#@# area and vertex vol lh Mon Mar  9 18:56:26 CET 2026
#@# white curv rh Mon Mar  9 18:56:26 CET 2026
#@# white area rh Mon Mar  9 18:56:26 CET 2026
#@# pial curv rh Mon Mar  9 18:56:26 CET 2026
#@# pial area rh Mon Mar  9 18:56:26 CET 2026
#@# thickness rh Mon Mar  9 18:56:26 CET 2026
#@# area and vertex vol rh Mon Mar  9 18:56:26 CET 2026
#@# Cortical ribbon mask Mon Mar  9 18:56:26 CET 2026
recon-all -s sub-v1s22x0050527_ses-1 finished without error at Mon Mar  9 19:01:43 CET 2026



#New# invocation of recon-all 



status file for recon-all
Mon Mar  9 19:08:31 CET 2026
#@# white curv lh Mon Mar  9 19:08:31 CET 2026
#@# white area lh Mon Mar  9 19:08:31 CET 2026
#@# pial curv lh Mon Mar  9 19:08:31 CET 2026
#@# pial area lh Mon Mar  9 19:08:31 CET 2026
#@# thickness lh Mon Mar  9 19:08:31 CET 2026
#@# area and vertex vol lh Mon Mar  9 19:08:31 CET 2026
#@# white curv rh Mon Mar  9 19:08:31 CET 2026
#@# white area rh Mon Mar  9 19:08:31 CET 2026
#@# pial curv rh Mon Mar  9 19:08:31 CET 2026
#@# pial area rh Mon Mar  9 19:08:31 CET 2026
#@# thickness rh Mon Mar  9 19:08:31 CET 2026
#@# area and vertex vol rh Mon Mar  9 19:08:31 CET 2026
#@# Curvature Stats lh Mon Mar  9 19:08:31 CET 2026
#@# Curvature Stats rh Mon Mar  9 19:08:33 CET 2026
#@# Relabel Hypointensities Mon Mar  9 19:08:36 CET 2026
#@# APas-to-ASeg Mon Mar  9 19:08:51 CET 2026
#@# AParc-to-ASeg aparc Mon Mar  9 19:08:59 CET 2026
#@# AParc-to-ASeg aparc.a2009s Mon Mar  9 19:09:35 CET 2026
#@# AParc-to-ASeg aparc.DKTatlas Mon Mar  9 19:10:11 CET 2026
#@# WMParc Mon Mar  9 19:10:47 CET 2026
#@# ASeg Stats Mon Mar  9 19:14:22 CET 2026
recon-all -s sub-v1s22x0050527_ses-1 finished without error at Mon Mar  9 19:14:53 CET 2026
