status file for recon-all
Mon Mar  9 18:35:22 CET 2026
#@# Tessellate rh Mon Mar  9 18:35:22 CET 2026
#@# Smooth1 rh Mon Mar  9 18:35:25 CET 2026
#@# Inflation1 rh Mon Mar  9 18:35:28 CET 2026
#@# QSphere rh Mon Mar  9 18:35:39 CET 2026
#@# Fix Topology rh Mon Mar  9 18:36:51 CET 2026
#@# Smooth2 rh Mon Mar  9 18:42:01 CET 2026
#@# Inflation2 rh Mon Mar  9 18:42:03 CET 2026
#@# Curv .H and .K rh Mon Mar  9 18:42:16 CET 2026
#@# Sphere rh Mon Mar  9 18:43:06 CET 2026
#@# Surf Reg rh Mon Mar  9 18:45:17 CET 2026
#@# Jacobian white rh Mon Mar  9 18:48:56 CET 2026
#@# AvgCurv rh Mon Mar  9 18:48:56 CET 2026
#@# Cortical Parc rh Mon Mar  9 18:48:57 CET 2026
#@# white curv rh Mon Mar  9 18:55:14 CET 2026
#@# white area rh Mon Mar  9 18:55:16 CET 2026
#@# pial curv rh Mon Mar  9 18:55:17 CET 2026
#@# pial area rh Mon Mar  9 18:55:18 CET 2026
#@# thickness rh Mon Mar  9 18:55:19 CET 2026
#@# area and vertex vol rh Mon Mar  9 18:55:51 CET 2026
#@# Curvature Stats rh Mon Mar  9 18:55:52 CET 2026
#@# Cortical Parc 2 rh Mon Mar  9 18:55:54 CET 2026
#@# Cortical Parc 3 rh Mon Mar  9 18:56:08 CET 2026
#@# WM/GM Contrast rh Mon Mar  9 18:56:18 CET 2026
recon-all -s sub-v1s22x0050527_ses-1 finished without error at Mon Mar  9 18:56:23 CET 2026



#New# invocation of recon-all 



status file for recon-all
Mon Mar  9 19:05:10 CET 2026
#@# white curv rh Mon Mar  9 19:05:10 CET 2026
#@# white area rh Mon Mar  9 19:05:10 CET 2026
#@# pial curv rh Mon Mar  9 19:05:10 CET 2026
#@# pial area rh Mon Mar  9 19:05:10 CET 2026
#@# thickness rh Mon Mar  9 19:05:10 CET 2026
#@# area and vertex vol rh Mon Mar  9 19:05:10 CET 2026
#@# Parcellation Stats rh Mon Mar  9 19:05:10 CET 2026
#@# Parcellation Stats 2 rh Mon Mar  9 19:05:31 CET 2026
#@# Parcellation Stats 3 rh Mon Mar  9 19:05:41 CET 2026
#@# BA_exvivo Labels rh Mon Mar  9 19:05:52 CET 2026
recon-all -s sub-v1s22x0050527_ses-1 finished without error at Mon Mar  9 19:08:26 CET 2026
