status file for recon-all
Mon Mar  9 18:12:01 CET 2026
#@# Tessellate lh Mon Mar  9 18:12:01 CET 2026
#@# Smooth1 lh Mon Mar  9 18:12:05 CET 2026
#@# Inflation1 lh Mon Mar  9 18:12:08 CET 2026
#@# QSphere lh Mon Mar  9 18:12:17 CET 2026
#@# Fix Topology lh Mon Mar  9 18:13:26 CET 2026
#@# Smooth2 lh Mon Mar  9 18:18:46 CET 2026
#@# Inflation2 lh Mon Mar  9 18:18:49 CET 2026
#@# Curv .H and .K lh Mon Mar  9 18:19:01 CET 2026
#@# Sphere lh Mon Mar  9 18:19:53 CET 2026
#@# Surf Reg lh Mon Mar  9 18:22:00 CET 2026
#@# Jacobian white lh Mon Mar  9 18:27:40 CET 2026
#@# AvgCurv lh Mon Mar  9 18:27:41 CET 2026
#@# Cortical Parc lh Mon Mar  9 18:27:41 CET 2026
#@# white curv lh Mon Mar  9 18:34:11 CET 2026
#@# white area lh Mon Mar  9 18:34:13 CET 2026
#@# pial curv lh Mon Mar  9 18:34:13 CET 2026
#@# pial area lh Mon Mar  9 18:34:15 CET 2026
#@# thickness lh Mon Mar  9 18:34:16 CET 2026
#@# area and vertex vol lh Mon Mar  9 18:34:48 CET 2026
#@# Curvature Stats lh Mon Mar  9 18:34:49 CET 2026
#@# Cortical Parc 2 lh Mon Mar  9 18:34:52 CET 2026
#@# Cortical Parc 3 lh Mon Mar  9 18:35:06 CET 2026
#@# WM/GM Contrast lh Mon Mar  9 18:35:16 CET 2026
recon-all -s sub-v1s22x0050527_ses-1 finished without error at Mon Mar  9 18:35:21 CET 2026



#New# invocation of recon-all 



status file for recon-all
Mon Mar  9 19:01:48 CET 2026
#@# white curv lh Mon Mar  9 19:01:48 CET 2026
#@# white area lh Mon Mar  9 19:01:48 CET 2026
#@# pial curv lh Mon Mar  9 19:01:48 CET 2026
#@# pial area lh Mon Mar  9 19:01:48 CET 2026
#@# thickness lh Mon Mar  9 19:01:48 CET 2026
#@# area and vertex vol lh Mon Mar  9 19:01:48 CET 2026
#@# Parcellation Stats lh Mon Mar  9 19:01:48 CET 2026
#@# Parcellation Stats 2 lh Mon Mar  9 19:02:10 CET 2026
#@# Parcellation Stats 3 lh Mon Mar  9 19:02:20 CET 2026
#@# BA_exvivo Labels lh Mon Mar  9 19:02:31 CET 2026
recon-all -s sub-v1s22x0050527_ses-1 finished without error at Mon Mar  9 19:05:06 CET 2026
