/out/sourcedata/freesurfer/sub-v1s22x0050518_ses-1/mri
/opt/freesurfer/bin/talairach_avi
--i orig_nu.mgz --xfm transforms/talairach.auto.xfm
talairach_avi 7.3.2
Linux dna060 5.14.0-427.37.1.el9_4.x86_64 #1 SMP PREEMPT_DYNAMIC Fri Sep 13 12:41:50 EDT 2024 x86_64 x86_64 x86_64 GNU/Linux
Mon Mar  9 16:13:58 CET 2026
mri_convert orig_nu.mgz talsrcimg.img 
reading from orig_nu.mgz...
TR=0.00, TE=0.00, TI=0.00, flip angle=0.00
i_ras = (-1, 0, 0)
j_ras = (0, 0, -1)
k_ras = (0, 1, 0)
writing to talsrcimg.img...
Analyze Output Matrix
-1.00000   0.00000   0.00000   128.05127;
 0.00000   0.00000   1.00000  -83.71804;
 0.00000  -1.00000   0.00000   117.05577;
 0.00000   0.00000   0.00000   1.00000;
--------------------
INFO: set hdr.hist.orient to -1
mpr2mni305 talsrcimg
Mon Mar  9 16:13:59 CET 2026
/opt/freesurfer/bin/mpr2mni305 talsrcimg
mpr2mni305 7.3.2
target=711-2C_as_mni_average_305

---------------------------------------------------------------------
analyzeto4dfp talsrcimg -O0 -y
---------------------------------------------------------------------

freesurfer ifh2hdr.c
Mon Mar  9 16:13:59 2026
Writing: talsrcimg.4dfp.hdr
freesurfer analyzeto4dfp.c
Reading: talsrcimg.hdr
header size 348 bytes
hdr.dime.datatype	offset=70	value=2
hdr.dime.bitpix		offset=72	value=8
hdr.hist.orient		offset=252	value=-1
dimensionality     4
dimensions       256       256       256         1
Reading: talsrcimg.img
Writing: talsrcimg.4dfp.img
Writing: talsrcimg.4dfp.ifh
ifh2hdr talsrcimg -r0to255
ori=2

---------------------------------------------------------------------
gauss_4dfp talsrcimg 1.1
---------------------------------------------------------------------

freesurfer gauss_4dfp.c
Reading: talsrcimg.4dfp.img
Writing: talsrcimg_g11.4dfp.img
image dimensions 256 256 256 padded to 288 288 288
processing volume 1freesurfer ifh2hdr.c
Mon Mar  9 16:14:01 2026
Writing: talsrcimg_g11.4dfp.hdr

Writing: talsrcimg_g11.4dfp.ifh
including: talsrcimg.4dfp.img.rec in talsrcimg_g11.4dfp.img.rec

---------------------------------------------------------------------
imgreg_4dfp /opt/freesurfer/average/711-2C_as_mni_average_305 none talsrcimg_g11 none talsrcimg_to_711-2C_as_mni_average_305_t4 4355
---------------------------------------------------------------------

freesurfer imgreg_4dfp.c
/opt/freesurfer/average/711-2C_as_mni_average_305.4dfp.img
       256       256       256         1
  1.000000  1.000000  1.000000
orientation T byte_order littleendian
Reading image: /opt/freesurfer/average/711-2C_as_mni_average_305.4dfp.img
dimensions:      256       256       256
mmppix:       1.0000   -1.0000   -1.0000
center:     128.0000 -129.0000 -129.0000
talsrcimg_g11.4dfp.img
       256       256       256         1
  1.000000  1.000000  1.000000
orientation T byte_order littleendian
Reading image: talsrcimg_g11.4dfp.img
dimensions:      256       256       256
mmppix:       1.0000   -1.0000   -1.0000
center:     128.0000 -129.0000 -129.0000
t4_read: open error in t4_sub.f l:  41 t4_file(1:l)talsrcimg_to_711-2C_as_mni_average_305_t4 
t4_read: transform initialized to I4
rotation matrix determinant  1.000000
image alignment mode   4355 decimal     1103 hex
   -7.5000  -45.0000  -45.0000 6805.4878   14.2182
    0.0000  -45.0000  -45.0000 7055.3706   14.2118
    7.5000  -45.0000  -45.0000 6766.5474   14.1973
   -7.5000  -37.5000  -45.0000 7398.6875   13.8610
    0.0000  -37.5000  -45.0000 7700.5269   13.8551
    7.5000  -37.5000  -45.0000 7359.1377   13.8428
   -7.5000  -30.0000  -45.0000 8335.8545   13.5712
    0.0000  -30.0000  -45.0000 8710.4072   13.5620
    7.5000  -30.0000  -45.0000 8292.0264   13.5480
   -7.5000  -22.5000  -45.0000 9350.9541   13.4375
    0.0000  -22.5000  -45.0000 9797.0020   13.4259
    7.5000  -22.5000  -45.0000 9300.2598   13.4091
   -7.5000  -15.0000  -45.000010369.4961   13.3580
    0.0000  -15.0000  -45.000010866.7949   13.3466
    7.5000  -15.0000  -45.000010296.9053   13.3291
   -7.5000   -7.5000  -45.000011336.7412   13.3309
    0.0000   -7.5000  -45.000011881.0225   13.3228
    7.5000   -7.5000  -45.000011234.6270   13.3077
   -7.5000    0.0000  -45.000012183.7197   13.3393
    0.0000    0.0000  -45.000012773.5449   13.3343
    7.5000    0.0000  -45.000012075.4062   13.3225
   -7.5000    7.5000  -45.000012122.4678   13.3531
    0.0000    7.5000  -45.000012700.7178   13.3474
    7.5000    7.5000  -45.000012005.4883   13.3363
   -7.5000   15.0000  -45.000011968.6865   13.3581
    0.0000   15.0000  -45.000012546.1289   13.3494
    7.5000   15.0000  -45.000011865.4473   13.3361
   -7.5000   22.5000  -45.000011745.7734   13.3443
    0.0000   22.5000  -45.000012299.8506   13.3332
    7.5000   22.5000  -45.000011626.8438   13.3169
   -7.5000   30.0000  -45.000011315.3984   13.1540
    0.0000   30.0000  -45.000011844.6270   13.1431
    7.5000   30.0000  -45.000011192.9102   13.1259
   -7.5000   37.5000  -45.000011237.7920   13.1521
    0.0000   37.5000  -45.000011779.5537   13.1442
    7.5000   37.5000  -45.000011115.3623   13.1293
   -7.5000   45.0000  -45.000010571.0645   12.8273
    0.0000   45.0000  -45.000011112.1631   12.8225
    7.5000   45.0000  -45.000010468.3525   12.8111
   -7.5000  -45.0000  -37.5000 7164.0098   14.2120
    0.0000  -45.0000  -37.5000 7457.3887   14.2033
    7.5000  -45.0000  -37.5000 7118.6426   14.1935
   -7.5000  -37.5000  -37.5000 7816.2363   13.8534
    0.0000  -37.5000  -37.5000 8165.1694   13.8451
    7.5000  -37.5000  -37.5000 7764.9434   13.8365
   -7.5000  -30.0000  -37.5000 8820.3262   13.5615
    0.0000  -30.0000  -37.5000 9227.9746   13.5507
    7.5000  -30.0000  -37.5000 8758.3311   13.5412
   -7.5000  -22.5000  -37.5000 9901.1270   13.4277
    0.0000  -22.5000  -37.500010376.2275   13.4157
    7.5000  -22.5000  -37.5000 9826.6299   13.4047
   -7.5000  -15.0000  -37.500010973.6201   13.3502
    0.0000  -15.0000  -37.500011486.5010   13.3384
    7.5000  -15.0000  -37.500010885.2363   13.3271
   -7.5000   -7.5000  -37.500011988.3477   13.3242
    0.0000   -7.5000  -37.500012551.8760   13.3148
    7.5000   -7.5000  -37.500011891.9619   13.3051
   -7.5000    0.0000  -37.500012892.9795   13.3323
    0.0000    0.0000  -37.500013498.6328   13.3253
    7.5000    0.0000  -37.500012774.7578   13.3176
   -7.5000    7.5000  -37.500012831.7744   13.3445
    0.0000    7.5000  -37.500013428.3477   13.3366
    7.5000    7.5000  -37.500012711.4482   13.3290
   -7.5000   15.0000  -37.500012668.2080   13.3475
    0.0000   15.0000  -37.500013266.1240   13.3373
    7.5000   15.0000  -37.500012526.3379   13.3284
   -7.5000   22.5000  -37.500012392.9248   13.3339
    0.0000   22.5000  -37.500012987.0664   13.3224
    7.5000   22.5000  -37.500012259.7871   13.3119
   -7.5000   30.0000  -37.500011893.0049   13.1461
    0.0000   30.0000  -37.500012455.2500   13.1348
    7.5000   30.0000  -37.500011779.0830   13.1237
   -7.5000   37.5000  -37.500011782.8740   13.1455
    0.0000   37.5000  -37.500012360.0049   13.1362
    7.5000   37.5000  -37.500011669.0293   13.1267
   -7.5000   45.0000  -37.500011106.8428   12.8206
    0.0000   45.0000  -37.500011680.7998   12.8139
    7.5000   45.0000  -37.500010997.1738   12.8065
   -7.5000  -45.0000  -30.0000 7672.4727   14.8128
    0.0000  -45.0000  -30.0000 7995.8398   14.8065
    7.5000  -45.0000  -30.0000 7624.9375   14.8021
   -7.5000  -37.5000  -30.0000 8387.5811   14.4409
    0.0000  -37.5000  -30.0000 8777.5244   14.4340
    7.5000  -37.5000  -30.0000 8348.2764   14.4308
   -7.5000  -30.0000  -30.0000 9469.5430   14.1350
    0.0000  -30.0000  -30.0000 9928.9307   14.1250
    7.5000  -30.0000  -30.0000 9416.6846   14.1218
   -7.5000  -22.5000  -30.000010611.2529   13.9927
    0.0000  -22.5000  -30.000011131.1865   13.9806
    7.5000  -22.5000  -30.000010550.6768   13.9760
   -7.5000  -15.0000  -30.000011743.1768   13.9108
    0.0000  -15.0000  -30.000012303.5332   13.8989
    7.5000  -15.0000  -30.000011669.7803   13.8934
   -7.5000   -7.5000  -30.000012827.6240   13.8836
    0.0000   -7.5000  -30.000013436.7178   13.8755
    7.5000   -7.5000  -30.000012755.9922   13.8711
   -7.5000    0.0000  -30.000013796.1533   13.8939
    0.0000    0.0000  -30.000014453.1885   13.8889
    7.5000    0.0000  -30.000013712.6123   13.8860
   -7.5000    7.5000  -30.000013720.3477   13.9086
    0.0000    7.5000  -30.000014385.9189   13.9022
    7.5000    7.5000  -30.000013628.7832   13.8996
   -7.5000   15.0000  -30.000013532.0195   13.9106
    0.0000   15.0000  -30.000014204.2490   13.9011
    7.5000   15.0000  -30.000013415.6270   13.8983
   -7.5000   22.5000  -30.000013217.0078   13.8928
    0.0000   22.5000  -30.000013905.1826   13.8813
    7.5000   22.5000  -30.000013116.6445   13.8771
   -7.5000   30.0000  -30.000012671.3721   13.6992
    0.0000   30.0000  -30.000013330.9199   13.6878
    7.5000   30.0000  -30.000012592.9805   13.6824
   -7.5000   37.5000  -30.000012514.5811   13.6987
    0.0000   37.5000  -30.000013168.2041   13.6908
    7.5000   37.5000  -30.000012434.8945   13.6864
   -7.5000   45.0000  -30.000011789.3955   13.3705
    0.0000   45.0000  -30.000012396.9961   13.3657
    7.5000   45.0000  -30.000011719.1758   13.3629
   -7.5000  -45.0000  -22.5000 8140.1235   15.3263
    0.0000  -45.0000  -22.5000 8507.4355   15.3264
    7.5000  -45.0000  -22.5000 8126.6436   15.3225
   -7.5000  -37.5000  -22.5000 8919.7139   14.9463
    0.0000  -37.5000  -22.5000 9333.9023   14.9443
    7.5000  -37.5000  -22.5000 8898.3301   14.9429
   -7.5000  -30.0000  -22.500010067.0195   14.6309
    0.0000  -30.0000  -22.500010541.2725   14.6234
    7.5000  -30.0000  -22.500010034.1904   14.6224
   -7.5000  -22.5000  -22.500011272.4043   14.4795
    0.0000  -22.5000  -22.500011805.1875   14.4680
    7.5000  -22.5000  -22.500011235.1064   14.4644
   -7.5000  -15.0000  -22.500012473.2119   14.3900
    0.0000  -15.0000  -22.500013059.8291   14.3796
    7.5000  -15.0000  -22.500012431.6475   14.3739
   -7.5000   -7.5000  -22.500013623.1914   14.3608
    0.0000   -7.5000  -22.500014276.1943   14.3571
    7.5000   -7.5000  -22.500013588.2041   14.3525
   -7.5000    0.0000  -22.500014660.5117   14.3750
    0.0000    0.0000  -22.500015358.3320   14.3757
    7.5000    0.0000  -22.500014600.4531   14.3733
   -7.5000    7.5000  -22.500014576.9150   14.3951
    0.0000    7.5000  -22.500015304.4199   14.3934
    7.5000    7.5000  -22.500014503.9414   14.3925
   -7.5000   15.0000  -22.500014357.2422   14.3985
    0.0000   15.0000  -22.500015090.6172   14.3916
    7.5000   15.0000  -22.500014269.8252   14.3908
   -7.5000   22.5000  -22.500014038.9219   14.3753
    0.0000   22.5000  -22.500014780.4775   14.3644
    7.5000   22.5000  -22.500013963.8457   14.3611
   -7.5000   30.0000  -22.500013451.0381   14.1733
    0.0000   30.0000  -22.500014191.5215   14.1633
    7.5000   30.0000  -22.500013404.3330   14.1577
   -7.5000   37.5000  -22.500013272.3301   14.1717
    0.0000   37.5000  -22.500013984.8135   14.1681
    7.5000   37.5000  -22.500013219.3584   14.1636
   -7.5000   45.0000  -22.500012519.4824   13.8439
    0.0000   45.0000  -22.500013144.7246   13.8445
    7.5000   45.0000  -22.500012433.3652   13.8422
   -7.5000  -45.0000  -15.0000 8592.9844   15.6943
    0.0000  -45.0000  -15.0000 8976.2607   15.6974
    7.5000  -45.0000  -15.0000 8598.6826   15.6884
   -7.5000  -37.5000  -15.0000 9424.1924   15.3089
    0.0000  -37.5000  -15.0000 9879.7119   15.3092
    7.5000  -37.5000  -15.0000 9421.9834   15.3035
   -7.5000  -30.0000  -15.000010638.3154   14.9898
    0.0000  -30.0000  -15.000011142.5322   14.9828
    7.5000  -30.0000  -15.000010621.5898   14.9769
   -7.5000  -22.5000  -15.000011912.8838   14.8342
    0.0000  -22.5000  -15.000012470.1650   14.8219
    7.5000  -22.5000  -15.000011878.7070   14.8123
   -7.5000  -15.0000  -15.000013176.1211   14.7382
    0.0000  -15.0000  -15.000013800.8545   14.7281
    7.5000  -15.0000  -15.000013131.3555   14.7162
   -7.5000   -7.5000  -15.000014401.5869   14.7057
    0.0000   -7.5000  -15.000015113.4453   14.7042
    7.5000   -7.5000  -15.000014371.0977   14.6941
   -7.5000    0.0000  -15.000015518.7783   14.7214
    0.0000    0.0000  -15.000016293.9814   14.7248
    7.5000    0.0000  -15.000015493.3232   14.7180
   -7.5000    7.5000  -15.000015405.8154   14.7458
    0.0000    7.5000  -15.000016227.4922   14.7462
    7.5000    7.5000  -15.000015407.7490   14.7413
   -7.5000   15.0000  -15.000015150.1299   14.7529
    0.0000   15.0000  -15.000015984.1836   14.7464
    7.5000   15.0000  -15.000015150.8281   14.7408
   -7.5000   22.5000  -15.000014831.2959   14.7274
    0.0000   22.5000  -15.000015628.1523   14.7158
    7.5000   22.5000  -15.000014794.2139   14.7065
   -7.5000   30.0000  -15.000014200.8711   14.5185
    0.0000   30.0000  -15.000014985.7070   14.5089
    7.5000   30.0000  -15.000014182.5977   14.4972
   -7.5000   37.5000  -15.000014010.8174   14.5142
    0.0000   37.5000  -15.000014759.2119   14.5126
    7.5000   37.5000  -15.000013946.6426   14.5027
   -7.5000   45.0000  -15.000013206.7900   14.1860
    0.0000   45.0000  -15.000013856.5967   14.1892
    7.5000   45.0000  -15.000013079.3691   14.1827
   -7.5000  -45.0000   -7.5000 9055.8232   15.8747
    0.0000  -45.0000   -7.5000 9441.6543   15.8735
    7.5000  -45.0000   -7.5000 9055.8027   15.8584
   -7.5000  -37.5000   -7.5000 9940.6875   15.4816
    0.0000  -37.5000   -7.500010418.1201   15.4793
    7.5000  -37.5000   -7.5000 9933.3037   15.4676
   -7.5000  -30.0000   -7.500011200.5938   15.1607
    0.0000  -30.0000   -7.500011742.6455   15.1522
    7.5000  -30.0000   -7.500011183.6367   15.1389
   -7.5000  -22.5000   -7.500012549.1191   15.0077
    0.0000  -22.5000   -7.500013129.2676   14.9946
    7.5000  -22.5000   -7.500012509.6816   14.9774
   -7.5000  -15.0000   -7.500013849.7920   14.9132
    0.0000  -15.0000   -7.500014501.2607   14.9015
    7.5000  -15.0000   -7.500013810.3857   14.8826
   -7.5000   -7.5000   -7.500015116.5830   14.8804
    0.0000   -7.5000   -7.500015866.0381   14.8753
    7.5000   -7.5000   -7.500015080.6064   14.8592
   -7.5000    0.0000   -7.500016375.0225   14.8928
    0.0000    0.0000   -7.500017212.0820   14.8924
    7.5000    0.0000   -7.500016359.7998   14.8803
   -7.5000    7.5000   -7.500016332.4307   14.9141
    0.0000    7.5000   -7.500017296.2168   14.9119
    7.5000    7.5000   -7.500016385.5820   14.9013
   -7.5000   15.0000   -7.500016053.9238   14.9224
    0.0000   15.0000   -7.500017040.2070   14.9145
    7.5000   15.0000   -7.500016124.7637   14.9018
   -7.5000   22.5000   -7.500015715.2285   14.8986
    0.0000   22.5000   -7.500016580.7871   14.8862
    7.5000   22.5000   -7.500015727.2900   14.8694
   -7.5000   30.0000   -7.500015023.1650   14.6908
    0.0000   30.0000   -7.500015830.3848   14.6795
    7.5000   30.0000   -7.500014980.8262   14.6610
   -7.5000   37.5000   -7.500014768.6074   14.6862
    0.0000   37.5000   -7.500015535.6621   14.6812
    7.5000   37.5000   -7.500014647.4189   14.6653
   -7.5000   45.0000   -7.500013863.8848   14.3538
    0.0000   45.0000   -7.500014577.9053   14.3535
    7.5000   45.0000   -7.500013696.2559   14.3418
   -7.5000  -45.0000    0.0000 9454.5078   15.9041
    0.0000  -45.0000    0.0000 9878.9727   15.8968
    7.5000  -45.0000    0.0000 9439.0342   15.8807
   -7.5000  -37.5000    0.000010350.8232   15.5047
    0.0000  -37.5000    0.000010841.8975   15.4981
    7.5000  -37.5000    0.000010346.2695   15.4844
   -7.5000  -30.0000    0.000011635.1709   15.1807
    0.0000  -30.0000    0.000012186.1797   15.1704
    7.5000  -30.0000    0.000011652.3457   15.1548
   -7.5000  -22.5000    0.000013020.6797   15.0312
    0.0000  -22.5000    0.000013627.6133   15.0182
    7.5000  -22.5000    0.000013054.8838   14.9995
   -7.5000  -15.0000    0.000014365.4521   14.9422
    0.0000  -15.0000    0.000015031.6943   14.9294
    7.5000  -15.0000    0.000014380.1055   14.9100
   -7.5000   -7.5000    0.000015664.7812   14.9119
    0.0000   -7.5000    0.000016388.9453   14.9028
    7.5000   -7.5000    0.000015653.0000   14.8860
   -7.5000    0.0000    0.000017030.9355   14.9213
    0.0000    0.0000    0.000017932.1250   14.9157
    7.5000    0.0000    0.000017040.2676   14.9025
   -7.5000    7.5000    0.000017267.3945   14.9368
    0.0000    7.5000    0.000018495.6484   14.9304
    7.5000    7.5000    0.000017299.2441   14.9180
   -7.5000   15.0000    0.000017099.4160   14.9425
    0.0000   15.0000    0.000018244.4297   14.9327
    7.5000   15.0000    0.000017068.4277   14.9179
   -7.5000   22.5000    0.000016691.2031   14.9221
    0.0000   22.5000    0.000017534.3457   14.9097
    7.5000   22.5000    0.000016527.4395   14.8915
   -7.5000   30.0000    0.000015915.9609   14.7198
    0.0000   30.0000    0.000016634.8125   14.7075
    7.5000   30.0000    0.000015662.8848   14.6884
   -7.5000   37.5000    0.000015521.4570   14.7177
    0.0000   37.5000    0.000016224.3447   14.7087
    7.5000   37.5000    0.000015264.1719   14.6921
   -7.5000   45.0000    0.000014489.7705   14.3824
    0.0000   45.0000    0.000015150.0244   14.3770
    7.5000   45.0000    0.000014236.7295   14.3643
   -7.5000  -45.0000    7.5000 9075.5361   15.9036
    0.0000  -45.0000    7.5000 9500.4766   15.8939
    7.5000  -45.0000    7.5000 9071.5850   15.8829
   -7.5000  -37.5000    7.5000 9964.8154   15.5024
    0.0000  -37.5000    7.500010444.6348   15.4930
    7.5000  -37.5000    7.5000 9976.2637   15.4834
   -7.5000  -30.0000    7.500011225.7695   15.1757
    0.0000  -30.0000    7.500011777.4082   15.1636
    7.5000  -30.0000    7.500011262.7158   15.1529
   -7.5000  -22.5000    7.500012521.6279   15.0259
    0.0000  -22.5000    7.500013141.9043   15.0125
    7.5000  -22.5000    7.500012590.0479   15.0003
   -7.5000  -15.0000    7.500013765.4277   14.9392
    0.0000  -15.0000    7.500014423.7451   14.9260
    7.5000  -15.0000    7.500013821.7588   14.9134
   -7.5000   -7.5000    7.500014998.6221   14.9101
    0.0000   -7.5000    7.500015661.7695   14.8996
    7.5000   -7.5000    7.500015007.3750   14.8888
   -7.5000    0.0000    7.500016380.3740   14.9192
    0.0000    0.0000    7.500017164.0430   14.9114
    7.5000    0.0000    7.500016369.2529   14.9027
   -7.5000    7.5000    7.500016726.4160   14.9329
    0.0000    7.5000    7.500017771.2129   14.9240
    7.5000    7.5000    7.500016607.0039   14.9155
   -7.5000   15.0000    7.500016703.7852   14.9362
    0.0000   15.0000    7.500017564.5879   14.9247
    7.5000   15.0000    7.500016342.3242   14.9148
   -7.5000   22.5000    7.500016264.3164   14.9161
    0.0000   22.5000    7.500016952.0840   14.9033
    7.5000   22.5000    7.500015799.8408   14.8915
   -7.5000   30.0000    7.500015389.5957   14.7166
    0.0000   30.0000    7.500016060.7881   14.7039
    7.5000   30.0000    7.500014991.6084   14.6915
   -7.5000   37.5000    7.500014886.8174   14.7159
    0.0000   37.5000    7.500015571.0996   14.7055
    7.5000   37.5000    7.500014615.6514   14.6949
   -7.5000   45.0000    7.500013829.2822   14.3804
    0.0000   45.0000    7.500014465.3926   14.3728
    7.5000   45.0000    7.500013633.3506   14.3645
   -7.5000  -45.0000   15.0000 8562.1748   15.9147
    0.0000  -45.0000   15.0000 8986.7656   15.9079
    7.5000  -45.0000   15.0000 8563.1367   15.9032
   -7.5000  -37.5000   15.0000 9428.7246   15.5149
    0.0000  -37.5000   15.0000 9911.3750   15.5075
    7.5000  -37.5000   15.0000 9414.8604   15.5040
   -7.5000  -30.0000   15.000010612.6162   15.1861
    0.0000  -30.0000   15.000011152.8320   15.1754
    7.5000  -30.0000   15.000010605.7812   15.1719
   -7.5000  -22.5000   15.000011854.0312   15.0331
    0.0000  -22.5000   15.000012426.4873   15.0201
    7.5000  -22.5000   15.000011842.4873   15.0152
   -7.5000  -15.0000   15.000013080.4961   14.9451
    0.0000  -15.0000   15.000013666.1357   14.9323
    7.5000  -15.0000   15.000013043.2031   14.9264
   -7.5000   -7.5000   15.000014304.9082   14.9159
    0.0000   -7.5000   15.000014920.5020   14.9072
    7.5000   -7.5000   15.000014268.0498   14.9025
   -7.5000    0.0000   15.000015578.2803   14.9269
    0.0000    0.0000   15.000016300.3535   14.9216
    7.5000    0.0000   15.000015592.4307   14.9185
   -7.5000    7.5000   15.000015621.4316   14.9428
    0.0000    7.5000   15.000016467.1289   14.9358
    7.5000    7.5000   15.000015673.0352   14.9331
   -7.5000   15.0000   15.000015401.1592   14.9448
    0.0000   15.0000   15.000016143.4082   14.9347
    7.5000   15.0000   15.000015388.9980   14.9317
   -7.5000   22.5000   15.000015074.9199   14.9225
    0.0000   22.5000   15.000015759.8965   14.9101
    7.5000   22.5000   15.000014991.6719   14.9056
   -7.5000   30.0000   15.000014420.4141   14.7220
    0.0000   30.0000   15.000015141.8057   14.7098
    7.5000   30.0000   15.000014317.0234   14.7040
   -7.5000   37.5000   15.000014021.4834   14.7216
    0.0000   37.5000   15.000014732.8320   14.7130
    7.5000   37.5000   15.000013951.3359   14.7083
   -7.5000   45.0000   15.000013069.6729   14.3879
    0.0000   45.0000   15.000013713.2002   14.3827
    7.5000   45.0000   15.000012987.4023   14.3797
   -7.5000  -45.0000   22.5000 7977.2876   16.0196
    0.0000  -45.0000   22.5000 8374.2686   16.0198
    7.5000  -45.0000   22.5000 7955.1001   16.0158
   -7.5000  -37.5000   22.5000 8800.6797   15.6210
    0.0000  -37.5000   22.5000 9254.8975   15.6188
    7.5000  -37.5000   22.5000 8761.8359   15.6175
   -7.5000  -30.0000   22.5000 9928.4541   15.2894
    0.0000  -30.0000   22.500010421.5088   15.2815
    7.5000  -30.0000   22.5000 9879.2695   15.2806
   -7.5000  -22.5000   22.500011107.7520   15.1303
    0.0000  -22.5000   22.500011633.7969   15.1182
    7.5000  -22.5000   22.500011051.9795   15.1145
   -7.5000  -15.0000   22.500012251.0371   15.0363
    0.0000  -15.0000   22.500012814.1943   15.0254
    7.5000  -15.0000   22.500012211.2412   15.0194
   -7.5000   -7.5000   22.500013389.0723   15.0056
    0.0000   -7.5000   22.500013988.6787   15.0018
    7.5000   -7.5000   22.500013417.5596   14.9970
   -7.5000    0.0000   22.500014483.8242   15.0204
    0.0000    0.0000   22.500015167.5410   15.0212
    7.5000    0.0000   22.500014587.0586   15.0188
   -7.5000    7.5000   22.500014437.8604   15.0414
    0.0000    7.5000   22.500015125.2715   15.0396
    7.5000    7.5000   22.500014542.3018   15.0389
   -7.5000   15.0000   22.500014160.7295   15.0450
    0.0000   15.0000   22.500014759.0605   15.0377
    7.5000   15.0000   22.500014232.4092   15.0370
   -7.5000   22.5000   22.500013885.8291   15.0185
    0.0000   22.5000   22.500014476.6436   15.0070
    7.5000   22.5000   22.500013920.3350   15.0036
   -7.5000   30.0000   22.500013380.2900   14.8117
    0.0000   30.0000   22.500013991.6445   14.8013
    7.5000   30.0000   22.500013386.3857   14.7954
   -7.5000   37.5000   22.500013101.4971   14.8101
    0.0000   37.5000   22.500013715.9707   14.8064
    7.5000   37.5000   22.500013096.9268   14.8017
   -7.5000   45.0000   22.500012244.7188   14.4780
    0.0000   45.0000   22.500012827.5371   14.4787
    7.5000   45.0000   22.500012222.6963   14.4764
   -7.5000  -45.0000   30.0000 7331.2725   16.2334
    0.0000  -45.0000   30.0000 7687.2124   16.2367
    7.5000  -45.0000   30.0000 7337.0039   16.2275
   -7.5000  -37.5000   30.0000 8092.6260   15.8334
    0.0000  -37.5000   30.0000 8513.1133   15.8338
    7.5000  -37.5000   30.0000 8096.1860   15.8281
   -7.5000  -30.0000   30.0000 9127.0732   15.5029
    0.0000  -30.0000   30.0000 9608.9854   15.4956
    7.5000  -30.0000   30.0000 9136.9697   15.4896
   -7.5000  -22.5000   30.000010217.2734   15.3407
    0.0000  -22.5000   30.000010738.4736   15.3278
    7.5000  -22.5000   30.000010220.8291   15.3179
   -7.5000  -15.0000   30.000011284.9629   15.2397
    0.0000  -15.0000   30.000011844.4805   15.2290
    7.5000  -15.0000   30.000011293.4189   15.2166
   -7.5000   -7.5000   30.000012348.2500   15.2056
    0.0000   -7.5000   30.000012936.0176   15.2038
    7.5000   -7.5000   30.000012392.5381   15.1934
   -7.5000    0.0000   30.000013365.6182   15.2219
    0.0000    0.0000   30.000014003.3945   15.2255
    7.5000    0.0000   30.000013432.4287   15.2187
   -7.5000    7.5000   30.000013276.1191   15.2474
    0.0000    7.5000   30.000013888.8145   15.2480
    7.5000    7.5000   30.000013347.0859   15.2431
   -7.5000   15.0000   30.000013039.2178   15.2548
    0.0000   15.0000   30.000013584.7305   15.2481
    7.5000   15.0000   30.000013082.5586   15.2425
   -7.5000   22.5000   30.000012809.6504   15.2265
    0.0000   22.5000   30.000013351.0371   15.2143
    7.5000   22.5000   30.000012839.6289   15.2048
   -7.5000   30.0000   30.000012377.4482   15.0119
    0.0000   30.0000   30.000012908.9805   15.0017
    7.5000   30.0000   30.000012372.6270   14.9896
   -7.5000   37.5000   30.000012155.3916   15.0075
    0.0000   37.5000   30.000012712.0166   15.0058
    7.5000   37.5000   30.000012132.5596   14.9955
   -7.5000   45.0000   30.000011353.9805   14.6722
    0.0000   45.0000   30.000011871.9424   14.6756
    7.5000   45.0000   30.000011339.0283   14.6690
   -7.5000  -45.0000   37.5000 6973.1533   16.5715
    0.0000  -45.0000   37.5000 7305.7891   16.5717
    7.5000  -45.0000   37.5000 7003.9551   16.5556
   -7.5000  -37.5000   37.5000 7689.4609   16.1577
    0.0000  -37.5000   37.5000 8097.8862   16.1566
    7.5000  -37.5000   37.5000 7732.2505   16.1445
   -7.5000  -30.0000   37.5000 8707.1201   15.8205
    0.0000  -30.0000   37.5000 9182.4375   15.8123
    7.5000  -30.0000   37.5000 8726.6865   15.7986
   -7.5000  -22.5000   37.5000 9770.3799   15.6577
    0.0000  -22.5000   37.500010292.6279   15.6443
    7.5000  -22.5000   37.5000 9776.5576   15.6265
   -7.5000  -15.0000   37.500010786.4346   15.5551
    0.0000  -15.0000   37.500011335.5381   15.5432
    7.5000  -15.0000   37.500010799.3408   15.5233
   -7.5000   -7.5000   37.500011774.4473   15.5204
    0.0000   -7.5000   37.500012372.9248   15.5159
    7.5000   -7.5000   37.500011844.1523   15.4988
   -7.5000    0.0000   37.500012729.2734   15.5347
    0.0000    0.0000   37.500013370.2920   15.5357
    7.5000    0.0000   37.500012811.4590   15.5230
   -7.5000    7.5000   37.500012668.1357   15.5578
    0.0000    7.5000   37.500013247.6172   15.5567
    7.5000    7.5000   37.500012727.4570   15.5459
   -7.5000   15.0000   37.500012438.3682   15.5659
    0.0000   15.0000   37.500012981.0430   15.5583
    7.5000   15.0000   37.500012486.7178   15.5455
   -7.5000   22.5000   37.500012202.9854   15.5395
    0.0000   22.5000   37.500012732.6934   15.5269
    7.5000   22.5000   37.500012257.5361   15.5095
   -7.5000   30.0000   37.500011814.9941   15.3222
    0.0000   30.0000   37.500012349.4590   15.3109
    7.5000   30.0000   37.500011845.3174   15.2913
   -7.5000   37.5000   37.500011635.6299   15.3182
    0.0000   37.5000   37.500012182.5469   15.3138
    7.5000   37.5000   37.500011638.6943   15.2969
   -7.5000   45.0000   37.500010877.1055   14.9737
    0.0000   45.0000   37.500011396.6846   14.9746
    7.5000   45.0000   37.500010875.2168   14.9623
   -7.5000  -45.0000   45.0000 6359.4653   16.9714
    0.0000  -45.0000   45.0000 6646.7427   16.9640
    7.5000  -45.0000   45.0000 6388.6548   16.9455
   -7.5000  -37.5000   45.0000 7023.5708   16.5355
    0.0000  -37.5000   45.0000 7368.5352   16.5286
    7.5000  -37.5000   45.0000 7053.8604   16.5134
   -7.5000  -30.0000   45.0000 7932.3247   16.1834
    0.0000  -30.0000   45.0000 8361.2949   16.1718
    7.5000  -30.0000   45.0000 7974.7671   16.1553
   -7.5000  -22.5000   45.0000 8915.5488   16.0196
    0.0000  -22.5000   45.0000 9396.6641   16.0051
    7.5000  -22.5000   45.0000 8928.5352   15.9857
   -7.5000  -15.0000   45.0000 9848.3516   15.9175
    0.0000  -15.0000   45.000010365.7959   15.9035
    7.5000  -15.0000   45.0000 9874.6758   15.8829
   -7.5000   -7.5000   45.000010769.4736   15.8829
    0.0000   -7.5000   45.000011320.4795   15.8732
    7.5000   -7.5000   45.000010836.1504   15.8547
   -7.5000    0.0000   45.000011607.3740   15.8942
    0.0000    0.0000   45.000012199.2500   15.8885
    7.5000    0.0000   45.000011691.8896   15.8737
   -7.5000    7.5000   45.000011555.9121   15.9122
    0.0000    7.5000   45.000012108.3643   15.9056
    7.5000    7.5000   45.000011613.4355   15.8920
   -7.5000   15.0000   45.000011349.6064   15.9186
    0.0000   15.0000   45.000011885.4326   15.9078
    7.5000   15.0000   45.000011415.1396   15.8922
   -7.5000   22.5000   45.000011138.3330   15.8954
    0.0000   22.5000   45.000011649.4297   15.8816
    7.5000   22.5000   45.000011202.9775   15.8628
   -7.5000   30.0000   45.000010806.6787   15.6769
    0.0000   30.0000   45.000011307.8867   15.6635
    7.5000   30.0000   45.000010845.4258   15.6433
   -7.5000   37.5000   45.000010654.4814   15.6745
    0.0000   37.5000   45.000011164.6895   15.6650
    7.5000   37.5000   45.000010675.7773   15.6467
   -7.5000   45.0000   45.0000 9968.5713   15.3271
    0.0000   45.0000   45.000010441.2412   15.3216
    7.5000   45.0000   45.0000 9977.9697   15.3073

---------------------------------------------------------------------
imgreg_4dfp /opt/freesurfer/average/711-2C_as_mni_average_305 /opt/freesurfer/average/711-2B_as_mni_average_305_mask talsrcimg_g11 none talsrcimg_to_711-2C_as_mni_average_305_t4 4355
---------------------------------------------------------------------

freesurfer imgreg_4dfp.c
/opt/freesurfer/average/711-2C_as_mni_average_305.4dfp.img
       256       256       256         1
  1.000000  1.000000  1.000000
orientation T byte_order littleendian
Reading image: /opt/freesurfer/average/711-2C_as_mni_average_305.4dfp.img
dimensions:      256       256       256
mmppix:       1.0000   -1.0000   -1.0000
center:     128.0000 -129.0000 -129.0000
/opt/freesurfer/average/711-2B_as_mni_average_305_mask.4dfp.img
       256       256       256         1
  1.000000  1.000000  1.000000
orientation T byte_order littleendian
Reading mask: /opt/freesurfer/average/711-2B_as_mni_average_305_mask.4dfp.img (2306576 pixels)
talsrcimg_g11.4dfp.img
       256       256       256         1
  1.000000  1.000000  1.000000
orientation T byte_order littleendian
Reading image: talsrcimg_g11.4dfp.img
dimensions:      256       256       256
mmppix:       1.0000   -1.0000   -1.0000
center:     128.0000 -129.0000 -129.0000
rotation matrix determinant  1.000000
image alignment mode   4355 decimal     1103 hex
   -7.5000  -37.5000  -45.0000 2036.6282   19.1020
    0.0000  -37.5000  -45.0000 2045.7949   19.0727
    7.5000  -37.5000  -45.0000 2036.4100   19.1073
   -7.5000  -30.0000  -45.0000 2155.5737   17.0813
    0.0000  -30.0000  -45.0000 2168.9312   17.0776
    7.5000  -30.0000  -45.0000 2149.2417   17.0425
   -7.5000  -22.5000  -45.0000 2268.9321   15.5112
    0.0000  -22.5000  -45.0000 2280.1331   15.5075
    7.5000  -22.5000  -45.0000 2261.7742   15.4458
   -7.5000  -15.0000  -45.0000 2356.9648   14.3016
    0.0000  -15.0000  -45.0000 2369.0264   14.3436
    7.5000  -15.0000  -45.0000 2342.1936   14.2840
   -7.5000   -7.5000  -45.0000 2408.8694   13.5102
    0.0000   -7.5000  -45.0000 2417.2395   13.5199
    7.5000   -7.5000  -45.0000 2388.4995   13.4930
   -7.5000    0.0000  -45.0000 2435.7964   12.9665
    0.0000    0.0000  -45.0000 2448.0276   12.9233
    7.5000    0.0000  -45.0000 2419.5828   12.9754
   -7.5000    7.5000  -45.0000 2446.2419   12.6517
    0.0000    7.5000  -45.0000 2462.0522   12.6083
    7.5000    7.5000  -45.0000 2438.0203   12.6544
   -7.5000   15.0000  -45.0000 2444.5701   12.5718
    0.0000   15.0000  -45.0000 2460.2422   12.5132
    7.5000   15.0000  -45.0000 2443.0859   12.5680
   -7.5000   22.5000  -45.0000 2434.8669   12.6643
    0.0000   22.5000  -45.0000 2454.0635   12.6138
    7.5000   22.5000  -45.0000 2436.4692   12.6512
   -7.5000   30.0000  -45.0000 2410.9651   12.9671
    0.0000   30.0000  -45.0000 2429.2412   12.8814
    7.5000   30.0000  -45.0000 2412.3984   12.9349
   -7.5000   37.5000  -45.0000 2370.5862   13.5308
    0.0000   37.5000  -45.0000 2392.5134   13.4500
    7.5000   37.5000  -45.0000 2373.9182   13.4894
   -7.5000   45.0000  -45.0000 2305.2151   14.3207
    0.0000   45.0000  -45.0000 2326.6895   14.2788
    7.5000   45.0000  -45.0000 2311.2275   14.3000
   -7.5000   52.5000  -45.0000 2207.3752   15.2911
    0.0000   52.5000  -45.0000 2226.3623   15.2709
    7.5000   52.5000  -45.0000 2210.6104   15.3054
   -7.5000  -37.5000  -37.5000 2097.8933   17.8728
    0.0000  -37.5000  -37.5000 2106.5356   17.8946
    7.5000  -37.5000  -37.5000 2094.8401   17.8808
   -7.5000  -30.0000  -37.5000 2227.2646   16.0413
    0.0000  -30.0000  -37.5000 2239.0962   16.0592
    7.5000  -30.0000  -37.5000 2215.5103   16.0115
   -7.5000  -22.5000  -37.5000 2339.6931   14.5569
    0.0000  -22.5000  -37.5000 2355.8523   14.5582
    7.5000  -22.5000  -37.5000 2327.7832   14.5144
   -7.5000  -15.0000  -37.5000 2427.9006   13.3933
    0.0000  -15.0000  -37.5000 2441.0398   13.3692
    7.5000  -15.0000  -37.5000 2412.8645   13.3517
   -7.5000   -7.5000  -37.5000 2487.0869   12.5605
    0.0000   -7.5000  -37.5000 2500.5894   12.5149
    7.5000   -7.5000  -37.5000 2473.9153   12.5344
   -7.5000    0.0000  -37.5000 2521.3108   12.0373
    0.0000    0.0000  -37.5000 2534.1206   11.9688
    7.5000    0.0000  -37.5000 2514.2217   12.0358
   -7.5000    7.5000  -37.5000 2542.6438   11.7432
    0.0000    7.5000  -37.5000 2557.9851   11.6802
    7.5000    7.5000  -37.5000 2538.5530   11.7539
   -7.5000   15.0000  -37.5000 2543.3057   11.6625
    0.0000   15.0000  -37.5000 2560.3945   11.6032
    7.5000   15.0000  -37.5000 2539.3064   11.6528
   -7.5000   22.5000  -37.5000 2539.0410   11.7601
    0.0000   22.5000  -37.5000 2555.6858   11.6785
    7.5000   22.5000  -37.5000 2536.0120   11.7299
   -7.5000   30.0000  -37.5000 2509.2185   12.0333
    0.0000   30.0000  -37.5000 2528.0867   11.9462
    7.5000   30.0000  -37.5000 2511.1094   12.0252
   -7.5000   37.5000  -37.5000 2465.1301   12.5481
    0.0000   37.5000  -37.5000 2488.6440   12.4667
    7.5000   37.5000  -37.5000 2469.5032   12.5403
   -7.5000   45.0000  -37.5000 2399.6997   13.2723
    0.0000   45.0000  -37.5000 2422.0068   13.2118
    7.5000   45.0000  -37.5000 2404.7495   13.2654
   -7.5000   52.5000  -37.5000 2293.4143   14.1629
    0.0000   52.5000  -37.5000 2316.7026   14.1196
    7.5000   52.5000  -37.5000 2296.6890   14.1897
   -7.5000  -37.5000  -30.0000 2189.2783   17.4800
    0.0000  -37.5000  -30.0000 2204.6484   17.5126
    7.5000  -37.5000  -30.0000 2188.1125   17.5615
   -7.5000  -30.0000  -30.0000 2325.0227   15.6457
    0.0000  -30.0000  -30.0000 2343.0017   15.6311
    7.5000  -30.0000  -30.0000 2320.0012   15.6781
   -7.5000  -22.5000  -30.0000 2440.0227   14.1556
    0.0000  -22.5000  -30.0000 2458.9724   14.1104
    7.5000  -22.5000  -30.0000 2431.1831   14.1554
   -7.5000  -15.0000  -30.0000 2535.0723   12.9912
    0.0000  -15.0000  -30.0000 2552.2573   12.9336
    7.5000  -15.0000  -30.0000 2521.0725   12.9656
   -7.5000   -7.5000  -30.0000 2604.4165   12.1558
    0.0000   -7.5000  -30.0000 2619.6467   12.0813
    7.5000   -7.5000  -30.0000 2596.0408   12.1261
   -7.5000    0.0000  -30.0000 2650.5681   11.5913
    0.0000    0.0000  -30.0000 2663.2168   11.5173
    7.5000    0.0000  -30.0000 2648.8201   11.5722
   -7.5000    7.5000  -30.0000 2677.7222   11.2865
    0.0000    7.5000  -30.0000 2699.4827   11.1977
    7.5000    7.5000  -30.0000 2677.9680   11.2759
   -7.5000   15.0000  -30.0000 2686.1028   11.1719
    0.0000   15.0000  -30.0000 2704.3462   11.1126
    7.5000   15.0000  -30.0000 2682.5039   11.1883
   -7.5000   22.5000  -30.0000 2679.8484   11.2751
    0.0000   22.5000  -30.0000 2701.9158   11.2101
    7.5000   22.5000  -30.0000 2683.3821   11.2968
   -7.5000   30.0000  -30.0000 2655.3101   11.5677
    0.0000   30.0000  -30.0000 2676.7056   11.4865
    7.5000   30.0000  -30.0000 2658.8853   11.5838
   -7.5000   37.5000  -30.0000 2607.3828   12.0584
    0.0000   37.5000  -30.0000 2633.0220   11.9628
    7.5000   37.5000  -30.0000 2611.8442   12.0758
   -7.5000   45.0000  -30.0000 2530.2568   12.7745
    0.0000   45.0000  -30.0000 2554.0786   12.6865
    7.5000   45.0000  -30.0000 2539.2869   12.7849
   -7.5000   52.5000  -30.0000 2417.4846   13.6598
    0.0000   52.5000  -30.0000 2437.8440   13.5773
    7.5000   52.5000  -30.0000 2424.2639   13.6755
   -7.5000  -37.5000  -22.5000 2245.1038   17.0524
    0.0000  -37.5000  -22.5000 2264.8931   17.0295
    7.5000  -37.5000  -22.5000 2249.1675   17.1774
   -7.5000  -30.0000  -22.5000 2383.8242   15.2127
    0.0000  -30.0000  -22.5000 2405.0649   15.1595
    7.5000  -30.0000  -22.5000 2383.0420   15.2669
   -7.5000  -22.5000  -22.5000 2501.9426   13.7312
    0.0000  -22.5000  -22.5000 2519.0586   13.6497
    7.5000  -22.5000  -22.5000 2496.4648   13.7346
   -7.5000  -15.0000  -22.5000 2605.9309   12.5658
    0.0000  -15.0000  -22.5000 2621.8142   12.4831
    7.5000  -15.0000  -22.5000 2600.4883   12.5643
   -7.5000   -7.5000  -22.5000 2685.8311   11.6990
    0.0000   -7.5000  -22.5000 2702.8398   11.6161
    7.5000   -7.5000  -22.5000 2681.5361   11.7043
   -7.5000    0.0000  -22.5000 2744.9668   11.1107
    0.0000    0.0000  -22.5000 2763.1836   11.0466
    7.5000    0.0000  -22.5000 2743.8318   11.1354
   -7.5000    7.5000  -22.5000 2778.2695   10.7779
    0.0000    7.5000  -22.5000 2802.3667   10.6886
    7.5000    7.5000  -22.5000 2780.0312   10.8090
   -7.5000   15.0000  -22.5000 2794.4751   10.6387
    0.0000   15.0000  -22.5000 2818.2969   10.5767
    7.5000   15.0000  -22.5000 2790.7581   10.7042
   -7.5000   22.5000  -22.5000 2793.5562   10.7687
    0.0000   22.5000  -22.5000 2813.8293   10.6921
    7.5000   22.5000  -22.5000 2798.0615   10.8179
   -7.5000   30.0000  -22.5000 2767.5818   11.0784
    0.0000   30.0000  -22.5000 2794.1587   10.9885
    7.5000   30.0000  -22.5000 2777.6309   11.1027
   -7.5000   37.5000  -22.5000 2717.5889   11.5363
    0.0000   37.5000  -22.5000 2743.1221   11.4355
    7.5000   37.5000  -22.5000 2729.2183   11.5611
   -7.5000   45.0000  -22.5000 2639.3542   12.2306
    0.0000   45.0000  -22.5000 2660.0544   12.1333
    7.5000   45.0000  -22.5000 2648.8364   12.2544
   -7.5000   52.5000  -22.5000 2517.4097   13.1172
    0.0000   52.5000  -22.5000 2532.9224   13.0158
    7.5000   52.5000  -22.5000 2522.4277   13.1449
   -7.5000  -37.5000  -15.0000 2267.6018   16.7428
    0.0000  -37.5000  -15.0000 2290.1489   16.6919
    7.5000  -37.5000  -15.0000 2275.7429   16.9015
   -7.5000  -30.0000  -15.0000 2401.1672   14.8886
    0.0000  -30.0000  -15.0000 2422.7859   14.8295
    7.5000  -30.0000  -15.0000 2404.0320   14.9536
   -7.5000  -22.5000  -15.0000 2523.5283   13.4092
    0.0000  -22.5000  -15.0000 2544.6406   13.3058
    7.5000  -22.5000  -15.0000 2521.1831   13.4357
   -7.5000  -15.0000  -15.0000 2638.5706   12.2328
    0.0000  -15.0000  -15.0000 2654.7888   12.1235
    7.5000  -15.0000  -15.0000 2635.6497   12.2472
   -7.5000   -7.5000  -15.0000 2730.0771   11.3595
    0.0000   -7.5000  -15.0000 2750.9055   11.2712
    7.5000   -7.5000  -15.0000 2731.0037   11.3726
   -7.5000    0.0000  -15.0000 2798.4172   10.7346
    0.0000    0.0000  -15.0000 2821.2954   10.6583
    7.5000    0.0000  -15.0000 2804.4688   10.7871
   -7.5000    7.5000  -15.0000 2844.1421   10.3814
    0.0000    7.5000  -15.0000 2873.9421   10.2929
    7.5000    7.5000  -15.0000 2855.4121   10.4565
   -7.5000   15.0000  -15.0000 2875.8403   10.2032
    0.0000   15.0000  -15.0000 2905.3623   10.1130
    7.5000   15.0000  -15.0000 2877.8640   10.2936
   -7.5000   22.5000  -15.0000 2876.3704   10.3266
    0.0000   22.5000  -15.0000 2897.8210   10.2199
    7.5000   22.5000  -15.0000 2877.9858   10.4029
   -7.5000   30.0000  -15.0000 2840.8660   10.6276
    0.0000   30.0000  -15.0000 2866.0674   10.5228
    7.5000   30.0000  -15.0000 2856.7727   10.6746
   -7.5000   37.5000  -15.0000 2785.7524   11.0812
    0.0000   37.5000  -15.0000 2811.5483   10.9662
    7.5000   37.5000  -15.0000 2803.7007   11.1228
   -7.5000   45.0000  -15.0000 2706.0798   11.7803
    0.0000   45.0000  -15.0000 2724.0996   11.6601
    7.5000   45.0000  -15.0000 2713.7109   11.8326
   -7.5000   52.5000  -15.0000 2577.8379   12.6648
    0.0000   52.5000  -15.0000 2596.1538   12.5470
    7.5000   52.5000  -15.0000 2583.5112   12.7108
   -7.5000  -37.5000   -7.5000 2272.1311   16.5873
    0.0000  -37.5000   -7.5000 2291.9800   16.4737
    7.5000  -37.5000   -7.5000 2282.3445   16.7464
   -7.5000  -30.0000   -7.5000 2400.5659   14.6928
    0.0000  -30.0000   -7.5000 2420.0698   14.6008
    7.5000  -30.0000   -7.5000 2407.0168   14.8064
   -7.5000  -22.5000   -7.5000 2523.6631   13.1881
    0.0000  -22.5000   -7.5000 2541.3916   13.0460
    7.5000  -22.5000   -7.5000 2526.2832   13.2306
   -7.5000  -15.0000   -7.5000 2639.7324   12.0054
    0.0000  -15.0000   -7.5000 2657.4138   11.8443
    7.5000  -15.0000   -7.5000 2642.9380   11.9790
   -7.5000   -7.5000   -7.5000 2738.8694   11.0886
    0.0000   -7.5000   -7.5000 2762.6052   10.9580
    7.5000   -7.5000   -7.5000 2746.7075   11.0947
   -7.5000    0.0000   -7.5000 2826.3586   10.4714
    0.0000    0.0000   -7.5000 2854.5652   10.3631
    7.5000    0.0000   -7.5000 2835.5396   10.4984
   -7.5000    7.5000   -7.5000 2891.2087   10.1240
    0.0000    7.5000   -7.5000 2923.3452   10.0299
    7.5000    7.5000   -7.5000 2905.7339   10.1610
   -7.5000   15.0000   -7.5000 2936.4307    9.9112
    0.0000   15.0000   -7.5000 2972.3127    9.8241
    7.5000   15.0000   -7.5000 2937.6260    9.9838
   -7.5000   22.5000   -7.5000 2934.4717   10.0130
    0.0000   22.5000   -7.5000 2970.1924    9.8917
    7.5000   22.5000   -7.5000 2933.5645   10.1037
   -7.5000   30.0000   -7.5000 2891.6072   10.2869
    0.0000   30.0000   -7.5000 2920.7058   10.1870
    7.5000   30.0000   -7.5000 2897.7310   10.3627
   -7.5000   37.5000   -7.5000 2834.9526   10.7606
    0.0000   37.5000   -7.5000 2859.2488   10.6182
    7.5000   37.5000   -7.5000 2844.1150   10.7877
   -7.5000   45.0000   -7.5000 2746.7915   11.4774
    0.0000   45.0000   -7.5000 2769.7346   11.3132
    7.5000   45.0000   -7.5000 2754.7507   11.4663
   -7.5000   52.5000   -7.5000 2612.8538   12.3453
    0.0000   52.5000   -7.5000 2631.4119   12.1900
    7.5000   52.5000   -7.5000 2619.5703   12.3336
   -7.5000  -37.5000    0.0000 2260.6104   16.5874
    0.0000  -37.5000    0.0000 2280.4119   16.4267
    7.5000  -37.5000    0.0000 2275.0815   16.7477
   -7.5000  -30.0000    0.0000 2384.9470   14.6154
    0.0000  -30.0000    0.0000 2401.4702   14.4651
    7.5000  -30.0000    0.0000 2392.0254   14.7515
   -7.5000  -22.5000    0.0000 2506.2375   13.0779
    0.0000  -22.5000    0.0000 2520.8372   12.8983
    7.5000  -22.5000    0.0000 2513.2566   13.1444
   -7.5000  -15.0000    0.0000 2626.1868   11.8666
    0.0000  -15.0000    0.0000 2641.0229   11.6899
    7.5000  -15.0000    0.0000 2634.0708   11.8918
   -7.5000   -7.5000    0.0000 2735.5168   10.9537
    0.0000   -7.5000    0.0000 2753.8418   10.7840
    7.5000   -7.5000    0.0000 2742.9246   10.9688
   -7.5000    0.0000    0.0000 2832.6731   10.3264
    0.0000    0.0000    0.0000 2860.6897   10.1980
    7.5000    0.0000    0.0000 2843.5356   10.3817
   -7.5000    7.5000    0.0000 2918.7139   10.0570
    0.0000    7.5000    0.0000 2960.5046    9.9723
    7.5000    7.5000    0.0000 2932.0786   10.0604
   -7.5000   15.0000    0.0000 2976.6335    9.8977
    0.0000   15.0000    0.0000 3036.3169    9.8340
    7.5000   15.0000    0.0000 2980.8826    9.8850
   -7.5000   22.5000    0.0000 2969.4219    9.9092
    0.0000   22.5000    0.0000 3024.6787    9.7833
    7.5000   22.5000    0.0000 2970.4421    9.9289
   -7.5000   30.0000    0.0000 2917.8237   10.1814
    0.0000   30.0000    0.0000 2953.7451   10.0006
    7.5000   30.0000    0.0000 2918.8958   10.1585
   -7.5000   37.5000    0.0000 2850.2024   10.6275
    0.0000   37.5000    0.0000 2878.5725   10.4326
    7.5000   37.5000    0.0000 2861.1956   10.5530
   -7.5000   45.0000    0.0000 2761.1216   11.3143
    0.0000   45.0000    0.0000 2784.2937   11.1290
    7.5000   45.0000    0.0000 2770.3628   11.2251
   -7.5000   52.5000    0.0000 2626.2200   12.1698
    0.0000   52.5000    0.0000 2645.4712   12.0034
    7.5000   52.5000    0.0000 2636.0889   12.0942
   -7.5000  -37.5000    7.5000 2244.1169   16.7952
    0.0000  -37.5000    7.5000 2262.0515   16.6331
    7.5000  -37.5000    7.5000 2253.7478   17.0091
   -7.5000  -30.0000    7.5000 2366.6047   14.7562
    0.0000  -30.0000    7.5000 2383.9248   14.5682
    7.5000  -30.0000    7.5000 2374.8733   14.9464
   -7.5000  -22.5000    7.5000 2484.1936   13.1660
    0.0000  -22.5000    7.5000 2501.8250   12.9799
    7.5000  -22.5000    7.5000 2495.2949   13.2773
   -7.5000  -15.0000    7.5000 2597.7720   11.9169
    0.0000  -15.0000    7.5000 2618.2014   11.7550
    7.5000  -15.0000    7.5000 2612.9775   11.9857
   -7.5000   -7.5000    7.5000 2712.5061   11.0099
    0.0000   -7.5000    7.5000 2734.6460   10.8243
    7.5000   -7.5000    7.5000 2722.9670   11.0439
   -7.5000    0.0000    7.5000 2824.2766   10.4478
    0.0000    0.0000    7.5000 2851.4924   10.2738
    7.5000    0.0000    7.5000 2833.8420   10.4354
   -7.5000    7.5000    7.5000 2921.2698   10.1759
    0.0000    7.5000    7.5000 2962.4575   10.0503
    7.5000    7.5000    7.5000 2926.9956   10.1131
   -7.5000   15.0000    7.5000 2981.4412   10.0434
    0.0000   15.0000    7.5000 3032.7644    9.9331
    7.5000   15.0000    7.5000 2977.1946    9.9226
   -7.5000   22.5000    7.5000 2974.4551   10.0202
    0.0000   22.5000    7.5000 3023.3340    9.8101
    7.5000   22.5000    7.5000 2969.6531    9.8870
   -7.5000   30.0000    7.5000 2928.2026   10.1553
    0.0000   30.0000    7.5000 2965.3689    9.9713
    7.5000   30.0000    7.5000 2926.3252   10.0670
   -7.5000   37.5000    7.5000 2854.1953   10.5572
    0.0000   37.5000    7.5000 2879.3730   10.4310
    7.5000   37.5000    7.5000 2863.0725   10.5148
   -7.5000   45.0000    7.5000 2762.8242   11.2487
    0.0000   45.0000    7.5000 2778.3186   11.1208
    7.5000   45.0000    7.5000 2770.7883   11.1948
   -7.5000   52.5000    7.5000 2630.4365   12.1165
    0.0000   52.5000    7.5000 2645.0188   11.9903
    7.5000   52.5000    7.5000 2637.9934   12.0598
   -7.5000  -37.5000   15.0000 2218.9915   17.1911
    0.0000  -37.5000   15.0000 2241.0847   17.0032
    7.5000  -37.5000   15.0000 2228.4561   17.3521
   -7.5000  -30.0000   15.0000 2340.5657   15.1121
    0.0000  -30.0000   15.0000 2363.2947   14.8960
    7.5000  -30.0000   15.0000 2349.2546   15.2237
   -7.5000  -22.5000   15.0000 2455.5603   13.5380
    0.0000  -22.5000   15.0000 2476.1628   13.3185
    7.5000  -22.5000   15.0000 2463.6621   13.5504
   -7.5000  -15.0000   15.0000 2567.1897   12.3306
    0.0000  -15.0000   15.0000 2589.0332   12.1008
    7.5000  -15.0000   15.0000 2579.0925   12.3063
   -7.5000   -7.5000   15.0000 2684.2285   11.4195
    0.0000   -7.5000   15.0000 2704.4697   11.1962
    7.5000   -7.5000   15.0000 2693.9031   11.4057
   -7.5000    0.0000   15.0000 2796.2114   10.7915
    0.0000    0.0000   15.0000 2818.3931   10.6062
    7.5000    0.0000   15.0000 2805.9417   10.7745
   -7.5000    7.5000   15.0000 2882.1948   10.4109
    0.0000    7.5000   15.0000 2918.9741   10.2886
    7.5000    7.5000   15.0000 2897.1387   10.4293
   -7.5000   15.0000   15.0000 2930.3308   10.2047
    0.0000   15.0000   15.0000 2969.8362   10.0468
    7.5000   15.0000   15.0000 2943.9182   10.1803
   -7.5000   22.5000   15.0000 2933.3066   10.2044
    0.0000   22.5000   15.0000 2968.0271   10.0097
    7.5000   22.5000   15.0000 2937.4417   10.1373
   -7.5000   30.0000   15.0000 2900.2183   10.4027
    0.0000   30.0000   15.0000 2939.1333   10.2713
    7.5000   30.0000   15.0000 2904.5640   10.3559
   -7.5000   37.5000   15.0000 2826.2498   10.8251
    0.0000   37.5000   15.0000 2855.1484   10.7407
    7.5000   37.5000   15.0000 2836.6143   10.8071
   -7.5000   45.0000   15.0000 2736.3396   11.4691
    0.0000   45.0000   15.0000 2759.1682   11.3804
    7.5000   45.0000   15.0000 2743.8840   11.4542
   -7.5000   52.5000   15.0000 2606.3960   12.2843
    0.0000   52.5000   15.0000 2623.6204   12.1853
    7.5000   52.5000   15.0000 2615.1636   12.2464
   -7.5000  -37.5000   22.5000 2181.1301   17.8819
    0.0000  -37.5000   22.5000 2200.6367   17.6796
    7.5000  -37.5000   22.5000 2191.0525   17.9470
   -7.5000  -30.0000   22.5000 2307.5991   15.7644
    0.0000  -30.0000   22.5000 2327.3835   15.5673
    7.5000  -30.0000   22.5000 2311.5596   15.7716
   -7.5000  -22.5000   22.5000 2423.4854   14.1407
    0.0000  -22.5000   22.5000 2445.4143   13.9205
    7.5000  -22.5000   22.5000 2426.2964   14.1124
   -7.5000  -15.0000   22.5000 2533.1318   12.8894
    0.0000  -15.0000   22.5000 2558.7588   12.6465
    7.5000  -15.0000   22.5000 2541.3884   12.8455
   -7.5000   -7.5000   22.5000 2649.2280   11.9103
    0.0000   -7.5000   22.5000 2673.0801   11.6840
    7.5000   -7.5000   22.5000 2664.9390   11.9047
   -7.5000    0.0000   22.5000 2752.2244   11.2221
    0.0000    0.0000   22.5000 2774.9285   11.0268
    7.5000    0.0000   22.5000 2768.3369   11.2567
   -7.5000    7.5000   22.5000 2829.5063   10.7949
    0.0000    7.5000   22.5000 2862.5486   10.6036
    7.5000    7.5000   22.5000 2848.4888   10.8010
   -7.5000   15.0000   22.5000 2870.1396   10.5178
    0.0000   15.0000   22.5000 2903.1169   10.2967
    7.5000   15.0000   22.5000 2888.3218   10.5002
   -7.5000   22.5000   22.5000 2877.2429   10.5418
    0.0000   22.5000   22.5000 2905.4717   10.3553
    7.5000   22.5000   22.5000 2887.7373   10.5268
   -7.5000   30.0000   22.5000 2847.0317   10.7794
    0.0000   30.0000   22.5000 2882.1040   10.6512
    7.5000   30.0000   22.5000 2854.0171   10.7656
   -7.5000   37.5000   22.5000 2777.5239   11.2409
    0.0000   37.5000   22.5000 2805.0293   11.1207
    7.5000   37.5000   22.5000 2787.3704   11.2334
   -7.5000   45.0000   22.5000 2694.3679   11.8977
    0.0000   45.0000   22.5000 2717.7568   11.7964
    7.5000   45.0000   22.5000 2705.0203   11.8979
   -7.5000   52.5000   22.5000 2566.7729   12.6882
    0.0000   52.5000   22.5000 2593.5864   12.6082
    7.5000   52.5000   22.5000 2578.8215   12.6728
   -7.5000  -37.5000   30.0000 2127.2932   18.7861
    0.0000  -37.5000   30.0000 2145.7983   18.5886
    7.5000  -37.5000   30.0000 2138.8828   18.7849
   -7.5000  -30.0000   30.0000 2259.8975   16.5437
    0.0000  -30.0000   30.0000 2280.4497   16.3538
    7.5000  -30.0000   30.0000 2266.9026   16.5538
   -7.5000  -22.5000   30.0000 2378.3101   14.8249
    0.0000  -22.5000   30.0000 2404.9299   14.6047
    7.5000  -22.5000   30.0000 2383.3220   14.7897
   -7.5000  -15.0000   30.0000 2489.2249   13.5361
    0.0000  -15.0000   30.0000 2516.5820   13.2896
    7.5000  -15.0000   30.0000 2496.5798   13.4777
   -7.5000   -7.5000   30.0000 2599.1201   12.5466
    0.0000   -7.5000   30.0000 2626.3611   12.3027
    7.5000   -7.5000   30.0000 2611.4316   12.5056
   -7.5000    0.0000   30.0000 2695.7393   11.8349
    0.0000    0.0000   30.0000 2723.0999   11.6053
    7.5000    0.0000   30.0000 2708.9609   11.8114
   -7.5000    7.5000   30.0000 2760.7700   11.3394
    0.0000    7.5000   30.0000 2792.8044   11.1062
    7.5000    7.5000   30.0000 2779.2913   11.3131
   -7.5000   15.0000   30.0000 2792.3508   11.0355
    0.0000   15.0000   30.0000 2823.7285   10.8274
    7.5000   15.0000   30.0000 2809.9241   11.0031
   -7.5000   22.5000   30.0000 2802.6963   11.0554
    0.0000   22.5000   30.0000 2829.7559   10.8756
    7.5000   22.5000   30.0000 2815.5554   11.0413
   -7.5000   30.0000   30.0000 2769.8328   11.3033
    0.0000   30.0000   30.0000 2799.7761   11.1543
    7.5000   30.0000   30.0000 2780.9685   11.2822
   -7.5000   37.5000   30.0000 2708.7583   11.7784
    0.0000   37.5000   30.0000 2735.6843   11.6472
    7.5000   37.5000   30.0000 2716.0217   11.7558
   -7.5000   45.0000   30.0000 2630.9333   12.4173
    0.0000   45.0000   30.0000 2651.6560   12.3109
    7.5000   45.0000   30.0000 2641.9087   12.4008
   -7.5000   52.5000   30.0000 2515.8184   13.2047
    0.0000   52.5000   30.0000 2541.2607   13.1088
    7.5000   52.5000   30.0000 2524.9453   13.1851
   -7.5000  -37.5000   37.5000 2075.2439   19.7629
    0.0000  -37.5000   37.5000 2089.0376   19.6572
    7.5000  -37.5000   37.5000 2080.8564   19.8222
   -7.5000  -30.0000   37.5000 2209.1672   17.4540
    0.0000  -30.0000   37.5000 2233.6279   17.3022
    7.5000  -30.0000   37.5000 2215.9211   17.4392
   -7.5000  -22.5000   37.5000 2328.5032   15.6944
    0.0000  -22.5000   37.5000 2359.8467   15.4839
    7.5000  -22.5000   37.5000 2333.6248   15.5938
   -7.5000  -15.0000   37.5000 2437.2427   14.3252
    0.0000  -15.0000   37.5000 2464.7063   14.1129
    7.5000  -15.0000   37.5000 2441.1460   14.2433
   -7.5000   -7.5000   37.5000 2536.2178   13.2721
    0.0000   -7.5000   37.5000 2564.0027   13.0641
    7.5000   -7.5000   37.5000 2548.7693   13.2507
   -7.5000    0.0000   37.5000 2618.9512   12.5250
    0.0000    0.0000   37.5000 2651.1892   12.3029
    7.5000    0.0000   37.5000 2637.2019   12.4965
   -7.5000    7.5000   37.5000 2681.1289   12.0071
    0.0000    7.5000   37.5000 2711.8120   11.7939
    7.5000    7.5000   37.5000 2697.5972   11.9694
   -7.5000   15.0000   37.5000 2707.8108   11.7126
    0.0000   15.0000   37.5000 2733.4998   11.5481
    7.5000   15.0000   37.5000 2721.6370   11.6902
   -7.5000   22.5000   37.5000 2714.3765   11.7144
    0.0000   22.5000   37.5000 2734.3379   11.5757
    7.5000   22.5000   37.5000 2726.1416   11.7106
   -7.5000   30.0000   37.5000 2684.5435   11.9525
    0.0000   30.0000   37.5000 2712.5898   11.8235
    7.5000   30.0000   37.5000 2699.2510   11.9433
   -7.5000   37.5000   37.5000 2635.7144   12.4236
    0.0000   37.5000   37.5000 2664.8772   12.2903
    7.5000   37.5000   37.5000 2646.1694   12.3968
   -7.5000   45.0000   37.5000 2562.0828   13.0868
    0.0000   45.0000   37.5000 2585.1816   12.9414
    7.5000   45.0000   37.5000 2572.7705   13.0300
   -7.5000   52.5000   37.5000 2452.5874   13.8480
    0.0000   52.5000   37.5000 2474.8728   13.7439
    7.5000   52.5000   37.5000 2464.5703   13.7716
   -7.5000  -37.5000   45.0000 2015.8970   21.0806
    0.0000  -37.5000   45.0000 2029.6121   20.9425
    7.5000  -37.5000   45.0000 2017.6356   21.1181
   -7.5000  -30.0000   45.0000 2144.9216   18.5980
    0.0000  -30.0000   45.0000 2171.5825   18.4845
    7.5000  -30.0000   45.0000 2151.0317   18.5952
   -7.5000  -22.5000   45.0000 2265.0317   16.7491
    0.0000  -22.5000   45.0000 2297.0271   16.5798
    7.5000  -22.5000   45.0000 2265.1409   16.6370
   -7.5000  -15.0000   45.0000 2373.8303   15.3102
    0.0000  -15.0000   45.0000 2402.0847   15.1194
    7.5000  -15.0000   45.0000 2372.5757   15.1917
   -7.5000   -7.5000   45.0000 2464.4009   14.2125
    0.0000   -7.5000   45.0000 2491.1968   14.0119
    7.5000   -7.5000   45.0000 2476.0979   14.1575
   -7.5000    0.0000   45.0000 2533.6272   13.3968
    0.0000    0.0000   45.0000 2562.6057   13.1904
    7.5000    0.0000   45.0000 2552.8408   13.3630
   -7.5000    7.5000   45.0000 2587.6582   12.8515
    0.0000    7.5000   45.0000 2615.8750   12.6878
    7.5000    7.5000   45.0000 2604.8582   12.8257
   -7.5000   15.0000   45.0000 2611.1868   12.5704
    0.0000   15.0000   45.0000 2634.9673   12.4390
    7.5000   15.0000   45.0000 2626.0815   12.5602
   -7.5000   22.5000   45.0000 2616.4873   12.5586
    0.0000   22.5000   45.0000 2636.1738   12.4650
    7.5000   22.5000   45.0000 2630.6023   12.5621
   -7.5000   30.0000   45.0000 2590.1104   12.7987
    0.0000   30.0000   45.0000 2613.2151   12.7045
    7.5000   30.0000   45.0000 2605.4097   12.7905
   -7.5000   37.5000   45.0000 2549.8201   13.2263
    0.0000   37.5000   45.0000 2581.6104   13.1037
    7.5000   37.5000   45.0000 2563.6311   13.2100
   -7.5000   45.0000   45.0000 2483.6685   13.8716
    0.0000   45.0000   45.0000 2508.1023   13.7480
    7.5000   45.0000   45.0000 2498.2546   13.8246
   -7.5000   52.5000   45.0000 2376.0369   14.6308
    0.0000   52.5000   45.0000 2397.7156   14.5182
    7.5000   52.5000   45.0000 2390.5955   14.5532

---------------------------------------------------------------------
imgreg_4dfp /opt/freesurfer/average/711-2C_as_mni_average_305 /opt/freesurfer/average/711-2B_as_mni_average_305_mask talsrcimg_g11 none talsrcimg_to_711-2C_as_mni_average_305_t4 1283
---------------------------------------------------------------------

freesurfer imgreg_4dfp.c
/opt/freesurfer/average/711-2C_as_mni_average_305.4dfp.img
       256       256       256         1
  1.000000  1.000000  1.000000
orientation T byte_order littleendian
Reading image: /opt/freesurfer/average/711-2C_as_mni_average_305.4dfp.img
dimensions:      256       256       256
mmppix:       1.0000   -1.0000   -1.0000
center:     128.0000 -129.0000 -129.0000
/opt/freesurfer/average/711-2B_as_mni_average_305_mask.4dfp.img
       256       256       256         1
  1.000000  1.000000  1.000000
orientation T byte_order littleendian
Reading mask: /opt/freesurfer/average/711-2B_as_mni_average_305_mask.4dfp.img (2306576 pixels)
talsrcimg_g11.4dfp.img
       256       256       256         1
  1.000000  1.000000  1.000000
orientation T byte_order littleendian
Reading image: talsrcimg_g11.4dfp.img
dimensions:      256       256       256
mmppix:       1.0000   -1.0000   -1.0000
center:     128.0000 -129.0000 -129.0000
rotation matrix determinant  1.000000
fimgreg.f
image alignment mode   1283 decimal      503 hex
parameters
    0.0000   15.0000    0.0000    0.0000    0.0000    0.0000
eta,q 0.95151  9.87248
niter,ni,del,rscale     5    3   12.0000    1.2000
parameter  3 -1.086891 -> -0.500000 qaram    1.1500
parameter  4  0.838172 ->  0.500000 qaram    1.1500
parameter  6  0.522817 ->  0.500000 qaram    1.1500
parameters
    0.1187   17.0251    3.4500   -3.4500   -1.7329   -3.4500
eta,q 0.96070  9.91268
  0.0632  0.0643  0.0621  0.0426  0.0449  0.0404
  0.0555  0.0574  0.0579  0.0418  0.0418  0.0394
  0.0512  0.0530  0.0540  0.0421  0.0407  0.0395
  0.0502  0.0500  0.0496  0.0443  0.0417  0.0407
  0.0509  0.0496  0.0459  0.0476  0.0440  0.0431
  0.0552  0.0509  0.0445  0.0506  0.0478  0.0473
  0.0620  0.0526  0.0453  0.0532  0.0527  0.0523
niter,ni,del,rscale     7    3   12.0000    1.2000
parameters
   -0.0757   18.7051    3.0703   -6.6084   -1.1030   -3.4514
eta,q 0.96357  9.91568
  0.0558  0.0575  0.0518  0.0398  0.0455  0.0457
  0.0474  0.0477  0.0461  0.0368  0.0410  0.0409
  0.0410  0.0416  0.0400  0.0367  0.0377  0.0373
  0.0393  0.0393  0.0390  0.0389  0.0365  0.0364
  0.0417  0.0391  0.0411  0.0418  0.0367  0.0379
  0.0487  0.0400  0.0482  0.0460  0.0388  0.0410
  0.0582  0.0436  0.0550  0.0505  0.0424  0.0454
niter,ni,del,rscale     6    3   12.0000    1.2000
parameters
   -0.3033   19.8939    2.6850   -6.8285   -0.8236   -3.3815
eta,q 0.96446  9.87642
  0.0544  0.0562  0.0489  0.0456  0.0441  0.0449
  0.0444  0.0481  0.0431  0.0393  0.0400  0.0403
  0.0378  0.0409  0.0372  0.0359  0.0368  0.0365
  0.0364  0.0364  0.0356  0.0355  0.0355  0.0355
  0.0387  0.0360  0.0385  0.0373  0.0364  0.0370
  0.0467  0.0394  0.0452  0.0410  0.0389  0.0401
  0.0572  0.0459  0.0521  0.0460  0.0427  0.0442
niter,ni,del,rscale     5    3   12.0000    1.2000
parameters
   -0.4257   20.0400    2.5784   -6.8887   -0.7392   -3.3641
eta,q 0.96446  9.87077
  0.0549  0.0523  0.0496  0.0460  0.0438  0.0446
  0.0447  0.0439  0.0438  0.0397  0.0397  0.0401
  0.0373  0.0376  0.0378  0.0361  0.0365  0.0364
  0.0355  0.0355  0.0355  0.0355  0.0355  0.0355
  0.0381  0.0376  0.0377  0.0370  0.0368  0.0370
  0.0458  0.0429  0.0439  0.0406  0.0393  0.0401
  0.0564  0.0506  0.0510  0.0456  0.0434  0.0443
niter,ni,del,rscale     4    3   12.0000    1.2000
parameters
   -0.4590   20.0733    2.5486   -6.9006   -0.7166   -3.3605
eta,q 0.96445  9.86946
  0.0555  0.0519  0.0498  0.0461  0.0438  0.0446
  0.0452  0.0434  0.0440  0.0398  0.0396  0.0401
  0.0377  0.0373  0.0380  0.0362  0.0365  0.0364
  0.0355  0.0355  0.0355  0.0356  0.0355  0.0356
  0.0380  0.0379  0.0375  0.0369  0.0369  0.0370
  0.0454  0.0434  0.0435  0.0405  0.0394  0.0401
  0.0560  0.0512  0.0507  0.0455  0.0436  0.0444
registration optimization eta report
parameter search radius
    6.0000    6.0000    6.9000    6.9000    6.0000    6.9000
100000*second partial in parameter space
       56.       44.       30.       22.       22.       19.
  0.0555  0.0519  0.0498  0.0461  0.0438  0.0446
  0.0452  0.0434  0.0440  0.0398  0.0396  0.0401
  0.0377  0.0373  0.0380  0.0362  0.0365  0.0364
  0.0355  0.0355  0.0355  0.0356  0.0355  0.0356
  0.0380  0.0379  0.0375  0.0369  0.0369  0.0370
  0.0454  0.0434  0.0435  0.0405  0.0394  0.0401
  0.0560  0.0512  0.0507  0.0455  0.0436  0.0444
   -0.4590   20.0733    2.5486   -6.9006   -0.7166   -3.3605
eta,q 0.96445  9.86946

---------------------------------------------------------------------
imgreg_4dfp /opt/freesurfer/average/711-2C_as_mni_average_305 /opt/freesurfer/average/711-2B_as_mni_average_305_mask talsrcimg_g11 none talsrcimg_to_711-2C_as_mni_average_305_t4 3335
---------------------------------------------------------------------

freesurfer imgreg_4dfp.c
/opt/freesurfer/average/711-2C_as_mni_average_305.4dfp.img
       256       256       256         1
  1.000000  1.000000  1.000000
orientation T byte_order littleendian
Reading image: /opt/freesurfer/average/711-2C_as_mni_average_305.4dfp.img
dimensions:      256       256       256
mmppix:       1.0000   -1.0000   -1.0000
center:     128.0000 -129.0000 -129.0000
/opt/freesurfer/average/711-2B_as_mni_average_305_mask.4dfp.img
       256       256       256         1
  1.000000  1.000000  1.000000
orientation T byte_order littleendian
Reading mask: /opt/freesurfer/average/711-2B_as_mni_average_305_mask.4dfp.img (2306576 pixels)
talsrcimg_g11.4dfp.img
       256       256       256         1
  1.000000  1.000000  1.000000
orientation T byte_order littleendian
Reading image: talsrcimg_g11.4dfp.img
dimensions:      256       256       256
mmppix:       1.0000   -1.0000   -1.0000
center:     128.0000 -129.0000 -129.0000
fimgreg.f
image alignment mode   3335 decimal      D07 hex
parameters
   -0.4590   20.0733    2.5486   -0.1798   -0.8863   -0.7322
    5.6693    1.9438   -5.8613   11.9213   -1.2507  -12.0138
eta,q 0.96598  9.91791
niter,ni,del,rscale     5    3    5.0000    1.2000
parameter  4  1.489355 ->  0.500000 qaram    1.1500
parameter  5  1.425397 ->  0.500000 qaram    1.1500
parameter  6  0.508823 ->  0.500000 qaram    1.1500
parameters
   -0.3135   20.0861    2.4326   -4.3198   -5.0263   -4.8722
    5.4239    2.9580   -4.5654   10.0221   -0.4249   -9.3403
eta,q 0.97725  9.80179
  0.0384  0.0367  0.0363  0.0282  0.0241  0.0249  0.0269  0.0310  0.0269  0.0254  0.0251  0.0261
  0.0361  0.0352  0.0350  0.0287  0.0244  0.0236  0.0250  0.0273  0.0252  0.0238  0.0239  0.0247
  0.0346  0.0343  0.0342  0.0306  0.0260  0.0234  0.0238  0.0247  0.0239  0.0230  0.0232  0.0236
  0.0340  0.0340  0.0340  0.0340  0.0290  0.0247  0.0234  0.0234  0.0233  0.0232  0.0229  0.0229
  0.0343  0.0343  0.0344  0.0382  0.0327  0.0278  0.0239  0.0235  0.0233  0.0246  0.0230  0.0228
  0.0355  0.0352  0.0353  0.0423  0.0362  0.0317  0.0253  0.0250  0.0239  0.0270  0.0235  0.0229
  0.0374  0.0367  0.0368  0.0462  0.0398  0.0362  0.0275  0.0277  0.0250  0.0297  0.0242  0.0234
niter,ni,del,rscale     7    3    5.0000    1.2000
parameters
   -0.0102   20.1962    1.8388   -6.4863   -7.5723   -5.3599
    5.7739    2.8675   -4.4310    9.5999   -0.8218   -9.8241
eta,q 0.97761  9.63977
  0.0284  0.0265  0.0237  0.0252  0.0246  0.0261  0.0259  0.0273  0.0248  0.0257  0.0236  0.0237
  0.0257  0.0245  0.0229  0.0238  0.0231  0.0247  0.0242  0.0245  0.0236  0.0240  0.0228  0.0229
  0.0237  0.0232  0.0225  0.0227  0.0223  0.0235  0.0230  0.0229  0.0228  0.0228  0.0225  0.0224
  0.0228  0.0227  0.0227  0.0225  0.0226  0.0223  0.0225  0.0225  0.0224  0.0224  0.0224  0.0224
  0.0229  0.0230  0.0233  0.0240  0.0242  0.0224  0.0227  0.0231  0.0227  0.0231  0.0226  0.0227
  0.0240  0.0241  0.0243  0.0276  0.0274  0.0247  0.0237  0.0248  0.0235  0.0245  0.0231  0.0232
  0.0262  0.0259  0.0257  0.0318  0.0310  0.0283  0.0254  0.0275  0.0246  0.0266  0.0238  0.0240
niter,ni,del,rscale     6    3    5.0000    1.2000
parameters
    0.1097   20.1742    1.8725   -6.5941   -7.8712   -5.3788
    5.7911    2.9222   -4.3302    9.6049   -0.9983   -9.8299
eta,q 0.97757  9.62160
  0.0267  0.0255  0.0243  0.0264  0.0265  0.0263  0.0257  0.0275  0.0248  0.0261  0.0237  0.0239
  0.0245  0.0238  0.0232  0.0247  0.0246  0.0249  0.0240  0.0246  0.0236  0.0242  0.0229  0.0231
  0.0230  0.0227  0.0226  0.0233  0.0231  0.0237  0.0229  0.0229  0.0228  0.0230  0.0225  0.0225
  0.0224  0.0224  0.0224  0.0224  0.0224  0.0224  0.0224  0.0224  0.0224  0.0224  0.0224  0.0224
  0.0227  0.0228  0.0226  0.0224  0.0227  0.0222  0.0228  0.0231  0.0227  0.0229  0.0226  0.0227
  0.0239  0.0239  0.0232  0.0241  0.0245  0.0240  0.0239  0.0246  0.0235  0.0242  0.0231  0.0231
  0.0260  0.0256  0.0241  0.0275  0.0277  0.0274  0.0257  0.0272  0.0247  0.0261  0.0238  0.0239
niter,ni,del,rscale     5    3    5.0000    1.2000
parameters
    0.1270   20.1701    1.8928   -6.5859   -7.8974   -5.3623
    5.7803    2.9389   -4.3086    9.5973   -1.0133   -9.8114
eta,q 0.97757  9.62108
  0.0264  0.0256  0.0243  0.0265  0.0267  0.0263  0.0256  0.0275  0.0247  0.0260  0.0238  0.0239
  0.0243  0.0239  0.0233  0.0248  0.0248  0.0249  0.0240  0.0246  0.0235  0.0242  0.0230  0.0231
  0.0230  0.0228  0.0226  0.0234  0.0233  0.0237  0.0229  0.0229  0.0227  0.0229  0.0225  0.0225
  0.0224  0.0224  0.0224  0.0224  0.0224  0.0224  0.0224  0.0224  0.0224  0.0224  0.0224  0.0224
  0.0228  0.0228  0.0226  0.0224  0.0227  0.0222  0.0228  0.0231  0.0227  0.0229  0.0226  0.0227
  0.0242  0.0239  0.0232  0.0240  0.0243  0.0240  0.0239  0.0247  0.0235  0.0242  0.0230  0.0231
  0.0264  0.0256  0.0242  0.0274  0.0273  0.0274  0.0258  0.0273  0.0247  0.0261  0.0237  0.0238
registration optimization eta report
parameter search radius
    2.4000    2.4000    2.4000    8.2800    8.2800    8.2800
    7.2000    7.2000    7.2000    7.2000    7.2000    7.2000
100000*second partial in parameter space
       69.       54.       31.        7.        7.        6.
        6.       10.        4.        7.        3.        3.
  0.0264  0.0256  0.0243  0.0265  0.0267  0.0263  0.0256  0.0275  0.0247  0.0260  0.0238  0.0239
  0.0243  0.0239  0.0233  0.0248  0.0248  0.0249  0.0240  0.0246  0.0235  0.0242  0.0230  0.0231
  0.0230  0.0228  0.0226  0.0234  0.0233  0.0237  0.0229  0.0229  0.0227  0.0229  0.0225  0.0225
  0.0224  0.0224  0.0224  0.0224  0.0224  0.0224  0.0224  0.0224  0.0224  0.0224  0.0224  0.0224
  0.0228  0.0228  0.0226  0.0224  0.0227  0.0222  0.0228  0.0231  0.0227  0.0229  0.0226  0.0227
  0.0242  0.0239  0.0232  0.0240  0.0243  0.0240  0.0239  0.0247  0.0235  0.0242  0.0230  0.0231
  0.0264  0.0256  0.0242  0.0274  0.0273  0.0274  0.0258  0.0273  0.0247  0.0261  0.0237  0.0238
    0.1270   20.1701    1.8928   -6.5859   -7.8974   -5.3623
    5.7803    2.9389   -4.3086    9.5973   -1.0133   -9.8114
eta,q 0.97757  9.62108

---------------------------------------------------------------------
imgreg_4dfp /opt/freesurfer/average/711-2C_as_mni_average_305 /opt/freesurfer/average/711-2B_as_mni_average_305_mask talsrcimg_g11 none talsrcimg_to_711-2C_as_mni_average_305_t4 2311
---------------------------------------------------------------------

freesurfer imgreg_4dfp.c
/opt/freesurfer/average/711-2C_as_mni_average_305.4dfp.img
       256       256       256         1
  1.000000  1.000000  1.000000
orientation T byte_order littleendian
Reading image: /opt/freesurfer/average/711-2C_as_mni_average_305.4dfp.img
dimensions:      256       256       256
mmppix:       1.0000   -1.0000   -1.0000
center:     128.0000 -129.0000 -129.0000
/opt/freesurfer/average/711-2B_as_mni_average_305_mask.4dfp.img
       256       256       256         1
  1.000000  1.000000  1.000000
orientation T byte_order littleendian
Reading mask: /opt/freesurfer/average/711-2B_as_mni_average_305_mask.4dfp.img (2306576 pixels)
talsrcimg_g11.4dfp.img
       256       256       256         1
  1.000000  1.000000  1.000000
orientation T byte_order littleendian
Reading image: talsrcimg_g11.4dfp.img
dimensions:      256       256       256
mmppix:       1.0000   -1.0000   -1.0000
center:     128.0000 -129.0000 -129.0000
fimgreg.f
image alignment mode   2311 decimal      907 hex
parameters
    0.1270   20.1701    1.8928   -6.5859   -7.8974   -5.3623
    5.7803    2.9389   -4.3086    9.5973   -1.0133   -9.8114
eta,q 0.97757  9.62108
niter,ni,del,rscale     5    3    5.0000    0.8000
parameters
    0.1539   20.1552    1.8738   -5.5268   -7.3655   -4.1763
    5.6792    3.0553   -4.2964    9.6033   -0.6870  -10.1849
eta,q 0.97808  9.71459
  0.0243  0.0239  0.0232  0.0244  0.0242  0.0244  0.0235  0.0248  0.0231  0.0239  0.0228  0.0226
  0.0233  0.0231  0.0228  0.0236  0.0233  0.0238  0.0227  0.0232  0.0225  0.0229  0.0223  0.0222
  0.0227  0.0226  0.0225  0.0229  0.0227  0.0230  0.0221  0.0223  0.0221  0.0222  0.0221  0.0219
  0.0224  0.0224  0.0224  0.0224  0.0223  0.0222  0.0219  0.0220  0.0219  0.0219  0.0219  0.0219
  0.0226  0.0226  0.0225  0.0223  0.0223  0.0219  0.0221  0.0222  0.0221  0.0222  0.0220  0.0221
  0.0232  0.0231  0.0228  0.0225  0.0227  0.0222  0.0227  0.0231  0.0225  0.0229  0.0222  0.0224
  0.0242  0.0239  0.0233  0.0234  0.0236  0.0233  0.0237  0.0245  0.0231  0.0239  0.0226  0.0228
niter,ni,del,rscale     4    3    5.0000    0.7000
parameters
    0.0731   20.2337    1.9980   -5.6068   -7.3996   -3.9768
    5.7063    2.9627   -4.3838    9.6944   -0.7655  -10.2707
eta,q 0.97812  9.71960
  0.0233  0.0232  0.0228  0.0233  0.0232  0.0237  0.0231  0.0239  0.0227  0.0235  0.0225  0.0225
  0.0225  0.0225  0.0223  0.0226  0.0226  0.0230  0.0225  0.0227  0.0223  0.0226  0.0221  0.0221
  0.0220  0.0221  0.0220  0.0222  0.0221  0.0223  0.0221  0.0221  0.0220  0.0221  0.0219  0.0219
  0.0219  0.0219  0.0219  0.0219  0.0219  0.0219  0.0219  0.0219  0.0219  0.0219  0.0219  0.0219
  0.0222  0.0220  0.0220  0.0220  0.0220  0.0219  0.0220  0.0222  0.0220  0.0221  0.0220  0.0220
  0.0227  0.0224  0.0222  0.0225  0.0225  0.0225  0.0224  0.0229  0.0223  0.0226  0.0222  0.0222
  0.0236  0.0230  0.0225  0.0236  0.0234  0.0237  0.0231  0.0240  0.0228  0.0233  0.0225  0.0225
niter,ni,del,rscale     3    3    5.0000    0.6000
parameters
    0.0710   20.2490    2.0504   -5.5311   -7.3722   -3.8082
    5.7072    2.9742   -4.4036    9.7012   -0.7518  -10.3636
eta,q 0.97814  9.72795
  0.0230  0.0228  0.0225  0.0230  0.0229  0.0234  0.0228  0.0234  0.0225  0.0230  0.0223  0.0223
  0.0224  0.0223  0.0222  0.0225  0.0224  0.0227  0.0223  0.0226  0.0222  0.0224  0.0221  0.0220
  0.0220  0.0220  0.0220  0.0221  0.0220  0.0222  0.0220  0.0220  0.0219  0.0220  0.0219  0.0219
  0.0219  0.0219  0.0219  0.0219  0.0219  0.0219  0.0219  0.0219  0.0219  0.0219  0.0219  0.0219
  0.0220  0.0220  0.0219  0.0219  0.0220  0.0219  0.0220  0.0221  0.0219  0.0220  0.0219  0.0220
  0.0224  0.0223  0.0221  0.0223  0.0223  0.0223  0.0223  0.0226  0.0222  0.0224  0.0221  0.0221
  0.0230  0.0227  0.0224  0.0230  0.0229  0.0233  0.0228  0.0234  0.0225  0.0230  0.0223  0.0223
niter,ni,del,rscale     2    3    5.0000    0.5000
parameters
    0.0655   20.2597    2.0668   -5.4436   -7.3380   -3.6797
    5.6966    2.9829   -4.4247    9.7016   -0.7275  -10.4730
eta,q 0.97815  9.73533
  0.0226  0.0225  0.0223  0.0227  0.0226  0.0229  0.0225  0.0230  0.0223  0.0227  0.0222  0.0222
  0.0222  0.0222  0.0220  0.0223  0.0222  0.0224  0.0221  0.0223  0.0221  0.0222  0.0220  0.0220
  0.0219  0.0219  0.0219  0.0220  0.0220  0.0220  0.0219  0.0220  0.0219  0.0219  0.0219  0.0219
  0.0219  0.0219  0.0219  0.0219  0.0219  0.0219  0.0218  0.0219  0.0219  0.0218  0.0218  0.0218
  0.0219  0.0219  0.0219  0.0219  0.0219  0.0219  0.0219  0.0220  0.0219  0.0220  0.0219  0.0219
  0.0222  0.0221  0.0220  0.0221  0.0222  0.0222  0.0221  0.0223  0.0221  0.0222  0.0220  0.0220
  0.0227  0.0225  0.0222  0.0226  0.0226  0.0229  0.0225  0.0229  0.0223  0.0227  0.0222  0.0222
niter,ni,del,rscale     1    3    5.0000    0.4000
parameters
    0.0558   20.2739    2.0711   -5.3777   -7.3025   -3.5955
    5.6902    2.9853   -4.4384    9.7063   -0.7088  -10.5672
eta,q 0.97816  9.74083
  0.0223  0.0223  0.0221  0.0224  0.0223  0.0226  0.0222  0.0226  0.0221  0.0224  0.0220  0.0221
  0.0221  0.0220  0.0220  0.0221  0.0221  0.0222  0.0220  0.0222  0.0220  0.0221  0.0219  0.0219
  0.0219  0.0219  0.0219  0.0219  0.0219  0.0220  0.0219  0.0219  0.0219  0.0219  0.0219  0.0219
  0.0218  0.0218  0.0218  0.0218  0.0218  0.0218  0.0218  0.0218  0.0218  0.0218  0.0218  0.0218
  0.0219  0.0219  0.0219  0.0219  0.0219  0.0219  0.0219  0.0219  0.0219  0.0219  0.0219  0.0219
  0.0221  0.0220  0.0220  0.0220  0.0220  0.0221  0.0220  0.0222  0.0220  0.0221  0.0219  0.0220
  0.0224  0.0222  0.0221  0.0223  0.0223  0.0225  0.0223  0.0225  0.0222  0.0224  0.0220  0.0221
registration optimization eta report
parameter search radius
    0.8000    0.8000    0.8000    2.4000    2.4000    2.4000
    2.4000    2.4000    2.4000    2.4000    2.4000    2.4000
100000*second partial in parameter space
       80.       63.       41.        9.        8.       12.
        7.       12.        5.        9.        4.        4.
  0.0223  0.0223  0.0221  0.0224  0.0223  0.0226  0.0222  0.0226  0.0221  0.0224  0.0220  0.0221
  0.0221  0.0220  0.0220  0.0221  0.0221  0.0222  0.0220  0.0222  0.0220  0.0221  0.0219  0.0219
  0.0219  0.0219  0.0219  0.0219  0.0219  0.0220  0.0219  0.0219  0.0219  0.0219  0.0219  0.0219
  0.0218  0.0218  0.0218  0.0218  0.0218  0.0218  0.0218  0.0218  0.0218  0.0218  0.0218  0.0218
  0.0219  0.0219  0.0219  0.0219  0.0219  0.0219  0.0219  0.0219  0.0219  0.0219  0.0219  0.0219
  0.0221  0.0220  0.0220  0.0220  0.0220  0.0221  0.0220  0.0222  0.0220  0.0221  0.0219  0.0220
  0.0224  0.0222  0.0221  0.0223  0.0223  0.0225  0.0223  0.0225  0.0222  0.0224  0.0220  0.0221
    0.0558   20.2739    2.0711   -5.3777   -7.3025   -3.5955
    5.6902    2.9853   -4.4384    9.7063   -0.7088  -10.5672
eta,q 0.97816  9.74083

---------------------------------------------------------------------
imgreg_4dfp /opt/freesurfer/average/711-2C_as_mni_average_305 /opt/freesurfer/average/711-2B_as_mni_average_305_mask talsrcimg_g11 none talsrcimg_to_711-2C_as_mni_average_305_t4 2311
---------------------------------------------------------------------

freesurfer imgreg_4dfp.c
/opt/freesurfer/average/711-2C_as_mni_average_305.4dfp.img
       256       256       256         1
  1.000000  1.000000  1.000000
orientation T byte_order littleendian
Reading image: /opt/freesurfer/average/711-2C_as_mni_average_305.4dfp.img
dimensions:      256       256       256
mmppix:       1.0000   -1.0000   -1.0000
center:     128.0000 -129.0000 -129.0000
/opt/freesurfer/average/711-2B_as_mni_average_305_mask.4dfp.img
       256       256       256         1
  1.000000  1.000000  1.000000
orientation T byte_order littleendian
Reading mask: /opt/freesurfer/average/711-2B_as_mni_average_305_mask.4dfp.img (2306576 pixels)
talsrcimg_g11.4dfp.img
       256       256       256         1
  1.000000  1.000000  1.000000
orientation T byte_order littleendian
Reading image: talsrcimg_g11.4dfp.img
dimensions:      256       256       256
mmppix:       1.0000   -1.0000   -1.0000
center:     128.0000 -129.0000 -129.0000
fimgreg.f
image alignment mode   2311 decimal      907 hex
parameters
    0.0558   20.2739    2.0711   -5.3777   -7.3025   -3.5955
    5.6902    2.9853   -4.4384    9.7063   -0.7088  -10.5672
eta,q 0.97816  9.74084
niter,ni,del,rscale     5    3    5.0000    0.8000
parameters
    0.0348   20.2836    2.0980   -5.8092   -7.5385   -3.9733
    5.7216    2.9286   -4.4036    9.8013   -0.9046  -10.1942
eta,q 0.97808  9.71083
  0.0238  0.0234  0.0229  0.0234  0.0234  0.0238  0.0235  0.0244  0.0231  0.0239  0.0226  0.0229
  0.0227  0.0226  0.0223  0.0227  0.0227  0.0230  0.0227  0.0230  0.0224  0.0229  0.0222  0.0223
  0.0221  0.0220  0.0220  0.0221  0.0221  0.0222  0.0221  0.0222  0.0221  0.0222  0.0220  0.0220
  0.0218  0.0218  0.0218  0.0218  0.0219  0.0219  0.0219  0.0219  0.0219  0.0219  0.0219  0.0219
  0.0221  0.0220  0.0220  0.0221  0.0221  0.0221  0.0221  0.0223  0.0220  0.0221  0.0220  0.0220
  0.0228  0.0225  0.0223  0.0229  0.0227  0.0232  0.0226  0.0231  0.0224  0.0228  0.0223  0.0222
  0.0239  0.0234  0.0228  0.0245  0.0240  0.0250  0.0235  0.0245  0.0230  0.0237  0.0227  0.0225
niter,ni,del,rscale     4    3    5.0000    0.7000
parameters
    0.0843   20.2503    2.0950   -5.6664   -7.4454   -3.9193
    5.7236    2.9709   -4.3780    9.7221   -0.8557  -10.2282
eta,q 0.97811  9.71835
  0.0235  0.0230  0.0227  0.0234  0.0233  0.0237  0.0231  0.0240  0.0228  0.0234  0.0225  0.0225
  0.0227  0.0224  0.0222  0.0227  0.0226  0.0230  0.0225  0.0228  0.0223  0.0226  0.0222  0.0221
  0.0221  0.0220  0.0220  0.0222  0.0221  0.0223  0.0220  0.0221  0.0220  0.0220  0.0220  0.0219
  0.0219  0.0219  0.0219  0.0219  0.0219  0.0219  0.0219  0.0219  0.0219  0.0219  0.0219  0.0219
  0.0220  0.0221  0.0220  0.0219  0.0220  0.0220  0.0220  0.0221  0.0220  0.0221  0.0219  0.0220
  0.0225  0.0225  0.0223  0.0224  0.0224  0.0226  0.0224  0.0228  0.0223  0.0227  0.0221  0.0222
  0.0233  0.0231  0.0227  0.0234  0.0232  0.0239  0.0231  0.0239  0.0228  0.0235  0.0225  0.0225
niter,ni,del,rscale     3    3    5.0000    0.6000
parameters
    0.0783   20.2510    2.0783   -5.5483   -7.3906   -3.7884
    5.7137    2.9820   -4.3883    9.7013   -0.7772  -10.3425
eta,q 0.97814  9.72735
  0.0230  0.0228  0.0224  0.0230  0.0229  0.0233  0.0228  0.0234  0.0225  0.0230  0.0223  0.0223
  0.0224  0.0223  0.0221  0.0225  0.0224  0.0227  0.0223  0.0226  0.0222  0.0224  0.0221  0.0220
  0.0220  0.0220  0.0219  0.0221  0.0220  0.0222  0.0220  0.0220  0.0219  0.0220  0.0219  0.0219
  0.0219  0.0219  0.0219  0.0219  0.0219  0.0219  0.0219  0.0219  0.0219  0.0219  0.0219  0.0219
  0.0220  0.0220  0.0220  0.0219  0.0220  0.0219  0.0220  0.0220  0.0219  0.0220  0.0219  0.0220
  0.0224  0.0223  0.0221  0.0223  0.0223  0.0224  0.0223  0.0226  0.0222  0.0224  0.0221  0.0221
  0.0230  0.0228  0.0225  0.0230  0.0229  0.0233  0.0228  0.0234  0.0225  0.0230  0.0223  0.0223
niter,ni,del,rscale     2    3    5.0000    0.5000
parameters
    0.0680   20.2602    2.0721   -5.4556   -7.3445   -3.6787
    5.7020    2.9827   -4.4237    9.6989   -0.7410  -10.4724
eta,q 0.97816  9.73477
  0.0226  0.0225  0.0223  0.0227  0.0226  0.0229  0.0225  0.0229  0.0223  0.0227  0.0222  0.0222
  0.0222  0.0222  0.0220  0.0223  0.0222  0.0224  0.0221  0.0223  0.0221  0.0222  0.0220  0.0220
  0.0220  0.0219  0.0219  0.0220  0.0220  0.0220  0.0219  0.0220  0.0219  0.0219  0.0219  0.0219
  0.0219  0.0219  0.0219  0.0219  0.0219  0.0219  0.0218  0.0219  0.0218  0.0218  0.0218  0.0218
  0.0220  0.0219  0.0219  0.0219  0.0219  0.0219  0.0219  0.0220  0.0219  0.0220  0.0219  0.0219
  0.0222  0.0221  0.0220  0.0221  0.0222  0.0222  0.0221  0.0223  0.0221  0.0222  0.0220  0.0220
  0.0227  0.0225  0.0223  0.0226  0.0226  0.0229  0.0225  0.0229  0.0223  0.0227  0.0222  0.0222
niter,ni,del,rscale     1    3    5.0000    0.4000
parameters
    0.0576   20.2735    2.0755   -5.3824   -7.3084   -3.5910
    5.6928    2.9840   -4.4415    9.7119   -0.7137  -10.5783
eta,q 0.97816  9.74069
  0.0223  0.0223  0.0221  0.0224  0.0223  0.0226  0.0222  0.0226  0.0221  0.0224  0.0221  0.0221
  0.0221  0.0220  0.0220  0.0221  0.0221  0.0222  0.0220  0.0222  0.0220  0.0221  0.0219  0.0219
  0.0219  0.0219  0.0219  0.0219  0.0219  0.0220  0.0219  0.0219  0.0219  0.0219  0.0219  0.0219
  0.0218  0.0218  0.0218  0.0218  0.0218  0.0218  0.0218  0.0218  0.0218  0.0218  0.0218  0.0218
  0.0219  0.0219  0.0219  0.0219  0.0219  0.0219  0.0219  0.0219  0.0219  0.0219  0.0219  0.0219
  0.0221  0.0220  0.0220  0.0220  0.0220  0.0221  0.0220  0.0222  0.0220  0.0221  0.0219  0.0220
  0.0224  0.0222  0.0221  0.0223  0.0223  0.0225  0.0223  0.0226  0.0222  0.0224  0.0220  0.0221
registration optimization eta report
parameter search radius
    0.8000    0.8000    0.8000    2.4000    2.4000    2.4000
    2.4000    2.4000    2.4000    2.4000    2.4000    2.4000
100000*second partial in parameter space
       81.       63.       41.        9.        8.       12.
        7.       12.        5.        9.        4.        4.
  0.0223  0.0223  0.0221  0.0224  0.0223  0.0226  0.0222  0.0226  0.0221  0.0224  0.0221  0.0221
  0.0221  0.0220  0.0220  0.0221  0.0221  0.0222  0.0220  0.0222  0.0220  0.0221  0.0219  0.0219
  0.0219  0.0219  0.0219  0.0219  0.0219  0.0220  0.0219  0.0219  0.0219  0.0219  0.0219  0.0219
  0.0218  0.0218  0.0218  0.0218  0.0218  0.0218  0.0218  0.0218  0.0218  0.0218  0.0218  0.0218
  0.0219  0.0219  0.0219  0.0219  0.0219  0.0219  0.0219  0.0219  0.0219  0.0219  0.0219  0.0219
  0.0221  0.0220  0.0220  0.0220  0.0220  0.0221  0.0220  0.0222  0.0220  0.0221  0.0219  0.0220
  0.0224  0.0222  0.0221  0.0223  0.0223  0.0225  0.0223  0.0226  0.0222  0.0224  0.0220  0.0221
    0.0576   20.2735    2.0755   -5.3824   -7.3084   -3.5910
    5.6928    2.9840   -4.4415    9.7119   -0.7137  -10.5783
eta,q 0.97816  9.74069

---------------------------------------------------------------------
compute_vox2vox talsrcimg talsrcimg_to_711-2C_as_mni_average_305_t4 /opt/freesurfer/average/711-2C_as_mni_average_305
---------------------------------------------------------------------

freesurfer compute_vox2vox.c
Reading: talsrcimg.4dfp.ifh
Reading: talsrcimg_to_711-2C_as_mni_average_305_t4
Reading: /opt/freesurfer/average/711-2C_as_mni_average_305.4dfp.ifh
Writing: talsrcimg_to_711-2C_as_mni_average_305_t4_vox2vox.txt

start time Mon Mar 9 16:13:59 CET 2026
end		time Mon Mar 9 16:15:26 CET 2026

mpr2mni305 success

avi2talxfm orig_nu.mgz /opt/freesurfer/average/mni305.cor.mgz talsrcimg_to_711-2C_as_mni_average_305_t4_vox2vox.txt transforms/talairach.auto.xfm
avi2talxfm done
mv -f /out/sourcedata/freesurfer/sub-v1s22x0050518_ses-1/mri/talsrcimg_to_711-2C_as_mni_average_305_t4_vox2vox.txt /out/sourcedata/freesurfer/sub-v1s22x0050518_ses-1/mri/transforms/talsrcimg_to_711-2C_as_mni_average_305_t4_vox2vox.txt
lta_convert --src orig_nu.mgz --trg /opt/freesurfer/average/mni305.cor.mgz --inxfm transforms/talairach.auto.xfm --outlta transforms/talairach.auto.xfm.lta --subject fsaverage
7.3.2

--src: orig_nu.mgz src image (geometry).
--trg: /opt/freesurfer/average/mni305.cor.mgz trg image (geometry).
--inmni: transforms/talairach.auto.xfm input MNI/XFM transform.
--outlta: transforms/talairach.auto.xfm.lta output LTA.
--s: fsaverage subject name
 LTA read, type : 1
 1.05352  -0.02579  -0.06765   2.69803;
 0.01319   1.02514   0.11618  -49.47863;
 0.04910  -0.10865   1.06343  -3.77728;
 0.00000   0.00000   0.00000   1.00000;
setting subject to fsaverage
Writing  LTA to file transforms/talairach.auto.xfm.lta...
lta_convert successful.
 
 
Started at Mon Mar 9 16:13:58 CET 2026
Ended   at Mon Mar  9 16:15:26 CET 2026
talairach_avi done
