/out/sourcedata/freesurfer/sub-v1s22x0050492_ses-1/mri
/opt/freesurfer/bin/talairach_avi
--i orig_nu.mgz --xfm transforms/talairach.auto.xfm
talairach_avi 7.3.2
Linux dna048 5.14.0-427.37.1.el9_4.x86_64 #1 SMP PREEMPT_DYNAMIC Fri Sep 13 12:41:50 EDT 2024 x86_64 x86_64 x86_64 GNU/Linux
Mon Mar  9 15:30:18 CET 2026
mri_convert orig_nu.mgz talsrcimg.img 
reading from orig_nu.mgz...
TR=0.00, TE=0.00, TI=0.00, flip angle=0.00
i_ras = (-1, -1.86265e-09, 0)
j_ras = (0, 0, -1)
k_ras = (0, 1, 0)
writing to talsrcimg.img...
Analyze Output Matrix
-1.00000   0.00000   0.00000   131.13733;
-0.00000   0.00000   1.00000  -89.12827;
 0.00000  -1.00000   0.00000   116.93196;
 0.00000   0.00000   0.00000   1.00000;
--------------------
INFO: set hdr.hist.orient to -1
mpr2mni305 talsrcimg
Mon Mar  9 15:30:18 CET 2026
/opt/freesurfer/bin/mpr2mni305 talsrcimg
mpr2mni305 7.3.2
target=711-2C_as_mni_average_305

---------------------------------------------------------------------
analyzeto4dfp talsrcimg -O0 -y
---------------------------------------------------------------------

freesurfer ifh2hdr.c
Mon Mar  9 15:30:19 2026
Writing: talsrcimg.4dfp.hdr
freesurfer analyzeto4dfp.c
Reading: talsrcimg.hdr
header size 348 bytes
hdr.dime.datatype	offset=70	value=2
hdr.dime.bitpix		offset=72	value=8
hdr.hist.orient		offset=252	value=-1
dimensionality     4
dimensions       256       256       256         1
Reading: talsrcimg.img
Writing: talsrcimg.4dfp.img
Writing: talsrcimg.4dfp.ifh
ifh2hdr talsrcimg -r0to179
ori=2

---------------------------------------------------------------------
gauss_4dfp talsrcimg 1.1
---------------------------------------------------------------------

freesurfer gauss_4dfp.c
Reading: talsrcimg.4dfp.img
Writing: talsrcimg_g11.4dfp.img
image dimensions 256 256 256 padded to 288 288 288
processing volume 1freesurfer ifh2hdr.c
Mon Mar  9 15:30:20 2026
Writing: talsrcimg_g11.4dfp.hdr

Writing: talsrcimg_g11.4dfp.ifh
including: talsrcimg.4dfp.img.rec in talsrcimg_g11.4dfp.img.rec

---------------------------------------------------------------------
imgreg_4dfp /opt/freesurfer/average/711-2C_as_mni_average_305 none talsrcimg_g11 none talsrcimg_to_711-2C_as_mni_average_305_t4 4355
---------------------------------------------------------------------

freesurfer imgreg_4dfp.c
/opt/freesurfer/average/711-2C_as_mni_average_305.4dfp.img
       256       256       256         1
  1.000000  1.000000  1.000000
orientation T byte_order littleendian
Reading image: /opt/freesurfer/average/711-2C_as_mni_average_305.4dfp.img
dimensions:      256       256       256
mmppix:       1.0000   -1.0000   -1.0000
center:     128.0000 -129.0000 -129.0000
talsrcimg_g11.4dfp.img
       256       256       256         1
  1.000000  1.000000  1.000000
orientation T byte_order littleendian
Reading image: talsrcimg_g11.4dfp.img
dimensions:      256       256       256
mmppix:       1.0000   -1.0000   -1.0000
center:     128.0000 -129.0000 -129.0000
t4_read: open error in t4_sub.f l:  41 t4_file(1:l)talsrcimg_to_711-2C_as_mni_average_305_t4 
t4_read: transform initialized to I4
rotation matrix determinant  1.000000
image alignment mode   4355 decimal     1103 hex
   -7.5000  -45.0000  -45.0000 6913.9102   19.3811
    0.0000  -45.0000  -45.0000 7301.7490   19.3781
    7.5000  -45.0000  -45.0000 6976.7339   19.3302
   -7.5000  -37.5000  -45.0000 7415.2676   18.9500
    0.0000  -37.5000  -45.0000 7831.0601   18.9504
    7.5000  -37.5000  -45.0000 7498.3442   18.9019
   -7.5000  -30.0000  -45.0000 8295.7979   18.8326
    0.0000  -30.0000  -45.0000 8746.4629   18.8339
    7.5000  -30.0000  -45.0000 8379.7510   18.7909
   -7.5000  -22.5000  -45.0000 9216.4746   18.8013
    0.0000  -22.5000  -45.0000 9710.2041   18.8012
    7.5000  -22.5000  -45.0000 9296.4912   18.7662
   -7.5000  -15.0000  -45.000010055.2988   18.7867
    0.0000  -15.0000  -45.000010583.6797   18.7834
    7.5000  -15.0000  -45.000010113.1680   18.7508
   -7.5000   -7.5000  -45.000010791.5488   18.7654
    0.0000   -7.5000  -45.000011348.8350   18.7604
    7.5000   -7.5000  -45.000010838.8701   18.7225
   -7.5000    0.0000  -45.000011439.7559   18.7535
    0.0000    0.0000  -45.000012052.7881   18.7495
    7.5000    0.0000  -45.000011525.3838   18.7043
   -7.5000    7.5000  -45.000011335.7412   18.7648
    0.0000    7.5000  -45.000011940.7598   18.7637
    7.5000    7.5000  -45.000011437.5000   18.7158
   -7.5000   15.0000  -45.000011093.5762   18.7848
    0.0000   15.0000  -45.000011706.3760   18.7857
    7.5000   15.0000  -45.000011198.9062   18.7430
   -7.5000   22.5000  -45.000010645.4131   18.7924
    0.0000   22.5000  -45.000011256.7666   18.7922
    7.5000   22.5000  -45.000010748.8145   18.7574
   -7.5000   30.0000  -45.000010125.8379   18.5363
    0.0000   30.0000  -45.000010715.0283   18.5331
    7.5000   30.0000  -45.000010245.9482   18.5009
   -7.5000   37.5000  -45.0000 9807.1416   18.5153
    0.0000   37.5000  -45.000010371.1914   18.5104
    7.5000   37.5000  -45.0000 9937.9033   18.4730
   -7.5000   45.0000  -45.0000 9025.6621   18.0337
    0.0000   45.0000  -45.0000 9553.2520   18.0299
    7.5000   45.0000  -45.0000 9156.4385   17.9865
   -7.5000  -45.0000  -37.5000 7246.4878   19.2671
    0.0000  -45.0000  -37.5000 7634.9541   19.2733
    7.5000  -45.0000  -37.5000 7297.3174   19.2314
   -7.5000  -37.5000  -37.5000 7788.8457   18.8391
    0.0000  -37.5000  -37.5000 8212.3848   18.8482
    7.5000  -37.5000  -37.5000 7857.5898   18.8075
   -7.5000  -30.0000  -37.5000 8732.8467   18.7220
    0.0000  -30.0000  -37.5000 9198.7979   18.7317
    7.5000  -30.0000  -37.5000 8820.8818   18.6949
   -7.5000  -22.5000  -37.5000 9713.2637   18.6933
    0.0000  -22.5000  -37.500010226.4805   18.7008
    7.5000  -22.5000  -37.5000 9796.1953   18.6674
   -7.5000  -15.0000  -37.500010621.2021   18.6799
    0.0000  -15.0000  -37.500011151.2568   18.6839
    7.5000  -15.0000  -37.500010671.6084   18.6505
   -7.5000   -7.5000  -37.500011380.1992   18.6593
    0.0000   -7.5000  -37.500011924.4082   18.6622
    7.5000   -7.5000  -37.500011404.2471   18.6265
   -7.5000    0.0000  -37.500012075.1406   18.6478
    0.0000    0.0000  -37.500012649.0566   18.6525
    7.5000    0.0000  -37.500012116.9473   18.6129
   -7.5000    7.5000  -37.500011954.3701   18.6560
    0.0000    7.5000  -37.500012509.8965   18.6636
    7.5000    7.5000  -37.500012022.4248   18.6232
   -7.5000   15.0000  -37.500011694.2959   18.6746
    0.0000   15.0000  -37.500012266.7148   18.6838
    7.5000   15.0000  -37.500011768.8105   18.6473
   -7.5000   22.5000  -37.500011203.4072   18.6844
    0.0000   22.5000  -37.500011767.0420   18.6919
    7.5000   22.5000  -37.500011286.0020   18.6587
   -7.5000   30.0000  -37.500010673.9238   18.4309
    0.0000   30.0000  -37.500011200.9844   18.4349
    7.5000   30.0000  -37.500010763.0469   18.4020
   -7.5000   37.5000  -37.500010364.5488   18.4107
    0.0000   37.5000  -37.500010882.6934   18.4135
    7.5000   37.5000  -37.500010470.1846   18.3783
   -7.5000   45.0000  -37.5000 9509.7012   17.9321
    0.0000   45.0000  -37.5000 9993.5830   17.9366
    7.5000   45.0000  -37.5000 9632.1904   17.8986
   -7.5000  -45.0000  -30.0000 7701.8115   20.0989
    0.0000  -45.0000  -30.0000 8097.0557   20.1079
    7.5000  -45.0000  -30.0000 7768.2139   20.0674
   -7.5000  -37.5000  -30.0000 8308.3203   19.6456
    0.0000  -37.5000  -30.0000 8744.0283   19.6583
    7.5000  -37.5000  -30.0000 8384.7188   19.6225
   -7.5000  -30.0000  -30.0000 9336.4482   19.5111
    0.0000  -30.0000  -30.0000 9803.3682   19.5266
    7.5000  -30.0000  -30.0000 9412.6768   19.4960
   -7.5000  -22.5000  -30.000010369.0127   19.4753
    0.0000  -22.5000  -30.000010884.7188   19.4899
    7.5000  -22.5000  -30.000010462.4512   19.4595
   -7.5000  -15.0000  -30.000011366.2666   19.4653
    0.0000  -15.0000  -30.000011902.0010   19.4757
    7.5000  -15.0000  -30.000011419.1240   19.4418
   -7.5000   -7.5000  -30.000012181.0723   19.4565
    0.0000   -7.5000  -30.000012737.3447   19.4633
    7.5000   -7.5000  -30.000012213.1416   19.4266
   -7.5000    0.0000  -30.000012948.8867   19.4530
    0.0000    0.0000  -30.000013498.6143   19.4600
    7.5000    0.0000  -30.000012963.1621   19.4218
   -7.5000    7.5000  -30.000012839.5869   19.4547
    0.0000    7.5000  -30.000013378.9883   19.4658
    7.5000    7.5000  -30.000012868.4219   19.4303
   -7.5000   15.0000  -30.000012563.6406   19.4616
    0.0000   15.0000  -30.000013114.9932   19.4767
    7.5000   15.0000  -30.000012599.3906   19.4463
   -7.5000   22.5000  -30.000012012.5010   19.4641
    0.0000   22.5000  -30.000012551.4805   19.4786
    7.5000   22.5000  -30.000012079.6387   19.4483
   -7.5000   30.0000  -30.000011416.3154   19.2077
    0.0000   30.0000  -30.000011918.6816   19.2179
    7.5000   30.0000  -30.000011491.2568   19.1846
   -7.5000   37.5000  -30.000011098.3086   19.1991
    0.0000   37.5000  -30.000011607.5840   19.2058
    7.5000   37.5000  -30.000011186.6816   19.1696
   -7.5000   45.0000  -30.000010185.8809   18.7201
    0.0000   45.0000  -30.000010633.4619   18.7269
    7.5000   45.0000  -30.000010292.3555   18.6901
   -7.5000  -45.0000  -22.5000 8167.4199   20.7993
    0.0000  -45.0000  -22.5000 8595.3447   20.8028
    7.5000  -45.0000  -22.5000 8246.2793   20.7604
   -7.5000  -37.5000  -22.5000 8820.6328   20.3286
    0.0000  -37.5000  -22.5000 9283.3779   20.3372
    7.5000  -37.5000  -22.5000 8920.9473   20.3011
   -7.5000  -30.0000  -22.5000 9890.7129   20.1803
    0.0000  -30.0000  -22.500010411.5723   20.1944
    7.5000  -30.0000  -22.500010015.8799   20.1665
   -7.5000  -22.5000  -22.500011017.3105   20.1337
    0.0000  -22.5000  -22.500011597.5254   20.1486
    7.5000  -22.5000  -22.500011133.4219   20.1232
   -7.5000  -15.0000  -22.500012132.3408   20.1241
    0.0000  -15.0000  -22.500012729.1826   20.1338
    7.5000  -15.0000  -22.500012188.0137   20.1041
   -7.5000   -7.5000  -22.500013045.7891   20.1257
    0.0000   -7.5000  -22.500013650.9932   20.1285
    7.5000   -7.5000  -22.500013083.6797   20.0921
   -7.5000    0.0000  -22.500013863.8896   20.1304
    0.0000    0.0000  -22.500014456.4355   20.1317
    7.5000    0.0000  -22.500013881.2197   20.0916
   -7.5000    7.5000  -22.500013736.2344   20.1311
    0.0000    7.5000  -22.500014336.2100   20.1381
    7.5000    7.5000  -22.500013769.8799   20.1024
   -7.5000   15.0000  -22.500013456.4443   20.1293
    0.0000   15.0000  -22.500014046.9697   20.1429
    7.5000   15.0000  -22.500013500.2168   20.1153
   -7.5000   22.5000  -22.500012885.0781   20.1208
    0.0000   22.5000  -22.500013448.6113   20.1356
    7.5000   22.5000  -22.500012933.3096   20.1104
   -7.5000   30.0000  -22.500012213.3457   19.8609
    0.0000   30.0000  -22.500012738.1973   19.8704
    7.5000   30.0000  -22.500012273.9375   19.8411
   -7.5000   37.5000  -22.500011892.4834   19.8624
    0.0000   37.5000  -22.500012368.5068   19.8652
    7.5000   37.5000  -22.500011972.3652   19.8293
   -7.5000   45.0000  -22.500010902.3174   19.3866
    0.0000   45.0000  -22.500011337.5576   19.3878
    7.5000   45.0000  -22.500011007.3486   19.3492
   -7.5000  -45.0000  -15.0000 8610.3730   21.2880
    0.0000  -45.0000  -15.0000 9041.0840   21.2830
    7.5000  -45.0000  -15.0000 8687.5801   21.2356
   -7.5000  -37.5000  -15.0000 9274.6709   20.8112
    0.0000  -37.5000  -15.0000 9744.2305   20.8117
    7.5000  -37.5000  -15.0000 9378.8633   20.7686
   -7.5000  -30.0000  -15.000010402.3887   20.6615
    0.0000  -30.0000  -15.000010925.3906   20.6682
    7.5000  -30.0000  -15.000010530.5645   20.6352
   -7.5000  -22.5000  -15.000011611.3906   20.6095
    0.0000  -22.5000  -15.000012202.6416   20.6175
    7.5000  -22.5000  -15.000011723.4482   20.5926
   -7.5000  -15.0000  -15.000012868.3682   20.5962
    0.0000  -15.0000  -15.000013497.4092   20.5992
    7.5000  -15.0000  -15.000012934.2139   20.5726
   -7.5000   -7.5000  -15.000013940.5312   20.5970
    0.0000   -7.5000  -15.000014608.7959   20.5924
    7.5000   -7.5000  -15.000014007.5889   20.5555
   -7.5000    0.0000  -15.000014885.0752   20.6030
    0.0000    0.0000  -15.000015495.6270   20.5961
    7.5000    0.0000  -15.000014891.6367   20.5512
   -7.5000    7.5000  -15.000014732.4229   20.6092
    0.0000    7.5000  -15.000015312.3506   20.6080
    7.5000    7.5000  -15.000014701.7793   20.5654
   -7.5000   15.0000  -15.000014412.5986   20.6096
    0.0000   15.0000  -15.000015010.3818   20.6157
    7.5000   15.0000  -15.000014382.2939   20.5830
   -7.5000   22.5000  -15.000013790.1094   20.5953
    0.0000   22.5000  -15.000014395.6973   20.6033
    7.5000   22.5000  -15.000013792.7705   20.5786
   -7.5000   30.0000  -15.000013031.4688   20.3297
    0.0000   30.0000  -15.000013607.0879   20.3326
    7.5000   30.0000  -15.000013071.6982   20.3064
   -7.5000   37.5000  -15.000012724.2100   20.3304
    0.0000   37.5000  -15.000013236.7861   20.3259
    7.5000   37.5000  -15.000012770.0811   20.2895
   -7.5000   45.0000  -15.000011707.0078   19.8537
    0.0000   45.0000  -15.000012181.6777   19.8471
    7.5000   45.0000  -15.000011786.4463   19.8038
   -7.5000  -45.0000   -7.5000 9043.0332   21.5161
    0.0000  -45.0000   -7.5000 9492.8604   21.5081
    7.5000  -45.0000   -7.5000 9137.1279   21.4550
   -7.5000  -37.5000   -7.5000 9728.2471   21.0410
    0.0000  -37.5000   -7.500010197.9482   21.0378
    7.5000  -37.5000   -7.5000 9821.6875   20.9856
   -7.5000  -30.0000   -7.500010889.5801   20.9029
    0.0000  -30.0000   -7.500011406.2275   20.9030
    7.5000  -30.0000   -7.500010987.2285   20.8594
   -7.5000  -22.5000   -7.500012164.5264   20.8572
    0.0000  -22.5000   -7.500012777.3027   20.8571
    7.5000  -22.5000   -7.500012260.4922   20.8243
   -7.5000  -15.0000   -7.500013565.2100   20.8395
    0.0000  -15.0000   -7.500014258.5791   20.8351
    7.5000  -15.0000   -7.500013638.7070   20.8043
   -7.5000   -7.5000   -7.500014942.3662   20.8265
    0.0000   -7.5000   -7.500015741.7471   20.8175
    7.5000   -7.5000   -7.500015035.9932   20.7774
   -7.5000    0.0000   -7.500016134.6875   20.8234
    0.0000    0.0000   -7.500016943.7695   20.8142
    7.5000    0.0000   -7.500016147.1523   20.7641
   -7.5000    7.5000   -7.500015972.0430   20.8367
    0.0000    7.5000   -7.500016733.3730   20.8319
    7.5000    7.5000   -7.500015886.9150   20.7803
   -7.5000   15.0000   -7.500015546.6992   20.8504
    0.0000   15.0000   -7.500016295.9004   20.8499
    7.5000   15.0000   -7.500015443.2441   20.8068
   -7.5000   22.5000   -7.500014797.5342   20.8406
    0.0000   22.5000   -7.500015568.2041   20.8404
    7.5000   22.5000   -7.500014752.7646   20.8078
   -7.5000   30.0000   -7.500014002.9980   20.5692
    0.0000   30.0000   -7.500014724.1885   20.5649
    7.5000   30.0000   -7.500013983.1885   20.5345
   -7.5000   37.5000   -7.500013674.2070   20.5564
    0.0000   37.5000   -7.500014340.2793   20.5476
    7.5000   37.5000   -7.500013681.3516   20.5079
   -7.5000   45.0000   -7.500012622.1006   20.0699
    0.0000   45.0000   -7.500013261.0244   20.0610
    7.5000   45.0000   -7.500012680.0088   20.0126
   -7.5000  -45.0000    0.0000 9379.3506   21.5464
    0.0000  -45.0000    0.0000 9844.7490   21.5442
    7.5000  -45.0000    0.0000 9476.0781   21.4918
   -7.5000  -37.5000    0.000010115.5879   21.0729
    0.0000  -37.5000    0.000010627.8975   21.0745
    7.5000  -37.5000    0.000010205.4824   21.0213
   -7.5000  -30.0000    0.000011325.3125   20.9456
    0.0000  -30.0000    0.000011913.0166   20.9478
    7.5000  -30.0000    0.000011434.0420   20.9002
   -7.5000  -22.5000    0.000012634.7090   20.9105
    0.0000  -22.5000    0.000013333.2246   20.9102
    7.5000  -22.5000    0.000012741.6455   20.8717
   -7.5000  -15.0000    0.000014109.6904   20.8917
    0.0000  -15.0000    0.000014999.3447   20.8877
    7.5000  -15.0000    0.000014224.3730   20.8520
   -7.5000   -7.5000    0.000015824.5195   20.8661
    0.0000   -7.5000    0.000017027.4414   20.8608
    7.5000   -7.5000    0.000016009.2773   20.8194
   -7.5000    0.0000    0.000017455.0000   20.8530
    0.0000    0.0000    0.000018973.9434   20.8497
    7.5000    0.0000    0.000017624.7832   20.8003
   -7.5000    7.5000    0.000017308.8711   20.8682
    0.0000    7.5000    0.000018802.2227   20.8681
    7.5000    7.5000    0.000017315.0312   20.8155
   -7.5000   15.0000    0.000016650.7773   20.8928
    0.0000   15.0000    0.000017985.0098   20.8944
    7.5000   15.0000    0.000016627.0977   20.8473
   -7.5000   22.5000    0.000015719.0195   20.8938
    0.0000   22.5000    0.000016895.4551   20.8934
    7.5000   22.5000    0.000015722.7002   20.8551
   -7.5000   30.0000    0.000014800.7100   20.6214
    0.0000   30.0000    0.000015824.7100   20.6174
    7.5000   30.0000    0.000014814.3193   20.5821
   -7.5000   37.5000    0.000014388.0781   20.5960
    0.0000   37.5000    0.000015347.9727   20.5908
    7.5000   37.5000    0.000014429.6758   20.5500
   -7.5000   45.0000    0.000013309.1025   20.0999
    0.0000   45.0000    0.000014165.5420   20.0967
    7.5000   45.0000    0.000013361.1045   20.0491
   -7.5000  -45.0000    7.5000 9047.8115   21.5584
    0.0000  -45.0000    7.5000 9554.4639   21.5654
    7.5000  -45.0000    7.5000 9129.7812   21.5185
   -7.5000  -37.5000    7.5000 9768.6543   21.0796
    0.0000  -37.5000    7.500010332.9980   21.0898
    7.5000  -37.5000    7.5000 9873.2139   21.0442
   -7.5000  -30.0000    7.500010944.0195   20.9485
    0.0000  -30.0000    7.500011624.3389   20.9593
    7.5000  -30.0000    7.500011058.0938   20.9181
   -7.5000  -22.5000    7.500012191.0967   20.9163
    0.0000  -22.5000    7.500012982.3379   20.9246
    7.5000  -22.5000    7.500012284.1611   20.8872
   -7.5000  -15.0000    7.500013562.0361   20.9012
    0.0000  -15.0000    7.500014540.7188   20.9056
    7.5000  -15.0000    7.500013698.6289   20.8683
   -7.5000   -7.5000    7.500015200.5938   20.8783
    0.0000   -7.5000    7.500016768.2051   20.8815
    7.5000   -7.5000    7.500015467.1914   20.8416
   -7.5000    0.0000    7.500016781.6914   20.8656
    0.0000    0.0000    7.500019011.0078   20.8708
    7.5000    0.0000    7.500017115.6660   20.8265
   -7.5000    7.5000    7.500016568.6094   20.8747
    0.0000    7.5000    7.500018693.1797   20.8833
    7.5000    7.5000    7.500016818.2520   20.8381
   -7.5000   15.0000    7.500015910.7881   20.8955
    0.0000   15.0000    7.500017684.0957   20.9057
    7.5000   15.0000    7.500016126.0410   20.8649
   -7.5000   22.5000    7.500015096.2129   20.8996
    0.0000   22.5000    7.500016569.5371   20.9079
    7.5000   22.5000    7.500015290.3623   20.8707
   -7.5000   30.0000    7.500014180.1807   20.6307
    0.0000   30.0000    7.500015388.2324   20.6351
    7.5000   30.0000    7.500014342.0586   20.5983
   -7.5000   37.5000    7.500013749.6182   20.6081
    0.0000   37.5000    7.500014813.4082   20.6113
    7.5000   37.5000    7.500013896.2266   20.5719
   -7.5000   45.0000    7.500012747.8984   20.1120
    0.0000   45.0000    7.500013630.8311   20.1171
    7.5000   45.0000    7.500012845.7393   20.0744
   -7.5000  -45.0000   15.0000 8558.6104   21.5839
    0.0000  -45.0000   15.0000 9037.7021   21.5935
    7.5000  -45.0000   15.0000 8573.9980   21.5500
   -7.5000  -37.5000   15.0000 9240.1953   21.0971
    0.0000  -37.5000   15.0000 9800.4648   21.1107
    7.5000  -37.5000   15.0000 9304.8066   21.0722
   -7.5000  -30.0000   15.000010364.1895   20.9526
    0.0000  -30.0000   15.000011036.3564   20.9692
    7.5000  -30.0000   15.000010444.0879   20.9363
   -7.5000  -22.5000   15.000011519.6670   20.9142
    0.0000  -22.5000   15.000012305.1670   20.9298
    7.5000  -22.5000   15.000011570.9736   20.8971
   -7.5000  -15.0000   15.000012742.3076   20.9034
    0.0000  -15.0000   15.000013727.1279   20.9145
    7.5000  -15.0000   15.000012800.4092   20.8782
   -7.5000   -7.5000   15.000014134.4287   20.8940
    0.0000   -7.5000   15.000015578.8350   20.9013
    7.5000   -7.5000   15.000014315.7607   20.8619
   -7.5000    0.0000   15.000015334.7393   20.8902
    0.0000    0.0000   15.000017176.6270   20.8977
    7.5000    0.0000   15.000015635.8906   20.8566
   -7.5000    7.5000   15.000015120.8291   20.8920
    0.0000    7.5000   15.000016772.9492   20.9039
    7.5000    7.5000   15.000015387.0420   20.8658
   -7.5000   15.0000   15.000014729.3623   20.8995
    0.0000   15.0000   15.000016138.2383   20.9156
    7.5000   15.0000   15.000014953.9678   20.8830
   -7.5000   22.5000   15.000014175.3916   20.8975
    0.0000   22.5000   15.000015463.8379   20.9130
    7.5000   22.5000   15.000014421.0010   20.8806
   -7.5000   30.0000   15.000013372.7578   20.6329
    0.0000   30.0000   15.000014488.5967   20.6438
    7.5000   30.0000   15.000013596.3105   20.6080
   -7.5000   37.5000   15.000012961.5439   20.6236
    0.0000   37.5000   15.000013950.1504   20.6308
    7.5000   37.5000   15.000013166.1035   20.5919
   -7.5000   45.0000   15.000012017.6885   20.1358
    0.0000   45.0000   15.000012886.5010   20.1430
    7.5000   45.0000   15.000012162.8633   20.1034
   -7.5000  -45.0000   22.5000 7925.4136   21.7054
    0.0000  -45.0000   22.5000 8378.6709   21.7086
    7.5000  -45.0000   22.5000 7945.8032   21.6637
   -7.5000  -37.5000   22.5000 8579.6650   21.2119
    0.0000  -37.5000   22.5000 9077.0693   21.2203
    7.5000  -37.5000   22.5000 8608.1572   21.1818
   -7.5000  -30.0000   22.5000 9605.4736   21.0563
    0.0000  -30.0000   22.500010196.4053   21.0703
    7.5000  -30.0000   22.5000 9637.1211   21.0405
   -7.5000  -22.5000   22.500010647.4873   21.0072
    0.0000  -22.5000   22.500011314.7109   21.0221
    7.5000  -22.5000   22.500010677.4336   20.9951
   -7.5000  -15.0000   22.500011792.0762   20.9969
    0.0000  -15.0000   22.500012532.0801   21.0065
    7.5000  -15.0000   22.500011833.3408   20.9752
   -7.5000   -7.5000   22.500012991.5557   20.9986
    0.0000   -7.5000   22.500014006.0723   21.0011
    7.5000   -7.5000   22.500013151.5811   20.9628
   -7.5000    0.0000   22.500013989.1748   21.0039
    0.0000    0.0000   22.500015119.3184   21.0047
    7.5000    0.0000   22.500014260.5889   20.9623
   -7.5000    7.5000   22.500013806.1191   21.0048
    0.0000    7.5000   22.500014782.3027   21.0115
    7.5000    7.5000   22.500014033.6416   20.9734
   -7.5000   15.0000   22.500013559.1377   21.0028
    0.0000   15.0000   22.500014471.2627   21.0163
    7.5000   15.0000   22.500013748.3809   20.9869
   -7.5000   22.5000   22.500013157.2363   20.9905
    0.0000   22.5000   22.500014055.5586   21.0053
    7.5000   22.5000   22.500013330.5449   20.9785
   -7.5000   30.0000   22.500012473.4814   20.7251
    0.0000   30.0000   22.500013317.9863   20.7346
    7.5000   30.0000   22.500012629.8506   20.7037
   -7.5000   37.5000   22.500012076.6465   20.7268
    0.0000   37.5000   22.500012895.2236   20.7293
    7.5000   37.5000   22.500012254.6543   20.6915
   -7.5000   45.0000   22.500011232.9062   20.2453
    0.0000   45.0000   22.500011964.7197   20.2461
    7.5000   45.0000   22.500011352.1953   20.2052
   -7.5000  -45.0000   30.0000 7411.2407   22.3127
    0.0000  -45.0000   30.0000 7789.0039   22.3068
    7.5000  -45.0000   30.0000 7423.0269   22.2544
   -7.5000  -37.5000   30.0000 8004.6543   21.7974
    0.0000  -37.5000   30.0000 8426.9941   21.7973
    7.5000  -37.5000   30.0000 8007.4932   21.7493
   -7.5000  -30.0000   30.0000 8945.9824   21.6371
    0.0000  -30.0000   30.0000 9437.5557   21.6433
    7.5000  -30.0000   30.0000 8976.2393   21.6059
   -7.5000  -22.5000   30.0000 9927.3320   21.5816
    0.0000  -22.5000   30.000010455.2119   21.5893
    7.5000  -22.5000   30.0000 9975.6631   21.5605
   -7.5000  -15.0000   30.000010988.8467   21.5664
    0.0000  -15.0000   30.000011571.8916   21.5689
    7.5000  -15.0000   30.000011042.3018   21.5386
   -7.5000   -7.5000   30.000012049.0127   21.5654
    0.0000   -7.5000   30.000012812.2520   21.5600
    7.5000   -7.5000   30.000012191.3516   21.5192
   -7.5000    0.0000   30.000012916.7129   21.5712
    0.0000    0.0000   30.000013703.8203   21.5632
    7.5000    0.0000   30.000013108.1309   21.5139
   -7.5000    7.5000   30.000012717.0234   21.5789
    0.0000    7.5000   30.000013439.6445   21.5769
    7.5000    7.5000   30.000012895.1846   21.5295
   -7.5000   15.0000   30.000012518.3486   21.5810
    0.0000   15.0000   30.000013242.3926   21.5866
    7.5000   15.0000   30.000012681.6152   21.5495
   -7.5000   22.5000   30.000012195.6514   21.5643
    0.0000   22.5000   30.000012907.2354   21.5719
    7.5000   22.5000   30.000012307.2109   21.5432
   -7.5000   30.0000   30.000011617.9824   21.2873
    0.0000   30.0000   30.000012290.2002   21.2898
    7.5000   30.0000   30.000011710.7852   21.2598
   -7.5000   37.5000   30.000011268.6514   21.2863
    0.0000   37.5000   30.000011932.1572   21.2809
    7.5000   37.5000   30.000011397.1777   21.2408
   -7.5000   45.0000   30.000010488.9346   20.7921
    0.0000   45.0000   30.000011104.6611   20.7845
    7.5000   45.0000   30.000010596.6143   20.7369
   -7.5000  -45.0000   37.5000 7210.7769   23.1084
    0.0000  -45.0000   37.5000 7583.6538   23.0963
    7.5000  -45.0000   37.5000 7208.3594   23.0361
   -7.5000  -37.5000   37.5000 7772.9238   22.5673
    0.0000  -37.5000   37.5000 8180.1250   22.5612
    7.5000  -37.5000   37.5000 7794.2017   22.5018
   -7.5000  -30.0000   37.5000 8681.6562   22.4133
    0.0000  -30.0000   37.5000 9133.9121   22.4114
    7.5000  -30.0000   37.5000 8727.0840   22.3613
   -7.5000  -22.5000   37.5000 9655.9219   22.3609
    0.0000  -22.5000   37.500010117.1455   22.3586
    7.5000  -22.5000   37.5000 9698.0127   22.3207
   -7.5000  -15.0000   37.500010679.2207   22.3361
    0.0000  -15.0000   37.500011201.2256   22.3289
    7.5000  -15.0000   37.500010724.8398   22.2934
   -7.5000   -7.5000   37.500011667.2500   22.3165
    0.0000   -7.5000   37.500012313.7109   22.3038
    7.5000   -7.5000   37.500011755.1709   22.2583
   -7.5000    0.0000   37.500012471.3730   22.3131
    0.0000    0.0000   37.500013112.7842   22.2998
    7.5000    0.0000   37.500012585.9629   22.2433
   -7.5000    7.5000   37.500012282.7881   22.3329
    0.0000    7.5000   37.500012889.6445   22.3250
    7.5000    7.5000   37.500012390.8428   22.2664
   -7.5000   15.0000   37.500012074.2207   22.3531
    0.0000   15.0000   37.500012713.8975   22.3505
    7.5000   15.0000   37.500012190.0498   22.3009
   -7.5000   22.5000   37.500011803.9502   22.3426
    0.0000   22.5000   37.500012415.8076   22.3403
    7.5000   22.5000   37.500011868.7793   22.3026
   -7.5000   30.0000   37.500011243.0850   22.0470
    0.0000   30.0000   37.500011834.7471   22.0399
    7.5000   30.0000   37.500011296.7012   22.0049
   -7.5000   37.5000   37.500010914.4756   22.0277
    0.0000   37.5000   37.500011520.7734   22.0152
    7.5000   37.5000   37.500011002.3662   21.9703
   -7.5000   45.0000   37.500010188.3770   21.5072
    0.0000   45.0000   37.500010757.5938   21.4945
    7.5000   45.0000   37.500010258.9775   21.4400
   -7.5000  -45.0000   45.0000 6709.2114   23.9097
    0.0000  -45.0000   45.0000 7075.9009   23.9016
    7.5000  -45.0000   45.0000 6718.8594   23.8348
   -7.5000  -37.5000   45.0000 7229.2085   23.3355
    0.0000  -37.5000   45.0000 7614.1201   23.3338
    7.5000  -37.5000   45.0000 7257.0190   23.2656
   -7.5000  -30.0000   45.0000 8109.1045   23.1823
    0.0000  -30.0000   45.0000 8500.4951   23.1822
    7.5000  -30.0000   45.0000 8134.3501   23.1212
   -7.5000  -22.5000   45.0000 9013.1650   23.1303
    0.0000  -22.5000   45.0000 9426.4316   23.1268
    7.5000  -22.5000   45.0000 9035.7656   23.0779
   -7.5000  -15.0000   45.0000 9957.6348   23.0963
    0.0000  -15.0000   45.000010420.0205   23.0870
    7.5000  -15.0000   45.0000 9977.3066   23.0421
   -7.5000   -7.5000   45.000010833.8223   23.0635
    0.0000   -7.5000   45.000011391.3008   23.0518
    7.5000   -7.5000   45.000010876.6934   22.9998
   -7.5000    0.0000   45.000011568.0010   23.0546
    0.0000    0.0000   45.000012116.7402   23.0456
    7.5000    0.0000   45.000011622.4736   22.9831
   -7.5000    7.5000   45.000011389.5391   23.0831
    0.0000    7.5000   45.000011930.2520   23.0794
    7.5000    7.5000   45.000011442.3945   23.0122
   -7.5000   15.0000   45.000011199.2891   23.1172
    0.0000   15.0000   45.000011755.9072   23.1164
    7.5000   15.0000   45.000011259.2715   23.0560
   -7.5000   22.5000   45.000010933.6621   23.1109
    0.0000   22.5000   45.000011461.1797   23.1074
    7.5000   22.5000   45.000010964.1885   23.0587
   -7.5000   30.0000   45.000010423.6953   22.7954
    0.0000   30.0000   45.000010929.6348   22.7863
    7.5000   30.0000   45.000010475.1211   22.7419
   -7.5000   37.5000   45.000010122.1475   22.7631
    0.0000   37.5000   45.000010637.1172   22.7515
    7.5000   37.5000   45.000010186.0840   22.7001
   -7.5000   45.0000   45.0000 9434.8320   22.2321
    0.0000   45.0000   45.0000 9941.6475   22.2234
    7.5000   45.0000   45.0000 9481.2490   22.1631

---------------------------------------------------------------------
imgreg_4dfp /opt/freesurfer/average/711-2C_as_mni_average_305 /opt/freesurfer/average/711-2B_as_mni_average_305_mask talsrcimg_g11 none talsrcimg_to_711-2C_as_mni_average_305_t4 4355
---------------------------------------------------------------------

freesurfer imgreg_4dfp.c
/opt/freesurfer/average/711-2C_as_mni_average_305.4dfp.img
       256       256       256         1
  1.000000  1.000000  1.000000
orientation T byte_order littleendian
Reading image: /opt/freesurfer/average/711-2C_as_mni_average_305.4dfp.img
dimensions:      256       256       256
mmppix:       1.0000   -1.0000   -1.0000
center:     128.0000 -129.0000 -129.0000
/opt/freesurfer/average/711-2B_as_mni_average_305_mask.4dfp.img
       256       256       256         1
  1.000000  1.000000  1.000000
orientation T byte_order littleendian
Reading mask: /opt/freesurfer/average/711-2B_as_mni_average_305_mask.4dfp.img (2306576 pixels)
talsrcimg_g11.4dfp.img
       256       256       256         1
  1.000000  1.000000  1.000000
orientation T byte_order littleendian
Reading image: talsrcimg_g11.4dfp.img
dimensions:      256       256       256
mmppix:       1.0000   -1.0000   -1.0000
center:     128.0000 -129.0000 -129.0000
rotation matrix determinant  1.000000
image alignment mode   4355 decimal     1103 hex
   -7.5000  -45.0000  -37.5000 2102.7209   27.8333
    0.0000  -45.0000  -37.5000 2122.5725   27.7144
    7.5000  -45.0000  -37.5000 2103.6333   27.4229
   -7.5000  -37.5000  -37.5000 2219.5303   25.1083
    0.0000  -37.5000  -37.5000 2239.3003   24.9192
    7.5000  -37.5000  -37.5000 2222.6167   24.7363
   -7.5000  -30.0000  -37.5000 2319.2222   22.9418
    0.0000  -30.0000  -37.5000 2337.0540   22.7010
    7.5000  -30.0000  -37.5000 2322.9905   22.5943
   -7.5000  -22.5000  -37.5000 2398.0469   21.1848
    0.0000  -22.5000  -37.5000 2411.4468   20.8881
    7.5000  -22.5000  -37.5000 2401.2854   20.8380
   -7.5000  -15.0000  -37.5000 2445.0552   19.9003
    0.0000  -15.0000  -37.5000 2457.8003   19.5851
    7.5000  -15.0000  -37.5000 2443.8059   19.5727
   -7.5000   -7.5000  -37.5000 2473.4814   18.9220
    0.0000   -7.5000  -37.5000 2486.0840   18.6062
    7.5000   -7.5000  -37.5000 2474.2305   18.6309
   -7.5000    0.0000  -37.5000 2499.5076   18.2606
    0.0000    0.0000  -37.5000 2510.4417   17.9681
    7.5000    0.0000  -37.5000 2499.2747   18.0363
   -7.5000    7.5000  -37.5000 2507.5242   18.1493
    0.0000    7.5000  -37.5000 2518.1633   17.8537
    7.5000    7.5000  -37.5000 2509.0547   17.9230
   -7.5000   15.0000  -37.5000 2490.9290   18.4112
    0.0000   15.0000  -37.5000 2513.5735   18.1682
    7.5000   15.0000  -37.5000 2508.7249   18.2163
   -7.5000   22.5000  -37.5000 2470.7166   18.9908
    0.0000   22.5000  -37.5000 2496.5439   18.7260
    7.5000   22.5000  -37.5000 2490.4321   18.7453
   -7.5000   30.0000  -37.5000 2433.9812   19.8543
    0.0000   30.0000  -37.5000 2456.8237   19.5760
    7.5000   30.0000  -37.5000 2449.0298   19.5959
   -7.5000   37.5000  -37.5000 2369.7971   20.9589
    0.0000   37.5000  -37.5000 2396.0286   20.7140
    7.5000   37.5000  -37.5000 2380.9900   20.6971
   -7.5000   45.0000  -37.5000 2281.1682   22.4395
    0.0000   45.0000  -37.5000 2308.7258   22.2401
    7.5000   45.0000  -37.5000 2291.1758   22.2218
   -7.5000  -45.0000  -30.0000 2190.6826   27.7266
    0.0000  -45.0000  -30.0000 2207.7861   27.3837
    7.5000  -45.0000  -30.0000 2191.4304   27.2958
   -7.5000  -37.5000  -30.0000 2315.6804   24.9437
    0.0000  -37.5000  -30.0000 2333.9673   24.6548
    7.5000  -37.5000  -30.0000 2318.0994   24.5716
   -7.5000  -30.0000  -30.0000 2420.6611   22.7166
    0.0000  -30.0000  -30.0000 2433.9985   22.3798
    7.5000  -30.0000  -30.0000 2421.4736   22.3297
   -7.5000  -22.5000  -30.0000 2497.8093   20.8961
    0.0000  -22.5000  -30.0000 2509.4385   20.5486
    7.5000  -22.5000  -30.0000 2501.2380   20.5041
   -7.5000  -15.0000  -30.0000 2555.2534   19.5722
    0.0000  -15.0000  -30.0000 2564.6948   19.2127
    7.5000  -15.0000  -30.0000 2556.6301   19.1468
   -7.5000   -7.5000  -30.0000 2587.2878   18.5551
    0.0000   -7.5000  -30.0000 2596.4275   18.1702
    7.5000   -7.5000  -30.0000 2591.1006   18.1692
   -7.5000    0.0000  -30.0000 2614.2207   17.8373
    0.0000    0.0000  -30.0000 2624.4790   17.4600
    7.5000    0.0000  -30.0000 2618.8853   17.5437
   -7.5000    7.5000  -30.0000 2626.5786   17.6646
    0.0000    7.5000  -30.0000 2638.5645   17.3243
    7.5000    7.5000  -30.0000 2630.6567   17.4052
   -7.5000   15.0000  -30.0000 2622.6707   17.8603
    0.0000   15.0000  -30.0000 2642.0081   17.5526
    7.5000   15.0000  -30.0000 2633.3137   17.6020
   -7.5000   22.5000  -30.0000 2608.4709   18.3866
    0.0000   22.5000  -30.0000 2629.8662   18.0435
    7.5000   22.5000  -30.0000 2620.8745   18.1074
   -7.5000   30.0000  -30.0000 2566.3799   19.2075
    0.0000   30.0000  -30.0000 2585.8503   18.8689
    7.5000   30.0000  -30.0000 2580.4802   18.9241
   -7.5000   37.5000  -30.0000 2499.9980   20.2621
    0.0000   37.5000  -30.0000 2518.3975   19.9785
    7.5000   37.5000  -30.0000 2507.6548   19.9785
   -7.5000   45.0000  -30.0000 2407.5168   21.6732
    0.0000   45.0000  -30.0000 2427.3857   21.4283
    7.5000   45.0000  -30.0000 2415.5256   21.4352
   -7.5000  -45.0000  -22.5000 2245.2744   27.3964
    0.0000  -45.0000  -22.5000 2263.2156   26.9936
    7.5000  -45.0000  -22.5000 2250.7756   26.9605
   -7.5000  -37.5000  -22.5000 2371.0645   24.6083
    0.0000  -37.5000  -22.5000 2392.5486   24.2680
    7.5000  -37.5000  -22.5000 2379.6191   24.1870
   -7.5000  -30.0000  -22.5000 2472.8955   22.3349
    0.0000  -30.0000  -22.5000 2492.4336   21.9582
    7.5000  -30.0000  -22.5000 2484.2002   21.9241
   -7.5000  -22.5000  -22.5000 2561.1787   20.4844
    0.0000  -22.5000  -22.5000 2573.9309   20.1211
    7.5000  -22.5000  -22.5000 2569.1941   20.0880
   -7.5000  -15.0000  -22.5000 2629.6641   19.0885
    0.0000  -15.0000  -22.5000 2638.3970   18.7164
    7.5000  -15.0000  -22.5000 2632.2385   18.6362
   -7.5000   -7.5000  -22.5000 2665.3738   18.0770
    0.0000   -7.5000  -22.5000 2675.0493   17.6050
    7.5000   -7.5000  -22.5000 2674.6047   17.5913
   -7.5000    0.0000  -22.5000 2695.6970   17.3228
    0.0000    0.0000  -22.5000 2707.7632   16.8653
    7.5000    0.0000  -22.5000 2701.8789   16.9333
   -7.5000    7.5000  -22.5000 2708.1785   17.0689
    0.0000    7.5000  -22.5000 2724.2407   16.6743
    7.5000    7.5000  -22.5000 2713.8025   16.7346
   -7.5000   15.0000  -22.5000 2715.9768   17.2284
    0.0000   15.0000  -22.5000 2730.7087   16.8471
    7.5000   15.0000  -22.5000 2724.4197   16.9293
   -7.5000   22.5000  -22.5000 2711.5107   17.7096
    0.0000   22.5000  -22.5000 2723.9800   17.3181
    7.5000   22.5000  -22.5000 2718.0449   17.3911
   -7.5000   30.0000  -22.5000 2668.8711   18.4426
    0.0000   30.0000  -22.5000 2682.0769   18.0914
    7.5000   30.0000  -22.5000 2676.7324   18.1448
   -7.5000   37.5000  -22.5000 2601.4390   19.4603
    0.0000   37.5000  -22.5000 2613.3433   19.1454
    7.5000   37.5000  -22.5000 2611.5803   19.1818
   -7.5000   45.0000  -22.5000 2502.0181   20.8720
    0.0000   45.0000  -22.5000 2516.9788   20.5835
    7.5000   45.0000  -22.5000 2514.2065   20.6042
   -7.5000  -45.0000  -15.0000 2254.5127   27.1624
    0.0000  -45.0000  -15.0000 2274.2629   26.7210
    7.5000  -45.0000  -15.0000 2263.2268   26.7101
   -7.5000  -37.5000  -15.0000 2381.7625   24.3455
    0.0000  -37.5000  -15.0000 2400.1321   23.8572
    7.5000  -37.5000  -15.0000 2387.2593   23.8568
   -7.5000  -30.0000  -15.0000 2486.6348   22.0221
    0.0000  -30.0000  -15.0000 2496.1990   21.5728
    7.5000  -30.0000  -15.0000 2493.6040   21.5815
   -7.5000  -22.5000  -15.0000 2581.4219   20.1371
    0.0000  -22.5000  -15.0000 2588.2920   19.7389
    7.5000  -22.5000  -15.0000 2587.6758   19.7057
   -7.5000  -15.0000  -15.0000 2662.1494   18.7149
    0.0000  -15.0000  -15.0000 2667.5637   18.3128
    7.5000  -15.0000  -15.0000 2667.7603   18.2950
   -7.5000   -7.5000  -15.0000 2713.8110   17.6860
    0.0000   -7.5000  -15.0000 2715.6724   17.2507
    7.5000   -7.5000  -15.0000 2717.0107   17.2371
   -7.5000    0.0000  -15.0000 2743.8838   16.9661
    0.0000    0.0000  -15.0000 2739.8101   16.4830
    7.5000    0.0000  -15.0000 2741.3652   16.5563
   -7.5000    7.5000  -15.0000 2760.4631   16.6283
    0.0000    7.5000  -15.0000 2756.5020   16.1469
    7.5000    7.5000  -15.0000 2751.1855   16.2246
   -7.5000   15.0000  -15.0000 2769.8396   16.7442
    0.0000   15.0000  -15.0000 2771.7104   16.2782
    7.5000   15.0000  -15.0000 2770.3440   16.3553
   -7.5000   22.5000  -15.0000 2762.0164   17.1182
    0.0000   22.5000  -15.0000 2769.1892   16.6929
    7.5000   22.5000  -15.0000 2764.6208   16.7624
   -7.5000   30.0000  -15.0000 2724.5310   17.7873
    0.0000   30.0000  -15.0000 2733.4033   17.3840
    7.5000   30.0000  -15.0000 2731.2161   17.4534
   -7.5000   37.5000  -15.0000 2663.8003   18.7883
    0.0000   37.5000  -15.0000 2669.3872   18.4158
    7.5000   37.5000  -15.0000 2669.0293   18.4936
   -7.5000   45.0000  -15.0000 2565.1318   20.2032
    0.0000   45.0000  -15.0000 2577.4678   19.8507
    7.5000   45.0000  -15.0000 2576.9504   19.9161
   -7.5000  -45.0000   -7.5000 2253.5271   27.2284
    0.0000  -45.0000   -7.5000 2261.5752   26.7495
    7.5000  -45.0000   -7.5000 2251.8503   26.7543
   -7.5000  -37.5000   -7.5000 2375.4358   24.1765
    0.0000  -37.5000   -7.5000 2383.4712   23.7409
    7.5000  -37.5000   -7.5000 2376.7041   23.7500
   -7.5000  -30.0000   -7.5000 2481.3726   21.8484
    0.0000  -30.0000   -7.5000 2480.8279   21.4221
    7.5000  -30.0000   -7.5000 2480.6912   21.3832
   -7.5000  -22.5000   -7.5000 2581.9834   19.9895
    0.0000  -22.5000   -7.5000 2581.4202   19.6076
    7.5000  -22.5000   -7.5000 2581.4392   19.5465
   -7.5000  -15.0000   -7.5000 2675.5046   18.5754
    0.0000  -15.0000   -7.5000 2673.0454   18.2531
    7.5000  -15.0000   -7.5000 2679.0437   18.1811
   -7.5000   -7.5000   -7.5000 2747.5186   17.6641
    0.0000   -7.5000   -7.5000 2743.0244   17.3473
    7.5000   -7.5000   -7.5000 2749.8848   17.2442
   -7.5000    0.0000   -7.5000 2786.5898   17.0348
    0.0000    0.0000   -7.5000 2781.7266   16.6332
    7.5000    0.0000   -7.5000 2779.5764   16.5800
   -7.5000    7.5000   -7.5000 2802.2678   16.4787
    0.0000    7.5000   -7.5000 2787.2078   16.0386
    7.5000    7.5000   -7.5000 2784.5273   16.0483
   -7.5000   15.0000   -7.5000 2804.3726   16.4267
    0.0000   15.0000   -7.5000 2796.9187   15.9970
    7.5000   15.0000   -7.5000 2796.1772   16.0340
   -7.5000   22.5000   -7.5000 2791.9053   16.7088
    0.0000   22.5000   -7.5000 2795.6257   16.3357
    7.5000   22.5000   -7.5000 2793.5701   16.3600
   -7.5000   30.0000   -7.5000 2763.9287   17.3361
    0.0000   30.0000   -7.5000 2770.9087   16.9740
    7.5000   30.0000   -7.5000 2767.7698   17.0069
   -7.5000   37.5000   -7.5000 2707.9685   18.3614
    0.0000   37.5000   -7.5000 2709.1777   17.9569
    7.5000   37.5000   -7.5000 2711.1833   18.0057
   -7.5000   45.0000   -7.5000 2612.6309   19.7831
    0.0000   45.0000   -7.5000 2621.7786   19.3851
    7.5000   45.0000   -7.5000 2621.7571   19.4671
   -7.5000  -45.0000    0.0000 2223.1982   27.5699
    0.0000  -45.0000    0.0000 2227.3157   27.2486
    7.5000  -45.0000    0.0000 2224.4355   27.1418
   -7.5000  -37.5000    0.0000 2349.7046   24.4397
    0.0000  -37.5000    0.0000 2356.5039   24.1689
    7.5000  -37.5000    0.0000 2349.2832   24.0676
   -7.5000  -30.0000    0.0000 2461.8613   22.0462
    0.0000  -30.0000    0.0000 2467.6082   21.8510
    7.5000  -30.0000    0.0000 2459.6108   21.6831
   -7.5000  -22.5000    0.0000 2572.2844   20.1894
    0.0000  -22.5000    0.0000 2580.6697   20.0651
    7.5000  -22.5000    0.0000 2572.3806   19.8912
   -7.5000  -15.0000    0.0000 2678.1482   18.8246
    0.0000  -15.0000    0.0000 2697.5796   18.7933
    7.5000  -15.0000    0.0000 2678.2979   18.5126
   -7.5000   -7.5000    0.0000 2776.5991   17.9480
    0.0000   -7.5000    0.0000 2805.1760   18.0762
    7.5000   -7.5000    0.0000 2773.4380   17.6522
   -7.5000    0.0000    0.0000 2843.4048   17.4711
    0.0000    0.0000    0.0000 2881.1094   17.6163
    7.5000    0.0000    0.0000 2829.8596   17.0905
   -7.5000    7.5000    0.0000 2858.0547   16.7912
    0.0000    7.5000    0.0000 2879.2317   16.7614
    7.5000    7.5000    0.0000 2837.6755   16.4687
   -7.5000   15.0000    0.0000 2835.9385   16.4021
    0.0000   15.0000    0.0000 2858.7534   16.3390
    7.5000   15.0000    0.0000 2827.9819   16.1341
   -7.5000   22.5000    0.0000 2805.7227   16.4785
    0.0000   22.5000    0.0000 2834.0381   16.3808
    7.5000   22.5000    0.0000 2806.2463   16.2426
   -7.5000   30.0000    0.0000 2779.6418   17.0555
    0.0000   30.0000    0.0000 2797.5593   16.8422
    7.5000   30.0000    0.0000 2779.1416   16.8060
   -7.5000   37.5000    0.0000 2718.4495   18.0937
    0.0000   37.5000    0.0000 2738.2097   17.8451
    7.5000   37.5000    0.0000 2723.7615   17.8155
   -7.5000   45.0000    0.0000 2631.3955   19.5357
    0.0000   45.0000    0.0000 2653.5981   19.2817
    7.5000   45.0000    0.0000 2635.7612   19.2524
   -7.5000  -45.0000    7.5000 2195.7732   28.2993
    0.0000  -45.0000    7.5000 2215.1243   28.3799
    7.5000  -45.0000    7.5000 2206.6079   28.1711
   -7.5000  -37.5000    7.5000 2319.1587   25.0150
    0.0000  -37.5000    7.5000 2341.6304   25.0961
    7.5000  -37.5000    7.5000 2334.2576   24.9193
   -7.5000  -30.0000    7.5000 2433.0752   22.5803
    0.0000  -30.0000    7.5000 2463.5288   22.7010
    7.5000  -30.0000    7.5000 2451.7788   22.4997
   -7.5000  -22.5000    7.5000 2556.4402   20.6377
    0.0000  -22.5000    7.5000 2595.2866   20.8690
    7.5000  -22.5000    7.5000 2571.2688   20.5317
   -7.5000  -15.0000    7.5000 2670.8955   19.2063
    0.0000  -15.0000    7.5000 2728.6050   19.5761
    7.5000  -15.0000    7.5000 2687.4270   19.1025
   -7.5000   -7.5000    7.5000 2779.8503   18.3511
    0.0000   -7.5000    7.5000 2864.6113   18.8871
    7.5000   -7.5000    7.5000 2797.7371   18.2856
   -7.5000    0.0000    7.5000 2861.6414   17.7425
    0.0000    0.0000    7.5000 2972.4341   18.5286
    7.5000    0.0000    7.5000 2876.2646   17.6890
   -7.5000    7.5000    7.5000 2883.2471   16.9871
    0.0000    7.5000    7.5000 2995.2625   17.6503
    7.5000    7.5000    7.5000 2878.8674   16.8807
   -7.5000   15.0000    7.5000 2850.2473   16.4726
    0.0000   15.0000    7.5000 2917.1807   16.7885
    7.5000   15.0000    7.5000 2851.5981   16.4257
   -7.5000   22.5000    7.5000 2816.1841   16.5482
    0.0000   22.5000    7.5000 2857.4673   16.5682
    7.5000   22.5000    7.5000 2823.2722   16.5011
   -7.5000   30.0000    7.5000 2774.0349   17.0727
    0.0000   30.0000    7.5000 2799.3442   16.9933
    7.5000   30.0000    7.5000 2776.3379   16.9924
   -7.5000   37.5000    7.5000 2713.4949   18.0777
    0.0000   37.5000    7.5000 2735.1150   17.9228
    7.5000   37.5000    7.5000 2719.4346   17.9183
   -7.5000   45.0000    7.5000 2631.0857   19.4739
    0.0000   45.0000    7.5000 2648.2822   19.2978
    7.5000   45.0000    7.5000 2637.1816   19.2623
   -7.5000  -45.0000   15.0000 2162.3945   29.4584
    0.0000  -45.0000   15.0000 2205.1067   29.9057
    7.5000  -45.0000   15.0000 2182.7998   29.6515
   -7.5000  -37.5000   15.0000 2285.8022   26.0415
    0.0000  -37.5000   15.0000 2334.3162   26.3998
    7.5000  -37.5000   15.0000 2314.8047   26.2173
   -7.5000  -30.0000   15.0000 2405.0496   23.3361
    0.0000  -30.0000   15.0000 2457.4509   23.7154
    7.5000  -30.0000   15.0000 2439.1035   23.4830
   -7.5000  -22.5000   15.0000 2528.5916   21.2104
    0.0000  -22.5000   15.0000 2589.9543   21.6562
    7.5000  -22.5000   15.0000 2561.8398   21.3291
   -7.5000  -15.0000   15.0000 2654.2078   19.6355
    0.0000  -15.0000   15.0000 2723.0334   20.1297
    7.5000  -15.0000   15.0000 2684.1265   19.7168
   -7.5000   -7.5000   15.0000 2765.8120   18.5878
    0.0000   -7.5000   15.0000 2848.1970   19.2202
    7.5000   -7.5000   15.0000 2796.8970   18.6844
   -7.5000    0.0000   15.0000 2841.9612   17.7912
    0.0000    0.0000   15.0000 2945.6448   18.5172
    7.5000    0.0000   15.0000 2876.1577   17.8343
   -7.5000    7.5000   15.0000 2869.3967   16.9238
    0.0000    7.5000   15.0000 2962.2053   17.4341
    7.5000    7.5000   15.0000 2891.0608   16.9673
   -7.5000   15.0000   15.0000 2859.0481   16.6595
    0.0000   15.0000   15.0000 2906.5647   16.7256
    7.5000   15.0000   15.0000 2873.5518   16.6873
   -7.5000   22.5000   15.0000 2833.0447   16.8989
    0.0000   22.5000   15.0000 2881.4592   16.8894
    7.5000   22.5000   15.0000 2854.4607   16.9265
   -7.5000   30.0000   15.0000 2774.9348   17.5284
    0.0000   30.0000   15.0000 2806.2202   17.5357
    7.5000   30.0000   15.0000 2787.6592   17.5642
   -7.5000   37.5000   15.0000 2704.7021   18.5233
    0.0000   37.5000   15.0000 2723.6052   18.4817
    7.5000   37.5000   15.0000 2711.1223   18.4784
   -7.5000   45.0000   15.0000 2608.2209   19.8722
    0.0000   45.0000   15.0000 2626.4053   19.7684
    7.5000   45.0000   15.0000 2618.8203   19.7703
   -7.5000  -45.0000   22.5000 2128.7998   30.5264
    0.0000  -45.0000   22.5000 2171.4949   31.0603
    7.5000  -45.0000   22.5000 2153.7144   30.9051
   -7.5000  -37.5000   22.5000 2263.2690   26.8622
    0.0000  -37.5000   22.5000 2309.1553   27.2967
    7.5000  -37.5000   22.5000 2292.2085   27.1934
   -7.5000  -30.0000   22.5000 2385.2852   24.0378
    0.0000  -30.0000   22.5000 2430.8225   24.3402
    7.5000  -30.0000   22.5000 2421.7510   24.2510
   -7.5000  -22.5000   22.5000 2505.5596   21.8033
    0.0000  -22.5000   22.5000 2552.0195   22.0726
    7.5000  -22.5000   22.5000 2542.1453   21.8970
   -7.5000  -15.0000   22.5000 2623.0059   20.1131
    0.0000  -15.0000   22.5000 2673.6521   20.3796
    7.5000  -15.0000   22.5000 2658.2363   20.1757
   -7.5000   -7.5000   22.5000 2733.0422   18.9593
    0.0000   -7.5000   22.5000 2788.3677   19.2906
    7.5000   -7.5000   22.5000 2768.9548   19.1058
   -7.5000    0.0000   22.5000 2800.5366   18.0088
    0.0000    0.0000   22.5000 2877.2573   18.3649
    7.5000    0.0000   22.5000 2841.1597   18.1228
   -7.5000    7.5000   22.5000 2838.9780   17.2436
    0.0000    7.5000   22.5000 2883.4651   17.2416
    7.5000    7.5000   22.5000 2863.3157   17.2981
   -7.5000   15.0000   22.5000 2846.8684   17.0830
    0.0000   15.0000   22.5000 2884.5540   16.9862
    7.5000   15.0000   22.5000 2863.6301   17.0930
   -7.5000   22.5000   22.5000 2832.7834   17.4452
    0.0000   22.5000   22.5000 2875.0444   17.3296
    7.5000   22.5000   22.5000 2852.3950   17.4446
   -7.5000   30.0000   22.5000 2769.9370   18.1724
    0.0000   30.0000   22.5000 2802.6375   18.0594
    7.5000   30.0000   22.5000 2789.4084   18.1762
   -7.5000   37.5000   22.5000 2692.8472   19.2161
    0.0000   37.5000   22.5000 2715.5361   19.1357
    7.5000   37.5000   22.5000 2702.9578   19.1890
   -7.5000   45.0000   22.5000 2596.3618   20.6059
    0.0000   45.0000   22.5000 2610.9104   20.5054
    7.5000   45.0000   22.5000 2601.1082   20.5048
   -7.5000  -45.0000   30.0000 2087.0645   31.6908
    0.0000  -45.0000   30.0000 2120.2192   31.8667
    7.5000  -45.0000   30.0000 2120.2864   32.0089
   -7.5000  -37.5000   30.0000 2226.7605   27.8357
    0.0000  -37.5000   30.0000 2256.0938   27.8783
    7.5000  -37.5000   30.0000 2257.6179   28.0626
   -7.5000  -30.0000   30.0000 2350.5203   24.8736
    0.0000  -30.0000   30.0000 2383.1870   24.8658
    7.5000  -30.0000   30.0000 2384.6509   25.0288
   -7.5000  -22.5000   30.0000 2463.5911   22.4718
    0.0000  -22.5000   30.0000 2499.3130   22.5325
    7.5000  -22.5000   30.0000 2498.3826   22.6256
   -7.5000  -15.0000   30.0000 2581.4878   20.7007
    0.0000  -15.0000   30.0000 2614.7441   20.7404
    7.5000  -15.0000   30.0000 2615.8108   20.8398
   -7.5000   -7.5000   30.0000 2680.8135   19.4476
    0.0000   -7.5000   30.0000 2716.7266   19.5369
    7.5000   -7.5000   30.0000 2714.6145   19.5764
   -7.5000    0.0000   30.0000 2747.0254   18.4759
    0.0000    0.0000   30.0000 2783.0752   18.4318
    7.5000    0.0000   30.0000 2781.4543   18.5832
   -7.5000    7.5000   30.0000 2780.4653   17.7763
    0.0000    7.5000   30.0000 2816.5276   17.6300
    7.5000    7.5000   30.0000 2804.0720   17.8403
   -7.5000   15.0000   30.0000 2798.2747   17.6772
    0.0000   15.0000   30.0000 2836.3118   17.5822
    7.5000   15.0000   30.0000 2819.4575   17.7121
   -7.5000   22.5000   30.0000 2790.9106   18.0847
    0.0000   22.5000   30.0000 2829.6028   17.9635
    7.5000   22.5000   30.0000 2806.2729   18.1145
   -7.5000   30.0000   30.0000 2738.5164   18.8690
    0.0000   30.0000   30.0000 2771.1079   18.6891
    7.5000   30.0000   30.0000 2751.7063   18.8747
   -7.5000   37.5000   30.0000 2659.7915   19.9977
    0.0000   37.5000   30.0000 2681.8916   19.8241
    7.5000   37.5000   30.0000 2673.7146   19.9767
   -7.5000   45.0000   30.0000 2561.2234   21.4547
    0.0000   45.0000   30.0000 2579.4834   21.3080
    7.5000   45.0000   30.0000 2568.5808   21.3574
   -7.5000  -45.0000   37.5000 2034.7861   32.8976
    0.0000  -45.0000   37.5000 2062.5427   32.7758
    7.5000  -45.0000   37.5000 2074.7563   33.0746
   -7.5000  -37.5000   37.5000 2174.7388   28.8837
    0.0000  -37.5000   37.5000 2200.5093   28.7211
    7.5000  -37.5000   37.5000 2215.7231   29.0163
   -7.5000  -30.0000   37.5000 2299.1919   25.7442
    0.0000  -30.0000   37.5000 2322.5208   25.5552
    7.5000  -30.0000   37.5000 2338.7307   25.8568
   -7.5000  -22.5000   37.5000 2419.0129   23.3164
    0.0000  -22.5000   37.5000 2434.6477   23.1519
    7.5000  -22.5000   37.5000 2449.5649   23.4734
   -7.5000  -15.0000   37.5000 2529.7312   21.4854
    0.0000  -15.0000   37.5000 2546.5649   21.3614
    7.5000  -15.0000   37.5000 2556.9187   21.5985
   -7.5000   -7.5000   37.5000 2622.2280   20.1276
    0.0000   -7.5000   37.5000 2642.8213   19.9974
    7.5000   -7.5000   37.5000 2652.1230   20.2053
   -7.5000    0.0000   37.5000 2677.6201   19.2052
    0.0000    0.0000   37.5000 2704.9958   18.9457
    7.5000    0.0000   37.5000 2709.3804   19.2214
   -7.5000    7.5000   37.5000 2711.7302   18.5864
    0.0000    7.5000   37.5000 2734.0828   18.3622
    7.5000    7.5000   37.5000 2734.0320   18.6471
   -7.5000   15.0000   37.5000 2732.0864   18.5072
    0.0000   15.0000   37.5000 2761.3687   18.3942
    7.5000   15.0000   37.5000 2753.7805   18.6016
   -7.5000   22.5000   37.5000 2726.8076   18.9153
    0.0000   22.5000   37.5000 2755.2046   18.8092
    7.5000   22.5000   37.5000 2741.8430   18.9937
   -7.5000   30.0000   37.5000 2678.8967   19.6819
    0.0000   30.0000   37.5000 2706.5278   19.5223
    7.5000   30.0000   37.5000 2695.4712   19.6768
   -7.5000   37.5000   37.5000 2605.2502   20.8060
    0.0000   37.5000   37.5000 2629.7007   20.6317
    7.5000   37.5000   37.5000 2618.8530   20.7799
   -7.5000   45.0000   37.5000 2513.7070   22.3113
    0.0000   45.0000   37.5000 2533.2922   22.1118
    7.5000   45.0000   37.5000 2525.1111   22.2243
   -7.5000  -45.0000   45.0000 1978.8582   34.1882
    0.0000  -45.0000   45.0000 2000.8743   33.9844
    7.5000  -45.0000   45.0000 2021.6456   34.4601
   -7.5000  -37.5000   45.0000 2119.1589   29.9428
    0.0000  -37.5000   45.0000 2139.4531   29.7193
    7.5000  -37.5000   45.0000 2163.2297   30.1354
   -7.5000  -30.0000   45.0000 2247.1367   26.6987
    0.0000  -30.0000   45.0000 2257.9158   26.3516
    7.5000  -30.0000   45.0000 2285.7944   26.8681
   -7.5000  -22.5000   45.0000 2365.1328   24.2862
    0.0000  -22.5000   45.0000 2370.4468   23.9816
    7.5000  -22.5000   45.0000 2394.5100   24.4365
   -7.5000  -15.0000   45.0000 2470.5222   22.4877
    0.0000  -15.0000   45.0000 2476.4065   22.2311
    7.5000  -15.0000   45.0000 2493.4487   22.5706
   -7.5000   -7.5000   45.0000 2551.9851   21.0886
    0.0000   -7.5000   45.0000 2566.7820   20.8491
    7.5000   -7.5000   45.0000 2576.1907   21.1524
   -7.5000    0.0000   45.0000 2605.8684   20.1698
    0.0000    0.0000   45.0000 2623.9353   19.8859
    7.5000    0.0000   45.0000 2635.2598   20.2645
   -7.5000    7.5000   45.0000 2637.5078   19.6461
    0.0000    7.5000   45.0000 2652.9639   19.3955
    7.5000    7.5000   45.0000 2658.0813   19.7280
   -7.5000   15.0000   45.0000 2656.6658   19.5970
    0.0000   15.0000   45.0000 2680.7930   19.4029
    7.5000   15.0000   45.0000 2679.1494   19.6648
   -7.5000   22.5000   45.0000 2650.8591   19.9838
    0.0000   22.5000   45.0000 2671.6846   19.7903
    7.5000   22.5000   45.0000 2670.0171   20.0338
   -7.5000   30.0000   45.0000 2601.8418   20.7284
    0.0000   30.0000   45.0000 2624.9963   20.5098
    7.5000   30.0000   45.0000 2627.2585   20.7491
   -7.5000   37.5000   45.0000 2533.4258   21.8354
    0.0000   37.5000   45.0000 2556.1658   21.5866
    7.5000   37.5000   45.0000 2549.8452   21.7879
   -7.5000   45.0000   45.0000 2443.0940   23.2285
    0.0000   45.0000   45.0000 2465.7258   23.0396
    7.5000   45.0000   45.0000 2453.3303   23.2097
   -7.5000  -45.0000   52.5000 1925.5671   35.8020
    0.0000  -45.0000   52.5000 1940.3473   35.6678
    7.5000  -45.0000   52.5000 1961.7964   36.2244
   -7.5000  -37.5000   52.5000 2069.6990   31.3794
    0.0000  -37.5000   52.5000 2075.0410   31.0263
    7.5000  -37.5000   52.5000 2099.6233   31.6213
   -7.5000  -30.0000   52.5000 2194.8328   28.0874
    0.0000  -30.0000   52.5000 2193.8862   27.5827
    7.5000  -30.0000   52.5000 2220.9495   28.1838
   -7.5000  -22.5000   52.5000 2302.2620   25.5682
    0.0000  -22.5000   52.5000 2308.3831   25.2466
    7.5000  -22.5000   52.5000 2330.7910   25.7643
   -7.5000  -15.0000   52.5000 2399.6633   23.7448
    0.0000  -15.0000   52.5000 2410.4792   23.4723
    7.5000  -15.0000   52.5000 2425.6238   23.8929
   -7.5000   -7.5000   52.5000 2472.4539   22.3601
    0.0000   -7.5000   52.5000 2487.2449   22.0927
    7.5000   -7.5000   52.5000 2497.2983   22.4800
   -7.5000    0.0000   52.5000 2526.7495   21.4382
    0.0000    0.0000   52.5000 2539.9016   21.2078
    7.5000    0.0000   52.5000 2543.4336   21.5982
   -7.5000    7.5000   52.5000 2558.9998   20.9342
    0.0000    7.5000   52.5000 2568.9358   20.7399
    7.5000    7.5000   52.5000 2574.6831   21.0658
   -7.5000   15.0000   52.5000 2565.0105   20.8790
    0.0000   15.0000   52.5000 2585.0981   20.7047
    7.5000   15.0000   52.5000 2588.6160   20.9601
   -7.5000   22.5000   52.5000 2556.3196   21.2685
    0.0000   22.5000   52.5000 2577.1470   21.0615
    7.5000   22.5000   52.5000 2581.8755   21.3258
   -7.5000   30.0000   52.5000 2519.5994   21.9521
    0.0000   30.0000   52.5000 2549.7974   21.6893
    7.5000   30.0000   52.5000 2547.9480   21.9537
   -7.5000   37.5000   52.5000 2460.0591   23.0105
    0.0000   37.5000   52.5000 2486.6074   22.7478
    7.5000   37.5000   52.5000 2476.5688   22.9724
   -7.5000   45.0000   52.5000 2360.8325   24.5033
    0.0000   45.0000   52.5000 2382.1541   24.2443
    7.5000   45.0000   52.5000 2378.6838   24.4100

---------------------------------------------------------------------
imgreg_4dfp /opt/freesurfer/average/711-2C_as_mni_average_305 /opt/freesurfer/average/711-2B_as_mni_average_305_mask talsrcimg_g11 none talsrcimg_to_711-2C_as_mni_average_305_t4 1283
---------------------------------------------------------------------

freesurfer imgreg_4dfp.c
/opt/freesurfer/average/711-2C_as_mni_average_305.4dfp.img
       256       256       256         1
  1.000000  1.000000  1.000000
orientation T byte_order littleendian
Reading image: /opt/freesurfer/average/711-2C_as_mni_average_305.4dfp.img
dimensions:      256       256       256
mmppix:       1.0000   -1.0000   -1.0000
center:     128.0000 -129.0000 -129.0000
/opt/freesurfer/average/711-2B_as_mni_average_305_mask.4dfp.img
       256       256       256         1
  1.000000  1.000000  1.000000
orientation T byte_order littleendian
Reading mask: /opt/freesurfer/average/711-2B_as_mni_average_305_mask.4dfp.img (2306576 pixels)
talsrcimg_g11.4dfp.img
       256       256       256         1
  1.000000  1.000000  1.000000
orientation T byte_order littleendian
Reading image: talsrcimg_g11.4dfp.img
dimensions:      256       256       256
mmppix:       1.0000   -1.0000   -1.0000
center:     128.0000 -129.0000 -129.0000
rotation matrix determinant  1.000000
fimgreg.f
image alignment mode   1283 decimal      503 hex
parameters
    0.0000    7.5000    7.5000    0.0000    0.0000    0.0000
eta,q 0.94270 17.81057
niter,ni,del,rscale     5    3   12.0000    1.2000
parameter  2  0.505908 ->  0.500000 qaram    1.1500
parameters
    0.3064    4.0500    9.0007   -0.9482   -0.1197   -1.7299
eta,q 0.95094 18.04184
  0.0883  0.0540  0.0802  0.0544  0.0632  0.0517
  0.0753  0.0503  0.0656  0.0503  0.0556  0.0496
  0.0619  0.0514  0.0551  0.0491  0.0511  0.0490
  0.0537  0.0529  0.0507  0.0508  0.0497  0.0497
  0.0551  0.0591  0.0509  0.0514  0.0523  0.0510
  0.0680  0.0705  0.0542  0.0532  0.0572  0.0536
  0.0851  0.0788  0.0595  0.0575  0.0633  0.0574
niter,ni,del,rscale     5    3   12.0000    1.2000
parameters
    0.5847    4.8307    8.9277   -2.3008   -0.4727   -1.5848
eta,q 0.95313 18.03668
  0.0838  0.0737  0.0668  0.0525  0.0604  0.0531
  0.0697  0.0619  0.0547  0.0487  0.0535  0.0498
  0.0567  0.0535  0.0486  0.0467  0.0485  0.0477
  0.0491  0.0487  0.0486  0.0485  0.0469  0.0469
  0.0517  0.0502  0.0527  0.0513  0.0498  0.0475
  0.0645  0.0550  0.0584  0.0535  0.0562  0.0494
  0.0798  0.0652  0.0643  0.0557  0.0636  0.0525
niter,ni,del,rscale     4    3   12.0000    1.2000
parameters
    0.6500    5.3740    8.6864   -3.2913   -0.5245   -1.5478
eta,q 0.95426 18.00488
  0.0808  0.0718  0.0657  0.0520  0.0608  0.0518
  0.0660  0.0613  0.0537  0.0492  0.0537  0.0488
  0.0531  0.0526  0.0468  0.0463  0.0479  0.0467
  0.0469  0.0468  0.0466  0.0462  0.0457  0.0457
  0.0508  0.0490  0.0520  0.0498  0.0481  0.0462
  0.0645  0.0562  0.0590  0.0529  0.0541  0.0485
  0.0803  0.0661  0.0650  0.0553  0.0613  0.0520
niter,ni,del,rscale     3    3   12.0000    1.2000
parameters
    0.6067    5.8118    8.5827   -4.0726   -0.4214   -1.4769
eta,q 0.95431 17.97321
  0.0788  0.0711  0.0664  0.0517  0.0615  0.0517
  0.0640  0.0609  0.0544  0.0495  0.0539  0.0486
  0.0514  0.0516  0.0471  0.0468  0.0479  0.0466
  0.0457  0.0458  0.0457  0.0456  0.0457  0.0457
  0.0501  0.0491  0.0510  0.0482  0.0480  0.0460
  0.0643  0.0566  0.0586  0.0523  0.0534  0.0483
  0.0806  0.0662  0.0643  0.0552  0.0602  0.0517
niter,ni,del,rscale     2    3   12.0000    1.2000
parameters
    0.5351    6.1531    8.5141   -4.6043   -0.2815   -1.4088
eta,q 0.95401 17.94915
  0.0783  0.0705  0.0664  0.0519  0.0621  0.0520
  0.0636  0.0606  0.0546  0.0497  0.0541  0.0487
  0.0513  0.0509  0.0473  0.0473  0.0479  0.0467
  0.0457  0.0457  0.0458  0.0458  0.0460  0.0460
  0.0499  0.0496  0.0509  0.0471  0.0483  0.0464
  0.0641  0.0571  0.0583  0.0514  0.0534  0.0486
  0.0809  0.0666  0.0641  0.0548  0.0602  0.0517
niter,ni,del,rscale     1    3   12.0000    1.2000
parameters
    0.4682    6.3702    8.4608   -4.9273   -0.1774   -1.3826
eta,q 0.95374 17.93825
  0.0785  0.0699  0.0666  0.0522  0.0623  0.0521
  0.0637  0.0600  0.0546  0.0499  0.0539  0.0488
  0.0516  0.0505  0.0475  0.0476  0.0479  0.0468
  0.0460  0.0460  0.0461  0.0461  0.0463  0.0463
  0.0500  0.0501  0.0511  0.0466  0.0485  0.0467
  0.0641  0.0576  0.0581  0.0506  0.0535  0.0489
  0.0811  0.0673  0.0640  0.0545  0.0607  0.0520
registration optimization eta report
parameter search radius
    6.0000    6.9000    6.0000    6.0000    6.0000    6.0000
100000*second partial in parameter space
       92.       45.       51.       20.       42.       16.
  0.0785  0.0699  0.0666  0.0522  0.0623  0.0521
  0.0637  0.0600  0.0546  0.0499  0.0539  0.0488
  0.0516  0.0505  0.0475  0.0476  0.0479  0.0468
  0.0460  0.0460  0.0461  0.0461  0.0463  0.0463
  0.0500  0.0501  0.0511  0.0466  0.0485  0.0467
  0.0641  0.0576  0.0581  0.0506  0.0535  0.0489
  0.0811  0.0673  0.0640  0.0545  0.0607  0.0520
    0.4682    6.3702    8.4608   -4.9273   -0.1774   -1.3826
eta,q 0.95374 17.93825

---------------------------------------------------------------------
imgreg_4dfp /opt/freesurfer/average/711-2C_as_mni_average_305 /opt/freesurfer/average/711-2B_as_mni_average_305_mask talsrcimg_g11 none talsrcimg_to_711-2C_as_mni_average_305_t4 3335
---------------------------------------------------------------------

freesurfer imgreg_4dfp.c
/opt/freesurfer/average/711-2C_as_mni_average_305.4dfp.img
       256       256       256         1
  1.000000  1.000000  1.000000
orientation T byte_order littleendian
Reading image: /opt/freesurfer/average/711-2C_as_mni_average_305.4dfp.img
dimensions:      256       256       256
mmppix:       1.0000   -1.0000   -1.0000
center:     128.0000 -129.0000 -129.0000
/opt/freesurfer/average/711-2B_as_mni_average_305_mask.4dfp.img
       256       256       256         1
  1.000000  1.000000  1.000000
orientation T byte_order littleendian
Reading mask: /opt/freesurfer/average/711-2B_as_mni_average_305_mask.4dfp.img (2306576 pixels)
talsrcimg_g11.4dfp.img
       256       256       256         1
  1.000000  1.000000  1.000000
orientation T byte_order littleendian
Reading image: talsrcimg_g11.4dfp.img
dimensions:      256       256       256
mmppix:       1.0000   -1.0000   -1.0000
center:     128.0000 -129.0000 -129.0000
fimgreg.f
image alignment mode   3335 decimal      D07 hex
parameters
    0.4682    6.3702    8.4608   -0.0296   -0.3979   -0.3700
    2.3773    0.5156   -2.4128    8.5792   -0.3096   -8.5891
eta,q 0.95168 18.24393
niter,ni,del,rscale     5    3    5.0000    1.2000
parameter  4  0.682089 ->  0.500000 qaram    1.1500
parameter  5  1.179833 ->  0.500000 qaram    1.1500
parameter 11  0.684655 ->  0.500000 qaram    1.1500
parameters
    0.7388    6.7181    8.0707   -4.1696   -4.5379   -3.6477
    2.8302    1.1885   -1.2918    8.3748   -4.4496   -6.3484
eta,q 0.96469 17.98254
  0.0562  0.0526  0.0505  0.0438  0.0348  0.0370  0.0401  0.0425  0.0388  0.0388  0.0355  0.0380
  0.0524  0.0505  0.0488  0.0438  0.0364  0.0364  0.0382  0.0393  0.0374  0.0372  0.0354  0.0368
  0.0497  0.0490  0.0480  0.0447  0.0393  0.0363  0.0368  0.0373  0.0365  0.0363  0.0356  0.0359
  0.0483  0.0482  0.0480  0.0479  0.0439  0.0370  0.0362  0.0362  0.0361  0.0361  0.0361  0.0355
  0.0484  0.0482  0.0489  0.0546  0.0504  0.0395  0.0364  0.0362  0.0361  0.0364  0.0368  0.0353
  0.0502  0.0490  0.0505  0.0646  0.0586  0.0456  0.0375  0.0376  0.0366  0.0374  0.0379  0.0355
  0.0535  0.0507  0.0527  0.0758  0.0670  0.0541  0.0393  0.0409  0.0375  0.0393  0.0394  0.0360
niter,ni,del,rscale     7    3    5.0000    1.2000
parameter  2 -1.066473 -> -0.500000 qaram    1.1500
parameter  3  0.650993 ->  0.500000 qaram    1.1500
parameter  5  0.710822 ->  0.500000 qaram    1.3225
parameters
    0.8326    8.0981    6.6907   -6.8264   -9.2989   -5.6473
    2.7786    2.4855   -0.4442   10.6912   -7.6279   -9.8595
eta,q 0.97158 17.45212
  0.0389  0.0429  0.0325  0.0337  0.0289  0.0306  0.0319  0.0347  0.0315  0.0339  0.0291  0.0288
  0.0370  0.0400  0.0322  0.0328  0.0291  0.0297  0.0305  0.0320  0.0304  0.0317  0.0288  0.0285
  0.0358  0.0374  0.0323  0.0324  0.0300  0.0293  0.0296  0.0302  0.0296  0.0301  0.0287  0.0284
  0.0353  0.0353  0.0330  0.0322  0.0324  0.0292  0.0293  0.0293  0.0292  0.0291  0.0289  0.0287
  0.0355  0.0337  0.0340  0.0331  0.0370  0.0298  0.0296  0.0293  0.0292  0.0289  0.0293  0.0292
  0.0366  0.0328  0.0354  0.0377  0.0436  0.0319  0.0305  0.0300  0.0297  0.0292  0.0299  0.0299
  0.0385  0.0326  0.0371  0.0470  0.0520  0.0368  0.0320  0.0319  0.0307  0.0302  0.0308  0.0307
niter,ni,del,rscale     7    3    5.0000    1.2000
parameter  2 -1.155473 -> -0.500000 qaram    1.3225
parameters
    1.2436    9.6851    6.5808   -6.9045  -13.2338   -5.5912
    2.3258    3.2067   -0.7754   12.4008   -7.4429  -11.7239
eta,q 0.97624 17.19919
  0.0325  0.0389  0.0270  0.0285  0.0259  0.0271  0.0265  0.0300  0.0262  0.0294  0.0252  0.0244
  0.0305  0.0348  0.0259  0.0268  0.0245  0.0256  0.0251  0.0267  0.0250  0.0270  0.0244  0.0240
  0.0291  0.0313  0.0252  0.0256  0.0241  0.0246  0.0243  0.0248  0.0243  0.0252  0.0240  0.0238
  0.0284  0.0283  0.0249  0.0249  0.0249  0.0241  0.0241  0.0241  0.0241  0.0241  0.0238  0.0238
  0.0284  0.0261  0.0252  0.0246  0.0277  0.0241  0.0245  0.0244  0.0244  0.0239  0.0239  0.0242
  0.0291  0.0246  0.0261  0.0256  0.0334  0.0248  0.0256  0.0256  0.0253  0.0246  0.0244  0.0248
  0.0305  0.0242  0.0274  0.0298  0.0416  0.0276  0.0273  0.0278  0.0267  0.0261  0.0251  0.0256
niter,ni,del,rscale     7    3    5.0000    1.2000
parameter  2 -0.537682 -> -0.500000 qaram    1.5209
parameters
    1.4385   11.5102    6.5034   -6.2569  -15.1231   -5.7137
    2.0413    3.3240   -1.2893   13.6292   -7.1867  -13.3147
eta,q 0.97801 17.13804
  0.0276  0.0344  0.0242  0.0261  0.0259  0.0253  0.0249  0.0276  0.0243  0.0273  0.0234  0.0227
  0.0256  0.0300  0.0231  0.0242  0.0240  0.0238  0.0233  0.0243  0.0231  0.0248  0.0226  0.0222
  0.0243  0.0264  0.0224  0.0230  0.0225  0.0227  0.0224  0.0226  0.0223  0.0231  0.0222  0.0220
  0.0238  0.0237  0.0221  0.0221  0.0220  0.0221  0.0222  0.0222  0.0222  0.0222  0.0220  0.0220
  0.0239  0.0223  0.0224  0.0216  0.0231  0.0222  0.0226  0.0228  0.0226  0.0221  0.0221  0.0223
  0.0249  0.0222  0.0232  0.0222  0.0267  0.0232  0.0237  0.0243  0.0235  0.0230  0.0225  0.0229
  0.0266  0.0235  0.0246  0.0259  0.0336  0.0263  0.0253  0.0271  0.0249  0.0247  0.0233  0.0236
niter,ni,del,rscale     7    3    5.0000    1.2000
parameters
    1.5098   11.6624    6.4497   -6.0234  -15.3141   -5.6830
    2.0526    3.3725   -1.3958   14.0000   -6.8850  -13.5418
eta,q 0.97807 17.15617
  0.0256  0.0295  0.0240  0.0258  0.0272  0.0254  0.0249  0.0275  0.0243  0.0262  0.0234  0.0230
  0.0237  0.0255  0.0229  0.0240  0.0250  0.0238  0.0233  0.0241  0.0230  0.0240  0.0225  0.0224
  0.0225  0.0229  0.0222  0.0228  0.0231  0.0226  0.0223  0.0224  0.0222  0.0226  0.0221  0.0220
  0.0220  0.0220  0.0220  0.0220  0.0219  0.0220  0.0219  0.0219  0.0220  0.0220  0.0219  0.0219
  0.0223  0.0227  0.0222  0.0214  0.0219  0.0219  0.0223  0.0226  0.0223  0.0223  0.0220  0.0221
  0.0234  0.0249  0.0230  0.0223  0.0240  0.0229  0.0233  0.0242  0.0231  0.0235  0.0224  0.0225
  0.0253  0.0282  0.0242  0.0266  0.0291  0.0261  0.0249  0.0271  0.0244  0.0255  0.0232  0.0231
niter,ni,del,rscale     6    3    5.0000    1.2000
parameters
    1.5051   11.7181    6.3975   -5.9943  -15.3175   -5.7061
    2.0814    3.3229   -1.4727   14.1012   -6.7813  -13.5794
eta,q 0.97807 17.16072
  0.0254  0.0290  0.0240  0.0257  0.0274  0.0254  0.0249  0.0273  0.0243  0.0259  0.0233  0.0230
  0.0235  0.0251  0.0229  0.0240  0.0251  0.0238  0.0233  0.0240  0.0230  0.0238  0.0225  0.0224
  0.0224  0.0227  0.0222  0.0228  0.0232  0.0226  0.0223  0.0223  0.0222  0.0224  0.0221  0.0221
  0.0219  0.0219  0.0219  0.0219  0.0219  0.0219  0.0219  0.0219  0.0219  0.0219  0.0219  0.0219
  0.0223  0.0228  0.0222  0.0214  0.0219  0.0219  0.0222  0.0226  0.0222  0.0224  0.0220  0.0221
  0.0235  0.0251  0.0229  0.0225  0.0238  0.0229  0.0233  0.0242  0.0231  0.0237  0.0225  0.0224
  0.0255  0.0284  0.0242  0.0270  0.0287  0.0263  0.0249  0.0273  0.0244  0.0257  0.0232  0.0231
niter,ni,del,rscale     5    3    5.0000    1.2000
parameters
    1.5030   11.7355    6.3844   -5.9900  -15.3253   -5.7134
    2.0830    3.3057   -1.4967   14.1246   -6.7511  -13.5862
eta,q 0.97806 17.16096
  0.0254  0.0288  0.0240  0.0257  0.0274  0.0254  0.0249  0.0273  0.0243  0.0258  0.0233  0.0231
  0.0235  0.0250  0.0229  0.0239  0.0251  0.0238  0.0233  0.0241  0.0230  0.0237  0.0225  0.0224
  0.0224  0.0227  0.0222  0.0228  0.0232  0.0227  0.0223  0.0223  0.0222  0.0224  0.0221  0.0221
  0.0219  0.0219  0.0219  0.0219  0.0219  0.0219  0.0219  0.0219  0.0219  0.0219  0.0219  0.0219
  0.0223  0.0228  0.0221  0.0214  0.0219  0.0218  0.0222  0.0226  0.0222  0.0224  0.0221  0.0221
  0.0235  0.0251  0.0229  0.0225  0.0238  0.0229  0.0233  0.0242  0.0231  0.0237  0.0225  0.0224
  0.0255  0.0285  0.0241  0.0271  0.0287  0.0263  0.0249  0.0272  0.0243  0.0258  0.0233  0.0231
registration optimization eta report
parameter search radius
    2.4000    3.6501    2.7600    8.2800    9.5220    7.2000
    7.2000    7.2000    7.2000    7.2000    8.2800    7.2000
100000*second partial in parameter space
       61.       50.       28.        7.        7.        8.
        6.       10.        5.        7.        2.        2.
  0.0254  0.0288  0.0240  0.0257  0.0274  0.0254  0.0249  0.0273  0.0243  0.0258  0.0233  0.0231
  0.0235  0.0250  0.0229  0.0239  0.0251  0.0238  0.0233  0.0241  0.0230  0.0237  0.0225  0.0224
  0.0224  0.0227  0.0222  0.0228  0.0232  0.0227  0.0223  0.0223  0.0222  0.0224  0.0221  0.0221
  0.0219  0.0219  0.0219  0.0219  0.0219  0.0219  0.0219  0.0219  0.0219  0.0219  0.0219  0.0219
  0.0223  0.0228  0.0221  0.0214  0.0219  0.0218  0.0222  0.0226  0.0222  0.0224  0.0221  0.0221
  0.0235  0.0251  0.0229  0.0225  0.0238  0.0229  0.0233  0.0242  0.0231  0.0237  0.0225  0.0224
  0.0255  0.0285  0.0241  0.0271  0.0287  0.0263  0.0249  0.0272  0.0243  0.0258  0.0233  0.0231
    1.5030   11.7355    6.3844   -5.9900  -15.3253   -5.7134
    2.0830    3.3057   -1.4967   14.1246   -6.7511  -13.5862
eta,q 0.97806 17.16096

---------------------------------------------------------------------
imgreg_4dfp /opt/freesurfer/average/711-2C_as_mni_average_305 /opt/freesurfer/average/711-2B_as_mni_average_305_mask talsrcimg_g11 none talsrcimg_to_711-2C_as_mni_average_305_t4 2311
---------------------------------------------------------------------

freesurfer imgreg_4dfp.c
/opt/freesurfer/average/711-2C_as_mni_average_305.4dfp.img
       256       256       256         1
  1.000000  1.000000  1.000000
orientation T byte_order littleendian
Reading image: /opt/freesurfer/average/711-2C_as_mni_average_305.4dfp.img
dimensions:      256       256       256
mmppix:       1.0000   -1.0000   -1.0000
center:     128.0000 -129.0000 -129.0000
/opt/freesurfer/average/711-2B_as_mni_average_305_mask.4dfp.img
       256       256       256         1
  1.000000  1.000000  1.000000
orientation T byte_order littleendian
Reading mask: /opt/freesurfer/average/711-2B_as_mni_average_305_mask.4dfp.img (2306576 pixels)
talsrcimg_g11.4dfp.img
       256       256       256         1
  1.000000  1.000000  1.000000
orientation T byte_order littleendian
Reading image: talsrcimg_g11.4dfp.img
dimensions:      256       256       256
mmppix:       1.0000   -1.0000   -1.0000
center:     128.0000 -129.0000 -129.0000
fimgreg.f
image alignment mode   2311 decimal      907 hex
parameters
    1.5030   11.7355    6.3844   -5.9900  -15.3253   -5.7134
    2.0830    3.3057   -1.4967   14.1246   -6.7511  -13.5862
eta,q 0.97806 17.16096
niter,ni,del,rscale     5    3    5.0000    0.8000
parameter  4 -0.553224 -> -0.500000 qaram    1.1500
parameters
    1.5314   11.6623    6.4401   -3.2300  -14.2914   -5.5765
    1.6785    3.6094   -1.4214   14.2689   -6.0484  -13.6952
eta,q 0.97877 17.42545
  0.0235  0.0232  0.0227  0.0236  0.0235  0.0231  0.0225  0.0249  0.0225  0.0233  0.0222  0.0218
  0.0227  0.0225  0.0223  0.0229  0.0226  0.0222  0.0218  0.0228  0.0218  0.0222  0.0217  0.0215
  0.0221  0.0220  0.0220  0.0224  0.0219  0.0216  0.0214  0.0217  0.0214  0.0215  0.0214  0.0213
  0.0219  0.0219  0.0219  0.0219  0.0214  0.0213  0.0213  0.0213  0.0212  0.0212  0.0212  0.0212
  0.0221  0.0222  0.0220  0.0215  0.0213  0.0212  0.0215  0.0215  0.0214  0.0214  0.0212  0.0213
  0.0226  0.0227  0.0222  0.0214  0.0215  0.0218  0.0221  0.0223  0.0217  0.0220  0.0214  0.0215
  0.0235  0.0234  0.0226  0.0219  0.0224  0.0232  0.0231  0.0240  0.0224  0.0231  0.0218  0.0218
niter,ni,del,rscale     5    3    5.0000    0.8000
parameters
    1.4222   11.5045    6.4261   -4.4658  -13.9687   -5.0900
    2.0689    3.2975   -1.5394   14.1232   -6.0881  -13.7088
eta,q 0.97874 17.40612
  0.0229  0.0224  0.0220  0.0226  0.0232  0.0233  0.0229  0.0237  0.0224  0.0231  0.0219  0.0218
  0.0219  0.0217  0.0216  0.0220  0.0224  0.0225  0.0221  0.0222  0.0218  0.0221  0.0215  0.0215
  0.0214  0.0213  0.0213  0.0215  0.0217  0.0218  0.0215  0.0214  0.0214  0.0214  0.0213  0.0213
  0.0212  0.0212  0.0212  0.0212  0.0214  0.0214  0.0213  0.0213  0.0213  0.0213  0.0213  0.0213
  0.0215  0.0215  0.0213  0.0215  0.0214  0.0213  0.0213  0.0217  0.0214  0.0215  0.0213  0.0213
  0.0223  0.0221  0.0216  0.0232  0.0219  0.0217  0.0217  0.0227  0.0218  0.0222  0.0215  0.0215
  0.0235  0.0230  0.0221  0.0267  0.0229  0.0229  0.0225  0.0244  0.0225  0.0234  0.0219  0.0218
niter,ni,del,rscale     4    3    5.0000    0.7000
parameters
    1.4520   11.4788    6.4011   -4.5706  -13.9519   -4.9361
    1.9936    3.2902   -1.5104   14.1175   -6.0609  -13.7048
eta,q 0.97874 17.40996
  0.0227  0.0224  0.0219  0.0227  0.0226  0.0227  0.0223  0.0234  0.0222  0.0228  0.0217  0.0217
  0.0219  0.0218  0.0215  0.0221  0.0219  0.0220  0.0217  0.0221  0.0217  0.0219  0.0215  0.0215
  0.0214  0.0214  0.0213  0.0217  0.0215  0.0216  0.0214  0.0214  0.0214  0.0214  0.0213  0.0213
  0.0213  0.0213  0.0213  0.0213  0.0213  0.0213  0.0213  0.0213  0.0213  0.0213  0.0213  0.0213
  0.0214  0.0214  0.0213  0.0211  0.0214  0.0213  0.0214  0.0215  0.0214  0.0214  0.0213  0.0213
  0.0218  0.0218  0.0216  0.0217  0.0218  0.0217  0.0218  0.0222  0.0217  0.0219  0.0215  0.0215
  0.0226  0.0225  0.0219  0.0234  0.0227  0.0227  0.0224  0.0234  0.0222  0.0228  0.0217  0.0217
niter,ni,del,rscale     3    3    5.0000    0.6000
parameters
    1.4667   11.4703    6.4054   -4.2394  -13.9329   -4.8517
    1.9511    3.3195   -1.5009   14.1477   -5.9504  -13.7066
eta,q 0.97880 17.43605
  0.0223  0.0221  0.0218  0.0224  0.0222  0.0222  0.0220  0.0228  0.0219  0.0223  0.0216  0.0215
  0.0217  0.0216  0.0215  0.0220  0.0217  0.0218  0.0215  0.0219  0.0215  0.0217  0.0214  0.0213
  0.0214  0.0214  0.0213  0.0216  0.0213  0.0214  0.0213  0.0213  0.0213  0.0213  0.0212  0.0212
  0.0213  0.0213  0.0213  0.0213  0.0212  0.0212  0.0212  0.0212  0.0212  0.0212  0.0212  0.0212
  0.0214  0.0214  0.0213  0.0211  0.0213  0.0212  0.0213  0.0214  0.0213  0.0213  0.0212  0.0212
  0.0217  0.0217  0.0215  0.0214  0.0216  0.0215  0.0215  0.0219  0.0215  0.0217  0.0213  0.0213
  0.0222  0.0221  0.0218  0.0224  0.0222  0.0223  0.0220  0.0228  0.0219  0.0223  0.0215  0.0215
niter,ni,del,rscale     2    3    5.0000    0.5000
parameters
    1.4541   11.4550    6.4197   -3.9543  -13.8990   -4.7724
    1.9580    3.3184   -1.5065   14.1624   -5.8429  -13.6730
eta,q 0.97886 17.45814
  0.0219  0.0218  0.0216  0.0221  0.0218  0.0219  0.0217  0.0223  0.0216  0.0219  0.0214  0.0214
  0.0215  0.0215  0.0214  0.0218  0.0215  0.0216  0.0214  0.0216  0.0214  0.0215  0.0213  0.0212
  0.0213  0.0213  0.0212  0.0214  0.0212  0.0213  0.0212  0.0213  0.0212  0.0212  0.0212  0.0212
  0.0212  0.0212  0.0212  0.0212  0.0211  0.0212  0.0211  0.0211  0.0211  0.0211  0.0211  0.0211
  0.0213  0.0213  0.0212  0.0211  0.0212  0.0212  0.0212  0.0213  0.0212  0.0212  0.0212  0.0212
  0.0215  0.0215  0.0213  0.0213  0.0214  0.0214  0.0214  0.0216  0.0214  0.0215  0.0212  0.0212
  0.0219  0.0218  0.0215  0.0220  0.0218  0.0219  0.0217  0.0223  0.0216  0.0219  0.0214  0.0214
niter,ni,del,rscale     1    3    5.0000    0.4000
parameters
    1.4386   11.4329    6.4324   -3.6965  -13.8918   -4.7088
    1.9698    3.3171   -1.5137   14.1651   -5.7714  -13.6439
eta,q 0.97889 17.47489
  0.0216  0.0215  0.0214  0.0218  0.0216  0.0216  0.0215  0.0219  0.0214  0.0216  0.0213  0.0213
  0.0213  0.0213  0.0213  0.0216  0.0213  0.0214  0.0213  0.0214  0.0213  0.0213  0.0212  0.0212
  0.0212  0.0212  0.0212  0.0213  0.0212  0.0212  0.0212  0.0212  0.0211  0.0212  0.0211  0.0211
  0.0211  0.0211  0.0211  0.0211  0.0211  0.0211  0.0211  0.0211  0.0211  0.0211  0.0211  0.0211
  0.0212  0.0212  0.0212  0.0211  0.0212  0.0211  0.0211  0.0212  0.0211  0.0212  0.0211  0.0211
  0.0214  0.0213  0.0212  0.0213  0.0213  0.0213  0.0213  0.0214  0.0213  0.0213  0.0212  0.0212
  0.0216  0.0216  0.0214  0.0217  0.0216  0.0216  0.0215  0.0219  0.0214  0.0216  0.0213  0.0213
registration optimization eta report
parameter search radius
    0.8000    0.8000    0.8000    2.7600    2.4000    2.4000
    2.4000    2.4000    2.4000    2.4000    2.4000    2.4000
100000*second partial in parameter space
       73.       62.       36.        8.        8.        9.
        6.       13.        6.        9.        3.        3.
  0.0216  0.0215  0.0214  0.0218  0.0216  0.0216  0.0215  0.0219  0.0214  0.0216  0.0213  0.0213
  0.0213  0.0213  0.0213  0.0216  0.0213  0.0214  0.0213  0.0214  0.0213  0.0213  0.0212  0.0212
  0.0212  0.0212  0.0212  0.0213  0.0212  0.0212  0.0212  0.0212  0.0211  0.0212  0.0211  0.0211
  0.0211  0.0211  0.0211  0.0211  0.0211  0.0211  0.0211  0.0211  0.0211  0.0211  0.0211  0.0211
  0.0212  0.0212  0.0212  0.0211  0.0212  0.0211  0.0211  0.0212  0.0211  0.0212  0.0211  0.0211
  0.0214  0.0213  0.0212  0.0213  0.0213  0.0213  0.0213  0.0214  0.0213  0.0213  0.0212  0.0212
  0.0216  0.0216  0.0214  0.0217  0.0216  0.0216  0.0215  0.0219  0.0214  0.0216  0.0213  0.0213
    1.4386   11.4329    6.4324   -3.6965  -13.8918   -4.7088
    1.9698    3.3171   -1.5137   14.1651   -5.7714  -13.6439
eta,q 0.97889 17.47489

---------------------------------------------------------------------
imgreg_4dfp /opt/freesurfer/average/711-2C_as_mni_average_305 /opt/freesurfer/average/711-2B_as_mni_average_305_mask talsrcimg_g11 none talsrcimg_to_711-2C_as_mni_average_305_t4 2311
---------------------------------------------------------------------

freesurfer imgreg_4dfp.c
/opt/freesurfer/average/711-2C_as_mni_average_305.4dfp.img
       256       256       256         1
  1.000000  1.000000  1.000000
orientation T byte_order littleendian
Reading image: /opt/freesurfer/average/711-2C_as_mni_average_305.4dfp.img
dimensions:      256       256       256
mmppix:       1.0000   -1.0000   -1.0000
center:     128.0000 -129.0000 -129.0000
/opt/freesurfer/average/711-2B_as_mni_average_305_mask.4dfp.img
       256       256       256         1
  1.000000  1.000000  1.000000
orientation T byte_order littleendian
Reading mask: /opt/freesurfer/average/711-2B_as_mni_average_305_mask.4dfp.img (2306576 pixels)
talsrcimg_g11.4dfp.img
       256       256       256         1
  1.000000  1.000000  1.000000
orientation T byte_order littleendian
Reading image: talsrcimg_g11.4dfp.img
dimensions:      256       256       256
mmppix:       1.0000   -1.0000   -1.0000
center:     128.0000 -129.0000 -129.0000
fimgreg.f
image alignment mode   2311 decimal      907 hex
parameters
    1.4386   11.4329    6.4324   -3.6965  -13.8918   -4.7089
    1.9698    3.3171   -1.5137   14.1651   -5.7714  -13.6439
eta,q 0.97889 17.47489
niter,ni,del,rscale     5    3    5.0000    0.8000
parameters
    1.4046   11.4210    6.4094   -4.4910  -14.0440   -5.1047
    2.0383    3.2352   -1.5565   14.0759   -6.0659  -13.6452
eta,q 0.97872 17.39761
  0.0230  0.0227  0.0220  0.0224  0.0228  0.0228  0.0227  0.0240  0.0224  0.0232  0.0218  0.0218
  0.0219  0.0218  0.0215  0.0219  0.0220  0.0221  0.0219  0.0224  0.0218  0.0221  0.0215  0.0215
  0.0213  0.0213  0.0212  0.0214  0.0215  0.0215  0.0215  0.0215  0.0214  0.0215  0.0213  0.0213
  0.0211  0.0211  0.0211  0.0211  0.0212  0.0212  0.0213  0.0213  0.0213  0.0213  0.0213  0.0213
  0.0213  0.0213  0.0212  0.0213  0.0214  0.0214  0.0214  0.0216  0.0214  0.0215  0.0214  0.0213
  0.0220  0.0218  0.0215  0.0223  0.0220  0.0221  0.0219  0.0225  0.0218  0.0222  0.0216  0.0215
  0.0232  0.0227  0.0221  0.0246  0.0232  0.0239  0.0227  0.0241  0.0225  0.0233  0.0220  0.0219
niter,ni,del,rscale     4    3    5.0000    0.7000
parameters
    1.4553   11.4798    6.4076   -4.2500  -14.0024   -5.0058
    1.9397    3.3211   -1.5074   14.1249   -5.9942  -13.6982
eta,q 0.97879 17.42153
  0.0227  0.0225  0.0219  0.0225  0.0226  0.0226  0.0223  0.0235  0.0222  0.0228  0.0217  0.0216
  0.0219  0.0219  0.0216  0.0220  0.0219  0.0220  0.0217  0.0222  0.0217  0.0219  0.0214  0.0214
  0.0215  0.0214  0.0213  0.0216  0.0214  0.0215  0.0213  0.0214  0.0213  0.0214  0.0213  0.0213
  0.0213  0.0213  0.0213  0.0213  0.0212  0.0212  0.0212  0.0212  0.0212  0.0212  0.0212  0.0212
  0.0214  0.0214  0.0213  0.0211  0.0213  0.0212  0.0213  0.0214  0.0213  0.0214  0.0213  0.0213
  0.0218  0.0217  0.0216  0.0215  0.0217  0.0216  0.0217  0.0221  0.0216  0.0219  0.0214  0.0214
  0.0225  0.0223  0.0219  0.0225  0.0226  0.0227  0.0224  0.0233  0.0221  0.0227  0.0217  0.0217
niter,ni,del,rscale     3    3    5.0000    0.6000
parameters
    1.4523   11.4699    6.4159   -3.9817  -13.9562   -4.9041
    1.9416    3.3334   -1.5096   14.1631   -5.8961  -13.6909
eta,q 0.97884 17.44602
  0.0222  0.0221  0.0217  0.0222  0.0222  0.0222  0.0220  0.0228  0.0219  0.0223  0.0216  0.0215
  0.0217  0.0216  0.0214  0.0218  0.0217  0.0217  0.0215  0.0219  0.0215  0.0217  0.0213  0.0213
  0.0213  0.0213  0.0213  0.0215  0.0213  0.0214  0.0213  0.0213  0.0212  0.0213  0.0212  0.0212
  0.0212  0.0212  0.0212  0.0212  0.0212  0.0212  0.0212  0.0212  0.0212  0.0212  0.0212  0.0212
  0.0213  0.0213  0.0213  0.0211  0.0212  0.0212  0.0212  0.0213  0.0212  0.0213  0.0212  0.0212
  0.0217  0.0216  0.0214  0.0214  0.0216  0.0215  0.0215  0.0219  0.0215  0.0216  0.0213  0.0213
  0.0222  0.0221  0.0217  0.0222  0.0222  0.0223  0.0220  0.0228  0.0219  0.0223  0.0215  0.0215
niter,ni,del,rscale     2    3    5.0000    0.5000
parameters
    1.4371   11.4500    6.4245   -3.7547  -13.9242   -4.8164
    1.9637    3.3290   -1.5261   14.1723   -5.8231  -13.6604
eta,q 0.97888 17.46483
  0.0219  0.0218  0.0215  0.0219  0.0218  0.0219  0.0217  0.0223  0.0216  0.0219  0.0214  0.0214
  0.0215  0.0214  0.0213  0.0216  0.0215  0.0215  0.0214  0.0216  0.0213  0.0215  0.0213  0.0212
  0.0212  0.0212  0.0212  0.0214  0.0212  0.0213  0.0212  0.0212  0.0212  0.0212  0.0212  0.0212
  0.0212  0.0212  0.0212  0.0212  0.0211  0.0211  0.0211  0.0211  0.0211  0.0211  0.0211  0.0211
  0.0212  0.0212  0.0212  0.0211  0.0212  0.0211  0.0212  0.0213  0.0212  0.0212  0.0211  0.0211
  0.0215  0.0214  0.0213  0.0213  0.0214  0.0214  0.0214  0.0216  0.0213  0.0215  0.0212  0.0212
  0.0219  0.0218  0.0215  0.0219  0.0218  0.0219  0.0217  0.0223  0.0216  0.0219  0.0214  0.0214
niter,ni,del,rscale     1    3    5.0000    0.4000
parameters
    1.4242   11.4317    6.4396   -3.5566  -13.9090   -4.7417
    1.9751    3.3262   -1.5207   14.1723   -5.7452  -13.6478
eta,q 0.97890 17.47898
  0.0216  0.0215  0.0214  0.0217  0.0215  0.0216  0.0215  0.0219  0.0214  0.0216  0.0213  0.0212
  0.0213  0.0213  0.0212  0.0214  0.0213  0.0214  0.0213  0.0214  0.0212  0.0213  0.0212  0.0212
  0.0212  0.0212  0.0212  0.0213  0.0212  0.0212  0.0211  0.0212  0.0211  0.0212  0.0211  0.0211
  0.0211  0.0211  0.0211  0.0211  0.0211  0.0211  0.0211  0.0211  0.0211  0.0211  0.0211  0.0211
  0.0212  0.0212  0.0211  0.0211  0.0211  0.0211  0.0211  0.0212  0.0211  0.0211  0.0211  0.0211
  0.0213  0.0213  0.0212  0.0212  0.0213  0.0213  0.0213  0.0214  0.0212  0.0213  0.0212  0.0212
  0.0216  0.0215  0.0213  0.0216  0.0216  0.0216  0.0215  0.0219  0.0214  0.0216  0.0213  0.0212
registration optimization eta report
parameter search radius
    0.8000    0.8000    0.8000    2.4000    2.4000    2.4000
    2.4000    2.4000    2.4000    2.4000    2.4000    2.4000
100000*second partial in parameter space
       74.       62.       36.        9.        8.        9.
        6.       13.        6.        9.        3.        3.
  0.0216  0.0215  0.0214  0.0217  0.0215  0.0216  0.0215  0.0219  0.0214  0.0216  0.0213  0.0212
  0.0213  0.0213  0.0212  0.0214  0.0213  0.0214  0.0213  0.0214  0.0212  0.0213  0.0212  0.0212
  0.0212  0.0212  0.0212  0.0213  0.0212  0.0212  0.0211  0.0212  0.0211  0.0212  0.0211  0.0211
  0.0211  0.0211  0.0211  0.0211  0.0211  0.0211  0.0211  0.0211  0.0211  0.0211  0.0211  0.0211
  0.0212  0.0212  0.0211  0.0211  0.0211  0.0211  0.0211  0.0212  0.0211  0.0211  0.0211  0.0211
  0.0213  0.0213  0.0212  0.0212  0.0213  0.0213  0.0213  0.0214  0.0212  0.0213  0.0212  0.0212
  0.0216  0.0215  0.0213  0.0216  0.0216  0.0216  0.0215  0.0219  0.0214  0.0216  0.0213  0.0212
    1.4242   11.4317    6.4396   -3.5566  -13.9090   -4.7417
    1.9751    3.3262   -1.5207   14.1723   -5.7452  -13.6478
eta,q 0.97890 17.47898

---------------------------------------------------------------------
compute_vox2vox talsrcimg talsrcimg_to_711-2C_as_mni_average_305_t4 /opt/freesurfer/average/711-2C_as_mni_average_305
---------------------------------------------------------------------

freesurfer compute_vox2vox.c
Reading: talsrcimg.4dfp.ifh
Reading: talsrcimg_to_711-2C_as_mni_average_305_t4
Reading: /opt/freesurfer/average/711-2C_as_mni_average_305.4dfp.ifh
Writing: talsrcimg_to_711-2C_as_mni_average_305_t4_vox2vox.txt

start time Mon Mar 9 15:30:18 CET 2026
end		time Mon Mar 9 15:31:47 CET 2026

mpr2mni305 success

avi2talxfm orig_nu.mgz /opt/freesurfer/average/mni305.cor.mgz talsrcimg_to_711-2C_as_mni_average_305_t4_vox2vox.txt transforms/talairach.auto.xfm
avi2talxfm done
mv -f /out/sourcedata/freesurfer/sub-v1s22x0050492_ses-1/mri/talsrcimg_to_711-2C_as_mni_average_305_t4_vox2vox.txt /out/sourcedata/freesurfer/sub-v1s22x0050492_ses-1/mri/transforms/talsrcimg_to_711-2C_as_mni_average_305_t4_vox2vox.txt
lta_convert --src orig_nu.mgz --trg /opt/freesurfer/average/mni305.cor.mgz --inxfm transforms/talairach.auto.xfm --outlta transforms/talairach.auto.xfm.lta --subject fsaverage
7.3.2

--src: orig_nu.mgz src image (geometry).
--trg: /opt/freesurfer/average/mni305.cor.mgz trg image (geometry).
--inmni: transforms/talairach.auto.xfm input MNI/XFM transform.
--outlta: transforms/talairach.auto.xfm.lta output LTA.
--s: fsaverage subject name
 LTA read, type : 1
 1.03453  -0.03184  -0.02878  -2.26004;
 0.06351   1.02363   0.16082  -47.50605;
 0.00782  -0.16907   1.13458   8.35500;
 0.00000   0.00000   0.00000   1.00000;
setting subject to fsaverage
Writing  LTA to file transforms/talairach.auto.xfm.lta...
lta_convert successful.
 
 
Started at Mon Mar 9 15:30:18 CET 2026
Ended   at Mon Mar  9 15:31:47 CET 2026
talairach_avi done
